Logger:2020-03-16 23:28:39.471247 https://akesu.newhouse.fang.com/house/s/b91/
Logger:2020-03-16 23:28:39.760308 https://zuoanmingzu.fang.com/4/
Logger:2020-03-16 23:28:40.102395 https://feicuiwanjr0997.fang.com/
Logger:2020-03-16 23:28:41.780326 https://akesu.newhouse.fang.com/house/4015156894.htm
Logger:2020-03-16 23:28:44.223395 https://xinghewanzt.fang.com/
Logger:2020-03-16 23:28:44.541480 https://qixinghuayuan0997.fang.com/
Logger:2020-03-16 23:28:44.925469 https://chaoyangjiayuan0997.fang.com/
Logger:2020-03-16 23:28:45.253283 https://shangdongguojijd.fang.com/
Logger:2020-03-16 23:28:45.564992 https://laiyinhupan0997.fang.com/
Logger:2020-03-16 23:28:45.858207 https://hnsjxchy.fang.com/
Logger:2020-03-16 23:28:48.435128 https://zijinghuayuan0997.fang.com/
Logger:2020-03-16 23:28:48.860478 https://zheshanglidu.fang.com/
Logger:2020-03-16 23:28:49.173641 https://wuxinghuafu0997.fang.com/
Logger:2020-03-16 23:28:49.468850 https://fenghuangchengjq.fang.com/
Logger:2020-03-16 23:28:51.377082 https://xuefu1haojq.fang.com/
Logger:2020-03-16 23:28:53.334305 https://ouzhouguoji.fang.com/
Logger:2020-03-16 23:28:54.922044 https://tianshanmingyuan.fang.com/
Logger:2020-03-16 23:28:55.237227 https://jiaheyuan0997.fang.com/
Logger:2020-03-16 23:28:55.538059 https://tianjingjiayuanjq.fang.com/
Logger:2020-03-16 23:28:55.895106 https://akesu.newhouse.fang.com/house/4016139940.htm
Logger:2020-03-16 23:28:56.199315 https://wenzhoucheng0997.fang.com/
Logger:2020-03-16 23:29:00.780202 https://akesu.newhouse.fang.com/house/s/b92/
Logger:2020-03-16 23:29:01.070361 https://suhangjiayuan.fang.com/
Logger:2020-03-16 23:29:01.365611 https://tianfumingzhu0997.fang.com/
Logger:2020-03-16 23:29:01.731589 https://wanheshijia0997.fang.com/
Logger:2020-03-16 23:29:02.046440 https://bishuilongtingjq.fang.com/
Logger:2020-03-16 23:29:02.340953 https://huaxiangxiaoqu0997.fang.com/
Logger:2020-03-16 23:29:02.639233 https://jujiahaoting.fang.com/
Logger:2020-03-16 23:29:03.046065 https://shuijinglicheng0997.fang.com/
Logger:2020-03-16 23:29:04.975219 https://renhechuntian0997.fang.com/
Logger:2020-03-16 23:29:05.301858 https://chengshigongguangt.fang.com/
Logger:2020-03-16 23:29:05.605047 https://tianchenglidu.fang.com/
Logger:2020-03-16 23:29:05.966695 https://jingyuanxiaoqu0997.fang.com/
Logger:2020-03-16 23:29:06.309060 https://shangchengshijia0997.fang.com/2/
Logger:2020-03-16 23:29:08.182524 https://shuijinglongjunq.fang.com/
Logger:2020-03-16 23:29:08.483938 https://jinxiujiangnan0997.fang.com/2/
Logger:2020-03-16 23:29:08.787260 https://feihongyuan.fang.com/
Logger:2020-03-16 23:29:09.136345 https://bandaogongguan0997.fang.com/
Logger:2020-03-16 23:29:10.898265 https://yogjjcchx.fang.com/
Logger:2020-03-16 23:29:11.196471 https://haifuhuayuan0997.fang.com/
Logger:2020-03-16 23:29:11.498620 https://jinluguangchang2.fang.com/
Logger:2020-03-16 23:29:13.260211 https://dinglonghuafu.fang.com/
Logger:2020-03-16 23:29:17.073059 https://akesu.newhouse.fang.com/house/s/b93/
Logger:2020-03-16 23:29:18.898785 https://akesu.newhouse.fang.com/house/4016144842.htm
Logger:2020-03-16 23:29:25.780363 https://zygjnjcyy.fang.com/
Logger:2020-03-16 23:29:29.813441 https://akesu.newhouse.fang.com/house/s/b94/
Logger:2020-03-16 23:29:33.447003 https://akesu.newhouse.fang.com/house/s/b95/
Logger:2020-03-16 23:29:37.094326 https://akesu.newhouse.fang.com/house/s/b96/
