Logger:2020-03-16 10:45:29.045351 https://anda.newhouse.fang.com/house/s/b91/
Logger:2020-03-16 10:45:29.315124 https://fuhewenquanhupan.fang.com/
Logger:2020-03-16 10:45:29.615259 https://fuchengshuyuan.fang.com/
Logger:2020-03-16 10:45:29.905262 https://fuheyuyuansanqi.fang.com/
Logger:2020-03-16 10:45:30.238636 https://liangshixiaoqu0455.fang.com/
Logger:2020-03-16 10:45:30.552459 https://jixinghuayuananda.fang.com/
Logger:2020-03-16 10:45:30.883855 https://shengtaixiaozhen.fang.com/
Logger:2020-03-16 10:45:31.171935 https://jinjiangshiji.fang.com/
Logger:2020-03-16 10:45:31.490309 https://xiangxiehuashuad.fang.com/
Logger:2020-03-16 10:45:32.093522 https://zhongtianyipinanda.fang.com/
Logger:2020-03-16 10:45:38.102538 https://jdgjswsq0455.fang.com/
Logger:2020-03-16 10:45:38.374297 https://dongchenglingxiu0455.fang.com/
Logger:2020-03-16 10:45:38.814129 https://ludizhuangyuananda.fang.com/
Logger:2020-03-16 10:45:39.099727 https://hanlongguoji.fang.com/
Logger:2020-03-16 10:45:39.434354 https://tianchengguoji0455.fang.com/
Logger:2020-03-16 10:45:39.719947 https://mingzhuyijing.fang.com/
Logger:2020-03-16 10:45:40.051926 https://ruidejiayuananda.fang.com/
Logger:2020-03-16 10:45:40.446927 https://lxsxy0455.fang.com/
Logger:2020-03-16 10:45:40.766721 https://xhgjsmc.fang.com/
Logger:2020-03-16 10:45:42.875866 https://hdsjc0455.fang.com/
Logger:2020-03-16 10:45:43.160502 https://houdejiayuan.fang.com/
Logger:2020-03-16 10:45:46.783080 https://anda.newhouse.fang.com/house/s/b92/
Logger:2020-03-16 10:45:47.014801 https://houdejiayuan.fang.com/
Logger:2020-03-16 10:45:47.583294 https://hongfujiayuan0455.fang.com/
Logger:2020-03-16 10:45:47.869598 https://hepingxueyuan.fang.com/
Logger:2020-03-16 10:45:51.504389 https://anda.newhouse.fang.com/house/s/b93/
Logger:2020-03-16 10:45:55.373658 https://anda.newhouse.fang.com/house/s/b94/
Logger:2020-03-16 10:45:59.080539 https://anda.newhouse.fang.com/house/s/b95/
