Logger:2020-03-16 19:53:52.378554 https://ankang.newhouse.fang.com/house/s/b91/
Logger:2020-03-16 19:53:52.682800 https://akhdyjbd.fang.com/
Logger:2020-03-16 19:53:53.056788 https://akwdgc.fang.com/
Logger:2020-03-16 19:53:53.364005 https://jinkejimeijun0915.fang.com/
Logger:2020-03-16 19:53:54.810740 https://tianyichengshizhiguang.fang.com/
Logger:2020-03-16 19:53:55.139790 https://bgyjzf0915.fang.com/
Logger:2020-03-16 19:53:55.505810 https://ankangzongbucheng.fang.com/
Logger:2020-03-16 19:53:55.770700 https://tianyuecheng0915.fang.com/
Logger:2020-03-16 19:53:56.072694 https://hdwlc0915.fang.com/
Logger:2020-03-16 19:53:56.346091 https://zhongliangdongfangchenyuan.fang.com/
Logger:2020-03-16 19:53:56.724104 https://170160.fang.com/
Logger:2020-03-16 19:53:57.027258 https://170146.fang.com/
Logger:2020-03-16 19:53:57.340989 https://170210.fang.com/
Logger:2020-03-16 19:53:57.677174 https://170154.fang.com/
Logger:2020-03-16 19:53:58.022760 https://170208.fang.com/
Logger:2020-03-16 19:53:58.306620 https://170150.fang.com/
Logger:2020-03-16 19:53:58.610771 https://170164.fang.com/
Logger:2020-03-16 19:53:58.916976 https://akdjdcmyf0915.fang.com/
Logger:2020-03-16 19:54:01.964915 https://shuijingwan0915.fang.com/
Logger:2020-03-16 19:54:02.338900 https://binjiangshangcheng0915.fang.com/
Logger:2020-03-16 19:54:02.634139 https://zybczy.fang.com/
Logger:2020-03-16 19:54:06.268858 https://ankang.newhouse.fang.com/house/s/b92/
Logger:2020-03-16 19:54:06.565033 https://mingzhuhuayuanxk.fang.com/
Logger:2020-03-16 19:54:06.920083 https://0915xfxtd.fang.com/
Logger:2020-03-16 19:54:07.269692 https://shsfdy.fang.com/
Logger:2020-03-16 19:54:07.560583 https://yijingyuanxq.fang.com/
Logger:2020-03-16 19:54:07.821882 https://0915ktyak.fang.com/
Logger:2020-03-16 19:54:08.151866 https://cxtyj0915.fang.com/
Logger:2020-03-16 19:54:08.436144 https://bedzby.fang.com/
Logger:2020-03-16 19:54:08.698375 https://xkmzsq.fang.com/
Logger:2020-03-16 19:54:09.174100 https://tixiangjun0915.fang.com/
Logger:2020-03-16 19:54:09.593548 https://gaoxingxiandaicheng.fang.com/
Logger:2020-03-16 19:54:12.404936 https://jhzhc.fang.com/
Logger:2020-03-16 19:54:14.080642 https://byylw0915.fang.com/
Logger:2020-03-16 19:54:14.405813 https://xinxingtianzhu.fang.com/
Logger:2020-03-16 19:54:14.761820 https://changxingxiaoqu.fang.com/3/
Logger:2020-03-16 19:54:15.058802 https://taizifujc.fang.com/
Logger:2020-03-16 19:54:15.339437 https://binshuiyiju.fang.com/
Logger:2020-03-16 19:54:15.634611 https://170174.fang.com/
Logger:2020-03-16 19:54:15.967787 https://hanchengguoji0915.fang.com/
Logger:2020-03-16 19:54:16.262524 https://ankangzhongliangdichan0915.fang.com/
Logger:2020-03-16 19:54:16.606600 https://170224.fang.com/
Logger:2020-03-16 19:54:19.855540 https://ankang.newhouse.fang.com/house/s/b93/
Logger:2020-03-16 19:54:20.153392 https://senlingongguan0915.fang.com/
Logger:2020-03-16 19:54:20.564055 https://longwanshuijing.fang.com/
Logger:2020-03-16 19:54:20.892163 https://klcdy0915.fang.com/
Logger:2020-03-16 19:54:21.230260 https://0915cszy.fang.com/
Logger:2020-03-16 19:54:21.690979 https://akzhongguangguoji.fang.com/
Logger:2020-03-16 19:54:22.051015 https://tianxianghuafu0915.fang.com/
Logger:2020-03-16 19:54:22.411039 https://ajjylt0915.fang.com/
Logger:2020-03-16 19:54:22.750133 https://yangguangchengfeiligongguan.fang.com/
Logger:2020-03-16 19:54:23.064359 https://jinxiuxincheng0915.fang.com/
Logger:2020-03-16 19:54:23.357574 https://170172.fang.com/
Logger:2020-03-16 19:54:23.720246 https://byxfc0915.fang.com/
Logger:2020-03-16 19:54:24.022123 https://lafeishanshuian.fang.com/
Logger:2020-03-16 19:54:24.315337 https://aklysygc.fang.com/
Logger:2020-03-16 19:54:25.814326 https://binjianggongguannl.fang.com/
Logger:2020-03-16 19:54:26.144077 https://whwlc.fang.com/
Logger:2020-03-16 19:54:26.403458 https://guojichengjz.fang.com/
Logger:2020-03-16 19:54:30.136180 https://xiangchengyijing.fang.com/
Logger:2020-03-16 19:54:30.483892 https://xinghuamingcheng.fang.com/
Logger:2020-03-16 19:54:30.883782 https://nanyuanguoji.fang.com/
Logger:2020-03-16 19:54:31.468261 https://0951jnypak.fang.com/
Logger:2020-03-16 19:54:35.248528 https://ankang.newhouse.fang.com/house/s/b94/
Logger:2020-03-16 19:54:36.980551 https://dslyw0915.fang.com/
Logger:2020-03-16 19:54:37.599260 https://170198.fang.com/
Logger:2020-03-16 19:54:37.905441 https://jianghuacheng0915.fang.com/
Logger:2020-03-16 19:54:38.184694 https://0915ctjj.fang.com/
Logger:2020-03-16 19:54:38.452051 https://jiajingxincheng.fang.com/
Logger:2020-03-16 19:54:41.151096 https://170220.fang.com/
Logger:2020-03-16 19:54:41.489193 https://byyjy0915.fang.com/
Logger:2020-03-16 19:54:41.787008 https://xhdshyeq.fang.com/
Logger:2020-03-16 19:54:42.072289 https://170222.fang.com/
Logger:2020-03-16 19:54:42.381979 https://170202.fang.com/
Logger:2020-03-16 19:54:42.718077 https://170212.fang.com/
Logger:2020-03-16 19:54:43.099058 https://170204.fang.com/
Logger:2020-03-16 19:54:43.401250 https://170170.fang.com/
Logger:2020-03-16 19:54:43.715406 https://170200.fang.com/
Logger:2020-03-16 19:54:44.246985 https://170180.fang.com/
Logger:2020-03-16 19:54:44.552168 https://170152.fang.com/
Logger:2020-03-16 19:54:44.868322 https://170158.fang.com/
Logger:2020-03-16 19:54:45.199245 https://170176.fang.com/
Logger:2020-03-16 19:54:45.610884 https://xxlywhgc.fang.com/
Logger:2020-03-16 19:54:48.303169 https://170148.fang.com/
Logger:2020-03-16 19:54:52.164647 https://ankang.newhouse.fang.com/house/s/b95/
Logger:2020-03-16 19:54:54.136541 https://170218.fang.com/
Logger:2020-03-16 19:54:54.498532 https://170216.fang.com/
Logger:2020-03-16 19:54:55.348670 https://170184.fang.com/
Logger:2020-03-16 19:54:57.361239 https://170182.fang.com/
Logger:2020-03-16 19:54:57.667693 https://170156.fang.com/
Logger:2020-03-16 19:54:58.045718 https://170162.fang.com/
Logger:2020-03-16 19:54:59.864898 https://170166.fang.com/
Logger:2020-03-16 19:55:03.151577 https://170168.fang.com/
Logger:2020-03-16 19:55:03.453819 https://170214.fang.com/
Logger:2020-03-16 19:55:11.007735 https://170206.fang.com/
Logger:2020-03-16 19:55:16.467307 https://170186.fang.com/
Logger:2020-03-16 19:55:20.311743 https://ankang.newhouse.fang.com/house/s/b96/
Logger:2020-03-16 19:55:23.833906 https://ankang.newhouse.fang.com/house/s/b97/
Logger:2020-03-16 19:55:27.311630 https://ankang.newhouse.fang.com/house/s/b98/
