Logger:2020-03-16 23:59:27.396243 https://anning.newhouse.fang.com/house/s/b91/
Logger:2020-03-16 23:59:27.728388 https://wenlangongguanygc.fang.com/
Logger:2020-03-16 23:59:28.035606 https://yunbaofurongyuanlg.fang.com/
Logger:2020-03-16 23:59:28.396598 https://yanlaihuxiaozhenrc.fang.com/
Logger:2020-03-16 23:59:28.751162 https://dachengxiaoyuanhlb.fang.com/
Logger:2020-03-16 23:59:29.074859 https://luhuguojihyn.fang.com/
Logger:2020-03-16 23:59:29.430332 https://jinbitianxiahd2.fang.com/
Logger:2020-03-16 23:59:29.914589 https://yulongwanjf0871.fang.com/
Logger:2020-03-16 23:59:30.224760 https://boxintianlaijun.fang.com/
Logger:2020-03-16 23:59:30.504013 https://wenquanshanguan.fang.com/
Logger:2020-03-16 23:59:30.861601 https://wanhuixingchenglanshanjunan.fang.com/
Logger:2020-03-16 23:59:31.280011 https://shanshuirongchengan.fang.com/
Logger:2020-03-16 23:59:31.784094 https://yuxianshengdeshequ0871.fang.com/
Logger:2020-03-16 23:59:32.116205 https://banshanyufucj.fang.com/
Logger:2020-03-16 23:59:32.511153 https://xinchengbiguiyuanyayue.fang.com/
Logger:2020-03-16 23:59:32.782030 https://baolitanyue.fang.com/
Logger:2020-03-16 23:59:33.109713 https://wanhuixingcheng.fang.com/
Logger:2020-03-16 23:59:33.423882 https://tianyunznzlbgy.fang.com/
Logger:2020-03-16 23:59:35.519763 https://anning.newhouse.fang.com/house/3426202738.htm
Logger:2020-03-16 23:59:37.992574 https://anning.newhouse.fang.com/house/3426202748.htm
Logger:2020-03-16 23:59:38.308283 https://shidaimaogangan.fang.com/
Logger:2020-03-16 23:59:42.431575 https://anning.newhouse.fang.com/house/s/b92/
Logger:2020-03-16 23:59:42.717770 https://wuyueguangchangkman.fang.com/
Logger:2020-03-16 23:59:43.078804 https://dianchigaoerfuyulongwanan.fang.com/
Logger:2020-03-16 23:59:43.406399 https://zhongliangbocui.fang.com/
Logger:2020-03-16 23:59:43.740071 https://jinhushengjingan.fang.com/
Logger:2020-03-16 23:59:44.043297 https://kunhaihuan.fang.com/
Logger:2020-03-16 23:59:46.658408 https://anning.newhouse.fang.com/house/3426202720.htm
Logger:2020-03-16 23:59:46.950457 https://km.newhouse.fang.com/house/3410168442.htm
Logger:2020-03-16 23:59:47.247319 https://jinsefengjingcj.fang.com/
Logger:2020-03-16 23:59:47.525018 https://aolinpikejizhecunan.fang.com/
Logger:2020-03-16 23:59:47.859713 https://longruiwangchengan.fang.com/
Logger:2020-03-16 23:59:48.193744 https://jinkangfuchunyuyuan.fang.com/
Logger:2020-03-16 23:59:48.502917 https://longshanbieshuan.fang.com/
Logger:2020-03-16 23:59:48.796132 https://jinsechengbang0871.fang.com/2/
Logger:2020-03-16 23:59:50.248272 https://yunlingshengshijiayuanan.fang.com/
Logger:2020-03-16 23:59:50.791778 https://xishanshuianan.fang.com/
Logger:2020-03-16 23:59:51.108929 https://jinselixiangan.fang.com/
Logger:2020-03-16 23:59:51.439220 https://yunxiaochengan.fang.com/
Logger:2020-03-16 23:59:51.900054 https://shoulinggongguanan.fang.com/
Logger:2020-03-16 23:59:52.230105 https://jinhushengjing.fang.com/2/
Logger:2020-03-16 23:59:52.758700 https://baolininghuyihaoan.fang.com/
Logger:2020-03-16 23:59:56.882846 https://anning.newhouse.fang.com/house/s/b93/
Logger:2020-03-16 23:59:57.222966 https://donghuxintiandian.fang.com/
Logger:2020-03-16 23:59:57.507186 https://pingguochengan.fang.com/
Logger:2020-03-16 23:59:57.816981 https://fuchunshanjvan.fang.com/
Logger:2020-03-17 00:00:00.140978 https://anning.newhouse.fang.com/house/3426202740.htm
Logger:2020-03-17 00:00:00.530972 https://longwan1hao.fang.com/
Logger:2020-03-17 00:00:00.909027 https://zhongnanchengan.fang.com/
Logger:2020-03-17 00:00:12.046528 https://jinseguojian.fang.com/
Logger:2020-03-17 00:00:14.975646 https://anning.newhouse.fang.com/house/3426202744.htm
Logger:2020-03-17 00:00:15.339314 https://wenquanwuyuean.fang.com/
Logger:2020-03-17 00:00:15.688541 https://anningshimaoguangchangan.fang.com/
Logger:2020-03-17 00:00:17.758000 https://anning.newhouse.fang.com/house/3426202746.htm
Logger:2020-03-17 00:00:18.042243 https://yunxijiankangchengan.fang.com/
Logger:2020-03-17 00:00:18.338476 https://wenquanbandaoan.fang.com/
Logger:2020-03-17 00:00:18.709461 https://xuelishujingyihaoan.fang.com/
Logger:2020-03-17 00:00:19.022322 https://ninghuwanguochengan.fang.com/
Logger:2020-03-17 00:00:25.321430 https://anning.newhouse.fang.com/house/3426202742.htm
Logger:2020-03-17 00:00:25.603971 https://huachuguojichanyechengan.fang.com/
Logger:2020-03-17 00:00:25.935085 https://anningjinsetangchuanshangmaochengan.fang.com/
Logger:2020-03-17 00:00:26.210348 https://yunanmutianxia.fang.com/
Logger:2020-03-17 00:00:29.885938 https://anning.newhouse.fang.com/house/s/b94/
Logger:2020-03-17 00:00:33.451572 https://anning.newhouse.fang.com/house/s/b95/
Logger:2020-03-17 00:00:37.634435 https://anning.newhouse.fang.com/house/s/b96/
