Logger:2020-03-16 18:54:26.971072 https://anqiu.newhouse.fang.com/house/s/b91/
Logger:2020-03-16 18:54:27.277255 https://anqiu.newhouse.fang.com/house/2444793393.htm
Logger:2020-03-16 18:54:34.921161 https://shuimujinghuaanqiu.fang.com/
Logger:2020-03-16 18:54:35.289220 https://anqiu.newhouse.fang.com/house/2444793389.htm
Logger:2020-03-16 18:54:37.089303 https://2hanlinyuan0536.fang.com/
Logger:2020-03-16 18:54:38.880196 https://0536yihaogongguan.fang.com/
Logger:2020-03-16 18:54:39.183376 https://anqiu.newhouse.fang.com/house/2444791193.htm
Logger:2020-03-16 18:54:41.080616 https://anqiu.newhouse.fang.com/house/2444791197.htm
Logger:2020-03-16 18:54:41.486545 https://shangshuimingdi.fang.com/
Logger:2020-03-16 18:54:41.855079 https://anqiu.newhouse.fang.com/house/2444793377.htm
Logger:2020-03-16 18:54:42.218108 https://anqiu.newhouse.fang.com/house/2444791199.htm
Logger:2020-03-16 18:54:43.971493 https://anqiu.newhouse.fang.com/house/2444791205.htm
Logger:2020-03-16 18:54:44.286239 https://anqiu.newhouse.fang.com/house/2444793379.htm
Logger:2020-03-16 18:54:45.986954 https://anqiu.newhouse.fang.com/house/2444793371.htm
Logger:2020-03-16 18:54:46.353640 https://anqiu.newhouse.fang.com/house/2444793375.htm
Logger:2020-03-16 18:54:47.969274 https://anqiu.newhouse.fang.com/house/2444793385.htm
Logger:2020-03-16 18:54:48.468974 https://anqiu.newhouse.fang.com/house/2444791203.htm
Logger:2020-03-16 18:54:48.796063 https://anqiu.newhouse.fang.com/house/2444791201.htm
Logger:2020-03-16 18:54:49.123226 https://anqiu.newhouse.fang.com/house/2444793387.htm
Logger:2020-03-16 18:54:49.566777 https://anqiu.newhouse.fang.com/house/2444793373.htm
Logger:2020-03-16 18:54:49.899886 https://anqiu.newhouse.fang.com/house/2444791195.htm
Logger:2020-03-16 18:54:53.922768 https://anqiu.newhouse.fang.com/house/s/b92/
Logger:2020-03-16 18:54:54.693707 https://anqiu.newhouse.fang.com/house/2444793397.htm
Logger:2020-03-16 18:54:55.018794 https://anqiu.newhouse.fang.com/house/2444793383.htm
Logger:2020-03-16 18:54:55.417726 https://anqiu.newhouse.fang.com/house/2444793391.htm
Logger:2020-03-16 18:54:55.746282 https://shimaozhongxin0536.fang.com/
Logger:2020-03-16 18:54:56.038670 https://anqiu.newhouse.fang.com/house/2444793381.htm
Logger:2020-03-16 18:54:56.348842 https://yupinxhyg.fang.com/
Logger:2020-03-16 18:54:59.936590 https://anqiu.newhouse.fang.com/house/s/b93/
Logger:2020-03-16 18:55:04.758624 https://anqiu.newhouse.fang.com/house/s/b94/
Logger:2020-03-16 18:55:09.096841 https://anqiu.newhouse.fang.com/house/s/b95/
