Logger:2020-03-15 21:33:38.896112 https://anqing.newhouse.fang.com/house/s/b91/
Logger:2020-03-15 21:33:39.305997 https://biguiyuanaq.fang.com/
Logger:2020-03-15 21:33:39.620186 https://xinchengmingdu0556.fang.com/
Logger:2020-03-15 21:33:39.917362 https://bgysdzg.fang.com/
Logger:2020-03-15 21:33:42.598320 https://wutongguojiguangchang.fang.com/
Logger:2020-03-15 21:33:42.980542 https://dafajingyicheng.fang.com/
Logger:2020-03-15 21:33:43.431336 https://jseyg.fang.com/
Logger:2020-03-15 21:33:46.982274 https://tianxiamingzhuwt0556.fang.com/
Logger:2020-03-15 21:33:47.477181 https://hengdaluzhou0556.fang.com/
Logger:2020-03-15 21:33:48.866371 https://huamall1958.fang.com/
Logger:2020-03-15 21:33:49.272288 https://shanghejiayuan0556.fang.com/
Logger:2020-03-15 21:33:49.637064 https://tongchengshidaiguangchang.fang.com/
Logger:2020-03-15 21:33:50.066914 https://kangxizuoanzd.fang.com/
Logger:2020-03-15 21:33:58.473316 https://kaixuanzundijy.fang.com/
Logger:2020-03-15 21:34:01.340556 https://msgjgc2.fang.com/
Logger:2020-03-15 21:34:01.689593 https://jinruimingcheng.fang.com/
Logger:2020-03-15 21:34:13.007582 [erro]&&&https://fenghuangchengdd.fang.com/
Logger:2020-03-15 21:34:17.458666 https://fenghuangshanzhuang0556.fang.com/
Logger:2020-03-15 21:34:20.676794 https://binjiangzhizun.fang.com/
Logger:2020-03-15 21:34:21.016547 https://henghedongshang.fang.com/
Logger:2020-03-15 21:34:22.339887 https://tzsjhc.fang.com/
Logger:2020-03-15 21:34:27.046114 https://anqing.newhouse.fang.com/house/s/b92/
Logger:2020-03-15 21:34:27.374785 https://xianlonghuqilixiangxi.fang.com/
Logger:2020-03-15 21:34:29.295608 https://jinxingzhongyangcheng.fang.com/
Logger:2020-03-15 21:34:29.616279 https://wuyueguangchang0556.fang.com/
Logger:2020-03-15 21:34:32.482598 https://donghushoufu.fang.com/
Logger:2020-03-15 21:34:32.874626 https://guojihuayuanfc.fang.com/
Logger:2020-03-15 21:34:33.203451 https://longchengguojihx.fang.com/
Logger:2020-03-15 21:34:33.514419 https://jiuyangchuntian.fang.com/
Logger:2020-03-15 21:34:33.830509 https://xiangshangongguan.fang.com/
Logger:2020-03-15 21:34:37.691934 https://hrltsf.fang.com/
Logger:2020-03-15 21:34:38.041480 https://shidaixinchengwy.fang.com/
Logger:2020-03-15 21:34:39.354438 https://xihulvzhou.fang.com/3/
Logger:2020-03-15 21:34:39.674579 https://xsjdfc.fang.com/
Logger:2020-03-15 21:34:42.891682 https://tianhongzhonghuanyinzuo.fang.com/
Logger:2020-03-15 21:34:43.220765 https://shijiamingduch.fang.com/
Logger:2020-03-15 21:34:45.537776 https://shanshuilongcheng0556.fang.com/
Logger:2020-03-15 21:34:45.856975 https://longshanhuiyun.fang.com/
Logger:2020-03-15 21:34:46.289264 https://jiuyanghuayangnianhua.fang.com/
Logger:2020-03-15 21:34:47.694036 https://guzhenlideyuanzi.fang.com/
Logger:2020-03-15 21:34:48.007978 https://yinxinggongyuerqi.fang.com/
Logger:2020-03-15 21:34:50.871723 https://jinhengguojigongguan.fang.com/
Logger:2020-03-15 21:34:55.470805 https://anqing.newhouse.fang.com/house/s/b93/
Logger:2020-03-15 21:34:55.947515 https://yuananwenduyipin.fang.com/
Logger:2020-03-15 21:34:56.355670 https://hnbgy.fang.com/
Logger:2020-03-15 21:34:58.640515 https://baiyuefuzd.fang.com/
Logger:2020-03-15 21:34:59.086653 https://lufugongguanxl.fang.com/
Logger:2020-03-15 21:34:59.505450 https://xuefuxincheng0556.fang.com/
Logger:2020-03-15 21:35:00.059265 https://qijieaq.fang.com/
Logger:2020-03-15 21:35:00.453217 https://yihailinyutang.fang.com/
Logger:2020-03-15 21:35:00.784077 https://yintaihuayuan0556.fang.com/
Logger:2020-03-15 21:35:03.854846 https://donghuyipinxwc.fang.com/
Logger:2020-03-15 21:35:04.172949 https://yichengshuianbr.fang.com/
Logger:2020-03-15 21:35:04.479175 https://yongangongguan.fang.com/
Logger:2020-03-15 21:35:04.891545 https://haitangwanyz.fang.com/
Logger:2020-03-15 21:35:07.719765 https://tongchengqhmd.fang.com/
Logger:2020-03-15 21:35:11.505740 https://xieshuiwanchunjianghuayue.fang.com/
Logger:2020-03-15 21:35:14.702067 https://mcsxytj.fang.com/
Logger:2020-03-15 21:35:14.970351 https://shanshuiwenyuanwy.fang.com/
Logger:2020-03-15 21:35:18.087942 https://tcssjy.fang.com/
Logger:2020-03-15 21:35:20.636295 https://yangguangchengss0556.fang.com/
Logger:2020-03-15 21:35:23.096130 https://916gongguanth.fang.com/
Logger:2020-03-15 21:35:23.367404 https://xiangyuannongmaochengjufujiayuan.fang.com/
Logger:2020-03-15 21:35:28.091785 https://anqing.newhouse.fang.com/house/s/b94/
Logger:2020-03-15 21:35:30.016545 https://huayiguangchang0556.fang.com/
Logger:2020-03-15 21:35:30.316395 https://tcstgj.fang.com/
Logger:2020-03-15 21:35:32.771379 https://tongchengjinyuanhuafu.fang.com/
Logger:2020-03-15 21:35:33.100498 https://yidiheyahui.fang.com/
Logger:2020-03-15 21:35:33.415733 https://xijiaoyujing.fang.com/
Logger:2020-03-15 21:35:33.715660 https://tongchengsymd.fang.com/
Logger:2020-03-15 21:35:34.035955 https://tongchengrenjia.fang.com/
Logger:2020-03-15 21:35:34.436882 https://wanxinlixiangcheng.fang.com/
Logger:2020-03-15 21:35:34.852769 https://ssjxqc.fang.com/
Logger:2020-03-15 21:35:37.414879 https://tongchengguojijiajucheng.fang.com/
Logger:2020-03-15 21:35:39.505891 https://wendumingjun.fang.com/
Logger:2020-03-15 21:35:39.771454 https://jinpingguoqingniancheng.fang.com/
Logger:2020-03-15 21:35:42.348458 https://shanglongwanyc.fang.com/
Logger:2020-03-15 21:35:42.623722 https://weinisichengtx.fang.com/
Logger:2020-03-15 21:35:43.043599 https://shengyunxintiandi.fang.com/
Logger:2020-03-15 21:35:43.364511 https://guoyumingcheng.fang.com/
Logger:2020-03-15 21:35:45.335300 https://drfsyj.fang.com/
Logger:2020-03-15 21:35:45.643460 https://tongchengyudu.fang.com/
Logger:2020-03-15 21:35:46.018961 https://hongrunjiadi.fang.com/
Logger:2020-03-15 21:35:48.799148 https://wzgjswgc.fang.com/
Logger:2020-03-15 21:35:52.743809 https://anqing.newhouse.fang.com/house/s/b95/
Logger:2020-03-15 21:35:53.020070 https://dxbxjrml.fang.com/
Logger:2020-03-15 21:35:55.797590 https://anqing.newhouse.fang.com/house/2118123204.htm
Logger:2020-03-15 21:35:56.140239 https://hongrundushihuating.fang.com/
Logger:2020-03-15 21:35:56.579573 https://hepingshangcheng.fang.com/
Logger:2020-03-15 21:35:57.168996 https://wdxjk.fang.com/
Logger:2020-03-15 21:35:59.177857 https://henggaoguangchang.fang.com/
Logger:2020-03-15 21:36:02.855286 https://anqing.newhouse.fang.com/house/s/b96/
Logger:2020-03-15 21:36:06.371748 https://anqing.newhouse.fang.com/house/s/b97/
Logger:2020-03-15 21:36:10.075479 https://anqing.newhouse.fang.com/house/s/b98/
