Logger:2020-03-16 16:02:43.455300 https://anshan.newhouse.fang.com/house/s/b91/
Logger:2020-03-16 16:02:43.804405 https://fulicheng0412.fang.com/
Logger:2020-03-16 16:02:44.281089 https://binjiangguojihw.fang.com/
Logger:2020-03-16 16:02:44.744477 https://hengdamingduas.fang.com/
Logger:2020-03-16 16:03:01.636625 https://shengjingliyuan0412.fang.com/
Logger:2020-03-16 16:03:01.989678 https://xingfulihr0412.fang.com/
Logger:2020-03-16 16:03:02.391339 https://langyuejuxsj.fang.com/
Logger:2020-03-16 16:03:02.758074 https://hengdalvzhouas.fang.com/
Logger:2020-03-16 16:03:03.119659 https://jxmlf.fang.com/
Logger:2020-03-16 16:03:10.680481 https://junhuishangpinjzy2.fang.com/
Logger:2020-03-16 16:03:11.062059 https://huangguanyipin.fang.com/
Logger:2020-03-16 16:03:11.409454 https://fujiatianxia0412.fang.com/
Logger:2020-03-16 16:03:11.804872 https://shanghaichengas.fang.com/
Logger:2020-03-16 16:03:12.222784 https://jyhfwk0412.fang.com/
Logger:2020-03-16 16:03:12.661258 https://wkcszg0412.fang.com/
Logger:2020-03-16 16:03:13.070953 https://jinyuguojiwk0412.fang.com/
Logger:2020-03-16 16:03:13.492855 https://ziyunqinyuanchun.fang.com/
Logger:2020-03-16 16:03:13.859910 https://langtingguojibj.fang.com/
Logger:2020-03-16 16:03:21.643700 https://hcyyhxd.fang.com/
Logger:2020-03-16 16:03:21.962843 https://dongjingmeilin.fang.com/
Logger:2020-03-16 16:03:22.397269 https://kaixuanmenhj0412.fang.com/
Logger:2020-03-16 16:03:25.778080 https://anshan.newhouse.fang.com/house/s/b92/
Logger:2020-03-16 16:03:26.109776 https://ruichengyuyuan.fang.com/
Logger:2020-03-16 16:03:26.575363 https://zhidixincheng.fang.com/
Logger:2020-03-16 16:03:27.031144 https://yihecheng.fang.com/
Logger:2020-03-16 16:03:34.163554 https://tangshengjiahetianxia.fang.com/
Logger:2020-03-16 16:03:34.510634 https://zhongnanxuefuyihao.fang.com/
Logger:2020-03-16 16:03:34.858703 https://xindongfangguanlanjun.fang.com/
Logger:2020-03-16 16:03:35.265614 https://hainuoshoufu.fang.com/
Logger:2020-03-16 16:03:36.645618 https://lixianghuatingbj.fang.com/
Logger:2020-03-16 16:03:41.881620 https://yangguangnuoyajd.fang.com/
Logger:2020-03-16 16:03:42.320682 https://chengshiguangchangwx0412.fang.com/
Logger:2020-03-16 16:03:42.763464 https://shengshihaotingzh.fang.com/2/
Logger:2020-03-16 16:03:43.439643 https://hysjy.fang.com/
Logger:2020-03-16 16:03:43.811210 https://lishanhuafu.fang.com/
Logger:2020-03-16 16:03:44.276949 https://tescoyinglunhui.fang.com/
Logger:2020-03-16 16:03:44.690841 https://haichengbgy.fang.com/
Logger:2020-03-16 16:03:45.034377 https://lanwanxiangshu.fang.com/
Logger:2020-03-16 16:03:45.453734 https://jiataimeijing.fang.com/
Logger:2020-03-16 16:03:45.800819 https://hcxsxlc.fang.com/
Logger:2020-03-16 16:03:46.376633 https://tnlxgg.fang.com/
Logger:2020-03-16 16:03:46.713480 https://jssmlw.fang.com/
Logger:2020-03-16 16:03:51.843237 https://anshan.newhouse.fang.com/house/s/b93/
Logger:2020-03-16 16:03:56.029561 https://hongfashiliu0412.fang.com/
Logger:2020-03-16 16:03:56.417553 https://hongxingguojiguangchang0412.fang.com/
Logger:2020-03-16 16:03:56.805095 https://yiyunshanzhuang0412.fang.com/
Logger:2020-03-16 16:03:57.896393 https://xingyuhuafuyr0412.fang.com/
Logger:2020-03-16 16:03:58.302359 https://yujingwan0412.fang.com/
Logger:2020-03-16 16:03:58.717571 https://dongshanyijing.fang.com/
Logger:2020-03-16 16:03:59.040457 https://dongshanyihaoyuan.fang.com/
Logger:2020-03-16 16:03:59.776188 https://hcbhxsbsyf.fang.com/
Logger:2020-03-16 16:04:00.138221 https://hcxtlwgj.fang.com/
Logger:2020-03-16 16:04:00.489399 https://aidingbaohc.fang.com/
Logger:2020-03-16 16:04:02.083602 https://xingshengguoji0412.fang.com/
Logger:2020-03-16 16:04:02.511369 https://huangjiahuayuanaj0412.fang.com/
Logger:2020-03-16 16:04:02.910301 https://shangfengjingcheng.fang.com/
Logger:2020-03-16 16:04:03.326254 https://aijiahuafu.fang.com/
Logger:2020-03-16 16:04:09.878131 https://yongjintaoyuan.fang.com/
Logger:2020-03-16 16:04:10.291934 https://zhongyangyipinhy.fang.com/
Logger:2020-03-16 16:04:10.643960 https://baolisifang.fang.com/
Logger:2020-03-16 16:04:11.047930 https://hcxindongfangshoufu.fang.com/
Logger:2020-03-16 16:04:11.420168 https://wutongshuqsw.fang.com/
Logger:2020-03-16 16:04:11.785219 https://yuluanwanzy.fang.com/
Logger:2020-03-16 16:04:15.616802 https://anshan.newhouse.fang.com/house/s/b94/
Logger:2020-03-16 16:04:15.892065 https://sdyf.fang.com/
Logger:2020-03-16 16:04:16.184329 https://yuquanxinchengzj.fang.com/
Logger:2020-03-16 16:04:16.646781 https://yinghuabieyuan.fang.com/
Logger:2020-03-16 16:04:18.017937 https://fuyahaotinghy.fang.com/
Logger:2020-03-16 16:04:18.394795 https://hcweimeilanwan.fang.com/
Logger:2020-03-16 16:04:18.916649 https://hcfangcaolongzhu.fang.com/
Logger:2020-03-16 16:04:19.747464 https://haichengyszx.fang.com/
Logger:2020-03-16 16:04:20.092505 https://fenglinyunge.fang.com/
Logger:2020-03-16 16:04:24.760415 https://anshan.newhouse.fang.com/house/s/b95/
Logger:2020-03-16 16:04:28.343103 https://anshan.newhouse.fang.com/house/s/b96/
Logger:2020-03-16 16:04:32.914539 https://anshan.newhouse.fang.com/house/s/b97/
