Logger:2020-03-16 01:50:27.564436 https://anshun.newhouse.fang.com/house/s/b91/
Logger:2020-03-16 01:50:27.814858 https://zhongheshunanfu.fang.com/
Logger:2020-03-16 01:50:28.095561 https://stcsgc.fang.com/
Logger:2020-03-16 01:50:28.330379 https://mingzhuhuayuan0853.fang.com/
Logger:2020-03-16 01:50:29.970657 https://anshunwandaguangchang.fang.com/
Logger:2020-03-16 01:50:32.141325 https://jshshy.fang.com/
Logger:2020-03-16 01:50:32.360001 https://shitongshanyuhu.fang.com/
Logger:2020-03-16 01:50:32.662179 https://shunheyuan0853.fang.com/
Logger:2020-03-16 01:50:32.880837 https://abaotangzhuangyuan.fang.com/
Logger:2020-03-16 01:50:33.458900 https://aoweichuntian.fang.com/
Logger:2020-03-16 01:50:34.489871 https://bailicheng.fang.com/
Logger:2020-03-16 01:50:34.693551 https://bailinghongshanhupan.fang.com/
Logger:2020-03-16 01:50:34.927227 https://huangpuhubinshoufu.fang.com/
Logger:2020-03-16 01:50:35.209168 https://guianhongtongcheng.fang.com/
Logger:2020-03-16 01:50:35.442731 https://znbgy.fang.com/
Logger:2020-03-16 01:50:35.661485 https://bgytydmf.fang.com/
Logger:2020-03-16 01:50:35.895749 https://anpufeiliyundi.fang.com/
Logger:2020-03-16 01:50:36.193038 https://pudingbiguiyuan.fang.com/
Logger:2020-03-16 01:50:36.458116 https://anshunshijia.fang.com/
Logger:2020-03-16 01:50:37.473967 https://awzygy.fang.com/
Logger:2020-03-16 01:50:39.225850 https://jiayuntiancheng.fang.com/
Logger:2020-03-16 01:50:42.905105 https://anshun.newhouse.fang.com/house/s/b92/
Logger:2020-03-16 01:50:43.170607 https://honghutianyu3.fang.com/
Logger:2020-03-16 01:50:43.404527 https://siyuanhuafu.fang.com/
Logger:2020-03-16 01:50:45.826386 https://jxtxc.fang.com/
Logger:2020-03-16 01:50:46.044529 https://caifuyihao0851.fang.com/
Logger:2020-03-16 01:50:46.903701 https://aolinpikehy.fang.com/
Logger:2020-03-16 01:50:47.153725 https://zhongdingtianyue.fang.com/
Logger:2020-03-16 01:50:47.373090 https://shidinglvzhou.fang.com/
Logger:2020-03-16 01:50:49.503098 https://fenghuangxuefu0853.fang.com/
Logger:2020-03-16 01:50:51.301132 https://shitongmingcheng0851.fang.com/
Logger:2020-03-16 01:50:52.770034 https://yinchengyiyuan.fang.com/
Logger:2020-03-16 01:50:54.677012 https://guanlingyihao.fang.com/
Logger:2020-03-16 01:50:54.911173 https://bojincheng0851.fang.com/
Logger:2020-03-16 01:50:55.208041 https://jzyhss.fang.com/
Logger:2020-03-16 01:50:55.458472 https://kuaixuangongyuanli.fang.com/
Logger:2020-03-16 01:50:57.401490 https://153042.fang.com/
Logger:2020-03-16 01:50:57.651689 https://qzxwc.fang.com/
Logger:2020-03-16 01:50:57.885453 https://zhujiashoufu.fang.com/
Logger:2020-03-16 01:50:58.479014 https://longquanguoji0851.fang.com/
Logger:2020-03-16 01:50:58.708423 https://asxhyy.fang.com/
Logger:2020-03-16 01:51:01.201723 https://zhongtieyuling.fang.com/
Logger:2020-03-16 01:51:04.443697 https://anshun.newhouse.fang.com/house/s/b93/
Logger:2020-03-16 01:51:06.542594 https://longfengchengxiang.fang.com/
Logger:2020-03-16 01:51:08.500754 https://shanshuiyunchengtaoyuanfu.fang.com/
Logger:2020-03-16 01:51:08.740243 https://jkdfty.fang.com/
Logger:2020-03-16 01:51:10.927412 https://fenghuanghanlinyuan.fang.com/
Logger:2020-03-16 01:51:11.177626 https://shidaishuncheng.fang.com/
Logger:2020-03-16 01:51:11.412040 https://shidaihuafu0853.fang.com/
Logger:2020-03-16 01:51:13.198551 https://anshunyihao.fang.com/
Logger:2020-03-16 01:51:13.479735 https://shitongxiandaicheng.fang.com/
Logger:2020-03-16 01:51:13.755908 https://yipinshangshu.fang.com/
Logger:2020-03-16 01:51:14.005918 https://tianruiguoji.fang.com/
Logger:2020-03-16 01:51:15.521015 https://shuianxintiandi.fang.com/
Logger:2020-03-16 01:51:15.802601 https://guianshanyuchengztj.fang.com/
Logger:2020-03-16 01:51:17.188710 https://guianyunguzdh.fang.com/
Logger:2020-03-16 01:51:18.834358 https://cuilumingpin.fang.com/
Logger:2020-03-16 01:51:20.475316 https://duocaiwanxianglyceq.fang.com/
Logger:2020-03-16 01:51:22.495443 https://thxcsf.fang.com/
Logger:2020-03-16 01:51:22.729962 https://puhuaouzhoucheng.fang.com/
Logger:2020-03-16 01:51:23.912384 https://rczyyj.fang.com/
Logger:2020-03-16 01:51:24.161852 https://helicheng.fang.com/
Logger:2020-03-16 01:51:25.942683 https://yuquanwan0853.fang.com/
Logger:2020-03-16 01:51:29.135755 https://anshun.newhouse.fang.com/house/s/b94/
Logger:2020-03-16 01:51:29.385594 https://tcgjsmc.fang.com/
Logger:2020-03-16 01:51:31.150802 https://qzsmwlzx.fang.com/
Logger:2020-03-16 01:51:32.369821 https://haojun.fang.com/
Logger:2020-03-16 01:51:32.619379 https://gaxqdyc.fang.com/
Logger:2020-03-16 01:51:32.900389 https://huatengxiyuefu.fang.com/
Logger:2020-03-16 01:51:33.134708 https://renhemingfu.fang.com/
Logger:2020-03-16 01:51:33.385093 https://qingxiyajun.fang.com/
Logger:2020-03-16 01:51:33.650211 https://xinhonghuzhizhou.fang.com/
Logger:2020-03-16 01:51:35.432976 https://shitonghefu.fang.com/
Logger:2020-03-16 01:51:37.048389 https://qiankuntianlang0853.fang.com/
Logger:2020-03-16 01:51:38.345009 https://nanzhouguoji0854.fang.com/
Logger:2020-03-16 01:51:39.657147 https://qingxinyayuan.fang.com/
Logger:2020-03-16 01:51:39.926381 https://wjlxc.fang.com/
Logger:2020-03-16 01:51:40.191942 https://xinghuojiayuan.fang.com/
Logger:2020-03-16 01:51:40.411048 https://helichengdqm.fang.com/
Logger:2020-03-16 01:51:41.816777 https://dxdlysj.fang.com/
Logger:2020-03-16 01:51:43.156917 https://dcwxlyc.fang.com/
Logger:2020-03-16 01:51:43.423189 https://tashanxincheng.fang.com/
Logger:2020-03-16 01:51:44.620210 https://jianboguojiguangchang.fang.com/
Logger:2020-03-16 01:51:44.854041 https://qunshengdazhihui.fang.com/
Logger:2020-03-16 01:51:48.103316 https://anshun.newhouse.fang.com/house/s/b95/
Logger:2020-03-16 01:51:48.322671 https://shidaimingyuanas.fang.com/
Logger:2020-03-16 01:51:48.588288 https://shanghaiwan0853.fang.com/
Logger:2020-03-16 01:51:50.020802 https://mltbgz.fang.com/
Logger:2020-03-16 01:51:51.922554 https://shuianxincheng0851.fang.com/
Logger:2020-03-16 01:51:52.156873 https://dfsdgcas.fang.com/
Logger:2020-03-16 01:51:55.083437 https://jiaheyiyuan0853.fang.com/
Logger:2020-03-16 01:51:56.676418 https://qianzhongyihaobj.fang.com/
Logger:2020-03-16 01:51:56.895620 https://shitongyuefu.fang.com/
Logger:2020-03-16 01:51:57.145072 https://xichengyinxiang0853.fang.com/
Logger:2020-03-16 01:51:58.912789 https://guianyingbincheng.fang.com/
Logger:2020-03-16 01:52:00.568095 https://qianzhouhuanlecheng.fang.com/
Logger:2020-03-16 01:52:02.208741 https://shenjunshengtaiwenlvxiaozhen.fang.com/
Logger:2020-03-16 01:52:02.442653 https://zhonghuanshangyeguangchang.fang.com/
Logger:2020-03-16 01:52:02.645730 https://huangguoshupuyuntiancheng.fang.com/
Logger:2020-03-16 01:52:02.911918 https://puhuayuhemingzhu.fang.com/
Logger:2020-03-16 01:52:03.161944 https://anshunyuanzi.fang.com/
Logger:2020-03-16 01:52:03.380341 https://qilongchengshiguangchang.fang.com/
Logger:2020-03-16 01:52:03.630591 https://yifengguojiqcwly.fang.com/
Logger:2020-03-16 01:52:05.145182 https://zhongyidashapd.fang.com/
Logger:2020-03-16 01:52:07.223468 https://bjdcqz1h.fang.com/
Logger:2020-03-16 01:52:10.892707 https://anshun.newhouse.fang.com/house/s/b96/
Logger:2020-03-16 01:52:12.266667 https://yxyxxgc.fang.com/
Logger:2020-03-16 01:52:12.485364 https://guiaoshidaiguangchang.fang.com/
Logger:2020-03-16 01:52:13.882465 https://guizhoulehuacheng.fang.com/
Logger:2020-03-16 01:52:14.101646 https://kangchengmingjun.fang.com/
Logger:2020-03-16 01:52:15.663465 https://xdfgc.fang.com/
Logger:2020-03-16 01:52:17.748715 https://qzsmwlzx0853.fang.com/
Logger:2020-03-16 01:52:18.819218 https://hmdgccqjdaw.fang.com/
Logger:2020-03-16 01:52:20.287780 https://asgjsmwlc.fang.com/
Logger:2020-03-16 01:52:20.538046 https://chuanxincheng.fang.com/
Logger:2020-03-16 01:52:20.771610 https://jiarimingdian.fang.com/
Logger:2020-03-16 01:52:24.562520 https://anshun.newhouse.fang.com/house/s/b97/
Logger:2020-03-16 01:52:28.120132 https://anshun.newhouse.fang.com/house/s/b98/
Logger:2020-03-16 01:52:31.572180 https://anshun.newhouse.fang.com/house/s/b99/
