Logger:2020-03-16 09:41:21.960218 https://anyang.newhouse.fang.com/house/s/b91/
Logger:2020-03-16 09:41:22.210159 https://biguiyuanxiyue.fang.com/
Logger:2020-03-16 09:41:22.756176 https://duoluntianzhu.fang.com/
Logger:2020-03-16 09:41:23.106667 https://zhongjianqihaoyuanheyuan.fang.com/
Logger:2020-03-16 09:41:23.437195 https://anchuanghthp.fang.com/
Logger:2020-03-16 09:41:23.798481 https://prgjgczcgg0372.fang.com/
Logger:2020-03-16 09:41:24.250077 https://shangchengbeijun.fang.com/
Logger:2020-03-16 09:41:24.629457 https://anyangguotaijiayuan.fang.com/
Logger:2020-03-16 09:41:25.965778 https://yuanboyuhuchenyuan.fang.com/
Logger:2020-03-16 09:41:26.275238 https://jiulitingyuanjq.fang.com/
Logger:2020-03-16 09:41:26.622663 https://ayybyh.fang.com/
Logger:2020-03-16 09:41:26.950308 https://jinqiuhuafu.fang.com/
Logger:2020-03-16 09:41:27.564357 https://anyanglancheng.fang.com/
Logger:2020-03-16 09:41:28.358715 https://jinhewan20372.fang.com/
Logger:2020-03-16 09:41:28.707342 https://anyangguojinongshangchengznl.fang.com/
Logger:2020-03-16 09:41:29.896207 https://konggangxincheng0372.fang.com/
Logger:2020-03-16 09:41:30.538098 https://hdwlc0372.fang.com/
Logger:2020-03-16 09:41:30.823505 https://jiazhoushangyue.fang.com/
Logger:2020-03-16 09:41:31.138015 https://jianyethf.fang.com/
Logger:2020-03-16 09:41:31.425989 https://gelinxiazhen.fang.com/
Logger:2020-03-16 09:41:31.799573 https://donghuylw.fang.com/
Logger:2020-03-16 09:41:36.020712 https://anyang.newhouse.fang.com/house/s/b92/
Logger:2020-03-16 09:41:36.301896 https://bfctjx.fang.com/
Logger:2020-03-16 09:41:36.614851 https://runanjiufu.fang.com/
Logger:2020-03-16 09:41:37.428059 https://hetaiyuyuan.fang.com/
Logger:2020-03-16 09:41:38.098840 https://jiazhoucsfj.fang.com/
Logger:2020-03-16 09:41:39.720947 https://caifugangwan0372.fang.com/
Logger:2020-03-16 09:41:40.002131 https://runanflt.fang.com/
Logger:2020-03-16 09:41:45.438349 https://changjianjinkelanjing.fang.com/
Logger:2020-03-16 09:41:49.019018 https://runanfengjingtai.fang.com/
Logger:2020-03-16 09:41:53.872361 https://huifuxinggangwan.fang.com/
Logger:2020-03-16 09:41:56.128121 https://shidizwgg.fang.com/
Logger:2020-03-16 09:42:01.138362 https://jinhewan20372.fang.com/
Logger:2020-03-16 09:42:03.115787 https://chuntianlishangyuan.fang.com/
Logger:2020-03-16 09:42:03.380998 https://jyhyl0372.fang.com/
Logger:2020-03-16 09:42:03.731227 https://kxgyyh.fang.com/
Logger:2020-03-16 09:42:05.438971 https://guojiyujingcheng2.fang.com/
Logger:2020-03-16 09:42:05.760702 https://jycyz.fang.com/3/
Logger:2020-03-16 09:42:06.031516 https://liyuanyongmingyihao.fang.com/
Logger:2020-03-16 09:42:06.324069 https://yuanhengxiandaicheng.fang.com/
Logger:2020-03-16 09:42:06.812546 https://jinglingongyuanyihao.fang.com/
Logger:2020-03-16 09:42:07.187422 https://jiazhoucheng0372.fang.com/
Logger:2020-03-16 09:42:10.872636 https://anyang.newhouse.fang.com/house/s/b93/
Logger:2020-03-16 09:42:11.137722 https://kxylc.fang.com/
Logger:2020-03-16 09:42:11.450148 https://ziyuetai0372.fang.com/
Logger:2020-03-16 09:42:14.540710 https://jiazhouhuating0372.fang.com/3/
Logger:2020-03-16 09:42:14.825970 https://cuiyuandmc.fang.com/
Logger:2020-03-16 09:42:15.113577 https://yahyqkhyc.fang.com/
Logger:2020-03-16 09:42:15.366500 https://lingxiulanan.fang.com/
Logger:2020-03-16 09:42:15.669829 https://yuehailanting0372.fang.com/
Logger:2020-03-16 09:42:15.952609 https://hengdacheng0372.fang.com/
Logger:2020-03-16 09:42:16.289729 https://hengdayuefu0372.fang.com/
Logger:2020-03-16 09:42:16.609486 https://ayxgc.fang.com/
Logger:2020-03-16 09:42:16.926280 https://zwyuhxy.fang.com/
Logger:2020-03-16 09:42:17.230121 https://sijihuadu0372.fang.com/
Logger:2020-03-16 09:42:21.956811 https://xsjd.fang.com/
Logger:2020-03-16 09:42:23.300599 https://anyangjianyeshihefu.fang.com/
Logger:2020-03-16 09:42:23.659572 https://anyanghuaqiangcheng.fang.com/
Logger:2020-03-16 09:42:23.893854 https://wangchengxiangfu.fang.com/
Logger:2020-03-16 09:42:24.549993 https://anyangjianyeyihaochengbang.fang.com/
Logger:2020-03-16 09:42:24.941069 https://zhonghuayuanyt.fang.com/3/
Logger:2020-03-16 09:42:27.424270 https://xinduwangchao.fang.com/
Logger:2020-03-16 09:42:27.721737 https://yuantaiyby.fang.com/
Logger:2020-03-16 09:42:31.533296 https://anyang.newhouse.fang.com/house/s/b94/
Logger:2020-03-16 09:42:31.783133 https://jianyecheng0372.fang.com/
Logger:2020-03-16 09:42:32.064548 https://hefujtwlc.fang.com/
Logger:2020-03-16 09:42:32.657910 https://zjqhy.fang.com/
Logger:2020-03-16 09:42:34.678143 https://hqlpt.fang.com/8/
Logger:2020-03-16 09:42:34.985298 https://dameicheng.fang.com/
Logger:2020-03-16 09:42:35.485563 https://jzqsw.fang.com/
Logger:2020-03-16 09:42:35.782702 https://ayjygy.fang.com/
Logger:2020-03-16 09:42:36.110032 https://guangmingjy.fang.com/
Logger:2020-03-16 09:42:36.453701 https://jiabaoguangchang0372.fang.com/
Logger:2020-03-16 09:42:36.938569 https://tianherenjia0372.fang.com/
Logger:2020-03-16 09:42:37.250388 https://mengyuanmp.fang.com/
Logger:2020-03-16 09:42:37.532033 https://rongshenghuafu0372.fang.com/
Logger:2020-03-16 09:42:37.937726 https://tangyinbiguiyuanwxt.fang.com/
Logger:2020-03-16 09:42:38.266121 https://dongfangmingzhu0372.fang.com/
Logger:2020-03-16 09:42:38.578347 https://tangyinjygyl.fang.com/
Logger:2020-03-16 09:42:43.370400 https://dijingguoji0372.fang.com/
Logger:2020-03-16 09:42:43.716586 https://xifujingyuan0372.fang.com/
Logger:2020-03-16 09:42:44.013796 https://anyangziyuhuafu.fang.com/
Logger:2020-03-16 09:42:44.495364 https://dishengguangchang.fang.com/
Logger:2020-03-16 09:42:49.169008 https://jiatianwutonggongguan.fang.com/
Logger:2020-03-16 09:42:52.441020 https://anyang.newhouse.fang.com/house/s/b95/
Logger:2020-03-16 09:42:52.750897 https://lanchengchunfengyongyi.fang.com/
Logger:2020-03-16 09:42:53.021488 https://hygmc.fang.com/
Logger:2020-03-16 09:42:54.647072 https://zxfhcba.fang.com/
Logger:2020-03-16 09:42:55.225663 https://ygsenlin.fang.com/
Logger:2020-03-16 09:42:55.553215 https://anyangyinhewan.fang.com/
Logger:2020-03-16 09:42:56.844477 https://tianyuehuafu0372.fang.com/
Logger:2020-03-16 09:42:57.125167 https://yuantaijinghuayuan.fang.com/
Logger:2020-03-16 09:42:57.468840 https://zjjty.fang.com/
Logger:2020-03-16 09:42:57.750199 https://zxfhc0372.fang.com/
Logger:2020-03-16 09:42:58.031203 https://wanxiangcheng0372.fang.com/
Logger:2020-03-16 09:42:59.068902 https://thgjc0372.fang.com/
Logger:2020-03-16 09:42:59.678607 https://anyangkailong.fang.com/
Logger:2020-03-16 09:42:59.991085 https://padiou0372.fang.com/
Logger:2020-03-16 09:43:00.303239 https://jnmdxa.fang.com/
Logger:2020-03-16 09:43:00.606980 https://zhongzhouxinyuan.fang.com/
Logger:2020-03-16 09:43:00.928359 https://glayc.fang.com/
Logger:2020-03-16 09:43:01.208366 https://wanhecheng0372.fang.com/2/
Logger:2020-03-16 09:43:01.536859 https://lzqhy.fang.com/
Logger:2020-03-16 09:43:02.630007 https://huaxianmeihaoshenghuojiayuan.fang.com/
Logger:2020-03-16 09:43:07.555995 https://huafushijia.fang.com/3/
Logger:2020-03-16 09:43:11.342728 https://anyang.newhouse.fang.com/house/s/b96/
Logger:2020-03-16 09:43:11.586864 https://senlinbandaojy2.fang.com/
Logger:2020-03-16 09:43:11.881670 https://biguiyuanly0372.fang.com/
Logger:2020-03-16 09:43:12.248705 https://jianyeyihaochengbangty.fang.com/
Logger:2020-03-16 09:43:12.545974 https://yjxzwhy.fang.com/
Logger:2020-03-16 09:43:12.827576 https://yggjc2qi.fang.com/
Logger:2020-03-16 09:43:14.975100 https://taihefu0372.fang.com/
Logger:2020-03-16 09:43:20.690761 https://xinchengguoji0372.fang.com/3/
Logger:2020-03-16 09:43:21.024258 https://meichaolanzuan.fang.com/
Logger:2020-03-16 09:43:21.328125 https://zhongsenylf.fang.com/
Logger:2020-03-16 09:43:21.625610 https://tianhongmeihaoshenghuojiayuan.fang.com/
Logger:2020-03-16 09:43:21.928148 https://yingbinxiaogongguan.fang.com/
Logger:2020-03-16 09:43:22.225419 https://senheyipin.fang.com/
Logger:2020-03-16 09:43:22.506561 https://jyxjn.fang.com/
Logger:2020-03-16 09:43:22.796772 https://yinxingguangchang0372.fang.com/
Logger:2020-03-16 09:43:25.699514 https://bishuizuoan.fang.com/
Logger:2020-03-16 09:43:25.959484 https://jinruiyipin.fang.com/
Logger:2020-03-16 09:43:26.475034 https://tyxcgj.fang.com/
Logger:2020-03-16 09:43:26.799812 https://xinduhui0372.fang.com/
Logger:2020-03-16 09:43:29.507038 https://bgytl0372.fang.com/
Logger:2020-03-16 09:43:29.775194 https://dianzishangwuchanyeyuanzbysg.fang.com/
Logger:2020-03-16 09:43:33.757410 https://anyang.newhouse.fang.com/house/s/b97/
Logger:2020-03-16 09:43:38.646269 https://zhongmaojiuyuefu.fang.com/
Logger:2020-03-16 09:43:38.911040 https://zhengdaswty.fang.com/
Logger:2020-03-16 09:43:39.501135 https://shangshufu.fang.com/
Logger:2020-03-16 09:43:39.809870 https://jyslbd0372.fang.com/
Logger:2020-03-16 09:43:40.106678 https://wfhkxgc.fang.com/
Logger:2020-03-16 09:43:40.426440 https://xiangyuzijun.fang.com/
Logger:2020-03-16 09:43:40.778731 https://longyuemeilizhidu.fang.com/
Logger:2020-03-16 09:43:41.286695 https://hongdaxinfuli.fang.com/
Logger:2020-03-16 09:43:43.058224 https://jindingyuan20372.fang.com/
Logger:2020-03-16 09:43:47.672846 https://fuhaihuating.fang.com/
Logger:2020-03-16 09:43:47.968119 https://yujingyuan0372.fang.com/
Logger:2020-03-16 09:43:48.249402 https://ndj0372.fang.com/
Logger:2020-03-16 09:43:48.499713 https://shidaiguangchangkj.fang.com/
Logger:2020-03-16 09:43:48.796049 https://yxobshqg0372.fang.com/
Logger:2020-03-16 09:43:49.639646 https://anyang.newhouse.fang.com/house/2517740177.htm
Logger:2020-03-16 09:43:59.340293 https://wenfenghuihx.fang.com/
Logger:2020-03-16 09:44:03.883624 https://zhonghengxiyuedu.fang.com/
Logger:2020-03-16 09:44:04.170206 https://gj863hqqkjcyy.fang.com/
Logger:2020-03-16 09:44:04.426814 https://hongtaiyuanzhuzhaidishang.fang.com/
Logger:2020-03-16 09:44:06.205942 https://hmtxc.fang.com/
Logger:2020-03-16 09:44:09.444866 https://anyang.newhouse.fang.com/house/s/b98/
Logger:2020-03-16 09:44:09.695122 https://xinhewanjd.fang.com/
Logger:2020-03-16 09:44:15.688346 https://aythxz.fang.com/
Logger:2020-03-16 09:44:16.242939 https://hqqgjqpc.fang.com/
Logger:2020-03-16 09:44:16.826582 https://renaiyiyang2.fang.com/
Logger:2020-03-16 09:44:17.076087 https://wzgjgyblc0372.fang.com/
Logger:2020-03-16 09:44:17.778797 https://longyuewan0372.fang.com/3/
Logger:2020-03-16 09:44:18.028737 https://taixiangjiayuanzx.fang.com/
Logger:2020-03-16 09:44:21.690165 https://anyang.newhouse.fang.com/house/s/b99/
Logger:2020-03-16 09:44:25.126499 https://anyang.newhouse.fang.com/house/s/b910/
Logger:2020-03-16 09:44:28.575973 https://anyang.newhouse.fang.com/house/s/b911/
