Logger:2020-03-16 01:30:34.686651 https://baise.newhouse.fang.com/house/s/b91/
Logger:2020-03-16 01:30:36.839774 https://jinchenyuejun.fang.com/
Logger:2020-03-16 01:30:37.120243 https://biguiyuanbs.fang.com/
Logger:2020-03-16 01:30:38.926951 https://wanjinmingmen.fang.com/
Logger:2020-03-16 01:30:39.192142 https://zhongyangchengds0776.fang.com/
Logger:2020-03-16 01:30:39.442657 https://xingfudongjun0776.fang.com/
Logger:2020-03-16 01:30:39.735195 https://gongyuanliga.fang.com/
Logger:2020-03-16 01:30:41.538453 https://longjingmingduyj.fang.com/
Logger:2020-03-16 01:30:42.371190 https://bandaoyangguangwz.fang.com/
Logger:2020-03-16 01:30:42.621556 https://xingguhuayuan.fang.com/
Logger:2020-03-16 01:30:42.887303 https://ytcjx.fang.com/
Logger:2020-03-16 01:30:43.433782 https://jxgjlq.fang.com/
Logger:2020-03-16 01:30:43.714888 https://chuntianhuayuan0776.fang.com/
Logger:2020-03-16 01:30:45.261865 https://xinghewanjc.fang.com/
Logger:2020-03-16 01:30:47.151311 https://xingfuxinchengtd.fang.com/
Logger:2020-03-16 01:30:48.897108 https://lijinghuayuanzc.fang.com/
Logger:2020-03-16 01:30:50.577610 https://binjiangbandao.fang.com/
Logger:2020-03-16 01:30:50.811627 https://xtdgcjh.fang.com/
Logger:2020-03-16 01:30:53.123625 https://xtdjx.fang.com/
Logger:2020-03-16 01:30:53.357571 https://zunfujh.fang.com/
Logger:2020-03-16 01:30:54.717045 https://bshfgc.fang.com/
Logger:2020-03-16 01:30:58.344787 https://baise.newhouse.fang.com/house/s/b92/
Logger:2020-03-16 01:31:00.234933 https://tzdsj.fang.com/
Logger:2020-03-16 01:31:02.504587 https://yuelanwanbshd.fang.com/
Logger:2020-03-16 01:31:04.362908 https://xingfuguangchang.fang.com/
Logger:2020-03-16 01:31:04.589192 https://xingguangdadao0776.fang.com/
Logger:2020-03-16 01:31:04.838649 https://chengguangzhongxinsq.fang.com/
Logger:2020-03-16 01:31:05.103998 https://bsyljy.fang.com/
Logger:2020-03-16 01:31:06.673033 https://changlexingcheng.fang.com/
Logger:2020-03-16 01:31:07.441840 https://lehuozhongyaochengjingxi.fang.com/
Logger:2020-03-16 01:31:07.644875 https://dinganjiayuanbaise.fang.com/
Logger:2020-03-16 01:31:07.941679 https://bshtgc.fang.com/
Logger:2020-03-16 01:31:08.160831 https://xhhxsc.fang.com/
Logger:2020-03-16 01:31:08.379077 https://xcmjsb.fang.com/
Logger:2020-03-16 01:31:08.613429 https://ygcjx.fang.com/
Logger:2020-03-16 01:31:09.629339 https://chengshiguangchanghn.fang.com/
Logger:2020-03-16 01:31:09.863100 https://plwsjx.fang.com/
Logger:2020-03-16 01:31:10.129357 https://gyxcty.fang.com/
Logger:2020-03-16 01:31:10.379337 https://senlingongyuanch.fang.com/
Logger:2020-03-16 01:31:12.083941 https://huaxunchengtianyang.fang.com/
Logger:2020-03-16 01:31:12.286804 https://chengshihuayuanjy0776.fang.com/
Logger:2020-03-16 01:31:13.308163 https://baisecuijingyuan.fang.com/
Logger:2020-03-16 01:31:16.542188 https://baise.newhouse.fang.com/house/s/b93/
Logger:2020-03-16 01:31:16.739332 https://zhanhuashijchengpingguo.fang.com/
Logger:2020-03-16 01:31:18.770317 https://dijingcheng.fang.com/
Logger:2020-03-16 01:31:19.004577 https://qilixianghd.fang.com/
Logger:2020-03-16 01:31:20.619558 https://xcgsjx.fang.com/
Logger:2020-03-16 01:31:20.854134 https://xingfuxinchengzl.fang.com/
Logger:2020-03-16 01:31:22.707616 https://lingfengshuhd.fang.com/
Logger:2020-03-16 01:31:22.957108 https://guojigongguanbl.fang.com/
Logger:2020-03-16 01:31:24.519296 https://xiuqchengbaise.fang.com/
Logger:2020-03-16 01:31:26.679202 https://lxsd.fang.com/
Logger:2020-03-16 01:31:26.959908 https://longshengguojibaise.fang.com/
Logger:2020-03-16 01:31:27.194273 https://shibangxinchengmingdujingxi.fang.com/
Logger:2020-03-16 01:31:28.731735 https://dihaojingyuan.fang.com/
Logger:2020-03-16 01:31:30.169195 https://caihongwangr0776.fang.com/
Logger:2020-03-16 01:31:30.402799 https://huanqiuddszwlc.fang.com/
Logger:2020-03-16 01:31:30.653494 https://guojishangyezhongxindebao.fang.com/
Logger:2020-03-16 01:31:32.381287 https://baigaoshishangjiebaise.fang.com/
Logger:2020-03-16 01:31:32.610825 https://jiantongzhongxin.fang.com/
Logger:2020-03-16 01:31:32.845514 https://yifengbsgjsbc.fang.com/
Logger:2020-03-16 01:31:34.724170 https://gdxnpdsc.fang.com/
Logger:2020-03-16 01:31:36.589284 https://shangyejieyb.fang.com/
Logger:2020-03-16 01:31:39.818665 https://baise.newhouse.fang.com/house/s/b94/
Logger:2020-03-16 01:31:43.452828 https://baise.newhouse.fang.com/house/s/b95/
Logger:2020-03-16 01:31:46.927303 https://baise.newhouse.fang.com/house/s/b96/
