Logger:2020-03-16 15:32:10.869100 https://baishan.newhouse.fang.com/house/s/b91/
Logger:2020-03-16 15:32:11.188284 https://guangzelanting.fang.com/
Logger:2020-03-16 15:32:15.534962 https://changbaishanhuayuan.fang.com/
Logger:2020-03-16 15:32:16.149622 https://hongsongxigucbs.fang.com/
Logger:2020-03-16 15:32:17.980616 https://weimeipingebaishan.fang.com/
Logger:2020-03-16 15:32:22.483162 https://xindenanjun.fang.com/
Logger:2020-03-16 15:32:22.818302 https://yurunxingyuhuafubaishan.fang.com/
Logger:2020-03-16 15:32:23.193793 https://xingjiamingshihaoting.fang.com/
Logger:2020-03-16 15:32:23.782261 https://changbaishanbeiwei41du.fang.com/
Logger:2020-03-16 15:32:24.116340 https://jindihaotingbaishan.fang.com/
Logger:2020-03-16 15:32:24.431458 https://qingfenglishecbs.fang.com/
Logger:2020-03-16 15:32:24.851477 https://chuanjianghuayuanbaishan.fang.com/
Logger:2020-03-16 15:32:25.202092 https://wandachangbaishanguojidujiaqu.fang.com/
Logger:2020-03-16 15:32:25.797820 https://linyuanzhisheng.fang.com/
Logger:2020-03-16 15:32:26.116947 https://huafuxincheng.fang.com/
Logger:2020-03-16 15:32:26.533026 https://guangzegouwuzhongxin.fang.com/
Logger:2020-03-16 15:32:26.871182 https://dongrunhaotingbaishan.fang.com/
Logger:2020-03-16 15:32:27.536539 https://shengshikaixia.fang.com/
Logger:2020-03-16 15:32:27.868675 https://ouyazuanshimingcheng.fang.com/
Logger:2020-03-16 15:32:28.313678 https://changbaishanguojicaifuguangchang.fang.com/
Logger:2020-03-16 15:32:28.636831 https://xinyuanjiangpanhuayuan.fang.com/
Logger:2020-03-16 15:32:33.045533 https://baishan.newhouse.fang.com/house/s/b92/
Logger:2020-03-16 15:32:33.349683 https://hongyijiayuanbaishan.fang.com/
Logger:2020-03-16 15:32:33.750609 https://jiaxingtuanyuanzhijia.fang.com/
Logger:2020-03-16 15:32:34.108831 https://changbaishanxipoxinshanmenshangyemenshi.fang.com/
Logger:2020-03-16 15:32:34.510492 https://lianhuayuanbaishan.fang.com/
Logger:2020-03-16 15:32:34.838856 https://zhaofengjiayuanbaishan.fang.com/
Logger:2020-03-16 15:32:35.149030 https://songjianghejinjiedixiashangchang0439.fang.com/
Logger:2020-03-16 15:32:38.199072 https://qingshanhuisongge.fang.com/
Logger:2020-03-16 15:32:41.887911 https://baishan.newhouse.fang.com/house/s/b93/
Logger:2020-03-16 15:32:45.760370 https://baishan.newhouse.fang.com/house/s/b94/
Logger:2020-03-16 15:32:49.600515 https://baishan.newhouse.fang.com/house/s/b95/
