Logger:2020-03-16 08:33:25.091890 https://baiyin.newhouse.fang.com/house/s/b91/
Logger:2020-03-16 08:33:25.341781 https://jinyuguanlan0943.fang.com/
Logger:2020-03-16 08:33:26.653972 https://jinsehuafu0943.fang.com/
Logger:2020-03-16 08:33:26.951261 https://saiweiliyaby.fang.com/
Logger:2020-03-16 08:33:28.264650 https://tongchengrunyuan.fang.com/
Logger:2020-03-16 08:33:40.923812 https://shenghetongchengjiayuanbinhexiaoqvby.fang.com/
Logger:2020-03-16 08:33:44.738368 https://shimaohuayuansiqi.fang.com/
Logger:2020-03-16 08:33:44.972530 https://jinhuayuanbaozhangxingzhufangby.fang.com/
Logger:2020-03-16 08:33:45.238231 https://tianrunjiayuanby.fang.com/
Logger:2020-03-16 08:33:45.488021 https://sanhejiayuanby.fang.com/
Logger:2020-03-16 08:33:45.789033 https://ningxinjiayuanby.fang.com/
Logger:2020-03-16 08:33:58.957513 https://fumenhuafushijia.fang.com/
Logger:2020-03-16 08:33:59.097338 https://longhuadashaby.fang.com/
Logger:2020-03-16 08:33:59.362899 https://yinaojiayuanbaiyin.fang.com/
Logger:2020-03-16 08:34:07.695970 https://taoranxiaoqu0943.fang.com/
Logger:2020-03-16 08:34:08.045219 https://hantaijiayuan.fang.com/
Logger:2020-03-16 08:34:19.294678 [erro]&&&https://xiangruiyuanxc.fang.com/
Logger:2020-03-16 08:34:27.466217 https://pingguojiayuanbaiyin.fang.com/
Logger:2020-03-16 08:34:27.731780 https://baiyintianheyuan.fang.com/
Logger:2020-03-16 08:34:27.981721 https://jindiyangguangdasha0943.fang.com/
Logger:2020-03-16 08:34:28.356633 https://jingtaiguoji.fang.com/
Logger:2020-03-16 08:34:32.581006 https://baiyin.newhouse.fang.com/house/s/b92/
Logger:2020-03-16 08:34:37.357409 https://zonghedashawangsheng.fang.com/
Logger:2020-03-16 08:34:37.685156 https://jiayeyangguangguoji.fang.com/
Logger:2020-03-16 08:34:44.967556 https://jiahuayuan.fang.com/
Logger:2020-03-16 08:34:45.233686 https://xingguangyinzuonanan.fang.com/
Logger:2020-03-16 08:34:45.514768 https://shangyeguangchangwanfangguoji.fang.com/
Logger:2020-03-16 08:34:47.185923 https://guanlanshangyejie.fang.com/
Logger:2020-03-16 08:34:50.954009 https://baiyin.newhouse.fang.com/house/s/b93/
Logger:2020-03-16 08:34:54.452821 https://baiyin.newhouse.fang.com/house/s/b94/
Logger:2020-03-16 08:34:58.077007 https://baiyin.newhouse.fang.com/house/s/b95/
