Logger:2020-03-16 19:42:53.193733 https://baoji.newhouse.fang.com/house/s/b91/
Logger:2020-03-16 19:42:53.482736 https://fuliwan0917.fang.com/
Logger:2020-03-16 19:42:53.822826 https://jiuyuexiangdutdy.fang.com/
Logger:2020-03-16 19:42:54.140018 https://languangchangdaocheng.fang.com/
Logger:2020-03-16 19:42:54.559394 https://bjhdyjw.fang.com/
Logger:2020-03-16 19:42:54.860257 https://wuyueguangchang0917.fang.com/
Logger:2020-03-16 19:42:55.143607 https://yongjinbandao.fang.com/
Logger:2020-03-16 19:42:55.447795 https://hqytx.fang.com/
Logger:2020-03-16 19:42:55.825723 https://gaoxinfazhandaduhui.fang.com/
Logger:2020-03-16 19:42:56.143905 https://yucaiyihaogongyuan.fang.com/
Logger:2020-03-16 19:42:56.447065 https://lvdilongdi.fang.com/
Logger:2020-03-16 19:42:56.756257 https://shuimuhuayuan0917.fang.com/
Logger:2020-03-16 19:42:57.141228 https://yucaitianyue.fang.com/
Logger:2020-03-16 19:42:57.447440 https://ycbyf.fang.com/
Logger:2020-03-16 19:42:57.755511 https://chengguoheyuan.fang.com/
Logger:2020-03-16 19:42:58.264724 https://zhenhetianxia.fang.com/
Logger:2020-03-16 19:42:58.793348 https://bjbgyfhc.fang.com/
Logger:2020-03-16 19:42:59.125460 https://gelanyuntian0917.fang.com/
Logger:2020-03-16 19:42:59.489157 https://sanqianchengbx.fang.com/
Logger:2020-03-16 19:42:59.828728 https://yonghuagongguan.fang.com/
Logger:2020-03-16 19:43:00.284468 https://hxzygy0917.fang.com/
Logger:2020-03-16 19:43:04.043181 https://baoji.newhouse.fang.com/house/s/b92/
Logger:2020-03-16 19:43:04.290551 https://hualongxingfuli.fang.com/
Logger:2020-03-16 19:43:04.595667 https://jfycjs.fang.com/
Logger:2020-03-16 19:43:04.936368 https://xuanyuanyuehuafu.fang.com/
Logger:2020-03-16 19:43:05.233590 https://hailanwan.fang.com/
Logger:2020-03-16 19:43:05.524356 https://tianxitaisg.fang.com/
Logger:2020-03-16 19:43:05.823544 https://zclsj.fang.com/
Logger:2020-03-16 19:43:06.197610 https://gaoxinshoufu0917.fang.com/
Logger:2020-03-16 19:43:06.495745 https://haihewan.fang.com/
Logger:2020-03-16 19:43:06.803880 https://jinyuyangguangbj.fang.com/
Logger:2020-03-16 19:43:07.105627 https://taisenyijiayuan.fang.com/
Logger:2020-03-16 19:43:07.423814 https://sandijinyunfu.fang.com/
Logger:2020-03-16 19:43:07.697045 https://dongfangyipin.fang.com/2/
Logger:2020-03-16 19:43:07.944417 https://hanqianghaidegongyuan.fang.com/
Logger:2020-03-16 19:43:08.247644 https://sdjygx.fang.com/
Logger:2020-03-16 19:43:08.827643 https://shijiajingcheng0917.fang.com/
Logger:2020-03-16 19:43:09.131820 https://gaoxinlongtaifu.fang.com/
Logger:2020-03-16 19:43:11.503665 https://wutonglishuicheng.fang.com/
Logger:2020-03-16 19:43:11.786972 https://feicuidongchengbj.fang.com/
Logger:2020-03-16 19:43:12.109046 https://sdjjzy.fang.com/
Logger:2020-03-16 19:43:12.418264 https://qianweishangpin.fang.com/
Logger:2020-03-16 19:43:16.017834 https://baoji.newhouse.fang.com/house/s/b93/
Logger:2020-03-16 19:43:16.278375 https://longtingshanshui.fang.com/1/
Logger:2020-03-16 19:43:16.592501 https://zjjsml.fang.com/
Logger:2020-03-16 19:43:16.907657 https://sgszy.fang.com/
Logger:2020-03-16 19:43:17.210408 https://hlyyf.fang.com/
Logger:2020-03-16 19:43:17.497796 https://bjlhxq.fang.com/
Logger:2020-03-16 19:43:17.835891 https://bjsysp.fang.com/
Logger:2020-03-16 19:43:18.215878 https://tbsytzlq.fang.com/
Logger:2020-03-16 19:43:18.568727 https://xjfhc.fang.com/
Logger:2020-03-16 19:43:18.885604 https://taisenboyuegongguan.fang.com/
Logger:2020-03-16 19:43:19.175828 https://jinyuefu0917.fang.com/
Logger:2020-03-16 19:43:19.505945 https://xylt0917.fang.com/
Logger:2020-03-16 19:43:19.792209 https://haochengtianxia.fang.com/
Logger:2020-03-16 19:43:20.064451 https://yujingnanshan.fang.com/
Logger:2020-03-16 19:43:20.351230 https://mxssyz.fang.com/
Logger:2020-03-16 19:43:22.844318 https://dstyu.fang.com/
Logger:2020-03-16 19:43:23.149499 https://haitangchenjing.fang.com/
Logger:2020-03-16 19:43:23.445708 https://shangpujinyuan.fang.com/
Logger:2020-03-16 19:43:23.808941 https://yuecheng0917.fang.com/
Logger:2020-03-16 19:43:24.171911 https://dongguanshijicheng.fang.com/
Logger:2020-03-16 19:43:24.623700 https://wsryjc.fang.com/
Logger:2020-03-16 19:43:28.397607 https://baoji.newhouse.fang.com/house/s/b94/
Logger:2020-03-16 19:43:30.269052 https://shuiyunjiayuan0917.fang.com/
Logger:2020-03-16 19:43:30.733810 https://klhlhf.fang.com/
Logger:2020-03-16 19:43:31.039990 https://yajuyuanlm.fang.com/
Logger:2020-03-16 19:43:31.391090 https://jinshengjindu.fang.com/
Logger:2020-03-16 19:43:31.708479 https://jingweixintiandi.fang.com/
Logger:2020-03-16 19:43:33.863090 https://zhongyuanwantongguoji.fang.com/
Logger:2020-03-16 19:43:34.186045 https://htfszx.fang.com/
Logger:2020-03-16 19:43:34.457319 https://tswry.fang.com/
Logger:2020-03-16 19:43:34.726599 https://panlongguandi.fang.com/
Logger:2020-03-16 19:43:35.057370 https://ruifengshangdubj.fang.com/
Logger:2020-03-16 19:43:37.100357 https://bjqwxc.fang.com/
Logger:2020-03-16 19:43:37.419503 https://guoyuedongjun.fang.com/
Logger:2020-03-16 19:43:37.731668 https://ltssdfyy.fang.com/
Logger:2020-03-16 19:43:38.069345 https://jindingruyuan.fang.com/
Logger:2020-03-16 19:43:38.395442 https://8226xinqidianpd.fang.com/
Logger:2020-03-16 19:43:38.673339 https://junlinchengbang0917.fang.com/
Logger:2020-03-16 19:43:38.938390 https://sysp.fang.com/
Logger:2020-03-16 19:43:39.280475 https://biguiyuanxuefuyihao.fang.com/
Logger:2020-03-16 19:43:39.619586 https://lvdixincheng.fang.com/
Logger:2020-03-16 19:43:39.929367 https://lingjundongcheng.fang.com/
Logger:2020-03-16 19:43:43.465606 https://baoji.newhouse.fang.com/house/s/b95/
Logger:2020-03-16 19:43:45.110337 https://sdgjgy.fang.com/
Logger:2020-03-16 19:43:46.807424 https://hygysg.fang.com/
Logger:2020-03-16 19:43:47.101594 https://taibaishanshui.fang.com/
Logger:2020-03-16 19:43:47.401234 https://lijinghuating0917.fang.com/
Logger:2020-03-16 19:43:47.687018 https://xwlanhuwan.fang.com/
Logger:2020-03-16 19:43:49.362539 https://helixirunnanshan.fang.com/
Logger:2020-03-16 19:43:49.667723 https://wolongxuefu.fang.com/
Logger:2020-03-16 19:43:49.944983 https://htlt.fang.com/
Logger:2020-03-16 19:43:50.228223 https://jufengyiduhui.fang.com/
Logger:2020-03-16 19:43:51.661350 https://tgds.fang.com/
Logger:2020-03-16 19:43:51.922687 https://sgcclj.fang.com/
Logger:2020-03-16 19:43:53.586502 https://dlgjzx.fang.com/
Logger:2020-03-16 19:43:53.854784 https://pengbozhongxin.fang.com/
Logger:2020-03-16 19:43:54.206843 https://sgxz.fang.com/
Logger:2020-03-16 19:43:54.495582 https://fengqingjiayuan0917.fang.com/
Logger:2020-03-16 19:43:58.098188 https://baoji.newhouse.fang.com/house/s/b96/
Logger:2020-03-16 19:44:01.759841 https://baoji.newhouse.fang.com/house/s/b97/
Logger:2020-03-16 19:44:05.260108 https://baoji.newhouse.fang.com/house/s/b98/
