Logger:2020-03-16 23:50:58.863201 https://baoshan.newhouse.fang.com/house/s/b91/
Logger:2020-03-16 23:50:59.195419 https://tcdxyzqyj.fang.com/
Logger:2020-03-16 23:50:59.595357 https://baofengheyuan.fang.com/
Logger:2020-03-16 23:50:59.944382 https://tcdxyzgyq.fang.com/
Logger:2020-03-16 23:51:03.079973 https://donghushu.fang.com/
Logger:2020-03-16 23:51:06.924144 https://fenghuangbj.fang.com/
Logger:2020-03-16 23:51:07.254766 https://yajuleyunnanyuanxiang.fang.com/
Logger:2020-03-16 23:51:07.581929 https://qidiebingxuexiaozhentc.fang.com/
Logger:2020-03-16 23:51:07.878099 https://gaoligongxiaozhenjy.fang.com/
Logger:2020-03-16 23:51:08.297219 https://baonengcaiyunzhishang.fang.com/
Logger:2020-03-16 23:51:08.604431 https://huaqiaochengmenghuantengchong.fang.com/
Logger:2020-03-16 23:51:10.491573 https://xiangbinzhuangyuanbs.fang.com/
Logger:2020-03-16 23:51:10.825179 https://tchsyt.fang.com/
Logger:2020-03-16 23:51:11.259018 https://sainazhuangyuantc.fang.com/
Logger:2020-03-16 23:51:11.737271 https://mayuwenquanxiaozhen.fang.com/
Logger:2020-03-16 23:51:12.082144 https://yiwuguojishangmaocheng0875.fang.com/
Logger:2020-03-16 23:51:12.402326 https://yihaoyuanbszl.fang.com/
Logger:2020-03-16 23:51:12.841115 https://baolonglongtingyuan.fang.com/
Logger:2020-03-16 23:51:13.165283 https://shitoujitc.fang.com/
Logger:2020-03-16 23:51:13.479052 https://hengtaitianzijun.fang.com/
Logger:2020-03-16 23:51:15.601974 https://wanhehuafuyiqi.fang.com/
Logger:2020-03-16 23:51:19.374676 https://baoshan.newhouse.fang.com/house/s/b92/
Logger:2020-03-16 23:51:19.832046 https://jiachengmingduguangchang.fang.com/
Logger:2020-03-16 23:51:20.179064 https://fengshengyipintc.fang.com/
Logger:2020-03-16 23:51:20.571075 https://qidanguzhenwq.fang.com/
Logger:2020-03-16 23:51:22.208993 https://tengchongyingxiang.fang.com/
Logger:2020-03-16 23:51:22.641759 https://jinyizhuangyuan.fang.com/
Logger:2020-03-16 23:51:22.960905 https://shunyifutc.fang.com/
Logger:2020-03-16 23:51:23.281388 https://gaoligongguojilvyoucheng.fang.com/
Logger:2020-03-16 23:51:26.773650 https://tengchongheshunli.fang.com/
Logger:2020-03-16 23:51:27.134638 https://ytjzgjkydjq.fang.com/
Logger:2020-03-16 23:51:27.416506 https://tengchonggushi.fang.com/
Logger:2020-03-16 23:51:27.740763 https://tengyuelanshanzs.fang.com/
Logger:2020-03-16 23:51:30.606681 https://dongshanhuyhhy.fang.com/
Logger:2020-03-16 23:51:30.889988 https://tengchongbiguiyuan.fang.com/
Logger:2020-03-16 23:51:31.355681 https://baoshanwuzhouguoji.fang.com/
Logger:2020-03-16 23:51:31.864483 https://shuimozhongguo.fang.com/
Logger:2020-03-16 23:51:32.177715 https://tengchongshijicheng.fang.com/
Logger:2020-03-16 23:51:34.392344 https://shanyuhu0875.fang.com/
Logger:2020-03-16 23:51:34.822193 https://shijigongguanbs.fang.com/
Logger:2020-03-16 23:51:36.014990 https://baoshan.newhouse.fang.com/house/3417185972.htm
Logger:2020-03-16 23:51:36.306039 https://baoshanchengshilixiang.fang.com/
Logger:2020-03-16 23:51:39.888593 https://baoshan.newhouse.fang.com/house/s/b93/
Logger:2020-03-16 23:51:43.633362 https://guchashujiarizhuangyuan.fang.com/
Logger:2020-03-16 23:51:44.596783 https://baoshan.newhouse.fang.com/house/3417188940.htm
Logger:2020-03-16 23:51:48.217603 https://nongminjie.fang.com/
Logger:2020-03-16 23:51:48.538816 https://yanhuguojihuayuanyiqi.fang.com/
Logger:2020-03-16 23:51:48.907314 https://meiyuzhongyang.fang.com/
Logger:2020-03-16 23:51:49.219481 https://huijindasha0875.fang.com/
Logger:2020-03-16 23:51:49.525660 https://tangchengjindu.fang.com/
Logger:2020-03-16 23:51:49.871868 https://wenquanrenjiadjw.fang.com/
Logger:2020-03-16 23:51:50.240369 https://fudianmingcheng.fang.com/
Logger:2020-03-16 23:51:51.977361 https://napaxishan.fang.com/
Logger:2020-03-16 23:51:53.769572 https://yihaoguangchangtc.fang.com/
Logger:2020-03-16 23:51:55.447475 https://yahuguoji.fang.com/
Logger:2020-03-16 23:51:59.118265 https://baoshan.newhouse.fang.com/house/s/b94/
Logger:2020-03-16 23:52:03.119034 https://baoshan.newhouse.fang.com/house/s/b95/
Logger:2020-03-16 23:52:06.716637 https://baoshan.newhouse.fang.com/house/s/b96/
