Logger:2020-03-16 20:44:33.786419 https://bazhong.newhouse.fang.com/house/s/b91/
Logger:2020-03-16 20:44:35.278464 https://hxyzty.fang.com/
Logger:2020-03-16 20:44:36.318378 https://liyangmingjuhx.fang.com/
Logger:2020-03-16 20:44:36.659507 https://shilishuxiangsoufun.fang.com/
Logger:2020-03-16 20:44:36.974623 https://baolongmingdi.fang.com/
Logger:2020-03-16 20:44:37.342638 https://yuncheng2.fang.com/
Logger:2020-03-16 20:44:37.667320 https://ouzhouxincheng0827.fang.com/
Logger:2020-03-16 20:44:40.189211 https://taichenglingyu.fang.com/
Logger:2020-03-16 20:44:41.733149 https://youzhuouzhoucheng.fang.com/
Logger:2020-03-16 20:44:42.071246 https://huaxingkailaiguoji.fang.com/2/
Logger:2020-03-16 20:44:42.381415 https://youzhuyinjiangzhou.fang.com/
Logger:2020-03-16 20:44:42.719545 https://zhixinchengyihaoyuan.fang.com/
Logger:2020-03-16 20:44:43.039248 https://guoshengshoufu.fang.com/
Logger:2020-03-16 20:44:43.374860 https://zhixinfunanyuan.fang.com/
Logger:2020-03-16 20:44:43.705936 https://borunsijichengrb.fang.com/
Logger:2020-03-16 20:44:47.609076 https://guolijiangwancheng.fang.com/
Logger:2020-03-16 20:44:48.557531 https://luxiguojihx.fang.com/
Logger:2020-03-16 20:44:50.625655 https://borunyuanrb.fang.com/
Logger:2020-03-16 20:44:50.947755 https://yuyidiecui.fang.com/
Logger:2020-03-16 20:44:51.268896 https://guojishequzx.fang.com/3/
Logger:2020-03-16 20:44:51.635549 https://yinglunzhuangyuan0827.fang.com/
Logger:2020-03-16 20:44:56.040596 https://bazhong.newhouse.fang.com/house/s/b92/
Logger:2020-03-16 20:44:56.351766 https://julintianxiacheng.fang.com/
Logger:2020-03-16 20:44:56.600100 https://longjinwan0827.fang.com/
Logger:2020-03-16 20:44:57.715620 https://zhongyangchengbangkp.fang.com/
Logger:2020-03-16 20:44:59.357180 https://hongtajincheng.fang.com/
Logger:2020-03-16 20:45:04.955236 https://zijinyingxiang2.fang.com/
Logger:2020-03-16 20:45:05.266446 https://hongjinmingcheng.fang.com/
Logger:2020-03-16 20:45:05.573665 https://yijingxinchenghx.fang.com/
Logger:2020-03-16 20:45:11.350294 https://nanchengduhui0827.fang.com/
Logger:2020-03-16 20:45:17.950464 https://renhejiayuan0827.fang.com/
Logger:2020-03-16 20:45:18.255259 https://bojingwan0827.fang.com/
Logger:2020-03-16 20:45:18.556510 https://ygbjyh.fang.com/
Logger:2020-03-16 20:45:25.022168 https://nanjiangyinxiang.fang.com/
Logger:2020-03-16 20:45:25.291406 https://zhixincheng.fang.com/
Logger:2020-03-16 20:45:29.616925 https://beichentianjiao2.fang.com/
Logger:2020-03-16 20:45:29.885338 https://jintaiyangguang.fang.com/
Logger:2020-03-16 20:45:30.219481 https://xinghebanshanyicheng.fang.com/2/
Logger:2020-03-16 20:45:30.550559 https://beichenyangguang.fang.com/
Logger:2020-03-16 20:45:30.897631 https://jiangshanchengzr.fang.com/
Logger:2020-03-16 20:45:40.234769 https://sjwtcl0827.fang.com/
Logger:2020-03-16 20:45:40.641076 https://gelinjun.fang.com/
Logger:2020-03-16 20:45:44.709124 https://bazhong.newhouse.fang.com/house/s/b93/
Logger:2020-03-16 20:45:44.995295 https://meilihangduyk.fang.com/
Logger:2020-03-16 20:45:45.257577 https://longtengjinchenghj.fang.com/
Logger:2020-03-16 20:45:45.525734 https://kangchengguoji0827.fang.com/
Logger:2020-03-16 20:45:50.418686 https://dongfangmingyuan0827.fang.com/
Logger:2020-03-16 20:45:50.769749 https://ngjgw.fang.com/
Logger:2020-03-16 20:45:51.248545 https://guojichengjx0827.fang.com/
Logger:2020-03-16 20:45:55.564135 https://zjxbbd.fang.com/
Logger:2020-03-16 20:45:58.148504 https://ybgjspc0827.fang.com/
Logger:2020-03-16 20:46:02.349176 https://jdbjwf.fang.com/
Logger:2020-03-16 20:46:08.289067 https://yangguangenyanggongguan.fang.com/
Logger:2020-03-16 20:46:08.581831 https://yihelwyf.fang.com/
Logger:2020-03-16 20:46:12.869487 https://kaibangmingmen.fang.com/
Logger:2020-03-16 20:46:13.196635 https://zhongyanggongyuanyg0827.fang.com/
Logger:2020-03-16 20:46:13.484845 https://zhixinfu.fang.com/
Logger:2020-03-16 20:46:13.780063 https://guolihuahaisenlin.fang.com/
Logger:2020-03-16 20:46:17.895454 https://yujingwan0827.fang.com/
Logger:2020-03-16 20:46:18.245478 https://jiangnanfudi0827.fang.com/2/
Logger:2020-03-16 20:46:18.515793 https://jiangnanshangcheng.fang.com/2/
Logger:2020-03-16 20:46:18.796081 https://jinrunchengjf.fang.com/
Logger:2020-03-16 20:46:23.018994 https://jinxiutongjiang.fang.com/
Logger:2020-03-16 20:46:27.215718 https://bazhong.newhouse.fang.com/house/s/b94/
Logger:2020-03-16 20:46:27.778778 https://hongdiyipin.fang.com/
Logger:2020-03-16 20:46:33.493544 https://longwankangcheng.fang.com/
Logger:2020-03-16 20:46:36.116742 https://yyfd0827.fang.com/
Logger:2020-03-16 20:46:36.442883 https://zeyaoyipin.fang.com/
Logger:2020-03-16 20:46:40.376411 https://tianbaochengjh.fang.com/
Logger:2020-03-16 20:46:40.693253 https://beichenyajun.fang.com/
Logger:2020-03-16 20:46:41.087706 https://yichengmingzhu.fang.com/
Logger:2020-03-16 20:46:41.684147 https://caifuzhongxinzs.fang.com/
Logger:2020-03-16 20:46:41.954985 https://dongchengguoji0827.fang.com/
Logger:2020-03-16 20:46:42.333898 https://jiuligongyuan.fang.com/
Logger:2020-03-16 20:46:46.091578 https://bazhong.newhouse.fang.com/house/3226098384.htm
Logger:2020-03-16 20:46:48.976046 https://fojiang.fang.com/
Logger:2020-03-16 20:46:52.560718 https://bazhong.newhouse.fang.com/house/3226185420.htm
Logger:2020-03-16 20:46:52.839935 https://chongjinyuanhx.fang.com/
Logger:2020-03-16 20:46:56.421342 https://yishanjunnb.fang.com/
Logger:2020-03-16 20:46:56.733237 https://bgyglyjs.fang.com/
Logger:2020-03-16 20:46:58.509949 https://zeyaolingdi.fang.com/
Logger:2020-03-16 20:46:58.822651 https://lewanyufu.fang.com/
Logger:2020-03-16 20:47:04.109353 https://jinfoyinglunxuefupc.fang.com/
Logger:2020-03-16 20:47:04.378613 https://gwhggjslkyxz.fang.com/
Logger:2020-03-16 20:47:08.489355 https://bazhong.newhouse.fang.com/house/s/b95/
Logger:2020-03-16 20:47:10.035757 https://bangtaizhongxin0827.fang.com/
Logger:2020-03-16 20:47:12.359139 https://tianjiaohuadu0827.fang.com/
Logger:2020-03-16 20:47:14.322415 https://lidaguangchang2.fang.com/
Logger:2020-03-16 20:47:16.887857 https://sijihuacheng0827.fang.com/
Logger:2020-03-16 20:47:17.323219 https://wangjiangmingdujf.fang.com/
Logger:2020-03-16 20:47:21.077097 https://bahebandao.fang.com/
Logger:2020-03-16 20:47:21.470924 https://yptxpchkt.fang.com/
Logger:2020-03-16 20:47:21.742703 https://jjhy0827.fang.com/
Logger:2020-03-16 20:47:26.221519 https://wenhuachuntian.fang.com/
Logger:2020-03-16 20:47:29.130121 https://txgc0827.fang.com/
Logger:2020-03-16 20:47:35.138761 https://wangfujinggouwuzhongxinzj.fang.com/
Logger:2020-03-16 20:47:35.453919 https://shanhailongdao.fang.com/
Logger:2020-03-16 20:47:39.259720 https://nankanbaguocheng.fang.com/
Logger:2020-03-16 20:47:39.536978 https://tfyx.fang.com/
Logger:2020-03-16 20:47:39.877113 https://guangwuyueq.fang.com/
Logger:2020-03-16 20:47:40.143923 https://sakc0827.fang.com/
Logger:2020-03-16 20:47:44.692769 https://huijinguangchang0827.fang.com/
Logger:2020-03-16 20:47:45.094604 https://nanshanguojibr.fang.com/
Logger:2020-03-16 20:47:45.378538 https://yihaoyys.fang.com/
Logger:2020-03-16 20:47:48.177505 https://aqhgjsqgh.fang.com/
Logger:2020-03-16 20:47:52.699675 https://bazhong.newhouse.fang.com/house/s/b96/
Logger:2020-03-16 20:47:56.236056 https://huilongwan0827.fang.com/
Logger:2020-03-16 20:47:56.567172 https://xintiandiwx0827.fang.com/
Logger:2020-03-16 20:47:56.904849 https://shangjiangyihaozp.fang.com/
Logger:2020-03-16 20:47:59.156629 https://tjgjsmcyp.fang.com/
Logger:2020-03-16 20:48:05.142241 https://bhsjcsp.fang.com/
Logger:2020-03-16 20:48:09.163350 https://bazhong.newhouse.fang.com/house/3226273422.htm
Logger:2020-03-16 20:48:12.264189 https://aoyuanbahelangqiao.fang.com/
Logger:2020-03-16 20:48:13.920489 https://bazhong.newhouse.fang.com/house/3226099032.htm
Logger:2020-03-16 20:48:14.227626 https://banshanyichengxh.fang.com/shop/
Logger:2020-03-16 20:48:17.277387 https://guojiguangchangzq.fang.com/shop/
Logger:2020-03-16 20:48:19.811837 https://lxsdgc.fang.com/
Logger:2020-03-16 20:48:20.176859 https://wjjdscbz.fang.com/
Logger:2020-03-16 20:48:22.089848 https://bazhong.newhouse.fang.com/house/3226098060.htm
Logger:2020-03-16 20:48:22.400350 https://hongxiaguoji.fang.com/
Logger:2020-03-16 20:48:24.455407 https://yijingxincheng0827.fang.com/
Logger:2020-03-16 20:48:28.066540 https://bazhong.newhouse.fang.com/house/s/b97/
Logger:2020-03-16 20:48:31.629086 https://bazhong.newhouse.fang.com/house/s/b98/
Logger:2020-03-16 20:48:35.376562 https://bazhong.newhouse.fang.com/house/s/b99/
