Logger:2020-03-16 23:25:17.016296 https://bazhou.newhouse.fang.com/house/s/b91/
Logger:2020-03-16 23:25:17.331416 https://qcbyw.fang.com/
Logger:2020-03-16 23:25:17.669503 https://lingdilantaifu0996.fang.com/
Logger:2020-03-16 23:25:18.010581 https://kxgjgg.fang.com/
Logger:2020-03-16 23:25:18.397071 https://wutongrenjia0996.fang.com/
Logger:2020-03-16 23:25:18.728184 https://tianlushangyuanjy.fang.com/
Logger:2020-03-16 23:25:19.061295 https://sanqianchengrx.fang.com/
Logger:2020-03-16 23:25:20.627939 https://puyueguanjingyuan.fang.com/
Logger:2020-03-16 23:25:20.993057 https://meihaoxldy.fang.com/
Logger:2020-03-16 23:25:21.297288 https://qinyuanchunjin.fang.com/
Logger:2020-03-16 23:25:21.609924 https://ldsltj.fang.com/
Logger:2020-03-16 23:25:21.911118 https://xinanshuijun.fang.com/
Logger:2020-03-16 23:25:22.291103 https://kongquechengbanghc.fang.com/
Logger:2020-03-16 23:25:22.647768 https://guanlanting.fang.com/
Logger:2020-03-16 23:25:22.976422 https://ludongyuan.fang.com/
Logger:2020-03-16 23:25:23.313987 https://tahemingcheng.fang.com/
Logger:2020-03-16 23:25:23.696946 https://fangxiangmeijuhs.fang.com/
Logger:2020-03-16 23:25:26.429111 https://guannonghjt.fang.com/
Logger:2020-03-16 23:25:26.891814 https://chenyanghuafu.fang.com/
Logger:2020-03-16 23:25:27.180042 https://jinglongmeihu.fang.com/
Logger:2020-03-16 23:25:27.458319 https://shuimowan.fang.com/
Logger:2020-03-16 23:25:30.834119 https://bazhou.newhouse.fang.com/house/s/b92/
Logger:2020-03-16 23:25:31.142295 https://jiangnanchengba0996.fang.com/
Logger:2020-03-16 23:25:31.473439 https://hehejiayuan.fang.com/
Logger:2020-03-16 23:25:31.849038 https://xcxsjjr.fang.com/
Logger:2020-03-16 23:25:34.143583 https://shengdixinchenghy.fang.com/
Logger:2020-03-16 23:25:34.534059 https://ntbyxh.fang.com/
Logger:2020-03-16 23:25:34.852208 https://milanchuntian0996.fang.com/
Logger:2020-03-16 23:25:36.818425 https://gdssgj.fang.com/
Logger:2020-03-16 23:25:37.208785 https://xbyyxjx.fang.com/
Logger:2020-03-16 23:25:37.524888 https://haoshuaitaoyuanli.fang.com/
Logger:2020-03-16 23:25:37.831196 https://kqh1h.fang.com/
Logger:2020-03-16 23:25:38.147845 https://chengshiguangchanghx20996.fang.com/
Logger:2020-03-16 23:25:39.894695 https://weidaxuefu.fang.com/
Logger:2020-03-16 23:25:40.266211 https://jrsdgchy.fang.com/
Logger:2020-03-16 23:25:40.623291 https://huarongguangchang0996.fang.com/
Logger:2020-03-16 23:25:40.949788 https://guanjingyuanzx.fang.com/
Logger:2020-03-16 23:25:41.358812 https://huayuanchengbanggn.fang.com/
Logger:2020-03-16 23:25:41.667463 https://weilaiyudc.fang.com/
Logger:2020-03-16 23:25:43.378478 https://yuherongjing.fang.com/
Logger:2020-03-16 23:25:45.186772 https://xibuyajv.fang.com/
Logger:2020-03-16 23:25:45.557701 https://feicuichengjz.fang.com/
Logger:2020-03-16 23:25:49.355406 https://bazhou.newhouse.fang.com/house/s/b93/
Logger:2020-03-16 23:25:49.653341 https://modengbobo0996.fang.com/
Logger:2020-03-16 23:25:49.974560 https://jiuzhoulanwan.fang.com/
Logger:2020-03-16 23:25:50.300602 https://hmbjw.fang.com/
Logger:2020-03-16 23:25:50.685654 https://yuexingguangjiao.fang.com/
Logger:2020-03-16 23:25:51.038120 https://luzhouyaju.fang.com/
Logger:2020-03-16 23:25:51.348282 https://hantangjinting.fang.com/
Logger:2020-03-16 23:25:51.734253 https://wanhedasha0996.fang.com/
Logger:2020-03-16 23:25:52.105295 https://qinhuairenjia.fang.com/
Logger:2020-03-16 23:25:52.425989 https://hanlindongyuan.fang.com/
Logger:2020-03-16 23:25:52.760131 https://xxyjjt.fang.com/
Logger:2020-03-16 23:25:53.065315 https://yangguangxiaozhen0996.fang.com/
Logger:2020-03-16 23:25:53.440984 https://shangchengyijing.fang.com/
Logger:2020-03-16 23:25:53.770060 https://hongxitaity.fang.com/
Logger:2020-03-16 23:25:56.285886 https://badongyuan.fang.com/
Logger:2020-03-16 23:25:56.823388 https://zhuoyuechuntian.fang.com/
Logger:2020-03-16 23:25:57.203991 https://xinchenghuayuan0996.fang.com/2/
Logger:2020-03-16 23:25:57.541126 https://andaruyuan.fang.com/
Logger:2020-03-16 23:25:57.939065 https://huanlehaianwh.fang.com/
Logger:2020-03-16 23:25:58.255576 https://jintianjiayuanyg.fang.com/
Logger:2020-03-16 23:25:58.627934 https://hfdjf.fang.com/
Logger:2020-03-16 23:26:02.670131 https://bazhou.newhouse.fang.com/house/s/b94/
Logger:2020-03-16 23:26:04.072348 https://xingdajiayuan.fang.com/
Logger:2020-03-16 23:26:04.491776 https://hbgjncpwlsmc.fang.com/
Logger:2020-03-16 23:26:04.880735 https://kelmysc.fang.com/
Logger:2020-03-16 23:26:05.171958 https://hsncpzhsc.fang.com/
Logger:2020-03-16 23:26:05.678701 https://kongquelanwanzb.fang.com/
Logger:2020-03-16 23:26:06.011366 https://donganmeilu.fang.com/
Logger:2020-03-16 23:26:06.404319 https://gdzyhy.fang.com/
Logger:2020-03-16 23:26:06.929922 https://fdblhy.fang.com/
Logger:2020-03-16 23:26:07.805135 https://shuianhuayuanyd.fang.com/
Logger:2020-03-16 23:26:08.170201 https://chuanyiyinzuo.fang.com/
Logger:2020-03-16 23:26:08.440060 https://jinpengwan.fang.com/
Logger:2020-03-16 23:26:08.818950 https://xingwangjiayuan0996.fang.com/
Logger:2020-03-16 23:26:09.136836 https://ykqyssy.fang.com/
Logger:2020-03-16 23:26:09.424656 https://huahaoyueyuan0996.fang.com/
Logger:2020-03-16 23:26:10.969553 https://xinfucheng0996.fang.com/
Logger:2020-03-16 23:26:11.331306 https://guomaozhongxin0996.fang.com/
Logger:2020-03-16 23:26:11.652531 https://zxsxjy.fang.com/
Logger:2020-03-16 23:26:11.998307 https://taizhoumingyuan.fang.com/
Logger:2020-03-16 23:26:13.679804 https://jgjyzx.fang.com/
Logger:2020-03-16 23:26:14.031830 https://yishengguoji.fang.com/
Logger:2020-03-16 23:26:18.168655 https://bazhou.newhouse.fang.com/house/s/b95/
Logger:2020-03-16 23:26:18.445913 https://zhongjiahuayuan0996.fang.com/
Logger:2020-03-16 23:26:25.133048 https://xncglyy0996.fang.com/
Logger:2020-03-16 23:26:25.436195 https://hsjxb.fang.com/
Logger:2020-03-16 23:26:27.425751 https://jingyudashajz.fang.com/
Logger:2020-03-16 23:26:27.771341 https://huameijuhx.fang.com/
Logger:2020-03-16 23:26:33.210093 https://zhjytjy.fang.com/
Logger:2020-03-16 23:26:33.524342 https://xingfulihj.fang.com/
Logger:2020-03-16 23:26:35.232759 https://wanhexfbxj.fang.com/
Logger:2020-03-16 23:26:35.520093 https://hlxagy.fang.com/
Logger:2020-03-16 23:26:36.005880 https://wanheyinzuo0996.fang.com/
Logger:2020-03-16 23:26:36.382811 https://chengshiguangchanghx0996.fang.com/
Logger:2020-03-16 23:26:37.054056 https://yuanjingcheng0996.fang.com/
Logger:2020-03-16 23:26:37.347351 https://shuixuanmingyuan.fang.com/
Logger:2020-03-16 23:26:37.799723 https://zyzyhy.fang.com/
Logger:2020-03-16 23:26:38.123894 https://xjygdzswcyy.fang.com/
Logger:2020-03-16 23:26:38.476910 https://dxfqj.fang.com/
Logger:2020-03-16 23:26:38.851731 https://kuerle.newhouse.fang.com/house/4030279652.htm
Logger:2020-03-16 23:26:39.133667 https://cuixiyuanzx.fang.com/
Logger:2020-03-16 23:26:40.397421 https://kfqzbbgdl.fang.com/
Logger:2020-03-16 23:26:40.697557 https://taiyangchenglbze.fang.com/
Logger:2020-03-16 23:26:45.178955 https://bazhou.newhouse.fang.com/house/s/b96/
Logger:2020-03-16 23:26:45.443206 https://shijizhongxingy.fang.com/
Logger:2020-03-16 23:26:45.749829 https://hexieguagnchangyl.fang.com/
Logger:2020-03-16 23:26:46.055828 https://haibingshangyecheng0996.fang.com/
Logger:2020-03-16 23:26:47.905826 https://baishunshangmaocheng0996.fang.com/
Logger:2020-03-16 23:26:48.253360 https://xhtsmzx.fang.com/
Logger:2020-03-16 23:26:48.590501 https://xiyushangpinjie.fang.com/
Logger:2020-03-16 23:26:48.887742 https://ytyycsyfwzx.fang.com/
Logger:2020-03-16 23:26:49.179960 https://hxylzhsc.fang.com/
Logger:2020-03-16 23:26:49.473211 https://sdgjhqgc.fang.com/
Logger:2020-03-16 23:26:49.821330 https://siluxiaozhenhx.fang.com/
Logger:2020-03-16 23:26:50.114604 https://dfswlnjnzsc.fang.com/
Logger:2020-03-16 23:26:50.397808 https://ghsybxj.fang.com/
Logger:2020-03-16 23:26:50.683081 https://dashidailx.fang.com/
Logger:2020-03-16 23:26:52.681533 https://kuerle.newhouse.fang.com/house/4030279662.htm
Logger:2020-03-16 23:26:52.989444 https://nanjiangchengsl.fang.com/
Logger:2020-03-16 23:26:56.505028 https://bazhou.newhouse.fang.com/house/s/b97/
Logger:2020-03-16 23:27:00.063734 https://bazhou.newhouse.fang.com/house/s/b98/
Logger:2020-03-16 23:27:03.615440 https://bazhou.newhouse.fang.com/house/s/b99/
