Logger:2020-03-16 12:17:27.080156 https://bd.newhouse.fang.com/house/s/b91/
Logger:2020-03-16 12:17:27.488065 https://jiarilichenghz.fang.com/
Logger:2020-03-16 12:17:27.877024 https://baishishanju.fang.com/
Logger:2020-03-16 12:17:28.242048 https://guanjingtai0312.fang.com/
Logger:2020-03-16 12:17:29.053920 https://wanxianghuajun.fang.com/
Logger:2020-03-16 12:17:29.384025 https://hafuchengd3qu.fang.com/
Logger:2020-03-16 12:17:29.714110 https://shangdongquzz.fang.com/
Logger:2020-03-16 12:17:30.640662 https://xiangximingxu.fang.com/
Logger:2020-03-16 12:17:31.114396 https://xiongzhigu.fang.com/
Logger:2020-03-16 12:17:31.473404 https://haluocheng.fang.com/
Logger:2020-03-16 12:17:31.961099 https://lianxiangtaihangshuizhen.fang.com/
Logger:2020-03-16 12:17:32.433834 https://jinxiucheng0312.fang.com/3/
Logger:2020-03-16 12:17:35.444780 https://shanshuiguoji0312.fang.com/
Logger:2020-03-16 12:17:35.751958 https://rongliantianxiacheng.fang.com/
Logger:2020-03-16 12:17:36.081115 https://boyueshan30312.fang.com/
Logger:2020-03-16 12:17:36.453083 https://xiangximinghui.fang.com/
Logger:2020-03-16 12:17:36.769237 https://jinggongguanbgy.fang.com/
Logger:2020-03-16 12:17:37.081431 https://qingyuanxinchengbgy.fang.com/
Logger:2020-03-16 12:17:37.379643 https://changchengjiayuannanqu.fang.com/
Logger:2020-03-16 12:17:37.724714 https://boyueshanxh.fang.com/
Logger:2020-03-16 12:17:38.080767 https://yuegongguanbgy.fang.com/
Logger:2020-03-16 12:17:41.754899 https://bd.newhouse.fang.com/house/s/b92/
Logger:2020-03-16 12:17:42.100998 https://yueshanhuty.fang.com/
Logger:2020-03-16 12:17:42.453032 https://guojichengdxhy.fang.com/
Logger:2020-03-16 12:17:42.763247 https://chengshiyinxiang0312.fang.com/
Logger:2020-03-16 12:17:43.125276 https://yuelanwan0312.fang.com/
Logger:2020-03-16 12:17:43.490257 https://shangxicheng.fang.com/
Logger:2020-03-16 12:17:43.799431 https://jingxiongshimaogangchuangyigu.fang.com/
Logger:2020-03-16 12:17:44.188389 https://jinxiushuyuanrs.fang.com/
Logger:2020-03-16 12:17:44.742905 https://guojizhongxinrs.fang.com/
Logger:2020-03-16 12:17:45.181732 https://feicuihuafu0312.fang.com/
Logger:2020-03-16 12:17:45.495891 https://yiheyayuan0312.fang.com/
Logger:2020-03-16 12:17:45.816035 https://guoyufuagbgy.fang.com/
Logger:2020-03-16 12:17:48.569669 https://antaishoufu0312.fang.com/
Logger:2020-03-16 12:17:48.837951 https://taihangxiaozhu.fang.com/
Logger:2020-03-16 12:17:49.133161 https://yuanxiangshuijunbgy.fang.com/
Logger:2020-03-16 12:17:49.496225 https://weiduoliyashangyuan.fang.com/
Logger:2020-03-16 12:17:49.824314 https://chaoyangshoufulanyuan2.fang.com/
Logger:2020-03-16 12:17:52.706601 https://zhongguofuhy.fang.com/
Logger:2020-03-16 12:17:53.042703 https://yongruiyuan2.fang.com/
Logger:2020-03-16 12:17:53.397795 https://yulanhuayuan0312.fang.com/
Logger:2020-03-16 12:17:53.724939 https://hafuchengd1qu.fang.com/
Logger:2020-03-16 12:17:57.585550 https://bd.newhouse.fang.com/house/s/b93/
Logger:2020-03-16 12:17:57.983486 https://boyueshanzz0312.fang.com/
Logger:2020-03-16 12:17:58.364467 https://weilaijinronggang.fang.com/
Logger:2020-03-16 12:17:58.745446 https://yinxiangjnyp.fang.com/
Logger:2020-03-16 12:17:59.069580 https://haozhengmeilinwan.fang.com/
Logger:2020-03-16 12:17:59.486465 https://zhilixincheng.fang.com/
Logger:2020-03-16 12:17:59.854480 https://yangguangshengjing.fang.com/
Logger:2020-03-16 12:18:01.681626 https://yangguangweian.fang.com/
Logger:2020-03-16 12:18:02.043661 https://hanyinhuayuan.fang.com/
Logger:2020-03-16 12:18:02.490437 https://chengyuan0312.fang.com/
Logger:2020-03-16 12:18:04.272660 https://meiguiyuanhj.fang.com/
Logger:2020-03-16 12:18:04.594838 https://jinmaoyuejx.fang.com/
Logger:2020-03-16 12:18:04.945892 https://tianbaolvcheng.fang.com/
Logger:2020-03-16 12:18:05.267001 https://heyuefu0312.fang.com/
Logger:2020-03-16 12:18:08.082474 https://lvgushuianzy.fang.com/
Logger:2020-03-16 12:18:08.399620 https://hailanchenghy0312.fang.com/
Logger:2020-03-16 12:18:08.789617 https://ningmengxiaozhen0312.fang.com/
Logger:2020-03-16 12:18:09.144662 https://jingnanbandaobjhd.fang.com/
Logger:2020-03-16 12:18:10.985820 https://yinxiangchengpb.fang.com/
Logger:2020-03-16 12:18:11.708856 https://zhuoyuecheng0312.fang.com/
Logger:2020-03-16 12:18:12.171661 https://guiyuan0312.fang.com/
Logger:2020-03-16 12:18:15.909620 https://bd.newhouse.fang.com/house/s/b94/
Logger:2020-03-16 12:18:16.229763 https://yangguangguojijy.fang.com/
Logger:2020-03-16 12:18:17.969146 https://chaoyangshoufutongyuan.fang.com/
Logger:2020-03-16 12:18:18.308236 https://shengjinghuating0312.fang.com/
Logger:2020-03-16 12:18:18.730086 https://wanyuechenghy0312.fang.com/
Logger:2020-03-16 12:18:19.133996 https://xiyuefush.fang.com/
Logger:2020-03-16 12:18:19.496025 https://yujingguoji0312.fang.com/
Logger:2020-03-16 12:18:19.861048 https://boxinwanzs.fang.com/
Logger:2020-03-16 12:18:20.195154 https://xiangyanglu88hao.fang.com/
Logger:2020-03-16 12:18:20.665897 https://xishanyue.fang.com/
Logger:2020-03-16 12:18:21.060839 https://feicuishansl.fang.com/
Logger:2020-03-16 12:18:22.677513 https://hualinyishu0312.fang.com/villa/
Logger:2020-03-16 12:18:23.117373 https://xueyuanxincheng0312.fang.com/
Logger:2020-03-16 12:18:23.434512 https://shanggudaguanhb.fang.com/
Logger:2020-03-16 12:18:23.777607 https://jingnanshoufuxh.fang.com/
Logger:2020-03-16 12:18:24.121702 https://shangcengmingzhu0312.fang.com/
Logger:2020-03-16 12:18:26.802509 https://chengshiguangchangyx.fang.com/
Logger:2020-03-16 12:18:27.229386 https://lxewhk0312.fang.com/
Logger:2020-03-16 12:18:29.542149 https://wanhechuntian0312.fang.com/
Logger:2020-03-16 12:18:31.946716 https://lanxijiuzhangzx.fang.com/
Logger:2020-03-16 12:18:32.334679 https://fushang0312.fang.com/
Logger:2020-03-16 12:18:35.757522 https://bd.newhouse.fang.com/house/s/b95/
Logger:2020-03-16 12:18:36.208316 https://chaoyangyuanzhu.fang.com/
Logger:2020-03-16 12:18:36.679057 https://shuijunhuadu.fang.com/
Logger:2020-03-16 12:18:37.180715 https://tiandixincheng0312.fang.com/
Logger:2020-03-16 12:18:37.602586 https://yaoduxincheng.fang.com/
Logger:2020-03-16 12:18:38.097301 https://yulanwanslxx.fang.com/
Logger:2020-03-16 12:18:39.567330 https://renhexuefu.fang.com/
Logger:2020-03-16 12:18:40.013167 https://zhenyuanxsd.fang.com/
Logger:2020-03-16 12:18:40.400102 https://yuhuwensha.fang.com/
Logger:2020-03-16 12:18:40.845909 https://chenweijiaxin.fang.com/
Logger:2020-03-16 12:18:41.697671 https://yuheshangyuan0312.fang.com/
Logger:2020-03-16 12:18:43.540701 https://mingliujiahe0312.fang.com/
Logger:2020-03-16 12:18:45.627120 https://boyuefu0312.fang.com/
Logger:2020-03-16 12:18:46.195599 https://xinyuewantb.fang.com/
Logger:2020-03-16 12:18:46.658391 https://xiyuejiuli.fang.com/
Logger:2020-03-16 12:18:46.980499 https://boyuejun0312.fang.com/3/
Logger:2020-03-16 12:18:47.416333 https://ifcgjjrzx0312.fang.com/
Logger:2020-03-16 12:18:48.242125 https://guojixinchenght.fang.com/
Logger:2020-03-16 12:18:48.624102 https://shanghetianzhu.fang.com/
Logger:2020-03-16 12:18:49.067914 https://binjiangyueyxc.fang.com/
Logger:2020-03-16 12:18:49.508736 https://cuihuyuanzi.fang.com/
Logger:2020-03-16 12:18:53.319580 https://bd.newhouse.fang.com/house/s/b96/
Logger:2020-03-16 12:18:53.717477 https://huaxiyihaoyuan.fang.com/
Logger:2020-03-16 12:18:55.808882 https://shuzizhongyaoduag.fang.com/
Logger:2020-03-16 12:18:56.298609 https://zhongjinghuatingcqu2.fang.com/
Logger:2020-03-16 12:18:56.785272 https://huamanlixl.fang.com/
Logger:2020-03-16 12:18:57.248031 https://meishujiapr.fang.com/
Logger:2020-03-16 12:18:57.658934 https://lanyue.fang.com/
Logger:2020-03-16 12:18:58.104740 https://xindongchengbh.fang.com/
Logger:2020-03-16 12:18:58.443834 https://xushenghuating.fang.com/
Logger:2020-03-16 12:19:00.713800 https://huizhiguojizd.fang.com/
Logger:2020-03-16 12:19:01.076825 https://fenghuangguojicheng0312.fang.com/
Logger:2020-03-16 12:19:01.426852 https://bijiasuohuayuan2.fang.com/
Logger:2020-03-16 12:19:01.943509 https://furongli0312.fang.com/
Logger:2020-03-16 12:19:03.785589 https://heyuanms.fang.com/
Logger:2020-03-16 12:19:04.135649 https://yuelanwanzzkqc.fang.com/
Logger:2020-03-16 12:19:06.627982 https://yijingyayuan0312.fang.com/
Logger:2020-03-16 12:19:07.012939 https://dongfangniulunbao.fang.com/
Logger:2020-03-16 12:19:07.392893 https://baoshihuayuan0312.fang.com/
Logger:2020-03-16 12:19:09.466363 https://chunfenglijn.fang.com/
Logger:2020-03-16 12:19:11.506887 https://baodingzhihuigu.fang.com/
Logger:2020-03-16 12:19:11.996577 https://lisihuayuan0312.fang.com/
Logger:2020-03-16 12:19:15.863278 https://bd.newhouse.fang.com/house/s/b97/
Logger:2020-03-16 12:19:16.132513 https://runzhuotianlunwan0312.fang.com/
Logger:2020-03-16 12:19:16.449708 https://yangguangmeijuzl.fang.com/
Logger:2020-03-16 12:19:16.820704 https://ziyuanshangpin.fang.com/
Logger:2020-03-16 12:19:21.719607 https://linyucheng.fang.com/
Logger:2020-03-16 12:19:22.028774 https://yujinglanwan0312.fang.com/2/
Logger:2020-03-16 12:19:23.635441 https://yandugucheng.fang.com/
Logger:2020-03-16 12:19:24.280714 https://jiariyundingzhongxin.fang.com/
Logger:2020-03-16 12:19:26.626440 https://hantingyuan.fang.com/
Logger:2020-03-16 12:19:26.968524 https://jiadeguoji0312.fang.com/
Logger:2020-03-16 12:19:27.352533 https://shidaigongyuan.fang.com/
Logger:2020-03-16 12:19:27.696577 https://huaxishush.fang.com/
Logger:2020-03-16 12:19:31.283020 https://boyuelanshan.fang.com/
Logger:2020-03-16 12:19:31.733822 https://zhihuihains.fang.com/
Logger:2020-03-16 12:19:32.071920 https://sainachengyl.fang.com/
Logger:2020-03-16 12:19:32.409002 https://beiganglanwan.fang.com/
Logger:2020-03-16 12:19:32.736096 https://haluochengxinjiefang.fang.com/
Logger:2020-03-16 12:19:34.491400 https://shengjinglantian.fang.com/
Logger:2020-03-16 12:19:36.448165 https://huidonggongguan.fang.com/
Logger:2020-03-16 12:19:41.128650 https://xingheyuanaqu.fang.com/
Logger:2020-03-16 12:19:41.436854 https://xishantingyuan0312.fang.com/
Logger:2020-03-16 12:19:45.503977 https://bd.newhouse.fang.com/house/s/b98/
Logger:2020-03-16 12:19:45.797155 https://xuefujiayuan0312.fang.com/
Logger:2020-03-16 12:19:46.128269 https://wanxingdaguangchang.fang.com/
Logger:2020-03-16 12:19:49.031533 https://hengchengyueyuan.fang.com/
Logger:2020-03-16 12:19:49.500248 https://chuangxiangchenghc.fang.com/
Logger:2020-03-16 12:19:49.878238 https://shuianguojiys.fang.com/
Logger:2020-03-16 12:19:50.273193 https://shilihuakaiqs.fang.com/
Logger:2020-03-16 12:19:50.724013 https://shenzhenyuanlcq.fang.com/
Logger:2020-03-16 12:19:51.059122 https://taiyangcheng0312.fang.com/2/
Logger:2020-03-16 12:19:51.413175 https://jingduyihecheng.fang.com/villa/
Logger:2020-03-16 12:19:51.758261 https://zhongjinghuating.fang.com/
Logger:2020-03-16 12:19:52.163168 https://ziranchengls.fang.com/
Logger:2020-03-16 12:19:52.497267 https://zijinyihaoyuan0312.fang.com/
Logger:2020-03-16 12:19:52.927119 https://zzhywyc.fang.com/
Logger:2020-03-16 12:19:53.325060 https://yuquanmeishu0312.fang.com/
Logger:2020-03-16 12:19:53.645206 https://heshiqu.fang.com/
Logger:2020-03-16 12:19:54.063075 https://haolonghefu0312.fang.com/
Logger:2020-03-16 12:19:54.427093 https://tianrunguojicheng.fang.com/
Logger:2020-03-16 12:19:57.694329 https://shangkeshijicheng.fang.com/
Logger:2020-03-16 12:19:58.009485 https://yuerongfuty20312.fang.com/
Logger:2020-03-16 12:19:59.788726 https://lixiangchengcqu.fang.com/
Logger:2020-03-16 12:20:03.125842 https://bd.newhouse.fang.com/house/s/b99/
Logger:2020-03-16 12:20:04.785360 https://qimingjiaoshiyuantx.fang.com/
Logger:2020-03-16 12:20:05.112520 https://lanshanhuayuxk.fang.com/
Logger:2020-03-16 12:20:05.414710 https://xingfucheng0312.fang.com/
Logger:2020-03-16 12:20:07.199536 https://yanshuiwan.fang.com/
Logger:2020-03-16 12:20:09.349788 https://guojijinrongzhongxinzy.fang.com/
Logger:2020-03-16 12:20:09.639981 https://xiangximeiyuan.fang.com/
Logger:2020-03-16 12:20:12.748463 https://zhongguozhongguost.fang.com/
Logger:2020-03-16 12:20:13.139413 https://maoyezhongxinbd.fang.com/
Logger:2020-03-16 12:20:13.476512 https://fenghuanghuafu0312.fang.com/
Logger:2020-03-16 12:20:13.901376 https://weiyangguzhen.fang.com/
Logger:2020-03-16 12:20:14.407022 https://chaoyangshoufu0312.fang.com/
Logger:2020-03-16 12:20:16.387756 https://donghuyunduan2.fang.com/
Logger:2020-03-16 12:20:19.959171 https://bd.newhouse.fang.com/house/s/b910/
Logger:2020-03-16 12:20:23.488727 https://bd.newhouse.fang.com/house/s/b911/
Logger:2020-03-16 12:20:27.331486 https://bd.newhouse.fang.com/house/s/b912/
