Logger:2020-03-15 21:17:49.152757 https://bengbu.newhouse.fang.com/house/s/b91/
Logger:2020-03-15 21:17:49.760165 https://dingyuanyuefutj.fang.com/
Logger:2020-03-15 21:17:50.381145 https://longmenyuefuxw.fang.com/
Logger:2020-03-15 21:17:51.076926 https://qinyuanchunhs0552.fang.com/
Logger:2020-03-15 21:17:51.585585 https://dingyuanfuditj.fang.com/
Logger:2020-03-15 21:17:52.140142 https://dingyuanshijiatj.fang.com/
Logger:2020-03-15 21:17:52.747582 https://hanlinyinzuo.fang.com/
Logger:2020-03-15 21:17:53.267196 https://binhezuoanhd0552.fang.com/
Logger:2020-03-15 21:17:53.761869 https://shanshuichenyuanrc.fang.com/
Logger:2020-03-15 21:17:54.350628 https://jianghuaiyuanzisl.fang.com/
Logger:2020-03-15 21:17:54.847825 https://dingyuanlitj.fang.com/
Logger:2020-03-15 21:17:57.581036 https://yuejuntianzhuxc.fang.com/
Logger:2020-03-15 21:17:58.544701 https://mingduchenghs0552.fang.com/
Logger:2020-03-15 21:17:59.142103 https://yannanyuanzt.fang.com/
Logger:2020-03-15 21:17:59.883493 https://tianlongtianyuepx.fang.com/
Logger:2020-03-15 21:18:00.435622 https://longmenyipinxw.fang.com/
Logger:2020-03-15 21:18:01.083826 https://guoyuefuhs.fang.com/
Logger:2020-03-15 21:18:03.511314 https://jixuetangqy.fang.com/
Logger:2020-03-15 21:18:04.135309 https://glhyd.fang.com/
Logger:2020-03-15 21:18:04.725750 https://longhuchuntian.fang.com/
Logger:2020-03-15 21:18:05.398982 https://shijichengld.fang.com/
Logger:2020-03-15 21:18:09.340377 https://bengbu.newhouse.fang.com/house/s/b92/
Logger:2020-03-15 21:18:09.850609 https://biguiyuanbb.fang.com/
Logger:2020-03-15 21:18:10.377507 https://guogouguangchangbb.fang.com/
Logger:2020-03-15 21:18:10.970198 https://xingfuchenghx0552.fang.com/
Logger:2020-03-15 21:18:11.531890 https://yingbinchengld.fang.com/
Logger:2020-03-15 21:18:14.772092 https://hdylw0552.fang.com/
Logger:2020-03-15 21:18:15.272445 https://lushanyueygc.fang.com/
Logger:2020-03-15 21:18:15.911015 https://huangjinshidaibgy0552.fang.com/
Logger:2020-03-15 21:18:16.478534 https://jiulongyuanrshfeq.fang.com/
Logger:2020-03-15 21:18:17.022175 https://binhulanwankh.fang.com/
Logger:2020-03-15 21:18:17.602717 https://xinduhuiguangchangwf.fang.com/
Logger:2020-03-15 21:18:18.450194 https://xindichengshiguangchangbb.fang.com/
Logger:2020-03-15 21:18:18.970028 https://huangjinshidaiduhuibgy.fang.com/
Logger:2020-03-15 21:18:19.407471 https://suzhoufurz.fang.com/
Logger:2020-03-15 21:18:19.953927 https://biguiyuangz.fang.com/
Logger:2020-03-15 21:18:20.507488 https://chengshiguangchangrt.fang.com/
Logger:2020-03-15 21:18:24.431088 https://binheyujingrt.fang.com/
Logger:2020-03-15 21:18:24.945709 https://jingtianfuhs.fang.com/
Logger:2020-03-15 21:18:25.520239 https://rongshenghuafu0552.fang.com/
Logger:2020-03-15 21:18:28.367962 https://xinchengliyz.fang.com/
Logger:2020-03-15 21:18:32.562733 https://yihaoyuanzl0552.fang.com/
Logger:2020-03-15 21:18:37.372419 https://bengbu.newhouse.fang.com/house/s/b93/
Logger:2020-03-15 21:18:37.944157 https://zhongyangguangchangld0552.fang.com/
Logger:2020-03-15 21:18:38.545548 https://bengbuwuyueguangchang.fang.com/
Logger:2020-03-15 21:18:42.061034 https://shangheshidai.fang.com/
Logger:2020-03-15 21:18:42.595259 https://yushuilongting0552.fang.com/
Logger:2020-03-15 21:18:43.166800 https://lanlingyufurs.fang.com/
Logger:2020-03-15 21:18:43.633516 https://yulonghupan.fang.com/
Logger:2020-03-15 21:18:44.150680 https://guanlanyuhushijia.fang.com/
Logger:2020-03-15 21:18:44.872297 https://hailiangtianyu0552.fang.com/
Logger:2020-03-15 21:18:45.434802 https://xiangxielantingrs0552.fang.com/
Logger:2020-03-15 21:18:45.906493 https://hupoxintiandi.fang.com/
Logger:2020-03-15 21:18:48.297376 https://jinhuiguoji.fang.com/
Logger:2020-03-15 21:18:48.954049 https://bailemen.fang.com/
Logger:2020-03-15 21:18:49.535512 https://yanshanguojichengzgtj.fang.com/
Logger:2020-03-15 21:18:53.065631 https://baiyichengshizhiguang.fang.com/
Logger:2020-03-15 21:18:53.796613 https://hdhygg.fang.com/
Logger:2020-03-15 21:18:54.404654 https://wandaguangchangbbhs.fang.com/
Logger:2020-03-15 21:18:55.046935 https://baizhuangxiangfu0552.fang.com/
Logger:2020-03-15 21:18:55.564551 https://chunjianglangyue.fang.com/
Logger:2020-03-15 21:18:56.100125 https://99chengshiguangchangjp.fang.com/
Logger:2020-03-15 21:18:56.673698 https://dongfangdushijy0552.fang.com/
Logger:2020-03-15 21:19:01.019367 https://bengbu.newhouse.fang.com/house/s/b94/
Logger:2020-03-15 21:19:01.508626 https://hailiangmingzhu.fang.com/
Logger:2020-03-15 21:19:02.162746 https://zhihuijincheng0552.fang.com/
Logger:2020-03-15 21:19:02.718735 https://wdgcbb.fang.com/
Logger:2020-03-15 21:19:03.203394 https://xianlinyuanljtc.fang.com/
Logger:2020-03-15 21:19:03.736965 https://jdygds.fang.com/
Logger:2020-03-15 21:19:05.047781 https://jinrunguoji.fang.com/
Logger:2020-03-15 21:19:05.644148 https://huadigongguan0552.fang.com/
Logger:2020-03-15 21:19:06.135458 https://jiangshanfuzn.fang.com/
Logger:2020-03-15 21:19:06.665001 https://aoyuanyufu0552.fang.com/
Logger:2020-03-15 21:19:07.204558 https://xihuguandirs.fang.com/
Logger:2020-03-15 21:19:07.843662 https://shuiyouchengpx.fang.com/
Logger:2020-03-15 21:19:08.520385 https://dingyuanxuefubd.fang.com/
Logger:2020-03-15 21:19:09.895256 https://yanshangongguanbh.fang.com/
Logger:2020-03-15 21:19:10.395695 https://huadiziyuan0552.fang.com/
Logger:2020-03-15 21:19:10.882400 https://dijingdaguan.fang.com/
Logger:2020-03-15 21:19:11.412945 https://qihulangtingyz.fang.com/
Logger:2020-03-15 21:19:11.907885 https://zhongyangchengfz.fang.com/
Logger:2020-03-15 21:19:12.424655 https://xuehanfudi.fang.com/
Logger:2020-03-15 21:19:12.885995 https://gzhdgg.fang.com/
Logger:2020-03-15 21:19:13.306908 https://ddmrfd0552.fang.com/
Logger:2020-03-15 21:19:17.365330 https://bengbu.newhouse.fang.com/house/s/b95/
Logger:2020-03-15 21:19:20.396375 https://tianhuguoji.fang.com/
Logger:2020-03-15 21:19:20.940916 https://zidushoufutc.fang.com/
Logger:2020-03-15 21:19:21.440605 https://jiutaizljp.fang.com/
Logger:2020-03-15 21:19:21.942883 https://hanlinfu0552.fang.com/
Logger:2020-03-15 21:19:22.616932 https://qianlongwanxd.fang.com/
Logger:2020-03-15 21:19:23.160553 https://cuicanhuacheng.fang.com/
Logger:2020-03-15 21:19:23.643860 https://xinlichenghs.fang.com/
Logger:2020-03-15 21:19:24.197572 https://xingfuliwx.fang.com/
Logger:2020-03-15 21:19:24.699386 https://binjianggongguanrt.fang.com/
Logger:2020-03-15 21:19:27.028033 https://xichengguandijw.fang.com/
Logger:2020-03-15 21:19:27.544654 https://huijinguoji0552.fang.com/
Logger:2020-03-15 21:19:28.093887 https://dijingtiancheng0552.fang.com/
Logger:2020-03-15 21:19:28.642444 https://jiahehaotingkh.fang.com/
Logger:2020-03-15 21:19:32.455599 https://wuhe.newhouse.fang.com/house/2134249580.htm
Logger:2020-03-15 21:19:32.930508 https://xingheshijicheng0552.fang.com/
Logger:2020-03-15 21:19:34.860983 https://sgncppfsc.fang.com/shop/
Logger:2020-03-15 21:19:37.896728 https://guzhen.newhouse.fang.com/house/2135249548.htm
Logger:2020-03-15 21:19:39.608509 https://guzhen.newhouse.fang.com/house/2135249550.htm
Logger:2020-03-15 21:19:41.740098 https://lianmengguojijiabocheng.fang.com/
Logger:2020-03-15 21:19:42.224863 https://chengshiguangchangnx0552.fang.com/
Logger:2020-03-15 21:19:46.215400 https://bengbu.newhouse.fang.com/house/s/b96/
Logger:2020-03-15 21:19:48.959748 https://dongfangxintiandihuaiyuan.fang.com/
Logger:2020-03-15 21:19:52.185699 https://guzhen.newhouse.fang.com/house/2135249552.htm
Logger:2020-03-15 21:19:54.857609 https://bengbu.newhouse.fang.com/house/2115157310.htm
Logger:2020-03-15 21:19:55.318390 https://dachengtianxiaqy.fang.com/
Logger:2020-03-15 21:19:55.785144 https://shuianhuadu0552.fang.com/
Logger:2020-03-15 21:19:56.297732 https://haichuangyanshanshuyuan.fang.com/
Logger:2020-03-15 21:19:58.355827 https://huaifengshilizl.fang.com/
Logger:2020-03-15 21:20:01.769243 https://xinghuafudi.fang.com/
Logger:2020-03-15 21:20:02.251566 https://shsdty.fang.com/
Logger:2020-03-15 21:20:02.731979 https://lanxixiaozhenbs.fang.com/
Logger:2020-03-15 21:20:03.183785 https://jiuzhoulidy.fang.com/
Logger:2020-03-15 21:20:03.742703 https://heshunxinshijiebeiyuan.fang.com/
Logger:2020-03-15 21:20:04.275757 https://jinyulanwan0552.fang.com/
Logger:2020-03-15 21:20:06.782935 https://miaojingtiancheng.fang.com/
Logger:2020-03-15 21:20:09.059090 https://huangshanfudi.fang.com/
Logger:2020-03-15 21:20:10.651235 https://yunlongguandirs.fang.com/
Logger:2020-03-15 21:20:13.247150 https://tianxiashuwf.fang.com/
Logger:2020-03-15 21:20:13.754436 https://yudumingzhu.fang.com/
Logger:2020-03-15 21:20:14.235180 https://shidaiguangchangrs0552.fang.com/
Logger:2020-03-15 21:20:14.891375 https://xuefulvyuanby.fang.com/
Logger:2020-03-15 21:20:18.923908 https://bengbu.newhouse.fang.com/house/s/b97/
Logger:2020-03-15 21:20:19.354005 https://zhbbywgjsmc.fang.com/
Logger:2020-03-15 21:20:19.900531 https://shengjinghuayuan0552.fang.com/
Logger:2020-03-15 21:20:22.362023 https://xinshijiehs.fang.com/
Logger:2020-03-15 21:20:22.784551 https://huijinshangyeguangchang.fang.com/
Logger:2020-03-15 21:20:25.210282 https://kuajiebz.fang.com/
Logger:2020-03-15 21:20:25.854943 https://rongshengjinxiuxiangdi.fang.com/
Logger:2020-03-15 21:20:28.246674 https://wuhe.newhouse.fang.com/house/2134249570.htm
Logger:2020-03-15 21:20:31.783213 https://guojidashaty.fang.com/
Logger:2020-03-15 21:20:32.399565 https://yinhezhongxin.fang.com/
Logger:2020-03-15 21:20:35.029727 https://hjxncpwlzx.fang.com/
Logger:2020-03-15 21:20:35.609667 https://fenghuangguojiguangchang0552.fang.com/
Logger:2020-03-15 21:20:37.965278 https://yongchangguoji.fang.com/office/
Logger:2020-03-15 21:20:46.838301 https://guzhen.newhouse.fang.com/house/2135249544.htm
Logger:2020-03-15 21:20:48.029854 https://shenghuochengdyt.fang.com/
Logger:2020-03-15 21:20:48.554491 https://guojidashahj.fang.com/
Logger:2020-03-15 21:20:49.149859 https://zhongfuguanghuacheng.fang.com/
Logger:2020-03-15 21:20:51.588903 https://haijixingshidaiguangchang.fang.com/
Logger:2020-03-15 21:20:52.029364 https://wangshijieccmz.fang.com/
Logger:2020-03-15 21:20:54.967400 https://wanxiangxintiankeijie.fang.com/
Logger:2020-03-15 21:20:55.464012 https://mingxiangguoji.fang.com/
Logger:2020-03-15 21:20:59.425298 https://bengbu.newhouse.fang.com/house/s/b98/
Logger:2020-03-15 21:21:02.267099 https://dashaqwj.fang.com/
Logger:2020-03-15 21:21:06.117374 https://bengbu.newhouse.fang.com/house/s/b99/
Logger:2020-03-15 21:21:09.983158 https://bengbu.newhouse.fang.com/house/s/b910/
Logger:2020-03-15 21:21:13.813784 https://bengbu.newhouse.fang.com/house/s/b911/
