Logger:2020-03-16 16:14:16.161521 https://benxi.newhouse.fang.com/house/s/b91/
Logger:2020-03-16 16:14:16.500614 https://ouzhouchengxybx.fang.com/
Logger:2020-03-16 16:14:18.422741 https://taizichengfh.fang.com/
Logger:2020-03-16 16:14:22.170024 https://shuianxindujzy.fang.com/
Logger:2020-03-16 16:14:22.604877 https://jgylh.fang.com/
Logger:2020-03-16 16:14:22.936035 https://guomaoqinghuayuan.fang.com/
Logger:2020-03-16 16:14:23.657091 https://tianzhu0414.fang.com/
Logger:2020-03-16 16:14:24.169430 https://hengdalvzhou0414.fang.com/
Logger:2020-03-16 16:14:24.592513 https://gxjyeq.fang.com/
Logger:2020-03-16 16:14:25.855102 https://guojihuayuanwh0414.fang.com/
Logger:2020-03-16 16:14:26.175944 https://jindihuayuan0414.fang.com/
Logger:2020-03-16 16:14:28.560661 https://xingfuyangguang0414.fang.com/
Logger:2020-03-16 16:14:29.143090 https://xgwqxz.fang.com/
Logger:2020-03-16 16:14:30.978582 https://fuxiangjiayuan0414.fang.com/
Logger:2020-03-16 16:14:31.291700 https://huaxiashanshuichengld.fang.com/
Logger:2020-03-16 16:14:31.637040 https://hexiejiayuansh.fang.com/
Logger:2020-03-16 16:14:31.982117 https://xinhulichengdf.fang.com/
Logger:2020-03-16 16:14:32.359801 https://jinyulanwansh.fang.com/
Logger:2020-03-16 16:14:32.791630 https://jkmy0414.fang.com/
Logger:2020-03-16 16:14:36.874792 https://hanlinyipin0414.fang.com/
Logger:2020-03-16 16:14:37.228854 https://bishuiyuntian0414.fang.com/
Logger:2020-03-16 16:14:41.093819 https://benxi.newhouse.fang.com/house/s/b92/
Logger:2020-03-16 16:14:41.429837 https://shifujiayuanbichunyuan.fang.com/
Logger:2020-03-16 16:14:41.847834 https://yywqxg0414.fang.com/
Logger:2020-03-16 16:14:42.433291 https://lijingjiayuan2.fang.com/
Logger:2020-03-16 16:14:45.616785 https://guanshanyue.fang.com/
Logger:2020-03-16 16:14:45.937949 https://jindiyangguang0414.fang.com/
Logger:2020-03-16 16:14:46.293974 https://yangguanghuayuan0414.fang.com/
Logger:2020-03-16 16:14:46.623420 https://huaxiaxinyuan.fang.com/
Logger:2020-03-16 16:14:47.007821 https://yanxingshifu.fang.com/
Logger:2020-03-16 16:14:47.345919 https://chengdejiayuan0414.fang.com/
Logger:2020-03-16 16:14:50.102704 https://nandiqianjin.fang.com/
Logger:2020-03-16 16:14:50.714072 https://botaihuayuan024.fang.com/
Logger:2020-03-16 16:14:51.829748 https://zhognyangguangchangld.fang.com/
Logger:2020-03-16 16:14:55.130479 https://meilanchengsh.fang.com/
Logger:2020-03-16 16:14:57.791562 https://deyuanjiayuan.fang.com/
Logger:2020-03-16 16:14:58.088870 https://shxfl024.fang.com/
Logger:2020-03-16 16:14:58.387300 https://mingcuishanzhuang.fang.com/
Logger:2020-03-16 16:15:04.030217 https://bsgg0414.fang.com/
Logger:2020-03-16 16:15:05.934466 https://xinchengguangchang0414.fang.com/
Logger:2020-03-16 16:15:09.207777 https://xichenglijing.fang.com/
Logger:2020-03-16 16:15:09.549877 https://lanyuanmingcheng.fang.com/
Logger:2020-03-16 16:15:13.681683 https://benxi.newhouse.fang.com/house/s/b93/
Logger:2020-03-16 16:15:13.979991 https://huangjinxincheng.fang.com/
Logger:2020-03-16 16:15:14.297186 https://ruijingjiayuan0414.fang.com/
Logger:2020-03-16 16:15:14.633637 https://wanyoujiayuan0414.fang.com/
Logger:2020-03-16 16:15:15.008598 https://hyzjhy0414.fang.com/
Logger:2020-03-16 16:15:15.316774 https://oudianhongyu.fang.com/
Logger:2020-03-16 16:15:17.515619 https://hxmwqjd.fang.com/
Logger:2020-03-16 16:15:17.824826 https://tianlongjiayuan0414.fang.com/
Logger:2020-03-16 16:15:20.152952 https://huicuiyuan0414.fang.com/
Logger:2020-03-16 16:15:20.586920 https://gsygg.fang.com/
Logger:2020-03-16 16:15:20.897067 https://tanghefuwan.fang.com/
Logger:2020-03-16 16:15:21.204313 https://xuefuyihaowl.fang.com/
Logger:2020-03-16 16:15:22.856525 https://ylsyw.fang.com/
Logger:2020-03-16 16:15:25.418334 https://ruixinjiayuandy.fang.com/
Logger:2020-03-16 16:15:25.786356 https://lixinjiayuan0414.fang.com/
Logger:2020-03-16 16:15:28.123216 https://junanyayuan.fang.com/
Logger:2020-03-16 16:15:29.733268 https://langjuguojicheng.fang.com/
Logger:2020-03-16 16:15:30.124276 https://mdlwgjzy.fang.com/
Logger:2020-03-16 16:15:30.485256 https://xinxingjiayuansh.fang.com/
Logger:2020-03-16 16:15:30.837348 https://xcfhc.fang.com/
Logger:2020-03-16 16:15:33.574883 https://nanfengxinyuan.fang.com/
Logger:2020-03-16 16:15:38.393275 https://benxi.newhouse.fang.com/house/s/b94/
Logger:2020-03-16 16:15:38.767003 https://baiheyuan0414.fang.com/2/
Logger:2020-03-16 16:15:42.035014 https://bxgjjcc.fang.com/
Logger:2020-03-16 16:15:42.342260 https://xindihuayuan0414.fang.com/
Logger:2020-03-16 16:15:42.717772 https://guojihuaduld0414.fang.com/
Logger:2020-03-16 16:15:58.529039 https://benxi.newhouse.fang.com/house/1621752099.htm
Logger:2020-03-16 16:15:59.147643 https://gsymsds0414.fang.com/
Logger:2020-03-16 16:15:59.745044 https://wlxtd0414.fang.com/
Logger:2020-03-16 16:16:00.100014 https://bxjajrgc.fang.com/
Logger:2020-03-16 16:16:00.481230 https://tianhejiayuan0414.fang.com/
Logger:2020-03-16 16:16:00.853241 https://baihexincheng.fang.com/
Logger:2020-03-16 16:16:01.185383 https://ruyijiayuan0414.fang.com/
Logger:2020-03-16 16:16:01.535452 https://xingfuyijia0414.fang.com/
Logger:2020-03-16 16:16:03.693604 https://rsajld0414.fang.com/
Logger:2020-03-16 16:16:05.349762 https://tianyuhuayuandy.fang.com/
Logger:2020-03-16 16:16:05.721828 https://xuefujiayuan0414.fang.com/
Logger:2020-03-16 16:16:06.120762 https://shifujiayuan.fang.com/2/
Logger:2020-03-16 16:16:06.495789 https://qinghuayuangm0414.fang.com/
Logger:2020-03-16 16:16:06.877265 https://shuxiangmingdi0414.fang.com/
Logger:2020-03-16 16:16:07.227371 https://xiangshanhuayuan0414.fang.com/
Logger:2020-03-16 16:16:12.466564 https://shiheyuannf.fang.com/
Logger:2020-03-16 16:16:16.392802 https://benxi.newhouse.fang.com/house/s/b95/
Logger:2020-03-16 16:16:16.671029 https://dongshanxiaoqu0414.fang.com/
Logger:2020-03-16 16:16:16.970229 https://shuianfudi.fang.com/
Logger:2020-03-16 16:16:18.559903 https://yitaijiayuan0414.fang.com/
Logger:2020-03-16 16:16:18.888001 https://lishe0414.fang.com/
Logger:2020-03-16 16:16:21.552859 https://yulinhuayuan0414.fang.com/
Logger:2020-03-16 16:16:22.161353 https://jajrgc.fang.com/
Logger:2020-03-16 16:16:22.728834 https://xinjiayuansh.fang.com/
Logger:2020-03-16 16:16:25.501175 https://dongshanhongyu.fang.com/
Logger:2020-03-16 16:16:29.185288 https://benxi.newhouse.fang.com/house/s/b96/
Logger:2020-03-16 16:16:32.793461 https://benxi.newhouse.fang.com/house/s/b97/
Logger:2020-03-16 16:16:36.429339 https://benxi.newhouse.fang.com/house/s/b98/
