Logger:2020-03-16 01:25:46.534503 https://bh.newhouse.fang.com/house/s/b91/
Logger:2020-03-16 01:25:46.784442 https://haiwanmingzhuhl.fang.com/
Logger:2020-03-16 01:25:47.082009 https://jinshawandd.fang.com/
Logger:2020-03-16 01:25:47.362432 https://debaohaishangqiuyuan.fang.com/
Logger:2020-03-16 01:25:47.671624 https://beihaixinchengwuyueguangchang.fang.com/
Logger:2020-03-16 01:25:49.500722 https://zxgabhdycflw.fang.com/
Logger:2020-03-16 01:25:49.750662 https://biguiyuanhaishangshiguang.fang.com/
Logger:2020-03-16 01:25:50.031845 https://biguiyuanbeihaiyangguang.fang.com/
Logger:2020-03-16 01:25:50.391137 https://guanhaiyipin.fang.com/
Logger:2020-03-16 01:25:50.672321 https://beihaidaduhuizd.fang.com/
Logger:2020-03-16 01:25:50.953504 https://jchjhwgg.fang.com/
Logger:2020-03-16 01:25:51.250308 https://zhangtaichunjianghaian.fang.com/
Logger:2020-03-16 01:25:51.515871 https://yajulejinhaiwan.fang.com/
Logger:2020-03-16 01:25:51.831916 https://haiwanguojishequzd.fang.com/
Logger:2020-03-16 01:25:52.082136 https://haiyuefudt.fang.com/
Logger:2020-03-16 01:25:52.409530 https://dadujincheng.fang.com/
Logger:2020-03-16 01:25:52.665006 https://haiyidongfang0779.fang.com/
Logger:2020-03-16 01:25:52.946492 https://sanqianhaitl.fang.com/
Logger:2020-03-16 01:25:53.289858 https://zhonggangchengbh.fang.com/
Logger:2020-03-16 01:25:53.571130 https://dongtouyintanhaiyuetai.fang.com/
Logger:2020-03-16 01:25:53.836650 https://hengdayayuanbh.fang.com/
Logger:2020-03-16 01:25:57.754704 https://bh.newhouse.fang.com/house/s/b92/
Logger:2020-03-16 01:25:58.067157 https://yujingbandaohd2.fang.com/
Logger:2020-03-16 01:25:58.706896 https://guanshanhaijh.fang.com/
Logger:2020-03-16 01:25:59.035702 https://zhangtaihongshuwan.fang.com/
Logger:2020-03-16 01:25:59.316530 https://jiulongwanbgyhp.fang.com/
Logger:2020-03-16 01:25:59.612929 https://beibuwanyihao.fang.com/
Logger:2020-03-16 01:25:59.909736 https://rongheyintanlanwan.fang.com/
Logger:2020-03-16 01:26:07.320854 https://beihaijinshimingzhu.fang.com/
Logger:2020-03-16 01:26:07.602148 https://jiashengmingdu.fang.com/
Logger:2020-03-16 01:26:07.930526 https://rongchuanghaiyinglanyu.fang.com/
Logger:2020-03-16 01:26:08.196086 https://yihaihuafu.fang.com/
Logger:2020-03-16 01:26:08.492129 https://boyuewan0779.fang.com/
Logger:2020-03-16 01:26:08.857118 https://zhangtaimeiguijun.fang.com/
Logger:2020-03-16 01:26:16.252941 https://ztblw.fang.com/
Logger:2020-03-16 01:26:26.856807 https://biguiyuansijijiari.fang.com/
Logger:2020-03-16 01:26:27.153973 https://yangguangchengyuejianghai.fang.com/
Logger:2020-03-16 01:26:27.403683 https://dongfangmingdu.fang.com/2/
Logger:2020-03-16 01:26:27.701092 https://yunxinghaijingtai.fang.com/
Logger:2020-03-16 01:26:28.622584 https://haitangwanzt.fang.com/
Logger:2020-03-16 01:26:28.888047 https://beihaizhongyinyuecheng.fang.com/
Logger:2020-03-16 01:26:31.671721 https://jiahewanshi0779.fang.com/
Logger:2020-03-16 01:26:34.945054 https://bh.newhouse.fang.com/house/s/b93/
Logger:2020-03-16 01:26:35.194300 https://yinheyunguli.fang.com/
Logger:2020-03-16 01:26:41.881811 https://shuianyunting.fang.com/
Logger:2020-03-16 01:26:42.132253 https://shidaimingyuanyx.fang.com/
Logger:2020-03-16 01:26:42.381655 https://beianyancheng.fang.com/2/
Logger:2020-03-16 01:26:43.647384 https://beiwei21dubgy.fang.com/
Logger:2020-03-16 01:26:43.991017 https://hengdamingdubh.fang.com/
Logger:2020-03-16 01:26:45.553533 https://gangpenglonghuwan.fang.com/
Logger:2020-03-16 01:26:45.849636 https://haishangdijingbhhd.fang.com/
Logger:2020-03-16 01:26:46.130770 https://zhiboyuanza.fang.com/
Logger:2020-03-16 01:26:46.412367 https://hejuyihao.fang.com/
Logger:2020-03-16 01:26:48.560382 https://yuanhuixindu.fang.com/
Logger:2020-03-16 01:26:48.841862 https://yangguangxihaian.fang.com/
Logger:2020-03-16 01:26:49.154068 https://beihaidiyichengzxga.fang.com/
Logger:2020-03-16 01:26:49.466901 https://beihaimingzuo.fang.com/
Logger:2020-03-16 01:26:49.794465 https://houniaowan.fang.com/
Logger:2020-03-16 01:26:50.075651 https://guojixinchengbh.fang.com/
Logger:2020-03-16 01:26:50.356836 https://jiahehaiwan.fang.com/
Logger:2020-03-16 01:26:50.653704 https://zhongnanmingzhu.fang.com/
Logger:2020-03-16 01:26:51.029062 https://guojigongguanbbw.fang.com/
Logger:2020-03-16 01:26:51.294112 https://zhongjinhaiwanyihao.fang.com/
Logger:2020-03-16 01:26:55.038142 https://bh.newhouse.fang.com/house/s/b94/
Logger:2020-03-16 01:26:55.256921 https://199056.fang.com/
Logger:2020-03-16 01:26:55.538023 https://dijiuwan.fang.com/
Logger:2020-03-16 01:26:55.834830 https://beihaizhongxinguangchangrc.fang.com/
Logger:2020-03-16 01:26:56.147635 https://xiyuewan.fang.com/
Logger:2020-03-16 01:26:56.428911 https://senhaihaoting0779.fang.com/3/
Logger:2020-03-16 01:27:03.398850 https://shanhuhaishangcheng0779.fang.com/
Logger:2020-03-16 01:27:05.185210 https://beihaiyinxiangbgy.fang.com/
Logger:2020-03-16 01:27:05.451124 https://haiyingchangtanrc.fang.com/
Logger:2020-03-16 01:27:05.685645 https://21dugongguan0779.fang.com/
Logger:2020-03-16 01:27:05.935679 https://delihaibeihai.fang.com/
Logger:2020-03-16 01:27:06.247443 https://duhaihuayuan.fang.com/
Logger:2020-03-16 01:27:06.513674 https://shengjinglongwan.fang.com/
Logger:2020-03-16 01:27:06.836635 https://haibeihaijl.fang.com/
Logger:2020-03-16 01:27:07.094262 https://tinghaiyipin0779.fang.com/
Logger:2020-03-16 01:27:07.384285 https://xingfulonghuxiaozhen.fang.com/
Logger:2020-03-16 01:27:07.634012 https://tongyangxincheng.fang.com/
Logger:2020-03-16 01:27:07.930421 https://hongyehaijingguangchangfs.fang.com/
Logger:2020-03-16 01:27:08.258467 https://menghuanbinhaicyy.fang.com/
Logger:2020-03-16 01:27:08.524684 https://xinghaimingcheng0779.fang.com/3/
Logger:2020-03-16 01:27:08.820911 https://haichengshangdu.fang.com/
Logger:2020-03-16 01:27:12.414161 https://bh.newhouse.fang.com/house/s/b95/
Logger:2020-03-16 01:27:12.654382 https://hongruixincheng.fang.com/
Logger:2020-03-16 01:27:12.935515 https://yangguangxintiandi0779.fang.com/
Logger:2020-03-16 01:27:13.184921 https://anhehaishanggongguan.fang.com/
Logger:2020-03-16 01:27:13.482109 https://lanhaimingdu.fang.com/
Logger:2020-03-16 01:27:13.810258 https://chengyangwanxiang.fang.com/
Logger:2020-03-16 01:27:14.091504 https://yintanwanquancheng.fang.com/2/
Logger:2020-03-16 01:27:16.526294 https://lingxiuyifang.fang.com/
Logger:2020-03-16 01:27:16.829807 https://nandishiheyuan.fang.com/
Logger:2020-03-16 01:27:20.201107 https://tianciliangyuanyy.fang.com/
Logger:2020-03-16 01:27:21.941117 https://shengtonggangwan.fang.com/
Logger:2020-03-16 01:27:22.175226 https://guanjianghaizt.fang.com/
Logger:2020-03-16 01:27:22.503679 https://yangguanghaian0779.fang.com/
Logger:2020-03-16 01:27:25.502940 https://fulihuahaiyu.fang.com/
Logger:2020-03-16 01:27:25.783823 https://baifenghuayuan.fang.com/
Logger:2020-03-16 01:27:27.910923 https://dongrunjiayuan0779.fang.com/
Logger:2020-03-16 01:27:29.418084 https://bishuibandao.fang.com/
Logger:2020-03-16 01:27:31.848659 https://yintanshengmeiyangguangjiayuan.fang.com/
Logger:2020-03-16 01:27:32.114380 https://ziweiyinglunxiaozhen.fang.com/
Logger:2020-03-16 01:27:32.426719 https://guojigongyudf.fang.com/
Logger:2020-03-16 01:27:32.692567 https://jiangshanmingmen0779.fang.com/
Logger:2020-03-16 01:27:35.954033 https://bh.newhouse.fang.com/house/s/b96/
Logger:2020-03-16 01:27:36.173205 https://zhangduoyintan.fang.com/
Logger:2020-03-16 01:27:36.453916 https://jintanjun.fang.com/
Logger:2020-03-16 01:27:36.709660 https://hongshuwanyh.fang.com/
Logger:2020-03-16 01:27:36.975350 https://fujinghuayuan0779.fang.com/
Logger:2020-03-16 01:27:37.224838 https://shenghuitiandi.fang.com/
Logger:2020-03-16 01:27:39.645960 https://meihuaxincheng.fang.com/
Logger:2020-03-16 01:27:41.661256 https://defengdasha.fang.com/
Logger:2020-03-16 01:27:41.958756 https://jiarihuayuanbh.fang.com/
Logger:2020-03-16 01:27:43.318713 https://dmgjxc.fang.com/
Logger:2020-03-16 01:27:43.553099 https://xingfumeishu.fang.com/
Logger:2020-03-16 01:27:43.913044 https://yintantianxi.fang.com/
Logger:2020-03-16 01:27:44.162653 https://shuxiangshuiyunhuayuan.fang.com/
Logger:2020-03-16 01:27:44.490335 https://fengmenshengshiyh.fang.com/
Logger:2020-03-16 01:27:46.756179 https://quankunguojichengyk.fang.com/
Logger:2020-03-16 01:27:49.271211 https://longwanmingjunyc.fang.com/
Logger:2020-03-16 01:27:52.036258 https://beihaishanhuhaiyf.fang.com/
Logger:2020-03-16 01:27:52.272583 https://jinlingyangguang.fang.com/
Logger:2020-03-16 01:27:52.557913 https://haifengheyuan.fang.com/
Logger:2020-03-16 01:27:52.810568 https://zhihongyinchenglvzhou.fang.com/
Logger:2020-03-16 01:27:53.138971 https://beitouguanhaiwan.fang.com/
Logger:2020-03-16 01:27:57.210258 https://bh.newhouse.fang.com/house/s/b97/
Logger:2020-03-16 01:27:58.866542 https://jiuyueting.fang.com/
Logger:2020-03-16 01:28:00.997368 https://huangjiahuayuanyihao.fang.com/
Logger:2020-03-16 01:28:01.310490 https://longmenxinyuan.fang.com/
Logger:2020-03-16 01:28:03.959236 https://jinyuewan0779.fang.com/
Logger:2020-03-16 01:28:04.224957 https://bailujunjj.fang.com/
Logger:2020-03-16 01:28:06.536345 https://dongfengshijigongyu.fang.com/
Logger:2020-03-16 01:28:08.779198 https://198982.fang.com/
Logger:2020-03-16 01:28:09.013532 https://hainabaichuan.fang.com/
Logger:2020-03-16 01:28:09.310098 https://tongyangshengshihuayuan.fang.com/
Logger:2020-03-16 01:28:09.580504 https://dashanxiandaicheng.fang.com/
Logger:2020-03-16 01:28:09.876708 https://suifengjinwan.fang.com/
Logger:2020-03-16 01:28:10.157891 https://haiyuehuafu0779.fang.com/
Logger:2020-03-16 01:28:10.423453 https://zuoanweiyang.fang.com/
Logger:2020-03-16 01:28:13.023482 https://jiarinianhualh.fang.com/
Logger:2020-03-16 01:28:13.272721 https://pulixingfuhai.fang.com/
Logger:2020-03-16 01:28:13.538283 https://weiyangxiang.fang.com/
Logger:2020-03-16 01:28:15.569054 https://chengshihaianqs.fang.com/
Logger:2020-03-16 01:28:15.818995 https://baolaihuafuhc.fang.com/
Logger:2020-03-16 01:28:16.069451 https://haohaiwutong.fang.com/
Logger:2020-03-16 01:28:16.335021 https://fuyuange0779.fang.com/
Logger:2020-03-16 01:28:20.350759 https://bh.newhouse.fang.com/house/s/b98/
Logger:2020-03-16 01:28:22.069798 https://tongheshuian.fang.com/shop/
Logger:2020-03-16 01:28:22.303457 https://weilaicheng0779.fang.com/
Logger:2020-03-16 01:28:22.600228 https://yintanhaizunbh.fang.com/
Logger:2020-03-16 01:28:22.944474 https://baochanggongyuanli.fang.com/
Logger:2020-03-16 01:28:23.241424 https://mingyehaiyihaoyuan2.fang.com/
Logger:2020-03-16 01:28:23.482446 https://maoyexincheng.fang.com/
Logger:2020-03-16 01:28:26.425913 https://gongyuanyinxianggp.fang.com/
Logger:2020-03-16 01:28:26.883436 https://xinlongtiandi.fang.com/
Logger:2020-03-16 01:28:27.101815 https://guojigouwuguangchangny.fang.com/
Logger:2020-03-16 01:28:27.367724 https://rendahuiyinwan.fang.com/
Logger:2020-03-16 01:28:27.611087 https://qizhucaifudasha.fang.com/
Logger:2020-03-16 01:28:27.923513 https://huangjinhaianfs.fang.com/
Logger:2020-03-16 01:28:28.220334 https://haiyueyintan.fang.com/
Logger:2020-03-16 01:28:28.470098 https://jingfengyunshang.fang.com/
Logger:2020-03-16 01:28:30.594351 https://nzddzhsc.fang.com/
Logger:2020-03-16 01:28:32.734417 https://yihaiyuan.fang.com/
Logger:2020-03-16 01:28:34.483930 https://jinxiujiayuan20779.fang.com/
Logger:2020-03-16 01:28:35.296941 https://xinhaidujiawan.fang.com/
Logger:2020-03-16 01:28:37.125594 https://shixindasha0779.fang.com/
Logger:2020-03-16 01:28:39.605424 https://zhonghuanguojidasha0779.fang.com/
Logger:2020-03-16 01:28:43.126880 https://bh.newhouse.fang.com/house/s/b99/
Logger:2020-03-16 01:28:43.345111 https://haiyunjiarijiayuan.fang.com/
Logger:2020-03-16 01:28:43.595450 https://qianfengjiayuan.fang.com/
Logger:2020-03-16 01:28:43.907942 https://changqingshangyeguangchang.fang.com/
Logger:2020-03-16 01:28:44.157632 https://rongqihuatang.fang.com/
Logger:2020-03-16 01:28:44.454533 https://chuangjidasha.fang.com/
Logger:2020-03-16 01:28:44.776756 https://wenliyuanjy.fang.com/
Logger:2020-03-16 01:28:45.073643 https://haiyuchengjp.fang.com/
Logger:2020-03-16 01:28:45.339575 https://guiyuyuan.fang.com/
Logger:2020-03-16 01:28:45.620860 https://nanzhuhuayuan0779.fang.com/
Logger:2020-03-16 01:28:45.917112 https://haianxindu.fang.com/
Logger:2020-03-16 01:28:46.183369 https://kangpingfudikpjy.fang.com/
Logger:2020-03-16 01:28:48.189818 https://yhcskjcyc.fang.com/
Logger:2020-03-16 01:28:48.439358 https://shangyuanhuayuan0779.fang.com/
Logger:2020-03-16 01:28:51.163982 https://bbwhykjcxg.fang.com/office/
Logger:2020-03-16 01:28:51.991368 https://beihaiguojizhongxincheng.fang.com/
Logger:2020-03-16 01:28:52.256931 https://henghuaxincheng.fang.com/
Logger:2020-03-16 01:28:54.550728 https://tianqinwan0779.fang.com/
Logger:2020-03-16 01:28:54.863651 https://hejuhui2.fang.com/
Logger:2020-03-16 01:28:56.633180 https://guangdongjie0779.fang.com/shop/
Logger:2020-03-16 01:28:58.289039 https://meihejiayuanjy.fang.com/
Logger:2020-03-16 01:29:01.867035 https://bh.newhouse.fang.com/house/s/b910/
Logger:2020-03-16 01:29:03.406782 https://taifushangyeguangchang0779.fang.com/
Logger:2020-03-16 01:29:03.670972 https://779caifuzhongxinxz.fang.com/
Logger:2020-03-16 01:29:03.998909 https://wandaguangchang0779.fang.com/
Logger:2020-03-16 01:29:07.554537 https://bh.newhouse.fang.com/house/s/b911/
Logger:2020-03-16 01:29:11.037773 https://bh.newhouse.fang.com/house/s/b912/
Logger:2020-03-16 01:29:14.618113 https://bh.newhouse.fang.com/house/s/b913/
