Logger:2020-03-16 01:54:40.713703 https://bijie.newhouse.fang.com/house/s/b91/
Logger:2020-03-16 01:54:40.948149 https://xlxfl.fang.com/
Logger:2020-03-16 01:54:41.182969 https://biguiyuanjiulongtai.fang.com/
Logger:2020-03-16 01:54:41.464161 https://jiuyilongting.fang.com/
Logger:2020-03-16 01:54:43.059938 https://zunjingmingdu.fang.com/
Logger:2020-03-16 01:54:44.647009 https://xipailanan.fang.com/
Logger:2020-03-16 01:54:44.881328 https://xiangtiwanfy.fang.com/
Logger:2020-03-16 01:54:45.147436 https://ygcflgg0857.fang.com/
Logger:2020-03-16 01:54:45.443738 https://xiangshanjunfy.fang.com/
Logger:2020-03-16 01:54:46.928438 https://shijichengcm.fang.com/
Logger:2020-03-16 01:54:47.178316 https://qxzhongtaifengjing.fang.com/
Logger:2020-03-16 01:54:49.129976 https://wnqlxlmy.fang.com/
Logger:2020-03-16 01:54:50.660909 https://zhongxinyuanzhu.fang.com/
Logger:2020-03-16 01:54:53.254499 https://zyxslj.fang.com/
Logger:2020-03-16 01:54:53.535941 https://dongchengyinxiang0857.fang.com/
Logger:2020-03-16 01:54:53.804007 https://dafangbiguiyuan.fang.com/
Logger:2020-03-16 01:54:54.085330 https://wnaygc.fang.com/
Logger:2020-03-16 01:54:56.412238 https://shanheyuanshuixiang.fang.com/
Logger:2020-03-16 01:54:58.168073 https://rongfutiandi.fang.com/
Logger:2020-03-16 01:54:58.417520 https://yijingguoji.fang.com/
Logger:2020-03-16 01:54:58.702459 https://thzygy0857.fang.com/
Logger:2020-03-16 01:55:01.959852 https://bijie.newhouse.fang.com/house/s/b92/
Logger:2020-03-16 01:55:02.178382 https://weilaicheng0857.fang.com/
Logger:2020-03-16 01:55:03.724664 https://wsygc.fang.com/
Logger:2020-03-16 01:55:04.005512 https://gongyuanwangfu.fang.com/
Logger:2020-03-16 01:55:04.255453 https://yinglunchengbang0857.fang.com/
Logger:2020-03-16 01:55:06.230696 https://dujuanhuachengzx.fang.com/
Logger:2020-03-16 01:55:08.012246 https://shengshiguojiny.fang.com/
Logger:2020-03-16 01:55:08.277089 https://zjbdwq.fang.com/
Logger:2020-03-16 01:55:10.303082 https://yangguangyunhu.fang.com/
Logger:2020-03-16 01:55:12.256318 https://qixingwanxiangchengyh.fang.com/
Logger:2020-03-16 01:55:12.490141 https://shanyuchength.fang.com/
Logger:2020-03-16 01:55:12.777298 https://wumengzhuangyuan.fang.com/
Logger:2020-03-16 01:55:13.943871 https://jinshayifu.fang.com/
Logger:2020-03-16 01:55:14.193892 https://guojihaotingsd.fang.com/
Logger:2020-03-16 01:55:14.491100 https://guolinchuntian.fang.com/2/
Logger:2020-03-16 01:55:14.766843 https://longwanguoji0857.fang.com/
Logger:2020-03-16 01:55:15.016960 https://xiangyongguoji.fang.com/
Logger:2020-03-16 01:55:15.266170 https://fenghuangchengwt.fang.com/
Logger:2020-03-16 01:55:18.958494 https://caifuguangchangzj.fang.com/
Logger:2020-03-16 01:55:22.074158 https://xichengyinxiang0857.fang.com/
Logger:2020-03-16 01:55:23.835297 https://qxblc.fang.com/
Logger:2020-03-16 01:55:27.578774 https://bijie.newhouse.fang.com/house/s/b93/
Logger:2020-03-16 01:55:27.797558 https://zhongdinghuacheng.fang.com/
Logger:2020-03-16 01:55:28.343904 https://dexidayuan.fang.com/
Logger:2020-03-16 01:55:28.662249 https://jinkejmdf.fang.com/
Logger:2020-03-16 01:55:29.866596 https://hongtaichengjs.fang.com/
Logger:2020-03-16 01:55:30.101042 https://zlgbf0857.fang.com/
Logger:2020-03-16 01:55:30.350455 https://jiangtianyunzhujiuzhou.fang.com/
Logger:2020-03-16 01:55:32.131246 https://huakaicheng0857.fang.com/
Logger:2020-03-16 01:55:33.547757 https://zhongdinghuafu.fang.com/
Logger:2020-03-16 01:55:33.804258 https://shengshihuadubj.fang.com/
Logger:2020-03-16 01:55:35.433464 https://dfcfxc.fang.com/
Logger:2020-03-16 01:55:37.284320 https://guanhuyihaojm0857.fang.com/
Logger:2020-03-16 01:55:38.081007 https://binjiangyihao0857.fang.com/
Logger:2020-03-16 01:55:38.300103 https://jinyuetaiyg.fang.com/
Logger:2020-03-16 01:55:38.534650 https://bihaiyayuan0857.fang.com/
Logger:2020-03-16 01:55:38.820065 https://tuohaixuefuxincheng.fang.com/
Logger:2020-03-16 01:55:39.038208 https://shexianghuafu.fang.com/
Logger:2020-03-16 01:55:40.850675 https://xuhuosjsf.fang.com/
Logger:2020-03-16 01:55:41.116523 https://jinhaimeiyuql.fang.com/
Logger:2020-03-16 01:55:41.428267 https://yueliangwants.fang.com/
Logger:2020-03-16 01:55:42.974114 https://xuefugongguan0857.fang.com/
Logger:2020-03-16 01:55:46.183522 https://bijie.newhouse.fang.com/house/s/b94/
Logger:2020-03-16 01:55:47.245415 https://taoyuanxiju.fang.com/
Logger:2020-03-16 01:55:47.542316 https://guojihuacheng0857.fang.com/
Logger:2020-03-16 01:55:47.761367 https://guobochengxc.fang.com/
Logger:2020-03-16 01:55:49.898021 https://yizhaoyuan.fang.com/
Logger:2020-03-16 01:55:50.132652 https://xindingbanshan.fang.com/
Logger:2020-03-16 01:55:51.632006 https://chengshihuayuanzf0857.fang.com/
Logger:2020-03-16 01:55:51.897152 https://yongheshijicheng.fang.com/
Logger:2020-03-16 01:55:53.434975 https://zhongyangcheng0857.fang.com/
Logger:2020-03-16 01:55:55.612218 https://ajjngcdsc.fang.com/
Logger:2020-03-16 01:55:55.861769 https://jstlcf.fang.com/
Logger:2020-03-16 01:55:56.142953 https://jsbgy.fang.com/
Logger:2020-03-16 01:55:56.393591 https://wolongdadouhui.fang.com/
Logger:2020-03-16 01:55:59.008268 https://xiangshanmeiyuql.fang.com/
Logger:2020-03-16 01:55:59.258045 https://txsmcgz.fang.com/
Logger:2020-03-16 01:55:59.523052 https://haixinyipin.fang.com/
Logger:2020-03-16 01:56:01.878090 https://mingdexincheng.fang.com/
Logger:2020-03-16 01:56:02.111989 https://mingjunyuefu.fang.com/
Logger:2020-03-16 01:56:03.658923 https://guihuayuan0857.fang.com/
Logger:2020-03-16 01:56:06.366448 https://jinxiudongcheng0857.fang.com/
Logger:2020-03-16 01:56:07.845837 https://xingfuchengsx.fang.com/
Logger:2020-03-16 01:56:11.429789 https://bijie.newhouse.fang.com/house/s/b95/
Logger:2020-03-16 01:56:12.276371 https://shuiyingshuxiang.fang.com/
Logger:2020-03-16 01:56:12.494910 https://deyuanmingzhu.fang.com/
Logger:2020-03-16 01:56:13.479344 https://zrmxc.fang.com/
Logger:2020-03-16 01:56:13.728833 https://ruichengoufu.fang.com/
Logger:2020-03-16 01:56:13.947288 https://shidaiguangchangrx.fang.com/
Logger:2020-03-16 01:56:14.212851 https://honglongbhw.fang.com/
Logger:2020-03-16 01:56:14.525622 https://jinchengguangchang0857.fang.com/
Logger:2020-03-16 01:56:17.673335 https://youshanjunyx.fang.com/
Logger:2020-03-16 01:56:17.892009 https://zhuangyuanfudi0857.fang.com/
Logger:2020-03-16 01:56:19.298042 https://shuimoguoji.fang.com/
Logger:2020-03-16 01:56:19.547475 https://jinxiuchengdjdc.fang.com/
Logger:2020-03-16 01:56:19.828627 https://moerchengfyh.fang.com/
Logger:2020-03-16 01:56:21.719356 https://longchenghuayuan0857.fang.com/
Logger:2020-03-16 01:56:21.953124 https://lianbangjinzuobj.fang.com/
Logger:2020-03-16 01:56:22.185466 https://junyuechengsx.fang.com/
Logger:2020-03-16 01:56:22.482885 https://sjqcc.fang.com/
Logger:2020-03-16 01:56:25.350341 https://bjgjjfzypfsc.fang.com/
Logger:2020-03-16 01:56:26.876062 https://xiangmioucheng.fang.com/
Logger:2020-03-16 01:56:28.141392 https://jysjc0857.fang.com/
Logger:2020-03-16 01:56:28.407384 https://haiyuexiandaicheng.fang.com/
Logger:2020-03-16 01:56:31.641094 https://bijie.newhouse.fang.com/house/s/b96/
Logger:2020-03-16 01:56:33.114991 https://xiangmishangcheng.fang.com/
Logger:2020-03-16 01:56:33.318069 https://qlxlmy.fang.com/
Logger:2020-03-16 01:56:35.380082 https://zhongyuecheng0857.fang.com/
Logger:2020-03-16 01:56:35.724121 https://yelangshoufu.fang.com/
Logger:2020-03-16 01:56:36.895350 https://jllwxy.fang.com/
Logger:2020-03-16 01:56:37.129894 https://dongfangyue0857.fang.com/
Logger:2020-03-16 01:56:40.148323 https://bjshengtailijin.fang.com/
Logger:2020-03-16 01:56:42.122769 https://dongfangzhihuazhijinyinxiang.fang.com/
Logger:2020-03-16 01:56:42.356805 https://mingyuanyajuyh.fang.com/
Logger:2020-03-16 01:56:43.944299 https://shangrunguoji.fang.com/
Logger:2020-03-16 01:56:45.881789 https://haibomingdi.fang.com/
Logger:2020-03-16 01:56:46.147345 https://yangguanghaian0857.fang.com/
Logger:2020-03-16 01:56:46.366057 https://qixingmeiyu.fang.com/
Logger:2020-03-16 01:56:46.584300 https://zhejiangguojidashazj.fang.com/
Logger:2020-03-16 01:56:49.070609 https://jjyhyz.fang.com/
Logger:2020-03-16 01:56:51.617546 https://jsmzxz.fang.com/
Logger:2020-03-16 01:56:53.684478 https://wanxiangshangcheng0857.fang.com/
Logger:2020-03-16 01:56:56.654452 https://xiangyulanwan.fang.com/
Logger:2020-03-16 01:56:56.872667 https://tzgyyf.fang.com/
Logger:2020-03-16 01:56:57.075745 https://hongqiaogongyuanpq.fang.com/
Logger:2020-03-16 01:57:00.684665 https://bijie.newhouse.fang.com/house/s/b97/
Logger:2020-03-16 01:57:02.351174 https://wanxiangxintian0857.fang.com/
Logger:2020-03-16 01:57:03.897557 https://shuixianghuadu.fang.com/
Logger:2020-03-16 01:57:05.747093 https://shishangtianjie0857.fang.com/
Logger:2020-03-16 01:57:07.277587 https://yunmengshijingbl.fang.com/
Logger:2020-03-16 01:57:09.255646 https://wanhongyuyuan.fang.com/
Logger:2020-03-16 01:57:09.512110 https://deshengguojishangmaocheng.fang.com/
Logger:2020-03-16 01:57:11.345464 https://wenxinjiayuanjd.fang.com/
Logger:2020-03-16 01:57:13.366181 https://caihongcheng0857.fang.com/
Logger:2020-03-16 01:57:15.210174 https://huangdudihao.fang.com/
Logger:2020-03-16 01:57:15.459437 https://jinshimingzhu0857.fang.com/shop/
Logger:2020-03-16 01:57:17.581312 https://aotelaisidtbn.fang.com/
Logger:2020-03-16 01:57:18.788168 https://xuefutianjiewn.fang.com/
Logger:2020-03-16 01:57:19.007531 https://zheshangcheng.fang.com/
Logger:2020-03-16 01:57:19.288686 https://yghyzygg.fang.com/
Logger:2020-03-16 01:57:22.205452 https://guojibjqpc.fang.com/
Logger:2020-03-16 01:57:22.455364 https://caifutianjiebq.fang.com/
Logger:2020-03-16 01:57:22.674333 https://cmnfcppfjyzx.fang.com/
Logger:2020-03-16 01:57:22.939730 https://hnshzhpfsc.fang.com/
Logger:2020-03-16 01:57:23.189676 https://huahailijing.fang.com/
Logger:2020-03-16 01:57:23.423890 https://shangyezhongxinmh.fang.com/
Logger:2020-03-16 01:57:26.953592 https://bijie.newhouse.fang.com/house/s/b98/
Logger:2020-03-16 01:57:27.750305 https://lvyoudujiaquqy.fang.com/
Logger:2020-03-16 01:57:29.883891 https://yinxianghuacheng.fang.com/
Logger:2020-03-16 01:57:31.617409 https://zhongyangguangchang0857.fang.com/
Logger:2020-03-16 01:57:33.586145 https://huanyuanchengzs0857.fang.com/
Logger:2020-03-16 01:57:34.663763 https://bihailongyuan.fang.com/
Logger:2020-03-16 01:57:34.929128 https://bijieyihaobgy.fang.com/
Logger:2020-03-16 01:57:35.163449 https://bjlanbowan.fang.com/
Logger:2020-03-16 01:57:35.429051 https://meiguihuayuan0857.fang.com/
Logger:2020-03-16 01:57:36.257653 https://botaidasha.fang.com/
Logger:2020-03-16 01:57:36.523197 https://shuixibandao.fang.com/
Logger:2020-03-16 01:57:36.825459 https://longshanshuiyihuayuanjs.fang.com/
Logger:2020-03-16 01:57:37.075481 https://ylxmzly0857.fang.com/
Logger:2020-03-16 01:57:38.700587 https://jinfengdasha0857.fang.com/
Logger:2020-03-16 01:57:41.789549 https://jintaihuating0857.fang.com/
Logger:2020-03-16 01:57:42.024296 https://pengchengguoji0857.fang.com/
Logger:2020-03-16 01:57:42.258188 https://wandushidaiguangchang.fang.com/
Logger:2020-03-16 01:57:43.929669 https://xgjxkc.fang.com/
Logger:2020-03-16 01:57:44.164409 https://wfgjsmc.fang.com/
Logger:2020-03-16 01:57:46.045849 https://wfsmc.fang.com/
Logger:2020-03-16 01:57:47.669755 https://zhongyangjingzuo.fang.com/
Logger:2020-03-16 01:57:51.231438 https://bijie.newhouse.fang.com/house/s/b99/
Logger:2020-03-16 01:57:54.773613 https://bijie.newhouse.fang.com/house/s/b910/
Logger:2020-03-16 01:57:58.343534 https://bijie.newhouse.fang.com/house/s/b911/
