Logger:2020-03-16 18:08:26.516545 https://binzhou.newhouse.fang.com/house/s/b91/
Logger:2020-03-16 18:08:26.878337 https://slylw0543.fang.com/
Logger:2020-03-16 18:08:27.212439 https://znbgyflzg.fang.com/
Logger:2020-03-16 18:08:27.596426 https://tianchangruifu.fang.com/
Logger:2020-03-16 18:08:27.940520 https://jindingshijia0543.fang.com/
Logger:2020-03-16 18:08:28.303767 https://ronghuichangjiangguandi.fang.com/
Logger:2020-03-16 18:08:28.721716 https://stjdc.fang.com/
Logger:2020-03-16 18:08:29.097718 https://yipinyangguang0543.fang.com/
Logger:2020-03-16 18:08:29.474056 https://lixiangzhicheng0543.fang.com/
Logger:2020-03-16 18:08:29.811666 https://zhonghaiyihaohz.fang.com/
Logger:2020-03-16 18:08:30.152780 https://shengshiqinghuayuan.fang.com/
Logger:2020-03-16 18:08:30.518776 https://jinyuyuangq.fang.com/
Logger:2020-03-16 18:08:33.558527 https://ruyuanshangbangjb.fang.com/
Logger:2020-03-16 18:08:37.253256 https://yulongyuan0543.fang.com/
Logger:2020-03-16 18:08:37.574525 https://lzxsd.fang.com/
Logger:2020-03-16 18:08:37.930054 https://tthbslyy.fang.com/
Logger:2020-03-16 18:08:41.686362 https://lijingguoji0543.fang.com/
Logger:2020-03-16 18:08:42.100259 https://dongjingxuefu.fang.com/
Logger:2020-03-16 18:08:47.587220 https://dongchengxindiandijj.fang.com/
Logger:2020-03-16 18:08:47.970241 https://sgbgyfcc.fang.com/
Logger:2020-03-16 18:08:48.335265 https://qinhuanglijing.fang.com/
Logger:2020-03-16 18:08:52.679231 https://binzhou.newhouse.fang.com/house/s/b92/
Logger:2020-03-16 18:08:53.010383 https://donghubaorui.fang.com/
Logger:2020-03-16 18:08:56.387547 https://bzfulinjiayuan.fang.com/2/
Logger:2020-03-16 18:08:58.264473 https://hepanshengjing.fang.com/
Logger:2020-03-16 18:08:58.652615 https://zhongliangshoufu0543.fang.com/
Logger:2020-03-16 18:09:01.502984 https://zhongliangyihaoyuan0543.fang.com/
Logger:2020-03-16 18:09:04.214840 https://baiyichunfengshili.fang.com/
Logger:2020-03-16 18:09:04.514578 https://dongfanghuacheng0543.fang.com/
Logger:2020-03-16 18:09:05.186780 https://jlhyhbz.fang.com/
Logger:2020-03-16 18:09:07.181589 https://meixinhaigongguan2.fang.com/
Logger:2020-03-16 18:09:07.467851 https://yuexihuacheng.fang.com/
Logger:2020-03-16 18:09:10.047435 https://zhonghaifudijz.fang.com/
Logger:2020-03-16 18:09:13.321821 https://fmdxw.fang.com/
Logger:2020-03-16 18:09:13.836752 https://fengdubolin0543.fang.com/
Logger:2020-03-16 18:09:14.194781 https://thsxy256200.fang.com/
Logger:2020-03-16 18:09:16.266100 https://yushulantinght.fang.com/
Logger:2020-03-16 18:09:17.966765 https://meiguiyuanxh.fang.com/
Logger:2020-03-16 18:09:18.353610 https://qinhuangshuian.fang.com/
Logger:2020-03-16 18:09:18.633886 https://dekunhuafu.fang.com/
Logger:2020-03-16 18:09:20.773771 https://yuanzhuyipin.fang.com/
Logger:2020-03-16 18:09:21.164690 https://xgllsalc.fang.com/
Logger:2020-03-16 18:09:25.302775 https://binzhou.newhouse.fang.com/house/s/b93/
Logger:2020-03-16 18:09:25.878236 https://qxmgy0543.fang.com/
Logger:2020-03-16 18:09:26.180427 https://herunjiayuanzp.fang.com/
Logger:2020-03-16 18:09:26.529493 https://taihexiaoqu0543.fang.com/
Logger:2020-03-16 18:09:26.840662 https://jintinggongguandx.fang.com/
Logger:2020-03-16 18:09:27.155818 https://xinkechengrh.fang.com/
Logger:2020-03-16 18:09:27.477971 https://huguangshanse0543.fang.com/3/
Logger:2020-03-16 18:09:29.409789 https://queshan0543.fang.com/
Logger:2020-03-16 18:09:29.740902 https://mingrixingchengzt.fang.com/2/
Logger:2020-03-16 18:09:30.056060 https://feicuichenghm.fang.com/
Logger:2020-03-16 18:09:30.412107 https://bhcshy.fang.com/
Logger:2020-03-16 18:09:30.811042 https://zhongshengguofu.fang.com/
Logger:2020-03-16 18:09:39.070965 https://taihewenyuan0543.fang.com/
Logger:2020-03-16 18:09:40.130110 https://huitongguoji20543.fang.com/
Logger:2020-03-16 18:09:41.935790 https://guanshuyuan0543.fang.com/
Logger:2020-03-16 18:09:42.558125 https://tianxinghuafu0543.fang.com/
Logger:2020-03-16 18:09:43.646214 https://jingshangmingzhu.fang.com/
Logger:2020-03-16 18:09:44.587696 https://whxgd.fang.com/
Logger:2020-03-16 18:09:45.676782 https://beihaimingshu.fang.com/
Logger:2020-03-16 18:09:46.259224 https://gjhycxd.fang.com/
Logger:2020-03-16 18:09:46.648184 https://yulonghupan0543.fang.com/
Logger:2020-03-16 18:09:52.470828 https://binzhou.newhouse.fang.com/house/s/b94/
Logger:2020-03-16 18:09:54.873073 https://zkcszg0543.fang.com/
Logger:2020-03-16 18:09:55.198832 https://hebanjiari.fang.com/
Logger:2020-03-16 18:09:55.915728 https://yujingshijia0543.fang.com/
Logger:2020-03-16 18:09:56.306289 https://jszjeq.fang.com/
Logger:2020-03-16 18:09:56.666973 https://boyuecheng0543.fang.com/
Logger:2020-03-16 18:09:57.020019 https://chuagnxinguoji.fang.com/
Logger:2020-03-16 18:09:59.278842 https://fenghuanghuayuanfj.fang.com/
Logger:2020-03-16 18:09:59.668797 https://xingheshangcheng0543.fang.com/
Logger:2020-03-16 18:10:05.996993 https://jingzhiwancheng.fang.com/
Logger:2020-03-16 18:10:10.931919 https://xiwangmeijun0543.fang.com/
Logger:2020-03-16 18:10:11.395620 https://xihaiyingjun.fang.com/
Logger:2020-03-16 18:10:11.761671 https://shddh.fang.com/
Logger:2020-03-16 18:10:18.933110 https://momazhongyangqm.fang.com/
Logger:2020-03-16 18:10:19.711270 https://yuquanfudi.fang.com/
Logger:2020-03-16 18:10:24.661529 https://binzhou.newhouse.fang.com/house/2425200261.htm
Logger:2020-03-16 18:10:30.228475 https://qingyiguojixx.fang.com/
Logger:2020-03-16 18:10:35.426486 https://bojinshidai0543.fang.com/
Logger:2020-03-16 18:10:39.859126 https://mingpinchajiejy.fang.com/
Logger:2020-03-16 18:10:44.742123 https://binzhou.newhouse.fang.com/house/s/b95/
Logger:2020-03-16 18:10:49.605505 https://binzhou.newhouse.fang.com/house/s/b96/
Logger:2020-03-16 18:10:53.449622 https://binzhou.newhouse.fang.com/house/s/b97/
