Logger:2020-03-16 01:09:43.679424 https://boluo.newhouse.fang.com/house/s/b91/
Logger:2020-03-16 01:09:43.975535 https://jinyuejiangnanxc.fang.com/
Logger:2020-03-16 01:09:44.272368 https://yulongfubgy.fang.com/
Logger:2020-03-16 01:09:44.537903 https://longguangtianxi0752.fang.com/
Logger:2020-03-16 01:09:44.915327 https://dongjiangyuedaofy.fang.com/
Logger:2020-03-16 01:09:45.228056 https://xinchengjzy.fang.com/
Logger:2020-03-16 01:09:45.642683 https://taidongtianxibgy.fang.com/
Logger:2020-03-16 01:09:45.975040 https://huajijiangshan.fang.com/3/
Logger:2020-03-16 01:09:46.271954 https://hengdayufuhz.fang.com/
Logger:2020-03-16 01:09:46.560757 https://xuhuitiandimd.fang.com/
Logger:2020-03-16 01:09:46.797421 https://dongjiangxiyuanjzy.fang.com/
Logger:2020-03-16 01:09:47.110183 https://mingjubanshan.fang.com/
Logger:2020-03-16 01:09:47.375189 https://yunfengtianfu.fang.com/
Logger:2020-03-16 01:09:47.641406 https://binjiangfubgy0752.fang.com/
Logger:2020-03-16 01:09:47.969373 https://xiangyuelanshanxc0752.fang.com/
Logger:2020-03-16 01:09:49.016042 https://diaoyutai0752.fang.com/
Logger:2020-03-16 01:10:24.339024 https://jinseyuntingzh.fang.com/
Logger:2020-03-16 01:10:24.579823 https://guolingshangyuanhc.fang.com/
Logger:2020-03-16 01:10:24.907326 https://shenhuiyijingyuan.fang.com/
Logger:2020-03-16 01:10:25.188997 https://shanyuhaihf.fang.com/
Logger:2020-03-16 01:10:25.516399 https://shanshuichengbl.fang.com/
Logger:2020-03-16 01:10:29.766370 https://boluo.newhouse.fang.com/house/s/b92/
Logger:2020-03-16 01:10:30.000688 https://xinchengyuejun0752.fang.com/
Logger:2020-03-16 01:10:30.250658 https://xingyuehuayuan0752.fang.com/
Logger:2020-03-16 01:10:30.539848 https://xingfulibgy0752.fang.com/
Logger:2020-03-16 01:10:30.834101 https://luofujiayuan0752.fang.com/
Logger:2020-03-16 01:10:31.101425 https://mingjuxincheng.fang.com/
Logger:2020-03-16 01:10:31.351635 https://yushanhuayuanhs.fang.com/
Logger:2020-03-16 01:10:31.664388 https://yijingyuanls.fang.com/
Logger:2020-03-16 01:10:31.992607 https://xiandaiguangchangfl.fang.com/
Logger:2020-03-16 01:10:32.273023 https://yubofuay.fang.com/
Logger:2020-03-16 01:10:32.539120 https://aolinqinghuahuayuan.fang.com/
Logger:2020-03-16 01:10:32.841607 https://yiyunxiaozhen0752.fang.com/
Logger:2020-03-16 01:10:33.325868 https://fuxingongguan.fang.com/
Logger:2020-03-16 01:10:33.591430 https://jinbiwanhuayuanks.fang.com/
Logger:2020-03-16 01:10:33.904401 https://xingancheng.fang.com/
Logger:2020-03-16 01:10:34.216321 https://rongchenghuatingfkj.fang.com/
Logger:2020-03-16 01:10:34.466606 https://junyuehuating0752.fang.com/
Logger:2020-03-16 01:10:34.684924 https://jiangpanhuayuanxx.fang.com/
Logger:2020-03-16 01:10:34.997411 https://shuianlidu0752.fang.com/
Logger:2020-03-16 01:10:40.065853 https://xilinmen0752.fang.com/
Logger:2020-03-16 01:10:44.319506 https://jinxiuyipin.fang.com/
Logger:2020-03-16 01:10:48.220714 https://boluo.newhouse.fang.com/house/s/b93/
Logger:2020-03-16 01:10:48.376208 https://bojingwan0752.fang.com/
Logger:2020-03-16 01:10:48.667866 https://yuanwangyihao.fang.com/
Logger:2020-03-16 01:10:57.459608 https://huizhou.newhouse.fang.com/house/2817162714.htm
Logger:2020-03-16 01:10:59.990419 https://shangshangongguanlf.fang.com/
Logger:2020-03-16 01:11:00.240389 https://luofuyinxiang.fang.com/
Logger:2020-03-16 01:11:03.869715 https://boluo.newhouse.fang.com/house/s/b94/
Logger:2020-03-16 01:11:07.328933 https://boluo.newhouse.fang.com/house/s/b95/
Logger:2020-03-16 01:11:10.859709 https://boluo.newhouse.fang.com/house/s/b96/
