Logger:2020-03-15 21:56:30.804382 https://bozhou.newhouse.fang.com/house/s/b91/
Logger:2020-03-15 21:56:37.929604 https://xylmsgc.fang.com/?from=xflist_xfgg
Logger:2020-03-15 21:56:47.759934 https://shenghuajjtx.fang.com/?from=xflist_xfgg
Logger:2020-03-15 21:56:48.141912 https://bjcfsdyf.fang.com/
Logger:2020-03-15 21:56:48.483048 https://ldbzcjkjz.fang.com/
Logger:2020-03-15 21:56:48.856137 https://lvdiyhgg.fang.com/
Logger:2020-03-15 21:56:54.573244 https://djwhcmcwdgc.fang.com/
Logger:2020-03-15 21:56:55.123294 https://shuangxizc.fang.com/
Logger:2020-03-15 21:56:55.475352 https://zhongchengsdtj.fang.com/
Logger:2020-03-15 21:56:55.856333 https://rongchuangnhdg.fang.com/
Logger:2020-03-15 21:56:56.202074 https://linxijunbzhd.fang.com/
Logger:2020-03-15 21:56:58.416206 https://bzqcwdlyw.fang.com/
Logger:2020-03-15 21:57:05.498442 https://jiantoudongfangmingfu.fang.com/
Logger:2020-03-15 21:57:11.169368 https://zhongchengsdty.fang.com/
Logger:2020-03-15 21:57:11.490500 https://bowangfuylt.fang.com/
Logger:2020-03-15 21:57:18.147797 https://guoyangjinxiuyunlu.fang.com/
Logger:2020-03-15 21:57:18.646913 https://yihaoyuanmc.fang.com/
Logger:2020-03-15 21:57:18.952160 https://meiguiyuanbz.fang.com/
Logger:2020-03-15 21:57:19.305227 https://jiangshanfubgy.fang.com/
Logger:2020-03-15 21:57:19.663320 https://gujingyueshuiyuan.fang.com/
Logger:2020-03-15 21:57:20.096183 https://yujingwanjt.fang.com/
Logger:2020-03-15 21:57:25.014710 https://bozhou.newhouse.fang.com/house/s/b92/
Logger:2020-03-15 21:57:25.499149 https://bozhouhengdashidaiyujing.fang.com/
Logger:2020-03-15 21:57:25.882717 https://chengfangjchf.fang.com/
Logger:2020-03-15 21:57:26.343493 https://bzxyf.fang.com/
Logger:2020-03-15 21:57:26.788178 https://jindadixindizhongxin.fang.com/
Logger:2020-03-15 21:57:27.155999 https://bzbgycnhk.fang.com/
Logger:2020-03-15 21:57:32.338148 https://tonghuajunlc.fang.com/
Logger:2020-03-15 21:57:32.785989 https://jiantoujinguiwan.fang.com/
Logger:2020-03-15 21:57:33.120056 https://jiayuanxinggangcheng.fang.com/
Logger:2020-03-15 21:57:33.461712 https://gyxhgjgc.fang.com/
Logger:2020-03-15 21:57:35.763671 https://yujiantiancheng.fang.com/
Logger:2020-03-15 21:57:36.189700 https://rongxinhailiangxingfuli.fang.com/
Logger:2020-03-15 21:57:36.546739 https://jiulongfuyd.fang.com/
Logger:2020-03-15 21:57:41.652036 https://mengchengminheminju.fang.com/
Logger:2020-03-15 21:57:41.994240 https://mingbangyufu.fang.com/
Logger:2020-03-15 21:57:42.426086 https://jingkaicheng.fang.com/
Logger:2020-03-15 21:57:42.806037 https://wanxinyuanzhuxiyuan.fang.com/
Logger:2020-03-15 21:57:43.214940 https://gybgygytx.fang.com/
Logger:2020-03-15 21:57:43.728202 https://chengshizhiguangbz.fang.com/
Logger:2020-03-15 21:57:44.142093 https://yuandazgf.fang.com/
Logger:2020-03-15 21:57:45.557879 https://guojichengdt0558.fang.com/
Logger:2020-03-15 21:57:49.526499 https://bozhou.newhouse.fang.com/house/s/b93/
Logger:2020-03-15 21:57:49.834674 https://bozhoufusx.fang.com/
Logger:2020-03-15 21:57:58.026069 https://jiayuandoushilx.fang.com/
Logger:2020-03-15 21:57:58.331330 https://bogongguansx.fang.com/
Logger:2020-03-15 21:57:58.659388 https://znxinyuefu.fang.com/
Logger:2020-03-15 21:57:59.031938 https://zjyjzy.fang.com/
Logger:2020-03-15 21:57:59.475750 https://shidaiyinxiangbgy.fang.com/
Logger:2020-03-15 21:58:03.609360 https://gongyuanhuafuqc.fang.com/
Logger:2020-03-15 21:58:03.963414 https://djwhf.fang.com/
Logger:2020-03-15 21:58:04.275117 https://guoyangmingbangxuefu.fang.com/
Logger:2020-03-15 21:58:13.022541 https://nuodezhongtie.fang.com/
Logger:2020-03-15 21:58:22.773888 [erro]&&&https://laifogc.fang.com/
Logger:2020-03-15 21:58:22.890503 https://shidaigongguanjdd.fang.com/
Logger:2020-03-15 21:58:24.224241 https://honglujuzizhou.fang.com/
Logger:2020-03-15 21:58:24.545381 https://yuanzhubeiyuanwx.fang.com/
Logger:2020-03-15 21:58:24.938370 https://mengchengguomaozhongxin.fang.com/
Logger:2020-03-15 21:58:29.740248 https://heshunjingtianfu.fang.com/
Logger:2020-03-15 21:58:33.496242 https://wxjiangshanyue.fang.com/
Logger:2020-03-15 21:58:33.854756 https://shiliubeijingyuanzi.fang.com/
Logger:2020-03-15 21:58:34.171415 https://guoyangmingbangjinxiunianhua.fang.com/
Logger:2020-03-15 21:58:34.582322 https://mengchengjinggongguangchang.fang.com/
Logger:2020-03-15 21:58:38.359123 https://bozhou.newhouse.fang.com/house/s/b94/
Logger:2020-03-15 21:58:43.083336 https://xiangtiyayuanzbd.fang.com/
Logger:2020-03-15 21:58:48.410329 https://shengshiqiyuan.fang.com/
Logger:2020-03-15 21:58:51.492639 https://guoyangzhuangyuanfu.fang.com/
Logger:2020-03-15 21:58:53.740351 https://wendeyishulx.fang.com/
Logger:2020-03-15 21:58:54.672822 https://jiangnanjunhc.fang.com/
Logger:2020-03-15 21:58:55.220015 https://ruiyuanziyufu.fang.com/
Logger:2020-03-15 21:58:56.857104 https://zhongyuanhuafu.fang.com/
Logger:2020-03-15 21:58:57.197189 https://lixinsanxunboyuefu.fang.com/
Logger:2020-03-15 21:58:57.534525 https://feicuiwanmcbgy.fang.com/
Logger:2020-03-15 21:58:57.901542 https://nanhumingyujt.fang.com/
Logger:2020-03-15 21:58:58.283559 https://yuanzhunanfuwx.fang.com/
Logger:2020-03-15 21:58:58.760786 https://jindunshoufu.fang.com/
Logger:2020-03-15 21:58:59.049983 https://tianheguangchangmc.fang.com/
Logger:2020-03-15 21:58:59.372001 https://lixinbangtaiguobinfu.fang.com/
Logger:2020-03-15 21:59:04.250829 https://btjsy.fang.com/
Logger:2020-03-15 21:59:10.219573 https://jiumingyunfu3.fang.com/
Logger:2020-03-15 21:59:13.507916 https://biguiyuanmc.fang.com/
Logger:2020-03-15 21:59:17.772202 https://biguiyuanlx.fang.com/
Logger:2020-03-15 21:59:21.400421 https://wendexuefuyihao.fang.com/
Logger:2020-03-15 21:59:25.933271 https://mengchengzhongliangjiuxitai.fang.com/
Logger:2020-03-15 21:59:29.249837 https://bozhou.newhouse.fang.com/house/s/b95/
Logger:2020-03-15 21:59:29.531193 https://bybhly.fang.com/
Logger:2020-03-15 21:59:34.387766 https://yihaoyuanbt.fang.com/
Logger:2020-03-15 21:59:37.729381 https://bozhou.newhouse.fang.com/house/2127124916.htm
Logger:2020-03-15 21:59:42.683480 https://zijingfuyd.fang.com/
Logger:2020-03-15 21:59:47.035400 https://btwzfsx.fang.com/
Logger:2020-03-15 21:59:47.492752 https://longhuhuayuanmc.fang.com/
Logger:2020-03-15 21:59:52.294012 https://gongyuanlisx.fang.com/
Logger:2020-03-15 21:59:52.693305 https://shengshihaotingld.fang.com/
Logger:2020-03-15 21:59:57.092677 https://jiuxifuzh.fang.com/
Logger:2020-03-15 21:59:57.477645 https://sanxunhyf.fang.com/
Logger:2020-03-15 22:00:07.657354 https://guiyujiangnanlvcheng.fang.com/
Logger:2020-03-15 22:00:15.350386 https://hepanmingchenggy.fang.com/
Logger:2020-03-15 22:00:25.056020 https://zhongtienuodeyongjingtai.fang.com/
Logger:2020-03-15 22:00:31.596484 https://zijindonglaijun.fang.com/
Logger:2020-03-15 22:00:40.836824 https://jtdfmfyz.fang.com/
Logger:2020-03-15 22:00:41.190924 https://lvchengqingniuguangchang.fang.com/
Logger:2020-03-15 22:00:41.459762 https://tianrunhuayang.fang.com/
Logger:2020-03-15 22:00:41.772928 https://meiguiyuan0558.fang.com/
Logger:2020-03-15 22:00:42.105544 https://bzsngzydswlc.fang.com/
Logger:2020-03-15 22:00:42.486080 https://bjcflxzy.fang.com/
Logger:2020-03-15 22:00:46.371657 https://bozhou.newhouse.fang.com/house/s/b96/
Logger:2020-03-15 22:00:46.688765 https://xinfadibeijing.fang.com/
Logger:2020-03-15 22:00:55.620474 https://zhizunmingmen.fang.com/
Logger:2020-03-15 22:00:55.936564 https://jinsenianhua0558.fang.com/
Logger:2020-03-15 22:00:56.342991 https://guiyuchengxi.fang.com/
Logger:2020-03-15 22:00:56.765410 https://bozhouxiandaigyy.fang.com/
Logger:2020-03-15 22:01:03.919285 https://dxcwhsygc.fang.com/
Logger:2020-03-15 22:01:13.248435 https://hycssl.fang.com/
Logger:2020-03-15 22:01:20.932116 https://huaxingxingshijie.fang.com/
Logger:2020-03-15 22:01:29.806553 https://mengchenggyxdwly.fang.com/
Logger:2020-03-15 22:01:42.220385 https://cygjqcblc.fang.com/
Logger:2020-03-15 22:01:42.611301 https://trhygy.fang.com/
Logger:2020-03-15 22:01:42.900571 https://nbqyswhgc.fang.com/
Logger:2020-03-15 22:01:47.113343 https://chunyuxiaozhen2.fang.com/
Logger:2020-03-15 22:01:52.429002 https://bzshygzyj.fang.com/
Logger:2020-03-15 22:02:03.431035 https://yxqcwhcfgc.fang.com/
Logger:2020-03-15 22:02:07.110598 https://bozhou.newhouse.fang.com/house/s/b97/
Logger:2020-03-15 22:02:20.029546 https://bozhou.newhouse.fang.com/house/s/b98/
Logger:2020-03-15 22:02:23.692333 https://bozhou.newhouse.fang.com/house/s/b99/
