Logger:2020-03-16 16:41:54.982151 https://bt.newhouse.fang.com/house/s/b91/
Logger:2020-03-16 16:41:56.321241 https://yitaihuafuhui.fang.com/
Logger:2020-03-16 16:41:56.802992 https://fulixiyueju.fang.com/
Logger:2020-03-16 16:41:57.242815 https://hengdaweilaicheng0472.fang.com/
Logger:2020-03-16 16:41:57.600311 https://daduchengwj.fang.com/
Logger:2020-03-16 16:42:04.603198 https://guojichengzc0472.fang.com/
Logger:2020-03-16 16:42:05.132833 https://fuliyuanshiting0472.fang.com/
Logger:2020-03-16 16:42:05.493866 https://zhonghaiboyuegongguan0472.fang.com/
Logger:2020-03-16 16:42:05.976588 https://zhonghaiheshanjun0472.fang.com/
Logger:2020-03-16 16:42:06.357621 https://baoligongyuanyihao0472.fang.com/
Logger:2020-03-16 16:42:06.675718 https://zhongyeshijia0472.fang.com/
Logger:2020-03-16 16:42:07.045778 https://wankegongyuanwuhao0472.fang.com/
Logger:2020-03-16 16:42:07.399220 https://fulishangyueju0472.fang.com/
Logger:2020-03-16 16:42:07.786217 https://wankezhongyanggongyuan0472.fang.com/
Logger:2020-03-16 16:42:08.146253 https://biguiyuanfenghuangtianyu.fang.com/
Logger:2020-03-16 16:42:08.519901 https://fulicheng0472.fang.com/
Logger:2020-03-16 16:42:08.994994 https://fulishan0472.fang.com/
Logger:2020-03-16 16:42:09.392928 https://dongfangtiancheng20472.fang.com/
Logger:2020-03-16 16:42:09.734040 https://zhongguotiejianjingshengxuefu.fang.com/
Logger:2020-03-16 16:42:10.198778 https://baotouchengshirenjia.fang.com/
Logger:2020-03-16 16:42:10.491744 https://fushichengshuang.fang.com/
Logger:2020-03-16 16:42:14.291178 https://bt.newhouse.fang.com/house/s/b92/
Logger:2020-03-16 16:42:14.685679 https://fulihuating0472.fang.com/
Logger:2020-03-16 16:42:18.265810 https://huayuefu.fang.com/
Logger:2020-03-16 16:42:18.635914 https://songshizhongyangbandao.fang.com/
Logger:2020-03-16 16:42:19.090210 https://zhonghuanyuefu.fang.com/
Logger:2020-03-16 16:42:19.461248 https://fangxingfu.fang.com/
Logger:2020-03-16 16:42:19.866174 https://jintianxia.fang.com/
Logger:2020-03-16 16:42:20.234636 https://baotouwuyueguangchang.fang.com/
Logger:2020-03-16 16:42:20.763862 https://dushitingyuan0472.fang.com/
Logger:2020-03-16 16:42:21.103924 https://guojihuayuannd.fang.com/
Logger:2020-03-16 16:42:21.604585 https://baotoumingshihuayuan.fang.com/
Logger:2020-03-16 16:42:21.956717 https://fangxingluchengyihao.fang.com/
Logger:2020-03-16 16:42:22.316724 https://btdhxcwygc.fang.com/
Logger:2020-03-16 16:42:22.760623 https://jinshangguoji0472.fang.com/
Logger:2020-03-16 16:42:23.418843 https://fangxingweishifu.fang.com/
Logger:2020-03-16 16:42:27.734864 https://fangxingfenghuangtai.fang.com/
Logger:2020-03-16 16:42:28.092890 https://zhujianyinhaiwan.fang.com/
Logger:2020-03-16 16:42:28.562432 https://gongyuanshubc.fang.com/
Logger:2020-03-16 16:42:32.273404 https://binjiangxuefu0472.fang.com/
Logger:2020-03-16 16:42:32.600565 https://mingfengjiayuanmingshiyuan.fang.com/
Logger:2020-03-16 16:42:32.898734 https://tonghejiayuan0472.fang.com/
Logger:2020-03-16 16:42:37.801517 https://bt.newhouse.fang.com/house/s/b93/
Logger:2020-03-16 16:42:38.277929 https://jinxiushijichenggongyu.fang.com/
Logger:2020-03-16 16:42:38.606079 https://huanghelongcheng.fang.com/
Logger:2020-03-16 16:42:39.029907 https://hengdatianyue.fang.com/
Logger:2020-03-16 16:42:47.477535 https://shoufuyihaoyuanzl0472.fang.com/
Logger:2020-03-16 16:42:52.391397 https://zhonghuixincheng0472.fang.com/
Logger:2020-03-16 16:42:52.795867 https://zhengxiangguoji.fang.com/
Logger:2020-03-16 16:42:53.238263 https://wuyuehuafu.fang.com/
Logger:2020-03-16 16:42:53.601311 https://feicuihuatinghd0472.fang.com/
Logger:2020-03-16 16:42:54.968379 https://fangxingshanyuhu.fang.com/
Logger:2020-03-16 16:43:01.686193 https://qingshanfengjing.fang.com/
Logger:2020-03-16 16:43:02.095865 https://zhengxiangbinhe.fang.com/
Logger:2020-03-16 16:43:02.427012 https://rongmaodiyicheng.fang.com/
Logger:2020-03-16 16:43:02.821951 https://jinxiunanhaicheng.fang.com/3/
Logger:2020-03-16 16:43:04.256844 https://zhongduoshangdongjun.fang.com/
Logger:2020-03-16 16:43:04.570002 https://binjiangguoji0472.fang.com/
Logger:2020-03-16 16:43:05.960654 https://binhaimingdu.fang.com/2/
Logger:2020-03-16 16:43:06.289781 https://aolinyihao.fang.com/
Logger:2020-03-16 16:43:06.677703 https://youhuoxiaozhen.fang.com/
Logger:2020-03-16 16:43:07.026949 https://kunheyihao.fang.com/
Logger:2020-03-16 16:43:07.377718 https://aolinheyuan3.fang.com/
Logger:2020-03-16 16:43:11.122700 https://bt.newhouse.fang.com/house/s/b94/
Logger:2020-03-16 16:43:21.366366 https://sanjiangzunyuan0472.fang.com/
Logger:2020-03-16 16:43:21.727550 https://dongfanglicheng0472.fang.com/
Logger:2020-03-16 16:43:22.132466 https://huigutaoyuanju.fang.com/
Logger:2020-03-16 16:43:22.504471 https://zhonghewenhuaguangchang.fang.com/
Logger:2020-03-16 16:43:26.687570 https://huafaxincheng0472.fang.com/
Logger:2020-03-16 16:43:27.054475 https://aotigongyuansanhao.fang.com/
Logger:2020-03-16 16:43:27.434178 https://qingfuxincheng0472.fang.com/
Logger:2020-03-16 16:43:28.548167 https://riyuexintiandi.fang.com/
Logger:2020-03-16 16:43:28.947687 https://guojichengss.fang.com/
Logger:2020-03-16 16:43:29.350182 https://donghewuyuehefu.fang.com/
Logger:2020-03-16 16:43:29.743165 https://zhujianfengjing.fang.com/
Logger:2020-03-16 16:43:30.176787 https://junyuefu0472.fang.com/
Logger:2020-03-16 16:43:30.503122 https://tiyuzhuangyuanbl.fang.com/
Logger:2020-03-16 16:43:30.831137 https://lijingyuanhlge.fang.com/
Logger:2020-03-16 16:43:31.212181 https://binhefengjing.fang.com/
Logger:2020-03-16 16:43:31.598087 https://yuminxincheng.fang.com/
Logger:2020-03-16 16:43:31.957244 https://hengdadijing0472.fang.com/
Logger:2020-03-16 16:43:37.223000 https://jingshengkaiyuan.fang.com/
Logger:2020-03-16 16:43:37.597959 https://luchengshangyuan.fang.com/
Logger:2020-03-16 16:43:37.967801 https://lanhupuyuan.fang.com/
Logger:2020-03-16 16:43:41.995895 https://bt.newhouse.fang.com/house/s/b95/
Logger:2020-03-16 16:43:42.305457 https://weiduolidashangcheng.fang.com/
Logger:2020-03-16 16:43:42.646545 https://yuhuayuanzj.fang.com/
Logger:2020-03-16 16:43:43.006581 https://heyuedasha.fang.com/
Logger:2020-03-16 16:43:45.301491 https://aolinxuefuxd.fang.com/
Logger:2020-03-16 16:43:48.945411 https://shunxinmeiyu.fang.com/
Logger:2020-03-16 16:43:52.497156 https://dajinchenglz.fang.com/
Logger:2020-03-16 16:43:52.813053 https://huizhanzhongxin0472.fang.com/
Logger:2020-03-16 16:43:53.319491 https://fuyuecheng.fang.com/
Logger:2020-03-16 16:43:53.649616 https://senlinchuntian0472.fang.com/
Logger:2020-03-16 16:43:53.990666 https://fenglinyihao.fang.com/
Logger:2020-03-16 16:43:54.349749 https://diefengcuigu.fang.com/
Logger:2020-03-16 16:43:54.728228 https://ziyugongguan0472.fang.com/
Logger:2020-03-16 16:43:55.051292 https://tianfuguangchang0472.fang.com/
Logger:2020-03-16 16:43:55.409606 https://kainengyulinyuan.fang.com/
Logger:2020-03-16 16:43:57.209500 https://dongheshijicheng.fang.com/2/
Logger:2020-03-16 16:43:57.570510 https://aishanglikn.fang.com/
Logger:2020-03-16 16:43:57.903651 https://dongquguoji0472.fang.com/
Logger:2020-03-16 16:43:58.546379 https://xiruidumh.fang.com/4/
Logger:2020-03-16 16:43:58.921502 https://xifuguangchangxrd.fang.com/
Logger:2020-03-16 16:43:59.348733 https://fuyuewan0472.fang.com/
Logger:2020-03-16 16:44:03.051856 https://bt.newhouse.fang.com/house/s/b96/
Logger:2020-03-16 16:44:03.360020 https://lichikangyang.fang.com/
Logger:2020-03-16 16:44:10.530589 https://huawurenjian.fang.com/
Logger:2020-03-16 16:44:10.996681 https://chengshangchenght0472.fang.com/
Logger:2020-03-16 16:44:11.917215 https://kuajiegongyuxt.fang.com/
Logger:2020-03-16 16:44:12.316237 https://rongmaodiyijie.fang.com/
Logger:2020-03-16 16:44:12.658544 https://fangcaodi0472.fang.com/
Logger:2020-03-16 16:44:15.800131 https://weiduolimoerchengshangye.fang.com/
Logger:2020-03-16 16:44:19.553762 https://bt.newhouse.fang.com/house/s/b97/
Logger:2020-03-16 16:44:23.478645 https://bt.newhouse.fang.com/house/s/b98/
Logger:2020-03-16 16:44:28.005293 https://bt.newhouse.fang.com/house/s/b99/
