Logger:2020-03-16 16:53:25.853821 https://byne.newhouse.fang.com/house/s/b91/
Logger:2020-03-16 16:53:26.219907 https://mlsc0478.fang.com/
Logger:2020-03-16 16:53:26.547602 https://blcyg.fang.com/
Logger:2020-03-16 16:53:26.853821 https://huahaishangdu.fang.com/
Logger:2020-03-16 16:53:27.652677 https://shengshihaocheng.fang.com/
Logger:2020-03-16 16:53:30.617148 https://xiangtixigu.fang.com/
Logger:2020-03-16 16:53:33.687973 https://xintiandidy.fang.com/
Logger:2020-03-16 16:53:34.730773 https://luwangfangcaodi.fang.com/
Logger:2020-03-16 16:53:35.109759 https://xsgjhy.fang.com/
Logger:2020-03-16 16:53:35.530633 https://bynejhc.fang.com/
Logger:2020-03-16 16:53:36.196885 https://jinyushanzhuang.fang.com/
Logger:2020-03-16 16:53:36.559512 https://hongmeijiayuan0478.fang.com/
Logger:2020-03-16 16:53:36.925545 https://senlingongyuansh.fang.com/
Logger:2020-03-16 16:53:37.284575 https://bynefggj.fang.com/
Logger:2020-03-16 16:53:37.936482 https://napaxigu0478.fang.com/
Logger:2020-03-16 16:53:39.353977 https://aolinguoji.fang.com/
Logger:2020-03-16 16:53:40.009775 https://jindilangyue0478.fang.com/
Logger:2020-03-16 16:53:43.933309 https://shanheshu.fang.com/
Logger:2020-03-16 16:53:44.825975 https://haibeierhuayuan.fang.com/
Logger:2020-03-16 16:53:45.245253 https://jinrishangpin.fang.com/
Logger:2020-03-16 16:53:45.705330 https://jinyulanwan0478.fang.com/
Logger:2020-03-16 16:53:49.811620 https://byne.newhouse.fang.com/house/s/b92/
Logger:2020-03-16 16:53:50.404546 https://bishuiyuan0478.fang.com/
Logger:2020-03-16 16:53:50.930139 https://shanhewan.fang.com/
Logger:2020-03-16 16:53:51.575303 https://wenjingguoji.fang.com/
Logger:2020-03-16 16:53:51.941323 https://riyuexingyuan0478.fang.com/
Logger:2020-03-16 16:53:53.593433 https://byneldzc.fang.com/
Logger:2020-03-16 16:53:53.979386 https://shuianhuafuzx.fang.com/
Logger:2020-03-16 16:53:56.200192 https://jiangnanhuafu0478.fang.com/
Logger:2020-03-16 16:53:58.083696 https://xinzuobiaoht.fang.com/
Logger:2020-03-16 16:54:06.017944 https://xinchengkangdu.fang.com/3/
Logger:2020-03-16 16:54:06.376984 https://ruijinhuayuangr.fang.com/
Logger:2020-03-16 16:54:06.710093 https://dijingyuan0478.fang.com/
Logger:2020-03-16 16:54:07.092151 https://bynexagj.fang.com/
Logger:2020-03-16 16:54:07.450455 https://huatailidu.fang.com/
Logger:2020-03-16 16:54:08.108300 https://jinqiuhuacheng.fang.com/
Logger:2020-03-16 16:54:08.470332 https://binhelijing0478.fang.com/
Logger:2020-03-16 16:54:08.901759 https://junfenghuating0478.fang.com/
Logger:2020-03-16 16:54:13.115757 https://ouzhoujiari.fang.com/
Logger:2020-03-16 16:54:13.484769 https://bynezhlw.fang.com/
Logger:2020-03-16 16:54:13.948567 https://wendumingyuan.fang.com/
Logger:2020-03-16 16:54:14.492358 https://bynezxjzgg.fang.com/
Logger:2020-03-16 16:54:21.031697 https://byne.newhouse.fang.com/house/s/b93/
Logger:2020-03-16 16:54:23.682830 https://saishangqinghuayuan.fang.com/
Logger:2020-03-16 16:54:24.079716 https://wenquangongyutz.fang.com/
Logger:2020-03-16 16:54:24.384899 https://lixiangchenglx.fang.com/
Logger:2020-03-16 16:54:26.645265 https://caifuguangchangml.fang.com/
Logger:2020-03-16 16:54:27.008429 https://tianherenjia0478.fang.com/
Logger:2020-03-16 16:54:27.344498 https://chuangyiguangchangzt.fang.com/
Logger:2020-03-16 16:54:27.666616 https://tiandifenghuangcheng0478.fang.com/
Logger:2020-03-16 16:54:28.101453 https://bynejyxtd.fang.com/
Logger:2020-03-16 16:54:31.669959 https://ouchengjunfu.fang.com/
Logger:2020-03-16 16:54:32.005188 https://dongchenmingyuan.fang.com/
Logger:2020-03-16 16:54:33.981089 https://wanjinshijicheng.fang.com/2/
Logger:2020-03-16 16:54:34.397488 https://beiguohuafu.fang.com/
Logger:2020-03-16 16:54:34.765504 https://taihuixiandaicheng.fang.com/
Logger:2020-03-16 16:54:39.262006 https://caiyuanhuafu.fang.com/
Logger:2020-03-16 16:54:39.602139 https://jindishijicheng.fang.com/
Logger:2020-03-16 16:54:40.006059 https://huashengyuan0478.fang.com/
Logger:2020-03-16 16:54:40.385045 https://sjhlgwgc.fang.com/
Logger:2020-03-16 16:54:40.728794 https://caifuguangchangjr.fang.com/
Logger:2020-03-16 16:54:41.149422 https://wjwdlgjgc.fang.com/
Logger:2020-03-16 16:54:41.748818 https://wanxiangxintiandi.fang.com/
Logger:2020-03-16 16:54:46.068384 https://byne.newhouse.fang.com/house/s/b94/
Logger:2020-03-16 16:54:46.359605 https://huanlechengtz.fang.com/
Logger:2020-03-16 16:54:46.953062 https://stjrzx.fang.com/
Logger:2020-03-16 16:54:47.257249 https://guojiqimaocheng.fang.com/
Logger:2020-03-16 16:54:47.625276 https://yichengshoujun.fang.com/
Logger:2020-03-16 16:54:49.360497 https://shangyejieby.fang.com/
Logger:2020-03-16 16:54:49.678658 https://jinyuanjiayuan0478.fang.com/
Logger:2020-03-16 16:54:53.637013 https://byne.newhouse.fang.com/house/s/b95/
Logger:2020-03-16 16:54:57.337911 https://byne.newhouse.fang.com/house/s/b96/
Logger:2020-03-16 16:55:02.383124 https://byne.newhouse.fang.com/house/s/b97/
