Logger:2020-03-16 12:20:31.215058 https://cangzhou.newhouse.fang.com/house/s/b91/
Logger:2020-03-16 12:20:31.644908 https://yuelanwan0317.fang.com/
Logger:2020-03-16 12:20:31.967046 https://jingguizhongxin2.fang.com/
Logger:2020-03-16 12:20:32.261259 https://hxtsxh2.fang.com/
Logger:2020-03-16 12:20:32.523588 https://hengdayuefu0317.fang.com/
Logger:2020-03-16 12:20:33.023221 https://bgyjxf.fang.com/
Logger:2020-03-16 12:20:33.286560 https://zlgch.fang.com/
Logger:2020-03-16 12:20:33.717364 https://yangguangchengflgy.fang.com/
Logger:2020-03-16 12:20:34.024542 https://luolanchuntianbl0317.fang.com/
Logger:2020-03-16 12:20:34.335746 https://baolitangyue0317.fang.com/
Logger:2020-03-16 12:20:36.618603 https://ljthzyf.fang.com/
Logger:2020-03-16 12:20:36.875915 https://bllfgg0317.fang.com/
Logger:2020-03-16 12:20:37.166138 https://wuyuehuafu0317.fang.com/
Logger:2020-03-16 12:20:38.205358 https://cangzhouwygc.fang.com/
Logger:2020-03-16 12:20:38.484611 https://thyhsy.fang.com/
Logger:2020-03-16 12:20:38.737959 https://biguiyuanguanlanfu.fang.com/
Logger:2020-03-16 12:20:38.997309 https://hjjyhc.fang.com/
Logger:2020-03-16 12:20:39.383206 https://thjsw.fang.com/
Logger:2020-03-16 12:20:41.083702 https://borunyujingcheng.fang.com/
Logger:2020-03-16 12:20:42.843988 https://baolihuayuan0317.fang.com/
Logger:2020-03-16 12:20:43.119255 https://lingsongwan.fang.com/
Logger:2020-03-16 12:20:46.415432 https://cangzhou.newhouse.fang.com/house/s/b92/
Logger:2020-03-16 12:20:46.675699 https://bgyyjs.fang.com/
Logger:2020-03-16 12:20:46.925032 https://tianchengyuxitai.fang.com/
Logger:2020-03-16 12:20:48.644472 https://jiaheyifang.fang.com/
Logger:2020-03-16 12:20:50.148408 https://hhbhlw.fang.com/
Logger:2020-03-16 12:20:51.900768 https://sanlijiayuanxh.fang.com/
Logger:2020-03-16 12:20:54.464862 https://hongyukandu2.fang.com/
Logger:2020-03-16 12:20:54.769048 https://huayuxinyuan0317.fang.com/
Logger:2020-03-16 12:20:55.087239 https://cxqhyp2.fang.com/
Logger:2020-03-16 12:20:55.438257 https://flsyj0317.fang.com/
Logger:2020-03-16 12:20:55.713563 https://rongshengmingdi0317.fang.com/
Logger:2020-03-16 12:20:58.086174 https://jiangshanyinbgy0317.fang.com/
Logger:2020-03-16 12:20:58.355489 https://taixiangjiafu.fang.com/
Logger:2020-03-16 12:20:58.681581 https://guojichengyy.fang.com/
Logger:2020-03-16 12:20:58.927964 https://scxyf0317.fang.com/
Logger:2020-03-16 12:20:59.191225 https://tianchenglingxiu.fang.com/
Logger:2020-03-16 12:22:03.451876 https://yujingjiayuanrq.fang.com/
Logger:2020-03-16 12:22:03.808919 https://yangguangyuecheng.fang.com/
Logger:2020-03-16 12:22:04.139000 https://hongzhili.fang.com/
Logger:2020-03-16 12:22:05.913254 https://rslhsjhy.fang.com/
Logger:2020-03-16 12:22:12.596406 https://bsfcc.fang.com/
Logger:2020-03-16 12:22:15.823771 https://cangzhou.newhouse.fang.com/house/s/b93/
Logger:2020-03-16 12:22:16.183810 https://wanguocheng.fang.com/
Logger:2020-03-16 12:22:16.995637 https://qxzxqj.fang.com/
Logger:2020-03-16 12:22:17.271901 https://xiaoyuanhupan.fang.com/
Logger:2020-03-16 12:22:17.514307 https://chengshizhiguangxy.fang.com/
Logger:2020-03-16 12:22:18.055801 https://baishengzhongyanggongyuan.fang.com/
Logger:2020-03-16 12:22:18.316104 https://rsjxxf0317.fang.com/
Logger:2020-03-16 12:22:18.588408 https://xcyjsd2.fang.com/
Logger:2020-03-16 12:22:18.838706 https://yuhugongguan.fang.com/
Logger:2020-03-16 12:22:19.178796 https://wanjinxinchengrq.fang.com/
Logger:2020-03-16 12:22:21.624255 https://bgyylt.fang.com/
Logger:2020-03-16 12:22:22.149851 https://yuhexincheng.fang.com/
Logger:2020-03-16 12:22:22.394271 https://ziyuhuafu0317.fang.com/
Logger:2020-03-16 12:22:22.720351 https://bolantianxia.fang.com/
Logger:2020-03-16 12:22:22.996625 https://yulanwan3.fang.com/
Logger:2020-03-16 12:22:24.893509 https://hongyuzhenyuan.fang.com/
Logger:2020-03-16 12:22:26.785485 https://hetang0317.fang.com/
Logger:2020-03-16 12:22:28.576691 https://thbdgj2.fang.com/
Logger:2020-03-16 12:22:30.574332 https://wtglc.fang.com/
Logger:2020-03-16 12:22:32.221940 https://renqiu.newhouse.fang.com/house/1346197103.htm
Logger:2020-03-16 12:22:32.493178 https://sijidujiaxiaozhenjsw.fang.com/
Logger:2020-03-16 12:22:35.774403 https://cangzhou.newhouse.fang.com/house/s/b94/
Logger:2020-03-16 12:22:36.083634 https://dongxingdiyicheng.fang.com/
Logger:2020-03-16 12:22:36.864485 https://xcyjfh0317.fang.com/
Logger:2020-03-16 12:22:38.965863 https://shuxianghuafu0317.fang.com/
Logger:2020-03-16 12:22:40.993475 https://donglingbojuehxtyc.fang.com/
Logger:2020-03-16 12:22:41.302612 https://jingjinzhimen.fang.com/
Logger:2020-03-16 12:22:43.041997 https://fenghuangchengxx.fang.com/
Logger:2020-03-16 12:22:43.321212 https://wutongshu.fang.com/
Logger:2020-03-16 12:22:43.597473 https://guangjiansoho.fang.com/
Logger:2020-03-16 12:22:46.269325 https://renqiu.newhouse.fang.com/house/1346197101.htm
Logger:2020-03-16 12:22:46.520652 https://yongtaihuadu.fang.com/
Logger:2020-03-16 12:22:46.757020 https://shangxia.fang.com/
Logger:2020-03-16 12:22:47.070182 https://cxhxyp.fang.com/
Logger:2020-03-16 12:22:47.668586 https://yuhugongguan.fang.com/villa/
Logger:2020-03-16 12:22:48.027621 https://rongcheng3.fang.com/
Logger:2020-03-16 12:22:48.292911 https://guangxinzhiyuan.fang.com/
Logger:2020-03-16 12:22:48.553216 https://hbgydxkjy.fang.com/
Logger:2020-03-16 12:22:48.840483 https://czbgytyhf.fang.com/
Logger:2020-03-16 12:22:49.168569 https://kongquechengbg.fang.com/
Logger:2020-03-16 12:22:49.422890 https://xqdiyicheng.fang.com/
Logger:2020-03-16 12:22:49.730067 https://bgyfhstc0317.fang.com/
Logger:2020-03-16 12:22:52.974388 https://cangzhou.newhouse.fang.com/house/s/b95/
Logger:2020-03-16 12:22:53.301512 https://czbgytyly.fang.com/
Logger:2020-03-16 12:22:54.224045 https://botouyipin.fang.com/
Logger:2020-03-16 12:22:54.562204 https://yujingshichengyc.fang.com/
Logger:2020-03-16 12:22:54.854361 https://lishengjiayuan.fang.com/
Logger:2020-03-16 12:22:55.192453 https://bgyyxt0317.fang.com/
Logger:2020-03-16 12:22:55.441788 https://rh7hy.fang.com/
Logger:2020-03-16 12:22:57.306798 https://hxhyt.fang.com/
Logger:2020-03-16 12:22:59.478987 https://czbgyjsy.fang.com/
Logger:2020-03-16 12:22:59.738294 https://cangxingyipin.fang.com/
Logger:2020-03-16 12:23:00.067412 https://changfengyuejing.fang.com/
Logger:2020-03-16 12:23:00.336712 https://wanhaozhuangyuan.fang.com/
Logger:2020-03-16 12:23:07.022808 https://longyushu.fang.com/
Logger:2020-03-16 12:23:07.288096 https://alblzzcyy.fang.com/
Logger:2020-03-16 12:23:07.586302 https://zlltyy.fang.com/
Logger:2020-03-16 12:23:09.014478 https://biguiyuanshoufu.fang.com/
Logger:2020-03-16 12:23:09.277810 https://jllqbs.fang.com/
Logger:2020-03-16 12:23:11.349233 https://czmcjlw.fang.com/
Logger:2020-03-16 12:23:11.671407 https://yhjmf.fang.com/
Logger:2020-03-16 12:23:12.369503 https://hylhw0317.fang.com/
Logger:2020-03-16 12:23:14.316295 https://hengshenglingxiu.fang.com/
Logger:2020-03-16 12:23:17.529724 https://cangzhou.newhouse.fang.com/house/s/b96/
Logger:2020-03-16 12:23:17.804963 https://jinxiuchengza.fang.com/
Logger:2020-03-16 12:23:22.631053 https://luohuyingjun.fang.com/
Logger:2020-03-16 12:23:23.964484 https://syxc345.fang.com/
Logger:2020-03-16 12:23:24.229815 https://whcyycz.fang.com/
Logger:2020-03-16 12:23:24.496126 https://czgjwjc.fang.com/
Logger:2020-03-16 12:23:26.756057 https://jujiguanxiaoquxfjy.fang.com/
Logger:2020-03-16 12:23:27.054219 https://boyuanguoji.fang.com/
Logger:2020-03-16 12:23:27.336464 https://jinyuruijing.fang.com/
Logger:2020-03-16 12:23:27.607738 https://haitiancheng0317.fang.com/
Logger:2020-03-16 12:23:27.923892 https://tuosikana0317.fang.com/
Logger:2020-03-16 12:23:28.179209 https://yichengmingyuan0317.fang.com/
Logger:2020-03-16 12:23:28.424554 https://shuxiangshijiaby.fang.com/
Logger:2020-03-16 12:23:28.692835 https://jindunjiayuanrn.fang.com/
Logger:2020-03-16 12:23:29.084787 https://wenquangaocengqf.fang.com/
Logger:2020-03-16 12:23:29.493695 https://village.fang.com/
Logger:2020-03-16 12:23:31.152286 https://hxjy345.fang.com/
Logger:2020-03-16 12:23:31.411563 https://dayuanshangyuan.fang.com/
Logger:2020-03-16 12:23:31.678847 https://czygcyy.fang.com/
Logger:2020-03-16 12:23:32.019936 https://ssxtd.fang.com/
Logger:2020-03-16 12:23:32.276252 https://hhyjc.fang.com/
Logger:2020-03-16 12:23:36.143902 https://cangzhou.newhouse.fang.com/house/s/b97/
Logger:2020-03-16 12:23:37.402572 https://hbgydxkjycz.fang.com/
Logger:2020-03-16 12:23:37.704764 https://hdzjy.fang.com/
Logger:2020-03-16 12:23:39.616614 https://liduxinyuan0317.fang.com/
Logger:2020-03-16 12:23:39.890879 https://tianxindasha20317.fang.com/
Logger:2020-03-16 12:23:41.363938 https://yunchuangkongjian0317.fang.com/
Logger:2020-03-16 12:23:41.669122 https://haorizichanyeyuan.fang.com/
Logger:2020-03-16 12:23:41.951366 https://taiheshijia.fang.com/
Logger:2020-03-16 12:23:42.363265 https://wantailijing.fang.com/
Logger:2020-03-16 12:23:44.227278 https://shuxiangyuanycfj.fang.com/
Logger:2020-03-16 12:23:48.163747 https://cangzhou.newhouse.fang.com/house/s/b98/
Logger:2020-03-16 12:23:51.918702 https://cangzhou.newhouse.fang.com/house/s/b99/
Logger:2020-03-16 12:23:55.400388 https://cangzhou.newhouse.fang.com/house/s/b910/
