Logger:2020-03-16 20:04:00.427361 https://cd.newhouse.fang.com/house/s/b91/
Logger:2020-03-16 20:04:00.824263 https://ccparkzg.fang.com/office/
Logger:2020-03-16 20:04:01.220206 https://jinbitianxiahd0282.fang.com/
Logger:2020-03-16 20:04:01.581750 https://933104.fang.com/
Logger:2020-03-16 20:04:01.957097 https://161898.fang.com/
Logger:2020-03-16 20:04:02.418446 https://wuhoujinmaofu.fang.com/
Logger:2020-03-16 20:04:02.814311 https://yujingguojigongyujm.fang.com/
Logger:2020-03-16 20:04:03.161897 https://161612.fang.com/
Logger:2020-03-16 20:04:03.497991 https://hepanxinshijie.fang.com/
Logger:2020-03-16 20:04:03.992499 https://puyuddzd.fang.com/
Logger:2020-03-16 20:04:04.340605 https://hengdayujing028.fang.com/
Logger:2020-03-16 20:04:04.656721 https://tianfuwankecheng.fang.com/
Logger:2020-03-16 20:04:05.047742 https://jingchenshijialhjdsz.fang.com/
Logger:2020-03-16 20:04:05.382721 https://xipaitianfuzgtj.fang.com/
Logger:2020-03-16 20:04:05.738797 https://huanglongxigu028.fang.com/
Logger:2020-03-16 20:04:06.090851 https://monaidehuhqcbgy.fang.com/
Logger:2020-03-16 20:04:06.478788 https://tianfenghefuxx.fang.com/
Logger:2020-03-16 20:04:06.823505 https://273938.fang.com/
Logger:2020-03-16 20:04:07.301153 https://huamuli.fang.com/
Logger:2020-03-16 20:04:07.708025 https://161976.fang.com/
Logger:2020-03-16 20:04:08.045363 https://161794.fang.com/
Logger:2020-03-16 20:04:12.778945 https://cd.newhouse.fang.com/house/s/b92/
Logger:2020-03-16 20:04:13.147958 https://161794.fang.com/
Logger:2020-03-16 20:04:13.922534 https://tianfumiclr.fang.com/
Logger:2020-03-16 20:04:14.548858 https://beichengyingxiang.fang.com/
Logger:2020-03-16 20:04:15.028575 https://161674.fang.com/
Logger:2020-03-16 20:04:15.406638 https://7haotzl.fang.com/
Logger:2020-03-16 20:04:15.740388 https://tianxi68sc.fang.com/
Logger:2020-03-16 20:04:16.062526 https://linxijunhd028.fang.com/
Logger:2020-03-16 20:04:16.390725 https://chunfengyuhulr.fang.com/
Logger:2020-03-16 20:04:16.774624 https://160018.fang.com/
Logger:2020-03-16 20:04:17.133621 https://lanbozhongxin.fang.com/
Logger:2020-03-16 20:04:17.471907 https://tiankongzhichengbl.fang.com/
Logger:2020-03-16 20:04:19.329818 https://rongjingtaisg.fang.com/
Logger:2020-03-16 20:04:19.888936 https://yufengyujian.fang.com/
Logger:2020-03-16 20:04:20.189137 https://wuhoujinmaofu.fang.com/
Logger:2020-03-16 20:04:20.541234 https://junlingehd028.fang.com/
Logger:2020-03-16 20:04:21.020504 https://161270.fang.com/
Logger:2020-03-16 20:04:21.354223 https://wusheqingchengld.fang.com/
Logger:2020-03-16 20:04:21.671397 https://nanyuectzd.fang.com/
Logger:2020-03-16 20:04:22.015446 https://160636.fang.com/
Logger:2020-03-16 20:04:22.399419 https://160322.fang.com/
Logger:2020-03-16 20:04:26.239337 https://cd.newhouse.fang.com/house/s/b93/
Logger:2020-03-16 20:04:26.557944 https://longhushangcheng028.fang.com/2/
Logger:2020-03-16 20:04:26.826226 https://162074.fang.com/
Logger:2020-03-16 20:04:27.214188 https://tianfugongguanzj.fang.com/
Logger:2020-03-16 20:04:27.580581 https://161846.fang.com/
Logger:2020-03-16 20:04:27.925419 https://162146.fang.com/
Logger:2020-03-16 20:04:28.217657 https://zhonglvmingmenfu.fang.com/
Logger:2020-03-16 20:04:32.578649 https://yunshanglvyoudujiaqu.fang.com/
Logger:2020-03-16 20:04:32.928694 https://zhuoyuegezt.fang.com/
Logger:2020-03-16 20:04:33.236869 https://yujinggeds.fang.com/
Logger:2020-03-16 20:04:33.505702 https://xiangsonghu028.fang.com/
Logger:2020-03-16 20:04:33.940066 https://tianhuishangbanwk.fang.com/
Logger:2020-03-16 20:04:34.295115 https://konggangluhao.fang.com/
Logger:2020-03-16 20:04:34.640759 https://xintiandizc.fang.com/
Logger:2020-03-16 20:04:35.057749 https://tangyuefuay.fang.com/
Logger:2020-03-16 20:04:35.392316 https://160512.fang.com/
Logger:2020-03-16 20:04:35.735458 https://160408.fang.com/
Logger:2020-03-16 20:04:36.061596 https://yiduchengzx.fang.com/
Logger:2020-03-16 20:04:36.454516 https://longrunfengjin.fang.com/
Logger:2020-03-16 20:04:36.792502 https://wanjingrongyuan.fang.com/
Logger:2020-03-16 20:04:37.205439 https://161352.fang.com/
Logger:2020-03-16 20:04:41.130608 https://cd.newhouse.fang.com/house/s/b94/
Logger:2020-03-16 20:04:41.560517 https://taiyanggongyuan028.fang.com/
Logger:2020-03-16 20:04:41.935999 https://xipaiboyue.fang.com/
Logger:2020-03-16 20:04:42.370622 https://qingchengfufxhy.fang.com/
Logger:2020-03-16 20:04:43.637118 https://qingxiuyueshan.fang.com/
Logger:2020-03-16 20:04:43.970892 https://fanyuechengshiguangchang.fang.com/
Logger:2020-03-16 20:04:44.335917 https://161040.fang.com/
Logger:2020-03-16 20:04:45.246033 https://leshijieguangchang.fang.com/
Logger:2020-03-16 20:04:45.650074 https://yuejunshengshixc.fang.com/
Logger:2020-03-16 20:04:45.971037 https://161910.fang.com/
Logger:2020-03-16 20:04:46.336986 https://haichangtianlanbgy.fang.com/
Logger:2020-03-16 20:04:47.062046 https://tixianghuiwk.fang.com/
Logger:2020-03-16 20:04:47.444073 https://weilaichenghd028.fang.com/
Logger:2020-03-16 20:04:47.919844 https://changdaoguojishequlg.fang.com/
Logger:2020-03-16 20:04:48.377637 https://zhongnanyuefu028.fang.com/
Logger:2020-03-16 20:04:48.683801 https://jinjiangchengzh.fang.com/
Logger:2020-03-16 20:04:49.252281 https://longhufancheng.fang.com/
Logger:2020-03-16 20:04:49.620001 https://d10tianfuxxw.fang.com/
Logger:2020-03-16 20:04:49.968033 https://yunchengtfwk.fang.com/
Logger:2020-03-16 20:04:50.359011 https://huayangnianjiatianxia.fang.com/
Logger:2020-03-16 20:04:50.799833 https://ziyuefucf.fang.com/
Logger:2020-03-16 20:04:54.658577 https://cd.newhouse.fang.com/house/s/b95/
Logger:2020-03-16 20:04:54.991652 https://huarunyuexi028.fang.com/
Logger:2020-03-16 20:04:55.328769 https://ziyuefucf.fang.com/
Logger:2020-03-16 20:04:55.657944 https://gongxiangchengzc.fang.com/
Logger:2020-03-16 20:04:55.967600 https://yixinhuan.fang.com/
Logger:2020-03-16 20:04:56.297318 https://161868.fang.com/
Logger:2020-03-16 20:04:56.671278 https://longhulanjing.fang.com/
Logger:2020-03-16 20:04:57.033354 https://160040.fang.com/
Logger:2020-03-16 20:04:57.416286 https://gongyuanduhuiwk.fang.com/
Logger:2020-03-16 20:04:57.803030 https://huayushuhx.fang.com/
Logger:2020-03-16 20:04:58.159727 https://yunlushijiazh.fang.com/
Logger:2020-03-16 20:04:58.517779 https://zhongliangchenyue.fang.com/
Logger:2020-03-16 20:04:58.787048 https://chenguangheyue.fang.com/
Logger:2020-03-16 20:04:59.171950 https://tongsenjinyi.fang.com/
Logger:2020-03-16 20:04:59.573856 https://yuefujzy.fang.com/
Logger:2020-03-16 20:04:59.957828 https://wolongguyihao.fang.com/
Logger:2020-03-16 20:05:00.512932 https://161546.fang.com/
Logger:2020-03-16 20:05:00.931927 https://shenghuoguangchangdf.fang.com/
Logger:2020-03-16 20:05:01.292960 https://161296.fang.com/
Logger:2020-03-16 20:05:01.679928 https://laifushiguangchangt5.fang.com/
Logger:2020-03-16 20:05:02.034259 https://tianxizrty.fang.com/
Logger:2020-03-16 20:05:05.806433 https://cd.newhouse.fang.com/house/s/b96/
Logger:2020-03-16 20:05:06.180404 https://feicuiwan028.fang.com/2/
Logger:2020-03-16 20:05:11.386983 https://shushanqizhen.fang.com/villa/
Logger:2020-03-16 20:05:11.953655 https://tianjiaochengxx028.fang.com/
Logger:2020-03-16 20:05:12.476596 https://dingnanchuanyuxj.fang.com/
Logger:2020-03-16 20:05:12.937364 https://xinghuicheng028.fang.com/
Logger:2020-03-16 20:05:13.565770 https://huashengtanghyn028.fang.com/
Logger:2020-03-16 20:05:14.865444 https://160500.fang.com/
Logger:2020-03-16 20:05:15.233458 https://159998.fang.com/
Logger:2020-03-16 20:05:15.556593 https://huanqiuduhuiguangchang028.fang.com/
Logger:2020-03-16 20:05:15.831865 https://161640.fang.com/
Logger:2020-03-16 20:05:16.235388 https://gongyuanchuanqiwk028.fang.com/
Logger:2020-03-16 20:05:16.583290 https://xiruijinjiangsc.fang.com/
Logger:2020-03-16 20:05:16.915404 https://ziruifutt.fang.com/
Logger:2020-03-16 20:05:17.308350 https://huafujinshamingcheng.fang.com/
Logger:2020-03-16 20:05:17.684855 https://zizaixuan.fang.com/
Logger:2020-03-16 20:05:18.036794 https://jinguanfuxxw.fang.com/
Logger:2020-03-16 20:05:18.390861 https://162070.fang.com/
Logger:2020-03-16 20:05:18.821708 https://yiyunshangchengzs.fang.com/
Logger:2020-03-16 20:05:19.284512 https://xinyuancheng.fang.com/
Logger:2020-03-16 20:05:19.639643 https://161650.fang.com/
Logger:2020-03-16 20:05:23.813780 https://cd.newhouse.fang.com/house/s/b97/
Logger:2020-03-16 20:05:24.236646 https://yinhaihuzhj.fang.com/
Logger:2020-03-16 20:05:24.719415 https://zhongyangwanqujf2028.fang.com/
Logger:2020-03-16 20:05:25.332029 https://161924.fang.com/
Logger:2020-03-16 20:05:25.782332 https://tianchenyuanzhulh028.fang.com/
Logger:2020-03-16 20:05:26.216173 https://jingnantangwk.fang.com/
Logger:2020-03-16 20:05:26.665849 https://shangguanbgy.fang.com/
Logger:2020-03-16 20:05:28.697500 https://mingyueyufudj.fang.com/
Logger:2020-03-16 20:05:29.200155 https://shanglinxihuafuls.fang.com/
Logger:2020-03-16 20:05:29.724664 https://xiangshuhuating.fang.com/
Logger:2020-03-16 20:05:30.251064 https://baolixinghui.fang.com/
Logger:2020-03-16 20:05:30.792143 https://wanketianhui.fang.com/
Logger:2020-03-16 20:05:31.312830 https://wankegongyuan5hao.fang.com/
Logger:2020-03-16 20:05:32.836145 https://guanlanxiangyundy.fang.com/
Logger:2020-03-16 20:05:33.368253 https://diwudadaojf.fang.com/
Logger:2020-03-16 20:05:34.027493 https://tanyueygc028.fang.com/
Logger:2020-03-16 20:05:36.480004 https://zijingdonglaibdzy.fang.com/
Logger:2020-03-16 20:05:40.354957 https://161716.fang.com/
Logger:2020-03-16 20:05:40.904219 https://longguangtianfujiulongjun.fang.com/
Logger:2020-03-16 20:05:41.371935 https://binhezuoanhd028.fang.com/
Logger:2020-03-16 20:05:41.803796 https://wanjingtaihy.fang.com/
Logger:2020-03-16 20:05:45.712759 https://cd.newhouse.fang.com/house/s/b98/
Logger:2020-03-16 20:05:46.140883 https://dsxxwgbjltx.fang.com/
Logger:2020-03-16 20:05:47.236963 https://tangrenjie028.fang.com/
Logger:2020-03-16 20:05:48.695705 https://baolitianyue028.fang.com/
Logger:2020-03-16 20:05:49.200431 https://161798.fang.com/
Logger:2020-03-16 20:05:49.515575 https://yuelandaojd.fang.com/
Logger:2020-03-16 20:05:50.059345 https://162586.fang.com/
Logger:2020-03-16 20:05:50.398410 https://yiduchengxiaohuzx.fang.com/
Logger:2020-03-16 20:05:50.839832 https://wolonggujiuhao.fang.com/
Logger:2020-03-16 20:05:51.397629 https://daguojingbl028.fang.com/
Logger:2020-03-16 20:05:51.768637 https://xipailananzgtj.fang.com/
Logger:2020-03-16 20:05:52.226917 https://161884.fang.com/
Logger:2020-03-16 20:05:52.691971 https://162198.fang.com/
Logger:2020-03-16 20:05:53.046903 https://caojiaxiangguangchanghd2.fang.com/
Logger:2020-03-16 20:05:54.389812 https://baolishidai028.fang.com/
Logger:2020-03-16 20:05:54.808238 https://jinxiuguangchanghyxh.fang.com/
Logger:2020-03-16 20:05:55.276983 https://longyuefuzy.fang.com/
Logger:2020-03-16 20:05:55.613107 https://xiangmendihyn.fang.com/
Logger:2020-03-16 20:05:56.080605 https://bocuifujk.fang.com/
Logger:2020-03-16 20:05:56.517094 https://162014.fang.com/
Logger:2020-03-16 20:05:56.812382 https://161026.fang.com/
Logger:2020-03-16 20:06:00.751455 https://cd.newhouse.fang.com/house/s/b99/
Logger:2020-03-16 20:06:01.335839 https://162044.fang.com/
Logger:2020-03-16 20:06:02.810809 https://161718.fang.com/
Logger:2020-03-16 20:06:05.064017 https://weigaochengyuan.fang.com/
Logger:2020-03-16 20:06:05.457990 https://jrfantasiahyjj.fang.com/
Logger:2020-03-16 20:06:07.334561 https://161922.fang.com/
Logger:2020-03-16 20:06:07.759847 https://161542.fang.com/
Logger:2020-03-16 20:06:08.074007 https://zhaoshangyuyue.fang.com/
Logger:2020-03-16 20:06:08.424071 https://maolifangsm.fang.com/
Logger:2020-03-16 20:06:08.768131 https://feilishanss.fang.com/
Logger:2020-03-16 20:06:09.331671 https://bocuitianchenjk028.fang.com/
Logger:2020-03-16 20:06:09.772352 https://xipaihuanhua.fang.com/
Logger:2020-03-16 20:06:10.215193 https://jinyuebeifuxxw.fang.com/
Logger:2020-03-16 20:06:10.705374 https://yihaoyuanzl028.fang.com/
Logger:2020-03-16 20:06:11.208785 https://zizaiyuhrzd.fang.com/
Logger:2020-03-16 20:06:11.518752 https://amaniysgy.fang.com/
Logger:2020-03-16 20:06:14.820333 https://zhongliangruifu028.fang.com/
Logger:2020-03-16 20:06:18.559130 https://gongyuantianxiamdxc.fang.com/
Logger:2020-03-16 20:06:18.966313 https://161904.fang.com/
Logger:2020-03-16 20:06:19.314382 https://tianfuguojifenghuangcheng.fang.com/2/
Logger:2020-03-16 20:06:19.725359 https://159942.fang.com/
Logger:2020-03-16 20:06:23.659468 https://cd.newhouse.fang.com/house/s/b910/
Logger:2020-03-16 20:06:24.045436 https://jiutangfurc028.fang.com/
Logger:2020-03-16 20:06:24.356774 https://161696.fang.com/
Logger:2020-03-16 20:06:24.771211 https://wankejunyi.fang.com/
Logger:2020-03-16 20:06:25.133774 https://longyuejinyunzl.fang.com/
Logger:2020-03-16 20:06:25.480846 https://chengdupengpaichengas.fang.com/
Logger:2020-03-16 20:06:25.843874 https://160502.fang.com/
Logger:2020-03-16 20:06:26.264520 https://baiyuecheng.fang.com/
Logger:2020-03-16 20:06:26.683661 https://160192.fang.com/
Logger:2020-03-16 20:06:26.969899 https://xiangmanting028.fang.com/
Logger:2020-03-16 20:06:27.359533 https://tmaxlg.fang.com/
Logger:2020-03-16 20:06:27.645852 https://161532.fang.com/
Logger:2020-03-16 20:06:27.993867 https://yuejuanxiangjiangxc.fang.com/
Logger:2020-03-16 20:06:28.293216 https://162724.fang.com/
Logger:2020-03-16 20:06:28.687194 https://damofang.fang.com/
Logger:2020-03-16 20:06:29.526954 https://tianyuejzy.fang.com/
Logger:2020-03-16 20:06:30.028234 https://hehonglujiangfu.fang.com/
Logger:2020-03-16 20:06:30.359909 https://jianfaxingshu.fang.com/
Logger:2020-03-16 20:06:30.653661 https://longxihuijy.fang.com/
Logger:2020-03-16 20:06:31.115395 https://xinchengjinyuehuafu.fang.com/
Logger:2020-03-16 20:06:31.424568 https://161638.fang.com/
Logger:2020-03-16 20:06:35.405428 https://cd.newhouse.fang.com/house/s/b911/
Logger:2020-03-16 20:06:35.723579 https://xinchengshidaizhiguangwk.fang.com/
Logger:2020-03-16 20:06:36.175368 https://ruichengxuanzd.fang.com/
Logger:2020-03-16 20:06:36.532302 https://shidaizhichenghrzd.fang.com/
Logger:2020-03-16 20:06:36.848559 https://tianhuwan.fang.com/
Logger:2020-03-16 20:06:37.185668 https://jiuyuetairc2.fang.com/
Logger:2020-03-16 20:06:37.590596 https://yuechengzhrdfbj.fang.com/
Logger:2020-03-16 20:06:37.908841 https://shidaifenghua028.fang.com/
Logger:2020-03-16 20:06:38.342262 https://shijizhongxinlg.fang.com/
Logger:2020-03-16 20:06:38.677366 https://kaixuandonganrc2.fang.com/
Logger:2020-03-16 20:06:39.065372 https://yuefumxsl.fang.com/
Logger:2020-03-16 20:06:39.526096 https://160442.fang.com/
Logger:2020-03-16 20:06:39.872410 https://dongyuehuilr.fang.com/
Logger:2020-03-16 20:06:40.169647 https://ershiyijiequ.fang.com/
Logger:2020-03-16 20:06:40.477791 https://sanlihuacheng.fang.com/
Logger:2020-03-16 20:06:40.994484 https://yangguangheyuelanting.fang.com/
Logger:2020-03-16 20:06:41.453445 https://xipaichenyuezgtj.fang.com/
Logger:2020-03-16 20:06:41.857917 https://161498.fang.com/
Logger:2020-03-16 20:06:42.227926 https://tangfuxhjk.fang.com/
Logger:2020-03-16 20:06:42.601629 https://longxijzy.fang.com/
Logger:2020-03-16 20:06:42.976556 https://161334.fang.com/
Logger:2020-03-16 20:06:47.009569 https://cd.newhouse.fang.com/house/s/b912/
Logger:2020-03-16 20:06:47.389243 https://xinchengbandaoyunzhujh.fang.com/
Logger:2020-03-16 20:06:47.832058 https://348502.fang.com/
Logger:2020-03-16 20:06:50.490685 https://jimeitianchenjk028.fang.com/
Logger:2020-03-16 20:06:50.954087 https://jinnanxidmhx.fang.com/
Logger:2020-03-16 20:06:51.371752 https://160592.fang.com/
Logger:2020-03-16 20:06:51.671929 https://cuiyuels.fang.com/
Logger:2020-03-16 20:06:52.071859 https://162316.fang.com/
Logger:2020-03-16 20:06:55.418916 https://162304.fang.com/
Logger:2020-03-16 20:06:55.725072 https://161896.fang.com/
Logger:2020-03-16 20:06:56.089097 https://zgqcgjyyzx.fang.com/
Logger:2020-03-16 20:06:56.480314 https://xinchengruishengyuejuanxijiang.fang.com/
Logger:2020-03-16 20:06:56.838499 https://dongyuanyueshu.fang.com/
Logger:2020-03-16 20:06:57.309239 https://jiangshanhyn.fang.com/
Logger:2020-03-16 20:06:57.640354 https://jimeixuefujk.fang.com/
Logger:2020-03-16 20:06:58.037860 https://rundafengguangchang.fang.com/
Logger:2020-03-16 20:06:58.388820 https://xichenchuntian.fang.com/
Logger:2020-03-16 20:06:58.726888 https://zizaiwanjd.fang.com/
Logger:2020-03-16 20:06:59.127815 https://162216.fang.com/
Logger:2020-03-16 20:06:59.441975 https://shijiyuecheng.fang.com/
Logger:2020-03-16 20:06:59.746161 https://mdbgygls.fang.com/
Logger:2020-03-16 20:07:03.704507 https://cd.newhouse.fang.com/house/s/b913/
Logger:2020-03-16 20:07:04.105435 https://guanlanludaory.fang.com/3/
Logger:2020-03-16 20:07:04.635087 https://qinailiyx028.fang.com/
Logger:2020-03-16 20:07:04.940407 https://gongyuanjiulihr2028.fang.com/
Logger:2020-03-16 20:07:05.256562 https://162058.fang.com/
Logger:2020-03-16 20:07:05.749245 https://yinjiangzhoudyzy.fang.com/
Logger:2020-03-16 20:07:06.276928 https://161340.fang.com/
Logger:2020-03-16 20:07:07.384963 https://hehongdong28.fang.com/office/
Logger:2020-03-16 20:07:07.622328 https://yiduchengzx.fang.com/shop/
Logger:2020-03-16 20:07:07.909630 https://jinlinfuxxw.fang.com/
Logger:2020-03-16 20:07:08.310558 https://jiangshanhemingxh.fang.com/
Logger:2020-03-16 20:07:17.389935 https://160472.fang.com/
Logger:2020-03-16 20:07:17.748987 https://guanghuazhixinscmt.fang.com/
Logger:2020-03-16 20:07:19.555350 https://162746.fang.com/
Logger:2020-03-16 20:07:19.878487 https://jinrongjierongyu.fang.com/
Logger:2020-03-16 20:07:20.200623 https://dafarongyuehefu.fang.com/
Logger:2020-03-16 20:07:20.526358 https://hongxingaiqinhaiguangchangsy.fang.com/
Logger:2020-03-16 20:07:21.037010 https://161596.fang.com/
Logger:2020-03-16 20:07:21.440930 https://161302.fang.com/
Logger:2020-03-16 20:07:23.313455 https://162698.fang.com/
Logger:2020-03-16 20:07:23.621630 https://162158.fang.com/
Logger:2020-03-16 20:07:27.555926 https://cd.newhouse.fang.com/house/s/b914/
Logger:2020-03-16 20:07:27.899989 https://jinqiangyuefu.fang.com/
Logger:2020-03-16 20:07:30.504578 https://xingdaoxingshiqu.fang.com/
Logger:2020-03-16 20:07:30.877095 https://jinyuduhuijzy.fang.com/
Logger:2020-03-16 20:07:31.418645 https://boyuefu028.fang.com/
Logger:2020-03-16 20:07:31.836531 https://160216.fang.com/
Logger:2020-03-16 20:07:32.192596 https://161832.fang.com/
Logger:2020-03-16 20:07:32.511762 https://161752.fang.com/
Logger:2020-03-16 20:07:32.900722 https://jinghewanhy.fang.com/
Logger:2020-03-16 20:07:33.268772 https://161024.fang.com/
Logger:2020-03-16 20:07:35.507103 https://160694.fang.com/
Logger:2020-03-16 20:07:35.846276 https://zhongyanghuachengzs.fang.com/office/
Logger:2020-03-16 20:07:36.166488 https://chuangkejuxh.fang.com/shop/
Logger:2020-03-16 20:07:36.445679 https://shimaocheng.fang.com/
Logger:2020-03-16 20:07:36.767886 https://aoweierzt.fang.com/
Logger:2020-03-16 20:07:37.081742 https://changdaoguojiyd.fang.com/
Logger:2020-03-16 20:07:37.537006 https://daluchaoli.fang.com/
Logger:2020-03-16 20:07:37.904995 https://528yishucunhx.fang.com/
Logger:2020-03-16 20:07:38.279954 https://binhewanrh.fang.com/
Logger:2020-03-16 20:07:38.722932 https://dadongzhan.fang.com/
Logger:2020-03-16 20:07:39.134421 https://luhushengtaicheng.fang.com/
Logger:2020-03-16 20:07:43.149231 https://cd.newhouse.fang.com/house/s/b915/
Logger:2020-03-16 20:07:43.498333 https://yufutianjiaods.fang.com/
Logger:2020-03-16 20:07:44.001991 https://huaqianjiyhzx.fang.com/
Logger:2020-03-16 20:07:44.367116 https://zhongyangguangchanghd028.fang.com/
Logger:2020-03-16 20:07:44.791043 https://132998.fang.com/
Logger:2020-03-16 20:07:45.197996 https://qishifudizt.fang.com/
Logger:2020-03-16 20:07:45.530224 https://qingxiuweizheshan.fang.com/
Logger:2020-03-16 20:07:45.931367 https://xiangbinchengjq.fang.com/
Logger:2020-03-16 20:07:46.354806 https://xichenyuanzhulh.fang.com/
Logger:2020-03-16 20:07:46.697924 https://huanyujunhuicheng.fang.com/
Logger:2020-03-16 20:07:47.050533 https://xipaicheng.fang.com/
Logger:2020-03-16 20:07:47.531516 https://laifushiguangchangt5.fang.com/
Logger:2020-03-16 20:07:47.835690 https://yuhaitianxiahd.fang.com/
Logger:2020-03-16 20:07:48.179386 https://jinxiuypd.fang.com/
Logger:2020-03-16 20:07:48.463511 https://shuzhenbandao.fang.com/
Logger:2020-03-16 20:07:48.795593 https://zhongnanyunyue.fang.com/
Logger:2020-03-16 20:07:49.219448 https://mingyuejinyuandjdc.fang.com/
Logger:2020-03-16 20:07:49.578382 https://161848.fang.com/
Logger:2020-03-16 20:07:49.860903 https://tianfushangchengcf.fang.com/
Logger:2020-03-16 20:07:50.186007 https://yintelaken.fang.com/
Logger:2020-03-16 20:07:50.662733 https://161946.fang.com/
Logger:2020-03-16 20:07:54.627604 https://cd.newhouse.fang.com/house/s/b916/
Logger:2020-03-16 20:07:54.958721 https://zhongtiechengwj.fang.com/
Logger:2020-03-16 20:07:55.278486 https://fenghuangfujujy.fang.com/
Logger:2020-03-16 20:07:55.675452 https://guanghuaruiting.fang.com/
Logger:2020-03-16 20:07:56.000573 https://luhugongguanzh.fang.com/
Logger:2020-03-16 20:07:56.352631 https://guanghuayihao.fang.com/
Logger:2020-03-16 20:07:56.732736 https://jianyanghongdu.fang.com/
Logger:2020-03-16 20:07:57.057493 https://shidaimingyuanly.fang.com/
Logger:2020-03-16 20:07:57.378388 https://zhongdelufu.fang.com/
Logger:2020-03-16 20:07:57.760367 https://hzmzjintang.fang.com/
Logger:2020-03-16 20:07:58.172264 https://chengshisenlinhuayuanqy.fang.com/
Logger:2020-03-16 20:07:58.579259 https://hailuntianlu.fang.com/
Logger:2020-03-16 20:07:58.974651 https://smjinyue.fang.com/
Logger:2020-03-16 20:07:59.395523 https://161574.fang.com/
Logger:2020-03-16 20:07:59.686744 https://longyue028.fang.com/
Logger:2020-03-16 20:08:00.025842 https://zhuoyuenanchenghld.fang.com/
Logger:2020-03-16 20:08:03.158822 https://taihuajincheng.fang.com/2/
Logger:2020-03-16 20:08:03.546775 https://donghuchangdaorj.fang.com/
Logger:2020-03-16 20:08:04.060440 https://chengnanyijia.fang.com/
Logger:2020-03-16 20:08:04.569041 https://guobinyajirc.fang.com/
Logger:2020-03-16 20:08:05.015433 https://jiuhuataiznrc.fang.com/
Logger:2020-03-16 20:08:08.945760 https://cd.newhouse.fang.com/house/s/b917/
Logger:2020-03-16 20:08:09.300811 https://shijimingdikd.fang.com/
Logger:2020-03-16 20:08:09.781523 https://henengxingfulushan.fang.com/
Logger:2020-03-16 20:08:10.236030 https://feicuigongyuanwk028.fang.com/
Logger:2020-03-16 20:08:10.627981 https://yitaitianjiao028.fang.com/
Logger:2020-03-16 20:08:14.581992 https://161928.fang.com/
Logger:2020-03-16 20:08:14.976936 https://zhongyanggongyuanzz028.fang.com/
Logger:2020-03-16 20:08:15.524931 https://konggangyunshang.fang.com/
Logger:2020-03-16 20:08:18.074993 https://guojizhongxinzj028.fang.com/office/
Logger:2020-03-16 20:08:18.517807 https://lanbowancd.fang.com/
Logger:2020-03-16 20:08:19.077069 https://mudanmingvchengpz.fang.com/
Logger:2020-03-16 20:08:21.592838 https://mingyuefudj028.fang.com/
Logger:2020-03-16 20:08:21.996756 https://maitianguojishequ.fang.com/
Logger:2020-03-16 20:08:22.357503 https://jinzunfupr.fang.com/
Logger:2020-03-16 20:08:22.727056 https://yajulehuayuancd.fang.com/
Logger:2020-03-16 20:08:28.192445 https://wangfuhuayuanyujinyuan.fang.com/
Logger:2020-03-16 20:08:28.541213 https://danjunhuanzx.fang.com/
Logger:2020-03-16 20:08:32.258546 https://moxiangjuscjt.fang.com/
Logger:2020-03-16 20:08:32.579646 https://zhuojinwandaisb.fang.com/
Logger:2020-03-16 20:08:32.949655 https://jinshachengthrhls.fang.com/
Logger:2020-03-16 20:08:33.320248 https://xiangjingtairc.fang.com/
Logger:2020-03-16 20:08:37.216879 https://cd.newhouse.fang.com/house/s/b918/
Logger:2020-03-16 20:08:37.562956 https://baofengjiuzhudd.fang.com/
Logger:2020-03-16 20:08:38.008868 https://shizihubl.fang.com/
Logger:2020-03-16 20:08:38.521186 https://baolitianhui028.fang.com/
Logger:2020-03-16 20:08:38.930084 https://guojichengjl.fang.com/
Logger:2020-03-16 20:08:39.591357 https://guangchangjzy028.fang.com/
Logger:2020-03-16 20:08:45.934292 https://jydcgj.fang.com/
Logger:2020-03-16 20:08:53.013249 https://jinlongjundy.fang.com/
Logger:2020-03-16 20:08:53.422675 https://binjianglingyue.fang.com/
Logger:2020-03-16 20:08:56.007847 https://shenghuacheng.fang.com/
Logger:2020-03-16 20:08:56.337964 https://yulongtianfenghd.fang.com/
Logger:2020-03-16 20:08:56.804717 https://longxitaity.fang.com/
Logger:2020-03-16 20:08:57.183705 https://tianfuyihaowd.fang.com/
Logger:2020-03-16 20:08:57.605700 https://jinguangexxw.fang.com/
Logger:2020-03-16 20:08:57.959711 https://mingyuexidjdc.fang.com/
Logger:2020-03-16 20:08:58.368619 https://boguangyafuyjl.fang.com/
Logger:2020-03-16 20:08:58.674522 https://dfwnstx.fang.com/
Logger:2020-03-16 20:08:59.025585 https://tianluyufubc.fang.com/
Logger:2020-03-16 20:08:59.418312 https://zhongshengshijia.fang.com/
Logger:2020-03-16 20:08:59.741445 https://jinchenghuanzz.fang.com/
Logger:2020-03-16 20:09:00.159859 https://161838.fang.com/
Logger:2020-03-16 20:09:04.304854 https://cd.newhouse.fang.com/house/s/b919/
Logger:2020-03-16 20:09:04.651837 https://chenyugongguanjs.fang.com/
Logger:2020-03-16 20:09:04.994435 https://jinyuejinshayh.fang.com/
Logger:2020-03-16 20:09:05.395406 https://162370.fang.com/
Logger:2020-03-16 20:09:05.782357 https://meihaojiayuan2.fang.com/
Logger:2020-03-16 20:09:06.217084 https://971868028.fang.com/
Logger:2020-03-16 20:09:06.675333 https://konggangxinghui.fang.com/
Logger:2020-03-16 20:09:06.971576 https://160450.fang.com/
Logger:2020-03-16 20:09:07.918563 https://xingfufengjingjf.fang.com/
Logger:2020-03-16 20:09:08.326578 https://shijichengjh028.fang.com/
Logger:2020-03-16 20:09:08.684661 https://binjiangyuefu.fang.com/
Logger:2020-03-16 20:09:09.094581 https://liangheyuanzibl.fang.com/
Logger:2020-03-16 20:09:09.462581 https://rongqiaoyuerongcheng.fang.com/
Logger:2020-03-16 20:09:09.821623 https://160814.fang.com/
Logger:2020-03-16 20:09:10.307321 https://jinyuefubgy.fang.com/
Logger:2020-03-16 20:09:10.703865 https://lunengchengcd.fang.com/
Logger:2020-03-16 20:09:11.285804 https://fudijinrongdao.fang.com/
Logger:2020-03-16 20:09:11.656871 https://yinchangjiangdy.fang.com/
Logger:2020-03-16 20:09:12.022829 https://jiaoziyihaosc.fang.com/
Logger:2020-03-16 20:09:12.459285 https://yannanguojibdzy.fang.com/
Logger:2020-03-16 20:09:12.751218 https://lixiangchengwk.fang.com/
Logger:2020-03-16 20:09:16.743615 https://cd.newhouse.fang.com/house/s/b920/
Logger:2020-03-16 20:09:17.176231 https://meiquanyuefu.fang.com/
Logger:2020-03-16 20:09:17.628022 https://duhuichengss.fang.com/
Logger:2020-03-16 20:09:18.087793 https://guojihuayuancw.fang.com/
Logger:2020-03-16 20:09:18.532781 https://nuodeyihaozt.fang.com/
Logger:2020-03-16 20:09:18.933679 https://qinhuangdijin.fang.com/
Logger:2020-03-16 20:09:19.333610 https://fanyueli.fang.com/
Logger:2020-03-16 20:09:19.685675 https://161304.fang.com/
Logger:2020-03-16 20:09:20.143964 https://lanruncheng.fang.com/
Logger:2020-03-16 20:09:20.542831 https://yinghuitianxids.fang.com/
Logger:2020-03-16 20:09:20.951405 https://feidameiyu.fang.com/
Logger:2020-03-16 20:09:21.436301 https://diyiguangchang.fang.com/
Logger:2020-03-16 20:09:24.016200 https://gongyuanshijia028.fang.com/
Logger:2020-03-16 20:09:24.372284 https://159418.fang.com/
Logger:2020-03-16 20:09:24.700415 https://bdzyyhyj.fang.com/
Logger:2020-03-16 20:09:25.003622 https://cztrj.fang.com/
Logger:2020-03-16 20:09:25.455116 https://laipudunzhongxin.fang.com/
Logger:2020-03-16 20:09:25.791969 https://letianshengyuan028.fang.com/2/
Logger:2020-03-16 20:09:26.068231 https://zhonghuanyihao028.fang.com/
Logger:2020-03-16 20:09:26.445224 https://huxindaobl.fang.com/
Logger:2020-03-16 20:09:30.623472 https://binjiangtianyue.fang.com/
Logger:2020-03-16 20:09:34.551111 https://cd.newhouse.fang.com/house/s/b921/
Logger:2020-03-16 20:09:35.585269 https://chuntianli028.fang.com/
Logger:2020-03-16 20:09:36.001375 https://shanglinyuanhd.fang.com/
Logger:2020-03-16 20:09:36.551902 https://bailijincheng.fang.com/
Logger:2020-03-16 20:09:36.967831 https://xinshangshangyuan.fang.com/
Logger:2020-03-16 20:09:37.446020 https://zhongdawenrude.fang.com/
Logger:2020-03-16 20:09:37.772743 https://tianlaihuijing.fang.com/
Logger:2020-03-16 20:09:39.114747 https://yuechengxhj.fang.com/
Logger:2020-03-16 20:09:39.548434 https://tianfuhuizhongxin.fang.com/
Logger:2020-03-16 20:09:39.965280 https://gongyuanfudiay.fang.com/
Logger:2020-03-16 20:09:40.314958 https://meizhouhuayuanequ.fang.com/
Logger:2020-03-16 20:09:40.711068 https://jinxifubgy.fang.com/
Logger:2020-03-16 20:09:41.352952 https://xiaoyuanqingchenglh.fang.com/
Logger:2020-03-16 20:09:41.762921 https://xinshanyuebdzy.fang.com/
Logger:2020-03-16 20:09:42.581742 https://yunanhqc.fang.com/
Logger:2020-03-16 20:09:42.920840 https://jinfengshouxi.fang.com/
Logger:2020-03-16 20:09:43.285898 https://jiangnanyipinhy.fang.com/
Logger:2020-03-16 20:09:45.840316 https://jyyycx.fang.com/
Logger:2020-03-16 20:09:46.207297 https://cxjcgjpengzhou.fang.com/
Logger:2020-03-16 20:09:46.581297 https://weiran.fang.com/
Logger:2020-03-16 20:09:46.881494 https://shijiguangchangqy.fang.com/
Logger:2020-03-16 20:09:50.638424 https://cd.newhouse.fang.com/house/s/b922/
Logger:2020-03-16 20:09:51.080943 https://hengdajincheng.fang.com/
Logger:2020-03-16 20:09:51.562245 https://yufushijia028.fang.com/
Logger:2020-03-16 20:09:51.913278 https://xihuanlilg.fang.com/
Logger:2020-03-16 20:09:52.271323 https://xihuafuls028.fang.com/
Logger:2020-03-16 20:09:52.619383 https://nanhuxianglubc.fang.com/
Logger:2020-03-16 20:09:53.085801 https://nanyangyulongfucy.fang.com/
Logger:2020-03-16 20:09:53.469822 https://159996.fang.com/
Logger:2020-03-16 20:09:58.451366 https://beixingcheng.fang.com/
Logger:2020-03-16 20:09:59.051561 https://shangxifuzn.fang.com/
Logger:2020-03-16 20:09:59.479281 https://cosmotianlang.fang.com/
Logger:2020-03-16 20:09:59.854821 https://tinglanwanlh.fang.com/
Logger:2020-03-16 20:10:00.330512 https://guanghuawutongzc.fang.com/
Logger:2020-03-16 20:10:00.675588 https://jinxifubgy.fang.com/
Logger:2020-03-16 20:10:20.951147 https://xiangnanguoji.fang.com/
Logger:2020-03-16 20:10:21.513044 https://bojingtai.fang.com/
Logger:2020-03-16 20:10:21.872943 https://chongninghuafu.fang.com/
Logger:2020-03-16 20:10:22.256921 https://yujingtianjiaods.fang.com/
Logger:2020-03-16 20:10:22.631912 https://hujingwandj.fang.com/
Logger:2020-03-16 20:10:23.117439 https://longchenghongguangli.fang.com/
Logger:2020-03-16 20:10:23.459524 https://pengzhouwoju.fang.com/
Logger:2020-03-16 20:10:27.784722 https://cd.newhouse.fang.com/house/s/b923/
Logger:2020-03-16 20:10:28.117722 https://dayixingfugongshe.fang.com/
Logger:2020-03-16 20:10:28.490166 https://shanshuichenghd028.fang.com/
Logger:2020-03-16 20:10:28.813296 https://zehanfengjing.fang.com/
Logger:2020-03-16 20:10:29.218245 https://tianfulidudjy.fang.com/
Logger:2020-03-16 20:10:29.535679 https://zhongnanhaitangji.fang.com/
Logger:2020-03-16 20:10:34.123143 https://zijingfubdzy.fang.com/
Logger:2020-03-16 20:10:34.492160 https://yintaizhongxincd.fang.com/
Logger:2020-03-16 20:10:34.876141 https://xiangyuefu.fang.com/
Logger:2020-03-16 20:10:35.297043 https://yinglunshibangzd.fang.com/
Logger:2020-03-16 20:10:35.700239 https://xianghuiyylj.fang.com/
Logger:2020-03-16 20:10:36.078305 https://wanhejiayuan2028.fang.com/
Logger:2020-03-16 20:10:36.450233 https://xingtangfu028.fang.com/
Logger:2020-03-16 20:10:36.784419 https://jiuquefurc.fang.com/
Logger:2020-03-16 20:10:37.316492 https://thksgc.fang.com/
Logger:2020-03-16 20:10:37.650598 https://fuhaogongguan.fang.com/
Logger:2020-03-16 20:10:38.157241 https://fengdanxiyue.fang.com/
Logger:2020-03-16 20:10:38.573289 https://houhuayuancd.fang.com/5/
Logger:2020-03-16 20:10:39.128086 https://chengshizhiguang028.fang.com/
Logger:2020-03-16 20:10:39.675656 https://yulantai.fang.com/
Logger:2020-03-16 20:10:39.996802 https://xiangyuefulj.fang.com/
Logger:2020-03-16 20:10:43.780423 https://cd.newhouse.fang.com/house/s/b924/
Logger:2020-03-16 20:10:44.122508 https://jywfc.fang.com/
Logger:2020-03-16 20:10:44.493703 https://bocuilinhujkld.fang.com/
Logger:2020-03-16 20:11:01.938579 https://1612842.fang.com/
Logger:2020-03-16 20:11:02.291674 https://anrenlihqc.fang.com/
Logger:2020-03-16 20:11:02.690602 https://liuxibieyuanyayuan.fang.com/
Logger:2020-03-16 20:11:03.027712 https://guojiguangchangbl028.fang.com/
Logger:2020-03-16 20:11:03.395088 https://lvdizhongxin468.fang.com/office/
Logger:2020-03-16 20:11:03.672066 https://gongyuanjinhuilg.fang.com/
Logger:2020-03-16 20:11:04.083984 https://qingnanli.fang.com/
Logger:2020-03-16 20:11:04.441010 https://dongchengguojicz.fang.com/
Logger:2020-03-16 20:11:04.822031 https://tianyuehui.fang.com/
Logger:2020-03-16 20:11:05.163238 https://pengshengjinyuewan.fang.com/
Logger:2020-03-16 20:11:05.563948 https://161836.fang.com/
Logger:2020-03-16 20:11:07.441471 https://jinxiushangchengpz.fang.com/
Logger:2020-03-16 20:11:08.124000 https://mingyunanyu2.fang.com/
Logger:2020-03-16 20:11:08.385296 https://zhongdizhongxin.fang.com/
Logger:2020-03-16 20:11:08.700414 https://shuichengyinxiang1028.fang.com/
Logger:2020-03-16 20:11:11.936488 https://yuezhongxinld.fang.com/
Logger:2020-03-16 20:11:12.274543 https://tianfubeijingjjie.fang.com/shop/
Logger:2020-03-16 20:11:12.574664 https://zhongxinhz.fang.com/
Logger:2020-03-16 20:11:16.284187 https://cd.newhouse.fang.com/house/s/b925/
Logger:2020-03-16 20:11:16.604920 https://xijunyinghua2.fang.com/
Logger:2020-03-16 20:11:16.938086 https://dekunyuetiandi.fang.com/
Logger:2020-03-16 20:11:17.210004 https://tonghangdashagt.fang.com/
Logger:2020-03-16 20:11:17.511214 https://dayiqingxiashanshuikalundelaxiaozhen.fang.com/
Logger:2020-03-16 20:11:17.787459 https://jiuhaotiandishangye.fang.com/
Logger:2020-03-16 20:11:18.190357 https://juyuandasha028.fang.com/
Logger:2020-03-16 20:11:18.521507 https://wangjianghuafuhd.fang.com/
Logger:2020-03-16 20:11:18.833905 https://weilankadiyamms.fang.com/
Logger:2020-03-16 20:11:19.320605 https://wlkdyhz.fang.com/
Logger:2020-03-16 20:11:19.782369 https://lushanchengsl.fang.com/
Logger:2020-03-16 20:11:20.236747 https://dongshangeshu.fang.com/
Logger:2020-03-16 20:11:20.671327 https://shilinfumx.fang.com/2/
Logger:2020-03-16 20:11:21.305068 https://hailunchuntian028.fang.com/
Logger:2020-03-16 20:11:21.767852 https://shiguangrunyuanwk.fang.com/
Logger:2020-03-16 20:11:22.193301 https://ruitaizhuangyuan.fang.com/
Logger:2020-03-16 20:11:22.586759 https://longyuexichengbjcj.fang.com/
Logger:2020-03-16 20:11:23.058498 https://tianjiaochengds.fang.com/
Logger:2020-03-16 20:11:23.389846 https://fenghuang1haoxiyunhu.fang.com/
Logger:2020-03-16 20:11:23.726024 https://shidaixiaozhenjlc.fang.com/
Logger:2020-03-16 20:11:24.235138 https://shuduwandaguangchang.fang.com/
Logger:2020-03-16 20:11:28.050463 https://cd.newhouse.fang.com/house/s/b926/
Logger:2020-03-16 20:11:28.384165 https://renmeixihefu.fang.com/
Logger:2020-03-16 20:11:28.781052 https://wutongxictzd.fang.com/
Logger:2020-03-16 20:11:29.150063 https://damofang.fang.com/
Logger:2020-03-16 20:11:29.433412 https://taimeilanshan.fang.com/
Logger:2020-03-16 20:11:29.801847 https://aishanglibl028.fang.com/
Logger:2020-03-16 20:11:30.260992 https://zhinengcunsxy.fang.com/
Logger:2020-03-16 20:11:30.625025 https://wangjianghuafuhd.fang.com/office/
Logger:2020-03-16 20:11:32.982473 https://yuetiandisn.fang.com/
Logger:2020-03-16 20:11:33.342195 https://fenghuangmingcheng028.fang.com/
Logger:2020-03-16 20:11:33.766033 https://oujunaqu028.fang.com/
Logger:2020-03-16 20:11:34.100206 https://huijingxincheng028.fang.com/
Logger:2020-03-16 20:11:34.500739 https://mingchengyuejiehd.fang.com/
Logger:2020-03-16 20:11:34.800537 https://xymdjgsqxf.fang.com/
Logger:2020-03-16 20:11:35.205549 https://sanduhuichaoli.fang.com/
Logger:2020-03-16 20:11:35.520902 https://pudexianfengguoji.fang.com/
Logger:2020-03-16 20:11:38.296520 https://shanzhashu.fang.com/
Logger:2020-03-16 20:11:38.892895 https://maoyehaoyuan028.fang.com/
Logger:2020-03-16 20:11:39.350729 https://shanglinjunqionglai.fang.com/
Logger:2020-03-16 20:11:39.679806 https://haibusikarj.fang.com/
Logger:2020-03-16 20:11:40.001945 https://aoyuanguojizhongxin.fang.com/
Logger:2020-03-16 20:11:43.766908 https://cd.newhouse.fang.com/house/s/b927/
Logger:2020-03-16 20:11:44.168847 https://hanggangdayuan.fang.com/
Logger:2020-03-16 20:11:44.484939 https://ruijingyududjy.fang.com/
Logger:2020-03-16 20:11:44.789090 https://xinjinlaomatou028.fang.com/
Logger:2020-03-16 20:11:45.105305 https://jianganhuyihaojty.fang.com/
Logger:2020-03-16 20:11:45.500186 https://jianyangjzhy.fang.com/
Logger:2020-03-16 20:11:45.821813 https://lijingfusq.fang.com/
Logger:2020-03-16 20:11:46.153891 https://yingjiayingjia.fang.com/
Logger:2020-03-16 20:11:49.419907 https://zgsdqingyunjie.fang.com/
Logger:2020-03-16 20:11:51.185833 https://languanglecaicheng.fang.com/
Logger:2020-03-16 20:11:51.471065 https://zhonghuanguangchangtb.fang.com/
Logger:2020-03-16 20:11:51.741082 https://jinjiangchuntianlr.fang.com/shop/
Logger:2020-03-16 20:11:52.036603 https://boshengkangjunqionglai.fang.com/
Logger:2020-03-16 20:11:52.346773 https://nandingyihao.fang.com/
Logger:2020-03-16 20:11:52.732740 https://jinshachengthrhls.fang.com/office/
Logger:2020-03-16 20:11:53.047967 https://yongjinfulgap.fang.com/
Logger:2020-03-16 20:11:53.392414 https://baolitianhe.fang.com/
Logger:2020-03-16 20:11:53.716938 https://bolinchength.fang.com/
Logger:2020-03-16 20:11:54.197721 https://158644.fang.com/
Logger:2020-03-16 20:11:54.495856 https://shangqingchengtd.fang.com/
Logger:2020-03-16 20:11:54.848529 https://161742.fang.com/
Logger:2020-03-16 20:11:58.999342 https://cd.newhouse.fang.com/house/s/b928/
Logger:2020-03-16 20:12:03.217326 https://162182.fang.com/
Logger:2020-03-16 20:12:03.617872 https://daduhuibl2028.fang.com/
Logger:2020-03-16 20:12:04.035120 https://yulongshanxh2.fang.com/
Logger:2020-03-16 20:12:04.512912 https://binhejunyuanjf.fang.com/
Logger:2020-03-16 20:12:04.980165 https://yajulehuayuan028.fang.com/
Logger:2020-03-16 20:12:05.384526 https://xltxcmd.fang.com/
Logger:2020-03-16 20:12:05.804489 https://shiliyuanshubgy.fang.com/
Logger:2020-03-16 20:12:06.291188 https://jinhuicheng028.fang.com/
Logger:2020-03-16 20:12:06.679225 https://longyuewanbjcj.fang.com/
Logger:2020-03-16 20:12:07.137972 https://boyuntingrj.fang.com/
Logger:2020-03-16 20:12:07.598475 https://wutongyujg.fang.com/
Logger:2020-03-16 20:12:08.051206 https://yujinglanwanjs.fang.com/
Logger:2020-03-16 20:12:08.537469 https://xuefuchengbl.fang.com/
Logger:2020-03-16 20:12:09.033945 https://dongshanfujin.fang.com/
Logger:2020-03-16 20:12:09.468782 https://caiyuefuhl.fang.com/
Logger:2020-03-16 20:12:09.848282 https://binjiangbian.fang.com/
Logger:2020-03-16 20:12:10.265678 https://yinxiangdongfanglx.fang.com/
Logger:2020-03-16 20:12:10.868891 https://zhengchengnanjun.fang.com/
Logger:2020-03-16 20:12:11.377529 https://162132.fang.com/
Logger:2020-03-16 20:12:11.794480 https://xishuangnanmanli.fang.com/
Logger:2020-03-16 20:12:15.918778 https://cd.newhouse.fang.com/house/s/b929/
Logger:2020-03-16 20:12:16.278814 https://pingguoyuecengzd.fang.com/
Logger:2020-03-16 20:12:16.609480 https://162328.fang.com/
Logger:2020-03-16 20:12:16.953292 https://huanlesongdy.fang.com/
Logger:2020-03-16 20:12:17.326812 https://jianyanghshy.fang.com/
Logger:2020-03-16 20:12:17.659693 https://shanglinkaifuyhzx.fang.com/
Logger:2020-03-16 20:12:20.345313 https://yunxitaizl.fang.com/
Logger:2020-03-16 20:12:20.729546 https://lanhuchengbang.fang.com/
Logger:2020-03-16 20:12:21.262122 https://heyuyinxiang.fang.com/
Logger:2020-03-16 20:12:21.562319 https://jinshanjunjintang.fang.com/
Logger:2020-03-16 20:12:23.712492 https://hexinlinglongfu.fang.com/
Logger:2020-03-16 20:12:25.727310 https://longtenggongyuanyihao.fang.com/
Logger:2020-03-16 20:12:26.016953 https://160332.fang.com/
Logger:2020-03-16 20:12:26.422392 https://zhongguohuiguanjintang.fang.com/
Logger:2020-03-16 20:12:26.782426 https://n8tianmu.fang.com/
Logger:2020-03-16 20:12:27.112542 https://zhongjiaojintianxindidy.fang.com/
Logger:2020-03-16 20:12:27.411447 https://puyuan028.fang.com/
Logger:2020-03-16 20:12:30.842963 https://wuyangjundi.fang.com/
Logger:2020-03-16 20:12:31.246941 https://xingyueshiguang.fang.com/
Logger:2020-03-16 20:12:31.532156 https://xinjieli.fang.com/
Logger:2020-03-16 20:12:31.841880 https://gydd1h.fang.com/
Logger:2020-03-16 20:12:35.608640 https://cd.newhouse.fang.com/house/s/b930/
Logger:2020-03-16 20:12:35.942002 https://wangjinshan028.fang.com/
Logger:2020-03-16 20:12:37.235539 https://jingrongshidai.fang.com/
Logger:2020-03-16 20:12:37.559184 https://jinyueypd.fang.com/
Logger:2020-03-16 20:12:38.874131 https://lanrunisc.fang.com/
Logger:2020-03-16 20:12:39.282269 https://1988gongguan.fang.com/
Logger:2020-03-16 20:12:39.599535 https://yinkaspace.fang.com/
Logger:2020-03-16 20:12:39.873856 https://zdjyjs.fang.com/
Logger:2020-03-16 20:12:40.131177 https://hongchuangmingzuo.fang.com/
Logger:2020-03-16 20:12:40.423331 https://tianmuzhongxintes.fang.com/
Logger:2020-03-16 20:12:42.528800 https://pzhy.fang.com/
Logger:2020-03-16 20:12:42.871884 https://lcmdypengzhou.fang.com/
Logger:2020-03-16 20:12:44.340912 https://huashangjinrongzhongxin.fang.com/office/
Logger:2020-03-16 20:12:44.630138 https://hexinzhongxin.fang.com/
Logger:2020-03-16 20:12:45.011151 https://zijunlanyuangzb028.fang.com/
Logger:2020-03-16 20:12:45.358100 https://aoyuanyunjing.fang.com/
Logger:2020-03-16 20:12:45.693167 https://jingyuntingrj.fang.com/
Logger:2020-03-16 20:12:46.037248 https://zhoujijiankangchanyecheng.fang.com/
Logger:2020-03-16 20:12:48.680379 https://chengduheyuan.fang.com/3/
Logger:2020-03-16 20:12:51.541643 https://gstxlhg10qzx.fang.com/
Logger:2020-03-16 20:12:51.885866 https://huarunyunting.fang.com/
Logger:2020-03-16 20:12:55.972007 https://cd.newhouse.fang.com/house/s/b931/
Logger:2020-03-16 20:12:56.298785 https://160106.fang.com/
Logger:2020-03-16 20:12:56.640948 https://dongluchenglt.fang.com/
Logger:2020-03-16 20:12:59.107769 https://yongjinhuijlc.fang.com/
Logger:2020-03-16 20:13:00.482367 https://baiheyihao.fang.com/
Logger:2020-03-16 20:13:01.063892 https://beichenxianglu028.fang.com/
Logger:2020-03-16 20:13:01.439008 https://huafuxingfucheng.fang.com/
Logger:2020-03-16 20:13:01.855103 https://jinanhuayuan028.fang.com/
Logger:2020-03-16 20:13:02.138400 https://boyuejun.fang.com/
Logger:2020-03-16 20:13:02.507381 https://feicuiwanxl028.fang.com/
Logger:2020-03-16 20:13:02.836324 https://huafuyuejing.fang.com/
Logger:2020-03-16 20:13:03.238660 https://yuantanxiangmu.fang.com/
Logger:2020-03-16 20:13:03.558738 https://longyuezhongxinyc.fang.com/
Logger:2020-03-16 20:13:03.852952 https://fulizhongxincd.fang.com/
Logger:2020-03-16 20:13:04.203656 https://shidaitianhuijx.fang.com/
Logger:2020-03-16 20:13:04.618417 https://huayangniankanjinzhao.fang.com/
Logger:2020-03-16 20:13:04.892717 https://fuyuanjunting.fang.com/
Logger:2020-03-16 20:13:05.223803 https://heyilehu.fang.com/
Logger:2020-03-16 20:13:05.557555 https://chengduicctianjun.fang.com/
Logger:2020-03-16 20:13:05.960374 https://daxidi028.fang.com/
Logger:2020-03-16 20:13:08.038829 https://xichengyihao.fang.com/
Logger:2020-03-16 20:13:11.759398 https://cd.newhouse.fang.com/house/s/b932/
Logger:2020-03-16 20:13:12.093079 https://jialeyunjin.fang.com/
Logger:2020-03-16 20:13:12.501910 https://tlsjhfpzou.fang.com/
Logger:2020-03-16 20:13:12.832031 https://zundi028.fang.com/
Logger:2020-03-16 20:13:13.161185 https://jingyuelijm.fang.com/
Logger:2020-03-16 20:13:13.412279 https://xinzhudingfeng.fang.com/
Logger:2020-03-16 20:13:13.759583 https://zichenxiangsongsklh2.fang.com/
Logger:2020-03-16 20:13:14.070526 https://yuyuanshuangnanchenggt.fang.com/
Logger:2020-03-16 20:13:14.453501 https://160298.fang.com/
Logger:2020-03-16 20:13:14.773678 https://shidaiguangchanghs028.fang.com/
Logger:2020-03-16 20:13:15.255528 https://zhonghuanhuibgy.fang.com/
Logger:2020-03-16 20:13:15.593117 https://028lgjxxjgjsq.fang.com/
Logger:2020-03-16 20:13:17.842172 https://fenghuangshengjing.fang.com/
Logger:2020-03-16 20:13:21.208824 https://shuiyingqingchengzt.fang.com/
Logger:2020-03-16 20:13:21.619317 https://mingyuefuhuandaohuidjdc.fang.com/
Logger:2020-03-16 20:13:21.938463 https://zuoanmingdu028.fang.com/
Logger:2020-03-16 20:13:23.760278 https://162068.fang.com/
Logger:2020-03-16 20:13:24.094383 https://161892.fang.com/
Logger:2020-03-16 20:13:26.429509 https://tianchuangrongyao.fang.com/
Logger:2020-03-16 20:13:28.403752 https://erjiayayu.fang.com/
Logger:2020-03-16 20:13:28.652090 https://wanchenliuzhuang.fang.com/
Logger:2020-03-16 20:13:32.409647 https://cd.newhouse.fang.com/house/s/b933/
Logger:2020-03-16 20:13:32.778800 https://jinchengyuefu028.fang.com/
Logger:2020-03-16 20:13:33.225536 https://huayichenju.fang.com/
Logger:2020-03-16 20:13:33.583646 https://161410.fang.com/
Logger:2020-03-16 20:13:33.936637 https://huaikouxintiandi.fang.com/
Logger:2020-03-16 20:13:34.383438 https://zhonghuantiandihr.fang.com/
Logger:2020-03-16 20:13:34.651721 https://renhechuntianguojiguangchang.fang.com/
Logger:2020-03-16 20:13:36.717730 https://yuexianghuatily.fang.com/
Logger:2020-03-16 20:13:37.757961 https://161540.fang.com/
Logger:2020-03-16 20:13:38.271587 https://jianyangjhy.fang.com/
Logger:2020-03-16 20:13:38.541297 https://youpindaoguangchang028.fang.com/
Logger:2020-03-16 20:13:40.769338 https://xihuafuls028.fang.com/office/
Logger:2020-03-16 20:13:41.119401 https://mushanchangtan.fang.com/
Logger:2020-03-16 20:13:41.468466 https://czhrdsc.fang.com/
Logger:2020-03-16 20:13:43.935746 https://chuntianguoji.fang.com/
Logger:2020-03-16 20:13:44.250877 https://162390.fang.com/
Logger:2020-03-16 20:13:44.625881 https://cztaoyuanxigu.fang.com/
Logger:2020-03-16 20:13:45.019327 https://jinghuilijm.fang.com/
Logger:2020-03-16 20:13:45.317513 https://dayianrenxingongguan.fang.com/
Logger:2020-03-16 20:13:45.616748 https://dayihuashuiwanguojidujiaqv.fang.com/
Logger:2020-03-16 20:13:45.874993 https://jiaheshouzuoqionglai.fang.com/
Logger:2020-03-16 20:13:49.723207 https://cd.newhouse.fang.com/house/s/b934/
Logger:2020-03-16 20:13:50.129121 https://shenxianshu6haoyuan.fang.com/
Logger:2020-03-16 20:13:51.681940 https://lvzhouguojijintang.fang.com/
Logger:2020-03-16 20:13:51.998064 https://dayianren2012.fang.com/
Logger:2020-03-16 20:13:52.304240 https://jiaoziyihaosc.fang.com/shop/
Logger:2020-03-16 20:13:52.592245 https://mangouzhongxinzj.fang.com/
Logger:2020-03-16 20:13:53.016865 https://58shenqikongjian.fang.com/
Logger:2020-03-16 20:13:53.250241 https://rzjwtjintang.fang.com/
Logger:2020-03-16 20:13:53.554427 https://jianawan.fang.com/4/
Logger:2020-03-16 20:13:53.948407 https://nanshanshanghg.fang.com/
Logger:2020-03-16 20:13:54.733453 https://161986.fang.com/
Logger:2020-03-16 20:13:55.070510 https://bolizhongxinyaoli.fang.com/
Logger:2020-03-16 20:13:55.357776 https://wangjiangmingmen.fang.com/
Logger:2020-03-16 20:13:55.689853 https://hejinyuanlj.fang.com/
Logger:2020-03-16 20:13:56.116196 https://yihefeicuifubdzy.fang.com/
Logger:2020-03-16 20:13:56.515195 https://haidegongyuanbgy.fang.com/
Logger:2020-03-16 20:13:56.830347 https://hepanfudi.fang.com/
Logger:2020-03-16 20:13:57.260133 https://shanshuihuafu028.fang.com/
Logger:2020-03-16 20:13:57.594351 https://guanghuachuntianlr.fang.com/
Logger:2020-03-16 20:13:57.976766 https://wlkdyzxceogg.fang.com/
Logger:2020-03-16 20:13:58.350808 https://xihuatianxidsls.fang.com/
Logger:2020-03-16 20:14:02.155471 https://cd.newhouse.fang.com/house/s/b935/
Logger:2020-03-16 20:14:02.489726 https://aizaichengnan.fang.com/
Logger:2020-03-16 20:14:02.796947 https://fulitaoyuan028.fang.com/
Logger:2020-03-16 20:14:03.283602 https://youshanjunlh.fang.com/
Logger:2020-03-16 20:14:03.561884 https://huashangjinrongzhongxin.fang.com/
Logger:2020-03-16 20:14:03.899575 https://rongxingongguan.fang.com/
Logger:2020-03-16 20:14:04.226701 https://lantaifuldjk.fang.com/
Logger:2020-03-16 20:14:04.654555 https://jinkelangqiaoshuixiang028.fang.com/
Logger:2020-03-16 20:14:04.985117 https://xiangyuehu.fang.com/
Logger:2020-03-16 20:14:05.321839 https://lingdiyuefu.fang.com/
Logger:2020-03-16 20:14:05.740497 https://rongfushangzuo.fang.com/
Logger:2020-03-16 20:14:06.065617 https://baolitianxi028.fang.com/
Logger:2020-03-16 20:14:06.406672 https://lanwangongguan028.fang.com/
Logger:2020-03-16 20:14:06.747852 https://jiuliwanay.fang.com/
Logger:2020-03-16 20:14:07.099503 https://xiexinxingluyuan.fang.com/
Logger:2020-03-16 20:14:07.466480 https://qingjianghuayuth.fang.com/
Logger:2020-03-16 20:14:07.834495 https://guojishequhj.fang.com/
Logger:2020-03-16 20:14:10.318269 https://hongshuwan028.fang.com/
Logger:2020-03-16 20:14:10.722235 https://xiangshanchangdaocd.fang.com/
Logger:2020-03-16 20:14:11.130143 https://shihaofeili.fang.com/
Logger:2020-03-16 20:14:11.682665 https://xiongfeishangyuan.fang.com/
Logger:2020-03-16 20:14:15.848693 https://cd.newhouse.fang.com/house/s/b936/
Logger:2020-03-16 20:14:16.152873 https://xiongfeishangyuan.fang.com/
Logger:2020-03-16 20:14:16.479259 https://shidaitianjielh028.fang.com/office/
Logger:2020-03-16 20:14:16.726626 https://shidaitianjielh028.fang.com/office/
Logger:2020-03-16 20:14:17.084639 https://dongyunyayuan2.fang.com/
Logger:2020-03-16 20:14:17.366884 https://chengtoumeilu.fang.com/
Logger:2020-03-16 20:14:17.673086 https://160456.fang.com/
Logger:2020-03-16 20:14:18.037112 https://qingchengshanju.fang.com/
Logger:2020-03-16 20:14:18.496881 https://djyqingchengjianshan.fang.com/
Logger:2020-03-16 20:14:18.784112 https://102880.fang.com/
Logger:2020-03-16 20:14:22.276874 https://fenghuangdaoyuhu.fang.com/
Logger:2020-03-16 20:14:22.682786 https://junshanhyn.fang.com/
Logger:2020-03-16 20:14:24.909926 https://tianfubinjiangzhongxin.fang.com/
Logger:2020-03-16 20:14:25.217041 https://hanchengguoji028.fang.com/
Logger:2020-03-16 20:14:25.568096 https://159734.fang.com/
Logger:2020-03-16 20:14:25.988943 https://aoyuantianjiao.fang.com/
Logger:2020-03-16 20:14:26.329082 https://zhoujihuafuguangchang.fang.com/
Logger:2020-03-16 20:14:26.661197 https://162066.fang.com/
Logger:2020-03-16 20:14:27.091053 https://zhongxinyunqigu.fang.com/
Logger:2020-03-16 20:14:27.401216 https://161870.fang.com/
Logger:2020-03-16 20:14:27.742810 https://lgqchggjdjq.fang.com/
Logger:2020-03-16 20:14:31.718197 https://cd.newhouse.fang.com/house/s/b937/
Logger:2020-03-16 20:14:32.135016 https://binjiangguojidjy.fang.com/
Logger:2020-03-16 20:14:32.434763 https://160080.fang.com/
Logger:2020-03-16 20:14:32.761890 https://yuantanguojishequ.fang.com/office/
Logger:2020-03-16 20:14:34.818645 https://youyuejhyf.fang.com/
Logger:2020-03-16 20:14:35.202619 https://mingxincheng.fang.com/
Logger:2020-03-16 20:14:35.478879 https://jiayudiliuzhoucz.fang.com/
Logger:2020-03-16 20:14:35.795033 https://xinyuetiandi.fang.com/
Logger:2020-03-16 20:14:36.119166 https://xwwlc028.fang.com/
Logger:2020-03-16 20:14:36.440308 https://heyitonghua.fang.com/
Logger:2020-03-16 20:14:36.848256 https://jyxianggangcheng.fang.com/
Logger:2020-03-16 20:14:37.243806 https://xianlinguxiangzx028.fang.com/
Logger:2020-03-16 20:14:37.560934 https://125878.fang.com/
Logger:2020-03-16 20:14:38.025685 https://fuchunshanjuyjl028.fang.com/
Logger:2020-03-16 20:14:38.472994 https://161420.fang.com/
Logger:2020-03-16 20:14:40.031390 https://qingchenglantian.fang.com/
Logger:2020-03-16 20:14:40.345341 https://dujiangzhichundjy.fang.com/
Logger:2020-03-16 20:14:43.082168 https://pengzhoujxyijingyuan.fang.com/
Logger:2020-03-16 20:14:43.408308 https://jingangwanxinjin.fang.com/
Logger:2020-03-16 20:14:43.730473 https://161982.fang.com/
Logger:2020-03-16 20:14:44.108399 https://bojinhui028.fang.com/
Logger:2020-03-16 20:14:48.140891 https://cd.newhouse.fang.com/house/s/b938/
Logger:2020-03-16 20:14:48.478133 https://djyzijingcheng.fang.com/
Logger:2020-03-16 20:14:48.790299 https://rongxinfeicuizhongxin028.fang.com/
Logger:2020-03-16 20:14:49.197209 https://qingdianchenggstx.fang.com/
Logger:2020-03-16 20:14:49.525723 https://yuanjingxijiangshangshancz.fang.com/
Logger:2020-03-16 20:14:50.016737 https://langshiweilaijia.fang.com/
Logger:2020-03-16 20:14:50.307957 https://taibolixiangcheng.fang.com/office/
Logger:2020-03-16 20:14:50.773355 https://dayixiangbindadao.fang.com/
Logger:2020-03-16 20:14:53.360990 https://tixiangliwkshgc.fang.com/
Logger:2020-03-16 20:14:57.431149 https://hezhizhou.fang.com/
Logger:2020-03-16 20:14:57.790216 https://hengyubeichengyihao.fang.com/
Logger:2020-03-16 20:14:58.089389 https://bokexiaozheneryaxiaoyuanhqc.fang.com/
Logger:2020-03-16 20:15:00.690498 https://djygjmd.fang.com/
Logger:2020-03-16 20:15:03.821763 https://zhongguojienenglangyuan.fang.com/
Logger:2020-03-16 20:15:04.188182 https://yingbindadao8hao.fang.com/
Logger:2020-03-16 20:15:04.492710 https://djyqjmy.fang.com/
Logger:2020-03-16 20:15:04.771963 https://hongyunyuejiezl.fang.com/
Logger:2020-03-16 20:15:05.092146 https://hxshcjintang.fang.com/
Logger:2020-03-16 20:15:05.410256 https://binjianglijingdjy.fang.com/
Logger:2020-03-16 20:15:07.303620 https://baishanglvyoucheng.fang.com/
Logger:2020-03-16 20:15:07.608376 https://shidaixinchenlh.fang.com/
Logger:2020-03-16 20:15:11.508432 https://cd.newhouse.fang.com/house/s/b939/
Logger:2020-03-16 20:15:11.827579 https://shangyangzhenpin.fang.com/
Logger:2020-03-16 20:15:12.241545 https://pzshanglinyuan.fang.com/
Logger:2020-03-16 20:15:12.577232 https://qinfengyutingjb2028.fang.com/
Logger:2020-03-16 20:15:12.893322 https://zlhgjsq.fang.com/
Logger:2020-03-16 20:15:13.293253 https://feicuijijia.fang.com/
Logger:2020-03-16 20:15:13.549568 https://boyachengshiguangchang3.fang.com/
Logger:2020-03-16 20:15:13.921647 https://djylxqc.fang.com/
Logger:2020-03-16 20:15:14.232202 https://dayijulongmingcheng.fang.com/
Logger:2020-03-16 20:15:14.531443 https://shidaijinfu.fang.com/
Logger:2020-03-16 20:15:14.805668 https://chengzhongchengty.fang.com/
Logger:2020-03-16 20:15:15.941807 https://wucaijinxiangzild.fang.com/
Logger:2020-03-16 20:15:16.296371 https://jingjielixj.fang.com/
Logger:2020-03-16 20:15:17.282386 https://djyssj.fang.com/
Logger:2020-03-16 20:15:19.971124 https://jtjrzx.fang.com/
Logger:2020-03-16 20:15:20.286302 https://longzhimengpengruilixincheng.fang.com/
Logger:2020-03-16 20:15:20.696698 https://yuyuanjlc.fang.com/shop/
Logger:2020-03-16 20:15:21.027791 https://taipingyangguangchangjnh.fang.com/
Logger:2020-03-16 20:15:21.324548 https://pzdsydongshunyuan.fang.com/
Logger:2020-03-16 20:15:21.595784 https://jgsp028.fang.com/
Logger:2020-03-16 20:15:21.883016 https://bandaooneay.fang.com/
Logger:2020-03-16 20:15:25.738241 https://cd.newhouse.fang.com/house/s/b940/
Logger:2020-03-16 20:15:26.086751 https://heruijinfu.fang.com/
Logger:2020-03-16 20:15:26.511668 https://shuangnantiandujk.fang.com/
Logger:2020-03-16 20:15:26.765932 https://yishangongguan028.fang.com/
Logger:2020-03-16 20:15:27.139930 https://linxikangcheng.fang.com/
Logger:2020-03-16 20:15:27.478027 https://guobinyufuyylj.fang.com/
Logger:2020-03-16 20:15:27.854020 https://yujinyuanlj.fang.com/
Logger:2020-03-16 20:15:28.270686 https://tongsenjinxi.fang.com/
Logger:2020-03-16 20:15:36.938093 https://donganhqc.fang.com/
Logger:2020-03-16 20:15:37.437754 https://huisuojinlanyuan.fang.com/
Logger:2020-03-16 20:15:37.867757 https://ruitingnanchengjx.fang.com/
Logger:2020-03-16 20:15:38.228329 https://jinxiushangjunhx.fang.com/
Logger:2020-03-16 20:15:38.534510 https://longguangjiulongfu2.fang.com/
Logger:2020-03-16 20:15:38.839693 https://boyayuan028.fang.com/
Logger:2020-03-16 20:15:39.293398 https://binjianghecheng2028.fang.com/
Logger:2020-03-16 20:15:39.587132 https://lgglxinjin.fang.com/
Logger:2020-03-16 20:15:40.067905 https://tianhongkangjunzt.fang.com/
Logger:2020-03-16 20:15:40.460854 https://160416.fang.com/
Logger:2020-03-16 20:15:41.015275 https://dujuancheng.fang.com/
Logger:2020-03-16 20:15:41.588315 https://jinghanxinchengyuejunjiangshan.fang.com/
Logger:2020-03-16 20:15:41.957329 https://nanmenlvjunbcls.fang.com/
Logger:2020-03-16 20:15:46.815343 https://cd.newhouse.fang.com/house/s/b941/
Logger:2020-03-16 20:15:47.204365 https://tianheyuecheng028.fang.com/
Logger:2020-03-16 20:15:47.569421 https://xbgjjrzx.fang.com/
Logger:2020-03-16 20:15:47.988266 https://xinghuiguangchangzq.fang.com/
Logger:2020-03-16 20:15:48.355828 https://huafugongyuanth.fang.com/
Logger:2020-03-16 20:15:53.614263 https://longhushuanglongyuanzhu.fang.com/
Logger:2020-03-16 20:15:53.929332 https://058314.fang.com/
Logger:2020-03-16 20:16:07.253122 https://fanghuameidizf.fang.com/
Logger:2020-03-16 20:16:07.599826 https://162776.fang.com/
Logger:2020-03-16 20:16:07.881607 https://tianfujinmaoyue.fang.com/
Logger:2020-03-16 20:16:08.265630 https://qlyuefu.fang.com/
Logger:2020-03-16 20:16:08.618630 https://xipaixiyue.fang.com/
Logger:2020-03-16 20:16:08.967807 https://liyuantianfuheyuebl.fang.com/
Logger:2020-03-16 20:16:09.279472 https://gongyuanhui028.fang.com/
Logger:2020-03-16 20:16:16.211426 https://pengzhouhdhy.fang.com/
Logger:2020-03-16 20:16:16.612860 https://guihuzhengrongfu.fang.com/
Logger:2020-03-16 20:16:16.973005 https://yidujin.fang.com/zhuzhai/
Logger:2020-03-16 20:16:17.283117 https://yufuqionglai.fang.com/
Logger:2020-03-16 20:16:17.605840 https://162770.fang.com/
Logger:2020-03-16 20:16:18.048654 https://djyludaoqingchengshan.fang.com/
Logger:2020-03-16 20:16:18.367841 https://beichengshijigongyuanpengzhou.fang.com/
Logger:2020-03-16 20:16:22.403423 https://cd.newhouse.fang.com/house/s/b942/
Logger:2020-03-16 20:16:22.764525 https://ytldshjsd.fang.com/
Logger:2020-03-16 20:16:24.770418 https://mushangaodi.fang.com/
Logger:2020-03-16 20:16:25.087341 https://guixiouyuan.fang.com/
Logger:2020-03-16 20:16:25.479232 https://jcnfmxs.fang.com/
Logger:2020-03-16 20:16:28.265151 https://jinshanguojijintang.fang.com/
Logger:2020-03-16 20:16:28.733895 https://xiangjiangzizuan.fang.com/
Logger:2020-03-16 20:16:31.405674 https://xiyuemeihu.fang.com/
Logger:2020-03-16 20:16:31.810628 https://junyuehaoting028.fang.com/
Logger:2020-03-16 20:16:32.120826 https://cztaijianglanting.fang.com/
Logger:2020-03-16 20:16:32.548525 https://qingcheng365ny.fang.com/
Logger:2020-03-16 20:16:32.826493 https://bdzyyhtc.fang.com/
Logger:2020-03-16 20:16:33.097835 https://mushankangqiaojun.fang.com/
Logger:2020-03-16 20:16:33.424920 https://tianyu5qu.fang.com/
Logger:2020-03-16 20:16:33.711181 https://kaixuangongguanrc2.fang.com/
Logger:2020-03-16 20:16:34.051140 https://runyang192.fang.com/
Logger:2020-03-16 20:16:36.337411 https://qionglaiguanlanguoji.fang.com/
Logger:2020-03-16 20:16:37.260950 https://rongchenglijinlinsg.fang.com/
Logger:2020-03-16 20:16:37.543223 https://160802.fang.com/
Logger:2020-03-16 20:16:37.950183 https://qihaogongguanhgl.fang.com/
Logger:2020-03-16 20:16:38.252420 https://160678.fang.com/
Logger:2020-03-16 20:16:42.042248 https://cd.newhouse.fang.com/house/s/b943/
Logger:2020-03-16 20:16:42.349421 https://jyxzxc.fang.com/
Logger:2020-03-16 20:16:42.680533 https://jinlongguangchang.fang.com/
Logger:2020-03-16 20:16:43.080463 https://161316.fang.com/
Logger:2020-03-16 20:16:43.376660 https://shanghelingyu.fang.com/
Logger:2020-03-16 20:16:45.308199 https://liansenguojiguangchang.fang.com/
Logger:2020-03-16 20:16:45.613339 https://xinhaitianchengqionglai.fang.com/
Logger:2020-03-16 20:16:45.986342 https://zhengchengyuanzhu.fang.com/
Logger:2020-03-16 20:16:46.267590 https://weihonglafei1987.fang.com/
Logger:2020-03-16 20:16:46.517945 https://mushanlijingzx028.fang.com/
Logger:2020-03-16 20:16:49.096127 https://jianyangysdc.fang.com/
Logger:2020-03-16 20:16:49.412196 https://lingdongxiaohuslhc.fang.com/
Logger:2020-03-16 20:16:50.895187 https://159934.fang.com/
Logger:2020-03-16 20:16:51.495128 https://lidufuzx.fang.com/
Logger:2020-03-16 20:16:51.795365 https://djyshangshanqi.fang.com/
Logger:2020-03-16 20:16:52.157393 https://dongfujiuzuo.fang.com/
Logger:2020-03-16 20:16:52.517425 https://pzyiyaogang.fang.com/
Logger:2020-03-16 20:16:52.844258 https://kmxzjintang.fang.com/
Logger:2020-03-16 20:16:53.132540 https://hyojjintang.fang.com/
Logger:2020-03-16 20:16:53.523496 https://zhixinlidao028.fang.com/
Logger:2020-03-16 20:16:53.893104 https://zhongxincheng028.fang.com/shop/
Logger:2020-03-16 20:16:57.593296 https://cd.newhouse.fang.com/house/s/b944/
Logger:2020-03-16 20:16:57.949201 https://jinduhuafu028.fang.com/
Logger:2020-03-16 20:16:58.246736 https://jyylgjsmc.fang.com/
Logger:2020-03-16 20:16:58.555444 https://wuhaizhonghuaqc.fang.com/
Logger:2020-03-16 20:16:58.976848 https://hongfuyihao028.fang.com/
Logger:2020-03-16 20:17:01.643293 https://djynjdy.fang.com/
Logger:2020-03-16 20:17:04.288023 https://xinchengjinyueshijia.fang.com/
Logger:2020-03-16 20:17:06.741001 https://jianyanghxsy.fang.com/
Logger:2020-03-16 20:17:07.063248 https://djyqcsy.fang.com/
Logger:2020-03-16 20:17:07.406462 https://lejiesc.fang.com/shop/
Logger:2020-03-16 20:17:07.707890 https://shangchneg2.fang.com/
Logger:2020-03-16 20:17:08.042997 https://nananhuatingyj.fang.com/
Logger:2020-03-16 20:17:08.416993 https://160784.fang.com/
Logger:2020-03-16 20:17:08.724223 https://jybaliyangguang.fang.com/
Logger:2020-03-16 20:17:10.730689 https://jiayuanshenghuoguangchang028.fang.com/
Logger:2020-03-16 20:17:11.214900 https://161830.fang.com/
Logger:2020-03-16 20:17:11.539039 https://zhongtieshuiyingqceq.fang.com/
Logger:2020-03-16 20:17:11.945491 https://shanshuiliduxinjin.fang.com/
Logger:2020-03-16 20:17:12.257378 https://zjnxsdgcpengzhou.fang.com/
Logger:2020-03-16 20:17:12.558157 https://yidunxiaozhen2.fang.com/
Logger:2020-03-16 20:17:12.878358 https://rongxinfeicuiwanqionglai.fang.com/
Logger:2020-03-16 20:17:16.816981 https://cd.newhouse.fang.com/house/s/b945/
Logger:2020-03-16 20:17:17.155111 https://haihangxiangsonghugjsq.fang.com/
Logger:2020-03-16 20:17:17.437357 https://jyruixinyunding.fang.com/
Logger:2020-03-16 20:17:17.748567 https://yujinfu.fang.com/
Logger:2020-03-16 20:17:18.124742 https://xinpaikegf.fang.com/
Logger:2020-03-16 20:17:18.538570 https://028ysgjyhjq.fang.com/
Logger:2020-03-16 20:17:18.846338 https://zikuanlu88hao.fang.com/
Logger:2020-03-16 20:17:21.686808 https://shidaishangchengjlc028.fang.com/shop/
Logger:2020-03-16 20:17:22.028061 https://binhaijiayuan028.fang.com/
Logger:2020-03-16 20:17:22.443950 https://028jinrirunling.fang.com/
Logger:2020-03-16 20:17:24.370423 https://czshushanqizhen.fang.com/
Logger:2020-03-16 20:17:24.670165 https://djyqchys.fang.com/
Logger:2020-03-16 20:17:24.956362 https://zhonghaizuoanshangye.fang.com/
Logger:2020-03-16 20:17:25.236678 https://162718.fang.com/
Logger:2020-03-16 20:17:25.614092 https://zhengtianshidaiguangchang028.fang.com/
Logger:2020-03-16 20:17:26.811711 https://yushangongguan028.fang.com/
Logger:2020-03-16 20:17:27.087624 https://dayiyanhu.fang.com/
Logger:2020-03-16 20:17:27.442657 https://xingchenguoji028.fang.com/
Logger:2020-03-16 20:17:27.764727 https://162214.fang.com/
Logger:2020-03-16 20:17:28.185600 https://dyrunzhouhuafu.fang.com/
Logger:2020-03-16 20:17:30.126693 https://xinyuanxinduhui.fang.com/shop/
Logger:2020-03-16 20:17:33.980044 https://cd.newhouse.fang.com/house/s/b946/
Logger:2020-03-16 20:17:34.305211 https://zhongxinjunfengjy.fang.com/
Logger:2020-03-16 20:17:34.637286 https://blsajc028.fang.com/
Logger:2020-03-16 20:17:35.187664 https://djysdwtxtd.fang.com/
Logger:2020-03-16 20:17:35.493844 https://shengshixinghedjy.fang.com/
Logger:2020-03-16 20:17:37.438042 https://zhiyuandjy.fang.com/
Logger:2020-03-16 20:17:37.810645 https://taikangboguanjintang.fang.com/
Logger:2020-03-16 20:17:40.960744 https://taohuayuanyb.fang.com/
Logger:2020-03-16 20:17:41.302571 https://kaixiangmoerguoji.fang.com/
Logger:2020-03-16 20:17:41.593498 https://xinhongzhixin.fang.com/
Logger:2020-03-16 20:17:41.868018 https://doulejinlu.fang.com/
Logger:2020-03-16 20:17:42.237066 https://ltcsgc028.fang.com/
Logger:2020-03-16 20:17:42.535241 https://dncaifuguangchang.fang.com/
Logger:2020-03-16 20:17:42.828447 https://shankebuluody.fang.com/
Logger:2020-03-16 20:17:46.183787 https://chengtaikaixinshangpin.fang.com/
Logger:2020-03-16 20:17:46.555123 https://ruihuatiandigd.fang.com/
Logger:2020-03-16 20:17:46.891183 https://xinyuanmingjia028.fang.com/
Logger:2020-03-16 20:17:47.192377 https://damofangcd.fang.com/
Logger:2020-03-16 20:17:47.498625 https://huarunlongwanyufu.fang.com/
Logger:2020-03-16 20:17:47.964788 https://fanjin108.fang.com/
Logger:2020-03-16 20:17:49.877874 https://feicuitangzh.fang.com/
Logger:2020-03-16 20:17:54.257528 https://cd.newhouse.fang.com/house/s/b947/
Logger:2020-03-16 20:17:54.569472 https://162752.fang.com/
Logger:2020-03-16 20:17:54.967927 https://161394.fang.com/
Logger:2020-03-16 20:17:57.842745 https://shuxianghuafu028.fang.com/
Logger:2020-03-16 20:17:58.176843 https://tianheruicheng.fang.com/
Logger:2020-03-16 20:17:58.689541 https://jinxianglantaild.fang.com/
Logger:2020-03-16 20:17:59.054697 https://runbogongguan.fang.com/
Logger:2020-03-16 20:17:59.391832 https://yueyuntingrj.fang.com/
Logger:2020-03-16 20:17:59.766823 https://yuananhqc.fang.com/
Logger:2020-03-16 20:18:03.365539 https://tianhexiushuian.fang.com/
Logger:2020-03-16 20:18:03.715623 https://hupoyuanxl028.fang.com/
Logger:2020-03-16 20:18:04.086139 https://yuejuanfenghuajhxc.fang.com/
Logger:2020-03-16 20:18:04.416269 https://162696.fang.com/
Logger:2020-03-16 20:18:04.828700 https://nyylfsjx.fang.com/
Logger:2020-03-16 20:18:05.133547 https://youshanxiyue.fang.com/
Logger:2020-03-16 20:18:05.780985 https://longyuanypd.fang.com/
Logger:2020-03-16 20:18:06.197243 https://xiangruifuxs.fang.com/
Logger:2020-03-16 20:18:06.565935 https://myhomemiyougongyuds.fang.com/
Logger:2020-03-16 20:18:08.398011 https://162722.fang.com/
Logger:2020-03-16 20:18:08.692356 https://runhonglidu.fang.com/
Logger:2020-03-16 20:18:09.038577 https://wangjiangmingmenwj.fang.com/
Logger:2020-03-16 20:18:12.998526 https://cd.newhouse.fang.com/house/s/b948/
Logger:2020-03-16 20:18:13.297684 https://wangjiangmingmenwj.fang.com/
Logger:2020-03-16 20:18:13.619375 https://161704.fang.com/
Logger:2020-03-16 20:18:13.944109 https://zxfurongqingcheng.fang.com/
Logger:2020-03-16 20:18:14.318846 https://longxingongyuanshoufu.fang.com/
Logger:2020-03-16 20:18:14.619083 https://ganlanshanrs.fang.com/
Logger:2020-03-16 20:18:15.005010 https://heyuan5.fang.com/
Logger:2020-03-16 20:18:15.315371 https://chuangkujihelhstc.fang.com/
Logger:2020-03-16 20:18:15.666291 https://162166.fang.com/
Logger:2020-03-16 20:18:16.004390 https://nanchengxinghui.fang.com/
Logger:2020-03-16 20:18:17.635218 https://cd.newhouse.fang.com/house/3210161278.htm
Logger:2020-03-16 20:18:18.003231 https://160754.fang.com/
Logger:2020-03-16 20:18:18.379193 https://qlfeicuiwanyuanzhu.fang.com/
Logger:2020-03-16 20:18:18.678444 https://162150.fang.com/
Logger:2020-03-16 20:18:19.037220 https://jiatongyundi.fang.com/
Logger:2020-03-16 20:18:19.403654 https://jingtangfuhy.fang.com/
Logger:2020-03-16 20:18:19.683907 https://162824.fang.com/
Logger:2020-03-16 20:18:20.939138 https://jydjjx.fang.com/
Logger:2020-03-16 20:18:22.229927 https://rulianqing.fang.com/
Logger:2020-03-16 20:18:22.697908 https://scgjpzhou.fang.com/
Logger:2020-03-16 20:18:22.992120 https://fenghuangqihy.fang.com/
Logger:2020-03-16 20:18:27.331413 https://cd.newhouse.fang.com/house/s/b949/
Logger:2020-03-16 20:18:27.659511 https://xiangrongchengshilvzhoudy.fang.com/
Logger:2020-03-16 20:18:27.967394 https://tianfushidaiguangchang2.fang.com/
Logger:2020-03-16 20:18:33.250439 https://cuicanlism.fang.com/
Logger:2020-03-16 20:18:35.173186 https://160118.fang.com/
Logger:2020-03-16 20:18:35.500890 https://longxinyinxiangchengbangxj.fang.com/
Logger:2020-03-16 20:18:35.763422 https://waitandy.fang.com/
Logger:2020-03-16 20:18:36.072513 https://yongjingyuan1.fang.com/
Logger:2020-03-16 20:18:41.100129 https://161706.fang.com/
Logger:2020-03-16 20:18:41.783317 https://yinglunbandao.fang.com/
Logger:2020-03-16 20:18:42.417743 https://haideone99bgy.fang.com/
Logger:2020-03-16 20:18:42.837621 https://162672.fang.com/
Logger:2020-03-16 20:18:43.331298 https://languangcocoshidaiqionglai.fang.com/
Logger:2020-03-16 20:18:43.697771 https://xijin5haocj.fang.com/
Logger:2020-03-16 20:18:45.851372 https://czxishuyujing.fang.com/
Logger:2020-03-16 20:18:46.241318 https://162680.fang.com/
Logger:2020-03-16 20:18:46.721034 https://jyxhhy.fang.com/
Logger:2020-03-16 20:18:49.308677 https://qingchengshenyun.fang.com/2/
Logger:2020-03-16 20:18:49.742598 https://qianjiangfenghuanchengbqu.fang.com/
Logger:2020-03-16 20:18:50.098696 https://hongxinguoji.fang.com/
Logger:2020-03-16 20:18:50.504560 https://hongxinguoji.fang.com/
Logger:2020-03-16 20:18:54.490873 https://cd.newhouse.fang.com/house/s/b950/
Logger:2020-03-16 20:18:56.543717 https://meihaozhuangyuan028.fang.com/
Logger:2020-03-16 20:18:56.890767 https://wanfengchengb.fang.com/
Logger:2020-03-16 20:18:59.565962 https://ssqzbs.fang.com/
Logger:2020-03-16 20:19:00.026493 https://zhonghaiwanjinxianshangye.fang.com/
Logger:2020-03-16 20:19:00.351593 https://yushanslgjlydjq.fang.com/
Logger:2020-03-16 20:19:00.765546 https://xingxingnanhejun.fang.com/
Logger:2020-03-16 20:19:01.145980 https://feicuijiayuanxj.fang.com/
Logger:2020-03-16 20:19:01.609892 https://pengzhoudaotpy.fang.com/
Logger:2020-03-16 20:19:01.985862 https://huananbandaohx.fang.com/
Logger:2020-03-16 20:19:02.332934 https://lanhaizhongxin.fang.com/
Logger:2020-03-16 20:19:02.707015 https://dongzhanzhonghuanguangchang.fang.com/
Logger:2020-03-16 20:19:03.128414 https://xingdaoguoji2028.fang.com/
Logger:2020-03-16 20:19:03.437591 https://qinghemingdoudy.fang.com/
Logger:2020-03-16 20:19:03.873905 https://gelanjunhc.fang.com/
Logger:2020-03-16 20:19:04.301316 https://dingshengnanyuanqionglai.fang.com/
Logger:2020-03-16 20:19:04.629945 https://linkenjundy.fang.com/
Logger:2020-03-16 20:19:05.119637 https://chengdumengyang.fang.com/
Logger:2020-03-16 20:19:05.441776 https://yjhzz.fang.com/
Logger:2020-03-16 20:19:05.770687 https://hljypengz.fang.com/
Logger:2020-03-16 20:19:06.227327 https://ctrc028.fang.com/
Logger:2020-03-16 20:19:10.732935 https://cd.newhouse.fang.com/house/s/b951/
Logger:2020-03-16 20:19:15.052264 https://lgsfyc.fang.com/
Logger:2020-03-16 20:19:15.377453 https://tiancheng.fang.com/
Logger:2020-03-16 20:19:15.679581 https://chengtouruncheng028.fang.com/
Logger:2020-03-16 20:19:16.062179 https://haoyaqingchengmy2.fang.com/
Logger:2020-03-16 20:19:16.525848 https://jianyanglaiyin.fang.com/
Logger:2020-03-16 20:19:16.813003 https://ershisichenghr028.fang.com/shop/
Logger:2020-03-16 20:19:17.115194 https://yinhegu.fang.com/
Logger:2020-03-16 20:19:17.499166 https://xdstscla028.fang.com/
Logger:2020-03-16 20:19:17.809372 https://yuqingcheng.fang.com/
Logger:2020-03-16 20:19:18.102585 https://jinhaianxingyuewan.fang.com/
Logger:2020-03-16 20:19:18.405089 https://dcsdjintang.fang.com/
Logger:2020-03-16 20:19:18.759179 https://jintangguanlanguoji.fang.com/
Logger:2020-03-16 20:19:20.614831 https://czkunyaoyunting.fang.com/
Logger:2020-03-16 20:19:20.914560 https://dayijinrongzhongxin.fang.com/
Logger:2020-03-16 20:19:21.220842 https://slxjgjsq.fang.com/
Logger:2020-03-16 20:19:21.547407 https://mushanlijingzx2028.fang.com/
Logger:2020-03-16 20:19:21.873599 https://wuwobieshudy.fang.com/
Logger:2020-03-16 20:19:22.205646 https://huishangongguan.fang.com/
Logger:2020-03-16 20:19:22.524891 https://gutengbaoputaozhuangyuan.fang.com/
Logger:2020-03-16 20:19:22.889607 https://jinghangengtianxia.fang.com/
Logger:2020-03-16 20:19:26.658840 https://cd.newhouse.fang.com/house/s/b952/
Logger:2020-03-16 20:19:26.994937 https://dayichunjianghuayuan.fang.com/
Logger:2020-03-16 20:19:27.338096 https://qctaoyuanshengdi.fang.com/
Logger:2020-03-16 20:19:29.137350 https://liujinshuixiezghg.fang.com/
Logger:2020-03-16 20:19:29.526308 https://dujiangyifu.fang.com/
Logger:2020-03-16 20:19:30.104662 https://lanjiang.fang.com/
Logger:2020-03-16 20:19:33.019323 https://xibinji.fang.com/
Logger:2020-03-16 20:19:33.321527 https://chunxijiangandy.fang.com/
Logger:2020-03-16 20:19:33.671423 https://djyqingchengjun.fang.com/
Logger:2020-03-16 20:19:34.014506 https://wangshanbieshu.fang.com/
Logger:2020-03-16 20:19:34.405595 https://djyzhujiangcailejun.fang.com/
Logger:2020-03-16 20:19:34.723667 https://xilingxiangbinguojidy.fang.com/
Logger:2020-03-16 20:19:36.995944 https://jymlsjcjintang.fang.com/
Logger:2020-03-16 20:19:37.307204 https://ruiyunyihaocunzhuang.fang.com/
Logger:2020-03-16 20:19:38.237475 https://xijiangshangshan.fang.com/
Logger:2020-03-16 20:19:40.155694 https://dayiwangshanbieshu.fang.com/
Logger:2020-03-16 20:19:42.785716 https://shuimojiangshanpz.fang.com/
Logger:2020-03-16 20:19:43.094619 https://jinlinzhongxin2028.fang.com/
Logger:2020-03-16 20:19:43.377876 https://qilixiangxipengzhou.fang.com/
Logger:2020-03-16 20:19:43.688104 https://162670.fang.com/
Logger:2020-03-16 20:19:44.053070 https://djyqyzs.fang.com/
Logger:2020-03-16 20:19:48.135921 https://cd.newhouse.fang.com/house/s/b953/
Logger:2020-03-16 20:19:48.440628 https://czfuchunshanju.fang.com/
Logger:2020-03-16 20:19:48.759778 https://pengzbglgguan.fang.com/
Logger:2020-03-16 20:19:49.072723 https://bsxianggelila.fang.com/
Logger:2020-03-16 20:19:49.474648 https://yuanjingchunxili.fang.com/
Logger:2020-03-16 20:19:49.976594 https://gaoyunanting.fang.com/
Logger:2020-03-16 20:19:50.284984 https://ejiatianxiajy.fang.com/
Logger:2020-03-16 20:19:50.686766 https://zhifuguangchang028.fang.com/
Logger:2020-03-16 20:19:51.021868 https://shifangguojiqionglai.fang.com/
Logger:2020-03-16 20:19:51.325052 https://pengzhousnhypz.fang.com/
Logger:2020-03-16 20:19:51.656245 https://162688.fang.com/
Logger:2020-03-16 20:19:52.007272 https://binjiangguangchangss.fang.com/
Logger:2020-03-16 20:19:52.355773 https://hdcfgcjintang.fang.com/
Logger:2020-03-16 20:19:52.652932 https://hainingxiandaicheng.fang.com/
Logger:2020-03-16 20:19:52.988075 https://shihaojiabo.fang.com/office/
Logger:2020-03-16 20:19:53.900743 https://djyqingchenglijing.fang.com/
Logger:2020-03-16 20:19:54.356266 https://guoguangnapagu.fang.com/
Logger:2020-03-16 20:19:55.485764 https://162682.fang.com/
Logger:2020-03-16 20:19:55.802324 https://162692.fang.com/
Logger:2020-03-16 20:19:56.126435 https://weiluonaxiaozhendjy.fang.com/
Logger:2020-03-16 20:19:56.476485 https://yplfjingtang.fang.com/
Logger:2020-03-16 20:20:00.521765 https://cd.newhouse.fang.com/house/s/b954/
Logger:2020-03-16 20:20:00.866875 https://hengchangguizhupz.fang.com/
Logger:2020-03-16 20:20:01.182067 https://penglaishangdaody.fang.com/
Logger:2020-03-16 20:20:03.886093 https://162694.fang.com/
Logger:2020-03-16 20:20:04.304890 https://yilianzhihuishangmaocheng.fang.com/
Logger:2020-03-16 20:20:05.465989 https://shangyuanqionglai.fang.com/
Logger:2020-03-16 20:20:06.750533 https://cztianyouguangyu.fang.com/
Logger:2020-03-16 20:20:07.030271 https://qingjuping.fang.com/
Logger:2020-03-16 20:20:10.365625 https://weihongbailandi.fang.com/
Logger:2020-03-16 20:20:10.691742 https://yinghuadayuan.fang.com/
Logger:2020-03-16 20:20:11.026846 https://yuehuishidaiguangchang.fang.com/
Logger:2020-03-16 20:20:13.665794 https://chongzhou.newhouse.fang.com/house/3236167080.htm
Logger:2020-03-16 20:20:14.041468 https://hangliccpz.fang.com/
Logger:2020-03-16 20:20:16.532543 https://kaidikaixuancheng.fang.com/
Logger:2020-03-16 20:20:16.838742 https://shangshanxidjy.fang.com/
Logger:2020-03-16 20:20:17.131968 https://xiheguojihuayuandy.fang.com/
Logger:2020-03-16 20:20:19.950864 https://hengchanggelajun.fang.com/
Logger:2020-03-16 20:20:20.299930 https://162690.fang.com/
Logger:2020-03-16 20:20:20.623066 https://qlshuyuan.fang.com/
Logger:2020-03-16 20:20:20.901904 https://yenvguodu.fang.com/
Logger:2020-03-16 20:20:21.191515 https://qingchenglijingyangshengdujiaqu.fang.com/
Logger:2020-03-16 20:20:25.073200 https://cd.newhouse.fang.com/house/s/b955/
Logger:2020-03-16 20:20:25.405313 https://shidaidujiang.fang.com/
Logger:2020-03-16 20:20:25.687595 https://djywdxssa.fang.com/
Logger:2020-03-16 20:20:28.898601 https://shengfeiyihaody.fang.com/
Logger:2020-03-16 20:20:29.331443 https://jintangchenggongyuedu.fang.com/
Logger:2020-03-16 20:20:29.786421 https://pengzhoumdwhgc.fang.com/
Logger:2020-03-16 20:20:30.162433 https://enweijiankangchengdy.fang.com/
Logger:2020-03-16 20:20:30.463609 https://dayixingxingkanawanpan.fang.com/
Logger:2020-03-16 20:20:30.748879 https://dayiyidushangcheng.fang.com/
Logger:2020-03-16 20:20:33.665664 https://liusenxian028.fang.com/
Logger:2020-03-16 20:20:35.143622 https://dayiyoupinmeidi.fang.com/
Logger:2020-03-16 20:20:35.445350 https://yuhangsanzhoushengjing.fang.com/
Logger:2020-03-16 20:20:35.732620 https://dayilingxiangcheng.fang.com/
Logger:2020-03-16 20:20:36.072642 https://haishanghaishiliyangchang.fang.com/
Logger:2020-03-16 20:20:36.378832 https://lehuoyanxiang.fang.com/
Logger:2020-03-16 20:20:40.092409 https://longtengqinhedijing.fang.com/
Logger:2020-03-16 20:20:42.703761 https://jintangrjld.fang.com/
Logger:2020-03-16 20:20:43.020708 https://chongzhou.newhouse.fang.com/house/3237232340.htm
Logger:2020-03-16 20:20:45.548577 https://haibochuntianzuanshiguangchang.fang.com/
Logger:2020-03-16 20:20:45.859745 https://youpinmeidishangyeguangchangdy.fang.com/
Logger:2020-03-16 20:20:46.174411 https://zhifuguangchang028.fang.com/shop/
Logger:2020-03-16 20:20:49.963105 https://cd.newhouse.fang.com/house/s/b956/
Logger:2020-03-16 20:20:50.587186 https://rundaguangchang.fang.com/
Logger:2020-03-16 20:20:50.858467 https://dongchengshangduqionglai.fang.com/
Logger:2020-03-16 20:20:52.362244 https://masaicheng.fang.com/shop/
Logger:2020-03-16 20:20:52.657794 https://xilingxue.fang.com/
Logger:2020-03-16 20:20:53.021821 https://gzdfwns.fang.com/
Logger:2020-03-16 20:20:55.684185 https://xinhaiguojidjy.fang.com/
Logger:2020-03-16 20:20:56.028659 https://zhgc028.fang.com/
Logger:2020-03-16 20:20:56.324828 https://beioulijing.fang.com/
Logger:2020-03-16 20:20:56.660927 https://djymjgjlydjq.fang.com/
Logger:2020-03-16 20:20:57.047953 https://djyyanshanshuimo.fang.com/
Logger:2020-03-16 20:20:59.276961 https://caifuduhui.fang.com/
Logger:2020-03-16 20:21:03.047569 https://xihuancaifuguangchang.fang.com/
Logger:2020-03-16 20:21:03.369428 https://nanchengmeiyuqionglai.fang.com/
Logger:2020-03-16 20:21:05.365187 https://shuianxilingdy.fang.com/
Logger:2020-03-16 20:21:05.718249 https://haibochuntianzuanshiguangchangql.fang.com/
Logger:2020-03-16 20:21:06.043287 https://yunjinhuafupengzhou.fang.com/
Logger:2020-03-16 20:21:06.363433 https://dujiangyangc.fang.com/
Logger:2020-03-16 20:21:06.832177 https://hscymd.fang.com/
Logger:2020-03-16 20:21:07.195315 https://ttxtpz.fang.com/
Logger:2020-03-16 20:21:09.422736 https://simafuqionglai.fang.com/
Logger:2020-03-16 20:21:13.658526 https://cd.newhouse.fang.com/house/s/b957/
Logger:2020-03-16 20:21:16.193117 https://qionglaidongchengshangdu.fang.com/
Logger:2020-03-16 20:21:16.598035 https://qczhongxinglaojie.fang.com/
Logger:2020-03-16 20:21:19.422954 https://youmeixiangziql.fang.com/
Logger:2020-03-16 20:21:19.792474 https://runzhoudashady.fang.com/
Logger:2020-03-16 20:21:20.099994 https://161992.fang.com/
Logger:2020-03-16 20:21:23.329786 https://dayixishanqingcui.fang.com/
Logger:2020-03-16 20:21:23.689823 https://zilongyidu.fang.com/
Logger:2020-03-16 20:21:23.991055 https://hengyushidaitianjiedy.fang.com/
Logger:2020-03-16 20:21:26.348011 https://jinshashuilifanggc.fang.com/
Logger:2020-03-16 20:21:26.637276 https://ruichengxinjie.fang.com/shop/
Logger:2020-03-16 20:21:28.931664 https://wanyumodengshidaiguangchang.fang.com/
Logger:2020-03-16 20:21:29.435318 https://162210.fang.com/
Logger:2020-03-16 20:21:29.780393 https://djyqingchengshui.fang.com/
Logger:2020-03-16 20:21:30.104473 https://gaoyuchengnantiandi.fang.com/
Logger:2020-03-16 20:21:30.486427 https://binhexiujingda.fang.com/
Logger:2020-03-16 20:21:32.691531 https://dayibinhejingxiu.fang.com/
Logger:2020-03-16 20:21:36.761380 https://zijingshangpindy.fang.com/
Logger:2020-03-16 20:21:37.054951 https://kuntaishouzuody.fang.com/
Logger:2020-03-16 20:21:37.639429 https://xinchengyinxiangdy.fang.com/
Logger:2020-03-16 20:21:38.595870 https://162812.fang.com/
Logger:2020-03-16 20:21:42.722562 https://cd.newhouse.fang.com/house/s/b958/
Logger:2020-03-16 20:21:43.042147 https://162844.fang.com/
Logger:2020-03-16 20:21:43.380243 https://wanketianhui2.fang.com/
Logger:2020-03-16 20:21:51.950176 https://daduhuibl028.fang.com/
Logger:2020-03-16 20:21:53.678851 https://kaixuandonganrc.fang.com/
Logger:2020-03-16 20:21:54.069950 https://xinlichengld.fang.com/
Logger:2020-03-16 20:21:54.567629 https://huayuanchengwlkdy.fang.com/
Logger:2020-03-16 20:21:55.261631 https://jinxiuhuachenghyxh.fang.com/
Logger:2020-03-16 20:21:55.588979 https://zhonghangcheng028.fang.com/
Logger:2020-03-16 20:21:56.064681 https://hengdayufu028.fang.com/
Logger:2020-03-16 20:21:56.473870 https://yuefubgy028.fang.com/
Logger:2020-03-16 20:21:56.854875 https://shenghelinyurj.fang.com/
Logger:2020-03-16 20:21:57.275891 https://lianchenggongguanbm.fang.com/
Logger:2020-03-16 20:21:57.603052 https://diwuchengwk.fang.com/
Logger:2020-03-16 20:21:57.974024 https://wanhegongguanyy028.fang.com/
Logger:2020-03-16 20:21:58.322451 https://jinyuenantingxxw.fang.com/
Logger:2020-03-16 20:21:58.788294 https://xinshangtiandi.fang.com/
Logger:2020-03-16 20:22:00.950927 https://161586.fang.com/
Logger:2020-03-16 20:22:01.269057 https://ershisichenghr.fang.com/
Logger:2020-03-16 20:22:01.761081 https://ershisichenghr.fang.com/
Logger:2020-03-16 20:22:02.234466 https://jiuxitangwk.fang.com/
Logger:2020-03-16 20:22:06.067353 https://cd.newhouse.fang.com/house/s/b959/
Logger:2020-03-16 20:22:06.452390 https://binjiangliangan.fang.com/
Logger:2020-03-16 20:22:09.451363 https://huaqianshu028.fang.com/
Logger:2020-03-16 20:22:09.878225 https://zonglvyinxiang028.fang.com/
Logger:2020-03-16 20:22:10.523060 https://zhongzhoulicheng028.fang.com/
Logger:2020-03-16 20:22:10.988855 https://shuangtieguangchangry.fang.com/2/
Logger:2020-03-16 20:22:11.369486 https://tianpusklh028.fang.com/
Logger:2020-03-16 20:22:11.779391 https://guanxitairc.fang.com/
Logger:2020-03-16 20:22:12.196275 https://languanggongyuanhuafu.fang.com/
Logger:2020-03-16 20:22:12.622105 https://rongchenglisg.fang.com/
Logger:2020-03-16 20:22:12.995150 https://guobinshoufubl.fang.com/
Logger:2020-03-16 20:22:13.327266 https://yongjinshijialg.fang.com/
Logger:2020-03-16 20:22:13.754123 https://hailunyinxiang028.fang.com/
Logger:2020-03-16 20:22:14.068284 https://zhenyuanwkc.fang.com/
Logger:2020-03-16 20:22:14.483813 https://yongjinshijialg.fang.com/2/
Logger:2020-03-16 20:22:15.023466 https://8haojzy.fang.com/2/
Logger:2020-03-16 20:22:15.385530 https://lvdaozhu.fang.com/
Logger:2020-03-16 20:22:15.786429 https://xizichengbl028.fang.com/
Logger:2020-03-16 20:22:21.873762 https://jinzhenxiangshu.fang.com/
Logger:2020-03-16 20:22:24.903169 https://xinyuanmingjia.fang.com/2/
Logger:2020-03-16 20:22:25.302218 https://jingongguanbgy.fang.com/
Logger:2020-03-16 20:22:29.548011 https://cd.newhouse.fang.com/house/s/b960/
Logger:2020-03-16 20:22:30.507447 https://jingongguanbgy.fang.com/
Logger:2020-03-16 20:22:30.902822 https://122874.fang.com/
Logger:2020-03-16 20:22:31.265848 https://shunanchunjun.fang.com/
Logger:2020-03-16 20:22:31.700655 https://langjiyuxiang.fang.com/
Logger:2020-03-16 20:22:32.057629 https://jiayuanhongjun.fang.com/
Logger:2020-03-16 20:22:32.429284 https://jinfu.fang.com/
Logger:2020-03-16 20:22:35.870703 https://dongyuehuafurh.fang.com/
Logger:2020-03-16 20:22:38.963860 https://jinlinzhongxin028.fang.com/
Logger:2020-03-16 20:22:39.290027 https://chuangkejuxh.fang.com/
Logger:2020-03-16 20:22:39.666194 https://162574.fang.com/
Logger:2020-03-16 20:22:40.067014 https://jintangjinheyuan.fang.com/
Logger:2020-03-16 20:22:42.002137 https://htcxjy028.fang.com/
Logger:2020-03-16 20:22:44.746615 https://shengshitianpeng2.fang.com/
Logger:2020-03-16 20:22:45.113740 https://ziguangxingchengpz2.fang.com/
Logger:2020-03-16 20:22:45.481779 https://xiexinzhongxin.fang.com/shop/
Logger:2020-03-16 20:22:45.786931 https://xjkhypsyj.fang.com/
Logger:2020-03-16 20:22:46.055256 https://gangcaichenghjxd.fang.com/
Logger:2020-03-16 20:22:49.901982 https://cd.newhouse.fang.com/house/s/b961/
Logger:2020-03-16 20:22:54.170821 https://cd.newhouse.fang.com/house/s/b962/
Logger:2020-03-16 20:22:57.858637 https://cd.newhouse.fang.com/house/s/b963/
