Logger:2020-03-16 18:52:42.482984 https://changyi.newhouse.fang.com/house/s/b91/
Logger:2020-03-16 18:52:42.811008 https://shanshuishengchengchangyi.fang.com/
Logger:2020-03-16 18:52:43.348277 https://shuiantianyuchangyi.fang.com/
Logger:2020-03-16 18:52:43.715294 https://changyiwenchanghuayuan.fang.com/
Logger:2020-03-16 18:52:44.016188 https://yldytcy.fang.com/
Logger:2020-03-16 18:52:45.468890 https://jinyuhuafuchangyi.fang.com/
Logger:2020-03-16 18:52:45.831841 https://jinghongmingyuancy.fang.com/
Logger:2020-03-16 18:52:47.330884 https://hantingjiayuan.fang.com/
Logger:2020-03-16 18:52:47.752032 https://dongfangmingzhuchangyi.fang.com/
Logger:2020-03-16 18:52:48.363454 https://changyishanshuiyuanzhu.fang.com/
Logger:2020-03-16 18:52:48.837165 https://hengdingxinduhuichangyi.fang.com/
Logger:2020-03-16 18:52:49.152345 https://xianglongyuyuan.fang.com/
Logger:2020-03-16 18:52:49.467385 https://changyishangpinguoji.fang.com/
Logger:2020-03-16 18:52:49.782542 https://yingdaguojichangyi.fang.com/
Logger:2020-03-16 18:52:51.863822 https://jxfhht01.fang.com/
Logger:2020-03-16 18:52:53.213797 https://cyshanqianyujingyuan.fang.com/
Logger:2020-03-16 18:52:53.521973 https://zhongyangdadaochangyi.fang.com/
Logger:2020-03-16 18:52:53.888951 https://dayougongguancy.fang.com/
Logger:2020-03-16 18:52:54.246071 https://changyijialejiazhongyangshangwuqu.fang.com/
Logger:2020-03-16 18:52:54.616576 https://sanshengdashachangyi.fang.com/
Logger:2020-03-16 18:52:54.952574 https://binhulvchengchangyi.fang.com/
Logger:2020-03-16 18:52:58.512186 https://changyi.newhouse.fang.com/house/s/b92/
Logger:2020-03-16 18:52:59.514205 https://yuhexiaozhenchangyi.fang.com/
Logger:2020-03-16 18:52:59.903164 https://wanjibohaimingzhu.fang.com/
Logger:2020-03-16 18:53:00.617288 https://xiashanleganghuayuan.fang.com/
Logger:2020-03-16 18:53:04.425506 [erro]page&&&https://changyi.newhouse.fang.com/house/s/b93/
Logger:2020-03-16 18:53:07.550301 https://changyi.newhouse.fang.com/house/s/b93/
Logger:2020-03-16 18:53:11.777116 [erro]page&&&https://changyi.newhouse.fang.com/house/s/b94/
Logger:2020-03-16 18:53:15.243577 https://changyi.newhouse.fang.com/house/s/b94/
Logger:2020-03-16 18:53:18.794791 https://changyi.newhouse.fang.com/house/s/b95/
