Logger:2020-03-16 19:16:27.891111 https://changzhi.newhouse.fang.com/house/s/b91/
Logger:2020-03-16 19:16:28.563305 https://junhuihuolicheng.fang.com/?from=xflist_xfgg
Logger:2020-03-16 19:16:28.930287 https://taoqinghepan.fang.com/
Logger:2020-03-16 19:16:29.344223 https://diankelujun.fang.com/
Logger:2020-03-16 19:16:29.753138 https://zhangzibiguiyuan.fang.com/
Logger:2020-03-16 19:16:30.166057 https://fulishangyueju0355.fang.com/
Logger:2020-03-16 19:16:30.519456 https://junhuihuafu.fang.com/
Logger:2020-03-16 19:16:30.844258 https://xinghuwan0355.fang.com/
Logger:2020-03-16 19:16:33.344256 https://junhuibinhexuefu.fang.com/
Logger:2020-03-16 19:16:33.729223 https://fenghuangcheng0355.fang.com/
Logger:2020-03-16 19:16:34.068387 https://huabanlijinfengyuejing.fang.com/
Logger:2020-03-16 19:16:34.401201 https://zhaoshengouyaxiaozhen.fang.com/
Logger:2020-03-16 19:16:34.768257 https://zilongfuhf.fang.com/
Logger:2020-03-16 19:16:35.125279 https://fulisdj.fang.com/
Logger:2020-03-16 19:16:35.477325 https://ylwla0355.fang.com/
Logger:2020-03-16 19:16:35.813424 https://jiuanruihuayuan.fang.com/2/
Logger:2020-03-16 19:16:36.254243 https://huijinyuecheng.fang.com/
Logger:2020-03-16 19:16:36.578375 https://czshengyuanxiaoqu.fang.com/
Logger:2020-03-16 19:16:39.267948 https://guoyuanshijicheng.fang.com/
Logger:2020-03-16 19:16:39.895270 https://qidongruijin.fang.com/
Logger:2020-03-16 19:16:40.577435 https://longgangxincheng0355.fang.com/2/
Logger:2020-03-16 19:16:44.966431 https://changzhi.newhouse.fang.com/house/s/b92/
Logger:2020-03-16 19:16:45.320188 https://jinzhanshangchengguoji.fang.com/
Logger:2020-03-16 19:16:45.691212 https://wutongjun0355.fang.com/
Logger:2020-03-16 19:16:47.409647 https://jinxiuchongyan.fang.com/
Logger:2020-03-16 19:16:47.822546 https://binhechengshangcheng.fang.com/
Logger:2020-03-16 19:16:48.169614 https://lhcs0355.fang.com/
Logger:2020-03-16 19:16:48.677137 https://czjinfuyuan.fang.com/
Logger:2020-03-16 19:16:51.057675 https://yishengyuanjs.fang.com/
Logger:2020-03-16 19:16:52.651813 https://czlggjc.fang.com/
Logger:2020-03-16 19:16:52.984586 https://deshengjiayuan0355.fang.com/
Logger:2020-03-16 19:16:53.319623 https://jinshanxingfujiayuan.fang.com/
Logger:2020-03-16 19:16:53.660771 https://qinfangshengshi.fang.com/
Logger:2020-03-16 19:16:54.084363 https://dongyu9hao.fang.com/
Logger:2020-03-16 19:16:54.425385 https://hantangyuan.fang.com/
Logger:2020-03-16 19:16:54.859353 https://binheshengjing.fang.com/
Logger:2020-03-16 19:16:56.923694 https://dongshengmingyuan0355.fang.com/
Logger:2020-03-16 19:16:57.323592 https://shigl.fang.com/
Logger:2020-03-16 19:16:57.684837 https://hongfangyayuan.fang.com/
Logger:2020-03-16 19:16:59.429191 https://yulinyuan0355.fang.com/
Logger:2020-03-16 19:17:00.175836 https://nanhumingdugm.fang.com/
Logger:2020-03-16 19:17:00.642580 https://runyuanbieshu.fang.com/
Logger:2020-03-16 19:17:04.542579 https://changzhi.newhouse.fang.com/house/s/b93/
Logger:2020-03-16 19:17:04.867338 https://xiangyuanbiguiyuan.fang.com/
Logger:2020-03-16 19:17:06.741148 https://yikongjian0355.fang.com/
Logger:2020-03-16 19:17:07.326721 https://czheherenjia.fang.com/
Logger:2020-03-16 19:17:09.307203 https://tianxingyuecheng.fang.com/
Logger:2020-03-16 19:17:11.843794 https://linjiangjiayuan0355.fang.com/
Logger:2020-03-16 19:17:12.173178 https://yinzuoyihao.fang.com/
Logger:2020-03-16 19:17:14.065590 https://czxcshy.fang.com/
Logger:2020-03-16 19:17:17.124958 https://bihaiguiyuan.fang.com/
Logger:2020-03-16 19:17:17.457650 https://changshenglinglong.fang.com/
Logger:2020-03-16 19:17:20.011707 https://hlfqdt.fang.com/
Logger:2020-03-16 19:17:20.414628 https://huayuandongqu0355.fang.com/
Logger:2020-03-16 19:17:20.741790 https://jinxiujingyuan.fang.com/
Logger:2020-03-16 19:17:21.090356 https://qinyayuan0355.fang.com/
Logger:2020-03-16 19:17:23.503001 https://helanfengqingxiyuan.fang.com/
Logger:2020-03-16 19:17:23.940335 https://yipinjiayuan0355.fang.com/
Logger:2020-03-16 19:17:24.322353 https://dongshanmingdi.fang.com/
Logger:2020-03-16 19:17:24.845934 https://langrunhuayuan0355.fang.com/
Logger:2020-03-16 19:17:27.190211 https://helanfengqingxiaozhen.fang.com/1/
Logger:2020-03-16 19:17:29.307999 https://helanfengqing90kela.fang.com/
Logger:2020-03-16 19:17:34.104265 https://rundingmingfu.fang.com/
Logger:2020-03-16 19:17:38.193178 https://changzhi.newhouse.fang.com/house/s/b94/
Logger:2020-03-16 19:17:39.804909 https://lihoufengjing.fang.com/
Logger:2020-03-16 19:17:40.302723 https://sxwmnzxqycyy.fang.com/
Logger:2020-03-16 19:17:40.644879 https://yongyiqingnianhui.fang.com/
Logger:2020-03-16 19:17:41.000860 https://wanjiahuayuan0355.fang.com/
Logger:2020-03-16 19:17:41.344656 https://yingshuilanxiang.fang.com/
Logger:2020-03-16 19:17:41.758728 https://yangguangguojijinhuigu.fang.com/
Logger:2020-03-16 19:17:43.385418 https://helanfengqingxiaozhen.fang.com/2/
Logger:2020-03-16 19:17:43.761429 https://wjjyxc.fang.com/
Logger:2020-03-16 19:17:44.403758 https://dongfangshijia0355.fang.com/
Logger:2020-03-16 19:17:44.870509 https://chengshifengjing0355.fang.com/
Logger:2020-03-16 19:17:47.910688 https://lmcsj.fang.com/
Logger:2020-03-16 19:17:48.260671 https://linxijiuli.fang.com/
Logger:2020-03-16 19:17:49.353914 https://xinlinli.fang.com/
Logger:2020-03-16 19:17:51.306567 https://dongchengshijia3.fang.com/
Logger:2020-03-16 19:17:53.291297 https://dongshanguoji0355.fang.com/
Logger:2020-03-16 19:17:53.684326 https://rendexinmudanyuan.fang.com/
Logger:2020-03-16 19:17:54.134119 https://luzhuolanting.fang.com/
Logger:2020-03-16 19:17:54.534001 https://djyeq0355.fang.com/
Logger:2020-03-16 19:17:54.890795 https://zhaoshengjinheyuan.fang.com/
Logger:2020-03-16 19:17:55.173023 https://shangwudashalz.fang.com/
Logger:2020-03-16 19:17:58.951528 https://changzhi.newhouse.fang.com/house/s/b95/
Logger:2020-03-16 19:18:00.693375 https://yuetianhecn.fang.com/
Logger:2020-03-16 19:18:04.366450 https://changzhi.newhouse.fang.com/house/s/b96/
Logger:2020-03-16 19:18:10.674230 https://changzhi.newhouse.fang.com/house/s/b97/
Logger:2020-03-16 19:18:14.279721 https://changzhi.newhouse.fang.com/house/s/b98/
