Logger:2020-03-16 14:19:15.900831 https://changshu.newhouse.fang.com/house/s/b91/
Logger:2020-03-16 14:19:16.256883 https://xiangshulanwanhuayuan.fang.com/
Logger:2020-03-16 14:19:16.585002 https://tangyuemingzhu.fang.com/
Logger:2020-03-16 14:19:16.875229 https://qinmingyayuan.fang.com/
Logger:2020-03-16 14:19:17.165410 https://jinrongjiejinyuerongting.fang.com/
Logger:2020-03-16 14:19:17.454636 https://lvchengxiangmu.fang.com/
Logger:2020-03-16 14:19:17.808729 https://guanxiheyuan.fang.com/
Logger:2020-03-16 14:19:18.062011 https://lanyueyazhu.fang.com/
Logger:2020-03-16 14:19:18.393125 https://xiangyuesiji0512.fang.com/
Logger:2020-03-16 14:19:18.737205 https://zhenwanyazhu.fang.com/
Logger:2020-03-16 14:19:19.038398 https://yulanzhenyuan.fang.com/
Logger:2020-03-16 14:19:19.339593 https://zhongnanlinyue.fang.com/
Logger:2020-03-16 14:19:19.690663 https://guotiebaoliheguangchenyue.fang.com/
Logger:2020-03-16 14:19:20.069723 https://baolonggulixiangmu.fang.com/
Logger:2020-03-16 14:19:20.364888 https://shuipanhuating.fang.com/
Logger:2020-03-16 14:19:20.626187 https://jinghuchenyuan.fang.com/
Logger:2020-03-16 14:19:20.927345 https://heshiyuanzhu.fang.com/
Logger:2020-03-16 14:19:23.549332 https://jinwanmingyueyayuan.fang.com/
Logger:2020-03-16 14:19:23.857545 https://huyushangyuan.fang.com/
Logger:2020-03-16 14:19:24.193607 https://puyueyazhu.fang.com/
Logger:2020-03-16 14:19:24.467911 https://ziyuhuating0512.fang.com/
Logger:2020-03-16 14:19:28.297628 https://changshu.newhouse.fang.com/house/s/b92/
Logger:2020-03-16 14:19:28.579874 https://hupanxiandaicheng.fang.com/
Logger:2020-03-16 14:19:28.877081 https://xinshiji0512.fang.com/
Logger:2020-03-16 14:19:29.222172 https://qinhuyihao.fang.com/
Logger:2020-03-16 14:19:29.593163 https://renhenghebinhuayuan.fang.com/
Logger:2020-03-16 14:19:29.926272 https://huaxige2.fang.com/
Logger:2020-03-16 14:19:34.766360 https://chunjiangmingzhubgy.fang.com/
Logger:2020-03-16 14:19:35.066562 https://minghuhaoting0512.fang.com/
Logger:2020-03-16 14:19:35.385736 https://yudongshidaiguangchang.fang.com/
Logger:2020-03-16 14:19:35.699827 https://tiankongzhichengsm.fang.com/
Logger:2020-03-16 14:19:35.994040 https://wangshiluxiangmu.fang.com/
Logger:2020-03-16 14:19:36.292284 https://shimaoyunwoshuangxige.fang.com/
Logger:2020-03-16 14:19:36.640311 https://jimeiyuanjk.fang.com/
Logger:2020-03-16 14:19:36.939546 https://zhonglianglongjingge.fang.com/
Logger:2020-03-16 14:19:37.233761 https://zhongnanjincheng.fang.com/
Logger:2020-03-16 14:19:37.528934 https://yonglanyuan.fang.com/
Logger:2020-03-16 14:19:40.253644 https://dongchenmingzhu.fang.com/
Logger:2020-03-16 14:19:40.674563 https://shimaofenghuangcheng.fang.com/
Logger:2020-03-16 14:19:40.971724 https://fenglinyayuan0512.fang.com/
Logger:2020-03-16 14:19:41.270923 https://xingyimingzhubgy.fang.com/
Logger:2020-03-16 14:19:41.615002 https://junyuege0512.fang.com/
Logger:2020-03-16 14:19:45.323083 https://changshu.newhouse.fang.com/house/s/b93/
Logger:2020-03-16 14:19:45.621286 https://hefengmingzhu.fang.com/
Logger:2020-03-16 14:19:45.959424 https://jinyulanwan0512.fang.com/
Logger:2020-03-16 14:19:46.287504 https://huyuelanting.fang.com/
Logger:2020-03-16 14:19:46.582754 https://lanshanyueting.fang.com/
Logger:2020-03-16 14:19:46.896872 https://haidemingzhuchangshu.fang.com/
Logger:2020-03-16 14:19:47.199105 https://zijingcheng0512.fang.com/
Logger:2020-03-16 14:19:47.520248 https://shiguanglijr.fang.com/
Logger:2020-03-16 14:19:47.826386 https://shuangjinghuating.fang.com/
Logger:2020-03-16 14:19:48.167474 https://biyulongting.fang.com/
Logger:2020-03-16 14:19:48.421793 https://guanlanmingdi0512.fang.com/
Logger:2020-03-16 14:19:48.724038 https://meilichengcx.fang.com/
Logger:2020-03-16 14:19:49.002283 https://138506.fang.com/
Logger:2020-03-16 14:19:49.327433 https://binjiangbojun.fang.com/
Logger:2020-03-16 14:19:49.632601 https://cuicanlanting.fang.com/
Logger:2020-03-16 14:19:49.965663 https://xinchengliantangxiangmu.fang.com/
Logger:2020-03-16 14:19:50.264863 https://xinchengyuejunhuating.fang.com/
Logger:2020-03-16 14:19:52.816086 https://yuchenyuanzhu.fang.com/
Logger:2020-03-16 14:19:53.091338 https://xiyuehaoting.fang.com/
Logger:2020-03-16 14:19:53.389541 https://jinyuangongyu0512.fang.com/
Logger:2020-03-16 14:19:53.676736 https://yuyuanml.fang.com/
Logger:2020-03-16 14:19:57.486544 https://changshu.newhouse.fang.com/house/s/b94/
Logger:2020-03-16 14:19:57.790730 https://maoshengdasha0512.fang.com/
Logger:2020-03-16 14:19:58.114864 https://rongjingbieyuanbgy.fang.com/
Logger:2020-03-16 14:19:58.403092 https://zhixige2.fang.com/
Logger:2020-03-16 14:19:58.707279 https://liguanhuayuan.fang.com/
Logger:2020-03-16 14:19:58.985534 https://zhongkelanting.fang.com/
Logger:2020-03-16 14:19:59.312697 https://138504.fang.com/
Logger:2020-03-16 14:19:59.595937 https://xingbaoguangchang.fang.com/
Logger:2020-03-16 14:20:03.630109 https://kunhutianjing.fang.com/
Logger:2020-03-16 14:20:03.925356 https://jinkeyuanjiangzhu.fang.com/
Logger:2020-03-16 14:20:04.286395 https://shanghumeiguiyuandongqu.fang.com/
Logger:2020-03-16 14:20:04.601511 https://jianshanhubieyuan.fang.com/
Logger:2020-03-16 14:20:04.913717 https://zhonganglangyue0512.fang.com/
Logger:2020-03-16 14:20:05.176008 https://138596.fang.com/
Logger:2020-03-16 14:20:05.518105 https://zichenmingzhuchangshu.fang.com/
Logger:2020-03-16 14:20:05.795358 https://yuyueguangchangdn.fang.com/
Logger:2020-03-16 14:20:08.138050 https://yangchengzhixing0512.fang.com/
Logger:2020-03-16 14:20:08.404375 https://jiangnanfudi0512.fang.com/
Logger:2020-03-16 14:20:10.321210 https://xinyuexishangyeguangchang.fang.com/
Logger:2020-03-16 14:20:10.577523 https://jianfazhaoshangchengxiangmu.fang.com/
Logger:2020-03-16 14:20:10.862805 https://aqj.fang.com/
Logger:2020-03-16 14:20:14.472147 https://changshu.newhouse.fang.com/house/s/b95/
Logger:2020-03-16 14:20:16.893627 https://baohong0512.fang.com/
Logger:2020-03-16 14:20:20.468064 https://changshu.newhouse.fang.com/house/s/b96/
Logger:2020-03-16 14:20:23.946826 https://changshu.newhouse.fang.com/house/s/b97/
Logger:2020-03-16 14:20:27.427447 https://changshu.newhouse.fang.com/house/s/b98/
