Logger:2020-03-17 00:38:37.753777 https://changxing.newhouse.fang.com/house/s/b91/
Logger:2020-03-17 00:38:39.087254 https://yuehumingcheng.fang.com/
Logger:2020-03-17 00:38:39.332554 https://xueshijiayuan0572.fang.com/
Logger:2020-03-17 00:38:39.592894 https://jinlingyuefuhd0572.fang.com/
Logger:2020-03-17 00:38:39.932991 https://huafujinyuan2.fang.com/
Logger:2020-03-17 00:38:41.672339 https://yuelongtaihengda0572.fang.com/
Logger:2020-03-17 00:38:41.926615 https://dajiaxiangshuzhuangyuan.fang.com/
Logger:2020-03-17 00:38:48.956850 https://hupogongguan.fang.com/
Logger:2020-03-17 00:38:49.240074 https://wdmzzhtdjf.fang.com/
Logger:2020-03-17 00:38:49.471431 https://rongchuangjinchenghsf.fang.com/
Logger:2020-03-17 00:38:49.708796 https://delijcw.fang.com/
Logger:2020-03-17 00:38:51.616692 https://bgyzyth.fang.com/
Logger:2020-03-17 00:38:51.930888 https://bgysdjqj.fang.com/
Logger:2020-03-17 00:38:54.070128 https://laiyinhepan0572.fang.com/
Logger:2020-03-17 00:38:54.413211 https://bgycymd.fang.com/
Logger:2020-03-17 00:38:54.672561 https://kadiyazhuangyuan0572.fang.com/
Logger:2020-03-17 00:38:54.966772 https://haihuhuayuan.fang.com/
Logger:2020-03-17 00:38:55.237007 https://yunshanfu.fang.com/
Logger:2020-03-17 00:38:57.230716 https://yulanhuayuanlc0572.fang.com/
Logger:2020-03-17 00:38:57.475020 https://cxyxyhy.fang.com/
Logger:2020-03-17 00:38:59.126601 https://longxiyuting0572.fang.com/
Logger:2020-03-17 00:39:02.356960 https://changxing.newhouse.fang.com/house/s/b92/
Logger:2020-03-17 00:39:02.571450 https://ouzhouhuayuan2.fang.com/
Logger:2020-03-17 00:39:05.406843 https://cxdcds.fang.com/
Logger:2020-03-17 00:39:05.703008 https://zitenghuashu.fang.com/
Logger:2020-03-17 00:39:07.677725 https://dzryzy.fang.com/
Logger:2020-03-17 00:39:07.903205 https://lishiguangchang.fang.com/
Logger:2020-03-17 00:39:08.190355 https://xichengshidaisd.fang.com/
Logger:2020-03-17 00:39:08.430712 https://nanshanyaju2.fang.com/
Logger:2020-03-17 00:39:09.736219 https://meidumingzuo.fang.com/
Logger:2020-03-17 00:39:11.042766 https://1430422.fang.com/
Logger:2020-03-17 00:39:11.279091 https://qinshueiwan.fang.com/
Logger:2020-03-17 00:39:11.511470 https://donghujinyue0572.fang.com/
Logger:2020-03-17 00:39:11.785736 https://longgongguanth20572.fang.com/
Logger:2020-03-17 00:39:12.031122 https://yhsz0572.fang.com/
Logger:2020-03-17 00:39:12.278419 https://guangmingmxc.fang.com/
Logger:2020-03-17 00:39:14.313996 https://hxzyf.fang.com/
Logger:2020-03-17 00:39:16.247859 https://changhezhuangyuan.fang.com/
Logger:2020-03-17 00:39:18.055008 https://hekangjiayuan.fang.com/
Logger:2020-03-17 00:39:18.286346 https://hzsagg.fang.com/
Logger:2020-03-17 00:39:18.781068 https://taihuyinrc2.fang.com/
Logger:2020-03-17 00:39:19.028362 https://linchengshangmaoxinc.fang.com/
Logger:2020-03-17 00:39:22.296648 https://changxing.newhouse.fang.com/house/s/b93/
Logger:2020-03-17 00:39:24.460829 https://hengfengyuan2.fang.com/
Logger:2020-03-17 00:39:26.445519 https://143040.fang.com/
Logger:2020-03-17 00:39:26.808590 https://longshanxiyuan.fang.com/
Logger:2020-03-17 00:39:27.238398 https://xiaohejiangnanlc0572.fang.com/
Logger:2020-03-17 00:39:27.524633 https://1430342.fang.com/
Logger:2020-03-17 00:39:29.162251 https://hxsdms.fang.com/
Logger:2020-03-17 00:39:29.406628 https://143030.fang.com/
Logger:2020-03-17 00:39:29.650982 https://143036.fang.com/
Logger:2020-03-17 00:39:33.578479 https://changxing.newhouse.fang.com/house/s/b94/
Logger:2020-03-17 00:39:37.035190 https://changxing.newhouse.fang.com/house/s/b95/
Logger:2020-03-17 00:39:40.486010 https://changxing.newhouse.fang.com/house/s/b96/
