Logger:2020-03-16 11:47:44.043714 https://changde.newhouse.fang.com/house/s/b91/
Logger:2020-03-16 11:47:44.340884 https://hdyulongtianfeng.fang.com/
Logger:2020-03-16 11:47:44.668638 https://junhuayuting0736.fang.com/
Logger:2020-03-16 11:47:45.027857 https://chengxinlijing.fang.com/
Logger:2020-03-16 11:47:45.418391 https://xingyulin.fang.com/
Logger:2020-03-16 11:47:45.746864 https://changdebaoli.fang.com/
Logger:2020-03-16 11:47:46.231161 https://hanshouhengdayufu.fang.com/
Logger:2020-03-16 11:47:46.527503 https://hengdatianxi0736.fang.com/
Logger:2020-03-16 11:47:46.886794 https://zhongliangbinjiangshoufu.fang.com/
Logger:2020-03-16 11:47:47.172486 https://longhushuanglongyuanzhu0736.fang.com/
Logger:2020-03-16 11:47:48.203051 https://huazhenglongganghui.fang.com/
Logger:2020-03-16 11:47:48.421751 https://zhongjianzhihuicheng.fang.com/
Logger:2020-03-16 11:47:48.726562 https://fuxinkanjiangnan.fang.com/
Logger:2020-03-16 11:47:48.965085 https://changdebiguiyuan2.fang.com/
Logger:2020-03-16 11:47:49.340408 https://tianyuanrongguoxinfu.fang.com/
Logger:2020-03-16 11:47:49.668703 https://meidibiguiyuan.fang.com/
Logger:2020-03-16 11:47:49.996089 https://changdebiguiyuan.fang.com/3/
Logger:2020-03-16 11:47:50.324137 https://hanchenjiangnanwenyuan.fang.com/
Logger:2020-03-16 11:47:50.699048 https://lixianhengda.fang.com/
Logger:2020-03-16 11:47:50.995853 https://zhongnanchunxiji.fang.com/
Logger:2020-03-16 11:47:51.323902 https://taoyuanbiguiyuan.fang.com/
Logger:2020-03-16 11:47:55.066739 https://changde.newhouse.fang.com/house/s/b92/
Logger:2020-03-16 11:47:55.394848 https://taoyuanbiguiyuan.fang.com/
Logger:2020-03-16 11:47:57.264786 https://biguiyuanshiligongyuan.fang.com/
Logger:2020-03-16 11:47:58.514088 https://biguiyuanzhongyanghuayuan.fang.com/
Logger:2020-03-16 11:47:58.764717 https://langzhoufu.fang.com/
Logger:2020-03-16 11:47:59.092079 https://xymfccdgwzx.fang.com/
Logger:2020-03-16 11:47:59.373727 https://minlejiayuan0736.fang.com/
Logger:2020-03-16 11:47:59.608158 https://zjmgysaz.fang.com/
Logger:2020-03-16 11:47:59.888801 https://smbgywjf.fang.com/
Logger:2020-03-16 11:48:00.170474 https://chengxinyuyuan0736.fang.com/
Logger:2020-03-16 11:48:00.498688 https://cdyangguangdidai.fang.com/
Logger:2020-03-16 11:48:02.517298 https://taidachuntianli.fang.com/
Logger:2020-03-16 11:48:02.798171 https://hengdahuafu0736.fang.com/
Logger:2020-03-16 11:48:03.095103 https://youancheng0736.fang.com/
Logger:2020-03-16 11:48:03.454364 https://zyllk.fang.com/
Logger:2020-03-16 11:48:03.781906 https://nanjincheng0736.fang.com/
Logger:2020-03-16 11:48:04.063789 https://chengxinfenglinyijing.fang.com/
Logger:2020-03-16 11:48:04.360292 https://tianrunguangchang0736.fang.com/
Logger:2020-03-16 11:48:05.500251 https://yangguangshangdongwan.fang.com/
Logger:2020-03-16 11:48:05.766337 https://fujiehuazhongcheng.fang.com/
Logger:2020-03-16 11:48:06.531258 https://xinghuinanwan.fang.com/
Logger:2020-03-16 11:48:09.827844 https://changde.newhouse.fang.com/house/s/b93/
Logger:2020-03-16 11:48:10.124159 https://jingzebolinguoji.fang.com/
Logger:2020-03-16 11:48:10.421443 https://huanlesongloft.fang.com/
Logger:2020-03-16 11:48:10.783253 https://changdebiguiyuanqiaochutang.fang.com/
Logger:2020-03-16 11:48:11.080248 https://chengtouxinxili.fang.com/
Logger:2020-03-16 11:48:11.470339 https://xiangjiangyuefu.fang.com/
Logger:2020-03-16 11:48:11.783484 https://heruihuanlecheng2.fang.com/2/
Logger:2020-03-16 11:48:12.064252 https://chengxinshuxiangyuan.fang.com/
Logger:2020-03-16 11:48:12.360752 https://fangjumingdejun.fang.com/
Logger:2020-03-16 11:48:12.720043 https://xiyuanxinjun.fang.com/
Logger:2020-03-16 11:48:13.016848 https://fuhualiuhugongguan.fang.com/
Logger:2020-03-16 11:48:13.298042 https://ziweihuacheng.fang.com/
Logger:2020-03-16 11:48:13.610456 https://sanjinshijicheng.fang.com/
Logger:2020-03-16 11:48:14.235354 https://linlibiguiyuan.fang.com/
Logger:2020-03-16 11:48:15.126330 https://xinyunguojiguangchang.fang.com/
Logger:2020-03-16 11:48:16.078624 https://shidaiguangchangxhy.fang.com/
Logger:2020-03-16 11:48:16.360337 https://lanqiaoshengfeilc.fang.com/
Logger:2020-03-16 11:48:16.678976 https://shuguangjincheng.fang.com/
Logger:2020-03-16 11:48:16.968349 https://hongxianghuafu.fang.com/
Logger:2020-03-16 11:48:17.233986 https://changfangwulingfu.fang.com/
Logger:2020-03-16 11:48:17.484190 https://changdeaoyuanyujingwan.fang.com/
Logger:2020-03-16 11:48:22.688888 https://changde.newhouse.fang.com/house/s/b94/
Logger:2020-03-16 11:48:23.532438 https://jiliqianshuiwan.fang.com/
Logger:2020-03-16 11:48:23.813622 https://zhongjiangongyuanfu.fang.com/
Logger:2020-03-16 11:48:24.094806 https://biguiyuanlizhouhuafu.fang.com/
Logger:2020-03-16 11:48:24.407639 https://dahanxincheng0736.fang.com/
Logger:2020-03-16 11:48:24.814112 https://taoyuandonghuheyuan.fang.com/
Logger:2020-03-16 11:48:25.157446 https://shimenbiguiyuan.fang.com/
Logger:2020-03-16 11:48:25.438320 https://xinfugongyuanli.fang.com/
Logger:2020-03-16 11:48:26.281828 https://chuanziheyihao.fang.com/
Logger:2020-03-16 11:48:26.610383 https://ruifengxincheng0736.fang.com/
Logger:2020-03-16 11:48:26.891022 https://jinyuanguoji0736.fang.com/
Logger:2020-03-16 11:48:27.206391 https://xichengguojishangye.fang.com/
Logger:2020-03-16 11:48:27.503847 https://mochixintiandi.fang.com/
Logger:2020-03-16 11:48:27.831244 https://jinkemeidiliuyeheyuan.fang.com/
Logger:2020-03-16 11:48:28.159291 https://hshlcgysj.fang.com/
Logger:2020-03-16 11:48:28.487376 https://taoyuandongfangmingzhu.fang.com/
Logger:2020-03-16 11:48:28.742557 https://hetianjuhushangyuanzi.fang.com/
Logger:2020-03-16 11:48:29.070168 https://gongyuanshijia0736.fang.com/
Logger:2020-03-16 11:48:29.414149 https://tianewantl.fang.com/2/
Logger:2020-03-16 11:48:29.712557 https://shimendahanxincheng.fang.com/
Logger:2020-03-16 11:48:30.485709 https://fuhuachaoyanggongguan.fang.com/
Logger:2020-03-16 11:48:33.709127 https://changde.newhouse.fang.com/house/s/b95/
Logger:2020-03-16 11:48:34.037979 https://changdesainayangguang.fang.com/
Logger:2020-03-16 11:48:34.303583 https://dongxingxicheng2.fang.com/
Logger:2020-03-16 11:48:34.569332 https://huijingzhongyang.fang.com/
Logger:2020-03-16 11:48:35.459518 https://taidalijingwan.fang.com/
Logger:2020-03-16 11:48:35.834437 https://changdeyuanjingboyuefu.fang.com/
Logger:2020-03-16 11:48:36.162478 https://jinchenghushanyue.fang.com/
Logger:2020-03-16 11:48:37.214742 https://kaihongxingcheng.fang.com/
Logger:2020-03-16 11:48:38.370719 https://jinkejimeijun2.fang.com/
Logger:2020-03-16 11:48:38.823790 https://dexinjiayuan0736.fang.com/
Logger:2020-03-16 11:48:39.198649 https://haochuangdegushengtaicheng.fang.com/
Logger:2020-03-16 11:48:39.449035 https://panshanyihao.fang.com/
Logger:2020-03-16 11:48:39.748287 https://dxlianhuatianjie.fang.com/
Logger:2020-03-16 11:48:40.076341 https://fenghuacheng0736.fang.com/
Logger:2020-03-16 11:48:40.419999 https://huijingzhongyang2.fang.com/
Logger:2020-03-16 11:48:40.685561 https://lehuoli.fang.com/
Logger:2020-03-16 11:48:41.014323 https://jinpandeyayuan.fang.com/
Logger:2020-03-16 11:48:41.279172 https://penglaihuayuan0736.fang.com/
Logger:2020-03-16 11:48:41.638462 https://lizhoujinniuguangchang.fang.com/
Logger:2020-03-16 11:48:41.919645 https://linlibinhejiayuan.fang.com/
Logger:2020-03-16 11:48:42.982033 https://bjzxc0736.fang.com/
Logger:2020-03-16 11:48:46.896613 https://changde.newhouse.fang.com/house/s/b96/
Logger:2020-03-16 11:48:47.212250 https://0736fuxinjiayuan.fang.com/
Logger:2020-03-16 11:48:47.492842 https://hanshoushanhuhaishangcheng.fang.com/
Logger:2020-03-16 11:48:47.790035 https://hanshouyoumeixiaozhen.fang.com/
Logger:2020-03-16 11:48:48.087917 https://jsgjxc.fang.com/
Logger:2020-03-16 11:48:49.263687 https://lizhouyinxiang.fang.com/
Logger:2020-03-16 11:48:49.513970 https://anxiangshanhuhaishangcheng.fang.com/
Logger:2020-03-16 11:48:49.795522 https://sanjiangxincheng.fang.com/
Logger:2020-03-16 11:48:50.060720 https://zidongxingcheng.fang.com/
Logger:2020-03-16 11:48:50.373134 https://jinrilanting.fang.com/
Logger:2020-03-16 11:48:51.170298 https://huanlechenghr.fang.com/shop/
Logger:2020-03-16 11:48:52.045159 https://lixianliuhemingju.fang.com/
Logger:2020-03-16 11:48:52.357732 https://dongchengshijia0736.fang.com/
Logger:2020-03-16 11:48:52.638756 https://jinshixintiandi.fang.com/
Logger:2020-03-16 11:48:52.966284 https://xinffulizy.fang.com/
Logger:2020-03-16 11:48:53.294742 https://shimendongchengxintiandi.fang.com/
Logger:2020-03-16 11:48:53.591169 https://taohuayuanguzhen.fang.com/
Logger:2020-03-16 11:48:53.872698 https://dtdxyjzgg.fang.com/
Logger:2020-03-16 11:48:54.200769 https://linliaoyuanguangchang.fang.com/
Logger:2020-03-16 11:48:54.622579 https://anxiangyinxiang.fang.com/
Logger:2020-03-16 11:48:54.935271 https://linliwuzhoudongan.fang.com/
Logger:2020-03-16 11:48:58.841848 https://changde.newhouse.fang.com/house/s/b97/
Logger:2020-03-16 11:48:59.139175 https://beichengfu.fang.com/
Logger:2020-03-16 11:48:59.451036 https://cdyiwushangmaocheng.fang.com/
Logger:2020-03-16 11:48:59.779085 https://yinguxiyuan.fang.com/
Logger:2020-03-16 11:49:00.075887 https://chengshiguangchangsmyy.fang.com/
Logger:2020-03-16 11:49:00.372694 https://hongtaijiuzhoufu.fang.com/
Logger:2020-03-16 11:49:00.715058 https://jinyangfengrui.fang.com/
Logger:2020-03-16 11:49:00.955116 https://xiangshengjiangshanyue0736.fang.com/
Logger:2020-03-16 11:49:01.251921 https://jinshihongyingxingdu.fang.com/
Logger:2020-03-16 11:49:02.448761 https://chaoyangshiguang.fang.com/
Logger:2020-03-16 11:49:02.763332 https://dongsenbinjianghuafu.fang.com/
Logger:2020-03-16 11:49:03.075765 https://hongtaizhouzhiyuan.fang.com/
Logger:2020-03-16 11:49:04.153097 https://huapengguoji0736.fang.com/
Logger:2020-03-16 11:49:04.950175 https://datangsima.fang.com/
Logger:2020-03-16 11:49:05.637702 https://anxiangbiguiyuan.fang.com/
Logger:2020-03-16 11:49:05.965212 https://lzwdgchlc.fang.com/
Logger:2020-03-16 11:49:06.855628 https://zdtcgy.fang.com/
Logger:2020-03-16 11:49:07.840426 https://ycjsxd.fang.com/
Logger:2020-03-16 11:49:08.777444 https://jinyuanguoji0736.fang.com/2/
Logger:2020-03-16 11:49:09.605579 https://changde.newhouse.fang.com/house/2716170504.htm
Logger:2020-03-16 11:49:09.874121 https://jwdqnsyj.fang.com/
Logger:2020-03-16 11:49:13.592050 https://changde.newhouse.fang.com/house/s/b98/
Logger:2020-03-16 11:49:14.357201 https://cdxxbgjwujinjidiancheng.fang.com/
Logger:2020-03-16 11:49:15.106868 https://chenghaowan.fang.com/
Logger:2020-03-16 11:49:15.388285 https://gaoxingshangyeguangchang.fang.com/
Logger:2020-03-16 11:49:16.184458 https://huanlechengwanxiangjinjie.fang.com/
Logger:2020-03-16 11:49:16.450484 https://mcxintiandi.fang.com/
Logger:2020-03-16 11:49:17.963038 https://hmljdongxinjiaju.fang.com/
Logger:2020-03-16 11:49:18.227898 https://jkygc.fang.com/
Logger:2020-03-16 11:49:18.567499 https://xxbjcsmc.fang.com/
Logger:2020-03-16 11:49:19.340741 https://lizhoujinniuguangchang2.fang.com/
Logger:2020-03-16 11:49:20.105492 https://chengshiguangchangsmyy2.fang.com/
Logger:2020-03-16 11:49:24.912046 https://changde.newhouse.fang.com/house/s/b99/
Logger:2020-03-16 11:49:28.500945 https://changde.newhouse.fang.com/house/s/b910/
Logger:2020-03-16 11:49:32.234695 https://changde.newhouse.fang.com/house/s/b911/
