Logger:2020-03-15 23:40:14.353987 https://changle.newhouse.fang.com/house/s/b91/
Logger:2020-03-15 23:40:14.642955 https://changlelanshan.fang.com/
Logger:2020-03-15 23:40:15.054908 https://tianchengyuanzhulhsk.fang.com/
Logger:2020-03-15 23:40:15.415882 https://changlezijinxuanmc.fang.com/
Logger:2020-03-15 23:40:15.777423 https://changlecuicanbinjiangsm.fang.com/
Logger:2020-03-15 23:40:16.131639 https://cuicanyuechengclsm.fang.com/
Logger:2020-03-15 23:40:16.547489 https://rxsjc.fang.com/
Logger:2020-03-15 23:40:16.889497 https://hanlinyihaorf.fang.com/
Logger:2020-03-15 23:40:18.902777 https://changleyangguangchengfeiliwan.fang.com/
Logger:2020-03-15 23:40:19.352972 https://panguyunshijie.fang.com/
Logger:2020-03-15 23:40:19.904189 https://heshangmeishu.fang.com/
Logger:2020-03-15 23:40:20.344984 https://changlejiadiwk.fang.com/
Logger:2020-03-15 23:40:20.680165 https://binhaixinchengdieyu.fang.com/
Logger:2020-03-15 23:40:21.012841 https://damingchengcl.fang.com/
Logger:2020-03-15 23:40:21.414010 https://yihaoxuefu0591.fang.com/
Logger:2020-03-15 23:40:21.733953 https://hengrongtangningyihao.fang.com/
Logger:2020-03-15 23:40:22.078993 https://zhonghaijincheng0591.fang.com/
Logger:2020-03-15 23:40:22.402169 https://yuelongwanzr.fang.com/
Logger:2020-03-15 23:40:22.803093 https://dadonghu.fang.com/
Logger:2020-03-15 23:40:23.161012 https://puyuebinjiangss.fang.com/
Logger:2020-03-15 23:40:23.490384 https://changlebojingwan.fang.com/
Logger:2020-03-15 23:40:27.098912 https://changle.newhouse.fang.com/house/s/b92/
Logger:2020-03-15 23:40:27.444993 https://yonghenghaigangcheng.fang.com/
Logger:2020-03-15 23:40:27.772608 https://zhongfashoufu.fang.com/
Logger:2020-03-15 23:40:28.082911 https://dadonghu0591.fang.com/
Logger:2020-03-15 23:40:29.048911 https://changleyihaorc.fang.com/
Logger:2020-03-15 23:40:31.451145 https://tianjunjiulongtaizy.fang.com/
Logger:2020-03-15 23:40:31.833085 https://shuxiangmingdiwy.fang.com/
Logger:2020-03-15 23:40:32.183699 https://changlelijingwanygc.fang.com/
Logger:2020-03-15 23:40:32.550636 https://binhaixiangshe.fang.com/
Logger:2020-03-15 23:40:32.978498 https://dhdhw.fang.com/
Logger:2020-03-15 23:40:33.313468 https://wgwtgg.fang.com/
Logger:2020-03-15 23:40:33.643672 https://ygchms.fang.com/
Logger:2020-03-15 23:40:34.003708 https://jingyuelgygc.fang.com/
Logger:2020-03-15 23:40:34.428608 https://89xintiandi.fang.com/
Logger:2020-03-15 23:40:34.740752 https://zhongnanyuefu0591.fang.com/
Logger:2020-03-15 23:40:39.158331 https://haiyuetianlanzf.fang.com/
Logger:2020-03-15 23:40:39.550594 https://cuicantianchengclsm.fang.com/
Logger:2020-03-15 23:40:40.002317 https://cltaihehongyu.fang.com/
Logger:2020-03-15 23:40:42.060263 https://tianjunzunpin.fang.com/
Logger:2020-03-15 23:40:42.442318 https://zmdhcdk0591.fang.com/
Logger:2020-03-15 23:40:43.390959 https://huangtingdanjun0591.fang.com/
Logger:2020-03-15 23:40:46.941969 https://changle.newhouse.fang.com/house/s/b93/
Logger:2020-03-15 23:40:47.181943 https://shuangjiangyujing.fang.com/
Logger:2020-03-15 23:40:47.481218 https://bjsmc.fang.com/
Logger:2020-03-15 23:40:47.794299 https://jingangcheng.fang.com/
Logger:2020-03-15 23:40:48.129446 https://dechengmingjun0591.fang.com/
Logger:2020-03-15 23:40:48.643029 https://hxjcjjc.fang.com/
Logger:2020-03-15 23:40:49.048516 https://binjiangshangmaocheng.fang.com/
Logger:2020-03-15 23:40:52.413840 https://yrqsw.fang.com/
Logger:2020-03-15 23:40:52.774865 https://haixiajiancaijiajuchengcl.fang.com/
Logger:2020-03-15 23:40:53.189730 https://tianxiangwangjun.fang.com/
Logger:2020-03-15 23:40:56.794138 https://changle.newhouse.fang.com/house/s/b94/
Logger:2020-03-15 23:41:00.489463 https://changle.newhouse.fang.com/house/s/b95/
Logger:2020-03-15 23:41:03.908576 https://changle.newhouse.fang.com/house/s/b96/
