Logger:2020-03-16 15:23:02.870453 https://changchun.newhouse.fang.com/house/s/b91/
Logger:2020-03-16 15:23:03.227497 https://changchunyuandagouwuguangchang.fang.com/
Logger:2020-03-16 15:23:03.643416 https://huarunzhidichanganli.fang.com/
Logger:2020-03-16 15:23:04.065896 https://fuchunshanjuah.fang.com/
Logger:2020-03-16 15:23:04.579481 https://ruideshangpin.fang.com/
Logger:2020-03-16 15:23:05.116678 https://lanxixuefu0431.fang.com/
Logger:2020-03-16 15:23:05.468908 https://xihulinyubl0431.fang.com/
Logger:2020-03-16 15:23:05.897775 https://bocuiyuehuwk.fang.com/
Logger:2020-03-16 15:23:06.356575 https://wanshenglongxi.fang.com/
Logger:2020-03-16 15:23:06.718149 https://shishushijiaxxy.fang.com/
Logger:2020-03-16 15:23:08.387670 https://fengjingxiaozhentmh.fang.com/
Logger:2020-03-16 15:23:08.872653 https://jianqiaochunyu0431.fang.com/
Logger:2020-03-16 15:23:11.751086 https://huayuangongyuandao1hao.fang.com/
Logger:2020-03-16 15:23:12.223821 https://weilaichengjs.fang.com/
Logger:2020-03-16 15:23:14.855197 https://zhufulilpbh.fang.com/
Logger:2020-03-16 15:23:15.324968 https://weilantingxiangtl.fang.com/
Logger:2020-03-16 15:23:15.949876 https://jindifenghua0431.fang.com/
Logger:2020-03-16 15:23:16.307396 https://hengdadijing0431.fang.com/
Logger:2020-03-16 15:23:16.697895 https://shijielijr.fang.com/
Logger:2020-03-16 15:23:17.176627 https://liwangkongquelin.fang.com/
Logger:2020-03-16 15:23:17.705839 https://baolijingyuehefu.fang.com/
Logger:2020-03-16 15:23:21.494109 https://changchun.newhouse.fang.com/house/s/b92/
Logger:2020-03-16 15:23:22.010752 https://baolijingyuehefu.fang.com/
Logger:2020-03-16 15:23:22.460585 https://baolitianyu.fang.com/
Logger:2020-03-16 15:23:22.894418 https://hongxingmengjilin2.fang.com/
Logger:2020-03-16 15:23:23.263436 https://juchengzhenpin.fang.com/
Logger:2020-03-16 15:23:23.723304 https://guoxinjingyuefu.fang.com/
Logger:2020-03-16 15:23:24.188877 https://wenhualvyouchengjlhd.fang.com/
Logger:2020-03-16 15:23:24.534222 https://zhongchechenglw.fang.com/
Logger:2020-03-16 15:23:24.871782 https://guiguyihaoxz0431.fang.com/
Logger:2020-03-16 15:23:32.313037 https://jinyingshijiecc.fang.com/
Logger:2020-03-16 15:23:32.699970 https://jiangshanfenghuajd0431.fang.com/
Logger:2020-03-16 15:23:33.042097 https://guiguoffice.fang.com/
Logger:2020-03-16 15:23:34.432512 https://haobangsijijingdianrongyu.fang.com/
Logger:2020-03-16 15:23:34.814468 https://191417.fang.com/
Logger:2020-03-16 15:23:35.248477 https://gaoxinjunyuan.fang.com/
Logger:2020-03-16 15:23:36.769967 https://feicuigongyuanwk0431.fang.com/
Logger:2020-03-16 15:23:37.196982 https://taohuayuanwz.fang.com/
Logger:2020-03-16 15:23:37.640765 https://wankeyuetanwan.fang.com/
Logger:2020-03-16 15:23:38.128483 https://huisilexiaozhenwk0431.fang.com/
Logger:2020-03-16 15:23:38.502492 https://heguangchenyuebl0431.fang.com/
Logger:2020-03-16 15:23:38.865255 https://shangxuefuzh.fang.com/
Logger:2020-03-16 15:23:43.315005 https://changchun.newhouse.fang.com/house/s/b93/
Logger:2020-03-16 15:23:43.716411 https://liwangkangcheng.fang.com/
Logger:2020-03-16 15:23:44.206060 https://xinxingyuguangchangnanxifu.fang.com/
Logger:2020-03-16 15:23:44.588045 https://lixiangchengshidz.fang.com/
Logger:2020-03-16 15:23:45.053334 https://huarunxiangshuwan0431.fang.com/6/
Logger:2020-03-16 15:23:45.414291 https://jingyufu.fang.com/
Logger:2020-03-16 15:23:47.726837 https://wanxiangfuhrzd0431.fang.com/
Logger:2020-03-16 15:23:48.283343 https://yanjingfujh.fang.com/
Logger:2020-03-16 15:23:48.795036 https://ziyunfuhr0431.fang.com/
Logger:2020-03-16 15:23:49.351580 https://huarunzhidikunlunyu.fang.com/
Logger:2020-03-16 15:23:49.806333 https://chunjiangmingyuedzzy.fang.com/
Logger:2020-03-16 15:23:50.185319 https://yuhuchenyuanrc0431.fang.com/
Logger:2020-03-16 15:23:50.588295 https://huarunzhidigongyuanjiuli.fang.com/
Logger:2020-03-16 15:23:51.720526 https://baolixiyue0431.fang.com/
Logger:2020-03-16 15:23:52.125484 https://huaxiyuyuan0431.fang.com/
Logger:2020-03-16 15:23:52.449734 https://yangguangzhuangyuan0431.fang.com/
Logger:2020-03-16 15:23:52.811779 https://fuchengshangpin0431.fang.com/
Logger:2020-03-16 15:23:53.161792 https://wanshenghefu.fang.com/
Logger:2020-03-16 15:23:53.575236 https://guojijinrongzhongxincc.fang.com/
Logger:2020-03-16 15:23:53.891011 https://hengdamingdu0431.fang.com/
Logger:2020-03-16 15:23:54.335305 https://hengdashoufu.fang.com/
Logger:2020-03-16 15:23:58.198823 https://changchun.newhouse.fang.com/house/s/b94/
Logger:2020-03-16 15:23:58.568875 https://meihutiandiyg.fang.com/
Logger:2020-03-16 15:23:59.074486 https://yangpuyihao.fang.com/
Logger:2020-03-16 15:23:59.516397 https://wankexiwang0431.fang.com/
Logger:2020-03-16 15:23:59.911615 https://biguiyuanxingzuan.fang.com/
Logger:2020-03-16 15:24:00.382907 https://gaoxinmingdils.fang.com/
Logger:2020-03-16 15:24:00.719073 https://cuidiyuefuyt.fang.com/
Logger:2020-03-16 15:24:01.166510 https://dehuishoufu.fang.com/
Logger:2020-03-16 15:24:06.110482 https://feicuibinjiangwk0431.fang.com/
Logger:2020-03-16 15:24:06.545837 https://baoyuyuelanwan.fang.com/
Logger:2020-03-16 15:24:06.965459 https://yuguiyuanlf.fang.com/
Logger:2020-03-16 15:24:07.342963 https://ronghuiyuefu.fang.com/
Logger:2020-03-16 15:24:07.755864 https://shanglinglongwz.fang.com/
Logger:2020-03-16 15:24:08.158818 https://xianggangcheng0431.fang.com/
Logger:2020-03-16 15:24:08.595827 https://qingyanghuafu.fang.com/
Logger:2020-03-16 15:24:09.009931 https://baolitangyue0431.fang.com/
Logger:2020-03-16 15:24:09.459726 https://kangshidanjunsx.fang.com/
Logger:2020-03-16 15:24:09.934485 https://zhiyuexxy.fang.com/
Logger:2020-03-16 15:24:10.595050 https://wuzhonggusuyuan.fang.com/
Logger:2020-03-16 15:24:11.002961 https://jinseganlancheng.fang.com/
Logger:2020-03-16 15:24:11.437885 https://shuiyuntiansanhaonj.fang.com/
Logger:2020-03-16 15:24:15.897841 https://changchun.newhouse.fang.com/house/s/b95/
Logger:2020-03-16 15:24:16.241181 https://xianggelilt.fang.com/
Logger:2020-03-16 15:24:16.598153 https://zhonghailongxi.fang.com/
Logger:2020-03-16 15:24:17.060885 https://boyuexxy.fang.com/
Logger:2020-03-16 15:24:17.478831 https://xingyuhuafuyr0431.fang.com/
Logger:2020-03-16 15:24:17.947115 https://jindimingyue0431.fang.com/
Logger:2020-03-16 15:24:18.346055 https://xipaifuzgtj.fang.com/
Logger:2020-03-16 15:24:18.749605 https://yilanguandi.fang.com/2/
Logger:2020-03-16 15:24:19.155720 https://wanxingqingchengyuan.fang.com/
Logger:2020-03-16 15:24:20.641926 https://xindalongwan.fang.com/
Logger:2020-03-16 15:24:21.127323 https://shengshichengzh.fang.com/
Logger:2020-03-16 15:24:21.646932 https://xindalulw.fang.com/
Logger:2020-03-16 15:24:22.098983 https://zhongdonggang.fang.com/
Logger:2020-03-16 15:24:22.492522 https://longshouyihaoyuan.fang.com/
Logger:2020-03-16 15:24:23.155218 https://xichenzhiguangwk.fang.com/
Logger:2020-03-16 15:24:23.629951 https://zhongguotiejianxipaitangsong.fang.com/
Logger:2020-03-16 15:24:24.131743 https://xindouhuiwk0431.fang.com/
Logger:2020-03-16 15:24:24.502450 https://qingyun0431.fang.com/
Logger:2020-03-16 15:24:24.916444 https://huaxiguhd.fang.com/
Logger:2020-03-16 15:24:25.255537 https://baolizhongyangguangchang.fang.com/
Logger:2020-03-16 15:24:25.628547 https://aohailanjun.fang.com/
Logger:2020-03-16 15:24:29.576894 https://changchun.newhouse.fang.com/house/s/b96/
Logger:2020-03-16 15:24:29.973832 https://dzzyhbgyyh.fang.com/
Logger:2020-03-16 15:24:30.365416 https://longxiangguojiguandi.fang.com/
Logger:2020-03-16 15:24:30.732386 https://jiaritiandiyt.fang.com/
Logger:2020-03-16 15:24:31.158758 https://xiangshanggongguan.fang.com/
Logger:2020-03-16 15:24:31.533293 https://xinxingyulanyue.fang.com/
Logger:2020-03-16 15:24:31.886170 https://xinxingyuyuefu.fang.com/
Logger:2020-03-16 15:24:32.253194 https://jinyueyishulanwan.fang.com/
Logger:2020-03-16 15:24:32.687027 https://rundejincheng.fang.com/
Logger:2020-03-16 15:24:33.079094 https://hejinxxy.fang.com/
Logger:2020-03-16 15:24:33.433323 https://jiahuimeiyuan.fang.com/
Logger:2020-03-16 15:24:33.842173 https://guanshanyuejy.fang.com/
Logger:2020-03-16 15:24:34.175282 https://zhongdonghongjie.fang.com/
Logger:2020-03-16 15:24:36.948010 https://wandaguangchangcc.fang.com/
Logger:2020-03-16 15:24:37.489333 https://jiahuijiuli.fang.com/
Logger:2020-03-16 15:24:37.902851 https://shuxianglanjun.fang.com/
Logger:2020-03-16 15:24:38.276775 https://hengfengshidai.fang.com/
Logger:2020-03-16 15:24:41.513752 https://pulusixiaozhen.fang.com/
Logger:2020-03-16 15:24:41.950107 https://mingyuguangchang0431.fang.com/
Logger:2020-03-16 15:24:42.250306 https://tianmaohu.fang.com/
Logger:2020-03-16 15:24:42.760919 https://fengdanjiulixl.fang.com/
Logger:2020-03-16 15:24:46.687812 https://changchun.newhouse.fang.com/house/s/b97/
Logger:2020-03-16 15:24:47.528649 https://guiguyihaoshuxiangyixz.fang.com/
Logger:2020-03-16 15:24:49.633322 https://zhongshunnanyuan.fang.com/
Logger:2020-03-16 15:24:50.033226 https://xinxingyuherun.fang.com/
Logger:2020-03-16 15:24:50.537874 https://yuhutianchengzh.fang.com/
Logger:2020-03-16 15:24:50.968111 https://chuangyichengxp.fang.com/
Logger:2020-03-16 15:24:53.182283 https://changchunyuanzidzzy.fang.com/
Logger:2020-03-16 15:24:53.568785 https://guojinzhongxin0431.fang.com/
Logger:2020-03-16 15:24:54.042479 https://xingtaidongjuntianzhu.fang.com/
Logger:2020-03-16 15:24:54.392516 https://nanhubieshugx0431.fang.com/
Logger:2020-03-16 15:24:54.788042 https://hongtairuijing.fang.com/
Logger:2020-03-16 15:24:55.275505 https://longtengjingyueli.fang.com/
Logger:2020-03-16 15:24:59.287476 https://guojishangwuguangchangnrd.fang.com/
Logger:2020-03-16 15:24:59.772394 https://wanhaodongfang.fang.com/
Logger:2020-03-16 15:25:02.195176 https://guoxinshanhefu.fang.com/
Logger:2020-03-16 15:25:02.593111 https://yushuizhuangyuanhd.fang.com/
Logger:2020-03-16 15:25:03.034968 https://zhongtiecheng0431.fang.com/
Logger:2020-03-16 15:25:03.661224 https://jinyuhuafu0431.fang.com/
Logger:2020-03-16 15:25:14.666565 https://wanlongyinhechengxiqu.fang.com/
Logger:2020-03-16 15:25:15.033545 https://zhonghaiyuelushan.fang.com/
Logger:2020-03-16 15:25:15.477954 https://hengdajiangwan0431.fang.com/
Logger:2020-03-16 15:25:20.850516 https://changchun.newhouse.fang.com/house/s/b98/
Logger:2020-03-16 15:25:21.852492 https://jingyuegongguanhd.fang.com/
Logger:2020-03-16 15:25:22.337629 https://huadacheng.fang.com/
Logger:2020-03-16 15:25:22.936772 https://molipark.fang.com/
Logger:2020-03-16 15:25:23.304760 https://lvdicheng0431.fang.com/
Logger:2020-03-16 15:25:23.906743 https://hongdahuicheng.fang.com/
Logger:2020-03-16 15:25:24.318601 https://shiwuchengwl.fang.com/
Logger:2020-03-16 15:25:24.857683 https://jinxiangbinbl0431.fang.com/
Logger:2020-03-16 15:25:25.307516 https://zhongtieyihu2.fang.com/
Logger:2020-03-16 15:25:25.702015 https://baicuiyuanwk0431.fang.com/
Logger:2020-03-16 15:25:26.202304 https://lanhaigongguanyt.fang.com/
Logger:2020-03-16 15:25:26.653096 https://yuerongwandzzy.fang.com/
Logger:2020-03-16 15:25:27.293079 https://nanxihongzhu.fang.com/
Logger:2020-03-16 15:25:31.641707 https://hengdabeihuyinxiang.fang.com/
Logger:2020-03-16 15:25:32.140402 https://wuyueguangchangbh.fang.com/
Logger:2020-03-16 15:25:32.576207 https://xiwanghuiwk.fang.com/
Logger:2020-03-16 15:25:32.990713 https://fudijingyueguoji.fang.com/
Logger:2020-03-16 15:25:33.367734 https://wanlongguojicheng.fang.com/3/
Logger:2020-03-16 15:25:41.015792 https://ziyuetaiyc.fang.com/
Logger:2020-03-16 15:25:41.450629 https://huarunzhongxin0431.fang.com/
Logger:2020-03-16 15:25:41.781472 https://weifengdongyu.fang.com/
Logger:2020-03-16 15:25:46.131148 https://changchun.newhouse.fang.com/house/s/b99/
Logger:2020-03-16 15:25:46.461844 https://zhonghaixiyue.fang.com/
Logger:2020-03-16 15:25:47.143728 https://xuefu1872zs0431.fang.com/
Logger:2020-03-16 15:25:47.541663 https://zhongyangshuld.fang.com/
Logger:2020-03-16 15:25:48.033768 https://banfuhuayuan.fang.com/
Logger:2020-03-16 15:25:48.410349 https://shanyuhuyt0431.fang.com/
Logger:2020-03-16 15:25:48.910985 https://shuangzerunheyuan.fang.com/
Logger:2020-03-16 15:25:49.277006 https://yucuiyuan0431.fang.com/
Logger:2020-03-16 15:25:49.741901 https://zhongyanggongguanld0431.fang.com/
Logger:2020-03-16 15:25:50.099652 https://jinduxiaozhen.fang.com/
Logger:2020-03-16 15:25:50.600196 https://zhongshunbishuiyuan.fang.com/
Logger:2020-03-16 15:25:50.925340 https://jinyulanwanwk0431.fang.com/
Logger:2020-03-16 15:25:51.271438 https://lingyunfuhrzd.fang.com/
Logger:2020-03-16 15:25:51.687281 https://gaoxinhuiyuan.fang.com/
Logger:2020-03-16 15:25:52.106630 https://jindianmingcheng0431.fang.com/
Logger:2020-03-16 15:25:52.492620 https://xingfumeijun.fang.com/
Logger:2020-03-16 15:25:52.966684 https://yucuiwan.fang.com/
Logger:2020-03-16 15:25:53.427893 https://changchunxinchengwk.fang.com/
Logger:2020-03-16 15:25:53.777000 https://yufuxxy.fang.com/
Logger:2020-03-16 15:25:54.192841 https://kaiyungongguanda.fang.com/
Logger:2020-03-16 15:25:54.698508 https://fulangminggelw.fang.com/3/
Logger:2020-03-16 15:25:58.844174 https://changchun.newhouse.fang.com/house/s/b910/
Logger:2020-03-16 15:25:59.186330 https://tiananhaoyuan0431.fang.com/
Logger:2020-03-16 15:25:59.662613 https://zhenyuandzzy.fang.com/
Logger:2020-03-16 15:26:00.107470 https://liuheyifang.fang.com/
Logger:2020-03-16 15:26:00.584674 https://jinzejinchengyc.fang.com/
Logger:2020-03-16 15:26:01.030482 https://dhzhonghaijingyuehuating.fang.com/
Logger:2020-03-16 15:26:01.450370 https://tiananhuafu.fang.com/
Logger:2020-03-16 15:26:01.803035 https://yinluxinjie.fang.com/
Logger:2020-03-16 15:26:02.220016 https://yangguangguigu0431.fang.com/
Logger:2020-03-16 15:26:02.735607 https://heshunli0431.fang.com/
Logger:2020-03-16 15:26:03.097640 https://zhongmaotiandi.fang.com/
Logger:2020-03-16 15:26:03.466599 https://gaoxinyuefu.fang.com/
Logger:2020-03-16 15:26:03.944724 https://191559.fang.com/
Logger:2020-03-16 15:26:04.267867 https://dhzhongyanggongguan.fang.com/
Logger:2020-03-16 15:26:04.581021 https://wenhuagongguanwd.fang.com/
Logger:2020-03-16 15:26:05.085221 https://kunlanqyf.fang.com/
Logger:2020-03-16 15:26:05.539566 https://lanbohulx.fang.com/
Logger:2020-03-16 15:26:06.062897 https://cuihuchunxiaowk.fang.com/
Logger:2020-03-16 15:26:06.429915 https://yunhufudi.fang.com/
Logger:2020-03-16 15:26:06.888790 https://zhonghaixiangshuyuan.fang.com/
Logger:2020-03-16 15:26:07.219549 https://beihuwanzy.fang.com/
Logger:2020-03-16 15:26:11.535395 https://changchun.newhouse.fang.com/house/s/b911/
Logger:2020-03-16 15:26:13.591273 https://tianchengzhuangyuan.fang.com/
Logger:2020-03-16 15:26:18.663379 https://jinbiyuanjw.fang.com/
Logger:2020-03-16 15:26:19.385968 https://xinlongyipinhuacheng.fang.com/
Logger:2020-03-16 15:26:19.740009 https://yataihuafu0431.fang.com/
Logger:2020-03-16 15:26:20.305774 https://jingyuegongguanhh.fang.com/
Logger:2020-03-16 15:26:20.709229 https://hengjuyihao.fang.com/
Logger:2020-03-16 15:26:21.045308 https://kuanchengyihao.fang.com/
Logger:2020-03-16 15:26:21.425282 https://xuefushangcheng0431.fang.com/
Logger:2020-03-16 15:26:21.816229 https://guotaiyunlu.fang.com/
Logger:2020-03-16 15:26:25.515767 https://qinghuayuanws.fang.com/
Logger:2020-03-16 15:26:25.882530 https://changdianjingyuesoho.fang.com/
Logger:2020-03-16 15:26:26.179534 https://luansegangwan.fang.com/
Logger:2020-03-16 15:26:26.553928 https://baohuishipincheng.fang.com/
Logger:2020-03-16 15:26:26.852160 https://jyhtzh.fang.com/
Logger:2020-03-16 15:26:30.729486 https://dhzhonghedichan.fang.com/
Logger:2020-03-16 15:26:31.114493 https://liwangrongxi.fang.com/
Logger:2020-03-16 15:26:31.490138 https://zhidigongguanhr.fang.com/
Logger:2020-03-16 15:26:31.878406 https://huashengjingyueyihao.fang.com/
Logger:2020-03-16 15:26:33.250371 https://xingfuchengxh.fang.com/
Logger:2020-03-16 15:26:34.754679 https://ruibangchengshiguangchang.fang.com/
Logger:2020-03-16 15:26:39.718764 https://changchun.newhouse.fang.com/house/s/b912/
Logger:2020-03-16 15:26:40.028980 https://xinyangguangws.fang.com/
Logger:2020-03-16 15:26:40.364050 https://hairongguangchanggx.fang.com/
Logger:2020-03-16 15:26:40.733049 https://shenlanguojith.fang.com/
Logger:2020-03-16 15:26:41.157914 https://dhjinxiushijia.fang.com/
Logger:2020-03-16 15:26:41.457177 https://jinrongguangchangmy.fang.com/
Logger:2020-03-16 15:26:45.332529 https://zhongzhengyuhuating.fang.com/
Logger:2020-03-16 15:26:45.699236 https://yihaoyuancc.fang.com/
Logger:2020-03-16 15:26:46.153024 https://saiweiliyaxiaozhenxd.fang.com/
Logger:2020-03-16 15:26:47.545802 https://qingnianlujiuhaozf.fang.com/
Logger:2020-03-16 15:26:47.985350 https://xindapuluowangsi.fang.com/
Logger:2020-03-16 15:26:48.352399 https://junlinyuetang.fang.com/
Logger:2020-03-16 15:26:48.785210 https://gnxzyy.fang.com/
Logger:2020-03-16 15:26:49.132013 https://ziyuetaict.fang.com/
Logger:2020-03-16 15:26:50.852939 https://jinfengyushuiguoji.fang.com/
Logger:2020-03-16 15:26:51.290358 https://haitangwande2.fang.com/
Logger:2020-03-16 15:26:51.649733 https://naxuanzeguiguyihao.fang.com/
Logger:2020-03-16 15:26:52.007787 https://sijizhongyanghb.fang.com/
Logger:2020-03-16 15:26:52.368821 https://dongshilixiangchengsd.fang.com/
Logger:2020-03-16 15:26:52.824653 https://zhihuiyunguxinlihuadu.fang.com/
Logger:2020-03-16 15:26:53.290402 https://manhadunzhongxinfdl.fang.com/
Logger:2020-03-16 15:26:57.512300 https://changchun.newhouse.fang.com/house/s/b913/
Logger:2020-03-16 15:26:57.868351 https://zhuangyuanfuhf.fang.com/
Logger:2020-03-16 15:26:58.241233 https://bkjccbhkjycy.fang.com/3/
Logger:2020-03-16 15:26:58.537337 https://nanyufengjinggs.fang.com/
Logger:2020-03-16 15:26:58.903955 https://shangdudongmanxiaozhen.fang.com/
Logger:2020-03-16 15:26:59.273375 https://xinxingyuzhibinjiangshoufu.fang.com/
Logger:2020-03-16 15:26:59.780056 https://zhongyihefu.fang.com/
Logger:2020-03-16 15:27:00.122273 https://huanyaguoji.fang.com/
Logger:2020-03-16 15:27:00.443022 https://dhlongfengxiangcheng.fang.com/
Logger:2020-03-16 15:27:00.767220 https://nanhuyuanjian.fang.com/
Logger:2020-03-16 15:27:01.143148 https://junlindongfang.fang.com/
Logger:2020-03-16 15:27:01.430380 https://rihuihuizhanguoji.fang.com/
Logger:2020-03-16 15:27:01.730596 https://dhyipinhongcheng.fang.com/
Logger:2020-03-16 15:27:02.319092 https://changchunwuyueguangchang.fang.com/
Logger:2020-03-16 15:27:02.706056 https://yuanshanbieyuan2.fang.com/
Logger:2020-03-16 15:27:03.522850 https://dhyitianwasaxiaozhen.fang.com/
Logger:2020-03-16 15:27:03.831060 https://zhongmaotiandi.fang.com/office/
Logger:2020-03-16 15:27:04.129845 https://dazhouguoji.fang.com/
Logger:2020-03-16 15:27:04.418045 https://dhyitianfenglu.fang.com/
Logger:2020-03-16 15:27:04.795103 https://yishengxiyuehongfu.fang.com/
Logger:2020-03-16 15:27:05.103866 https://shuiqingmuhuahd.fang.com/
Logger:2020-03-16 15:27:09.033788 https://changchun.newhouse.fang.com/house/s/b914/
Logger:2020-03-16 15:27:09.368876 https://nalongdalijingshijicheng.fang.com/
Logger:2020-03-16 15:27:09.756666 https://dhjichengfuyuan.fang.com/
Logger:2020-03-16 15:27:12.010021 https://nashidaizhuangyuan.fang.com/
Logger:2020-03-16 15:27:12.443826 https://dhjinxiufuyuan.fang.com/
Logger:2020-03-16 15:27:12.740034 https://gouwuguangchangshangyeyd.fang.com/
Logger:2020-03-16 15:27:13.035871 https://namingjiashidaizhuangyuan.fang.com/
Logger:2020-03-16 15:27:13.442632 https://chengjiandasha0431.fang.com/
Logger:2020-03-16 15:27:13.743840 https://dhduoenhaitangwan.fang.com/
Logger:2020-03-16 15:27:14.067006 https://baohelongshanggongyuan.fang.com/
Logger:2020-03-16 15:27:14.379141 https://dhrenxingdasha.fang.com/
Logger:2020-03-16 15:27:16.376200 https://nafuxiangjiayuan.fang.com/
Logger:2020-03-16 15:27:16.656045 https://zhongguoluhushengtaicheng.fang.com/
Logger:2020-03-16 15:27:18.296014 https://liwanglinxihu.fang.com/
Logger:2020-03-16 15:27:18.648519 https://nanshanhanlinfugx.fang.com/
Logger:2020-03-16 15:27:19.129241 https://qianyucheng.fang.com/
Logger:2020-03-16 15:27:21.566955 https://sijihuayuanhh.fang.com/
Logger:2020-03-16 15:27:21.957910 https://beiyangxindi.fang.com/
Logger:2020-03-16 15:27:22.310964 https://191563.fang.com/
Logger:2020-03-16 15:27:22.692264 https://aishangbeihu.fang.com/
Logger:2020-03-16 15:27:23.274907 https://80gongguanzj.fang.com/
Logger:2020-03-16 15:27:27.267126 https://changchun.newhouse.fang.com/house/s/b915/
Logger:2020-03-16 15:27:27.588310 https://jintinggongguan.fang.com/
Logger:2020-03-16 15:27:29.934794 https://mingshiyuefu.fang.com/
Logger:2020-03-16 15:27:31.734633 https://191585.fang.com/
Logger:2020-03-16 15:27:32.142540 https://191599.fang.com/
Logger:2020-03-16 15:27:32.508292 https://qingyifangyunlang.fang.com/
Logger:2020-03-16 15:27:32.916755 https://naxinxingyuheyun.fang.com/
Logger:2020-03-16 15:27:33.291732 https://yitianfenglu.fang.com/
Logger:2020-03-16 15:27:33.655269 https://dhjinyuhuafu.fang.com/
Logger:2020-03-16 15:27:34.022347 https://jinyufudi0435.fang.com/
Logger:2020-03-16 15:27:34.434185 https://jingyuefenghui.fang.com/
Logger:2020-03-16 15:27:34.731170 https://zhihuijie.fang.com/
Logger:2020-03-16 15:27:35.051542 https://191565.fang.com/
Logger:2020-03-16 15:27:35.389663 https://changchunweilaicheng.fang.com/
Logger:2020-03-16 15:27:35.768625 https://najiaheyajushangwuyuan.fang.com/
Logger:2020-03-16 15:27:36.087427 https://dhxuefujiayuan.fang.com/
Logger:2020-03-16 15:27:37.403116 https://nabaoliqiangwei.fang.com/
Logger:2020-03-16 15:27:37.730281 https://nahongshengtaorengongyu.fang.com/
Logger:2020-03-16 15:27:38.312266 https://yawenyangguangcheng.fang.com/
Logger:2020-03-16 15:27:38.680286 https://naxingwangxianggemeidi.fang.com/
Logger:2020-03-16 15:27:43.503691 https://nawenlongjiayuan.fang.com/
Logger:2020-03-16 15:27:47.732842 https://changchun.newhouse.fang.com/house/s/b916/
Logger:2020-03-16 15:27:48.260430 https://zhubangwanshengguangchang.fang.com/
Logger:2020-03-16 15:27:50.389229 https://nahongshengyuhailongwan.fang.com/
Logger:2020-03-16 15:27:50.746792 https://qingbeijinyuguandi.fang.com/
Logger:2020-03-16 15:27:52.093577 https://luchengmilangongguan.fang.com/
Logger:2020-03-16 15:27:53.897449 https://dhlingshigongguan.fang.com/
Logger:2020-03-16 15:27:57.480408 https://dhyuanshanbieyuan.fang.com/
Logger:2020-03-16 15:27:57.846422 https://najinyuchuncheng.fang.com/
Logger:2020-03-16 15:27:58.342480 https://jiudingtaihe.fang.com/
Logger:2020-03-16 15:28:05.199353 https://namingjiashidaiguangchang.fang.com/
Logger:2020-03-16 15:28:06.500927 https://nalongtaijiajun.fang.com/
Logger:2020-03-16 15:28:07.405103 https://dhshengshijincheng.fang.com/
Logger:2020-03-16 15:28:07.678394 https://naguanmawenquanguojijinglaoshengtaicheng.fang.com/
Logger:2020-03-16 15:28:08.075292 https://nakexinju.fang.com/
Logger:2020-03-16 15:28:10.440266 https://nalongdedijing.fang.com/
Logger:2020-03-16 15:28:10.839531 https://naguosongxiaozhen.fang.com/
Logger:2020-03-16 15:28:11.150778 https://changbaishanguojicaifuzhongxin.fang.com/
Logger:2020-03-16 15:28:12.942919 https://wanlongjingtang.fang.com/
Logger:2020-03-16 15:28:13.341366 https://chengshizhiguangwk0431.fang.com/
Logger:2020-03-16 15:28:13.812106 https://jingyanggongguanzh.fang.com/
Logger:2020-03-16 15:28:14.334976 https://huanyutianxiazh0431.fang.com/
Logger:2020-03-16 15:28:19.171330 https://changchun.newhouse.fang.com/house/s/b917/
Logger:2020-03-16 15:28:19.521049 https://hengdacheng0431.fang.com/
Logger:2020-03-16 15:28:19.886112 https://shenshuiwanjy.fang.com/
Logger:2020-03-16 15:28:20.357848 https://dayuhuabang.fang.com/
Logger:2020-03-16 15:28:20.751795 https://fanrongliwk.fang.com/
Logger:2020-03-16 15:28:21.093945 https://jindishoufuzk.fang.com/
Logger:2020-03-16 15:28:21.460307 https://dayuaocheng.fang.com/
Logger:2020-03-16 15:28:21.870683 https://shoudishoucheng.fang.com/
Logger:2020-03-16 15:28:22.302563 https://milanguoji0431.fang.com/
Logger:2020-03-16 15:28:22.681407 https://taibeimingzhuwl.fang.com/
Logger:2020-03-16 15:28:23.136510 https://shangchengyajuyg.fang.com/
Logger:2020-03-16 15:28:23.500536 https://nanhushoufudy.fang.com/
Logger:2020-03-16 15:28:23.841623 https://tanxijunhd0431.fang.com/
Logger:2020-03-16 15:28:26.904240 https://dongxingwangfu.fang.com/
Logger:2020-03-16 15:28:27.381106 https://yinglunxiaozhen.fang.com/
Logger:2020-03-16 15:28:28.040826 https://changchunluminggu.fang.com/
Logger:2020-03-16 15:28:28.472639 https://yushuiwanws.fang.com/
Logger:2020-03-16 15:28:28.856772 https://zhongyelancheng.fang.com/
Logger:2020-03-16 15:28:29.336485 https://wankehuisilexiaozhen.fang.com/
Logger:2020-03-16 15:28:29.659145 https://yuyuanxiangzantf.fang.com/
Logger:2020-03-16 15:28:30.022204 https://mingyuegongguanhy.fang.com/
Logger:2020-03-16 15:28:33.868207 https://changchun.newhouse.fang.com/house/s/b918/
Logger:2020-03-16 15:28:34.150995 https://rongfadongjun.fang.com/
Logger:2020-03-16 15:28:34.549889 https://sijijingdianhb.fang.com/
Logger:2020-03-16 15:28:34.934860 https://yddbygjszsc.fang.com/
Logger:2020-03-16 15:28:38.540126 https://changchun.newhouse.fang.com/house/s/b919/
Logger:2020-03-16 15:28:42.203784 https://changchun.newhouse.fang.com/house/s/b920/
Logger:2020-03-16 15:28:45.906147 https://changchun.newhouse.fang.com/house/s/b921/
