Logger:2020-03-16 10:11:33.908843 https://changge.newhouse.fang.com/house/s/b91/
Logger:2020-03-16 10:11:34.177027 https://xinchengjinyuefu0374.fang.com/
Logger:2020-03-16 10:11:34.516376 https://0374hjlvbh.fang.com/
Logger:2020-03-16 10:11:37.571134 https://jianyechuntianli0374.fang.com/
Logger:2020-03-16 10:11:37.864370 https://changgeshanfeng.fang.com/
Logger:2020-03-16 10:11:38.462146 https://cghdygc.fang.com/
Logger:2020-03-16 10:11:39.064344 https://jianyeguiyuanxinyuan.fang.com/
Logger:2020-03-16 10:11:39.438993 https://taihongfu.fang.com/
Logger:2020-03-16 10:11:39.713318 https://jianyechuntianlixinyuan.fang.com/
Logger:2020-03-16 10:11:40.034401 https://cgsymj.fang.com/
Logger:2020-03-16 10:11:40.307261 https://cgxsls.fang.com/
Logger:2020-03-16 10:11:40.608806 https://cgbhtp.fang.com/
Logger:2020-03-16 10:11:40.891364 https://cgshzyhy.fang.com/
Logger:2020-03-16 10:11:41.237526 https://cgjxmcyq.fang.com/
Logger:2020-03-16 10:11:41.535484 https://cgdfmz.fang.com/
Logger:2020-03-16 10:11:47.436972 https://zhonglianggetianfu.fang.com/
Logger:2020-03-16 10:11:52.056419 https://hengdajunyufu.fang.com/
Logger:2020-03-16 10:11:52.461881 https://cgrjxc.fang.com/
Logger:2020-03-16 10:11:52.857512 https://fenghuyihao.fang.com/
Logger:2020-03-16 10:11:53.169860 https://jiameiyuyuan.fang.com/
Logger:2020-03-16 10:11:53.497507 https://cghjydgg.fang.com/
Logger:2020-03-16 10:11:58.480126 https://changge.newhouse.fang.com/house/s/b92/
Logger:2020-03-16 10:11:58.754533 https://cgmeibo.fang.com/
Logger:2020-03-16 10:11:59.005697 https://biguiyuanfenghuangcheng0374.fang.com/
Logger:2020-03-16 10:11:59.286881 https://zhengnankongquecheng.fang.com/
Logger:2020-03-16 10:11:59.578203 https://senzhiyuanshengtaicheng.fang.com/
Logger:2020-03-16 10:11:59.916049 https://yulonghuacheng.fang.com/
Logger:2020-03-16 10:12:00.537499 https://zhongyuanfuxiyuan.fang.com/
Logger:2020-03-16 10:12:00.823457 https://cgsmqh.fang.com/
Logger:2020-03-16 10:12:01.201321 https://tianyuanmuge0374.fang.com/
Logger:2020-03-16 10:12:01.482504 https://cgwlzhc.fang.com/
Logger:2020-03-16 10:12:01.790832 https://hongjixingfuli.fang.com/
Logger:2020-03-16 10:12:02.090580 https://cgdcfcc.fang.com/
Logger:2020-03-16 10:12:02.416158 https://cgyxjn.fang.com/
Logger:2020-03-16 10:12:02.700688 https://cgdfmc.fang.com/
Logger:2020-03-16 10:12:02.975080 https://jinrunshuxianghuacheng.fang.com/
Logger:2020-03-16 10:12:03.552867 https://cgshjh.fang.com/
Logger:2020-03-16 10:12:04.064321 https://geyunhuating.fang.com/
Logger:2020-03-16 10:12:04.350946 https://cgzhongchuang.fang.com/
Logger:2020-03-16 10:12:08.005353 https://changge.newhouse.fang.com/house/s/b93/
Logger:2020-03-16 10:12:11.580307 https://changge.newhouse.fang.com/house/s/b94/
Logger:2020-03-16 10:12:15.185263 https://changge.newhouse.fang.com/house/s/b95/
