Logger:2020-03-16 00:57:24.556801 https://chaozhou.newhouse.fang.com/house/s/b91/
Logger:2020-03-16 00:57:27.997376 https://hengdachengcz0768.fang.com/
Logger:2020-03-16 00:57:30.799045 https://hongtianguangchangxh.fang.com/
Logger:2020-03-16 00:57:31.126639 https://xingyehuayuan0768.fang.com/
Logger:2020-03-16 00:57:31.423489 https://jinyulanan.fang.com/
Logger:2020-03-16 00:57:31.642142 https://biguiyuan0768.fang.com/
Logger:2020-03-16 00:57:31.923691 https://shijicheng0768.fang.com/
Logger:2020-03-16 00:57:32.142024 https://hengdamingdu0768.fang.com/
Logger:2020-03-16 00:57:33.000664 https://chongdeju.fang.com/
Logger:2020-03-16 00:57:33.579326 https://huifumingyuan0768.fang.com/
Logger:2020-03-16 00:57:33.813446 https://xintaoju.fang.com/
Logger:2020-03-16 00:57:37.380491 https://haiboxitai.fang.com/
Logger:2020-03-16 00:57:37.692998 https://zhaohuihuafu.fang.com/
Logger:2020-03-16 00:57:37.927920 https://hexiegangwan0768.fang.com/
Logger:2020-03-16 00:57:38.209151 https://hdssc0768.fang.com/
Logger:2020-03-16 00:57:38.442739 https://hyyhsjy.fang.com/
Logger:2020-03-16 00:57:38.770786 https://lanyuewan0768.fang.com/
Logger:2020-03-16 00:57:39.020727 https://donghuijiayuan0768.fang.com/
Logger:2020-03-16 00:57:40.884697 https://smx0768.fang.com/
Logger:2020-03-16 00:57:41.150415 https://cabiguiyuan.fang.com/
Logger:2020-03-16 00:57:41.443396 https://haiboyipin.fang.com/
Logger:2020-03-16 00:57:44.677985 https://chaozhou.newhouse.fang.com/house/s/b92/
Logger:2020-03-16 00:57:47.365172 https://jinjiayuan.fang.com/
Logger:2020-03-16 00:57:47.661612 https://caifuzhongxin0768.fang.com/
Logger:2020-03-16 00:57:49.130015 https://xingyejiayuan0768.fang.com/
Logger:2020-03-16 00:57:52.209748 https://zhihuidasha0768.fang.com/
Logger:2020-03-16 00:57:52.444141 https://bgyhdf.fang.com/
Logger:2020-03-16 00:57:52.652985 https://jinhuihuayuan0768.fang.com/
Logger:2020-03-16 00:57:55.508581 https://tryp0768.fang.com/
Logger:2020-03-16 00:57:55.789803 https://hongshuwan0768.fang.com/
Logger:2020-03-16 00:57:56.149057 https://yuhetiandi.fang.com/
Logger:2020-03-16 00:57:58.742244 https://fenghuangxincheng0768.fang.com/
Logger:2020-03-16 00:58:00.697086 https://xinjuyuan0768.fang.com/
Logger:2020-03-16 00:58:07.460675 https://huixianju0768.fang.com/
Logger:2020-03-16 00:58:07.726237 https://dianyahuating.fang.com/
Logger:2020-03-16 00:58:08.023799 https://hexieyazhu.fang.com/
Logger:2020-03-16 00:58:09.796603 https://hanhuimingting.fang.com/
Logger:2020-03-16 00:58:11.936703 https://czfenghuangguangchang.fang.com/
Logger:2020-03-16 00:58:13.654931 https://xinnanhuayuan0768.fang.com/
Logger:2020-03-16 00:58:13.920664 https://meidejiayuan.fang.com/
Logger:2020-03-16 00:58:16.584007 https://dfgjcd.fang.com/
Logger:2020-03-16 00:58:16.834534 https://hengdeguoji.fang.com/
Logger:2020-03-16 00:58:20.517983 https://chaozhou.newhouse.fang.com/house/s/b93/
Logger:2020-03-16 00:58:20.674179 https://jinbishangdu0768.fang.com/
Logger:2020-03-16 00:58:20.954927 https://hongdedasha0768.fang.com/
Logger:2020-03-16 00:58:21.205625 https://shidaidasha0768.fang.com/
Logger:2020-03-16 00:58:23.344988 https://youyicheng0768.fang.com/
Logger:2020-03-16 00:58:26.942289 https://chaozhou.newhouse.fang.com/house/s/b94/
Logger:2020-03-16 00:58:31.129304 https://chaozhou.newhouse.fang.com/house/s/b95/
Logger:2020-03-16 00:58:34.641803 https://chaozhou.newhouse.fang.com/house/s/b96/
