Logger:2020-03-16 16:16:40.014525 https://chaoyang.newhouse.fang.com/house/s/b91/
Logger:2020-03-16 16:16:40.482364 https://fenghuangxincheng0421.fang.com/2/
Logger:2020-03-16 16:16:40.978977 https://wutongyuan0421.fang.com/
Logger:2020-03-16 16:16:43.623134 https://zhongyanggongyuanjt0421.fang.com/
Logger:2020-03-16 16:16:44.138761 https://yujingyuanlhw.fang.com/
Logger:2020-03-16 16:16:44.622468 https://shijicheng0421.fang.com/
Logger:2020-03-16 16:16:45.120952 https://tmsdgc.fang.com/
Logger:2020-03-16 16:16:45.594339 https://chaoyangwanguomatou.fang.com/
Logger:2020-03-16 16:16:46.056146 https://longtaihaofu0421.fang.com/
Logger:2020-03-16 16:16:46.443039 https://yangducheng.fang.com/
Logger:2020-03-16 16:16:46.844859 https://zhongmaofudi.fang.com/
Logger:2020-03-16 16:16:47.261744 https://fenghuangxincheng0421.fang.com/1/
Logger:2020-03-16 16:16:47.797381 https://yipinlanwanhh.fang.com/
Logger:2020-03-16 16:16:48.207126 https://qingfengzhuge.fang.com/
Logger:2020-03-16 16:16:48.642571 https://yipinrenjiajt.fang.com/
Logger:2020-03-16 16:16:49.096398 https://hhjylt.fang.com/
Logger:2020-03-16 16:16:51.328527 https://lijiangchengxy.fang.com/
Logger:2020-03-16 16:16:51.854865 https://xinliucheng.fang.com/
Logger:2020-03-16 16:16:52.299684 https://yalanwan0421.fang.com/
Logger:2020-03-16 16:16:52.795347 https://yongligangchang.fang.com/
Logger:2020-03-16 16:16:53.383349 https://huangjiagongguan0421.fang.com/
Logger:2020-03-16 16:16:57.677524 https://chaoyang.newhouse.fang.com/house/s/b92/
Logger:2020-03-16 16:16:58.100393 https://jintaichuntian.fang.com/
Logger:2020-03-16 16:16:58.500482 https://pcylyx.fang.com/
Logger:2020-03-16 16:16:59.055233 https://nanshanxinyuan0421.fang.com/
Logger:2020-03-16 16:16:59.623670 https://dkjtyj.fang.com/
Logger:2020-03-16 16:17:02.704307 https://ouyunlanwanjs.fang.com/
Logger:2020-03-16 16:17:05.156065 https://shezhaixincheng.fang.com/2/
Logger:2020-03-16 16:17:05.585874 https://jiumeijiayuan.fang.com/
Logger:2020-03-16 16:17:05.974808 https://longchigudao.fang.com/
Logger:2020-03-16 16:17:06.470568 https://zljdhf.fang.com/
Logger:2020-03-16 16:17:06.938351 https://wantongjiayuan0421.fang.com/
Logger:2020-03-16 16:17:07.366680 https://ysmwqxz.fang.com/
Logger:2020-03-16 16:17:07.765612 https://lanshanguandixh.fang.com/
Logger:2020-03-16 16:17:08.215595 https://buduidayuan.fang.com/
Logger:2020-03-16 16:17:08.626496 https://lvchengguoji0421.fang.com/
Logger:2020-03-16 16:17:09.057370 https://wxhfsq.fang.com/
Logger:2020-03-16 16:17:09.457944 https://lidushuian0421.fang.com/
Logger:2020-03-16 16:17:11.939793 https://jhhyer0421.fang.com/
Logger:2020-03-16 16:17:12.299832 https://shangpinxinglong.fang.com/
Logger:2020-03-16 16:17:12.697282 https://lizhouguoji.fang.com/
Logger:2020-03-16 16:17:16.612507 https://xingfuli0421.fang.com/
Logger:2020-03-16 16:17:21.020540 https://chaoyang.newhouse.fang.com/house/s/b93/
Logger:2020-03-16 16:17:23.256287 https://yipinyuan0421.fang.com/
Logger:2020-03-16 16:17:23.607941 https://nanhujiayuan0421.fang.com/
Logger:2020-03-16 16:17:23.994944 https://shuangyuanjiayuan.fang.com/
Logger:2020-03-16 16:17:24.363954 https://xinshenghuayuan0421.fang.com/
Logger:2020-03-16 16:17:27.052912 https://panglongfuyi.fang.com/
Logger:2020-03-16 16:17:27.394997 https://zhongyanggongyuanxy.fang.com/
Logger:2020-03-16 16:17:29.200929 https://zhulinjiayuanyc.fang.com/
Logger:2020-03-16 16:17:32.599509 https://lianfuzhuangyuan.fang.com/
Logger:2020-03-16 16:17:32.980490 https://baodehuayuan.fang.com/
Logger:2020-03-16 16:17:33.349503 https://jufuyuan0421.fang.com/
Logger:2020-03-16 16:17:33.743454 https://yinlingguoji0421.fang.com/
Logger:2020-03-16 16:17:34.084937 https://longxuanjindi.fang.com/
Logger:2020-03-16 16:17:34.417107 https://changjianghuayuanpb.fang.com/
Logger:2020-03-16 16:17:42.020655 https://xiangjiangjiayuan0421.fang.com/
Logger:2020-03-16 16:17:42.405779 https://junhucheng.fang.com/
Logger:2020-03-16 16:17:42.748353 https://lxcygjqpc.fang.com/
Logger:2020-03-16 16:17:43.105739 https://jindinglongwan.fang.com/2/
Logger:2020-03-16 16:17:43.460760 https://shuiangongguan0421.fang.com/
Logger:2020-03-16 16:17:43.872686 https://ydfly.fang.com/
Logger:2020-03-16 16:17:44.230229 https://shuxinjiayuan0421.fang.com/
Logger:2020-03-16 16:17:48.325450 https://chaoyang.newhouse.fang.com/house/s/b94/
Logger:2020-03-16 16:17:51.530604 https://amlgjhy.fang.com/
Logger:2020-03-16 16:17:53.580339 https://fenghuangjun.fang.com/
Logger:2020-03-16 16:17:54.052047 https://hengfujiayuan.fang.com/
Logger:2020-03-16 16:17:54.718264 https://bwjybq.fang.com/
Logger:2020-03-16 16:17:55.141529 https://tianjiaocheng.fang.com/
Logger:2020-03-16 16:17:55.529913 https://hanguocheng0421.fang.com/
Logger:2020-03-16 16:17:56.258962 https://linghewan.fang.com/
Logger:2020-03-16 16:17:56.682847 https://xiangmeiwanyx.fang.com/
Logger:2020-03-16 16:17:57.064819 https://hongshanyuefu.fang.com/
Logger:2020-03-16 16:17:57.431374 https://shuianhuacheng0421.fang.com/
Logger:2020-03-16 16:17:57.885145 https://shenganshoufu.fang.com/
Logger:2020-03-16 16:18:01.088218 https://bowangjiayuan0421.fang.com/
Logger:2020-03-16 16:18:05.156315 https://dingxinggongyu0421.fang.com/
Logger:2020-03-16 16:18:10.839615 https://fujiatiancheng.fang.com/
Logger:2020-03-16 16:18:11.378202 https://yushuienglai0421.fang.com/3/
Logger:2020-03-16 16:18:15.472328 https://fenghuangcheng0421.fang.com/
Logger:2020-03-16 16:18:15.776552 https://kzcfly.fang.com/
Logger:2020-03-16 16:18:16.097656 https://xchfeq.fang.com/
Logger:2020-03-16 16:18:19.580687 https://bayijiayuan.fang.com/
Logger:2020-03-16 16:18:20.184119 https://wenxianghaofu.fang.com/
Logger:2020-03-16 16:18:23.510699 https://chaoyang.newhouse.fang.com/house/s/b95/
Logger:2020-03-16 16:18:23.867288 https://yihaojincheng.fang.com/
Logger:2020-03-16 16:18:24.254813 https://wxhfeq.fang.com/
Logger:2020-03-16 16:18:24.608834 https://xingfujiayuanjh.fang.com/
Logger:2020-03-16 16:18:24.991880 https://yipincheng0421.fang.com/2/
Logger:2020-03-16 16:18:27.116225 https://hupanyaju0421.fang.com/
Logger:2020-03-16 16:18:27.511173 https://wangfuhuayuan0421.fang.com/
Logger:2020-03-16 16:18:27.825334 https://baifengjinyu.fang.com/
Logger:2020-03-16 16:18:28.174361 https://balizhuangyuan0421.fang.com/
Logger:2020-03-16 16:18:31.101231 https://yandusoho.fang.com/
Logger:2020-03-16 16:18:31.498346 https://lingshiguangd.fang.com/
Logger:2020-03-16 16:18:31.876692 https://fengxiangyajun0421.fang.com/
Logger:2020-03-16 16:18:32.224760 https://hpsjeq.fang.com/
Logger:2020-03-16 16:18:35.484172 https://zidushuyuan.fang.com/
Logger:2020-03-16 16:18:35.977857 https://xinglongd7jie.fang.com/
Logger:2020-03-16 16:18:36.362791 https://taoyuanyaju0421.fang.com/
Logger:2020-03-16 16:18:36.949865 https://xinyijiayuan0421.fang.com/
Logger:2020-03-16 16:18:41.495686 https://xgllhyeq.fang.com/
Logger:2020-03-16 16:18:41.889633 https://longmairenjia.fang.com/
Logger:2020-03-16 16:18:42.215755 https://shanshuixinyuan.fang.com/
Logger:2020-03-16 16:18:44.741899 https://yushuidiwang.fang.com/
Logger:2020-03-16 16:18:48.914956 https://chaoyang.newhouse.fang.com/house/s/b96/
Logger:2020-03-16 16:18:49.298441 https://yannanhaoting.fang.com/
Logger:2020-03-16 16:18:49.717363 https://yangguangbian.fang.com/
Logger:2020-03-16 16:18:50.230947 https://zhujianghuafu.fang.com/
Logger:2020-03-16 16:18:50.775369 https://bpqpc.fang.com/
Logger:2020-03-16 16:18:52.926792 https://guomaodasha0421.fang.com/
Logger:2020-03-16 16:18:53.276814 https://linghejun.fang.com/
Logger:2020-03-16 16:18:53.575009 https://xichengjiayuancy.fang.com/
Logger:2020-03-16 16:18:54.701316 https://beijinggongyuan0421.fang.com/
Logger:2020-03-16 16:18:55.141141 https://wanshouxncun.fang.com/
Logger:2020-03-16 16:18:57.208815 https://jindinglongwan.fang.com/
Logger:2020-03-16 16:18:57.486075 https://baoyuanxincun0421.fang.com/
Logger:2020-03-16 16:18:57.790265 https://tongyuanhuafuns.fang.com/
Logger:2020-03-16 16:18:58.070514 https://jpdfyj.fang.com/
Logger:2020-03-16 16:18:58.703859 https://huadongyiyuan.fang.com/
Logger:2020-03-16 16:18:59.160598 https://xinchengmingfu.fang.com/
Logger:2020-03-16 16:18:59.445623 https://xinglongdajiating0421.fang.com/
Logger:2020-03-16 16:19:00.176554 https://shuianhuachengsa.fang.com/
Logger:2020-03-16 16:19:00.729075 https://qilingongguan0421.fang.com/
Logger:2020-03-16 16:19:01.011677 https://tianshengjiayuan.fang.com/
Logger:2020-03-16 16:19:09.360560 https://fenghuijiayuan0421.fang.com/
Logger:2020-03-16 16:19:13.162689 https://chaoyang.newhouse.fang.com/house/s/b97/
Logger:2020-03-16 16:19:13.507738 https://yipincheng0421.fang.com/
Logger:2020-03-16 16:19:17.256267 https://rongtianzunfu.fang.com/
Logger:2020-03-16 16:19:17.546530 https://meijingjiayuan0421.fang.com/
Logger:2020-03-16 16:19:18.028201 https://longchengjiayuan0421.fang.com/
Logger:2020-03-16 16:19:18.356483 https://wsgjcsgc.fang.com/
Logger:2020-03-16 16:19:20.189687 https://xingfucheng0421.fang.com/
Logger:2020-03-16 16:19:20.499968 https://xianggelilahuayuan0421.fang.com/
Logger:2020-03-16 16:19:23.713658 https://hepingshijia0421.fang.com/
Logger:2020-03-16 16:19:24.154500 https://biguiyuan0421.fang.com/
Logger:2020-03-16 16:19:24.487312 https://shengheguoji.fang.com/
Logger:2020-03-16 16:19:26.030829 https://haiyihuayuan0421.fang.com/
Logger:2020-03-16 16:19:26.320033 https://bolinjiayuan.fang.com/
Logger:2020-03-16 16:19:26.764750 https://wanhaogongguan.fang.com/
Logger:2020-03-16 16:19:29.047554 https://lingfengxinyuan.fang.com/
Logger:2020-03-16 16:19:30.606210 https://dongchenglijing0421.fang.com/
Logger:2020-03-16 16:19:32.905944 https://xinhaihuayuan0421.fang.com/
Logger:2020-03-16 16:19:33.269993 https://hongducheng.fang.com/
Logger:2020-03-16 16:19:33.632993 https://zhongyangcbd.fang.com/
Logger:2020-03-16 16:19:33.933297 https://whwbxy.fang.com/
Logger:2020-03-16 16:19:36.793855 https://tianjiaochenghd.fang.com/
Logger:2020-03-16 16:19:40.212207 https://chaoyang.newhouse.fang.com/house/s/b98/
Logger:2020-03-16 16:19:40.539369 https://jianweidayuan0421.fang.com/
Logger:2020-03-16 16:19:41.106346 https://zmsyc.fang.com/
Logger:2020-03-16 16:19:43.684795 https://hongshengyuan0421.fang.com/
Logger:2020-03-16 16:19:45.096024 https://chengyedasha0421.fang.com/
Logger:2020-03-16 16:19:46.649542 https://hexinjiayuan0421.fang.com/
Logger:2020-03-16 16:19:47.191649 https://lantinghui0421.fang.com/
Logger:2020-03-16 16:19:47.445166 https://shuangxinjiayuan0421.fang.com/
Logger:2020-03-16 16:19:49.565541 https://blgwgc.fang.com/
Logger:2020-03-16 16:19:51.690551 https://ronghejiayuan0421.fang.com/
Logger:2020-03-16 16:19:51.976787 https://meiguixinju.fang.com/
Logger:2020-03-16 16:19:52.228583 https://xinhejiayuan0421.fang.com/
Logger:2020-03-16 16:19:53.802341 https://yinhewanyh.fang.com/
Logger:2020-03-16 16:19:54.160231 https://jiruihaofu.fang.com/
Logger:2020-03-16 16:19:56.646057 https://zhonghaicheng0421.fang.com/
Logger:2020-03-16 16:19:58.436447 https://dcgjhy.fang.com/
Logger:2020-03-16 16:19:58.734649 https://bishuilongting0421.fang.com/
Logger:2020-03-16 16:19:59.073730 https://linghaihayuankd.fang.com/
Logger:2020-03-16 16:20:01.980779 https://lvdaohaoyuan.fang.com/
Logger:2020-03-16 16:20:02.283035 https://baoyuanxiaoqu0421.fang.com/
Logger:2020-03-16 16:20:06.412060 https://juxinjiayuan0421.fang.com/
Logger:2020-03-16 16:20:10.640034 https://chaoyang.newhouse.fang.com/house/s/b99/
Logger:2020-03-16 16:20:12.773600 https://fgngjsmc.fang.com/
Logger:2020-03-16 16:20:13.033903 https://lanhaizuoanxy.fang.com/
Logger:2020-03-16 16:20:13.429886 https://shengshiguangchang0421.fang.com/
Logger:2020-03-16 16:20:13.714088 https://yidahuayuantl.fang.com/
Logger:2020-03-16 16:20:14.078914 https://jiahexiaoqu0421.fang.com/
Logger:2020-03-16 16:20:14.381195 https://tyxtd.fang.com/
Logger:2020-03-16 16:20:14.787109 https://xsbnhy.fang.com/
Logger:2020-03-16 16:20:16.880686 https://xgllhyba.fang.com/
Logger:2020-03-16 16:20:19.798281 https://cywhgc.fang.com/
Logger:2020-03-16 16:20:21.078869 https://longshengyuanzx.fang.com/
Logger:2020-03-16 16:20:21.634791 https://huiheshangqu.fang.com/
Logger:2020-03-16 16:20:23.808877 https://jiahuamingyuan.fang.com/2/
Logger:2020-03-16 16:20:24.153298 https://ylfhc.fang.com/
Logger:2020-03-16 16:20:26.271815 https://xflngy.fang.com/
Logger:2020-03-16 16:20:26.569596 https://wanshangjindi.fang.com/
Logger:2020-03-16 16:20:26.823916 https://zijinzhuangyuan0421.fang.com/
Logger:2020-03-16 16:20:28.143894 https://yishunjiayuan0421.fang.com/
Logger:2020-03-16 16:20:28.423190 https://zhongzeguangc1959.fang.com/
Logger:2020-03-16 16:20:29.743621 https://bjczcaj.fang.com/
Logger:2020-03-16 16:20:31.017571 https://fuhuiyuansd.fang.com/
Logger:2020-03-16 16:20:36.856057 https://chaoyang.newhouse.fang.com/house/s/b910/
Logger:2020-03-16 16:20:38.173361 https://xuefushijia0421.fang.com/
Logger:2020-03-16 16:20:42.152310 https://jinjianghuayuan0421.fang.com/
Logger:2020-03-16 16:20:47.581382 https://zhongxingjiayuan0421.fang.com/
Logger:2020-03-16 16:20:47.901524 https://fulinjiayuanxt.fang.com/
Logger:2020-03-16 16:20:48.297468 https://shenglingongyu.fang.com/
Logger:2020-03-16 16:20:48.611293 https://gcsceq.fang.com/
Logger:2020-03-16 16:20:50.312021 https://shijiyangguang0421.fang.com/
Logger:2020-03-16 16:20:50.601215 https://yiheyuan0421.fang.com/
Logger:2020-03-16 16:20:52.463897 https://yixingjiayuantc.fang.com/
Logger:2020-03-16 16:20:54.042596 https://shunxinjiayuan0421.fang.com/
Logger:2020-03-16 16:20:55.741624 https://shengtaidasha0421.fang.com/
Logger:2020-03-16 16:20:56.057296 https://bjczxss.fang.com/
Logger:2020-03-16 16:20:57.892385 https://shidaijindu.fang.com/
Logger:2020-03-16 16:20:59.714758 https://fushuixinju.fang.com/
Logger:2020-03-16 16:21:00.050893 https://linghexiandaicheng.fang.com/
Logger:2020-03-16 16:21:00.426828 https://lingshuiwan.fang.com/
Logger:2020-03-16 16:21:00.748529 https://lingboshanzhuang.fang.com/
Logger:2020-03-16 16:21:01.135115 https://fulidasha0421.fang.com/
Logger:2020-03-16 16:21:04.996956 https://chaoyang.newhouse.fang.com/house/s/b911/
Logger:2020-03-16 16:21:08.729611 https://chaoyang.newhouse.fang.com/house/s/b912/
Logger:2020-03-16 16:21:12.585205 https://chaoyang.newhouse.fang.com/house/s/b913/
