Logger:2020-03-15 21:36:14.517699 https://chaohu.newhouse.fang.com/house/s/b91/
Logger:2020-03-15 21:36:14.770466 https://177802.fang.com/
Logger:2020-03-15 21:36:15.176912 https://177526.fang.com/
Logger:2020-03-15 21:36:15.554909 https://177566.fang.com/
Logger:2020-03-15 21:36:15.958821 https://177516.fang.com/
Logger:2020-03-15 21:36:16.275972 https://chaichaogjhy.fang.com/
Logger:2020-03-15 21:36:19.024965 https://yongjingwan.fang.com/
Logger:2020-03-15 21:36:19.379867 https://177466.fang.com/
Logger:2020-03-15 21:36:19.709786 https://177368.fang.com/
Logger:2020-03-15 21:36:20.123652 https://huabangshijia.fang.com/
Logger:2020-03-15 21:36:21.406570 https://175358.fang.com/
Logger:2020-03-15 21:36:21.707815 https://049798.fang.com/
Logger:2020-03-15 21:36:22.055827 https://177454.fang.com/
Logger:2020-03-15 21:36:22.432818 https://julongwanly.fang.com/
Logger:2020-03-15 21:36:24.429611 https://zijinhuafu0551.fang.com/
Logger:2020-03-15 21:36:24.734861 https://guangshengziyucheng.fang.com/
Logger:2020-03-15 21:36:25.121729 https://lijinghuating0551.fang.com/
Logger:2020-03-15 21:36:25.507367 https://177440.fang.com/
Logger:2020-03-15 21:36:25.863607 https://tianchaoguangchang.fang.com/
Logger:2020-03-15 21:36:26.174818 https://xinhuayufu.fang.com/
Logger:2020-03-15 21:36:26.634545 https://hupoxintiandi0551.fang.com/
Logger:2020-03-15 21:36:30.017462 https://chaohu.newhouse.fang.com/house/s/b92/
Logger:2020-03-15 21:36:30.289231 https://feicuiwanbgy0551.fang.com/
Logger:2020-03-15 21:36:31.189759 https://wanjinguojichaohu.fang.com/
Logger:2020-03-15 21:36:31.492443 https://chaohuguojixincheng.fang.com/
Logger:2020-03-15 21:36:33.237190 https://177558.fang.com/
Logger:2020-03-15 21:36:33.608196 https://175992.fang.com/
Logger:2020-03-15 21:36:34.839450 https://shidaiguangchangyc.fang.com/
Logger:2020-03-15 21:36:35.149883 https://baihelichenghs.fang.com/
Logger:2020-03-15 21:36:35.475013 https://chaohushenyebantangyuquanzhuang.fang.com/
Logger:2020-03-15 21:36:35.820096 https://175652.fang.com/
Logger:2020-03-15 21:36:37.855929 https://fengminghuayuantr.fang.com/
Logger:2020-03-15 21:36:38.208033 https://yuanzhougongguan.fang.com/
Logger:2020-03-15 21:36:38.522214 https://177556.fang.com/
Logger:2020-03-15 21:36:38.878224 https://177560.fang.com/
Logger:2020-03-15 21:36:39.197369 https://bantangyuquanzhuang.fang.com/
Logger:2020-03-15 21:36:39.484170 https://shijimingdu0551.fang.com/
Logger:2020-03-15 21:36:39.782589 https://247962.fang.com/
Logger:2020-03-15 21:36:42.640128 https://chruifengguojijcc.fang.com/
Logger:2020-03-15 21:36:42.914393 https://jingdugongguan0551.fang.com/
Logger:2020-03-15 21:36:43.859864 https://chyphz.fang.com/
Logger:2020-03-15 21:36:49.569161 https://jcjcjjsc.fang.com/
Logger:2020-03-15 21:36:54.235062 https://chaohu.newhouse.fang.com/house/s/b93/
Logger:2020-03-15 21:36:57.729843 https://chaohu.newhouse.fang.com/house/s/b94/
Logger:2020-03-15 21:37:01.606419 https://chaohu.newhouse.fang.com/house/s/b95/
