Logger:2020-03-16 12:46:07.193553 https://chengde.newhouse.fang.com/house/s/b91/
Logger:2020-03-16 12:46:07.521739 https://qianyulingdi.fang.com/
Logger:2020-03-16 12:46:07.859802 https://jindimancheng.fang.com/
Logger:2020-03-16 12:46:12.250050 https://jiaheguangchang0314.fang.com/
Logger:2020-03-16 12:46:12.595131 https://jinyufu.fang.com/
Logger:2020-03-16 12:46:12.913257 https://wsgjgc.fang.com/
Logger:2020-03-16 12:46:13.217439 https://cdsstc0314.fang.com/
Logger:2020-03-16 12:46:13.547583 https://zhongyexinchenghongshijunxl.fang.com/
Logger:2020-03-16 12:46:13.870691 https://hksys.fang.com/
Logger:2020-03-16 12:46:14.298569 https://yswlw.fang.com/
Logger:2020-03-16 12:46:14.700515 https://rongchuangchengxl.fang.com/
Logger:2020-03-16 12:46:15.301868 https://biguiyuanxl.fang.com/2/
Logger:2020-03-16 12:46:15.655915 https://fengningshoufu.fang.com/
Logger:2020-03-16 12:46:15.954117 https://jinniushanzhuang0314.fang.com/
Logger:2020-03-16 12:46:16.544568 https://minzuguangchanghr.fang.com/
Logger:2020-03-16 12:46:16.826813 https://weilichangshgc.fang.com/
Logger:2020-03-16 12:46:17.125030 https://rsarkdy.fang.com/
Logger:2020-03-16 12:46:17.444176 https://fuxidiyuan.fang.com/
Logger:2020-03-16 12:46:17.819142 https://tianquancheng.fang.com/
Logger:2020-03-16 12:46:20.766285 https://kanglongdongjun.fang.com/
Logger:2020-03-16 12:46:21.065444 https://ciyuancheng.fang.com/
Logger:2020-03-16 12:46:24.345669 https://chengde.newhouse.fang.com/house/s/b92/
Logger:2020-03-16 12:46:27.738592 https://kangningfu.fang.com/
Logger:2020-03-16 12:46:31.622205 https://cdlantaifu.fang.com/
Logger:2020-03-16 12:46:31.995205 https://jiangshanfubgy0314.fang.com/
Logger:2020-03-16 12:46:32.307402 https://hanlinfu0314.fang.com/
Logger:2020-03-16 12:46:32.667416 https://jiangnanfujun.fang.com/
Logger:2020-03-16 12:46:32.973594 https://biguiyuanlh0314.fang.com/
Logger:2020-03-16 12:46:33.301709 https://tianzhuyufu.fang.com/
Logger:2020-03-16 12:46:35.022107 https://rsqslswjnsz.fang.com/
Logger:2020-03-16 12:46:35.409116 https://huilongshanzhuang0314.fang.com/
Logger:2020-03-16 12:46:38.915691 https://herunxincheng.fang.com/2/
Logger:2020-03-16 12:46:41.871784 https://yihaogongguancd0314.fang.com/
Logger:2020-03-16 12:46:43.656011 https://shangchengguoji0314.fang.com/
Logger:2020-03-16 12:46:44.076914 https://binheshijia0314.fang.com/
Logger:2020-03-16 12:46:44.660361 https://zhuheyihaoyuan.fang.com/
Logger:2020-03-16 12:46:45.791299 https://huishuiwanxs.fang.com/
Logger:2020-03-16 12:46:46.108478 https://longzeyuan0314.fang.com/
Logger:2020-03-16 12:46:46.451531 https://jinyuanxintiandi0314.fang.com/
Logger:2020-03-16 12:46:46.787685 https://junhuirunjing.fang.com/
Logger:2020-03-16 12:46:47.168614 https://shuxiangmingyuan0314.fang.com/
Logger:2020-03-16 12:46:47.476823 https://kanaxiguxj.fang.com/
Logger:2020-03-16 12:46:50.935537 https://chengde.newhouse.fang.com/house/s/b93/
Logger:2020-03-16 12:46:51.246704 https://tianruicheng0314.fang.com/
Logger:2020-03-16 12:46:57.239715 https://manyunlonghu.fang.com/
Logger:2020-03-16 12:46:57.552834 https://yangguangxincheng0314.fang.com/2/
Logger:2020-03-16 12:46:59.432805 https://mingchengfudi.fang.com/
Logger:2020-03-16 12:46:59.837762 https://shuishanshangyuan.fang.com/
Logger:2020-03-16 12:47:00.174820 https://luanyangfu.fang.com/
Logger:2020-03-16 12:47:00.531900 https://snlwxfj0314.fang.com/
Logger:2020-03-16 12:47:00.936782 https://longshenghuafu0314.fang.com/2/
Logger:2020-03-16 12:47:02.837696 https://fuliwan0314.fang.com/
Logger:2020-03-16 12:47:03.854009 https://hongfuyiyuan.fang.com/
Logger:2020-03-16 12:47:09.757185 https://heshunjiayuan0314.fang.com/
Logger:2020-03-16 12:47:10.091328 https://yinheguangchang0314.fang.com/
Logger:2020-03-16 12:47:10.496209 https://boyueshan0314.fang.com/
Logger:2020-03-16 12:47:10.959008 https://whxsj0314.fang.com/
Logger:2020-03-16 12:47:11.526496 https://jidonghuayuan.fang.com/
Logger:2020-03-16 12:47:11.844638 https://fenghuangyunshu.fang.com/
Logger:2020-03-16 12:47:12.225628 https://fuhaoguoji0314.fang.com/
Logger:2020-03-16 12:47:12.716269 https://bgygl.fang.com/
Logger:2020-03-16 12:47:13.057357 https://yulongshanzhuang0314.fang.com/
Logger:2020-03-16 12:47:13.389500 https://hongshenghuayuan0314.fang.com/
Logger:2020-03-16 12:47:17.699974 https://chengde.newhouse.fang.com/house/s/b94/
Logger:2020-03-16 12:47:21.814930 https://fenghuangguzhuangyuanqun.fang.com/
Logger:2020-03-16 12:47:25.313572 https://mingjuegangwan0314.fang.com/
Logger:2020-03-16 12:47:28.106103 https://huanlejiangshan0314.fang.com/
Logger:2020-03-16 12:47:28.525976 https://taiyuefu0314.fang.com/
Logger:2020-03-16 12:47:28.947847 https://shangheshu0314.fang.com/
Logger:2020-03-16 12:47:29.338801 https://chengdeyuanzi.fang.com/
Logger:2020-03-16 12:47:29.641990 https://junyufu.fang.com/
Logger:2020-03-16 12:47:29.995046 https://shijichengcd.fang.com/
Logger:2020-03-16 12:47:30.324202 https://alsxz.fang.com/
Logger:2020-03-16 12:47:32.816536 https://baolichengsy.fang.com/
Logger:2020-03-16 12:47:39.942482 https://jinmaoshangchensanqi.fang.com/
Logger:2020-03-16 12:47:40.254646 https://changruijincheng0314.fang.com/
Logger:2020-03-16 12:47:40.521895 https://lxdyzhl.fang.com/
Logger:2020-03-16 12:47:40.851005 https://ziranchengzt.fang.com/
Logger:2020-03-16 12:47:41.179127 https://hccsgc0314.fang.com/
Logger:2020-03-16 12:47:43.390255 https://hssxq0314.fang.com/
Logger:2020-03-16 12:47:43.683480 https://xuefushijia0314.fang.com/
Logger:2020-03-16 12:47:45.982278 https://wanhejun.fang.com/
Logger:2020-03-16 12:47:46.290470 https://cfjlc.fang.com/
Logger:2020-03-16 12:47:46.687423 https://xuyangbeiguosenlin.fang.com/
Logger:2020-03-16 12:47:50.341615 https://chengde.newhouse.fang.com/house/s/b95/
Logger:2020-03-16 12:47:50.643807 https://tianmahuating0314.fang.com/
Logger:2020-03-16 12:47:50.969935 https://xingyijiayuan0314.fang.com/
Logger:2020-03-16 12:47:51.679037 https://exjsyj.fang.com/
Logger:2020-03-16 12:47:52.081960 https://fuxinggongyu0314.fang.com/2/
Logger:2020-03-16 12:47:52.374178 https://huashuzhuangyuan.fang.com/
Logger:2020-03-16 12:47:52.682420 https://tixianggongguan0314.fang.com/
Logger:2020-03-16 12:47:53.089309 https://longxiyuyuan.fang.com/
Logger:2020-03-16 12:47:53.465260 https://fenghuanghaoting0314.fang.com/
Logger:2020-03-16 12:47:54.742843 https://jinshanshangcheng.fang.com/
Logger:2020-03-16 12:47:55.043038 https://derunzhuangyuan.fang.com/2/
Logger:2020-03-16 12:47:55.462961 https://shengshimingdi0314.fang.com/
Logger:2020-03-16 12:47:57.071623 https://zhaofengdongcheng.fang.com/
Logger:2020-03-16 12:47:57.371848 https://guofujiayuan.fang.com/
Logger:2020-03-16 12:47:58.058973 https://zhongyanghuafu0314.fang.com/
Logger:2020-03-16 12:47:58.376122 https://ysdawlcc.fang.com/
Logger:2020-03-16 12:47:58.786025 https://sdtbeq.fang.com/
Logger:2020-03-16 12:47:59.144070 https://ziyuhuafu0314.fang.com/
Logger:2020-03-16 12:47:59.479206 https://yangguangjiayuanhc0314.fang.com/
Logger:2020-03-16 12:48:00.013769 https://yangguangshuian0314.fang.com/
Logger:2020-03-16 12:48:01.128758 https://junlinyicheng.fang.com/
Logger:2020-03-16 12:48:04.393071 https://chengde.newhouse.fang.com/house/s/b96/
Logger:2020-03-16 12:48:04.688269 https://meitaijunting.fang.com/
Logger:2020-03-16 12:48:07.066910 https://yinhegongguan0314.fang.com/
Logger:2020-03-16 12:48:07.405965 https://yajulanshe.fang.com/
Logger:2020-03-16 12:48:07.750089 https://yulongzhuangyuan.fang.com/
Logger:2020-03-16 12:48:08.037313 https://lihuajiangyuan.fang.com/
Logger:2020-03-16 12:48:08.316532 https://longjingyuan0314.fang.com/
Logger:2020-03-16 12:48:08.670582 https://shuiantiancheng0314.fang.com/
Logger:2020-03-16 12:48:11.009326 https://longshuwan0314.fang.com/
Logger:2020-03-16 12:48:11.270670 https://tstly.fang.com/
Logger:2020-03-16 12:48:13.167552 https://fuyouxincheng.fang.com/
Logger:2020-03-16 12:48:13.497670 https://cjfyhy0314.fang.com/
Logger:2020-03-16 12:48:14.064198 https://shangduguangchang0314.fang.com/
Logger:2020-03-16 12:48:14.473061 https://shimaoguojizl.fang.com/
Logger:2020-03-16 12:48:16.447777 https://sljqjj.fang.com/
Logger:2020-03-16 12:48:18.139298 https://bfmmswhsyyq.fang.com/
Logger:2020-03-16 12:48:18.454450 https://xiandaichengcd.fang.com/
Logger:2020-03-16 12:48:20.950731 https://chengzefu.fang.com/
Logger:2020-03-16 12:48:21.218062 https://fenghuanghaoting0314.fang.com/
Logger:2020-03-16 12:48:21.510235 https://hongshilihe0314.fang.com/
Logger:2020-03-16 12:48:21.876286 https://bscydyz.fang.com/
Logger:2020-03-16 12:48:25.477621 https://chengde.newhouse.fang.com/house/s/b97/
Logger:2020-03-16 12:48:25.785834 https://xiandaichengcd.fang.com/
Logger:2020-03-16 12:48:26.056105 https://chengzefu.fang.com/
Logger:2020-03-16 12:48:26.398195 https://hongshilihe0314.fang.com/
Logger:2020-03-16 12:48:28.280170 https://bscydyz.fang.com/
Logger:2020-03-16 12:48:30.026489 https://shanzhuangyihao0314.fang.com/
Logger:2020-03-16 12:48:31.992225 https://fudihuayuan0314.fang.com/
Logger:2020-03-16 12:48:32.380156 https://wenboyuan0314.fang.com/
Logger:2020-03-16 12:48:33.044379 https://tianfumingyuan0314.fang.com/
Logger:2020-03-16 12:48:33.345573 https://yihejiayuan0314.fang.com/
Logger:2020-03-16 12:48:35.816963 https://shengshixincheng0314.fang.com/
Logger:2020-03-16 12:48:38.039061 https://xuanliangmengxiangcheng.fang.com/
Logger:2020-03-16 12:48:38.343255 https://shanshuihaoting0314.fang.com/
Logger:2020-03-16 12:48:38.640447 https://cygjgy.fang.com/
Logger:2020-03-16 12:48:39.533064 https://dingruimingyuan.fang.com/
Logger:2020-03-16 12:48:39.954892 https://shidaichengtf.fang.com/2/
Logger:2020-03-16 12:48:40.447616 https://ronghelingxiu0314.fang.com/
Logger:2020-03-16 12:48:40.780683 https://zhongchengzuoan0314.fang.com/
Logger:2020-03-16 12:48:42.495503 https://shanshuiyuyuanzd.fang.com/
Logger:2020-03-16 12:48:42.875530 https://gongyuanli0314.fang.com/3/
Logger:2020-03-16 12:48:44.549048 https://huancuishanzhuang0314.fang.com/
Logger:2020-03-16 12:48:48.230178 https://chengde.newhouse.fang.com/house/s/b98/
Logger:2020-03-16 12:48:48.614135 https://shanshuixincheng0314.fang.com/
Logger:2020-03-16 12:48:48.953265 https://xhzsdgc.fang.com/
Logger:2020-03-16 12:48:49.410006 https://jinxiuxishan.fang.com/
Logger:2020-03-16 12:48:52.462902 https://mmwqxz.fang.com/
Logger:2020-03-16 12:48:52.802982 https://shenlishijia.fang.com/
Logger:2020-03-16 12:48:55.405966 https://biquanhuayuan0314.fang.com/
Logger:2020-03-16 12:48:57.834526 https://feicuicheng0314.fang.com/
Logger:2020-03-16 12:48:58.140694 https://changchengjinshanlu.fang.com/
Logger:2020-03-16 12:48:58.431914 https://jiulongwan0314.fang.com/
Logger:2020-03-16 12:49:00.123384 https://xinjiayuan0314.fang.com/
Logger:2020-03-16 12:49:00.630037 https://tuosikanats.fang.com/
Logger:2020-03-16 12:49:02.396303 https://fnssht.fang.com/
Logger:2020-03-16 12:49:02.669535 https://slhyjqj.fang.com/
Logger:2020-03-16 12:49:03.075449 https://lijingwan0314.fang.com/
Logger:2020-03-16 12:49:03.409555 https://wenbiyuan.fang.com/
Logger:2020-03-16 12:49:03.761613 https://zisaitaoyuan.fang.com/
Logger:2020-03-16 12:49:04.144594 https://jindihuayuan0314.fang.com/
Logger:2020-03-16 12:49:04.428829 https://yingshicheng0314.fang.com/
Logger:2020-03-16 12:49:04.789863 https://fengshuiwan0314.fang.com/
Logger:2020-03-16 12:49:05.104023 https://tianmafeixingxiaozhen.fang.com/
Logger:2020-03-16 12:49:08.403240 https://chengde.newhouse.fang.com/house/s/b99/
Logger:2020-03-16 12:49:08.780237 https://ccdsj0314.fang.com/
Logger:2020-03-16 12:49:10.953374 https://longshangxinju.fang.com/
Logger:2020-03-16 12:49:11.530869 https://xjjjjcmall.fang.com/
Logger:2020-03-16 12:49:11.804139 https://huafengjiudian.fang.com/
Logger:2020-03-16 12:49:12.106354 https://tdgjy0314.fang.com/
Logger:2020-03-16 12:49:12.475304 https://fenghuangcheng0314.fang.com/
Logger:2020-03-16 12:49:15.213011 https://xdsmccs.fang.com/
Logger:2020-03-16 12:49:15.514208 https://ylgxgxz.fang.com/
Logger:2020-03-16 12:49:15.818403 https://cbdlxgc.fang.com/
Logger:2020-03-16 12:49:17.574661 https://landaoguangchangcq.fang.com/
Logger:2020-03-16 12:49:17.899835 https://wangkehuixy.fang.com/
Logger:2020-03-16 12:49:18.493239 https://woniuxiaozhenyx.fang.com/
Logger:2020-03-16 12:49:18.960953 https://jkgjwlzbjdzgcd.fang.com/
Logger:2020-03-16 12:49:20.863865 https://jindingshoufu.fang.com/
Logger:2020-03-16 12:49:23.503844 https://wanrongguoji0314.fang.com/
Logger:2020-03-16 12:49:26.603546 https://wanrongwentizhongxin.fang.com/
Logger:2020-03-16 12:49:26.890780 https://yudaojincheng.fang.com/
Logger:2020-03-16 12:49:27.366481 https://xhwjjtbc0314.fang.com/
Logger:2020-03-16 12:49:27.899042 https://lijingjiayuan03142.fang.com/
Logger:2020-03-16 12:49:28.793649 https://jtcfgc.fang.com/
Logger:2020-03-16 12:49:32.051962 https://chengde.newhouse.fang.com/house/s/b910/
Logger:2020-03-16 12:49:32.253462 https://jtcfgc.fang.com/
Logger:2020-03-16 12:49:34.169342 https://gxdcjhgc.fang.com/
Logger:2020-03-16 12:49:36.408352 https://huiqiangdasha.fang.com/
Logger:2020-03-16 12:49:36.716494 https://jlhjgc0314.fang.com/
Logger:2020-03-16 12:49:37.011694 https://ztspc.fang.com/
Logger:2020-03-16 12:49:38.576508 https://zhongliangdasha0314.fang.com/
Logger:2020-03-16 12:49:38.915632 https://cddylyptfwzx.fang.com/
Logger:2020-03-16 12:49:39.203830 https://jtcfgcxjjjmgslds.fang.com/
Logger:2020-03-16 12:49:42.672551 https://chengde.newhouse.fang.com/house/s/b911/
Logger:2020-03-16 12:49:46.479366 https://chengde.newhouse.fang.com/house/s/b912/
Logger:2020-03-16 12:49:50.042858 https://chengde.newhouse.fang.com/house/s/b913/
