Logger:2020-03-16 11:57:36.334345 https://chenzhou.newhouse.fang.com/house/s/b91/
Logger:2020-03-16 11:57:36.567753 https://mdyxf0735.fang.com/
Logger:2020-03-16 11:57:36.904819 https://hengdadijing0735.fang.com/
Logger:2020-03-16 11:57:37.335707 https://hdhfyfeq.fang.com/
Logger:2020-03-16 11:57:37.605943 https://zhongliangshoufu0735.fang.com/
Logger:2020-03-16 11:57:37.881207 https://mdhf.fang.com/
Logger:2020-03-16 11:57:38.239249 https://zgsjjc.fang.com/
Logger:2020-03-16 11:57:38.553409 https://wuniucheng.fang.com/
Logger:2020-03-16 11:57:39.653504 https://shuixiehuadou0735.fang.com/
Logger:2020-03-16 11:57:39.905828 https://rongyumeiliyuan2.fang.com/
Logger:2020-03-16 11:57:40.229924 https://feicuiwanzd.fang.com/
Logger:2020-03-16 11:57:40.506225 https://zygjc0735.fang.com/
Logger:2020-03-16 11:57:40.800398 https://jiulongwanph.fang.com/
Logger:2020-03-16 11:57:41.087629 https://dongtianjinwan.fang.com/
Logger:2020-03-16 11:57:41.430755 https://wlgj0735.fang.com/
Logger:2020-03-16 11:57:41.711959 https://kpgjsmc0735.fang.com/
Logger:2020-03-16 11:57:43.234921 https://czayhf.fang.com/
Logger:2020-03-16 11:57:44.517492 https://bgynpf.fang.com/
Logger:2020-03-16 11:57:44.767821 https://hlwbgjc.fang.com/
Logger:2020-03-16 11:57:46.340615 https://bgyjsyp0735.fang.com/
Logger:2020-03-16 11:57:46.600881 https://jinkecheng0735.fang.com/
Logger:2020-03-16 11:57:50.491514 https://chenzhou.newhouse.fang.com/house/s/b92/
Logger:2020-03-16 11:57:51.762074 https://shidaiguangchangqt.fang.com/
Logger:2020-03-16 11:57:55.920968 https://meidirendaboyuefu.fang.com/
Logger:2020-03-16 11:57:56.176308 https://xyzys.fang.com/
Logger:2020-03-16 11:57:56.456551 https://gyhf0735.fang.com/
Logger:2020-03-16 11:57:56.720808 https://linyixingcheng.fang.com/
Logger:2020-03-16 11:57:57.561559 https://zxbgy0735.fang.com/
Logger:2020-03-16 11:57:57.804908 https://meimeishijie.fang.com/
Logger:2020-03-16 11:57:58.073190 https://changxinguangchang.fang.com/
Logger:2020-03-16 11:57:59.225110 https://xingyunhui.fang.com/
Logger:2020-03-16 11:58:00.015993 https://chenyangrongyuan.fang.com/
Logger:2020-03-16 11:58:00.323171 https://dsdgy.fang.com/
Logger:2020-03-16 11:58:01.280609 https://yygjgc.fang.com/
Logger:2020-03-16 11:58:01.503015 https://shangpinfucheng0735.fang.com/
Logger:2020-03-16 11:58:01.773292 https://bgywlsf.fang.com/
Logger:2020-03-16 11:58:02.081468 https://gybgy.fang.com/
Logger:2020-03-16 11:58:02.358768 https://xingyuehuafu0735.fang.com/
Logger:2020-03-16 11:58:02.625013 https://yundingtianque.fang.com/
Logger:2020-03-16 11:58:02.898325 https://yihezhuangyuan0735.fang.com/
Logger:2020-03-16 11:58:03.240409 https://hnjgdxt.fang.com/
Logger:2020-03-16 11:58:04.417269 https://jsyy0735.fang.com/
Logger:2020-03-16 11:58:07.648649 https://chenzhou.newhouse.fang.com/house/s/b93/
Logger:2020-03-16 11:58:08.902247 https://bssf.fang.com/
Logger:2020-03-16 11:58:10.141947 https://tshjsd.fang.com/
Logger:2020-03-16 11:58:10.826074 https://chenzhou.newhouse.fang.com/house/2719121300.htm
Logger:2020-03-16 11:58:12.071742 https://smqsh.fang.com/
Logger:2020-03-16 11:58:12.346009 https://zylxw.fang.com/
Logger:2020-03-16 11:58:12.628254 https://zichenlanshan.fang.com/
Logger:2020-03-16 11:58:12.946403 https://lxh1h.fang.com/
Logger:2020-03-16 11:58:13.293515 https://henglongguoji0735.fang.com/
Logger:2020-03-16 11:58:14.102385 https://chenzhou.newhouse.fang.com/house/2718158960.htm
Logger:2020-03-16 11:58:14.364651 https://suxianlinyubl.fang.com/
Logger:2020-03-16 11:58:14.573050 https://shangpinshuyuan.fang.com/
Logger:2020-03-16 11:58:14.839413 https://xngjsmblc.fang.com/
Logger:2020-03-16 11:58:15.551477 https://qianlihushan0735.fang.com/
Logger:2020-03-16 11:58:15.801810 https://jfhsk.fang.com/
Logger:2020-03-16 11:58:16.081058 https://chenzhouchangjuan.fang.com/
Logger:2020-03-16 11:58:16.399166 https://linyixinghuwan.fang.com/
Logger:2020-03-16 11:58:16.646521 https://zuanshishanjk.fang.com/
Logger:2020-03-16 11:58:17.703717 https://gongyuanjiulimd.fang.com/
Logger:2020-03-16 11:58:18.812709 https://zxmgy.fang.com/
Logger:2020-03-16 11:58:19.068051 https://huahengshoufu.fang.com/
Logger:2020-03-16 11:58:22.361215 https://chenzhou.newhouse.fang.com/house/s/b94/
Logger:2020-03-16 11:58:22.633488 https://bofujunting.fang.com/
Logger:2020-03-16 11:58:23.508148 https://yongxingbiguiyuan.fang.com/
Logger:2020-03-16 11:58:23.754489 https://chenzhouxinhewan.fang.com/
Logger:2020-03-16 11:58:24.078622 https://allxf.fang.com/
Logger:2020-03-16 11:58:24.946300 https://lwbgy.fang.com/
Logger:2020-03-16 11:58:25.212626 https://yingfengguoji0735.fang.com/
Logger:2020-03-16 11:58:25.483905 https://jzbjf.fang.com/
Logger:2020-03-16 11:58:25.748154 https://yitonggongguan.fang.com/
Logger:2020-03-16 11:58:27.277066 https://huadongyayuan.fang.com/
Logger:2020-03-16 11:58:27.524439 https://beihu1hao.fang.com/
Logger:2020-03-16 11:58:28.606551 https://xhyscx.fang.com/
Logger:2020-03-16 11:58:28.863895 https://shhsc0735.fang.com/
Logger:2020-03-16 11:58:29.164017 https://djhxzyws.fang.com/
Logger:2020-03-16 11:58:29.432300 https://xiyuan8hao.fang.com/
Logger:2020-03-16 11:58:29.715552 https://xianghuadijing.fang.com/
Logger:2020-03-16 11:58:29.966907 https://yiheshanzhuang0735.fang.com/
Logger:2020-03-16 11:58:30.300018 https://jiulongyipin.fang.com/
Logger:2020-03-16 11:58:31.204601 https://hexiyuan0735.fang.com/
Logger:2020-03-16 11:58:31.437977 https://yjlhjnlsj.fang.com/
Logger:2020-03-16 11:58:32.249789 https://guanghuishidai.fang.com/
Logger:2020-03-16 11:58:36.086499 https://chenzhou.newhouse.fang.com/house/s/b95/
Logger:2020-03-16 11:58:37.322221 https://wtfcxz.fang.com/
Logger:2020-03-16 11:58:37.632363 https://derunlongting.fang.com/
Logger:2020-03-16 11:58:38.650701 https://hdylf0735.fang.com/
Logger:2020-03-16 11:58:39.443518 https://zijinjiayaun.fang.com/
Logger:2020-03-16 11:58:40.108775 https://chenzhou.newhouse.fang.com/house/2719182710.htm
Logger:2020-03-16 11:58:40.422898 https://zhongjingyihao.fang.com/
Logger:2020-03-16 11:58:40.686193 https://tianlongmingcheng.fang.com/
Logger:2020-03-16 11:58:40.929582 https://msyxg.fang.com/
Logger:2020-03-16 11:58:41.207837 https://bhzyhy.fang.com/
Logger:2020-03-16 11:58:41.505003 https://xngjjdjcc.fang.com/
Logger:2020-03-16 11:58:41.830165 https://jiuyuecheng.fang.com/
Logger:2020-03-16 11:58:42.112459 https://zggxcznfcpwly.fang.com/
Logger:2020-03-16 11:58:42.852399 https://chenzhou.newhouse.fang.com/house/2719171572.htm
Logger:2020-03-16 11:58:43.766032 https://chenzhou.newhouse.fang.com/house/2719203236.htm
Logger:2020-03-16 11:58:44.801186 https://shzkzbjjy.fang.com/
Logger:2020-03-16 11:58:45.073457 https://jingongfengweiyinzuo.fang.com/
Logger:2020-03-16 11:58:48.704785 https://chenzhou.newhouse.fang.com/house/s/b96/
Logger:2020-03-16 11:58:52.698098 https://chenzhou.newhouse.fang.com/house/s/b97/
Logger:2020-03-16 11:58:56.499889 https://chenzhou.newhouse.fang.com/house/s/b98/
