Logger:2020-03-16 16:44:31.636331 https://chifeng.newhouse.fang.com/house/s/b91/
Logger:2020-03-16 16:44:32.285631 https://biguiyuancf.fang.com/
Logger:2020-03-16 16:44:32.659643 https://r26dztrf.fang.com/
Logger:2020-03-16 16:44:33.107666 https://hengjiduhuimingzhu.fang.com/
Logger:2020-03-16 16:44:33.481688 https://ztygg.fang.com/
Logger:2020-03-16 16:44:33.851673 https://ztthy0476.fang.com/
Logger:2020-03-16 16:44:34.351337 https://jiuxitai0476.fang.com/
Logger:2020-03-16 16:44:36.031469 https://zlsfyh0476.fang.com/
Logger:2020-03-16 16:44:36.428835 https://cfweidulimoercheng.fang.com/
Logger:2020-03-16 16:44:36.795428 https://heshuojiayuan.fang.com/
Logger:2020-03-16 16:44:39.871337 https://pyxxw.fang.com/
Logger:2020-03-16 16:44:42.009625 https://tiangongge.fang.com/
Logger:2020-03-16 16:44:42.368666 https://hengdajuntingcf.fang.com/
Logger:2020-03-16 16:44:42.728843 https://jijun.fang.com/
Logger:2020-03-16 16:44:43.994038 https://sdhsj.fang.com/
Logger:2020-03-16 16:44:44.388984 https://cfzhonglianagongguan.fang.com/
Logger:2020-03-16 16:44:47.739925 https://cfhengdahuafu.fang.com/
Logger:2020-03-16 16:44:48.404136 https://yuefu0476.fang.com/
Logger:2020-03-16 16:44:50.196260 https://zhongliangbaihesiji.fang.com/
Logger:2020-03-16 16:44:50.609088 https://zhongtianjingyueyuan.fang.com/
Logger:2020-03-16 16:44:50.969403 https://zhongtianboyueyuan.fang.com/
Logger:2020-03-16 16:44:54.292315 https://chifeng.newhouse.fang.com/house/s/b92/
Logger:2020-03-16 16:44:55.703073 https://khmzbx.fang.com/
Logger:2020-03-16 16:44:56.407267 https://guanchengyuan0476.fang.com/
Logger:2020-03-16 16:44:56.715826 https://baiheheyuan.fang.com/
Logger:2020-03-16 16:44:59.285250 https://jhgjc0476.fang.com/
Logger:2020-03-16 16:45:03.538134 https://hsljyy.fang.com/
Logger:2020-03-16 16:45:05.499581 https://daogunanshancfhd.fang.com/
Logger:2020-03-16 16:45:05.826122 https://ysfhc0476.fang.com/
Logger:2020-03-16 16:45:06.150398 https://kelamingzuo.fang.com/
Logger:2020-03-16 16:45:06.742847 https://jiahejiamei.fang.com/
Logger:2020-03-16 16:45:08.682426 https://bihaiyuntai.fang.com/
Logger:2020-03-16 16:45:09.057436 https://fuhuatiandisq.fang.com/
Logger:2020-03-16 16:45:14.231566 https://yueshanyihao.fang.com/
Logger:2020-03-16 16:45:14.722139 https://zhongtianyuejun.fang.com/
Logger:2020-03-16 16:45:18.955793 https://yuelongwan0476.fang.com/
Logger:2020-03-16 16:45:24.404349 https://chifeng.newhouse.fang.com/house/1513194147.htm
Logger:2020-03-16 16:45:26.371255 https://sswdgc.fang.com/
Logger:2020-03-16 16:45:32.868630 https://zdcdy.fang.com/
Logger:2020-03-16 16:45:35.198450 https://baiheguoji.fang.com/
Logger:2020-03-16 16:45:37.639750 https://shenganfujun.fang.com/
Logger:2020-03-16 16:45:41.011985 https://wentingyayuan0476.fang.com/
Logger:2020-03-16 16:45:44.317576 https://chifeng.newhouse.fang.com/house/s/b93/
Logger:2020-03-16 16:45:50.263483 https://hongqiaolijingxiandaichengcf.fang.com/
Logger:2020-03-16 16:45:52.554821 https://hjlrmz.fang.com/
Logger:2020-03-16 16:45:54.489678 https://yihaoyuan0476.fang.com/
Logger:2020-03-16 16:45:58.275075 https://dafujiayuan0476.fang.com/
Logger:2020-03-16 16:46:01.635013 https://dijinghaoting0476.fang.com/
Logger:2020-03-16 16:46:01.948207 https://aimeiguoji.fang.com/
Logger:2020-03-16 16:46:02.350460 https://hongshanshangjing.fang.com/
Logger:2020-03-16 16:46:04.896198 https://xryhgg.fang.com/
Logger:2020-03-16 16:46:05.281168 https://guojicheng0476.fang.com/
Logger:2020-03-16 16:46:05.621220 https://tianyuan0476.fang.com/
Logger:2020-03-16 16:46:10.262648 https://shanshuicheng0476.fang.com/
Logger:2020-03-16 16:46:10.568828 https://danlongguoji.fang.com/
Logger:2020-03-16 16:46:20.005582 https://jinpinyihao.fang.com/
Logger:2020-03-16 16:46:20.366718 https://lifengyayuan.fang.com/
Logger:2020-03-16 16:46:20.684503 https://fushanjiayuan0476.fang.com/
Logger:2020-03-16 16:46:24.964036 https://dongfanghuacheng0476.fang.com/
Logger:2020-03-16 16:46:25.311497 https://yaxingguojigongguancf.fang.com/
Logger:2020-03-16 16:46:25.602234 https://tianyige0476.fang.com/
Logger:2020-03-16 16:46:25.959279 https://feicuimingzhu0476.fang.com/
Logger:2020-03-16 16:46:26.341258 https://shengshiguoji0476.fang.com/
Logger:2020-03-16 16:46:29.658393 https://chifeng.newhouse.fang.com/house/s/b94/
Logger:2020-03-16 16:46:35.465589 https://tlhzlx.fang.com/
Logger:2020-03-16 16:46:35.796769 https://jiurufu.fang.com/
Logger:2020-03-16 16:46:39.093906 https://dadihuangjiadiyuan.fang.com/
Logger:2020-03-16 16:46:42.996067 https://ztyly.fang.com/
Logger:2020-03-16 16:46:45.688789 https://tianyifu.fang.com/
Logger:2020-03-16 16:46:46.028877 https://lidushuian0476.fang.com/
Logger:2020-03-16 16:46:46.351053 https://jinpinyihao2.fang.com/
Logger:2020-03-16 16:46:47.100044 https://zhongxindasha0476.fang.com/
Logger:2020-03-16 16:46:47.421154 https://jygjwqgychifeng.fang.com/
Logger:2020-03-16 16:46:47.732320 https://dechenghuiyuan.fang.com/
Logger:2020-03-16 16:46:52.168483 https://yaxingguojieq.fang.com/
Logger:2020-03-16 16:46:53.043287 https://qingchenggongyu0476.fang.com/
Logger:2020-03-16 16:46:53.627733 https://zhjy0476.fang.com/
Logger:2020-03-16 16:46:54.241169 https://yuyuanfenghui.fang.com/
Logger:2020-03-16 16:46:54.583211 https://mzlyxfl.fang.com/
Logger:2020-03-16 16:46:54.879407 https://taiheyuan0476.fang.com/
Logger:2020-03-16 16:46:55.320227 https://gongyuanli0476.fang.com/
Logger:2020-03-16 16:46:55.635384 https://hengmaofenghui.fang.com/
Logger:2020-03-16 16:46:55.968487 https://hefengtingyuan.fang.com/
Logger:2020-03-16 16:47:02.364127 https://yujinghuating0476.fang.com/
Logger:2020-03-16 16:47:06.590225 https://chifeng.newhouse.fang.com/house/s/b95/
Logger:2020-03-16 16:47:09.719029 https://wanhefudi.fang.com/
Logger:2020-03-16 16:47:10.041193 https://mdrmsmc.fang.com/
Logger:2020-03-16 16:47:13.962661 https://chifeng.newhouse.fang.com/house/s/b96/
Logger:2020-03-16 16:47:17.401908 https://chifeng.newhouse.fang.com/house/s/b97/
Logger:2020-03-16 16:47:21.067595 https://chifeng.newhouse.fang.com/house/s/b98/
