Logger:2020-03-15 22:05:06.269913 https://chizhou.newhouse.fang.com/house/s/b91/
Logger:2020-03-15 22:05:06.585103 https://yytyhf.fang.com/
Logger:2020-03-15 22:05:06.910862 https://tthhy.fang.com/
Logger:2020-03-15 22:05:07.323702 https://lijingwanth.fang.com/
Logger:2020-03-15 22:05:07.801423 https://ymcssf.fang.com/
Logger:2020-03-15 22:05:08.176418 https://xinchengmingzhu.fang.com/
Logger:2020-03-15 22:05:16.494398 https://guojihuayuanyd0566.fang.com/
Logger:2020-03-15 22:05:16.857427 https://ziyuefu.fang.com/
Logger:2020-03-15 22:05:17.272310 https://junyuexiyuan.fang.com/
Logger:2020-03-15 22:05:17.645088 https://manhaduncz.fang.com/
Logger:2020-03-15 22:05:18.027082 https://jiangshanjunzc.fang.com/
Logger:2020-03-15 22:05:18.393107 https://fenghuangchengld.fang.com/
Logger:2020-03-15 22:05:18.855822 https://pinghuguandi.fang.com/
Logger:2020-03-15 22:05:19.300173 https://xintiandiym0556.fang.com/
Logger:2020-03-15 22:05:19.686137 https://xianggelilawc.fang.com/
Logger:2020-03-15 22:05:20.129739 https://xiangzhanglinashuian0566.fang.com/
Logger:2020-03-15 22:05:20.704949 https://lvzhouguihuacheng.fang.com/
Logger:2020-03-15 22:05:24.466634 https://puxixincheng.fang.com/
Logger:2020-03-15 22:05:24.833187 https://htwyz.fang.com/
Logger:2020-03-15 22:05:30.324232 https://sijihuachenghs.fang.com/
Logger:2020-03-15 22:05:37.705700 https://shuimuqinghua0566.fang.com/
Logger:2020-03-15 22:05:41.369028 https://chizhou.newhouse.fang.com/house/s/b92/
Logger:2020-03-15 22:05:46.549878 https://shceq.fang.com/
Logger:2020-03-15 22:05:46.905926 https://shijichangjianggy.fang.com/
Logger:2020-03-15 22:05:50.430044 https://chengshiguangchangth.fang.com/
Logger:2020-03-15 22:05:50.995932 https://xinghuiguangchang0566.fang.com/
Logger:2020-03-15 22:05:51.372634 https://gjgcyd.fang.com/
Logger:2020-03-15 22:05:51.741601 https://kaixuangongguan.fang.com/
Logger:2020-03-15 22:05:52.119623 https://kaixuanmenqx.fang.com/
Logger:2020-03-15 22:05:55.198135 https://qiuputiandigs.fang.com/
Logger:2020-03-15 22:05:57.670786 https://glcybdlw.fang.com/
Logger:2020-03-15 22:05:58.062839 https://jinbiqiupuxy.fang.com/
Logger:2020-03-15 22:06:05.596313 https://shijixingchengrs.fang.com/
Logger:2020-03-15 22:06:08.057321 https://jangnanshijiahs.fang.com/
Logger:2020-03-15 22:06:08.410399 https://tuofuguangchang.fang.com/
Logger:2020-03-15 22:06:10.267816 https://yueliangwan0566.fang.com/
Logger:2020-03-15 22:06:12.685363 https://demaotang20566.fang.com/
Logger:2020-03-15 22:06:20.226855 https://jhscxxz0566.fang.com/
Logger:2020-03-15 22:06:20.643285 https://yulanwanqc.fang.com/
Logger:2020-03-15 22:06:22.592925 https://feilicheng0566.fang.com/
Logger:2020-03-15 22:06:24.079715 https://sanjiangmingzhutg.fang.com/
Logger:2020-03-15 22:06:24.513417 https://czwlzx.fang.com/
Logger:2020-03-15 22:06:27.850553 https://chizhou.newhouse.fang.com/house/s/b93/
Logger:2020-03-15 22:06:28.184661 https://tongguanhuayuancz.fang.com/
Logger:2020-03-15 22:06:29.943241 https://yhhyxf.fang.com/
Logger:2020-03-15 22:06:30.379055 https://qysygc.fang.com/
Logger:2020-03-15 22:06:32.649803 https://yundingdasha0566.fang.com/
Logger:2020-03-15 22:06:33.028456 https://wenzhoushangmaocheng.fang.com/
Logger:2020-03-15 22:06:33.397199 https://bihuyunxipc.fang.com/
Logger:2020-03-15 22:06:33.842826 https://puyutiancheng.fang.com/
Logger:2020-03-15 22:06:34.236774 https://qianmenjiejhs0566.fang.com/
Logger:2020-03-15 22:06:34.628724 https://xiangjianghuating0566.fang.com/
Logger:2020-03-15 22:06:34.957033 https://jhwxj.fang.com/
Logger:2020-03-15 22:06:37.342539 https://qsycy.fang.com/
Logger:2020-03-15 22:06:37.748108 https://fudayuansj.fang.com/
Logger:2020-03-15 22:06:38.091388 https://binjiangmingchengyh.fang.com/
Logger:2020-03-15 22:06:40.114217 https://shanghaicheng0566.fang.com/
Logger:2020-03-15 22:06:40.497192 https://sbsmshgc0566.fang.com/
Logger:2020-03-15 22:06:40.924098 https://dsczz.fang.com/
Logger:2020-03-15 22:06:41.277032 https://2046jq.fang.com/
Logger:2020-03-15 22:06:41.595238 https://tongdaguangchangxs.fang.com/
Logger:2020-03-15 22:06:41.902358 https://caifuxinduht.fang.com/
Logger:2020-03-15 22:06:42.308261 https://chizhou.newhouse.fang.com/house/2125226426.htm
Logger:2020-03-15 22:06:46.142849 https://chizhou.newhouse.fang.com/house/s/b94/
Logger:2020-03-15 22:06:46.373271 https://hy2sqcc.fang.com/
Logger:2020-03-15 22:06:46.678148 https://junyueguangchang.fang.com/
Logger:2020-03-15 22:06:50.495211 https://chizhou.newhouse.fang.com/house/s/b95/
Logger:2020-03-15 22:06:54.074043 https://chizhou.newhouse.fang.com/house/s/b96/
Logger:2020-03-15 22:06:57.664072 https://chizhou.newhouse.fang.com/house/s/b97/
