Logger:2020-03-16 21:06:11.372204 https://chongzhou.newhouse.fang.com/house/s/b91/
Logger:2020-03-16 21:06:11.692062 https://xinchengruishengyuejuanxijiang.fang.com/
Logger:2020-03-16 21:06:11.996271 https://zhongshengshijia.fang.com/
Logger:2020-03-16 21:06:12.334366 https://cztrj.fang.com/
Logger:2020-03-16 21:06:15.107613 https://dongchengguojicz.fang.com/
Logger:2020-03-16 21:06:16.184250 https://longtenggongyuanyihao.fang.com/
Logger:2020-03-16 21:06:16.770355 https://czhrdsc.fang.com/
Logger:2020-03-16 21:06:17.177827 https://cztaoyuanxigu.fang.com/
Logger:2020-03-16 21:06:19.961415 https://jiayudiliuzhoucz.fang.com/
Logger:2020-03-16 21:06:20.261652 https://yuanjingxijiangshangshancz.fang.com/
Logger:2020-03-16 21:06:20.527899 https://hezhizhou.fang.com/
Logger:2020-03-16 21:06:20.874464 https://cztaijianglanting.fang.com/
Logger:2020-03-16 21:06:22.205629 https://czshushanqizhen.fang.com/
Logger:2020-03-16 21:06:25.605617 https://nanchengxinghui.fang.com/
Logger:2020-03-16 21:06:26.005099 https://czxishuyujing.fang.com/
Logger:2020-03-16 21:06:26.542363 https://ssqzbs.fang.com/
Logger:2020-03-16 21:06:26.846588 https://yushanslgjlydjq.fang.com/
Logger:2020-03-16 21:06:27.108912 https://yjhzz.fang.com/
Logger:2020-03-16 21:06:27.416623 https://czkunyaoyunting.fang.com/
Logger:2020-03-16 21:06:27.726416 https://qingchengshenyunerqi.fang.com/
Logger:2020-03-16 21:06:30.251925 https://slxjgjsq.fang.com/
Logger:2020-03-16 21:06:34.403833 https://chongzhou.newhouse.fang.com/house/s/b92/
Logger:2020-03-16 21:06:37.092224 https://lanjiang.fang.com/
Logger:2020-03-16 21:06:37.370480 https://xijiangshangshan.fang.com/
Logger:2020-03-16 21:06:40.303044 https://czfuchunshanju.fang.com/
Logger:2020-03-16 21:06:40.573320 https://yuanjingchunxili.fang.com/
Logger:2020-03-16 21:06:40.855566 https://binjiangguangchangss.fang.com/
Logger:2020-03-16 21:06:43.090261 https://cztianyouguangyu.fang.com/
Logger:2020-03-16 21:06:45.225450 https://chongzhou.newhouse.fang.com/house/3236167080.htm
Logger:2020-03-16 21:06:46.923459 https://hengchanggelajun.fang.com/
Logger:2020-03-16 21:06:48.910109 https://lehuoyanxiang.fang.com/
Logger:2020-03-16 21:06:52.424561 https://longtengqinhedijing.fang.com/
Logger:2020-03-16 21:06:55.500348 https://chongzhou.newhouse.fang.com/house/3237232340.htm
Logger:2020-03-16 21:06:59.178462 https://chongzhou.newhouse.fang.com/house/s/b93/
Logger:2020-03-16 21:07:02.816256 https://chongzhou.newhouse.fang.com/house/s/b94/
Logger:2020-03-16 21:07:06.375626 https://chongzhou.newhouse.fang.com/house/s/b95/
