Logger:2020-03-16 01:40:03.630170 https://chongzuo.newhouse.fang.com/house/s/b91/
Logger:2020-03-16 01:40:03.849233 https://dajingchenghy.fang.com/
Logger:2020-03-16 01:40:05.926467 https://bjsjc.fang.com/
Logger:2020-03-16 01:40:08.444505 https://dongxinhuafu.fang.com/
Logger:2020-03-16 01:40:10.341415 https://wdzygc0771.fang.com/
Logger:2020-03-16 01:40:13.875579 https://jiangjingyuanhr.fang.com/
Logger:2020-03-16 01:40:14.874237 https://junlintianxiacz.fang.com/
Logger:2020-03-16 01:40:17.441968 https://nxshengshiguoji.fang.com/
Logger:2020-03-16 01:40:19.363928 https://xhcshy1.fang.com/
Logger:2020-03-16 01:40:21.082446 https://zdxinshijie.fang.com/
Logger:2020-03-16 01:40:22.829559 https://wchuihaoyayuan.fang.com/
Logger:2020-03-16 01:40:23.287707 https://guanlinhuafucz.fang.com/
Logger:2020-03-16 01:40:23.505692 https://jinyuanguojisd.fang.com/
Logger:2020-03-16 01:40:25.624517 https://haoyihuatingcz.fang.com/
Logger:2020-03-16 01:40:25.858915 https://tianjingmingsha.fang.com/
Logger:2020-03-16 01:40:26.093236 https://weilaichengby.fang.com/
Logger:2020-03-16 01:40:26.328045 https://lijiangmingzhuww.fang.com/
Logger:2020-03-16 01:40:26.639944 https://shangshangchengcz.fang.com/
Logger:2020-03-16 01:40:26.874221 https://bainingguojishangdu.fang.com/
Logger:2020-03-16 01:40:27.099875 https://huihaocheng.fang.com/2/
Logger:2020-03-16 01:40:30.317864 https://tanlongxinjun.fang.com/
Logger:2020-03-16 01:40:33.621177 https://chongzuo.newhouse.fang.com/house/s/b92/
Logger:2020-03-16 01:40:35.401273 https://xianfenghuayuanlz.fang.com/
Logger:2020-03-16 01:40:37.401167 https://wantaicheng.fang.com/
Logger:2020-03-16 01:40:39.338356 https://xianggelihuayuansb.fang.com/
Logger:2020-03-16 01:40:39.634649 https://jdljhf.fang.com/
Logger:2020-03-16 01:40:39.853882 https://hanlinlvcheng.fang.com/
Logger:2020-03-16 01:40:41.833593 https://longxinxincheng.fang.com/
Logger:2020-03-16 01:40:42.067913 https://shijihuayuancz.fang.com/
Logger:2020-03-16 01:40:42.334191 https://baodingmingdi.fang.com/
Logger:2020-03-16 01:40:42.677764 https://hanlinhuafucz.fang.com/
Logger:2020-03-16 01:40:44.255915 https://chongzuo.newhouse.fang.com/house/2925187994.htm
Logger:2020-03-16 01:40:44.522189 https://dongmengshangyeguangchang.fang.com/
Logger:2020-03-16 01:40:44.725266 https://konggangdasha.fang.com/
Logger:2020-03-16 01:40:45.021315 https://dyhanlinhuafu.fang.com/
Logger:2020-03-16 01:40:45.303036 https://yangguangmingdi0771.fang.com/
Logger:2020-03-16 01:40:45.553191 https://tfsygc0771.fang.com/
Logger:2020-03-16 01:40:47.208732 https://chongzuo.newhouse.fang.com/house/2925185790.htm
Logger:2020-03-16 01:40:47.520764 https://xiangjunyupin.fang.com/
Logger:2020-03-16 01:40:47.770667 https://shimaotianchengpx.fang.com/
Logger:2020-03-16 01:40:48.239304 https://tianqinxinyuan.fang.com/
Logger:2020-03-16 01:40:48.489245 https://baiyunshanshijiajd.fang.com/
Logger:2020-03-16 01:40:52.351209 https://chongzuo.newhouse.fang.com/house/s/b93/
Logger:2020-03-16 01:40:52.601489 https://yangguangmingjuncz.fang.com/
Logger:2020-03-16 01:40:54.147433 https://hfhly0771.fang.com/
Logger:2020-03-16 01:40:54.397410 https://tgzhongyanggongyuan.fang.com/
Logger:2020-03-16 01:40:54.679246 https://dongmengguojichengcz.fang.com/
Logger:2020-03-16 01:40:54.928769 https://longtingyipinlz.fang.com/
Logger:2020-03-16 01:40:55.209668 https://xinhuaguangchangtl.fang.com/
Logger:2020-03-16 01:40:58.773687 https://youyimingchengdd.fang.com/
Logger:2020-03-16 01:40:59.038670 https://caifuguangchangly.fang.com/
Logger:2020-03-16 01:41:00.929336 https://xianghexincheng0771.fang.com/
Logger:2020-03-16 01:41:02.460444 https://ytbmczyc.fang.com/
Logger:2020-03-16 01:41:04.430551 https://suishangjusc.fang.com/
Logger:2020-03-16 01:41:05.248083 https://chongzuo.newhouse.fang.com/house/2925187978.htm
Logger:2020-03-16 01:41:06.263549 https://dtbdhy.fang.com/
Logger:2020-03-16 01:41:06.466948 https://bsbicuihaoting.fang.com/
Logger:2020-03-16 01:41:06.732109 https://shijizhiguang.fang.com/
Logger:2020-03-16 01:41:08.592848 https://weiyedashacz.fang.com/
Logger:2020-03-16 01:41:10.936313 https://haojiajuguojishangcheng.fang.com/
Logger:2020-03-16 01:41:14.738353 https://zpsdgj.fang.com/
Logger:2020-03-16 01:41:17.087918 https://dushimingcheng.fang.com/
Logger:2020-03-16 01:41:18.734327 https://fufengguomencaifuguangchang.fang.com/
Logger:2020-03-16 01:41:22.504356 https://chongzuo.newhouse.fang.com/house/s/b94/
Logger:2020-03-16 01:41:22.691811 https://xilongguoji.fang.com/
Logger:2020-03-16 01:41:22.957457 https://pxgdsmc.fang.com/
Logger:2020-03-16 01:41:23.160448 https://gdxnpdsc0771.fang.com/
Logger:2020-03-16 01:41:24.689274 https://lzsygc.fang.com/
Logger:2020-03-16 01:41:24.923497 https://jiancaishangmaochengdm.fang.com/
Logger:2020-03-16 01:41:25.173548 https://hlkgdx0771.fang.com/
Logger:2020-03-16 01:41:25.391515 https://hlmsy0771.fang.com/
Logger:2020-03-16 01:41:25.641966 https://xichengshidaihl.fang.com/
Logger:2020-03-16 01:41:25.923053 https://shishanyuan.fang.com/
Logger:2020-03-16 01:41:27.865109 https://chongzuo.newhouse.fang.com/house/2925185966.htm
Logger:2020-03-16 01:41:28.131272 https://zgdmhmwhcyy.fang.com/
Logger:2020-03-16 01:41:28.443096 https://dxxlgj.fang.com/
Logger:2020-03-16 01:41:28.729708 https://baodingmingdi2.fang.com/
Logger:2020-03-16 01:41:32.380145 https://chongzuo.newhouse.fang.com/house/s/b95/
Logger:2020-03-16 01:41:35.969181 https://chongzuo.newhouse.fang.com/house/s/b96/
Logger:2020-03-16 01:41:39.537112 https://chongzuo.newhouse.fang.com/house/s/b97/
