Logger:2020-03-16 23:50:06.586103 https://chuxiong.newhouse.fang.com/house/s/b91/
Logger:2020-03-16 23:50:09.959502 https://chuxiong.newhouse.fang.com/house/3420258272.htm
Logger:2020-03-16 23:50:13.412879 https://yirenguzhen0871.fang.com/
Logger:2020-03-16 23:50:13.778457 https://yujinghuayuanjh.fang.com/
Logger:2020-03-16 23:50:14.107572 https://ygsahtwhcyy.fang.com/
Logger:2020-03-16 23:50:17.302039 https://hdybhf.fang.com/
Logger:2020-03-16 23:50:17.647153 https://qicaijiayuancx.fang.com/
Logger:2020-03-16 23:50:17.985213 https://diyichengzs.fang.com/
Logger:2020-03-16 23:50:18.290900 https://yihaidachengguanhaiyx.fang.com/
Logger:2020-03-16 23:50:20.607647 https://shijijiayuanlf.fang.com/
Logger:2020-03-16 23:50:22.630847 https://huayuanmeijun.fang.com/
Logger:2020-03-16 23:50:23.068668 https://yangguangshuianwk.fang.com/
Logger:2020-03-16 23:50:23.367867 https://jinshagongguan.fang.com/
Logger:2020-03-16 23:50:24.968791 https://hongbocaifuzhongxin.fang.com/
Logger:2020-03-16 23:50:25.319813 https://shijijiayuan0878.fang.com/
Logger:2020-03-16 23:50:27.195894 https://xintiandiym.fang.com/
Logger:2020-03-16 23:50:30.134653 https://jinlanbandao0871.fang.com/
Logger:2020-03-16 23:50:30.464749 https://caifuzhongxincxzs.fang.com/
Logger:2020-03-16 23:50:32.931000 https://zgyzwhdgy.fang.com/
Logger:2020-03-16 23:50:33.225182 https://dianzhongdashanghui.fang.com/
Logger:2020-03-16 23:50:35.579878 https://luomouyizhai.fang.com/
Logger:2020-03-16 23:50:39.180489 https://chuxiong.newhouse.fang.com/house/s/b92/
Logger:2020-03-16 23:50:39.381908 https://xintiandily.fang.com/
Logger:2020-03-16 23:50:41.896648 https://caifuzhongxinymfc.fang.com/
Logger:2020-03-16 23:50:44.230675 https://yunnanlvyouchanyecheng.fang.com/
Logger:2020-03-16 23:50:47.816514 https://chuxiong.newhouse.fang.com/house/s/b93/
Logger:2020-03-16 23:50:51.451459 https://chuxiong.newhouse.fang.com/house/s/b94/
Logger:2020-03-16 23:50:55.163650 https://chuxiong.newhouse.fang.com/house/s/b95/
