Logger:2020-03-15 21:37:05.246413 https://chuzhou.newhouse.fang.com/house/s/b91/
Logger:2020-03-15 21:37:05.523735 https://aonengluomashijichengbgy.fang.com/
Logger:2020-03-15 21:37:05.851963 https://biguiyuanouzhoucheng0550.fang.com/
Logger:2020-03-15 21:37:06.207061 https://xinjiangbeikongquecheng.fang.com/
Logger:2020-03-15 21:37:06.496292 https://kdrcyulangongguan.fang.com/
Logger:2020-03-15 21:37:06.903309 https://kdrcyuyuan.fang.com/
Logger:2020-03-15 21:37:07.287266 https://shiguangfenghua.fang.com/
Logger:2020-03-15 21:37:07.673772 https://biguiyuanshilichunfeng.fang.com/
Logger:2020-03-15 21:37:08.147509 https://hengdajiangbeidijing.fang.com/
Logger:2020-03-15 21:37:08.457646 https://czzhengrong.fang.com/
Logger:2020-03-15 21:37:08.768202 https://jinpengqingfengmingyue.fang.com/
Logger:2020-03-15 21:37:09.418983 https://fuliwuyishuizhen.fang.com/
Logger:2020-03-15 21:37:09.719181 https://xiangjianghuangjinshidai.fang.com/
Logger:2020-03-15 21:37:10.005280 https://shangchengguojisj.fang.com/
Logger:2020-03-15 21:37:10.306523 https://zcmhyz3.fang.com/
Logger:2020-03-15 21:37:10.684021 https://biguiyuanwantingyinxiang.fang.com/
Logger:2020-03-15 21:37:11.000240 https://zhongduyuanzi.fang.com/
Logger:2020-03-15 21:37:11.295413 https://gaosugongyuanyihao.fang.com/
Logger:2020-03-15 21:37:11.605580 https://yuanyangwanheshangningfu.fang.com/
Logger:2020-03-15 21:37:11.962672 https://jplinglongwan.fang.com/
Logger:2020-03-15 21:37:12.271845 https://zhongchengpinzhucfl.fang.com/
Logger:2020-03-15 21:37:15.999213 https://chuzhou.newhouse.fang.com/house/s/b92/
Logger:2020-03-15 21:37:16.267495 https://jpljt20550.fang.com/
Logger:2020-03-15 21:37:16.707445 https://sainahepankd.fang.com/
Logger:2020-03-15 21:37:17.151567 https://biguiyuanshifugongguan.fang.com/
Logger:2020-03-15 21:37:17.523601 https://junyuehuafu0550.fang.com/
Logger:2020-03-15 21:37:17.818817 https://hklixiangcheng.fang.com/
Logger:2020-03-15 21:37:18.183451 https://zhongyangmingdibgy.fang.com/
Logger:2020-03-15 21:37:18.494270 https://jpshanheyin.fang.com/
Logger:2020-03-15 21:37:18.815736 https://yinhuashangcheng.fang.com/
Logger:2020-03-15 21:37:19.122902 https://sgxdfjz.fang.com/
Logger:2020-03-15 21:37:19.481941 https://jindiduhuiyijing.fang.com/
Logger:2020-03-15 21:37:19.820439 https://mfbgytygl.fang.com/
Logger:2020-03-15 21:37:20.127768 https://jianghaizijincheng.fang.com/
Logger:2020-03-15 21:37:20.513121 https://mingfabeizhanzhongxin.fang.com/
Logger:2020-03-15 21:37:20.836288 https://jinyuhaotingsc.fang.com/
Logger:2020-03-15 21:37:21.222223 https://biguiyuansfgg.fang.com/
Logger:2020-03-15 21:37:21.528404 https://chengshixindidl.fang.com/
Logger:2020-03-15 21:37:21.878468 https://shangzeyihaoyuan.fang.com/
Logger:2020-03-15 21:37:22.183652 https://jinlingbeichenxm.fang.com/
Logger:2020-03-15 21:37:22.543829 https://fujuehuayucheng.fang.com/
Logger:2020-03-15 21:37:22.836850 https://czwygc0550.fang.com/
Logger:2020-03-15 21:37:26.668139 https://chuzhou.newhouse.fang.com/house/s/b93/
Logger:2020-03-15 21:37:26.961318 https://gjcjyz.fang.com/
Logger:2020-03-15 21:37:27.369226 https://kdbyf.fang.com/
Logger:2020-03-15 21:37:27.788824 https://rongzhouscyh.fang.com/
Logger:2020-03-15 21:37:28.087095 https://jinselanting0550.fang.com/
Logger:2020-03-15 21:37:28.391841 https://zcmhyz.fang.com/
Logger:2020-03-15 21:37:28.769097 https://languangr26yongjinwan.fang.com/
Logger:2020-03-15 21:37:29.133091 https://cxjslt.fang.com/
Logger:2020-03-15 21:37:32.454901 https://jhyhty.fang.com/
Logger:2020-03-15 21:37:32.766432 https://tingchengpuyue.fang.com/
Logger:2020-03-15 21:37:33.134404 https://lzgyl.fang.com/
Logger:2020-03-15 21:37:33.501355 https://qjhtny.fang.com/
Logger:2020-03-15 21:37:33.907295 https://mgpswy.fang.com/
Logger:2020-03-15 21:37:34.252024 https://hdhsbd0550.fang.com/
Logger:2020-03-15 21:37:34.533949 https://xinghuicheng0550.fang.com/
Logger:2020-03-15 21:37:34.871110 https://flqcj.fang.com/
Logger:2020-03-15 21:37:35.214162 https://bgyqqyz.fang.com/
Logger:2020-03-15 21:37:37.256032 https://bgyyhgg0550.fang.com/
Logger:2020-03-15 21:37:37.526307 https://mfsyty.fang.com/
Logger:2020-03-15 21:37:37.809551 https://wyysw.fang.com/
Logger:2020-03-15 21:37:38.188625 https://juchengydf.fang.com/
Logger:2020-03-15 21:37:42.236390 https://chuzhou.newhouse.fang.com/house/s/b94/
Logger:2020-03-15 21:37:42.494662 https://bgyjpyyf.fang.com/
Logger:2020-03-15 21:37:42.771960 https://wantoubihuyunxi.fang.com/
Logger:2020-03-15 21:37:43.144874 https://gxfcgg2.fang.com/
Logger:2020-03-15 21:37:43.448100 https://bgyflzy0550.fang.com/
Logger:2020-03-15 21:37:43.764217 https://yishengjiahefu.fang.com/
Logger:2020-03-15 21:37:44.072104 https://yjyybf.fang.com/
Logger:2020-03-15 21:37:44.393810 https://jinpengshf.fang.com/
Logger:2020-03-15 21:37:44.750409 https://guoxingfeicuiwan.fang.com/
Logger:2020-03-15 21:37:45.056590 https://zcqlyz.fang.com/
Logger:2020-03-15 21:37:45.333847 https://rongshengjinxiuguandi.fang.com/
Logger:2020-03-15 21:37:45.653055 https://huaerrulinyuan.fang.com/
Logger:2020-03-15 21:37:46.023041 https://jpshj.fang.com/
Logger:2020-03-15 21:37:46.322843 https://rygbf.fang.com/
Logger:2020-03-15 21:37:46.688794 https://baihegongguan0550.fang.com/
Logger:2020-03-15 21:37:47.924135 https://jindadishidaigongguan.fang.com/
Logger:2020-03-15 21:37:49.268735 https://zzzycsgc.fang.com/
Logger:2020-03-15 21:37:49.531641 https://kaidizhidiguangchang.fang.com/
Logger:2020-03-15 21:37:49.778979 https://ganghuizhongxind.fang.com/4/
Logger:2020-03-15 21:37:50.031327 https://hsdongfanghuayuan.fang.com/
Logger:2020-03-15 21:37:52.578868 https://dingshengxingfuchengbang.fang.com/
Logger:2020-03-15 21:37:56.677901 https://chuzhou.newhouse.fang.com/house/s/b95/
Logger:2020-03-15 21:37:57.187535 https://langyafusx.fang.com/
Logger:2020-03-15 21:37:57.469713 https://sxyinglunhuadi.fang.com/
Logger:2020-03-15 21:37:57.757728 https://bjcjjingchengguoji.fang.com/
Logger:2020-03-15 21:37:58.130165 https://gongyuanyazhubgy.fang.com/
Logger:2020-03-15 21:37:58.427365 https://chengfangjinchengxuefu.fang.com/
Logger:2020-03-15 21:38:03.961189 https://ygdsja.fang.com/
Logger:2020-03-15 21:38:04.263384 https://hsqinyuanchun.fang.com/
Logger:2020-03-15 21:38:04.541806 https://jplushanyuan.fang.com/
Logger:2020-03-15 21:38:05.182127 https://alsgjp.fang.com/
Logger:2020-03-15 21:38:05.521220 https://czqcsjhlc.fang.com/
Logger:2020-03-15 21:38:08.068642 https://yinrunjinlingfu.fang.com/
Logger:2020-03-15 21:38:08.364014 https://bjcjlongyuehuafu.fang.com/
Logger:2020-03-15 21:38:10.330943 https://lanshidushihaoting.fang.com/
Logger:2020-03-15 21:38:10.587089 https://yuyedongfanghongjun0550.fang.com/
Logger:2020-03-15 21:38:10.859747 https://haoranguoji.fang.com/
Logger:2020-03-15 21:38:11.193830 https://bjcjlongxizhuangyuan.fang.com/
Logger:2020-03-15 21:38:11.562393 https://lhytdt.fang.com/
Logger:2020-03-15 21:38:11.828301 https://shengjingyyuanss.fang.com/
Logger:2020-03-15 21:38:12.211470 https://guoyujinchengbjcj.fang.com/
Logger:2020-03-15 21:38:12.495748 https://biguiyuanzilongfu2.fang.com/
Logger:2020-03-15 21:38:15.776906 https://chuzhou.newhouse.fang.com/house/s/b96/
Logger:2020-03-15 21:38:19.092703 https://xingyuhuafuyr0550.fang.com/
Logger:2020-03-15 21:38:19.567000 https://langyatianxiazj.fang.com/villa/
Logger:2020-03-15 21:38:19.860246 https://yihaoyuanxs.fang.com/
Logger:2020-03-15 21:38:21.963703 https://shuxiangmendi0550.fang.com/
Logger:2020-03-15 21:38:22.350706 https://dachengguojihx.fang.com/
Logger:2020-03-15 21:38:22.634918 https://yytianyihuating.fang.com/
Logger:2020-03-15 21:38:24.779245 https://zzxhh.fang.com/
Logger:2020-03-15 21:38:25.092408 https://henantaifu.fang.com/
Logger:2020-03-15 21:38:26.685073 https://jingweiyipin2.fang.com/
Logger:2020-03-15 21:38:29.570181 https://zhuogengtianyu0550.fang.com/
Logger:2020-03-15 21:38:29.897160 https://czncpwlyzggx.fang.com/
Logger:2020-03-15 21:38:32.005723 https://jiajingrongfu.fang.com/
Logger:2020-03-15 21:38:33.915999 https://yinxinggongguan.fang.com/
Logger:2020-03-15 21:38:37.076213 https://qingliujie.fang.com/
Logger:2020-03-15 21:38:38.412282 https://chuzhou.newhouse.fang.com/house/2120094688.htm
Logger:2020-03-15 21:38:38.697487 https://suchuqc.fang.com/
Logger:2020-03-15 21:38:42.431037 https://chuzhou.newhouse.fang.com/house/s/b97/
Logger:2020-03-15 21:38:45.973833 https://chuzhou.newhouse.fang.com/house/s/b98/
Logger:2020-03-15 21:38:49.528385 https://chuzhou.newhouse.fang.com/house/s/b99/
