Logger:2020-03-17 00:42:09.748694 https://cixi.newhouse.fang.com/house/s/b91/
Logger:2020-03-17 00:42:09.998007 https://cixiyuefu0574.fang.com/
Logger:2020-03-17 00:42:10.332097 https://guojixinchengnbhshzw.fang.com/
Logger:2020-03-17 00:42:10.595391 https://weilanhaianzy20574.fang.com/
Logger:2020-03-17 00:42:10.836746 https://lvdehaiwan2.fang.com/
Logger:2020-03-17 00:42:11.106068 https://haishangchuanqibgy.fang.com/
Logger:2020-03-17 00:42:13.046876 https://minglugongguanldxl.fang.com/
Logger:2020-03-17 00:42:13.376951 https://172112.fang.com/
Logger:2020-03-17 00:42:13.871627 https://hangzhouwansjc.fang.com/
Logger:2020-03-17 00:42:14.160853 https://jinxiudongfangguofengxiaozhen.fang.com/
Logger:2020-03-17 00:42:14.550847 https://xiangyuanmancheng0574.fang.com/
Logger:2020-03-17 00:42:14.794201 https://zhongnanbinhaiyihao.fang.com/
Logger:2020-03-17 00:42:16.196440 https://yuewanhuayuanh.fang.com/
Logger:2020-03-17 00:42:19.951363 https://linwanfu0574.fang.com/
Logger:2020-03-17 00:42:21.999883 https://172148.fang.com/
Logger:2020-03-17 00:42:22.240277 https://172124.fang.com/
Logger:2020-03-17 00:42:24.261864 https://zhongnanlongyue0574.fang.com/
Logger:2020-03-17 00:42:26.473914 https://yuehumeiluzj0574.fang.com/
Logger:2020-03-17 00:42:26.786078 https://aiqinhaiguojiguangchang0574.fang.com/
Logger:2020-03-17 00:42:29.323292 https://jiangwanshijiajd0574.fang.com/
Logger:2020-03-17 00:42:29.568660 https://yushanhu0574.fang.com/
Logger:2020-03-17 00:42:33.513125 https://cixi.newhouse.fang.com/house/s/b92/
Logger:2020-03-17 00:42:33.801343 https://yongjinwanlg0574.fang.com/
Logger:2020-03-17 00:42:34.145434 https://hangzhouwanyihaorc0574.fang.com/
Logger:2020-03-17 00:42:34.408729 https://huayangnianyuecheng.fang.com/
Logger:2020-03-17 00:42:34.650079 https://172132.fang.com/
Logger:2020-03-17 00:42:34.949244 https://huxinbandaozh0574.fang.com/
Logger:2020-03-17 00:42:35.240464 https://wuyueguangchangcxxc.fang.com/
Logger:2020-03-17 00:42:35.485837 https://172146.fang.com/
Logger:2020-03-17 00:42:35.778025 https://172136.fang.com/
Logger:2020-03-17 00:42:36.054286 https://172134.fang.com/
Logger:2020-03-17 00:42:36.348498 https://172120.fang.com/
Logger:2020-03-17 00:42:36.582914 https://172130.fang.com/
Logger:2020-03-17 00:42:38.279333 https://172150.fang.com/
Logger:2020-03-17 00:42:39.061283 https://hupan1haogd.fang.com/
Logger:2020-03-17 00:42:39.355530 https://xinghaiwanbc2.fang.com/
Logger:2020-03-17 00:42:41.410956 https://172126.fang.com/
Logger:2020-03-17 00:42:48.704486 https://172116.fang.com/
Logger:2020-03-17 00:42:51.523905 https://jiangnanyinza0574.fang.com/
Logger:2020-03-17 00:42:53.712048 https://172122.fang.com/
Logger:2020-03-17 00:42:53.964452 https://172144.fang.com/
Logger:2020-03-17 00:42:55.464396 https://172138.fang.com/
Logger:2020-03-17 00:42:59.475629 https://cixi.newhouse.fang.com/house/s/b93/
Logger:2020-03-17 00:42:59.662130 https://172128.fang.com/
Logger:2020-03-17 00:42:59.919442 https://172118.fang.com/
Logger:2020-03-17 00:43:02.580366 https://hangzhouwanxingherongyu.fang.com/
Logger:2020-03-17 00:43:02.880521 https://172140.fang.com/
Logger:2020-03-17 00:43:03.256515 https://172142.fang.com/
Logger:2020-03-17 00:43:04.508167 https://hengrunguangchang.fang.com/
Logger:2020-03-17 00:43:04.790411 https://zhongnanlvdiyd.fang.com/
Logger:2020-03-17 00:43:05.238244 https://hangzhouwanzhaofengguoji.fang.com/
Logger:2020-03-17 00:43:08.930379 https://cixi.newhouse.fang.com/house/s/b94/
Logger:2020-03-17 00:43:12.402050 https://cixi.newhouse.fang.com/house/s/b95/
Logger:2020-03-17 00:43:15.842890 https://cixi.newhouse.fang.com/house/s/b96/
