Logger:2020-03-15 22:51:41.195526 https://cqbishan.newhouse.fang.com/house/s/b91/
Logger:2020-03-15 22:51:41.613442 https://oupengyufu023.fang.com/
Logger:2020-03-15 22:51:41.972107 https://opfhgjxc023.fang.com/
Logger:2020-03-15 22:51:42.413189 https://xiuhuludao023.fang.com/
Logger:2020-03-15 22:51:42.829137 https://qianshanxinyulh023.fang.com/
Logger:2020-03-15 22:51:45.298429 https://maolaishanju023.fang.com/
Logger:2020-03-15 22:51:45.656967 https://dongfangguojihd023.fang.com/
Logger:2020-03-15 22:51:46.009765 https://bailuwanfl023.fang.com/
Logger:2020-03-15 22:51:46.443044 https://hengtaiyuefu2.fang.com/
Logger:2020-03-15 22:51:46.988597 https://huisenyuemingtai.fang.com/
Logger:2020-03-15 22:51:47.358857 https://zobhmd2023.fang.com/
Logger:2020-03-15 22:51:47.755717 https://qiushixuefu.fang.com/
Logger:2020-03-15 22:51:48.306217 https://zhongjianhushanyinxiang.fang.com/
Logger:2020-03-15 22:51:51.513291 https://zhongtierenzhijiankangcheng.fang.com/
Logger:2020-03-15 22:51:51.997994 https://bgyfcc.fang.com/
Logger:2020-03-15 22:51:52.415571 https://yunhushilirc023.fang.com/
Logger:2020-03-15 22:51:53.055865 https://cqbscbd023.fang.com/
Logger:2020-03-15 22:51:53.538604 https://xiangmanxianzgtj023.fang.com/
Logger:2020-03-15 22:51:54.092134 https://daishandao8hao023.fang.com/
Logger:2020-03-15 22:51:54.591834 https://daishanyuefu023.fang.com/
Logger:2020-03-15 22:51:56.745149 https://runfenglingshang2023.fang.com/
Logger:2020-03-15 22:52:00.591551 https://cqbishan.newhouse.fang.com/house/s/b92/
Logger:2020-03-15 22:52:03.999804 https://chongqingtianyuzhihuicheng.fang.com/
Logger:2020-03-15 22:52:05.505978 https://jinghanyunhujian2.fang.com/
Logger:2020-03-15 22:52:08.069162 https://yxgjgc2023.fang.com/
Logger:2020-03-15 22:52:12.454535 https://cqbishan.newhouse.fang.com/house/s/b93/
Logger:2020-03-15 22:52:16.221972 https://cqbishan.newhouse.fang.com/house/s/b94/
Logger:2020-03-15 22:52:19.921616 https://cqbishan.newhouse.fang.com/house/s/b95/
