Logger:2020-03-15 22:48:18.185510 https://cqchangshou.newhouse.fang.com/house/s/b91/
Logger:2020-03-15 22:48:18.488698 https://hengdahushanbandao.fang.com/
Logger:2020-03-15 22:48:18.857808 https://puti1hao.fang.com/
Logger:2020-03-15 22:48:19.208869 https://heyirongfu.fang.com/
Logger:2020-03-15 22:48:19.683599 https://shijiechengjk2023.fang.com/
Logger:2020-03-15 22:48:20.254741 https://jinkeshijiechengcs.fang.com/
Logger:2020-03-15 22:48:20.653608 https://jimeiwenyuanjk.fang.com/
Logger:2020-03-15 22:48:21.017754 https://yihaogongguanbl2023.fang.com/
Logger:2020-03-15 22:48:21.417181 https://huyuchengxj023.fang.com/
Logger:2020-03-15 22:48:21.738322 https://zhongyanggongyuan023.fang.com/
Logger:2020-03-15 22:48:23.666341 https://shidaiguoji2023.fang.com/
Logger:2020-03-15 22:48:25.618535 https://xinkangpushan.fang.com/
Logger:2020-03-15 22:48:26.011483 https://tiangongruicheng023.fang.com/
Logger:2020-03-15 22:48:28.128041 https://putiyinxiangysd.fang.com/
Logger:2020-03-15 22:48:28.468156 https://yufuhuatingty.fang.com/
Logger:2020-03-15 22:48:28.818229 https://meilizejing2023.fang.com/
Logger:2020-03-15 22:48:29.469255 https://fuyingwan.fang.com/
Logger:2020-03-15 22:48:29.849239 https://hubinxiangshanjp023.fang.com/
Logger:2020-03-15 22:48:30.182629 https://yunshuijianxt.fang.com/
Logger:2020-03-15 22:48:31.431253 https://shidichangshouxiangmu.fang.com/
Logger:2020-03-15 22:48:31.771306 https://xinfumantinglg.fang.com/
Logger:2020-03-15 22:48:35.657251 https://cqchangshou.newhouse.fang.com/house/s/b92/
Logger:2020-03-15 22:48:35.935509 https://xiangdilanwanyf023.fang.com/
Logger:2020-03-15 22:48:36.255660 https://haoyuanbgy2023.fang.com/
Logger:2020-03-15 22:48:36.639605 https://yangguangxiaozhenjk2023.fang.com/
Logger:2020-03-15 22:48:37.015640 https://changshouguzhen2023.fang.com/
Logger:2020-03-15 22:48:37.376678 https://czcgc023.fang.com/
Logger:2020-03-15 22:48:39.529851 https://jiarihuayuandh023.fang.com/
Logger:2020-03-15 22:48:39.865026 https://meilihuyb.fang.com/
Logger:2020-03-15 22:48:40.415088 https://hanlingangwan023.fang.com/
Logger:2020-03-15 22:48:40.791110 https://shihujinyuanro.fang.com/
Logger:2020-03-15 22:48:41.190108 https://huangjueyaju.fang.com/
Logger:2020-03-15 22:48:41.532126 https://shidaizhongxin2023.fang.com/
Logger:2020-03-15 22:48:41.948898 https://xinchengjijs.fang.com/
Logger:2020-03-15 22:48:42.264440 https://yfxdyj.fang.com/
Logger:2020-03-15 22:48:42.596581 https://huangguanyihao2023.fang.com/
Logger:2020-03-15 22:48:42.929705 https://ruiouguoji.fang.com/
Logger:2020-03-15 22:48:45.012776 https://jiangyuan2023.fang.com/
Logger:2020-03-15 22:48:48.884018 https://cqchangshou.newhouse.fang.com/house/s/b93/
Logger:2020-03-15 22:48:52.430789 https://cqchangshou.newhouse.fang.com/house/s/b94/
Logger:2020-03-15 22:48:56.031186 https://cqchangshou.newhouse.fang.com/house/s/b95/
