Logger:2020-03-15 22:50:22.302362 https://cqdazu.newhouse.fang.com/house/s/b91/
Logger:2020-03-15 22:50:22.619511 https://dazujimeitianchenjk.fang.com/
Logger:2020-03-15 22:50:30.047277 https://htgjyqgx.fang.com/
Logger:2020-03-15 22:50:30.872962 https://haoyangkcheng023.fang.com/
Logger:2020-03-15 22:50:31.291238 https://gctlw023.fang.com/
Logger:2020-03-15 22:50:33.618687 https://xfsadz.fang.com/
Logger:2020-03-15 22:50:33.963797 https://sxgjggdz.fang.com/
Logger:2020-03-15 22:50:34.349769 https://tangningfudb.fang.com/
Logger:2020-03-15 22:50:34.690871 https://tywxhf.fang.com/
Logger:2020-03-15 22:50:35.200019 https://jinxiunanshan023.fang.com/
Logger:2020-03-15 22:50:37.422343 https://skxcgjdz.fang.com/
Logger:2020-03-15 22:50:37.777403 https://taolichunfeng023.fang.com/
Logger:2020-03-15 22:50:40.431313 https://lvdihaitangwan.fang.com/
Logger:2020-03-15 22:50:40.824199 https://xlkqmd.fang.com/
Logger:2020-03-15 22:50:41.141385 https://jydhdz.fang.com/
Logger:2020-03-15 22:50:41.448552 https://jgjxld023.fang.com/
Logger:2020-03-15 22:50:41.782638 https://dazujimeijiangshan.fang.com/
Logger:2020-03-15 22:50:42.200070 https://haitangguojicx.fang.com/
Logger:2020-03-15 22:50:42.547748 https://lshgjlydjq023.fang.com/
Logger:2020-03-15 22:50:43.031453 https://bayuexihu.fang.com/
Logger:2020-03-15 22:50:43.351634 https://bailuzhouyf.fang.com/
Logger:2020-03-15 22:50:48.157501 https://cqdazu.newhouse.fang.com/house/s/b92/
Logger:2020-03-15 22:50:48.564776 https://lqsfqy.fang.com/
Logger:2020-03-15 22:50:48.873362 https://jkzygyc023.fang.com/
Logger:2020-03-15 22:50:49.180540 https://xsdtjdz.fang.com/
Logger:2020-03-15 22:50:49.535591 https://xtsxdz.fang.com/
Logger:2020-03-15 22:50:50.054276 https://yslfdz.fang.com/
Logger:2020-03-15 22:50:50.485523 https://gtxsdgcdz.fang.com/
Logger:2020-03-15 22:50:50.766773 https://guantangxiaoyuemk.fang.com/
Logger:2020-03-15 22:50:51.098958 https://xcseq023.fang.com/
Logger:2020-03-15 22:50:51.480872 https://zjhtxgdz.fang.com/
Logger:2020-03-15 22:50:51.798071 https://dihaomd.fang.com/
Logger:2020-03-15 22:50:52.114222 https://xiguitang2023.fang.com/
Logger:2020-03-15 22:50:52.462294 https://dachengxiaoyuan023.fang.com/
Logger:2020-03-15 22:50:52.852248 https://jsjdz.fang.com/
Logger:2020-03-15 22:50:53.155045 https://hhgys.fang.com/
Logger:2020-03-15 22:50:53.483407 https://zswlc023.fang.com/
Logger:2020-03-15 22:50:53.834809 https://zdlhgj.fang.com/
Logger:2020-03-15 22:50:54.264659 https://sqlwgjdz.fang.com/
Logger:2020-03-15 22:50:54.813257 https://zhongyangxintiandi023.fang.com/
Logger:2020-03-15 22:50:55.166254 https://jiafengqincheng.fang.com/
Logger:2020-03-15 22:50:56.914424 https://dazuyinxiang023.fang.com/
Logger:2020-03-15 22:51:01.631279 https://cqdazu.newhouse.fang.com/house/s/b93/
Logger:2020-03-15 22:51:01.928496 https://blgcdz.fang.com/
Logger:2020-03-15 22:51:02.268606 https://qyzygc.fang.com/
Logger:2020-03-15 22:51:02.595673 https://dzbszy.fang.com/
Logger:2020-03-15 22:51:03.018547 https://bayuezhuang023.fang.com/
Logger:2020-03-15 22:51:03.397344 https://xihulidu023.fang.com/
Logger:2020-03-15 22:51:03.743384 https://ylfdwdz.fang.com/
Logger:2020-03-15 22:51:04.060535 https://zdlhld023.fang.com/
Logger:2020-03-15 22:51:04.395638 https://dysjdx.fang.com/
Logger:2020-03-15 22:51:04.835903 https://nyljdz.fang.com/
Logger:2020-03-15 22:51:05.164712 https://lsrjcdz.fang.com/
Logger:2020-03-15 22:51:05.495833 https://xichengmingdu.fang.com/
Logger:2020-03-15 22:51:08.843461 https://mocoguojibr2023.fang.com/
Logger:2020-03-15 22:51:10.828818 https://zhongguoxinancheng.fang.com/
Logger:2020-03-15 22:51:13.412466 https://zyggdz.fang.com/
Logger:2020-03-15 22:51:13.734615 https://tangchenglidu2023.fang.com/
Logger:2020-03-15 22:51:14.909034 https://dazu.newhouse.fang.com/house/3126276374.htm
Logger:2020-03-15 22:51:15.194272 https://htrjdz.fang.com/
Logger:2020-03-15 22:51:15.578245 https://qylhxy023.fang.com/
Logger:2020-03-15 22:51:15.911542 https://skzyxtd.fang.com/
Logger:2020-03-15 22:51:16.227755 https://dijingchunxiao023.fang.com/
Logger:2020-03-15 22:51:20.296823 https://cqdazu.newhouse.fang.com/house/s/b94/
Logger:2020-03-15 22:51:20.760449 https://longwanjingcheng.fang.com/
Logger:2020-03-15 22:51:21.292034 https://tgjftc.fang.com/
Logger:2020-03-15 22:51:21.582294 https://dcccyxdz.fang.com/
Logger:2020-03-15 22:51:22.050780 https://xiangshanyinxiang023.fang.com/
Logger:2020-03-15 22:51:24.209837 https://byygxc.fang.com/
Logger:2020-03-15 22:51:24.625452 https://nanshanmingzhu023.fang.com/
Logger:2020-03-15 22:51:24.979340 https://tzbcxddz.fang.com/
Logger:2020-03-15 22:51:25.400847 https://byjndz.fang.com/
Logger:2020-03-15 22:51:29.240739 https://cqdazu.newhouse.fang.com/house/s/b95/
Logger:2020-03-15 22:51:32.894497 https://cqdazu.newhouse.fang.com/house/s/b96/
Logger:2020-03-15 22:51:36.514059 https://cqdazu.newhouse.fang.com/house/s/b97/
