Logger:2020-03-15 22:45:38.750754 https://cqjiangjin.newhouse.fang.com/house/s/b91/
Logger:2020-03-15 22:45:39.061935 https://feicuilanshan.fang.com/
Logger:2020-03-15 22:45:39.523701 https://guojiwenhuachenghd.fang.com/
Logger:2020-03-15 22:45:40.123977 https://ziyunjizn.fang.com/
Logger:2020-03-15 22:45:40.495709 https://zhongliangshoufucx.fang.com/
Logger:2020-03-15 22:45:40.870478 https://zhonglianghuafucx.fang.com/
Logger:2020-03-15 22:45:41.263427 https://shangyuejufl023.fang.com/
Logger:2020-03-15 22:45:41.606508 https://zhuanshanxiyuanjzy.fang.com/
Logger:2020-03-15 22:45:41.938622 https://chunfengduhy.fang.com/
Logger:2020-03-15 22:45:44.607207 https://sfsdgc023.fang.com/
Logger:2020-03-15 22:45:44.999180 https://kunzhouhuafu.fang.com/
Logger:2020-03-15 22:45:45.372215 https://luohuangshidaiguangchangyf.fang.com/
Logger:2020-03-15 22:45:45.789076 https://xintiandiza023.fang.com/
Logger:2020-03-15 22:45:46.179115 https://yunshanxiaozhen.fang.com/
Logger:2020-03-15 22:45:46.620611 https://heyulinyunxc.fang.com/
Logger:2020-03-15 22:45:46.973677 https://sdhyy.fang.com/
Logger:2020-03-15 22:45:47.297719 https://tongfuguoji.fang.com/
Logger:2020-03-15 22:45:47.651824 https://jinbitianxiahd2023.fang.com/
Logger:2020-03-15 22:45:48.176426 https://xiangruicheng.fang.com/
Logger:2020-03-15 22:45:48.496505 https://wenquanchengdy023.fang.com/
Logger:2020-03-15 22:45:48.891649 https://jimeidongfangjk.fang.com/
Logger:2020-03-15 22:45:52.671273 https://cqjiangjin.newhouse.fang.com/house/s/b92/
Logger:2020-03-15 22:45:52.969478 https://gongyuanhuafutlj.fang.com/
Logger:2020-03-15 22:45:53.458132 https://yxsms023.fang.com/
Logger:2020-03-15 22:45:53.863602 https://yujinghaoge023.fang.com/
Logger:2020-03-15 22:45:54.197636 https://jksjcjj.fang.com/
Logger:2020-03-15 22:45:57.093719 https://bandaomingzhu023.fang.com/
Logger:2020-03-15 22:45:57.443752 https://jbxdh.fang.com/
Logger:2020-03-15 22:45:57.788083 https://jcxsmj.fang.com/
Logger:2020-03-15 22:45:58.288047 https://chongjiangzhuyc.fang.com/
Logger:2020-03-15 22:45:58.710956 https://shuangfulafeigongguanxop.fang.com/
Logger:2020-03-15 22:46:02.538094 https://bingjiangchunchengch.fang.com/
Logger:2020-03-15 22:46:02.834336 https://zhongyangdadaoygc.fang.com/
Logger:2020-03-15 22:46:03.166372 https://yinghongcheng023.fang.com/
Logger:2020-03-15 22:46:03.576277 https://jinduhaianht.fang.com/
Logger:2020-03-15 22:46:05.007565 https://xinshiqujy023.fang.com/
Logger:2020-03-15 22:46:05.368571 https://baoliguojigk.fang.com/
Logger:2020-03-15 22:46:05.685723 https://smsjrxz.fang.com/
Logger:2020-03-15 22:46:06.101126 https://xingfuxingcheng.fang.com/
Logger:2020-03-15 22:46:06.426791 https://gjqyzbkh.fang.com/
Logger:2020-03-15 22:46:06.752887 https://binjiangzhongxinjk.fang.com/
Logger:2020-03-15 22:46:07.084027 https://jinchengyihao023.fang.com/
Logger:2020-03-15 22:46:11.035836 https://cqjiangjin.newhouse.fang.com/house/s/b93/
Logger:2020-03-15 22:46:11.412836 https://fuchengzhongyang.fang.com/
Logger:2020-03-15 22:46:13.809201 https://shidiqiangweixian023.fang.com/
Logger:2020-03-15 22:46:14.149078 https://yunjingtaizj2023.fang.com/
Logger:2020-03-15 22:46:14.499923 https://wanshuiqianshanxr023.fang.com/
Logger:2020-03-15 22:46:14.800356 https://shuianhuadu2023.fang.com/
Logger:2020-03-15 22:46:15.172947 https://weilaichengyd023.fang.com/
Logger:2020-03-15 22:46:15.462922 https://xianchinali.fang.com/
Logger:2020-03-15 22:46:15.840909 https://yujingyuanyh023.fang.com/
Logger:2020-03-15 22:46:17.733856 https://cjqygyd.fang.com/
Logger:2020-03-15 22:46:18.036987 https://qingyunlinhainb.fang.com/
Logger:2020-03-15 22:46:18.469021 https://jimeichengjk.fang.com/
Logger:2020-03-15 22:46:18.908643 https://shizhushengjingdongfang.fang.com/
Logger:2020-03-15 22:46:19.391803 https://jiangjinjimeidongfangjk.fang.com/
Logger:2020-03-15 22:46:19.843571 https://guojishequjy2.fang.com/
Logger:2020-03-15 22:46:20.235505 https://lutaishanshexh.fang.com/
Logger:2020-03-15 22:46:20.847768 https://chunsanliyc.fang.com/
Logger:2020-03-15 22:46:21.234241 https://qianhelongwan023.fang.com/
Logger:2020-03-15 22:46:21.638197 https://wdlygw023.fang.com/
Logger:2020-03-15 22:46:21.965326 https://dgcsgc.fang.com/
Logger:2020-03-15 22:46:22.365015 https://shangchengxh.fang.com/
Logger:2020-03-15 22:46:25.968554 https://cqjiangjin.newhouse.fang.com/house/s/b94/
Logger:2020-03-15 22:46:27.547120 https://wanqiancheng023.fang.com/
Logger:2020-03-15 22:46:29.215285 https://rytdsty.fang.com/
Logger:2020-03-15 22:46:29.533554 https://mtgywf023.fang.com/
Logger:2020-03-15 22:46:29.992267 https://yunlingcuihujc.fang.com/
Logger:2020-03-15 22:46:30.375787 https://zyzbjlh.fang.com/
Logger:2020-03-15 22:46:30.911860 https://apsyh.fang.com/
Logger:2020-03-15 22:46:31.201161 https://shengjinghuating023.fang.com/
Logger:2020-03-15 22:46:33.641170 https://dggsyhfm.fang.com/
Logger:2020-03-15 22:46:33.922987 https://sijihuadu023.fang.com/
Logger:2020-03-15 22:46:34.267815 https://mingyuetianyi.fang.com/
Logger:2020-03-15 22:46:34.596939 https://tiandaohu023.fang.com/
Logger:2020-03-15 22:46:35.119541 https://tianchibiyuan.fang.com/
Logger:2020-03-15 22:46:35.413756 https://shijihuacheng2023.fang.com/
Logger:2020-03-15 22:46:35.718545 https://guiyuanxiaoqu023.fang.com/
Logger:2020-03-15 22:46:36.085292 https://yunzhuanliyuanrw.fang.com/
Logger:2020-03-15 22:46:36.470704 https://xshdjc.fang.com/
Logger:2020-03-15 22:46:38.735106 https://fuchengtianjiegk.fang.com/
Logger:2020-03-15 22:46:39.022337 https://jsjgjlydjq023.fang.com/
Logger:2020-03-15 22:46:39.370496 https://yunlinxianyuxy.fang.com/
Logger:2020-03-15 22:46:39.765041 https://qingxiyuannb.fang.com/
Logger:2020-03-15 22:46:43.589088 https://cqjiangjin.newhouse.fang.com/house/s/b95/
Logger:2020-03-15 22:46:43.846258 https://tangheyinxiang.fang.com/
Logger:2020-03-15 22:46:47.945558 https://meilijingchengjh023.fang.com/
Logger:2020-03-15 22:46:48.234780 https://wqcsq023.fang.com/
Logger:2020-03-15 22:46:48.594816 https://ylgjwjjdc.fang.com/
Logger:2020-03-15 22:46:48.946461 https://tdysg023.fang.com/
Logger:2020-03-15 22:46:49.293992 https://xichengzhongxinxr023.fang.com/
Logger:2020-03-15 22:46:49.628662 https://jinyudalinghu.fang.com/
Logger:2020-03-15 22:46:50.055519 https://jkzygycjj.fang.com/
Logger:2020-03-15 22:46:50.420543 https://dixinyangguangtianchen.fang.com/
Logger:2020-03-15 22:46:50.795539 https://jdyjs023.fang.com/
Logger:2020-03-15 22:46:51.087235 https://zhongjiaokangqiao023.fang.com/
Logger:2020-03-15 22:46:51.530553 https://simianshanshuilw023.fang.com/
Logger:2020-03-15 22:46:51.816059 https://yundingyangguangxr023.fang.com/
Logger:2020-03-15 22:46:52.099340 https://yongshanjunjy023.fang.com/
Logger:2020-03-15 22:46:52.396543 https://shidaigangwanzs023.fang.com/
Logger:2020-03-15 22:46:52.710707 https://jinchengshangu.fang.com/
Logger:2020-03-15 22:46:53.135680 https://jinshanyunyan.fang.com/
Logger:2020-03-15 22:46:53.469852 https://mingyuexiangshan.fang.com/
Logger:2020-03-15 22:46:53.785968 https://songshanyunhai023.fang.com/
Logger:2020-03-15 22:46:54.111098 https://fqbjyh023.fang.com/
Logger:2020-03-15 22:46:57.547941 https://cqjiangjin.newhouse.fang.com/house/s/b96/
Logger:2020-03-15 22:46:57.758369 https://jinjianggangwanls023.fang.com/
Logger:2020-03-15 22:46:58.063586 https://jingcaicheng023.fang.com/
Logger:2020-03-15 22:46:58.360319 https://jijiangdayuantf023.fang.com/
Logger:2020-03-15 22:47:00.614373 https://hfldjc.fang.com/
Logger:2020-03-15 22:47:04.195235 https://cqjiangjin.newhouse.fang.com/house/s/b97/
Logger:2020-03-15 22:47:07.891361 https://cqjiangjin.newhouse.fang.com/house/s/b98/
Logger:2020-03-15 22:47:11.727753 https://cqjiangjin.newhouse.fang.com/house/s/b99/
