Logger:2020-03-15 22:48:59.766729 https://cqnanchuan.newhouse.fang.com/house/s/b91/
Logger:2020-03-15 22:49:00.095392 https://nanchuanhengdabinhezuoan.fang.com/
Logger:2020-03-15 22:49:00.611298 https://120504.fang.com/
Logger:2020-03-15 22:49:01.010673 https://nanchuanfeicuishijiabgy.fang.com/
Logger:2020-03-15 22:49:01.350763 https://nanchuanfeicuilanshanbgy.fang.com/
Logger:2020-03-15 22:49:01.699829 https://guojiyangshengguly.fang.com/
Logger:2020-03-15 22:49:02.117257 https://tongxixuefusd.fang.com/
Logger:2020-03-15 22:49:02.462375 https://yongjinlantinglgsj.fang.com/
Logger:2020-03-15 22:49:02.878269 https://122646.fang.com/
Logger:2020-03-15 22:49:03.289177 https://lixianghuzh023.fang.com/
Logger:2020-03-15 22:49:03.627296 https://shijiechengncjk.fang.com/
Logger:2020-03-15 22:49:03.989942 https://zhongyanghuayuandk023.fang.com/
Logger:2020-03-15 22:49:04.336596 https://nanyuefuzj.fang.com/
Logger:2020-03-15 22:49:04.784399 https://yunlingbieyuan.fang.com/
Logger:2020-03-15 22:49:05.131469 https://yufengbx.fang.com/
Logger:2020-03-15 22:49:07.829309 https://jiudingfengjing.fang.com/
Logger:2020-03-15 22:49:08.133496 https://meilujf.fang.com/
Logger:2020-03-15 22:49:08.533960 https://xiaoyuewanxdb.fang.com/
Logger:2020-03-15 22:49:08.884761 https://lckylydjqxm.fang.com/
Logger:2020-03-15 22:49:09.220638 https://shijihuachengha2.fang.com/
Logger:2020-03-15 22:49:09.560231 https://shangduhui023.fang.com/
Logger:2020-03-15 22:49:13.229593 https://cqnanchuan.newhouse.fang.com/house/s/b92/
Logger:2020-03-15 22:49:14.980524 https://shanyuquan.fang.com/
Logger:2020-03-15 22:49:15.293728 https://lvmeiguojichengrh.fang.com/
Logger:2020-03-15 22:49:15.593465 https://wenshagongguannc.fang.com/
Logger:2020-03-15 22:49:15.909628 https://yajujk.fang.com/
Logger:2020-03-15 22:49:16.359931 https://binjiangyihaosy023.fang.com/
Logger:2020-03-15 22:49:16.696067 https://dongjunkt.fang.com/
Logger:2020-03-15 22:49:17.023164 https://shuijiangyunbin023.fang.com/
Logger:2020-03-15 22:49:21.098639 https://cqnanchuan.newhouse.fang.com/house/s/b93/
Logger:2020-03-15 22:49:24.930390 https://cqnanchuan.newhouse.fang.com/house/s/b94/
Logger:2020-03-15 22:49:28.658557 https://cqnanchuan.newhouse.fang.com/house/s/b95/
