Logger:2020-03-15 22:47:15.410110 https://cqtongliang.newhouse.fang.com/house/s/b91/
Logger:2020-03-15 22:47:15.680921 https://longchengshoufu023.fang.com/
Logger:2020-03-15 22:47:19.925655 https://yuquanhuayuanhd.fang.com/
Logger:2020-03-15 22:47:21.325211 https://jinyuecheng023.fang.com/
Logger:2020-03-15 22:47:21.646355 https://tongliangjinkejimeidongfang.fang.com/
Logger:2020-03-15 22:47:21.999758 https://yuchenglixiang.fang.com/
Logger:2020-03-15 22:47:22.361802 https://bocuiyundijk.fang.com/
Logger:2020-03-15 22:47:22.767472 https://sijihuacheng023.fang.com/
Logger:2020-03-15 22:47:23.276180 https://longchengguojibc.fang.com/
Logger:2020-03-15 22:47:23.597316 https://guojiduhuibl.fang.com/
Logger:2020-03-15 22:47:23.979326 https://longtengshengshipr.fang.com/
Logger:2020-03-15 22:47:29.856943 https://hanlintianxia.fang.com/
Logger:2020-03-15 22:47:30.394519 https://longchengyujing023.fang.com/
Logger:2020-03-15 22:47:30.741591 https://beichenglanhu023.fang.com/
Logger:2020-03-15 22:47:31.049768 https://shangshehui.fang.com/
Logger:2020-03-15 22:47:31.472396 https://jiahedarunfaguangchang.fang.com/
Logger:2020-03-15 22:47:31.812566 https://tianyixingcheng.fang.com/
Logger:2020-03-15 22:47:32.125233 https://xiangbinchenghongbo.fang.com/
Logger:2020-03-15 22:47:32.443986 https://beichenglongjun.fang.com/
Logger:2020-03-15 22:47:32.880814 https://shuianguojilxj023.fang.com/
Logger:2020-03-15 22:47:33.206933 https://oulujingdianbjcj023.fang.com/
Logger:2020-03-15 22:47:37.290462 https://cqtongliang.newhouse.fang.com/house/s/b92/
Logger:2020-03-15 22:47:37.548385 https://shangpinshijia2023.fang.com/
Logger:2020-03-15 22:47:37.919161 https://yihaogongguanop023.fang.com/
Logger:2020-03-15 22:47:41.264562 https://huaxiakangcheng023.fang.com/
Logger:2020-03-15 22:47:41.572425 https://luomanshan023.fang.com/
Logger:2020-03-15 22:47:41.922520 https://yifenglongzeyuan.fang.com/
Logger:2020-03-15 22:47:42.287589 https://shidaiguangchangld.fang.com/
Logger:2020-03-15 22:47:42.604685 https://zhantuyingyue.fang.com/
Logger:2020-03-15 22:47:42.910698 https://jinhaojiayuan2023.fang.com/
Logger:2020-03-15 22:47:43.224855 https://taiyangcheng023.fang.com/
Logger:2020-03-15 22:47:43.690101 https://jinyuhuafu023.fang.com/
Logger:2020-03-15 22:47:44.018227 https://shidaiguangchangdh023.fang.com/
Logger:2020-03-15 22:47:44.392728 https://xuefuyayuan023.fang.com/
Logger:2020-03-15 22:47:44.715229 https://beiguofengguangpr023.fang.com/
Logger:2020-03-15 22:47:45.055414 https://nanchengguojihy.fang.com/
Logger:2020-03-15 22:47:45.455780 https://lmsdtj.fang.com/
Logger:2020-03-15 22:47:45.768978 https://lantingbieyuan023.fang.com/
Logger:2020-03-15 22:47:49.473033 https://longxuandadi023.fang.com/
Logger:2020-03-15 22:47:49.941368 https://meilizejing023.fang.com/
Logger:2020-03-15 22:47:50.639513 https://shangpinguoji2023.fang.com/
Logger:2020-03-15 22:47:50.979098 https://wenshamingyuan023.fang.com/
Logger:2020-03-15 22:47:54.419214 https://cqtongliang.newhouse.fang.com/house/s/b93/
Logger:2020-03-15 22:47:54.704078 https://fenghuangjunsy023.fang.com/
Logger:2020-03-15 22:47:55.079643 https://yujingtianxia023.fang.com/
Logger:2020-03-15 22:47:55.388942 https://menghushanzhuang023.fang.com/
Logger:2020-03-15 22:47:55.868634 https://ygsahh.fang.com/
Logger:2020-03-15 22:48:00.752028 https://yangguangliduxc.fang.com/
Logger:2020-03-15 22:48:01.104891 https://longshanshangyuantt023.fang.com/
Logger:2020-03-15 22:48:01.550218 https://yufutx.fang.com/
Logger:2020-03-15 22:48:01.861459 https://lantingyashe023.fang.com/
Logger:2020-03-15 22:48:02.159617 https://tongliangyinxiangmt023.fang.com/
Logger:2020-03-15 22:48:02.537650 https://huafufengjing023.fang.com/
Logger:2020-03-15 22:48:02.843788 https://lcdsj.fang.com/
Logger:2020-03-15 22:48:03.169449 https://huaiyuanguzhen023.fang.com/
Logger:2020-03-15 22:48:06.840320 https://cqtongliang.newhouse.fang.com/house/s/b94/
Logger:2020-03-15 22:48:10.785710 https://cqtongliang.newhouse.fang.com/house/s/b95/
Logger:2020-03-15 22:48:14.521397 https://cqtongliang.newhouse.fang.com/house/s/b96/
