Logger:2020-03-15 22:52:23.634344 https://cqtongnan.newhouse.fang.com/house/s/b91/
Logger:2020-03-15 22:52:23.912889 https://dahongshengjing.fang.com/
Logger:2020-03-15 22:52:24.289680 https://tongnanhengdalvzhou.fang.com/
Logger:2020-03-15 22:52:24.753500 https://opzygy023.fang.com/
Logger:2020-03-15 22:52:25.134480 https://shuyuanxuefu.fang.com/
Logger:2020-03-15 22:52:25.469584 https://dtlfht.fang.com/
Logger:2020-03-15 22:52:25.795279 https://lxzydj.fang.com/
Logger:2020-03-15 22:52:26.123433 https://yuexiutianchenpr.fang.com/
Logger:2020-03-15 22:52:26.581348 https://tryjjs.fang.com/
Logger:2020-03-15 22:52:26.917429 https://tairanju023.fang.com/
Logger:2020-03-15 22:52:27.291422 https://zrbjgg.fang.com/
Logger:2020-03-15 22:52:29.392514 https://tnbjyh.fang.com/
Logger:2020-03-15 22:52:31.923651 https://fujiangmingduky023.fang.com/
Logger:2020-03-15 22:52:32.350525 https://shangchenghuafuwy023.fang.com/
Logger:2020-03-15 22:52:32.789986 https://yuntingtanxiangshan.fang.com/
Logger:2020-03-15 22:52:33.156013 https://hexflw.fang.com/
Logger:2020-03-15 22:52:33.619769 https://fenghuangtai2023.fang.com/
Logger:2020-03-15 22:52:33.988847 https://zrxfct.fang.com/
Logger:2020-03-15 22:52:36.084443 https://yxbdxj.fang.com/
Logger:2020-03-15 22:52:37.257357 https://huaxiatianyu.fang.com/2/
Logger:2020-03-15 22:52:37.693791 https://yjblgg023.fang.com/
Logger:2020-03-15 22:52:41.620170 https://cqtongnan.newhouse.fang.com/house/s/b92/
Logger:2020-03-15 22:52:44.452795 https://xuefujinjie023.fang.com/
Logger:2020-03-15 22:52:47.000230 https://waitanguoji023.fang.com/
Logger:2020-03-15 22:52:47.340358 https://shangchenghuafu2023.fang.com/
Logger:2020-03-15 22:52:47.767234 https://zrsjzc.fang.com/
Logger:2020-03-15 22:52:48.103910 https://sczact2023.fang.com/
Logger:2020-03-15 22:52:48.453947 https://jcmlyg.fang.com/
Logger:2020-03-15 22:52:48.836988 https://bnxtd.fang.com/
Logger:2020-03-15 22:52:49.279823 https://kaixuanmingcheng023.fang.com/
Logger:2020-03-15 22:52:49.650277 https://lxytxhy023.fang.com/
Logger:2020-03-15 22:52:50.113551 https://huashayipin.fang.com/
Logger:2020-03-15 22:52:50.472614 https://jiannenglvdu023.fang.com/
Logger:2020-03-15 22:52:52.501831 https://keyihuayangnian.fang.com/
Logger:2020-03-15 22:52:56.098121 https://cqtongnan.newhouse.fang.com/house/s/b93/
Logger:2020-03-15 22:52:59.616793 https://cqtongnan.newhouse.fang.com/house/s/b94/
Logger:2020-03-15 22:53:03.244902 https://cqtongnan.newhouse.fang.com/house/s/b95/
