Logger:2020-03-16 11:31:35.921323 https://cs.newhouse.fang.com/house/s/b91/
Logger:2020-03-16 11:31:36.259370 https://shilitianchins.fang.com/
Logger:2020-03-16 11:31:36.657368 https://189678.fang.com/
Logger:2020-03-16 11:31:36.978656 https://jinsemengxiangwk0731.fang.com/
Logger:2020-03-16 11:31:37.407484 https://chunjianglichenglh0731.fang.com/
Logger:2020-03-16 11:31:37.721319 https://changshatiandixhd.fang.com/
Logger:2020-03-16 11:31:38.217136 https://qingzhuyuanlc0731.fang.com/
Logger:2020-03-16 11:31:38.667295 https://xinglongwancf.fang.com/
Logger:2020-03-16 11:31:39.131431 https://xiaoxiangmingcheng.fang.com/3/
Logger:2020-03-16 11:31:39.487404 https://xintiandimx.fang.com/
Logger:2020-03-16 11:31:39.812759 https://aohailanting0731.fang.com/
Logger:2020-03-16 11:31:40.220639 https://junyuefucshd.fang.com/
Logger:2020-03-16 11:31:40.620310 https://tanfuygc0731.fang.com/
Logger:2020-03-16 11:31:40.957025 https://yundingduhuijzy.fang.com/
Logger:2020-03-16 11:31:41.252637 https://ashenan2hao.fang.com/
Logger:2020-03-16 11:31:41.577588 https://rongchuangchengcs.fang.com/
Logger:2020-03-16 11:31:41.960683 https://weiershichuntian0731.fang.com/
Logger:2020-03-16 11:31:42.288998 https://lixiangyuebgy.fang.com/
Logger:2020-03-16 11:31:42.619939 https://weilaiyuehsygc.fang.com/
Logger:2020-03-16 11:31:42.985323 https://shangducheng.fang.com/
Logger:2020-03-16 11:31:43.329005 https://weilaichenghqsj.fang.com/
Logger:2020-03-16 11:31:47.260122 https://cs.newhouse.fang.com/house/s/b92/
Logger:2020-03-16 11:31:47.567529 https://weilaichenghqsj.fang.com/
Logger:2020-03-16 11:31:47.927782 https://189400.fang.com/
Logger:2020-03-16 11:31:48.240656 https://qiangweiguoji.fang.com/
Logger:2020-03-16 11:31:48.615142 https://qingzhuhujj.fang.com/
Logger:2020-03-16 11:31:48.972063 https://wanjinglanshanwk.fang.com/
Logger:2020-03-16 11:31:49.318597 https://meidelufu.fang.com/
Logger:2020-03-16 11:31:49.651944 https://cuicantianchengsm0731.fang.com/
Logger:2020-03-16 11:31:49.997539 https://wenlanfuah.fang.com/
Logger:2020-03-16 11:31:50.325060 https://meixiyuezhang.fang.com/
Logger:2020-03-16 11:31:50.668501 https://zhongnanhonglingbang.fang.com/
Logger:2020-03-16 11:31:51.215803 https://daduhuibl0731.fang.com/
Logger:2020-03-16 11:31:51.533800 https://meixiyifangns.fang.com/
Logger:2020-03-16 11:31:51.832646 https://huijingfazhanhuanqiuzhongxin.fang.com/
Logger:2020-03-16 11:31:52.095965 https://feilijunxy.fang.com/
Logger:2020-03-16 11:31:52.473331 https://meilizhichengwk0731.fang.com/
Logger:2020-03-16 11:31:52.935187 https://zhongyanggongguanbl0731.fang.com/
Logger:2020-03-16 11:31:53.284074 https://shidaiqingcheng.fang.com/
Logger:2020-03-16 11:31:53.733151 https://cshdwhlyc.fang.com/
Logger:2020-03-16 11:31:54.160719 https://aohaigushanfu0731.fang.com/
Logger:2020-03-16 11:31:54.566915 https://baolitianxi0731.fang.com/
Logger:2020-03-16 11:31:58.360941 https://cs.newhouse.fang.com/house/s/b93/
Logger:2020-03-16 11:31:58.660390 https://baolitianxi0731.fang.com/
Logger:2020-03-16 11:31:59.044861 https://youbuhuayuanjh0731.fang.com/
Logger:2020-03-16 11:31:59.396840 https://jianfayangzhu.fang.com/
Logger:2020-03-16 11:31:59.695424 https://futianxingzhongxin.fang.com/
Logger:2020-03-16 11:32:00.069917 https://xiangjiangtiandirh.fang.com/
Logger:2020-03-16 11:32:00.398408 https://cscjkjz.fang.com/
Logger:2020-03-16 11:32:00.810273 https://ruizhiguojizf.fang.com/
Logger:2020-03-16 11:32:01.404088 https://yunxifucf.fang.com/
Logger:2020-03-16 11:32:01.731417 https://datangyinxiang0731.fang.com/
Logger:2020-03-16 11:32:02.153238 https://wangzhoufuah.fang.com/
Logger:2020-03-16 11:32:02.668697 https://xingyaochengzt.fang.com/
Logger:2020-03-16 11:32:02.997146 https://xiangbinguojibl0731.fang.com/
Logger:2020-03-16 11:32:03.465859 https://dongxuguojicf.fang.com/
Logger:2020-03-16 11:32:03.793778 https://youbuhupanjh0731.fang.com/
Logger:2020-03-16 11:32:04.121479 https://mingchenfucf.fang.com/
Logger:2020-03-16 11:32:04.465148 https://shidainianhua0731.fang.com/
Logger:2020-03-16 11:32:04.840625 https://xinliboyuan.fang.com/
Logger:2020-03-16 11:32:05.168455 https://tianjieyinxiangwjbgy.fang.com/
Logger:2020-03-16 11:32:05.558640 https://jinsemaitianwk.fang.com/
Logger:2020-03-16 11:32:05.872507 https://yuelushanzh.fang.com/
Logger:2020-03-16 11:32:09.512396 https://cs.newhouse.fang.com/house/s/b94/
Logger:2020-03-16 11:32:09.793717 https://luyinchangjiangdy.fang.com/
Logger:2020-03-16 11:32:10.168667 https://zhengrongyuexi.fang.com/
Logger:2020-03-16 11:32:10.497249 https://jimeitianchenjk0731.fang.com/
Logger:2020-03-16 11:32:10.842101 https://guojiguangchangrh0731.fang.com/
Logger:2020-03-16 11:32:11.232872 https://huijuantangbgy.fang.com/
Logger:2020-03-16 11:32:11.604519 https://binjiangtianzhuwr.fang.com/
Logger:2020-03-16 11:32:11.932813 https://dangdaiyayuan.fang.com/
Logger:2020-03-16 11:32:12.278050 https://changshayuanzith.fang.com/
Logger:2020-03-16 11:32:12.580984 https://fengdanlishehn.fang.com/
Logger:2020-03-16 11:32:12.906474 https://yuehutaiyx.fang.com/
Logger:2020-03-16 11:32:13.241566 https://tianhongzhongyangdayuan.fang.com/
Logger:2020-03-16 11:32:13.582845 https://fulishihao0731.fang.com/
Logger:2020-03-16 11:32:13.915738 https://meixiziquetaizr.fang.com/
Logger:2020-03-16 11:32:14.255112 https://luguxiangsongjdzj.fang.com/
Logger:2020-03-16 11:32:14.634914 https://qiaochutangbgy.fang.com/
Logger:2020-03-16 11:32:14.992542 https://taoyuanlihr0731.fang.com/
Logger:2020-03-16 11:32:15.383481 https://huayunanchenfuxh.fang.com/
Logger:2020-03-16 11:32:15.764693 https://tianchenyuanzhulhbgy.fang.com/
Logger:2020-03-16 11:32:16.162664 https://dongyuechengxhmd.fang.com/
Logger:2020-03-16 11:32:16.607299 https://chunjiangyueminglh0731.fang.com/
Logger:2020-03-16 11:32:19.940836 https://cs.newhouse.fang.com/house/s/b95/
Logger:2020-03-16 11:32:20.247809 https://jinxiuguangchangyd.fang.com/
Logger:2020-03-16 11:32:20.591940 https://jindiboyue0731.fang.com/
Logger:2020-03-16 11:32:20.888283 https://kunyufuhr0731.fang.com/
Logger:2020-03-16 11:32:21.252736 https://wangjiangfuwt.fang.com/
Logger:2020-03-16 11:32:21.599010 https://shidaiyinji0731.fang.com/
Logger:2020-03-16 11:32:21.911183 https://fengdanxinlihn.fang.com/
Logger:2020-03-16 11:32:22.228562 https://tianjiancheng0731.fang.com/
Logger:2020-03-16 11:32:22.603568 https://baolidongjun0731.fang.com/
Logger:2020-03-16 11:32:22.950461 https://luqifusy.fang.com/
Logger:2020-03-16 11:32:23.293491 https://feicuifuhr.fang.com/
Logger:2020-03-16 11:32:23.621964 https://banshanyuefucshd.fang.com/
Logger:2020-03-16 11:32:23.947583 https://feicuiwanfs.fang.com/
Logger:2020-03-16 11:32:24.307031 https://moligongguanbl0731.fang.com/
Logger:2020-03-16 11:32:24.634920 https://wanxiangshidaiwdf.fang.com/
Logger:2020-03-16 11:32:24.949903 https://xiangjiangxingzuolh.fang.com/
Logger:2020-03-16 11:32:25.256860 https://canglonghushanggongguan.fang.com/
Logger:2020-03-16 11:32:25.620204 https://hushanfuhjxh.fang.com/
Logger:2020-03-16 11:32:26.809554 https://yongjingwancf.fang.com/
Logger:2020-03-16 11:32:27.152937 https://qianlonggongguanfs0731.fang.com/
Logger:2020-03-16 11:32:27.517960 https://xinyichenglh0731.fang.com/
Logger:2020-03-16 11:32:31.267366 https://cs.newhouse.fang.com/house/s/b96/
Logger:2020-03-16 11:32:34.811262 https://caizicheng.fang.com/
Logger:2020-03-16 11:32:35.199591 https://yuehushangyeguangchanghd.fang.com/
Logger:2020-03-16 11:32:35.535429 https://wenjinglingxiu.fang.com/
Logger:2020-03-16 11:32:35.876299 https://shijingguojiguangchang.fang.com/
Logger:2020-03-16 11:32:36.214141 https://jinqiaofenghuafu.fang.com/
Logger:2020-03-16 11:32:36.573473 https://tanyueygc0731.fang.com/
Logger:2020-03-16 11:32:38.351671 https://kelaguojifs.fang.com/
Logger:2020-03-16 11:32:38.697782 https://sanqianfujd.fang.com/
Logger:2020-03-16 11:32:39.115827 https://binjiangshuyuannj.fang.com/
Logger:2020-03-16 11:32:39.412630 https://huanyuzhongxindm.fang.com/
Logger:2020-03-16 11:32:39.725592 https://huayueguangchangzr.fang.com/
Logger:2020-03-16 11:32:40.081754 https://zhuoyueyuecheng.fang.com/
Logger:2020-03-16 11:32:40.402154 https://beibuwanjy.fang.com/
Logger:2020-03-16 11:32:40.855279 https://yuehuwanbgy.fang.com/
Logger:2020-03-16 11:32:41.218293 https://zhongjiaoguangchang.fang.com/
Logger:2020-03-16 11:32:41.679597 https://fenghuangshanlymd.fang.com/
Logger:2020-03-16 11:32:42.058583 https://luhujunld.fang.com/
Logger:2020-03-16 11:32:42.360593 https://jinkemeiyuan.fang.com/
Logger:2020-03-16 11:32:43.611847 https://xiangjianggongguanhn.fang.com/
Logger:2020-03-16 11:32:43.901208 https://tongguanyaoguzhenxhl.fang.com/
Logger:2020-03-16 11:32:47.708740 https://cs.newhouse.fang.com/house/s/b97/
Logger:2020-03-16 11:32:47.979208 https://xiangjianggongguanhn.fang.com/
Logger:2020-03-16 11:32:48.260733 https://tongguanyaoguzhenxhl.fang.com/
Logger:2020-03-16 11:32:48.571363 https://chengshitianjiaoay.fang.com/
Logger:2020-03-16 11:32:48.962613 https://ziyunfumj.fang.com/
Logger:2020-03-16 11:32:49.275555 https://xizhongxincs.fang.com/
Logger:2020-03-16 11:32:49.591682 https://gongyuanlihh.fang.com/
Logger:2020-03-16 11:32:49.919881 https://yujingtianxiahd.fang.com/
Logger:2020-03-16 11:32:50.744244 https://boyuejmjf.fang.com/
Logger:2020-03-16 11:32:51.063145 https://jinmaowanmxh.fang.com/
Logger:2020-03-16 11:32:51.577059 https://qianshanlizy.fang.com/
Logger:2020-03-16 11:32:51.963525 https://xinyuanyuecheng.fang.com/
Logger:2020-03-16 11:32:52.354163 https://yihaixingcheng0731.fang.com/
Logger:2020-03-16 11:32:52.710187 https://meixiqingxiuzgtj.fang.com/
Logger:2020-03-16 11:32:53.099345 https://bolinyunxi.fang.com/
Logger:2020-03-16 11:32:53.394383 https://yidegongguanzj.fang.com/
Logger:2020-03-16 11:32:53.690081 https://hengdayufu0731.fang.com/
Logger:2020-03-16 11:32:54.049370 https://guojishequzhc0731.fang.com/
Logger:2020-03-16 11:32:54.556824 https://yunluchuanqizl.fang.com/
Logger:2020-03-16 11:32:54.935352 https://gaoerfuxiaozhenlc.fang.com/
Logger:2020-03-16 11:32:55.295049 https://jinguhaoting.fang.com/
Logger:2020-03-16 11:32:59.188750 https://cs.newhouse.fang.com/house/s/b98/
Logger:2020-03-16 11:32:59.478973 https://hehongrongchengfu.fang.com/
Logger:2020-03-16 11:32:59.874460 https://longyuefumj.fang.com/
Logger:2020-03-16 11:33:00.202856 https://chunhuihuayuan0731.fang.com/
Logger:2020-03-16 11:33:00.557025 https://furongxintiandifl.fang.com/
Logger:2020-03-16 11:33:01.011347 https://huafuxcjmmx.fang.com/
Logger:2020-03-16 11:33:01.339115 https://taolichunfenghh.fang.com/
Logger:2020-03-16 11:33:01.667076 https://pingheshucf.fang.com/
Logger:2020-03-16 11:33:03.640462 https://huashidaihy.fang.com/
Logger:2020-03-16 11:33:04.000227 https://fenglinwanmx.fang.com/
Logger:2020-03-16 11:33:04.312178 https://fuxingyuefu.fang.com/
Logger:2020-03-16 11:33:04.646239 https://songyayuanzjjf.fang.com/
Logger:2020-03-16 11:33:04.993908 https://caifuzhongxinzr0731.fang.com/
Logger:2020-03-16 11:33:05.358350 https://guojichenghb.fang.com/
Logger:2020-03-16 11:33:05.715047 https://jinselantingzgtj.fang.com/
Logger:2020-03-16 11:33:06.937650 https://shiguangliwr.fang.com/
Logger:2020-03-16 11:33:10.278562 https://duhuishanxh.fang.com/
Logger:2020-03-16 11:33:10.622708 https://fenghuangtaizj0731.fang.com/
Logger:2020-03-16 11:33:10.981522 https://jingcuizhongxinyklh.fang.com/
Logger:2020-03-16 11:33:11.278898 https://kaiyuanguangchangxch.fang.com/
Logger:2020-03-16 11:33:11.622347 https://jinghechengzj.fang.com/
Logger:2020-03-16 11:33:15.279655 https://cs.newhouse.fang.com/house/s/b99/
Logger:2020-03-16 11:33:15.607734 https://csgtwygc.fang.com/
Logger:2020-03-16 11:33:15.904539 https://mengxiangchengxhl0731.fang.com/
Logger:2020-03-16 11:33:16.264055 https://xinchengheyue.fang.com/
Logger:2020-03-16 11:33:16.607054 https://xiyuantianjiaoqzh.fang.com/
Logger:2020-03-16 11:33:16.935078 https://dongfangmingzhuzj.fang.com/
Logger:2020-03-16 11:33:17.263142 https://xiyuexcjmmx.fang.com/
Logger:2020-03-16 11:33:17.606782 https://wanjingxiaoxiang.fang.com/
Logger:2020-03-16 11:33:17.974562 https://wankezitai0731.fang.com/
Logger:2020-03-16 11:33:18.318658 https://jinglinfugf.fang.com/
Logger:2020-03-16 11:33:18.615036 https://zhuoyuejiangan.fang.com/
Logger:2020-03-16 11:33:18.958770 https://fuxingshidai.fang.com/
Logger:2020-03-16 11:33:19.286791 https://641162.fang.com/
Logger:2020-03-16 11:33:22.794887 https://huxianggongguanrs.fang.com/
Logger:2020-03-16 11:33:23.169725 https://jindiyijing0731.fang.com/
Logger:2020-03-16 11:33:23.528960 https://shanyuchengzgtj0731.fang.com/
Logger:2020-03-16 11:33:23.935251 https://guojiguangchangxy0731.fang.com/
Logger:2020-03-16 11:33:24.309632 https://guoyuwei.fang.com/
Logger:2020-03-16 11:33:24.779320 https://peiwenfugmbgy.fang.com/
Logger:2020-03-16 11:33:25.279490 https://shangduguojixch.fang.com/
Logger:2020-03-16 11:33:25.841810 https://xingduhuizl.fang.com/
Logger:2020-03-16 11:33:29.559992 https://cs.newhouse.fang.com/house/s/b910/
Logger:2020-03-16 11:33:29.840457 https://bailujunboyuwk.fang.com/
Logger:2020-03-16 11:33:30.184457 https://huanghoudaozy0731.fang.com/
Logger:2020-03-16 11:33:30.605902 https://tydfgjzbc.fang.com/
Logger:2020-03-16 11:33:30.918660 https://yuwentaijiuyuxy.fang.com/
Logger:2020-03-16 11:33:31.230755 https://bojingwanxlc.fang.com/
Logger:2020-03-16 11:33:31.527560 https://yuejiangfuzh.fang.com/
Logger:2020-03-16 11:33:31.890532 https://shidaixiaozhencf.fang.com/
Logger:2020-03-16 11:33:32.189093 https://liuyanghengdahuafu.fang.com/
Logger:2020-03-16 11:33:32.502229 https://liuyangbiguiyuan.fang.com/
Logger:2020-03-16 11:33:32.798322 https://188850.fang.com/
Logger:2020-03-16 11:33:33.158121 https://xiangjianglanyuexc.fang.com/
Logger:2020-03-16 11:33:33.486162 https://ningdugongguancf.fang.com/
Logger:2020-03-16 11:33:33.779907 https://shidaiguojicf.fang.com/
Logger:2020-03-16 11:33:35.279543 https://cangjunguangchangft.fang.com/
Logger:2020-03-16 11:33:37.266787 https://ningzhoufucf.fang.com/
Logger:2020-03-16 11:33:37.610742 https://ningbangguangchang.fang.com/
Logger:2020-03-16 11:33:37.970001 https://fuxingwangjiao.fang.com/shop/
Logger:2020-03-16 11:33:38.266119 https://sanjiaozhoubc.fang.com/
Logger:2020-03-16 11:33:38.703858 https://mingshengyicheng.fang.com/
Logger:2020-03-16 11:33:39.219215 https://zhuoyuezhonghuan0731.fang.com/
Logger:2020-03-16 11:33:43.015583 https://cs.newhouse.fang.com/house/s/b911/
Logger:2020-03-16 11:33:43.311813 https://yongjinbandaolg0731.fang.com/
Logger:2020-03-16 11:33:43.717955 https://yunshidaicf.fang.com/
Logger:2020-03-16 11:33:44.062318 https://xiangyuxincheng.fang.com/
Logger:2020-03-16 11:33:44.405294 https://xingrujincheng.fang.com/
Logger:2020-03-16 11:33:44.780258 https://runhezijun.fang.com/
Logger:2020-03-16 11:33:45.249321 https://chengshizhiguangbgy0731.fang.com/
Logger:2020-03-16 11:33:45.576891 https://xiangjiangdongyuan0731.fang.com/
Logger:2020-03-16 11:33:45.967970 https://xihuwandm.fang.com/
Logger:2020-03-16 11:33:46.295475 https://runheyouyicheng.fang.com/
Logger:2020-03-16 11:33:46.686368 https://jingshijingtaizgtj.fang.com/
Logger:2020-03-16 11:33:46.971078 https://wutongzhuangyuanmeidi.fang.com/
Logger:2020-03-16 11:33:47.408099 https://runheshanshuijun.fang.com/
Logger:2020-03-16 11:33:47.814458 https://gushanjunrh.fang.com/
Logger:2020-03-16 11:33:52.752049 https://yujingbandaonxhd.fang.com/
Logger:2020-03-16 11:33:53.127655 https://meixilingfengsd.fang.com/
Logger:2020-03-16 11:33:53.486249 https://lingxiuchengzy0731.fang.com/
Logger:2020-03-16 11:33:53.821642 https://qianlongguojifs.fang.com/
Logger:2020-03-16 11:33:54.446468 https://fenghuangjieyg100.fang.com/
Logger:2020-03-16 11:33:54.779525 https://xlgjlyscjyzx.fang.com/
Logger:2020-03-16 11:33:55.075993 https://qianlongshijia.fang.com/
Logger:2020-03-16 11:33:58.888139 https://cs.newhouse.fang.com/house/s/b912/
Logger:2020-03-16 11:33:59.184387 https://xintiandijy0731.fang.com/
Logger:2020-03-16 11:33:59.528081 https://yuyuanbgy0731.fang.com/
Logger:2020-03-16 11:33:59.824864 https://gaofenglingyu.fang.com/
Logger:2020-03-16 11:34:00.153269 https://1900600731.fang.com/
Logger:2020-03-16 11:34:00.450434 https://guojijinrongzhongxinfs.fang.com/
Logger:2020-03-16 11:34:00.703068 https://jiulongwangt.fang.com/
Logger:2020-03-16 11:34:01.062359 https://boyuexsj.fang.com/
Logger:2020-03-16 11:34:03.875131 https://meixihuzhongxinzj.fang.com/
Logger:2020-03-16 11:34:05.312249 https://guojichengmf.fang.com/
Logger:2020-03-16 11:34:05.687206 https://jiangshandijing0731.fang.com/
Logger:2020-03-16 11:34:06.156193 https://lijinyuguojiwk2.fang.com/
Logger:2020-03-16 11:34:06.530710 https://zhenyecheng0731.fang.com/
Logger:2020-03-16 11:34:06.986936 https://taiyuyali.fang.com/
Logger:2020-03-16 11:34:07.283126 https://binjiangziquetaizr.fang.com/
Logger:2020-03-16 11:34:07.564926 https://wanjialiyh.fang.com/
Logger:2020-03-16 11:34:07.939228 https://xiangshanguojijg.fang.com/
Logger:2020-03-16 11:34:08.330364 https://zhongyangmeijun.fang.com/
Logger:2020-03-16 11:34:08.689082 https://xijiangyuezt.fang.com/
Logger:2020-03-16 11:34:08.986510 https://zhongyanggongyuanzy0731.fang.com/
Logger:2020-03-16 11:34:09.376785 https://yuelutianchiwx.fang.com/
Logger:2020-03-16 11:34:12.656857 https://cs.newhouse.fang.com/house/s/b913/
Logger:2020-03-16 11:34:12.929277 https://zhonglianghongyun0731.fang.com/
Logger:2020-03-16 11:34:13.335910 https://ztzysyjz.fang.com/
Logger:2020-03-16 11:34:13.686586 https://yuxihuer.fang.com/
Logger:2020-03-16 11:34:13.975706 https://jiahechengzj.fang.com/
Logger:2020-03-16 11:34:14.303945 https://tonghaoshiguang.fang.com/
Logger:2020-03-16 11:34:14.678422 https://yujingbandaohd0731.fang.com/
Logger:2020-03-16 11:34:15.037502 https://jiangshanyihaozj.fang.com/
Logger:2020-03-16 11:34:15.381098 https://xingguangmingzuo.fang.com/
Logger:2020-03-16 11:34:15.741107 https://xingyameichen.fang.com/
Logger:2020-03-16 11:34:17.036999 https://yinxiangjiang.fang.com/
Logger:2020-03-16 11:34:17.349384 https://fujishijigongyuan.fang.com/
Logger:2020-03-16 11:34:17.740566 https://lvdivdao.fang.com/
Logger:2020-03-16 11:34:18.019413 https://guojichenghh0731.fang.com/
Logger:2020-03-16 11:34:18.381836 https://meixixiangshancf.fang.com/
Logger:2020-03-16 11:34:18.757168 https://aolinpikehuayuanxx.fang.com/
Logger:2020-03-16 11:34:19.100421 https://shifangjundn.fang.com/
Logger:2020-03-16 11:34:21.631069 https://ziyuexiangshanxy.fang.com/
Logger:2020-03-16 11:34:21.944061 https://furongyuefuht.fang.com/
Logger:2020-03-16 11:34:22.820579 https://puyuefu.fang.com/
Logger:2020-03-16 11:34:23.132464 https://xiangjiangyihao.fang.com/
Logger:2020-03-16 11:34:27.427411 https://cs.newhouse.fang.com/house/s/b914/
Logger:2020-03-16 11:34:28.427129 https://meixishenghui.fang.com/
Logger:2020-03-16 11:34:28.818285 https://yuelufengjingrs.fang.com/
Logger:2020-03-16 11:34:29.161332 https://taiyangcheng20731.fang.com/
Logger:2020-03-16 11:34:29.536284 https://meixihuyihaozj.fang.com/
Logger:2020-03-16 11:34:29.942396 https://pingjishangyuancs.fang.com/
Logger:2020-03-16 11:34:32.701108 https://jinanyayuanjt.fang.com/
Logger:2020-03-16 11:34:33.060407 https://longyuefuzh.fang.com/
Logger:2020-03-16 11:34:33.388434 https://shengtongmudange.fang.com/
Logger:2020-03-16 11:34:33.700848 https://futiancangjun.fang.com/
Logger:2020-03-16 11:34:34.106910 https://waitanyihaoyy.fang.com/
Logger:2020-03-16 11:34:34.450915 https://xingchengchunxiao.fang.com/
Logger:2020-03-16 11:34:34.755965 https://yiyunxichengzshf.fang.com/
Logger:2020-03-16 11:34:35.006449 https://guanshaechengnf.fang.com/
Logger:2020-03-16 11:34:35.380818 https://haoshijiezj.fang.com/
Logger:2020-03-16 11:34:35.771763 https://guojihuaduxc.fang.com/
Logger:2020-03-16 11:34:36.240031 https://jinhengshijia0731.fang.com/
Logger:2020-03-16 11:34:36.646544 https://guojishanghuizhongxinyt.fang.com/
Logger:2020-03-16 11:34:36.993057 https://dahanhanyuan.fang.com/
Logger:2020-03-16 11:34:37.352346 https://sanruncheng.fang.com/
Logger:2020-03-16 11:34:37.774160 https://nanyimingshihaoting.fang.com/
Logger:2020-03-16 11:34:42.195546 https://cs.newhouse.fang.com/house/s/b915/
Logger:2020-03-16 11:34:42.492574 https://kaileguojicheng.fang.com/
Logger:2020-03-16 11:34:44.162265 https://caihuixintiandi.fang.com/
Logger:2020-03-16 11:34:44.349531 https://meilingguojihtr.fang.com/
Logger:2020-03-16 11:34:44.708828 https://gongyuanlidh.fang.com/
Logger:2020-03-16 11:34:45.036822 https://dahanhanfu.fang.com/
Logger:2020-03-16 11:34:45.396112 https://huayushuyuanrs.fang.com/
Logger:2020-03-16 11:34:45.692918 https://dongfangyuejc.fang.com/
Logger:2020-03-16 11:34:46.020965 https://zhongyanggongyuanbc.fang.com/
Logger:2020-03-16 11:34:46.599124 https://chutianyufuzx.fang.com/
Logger:2020-03-16 11:34:47.114461 https://yangguanglichengnas.fang.com/
Logger:2020-03-16 11:34:47.583810 https://diyanawansy.fang.com/
Logger:2020-03-16 11:34:48.020493 https://jiafuchanganjun.fang.com/
Logger:2020-03-16 11:34:48.380263 https://xiangyifuht.fang.com/
Logger:2020-03-16 11:34:48.738048 https://xiangxishuijunzgsd.fang.com/
Logger:2020-03-16 11:34:49.137392 https://kangqiaoshuianfa0731.fang.com/
Logger:2020-03-16 11:34:49.543539 https://shuianyuyuanbs.fang.com/
Logger:2020-03-16 11:34:49.887204 https://xinyuefuhy0731.fang.com/
Logger:2020-03-16 11:34:50.215922 https://smlxy.fang.com/
Logger:2020-03-16 11:34:50.575215 https://yujinghuafuay.fang.com/
Logger:2020-03-16 11:34:50.902546 https://shijichengxiyuanct.fang.com/
Logger:2020-03-16 11:34:54.605490 https://cs.newhouse.fang.com/house/s/b916/
Logger:2020-03-16 11:34:54.957119 https://lufuyuanzhu.fang.com/
Logger:2020-03-16 11:34:55.300080 https://chuangyuanshidai.fang.com/
Logger:2020-03-16 11:34:55.581735 https://tianyueguoji0731.fang.com/
Logger:2020-03-16 11:34:55.987416 https://gaolingguojishangmaocheng.fang.com/
Logger:2020-03-16 11:34:56.269066 https://shiguanglibc.fang.com/
Logger:2020-03-16 11:34:56.597334 https://zhengrongfumx.fang.com/
Logger:2020-03-16 11:34:56.952665 https://wanjiafujj.fang.com/
Logger:2020-03-16 11:34:57.358354 https://xinyuanmingjiamx.fang.com/
Logger:2020-03-16 11:34:57.671030 https://xindicsyjl.fang.com/
Logger:2020-03-16 11:34:57.983698 https://jintishuijundc.fang.com/
Logger:2020-03-16 11:34:58.358116 https://zhongyungongyu.fang.com/
Logger:2020-03-16 11:34:59.311028 https://xinghuibgy0731.fang.com/
Logger:2020-03-16 11:34:59.608284 https://zhizaoxiaozhencsyd.fang.com/
Logger:2020-03-16 11:34:59.982733 https://huayuchengrs0731.fang.com/
Logger:2020-03-16 11:35:00.310781 https://songyahuyihao.fang.com/
Logger:2020-03-16 11:35:00.638870 https://rongyuetaijj.fang.com/
Logger:2020-03-16 11:35:00.946911 https://xinghuwandjdc.fang.com/
Logger:2020-03-16 11:35:01.477864 https://caizijiadu.fang.com/
Logger:2020-03-16 11:35:01.873268 https://runhetiandicr.fang.com/
Logger:2020-03-16 11:35:02.186139 https://gaoerfuhuayuanbgy.fang.com/
Logger:2020-03-16 11:35:05.575496 https://cs.newhouse.fang.com/house/s/b917/
Logger:2020-03-16 11:35:05.904223 https://qingzhuhuzy.fang.com/
Logger:2020-03-16 11:35:06.247202 https://yuehechengzj.fang.com/
Logger:2020-03-16 11:35:06.590869 https://xishuihaotingxl.fang.com/
Logger:2020-03-16 11:35:06.903758 https://dongfangmeidi0731.fang.com/
Logger:2020-03-16 11:35:07.265005 https://shenyeruicheng.fang.com/
Logger:2020-03-16 11:35:07.686781 https://yunkaiyipinty.fang.com/
Logger:2020-03-16 11:35:08.046112 https://hailunchuntian0731.fang.com/
Logger:2020-03-16 11:35:08.405780 https://lixiangzhihuidasha.fang.com/
Logger:2020-03-16 11:35:08.749029 https://haibadongfangtc.fang.com/
Logger:2020-03-16 11:35:09.077499 https://fudixingguangtiandi.fang.com/
Logger:2020-03-16 11:35:09.452032 https://dongtangsoho.fang.com/
Logger:2020-03-16 11:35:09.733514 https://zhaoyangguangchangyc.fang.com/
Logger:2020-03-16 11:35:10.092754 https://meilinmeiyu.fang.com/
Logger:2020-03-16 11:35:10.452252 https://zhongmaocheng.fang.com/
Logger:2020-03-16 11:35:10.732936 https://xiangshuhuachengld0731.fang.com/
Logger:2020-03-16 11:35:11.170941 https://lifaxincheng.fang.com/
Logger:2020-03-16 11:35:11.592110 https://huxiangzhongxinld.fang.com/
Logger:2020-03-16 11:35:11.904764 https://qinailiyx0731.fang.com/
Logger:2020-03-16 11:35:12.232581 https://zihuajun.fang.com/
Logger:2020-03-16 11:35:12.591873 https://xingyayuanhl.fang.com/
Logger:2020-03-16 11:35:16.212871 https://cs.newhouse.fang.com/house/s/b918/
Logger:2020-03-16 11:35:16.509311 https://jinshennianhua.fang.com/
Logger:2020-03-16 11:35:16.842372 https://fenggechengshiht0731.fang.com/
Logger:2020-03-16 11:35:17.171769 https://huanyagaotiexincheng.fang.com/
Logger:2020-03-16 11:35:17.469265 https://aolaixiaozhenyt.fang.com/
Logger:2020-03-16 11:35:17.859475 https://jinhengyinshali.fang.com/
Logger:2020-03-16 11:35:18.171409 https://yanghuyihaohs.fang.com/
Logger:2020-03-16 11:35:18.530698 https://taiyangxingchengqzh.fang.com/
Logger:2020-03-16 11:35:18.827828 https://xinliziyuan.fang.com/
Logger:2020-03-16 11:35:24.123434 https://huayuanyunxi.fang.com/
Logger:2020-03-16 11:35:24.498562 https://shimaoboman.fang.com/
Logger:2020-03-16 11:35:24.826502 https://jinsexiquanwan2.fang.com/
Logger:2020-03-16 11:35:25.201001 https://changchengshuijun.fang.com/
Logger:2020-03-16 11:35:25.575911 https://gouwugongyuancsbl.fang.com/
Logger:2020-03-16 11:35:25.888347 https://yingfengcuidi2.fang.com/
Logger:2020-03-16 11:35:26.310281 https://zhongyangguangchangyd.fang.com/
Logger:2020-03-16 11:35:26.622910 https://zhongyangguangchangrh.fang.com/
Logger:2020-03-16 11:35:27.017374 https://bishuilongtinghs.fang.com/
Logger:2020-03-16 11:35:27.407220 https://shengdidongfangxinfu.fang.com/
Logger:2020-03-16 11:35:27.735819 https://tianjicangyu.fang.com/
Logger:2020-03-16 11:35:28.047664 https://shiguanglihy0731.fang.com/
Logger:2020-03-16 11:35:31.881127 https://cs.newhouse.fang.com/house/s/b919/
Logger:2020-03-16 11:35:32.193554 https://jinjifanghua.fang.com/
Logger:2020-03-16 11:35:32.569178 https://xuefuxingcheng.fang.com/
Logger:2020-03-16 11:35:32.912620 https://wyzjbgjq.fang.com/
Logger:2020-03-16 11:35:33.240332 https://zhidiguangchanghr0731.fang.com/
Logger:2020-03-16 11:35:33.662004 https://yunxiguoji.fang.com/
Logger:2020-03-16 11:35:33.961896 https://huangjiayiyingli.fang.com/
Logger:2020-03-16 11:35:34.321340 https://rongshengcheng0731.fang.com/
Logger:2020-03-16 11:35:34.659808 https://caifumingyuan.fang.com/
Logger:2020-03-16 11:35:34.947913 https://xinchengyuexijh.fang.com/
Logger:2020-03-16 11:35:35.291106 https://zhongliangshoufu0731.fang.com/
Logger:2020-03-16 11:35:35.651794 https://fengyuancheng.fang.com/
Logger:2020-03-16 11:35:35.998348 https://yuanmengjiayuancg.fang.com/
Logger:2020-03-16 11:35:36.357255 https://188622.fang.com/
Logger:2020-03-16 11:35:36.681943 https://jiaxizhongxinzlgj.fang.com/
Logger:2020-03-16 11:35:37.012292 https://shangyeguangchangdy.fang.com/
Logger:2020-03-16 11:35:37.293474 https://guojiguangchanghd0731.fang.com/
Logger:2020-03-16 11:35:37.606324 https://xingshenggongguancf.fang.com/
Logger:2020-03-16 11:35:37.871464 https://zhongguoyuanzilxt.fang.com/
Logger:2020-03-16 11:35:38.324868 https://gushanjunxd.fang.com/
Logger:2020-03-16 11:35:40.699169 https://dangdaitianxi.fang.com/
Logger:2020-03-16 11:35:44.310081 https://cs.newhouse.fang.com/house/s/b920/
Logger:2020-03-16 11:35:44.669026 https://xingyayunxdhw.fang.com/
Logger:2020-03-16 11:35:44.965834 https://guojiguangchanggongyubf.fang.com/
Logger:2020-03-16 11:35:45.278299 https://gongyuanyihaobgy.fang.com/
Logger:2020-03-16 11:35:45.716106 https://ronggongguanrc0731.fang.com/
Logger:2020-03-16 11:35:46.044409 https://yitingzhongyangfuyuan.fang.com/
Logger:2020-03-16 11:35:55.748605 https://binjiangyihao0731.fang.com/
Logger:2020-03-16 11:35:56.060540 https://bandaolanwancf.fang.com/
Logger:2020-03-16 11:35:56.686597 https://1900zbg.fang.com/
Logger:2020-03-16 11:35:56.974373 https://qinglanyuanhd.fang.com/
Logger:2020-03-16 11:35:57.286799 https://xinduhuild0731.fang.com/3/
Logger:2020-03-16 11:35:57.615267 https://shanhuaguojiza.fang.com/
Logger:2020-03-16 11:35:57.974554 https://zhongyikunchu.fang.com/
Logger:2020-03-16 11:35:58.302408 https://gongyuanjiuhao.fang.com/
Logger:2020-03-16 11:35:58.691752 https://nanfangxinchengkf.fang.com/
Logger:2020-03-16 11:35:59.025899 https://malidehuayuan.fang.com/
Logger:2020-03-16 11:35:59.369072 https://liyuehui.fang.com/
Logger:2020-03-16 11:35:59.747767 https://wuyueguangchangnx.fang.com/
Logger:2020-03-16 11:36:00.122198 https://jiangshanyuejfdj.fang.com/
Logger:2020-03-16 11:36:00.434625 https://chengshiguangchangdsq.fang.com/
Logger:2020-03-16 11:36:00.750579 https://haowanggu.fang.com/
Logger:2020-03-16 11:36:04.499828 https://cs.newhouse.fang.com/house/s/b921/
Logger:2020-03-16 11:36:04.811601 https://baolitangyue0731.fang.com/
Logger:2020-03-16 11:36:05.093508 https://kunlunhefu.fang.com/2/
Logger:2020-03-16 11:36:05.405255 https://gaofengtianmahuayuanfang.fang.com/
Logger:2020-03-16 11:36:05.733288 https://qidixiexinzhongxin.fang.com/
Logger:2020-03-16 11:36:05.998904 https://kaifuguangchangyc.fang.com/
Logger:2020-03-16 11:36:08.657970 https://yonganhuayuanfang.fang.com/
Logger:2020-03-16 11:36:08.923532 https://guojijiancaiwt.fang.com/
Logger:2020-03-16 11:36:09.220565 https://yanghuguangchangaks.fang.com/
Logger:2020-03-16 11:36:09.485941 https://kailechuyuan.fang.com/
Logger:2020-03-16 11:36:09.751462 https://hengdajiangwan0731.fang.com/
Logger:2020-03-16 11:36:10.141995 https://guojigongguanhx.fang.com/
Logger:2020-03-16 11:36:10.533221 https://xinchengyuejuan0731.fang.com/
Logger:2020-03-16 11:36:11.001167 https://tianluqingsheguoji.fang.com/
Logger:2020-03-16 11:36:11.361177 https://langshiludao.fang.com/
Logger:2020-03-16 11:36:11.828667 https://shidaizhongxinjk0731.fang.com/
Logger:2020-03-16 11:36:12.193695 https://lingshihuijl.fang.com/
Logger:2020-03-16 11:36:12.553405 https://xiangshuijun0731.fang.com/
Logger:2020-03-16 11:36:12.912176 https://huatizijunke.fang.com/
Logger:2020-03-16 11:36:13.240225 https://hongxingtianbo0731.fang.com/
Logger:2020-03-16 11:36:13.537442 https://guojigongjiangyuandh.fang.com/
Logger:2020-03-16 11:36:17.361577 https://cs.newhouse.fang.com/house/s/b922/
Logger:2020-03-16 11:36:17.611518 https://rongtaiguangchang0731.fang.com/
Logger:2020-03-16 11:36:17.971480 https://jiaxianghuating.fang.com/
Logger:2020-03-16 11:36:18.276828 https://yundinglybgy.fang.com/
Logger:2020-03-16 11:36:18.620497 https://shanshuixiangyibc.fang.com/
Logger:2020-03-16 11:36:20.856818 https://daxueli0731.fang.com/
Logger:2020-03-16 11:36:21.294612 https://qingniancaijun0731.fang.com/
Logger:2020-03-16 11:36:25.199808 https://baishalitx.fang.com/
Logger:2020-03-16 11:36:25.543732 https://binjiangguojicheng.fang.com/
Logger:2020-03-16 11:36:25.934011 https://hongkuntianyu.fang.com/
Logger:2020-03-16 11:36:26.231533 https://guojizhongxinbl0731.fang.com/
Logger:2020-03-16 11:36:28.730266 https://yintiancxhyh.fang.com/
Logger:2020-03-16 11:36:28.995831 https://188638.fang.com/
Logger:2020-03-16 11:36:32.982761 https://xintiandihd0731.fang.com/
Logger:2020-03-16 11:36:33.295585 https://mingchengguangchang0731.fang.com/
Logger:2020-03-16 11:36:33.623065 https://jialixinshijie.fang.com/
Logger:2020-03-16 11:36:33.935751 https://zhiguchanyeyuanzb.fang.com/office/
Logger:2020-03-16 11:36:34.216534 https://changshalivewk.fang.com/
Logger:2020-03-16 11:36:36.059850 https://baizhaogongguan.fang.com/
Logger:2020-03-16 11:36:36.387897 https://diwangguangchangbn.fang.com/
Logger:2020-03-16 11:36:36.669497 https://wantaiguoji0731.fang.com/
Logger:2020-03-16 11:36:40.391515 [erro]page&&&https://cs.newhouse.fang.com/house/s/b923/
Logger:2020-03-16 11:36:40.485273 [erro]page&&&https://cs.newhouse.fang.com/house/s/b923/
Logger:2020-03-16 11:36:40.922679 [erro]page&&&https://cs.newhouse.fang.com/house/s/b923/
Logger:2020-03-16 11:36:41.015730 https://cs.newhouse.fang.com/house/s/b923/
Logger:2020-03-16 11:36:41.296870 [erro]&&&https://yulongtianxia2.fang.com/
Logger:2020-03-16 11:36:41.391066 https://dingjiangyangbc.fang.com/
Logger:2020-03-16 11:36:41.750592 [erro]&&&https://shanshuiyinglunzhuangyuan.fang.com/
Logger:2020-03-16 11:36:41.827995 [erro]&&&https://hailanjunhycs.fang.com/
Logger:2020-03-16 11:36:41.953354 https://tianjiaochengml.fang.com/4/
Logger:2020-03-16 11:36:42.265941 [erro]&&&https://shanhuchengbgy.fang.com/
Logger:2020-03-16 11:36:42.405983 https://yuejuangongyuanxc.fang.com/
Logger:2020-03-16 11:36:42.750115 [erro]&&&https://yanghuyipinzgtj.fang.com/
Logger:2020-03-16 11:36:42.890937 [erro]&&&https://guojiguangchangjmmxh.fang.com/
Logger:2020-03-16 11:36:43.015215 https://dongyuntaicf.fang.com/
Logger:2020-03-16 11:36:43.312018 [erro]&&&https://jujun0731.fang.com/
Logger:2020-03-16 11:36:43.484572 https://qianyuanguojiguangchang.fang.com/
Logger:2020-03-16 11:36:43.812585 [erro]&&&https://jinketianyue.fang.com/
Logger:2020-03-16 11:36:43.890705 [erro]&&&https://fenglinyayuan0731.fang.com/
Logger:2020-03-16 11:36:43.968797 [erro]&&&https://zhenyuan0731.fang.com/
Logger:2020-03-16 11:36:44.077463 https://yiyunxiaozhenyjl.fang.com/
Logger:2020-03-16 11:36:44.499239 https://bafanglicf.fang.com/
Logger:2020-03-16 11:36:44.796404 https://guojinzhongxincs.fang.com/
Logger:2020-03-16 11:36:45.030903 https://taiyuguoji.fang.com/
Logger:2020-03-16 11:36:45.280305 https://jinqiaoguojics.fang.com/shop/
Logger:2020-03-16 11:36:48.954408 https://cs.newhouse.fang.com/house/s/b924/
Logger:2020-03-16 11:36:49.220408 https://shangyuan0731.fang.com/
Logger:2020-03-16 11:36:49.548568 https://guojiguangchanglw.fang.com/
Logger:2020-03-16 11:36:49.892405 https://huazhongxinhy.fang.com/office/
Logger:2020-03-16 11:36:50.204529 https://wanyuehuicc.fang.com/
Logger:2020-03-16 11:36:50.469677 https://xinyuebandaofang.fang.com/
Logger:2020-03-16 11:36:52.531895 https://xinglanzhiyue2.fang.com/
Logger:2020-03-16 11:36:52.844116 https://tianyubgy0731.fang.com/
Logger:2020-03-16 11:36:53.203878 https://xuefuxlh.fang.com/
Logger:2020-03-16 11:36:53.547074 https://shimaoguangchang0731.fang.com/
Logger:2020-03-16 11:36:53.766094 https://xiangjiangshidaihw.fang.com/
Logger:2020-03-16 11:36:54.031334 https://binjiangyayuanrk.fang.com/
Logger:2020-03-16 11:36:54.343761 https://litongtaiyuecheng.fang.com/
Logger:2020-03-16 11:36:54.624943 https://chuangyicaifuxinshijie.fang.com/
Logger:2020-03-16 11:36:54.890505 https://kailinguoji0731.fang.com/
Logger:2020-03-16 11:36:55.171691 https://wanzhongxinonemall.fang.com/
Logger:2020-03-16 11:36:55.437254 https://dianyingxiaozhenhyxd.fang.com/
Logger:2020-03-16 11:36:55.734057 https://xinchuqingtianguangchang.fang.com/
Logger:2020-03-16 11:36:55.999656 https://huayuefenghuangtianjie.fang.com/
Logger:2020-03-16 11:36:56.265224 https://yunxitianjie.fang.com/
Logger:2020-03-16 11:36:56.640742 https://huakunshidai.fang.com/
Logger:2020-03-16 11:37:00.233821 https://cs.newhouse.fang.com/house/s/b925/
Logger:2020-03-16 11:37:00.546540 https://tianqibaichaohui.fang.com/
Logger:2020-03-16 11:37:00.820610 https://lianchengyajun.fang.com/
Logger:2020-03-16 11:37:01.179443 https://tingxiangshili0731.fang.com/villa/
Logger:2020-03-16 11:37:01.491789 https://huijincheng0731.fang.com/
Logger:2020-03-16 11:37:01.960604 https://tianxiwanbgy0731.fang.com/
Logger:2020-03-16 11:37:02.288475 https://weilaifangzhou0731.fang.com/
Logger:2020-03-16 11:37:05.350252 https://meidiyuanzi0731.fang.com/
Logger:2020-03-16 11:37:05.740832 https://aolinpikehuayuanhx.fang.com/
Logger:2020-03-16 11:37:06.069180 https://tianlu0731.fang.com/
Logger:2020-03-16 11:37:06.428664 https://hailanchenghybgy.fang.com/
Logger:2020-03-16 11:37:06.850620 https://jimeixingchenjkjz.fang.com/
Logger:2020-03-16 11:37:07.135346 https://wujiangtianjie.fang.com/
Logger:2020-03-16 11:37:07.463521 https://diyiwan.fang.com/
Logger:2020-03-16 11:37:07.826052 https://wangxingxixili.fang.com/
Logger:2020-03-16 11:37:08.200965 https://meixibandaoxk.fang.com/
Logger:2020-03-16 11:37:08.529359 https://boyaliwai.fang.com/
Logger:2020-03-16 11:37:08.857059 https://lanyuanlcgefxz.fang.com/
Logger:2020-03-16 11:37:10.841469 https://gaoxingxitiexincheng.fang.com/
Logger:2020-03-16 11:37:11.138474 https://xianggang.fang.com/
Logger:2020-03-16 11:37:11.638373 https://shuixishangjr.fang.com/
Logger:2020-03-16 11:37:15.215463 https://cs.newhouse.fang.com/house/s/b926/
Logger:2020-03-16 11:37:15.558602 https://xingkongchengshigongguankl.fang.com/
Logger:2020-03-16 11:37:15.873011 https://niujinhuanleguangchang.fang.com/
Logger:2020-03-16 11:37:16.138629 https://xinchengkejiyuancs.fang.com/office/
Logger:2020-03-16 11:37:16.435876 https://c11shuangfuguoji2.fang.com/
Logger:2020-03-16 11:37:16.763871 https://yutanfubgy.fang.com/
Logger:2020-03-16 11:37:17.062534 https://lijinghuating0731.fang.com/
Logger:2020-03-16 11:37:17.437719 https://189298.fang.com/
Logger:2020-03-16 11:37:17.765432 https://kejixinchengcs.fang.com/
Logger:2020-03-16 11:37:18.015234 https://lvdizhongxin0731.fang.com/
Logger:2020-03-16 11:37:18.269327 https://huijinshidailx.fang.com/
Logger:2020-03-16 11:37:18.558745 https://xinchengwuyueguangchangcs.fang.com/
Logger:2020-03-16 11:37:18.840622 https://jinyingshangyeguangchang.fang.com/
Logger:2020-03-16 11:37:19.230460 https://wangdefukaiyueguoji.fang.com/
Logger:2020-03-16 11:37:21.239427 https://dongrunwanxiangcheng.fang.com/
Logger:2020-03-16 11:37:21.702485 https://wufengguoji0731.fang.com/
Logger:2020-03-16 11:37:21.926628 https://binhaixinganxian.fang.com/
Logger:2020-03-16 11:37:22.288408 https://dacaimen0731.fang.com/
Logger:2020-03-16 11:37:22.564178 https://shuxiangyajunfang.fang.com/
Logger:2020-03-16 11:37:22.858375 https://sijihuachengfang.fang.com/
Logger:2020-03-16 11:37:23.154145 https://xingyuehui.fang.com/
Logger:2020-03-16 11:37:26.819299 https://cs.newhouse.fang.com/house/s/b927/
Logger:2020-03-16 11:37:27.116103 https://caihonggu.fang.com/
Logger:2020-03-16 11:37:27.384697 https://gaoduanjiajujiancaichengmxh.fang.com/
Logger:2020-03-16 11:37:27.650305 https://dongtianyipinfang.fang.com/
Logger:2020-03-16 11:37:27.916287 https://190126.fang.com/
Logger:2020-03-16 11:37:28.290511 https://haiyu8haold.fang.com/
Logger:2020-03-16 11:37:28.706562 https://meizhougushi.fang.com/
Logger:2020-03-16 11:37:29.040490 https://qinyuanjinchengwk.fang.com/
Logger:2020-03-16 11:37:29.430292 https://liangyuehuzj.fang.com/
Logger:2020-03-16 11:37:29.787868 https://248724.fang.com/
Logger:2020-03-16 11:37:30.100785 https://xitingyuanzhudm.fang.com/
Logger:2020-03-16 11:37:30.522069 https://jingwuzhongxin.fang.com/
Logger:2020-03-16 11:37:30.850488 https://hongkunyunyu.fang.com/
Logger:2020-03-16 11:37:31.155757 https://zhongjiaolicheng.fang.com/
Logger:2020-03-16 11:37:31.570411 https://jinyangfucf.fang.com/
Logger:2020-03-16 11:37:33.849582 https://zhaojijuncheng.fang.com/
Logger:2020-03-16 11:37:34.809617 https://changshayu.fang.com/
Logger:2020-03-16 11:37:35.056663 https://tianyuebgy0731.fang.com/
Logger:2020-03-16 11:37:35.399905 https://heyuantianchen.fang.com/
Logger:2020-03-16 11:37:35.684744 https://shenyexihui.fang.com/
Logger:2020-03-16 11:37:36.026627 https://guojijingyuanhg.fang.com/
Logger:2020-03-16 11:37:39.777662 https://cs.newhouse.fang.com/house/s/b928/
Logger:2020-03-16 11:37:40.069756 https://1901000731.fang.com/
Logger:2020-03-16 11:37:40.350524 https://shanshuilantian.fang.com/2/
Logger:2020-03-16 11:37:40.672724 https://manchengwl.fang.com/
Logger:2020-03-16 11:37:41.038238 https://lygyygjsz.fang.com/
Logger:2020-03-16 11:37:41.386330 https://xinxiangyayun.fang.com/
Logger:2020-03-16 11:37:41.670370 https://yurenmatoucs.fang.com/
Logger:2020-03-16 11:37:41.948837 https://188652.fang.com/
Logger:2020-03-16 11:37:42.322438 https://fuguishijiazb.fang.com/
Logger:2020-03-16 11:37:42.615861 https://wenquanzhuangyuanlx.fang.com/
Logger:2020-03-16 11:37:42.952200 https://huaerjiezhongxinbj.fang.com/
Logger:2020-03-16 11:37:43.248394 https://guojichuangfuzhongxinyh.fang.com/
Logger:2020-03-16 11:37:43.548505 https://zhongnanguojiyanjingcheng.fang.com/
Logger:2020-03-16 11:37:43.851252 https://tianhuibgy0731.fang.com/
Logger:2020-03-16 11:37:44.163711 https://linghanggongguan0731.fang.com/
Logger:2020-03-16 11:37:44.524604 https://lingfengdasha.fang.com/
Logger:2020-03-16 11:37:44.773144 https://guojiguangchangcshc.fang.com/
Logger:2020-03-16 11:37:47.484739 https://shanshuiqingqinghx.fang.com/
Logger:2020-03-16 11:37:47.789420 https://xiangyuzhihui.fang.com/
Logger:2020-03-16 11:37:48.085819 https://jinzhouhuql.fang.com/
Logger:2020-03-16 11:37:48.382624 https://huxiangjinyingwan.fang.com/
Logger:2020-03-16 11:37:52.029386 https://cs.newhouse.fang.com/house/s/b929/
Logger:2020-03-16 11:37:52.304408 https://guojijinrongzhongxinbj.fang.com/
Logger:2020-03-16 11:37:52.549364 https://zhihuikejizhongxinyd.fang.com/
Logger:2020-03-16 11:37:52.847867 https://qicaimallty.fang.com/shop/
Logger:2020-03-16 11:37:53.128621 https://chuangyijunyuecheng.fang.com/
Logger:2020-03-16 11:37:53.364194 https://jiazhaoyeguangchang0731.fang.com/
Logger:2020-03-16 11:37:53.604912 https://xinchanghaizhongxinlg.fang.com/
Logger:2020-03-16 11:37:53.817820 https://shouzhidugongguanfang.fang.com/
Logger:2020-03-16 11:37:54.140936 https://guojidashacf.fang.com/
Logger:2020-03-16 11:37:54.404195 https://chuanggu.fang.com/
Logger:2020-03-16 11:37:54.651112 https://gaoxinxiangrikuiguangchang.fang.com/
Logger:2020-03-16 11:37:54.952827 https://lyaoyuanguangchang.fang.com/
Logger:2020-03-16 11:37:55.249765 https://meixihuguangchanghw.fang.com/
Logger:2020-03-16 11:37:55.562025 https://shuianshanchengsanqi.fang.com/
Logger:2020-03-16 11:37:55.860719 https://hongxiangguojiguangchang.fang.com/
Logger:2020-03-16 11:37:56.125448 https://xinhunandasha.fang.com/
Logger:2020-03-16 11:37:56.367839 https://zixinzhongyangguangchang.fang.com/
Logger:2020-03-16 11:37:56.727812 https://bodazhongyangguangchang.fang.com/
Logger:2020-03-16 11:37:57.016314 https://dinghengdasha.fang.com/
Logger:2020-03-16 11:37:59.056285 https://xinlongdashafang.fang.com/
Logger:2020-03-16 11:37:59.283818 https://fuxingjiacheng.fang.com/
Logger:2020-03-16 11:38:02.957518 https://cs.newhouse.fang.com/house/s/b930/
Logger:2020-03-16 11:38:03.218352 https://zhongyinguoji0731.fang.com/
Logger:2020-03-16 11:38:03.535323 https://jinrongjiezhongyanglingyu.fang.com/
Logger:2020-03-16 11:38:03.826126 https://qiyegongyuandp.fang.com/
Logger:2020-03-16 11:38:04.132898 https://tianmashangongguan.fang.com/
Logger:2020-03-16 11:38:04.408818 https://meigaomeiguangchangxh.fang.com/
Logger:2020-03-16 11:38:04.754292 https://tianjiandongzimen.fang.com/
Logger:2020-03-16 11:38:05.068006 https://huaerjiezhongxin.fang.com/
Logger:2020-03-16 11:38:05.326788 https://wangjiandasha.fang.com/
Logger:2020-03-16 11:38:05.584012 https://1901020731.fang.com/
Logger:2020-03-16 11:38:05.899945 https://jinditianmaxincheng.fang.com/
Logger:2020-03-16 11:38:06.195421 https://aotelaisiyt.fang.com/shop/
Logger:2020-03-16 11:38:06.475102 https://yuyuanbuxingjiely.fang.com/
Logger:2020-03-16 11:38:06.744381 https://jinxingqipeicheng.fang.com/
Logger:2020-03-16 11:38:06.979189 https://binjiangwanrh.fang.com/
Logger:2020-03-16 11:38:07.276031 https://heyuefuzm.fang.com/
Logger:2020-03-16 11:38:07.588462 https://senlinzhiguangxy.fang.com/
Logger:2020-03-16 11:38:08.654123 https://xingchengtiandibbg.fang.com/
Logger:2020-03-16 11:38:08.920149 https://xuelinxianst.fang.com/
Logger:2020-03-16 11:38:09.247711 https://guobinfumd0731.fang.com/
Logger:2020-03-16 11:38:09.622624 https://152560.fang.com/
Logger:2020-03-16 11:38:12.957480 https://cs.newhouse.fang.com/house/s/b931/
Logger:2020-03-16 11:38:13.295361 https://meidichengnx.fang.com/
Logger:2020-03-16 11:38:13.642490 https://719jiequ.fang.com/
Logger:2020-03-16 11:38:14.766297 https://guojichengzgtj0731.fang.com/
Logger:2020-03-16 11:38:15.061488 https://jiulongshanjy.fang.com/
Logger:2020-03-16 11:38:15.403533 https://hunanwenhuaguangchang.fang.com/
Logger:2020-03-16 11:38:15.737316 https://188980.fang.com/
Logger:2020-03-16 11:38:16.031507 https://mlmsygc.fang.com/
Logger:2020-03-16 11:38:16.317589 https://huayue0731.fang.com/
Logger:2020-03-16 11:38:16.716318 https://binjiangfubgy0731.fang.com/
Logger:2020-03-16 11:38:17.104069 https://189570.fang.com/
Logger:2020-03-16 11:38:17.418788 https://hnfdxy.fang.com/
Logger:2020-03-16 11:38:17.722195 https://zhenyu.fang.com/
Logger:2020-03-16 11:38:18.942767 https://xymhqzx.fang.com/
Logger:2020-03-16 11:38:19.207432 https://dapengwanfang.fang.com/
Logger:2020-03-16 11:38:19.454260 https://xingyeiecjhd.fang.com/
Logger:2020-03-16 11:38:19.688984 https://qianluhuguojidujiaqufang.fang.com/
Logger:2020-03-16 11:38:19.954154 https://zhongnanqipeicheng.fang.com/
Logger:2020-03-16 11:38:20.250946 https://qicheshijiedhx.fang.com/
Logger:2020-03-16 11:38:20.532552 https://guojimaoyizhongxinxlc.fang.com/office/
Logger:2020-03-16 11:38:20.798497 https://xiangfuxiyuanjzy.fang.com/
Logger:2020-03-16 11:38:24.405728 https://cs.newhouse.fang.com/house/s/b932/
Logger:2020-03-16 11:38:24.654999 https://jinxiakuajingchanmaocheng.fang.com/
Logger:2020-03-16 11:38:26.280745 https://dongfangliyuanfang.fang.com/
Logger:2020-03-16 11:38:26.546307 https://csywxspc.fang.com/
Logger:2020-03-16 11:38:26.796672 https://shiguzhongxincf.fang.com/
Logger:2020-03-16 11:38:27.062323 https://shijiejinrongzhongxinfx.fang.com/
Logger:2020-03-16 11:38:27.327373 https://shanglinyuanhd0731.fang.com/
Logger:2020-03-16 11:38:27.733527 https://yundingmeixihujzy.fang.com/
Logger:2020-03-16 11:38:28.124468 https://zhongyangyuefujf.fang.com/
Logger:2020-03-16 11:38:28.452108 https://shuxiangyuanwj.fang.com/
Logger:2020-03-16 11:38:28.811692 https://zhumengxingyuan.fang.com/
Logger:2020-03-16 11:38:29.139844 https://zhongyanghuayuanbgy.fang.com/
Logger:2020-03-16 11:38:29.499111 https://mingdajiayuan0731.fang.com/
Logger:2020-03-16 11:38:29.858432 https://langqinshanjw.fang.com/
Logger:2020-03-16 11:38:30.232936 https://jiarizhongxinhq.fang.com/
Logger:2020-03-16 11:38:30.545538 https://mulianshijiaxy.fang.com/
Logger:2020-03-16 11:38:30.905090 https://xinglanzhiyue.fang.com/
Logger:2020-03-16 11:38:31.763826 https://jiangnanhuafu0731.fang.com/
Logger:2020-03-16 11:38:32.029389 https://nanyihaoxyl.fang.com/
Logger:2020-03-16 11:38:32.362438 https://xiangzhangyuefujd.fang.com/
Logger:2020-03-16 11:38:32.721458 https://guojishangyeguangchanghp.fang.com/
Logger:2020-03-16 11:38:36.382371 https://cs.newhouse.fang.com/house/s/b933/
Logger:2020-03-16 11:38:36.798964 https://hxjjjcblzxxj.fang.com/
Logger:2020-03-16 11:38:37.027233 https://jianfayangxi0731.fang.com/
Logger:2020-03-16 11:38:37.413452 https://zizaichengjd0731.fang.com/
Logger:2020-03-16 11:38:37.793855 https://lixiangjiayuanbdzy.fang.com/
Logger:2020-03-16 11:38:38.149704 https://jiazhaoyetianyu0731.fang.com/
Logger:2020-03-16 11:38:38.549515 https://longhuzichen0731.fang.com/
Logger:2020-03-16 11:38:38.877780 https://furongxinjiaxy.fang.com/
Logger:2020-03-16 11:38:39.190700 https://lushanfengqing.fang.com/2/
Logger:2020-03-16 11:38:40.559717 https://xingchengshoufubgy.fang.com/
Logger:2020-03-16 11:38:40.790973 https://chutianxiyuanzx.fang.com/
Logger:2020-03-16 11:38:41.100687 https://18gongguanzgtj.fang.com/
Logger:2020-03-16 11:38:41.431743 https://xingfukaola789.fang.com/
Logger:2020-03-16 11:38:41.759370 https://qingsheshidai.fang.com/
Logger:2020-03-16 11:38:42.778508 https://yihaoyuanyj.fang.com/
Logger:2020-03-16 11:38:43.047788 https://shujuchengqpg.fang.com/
Logger:2020-03-16 11:38:43.323793 https://sihaitongda.fang.com/
Logger:2020-03-16 11:38:46.901704 https://cs.newhouse.fang.com/house/s/b934/
Logger:2020-03-16 11:38:50.526058 https://cs.newhouse.fang.com/house/s/b935/
Logger:2020-03-16 11:38:54.076606 https://cs.newhouse.fang.com/house/s/b936/
