Logger:2020-03-16 12:04:52.194350 https://cswc.newhouse.fang.com/house/s/b91/
Logger:2020-03-16 12:04:52.468616 https://shidaiqingcheng.fang.com/
Logger:2020-03-16 12:04:52.876525 https://aohaigushanfu0731.fang.com/
Logger:2020-03-16 12:04:53.246536 https://xiangjiangtiandirh.fang.com/
Logger:2020-03-16 12:04:53.575698 https://wangzhoufuah.fang.com/
Logger:2020-03-16 12:04:54.039446 https://xinglongwancf.fang.com/
Logger:2020-03-16 12:04:54.429371 https://shidainianhua0731.fang.com/
Logger:2020-03-16 12:04:55.437674 https://binjiangtianzhuwr.fang.com/
Logger:2020-03-16 12:04:55.690996 https://dangdaiyayuan.fang.com/
Logger:2020-03-16 12:04:56.043128 https://taoyuanlihr0731.fang.com/
Logger:2020-03-16 12:04:56.409118 https://wangjiangfuwt.fang.com/
Logger:2020-03-16 12:04:56.710269 https://rongchuangchengcs.fang.com/
Logger:2020-03-16 12:04:57.060333 https://caizicheng.fang.com/
Logger:2020-03-16 12:04:57.604924 https://sanqianfujd.fang.com/
Logger:2020-03-16 12:04:58.017801 https://binjiangshuyuannj.fang.com/
Logger:2020-03-16 12:04:58.446643 https://wenlanfuah.fang.com/
Logger:2020-03-16 12:04:58.753803 https://beibuwanjy.fang.com/
Logger:2020-03-16 12:04:59.469919 https://xiangjianggongguanhn.fang.com/
Logger:2020-03-16 12:04:59.790066 https://tongguanyaoguzhenxhl.fang.com/
Logger:2020-03-16 12:05:00.034420 https://gongyuanlihh.fang.com/
Logger:2020-03-16 12:05:00.318617 https://gaoerfuxiaozhenlc.fang.com/
Logger:2020-03-16 12:05:03.638779 https://cswc.newhouse.fang.com/house/s/b92/
Logger:2020-03-16 12:05:03.945913 https://chunhuihuayuan0731.fang.com/
Logger:2020-03-16 12:05:04.264086 https://fuxingyuefu.fang.com/
Logger:2020-03-16 12:05:04.583207 https://caifuzhongxinzr0731.fang.com/
Logger:2020-03-16 12:05:05.004093 https://mengxiangchengxhl0731.fang.com/
Logger:2020-03-16 12:05:05.339224 https://dongfangmingzhuzj.fang.com/
Logger:2020-03-16 12:05:05.643448 https://641162.fang.com/
Logger:2020-03-16 12:05:05.999420 https://peiwenfugmbgy.fang.com/
Logger:2020-03-16 12:05:06.317599 https://tydfgjzbc.fang.com/
Logger:2020-03-16 12:05:06.637712 https://shunzhouwangcheng.fang.com/
Logger:2020-03-16 12:05:06.931925 https://xiangjianglanyuexc.fang.com/
Logger:2020-03-16 12:05:07.478463 https://runhezijun.fang.com/
Logger:2020-03-16 12:05:07.844514 https://runheyouyicheng.fang.com/
Logger:2020-03-16 12:05:08.212538 https://runheshanshuijun.fang.com/
Logger:2020-03-16 12:05:08.592484 https://gushanjunrh.fang.com/
Logger:2020-03-16 12:05:08.901682 https://yuyuanbgy0731.fang.com/
Logger:2020-03-16 12:05:09.226816 https://guojichengmf.fang.com/
Logger:2020-03-16 12:05:09.606806 https://zhonglianghongyun0731.fang.com/
Logger:2020-03-16 12:05:09.935932 https://yuelufengjingrs.fang.com/
Logger:2020-03-16 12:05:10.262092 https://taiyangcheng20731.fang.com/
Logger:2020-03-16 12:05:10.633095 https://guojihuaduxc.fang.com/
Logger:2020-03-16 12:05:14.023953 https://cswc.newhouse.fang.com/house/s/b93/
Logger:2020-03-16 12:05:14.303247 https://dahanhanyuan.fang.com/
Logger:2020-03-16 12:05:14.672267 https://sanruncheng.fang.com/
Logger:2020-03-16 12:05:14.996375 https://gongyuanlidh.fang.com/
Logger:2020-03-16 12:05:15.281588 https://dahanhanfu.fang.com/
Logger:2020-03-16 12:05:15.640628 https://jintishuijundc.fang.com/
Logger:2020-03-16 12:05:15.940824 https://zhizaoxiaozhencsyd.fang.com/
Logger:2020-03-16 12:05:16.517283 https://runhetiandicr.fang.com/
Logger:2020-03-16 12:05:16.869340 https://gaoerfuhuayuanbgy.fang.com/
Logger:2020-03-16 12:05:17.209430 https://xiangshuhuachengld0731.fang.com/
Logger:2020-03-16 12:05:17.600385 https://aolaixiaozhenyt.fang.com/
Logger:2020-03-16 12:05:18.007305 https://yingfengcuidi2.fang.com/
Logger:2020-03-16 12:05:18.390295 https://zhongyangguangchangrh.fang.com/
Logger:2020-03-16 12:05:18.665535 https://xuefuxingcheng.fang.com/
Logger:2020-03-16 12:05:19.017638 https://yuanmengjiayuancg.fang.com/
Logger:2020-03-16 12:05:19.342724 https://188622.fang.com/
Logger:2020-03-16 12:05:19.623971 https://gushanjunxd.fang.com/
Logger:2020-03-16 12:05:20.768950 https://huatizijunke.fang.com/
Logger:2020-03-16 12:05:21.095090 https://malidehuayuan.fang.com/
Logger:2020-03-16 12:05:21.437163 https://langshiludao.fang.com/
Logger:2020-03-16 12:05:21.737360 https://guojigongjiangyuandh.fang.com/
Logger:2020-03-16 12:05:25.316741 https://cswc.newhouse.fang.com/house/s/b94/
Logger:2020-03-16 12:05:25.574054 https://daxueli0731.fang.com/
Logger:2020-03-16 12:05:25.872256 https://wantaiguoji0731.fang.com/
Logger:2020-03-16 12:05:26.123584 https://qianyuanguojiguangchang.fang.com/
Logger:2020-03-16 12:05:26.476640 https://jinqiaoguojics.fang.com/shop/
Logger:2020-03-16 12:05:26.722981 https://binjiangyayuanrk.fang.com/
Logger:2020-03-16 12:05:29.069703 https://wcahlt.fang.com/
Logger:2020-03-16 12:05:29.401856 https://lianchengyajun.fang.com/
Logger:2020-03-16 12:05:29.767878 https://lanyuanlcgefxz.fang.com/
Logger:2020-03-16 12:05:30.066037 https://gaoxingxitiexincheng.fang.com/
Logger:2020-03-16 12:05:30.802112 https://shuixishangjr.fang.com/
Logger:2020-03-16 12:05:31.050447 https://xingkongchengshigongguankl.fang.com/
Logger:2020-03-16 12:05:31.373539 https://lijinghuating0731.fang.com/
Logger:2020-03-16 12:05:31.676810 https://xitingyuanzhudm.fang.com/
Logger:2020-03-16 12:05:32.015857 https://shanshuilantian.fang.com/2/
Logger:2020-03-16 12:05:32.479581 https://xinxiangyayun.fang.com/
Logger:2020-03-16 12:05:32.777825 https://linghanggongguan0731.fang.com/
Logger:2020-03-16 12:05:33.077980 https://wcfjpark.fang.com/
Logger:2020-03-16 12:05:33.367206 https://zixinzhongyangguangchang.fang.com/
Logger:2020-03-16 12:05:33.643543 https://meigaomeiguangchangxh.fang.com/
Logger:2020-03-16 12:05:34.563045 https://wangjiandasha.fang.com/
Logger:2020-03-16 12:05:37.755466 https://cswc.newhouse.fang.com/house/s/b95/
Logger:2020-03-16 12:05:37.970890 https://aotelaisiyt.fang.com/shop/
Logger:2020-03-16 12:05:38.218229 https://jinxingqipeicheng.fang.com/
Logger:2020-03-16 12:05:38.459584 https://mlmsygc.fang.com/
Logger:2020-03-16 12:05:38.789700 https://qicheshijiedhx.fang.com/
Logger:2020-03-16 12:05:39.030057 https://csywxspc.fang.com/
Logger:2020-03-16 12:05:39.275402 https://xinglanzhiyue.fang.com/
Logger:2020-03-16 12:05:39.571608 https://guojishangyeguangchanghp.fang.com/
Logger:2020-03-16 12:05:39.897736 https://zizaichengjd0731.fang.com/
Logger:2020-03-16 12:05:40.262759 https://longhuzichen0731.fang.com/
Logger:2020-03-16 12:05:43.825272 https://cswc.newhouse.fang.com/house/s/b96/
Logger:2020-03-16 12:05:47.589160 https://cswc.newhouse.fang.com/house/s/b97/
Logger:2020-03-16 12:05:51.344151 https://cswc.newhouse.fang.com/house/s/b98/
