Logger:2020-03-16 13:45:47.847356 https://cz.newhouse.fang.com/house/s/b91/
Logger:2020-03-16 13:45:48.182507 https://hongxingguojiguangchangcz.fang.com/?from=xflist_xfgg
Logger:2020-03-16 13:45:48.493665 https://yuefujthd.fang.com/?from=xflist_xfgg
Logger:2020-03-16 13:45:48.817837 https://tangsongyjllj.fang.com/
Logger:2020-03-16 13:45:49.193756 https://yanlanhujx.fang.com/
Logger:2020-03-16 13:45:49.538834 https://huayujiangnan.fang.com/
Logger:2020-03-16 13:45:50.052490 https://boyuetianningxh.fang.com/
Logger:2020-03-16 13:45:50.368612 https://yuejungongguanxchy.fang.com/
Logger:2020-03-16 13:45:50.745646 https://duhuilixh.fang.com/
Logger:2020-03-16 13:45:51.039818 https://wanxiangfu.fang.com/
Logger:2020-03-16 13:45:51.400852 https://xingheguoji0519.fang.com/
Logger:2020-03-16 13:45:51.846697 https://yinshanfenghua.fang.com/
Logger:2020-03-16 13:45:52.155869 https://yuhuzhuangyuanhd0519.fang.com/
Logger:2020-03-16 13:45:52.437079 https://sanjianggongyuanmd.fang.com/
Logger:2020-03-16 13:45:52.863936 https://jinmaofulc.fang.com/
Logger:2020-03-16 13:45:53.138203 https://yunyuelizh.fang.com/
Logger:2020-03-16 13:45:53.444426 https://dushisenlinbgy.fang.com/
Logger:2020-03-16 13:45:53.741589 https://puyuemendixcgm.fang.com/
Logger:2020-03-16 13:45:54.105641 https://biyuehemingbgygm.fang.com/
Logger:2020-03-16 13:45:54.364958 https://gongyuandadaowk0519.fang.com/
Logger:2020-03-16 13:45:54.697033 https://feiliduhuibgy.fang.com/
Logger:2020-03-16 13:45:58.408105 https://cz.newhouse.fang.com/house/s/b92/
Logger:2020-03-16 13:45:58.710298 https://guoshijiuliljyjl.fang.com/
Logger:2020-03-16 13:45:59.048436 https://tianfumdxh.fang.com/
Logger:2020-03-16 13:45:59.360594 https://hongyangyunfeng.fang.com/
Logger:2020-03-16 13:45:59.706632 https://gangyuefu.fang.com/
Logger:2020-03-16 13:46:00.021789 https://taihuyuanzi.fang.com/
Logger:2020-03-16 13:46:00.386812 https://jinmaofucq.fang.com/
Logger:2020-03-16 13:46:00.737916 https://yihaotianxibgy.fang.com/
Logger:2020-03-16 13:46:01.410075 https://puyueheshanxczs.fang.com/
Logger:2020-03-16 13:46:01.732242 https://taolidongfang.fang.com/
Logger:2020-03-16 13:46:02.026426 https://huaideyujunxc.fang.com/
Logger:2020-03-16 13:46:02.367513 https://heguangchenyuebl0519.fang.com/
Logger:2020-03-16 13:46:02.664754 https://xinchengyuejun0519.fang.com/
Logger:2020-03-16 13:46:02.976884 https://wanhechengld.fang.com/
Logger:2020-03-16 13:46:03.335962 https://xinchengheyu.fang.com/
Logger:2020-03-16 13:46:03.665072 https://puyuechunqiuxc.fang.com/
Logger:2020-03-16 13:46:04.051010 https://jiangzuofenghuajh.fang.com/
Logger:2020-03-16 13:46:04.364212 https://jiuliqingchuanjh.fang.com/
Logger:2020-03-16 13:46:04.720258 https://jiangshanyuemdygc.fang.com/
Logger:2020-03-16 13:46:05.061307 https://xinchengjinjun2.fang.com/
Logger:2020-03-16 13:46:05.439338 https://hanlinfuczmd.fang.com/
Logger:2020-03-16 13:46:09.205265 https://cz.newhouse.fang.com/house/s/b93/
Logger:2020-03-16 13:46:09.631127 https://hengdayujing0519.fang.com/
Logger:2020-03-16 13:46:10.361130 https://suiyuanjinlingfu.fang.com/
Logger:2020-03-16 13:46:10.905673 https://mingdundaold.fang.com/
Logger:2020-03-16 13:46:11.245792 https://jingyaomdlg.fang.com/
Logger:2020-03-16 13:46:11.554962 https://rongshengyufu0519.fang.com/
Logger:2020-03-16 13:46:11.862113 https://xihuayayuanzjls.fang.com/
Logger:2020-03-16 13:46:12.203201 https://longhuxingtu0519.fang.com/
Logger:2020-03-16 13:46:12.485447 https://jiangnanlilc0519.fang.com/
Logger:2020-03-16 13:46:12.770684 https://yunhetiandi.fang.com/
Logger:2020-03-16 13:46:13.098849 https://xingangchenggl.fang.com/
Logger:2020-03-16 13:46:20.167895 https://binhuyuyuanrc.fang.com/
Logger:2020-03-16 13:46:20.490069 https://rongyuefutn.fang.com/
Logger:2020-03-16 13:46:20.789233 https://gongyuantianxiamdjk.fang.com/
Logger:2020-03-16 13:46:21.157249 https://yunzhumdsm.fang.com/
Logger:2020-03-16 13:46:21.468416 https://heyuefucz.fang.com/
Logger:2020-03-16 13:46:21.715755 https://tianxiajinhy.fang.com/
Logger:2020-03-16 13:46:22.058836 https://zijinggongguanbl0519.fang.com/
Logger:2020-03-16 13:46:22.464750 https://ziyunfu0519.fang.com/
Logger:2020-03-16 13:46:22.790878 https://qichenzljk.fang.com/
Logger:2020-03-16 13:46:23.059160 https://tanxiangwanwt.fang.com/
Logger:2020-03-16 13:46:26.399261 https://cz.newhouse.fang.com/house/s/b94/
Logger:2020-03-16 13:46:26.693475 https://changfalongyue.fang.com/
Logger:2020-03-16 13:46:26.936829 https://weikejieqvgl.fang.com/
Logger:2020-03-16 13:46:27.232031 https://jinfengheming.fang.com/
Logger:2020-03-16 13:46:27.561116 https://xinduhuiwk0519.fang.com/
Logger:2020-03-16 13:46:27.845431 https://sijiduhuiwk.fang.com/
Logger:2020-03-16 13:46:28.115633 https://lanyuewanxh0519.fang.com/
Logger:2020-03-16 13:46:32.138871 https://pinyuegongguanhs.fang.com/
Logger:2020-03-16 13:46:32.418123 https://duhuishangzhuxh.fang.com/
Logger:2020-03-16 13:46:37.994243 https://cz.newhouse.fang.com/house/1820157760.htm
Logger:2020-03-16 13:46:38.333336 https://yaoguangchenyuan.fang.com/
Logger:2020-03-16 13:46:38.618537 https://dongfangjunkai.fang.com/
Logger:2020-03-16 13:46:41.670418 https://157706.fang.com/
Logger:2020-03-16 13:46:41.973604 https://yuedongguangchang.fang.com/
Logger:2020-03-16 13:46:42.218905 https://157748.fang.com/
Logger:2020-03-16 13:46:44.838896 https://157842.fang.com/
Logger:2020-03-16 13:46:45.165023 https://158120.fang.com/
Logger:2020-03-16 13:46:45.434346 https://langyuelongzhou.fang.com/
Logger:2020-03-16 13:46:45.728557 https://wutongxiangjundongyue.fang.com/
Logger:2020-03-16 13:46:46.151385 https://moocstarxingguangchengmhjh.fang.com/
Logger:2020-03-16 13:46:46.501492 https://jinghuifenghuanggongyu.fang.com/
Logger:2020-03-16 13:46:49.738790 https://cz.newhouse.fang.com/house/s/b95/
Logger:2020-03-16 13:46:50.026038 https://weilantiandi0519.fang.com/
Logger:2020-03-16 13:46:53.075860 https://mookstarxingguangcheng.fang.com/
Logger:2020-03-16 13:46:53.412040 https://nanguangchanghuayuanjz.fang.com/
Logger:2020-03-16 13:46:56.634366 https://junwangjiadiwkhy.fang.com/
Logger:2020-03-16 13:46:56.978421 https://longyuntiancheng.fang.com/
Logger:2020-03-16 13:46:57.283636 https://jinglintianzhulh.fang.com/
Logger:2020-03-16 13:46:57.595810 https://xingyunchengwx.fang.com/
Logger:2020-03-16 13:46:57.914951 https://shoufuyihaozl0519.fang.com/
Logger:2020-03-16 13:46:58.222129 https://jinxinyuyuan.fang.com/
Logger:2020-03-16 13:46:58.627054 https://meilinhushuianfengqing.fang.com/
Logger:2020-03-16 13:46:58.921259 https://henglushijia.fang.com/
Logger:2020-03-16 13:47:02.793864 https://bgyjkgmf.fang.com/
Logger:2020-03-16 13:47:03.118993 https://guojishequhr.fang.com/
Logger:2020-03-16 13:47:07.885245 https://tiananshumacheng.fang.com/
Logger:2020-03-16 13:47:08.237302 https://shangdehuayuan0519.fang.com/
Logger:2020-03-16 13:47:08.524563 https://hongxitaizn.fang.com/
Logger:2020-03-16 13:47:08.870607 https://puyuewanss0519.fang.com/
Logger:2020-03-16 13:47:09.149914 https://jiayuanyuefu.fang.com/
Logger:2020-03-16 13:47:09.442078 https://yushuihuatingcz.fang.com/
Logger:2020-03-16 13:47:09.735294 https://huayuanchengzs0519.fang.com/
Logger:2020-03-16 13:47:13.504212 https://cz.newhouse.fang.com/house/s/b96/
Logger:2020-03-16 13:47:13.816397 https://xinbeilvjunls.fang.com/
Logger:2020-03-16 13:47:14.153475 https://hefengyujing.fang.com/
Logger:2020-03-16 13:47:14.530506 https://xingzuogongyuzh.fang.com/
Logger:2020-03-16 13:47:14.851607 https://mudanhefu.fang.com/
Logger:2020-03-16 13:47:15.136843 https://xinshijiejz.fang.com/
Logger:2020-03-16 13:47:15.487905 https://lvdixiangnai.fang.com/
Logger:2020-03-16 13:47:15.934747 https://yihaogongyuqy.fang.com/
Logger:2020-03-16 13:47:16.224970 https://shuianshoufumd.fang.com/
Logger:2020-03-16 13:47:16.586964 https://jinlingwenjin.fang.com/
Logger:2020-03-16 13:47:16.913092 https://boyueshidai.fang.com/
Logger:2020-03-16 13:47:17.221311 https://jzhytxj.fang.com/
Logger:2020-03-16 13:47:17.501519 https://yanlanfenghuahy.fang.com/
Logger:2020-03-16 13:47:17.822679 https://longchenmingzhu.fang.com/
Logger:2020-03-16 13:47:18.192669 https://jinshuianjn.fang.com/
Logger:2020-03-16 13:47:18.529767 https://boyuegongguanzh.fang.com/
Logger:2020-03-16 13:47:18.846919 https://longdehuayuan.fang.com/
Logger:2020-03-16 13:47:19.213937 https://junchenfudxjy.fang.com/
Logger:2020-03-16 13:47:21.719237 https://mudanxuefu.fang.com/
Logger:2020-03-16 13:47:22.082264 https://gongyuanrenjia.fang.com/
Logger:2020-03-16 13:47:22.334616 https://taihuzhuangyuanwz0519.fang.com/
Logger:2020-03-16 13:47:27.187648 https://cz.newhouse.fang.com/house/s/b97/
Logger:2020-03-16 13:47:27.496778 https://shimaoguangchangcz.fang.com/
Logger:2020-03-16 13:47:27.747146 https://yinjiangguoji.fang.com/
Logger:2020-03-16 13:47:31.689616 https://weilaichenghd.fang.com/
Logger:2020-03-16 13:47:32.060602 https://jh105dy.fang.com/
Logger:2020-03-16 13:47:32.371738 https://dianyahuayuan0519.fang.com/
Logger:2020-03-16 13:47:32.685897 https://fenghuangtaiyjl.fang.com/
Logger:2020-03-16 13:47:33.086825 https://jinlongwanzh.fang.com/
Logger:2020-03-16 13:47:33.397007 https://shijitiandiyuefu.fang.com/
Logger:2020-03-16 13:47:33.716142 https://gongyuanli0519.fang.com/
Logger:2020-03-16 13:47:34.010379 https://jinfengxinchengly.fang.com/
Logger:2020-03-16 13:47:34.345458 https://qixingshijiguangchang.fang.com/
Logger:2020-03-16 13:47:40.209769 https://atmgongyu.fang.com/
Logger:2020-03-16 13:47:40.539887 https://xiujiangnancx0519.fang.com/
Logger:2020-03-16 13:47:44.583113 https://xiqizhuangyuan.fang.com/
Logger:2020-03-16 13:47:44.888254 https://hongshulingjz.fang.com/
Logger:2020-03-16 13:47:45.203411 https://taihuxiangshuwanhuayuan.fang.com/
Logger:2020-03-16 13:47:45.541537 https://liyang0519.fang.com/
Logger:2020-03-16 13:47:49.481004 https://binjianghaoyuan0519.fang.com/
Logger:2020-03-16 13:47:49.879947 https://yihaoyuanzlqh.fang.com/
Logger:2020-03-16 13:47:50.187122 https://shanhuchengyjl.fang.com/
Logger:2020-03-16 13:47:53.845333 https://cz.newhouse.fang.com/house/s/b98/
Logger:2020-03-16 13:47:56.723592 https://wandaguangchangczwj.fang.com/
Logger:2020-03-16 13:47:57.051751 https://xinghedandi0519.fang.com/
Logger:2020-03-16 13:47:57.352909 https://shanghaichengzj.fang.com/
Logger:2020-03-16 13:47:59.828287 https://liyangwuyueguangchang.fang.com/
Logger:2020-03-16 13:48:02.680657 https://rongxinlanyue.fang.com/
Logger:2020-03-16 13:48:02.960943 https://yurunguojiguangchangcz.fang.com/
Logger:2020-03-16 13:48:05.483229 https://jtyhyzl.fang.com/
Logger:2020-03-16 13:48:05.864141 https://yanshannanduhs.fang.com/
Logger:2020-03-16 13:48:06.192306 https://lanyuehupan.fang.com/
Logger:2020-03-16 13:48:06.484517 https://huafujingyuan20519.fang.com/
Logger:2020-03-16 13:48:06.759776 https://aoyangtianchen.fang.com/
Logger:2020-03-16 13:48:07.083913 https://xintiandijt.fang.com/
Logger:2020-03-16 13:48:07.302361 https://huaweichuangzhiyuan.fang.com/
Logger:2020-03-16 13:48:09.958188 https://fenghuangcheng20519.fang.com/2/
Logger:2020-03-16 13:48:10.268394 https://jinlingwenxi.fang.com/
Logger:2020-03-16 13:48:14.751408 https://guobinfumd0519.fang.com/
Logger:2020-03-16 13:48:15.260005 https://moocstarxingguangchengbnjh.fang.com/
Logger:2020-03-16 13:48:15.546281 https://tangyuejiayuan.fang.com/
Logger:2020-03-16 13:48:15.887326 https://tianan.fang.com/villa/
Logger:2020-03-16 13:48:16.296233 https://yutingyuan0519.fang.com/
Logger:2020-03-16 13:48:19.984409 https://cz.newhouse.fang.com/house/s/b99/
Logger:2020-03-16 13:48:20.288596 https://jinyingshijie.fang.com/
Logger:2020-03-16 13:48:20.616675 https://puliwan.fang.com/2/
Logger:2020-03-16 13:48:20.934824 https://baixinghuafu.fang.com/
Logger:2020-03-16 13:48:21.298885 https://jiakechonggongfang.fang.com/
Logger:2020-03-16 13:48:21.614007 https://jinligongyu0519.fang.com/
Logger:2020-03-16 13:48:24.435459 https://taihuhuayuankd.fang.com/
Logger:2020-03-16 13:48:25.937484 https://yunhejiuhao.fang.com/
Logger:2020-03-16 13:48:26.196746 https://chengshiwanxiangljyjl.fang.com/
Logger:2020-03-16 13:48:26.545813 https://taiyingbaqianli.fang.com/
Logger:2020-03-16 13:48:26.833046 https://jiaheshangjun.fang.com/
Logger:2020-03-16 13:48:27.186101 https://yulongshancf.fang.com/
Logger:2020-03-16 13:48:30.297776 https://fengyunhuild.fang.com/
Logger:2020-03-16 13:48:30.666789 https://baiyuechengzl.fang.com/
Logger:2020-03-16 13:48:30.927093 https://shangfenglanwan.fang.com/
Logger:2020-03-16 13:48:31.291119 https://158128.fang.com/
Logger:2020-03-16 13:48:34.134512 https://longyuefugldf.fang.com/
Logger:2020-03-16 13:48:34.448672 https://xiangxielishelt.fang.com/
Logger:2020-03-16 13:48:34.795743 https://mudanlongting.fang.com/
Logger:2020-03-16 13:48:35.124901 https://lanlingjinxuan.fang.com/
Logger:2020-03-16 13:48:35.496904 https://qiqushangdong.fang.com/
Logger:2020-03-16 13:48:39.183007 https://cz.newhouse.fang.com/house/s/b910/
Logger:2020-03-16 13:48:39.458271 https://shijiabieyuan.fang.com/
Logger:2020-03-16 13:48:39.794372 https://158114.fang.com/
Logger:2020-03-16 13:48:40.109598 https://lynfysyh0519.fang.com/
Logger:2020-03-16 13:48:40.399753 https://158118.fang.com/
Logger:2020-03-16 13:48:40.672024 https://tiananshumacheng.fang.com/office/
Logger:2020-03-16 13:48:40.941342 https://guojizhihuigujt.fang.com/
Logger:2020-03-16 13:48:41.297381 https://jinfengjiayuan0519.fang.com/
Logger:2020-03-16 13:48:43.871465 https://hxmkl0519.fang.com/
Logger:2020-03-16 13:48:44.194617 https://fbgcczhqdzsj.fang.com/
Logger:2020-03-16 13:48:44.454940 https://158058.fang.com/
Logger:2020-03-16 13:48:44.767068 https://jiangnanyinxiang0519.fang.com/
Logger:2020-03-16 13:48:45.224843 https://xiangshuwanxinyuan.fang.com/
Logger:2020-03-16 13:48:45.619788 https://chengshiguangchangbl0519.fang.com/
Logger:2020-03-16 13:48:49.486446 https://feililanwan.fang.com/
Logger:2020-03-16 13:48:49.789634 https://kuangdafuyuan.fang.com/
Logger:2020-03-16 13:48:50.248475 https://yunxi0519.fang.com/
Logger:2020-03-16 13:48:50.563562 https://jinyudongjun0519.fang.com/
Logger:2020-03-16 13:48:50.941593 https://tianjunbandaolj.fang.com/
Logger:2020-03-16 13:48:51.274660 https://longyuewanjd.fang.com/
Logger:2020-03-16 13:48:51.517087 https://tianehugc.fang.com/
Logger:2020-03-16 13:48:54.947833 https://cz.newhouse.fang.com/house/s/b911/
Logger:2020-03-16 13:48:59.974429 https://huangtingyushujd.fang.com/
Logger:2020-03-16 13:49:00.337415 https://shidaiguangchangtf.fang.com/
Logger:2020-03-16 13:49:00.704470 https://zitingmingyuan.fang.com/
Logger:2020-03-16 13:49:01.118328 https://yushuijingcheng0519.fang.com/
Logger:2020-03-16 13:49:01.406625 https://bandaolongting.fang.com/2/
Logger:2020-03-16 13:49:01.711771 https://zhongjinghuafu.fang.com/
Logger:2020-03-16 13:49:04.786557 https://shijixuefubgyhx.fang.com/
Logger:2020-03-16 13:49:05.962398 https://gaoxinguangchang.fang.com/
Logger:2020-03-16 13:49:07.832408 https://158112.fang.com/
Logger:2020-03-16 13:49:08.153549 https://kaiershangjun0519.fang.com/
Logger:2020-03-16 13:49:08.917463 https://kejiyuanhmdcz.fang.com/
Logger:2020-03-16 13:49:10.563103 https://chuangyiyuancz.fang.com/
Logger:2020-03-16 13:49:13.816363 https://jiayuanzhongxinguangchangxy.fang.com/
Logger:2020-03-16 13:49:15.961618 https://fenghuanghuayuan0519.fang.com/
Logger:2020-03-16 13:49:16.331629 https://wangjiaoguangchang0519.fang.com/
Logger:2020-03-16 13:49:16.572997 https://tianningshidaiguangchang.fang.com/
Logger:2020-03-16 13:49:16.847295 https://158016.fang.com/
Logger:2020-03-16 13:49:17.189334 https://furunshuijun0519.fang.com/
Logger:2020-03-16 13:49:19.942017 https://157832.fang.com/
Logger:2020-03-16 13:49:20.291036 https://manhadunrs.fang.com/
Logger:2020-03-16 13:49:23.833598 https://cz.newhouse.fang.com/house/s/b912/
Logger:2020-03-16 13:49:24.086882 https://xiqizhuangyuan0519.fang.com/
Logger:2020-03-16 13:49:24.329270 https://guojichuangxinjidi.fang.com/
Logger:2020-03-16 13:49:25.711535 https://jiabochengmjt.fang.com/
Logger:2020-03-16 13:49:26.009738 https://chengshiguangchangxh0519.fang.com/
Logger:2020-03-16 13:49:26.268047 https://tywly.fang.com/
Logger:2020-03-16 13:49:26.522366 https://hdjsmc0519.fang.com/
Logger:2020-03-16 13:49:27.440952 https://snzckjcyy.fang.com/
Logger:2020-03-16 13:49:29.171280 https://dengboguangchangzq.fang.com/
Logger:2020-03-16 13:49:29.480453 https://xinchengjinyue0519.fang.com/
Logger:2020-03-16 13:49:29.803630 https://huyuelangjunxc.fang.com/
Logger:2020-03-16 13:49:30.154692 https://hqxspc.fang.com/
Logger:2020-03-16 13:49:33.755064 https://cz.newhouse.fang.com/house/s/b913/
Logger:2020-03-16 13:49:37.277595 https://cz.newhouse.fang.com/house/s/b914/
Logger:2020-03-16 13:49:44.125297 https://cz.newhouse.fang.com/house/s/b915/
