Logger:2020-03-16 23:48:30.499900 https://dali.newhouse.fang.com/house/s/b91/
Logger:2020-03-16 23:48:30.864706 https://daligongguan.fang.com/
Logger:2020-03-16 23:48:31.510592 https://jiayilingwan.fang.com/
Logger:2020-03-16 23:48:32.022196 https://yunxiangshandl.fang.com/
Logger:2020-03-16 23:48:32.434821 https://yihaoyuandl.fang.com/
Logger:2020-03-16 23:48:32.836842 https://dayuanligc.fang.com/
Logger:2020-03-16 23:48:33.187902 https://shangwuzhongxindx0872.fang.com/
Logger:2020-03-16 23:48:33.571877 https://dalmjhf.fang.com/
Logger:2020-03-16 23:48:33.932751 https://yijingshangju.fang.com/
Logger:2020-03-16 23:48:34.353804 https://canghaiyishu0872.fang.com/01/
Logger:2020-03-16 23:48:34.717869 https://ehhqsd.fang.com/
Logger:2020-03-16 23:48:35.029036 https://wanggongbieyuandl.fang.com/
Logger:2020-03-16 23:48:36.462299 https://jinxiuhuachengdldh.fang.com/
Logger:2020-03-16 23:48:37.946315 https://zhongyangguangchanglx.fang.com/
Logger:2020-03-16 23:48:39.470988 https://fumendl.fang.com/
Logger:2020-03-16 23:48:41.756567 https://zibizhuangyuan.fang.com/
Logger:2020-03-16 23:48:43.861781 https://eryuanbiguiyuan.fang.com/
Logger:2020-03-16 23:48:44.169237 https://shanhaiyunzhudl.fang.com/
Logger:2020-03-16 23:48:44.467406 https://cynxc.fang.com/
Logger:2020-03-16 23:48:44.803508 https://yujinghuafu0872.fang.com/
Logger:2020-03-16 23:48:47.247272 https://longyuehuafu0872.fang.com/
Logger:2020-03-16 23:48:50.976412 https://dali.newhouse.fang.com/house/s/b92/
Logger:2020-03-16 23:48:51.300282 https://erhaichuanqi.fang.com/
Logger:2020-03-16 23:48:51.801938 https://mynhdf.fang.com/
Logger:2020-03-16 23:48:52.143026 https://gongyuanyihaohf.fang.com/
Logger:2020-03-16 23:48:52.434175 https://jiarigongyuancs.fang.com/
Logger:2020-03-16 23:48:52.791558 https://yinhemingzhudl.fang.com/
Logger:2020-03-16 23:48:53.117685 https://jingdianfuyuan.fang.com/
Logger:2020-03-16 23:48:53.500699 https://shuianhuafu0872.fang.com/
Logger:2020-03-16 23:48:53.818810 https://tiankongyuandl.fang.com/
Logger:2020-03-16 23:48:54.864000 https://longxiangyuan0872.fang.com/2/
Logger:2020-03-16 23:48:57.006583 https://waitanmingzhu0872.fang.com/
Logger:2020-03-16 23:48:57.383561 https://xiangruijiayuan0872.fang.com/
Logger:2020-03-16 23:48:57.793027 https://cjhyw.fang.com/
Logger:2020-03-16 23:48:58.109222 https://caiyunzhuangyuan.fang.com/
Logger:2020-03-16 23:48:58.478234 https://xystc.fang.com/
Logger:2020-03-16 23:49:00.018543 https://mdxhtswqxz.fang.com/
Logger:2020-03-16 23:49:00.350808 https://guojishengtaichengeh.fang.com/
Logger:2020-03-16 23:49:01.326199 https://hfgyyp.fang.com/
Logger:2020-03-16 23:49:01.897080 https://dlbeijingwan.fang.com/
Logger:2020-03-16 23:49:02.314051 https://jinyangshoufu.fang.com/
Logger:2020-03-16 23:49:02.645164 https://taianxincheng.fang.com/
Logger:2020-03-16 23:49:05.899863 https://dali.newhouse.fang.com/house/s/b93/
Logger:2020-03-16 23:49:06.210336 https://dlymw.fang.com/
Logger:2020-03-16 23:49:06.584385 https://tygjgc.fang.com/
Logger:2020-03-16 23:49:06.906487 https://erhailongwan.fang.com/
Logger:2020-03-16 23:49:07.190806 https://qiaoxiangwenhuacheng.fang.com/
Logger:2020-03-16 23:49:07.492916 https://fangtongxiyuan.fang.com/
Logger:2020-03-16 23:49:07.836004 https://djgjgc.fang.com/
Logger:2020-03-16 23:49:10.226884 https://yonghexiangyuan.fang.com/
Logger:2020-03-16 23:49:10.599928 https://cangshanxiaoyuandl.fang.com/
Logger:2020-03-16 23:49:10.964910 https://dlchgefbs.fang.com/
Logger:2020-03-16 23:49:11.448652 https://chshsl.fang.com/
Logger:2020-03-16 23:49:14.384606 https://binhaijunyuanjf.fang.com/
Logger:2020-03-16 23:49:14.743646 https://erhaitianyu.fang.com/
Logger:2020-03-16 23:49:16.843747 https://taiximingyuan.fang.com/
Logger:2020-03-16 23:49:17.216749 https://dalibandaojiarishs.fang.com/
Logger:2020-03-16 23:49:17.551852 https://jinhaianzhuangyuan.fang.com/
Logger:2020-03-16 23:49:19.379388 https://xingfulitr.fang.com/
Logger:2020-03-16 23:49:19.794259 https://fengyizhuangyuan.fang.com/
Logger:2020-03-16 23:49:20.731442 https://gantongbieshudl.fang.com/
Logger:2020-03-16 23:49:21.088488 https://huifengruicheng.fang.com/
Logger:2020-03-16 23:49:21.505667 https://yunluqingchengwandaguangchang.fang.com/
Logger:2020-03-16 23:49:24.826907 https://dali.newhouse.fang.com/house/s/b94/
Logger:2020-03-16 23:49:25.142145 https://dalitaohuayuanhblc.fang.com/
Logger:2020-03-16 23:49:28.427311 https://dalipushu.fang.com/
Logger:2020-03-16 23:49:28.773385 https://jinkhaijing.fang.com/
Logger:2020-03-16 23:49:29.138913 https://jinchengyinxiang.fang.com/
Logger:2020-03-16 23:49:29.440719 https://jiahexinyuan0872.fang.com/
Logger:2020-03-16 23:49:29.848629 https://miaoxiangyuandl.fang.com/
Logger:2020-03-16 23:49:31.682431 https://yinhuangzhuang.fang.com/
Logger:2020-03-16 23:49:34.080220 https://yaopengcsy.fang.com/
Logger:2020-03-16 23:49:34.406347 https://jrczagd.fang.com/
Logger:2020-03-16 23:49:34.825887 https://xianhuagubx.fang.com/
Logger:2020-03-16 23:49:35.181470 https://sijihuachengdl.fang.com/
Logger:2020-03-16 23:49:35.541169 https://dlmwlywhxz0872.fang.com/
Logger:2020-03-16 23:49:35.902219 https://ouzhouxiaozhen0872.fang.com/
Logger:2020-03-16 23:49:36.301204 https://bonanzhuangyuan.fang.com/
Logger:2020-03-16 23:49:36.647009 https://longkangyuanhz.fang.com/
Logger:2020-03-16 23:49:36.987091 https://dlqnsdsmc.fang.com/
Logger:2020-03-16 23:49:37.320164 https://darenlianmeng0872.fang.com/
Logger:2020-03-16 23:49:37.737082 https://xgllygyx.fang.com/
Logger:2020-03-16 23:49:41.259103 https://wzgjsmc0872.fang.com/
Logger:2020-03-16 23:49:41.901002 https://dayanlilj.fang.com/
Logger:2020-03-16 23:49:45.544004 https://dali.newhouse.fang.com/house/s/b95/
Logger:2020-03-16 23:49:45.887124 https://jinshangjinfengyi.fang.com/
Logger:2020-03-16 23:49:46.327911 https://tianjinghuayuan0872.fang.com/
Logger:2020-03-16 23:49:46.677264 https://shuimolinxi0872.fang.com/
Logger:2020-03-16 23:49:46.986513 https://yidishanyuan.fang.com/
Logger:2020-03-16 23:49:47.395344 https://haiyangcheng0872.fang.com/
Logger:2020-03-16 23:49:47.745988 https://nanzhaohutongsyj.fang.com/
Logger:2020-03-16 23:49:49.985316 https://xuefuyuandl.fang.com/
Logger:2020-03-16 23:49:50.302511 https://dlsrtd.fang.com/
Logger:2020-03-16 23:49:50.737345 https://cenqiuyuandl.fang.com/
Logger:2020-03-16 23:49:51.075405 https://liyuewandl.fang.com/
Logger:2020-03-16 23:49:54.767795 https://dali.newhouse.fang.com/house/s/b96/
Logger:2020-03-16 23:49:58.354884 https://dali.newhouse.fang.com/house/s/b97/
Logger:2020-03-16 23:50:02.957340 https://dali.newhouse.fang.com/house/s/b98/
