Logger:2020-03-16 16:24:58.694747 https://dandong.newhouse.fang.com/house/s/b91/
Logger:2020-03-16 16:24:59.048838 https://xbgjbl.fang.com/
Logger:2020-03-16 16:24:59.373968 https://xishanyihaohj.fang.com/
Logger:2020-03-16 16:24:59.791895 https://yiyunshuianzyc.fang.com/
Logger:2020-03-16 16:25:03.444666 https://88haogongguan.fang.com/
Logger:2020-03-16 16:25:03.764436 https://lvchengzijinyuan.fang.com/
Logger:2020-03-16 16:25:18.426764 https://donggang.newhouse.fang.com/house/1626789033.htm
Logger:2020-03-16 16:25:18.807746 https://yhjzy0415.fang.com/
Logger:2020-03-16 16:25:19.169321 https://88haogongguanfeili.fang.com/
Logger:2020-03-16 16:25:23.876008 https://jlcsc.fang.com/
Logger:2020-03-16 16:25:24.220088 https://binjiangyihao0415.fang.com/villa/
Logger:2020-03-16 16:25:26.015522 https://fengcheng.newhouse.fang.com/house/1627789119.htm
Logger:2020-03-16 16:25:26.368241 https://xueziyuan2.fang.com/
Logger:2020-03-16 16:25:26.732064 https://binjiang3h.fang.com/
Logger:2020-03-16 16:25:27.343428 https://shangchengmengxiang.fang.com/
Logger:2020-03-16 16:25:27.648611 https://gangchengyuyuanhx.fang.com/
Logger:2020-03-16 16:25:30.557824 https://dandongfushipinpfc.fang.com/
Logger:2020-03-16 16:25:30.883980 https://yueliangdao.fang.com/
Logger:2020-03-16 16:25:32.990859 https://feicuiyihao.fang.com/
Logger:2020-03-16 16:25:33.359421 https://kaixuanmenbj.fang.com/
Logger:2020-03-16 16:25:33.773137 https://jinfengyushu.fang.com/
Logger:2020-03-16 16:25:37.976140 https://dandong.newhouse.fang.com/house/s/b92/
Logger:2020-03-16 16:25:38.315232 https://jinfengyushu.fang.com/
Logger:2020-03-16 16:25:38.773530 https://jinjianglinyu.fang.com/3/
Logger:2020-03-16 16:25:39.183463 https://xinjiapocheng.fang.com/
Logger:2020-03-16 16:25:39.553973 https://lanshanxigu0415.fang.com/
Logger:2020-03-16 16:25:39.923989 https://boenyushanshui.fang.com/villa/
Logger:2020-03-16 16:25:40.261082 https://zhongyanghuachenghs.fang.com/
Logger:2020-03-16 16:25:43.688292 https://huayuanjinxiu.fang.com/
Logger:2020-03-16 16:25:47.339052 https://ytcbdd.fang.com/
Logger:2020-03-16 16:25:47.624293 https://hjxfl2.fang.com/
Logger:2020-03-16 16:25:48.194303 https://hongxingwandg.fang.com/
Logger:2020-03-16 16:25:48.606236 https://xintiandihm.fang.com/
Logger:2020-03-16 16:25:49.004723 https://dgzaishuiyifang.fang.com/
Logger:2020-03-16 16:25:49.319413 https://skxincheng.fang.com/
Logger:2020-03-16 16:25:49.847549 https://bolinyinxiang0415.fang.com/
Logger:2020-03-16 16:25:50.197606 https://jdhaiyunfengjing.fang.com/
Logger:2020-03-16 16:25:50.560635 https://donggang.newhouse.fang.com/house/1626789057.htm
Logger:2020-03-16 16:25:50.851861 https://yinhewan0415.fang.com/
Logger:2020-03-16 16:25:51.490678 https://jiangshanshubl.fang.com/villa/
Logger:2020-03-16 16:25:51.819796 https://shijingfanghua.fang.com/
Logger:2020-03-16 16:25:53.421103 https://tangningyihao.fang.com/
Logger:2020-03-16 16:25:56.728000 https://dandong.newhouse.fang.com/house/s/b93/
Logger:2020-03-16 16:25:57.024703 https://meiguigangwan.fang.com/
Logger:2020-03-16 16:25:57.352824 https://dongshengyujingyuan.fang.com/
Logger:2020-03-16 16:25:57.691918 https://tianciweilaicheng.fang.com/
Logger:2020-03-16 16:25:58.120799 https://guojihuaduld0415.fang.com/
Logger:2020-03-16 16:25:58.472142 https://guojihuayuanmx.fang.com/
Logger:2020-03-16 16:26:00.542450 https://taiyangshangpinxiaoqu.fang.com/
Logger:2020-03-16 16:26:03.188067 https://oushangmishu.fang.com/
Logger:2020-03-16 16:26:04.015778 https://fengcheng.newhouse.fang.com/house/1627789053.htm
Logger:2020-03-16 16:26:07.061097 https://xinchenglanwan.fang.com/
Logger:2020-03-16 16:26:07.906766 https://taoyuanhuadu.fang.com/
Logger:2020-03-16 16:26:08.244070 https://huangjiagongyudg.fang.com/
Logger:2020-03-16 16:26:08.605561 https://fengcheng.newhouse.fang.com/house/1627789169.htm
Logger:2020-03-16 16:26:10.342057 https://donggang.newhouse.fang.com/house/1626789055.htm
Logger:2020-03-16 16:26:13.887368 https://donggang.newhouse.fang.com/house/1626789041.htm
Logger:2020-03-16 16:26:14.878459 https://donggang.newhouse.fang.com/house/1626789047.htm
Logger:2020-03-16 16:26:17.158397 https://donggang.newhouse.fang.com/house/1626789175.htm
Logger:2020-03-16 16:26:20.922885 https://dandong.newhouse.fang.com/house/s/b94/
Logger:2020-03-16 16:26:24.397017 https://dandong.newhouse.fang.com/house/s/b95/
Logger:2020-03-16 16:26:28.118571 https://dandong.newhouse.fang.com/house/s/b96/
