Logger:2020-03-16 08:58:51.107049 https://danzhou.newhouse.fang.com/house/s/b91/
Logger:2020-03-16 08:58:51.423811 https://xueqiefengqingxiaozhenbgy.fang.com/
Logger:2020-03-16 08:58:51.720616 https://dzsaiweiyahaian.fang.com/
Logger:2020-03-16 08:58:52.018115 https://junlindayuanjy.fang.com/
Logger:2020-03-16 08:58:52.892699 https://dzhengdajinbitianxia.fang.com/
Logger:2020-03-16 08:58:53.204682 https://dzhaihuadao.fang.com/
Logger:2020-03-16 08:58:53.470291 https://gytgefbs.fang.com/
Logger:2020-03-16 08:58:53.767008 https://dzzhenghengdijing.fang.com/
Logger:2020-03-16 08:58:54.032646 https://dzchongqingcheng.fang.com/
Logger:2020-03-16 08:58:54.298132 https://dzdingshangshidaiguangchang.fang.com/
Logger:2020-03-16 08:58:54.579362 https://dzyujinglongting.fang.com/
Logger:2020-03-16 08:58:54.845368 https://shanshuilongchengba0898.fang.com/
Logger:2020-03-16 08:58:55.204856 https://dzhaiyangcheng.fang.com/
Logger:2020-03-16 08:58:55.438489 https://sidaozhuangyuantlq.fang.com/
Logger:2020-03-16 08:58:55.735901 https://danzhoulbw.fang.com/
Logger:2020-03-16 08:58:56.000856 https://zhaonanxiyuan.fang.com/
Logger:2020-03-16 08:59:00.786149 https://yueshanhufl.fang.com/
Logger:2020-03-16 08:59:01.097931 https://hejiayuanfh.fang.com/
Logger:2020-03-16 08:59:01.426668 https://wanguodaduhuiyh.fang.com/
Logger:2020-03-16 08:59:01.722242 https://hyhy0898.fang.com/
Logger:2020-03-16 08:59:02.053000 https://dzweilanyefeng.fang.com/
Logger:2020-03-16 08:59:05.724332 https://danzhou.newhouse.fang.com/house/s/b92/
Logger:2020-03-16 08:59:05.989526 https://dongfangtianyayizhandanzhou.fang.com/
Logger:2020-03-16 08:59:06.271261 https://hengyangdashadanzhou.fang.com/
Logger:2020-03-16 08:59:06.583788 https://lanseyadian0898.fang.com/
Logger:2020-03-16 08:59:06.895562 https://qingfengyelinwan.fang.com/
Logger:2020-03-16 08:59:08.520236 https://danzhou.newhouse.fang.com/house/3014258086.htm
Logger:2020-03-16 08:59:08.754498 https://chengzhonghuiwt.fang.com/
Logger:2020-03-16 08:59:13.283763 https://xiariguojishangyeguangchangdz.fang.com/
Logger:2020-03-16 08:59:13.503090 https://danzhoutygj.fang.com/
Logger:2020-03-16 08:59:13.737120 https://dingshangshizizuo.fang.com/
Logger:2020-03-16 08:59:13.986868 https://dahehuayuanlywq.fang.com/
Logger:2020-03-16 08:59:14.314768 https://changdaolanwan123.fang.com/
Logger:2020-03-16 08:59:14.580751 https://biguiyuanjinshatan.fang.com/
Logger:2020-03-16 08:59:14.846302 https://dzguyantian.fang.com/
Logger:2020-03-16 08:59:15.096331 https://dzwaghaiguojiguangchang.fang.com/
Logger:2020-03-16 08:59:15.393304 https://haihuadonganzs.fang.com/
Logger:2020-03-16 08:59:15.705145 https://dzhaianmangu.fang.com/
Logger:2020-03-16 08:59:15.974667 https://xingfusenlinhy.fang.com/
Logger:2020-03-16 08:59:16.302845 https://danzhouhelonghuafu.fang.com/
Logger:2020-03-16 08:59:16.584116 https://dzhaiangongguan.fang.com/
Logger:2020-03-16 08:59:16.864681 https://hnjingyiyuan.fang.com/
Logger:2020-03-16 08:59:20.629373 https://danzhou.newhouse.fang.com/house/s/b93/
Logger:2020-03-16 08:59:20.895077 https://lanyangwenquandahehuayuan.fang.com/
Logger:2020-03-16 08:59:21.190957 https://shengshihuangguan.fang.com/
Logger:2020-03-16 08:59:23.392985 https://dzlianhechengshihuayuan.fang.com/
Logger:2020-03-16 08:59:24.986358 https://danzhou.newhouse.fang.com/house/3014258090.htm
Logger:2020-03-16 08:59:25.252675 https://danzhouznxha.fang.com/
Logger:2020-03-16 08:59:25.533818 https://rongchuangmeilunxiyu.fang.com/
Logger:2020-03-16 08:59:25.799335 https://dzhexinjingdianhuayuan.fang.com/
Logger:2020-03-16 08:59:26.068760 https://bandaohaitian.fang.com/
Logger:2020-03-16 08:59:26.350222 https://dzwenquankangjun.fang.com/
Logger:2020-03-16 08:59:26.662447 https://dzbinhaichengbang.fang.com/
Logger:2020-03-16 08:59:26.896689 https://danzhoujbhhsj.fang.com/
Logger:2020-03-16 08:59:27.177874 https://dztiandifenghuangcheng.fang.com/
Logger:2020-03-16 08:59:27.475396 https://helongzhongyanggongyuan.fang.com/
Logger:2020-03-16 08:59:27.802726 https://zhongshijinhaiwann.fang.com/
Logger:2020-03-16 08:59:28.083910 https://bandaoyihao1.fang.com/
Logger:2020-03-16 08:59:28.334200 https://zhengguangguanhai.fang.com/
Logger:2020-03-16 08:59:28.615035 https://houhaiyinfan.fang.com/
Logger:2020-03-16 08:59:28.865707 https://guojishangyeguangchangdzxr.fang.com/
Logger:2020-03-16 08:59:29.209141 https://hainanxibujiajubolanzhongxin.fang.com/
Logger:2020-03-16 08:59:32.223557 https://jingyuanyuehaiwan1.fang.com/
Logger:2020-03-16 08:59:35.457905 https://danzhou.newhouse.fang.com/house/s/b94/
Logger:2020-03-16 08:59:35.629465 https://luomandikedanzhou.fang.com/
Logger:2020-03-16 08:59:35.960233 https://fulonglishuiwan.fang.com/
Logger:2020-03-16 08:59:36.240801 https://fhgkddjjd.fang.com/
Logger:2020-03-16 08:59:38.224711 https://danzhou.newhouse.fang.com/house/3014258078.htm
Logger:2020-03-16 08:59:39.584392 https://danzhou.newhouse.fang.com/house/3014258084.htm
Logger:2020-03-16 08:59:39.803051 https://lunenghailanfuyuann.fang.com/
Logger:2020-03-16 08:59:43.518780 https://danzhou.newhouse.fang.com/house/s/b95/
Logger:2020-03-16 08:59:47.009773 https://danzhou.newhouse.fang.com/house/s/b96/
Logger:2020-03-16 08:59:50.435234 https://danzhou.newhouse.fang.com/house/s/b97/
