Logger:2020-03-16 10:35:40.884126 https://daqing.newhouse.fang.com/house/s/b91/
Logger:2020-03-16 10:35:41.218295 https://ailianbao.fang.com/
Logger:2020-03-16 10:35:41.535328 https://xinyuanhuayuan0459.fang.com/
Logger:2020-03-16 10:35:43.516011 https://xinfengxuechangsanqi.fang.com/
Logger:2020-03-16 10:35:43.863791 https://rczyxf0459.fang.com/
Logger:2020-03-16 10:35:44.165625 https://lvchengyuyuan0459.fang.com/
Logger:2020-03-16 10:35:44.468908 https://rongchuangronggongguan.fang.com/
Logger:2020-03-16 10:35:45.881147 https://yinglunblj.fang.com/
Logger:2020-03-16 10:35:46.227837 https://hdyhzy0459.fang.com/
Logger:2020-03-16 10:35:46.546769 https://huihongyuelanwan.fang.com/
Logger:2020-03-16 10:35:46.861271 https://huaxiyujing.fang.com/
Logger:2020-03-16 10:35:47.193664 https://daqingyuanzi.fang.com/
Logger:2020-03-16 10:35:47.609088 https://yujingwanhd20459.fang.com/
Logger:2020-03-16 10:35:47.876513 https://asilanxiaozhen.fang.com/
Logger:2020-03-16 10:35:48.208324 https://hanchengjingyuan.fang.com/
Logger:2020-03-16 10:35:48.511520 https://yinhetaiyangcheng.fang.com/4/
Logger:2020-03-16 10:35:48.845536 https://yushuyuan0459.fang.com/
Logger:2020-03-16 10:35:49.177769 https://yjcfsl.fang.com/
Logger:2020-03-16 10:35:49.463487 https://zhongyanghuafu0459.fang.com/
Logger:2020-03-16 10:35:49.771649 https://guojijinrongzhongxindq.fang.com/
Logger:2020-03-16 10:35:50.112510 https://baihuhuayuan.fang.com/
Logger:2020-03-16 10:35:53.903373 https://daqing.newhouse.fang.com/house/s/b92/
Logger:2020-03-16 10:35:54.143852 https://aslxzmfgy.fang.com/
Logger:2020-03-16 10:35:54.442574 https://hljxsf.fang.com/
Logger:2020-03-16 10:35:54.762689 https://xxbxz.fang.com/
Logger:2020-03-16 10:35:55.212062 https://dongfangguoji0459.fang.com/
Logger:2020-03-16 10:35:59.267570 https://zhaoyuan.newhouse.fang.com/house/1931813393.htm
Logger:2020-03-16 10:35:59.704891 https://qhbdzhaozhou.fang.com/
Logger:2020-03-16 10:36:02.374102 https://zhaoyuan.newhouse.fang.com/house/1931813373.htm
Logger:2020-03-16 10:36:02.717768 https://hxlczhaozhou.fang.com/
Logger:2020-03-16 10:36:03.014430 https://jinxiulanwanzhaozhou.fang.com/
Logger:2020-03-16 10:36:03.311378 https://zhaoyuan.newhouse.fang.com/house/1931813385.htm
Logger:2020-03-16 10:36:03.623804 https://yijiangwanzhaozhou.fang.com/
Logger:2020-03-16 10:36:04.982861 https://zhaoyuan.newhouse.fang.com/house/1931813391.htm
Logger:2020-03-16 10:36:05.279664 https://yinglunxiaozhenzhaozhou.fang.com/
Logger:2020-03-16 10:36:06.435472 https://zhaoyuan.newhouse.fang.com/house/1931813379.htm
Logger:2020-03-16 10:36:11.184478 https://zhaoyuan.newhouse.fang.com/house/1931813389.htm
Logger:2020-03-16 10:36:11.496905 https://xfgyzhaozhou.fang.com/
Logger:2020-03-16 10:36:15.110979 https://daqing.newhouse.fang.com/house/s/b93/
Logger:2020-03-16 10:36:18.692548 https://daqing.newhouse.fang.com/house/s/b94/
Logger:2020-03-16 10:36:23.385345 https://daqing.newhouse.fang.com/house/s/b95/
