Logger:2020-03-16 19:23:57.091005 https://datong.newhouse.fang.com/house/s/b91/
Logger:2020-03-16 19:23:57.444857 https://hdfcht0352.fang.com/
Logger:2020-03-16 19:23:57.844790 https://fulicheng0352.fang.com/
Logger:2020-03-16 19:23:58.242421 https://dthdyf0352.fang.com/
Logger:2020-03-16 19:23:58.669280 https://datongfuguanheyuanzi.fang.com/2/
Logger:2020-03-16 19:24:00.803813 https://fuliyuexi0352.fang.com/
Logger:2020-03-16 19:24:01.655174 https://cuicantianchengld0352.fang.com/
Logger:2020-03-16 19:24:02.076122 https://ycjmf.fang.com/
Logger:2020-03-16 19:24:02.482963 https://dtbgy0352.fang.com/
Logger:2020-03-16 19:24:02.853968 https://hybhg.fang.com/
Logger:2020-03-16 19:24:05.321931 https://bsytxzf.fang.com/
Logger:2020-03-16 19:24:05.670986 https://jinrisoho.fang.com/
Logger:2020-03-16 19:24:06.108815 https://fenglinyijing.fang.com/2/
Logger:2020-03-16 19:24:06.459919 https://datongtianhecheng.fang.com/
Logger:2020-03-16 19:24:09.586326 https://jinruiwenyuan.fang.com/
Logger:2020-03-16 19:24:09.943048 https://tongmeixinyuan.fang.com/
Logger:2020-03-16 19:24:12.209167 https://yangguanghuating0352.fang.com/2/
Logger:2020-03-16 19:24:12.792758 https://yueliangwan0352.fang.com/2/
Logger:2020-03-16 19:24:13.387146 https://cswyn.fang.com/
Logger:2020-03-16 19:24:13.867507 https://yulongting0352.fang.com/3/
Logger:2020-03-16 19:24:17.087484 https://bsytbyf.fang.com/
Logger:2020-03-16 19:24:21.302351 https://datong.newhouse.fang.com/house/s/b92/
Logger:2020-03-16 19:24:23.004784 https://tongmeichenghy.fang.com/
Logger:2020-03-16 19:24:23.324465 https://xswly.fang.com/
Logger:2020-03-16 19:24:23.733412 https://yangguanglijing0352.fang.com/
Logger:2020-03-16 19:24:26.146555 https://qianjinxinyuan.fang.com/
Logger:2020-03-16 19:24:28.437470 https://yushuikangcheng.fang.com/
Logger:2020-03-16 19:24:28.771175 https://dtfengzeyuan.fang.com/
Logger:2020-03-16 19:24:29.207012 https://jlpcf.fang.com/
Logger:2020-03-16 19:24:31.419031 https://tcxly.fang.com/
Logger:2020-03-16 19:24:31.787008 https://xinggangyulanwan.fang.com/
Logger:2020-03-16 19:24:32.156059 https://ycwcj.fang.com/
Logger:2020-03-16 19:24:32.531985 https://bgyfqt0352.fang.com/
Logger:2020-03-16 19:24:32.818908 https://dtbsytyhy.fang.com/
Logger:2020-03-16 19:24:33.168669 https://lzxcsq.fang.com/
Logger:2020-03-16 19:24:33.505767 https://hengheshijia.fang.com/
Logger:2020-03-16 19:24:33.934620 https://fushengshuian.fang.com/
Logger:2020-03-16 19:24:34.800135 https://xingjirongyu.fang.com/
Logger:2020-03-16 19:24:37.107394 https://ldbfh.fang.com/
Logger:2020-03-16 19:24:37.531298 https://tianruiyichengsanqi.fang.com/
Logger:2020-03-16 19:24:38.245412 https://ygslhp.fang.com/
Logger:2020-03-16 19:24:40.287019 https://wenxuanjiayuan0352.fang.com/
Logger:2020-03-16 19:24:44.538132 https://datong.newhouse.fang.com/house/s/b93/
Logger:2020-03-16 19:24:45.165952 https://shijiaxiaozhen.fang.com/
Logger:2020-03-16 19:24:45.551918 https://lingyuekdsj.fang.com/
Logger:2020-03-16 19:24:45.934899 https://jjsgl.fang.com/
Logger:2020-03-16 19:24:48.613793 https://hhhlw.fang.com/
Logger:2020-03-16 19:24:49.244078 https://yuechengdijing.fang.com/
Logger:2020-03-16 19:24:49.655968 https://shangjunsanqi.fang.com/
Logger:2020-03-16 19:24:50.031706 https://beichenyunge.fang.com/
Logger:2020-03-16 19:24:50.664544 https://shangdefu.fang.com/
Logger:2020-03-16 19:24:51.015642 https://tongjinshijia.fang.com/
Logger:2020-03-16 19:24:51.415534 https://dongfangjiayuan0352.fang.com/
Logger:2020-03-16 19:24:53.990096 https://blwlx0352.fang.com/
Logger:2020-03-16 19:24:54.315264 https://datongxuanchenguangchang0352.fang.com/
Logger:2020-03-16 19:24:56.463282 https://dtwygc.fang.com/
Logger:2020-03-16 19:24:58.361607 https://wzdjxfsj.fang.com/
Logger:2020-03-16 19:24:58.818418 https://lingyuesiji.fang.com/
Logger:2020-03-16 19:24:59.163564 https://dtzyhc.fang.com/
Logger:2020-03-16 19:24:59.615332 https://yongjintaierqi.fang.com/
Logger:2020-03-16 19:24:59.974444 https://thhcsgc.fang.com/
Logger:2020-03-16 19:25:00.383438 https://lingyuetaihedao.fang.com/
Logger:2020-03-16 19:25:02.515812 https://jlwzgj.fang.com/
Logger:2020-03-16 19:25:06.588660 https://datong.newhouse.fang.com/house/s/b94/
Logger:2020-03-16 19:25:06.896835 https://yongjintai.fang.com/
Logger:2020-03-16 19:25:08.827423 https://flyjzyf.fang.com/
Logger:2020-03-16 19:25:09.416875 https://shangjunchunguangli.fang.com/
Logger:2020-03-16 19:25:09.762481 https://gmgctyc.fang.com/
Logger:2020-03-16 19:25:11.398659 https://tongchengxinyu.fang.com/
Logger:2020-03-16 19:25:11.811564 https://yiduguoji0352.fang.com/
Logger:2020-03-16 19:25:14.180904 https://xingyunshouxi.fang.com/
Logger:2020-03-16 19:25:18.477843 https://yingbinjiayuan0352.fang.com/
Logger:2020-03-16 19:25:18.762610 https://kaichaoyayuan.fang.com/
Logger:2020-03-16 19:25:23.060258 https://rhysf.fang.com/
Logger:2020-03-16 19:25:23.463204 https://jmgjzx.fang.com/
Logger:2020-03-16 19:25:23.794337 https://flyjyjy.fang.com/
Logger:2020-03-16 19:25:24.159162 https://tanghezijun.fang.com/
Logger:2020-03-16 19:25:24.477923 https://yangguangchecheng.fang.com/
Logger:2020-03-16 19:25:28.390945 https://datong.newhouse.fang.com/house/s/b95/
Logger:2020-03-16 19:25:31.916510 https://datong.newhouse.fang.com/house/s/b96/
Logger:2020-03-16 19:25:35.630898 https://datong.newhouse.fang.com/house/s/b97/
