Logger:2020-03-16 20:34:24.997830 https://dazhou.newhouse.fang.com/house/s/b91/
Logger:2020-03-16 20:34:29.632321 https://zhidiguangchanglr.fang.com/
Logger:2020-03-16 20:34:29.959454 https://jimeitianchenjk0818.fang.com/
Logger:2020-03-16 20:34:32.470486 https://xinlananzh.fang.com/
Logger:2020-03-16 20:34:32.837480 https://sijihuachengbj.fang.com/
Logger:2020-03-16 20:34:33.124764 https://tianyuyufu.fang.com/
Logger:2020-03-16 20:34:33.442849 https://suidingfuzd.fang.com/
Logger:2020-03-16 20:34:35.825157 https://jinyunfuxc.fang.com/
Logger:2020-03-16 20:34:36.252579 https://nanchengguojish.fang.com/
Logger:2020-03-16 20:34:36.559137 https://lianhuafuditt.fang.com/
Logger:2020-03-16 20:34:38.172819 https://lrcfyh.fang.com/
Logger:2020-03-16 20:34:38.468031 https://gongyuanchengbang.fang.com/
Logger:2020-03-16 20:34:42.089792 https://xiandaicheng0818.fang.com/
Logger:2020-03-16 20:34:42.401421 https://biguiyuanlongyuewan.fang.com/
Logger:2020-03-16 20:34:46.001091 https://ljyygc0818.fang.com/
Logger:2020-03-16 20:34:46.318671 https://fenghuangtaibgy0818.fang.com/
Logger:2020-03-16 20:34:46.686368 https://heyuefu.fang.com/
Logger:2020-03-16 20:34:49.076597 https://mingyuehuafu0818.fang.com/
Logger:2020-03-16 20:34:51.623804 https://minghaoguoji.fang.com/
Logger:2020-03-16 20:34:51.984041 https://dzldc.fang.com/
Logger:2020-03-16 20:34:52.336114 https://dazhoubangtaitianzhu.fang.com/
Logger:2020-03-16 20:34:56.214173 https://dazhou.newhouse.fang.com/house/s/b92/
Logger:2020-03-16 20:34:56.504928 https://menglibaguobgy.fang.com/
Logger:2020-03-16 20:34:58.588311 https://nanchengyinxiangkh.fang.com/
Logger:2020-03-16 20:34:58.939372 https://kangliguoji.fang.com/
Logger:2020-03-16 20:34:59.248545 https://jiangwanchenghy.fang.com/
Logger:2020-03-16 20:34:59.567744 https://caifuzhongxinlr.fang.com/
Logger:2020-03-16 20:34:59.842495 https://feicuijiangpanlx.fang.com/
Logger:2020-03-16 20:35:00.232645 https://furongfenghualg.fang.com/
Logger:2020-03-16 20:35:00.526907 https://rhgygj.fang.com/
Logger:2020-03-16 20:35:00.835069 https://shijihongrui.fang.com/
Logger:2020-03-16 20:35:01.184166 https://zhongguotiejianguangchang0818.fang.com/
Logger:2020-03-16 20:35:07.154998 https://longchenyihao.fang.com/
Logger:2020-03-16 20:35:07.446497 https://jindingguoji0818.fang.com/
Logger:2020-03-16 20:35:12.698457 https://ljgjsq.fang.com/
Logger:2020-03-16 20:35:14.954917 https://jinshanguojixincheng.fang.com/
Logger:2020-03-16 20:35:17.907700 https://xuefushangchenglk.fang.com/
Logger:2020-03-16 20:35:18.254464 https://huanggeguangchang.fang.com/
Logger:2020-03-16 20:35:18.519960 https://zhongyangchengsd.fang.com/
Logger:2020-03-16 20:35:21.860387 https://lanhujun0818.fang.com/
Logger:2020-03-16 20:35:26.213170 https://gongyuanchengxsj.fang.com/
Logger:2020-03-16 20:35:26.558245 https://shilishuijietc.fang.com/
Logger:2020-03-16 20:35:31.345969 https://dazhou.newhouse.fang.com/house/s/b93/
Logger:2020-03-16 20:35:34.794246 https://yinglunchengbang0818.fang.com/
Logger:2020-03-16 20:35:35.068516 https://xhtyc.fang.com/
Logger:2020-03-16 20:35:38.413042 https://jinyuhuafu0818.fang.com/
Logger:2020-03-16 20:35:38.755049 https://zhongliangshoufu0818.fang.com/
Logger:2020-03-16 20:35:39.096838 https://fenghuangcheng0818.fang.com/
Logger:2020-03-16 20:35:39.445470 https://tianyujy.fang.com/
Logger:2020-03-16 20:35:39.830273 https://yingbinyihao.fang.com/
Logger:2020-03-16 20:35:40.187318 https://tianxilianhudn.fang.com/
Logger:2020-03-16 20:35:40.518433 https://zitianjiangshanyin.fang.com/
Logger:2020-03-16 20:35:40.887948 https://dzsmwly.fang.com/
Logger:2020-03-16 20:35:41.342833 https://diwangguangchangsh.fang.com/
Logger:2020-03-16 20:35:43.851130 https://shanshuichengdx.fang.com/
Logger:2020-03-16 20:35:44.695917 https://shouzuokh.fang.com/
Logger:2020-03-16 20:35:46.062831 https://xichenggongguankh.fang.com/
Logger:2020-03-16 20:35:48.225261 https://barenguangchanghf.fang.com/
Logger:2020-03-16 20:35:48.571332 https://baishaxinchengzd.fang.com/
Logger:2020-03-16 20:35:50.097610 https://hengjieod.fang.com/
Logger:2020-03-16 20:35:50.411769 https://fsgjsmzx.fang.com/
Logger:2020-03-16 20:35:54.133645 https://qxhqjjc.fang.com/
Logger:2020-03-16 20:35:57.959059 https://dazhou.newhouse.fang.com/house/s/b94/
Logger:2020-03-16 20:36:01.609115 https://dazhou.newhouse.fang.com/house/s/b95/
Logger:2020-03-16 20:36:05.649341 https://dazhou.newhouse.fang.com/house/s/b96/
