Logger:2020-03-16 23:52:55.510734 https://dehong.newhouse.fang.com/house/s/b91/
Logger:2020-03-16 23:52:55.946341 https://mangshishengshijiayuan.fang.com/
Logger:2020-03-16 23:52:59.505446 https://jingchengxincheng2.fang.com/
Logger:2020-03-16 23:52:59.847051 https://ruiliguojihuayuansanqi.fang.com/
Logger:2020-03-16 23:53:00.175302 https://aoxingshiji0692.fang.com/
Logger:2020-03-16 23:53:00.555282 https://huajiangshuianchuncheng.fang.com/
Logger:2020-03-16 23:53:02.680688 https://yingyuantianlaihuayu.fang.com/
Logger:2020-03-16 23:53:03.092587 https://ruiliyajuleguojihuayuan.fang.com/
Logger:2020-03-16 23:53:04.677333 https://xiangyunju0692.fang.com/
Logger:2020-03-16 23:53:05.077367 https://xingfuhaoting0692.fang.com/
Logger:2020-03-16 23:53:05.395515 https://ruilichaoguguoji.fang.com/
Logger:2020-03-16 23:53:05.760540 https://mangshihongyingshanzhuangerqishanglouwan0692.fang.com/
Logger:2020-03-16 23:53:06.142518 https://yingjiangjiarihuayuan.fang.com/
Logger:2020-03-16 23:53:06.550929 https://zhongyanghaocheng.fang.com/
Logger:2020-03-16 23:53:06.901465 https://yangguangshuianruili.fang.com/
Logger:2020-03-16 23:53:07.351261 https://xiangchenghuayuan0692.fang.com/
Logger:2020-03-16 23:53:07.698374 https://fanyayicheng.fang.com/
Logger:2020-03-16 23:53:08.041972 https://zhongmianxintiandi2.fang.com/
Logger:2020-03-16 23:53:08.452391 https://dehong.newhouse.fang.com/house/3425196138.htm
Logger:2020-03-16 23:53:08.780089 https://158914.fang.com/
Logger:2020-03-16 23:53:09.119182 https://jingtawenquanlvyouxiaozhen.fang.com/
Logger:2020-03-16 23:53:14.142567 https://dehong.newhouse.fang.com/house/s/b92/
Logger:2020-03-16 23:53:16.267140 https://dongnanyashangzhulou0692.fang.com/
Logger:2020-03-16 23:53:18.065118 https://dingjinlongchenhuayuan.fang.com/
Logger:2020-03-16 23:53:20.625056 https://jinfuyuan.fang.com/
Logger:2020-03-16 23:53:20.927838 https://weiguanghuitong.fang.com/
Logger:2020-03-16 23:53:21.325637 https://guomenchunchengruili.fang.com/
Logger:2020-03-16 23:53:21.846244 https://zhubaoxiaozhen.fang.com/
Logger:2020-03-16 23:53:22.177358 https://ruilixinghelanwan.fang.com/
Logger:2020-03-16 23:53:22.477821 https://xiaoshidairuihongxinlingdi.fang.com/
Logger:2020-03-16 23:53:22.891718 https://haibeixigu0692.fang.com/
Logger:2020-03-16 23:53:25.368399 https://mangshishimaoguangchang0692.fang.com/
Logger:2020-03-16 23:53:25.708492 https://shuiyuxuanyuan0692.fang.com/
Logger:2020-03-16 23:53:28.412931 https://kongquehu.fang.com/
Logger:2020-03-16 23:53:28.801403 https://kongquewangchao0692.fang.com/
Logger:2020-03-16 23:53:29.125535 https://yingjiangguojifeicuicheng0692.fang.com/
Logger:2020-03-16 23:53:30.850960 https://mengmouguzhen.fang.com/
Logger:2020-03-16 23:53:32.709537 https://dongfangyiguojigongyu0692.fang.com/
Logger:2020-03-16 23:53:34.387444 https://shijiyangguang0692.fang.com/
Logger:2020-03-16 23:53:34.844501 https://yilinshangdu0692.fang.com/
Logger:2020-03-16 23:53:37.174720 https://liangheyixinhuayuan0692.fang.com/
Logger:2020-03-16 23:53:37.509212 https://yinglongshangyeguangchang.fang.com/
Logger:2020-03-16 23:53:41.791276 https://dehong.newhouse.fang.com/house/s/b93/
Logger:2020-03-16 23:53:43.592037 https://meiliyingjianghuayuanguoji.fang.com/
Logger:2020-03-16 23:53:43.888245 https://guojimenglongsha0692.fang.com/
Logger:2020-03-16 23:53:44.178468 https://yingmaojimeiyuan0692.fang.com/
Logger:2020-03-16 23:53:46.001860 https://zhonghuixiyuan.fang.com/
Logger:2020-03-16 23:53:46.871948 https://haorenjiashidaiguangchang0692.fang.com/
Logger:2020-03-16 23:53:50.547273 https://dehong.newhouse.fang.com/house/s/b94/
Logger:2020-03-16 23:53:54.204386 https://dehong.newhouse.fang.com/house/s/b95/
Logger:2020-03-16 23:53:58.036569 https://dehong.newhouse.fang.com/house/s/b96/
