Logger:2020-03-16 10:28:07.597293 https://dengzhou.newhouse.fang.com/house/s/b91/
Logger:2020-03-16 10:28:07.888841 https://xinxujinghuafu.fang.com/
Logger:2020-03-16 10:28:08.232569 https://mocoxsj.fang.com/
Logger:2020-03-16 10:28:08.533034 https://dengzhoubiguiyuanyunjing.fang.com/
Logger:2020-03-16 10:28:08.884053 https://dengzhoujianyecheng.fang.com/
Logger:2020-03-16 10:28:09.247538 https://dengzhoudongzhenghuangma.fang.com/
Logger:2020-03-16 10:28:09.516099 https://jianyegongyuanlidz.fang.com/
Logger:2020-03-16 10:28:09.803367 https://denghzoucaifujiatianxia.fang.com/
Logger:2020-03-16 10:28:10.087123 https://sijihuachengdengzhou.fang.com/
Logger:2020-03-16 10:28:10.454104 https://junlintianxia0377.fang.com/
Logger:2020-03-16 10:28:14.990047 https://dongqingyiheyuanzhu.fang.com/
Logger:2020-03-16 10:28:15.307138 https://meijingyiju.fang.com/
Logger:2020-03-16 10:28:15.795232 https://dengzhoushijihuayuan.fang.com/
Logger:2020-03-16 10:28:16.367446 https://denghzoudongbinhuayuan.fang.com/
Logger:2020-03-16 10:28:20.558137 https://dengzhoujianyesenlinbandao.fang.com/
Logger:2020-03-16 10:28:20.871720 https://lanchengtaolichunfeng.fang.com/
Logger:2020-03-16 10:28:21.192188 https://zhizunfu.fang.com/
Logger:2020-03-16 10:28:21.528009 https://rangchengshangheyuan.fang.com/
Logger:2020-03-16 10:28:21.857269 https://dztianyuanxincheng.fang.com/
Logger:2020-03-16 10:28:22.452240 https://huazhoudaguanyuandengzhou.fang.com/
Logger:2020-03-16 10:28:22.699821 https://lixiangcheng0377.fang.com/
Logger:2020-03-16 10:28:26.521187 https://dengzhou.newhouse.fang.com/house/s/b92/
Logger:2020-03-16 10:28:26.868001 https://lixiangcheng0377.fang.com/
Logger:2020-03-16 10:28:27.183922 https://dengzhoucaifushuxiangrenjia.fang.com/
Logger:2020-03-16 10:28:27.501374 https://yonghaofu0377.fang.com/
Logger:2020-03-16 10:28:27.804240 https://dengzhouyujingtianxia.fang.com/
Logger:2020-03-16 10:28:28.088132 https://fengzeyuandengzhou.fang.com/
Logger:2020-03-16 10:28:28.374755 https://jinchuanshengshidenghzou.fang.com/
Logger:2020-03-16 10:28:28.711219 https://xintiandijiayuan0377.fang.com/
Logger:2020-03-16 10:28:29.010174 https://dengzhoucaifujiatianxia.fang.com/
Logger:2020-03-16 10:28:29.326657 https://dongzhengmocoxinshijie.fang.com/
Logger:2020-03-16 10:28:29.628450 https://tuanshuijiujing.fang.com/
Logger:2020-03-16 10:28:29.941475 https://dzxrqlxx.fang.com/
Logger:2020-03-16 10:28:30.277813 https://dengzhoushengxiaxixihu.fang.com/
Logger:2020-03-16 10:28:30.529776 https://dengzhouyongtaimingzhu.fang.com/
Logger:2020-03-16 10:28:30.960527 https://dengzhouyuhaoting.fang.com/
Logger:2020-03-16 10:28:31.257446 https://dongzhengyihefuyihaoyuan.fang.com/
Logger:2020-03-16 10:28:31.768275 https://jinchengguoji0377.fang.com/
Logger:2020-03-16 10:28:32.166746 https://xihumeijing0377.fang.com/
Logger:2020-03-16 10:28:32.576333 https://dzhanlinhuafu.fang.com/
Logger:2020-03-16 10:28:32.832430 https://dzwandaguoji.fang.com/
Logger:2020-03-16 10:28:37.383214 https://dzhcdcyp.fang.com/
Logger:2020-03-16 10:28:41.266208 https://dengzhou.newhouse.fang.com/house/s/b93/
Logger:2020-03-16 10:28:41.490350 https://guchengzhongyanghuayuandengzhou.fang.com/
Logger:2020-03-16 10:28:41.840457 https://dzmgzyhy.fang.com/
Logger:2020-03-16 10:28:42.158585 https://dzdthmzx.fang.com/
Logger:2020-03-16 10:28:45.742999 https://dengzhou.newhouse.fang.com/house/s/b94/
Logger:2020-03-16 10:28:49.496583 https://dengzhou.newhouse.fang.com/house/s/b95/
Logger:2020-03-16 10:28:53.131131 https://dengzhou.newhouse.fang.com/house/s/b96/
