Logger:2020-03-16 10:22:01.576145 https://dengfeng.newhouse.fang.com/house/s/b91/
Logger:2020-03-16 10:22:01.826123 https://dfdongfangfutian.fang.com/
Logger:2020-03-16 10:22:02.509643 https://dfztgc.fang.com/
Logger:2020-03-16 10:22:03.110669 https://dfscgj.fang.com/
Logger:2020-03-16 10:22:03.470346 https://dengfengyuyuan.fang.com/
Logger:2020-03-16 10:22:03.776117 https://dfshengfengyjdf.fang.com/
Logger:2020-03-16 10:22:09.504639 https://xinduwanxiangchengdengfeng.fang.com/
Logger:2020-03-16 10:22:09.791123 https://thyinghunzhuangzhuan.fang.com/
Logger:2020-03-16 10:22:10.360959 https://dftdlongxiwan.fang.com/
Logger:2020-03-16 10:22:10.632504 https://wenhuachengdengfeng.fang.com/
Logger:2020-03-16 10:22:10.921927 https://dayuchengdf.fang.com/
Logger:2020-03-16 10:22:11.156602 https://dfslyy.fang.com/
Logger:2020-03-16 10:22:11.452819 https://dfchuangjiaziweicheng.fang.com/
Logger:2020-03-16 10:22:11.702587 https://dengfengjinyuansanqi.fang.com/
Logger:2020-03-16 10:22:11.949074 https://ysjxht.fang.com/
Logger:2020-03-16 10:22:12.281274 https://dfkuntianmingdi.fang.com/
Logger:2020-03-16 10:22:12.536120 https://dengfengdongfangfutian.fang.com/
Logger:2020-03-16 10:22:12.835534 https://dfrdhy.fang.com/
Logger:2020-03-16 10:22:13.334220 https://dexrty.fang.com/
Logger:2020-03-16 10:22:15.566795 https://dengfengguojismc.fang.com/
Logger:2020-03-16 10:22:15.809314 https://henantesecheng.fang.com/
Logger:2020-03-16 10:22:19.289097 https://dengfeng.newhouse.fang.com/house/s/b92/
Logger:2020-03-16 10:22:22.769584 https://dengfeng.newhouse.fang.com/house/s/b93/
Logger:2020-03-16 10:22:26.342141 https://dengfeng.newhouse.fang.com/house/s/b94/
