Logger:2020-03-17 00:39:44.025491 https://deqing.newhouse.fang.com/house/s/b91/
Logger:2020-03-17 00:39:44.271866 https://shidaigongguandxdj.fang.com/
Logger:2020-03-17 00:39:44.521165 https://dexinsongduyunxiyayuan.fang.com/
Logger:2020-03-17 00:39:44.791477 https://dongchengshidaishangyezhongxin.fang.com/
Logger:2020-03-17 00:39:45.010896 https://shixinfu.fang.com/
Logger:2020-03-17 00:39:45.274149 https://mingyuefenghuabl.fang.com/
Logger:2020-03-17 00:39:45.507525 https://gygefzymgs.fang.com/
Logger:2020-03-17 00:39:45.767867 https://yunshanxinyuxs.fang.com/
Logger:2020-03-17 00:39:45.995256 https://xinduhuixc.fang.com/
Logger:2020-03-17 00:39:46.276494 https://fengxiyunlu.fang.com/
Logger:2020-03-17 00:39:46.507898 https://dexinjiayuan0572.fang.com/
Logger:2020-03-17 00:39:46.800066 https://kongquecheng0572.fang.com/
Logger:2020-03-17 00:39:47.075331 https://zgtjbjdqxm.fang.com/
Logger:2020-03-17 00:39:47.307752 https://wushanjiayuanycgyyf.fang.com/
Logger:2020-03-17 00:39:47.537096 https://xinhaijiangnanfu.fang.com/
Logger:2020-03-17 00:39:47.791415 https://huayuanlibgy.fang.com/
Logger:2020-03-17 00:39:48.063729 https://ziyundongjuntx2.fang.com/
Logger:2020-03-17 00:39:48.280140 https://xinchengduhuilanting.fang.com/
Logger:2020-03-17 00:39:48.840644 https://liuanyayuan.fang.com/
Logger:2020-03-17 00:39:49.076023 https://xinchengduhuilanxuan.fang.com/
Logger:2020-03-17 00:39:49.379168 https://guiyujiangnanlc0572.fang.com/
Logger:2020-03-17 00:39:52.672358 https://deqing.newhouse.fang.com/house/s/b92/
Logger:2020-03-17 00:39:52.986561 https://guanyunxiaozhenlc.fang.com/
Logger:2020-03-17 00:39:53.264815 https://liyuan0572.fang.com/
Logger:2020-03-17 00:39:55.079918 https://xinchengdaduhui0572.fang.com/
Logger:2020-03-17 00:39:55.334238 https://liuanhefenglc20572.fang.com/
Logger:2020-03-17 00:39:55.573596 https://deqingjuntinghd.fang.com/
Logger:2020-03-17 00:39:55.810998 https://jiazhuyangyanghongjd.fang.com/
Logger:2020-03-17 00:39:56.081239 https://deqingyihaoyuanzl.fang.com/
Logger:2020-03-17 00:39:56.301649 https://yuchengguiyuyangfang.fang.com/
Logger:2020-03-17 00:39:56.544002 https://huajingchuanyunhechenyuan.fang.com/
Logger:2020-03-17 00:39:56.877152 https://yuelongwanhd2.fang.com/
Logger:2020-03-17 00:39:57.125494 https://113196.fang.com/
Logger:2020-03-17 00:39:57.411679 https://113164.fang.com/
Logger:2020-03-17 00:39:57.659018 https://zhongzeyujiangshan.fang.com/
Logger:2020-03-17 00:39:58.788040 https://deqing.newhouse.fang.com/house/2022113166.htm
Logger:2020-03-17 00:39:59.052291 https://113168.fang.com/
Logger:2020-03-17 00:39:59.345505 https://xunzhuangyuan.fang.com/
Logger:2020-03-17 00:39:59.581874 https://moganxigu.fang.com/
Logger:2020-03-17 00:39:59.816247 https://yingxitaoyuanlc05722.fang.com/
Logger:2020-03-17 00:40:00.085527 https://xiangtiwan0572.fang.com/
Logger:2020-03-17 00:40:01.497748 https://yangguangyuefujd.fang.com/
Logger:2020-03-17 00:40:05.332490 https://deqing.newhouse.fang.com/house/s/b93/
Logger:2020-03-17 00:40:05.541961 https://meiduyufu05722.fang.com/
Logger:2020-03-17 00:40:07.879676 https://baoliyuanxiang2.fang.com/
Logger:2020-03-17 00:40:08.132001 https://xingchengongguan0572.fang.com/
Logger:2020-03-17 00:40:08.374393 https://linhangmeian.fang.com/
Logger:2020-03-17 00:40:08.956854 https://mingyuexingchengyh0572.fang.com/
Logger:2020-03-17 00:40:09.231097 https://yiliyangfangdx0572.fang.com/
Logger:2020-03-17 00:40:09.514334 https://dongfanggongguan2.fang.com/
Logger:2020-03-17 00:40:09.744687 https://dexinshangcheng.fang.com/
Logger:2020-03-17 00:40:09.979060 https://zhulizhuangmgxg.fang.com/
Logger:2020-03-17 00:40:10.262301 https://shanglinshijia0572.fang.com/
Logger:2020-03-17 00:40:10.493708 https://dongfangfudh.fang.com/
Logger:2020-03-17 00:40:10.783908 https://manchenghsd.fang.com/
Logger:2020-03-17 00:40:11.023286 https://feicuiyuan0572.fang.com/
Logger:2020-03-17 00:40:11.291590 https://aotiyihaosh0572.fang.com/
Logger:2020-03-17 00:40:11.520977 https://guojigongyujyd.fang.com/
Logger:2020-03-17 00:40:11.790239 https://delanguangchangdx0572.fang.com/
Logger:2020-03-17 00:40:12.022630 https://dongxinjiayuan0572.fang.com/
Logger:2020-03-17 00:40:15.298829 https://deqing.newhouse.fang.com/house/s/b94/
Logger:2020-03-17 00:40:18.788493 https://deqing.newhouse.fang.com/house/s/b95/
Logger:2020-03-17 00:40:21.918164 https://deqing.newhouse.fang.com/house/s/b96/
