Logger:2020-03-16 20:30:47.906611 https://deyang.newhouse.fang.com/house/s/b91/
Logger:2020-03-16 20:30:48.202818 https://smcctc0838.fang.com/
Logger:2020-03-16 20:30:48.513987 https://biguiyuanjinghushangjing.fang.com/
Logger:2020-03-16 20:30:48.904112 https://guojichengbl0838.fang.com/
Logger:2020-03-16 20:30:49.239216 https://blgyf0838.fang.com/
Logger:2020-03-16 20:30:49.640649 https://tongsenjinyue.fang.com/
Logger:2020-03-16 20:30:49.950342 https://hengdazhongyanggongyuan0838.fang.com/
Logger:2020-03-16 20:30:50.325423 https://xinlichengld0838.fang.com/
Logger:2020-03-16 20:30:50.714384 https://guanghanchengnanyihao.fang.com/
Logger:2020-03-16 20:30:51.032532 https://hanlinhjy.fang.com/
Logger:2020-03-16 20:30:51.382258 https://xinchengwuyueguangchang0838.fang.com/
Logger:2020-03-16 20:30:51.687240 https://jiangyuejubl.fang.com/
Logger:2020-03-16 20:30:51.987501 https://xlcsdtj.fang.com/
Logger:2020-03-16 20:30:52.300702 https://sanxingrongjincheng.fang.com/
Logger:2020-03-16 20:30:52.669677 https://wandaguangchang0838.fang.com/
Logger:2020-03-16 20:30:52.978338 https://rongshenggongyuanyufu.fang.com/
Logger:2020-03-16 20:30:53.300799 https://guantang0838.fang.com/
Logger:2020-03-16 20:30:53.597207 https://hdfcht0838.fang.com/
Logger:2020-03-16 20:30:53.914604 https://minjiedyf.fang.com/
Logger:2020-03-16 20:30:54.252686 https://lafeizhuangyuan0838.fang.com/
Logger:2020-03-16 20:30:54.567884 https://ayjlw0838.fang.com/
Logger:2020-03-16 20:30:58.418162 https://deyang.newhouse.fang.com/house/s/b92/
Logger:2020-03-16 20:31:07.839589 https://sfhys3.fang.com/
Logger:2020-03-16 20:31:08.178213 https://jkjmsa.fang.com/
Logger:2020-03-16 20:31:12.231047 https://damingchengzr.fang.com/
Logger:2020-03-16 20:31:12.552190 https://baolixiangbinguoji0838.fang.com/
Logger:2020-03-16 20:31:17.370215 https://rongfayaju.fang.com/
Logger:2020-03-16 20:31:17.709350 https://hysxs.fang.com/
Logger:2020-03-16 20:31:18.065279 https://deyanghengdashoufu.fang.com/
Logger:2020-03-16 20:31:18.518068 https://hongtaiyujia.fang.com/
Logger:2020-03-16 20:31:19.044659 https://sjyjh.fang.com/
Logger:2020-03-16 20:31:19.487487 https://jinkongshoufu.fang.com/
Logger:2020-03-16 20:31:19.985155 https://youzhutianfucheng.fang.com/
Logger:2020-03-16 20:31:20.289341 https://shunxinghupocheng.fang.com/
Logger:2020-03-16 20:31:20.727699 https://wanxingyipin.fang.com/
Logger:2020-03-16 20:31:21.150867 https://biguiyuanmianzhushoufu.fang.com/
Logger:2020-03-16 20:31:21.497966 https://yujingwan0838.fang.com/
Logger:2020-03-16 20:31:26.196474 https://zsjzyf.fang.com/
Logger:2020-03-16 20:31:26.568930 https://jianqiaocheng0838.fang.com/
Logger:2020-03-16 20:31:26.916249 https://tianyuewan0838.fang.com/
Logger:2020-03-16 20:31:27.243374 https://beicheng1hao0838.fang.com/
Logger:2020-03-16 20:31:27.560536 https://ydmdhf.fang.com/
Logger:2020-03-16 20:31:31.509881 https://deyang.newhouse.fang.com/house/s/b93/
Logger:2020-03-16 20:31:34.520990 https://xiangjiangguoji0838.fang.com/
Logger:2020-03-16 20:31:40.110235 https://yinheguangchang0838.fang.com/
Logger:2020-03-16 20:31:40.451325 https://shanhaitianhaitiandasha.fang.com/
Logger:2020-03-16 20:31:40.925054 https://830dayuan.fang.com/
Logger:2020-03-16 20:31:41.363537 https://zhongyanglvzhou.fang.com/
Logger:2020-03-16 20:31:41.720261 https://shanshuiqiancheng0838.fang.com/3/
Logger:2020-03-16 20:31:42.070326 https://wtwlbd.fang.com/
Logger:2020-03-16 20:31:42.415402 https://lanhuayu.fang.com/
Logger:2020-03-16 20:31:44.417546 https://meilinkangcheng.fang.com/
Logger:2020-03-16 20:31:44.724517 https://zhuoyuejuncheng.fang.com/4/
Logger:2020-03-16 20:31:45.024264 https://chengnan6hao.fang.com/
Logger:2020-03-16 20:31:45.393275 https://yinzuo0838.fang.com/
Logger:2020-03-16 20:31:45.678517 https://chengnanyihao0838.fang.com/
Logger:2020-03-16 20:31:46.026828 https://renhefuhc.fang.com/
Logger:2020-03-16 20:31:46.342768 https://bosscheng.fang.com/
Logger:2020-03-16 20:31:46.680844 https://cjyjf.fang.com/
Logger:2020-03-16 20:31:52.279671 https://songshangongguan.fang.com/
Logger:2020-03-16 20:31:52.650496 https://jinsemingtiantc.fang.com/
Logger:2020-03-16 20:31:52.975319 https://diwanghaoting0838.fang.com/
Logger:2020-03-16 20:31:53.348048 https://jialiguangchang0838.fang.com/
Logger:2020-03-16 20:31:57.078612 https://deyang.newhouse.fang.com/house/s/b94/
Logger:2020-03-16 20:31:57.374863 https://huajingchuanwanyuecheng.fang.com/
Logger:2020-03-16 20:31:59.707974 https://yipin0838.fang.com/
Logger:2020-03-16 20:32:00.095913 https://zhonghengguojishequ.fang.com/
Logger:2020-03-16 20:32:03.018732 https://weilanxuefu.fang.com/
Logger:2020-03-16 20:32:03.371850 https://zhongyanggongyuan20838.fang.com/
Logger:2020-03-16 20:32:03.869091 https://ludaoguojishequ0838.fang.com/
Logger:2020-03-16 20:32:04.287996 https://huanlesong0838.fang.com/
Logger:2020-03-16 20:32:04.607729 https://xiangganghuayuanyd.fang.com/
Logger:2020-03-16 20:32:04.909992 https://zhongyanggongyuancheng0838.fang.com/
Logger:2020-03-16 20:32:05.374332 https://fulibinjiang.fang.com/2/
Logger:2020-03-16 20:32:05.721430 https://lantumingmen.fang.com/
Logger:2020-03-16 20:32:05.988648 https://ziyunfu0838.fang.com/
Logger:2020-03-16 20:32:06.292893 https://beichennanyuan.fang.com/
Logger:2020-03-16 20:32:06.593097 https://handonghaoting.fang.com/
Logger:2020-03-16 20:32:06.964787 https://beidicheng.fang.com/
Logger:2020-03-16 20:32:07.261058 https://shuxiangli.fang.com/
Logger:2020-03-16 20:32:07.573159 https://mingxinqiaoyu.fang.com/
Logger:2020-03-16 20:32:07.829499 https://jinluyixinyuan.fang.com/
Logger:2020-03-16 20:32:08.197525 https://baiyuezundi.fang.com/
Logger:2020-03-16 20:32:08.486049 https://jinxiuhuafu0838.fang.com/
Logger:2020-03-16 20:32:12.146800 https://deyang.newhouse.fang.com/house/s/b95/
Logger:2020-03-16 20:32:12.447038 https://shuianhuadulandian.fang.com/
Logger:2020-03-16 20:32:17.754597 https://jinyanouchenglianbang.fang.com/
Logger:2020-03-16 20:32:18.113635 https://guojihuayuanchengmx.fang.com/
Logger:2020-03-16 20:32:18.471677 https://yujingshuian0838.fang.com/
Logger:2020-03-16 20:32:18.838696 https://137572.fang.com/
Logger:2020-03-16 20:32:22.030424 https://gongyuanyihao0838.fang.com/
Logger:2020-03-16 20:32:22.421444 https://xopjyxzhfgg.fang.com/
Logger:2020-03-16 20:32:26.303846 https://zhongqianshijicheng.fang.com/3/
Logger:2020-03-16 20:32:26.606475 https://mingjuefeicuiwan.fang.com/
Logger:2020-03-16 20:32:28.201322 https://naweiyabandao.fang.com/3/
Logger:2020-03-16 20:32:28.515527 https://yinglunshijia0838.fang.com/
Logger:2020-03-16 20:32:31.138260 https://dtfcj.fang.com/3/
Logger:2020-03-16 20:32:32.720378 https://jywlj2.fang.com/
Logger:2020-03-16 20:32:33.086400 https://jinyankaixuancheng.fang.com/
Logger:2020-03-16 20:32:33.387673 https://hanshengyuerongfu.fang.com/
Logger:2020-03-16 20:32:33.714396 https://liushuiyuanshu.fang.com/
Logger:2020-03-16 20:32:33.996666 https://zcjqj.fang.com/
Logger:2020-03-16 20:32:34.361244 https://jianganmingzuo.fang.com/
Logger:2020-03-16 20:32:34.634479 https://shujinxingcheng.fang.com/
Logger:2020-03-16 20:32:36.133594 https://jinkaiguoji.fang.com/
Logger:2020-03-16 20:32:39.949796 https://deyang.newhouse.fang.com/house/s/b96/
Logger:2020-03-16 20:32:40.292916 https://dushikongjian.fang.com/
Logger:2020-03-16 20:32:40.710798 https://xiwangcheng0838.fang.com/
Logger:2020-03-16 20:32:43.967927 https://kaibeidijing.fang.com/2/
Logger:2020-03-16 20:32:44.269796 https://zjsjlgblc.fang.com/
Logger:2020-03-16 20:32:44.609956 https://jinyanmingzuo.fang.com/
Logger:2020-03-16 20:32:44.967994 https://tlqsby.fang.com/
Logger:2020-03-16 20:32:45.411771 https://weilanlijing.fang.com/
Logger:2020-03-16 20:32:45.768271 https://taoyuantianxiang.fang.com/
Logger:2020-03-16 20:32:47.568513 https://hlyjf.fang.com/
Logger:2020-03-16 20:32:47.930562 https://weilanjinfu.fang.com/
Logger:2020-03-16 20:32:48.194434 https://huayuhupan2.fang.com/
Logger:2020-03-16 20:32:48.490047 https://meiguiyuanjdhy0838.fang.com/
Logger:2020-03-16 20:32:48.823092 https://qidahuayuanli.fang.com/
Logger:2020-03-16 20:32:49.189113 https://chengbeifudi.fang.com/
Logger:2020-03-16 20:32:49.506264 https://cdwlc.fang.com/
Logger:2020-03-16 20:32:49.782453 https://qilingongguan0838.fang.com/
Logger:2020-03-16 20:32:51.868528 https://jinxiushangcheng0838.fang.com/
Logger:2020-03-16 20:32:52.354765 https://xingfurenjia0838.fang.com/
Logger:2020-03-16 20:32:52.651894 https://mingsheng1788shangyeguangchang.fang.com/
Logger:2020-03-16 20:32:55.198625 https://nantianyunhuwan.fang.com/
Logger:2020-03-16 20:33:00.216246 https://deyang.newhouse.fang.com/house/s/b97/
Logger:2020-03-16 20:33:00.609193 https://huijinxintiandi0838.fang.com/
Logger:2020-03-16 20:33:01.215787 https://hanfengyijing.fang.com/
Logger:2020-03-16 20:33:01.549467 https://jingchengshangyuan.fang.com/
Logger:2020-03-16 20:33:04.267596 https://lcyjs.fang.com/
Logger:2020-03-16 20:33:04.523830 https://137678.fang.com/
Logger:2020-03-16 20:33:06.843120 https://tongluowan0838.fang.com/
Logger:2020-03-16 20:33:07.106415 https://hljsyx.fang.com/
Logger:2020-03-16 20:33:07.373700 https://dongchengyuyuan.fang.com/
Logger:2020-03-16 20:33:07.690108 https://chuntianhuafu0838.fang.com/
Logger:2020-03-16 20:33:07.946148 https://shuiyoucheng0838.fang.com/
Logger:2020-03-16 20:33:08.288336 https://jinmenshidai.fang.com/
Logger:2020-03-16 20:33:10.831076 https://mfjhy.fang.com/
Logger:2020-03-16 20:33:11.172198 https://chuangyuanyaju.fang.com/
Logger:2020-03-16 20:33:13.114681 https://xiangshanshouzuo.fang.com/
Logger:2020-03-16 20:33:14.103038 https://xintiesygc.fang.com/
Logger:2020-03-16 20:33:15.269919 https://mingyuanhuasheng.fang.com/
Logger:2020-03-16 20:33:19.447011 https://deyang.newhouse.fang.com/house/s/b98/
Logger:2020-03-16 20:33:23.286413 https://deyang.newhouse.fang.com/house/s/b99/
Logger:2020-03-16 20:33:26.868107 https://deyang.newhouse.fang.com/house/s/b910/
