Logger:2020-03-16 00:04:49.404959 https://dg.newhouse.fang.com/house/s/b91/
Logger:2020-03-16 00:04:49.686609 https://songhutianzuanbgy.fang.com/
Logger:2020-03-16 00:04:50.061077 https://binjiangzuoandghd.fang.com/
Logger:2020-03-16 00:04:50.405323 https://feicuisonghuwk.fang.com/
Logger:2020-03-16 00:04:50.845106 https://hengdajunting0769.fang.com/
Logger:2020-03-16 00:04:51.251257 https://jiangnanyuanziwkdz.fang.com/
Logger:2020-03-16 00:04:53.585983 https://wanxiangliancheng.fang.com/
Logger:2020-03-16 00:04:53.867847 https://yonghuafuzs0769.fang.com/
Logger:2020-03-16 00:04:54.211130 https://shidaitianhui.fang.com/
Logger:2020-03-16 00:04:54.570082 https://feicuihuatinghd0769.fang.com/
Logger:2020-03-16 00:04:54.882929 https://186476.fang.com/
Logger:2020-03-16 00:04:55.226224 https://shilisonghuhc.fang.com/
Logger:2020-03-16 00:04:55.523243 https://songhu18bl.fang.com/
Logger:2020-03-16 00:04:57.763523 https://lichenghuayuanzz.fang.com/
Logger:2020-03-16 00:04:58.091412 https://huangmaligongwk.fang.com/
Logger:2020-03-16 00:04:58.445182 https://cuilongwanfhly.fang.com/
Logger:2020-03-16 00:04:58.757974 https://yishuqxjm.fang.com/
Logger:2020-03-16 00:04:59.148187 https://fengjingyihaoht.fang.com/
Logger:2020-03-16 00:04:59.428977 https://huayanghuayuan0769.fang.com/
Logger:2020-03-16 00:04:59.703813 https://runpingyueyuntaihr.fang.com/
Logger:2020-03-16 00:05:00.001197 https://yunxiwanrc.fang.com/
Logger:2020-03-16 00:05:03.359227 https://dg.newhouse.fang.com/house/s/b92/
Logger:2020-03-16 00:05:03.656005 https://huijingfenghua.fang.com/
Logger:2020-03-16 00:05:03.953471 https://humenyinxiang.fang.com/
Logger:2020-03-16 00:05:07.036451 https://jiangshanshuxh.fang.com/
Logger:2020-03-16 00:05:07.364524 https://jiangnandajinglg.fang.com/
Logger:2020-03-16 00:05:07.676910 https://xiyuemendixc.fang.com/
Logger:2020-03-16 00:05:07.973714 https://fangzhixinglan.fang.com/
Logger:2020-03-16 00:05:08.333363 https://xinhongtongquetaibgy.fang.com/
Logger:2020-03-16 00:05:08.786308 https://boyuefubgy.fang.com/
Logger:2020-03-16 00:05:09.114687 https://zhongyanggongyuanbgy0769.fang.com/
Logger:2020-03-16 00:05:09.426752 https://meiguizhenyuanbgy.fang.com/
Logger:2020-03-16 00:05:09.692099 https://jindifenghua0769.fang.com/
Logger:2020-03-16 00:05:10.051693 https://huayanghu1hao.fang.com/
Logger:2020-03-16 00:05:10.395017 https://xianghaibiansd0746.fang.com/
Logger:2020-03-16 00:05:10.692554 https://xiangbinyuanbl.fang.com/
Logger:2020-03-16 00:05:13.817303 https://anlianshangjing.fang.com/
Logger:2020-03-16 00:05:14.176104 https://hupotaihd.fang.com/
Logger:2020-03-16 00:05:14.473523 https://xingheshidai0769.fang.com/
Logger:2020-03-16 00:05:14.785587 https://humenbinhaicheng.fang.com/
Logger:2020-03-16 00:05:15.144799 https://tiankongzhichengwkjd.fang.com/
Logger:2020-03-16 00:05:15.426311 https://jiulongxilg0769.fang.com/
Logger:2020-03-16 00:05:19.081482 https://dg.newhouse.fang.com/house/s/b93/
Logger:2020-03-16 00:05:19.316069 https://bihaiyuntianhuayuan.fang.com/
Logger:2020-03-16 00:05:19.706049 https://186456.fang.com/
Logger:2020-03-16 00:05:20.003260 https://dingfengyuejing.fang.com/
Logger:2020-03-16 00:05:20.331106 https://huijingchengshizhongxin.fang.com/
Logger:2020-03-16 00:05:20.680477 https://midundaozy.fang.com/
Logger:2020-03-16 00:05:20.993330 https://jindishidaiyijing.fang.com/
Logger:2020-03-16 00:05:21.336359 https://songhuyuntaigd.fang.com/
Logger:2020-03-16 00:05:24.771203 https://songhuyuewanjdzy.fang.com/
Logger:2020-03-16 00:05:25.083655 https://sijihuachengfg.fang.com/
Logger:2020-03-16 00:05:25.473477 https://yuhailananhj.fang.com/
Logger:2020-03-16 00:05:25.880278 https://xuhuitiandimd.fang.com/
Logger:2020-03-16 00:05:26.145602 https://xiruiyuefusc.fang.com/
Logger:2020-03-16 00:05:26.489324 https://cuilongwanxc.fang.com/
Logger:2020-03-16 00:05:26.855525 https://qingningshidaihb.fang.com/
Logger:2020-03-16 00:05:29.245729 https://jiahongjinshi.fang.com/
Logger:2020-03-16 00:05:29.573776 https://jindibiguiyuanshidaicheng.fang.com/
Logger:2020-03-16 00:05:30.058037 https://songhuyuefu.fang.com/
Logger:2020-03-16 00:05:30.386641 https://longyuanguojiguangchangbl.fang.com/
Logger:2020-03-16 00:05:30.682890 https://guanlinggaoerfubanshan.fang.com/
Logger:2020-03-16 00:05:31.120329 https://runshiboninghuayuanhr.fang.com/
Logger:2020-03-16 00:05:34.844606 https://dg.newhouse.fang.com/house/s/b94/
Logger:2020-03-16 00:05:35.094622 https://shidaifanghuajzy.fang.com/
Logger:2020-03-16 00:05:35.438335 https://tianyuwanbyd.fang.com/
Logger:2020-03-16 00:05:35.741140 https://zhihuigangjd.fang.com/
Logger:2020-03-16 00:05:36.007328 https://hczzzysh.fang.com/
Logger:2020-03-16 00:05:36.303656 https://shangtianbiguiyuandg.fang.com/
Logger:2020-03-16 00:05:36.668578 https://runxiyuelihuayuanhr.fang.com/
Logger:2020-03-16 00:05:36.997334 https://tianyuezhongyangguangchang.fang.com/
Logger:2020-03-16 00:05:39.003653 https://yongjingyupin.fang.com/
Logger:2020-03-16 00:05:39.331297 https://mingyuegongguantl.fang.com/
Logger:2020-03-16 00:05:39.643543 https://shidaitianjing.fang.com/
Logger:2020-03-16 00:05:39.987249 https://fenggangbgy.fang.com/
Logger:2020-03-16 00:05:40.299643 https://songhubiguiyuan.fang.com/3/
Logger:2020-03-16 00:05:40.581581 https://zhongyanghuafulf.fang.com/
Logger:2020-03-16 00:05:40.878384 https://yijingwanpan0769.fang.com/
Logger:2020-03-16 00:05:41.190773 https://songhuyajingdf.fang.com/
Logger:2020-03-16 00:05:41.565353 https://yongjingwanzs0769.fang.com/
Logger:2020-03-16 00:05:41.909146 https://dayunchengbangyt.fang.com/
Logger:2020-03-16 00:05:42.299214 https://huanfenghuagongguanjd.fang.com/
Logger:2020-03-16 00:05:42.642836 https://186712.fang.com/
Logger:2020-03-16 00:05:42.908434 https://shenwan1haojl.fang.com/
Logger:2020-03-16 00:05:51.535110 https://dg.newhouse.fang.com/house/s/b95/
Logger:2020-03-16 00:05:53.772275 https://dg.newhouse.fang.com/house/2819186626.htm
Logger:2020-03-16 00:05:54.053676 https://gongguan1898bdzy.fang.com/
Logger:2020-03-16 00:05:54.365596 https://186710.fang.com/
Logger:2020-03-16 00:05:54.709440 https://zhonghehuayuanxsj.fang.com/
Logger:2020-03-16 00:05:58.896032 https://shouzhufeicuidongwangwk.fang.com/
Logger:2020-03-16 00:05:59.223680 https://dongjiangzhixing.fang.com/
Logger:2020-03-16 00:06:04.392275 https://jiaheshidaihuayuan.fang.com/
Logger:2020-03-16 00:06:04.751939 https://pingguobgy.fang.com/
Logger:2020-03-16 00:06:05.001470 https://yujiangdonganxh.fang.com/
Logger:2020-03-16 00:06:05.282654 https://lantingbgy0769.fang.com/
Logger:2020-03-16 00:06:12.851398 https://haiyihaotinghh.fang.com/
Logger:2020-03-16 00:06:13.304496 https://yuchenghuayuan0769.fang.com/
Logger:2020-03-16 00:06:13.711220 https://jiusongjiangwangzx.fang.com/
Logger:2020-03-16 00:06:14.069860 https://yunshanhujingfj.fang.com/
Logger:2020-03-16 00:06:14.351344 https://dongchengbiguiyuan.fang.com/
Logger:2020-03-16 00:06:14.679475 https://xiangmisonghuah.fang.com/
Logger:2020-03-16 00:06:14.991563 https://junhuibandaohuayuan.fang.com/
Logger:2020-03-16 00:06:15.413292 https://boyuewangk.fang.com/
Logger:2020-03-16 00:06:15.695175 https://dezhouchengtx.fang.com/
Logger:2020-03-16 00:06:17.637548 https://huananchayechuangyiyuanjingyingshidai.fang.com/
Logger:2020-03-16 00:06:21.309541 https://dg.newhouse.fang.com/house/s/b96/
Logger:2020-03-16 00:06:21.590727 https://yonghefuzs0769.fang.com/
Logger:2020-03-16 00:06:21.887531 https://huilongwanhy.fang.com/
Logger:2020-03-16 00:06:22.231952 https://yilongwanxsj.fang.com/
Logger:2020-03-16 00:06:22.559465 https://csbgy0769.fang.com/2/
Logger:2020-03-16 00:06:22.824812 https://tianruihuayuantl.fang.com/
Logger:2020-03-16 00:06:23.153620 https://wanone.fang.com/
Logger:2020-03-16 00:06:23.434040 https://gumeihuibgy.fang.com/
Logger:2020-03-16 00:06:23.794008 https://ganawangzlc.fang.com/
Logger:2020-03-16 00:06:24.090399 https://yufenghuatingsz.fang.com/
Logger:2020-03-16 00:06:24.402613 https://kaishengjingyuan.fang.com/
Logger:2020-03-16 00:06:24.705340 https://guanshanbishuift0769.fang.com/3/
Logger:2020-03-16 00:06:25.049186 https://zhengzhongfengjingwan.fang.com/
Logger:2020-03-16 00:06:25.345818 https://jinsechengpinwk0769.fang.com/
Logger:2020-03-16 00:06:25.658823 https://hongjihaotingdx.fang.com/
Logger:2020-03-16 00:06:25.955087 https://ziyouxingchenggj.fang.com/
Logger:2020-03-16 00:06:26.252388 https://shifuchengdongguoji.fang.com/
Logger:2020-03-16 00:06:26.611691 https://zhongtaifengjing.fang.com/
Logger:2020-03-16 00:06:26.939189 https://qingxiguojigongguan.fang.com/
Logger:2020-03-16 00:06:27.298946 https://haiyuhuafu.fang.com/
Logger:2020-03-16 00:06:27.641349 https://zhuoyuezhongxindg.fang.com/
Logger:2020-03-16 00:06:30.880891 https://dg.newhouse.fang.com/house/s/b97/
Logger:2020-03-16 00:06:31.147165 https://yujingwanygc0769.fang.com/
Logger:2020-03-16 00:06:31.443799 https://jinxiuxiangjianghuayuan.fang.com/
Logger:2020-03-16 00:06:33.736809 https://baoshanguojibl.fang.com/
Logger:2020-03-16 00:06:34.142961 https://xinyibandao.fang.com/
Logger:2020-03-16 00:06:34.671739 https://wanxiangsonghubgy2.fang.com/
Logger:2020-03-16 00:06:35.013761 https://shanshuijiangnanba.fang.com/
Logger:2020-03-16 00:06:36.954656 https://guanshanbishuift0769.fang.com/2/
Logger:2020-03-16 00:06:37.345055 https://jintanggegd.fang.com/
Logger:2020-03-16 00:06:37.657692 https://yuhailananhj.fang.com/2/
Logger:2020-03-16 00:06:38.001359 https://huatangshiguangzy.fang.com/
Logger:2020-03-16 00:06:38.438756 https://huajianjunjingyuan.fang.com/
Logger:2020-03-16 00:06:38.751229 https://taihexintiandi0769.fang.com/
Logger:2020-03-16 00:06:39.766568 https://bahaogongguantl.fang.com/
Logger:2020-03-16 00:06:41.179368 https://huayanghuyue.fang.com/
Logger:2020-03-16 00:06:41.506696 https://chaozhuogongguan.fang.com/
Logger:2020-03-16 00:06:41.803501 https://napaxigugy.fang.com/
Logger:2020-03-16 00:06:42.163524 https://hongshushanzx.fang.com/
Logger:2020-03-16 00:06:42.647768 https://yuhewanhuayuan.fang.com/
Logger:2020-03-16 00:06:46.532459 https://shanghejuxsj.fang.com/
Logger:2020-03-16 00:06:46.845184 https://songhugongguan.fang.com/
Logger:2020-03-16 00:06:50.107974 https://dg.newhouse.fang.com/house/s/b98/
Logger:2020-03-16 00:06:53.607048 https://hushandajingjd.fang.com/
Logger:2020-03-16 00:06:54.216279 https://sijiyueshan.fang.com/
Logger:2020-03-16 00:06:54.528705 https://bogongguanbgy.fang.com/
Logger:2020-03-16 00:06:54.810283 https://jiuxitairc.fang.com/
Logger:2020-03-16 00:06:55.075491 https://186714.fang.com/
Logger:2020-03-16 00:06:55.357325 https://huanyuhuijinzhongxin.fang.com/
Logger:2020-03-16 00:06:57.785446 https://chunfenggelasi.fang.com/
Logger:2020-03-16 00:06:58.144068 https://dongjiangyuebgy.fang.com/
Logger:2020-03-16 00:06:58.456528 https://shanhuchenggd.fang.com/
Logger:2020-03-16 00:06:58.878286 https://zhonghaiguanfu.fang.com/
Logger:2020-03-16 00:06:59.159990 https://yicuiyuan0769.fang.com/
Logger:2020-03-16 00:06:59.549986 https://chunhuiguojicheng.fang.com/
Logger:2020-03-16 00:06:59.862907 https://zhongzhuzhongyangyuanzhuhc.fang.com/
Logger:2020-03-16 00:07:00.159889 https://songhuhaoting.fang.com/
Logger:2020-03-16 00:07:00.471643 https://jinyuguangchangwk0769.fang.com/
Logger:2020-03-16 00:07:00.752826 https://fenghuangtaizj.fang.com/
Logger:2020-03-16 00:07:01.065346 https://xianglongtiandiguangchang.fang.com/
Logger:2020-03-16 00:07:01.377679 https://zhongxinbgy.fang.com/
Logger:2020-03-16 00:07:01.643286 https://yuanyue.fang.com/
Logger:2020-03-16 00:07:01.971327 https://wanqufenghuashijiaft.fang.com/
Logger:2020-03-16 00:07:05.227090 https://dg.newhouse.fang.com/house/s/b99/
Logger:2020-03-16 00:07:05.571344 https://zhenyuan0769.fang.com/
Logger:2020-03-16 00:07:05.836401 https://jinyuhaiwanld.fang.com/
Logger:2020-03-16 00:07:06.211231 https://xiangshuxiguft.fang.com/
Logger:2020-03-16 00:07:07.086273 https://lehuopark.fang.com/
Logger:2020-03-16 00:07:07.367740 https://186110.fang.com/
Logger:2020-03-16 00:07:07.757742 https://186202.fang.com/
Logger:2020-03-16 00:07:08.039403 https://yinxianggongguangz.fang.com/
Logger:2020-03-16 00:07:08.398291 https://186640.fang.com/
Logger:2020-03-16 00:07:08.757920 https://kalilanzh.fang.com/
Logger:2020-03-16 00:07:09.085554 https://chengshizhiguangwk0769.fang.com/
Logger:2020-03-16 00:07:09.429222 https://jinlongwanpan.fang.com/
Logger:2020-03-16 00:07:09.773050 https://xingjiwan.fang.com/
Logger:2020-03-16 00:07:10.070452 https://junyuedongfang0769.fang.com/
Logger:2020-03-16 00:07:10.397743 https://jiangbinxinchengdx2.fang.com/
Logger:2020-03-16 00:07:10.772655 https://wolongmingyuan.fang.com/
Logger:2020-03-16 00:07:11.116323 https://huaxundazhai.fang.com/
Logger:2020-03-16 00:07:11.523238 https://qingxiyihaorc.fang.com/
Logger:2020-03-16 00:07:11.834903 https://lifengshidai.fang.com/
Logger:2020-03-16 00:07:12.131751 https://songhuzhigu.fang.com/
Logger:2020-03-16 00:07:12.350977 https://xiangbin1hao.fang.com/
Logger:2020-03-16 00:07:16.055032 https://dg.newhouse.fang.com/house/s/b910/
Logger:2020-03-16 00:07:16.320781 https://huatangjiuli.fang.com/
Logger:2020-03-16 00:07:16.633771 https://qishanjiulongwanbgy.fang.com/
Logger:2020-03-16 00:07:16.899286 https://songhuxian.fang.com/
Logger:2020-03-16 00:07:17.242250 https://qiaoxinyunqi.fang.com/
Logger:2020-03-16 00:07:19.038712 https://dg.newhouse.fang.com/house/2819186632.htm
Logger:2020-03-16 00:07:19.351882 https://xingantheemerald.fang.com/
Logger:2020-03-16 00:07:19.664273 https://qianshuiwanzyjm.fang.com/
Logger:2020-03-16 00:07:20.069707 https://hjfcwhy.fang.com/
Logger:2020-03-16 00:07:20.413747 https://wanquguojibgy.fang.com/
Logger:2020-03-16 00:07:20.724911 https://shengheyasong.fang.com/
Logger:2020-03-16 00:07:21.100303 https://binhaidaduhuiwk0769.fang.com/
Logger:2020-03-16 00:07:21.412331 https://songhuchengzh.fang.com/
Logger:2020-03-16 00:07:21.819268 https://sijisonghu.fang.com/
Logger:2020-03-16 00:07:22.147318 https://jiahongjinfeng.fang.com/
Logger:2020-03-16 00:07:22.459743 https://ditingshanhy.fang.com/
Logger:2020-03-16 00:07:22.881885 https://dongxingyueting.fang.com/
Logger:2020-03-16 00:07:23.194026 https://dushihuafufy.fang.com/
Logger:2020-03-16 00:07:23.490749 https://huayujthy.fang.com/
Logger:2020-03-16 00:07:23.850470 https://186262.fang.com/
Logger:2020-03-16 00:07:24.131222 https://shangfenggongguands.fang.com/
Logger:2020-03-16 00:07:27.380495 https://dg.newhouse.fang.com/house/s/b911/
Logger:2020-03-16 00:07:27.770988 https://zhongyanggongyuanlf.fang.com/2/
Logger:2020-03-16 00:07:28.083417 https://lunenggongguan0769.fang.com/
Logger:2020-03-16 00:07:28.364598 https://jinyuefujrj0769.fang.com/
Logger:2020-03-16 00:07:28.620205 https://186526.fang.com/
Logger:2020-03-16 00:07:28.964363 https://jiahuihaoting0769.fang.com/3/
Logger:2020-03-16 00:07:29.245283 https://minyingshanguomaozhongxin.fang.com/
Logger:2020-03-16 00:07:30.361956 https://lian.fang.com/
Logger:2020-03-16 00:07:33.176903 https://186548.fang.com/
Logger:2020-03-16 00:07:33.520604 https://tiananshumachengdg.fang.com/
Logger:2020-03-16 00:07:33.785946 https://476826.fang.com/
Logger:2020-03-16 00:07:34.051169 https://185946.fang.com/
Logger:2020-03-16 00:07:34.364120 https://shichengshangyezhongxinlongyu.fang.com/
Logger:2020-03-16 00:07:36.319186 https://huaanlongting0769.fang.com/
Logger:2020-03-16 00:07:36.638284 https://hongchuanzhihuizhongxin.fang.com/
Logger:2020-03-16 00:07:36.872880 https://3haobieshu.fang.com/
Logger:2020-03-16 00:07:37.232415 https://longyuancuilongwan.fang.com/
Logger:2020-03-16 00:07:37.591173 https://gongyuanshoufurc.fang.com/
Logger:2020-03-16 00:07:37.888573 https://tianqinwan0769.fang.com/
Logger:2020-03-16 00:07:38.184826 https://huaguiyuannf.fang.com/
Logger:2020-03-16 00:07:38.595164 https://junhuiting.fang.com/
Logger:2020-03-16 00:07:42.203447 https://dg.newhouse.fang.com/house/s/b912/
Logger:2020-03-16 00:07:42.453554 https://shimaozhongxinwn.fang.com/
Logger:2020-03-16 00:07:42.781622 https://hujingyihaozhuangyuan0769.fang.com/
Logger:2020-03-16 00:07:43.125243 https://xinghuicuifeng.fang.com/
Logger:2020-03-16 00:07:43.472900 https://hupogongguanzz.fang.com/
Logger:2020-03-16 00:07:43.800947 https://sujinguoji.fang.com/
Logger:2020-03-16 00:07:44.113898 https://huixingshangyezhongxin.fang.com/
Logger:2020-03-16 00:07:45.993890 https://lianhuasijidaxia.fang.com/
Logger:2020-03-16 00:07:46.307035 https://tianlinhuhuayuan.fang.com/
Logger:2020-03-16 00:07:46.603592 https://gumeifengshang.fang.com/
Logger:2020-03-16 00:07:46.884345 https://jianghaitianyue.fang.com/
Logger:2020-03-16 00:07:47.166236 https://haoyuansh.fang.com/
Logger:2020-03-16 00:07:47.509395 https://sujiaodashanf.fang.com/
Logger:2020-03-16 00:07:47.751403 https://lkgjxxcyy.fang.com/
Logger:2020-03-16 00:07:50.521348 https://dg.newhouse.fang.com/house/2819186200.htm
Logger:2020-03-16 00:07:50.849023 https://lianhushanzhuang.fang.com/
Logger:2020-03-16 00:07:51.505109 https://yulongwanjzy.fang.com/
Logger:2020-03-16 00:07:51.786582 https://guojigongguansp.fang.com/
Logger:2020-03-16 00:07:52.145589 https://dongyuehuayuanzsmd.fang.com/
Logger:2020-03-16 00:07:52.396012 https://ruishigongguansz.fang.com/
Logger:2020-03-16 00:07:52.714492 https://kaidahuting.fang.com/3/
Logger:2020-03-16 00:07:56.020304 https://dg.newhouse.fang.com/house/s/b913/
Logger:2020-03-16 00:07:59.269401 https://ziyunyihao.fang.com/
Logger:2020-03-16 00:07:59.582249 https://lanshanjinwan2.fang.com/2/
Logger:2020-03-16 00:07:59.956697 https://huachengmingyuan.fang.com/
Logger:2020-03-16 00:08:00.253908 https://silangguangchang.fang.com/
Logger:2020-03-16 00:08:00.572565 https://yingtuoyujiang.fang.com/
Logger:2020-03-16 00:08:00.853371 https://luomajingyuan.fang.com/2/
Logger:2020-03-16 00:08:01.213355 https://tenglongmingxuan.fang.com/
Logger:2020-03-16 00:08:01.493844 https://shimufanghuali.fang.com/
Logger:2020-03-16 00:08:01.791211 https://changpingjiuli.fang.com/
Logger:2020-03-16 00:08:02.165559 https://jiahongzhenxingzhongxin.fang.com/
Logger:2020-03-16 00:08:02.431164 https://changhongbaihui.fang.com/
Logger:2020-03-16 00:08:02.832736 https://qianlonghuafufs0769.fang.com/
Logger:2020-03-16 00:08:03.145293 https://jinsebanshan.fang.com/
Logger:2020-03-16 00:08:03.504524 https://yizhongxinbgy0746.fang.com/
Logger:2020-03-16 00:08:03.816291 https://186492.fang.com/
Logger:2020-03-16 00:08:04.098227 https://186608.fang.com/
Logger:2020-03-16 00:08:04.378707 https://hongyingchenghuizhongyang.fang.com/
Logger:2020-03-16 00:08:06.701167 https://186610.fang.com/
Logger:2020-03-16 00:08:07.122567 https://zhangchenghuaxuan.fang.com/
Logger:2020-03-16 00:08:07.528338 https://186092.fang.com/
Logger:2020-03-16 00:08:11.056503 https://dg.newhouse.fang.com/house/s/b914/
Logger:2020-03-16 00:08:11.307164 https://xinghuizhidiguangchang.fang.com/
Logger:2020-03-16 00:08:13.342149 https://nanxinchanyeguoji.fang.com/
Logger:2020-03-16 00:08:13.503752 https://gongyuanyihaobgy0769.fang.com/
Logger:2020-03-16 00:08:13.797910 https://dingfengyuanzhu.fang.com/
Logger:2020-03-16 00:08:14.345058 https://yingyuetaibgy.fang.com/
Logger:2020-03-16 00:08:14.632286 https://fuxidasha.fang.com/
Logger:2020-03-16 00:08:14.851028 https://dajiankangegu.fang.com/
Logger:2020-03-16 00:08:18.833148 https://dg.newhouse.fang.com/house/s/b915/
Logger:2020-03-16 00:08:22.380020 https://dg.newhouse.fang.com/house/s/b916/
Logger:2020-03-16 00:08:25.914813 https://dg.newhouse.fang.com/house/s/b917/
