Logger:2020-03-16 08:37:26.880998 https://dingxi.newhouse.fang.com/house/s/b91/
Logger:2020-03-16 08:37:27.152882 https://dingxibiguiyuan.fang.com/
Logger:2020-03-16 08:37:27.471724 https://lanshanguojidx.fang.com/
Logger:2020-03-16 08:37:27.753296 https://kyhf0932.fang.com/
Logger:2020-03-16 08:37:28.069421 https://guangxiajindudihaoguangchang.fang.com/
Logger:2020-03-16 08:37:28.412451 https://jiufangjiayuandingxi.fang.com/
Logger:2020-03-16 08:37:28.716511 https://121398.fang.com/
Logger:2020-03-16 08:37:29.069554 https://xihexinchengdx.fang.com/
Logger:2020-03-16 08:37:29.399641 https://lxzp0932.fang.com/
Logger:2020-03-16 08:37:29.706744 https://jtry0932.fang.com/
Logger:2020-03-16 08:37:30.307548 https://yxry0932.fang.com/
Logger:2020-03-16 08:37:30.619741 https://boyuandijing.fang.com/
Logger:2020-03-16 08:37:30.929447 https://lintaoyijingyuan.fang.com/
Logger:2020-03-16 08:37:32.586187 https://dingxi.newhouse.fang.com/house/3716185798.htm
Logger:2020-03-16 08:37:32.986449 https://121400.fang.com/
Logger:2020-03-16 08:37:34.085902 https://runzeyuandingxi.fang.com/
Logger:2020-03-16 08:37:35.794190 https://dingxijiangnengjiayuan.fang.com/
Logger:2020-03-16 08:37:37.609142 https://dxrongjingshijia.fang.com/
Logger:2020-03-16 08:37:38.206500 https://tongweishuhuachengxiaoqu.fang.com/
Logger:2020-03-16 08:37:38.488810 https://ygxy0932dx.fang.com/
Logger:2020-03-16 08:37:38.789484 https://jrhy0932.fang.com/
Logger:2020-03-16 08:37:42.469535 https://dingxi.newhouse.fang.com/house/s/b92/
Logger:2020-03-16 08:37:42.772688 https://mingfenghuafuguoji.fang.com/
Logger:2020-03-16 08:37:43.086864 https://jinyulanwandx.fang.com/
Logger:2020-03-16 08:37:43.433700 https://fumentianewan.fang.com/
Logger:2020-03-16 08:37:43.731097 https://sdmd0932.fang.com/
Logger:2020-03-16 08:37:44.139033 https://xygj0932.fang.com/
Logger:2020-03-16 08:37:46.071879 https://zhchuntianjiayuan.fang.com/
Logger:2020-03-16 08:37:46.390215 https://tianqingjiayuandingxi.fang.com/
Logger:2020-03-16 08:37:48.745007 https://zhongheshijiadingxi.fang.com/
Logger:2020-03-16 08:37:50.621767 https://dingxi.newhouse.fang.com/house/3716187392.htm
Logger:2020-03-16 08:37:50.944429 https://dxfenghuangyuanxiaoqu.fang.com/
Logger:2020-03-16 08:37:53.593888 https://huachengguojiqingnianchengdx.fang.com/
Logger:2020-03-16 08:37:54.873060 https://tianyujingcheng.fang.com/
Logger:2020-03-16 08:37:56.155451 https://dhmz0932.fang.com/
Logger:2020-03-16 08:37:57.482566 https://wshfdx.fang.com/
Logger:2020-03-16 08:37:59.708667 https://shxinchengguoji.fang.com/
Logger:2020-03-16 08:38:02.467231 https://jinhaimingyuandx.fang.com/
Logger:2020-03-16 08:38:02.779443 https://haiwangjiayuan.fang.com/
Logger:2020-03-16 08:38:03.091867 https://cwjy0932.fang.com/
Logger:2020-03-16 08:38:03.388672 https://weiyuanzhongxin.fang.com/
Logger:2020-03-16 08:38:03.670076 https://jztaoshuimingzhu.fang.com/
Logger:2020-03-16 08:38:07.294218 https://dingxi.newhouse.fang.com/house/s/b93/
Logger:2020-03-16 08:38:08.920562 https://hfjy0932.fang.com/
Logger:2020-03-16 08:38:10.216923 https://yilianguojishangmaochengdingxi.fang.com/
Logger:2020-03-16 08:38:11.507354 https://jianxinguangchanglongxi.fang.com/
Logger:2020-03-16 08:38:11.966426 https://xinmanyuandingxi.fang.com/
Logger:2020-03-16 08:38:13.294250 https://hetaijiayuandingxi.fang.com/
Logger:2020-03-16 08:38:15.512462 https://longgongbuxingjie.fang.com/
Logger:2020-03-16 08:38:15.822819 https://xiyuanwenchangju.fang.com/
Logger:2020-03-16 08:38:16.651831 https://xbqpcdx.fang.com/
Logger:2020-03-16 08:38:17.856963 https://dxzyjgzxm.fang.com/
Logger:2020-03-16 08:38:19.590854 https://yuzhensilu.fang.com/
Logger:2020-03-16 08:38:19.868900 https://zhsmzx0932.fang.com/
Logger:2020-03-16 08:38:23.843197 https://dingxi.newhouse.fang.com/house/s/b94/
Logger:2020-03-16 08:38:27.373433 https://dingxi.newhouse.fang.com/house/s/b95/
Logger:2020-03-16 08:38:31.466432 https://dingxi.newhouse.fang.com/house/s/b96/
