Logger:2020-03-16 13:14:51.283007 https://dingzhou.newhouse.fang.com/house/s/b91/
Logger:2020-03-16 13:14:51.644996 https://jingweishengdilijing.fang.com/
Logger:2020-03-16 13:14:51.938210 https://zhongshanhaowangjiao.fang.com/
Logger:2020-03-16 13:14:52.209532 https://yingtaixincheng0312.fang.com/
Logger:2020-03-16 13:14:52.504735 https://jiaxingshengqingyuan.fang.com/
Logger:2020-03-16 13:14:52.828870 https://dzgcgj.fang.com/
Logger:2020-03-16 13:14:53.116060 https://shengdonggc.fang.com/
Logger:2020-03-16 13:14:53.365393 https://xiangjiangbaliyinxiang.fang.com/
Logger:2020-03-16 13:14:53.642693 https://kaiyuankejicheng.fang.com/
Logger:2020-03-16 13:14:54.893306 https://xinyuanyipin.fang.com/
Logger:2020-03-16 13:14:55.452809 https://0312huafuheyuan.fang.com/
Logger:2020-03-16 13:14:56.005374 https://shangdongguoji0312.fang.com/
Logger:2020-03-16 13:14:56.286621 https://0312baishengjiayuan.fang.com/
Logger:2020-03-16 13:14:56.777301 https://tongdazixiangyuan.fang.com/
Logger:2020-03-16 13:14:57.076465 https://tongdazizhuyuan.fang.com/
Logger:2020-03-16 13:14:57.340758 https://shengdongguangchang.fang.com/
Logger:2020-03-16 13:14:57.872336 https://juntianxiayuelanwan.fang.com/
Logger:2020-03-16 13:14:58.182508 https://0312zhongshanshoufu.fang.com/
Logger:2020-03-16 13:14:58.477753 https://0312dongfangchengshihuayuan.fang.com/
Logger:2020-03-16 13:14:58.748990 https://0312jingxiujiangshan.fang.com/
Logger:2020-03-16 13:15:00.300840 https://dongfangshuimolinju.fang.com/
Logger:2020-03-16 13:15:04.528530 https://dingzhou.newhouse.fang.com/house/s/b92/
Logger:2020-03-16 13:15:07.853634 https://yichengyihaoyuan.fang.com/
Logger:2020-03-16 13:15:08.410178 https://pengzhoulicheng.fang.com/
Logger:2020-03-16 13:15:11.553736 https://zhongtianxinjunquanxinsiqi.fang.com/
Logger:2020-03-16 13:15:11.882855 https://0312tfzy.fang.com/
Logger:2020-03-16 13:15:12.419420 https://0312yichengyihaoyuan.fang.com/
Logger:2020-03-16 13:15:12.691692 https://wanqiangguojicheng.fang.com/
Logger:2020-03-16 13:15:13.791749 https://xinhuangwanhecheng.fang.com/
Logger:2020-03-16 13:15:14.759161 https://0312suyuan.fang.com/
Logger:2020-03-16 13:15:15.508182 https://guojishequtaifengyuan.fang.com/
Logger:2020-03-16 13:15:16.792721 https://0312xinghelanwan.fang.com/
Logger:2020-03-16 13:15:17.065036 https://jingjinyuemingyuan.fang.com/
Logger:2020-03-16 13:15:17.368182 https://xinhaikejiguangchang.fang.com/
Logger:2020-03-16 13:15:19.562348 https://0312junyuehuafu.fang.com/
Logger:2020-03-16 13:15:21.564000 https://dzdjc.fang.com/
Logger:2020-03-16 13:15:21.846204 https://dzzgyjc.fang.com/
Logger:2020-03-16 13:15:22.132437 https://maoxinfucheng2.fang.com/
Logger:2020-03-16 13:15:24.133084 https://yuyuanxiangxie.fang.com/
Logger:2020-03-16 13:15:24.679622 https://pulindiyicheng.fang.com/
Logger:2020-03-16 13:15:25.514389 https://0312yiyinjiayuan.fang.com/
Logger:2020-03-16 13:15:25.790650 https://yuyelanshan.fang.com/
Logger:2020-03-16 13:15:29.834873 https://dingzhou.newhouse.fang.com/house/s/b93/
Logger:2020-03-16 13:15:30.103150 https://dzjuntianxia.fang.com/
Logger:2020-03-16 13:15:30.637747 https://guotaixincheng0312.fang.com/
Logger:2020-03-16 13:15:30.894994 https://0312shengyueyunjin.fang.com/
Logger:2020-03-16 13:15:31.411613 https://dongfangyangguangshangdu.fang.com/
Logger:2020-03-16 13:15:31.744721 https://dzxyxfl.fang.com/
Logger:2020-03-16 13:15:32.034945 https://hetianxia1.fang.com/
Logger:2020-03-16 13:15:32.288268 https://hanlincheng0312.fang.com/
Logger:2020-03-16 13:15:33.292582 https://jueshishan.fang.com/
Logger:2020-03-16 13:15:33.607774 https://dzxyxfj.fang.com/
Logger:2020-03-16 13:15:33.911975 https://0312jinxiujiangnan.fang.com/
Logger:2020-03-16 13:15:34.684900 https://xiangjiangboshiyuan.fang.com/
Logger:2020-03-16 13:15:34.940173 https://0312zhongxingguanghcang.fang.com/
Logger:2020-03-16 13:15:35.294230 https://juntianxiayuegongguan.fang.com/
Logger:2020-03-16 13:15:36.142956 https://0312xishangyuan.fang.com/
Logger:2020-03-16 13:15:37.202122 https://0312hongxuzhongyuejunting.fang.com/
Logger:2020-03-16 13:15:37.533281 https://balidaoerqu.fang.com/
Logger:2020-03-16 13:15:37.805535 https://shangmeiguoji.fang.com/
Logger:2020-03-16 13:15:38.113684 https://hetianxiamingpin.fang.com/
Logger:2020-03-16 13:15:38.936515 https://yulongwandz.fang.com/
Logger:2020-03-16 13:15:39.663543 https://0312jindihuayuan.fang.com/
Logger:2020-03-16 13:15:42.912846 https://dingzhou.newhouse.fang.com/house/s/b94/
Logger:2020-03-16 13:15:43.156195 https://0312hanguocheng.fang.com/
Logger:2020-03-16 13:15:43.700738 https://ykplws.fang.com/
Logger:2020-03-16 13:15:46.764545 https://dingzhou.newhouse.fang.com/house/1327195687.htm
Logger:2020-03-16 13:15:47.076706 https://mingzhiguangchang.fang.com/
Logger:2020-03-16 13:15:48.584677 https://dingzhouguojiliangyoushipincheng.fang.com/
Logger:2020-03-16 13:15:52.312742 https://dingzhou.newhouse.fang.com/house/s/b95/
Logger:2020-03-16 13:15:56.838592 https://dingzhou.newhouse.fang.com/house/s/b96/
Logger:2020-03-16 13:16:00.338230 https://dingzhou.newhouse.fang.com/house/s/b97/
