Logger:2020-03-16 15:47:48.290358 https://dl.newhouse.fang.com/house/s/b91/
Logger:2020-03-16 15:47:48.637458 https://shilihaijw.fang.com/
Logger:2020-03-16 15:47:49.708991 https://jinxiuhuachengdh0411.fang.com/
Logger:2020-03-16 15:47:50.217639 https://baolitianxi0411.fang.com/
Logger:2020-03-16 15:47:52.284311 https://weilaizhiguangwk0411.fang.com/
Logger:2020-03-16 15:47:52.699201 https://hengdagangwan.fang.com/
Logger:2020-03-16 15:47:53.150144 https://haishangdongfanghrzd.fang.com/
Logger:2020-03-16 15:47:53.617936 https://gongyuandadaohd.fang.com/
Logger:2020-03-16 15:47:53.976946 https://tiyuxinchengwd.fang.com/
Logger:2020-03-16 15:47:54.365892 https://shidaifenghuihd.fang.com/
Logger:2020-03-16 15:47:54.811363 https://jinyuewan0411.fang.com/
Logger:2020-03-16 15:47:55.239243 https://yulandaowk0411.fang.com/
Logger:2020-03-16 15:47:55.816257 https://hefengmingyuewkjd.fang.com/
Logger:2020-03-16 15:47:56.153093 https://sijishangdong0411.fang.com/
Logger:2020-03-16 15:47:56.613381 https://dongfangyoushanmeidi.fang.com/
Logger:2020-03-16 15:47:57.148948 https://gongyuanshijiadh.fang.com/
Logger:2020-03-16 15:47:57.543892 https://jiangshandijinghs.fang.com/
Logger:2020-03-16 15:47:58.011669 https://chenxiliyy.fang.com/
Logger:2020-03-16 15:47:58.508320 https://qingxiulanwanzgtj.fang.com/
Logger:2020-03-16 15:47:59.013988 https://haiyichangzhourc.fang.com/
Logger:2020-03-16 15:47:59.681619 https://feicuishuyuanwk.fang.com/
Logger:2020-03-16 15:48:05.427430 https://dl.newhouse.fang.com/house/s/b92/
Logger:2020-03-16 15:48:05.818160 https://taoyuanbgy.fang.com/
Logger:2020-03-16 15:48:06.200167 https://yunfengyuanzhudllhygc.fang.com/
Logger:2020-03-16 15:48:06.656945 https://guanlanyihaoyuanzl.fang.com/
Logger:2020-03-16 15:48:07.046669 https://chunfengshilizt.fang.com/
Logger:2020-03-16 15:48:07.642475 https://shunshanfulh.fang.com/
Logger:2020-03-16 15:48:08.088280 https://tianyuwan0411.fang.com/
Logger:2020-03-16 15:48:08.520742 https://feicuiduhuiwk0411.fang.com/
Logger:2020-03-16 15:48:08.990039 https://baolitangyue0411.fang.com/
Logger:2020-03-16 15:48:09.478731 https://zhaoshanggongyuan18720411.fang.com/
Logger:2020-03-16 15:48:09.919809 https://yunlugongguanzh0411.fang.com/
Logger:2020-03-16 15:48:10.290869 https://banshanyuejinghr.fang.com/
Logger:2020-03-16 15:48:10.768265 https://jimeijunjkjhj.fang.com/
Logger:2020-03-16 15:48:11.227062 https://feicuichunxiaowk.fang.com/
Logger:2020-03-16 15:48:11.623975 https://wanjingongguanzh0411.fang.com/
Logger:2020-03-16 15:48:13.386647 https://yulonghaiwansm.fang.com/
Logger:2020-03-16 15:48:13.776711 https://dongdiwanpanfl.fang.com/
Logger:2020-03-16 15:48:15.140277 https://xingfulihrzd.fang.com/
Logger:2020-03-16 15:48:15.467994 https://guanxianbieshuwk.fang.com/
Logger:2020-03-16 15:48:16.013127 https://diyijunyd.fang.com/
Logger:2020-03-16 15:48:16.461967 https://chengshizhiguanghd0411.fang.com/
Logger:2020-03-16 15:48:20.288180 https://dl.newhouse.fang.com/house/s/b93/
Logger:2020-03-16 15:48:20.672173 https://dalianwanhr.fang.com/
Logger:2020-03-16 15:48:21.063346 https://huafaxincheng0411.fang.com/
Logger:2020-03-16 15:48:21.574991 https://wankedajia.fang.com/
Logger:2020-03-16 15:48:21.974902 https://haidegongyuanzs0411.fang.com/2/
Logger:2020-03-16 15:48:22.366851 https://zhonghaixingzuan.fang.com/
Logger:2020-03-16 15:48:22.729535 https://xiangshuhuachengld0411.fang.com/
Logger:2020-03-16 15:48:23.180847 https://jiazhaoyeyihao0411.fang.com/
Logger:2020-03-16 15:48:23.558837 https://hengdayunxi.fang.com/
Logger:2020-03-16 15:48:24.170163 https://yuejingjzy.fang.com/
Logger:2020-03-16 15:48:24.638452 https://hengdadijing0411.fang.com/
Logger:2020-03-16 15:48:25.057895 https://jinlinjiuxixxw.fang.com/
Logger:2020-03-16 15:48:25.402971 https://yueheshanhaiyybl.fang.com/
Logger:2020-03-16 15:48:25.747075 https://baolixiyue0411.fang.com/
Logger:2020-03-16 15:48:28.676989 https://zhoujigongguanxx.fang.com/
Logger:2020-03-16 15:48:29.133768 https://yihaoyuandlrc.fang.com/
Logger:2020-03-16 15:48:29.482962 https://baoliluolan.fang.com/
Logger:2020-03-16 15:48:32.180592 https://huajianyuehf.fang.com/
Logger:2020-03-16 15:48:32.547044 https://guangshenxiyue.fang.com/
Logger:2020-03-16 15:48:32.946952 https://guobinyuanzgtj.fang.com/
Logger:2020-03-16 15:48:33.395815 https://heshilinyubljd.fang.com/
Logger:2020-03-16 15:48:36.759131 https://dl.newhouse.fang.com/house/s/b94/
Logger:2020-03-16 15:48:37.118170 https://gangwanjunjing.fang.com/
Logger:2020-03-16 15:48:37.478207 https://daliandonggangguojibgy.fang.com/
Logger:2020-03-16 15:48:38.164737 https://zuanshiwanyy.fang.com/
Logger:2020-03-16 15:48:38.977915 https://tangningonelh0411.fang.com/
Logger:2020-03-16 15:48:39.376852 https://zirantiancheng2.fang.com/
Logger:2020-03-16 15:48:39.768985 https://yunshanshuyd.fang.com/
Logger:2020-03-16 15:48:40.117259 https://gongyuanshangchengzh0411.fang.com/
Logger:2020-03-16 15:48:40.547344 https://kongjianapp.fang.com/
Logger:2020-03-16 15:48:40.921344 https://guobaoxingyuewan0411.fang.com/
Logger:2020-03-16 15:48:41.324269 https://moshugongguan.fang.com/
Logger:2020-03-16 15:48:41.679640 https://muyunshanzh.fang.com/
Logger:2020-03-16 15:48:42.117838 https://bohaijunbgy.fang.com/
Logger:2020-03-16 15:48:42.489844 https://ershisichenghr0411.fang.com/
Logger:2020-03-16 15:48:42.850916 https://yizhongxinyy.fang.com/
Logger:2020-03-16 15:48:45.147983 https://jiashuxh.fang.com/
Logger:2020-03-16 15:48:45.483416 https://lvdizhongxindl.fang.com/
Logger:2020-03-16 15:48:45.938236 https://xishantanfuhd.fang.com/
Logger:2020-03-16 15:48:46.338129 https://yongjingwanzs0411.fang.com/
Logger:2020-03-16 15:48:46.804889 https://yingshenghuayuan0411.fang.com/
Logger:2020-03-16 15:48:48.508648 https://shanluchunqiuyy.fang.com/
Logger:2020-03-16 15:48:51.876233 https://dl.newhouse.fang.com/house/s/b95/
Logger:2020-03-16 15:48:52.204357 https://chengshishoufulb.fang.com/
Logger:2020-03-16 15:48:54.843756 https://gongyuanjiulihrzd0411.fang.com/
Logger:2020-03-16 15:48:55.153917 https://yuxihu0411.fang.com/
Logger:2020-03-16 15:48:55.567454 https://huiguyuechengtd.fang.com/
Logger:2020-03-16 15:48:56.007919 https://yihaogongyugy.fang.com/
Logger:2020-03-16 15:48:56.341028 https://haigangchengzh0411.fang.com/3/
Logger:2020-03-16 15:48:56.692089 https://wutongyubl0411.fang.com/
Logger:2020-03-16 15:48:57.723957 https://dameizhaizigouqh.fang.com/
Logger:2020-03-16 15:48:58.147820 https://shanhaiwanjzy0411.fang.com/
Logger:2020-03-16 15:48:58.538776 https://yueanju0411.fang.com/
Logger:2020-03-16 15:49:00.867743 https://fujiaxintiandiguangchangjz.fang.com/
Logger:2020-03-16 15:49:01.323286 https://fujialvdao.fang.com/
Logger:2020-03-16 15:49:01.657381 https://yuetaishanli.fang.com/
Logger:2020-03-16 15:49:02.058306 https://jingyuan0411.fang.com/3/
Logger:2020-03-16 15:49:04.006956 https://xianggelila0411.fang.com/2/
Logger:2020-03-16 15:49:04.365853 https://hongjunfj.fang.com/
Logger:2020-03-16 15:49:04.732134 https://fengxitai0411.fang.com/
Logger:2020-03-16 15:49:05.072735 https://chuntianshiliujieyd.fang.com/
Logger:2020-03-16 15:49:06.878178 https://hekouwanyd.fang.com/
Logger:2020-03-16 15:49:07.262152 https://hengdayayuan0411.fang.com/
Logger:2020-03-16 15:49:10.619364 https://dl.newhouse.fang.com/house/s/b96/
Logger:2020-03-16 15:49:10.967435 https://mingxiuzhuangyuanhd.fang.com/
Logger:2020-03-16 15:49:11.464106 https://wandaguangchangdlkfq.fang.com/
Logger:2020-03-16 15:49:11.890963 https://daduhuixinghaiwk.fang.com/
Logger:2020-03-16 15:49:12.278959 https://nuodebinhaihuayuanzt.fang.com/
Logger:2020-03-16 15:49:12.838464 https://xingtianyue.fang.com/
Logger:2020-03-16 15:49:13.214031 https://dangdaiyishuzg.fang.com/
Logger:2020-03-16 15:49:14.383934 https://moyaxiaozhenwk.fang.com/
Logger:2020-03-16 15:49:14.851393 https://haigangchengzh0411.fang.com/
Logger:2020-03-16 15:49:15.209508 https://yuzhoufubgy.fang.com/
Logger:2020-03-16 15:49:15.590487 https://sanhetingyuan.fang.com/
Logger:2020-03-16 15:49:16.088156 https://zhongshanwuhao.fang.com/
Logger:2020-03-16 15:49:16.433835 https://lanyuanhylc.fang.com/
Logger:2020-03-16 15:49:16.771470 https://xifuyutang.fang.com/
Logger:2020-03-16 15:49:17.149459 https://xinghaiyujing.fang.com/
Logger:2020-03-16 15:49:17.557403 https://jinshanyinghai.fang.com/
Logger:2020-03-16 15:49:17.902487 https://zysnc.fang.com/
Logger:2020-03-16 15:49:18.285146 https://qingyuntianxia.fang.com/
Logger:2020-03-16 15:49:18.657156 https://tianxialiangcangdlg.fang.com/
Logger:2020-03-16 15:49:19.140857 https://yuheyuan0411.fang.com/
Logger:2020-03-16 15:49:19.502271 https://xianghaijindingzg.fang.com/
Logger:2020-03-16 15:49:24.076754 https://dl.newhouse.fang.com/house/s/b97/
Logger:2020-03-16 15:49:24.523553 https://haiyunhuafu0411.fang.com/
Logger:2020-03-16 15:49:24.953379 https://wankeshu.fang.com/
Logger:2020-03-16 15:49:25.401690 https://mingxiushanjing.fang.com/
Logger:2020-03-16 15:49:25.921839 https://wjqhy0411.fang.com/
Logger:2020-03-16 15:49:26.259934 https://wuheyuanyf.fang.com/
Logger:2020-03-16 15:49:26.773589 https://zizaichengjd0411.fang.com/
Logger:2020-03-16 15:49:27.323788 https://guanshanyue0411.fang.com/
Logger:2020-03-16 15:49:29.511252 https://longchangshijia.fang.com/
Logger:2020-03-16 15:49:29.862314 https://modenggongyuan.fang.com/
Logger:2020-03-16 15:49:30.170534 https://xinghaironghuilianhuawan.fang.com/
Logger:2020-03-16 15:49:30.633045 https://shanyuchengzgtj0411.fang.com/
Logger:2020-03-16 15:49:32.674929 https://taoyuanli0411.fang.com/
Logger:2020-03-16 15:49:33.113726 https://beijingjunxx.fang.com/
Logger:2020-03-16 15:49:33.584467 https://haiyueju0411.fang.com/
Logger:2020-03-16 15:49:34.175541 https://yulanhuayuandl.fang.com/
Logger:2020-03-16 15:49:34.577624 https://xiangdidaosh.fang.com/
Logger:2020-03-16 15:49:34.959113 https://zhongyangyuefu0411.fang.com/
Logger:2020-03-16 15:49:35.272243 https://huaxizhen.fang.com/
Logger:2020-03-16 15:49:35.674040 https://xiaopingdao.fang.com/
Logger:2020-03-16 15:49:36.160603 https://yushengmingzhu.fang.com/
Logger:2020-03-16 15:49:40.053557 https://dl.newhouse.fang.com/house/s/b98/
Logger:2020-03-16 15:49:40.391366 https://hongqigubgyhch.fang.com/
Logger:2020-03-16 15:49:40.770381 https://jiazhaoyezhongxin0411.fang.com/
Logger:2020-03-16 15:49:43.207885 https://hyfhjy2.fang.com/
Logger:2020-03-16 15:49:43.533847 https://jinyangheyuan.fang.com/
Logger:2020-03-16 15:49:43.885487 https://hupowan.fang.com/
Logger:2020-03-16 15:49:44.336256 https://zhonggangluhuayuan.fang.com/
Logger:2020-03-16 15:49:44.732793 https://hengyinanshanshoufu.fang.com/
Logger:2020-03-16 15:49:45.119424 https://feicuizhiguangwk0411.fang.com/
Logger:2020-03-16 15:49:45.488764 https://tianquanxiaozhenhf.fang.com/
Logger:2020-03-16 15:49:49.495720 https://meiguidongfanghy0411.fang.com/2/
Logger:2020-03-16 15:49:49.927304 https://guanshanshuyd.fang.com/
Logger:2020-03-16 15:49:50.338021 https://dongganglinyuan.fang.com/
Logger:2020-03-16 15:49:50.817740 https://panhai.fang.com/
Logger:2020-03-16 15:49:51.169824 https://hanlinfu0411.fang.com/
Logger:2020-03-16 15:49:51.520001 https://zhuoyuejiayuan0411.fang.com/
Logger:2020-03-16 15:49:51.937049 https://jindihuafu.fang.com/2/
Logger:2020-03-16 15:49:52.316030 https://kaishixijun.fang.com/
Logger:2020-03-16 15:49:52.775761 https://wankecheng0411.fang.com/
Logger:2020-03-16 15:49:53.271600 https://yuanyangrongyu.fang.com/
Logger:2020-03-16 15:49:53.842015 https://nanhaiyihao.fang.com/
Logger:2020-03-16 15:49:57.616148 https://dl.newhouse.fang.com/house/s/b99/
Logger:2020-03-16 15:49:57.949472 https://yudonggang.fang.com/
Logger:2020-03-16 15:49:58.383336 https://haiwanchengdl.fang.com/
Logger:2020-03-16 15:49:58.833125 https://yifengqiancheng.fang.com/
Logger:2020-03-16 15:49:59.285641 https://hongduxijing.fang.com/
Logger:2020-03-16 15:49:59.944871 https://tangjingzesy.fang.com/
Logger:2020-03-16 15:50:00.849593 https://baoyiheyuan.fang.com/
Logger:2020-03-16 15:50:01.621732 https://ronghuiyincheng.fang.com/
Logger:2020-03-16 15:50:06.626763 https://zhonghuacheng0411.fang.com/3/
Logger:2020-03-16 15:50:06.978824 https://tyyhxyql.fang.com/
Logger:2020-03-16 15:50:07.320836 https://guohejinfu.fang.com/
Logger:2020-03-16 15:50:07.732733 https://jinchengdijing.fang.com/
Logger:2020-03-16 15:50:08.128236 https://hognxingshoufu.fang.com/
Logger:2020-03-16 15:50:08.463956 https://jinchenlianjun.fang.com/
Logger:2020-03-16 15:50:08.927637 https://jshy0411.fang.com/
Logger:2020-03-16 15:50:09.249774 https://shanhebinhaihuayuan.fang.com/
Logger:2020-03-16 15:50:11.492406 https://zhongchengjinhai.fang.com/
Logger:2020-03-16 15:50:11.849002 https://tianpudllh.fang.com/
Logger:2020-03-16 15:50:12.269130 https://zhongxinyuyuan0411.fang.com/
Logger:2020-03-16 15:50:12.644656 https://weiduoliyaguangchang0411.fang.com/
Logger:2020-03-16 15:50:13.028597 https://longhutianlang0411.fang.com/
Logger:2020-03-16 15:50:16.422614 https://dl.newhouse.fang.com/house/s/b910/
Logger:2020-03-16 15:50:26.060703 https://xinghaichangdao.fang.com/
Logger:2020-03-16 15:50:26.398794 https://badongshuwk.fang.com/
Logger:2020-03-16 15:50:26.759951 https://yuetaifuli.fang.com/
Logger:2020-03-16 15:50:27.145888 https://fengyuechengzx.fang.com/
Logger:2020-03-16 15:50:27.496961 https://wanhegongguanyy0411.fang.com/
Logger:2020-03-16 15:50:27.909819 https://xinghailvshanchengdq.fang.com/
Logger:2020-03-16 15:50:28.242929 https://kaidangongguan.fang.com/
Logger:2020-03-16 15:50:28.646436 https://binhaidaduhuiwk0411.fang.com/
Logger:2020-03-16 15:50:28.998041 https://shimaohuanhaicheng.fang.com/
Logger:2020-03-16 15:50:29.415921 https://haijingzhongxinnl.fang.com/
Logger:2020-03-16 15:50:29.826833 https://xiaopenglai.fang.com/
Logger:2020-03-16 15:50:34.176813 https://liushum9zt.fang.com/
Logger:2020-03-16 15:50:34.506937 https://huanlesongqh.fang.com/
Logger:2020-03-16 15:50:41.958202 https://liuanxinzhudt.fang.com/
Logger:2020-03-16 15:50:42.374061 https://huijingtiandi.fang.com/
Logger:2020-03-16 15:50:42.716160 https://guanlanyihao0411.fang.com/
Logger:2020-03-16 15:50:43.035259 https://yelushiqu.fang.com/
Logger:2020-03-16 15:50:43.396323 https://qixiangongyuan.fang.com/
Logger:2020-03-16 15:50:43.717473 https://yuheshangyuan0411.fang.com/
Logger:2020-03-16 15:50:44.023837 https://boerduozhuangyuanbgyhch.fang.com/
Logger:2020-03-16 15:50:48.194707 https://dl.newhouse.fang.com/house/s/b911/
Logger:2020-03-16 15:50:48.607375 https://guofenglongxism.fang.com/
Logger:2020-03-16 15:50:48.925564 https://yinfanguoji0411.fang.com/
Logger:2020-03-16 15:50:49.331066 https://dlmingzhuwan.fang.com/
Logger:2020-03-16 15:50:49.640179 https://dongfangshuichenghc.fang.com/
Logger:2020-03-16 15:50:49.971291 https://tianlaiwanwh.fang.com/
Logger:2020-03-16 15:50:50.429763 https://xintiandiqh.fang.com/
Logger:2020-03-16 15:51:01.302343 https://lanhaiwan0411.fang.com/
Logger:2020-03-16 15:51:04.378014 https://dalianhailidianzishangwuyuan.fang.com/
Logger:2020-03-16 15:51:08.255416 https://yidaliuzhuang.fang.com/
Logger:2020-03-16 15:51:08.673300 https://pldsnmj.fang.com/
Logger:2020-03-16 15:51:09.127579 https://pldltmj.fang.com/
Logger:2020-03-16 15:51:09.504544 https://txxyw2.fang.com/
Logger:2020-03-16 15:51:09.793795 https://shengtangxiaojingdu.fang.com/
Logger:2020-03-16 15:51:10.136402 https://wankeshanwang.fang.com/
Logger:2020-03-16 15:51:10.512308 https://pushishuxxw.fang.com/
Logger:2020-03-16 15:51:15.127569 https://nuofeishudh0411.fang.com/
Logger:2020-03-16 15:51:15.526561 https://sandingchuntian.fang.com/
Logger:2020-03-16 15:51:16.155909 https://xinjiapohuayuan0411.fang.com/
Logger:2020-03-16 15:51:20.992779 https://haigongguanwd.fang.com/
Logger:2020-03-16 15:51:21.409662 https://shengdiqiushi.fang.com/
Logger:2020-03-16 15:51:25.136050 https://dl.newhouse.fang.com/house/s/b912/
Logger:2020-03-16 15:51:26.476467 https://fujiaxincheng0411.fang.com/
Logger:2020-03-16 15:51:29.919218 https://haigangchengwk.fang.com/
Logger:2020-03-16 15:51:33.807879 https://xintianjiayuan0411.fang.com/
Logger:2020-03-16 15:51:36.235549 https://ziyudongfang.fang.com/
Logger:2020-03-16 15:51:36.662704 https://yunanwan.fang.com/
Logger:2020-03-16 15:51:37.037227 https://shoukaibojun.fang.com/
Logger:2020-03-16 15:51:37.427199 https://yichenyoushenghuo.fang.com/
Logger:2020-03-16 15:51:41.032038 https://zhonghuanchengshiguangchang0411.fang.com/
Logger:2020-03-16 15:51:41.437049 https://jinwanshancheng.fang.com/
Logger:2020-03-16 15:51:41.914606 https://jinhaimingzhu.fang.com/2/
Logger:2020-03-16 15:51:44.516483 https://hongweilanshan.fang.com/3/
Logger:2020-03-16 15:51:44.865550 https://guofenglongyuansm.fang.com/
Logger:2020-03-16 15:51:45.215662 https://yihaixianfu.fang.com/
Logger:2020-03-16 15:51:45.629776 https://yiheluhao.fang.com/
Logger:2020-03-16 15:51:46.334317 https://jinxiangbinbl0411.fang.com/
Logger:2020-03-16 15:51:47.258478 https://guohejincheng.fang.com/
Logger:2020-03-16 15:51:48.004873 https://yinglunmingzhu.fang.com/1/
Logger:2020-03-16 15:51:48.775369 https://guangzezhongxin0411.fang.com/
Logger:2020-03-16 15:51:51.575033 https://bandaojingjie.fang.com/
Logger:2020-03-16 15:51:54.666840 https://dlmingzhuwan.fang.com/
Logger:2020-03-16 15:51:58.746966 https://dl.newhouse.fang.com/house/s/b913/
Logger:2020-03-16 15:51:59.073050 https://dongfangwanlanhai.fang.com/
Logger:2020-03-16 15:51:59.448048 https://fengyangwanjia.fang.com/
Logger:2020-03-16 15:51:59.765002 https://junyueshanjg.fang.com/
Logger:2020-03-16 15:52:05.654343 https://pldycyjw.fang.com/
Logger:2020-03-16 15:52:06.020336 https://yzgjc2.fang.com/
Logger:2020-03-16 15:52:07.775056 https://renhexinyuan0411.fang.com/
Logger:2020-03-16 15:52:08.123125 https://jinpuguangchang0411.fang.com/
Logger:2020-03-16 15:52:09.914269 https://taidahuigu.fang.com/
Logger:2020-03-16 15:52:10.313174 https://dingsenzhongxin.fang.com/
Logger:2020-03-16 15:52:10.629750 https://jinshimingyuan0411.fang.com/
Logger:2020-03-16 15:52:10.975884 https://plddssjw.fang.com/
Logger:2020-03-16 15:52:11.350852 https://txryyp2.fang.com/
Logger:2020-03-16 15:52:21.088512 https://lnzh.newhouse.fang.com/house/1628793139.htm
Logger:2020-03-16 15:52:21.472913 https://jinrongguangchangyf.fang.com/
Logger:2020-03-16 15:52:22.345066 https://anboluozhuangyuan.fang.com/
Logger:2020-03-16 15:52:23.591078 https://longtengmeijun2.fang.com/
Logger:2020-03-16 15:52:29.623237 https://xinhuaguoji0411.fang.com/
Logger:2020-03-16 15:52:33.623152 https://pulandian.newhouse.fang.com/house/1624788189.htm
Logger:2020-03-16 15:52:33.968209 https://lanchengfengqichaoming.fang.com/
Logger:2020-03-16 15:52:34.303346 https://tianxialiangcangbqu.fang.com/
Logger:2020-03-16 15:52:38.941027 https://dl.newhouse.fang.com/house/s/b914/
Logger:2020-03-16 15:52:39.291951 https://haihanzhuangyuanbl.fang.com/
Logger:2020-03-16 15:52:46.327765 https://haidexuefuzs.fang.com/
Logger:2020-03-16 15:52:46.661042 https://chunhaianhr.fang.com/
Logger:2020-03-16 15:52:47.094078 https://yidalanshan.fang.com/villa/
Logger:2020-03-16 15:52:47.421165 https://junhai.fang.com/
Logger:2020-03-16 15:52:47.783197 https://xingguangyaoguangchang.fang.com/
Logger:2020-03-16 15:52:48.360702 https://xishanlinyubl0411.fang.com/
Logger:2020-03-16 15:52:48.824866 https://lijingshanby0411.fang.com/
Logger:2020-03-16 15:52:49.281642 https://weimingshanyihaolou.fang.com/
Logger:2020-03-16 15:52:49.678089 https://lixiangchengjk.fang.com/
Logger:2020-03-16 15:52:50.026325 https://guozhai0411.fang.com/
Logger:2020-03-16 15:52:50.519223 https://shierfangjd.fang.com/
Logger:2020-03-16 15:52:53.355024 https://dl.newhouse.fang.com/house/1618120889.htm
Logger:2020-03-16 15:52:53.978411 https://zhihuiyunding.fang.com/
Logger:2020-03-16 15:52:54.495998 https://yinlingbashiquanzf.fang.com/
Logger:2020-03-16 15:52:57.982168 https://huafushijicheng.fang.com/
Logger:2020-03-16 15:52:58.411029 https://meichenxiangxing.fang.com/
Logger:2020-03-16 15:53:01.553291 https://yufushanhaiguan.fang.com/
Logger:2020-03-16 15:53:01.913366 https://liuzhuanghuatianshuct.fang.com/
Logger:2020-03-16 15:53:02.355079 https://chengjiapd.fang.com/
Logger:2020-03-16 15:53:06.391490 https://dl.newhouse.fang.com/house/s/b915/
Logger:2020-03-16 15:53:06.729661 https://xiangshuzhuangyuan.fang.com/
Logger:2020-03-16 15:53:07.331701 https://jinhailanwan0411.fang.com/
Logger:2020-03-16 15:53:07.757546 https://zonghelouyihao.fang.com/
Logger:2020-03-16 15:53:08.092672 https://liandawenrunjinchen.fang.com/
Logger:2020-03-16 15:53:08.482145 https://dejiayuhai.fang.com/
Logger:2020-03-16 15:53:11.514314 https://gaochengshan2.fang.com/
Logger:2020-03-16 15:53:11.911215 https://canglongshoufuxy.fang.com/
Logger:2020-03-16 15:53:15.318142 https://jinchenlanjun.fang.com/
Logger:2020-03-16 15:53:20.041257 https://qinglanshan.fang.com/
Logger:2020-03-16 15:53:20.507702 https://ganghuizhongxin.fang.com/
Logger:2020-03-16 15:53:20.922982 https://huaxuexinyuan0411.fang.com/
Logger:2020-03-16 15:53:24.351354 https://yangguangboerduo.fang.com/
Logger:2020-03-16 15:53:24.702414 https://meilishan0411.fang.com/
Logger:2020-03-16 15:53:25.098989 https://xinshijieminglong.fang.com/
Logger:2020-03-16 15:53:25.525228 https://wanchengxiuxianguangchang.fang.com/
Logger:2020-03-16 15:53:26.070687 https://fulinshangcheng.fang.com/
Logger:2020-03-16 15:53:26.428729 https://lugangxiaozhen0411.fang.com/
Logger:2020-03-16 15:53:29.328630 https://kedahaijing.fang.com/
Logger:2020-03-16 15:53:29.759825 https://xztyc.fang.com/
Logger:2020-03-16 15:53:40.979838 [erro]&&&https://guojishangwuchengdl.fang.com/
Logger:2020-03-16 15:53:44.069953 https://dl.newhouse.fang.com/house/s/b916/
Logger:2020-03-16 15:53:44.367158 https://shanhaiwanhy.fang.com/
Logger:2020-03-16 15:53:48.148761 https://xianghaiyipinzg.fang.com/
Logger:2020-03-16 15:53:48.606535 https://nanhaizhongxin0411.fang.com/
Logger:2020-03-16 15:53:48.885501 https://dingsenzhongxin.fang.com/
Logger:2020-03-16 15:53:51.368870 https://dongbeijieyihao.fang.com/
Logger:2020-03-16 15:53:51.835623 https://penghuwan0411.fang.com/
Logger:2020-03-16 15:53:52.272469 https://xinghaizhongxinxx.fang.com/
Logger:2020-03-16 15:53:54.343976 https://lnzh.newhouse.fang.com/house/1628793127.htm
Logger:2020-03-16 15:53:55.955760 https://qijianfang.fang.com/
Logger:2020-03-16 15:53:58.607021 https://shiwaijiantang.fang.com/
Logger:2020-03-16 15:53:59.262435 https://xiguyushannp.fang.com/2/
Logger:2020-03-16 15:54:01.818718 https://dalianjinshitiancheng.fang.com/2/
Logger:2020-03-16 15:54:02.167784 https://wfdjxy.fang.com/3/
Logger:2020-03-16 15:54:02.584483 https://xinyuanshangfu.fang.com/
Logger:2020-03-16 15:54:02.978078 https://qianhelongwanzh.fang.com/
Logger:2020-03-16 15:54:07.292892 https://falan1710.fang.com/
Logger:2020-03-16 15:54:07.907249 https://pldbsrc.fang.com/
Logger:2020-03-16 15:54:08.272388 https://lnzh.newhouse.fang.com/house/1628793135.htm
Logger:2020-03-16 15:54:10.463505 https://pulandian.newhouse.fang.com/house/1624786391.htm
Logger:2020-03-16 15:54:10.768205 https://tianchengpai.fang.com/
Logger:2020-03-16 15:54:15.722419 https://dl.newhouse.fang.com/house/s/b917/
Logger:2020-03-16 15:54:16.090437 https://xywwqha.fang.com/
Logger:2020-03-16 15:54:16.417241 https://pldrzjy.fang.com/
Logger:2020-03-16 15:54:16.816679 https://pwcsgc0411.fang.com/
Logger:2020-03-16 15:54:17.149785 https://taohuayuanrj.fang.com/
Logger:2020-03-16 15:54:20.577341 https://pldxdhpxl.fang.com/
Logger:2020-03-16 15:54:20.885114 https://juyuanfudi.fang.com/
Logger:2020-03-16 15:54:21.201824 https://fuguijiarizhuangyuan.fang.com/
Logger:2020-03-16 15:54:23.107428 https://lnzh.newhouse.fang.com/house/1628793131.htm
Logger:2020-03-16 15:54:23.552851 https://pldyuetaijiali.fang.com/
Logger:2020-03-16 15:54:23.902943 https://ycctgd2.fang.com/
Logger:2020-03-16 15:54:25.289030 https://zhmingrunfudi.fang.com/
Logger:2020-03-16 15:54:25.583915 https://haoleshangmaochengdl.fang.com/
Logger:2020-03-16 15:54:25.876083 https://tcgjjrzxxzj.fang.com/
Logger:2020-03-16 15:54:26.202246 https://lnzh.newhouse.fang.com/house/1628793137.htm
Logger:2020-03-16 15:54:26.521404 https://gangwanzhongxinkl.fang.com/
Logger:2020-03-16 15:54:26.881281 https://wfdycctgd.fang.com/
Logger:2020-03-16 15:54:28.312896 https://lnzh.newhouse.fang.com/house/1628793129.htm
Logger:2020-03-16 15:54:28.669975 https://pulandian.newhouse.fang.com/house/1624786393.htm
Logger:2020-03-16 15:54:30.913549 https://zakj2.fang.com/
Logger:2020-03-16 15:54:31.269203 https://mingzhugongyuan7haodizh.fang.com/
Logger:2020-03-16 15:54:34.557411 https://dl.newhouse.fang.com/house/s/b918/
Logger:2020-03-16 15:54:34.858120 https://xinlichengwk0411.fang.com/
Logger:2020-03-16 15:54:35.262736 https://yuzhongnan.fang.com/
Logger:2020-03-16 15:54:39.502755 https://zhongshanhaiyuegh.fang.com/
Logger:2020-03-16 15:54:41.844054 https://dawosiguangchangbgy.fang.com/
Logger:2020-03-16 15:54:42.237002 https://fengdanlicheng.fang.com/
Logger:2020-03-16 15:54:42.583624 https://wukongjian.fang.com/
Logger:2020-03-16 15:54:42.951824 https://kaitaimingzuoxh.fang.com/
Logger:2020-03-16 15:54:43.278967 https://weilaichengzy0411.fang.com/
Logger:2020-03-16 15:54:43.646943 https://yiheyinzuo0411.fang.com/
Logger:2020-03-16 15:54:44.003018 https://tixiangmancheng.fang.com/
Logger:2020-03-16 15:54:44.376529 https://xgpewdds.fang.com/
Logger:2020-03-16 15:54:48.115744 https://dl.newhouse.fang.com/house/s/b919/
Logger:2020-03-16 15:54:51.718093 https://dl.newhouse.fang.com/house/s/b920/
Logger:2020-03-16 15:54:55.976282 https://dl.newhouse.fang.com/house/s/b921/
