Logger:2020-03-16 16:27:27.737672 https://donggang.newhouse.fang.com/house/s/b91/
Logger:2020-03-16 16:27:28.043790 https://88haogongguan.fang.com/
Logger:2020-03-16 16:27:30.653729 https://donggang.newhouse.fang.com/house/1626789033.htm
Logger:2020-03-16 16:27:30.932144 https://88haogongguanfeili.fang.com/
Logger:2020-03-16 16:27:31.285958 https://gangchengyuyuanhx.fang.com/
Logger:2020-03-16 16:27:31.633064 https://huayuanjinxiu.fang.com/
Logger:2020-03-16 16:27:31.982123 https://hongxingwandg.fang.com/
Logger:2020-03-16 16:27:32.296253 https://dgzaishuiyifang.fang.com/
Logger:2020-03-16 16:27:32.679455 https://jdhaiyunfengjing.fang.com/
Logger:2020-03-16 16:27:38.721591 https://donggang.newhouse.fang.com/house/1626789173.htm
Logger:2020-03-16 16:27:41.353902 https://donggang.newhouse.fang.com/house/1626789057.htm
Logger:2020-03-16 16:27:42.651493 https://donggang.newhouse.fang.com/house/1626789039.htm
Logger:2020-03-16 16:27:44.389507 https://huangjiagongyudg.fang.com/
Logger:2020-03-16 16:27:45.329946 https://donggang.newhouse.fang.com/house/1626789055.htm
Logger:2020-03-16 16:27:46.078462 https://donggang.newhouse.fang.com/house/1626789041.htm
Logger:2020-03-16 16:27:46.848965 https://donggang.newhouse.fang.com/house/1626789047.htm
Logger:2020-03-16 16:27:47.729653 https://donggang.newhouse.fang.com/house/1626789045.htm
Logger:2020-03-16 16:27:48.094234 https://donggang.newhouse.fang.com/house/1626789051.htm
Logger:2020-03-16 16:27:49.384545 https://donggang.newhouse.fang.com/house/1626789175.htm
Logger:2020-03-16 16:27:52.972250 https://donggang.newhouse.fang.com/house/s/b92/
Logger:2020-03-16 16:27:56.642440 https://donggang.newhouse.fang.com/house/s/b93/
Logger:2020-03-16 16:28:00.134834 https://donggang.newhouse.fang.com/house/s/b94/
