Logger:2020-03-16 01:42:40.859349 https://dongxing.newhouse.fang.com/house/s/b91/
Logger:2020-03-16 01:42:41.061708 https://yucuiyuanzf0770.fang.com/
Logger:2020-03-16 01:42:42.901625 https://xgmc151624.fang.com/
Logger:2020-03-16 01:42:43.229668 https://gaotiesanhao.fang.com/
Logger:2020-03-16 01:42:44.948664 https://guomenjinmao.fang.com/
Logger:2020-03-16 01:42:47.025647 https://chenhua151616.fang.com/
Logger:2020-03-16 01:42:47.263082 https://tianehujy0770.fang.com/
Logger:2020-03-16 01:42:49.613035 https://beilunhuafu0770.fang.com/
Logger:2020-03-16 01:42:49.863717 https://guojihuachengad0770.fang.com/
Logger:2020-03-16 01:42:54.344407 https://honglinhw289478.fang.com/
Logger:2020-03-16 01:42:54.609432 https://wenchangguojijr.fang.com/
Logger:2020-03-16 01:42:56.615193 https://fengxianggehl.fang.com/
Logger:2020-03-16 01:42:58.584194 https://yangguanghaianyangfang.fang.com/1/
Logger:2020-03-16 01:43:00.208812 https://jingjie0770.fang.com/
Logger:2020-03-16 01:43:00.427341 https://guihai289530.fang.com/
Logger:2020-03-16 01:43:00.661112 https://guojiahuayuanjd0770.fang.com/
Logger:2020-03-16 01:43:03.179159 https://yinxiangjiangnanzx.fang.com/
Logger:2020-03-16 01:43:03.428713 https://sainahupandd0770.fang.com/
Logger:2020-03-16 01:43:04.431568 https://haiyunhaoting0770.fang.com/
Logger:2020-03-16 01:43:07.945577 https://dongxing.newhouse.fang.com/house/s/b92/
Logger:2020-03-16 01:43:11.360326 https://dongxing.newhouse.fang.com/house/s/b93/
Logger:2020-03-16 01:43:14.974841 https://dongxing.newhouse.fang.com/house/s/b94/
