Logger:2020-03-16 14:54:06.106039 https://donghai.newhouse.fang.com/house/s/b91/
Logger:2020-03-16 14:54:06.359411 https://tiandiguoji.fang.com/
Logger:2020-03-16 14:54:06.597723 https://jingduxuefu.fang.com/
Logger:2020-03-16 14:54:06.920919 https://jingyuzhongyangyf.fang.com/
Logger:2020-03-16 14:54:07.152241 https://xiangjianglijing2.fang.com/
Logger:2020-03-16 14:54:07.460415 https://dhwhjf.fang.com/
Logger:2020-03-16 14:54:07.716774 https://haifenglanqing.fang.com/
Logger:2020-03-16 14:54:07.980029 https://jingduhuafu.fang.com/
Logger:2020-03-16 14:54:08.290196 https://dhyxjn.fang.com/
Logger:2020-03-16 14:54:08.585408 https://dhsjmd.fang.com/
Logger:2020-03-16 14:54:08.842754 https://meilingdgg.fang.com/
Logger:2020-03-16 14:54:09.090099 https://julonggongguan8.fang.com/
Logger:2020-03-16 14:54:09.465053 https://bxjzhongyangguangchang.fang.com/
Logger:2020-03-16 14:54:09.712433 https://wamshengyihao.fang.com/
Logger:2020-03-16 14:54:09.975687 https://dhxhyx.fang.com/
Logger:2020-03-16 14:54:12.545811 https://dhfeicuiwan.fang.com/
Logger:2020-03-16 14:54:13.009618 https://qtyjy.fang.com/
Logger:2020-03-16 14:54:13.293846 https://dhtyj.fang.com/
Logger:2020-03-16 14:54:16.885246 https://donghai.newhouse.fang.com/house/s/b92/
Logger:2020-03-16 14:54:20.408808 https://donghai.newhouse.fang.com/house/s/b93/
Logger:2020-03-16 14:54:23.867524 https://donghai.newhouse.fang.com/house/s/b94/
