Logger:2020-03-16 21:07:56.511488 https://dujiangyan.newhouse.fang.com/house/s/b91/
Logger:2020-03-16 21:07:58.263931 https://djycdwdc.fang.com/
Logger:2020-03-16 21:07:58.586192 https://tianfulidudjy.fang.com/
Logger:2020-03-16 21:08:02.535024 https://fxhyqcf.fang.com/
Logger:2020-03-16 21:08:02.882483 https://longhuxiaoyuanqc.fang.com/
Logger:2020-03-16 21:08:06.932122 https://tianfuguojifhc.fang.com/
Logger:2020-03-16 21:08:10.099683 https://fenghuangchengtfgj.fang.com/2/
Logger:2020-03-16 21:08:13.265355 https://ruijingyududjy.fang.com/
Logger:2020-03-16 21:08:13.687973 https://zgsdqingyunjie.fang.com/
Logger:2020-03-16 21:08:18.246151 https://gydd1h.fang.com/
Logger:2020-03-16 21:08:18.630706 https://jinyueypd.fang.com/
Logger:2020-03-16 21:08:22.215460 https://djyqingchengjianshan.fang.com/
Logger:2020-03-16 21:08:22.625391 https://zhongxinyunqigu.fang.com/
Logger:2020-03-16 21:08:22.977422 https://lgqchggjdjq.fang.com/
Logger:2020-03-16 21:08:26.079642 https://dujiangfuhy.fang.com/
Logger:2020-03-16 21:08:26.424234 https://binjiangguojidjy.fang.com/
Logger:2020-03-16 21:08:26.862066 https://haoyaqingchengdjy.fang.com/
Logger:2020-03-16 21:08:27.214649 https://qingchenglantian.fang.com/
Logger:2020-03-16 21:08:27.568688 https://dujiangzhichundjy.fang.com/
Logger:2020-03-16 21:08:31.371251 https://djyzijingcheng.fang.com/
Logger:2020-03-16 21:08:31.787186 https://djygjmd.fang.com/
Logger:2020-03-16 21:08:35.719621 https://dujiangyan.newhouse.fang.com/house/s/b92/
Logger:2020-03-16 21:08:36.068690 https://djyqjmy.fang.com/
Logger:2020-03-16 21:08:36.447673 https://binjianglijingdjy.fang.com/
Logger:2020-03-16 21:08:36.840590 https://baishanglvyoucheng.fang.com/
Logger:2020-03-16 21:08:37.256551 https://shangyangzhenpin.fang.com/
Logger:2020-03-16 21:08:37.673421 https://feicuijijia.fang.com/
Logger:2020-03-16 21:08:38.007528 https://djylxqc.fang.com/
Logger:2020-03-16 21:08:38.339895 https://djyssj.fang.com/
Logger:2020-03-16 21:08:41.684869 https://djyludaoqingchengshan.fang.com/
Logger:2020-03-16 21:08:42.102744 https://qingcheng365ny.fang.com/
Logger:2020-03-16 21:08:42.522235 https://zhengchengyuanzhu.fang.com/
Logger:2020-03-16 21:08:44.739185 https://djyshangshanqi.fang.com/
Logger:2020-03-16 21:08:48.324312 https://wuhaizhonghuaqc.fang.com/
Logger:2020-03-16 21:08:48.692889 https://djynjdy.fang.com/
Logger:2020-03-16 21:08:49.063872 https://djyqcsy.fang.com/
Logger:2020-03-16 21:08:52.556868 https://zhongtieshuiyingqceq.fang.com/
Logger:2020-03-16 21:08:56.204581 https://haihangxiangsonghugjsq.fang.com/
Logger:2020-03-16 21:08:56.755139 https://zikuanlu88hao.fang.com/
Logger:2020-03-16 21:08:57.104684 https://djyqchys.fang.com/
Logger:2020-03-16 21:08:57.462616 https://djysdwtxtd.fang.com/
Logger:2020-03-16 21:08:57.819016 https://shengshixinghedjy.fang.com/
Logger:2020-03-16 21:09:01.729024 https://dujiangyan.newhouse.fang.com/house/s/b93/
Logger:2020-03-16 21:09:02.062132 https://zhiyuandjy.fang.com/
Logger:2020-03-16 21:09:05.499596 https://doulejinlu.fang.com/
Logger:2020-03-16 21:09:05.848645 https://dncaifuguangchang.fang.com/
Logger:2020-03-16 21:09:06.688272 https://zxfurongqingcheng.fang.com/
Logger:2020-03-16 21:09:10.066618 https://djybaoxinqingcheng.fang.com/
Logger:2020-03-16 21:09:10.452586 https://yuqingcheng.fang.com/
Logger:2020-03-16 21:09:10.804211 https://qingchengshangyuandjy.fang.com/
Logger:2020-03-16 21:09:11.170171 https://qctaoyuanshengdi.fang.com/
Logger:2020-03-16 21:09:11.513485 https://dujiangyifu.fang.com/
Logger:2020-03-16 21:09:11.867535 https://djyqingchengjun.fang.com/
Logger:2020-03-16 21:09:12.215657 https://djyzhujiangcailejun.fang.com/
Logger:2020-03-16 21:09:14.246585 https://djyqyzs.fang.com/
Logger:2020-03-16 21:09:14.605624 https://djyqingchenglijing.fang.com/
Logger:2020-03-16 21:09:14.947810 https://guoguangnapagu.fang.com/
Logger:2020-03-16 21:09:15.304864 https://weiluonaxiaozhendjy.fang.com/
Logger:2020-03-16 21:09:15.744674 https://qingjuping.fang.com/
Logger:2020-03-16 21:09:16.211425 https://shangshanxidjy.fang.com/
Logger:2020-03-16 21:09:16.686075 https://qingchenglijingyangshengdujiaqu.fang.com/
Logger:2020-03-16 21:09:17.078995 https://shidaidujiang.fang.com/
Logger:2020-03-16 21:09:17.442032 https://djywdxssa.fang.com/
Logger:2020-03-16 21:09:21.266495 https://dujiangyan.newhouse.fang.com/house/s/b94/
Logger:2020-03-16 21:09:21.526269 https://xinhaiguojidjy.fang.com/
Logger:2020-03-16 21:09:23.004070 https://djymjgjlydjq.fang.com/
Logger:2020-03-16 21:09:24.514961 https://djyyanshanshuimo.fang.com/
Logger:2020-03-16 21:09:26.549147 https://dujiangyangc.fang.com/
Logger:2020-03-16 21:09:26.951138 https://qczhongxinglaojie.fang.com/
Logger:2020-03-16 21:09:27.279198 https://jinshashuilifanggc.fang.com/
Logger:2020-03-16 21:09:27.613514 https://djyqingchengshui.fang.com/
Logger:2020-03-16 21:09:31.182769 https://dujiangyan.newhouse.fang.com/house/s/b95/
Logger:2020-03-16 21:09:34.700256 https://dujiangyan.newhouse.fang.com/house/s/b96/
Logger:2020-03-16 21:09:38.253915 https://dujiangyan.newhouse.fang.com/house/s/b97/
