Logger:2020-03-16 18:13:36.740666 https://dy.newhouse.fang.com/house/s/b91/
Logger:2020-03-16 18:13:37.104722 https://zhongchengheyuan.fang.com/
Logger:2020-03-16 18:13:37.772905 https://derunxingfuli.fang.com/
Logger:2020-03-16 18:13:38.190841 https://shuianhuating5.fang.com/
Logger:2020-03-16 18:13:40.250392 https://haitonghuayuchengguiyuan.fang.com/
Logger:2020-03-16 18:13:40.618234 https://chunfengshili0546.fang.com/
Logger:2020-03-16 18:13:41.068492 https://yuechenguoji.fang.com/
Logger:2020-03-16 18:13:41.448408 https://taimeiyuyuanca.fang.com/
Logger:2020-03-16 18:13:41.858057 https://boyuefufl0546.fang.com/
Logger:2020-03-16 18:13:42.233763 https://huangheshengtaichenghd.fang.com/
Logger:2020-03-16 18:13:42.693465 https://wandahuafu0546.fang.com/
Logger:2020-03-16 18:13:43.075471 https://dywfjshgc.fang.com/
Logger:2020-03-16 18:13:43.459439 https://mingjiahuayuan0546.fang.com/
Logger:2020-03-16 18:13:43.834904 https://zonglvdaohd.fang.com/
Logger:2020-03-16 18:13:44.306642 https://fulishihaody.fang.com/
Logger:2020-03-16 18:13:44.683674 https://qingfengxiyue.fang.com/
Logger:2020-03-16 18:13:47.587848 https://jinxiuxinchengxt.fang.com/
Logger:2020-03-16 18:13:47.967833 https://txbgydy.fang.com/
Logger:2020-03-16 18:13:49.477045 https://shenghongrongyu0546.fang.com/
Logger:2020-03-16 18:13:49.866911 https://shuichengzhuangyuan.fang.com/
Logger:2020-03-16 18:13:51.575945 https://dy.newhouse.fang.com/house/2414600825.htm
Logger:2020-03-16 18:13:54.988938 https://dy.newhouse.fang.com/house/s/b92/
Logger:2020-03-16 18:13:57.774761 https://lixiangzhicheng.fang.com/
Logger:2020-03-16 18:13:58.502369 https://dongkaiyuefu.fang.com/
Logger:2020-03-16 18:13:59.455818 https://xinduxiangshanyue.fang.com/
Logger:2020-03-16 18:13:59.811487 https://shengtaihuayuanjc.fang.com/
Logger:2020-03-16 18:14:03.851814 https://baijinhangong0546.fang.com/
Logger:2020-03-16 18:14:06.032804 https://qfxzdy.fang.com/
Logger:2020-03-16 18:14:06.413202 https://haitonghuayucheng.fang.com/
Logger:2020-03-16 18:14:06.910982 https://dongchenyihaoyuanzr.fang.com/
Logger:2020-03-16 18:14:07.376068 https://xihuwanxd.fang.com/
Logger:2020-03-16 18:14:07.778962 https://mingyuehuatingzc.fang.com/
Logger:2020-03-16 18:14:10.561764 https://haitongweilanjun.fang.com/
Logger:2020-03-16 18:14:13.481844 https://huanayuefu.fang.com/
Logger:2020-03-16 18:14:15.861897 https://zhongchengqingfenglangyue.fang.com/
Logger:2020-03-16 18:14:16.199975 https://yushenghuayuan0546.fang.com/
Logger:2020-03-16 18:14:17.502805 https://jinlingyipin.fang.com/
Logger:2020-03-16 18:14:19.318869 https://xintiandiylg.fang.com/
Logger:2020-03-16 18:14:21.116605 https://zhongchengkaiyuehuating2.fang.com/
Logger:2020-03-16 18:14:21.594299 https://biguiyuanyunding.fang.com/
Logger:2020-03-16 18:14:29.802576 https://fushengyuanzc.fang.com/
Logger:2020-03-16 18:14:32.227374 https://hupanyuefu.fang.com/
Logger:2020-03-16 18:14:35.583509 https://dy.newhouse.fang.com/house/s/b93/
Logger:2020-03-16 18:14:35.994052 https://glsxz20546.fang.com/
Logger:2020-03-16 18:14:36.381688 https://jinyuhuafu0546.fang.com/
Logger:2020-03-16 18:14:39.133557 https://shengjianhuayuan.fang.com/
Logger:2020-03-16 18:14:39.539060 https://xindaojiayuanzc.fang.com/
Logger:2020-03-16 18:14:39.999940 https://shuxiangshuiyun.fang.com/
Logger:2020-03-16 18:14:40.552822 https://xianglinmeidist.fang.com/
Logger:2020-03-16 18:14:43.824595 https://dy.newhouse.fang.com/house/2414733477.htm
Logger:2020-03-16 18:14:45.904599 https://lixiangzhichengyujinxiangan.fang.com/
Logger:2020-03-16 18:14:47.958667 https://qiuyuehuatingzc.fang.com/
Logger:2020-03-16 18:14:50.068314 https://xinduhuangjinshidai.fang.com/
Logger:2020-03-16 18:14:50.430343 https://zhongyanghaotingsy.fang.com/
Logger:2020-03-16 18:14:50.832652 https://jinyurunyuan.fang.com/
Logger:2020-03-16 18:14:53.550061 https://biguiyuanxindutianyue.fang.com/
Logger:2020-03-16 18:14:55.242817 https://jingangwanfh.fang.com/
Logger:2020-03-16 18:14:55.793335 https://wandahefu.fang.com/
Logger:2020-03-16 18:14:56.451077 https://dongyingxinchengyuejunshidai.fang.com/
Logger:2020-03-16 18:14:56.914864 https://haixinyingyuanwt.fang.com/
Logger:2020-03-16 18:14:58.711901 https://dy.newhouse.fang.com/house/2414754567.htm
Logger:2020-03-16 18:14:59.076931 https://shangdongshuirunsz.fang.com/
Logger:2020-03-16 18:14:59.492338 https://shijijinchengzn0546.fang.com/
Logger:2020-03-16 18:15:03.194907 https://dy.newhouse.fang.com/house/s/b94/
Logger:2020-03-16 18:15:03.574638 https://jinhuxincheng.fang.com/
Logger:2020-03-16 18:15:03.928673 https://jinjiyujinghaoting.fang.com/
Logger:2020-03-16 18:15:04.473783 https://jinhulongting.fang.com/
Logger:2020-03-16 18:15:04.957688 https://shenghongyufu0546.fang.com/
Logger:2020-03-16 18:15:07.313664 https://zhongchengxiyuehuating.fang.com/
Logger:2020-03-16 18:15:07.689661 https://biguiyuanshidaizhiguang.fang.com/
Logger:2020-03-16 18:15:08.025768 https://guojihaoyuanht.fang.com/
Logger:2020-03-16 18:15:08.474991 https://zhongyangfudi0546.fang.com/
Logger:2020-03-16 18:15:08.824058 https://aotixuedu.fang.com/
Logger:2020-03-16 18:15:09.163178 https://jinhudijingsp.fang.com/
Logger:2020-03-16 18:15:09.579077 https://mingzhuzhuangyuan.fang.com/
Logger:2020-03-16 18:15:11.765561 https://tianyubgy0546.fang.com/
Logger:2020-03-16 18:15:12.257866 https://lafeigongguanmz.fang.com/
Logger:2020-03-16 18:15:12.607118 https://shengshihuafuty.fang.com/
Logger:2020-03-16 18:15:14.840755 https://yongjinmenxb.fang.com/3/
Logger:2020-03-16 18:15:15.225243 https://meiguijunwl0546.fang.com/
Logger:2020-03-16 18:15:15.873973 https://longtingyufu.fang.com/
Logger:2020-03-16 18:15:16.258427 https://gryjjy.fang.com/
Logger:2020-03-16 18:15:16.767076 https://xinhuiyuyuanhuiyuefu.fang.com/
Logger:2020-03-16 18:15:18.825388 https://hengruifujiayaju.fang.com/
Logger:2020-03-16 18:15:22.753699 https://dy.newhouse.fang.com/house/s/b95/
Logger:2020-03-16 18:15:23.128243 https://zhuangyuanfudisa.fang.com/
Logger:2020-03-16 18:15:25.513082 https://dahaijingdian.fang.com/
Logger:2020-03-16 18:15:25.873537 https://qinyuanyg100.fang.com/
Logger:2020-03-16 18:15:28.041494 https://jdysdgc.fang.com/
Logger:2020-03-16 18:15:30.825231 https://jinronggang.fang.com/
Logger:2020-03-16 18:15:32.622073 https://haixiangyuan0546.fang.com/
Logger:2020-03-16 18:15:33.022972 https://jinchendasha.fang.com/
Logger:2020-03-16 18:15:33.437048 https://rongchuangbinjiangyihao0546.fang.com/1/
Logger:2020-03-16 18:15:33.810784 https://haitongbixianhupan.fang.com/
Logger:2020-03-16 18:15:34.171609 https://huabanlidy.fang.com/
Logger:2020-03-16 18:15:36.685592 https://yuyuanlxzc.fang.com/
Logger:2020-03-16 18:15:37.019848 https://xiyuanlijinght.fang.com/
Logger:2020-03-16 18:15:39.468247 https://leanjunht.fang.com/
Logger:2020-03-16 18:15:39.822300 https://xinduyihefu.fang.com/
Logger:2020-03-16 18:15:40.202861 https://zhongchengjiayuan5.fang.com/
Logger:2020-03-16 18:15:42.121981 https://mingtanfu.fang.com/
Logger:2020-03-16 18:15:46.819923 https://caifuxinchengwd.fang.com/
Logger:2020-03-16 18:15:48.529088 https://feicuihuating0546.fang.com/
Logger:2020-03-16 18:15:50.887155 https://liuanxiaofenglxzc.fang.com/
Logger:2020-03-16 18:15:51.308029 https://zhongyanggongguanbgy.fang.com/
Logger:2020-03-16 18:15:54.782671 https://dy.newhouse.fang.com/house/s/b96/
Logger:2020-03-16 18:15:55.207532 https://zhongchengjiayuan0546.fang.com/
Logger:2020-03-16 18:15:55.583557 https://dushigongguanjy.fang.com/
Logger:2020-03-16 18:15:55.966595 https://shengdananyuan.fang.com/
Logger:2020-03-16 18:15:58.155008 https://wodezhongxin0546.fang.com/
Logger:2020-03-16 18:16:00.133736 https://xinyuehuafu.fang.com/
Logger:2020-03-16 18:16:00.491318 https://xinhuiyuyuan.fang.com/
Logger:2020-03-16 18:16:00.846373 https://yujingguangchangwh.fang.com/
Logger:2020-03-16 18:16:02.044820 https://xiyuanzc.fang.com/
Logger:2020-03-16 18:16:03.830644 https://xihuyuefuhj.fang.com/
Logger:2020-03-16 18:16:06.330037 https://baohaihuafu.fang.com/
Logger:2020-03-16 18:16:06.732954 https://tongxinghuayuan0546.fang.com/
Logger:2020-03-16 18:16:07.159193 https://wandaguangchangdy.fang.com/
Logger:2020-03-16 18:16:07.527914 https://chengshihuafu0546.fang.com/
Logger:2020-03-16 18:16:07.866992 https://rongchuangvgongguan.fang.com/
Logger:2020-03-16 18:16:08.237504 https://haitonghuiyuan.fang.com/
Logger:2020-03-16 18:16:08.657381 https://xintiandizh0546.fang.com/
Logger:2020-03-16 18:16:10.734304 https://damingfudi.fang.com/
Logger:2020-03-16 18:16:13.366072 https://dy.newhouse.fang.com/house/2414752723.htm
Logger:2020-03-16 18:16:13.802928 https://jinyuanjunxb.fang.com/
Logger:2020-03-16 18:16:15.465030 https://donghaianxh.fang.com/
Logger:2020-03-16 18:16:19.514626 https://dy.newhouse.fang.com/house/s/b97/
Logger:2020-03-16 18:16:19.874702 https://kanglijiayuangm.fang.com/
Logger:2020-03-16 18:16:20.230710 https://xinbangjinxiangjun.fang.com/
Logger:2020-03-16 18:16:20.953220 https://grsnsd.fang.com/
Logger:2020-03-16 18:16:22.662926 https://jinlingguoji2.fang.com/
Logger:2020-03-16 18:16:23.136800 https://meiyuansanqi.fang.com/
Logger:2020-03-16 18:16:23.546283 https://grhdlc.fang.com/
Logger:2020-03-16 18:16:25.551684 https://grxcjy.fang.com/
Logger:2020-03-16 18:16:25.967618 https://lsxjf.fang.com/
Logger:2020-03-16 18:16:26.522491 https://lingxiuchengxy.fang.com/
Logger:2020-03-16 18:16:28.749084 https://dy.newhouse.fang.com/house/2414733497.htm
Logger:2020-03-16 18:16:30.832644 https://chuangkezhongxin.fang.com/
Logger:2020-03-16 18:16:31.296019 https://gryjhjy.fang.com/
Logger:2020-03-16 18:16:31.700942 https://sijihuayuantz.fang.com/
Logger:2020-03-16 18:16:32.061486 https://haitongmingjun.fang.com/
Logger:2020-03-16 18:16:34.052747 https://shijichengzn0546.fang.com/
Logger:2020-03-16 18:16:34.534895 https://chengshizhuren0546.fang.com/
Logger:2020-03-16 18:16:34.912571 https://haitongzaishuiyifang.fang.com/
Logger:2020-03-16 18:16:35.317480 https://baiheyuanlxzc.fang.com/
Logger:2020-03-16 18:16:36.243090 https://meiguiyuanlxzc.fang.com/
Logger:2020-03-16 18:16:38.515418 https://sijihuacheng0546.fang.com/
Logger:2020-03-16 18:16:42.444831 https://dy.newhouse.fang.com/house/s/b98/
Logger:2020-03-16 18:16:42.810876 https://shangpinyuecheng.fang.com/
Logger:2020-03-16 18:16:43.162827 https://shijihuayuanql.fang.com/
Logger:2020-03-16 18:16:43.544804 https://grhtys.fang.com/
Logger:2020-03-16 18:16:44.016477 https://tianlaihuadu.fang.com/
Logger:2020-03-16 18:16:46.817460 https://dongfanghaiyg100.fang.com/
Logger:2020-03-16 18:16:47.192463 https://shunchengsz.fang.com/
Logger:2020-03-16 18:16:49.041166 https://dy.newhouse.fang.com/house/2414580183.htm
Logger:2020-03-16 18:16:49.479606 https://huafushuian.fang.com/
Logger:2020-03-16 18:16:49.844349 https://cfsczy.fang.com/
Logger:2020-03-16 18:16:51.892509 https://shengshilanting0546.fang.com/
Logger:2020-03-16 18:16:52.266470 https://pingguoshu0546.fang.com/
Logger:2020-03-16 18:16:52.680335 https://lixiangzhichengfanhuali.fang.com/
Logger:2020-03-16 18:16:53.559004 https://xiangxilishejc.fang.com/
Logger:2020-03-16 18:16:55.491593 https://shengbeihuayuan0546.fang.com/
Logger:2020-03-16 18:16:55.848608 https://wtxfjy0546.fang.com/
Logger:2020-03-16 18:16:56.843072 https://bangdexiaozhen.fang.com/
Logger:2020-03-16 18:16:57.193136 https://mingzhuguangchang0546.fang.com/
Logger:2020-03-16 18:16:57.641991 https://gryjhy.fang.com/
Logger:2020-03-16 18:16:58.001546 https://jinzehuayuan20546.fang.com/
Logger:2020-03-16 18:17:02.325880 https://wandalanchengfengqishanghe.fang.com/
Logger:2020-03-16 18:17:05.874609 https://dy.newhouse.fang.com/house/s/b99/
Logger:2020-03-16 18:17:08.378338 https://jiaoyunhuyuandy.fang.com/
Logger:2020-03-16 18:17:08.743386 https://yiliyangfang0546.fang.com/
Logger:2020-03-16 18:17:09.174180 https://qingqingjiayuanbh.fang.com/
Logger:2020-03-16 18:17:09.590492 https://kaixuanguangchangjc.fang.com/
Logger:2020-03-16 18:17:09.964548 https://qinghuajiayuan0546.fang.com/
Logger:2020-03-16 18:17:11.978386 https://fbjrhy.fang.com/
Logger:2020-03-16 18:17:13.774463 https://shengshijiayuan0546.fang.com/
Logger:2020-03-16 18:17:14.422261 https://gangchenghuayuanht.fang.com/
Logger:2020-03-16 18:17:14.786547 https://zhuxiangyuanwt.fang.com/
Logger:2020-03-16 18:17:15.173084 https://huaduxinyuan0546.fang.com/
Logger:2020-03-16 18:17:15.536123 https://weiyangsoho.fang.com/
Logger:2020-03-16 18:17:15.972997 https://wandashidaiguangchang0546.fang.com/
Logger:2020-03-16 18:17:18.256632 https://yucaihuadu.fang.com/
Logger:2020-03-16 18:17:18.624657 https://mingzhuwl.fang.com/
Logger:2020-03-16 18:17:20.600879 https://grhdhcsf.fang.com/
Logger:2020-03-16 18:17:22.421287 https://xiandaixingcheng.fang.com/
Logger:2020-03-16 18:17:24.023790 https://yixindasha0546.fang.com/
Logger:2020-03-16 18:17:25.610235 https://zhongyanghuayuanwh.fang.com/
Logger:2020-03-16 18:17:27.477670 https://dy.newhouse.fang.com/house/2414736197.htm
Logger:2020-03-16 18:17:29.021106 https://dy.newhouse.fang.com/house/2414767325.htm
Logger:2020-03-16 18:17:32.990584 https://dy.newhouse.fang.com/house/s/b910/
Logger:2020-03-16 18:17:33.420473 https://wenxinjiayuanlq.fang.com/
Logger:2020-03-16 18:17:33.792493 https://dhpjhy0546.fang.com/
Logger:2020-03-16 18:17:35.874429 https://zhongchengxingjie.fang.com/
Logger:2020-03-16 18:17:37.876949 https://hlgjds.fang.com/
Logger:2020-03-16 18:17:39.287943 https://lygcwf.fang.com/
Logger:2020-03-16 18:17:39.638986 https://wdhgc.fang.com/
Logger:2020-03-16 18:17:41.278472 https://gongyuanyipin0546.fang.com/
Logger:2020-03-16 18:17:43.303501 https://dy.newhouse.fang.com/house/2414733347.htm
Logger:2020-03-16 18:17:43.658611 https://gryjy.fang.com/
Logger:2020-03-16 18:17:45.385885 https://lyswzx.fang.com/
Logger:2020-03-16 18:17:45.753911 https://jinchenfuhaiguangchangiiqi.fang.com/
Logger:2020-03-16 18:17:46.170437 https://hlgjjrgc.fang.com/
Logger:2020-03-16 18:17:48.322837 https://jinshiguojidasha.fang.com/
Logger:2020-03-16 18:17:49.886714 https://dy.newhouse.fang.com/house/2414682047.htm
Logger:2020-03-16 18:17:51.675754 https://bohaihuayuan0546.fang.com/
Logger:2020-03-16 18:17:53.069889 https://dy.newhouse.fang.com/house/2414776185.htm
Logger:2020-03-16 18:17:54.535113 https://yzswzxdw.fang.com/
Logger:2020-03-16 18:17:56.084143 https://wanhedasha0546.fang.com/
Logger:2020-03-16 18:17:56.464589 https://litongaosenguojizhongxin.fang.com/
Logger:2020-03-16 18:17:58.068580 https://zhongkaiqipeicheng.fang.com/
Logger:2020-03-16 18:18:02.288922 https://dy.newhouse.fang.com/house/s/b911/
Logger:2020-03-16 18:18:02.624055 https://jindudashawl.fang.com/
Logger:2020-03-16 18:18:04.336267 https://slwgc.fang.com/
Logger:2020-03-16 18:18:06.550785 https://dwfswda.fang.com/
Logger:2020-03-16 18:18:08.280338 https://dy.newhouse.fang.com/house/2414733389.htm
Logger:2020-03-16 18:18:10.688531 https://dy.newhouse.fang.com/house/2414733785.htm
Logger:2020-03-16 18:18:11.032589 https://dy.newhouse.fang.com/house/2414768391.htm
Logger:2020-03-16 18:18:12.814227 https://bohaiwuzidasha.fang.com/
Logger:2020-03-16 18:18:14.652787 https://dy.newhouse.fang.com/house/2414733491.htm
Logger:2020-03-16 18:18:15.700560 https://hongxiangdasha0546.fang.com/
Logger:2020-03-16 18:18:17.549461 https://yitaizhongxi0546.fang.com/
Logger:2020-03-16 18:18:17.848646 https://gryzswzx.fang.com/
Logger:2020-03-16 18:18:18.265823 https://mingshihuayuan0546.fang.com/
Logger:2020-03-16 18:18:18.885401 https://xinduxiyue.fang.com/
Logger:2020-03-16 18:18:19.270346 https://bishuihaotingjj.fang.com/
Logger:2020-03-16 18:18:21.098575 https://grghy.fang.com/
Logger:2020-03-16 18:18:23.064167 https://zijinghuayuan0546.fang.com/
Logger:2020-03-16 18:18:25.084805 https://feicuichengkz.fang.com/
Logger:2020-03-16 18:18:25.450376 https://wanhecheng0546.fang.com/
Logger:2020-03-16 18:18:27.356876 https://huianxiaoqu0546.fang.com/
Logger:2020-03-16 18:18:27.729424 https://ruixiangyuankr.fang.com/
Logger:2020-03-16 18:18:31.836129 https://dy.newhouse.fang.com/house/s/b912/
Logger:2020-03-16 18:18:34.511596 https://xiushuijiayuan0546.fang.com/
Logger:2020-03-16 18:18:34.962822 https://haitongjiayuan0546.fang.com/
Logger:2020-03-16 18:18:37.136687 https://shanshuijuyl.fang.com/
Logger:2020-03-16 18:18:37.465807 https://0546chengshihuayuan.fang.com/
Logger:2020-03-16 18:18:39.535158 https://yujingxinchengst.fang.com/
Logger:2020-03-16 18:18:39.903239 https://bhjd0546.fang.com/
Logger:2020-03-16 18:18:40.310344 https://shangchengyuefu.fang.com/
Logger:2020-03-16 18:18:41.148105 https://zhuangyuanfudihl.fang.com/
Logger:2020-03-16 18:18:43.277266 https://balizhuangyuan.fang.com/
Logger:2020-03-16 18:18:43.680270 https://shenglihuayuanshangjie.fang.com/
Logger:2020-03-16 18:18:44.028340 https://fssdgcjc.fang.com/
Logger:2020-03-16 18:18:44.374423 https://grjgy.fang.com/
Logger:2020-03-16 18:18:44.812245 https://szxsj0546.fang.com/
Logger:2020-03-16 18:18:45.161369 https://ljht0546.fang.com/
Logger:2020-03-16 18:18:46.765396 https://guojiqichechenggr.fang.com/
Logger:2020-03-16 18:18:48.680689 https://yizhuangxiaoqulz.fang.com/
Logger:2020-03-16 18:18:50.447693 https://grtyhyy.fang.com/
Logger:2020-03-16 18:18:52.358140 https://huataiguojijinrongzhongxin.fang.com/
Logger:2020-03-16 18:18:53.750595 https://wangheshangcheng.fang.com/
Logger:2020-03-16 18:18:54.076724 https://dy.newhouse.fang.com/house/2414768399.htm
Logger:2020-03-16 18:18:57.794095 https://dy.newhouse.fang.com/house/s/b913/
Logger:2020-03-16 18:18:59.501373 https://gryjc.fang.com/
Logger:2020-03-16 18:19:01.262286 https://rundudasha.fang.com/
Logger:2020-03-16 18:19:03.291631 https://dy.newhouse.fang.com/house/2414733109.htm
Logger:2020-03-16 18:19:05.026635 https://yinzuochengshiguangchang.fang.com/3/
Logger:2020-03-16 18:19:05.372524 https://syzbgjjlzx.fang.com/
Logger:2020-03-16 18:19:09.075391 https://dy.newhouse.fang.com/house/s/b914/
Logger:2020-03-16 18:19:13.089553 https://dy.newhouse.fang.com/house/s/b915/
Logger:2020-03-16 18:19:16.610687 https://dy.newhouse.fang.com/house/s/b916/
