Logger:2020-03-16 18:10:57.515998 https://dz.newhouse.fang.com/house/s/b91/
Logger:2020-03-16 18:10:57.878224 https://chengshangchengdx.fang.com/?from=xflist_xfgg
Logger:2020-03-16 18:10:58.286073 https://mudanhuadu.fang.com/
Logger:2020-03-16 18:10:58.661070 https://aotelaisi0534.fang.com/
Logger:2020-03-16 18:10:59.123080 https://waihaishuijunjn.fang.com/
Logger:2020-03-16 18:10:59.536517 https://dongfangyipin0534.fang.com/
Logger:2020-03-16 18:10:59.919473 https://longxixiangan.fang.com/
Logger:2020-03-16 18:11:02.038991 https://dongfangziyuan0534.fang.com/
Logger:2020-03-16 18:11:02.462599 https://xiangshuwanhs0534.fang.com/
Logger:2020-03-16 18:11:02.860955 https://ldcjkjz0534.fang.com/
Logger:2020-03-16 18:11:03.221991 https://beichangyunhexiaozhen.fang.com/
Logger:2020-03-16 18:11:05.145655 https://huaxizhuangyuan0534.fang.com/
Logger:2020-03-16 18:11:06.851982 https://jinxiuyangguangchengdy.fang.com/
Logger:2020-03-16 18:11:07.225979 https://jiachengdongjun.fang.com/
Logger:2020-03-16 18:11:07.645760 https://kangbogongguan.fang.com/
Logger:2020-03-16 18:11:08.043575 https://ziyuguodu.fang.com/
Logger:2020-03-16 18:11:08.470405 https://chongdeyuan.fang.com/
Logger:2020-03-16 18:11:10.718187 https://tianrunheyuan.fang.com/
Logger:2020-03-16 18:11:11.076664 https://yihaoyuandz.fang.com/
Logger:2020-03-16 18:11:11.471798 https://jinlinfuzl.fang.com/
Logger:2020-03-16 18:11:11.953549 https://jinhuchengbl.fang.com/
Logger:2020-03-16 18:11:15.745505 https://dz.newhouse.fang.com/house/s/b92/
Logger:2020-03-16 18:11:18.603751 https://dongchengyihaoyuan.fang.com/
Logger:2020-03-16 18:11:18.990057 https://yangguangshangpin0534.fang.com/
Logger:2020-03-16 18:11:19.427929 https://hongyeyipin.fang.com/
Logger:2020-03-16 18:11:22.204756 https://tianheyuanzz.fang.com/
Logger:2020-03-16 18:11:22.553354 https://lubanyuyuan.fang.com/
Logger:2020-03-16 18:11:22.905203 https://bishuilanting0534.fang.com/
Logger:2020-03-16 18:11:29.384644 https://yujingdongfang0534.fang.com/
Logger:2020-03-16 18:11:29.751657 https://shuxiangyuandx.fang.com/
Logger:2020-03-16 18:11:30.127648 https://huatengyucheng.fang.com/
Logger:2020-03-16 18:11:32.590578 https://pingyuanyihaoyuan.fang.com/
Logger:2020-03-16 18:11:32.903769 https://yongfengbaihexincheng.fang.com/
Logger:2020-03-16 18:11:33.644116 https://guojiguangchangxk0534.fang.com/
Logger:2020-03-16 18:11:34.032147 https://lydhyz.fang.com/
Logger:2020-03-16 18:11:34.393109 https://ddgyjybl.fang.com/
Logger:2020-03-16 18:11:34.783824 https://dechengmingjun.fang.com/
Logger:2020-03-16 18:11:35.218176 https://yuyuezhuangyuandf.fang.com/
Logger:2020-03-16 18:11:35.807180 https://chongdegongguan.fang.com/
Logger:2020-03-16 18:11:36.219667 https://dedayuyuanlc.fang.com/
Logger:2020-03-16 18:11:36.540185 https://sanhemeiyuan.fang.com/
Logger:2020-03-16 18:11:37.002240 https://binhehuayuan0534.fang.com/
Logger:2020-03-16 18:11:42.398140 https://dz.newhouse.fang.com/house/s/b93/
Logger:2020-03-16 18:11:42.753196 https://mingchengyajuzz.fang.com/
Logger:2020-03-16 18:11:46.051351 https://biguiyuantianchen.fang.com/
Logger:2020-03-16 18:11:46.474279 https://huiningqinghuayuan.fang.com/
Logger:2020-03-16 18:11:53.550113 https://dz.newhouse.fang.com/house/2422571185.htm
Logger:2020-03-16 18:11:53.980984 https://zhlxc.fang.com/
Logger:2020-03-16 18:11:54.387093 https://donghaiyuheyuanzi.fang.com/
Logger:2020-03-16 18:11:54.867778 https://huarongyintaizunfu.fang.com/
Logger:2020-03-16 18:11:55.383788 https://ztzyl.fang.com/
Logger:2020-03-16 18:12:00.537876 https://stjydzjs.fang.com/
Logger:2020-03-16 18:12:00.853004 https://jiulongbandao.fang.com/
Logger:2020-03-16 18:12:01.230086 https://jinchenhuafudh.fang.com/
Logger:2020-03-16 18:12:04.954636 https://qinghegongguan.fang.com/
Logger:2020-03-16 18:12:06.998712 https://weilaicheng0534.fang.com/
Logger:2020-03-16 18:12:07.379348 https://bgytyw0534.fang.com/
Logger:2020-03-16 18:12:08.616182 https://bgyfcsj0534.fang.com/
Logger:2020-03-16 18:12:09.077919 https://xinghewanlx.fang.com/
Logger:2020-03-16 18:12:15.121511 https://178753.fang.com/
Logger:2020-03-16 18:12:15.804451 https://178719.fang.com/
Logger:2020-03-16 18:12:18.634018 https://shangdegongguan.fang.com/
Logger:2020-03-16 18:12:19.016737 https://baiheguangchanglc.fang.com/
Logger:2020-03-16 18:12:22.796937 https://dz.newhouse.fang.com/house/s/b94/
Logger:2020-03-16 18:12:23.143976 https://178693.fang.com/
Logger:2020-03-16 18:12:23.618774 https://biguiyuanty0534.fang.com/
Logger:2020-03-16 18:12:24.025619 https://jianuoxuefu.fang.com/
Logger:2020-03-16 18:12:24.367510 https://dixinyuyuan.fang.com/
Logger:2020-03-16 18:12:26.377729 https://huaxishengshi.fang.com/
Logger:2020-03-16 18:12:28.500873 https://aohaiqinghuafu.fang.com/
Logger:2020-03-16 18:12:37.678070 https://jinxiuhaoting0534.fang.com/
Logger:2020-03-16 18:12:42.459440 https://yuanxinjibeijun.fang.com/
Logger:2020-03-16 18:12:42.840653 https://rongchuangguanlanfudi.fang.com/
Logger:2020-03-16 18:12:43.172485 https://hpsajy.fang.com/
Logger:2020-03-16 18:12:43.712548 https://zhongzhengwanli.fang.com/
Logger:2020-03-16 18:12:44.205231 https://dongbeicheng.fang.com/
Logger:2020-03-16 18:12:44.557178 https://qtlctyl.fang.com/
Logger:2020-03-16 18:12:44.861363 https://atlslbw.fang.com/
Logger:2020-03-16 18:12:45.237385 https://lvchengbaihexincheng.fang.com/
Logger:2020-03-16 18:12:45.592446 https://yujingguojilb.fang.com/
Logger:2020-03-16 18:12:46.823448 https://dixinwenyuanshoufu.fang.com/
Logger:2020-03-16 18:12:47.424810 https://dhqhy.fang.com/
Logger:2020-03-16 18:12:47.792941 https://biguiyuantx.fang.com/
Logger:2020-03-16 18:12:48.167247 https://hongminglanhujun.fang.com/
Logger:2020-03-16 18:12:51.930024 https://dz.newhouse.fang.com/house/s/b95/
Logger:2020-03-16 18:12:54.358957 https://yashihui.fang.com/
Logger:2020-03-16 18:12:57.017588 https://wcyfbhxc.fang.com/
Logger:2020-03-16 18:12:57.417518 https://qilincheng.fang.com/
Logger:2020-03-16 18:12:57.820441 https://bgyfcsf.fang.com/
Logger:2020-03-16 18:13:01.142953 https://wandaguangchangdz.fang.com/
Logger:2020-03-16 18:13:01.573788 https://lixiangzhen.fang.com/
Logger:2020-03-16 18:13:01.922882 https://aohaikangcheng.fang.com/
Logger:2020-03-16 18:13:05.241842 https://jingyifeicuigongguan.fang.com/
Logger:2020-03-16 18:13:07.475430 https://hzgzhy0534.fang.com/
Logger:2020-03-16 18:13:07.880749 https://blyxgj.fang.com/
Logger:2020-03-16 18:13:09.358041 https://178695.fang.com/
Logger:2020-03-16 18:13:11.240827 https://zhouchengshangheshuijun.fang.com/
Logger:2020-03-16 18:13:14.040821 https://178697.fang.com/
Logger:2020-03-16 18:13:15.940427 https://dz.newhouse.fang.com/house/2422747621.htm
Logger:2020-03-16 18:13:18.418534 https://juxiudasha.fang.com/
Logger:2020-03-16 18:13:21.685647 https://mingdianjiedfh.fang.com/
Logger:2020-03-16 18:13:22.301998 https://shangmaochenghd0534.fang.com/
Logger:2020-03-16 18:13:26.090181 https://dz.newhouse.fang.com/house/s/b96/
Logger:2020-03-16 18:13:29.636852 https://dz.newhouse.fang.com/house/s/b97/
Logger:2020-03-16 18:13:33.167869 https://dz.newhouse.fang.com/house/s/b98/
