Logger:2020-03-16 21:10:57.109809 https://emeishan.newhouse.fang.com/house/s/b91/
Logger:2020-03-16 21:10:57.446908 https://emeiguanding.fang.com/
Logger:2020-03-16 21:10:57.793979 https://jingxiuemei.fang.com/
Logger:2020-03-16 21:10:58.127592 https://emeixiaoyuan.fang.com/
Logger:2020-03-16 21:10:58.626641 https://ygwdly0833.fang.com/
Logger:2020-03-16 21:10:58.979613 https://biguiyuanemeihuafu.fang.com/
Logger:2020-03-16 21:10:59.458332 https://runemei.fang.com/
Logger:2020-03-16 21:11:05.193781 https://emeishan.newhouse.fang.com/house/3241284388.htm
Logger:2020-03-16 21:11:05.674053 https://emeishiguang20833.fang.com/
Logger:2020-03-16 21:11:06.088545 https://emeipuyuan.fang.com/
Logger:2020-03-16 21:11:10.113807 https://emeiqingluems.fang.com/
Logger:2020-03-16 21:11:10.529694 https://zxgasfj.fang.com/
Logger:2020-03-16 21:11:10.974529 https://jiubinshidi.fang.com/
Logger:2020-03-16 21:11:15.853527 https://emeizhixing.fang.com/
Logger:2020-03-16 21:11:19.592891 https://sjgchw1h.fang.com/
Logger:2020-03-16 21:11:25.819660 https://emstlcf.fang.com/
Logger:2020-03-16 21:11:26.233582 https://smartdujiashangwu.fang.com/
Logger:2020-03-16 21:11:30.223632 https://emeishan.newhouse.fang.com/house/s/b92/
Logger:2020-03-16 21:11:37.050545 https://emeishan.newhouse.fang.com/house/s/b93/
Logger:2020-03-16 21:11:40.566782 https://emeishan.newhouse.fang.com/house/s/b94/
