Logger:2020-03-16 01:07:24.083722 https://enping.newhouse.fang.com/house/s/b91/
Logger:2020-03-16 01:07:24.365101 https://lijingwanygc0750.fang.com/
Logger:2020-03-16 01:07:24.642520 https://wenquanchenggr.fang.com/
Logger:2020-03-16 01:07:24.907378 https://hengdaquandou.fang.com/
Logger:2020-03-16 01:07:25.157275 https://wenquanguhlb.fang.com/
Logger:2020-03-16 01:07:25.435209 https://jinjiangguojixincheng.fang.com/
Logger:2020-03-16 01:07:25.747420 https://xiangyuegongguanxc0750.fang.com/
Logger:2020-03-16 01:07:26.007056 https://wangjiangfurc0750.fang.com/
Logger:2020-03-16 01:07:26.257214 https://fanxingxiaozhen.fang.com/
Logger:2020-03-16 01:07:26.507657 https://kaixuanhuayuan0750.fang.com/
Logger:2020-03-16 01:07:26.850607 https://shijichengbgy0750.fang.com/
Logger:2020-03-16 01:07:27.101013 https://quanlinhuangjinxiaozhenep.fang.com/
Logger:2020-03-16 01:07:27.350909 https://huiyinjiangnanfuwan.fang.com/
Logger:2020-03-16 01:07:27.600429 https://feicuihuafumj.fang.com/
Logger:2020-03-16 01:07:27.882013 https://jiananyujinlongwan.fang.com/
Logger:2020-03-16 01:07:28.428799 https://jinhuwan0750.fang.com/
Logger:2020-03-16 01:07:28.684716 https://didouwenquanshanzhuangjy.fang.com/
Logger:2020-03-16 01:07:28.934165 https://xiangjiangfeicuiwan.fang.com/
Logger:2020-03-16 01:07:29.231348 https://mingmenshijiahuayuan0750.fang.com/
Logger:2020-03-16 01:07:29.465421 https://tianyuchengtn.fang.com/
Logger:2020-03-16 01:07:29.730853 https://yangguangxincheng0750.fang.com/
Logger:2020-03-16 01:07:33.709541 https://enping.newhouse.fang.com/house/s/b92/
Logger:2020-03-16 01:07:36.100769 https://jiurongtairc.fang.com/
Logger:2020-03-16 01:07:36.350833 https://zhuoyueyipinfh.fang.com/
Logger:2020-03-16 01:07:36.606953 https://xingfuyucheng.fang.com/
Logger:2020-03-16 01:07:36.872515 https://dongchengyinwanhy.fang.com/
Logger:2020-03-16 01:07:37.123213 https://yuexianghuatily0750.fang.com/
Logger:2020-03-16 01:07:37.372396 https://huaqiaocheng0750.fang.com/
Logger:2020-03-16 01:07:43.962896 https://guoyangshanyuyajing.fang.com/
Logger:2020-03-16 01:07:49.241513 https://epjinxiujiayuan.fang.com/
Logger:2020-03-16 01:07:49.522002 https://epjunhuishangcheng.fang.com/
Logger:2020-03-16 01:07:52.729808 https://xinghewanpan.fang.com/
Logger:2020-03-16 01:07:52.964528 https://luolaxiaozhenly.fang.com/
Logger:2020-03-16 01:07:53.198524 https://haifenghaoting.fang.com/
Logger:2020-03-16 01:07:53.464744 https://enpingshanquanwanpan.fang.com/
Logger:2020-03-16 01:07:53.713983 https://epjinjianghuacheng.fang.com/
Logger:2020-03-16 01:07:58.291542 https://enping.newhouse.fang.com/house/s/b93/
Logger:2020-03-16 01:08:01.749216 https://enping.newhouse.fang.com/house/s/b94/
Logger:2020-03-16 01:08:05.513976 https://enping.newhouse.fang.com/house/s/b95/
