Logger:2020-03-16 11:15:45.368183 https://enshi.newhouse.fang.com/house/s/b91/
Logger:2020-03-16 11:15:48.726553 https://jszxyrw.fang.com/
Logger:2020-03-16 11:15:48.976038 https://zhongliangguobinyihao.fang.com/
Logger:2020-03-16 11:15:49.251989 https://lcfyhf.fang.com/
Logger:2020-03-16 11:15:49.540677 https://lcqytd.fang.com/
Logger:2020-03-16 11:15:49.873201 https://enshixiyue.fang.com/
Logger:2020-03-16 11:15:50.140844 https://hdylt0718.fang.com/
Logger:2020-03-16 11:15:50.406705 https://xiangliankangjiancheng.fang.com/
Logger:2020-03-16 11:15:50.839427 https://qingjiangxincheng.fang.com/
Logger:2020-03-16 11:15:51.175065 https://bgyjpht.fang.com/
Logger:2020-03-16 11:15:53.060287 https://hongxingyjzy.fang.com/
Logger:2020-03-16 11:15:55.249963 https://longfengshengtc.fang.com/
Logger:2020-03-16 11:15:55.546117 https://huayucheng0718.fang.com/
Logger:2020-03-16 11:15:55.901512 https://shoufuyipin.fang.com/
Logger:2020-03-16 11:15:56.182805 https://gyhtw.fang.com/
Logger:2020-03-16 11:15:56.468371 https://bdbgy0718.fang.com/
Logger:2020-03-16 11:15:56.755028 https://esbgyty.fang.com/
Logger:2020-03-16 11:15:57.042551 https://ylchxx.fang.com/
Logger:2020-03-16 11:15:57.311337 https://esbgy2.fang.com/
Logger:2020-03-16 11:15:57.577499 https://mengchaoxiaozhen.fang.com/
Logger:2020-03-16 11:15:57.839331 https://dongfangjunyuan0718.fang.com/
Logger:2020-03-16 11:16:01.817357 https://enshi.newhouse.fang.com/house/s/b92/
Logger:2020-03-16 11:16:02.102019 https://bgyybf.fang.com/
Logger:2020-03-16 11:16:02.371529 https://wjzgc.fang.com/
Logger:2020-03-16 11:16:04.125122 https://esasbyf.fang.com/
Logger:2020-03-16 11:16:04.544144 https://tjshizhoufuyuan.fang.com/
Logger:2020-03-16 11:16:04.824554 https://bgycyf.fang.com/
Logger:2020-03-16 11:16:05.062630 https://jqpuyudaojs.fang.com/
Logger:2020-03-16 11:16:05.342851 https://gongyuanli0718.fang.com/
Logger:2020-03-16 11:16:05.735476 https://esfyzj.fang.com/
Logger:2020-03-16 11:16:06.041504 https://guangyinfeicuicheng.fang.com/
Logger:2020-03-16 11:16:06.328249 https://lichuantianzongcheng.fang.com/
Logger:2020-03-16 11:16:06.599413 https://dongfangmingdu0718.fang.com/
Logger:2020-03-16 11:16:06.946646 https://beimeihuadu.fang.com/
Logger:2020-03-16 11:16:07.233487 https://lijingliangdu.fang.com/
Logger:2020-03-16 11:16:07.516193 https://moxiangyuan0718.fang.com/
Logger:2020-03-16 11:16:07.831326 https://fuxingcheng0718.fang.com/
Logger:2020-03-16 11:16:08.118266 https://lcfhwyq.fang.com/
Logger:2020-03-16 11:16:08.412159 https://esxfyj.fang.com/
Logger:2020-03-16 11:16:08.693636 https://jtftw.fang.com/
Logger:2020-03-16 11:16:08.959328 https://shuxiangjiayuan0718.fang.com/
Logger:2020-03-16 11:16:10.640965 https://qianlong1hao.fang.com/2/
Logger:2020-03-16 11:16:14.655842 https://enshi.newhouse.fang.com/house/s/b93/
Logger:2020-03-16 11:16:14.889931 https://lfbgyldyj.fang.com/
Logger:2020-03-16 11:16:17.032346 https://xffthy.fang.com/
Logger:2020-03-16 11:16:17.330724 https://mgkj.fang.com/
Logger:2020-03-16 11:16:17.622052 https://lcjygj.fang.com/
Logger:2020-03-16 11:16:17.949458 https://yuerongwang.fang.com/
Logger:2020-03-16 11:16:18.265936 https://xinhualixiangc.fang.com/
Logger:2020-03-16 11:16:18.540301 https://jiuzunshangyuan.fang.com/
Logger:2020-03-16 11:16:18.859678 https://dswlcs.fang.com/
Logger:2020-03-16 11:16:19.143275 https://esjlf.fang.com/
Logger:2020-03-16 11:16:19.427150 https://lclcxg.fang.com/
Logger:2020-03-16 11:16:19.696198 https://jianguodonganmatou.fang.com/
Logger:2020-03-16 11:16:21.921733 https://jsyhxz.fang.com/
Logger:2020-03-16 11:16:22.205820 https://sfsd0718.fang.com/
Logger:2020-03-16 11:16:22.440103 https://heruncheng.fang.com/
Logger:2020-03-16 11:16:22.712028 https://lianhuajindu.fang.com/
Logger:2020-03-16 11:16:22.963658 https://eszhuangyuanfu.fang.com/
Logger:2020-03-16 11:16:25.819552 https://wfgpf.fang.com/
Logger:2020-03-16 11:16:26.113028 https://jsjcyh.fang.com/
Logger:2020-03-16 11:16:28.500141 https://xfgfsf.fang.com/
Logger:2020-03-16 11:16:28.786518 https://xflxc.fang.com/
Logger:2020-03-16 11:16:33.399555 https://enshi.newhouse.fang.com/house/s/b94/
Logger:2020-03-16 11:16:35.111932 https://zythy.fang.com/
Logger:2020-03-16 11:16:35.352187 https://hfsxhf.fang.com/
Logger:2020-03-16 11:16:35.600837 https://tlysw.fang.com/
Logger:2020-03-16 11:16:35.902791 https://nvercheng.fang.com/
Logger:2020-03-16 11:16:38.015846 https://baiyangrenju.fang.com/
Logger:2020-03-16 11:16:38.268507 https://tlxdh.fang.com/
Logger:2020-03-16 11:16:38.552927 https://esassjc.fang.com/
Logger:2020-03-16 11:16:38.834508 https://jsjyht.fang.com/
Logger:2020-03-16 11:16:39.139411 https://lcbgyxy.fang.com/
Logger:2020-03-16 11:16:39.393375 https://jinlongfujun.fang.com/
Logger:2020-03-16 11:16:39.701346 https://lcbgylx.fang.com/
Logger:2020-03-16 11:16:39.965973 https://biguiyuanjqj.fang.com/
Logger:2020-03-16 11:16:40.253671 https://shenghejingyuan.fang.com/
Logger:2020-03-16 11:16:40.553446 https://zhonglingjhy.fang.com/
Logger:2020-03-16 11:16:40.825677 https://xexjdcszx.fang.com/
Logger:2020-03-16 11:16:43.118430 https://jtyqw.fang.com/
Logger:2020-03-16 11:16:43.404818 https://yilishidai.fang.com/
Logger:2020-03-16 11:16:45.202748 https://xfdfc.fang.com/
Logger:2020-03-16 11:16:45.484137 https://lcsjyg.fang.com/
Logger:2020-03-16 11:16:45.900005 https://lczdgc.fang.com/
Logger:2020-03-16 11:16:49.560526 https://enshi.newhouse.fang.com/house/s/b95/
Logger:2020-03-16 11:16:49.811579 https://mjdfy.fang.com/
Logger:2020-03-16 11:16:50.071594 https://lcnbhy.fang.com/
Logger:2020-03-16 11:16:50.336630 https://lcxtd0718.fang.com/
Logger:2020-03-16 11:16:50.573993 https://binjiangyihao2.fang.com/
Logger:2020-03-16 11:16:50.907896 https://lclch.fang.com/
Logger:2020-03-16 11:16:51.177348 https://gjzbgc.fang.com/
Logger:2020-03-16 11:16:51.479785 https://qjxchjsdgc.fang.com/
Logger:2020-03-16 11:16:51.780016 https://lfhlc.fang.com/
Logger:2020-03-16 11:16:55.729666 https://hengjiaxiandaic.fang.com/
Logger:2020-03-16 11:16:56.015913 https://qingjiangxinchengjinxiuxiangjiang.fang.com/
Logger:2020-03-16 11:16:58.031525 https://esyiyuan0718.fang.com/
Logger:2020-03-16 11:16:58.299996 https://xfzzxc.fang.com/
Logger:2020-03-16 11:16:58.617655 https://hsglgj.fang.com/
Logger:2020-03-16 11:17:00.948099 https://enshi.newhouse.fang.com/house/2622155412.htm
Logger:2020-03-16 11:17:01.197738 https://nanshanxiaozhen0718.fang.com/
Logger:2020-03-16 11:17:01.492960 https://jsygsdht.fang.com/
Logger:2020-03-16 11:17:01.769778 https://lcyygz.fang.com/
Logger:2020-03-16 11:17:03.596213 https://xinminglongfengshoufu.fang.com/
Logger:2020-03-16 11:17:03.883105 https://chiguxiaozhen.fang.com/
Logger:2020-03-16 11:17:04.166929 https://yuexilongcheng.fang.com/
Logger:2020-03-16 11:17:07.880453 https://enshi.newhouse.fang.com/house/s/b96/
Logger:2020-03-16 11:17:08.132121 https://enshangxinghuigc.fang.com/
Logger:2020-03-16 11:17:08.428971 https://mingrenjiayuanlf.fang.com/
Logger:2020-03-16 11:17:08.691818 https://jsjxqc.fang.com/
Logger:2020-03-16 11:17:11.510763 https://lclcyz.fang.com/
Logger:2020-03-16 11:17:11.826898 https://lfzhsyhy.fang.com/
Logger:2020-03-16 11:17:12.129276 https://lcnmcaksgy.fang.com/
Logger:2020-03-16 11:17:12.413194 https://xhyjgg.fang.com/
Logger:2020-03-16 11:17:15.361114 https://shinanxuanfu.fang.com/
Logger:2020-03-16 11:17:15.712799 https://lfjhrc.fang.com/
Logger:2020-03-16 11:17:16.031945 https://lfzxsygc.fang.com/
Logger:2020-03-16 11:17:16.317158 https://zzghzy.fang.com/
Logger:2020-03-16 11:17:16.597762 https://ztyjyh.fang.com/
Logger:2020-03-16 11:17:16.921862 https://enshixiyuan2.fang.com/2/
Logger:2020-03-16 11:17:17.187751 https://haiyuweilaicheng.fang.com/
Logger:2020-03-16 11:17:17.464302 https://esjsyh.fang.com/
Logger:2020-03-16 11:17:17.747653 https://ldysg.fang.com/
Logger:2020-03-16 11:17:18.077249 https://dadixinju.fang.com/
Logger:2020-03-16 11:17:18.391184 https://lcldgj.fang.com/
Logger:2020-03-16 11:17:18.631953 https://longchuandiaogongyuan.fang.com/
Logger:2020-03-16 11:17:20.453263 https://yzxygc.fang.com/
Logger:2020-03-16 11:17:24.277905 https://enshi.newhouse.fang.com/house/s/b97/
Logger:2020-03-16 11:17:24.610709 https://enshiguojimpc.fang.com/
Logger:2020-03-16 11:17:24.889239 https://huaxigu0718.fang.com/
Logger:2020-03-16 11:17:25.163405 https://sdjjshgc.fang.com/
Logger:2020-03-16 11:17:26.715313 https://enshi.newhouse.fang.com/house/2623089408.htm
Logger:2020-03-16 11:17:27.033503 https://qianlong1haolf.fang.com/
Logger:2020-03-16 11:17:27.306269 https://shidaijinjie.fang.com/
Logger:2020-03-16 11:17:29.401657 https://otzydj.fang.com/
Logger:2020-03-16 11:17:29.668384 https://esgjfzc.fang.com/
Logger:2020-03-16 11:17:29.937975 https://lcsddjgy.fang.com/
Logger:2020-03-16 11:17:30.237659 https://fengbeirenjia.fang.com/
Logger:2020-03-16 11:17:30.491829 https://xiyuan0718.fang.com/
Logger:2020-03-16 11:17:30.952387 https://yijintiancheng.fang.com/2/
Logger:2020-03-16 11:17:31.205643 https://wlgjzsc.fang.com/
Logger:2020-03-16 11:17:31.538401 https://zhongyehuitonggc.fang.com/
Logger:2020-03-16 11:17:32.981514 https://enshi.newhouse.fang.com/house/2622155416.htm
Logger:2020-03-16 11:17:33.235411 https://enyunhmczxsppfsc.fang.com/
Logger:2020-03-16 11:17:34.941919 https://enshi.newhouse.fang.com/house/2622155414.htm
Logger:2020-03-16 11:17:35.235279 https://fxncpjyzx.fang.com/
Logger:2020-03-16 11:17:35.489121 https://yinhedasha07182.fang.com/
Logger:2020-03-16 11:17:39.119866 https://enshi.newhouse.fang.com/house/s/b98/
Logger:2020-03-16 11:17:42.706702 https://enshi.newhouse.fang.com/house/s/b99/
Logger:2020-03-16 11:17:46.276403 https://enshi.newhouse.fang.com/house/s/b910/
