Logger:2020-03-16 16:47:27.185580 https://erds.newhouse.fang.com/house/s/b91/
Logger:2020-03-16 16:47:27.523797 https://aotuguangchang.fang.com/
Logger:2020-03-16 16:47:27.868136 https://juntaihuafu.fang.com/
Logger:2020-03-16 16:47:28.215687 https://wenlanyazhu.fang.com/
Logger:2020-03-16 16:47:28.590685 https://dongfangniunadiguandi.fang.com/
Logger:2020-03-16 16:47:28.984662 https://hengyuanchenjingyuan.fang.com/
Logger:2020-03-16 16:47:29.318210 https://tianjiaohuayuan.fang.com/
Logger:2020-03-16 16:47:29.637998 https://sanjiangzunyuan0477.fang.com/
Logger:2020-03-16 16:47:37.567106 https://wanjiahaoyuan.fang.com/
Logger:2020-03-16 16:47:37.944201 https://jinxiushanzhuang0477.fang.com/
Logger:2020-03-16 16:47:40.381092 https://yilicheng.fang.com/
Logger:2020-03-16 16:47:40.737139 https://eerduosijinyuhaoting.fang.com/
Logger:2020-03-16 16:47:43.670345 https://tiandimeishu.fang.com/
Logger:2020-03-16 16:47:44.026998 https://damengkaide.fang.com/
Logger:2020-03-16 16:47:45.194973 https://dongkaiwanhong.fang.com/
Logger:2020-03-16 16:47:45.521102 https://eerduosizhongxinshangwuguangcxhang.fang.com/
Logger:2020-03-16 16:47:45.823985 https://jinrongguangchangwb.fang.com/
Logger:2020-03-16 16:47:46.287366 https://yintaiguoji0477.fang.com/shop/
Logger:2020-03-16 16:47:46.583597 https://tianyuguoji.fang.com/
Logger:2020-03-16 16:47:47.491724 https://guangyaguangchang.fang.com/
Logger:2020-03-16 16:47:49.494764 https://shuiangongguanth.fang.com/
Logger:2020-03-16 16:47:54.058943 https://erds.newhouse.fang.com/house/s/b92/
Logger:2020-03-16 16:47:54.437966 https://manshiguangchang.fang.com/
Logger:2020-03-16 16:47:57.271960 https://eerduosiguojishangmaocheng.fang.com/
Logger:2020-03-16 16:47:57.615626 https://eedszxswgc.fang.com/
Logger:2020-03-16 16:48:02.024584 https://shidaiguangchang0477.fang.com/
Logger:2020-03-16 16:48:02.383666 https://yintaiguoji0477.fang.com/office/
Logger:2020-03-16 16:48:02.725723 https://futianguojidasha.fang.com/office/
Logger:2020-03-16 16:48:03.040882 https://shiboguangchangjx.fang.com/
Logger:2020-03-16 16:48:15.319302 https://guangchangeeds.fang.com/office/
Logger:2020-03-16 16:48:15.679929 https://shidaiguangchangwr.fang.com/
Logger:2020-03-16 16:48:18.519375 https://guojishangmaocheng0477.fang.com/
Logger:2020-03-16 16:48:18.846488 https://zhinengdashajd.fang.com/
Logger:2020-03-16 16:48:23.278175 https://xwsdgchqxlh.fang.com/
Logger:2020-03-16 16:48:27.681302 https://erds.newhouse.fang.com/house/s/b93/
Logger:2020-03-16 16:48:31.493634 https://erds.newhouse.fang.com/house/s/b94/
Logger:2020-03-16 16:48:35.062569 https://erds.newhouse.fang.com/house/s/b95/
