Logger:2020-03-16 11:20:57.094121 https://ezhou.newhouse.fang.com/house/s/b91/
Logger:2020-03-16 11:20:57.364959 https://190036.fang.com/
Logger:2020-03-16 11:20:57.656979 https://jinxiuxiangjiangwh.fang.com/
Logger:2020-03-16 11:20:57.987378 https://guangguxindu0711.fang.com/
Logger:2020-03-16 11:20:58.272376 https://190082.fang.com/
Logger:2020-03-16 11:20:58.604839 https://469862.fang.com/
Logger:2020-03-16 11:20:58.883821 https://bgyhjsd0711.fang.com/
Logger:2020-03-16 11:20:59.201019 https://hangtianshoufu0711.fang.com/
Logger:2020-03-16 11:20:59.477290 https://000036.fang.com/
Logger:2020-03-16 11:20:59.755471 https://yinhailongcheng.fang.com/
Logger:2020-03-16 11:21:01.473783 https://zhongliangyihaoyuan0711.fang.com/
Logger:2020-03-16 11:21:01.764275 https://hyfhc0711.fang.com/
Logger:2020-03-16 11:21:05.866688 https://hongfengjiayuan0711.fang.com/
Logger:2020-03-16 11:21:06.138937 https://190076.fang.com/
Logger:2020-03-16 11:21:06.407114 https://zilingdongan.fang.com/
Logger:2020-03-16 11:21:06.718660 https://xingchenwan.fang.com/
Logger:2020-03-16 11:21:06.946807 https://190068.fang.com/
Logger:2020-03-16 11:21:08.947394 https://bgyjrbd0711.fang.com/
Logger:2020-03-16 11:21:09.235585 https://190044.fang.com/
Logger:2020-03-16 11:21:10.152270 https://changjiangguojihy.fang.com/
Logger:2020-03-16 11:21:10.534710 https://wuduyangguang.fang.com/
Logger:2020-03-16 11:21:14.378188 https://ezhou.newhouse.fang.com/house/s/b92/
Logger:2020-03-16 11:21:16.301494 https://caifuguangchang0711.fang.com/
Logger:2020-03-16 11:21:16.566621 https://190074.fang.com/
Logger:2020-03-16 11:21:16.900053 https://zhongjianzhuangyuanfu0711.fang.com/
Logger:2020-03-16 11:21:17.169613 https://zhulinguangchang0711.fang.com/
Logger:2020-03-16 11:21:21.328208 https://wysdgc.fang.com/
Logger:2020-03-16 11:21:23.405362 https://hwcsgc0711.fang.com/
Logger:2020-03-16 11:21:25.499820 https://binhumingzhu0711.fang.com/
Logger:2020-03-16 11:21:25.793771 https://190102.fang.com/
Logger:2020-03-16 11:21:28.098101 https://190046.fang.com/
Logger:2020-03-16 11:21:28.394787 https://wankewucaicheng0711.fang.com/
Logger:2020-03-16 11:21:28.721113 https://fextd0711.fang.com/
Logger:2020-03-16 11:21:30.890054 https://190072.fang.com/
Logger:2020-03-16 11:21:32.904459 https://shidaizhishang.fang.com/
Logger:2020-03-16 11:21:34.980177 https://190078.fang.com/
Logger:2020-03-16 11:21:35.568941 https://qinghuayuan0711.fang.com/
Logger:2020-03-16 11:21:35.867067 https://chihengzhicheng.fang.com/2/
Logger:2020-03-16 11:21:38.239589 https://xinyuanyangguangjingcheng.fang.com/
Logger:2020-03-16 11:21:38.494657 https://190060.fang.com/
Logger:2020-03-16 11:21:38.862156 https://anzhitinglan0711.fang.com/
Logger:2020-03-16 11:21:39.130102 https://yangpumingzhu.fang.com/
Logger:2020-03-16 11:21:42.752292 https://ezhou.newhouse.fang.com/house/s/b93/
Logger:2020-03-16 11:21:44.717609 https://190100.fang.com/
Logger:2020-03-16 11:21:45.004571 https://190058.fang.com/
Logger:2020-03-16 11:21:45.321578 https://fulijinxiyuecheng.fang.com/
Logger:2020-03-16 11:21:45.655362 https://taoyuanju0711.fang.com/
Logger:2020-03-16 11:21:45.923160 https://mingmenshijia0711.fang.com/
Logger:2020-03-16 11:21:46.179725 https://jinzhouxingcheng0711.fang.com/
Logger:2020-03-16 11:21:46.514390 https://928174.fang.com/
Logger:2020-03-16 11:21:46.756204 https://190064.fang.com/
Logger:2020-03-16 11:21:48.510492 https://guchengmingzhuya.fang.com/
Logger:2020-03-16 11:21:48.826934 https://kqlxw0711.fang.com/
Logger:2020-03-16 11:21:49.142709 https://ylhyh0711.fang.com/2/
Logger:2020-03-16 11:21:49.446911 https://190070.fang.com/
Logger:2020-03-16 11:21:49.697285 https://wankecheng0711.fang.com/
Logger:2020-03-16 11:21:49.964935 https://sslcxy0711.fang.com/
Logger:2020-03-16 11:21:52.006821 https://xinchengmingzhu0711.fang.com/
Logger:2020-03-16 11:21:52.286214 https://zhonghechengchengshizhiguang.fang.com/
Logger:2020-03-16 11:21:52.508196 https://873114.fang.com/
Logger:2020-03-16 11:21:54.664604 https://wudouguangchang.fang.com/
Logger:2020-03-16 11:21:54.914781 https://hangyuxianggelila.fang.com/
Logger:2020-03-16 11:21:55.232029 https://059526.fang.com/
Logger:2020-03-16 11:21:58.876835 https://ezhou.newhouse.fang.com/house/s/b94/
Logger:2020-03-16 11:21:59.151001 https://txsmqh0711.fang.com/
Logger:2020-03-16 11:21:59.422051 https://tianlongguoji.fang.com/
Logger:2020-03-16 11:21:59.737499 https://918116.fang.com/
Logger:2020-03-16 11:22:01.921344 https://ezhou.newhouse.fang.com/house/2618096942.htm
Logger:2020-03-16 11:22:02.179556 https://190080.fang.com/
Logger:2020-03-16 11:22:02.431751 https://longtingshoufu.fang.com/
Logger:2020-03-16 11:22:02.703600 https://zhonghouxinyuan.fang.com/
Logger:2020-03-16 11:22:02.987939 https://aohaishuianxingcheng.fang.com/
Logger:2020-03-16 11:22:03.260631 https://ranmengyuan.fang.com/
Logger:2020-03-16 11:22:03.558620 https://190048.fang.com/
Logger:2020-03-16 11:22:03.861799 https://xinjilichivilla0711.fang.com/
Logger:2020-03-16 11:22:04.158792 https://045016.fang.com/
Logger:2020-03-16 11:22:04.878639 https://dongfangmingju0711.fang.com/
Logger:2020-03-16 11:22:05.159579 https://921750.fang.com/
Logger:2020-03-16 11:22:05.427754 https://lianhuayayuan0711.fang.com/
Logger:2020-03-16 11:22:05.763441 https://xinshamingju0711.fang.com/
Logger:2020-03-16 11:22:07.191172 https://ezhou.newhouse.fang.com/house/2617190086.htm
Logger:2020-03-16 11:22:07.477284 https://833382.fang.com/
Logger:2020-03-16 11:22:07.735962 https://changjiang100.fang.com/
Logger:2020-03-16 11:22:08.031556 https://xinchenghuijun.fang.com/
Logger:2020-03-16 11:22:12.077381 https://ezhou.newhouse.fang.com/house/s/b95/
Logger:2020-03-16 11:22:12.343321 https://190062.fang.com/
Logger:2020-03-16 11:22:12.611215 https://yixinyuan0711.fang.com/
Logger:2020-03-16 11:22:12.947402 https://npgjgc.fang.com/
Logger:2020-03-16 11:22:13.216625 https://gulouyinzuo.fang.com/
Logger:2020-03-16 11:22:13.487070 https://shuxiangmancheng.fang.com/
Logger:2020-03-16 11:22:13.744065 https://zhongtiandasha0711.fang.com/
Logger:2020-03-16 11:22:14.059717 https://975742.fang.com/
Logger:2020-03-16 11:22:14.393199 https://xinkouanshangyejie.fang.com/
Logger:2020-03-16 11:22:14.705108 https://190050.fang.com/
Logger:2020-03-16 11:22:15.007000 https://yongfujiayuan0711.fang.com/
Logger:2020-03-16 11:22:15.280024 https://zhihuicheng0711.fang.com/
Logger:2020-03-16 11:22:15.609240 https://ybhqsygc.fang.com/
Logger:2020-03-16 11:22:17.842485 https://190098.fang.com/
Logger:2020-03-16 11:22:18.072636 https://yangguangcheng0711.fang.com/
Logger:2020-03-16 11:22:18.894334 https://ezhou.newhouse.fang.com/house/2618061088.htm
Logger:2020-03-16 11:22:19.210204 https://whdgjjjjcblc0711.fang.com/
Logger:2020-03-16 11:22:20.657338 https://ezhou.newhouse.fang.com/house/2618061076.htm
Logger:2020-03-16 11:22:20.943073 https://lianhuaxingfujie0711.fang.com/
Logger:2020-03-16 11:22:21.193424 https://hnpcc.fang.com/
Logger:2020-03-16 11:22:21.481981 https://chengnangushi0711.fang.com/
Logger:2020-03-16 11:22:25.078097 https://ezhou.newhouse.fang.com/house/s/b96/
Logger:2020-03-16 11:22:25.302053 https://fejfgc.fang.com/
Logger:2020-03-16 11:22:25.572231 https://rongfu0711.fang.com/
Logger:2020-03-16 11:22:25.854446 https://wuwanggongguan.fang.com/
Logger:2020-03-16 11:22:27.470976 https://yushuitiancheng0711.fang.com/
Logger:2020-03-16 11:22:31.171093 https://ezhou.newhouse.fang.com/house/s/b97/
Logger:2020-03-16 11:22:34.679329 https://ezhou.newhouse.fang.com/house/s/b98/
Logger:2020-03-16 11:22:38.142069 https://ezhou.newhouse.fang.com/house/s/b99/
