Logger:2020-03-16 01:36:20.024770 https://fangchenggang.newhouse.fang.com/house/s/b91/
Logger:2020-03-16 01:36:20.274456 https://bgyfgdh.fang.com/
Logger:2020-03-16 01:36:20.524685 https://chgyf.fang.com/
Logger:2020-03-16 01:36:20.790079 https://ztgjh0770.fang.com/
Logger:2020-03-16 01:36:21.070734 https://tnblw.fang.com/
Logger:2020-03-16 01:36:21.369049 https://fcgbgy.fang.com/
Logger:2020-03-16 01:36:21.650448 https://hydsl.fang.com/
Logger:2020-03-16 01:36:21.884762 https://shidaimingcheng0770.fang.com/
Logger:2020-03-16 01:36:24.212129 https://whgjncpllwlfwzx.fang.com/
Logger:2020-03-16 01:36:24.446448 https://diwangguojibbw.fang.com/
Logger:2020-03-16 01:36:24.709068 https://longguangyangguanghaian.fang.com/
Logger:2020-03-16 01:36:24.990794 https://yujingwanhd2.fang.com/
Logger:2020-03-16 01:36:25.287131 https://hdylw0770.fang.com/
Logger:2020-03-16 01:36:25.557157 https://sfssyz.fang.com/
Logger:2020-03-16 01:36:27.333765 https://chiruimingzhu.fang.com/
Logger:2020-03-16 01:36:27.568482 https://fcgyjbd.fang.com/
Logger:2020-03-16 01:36:27.865367 https://haiwan1hao.fang.com/
Logger:2020-03-16 01:36:29.755063 https://dmsmzxgh2.fang.com/
Logger:2020-03-16 01:36:30.004962 https://rgzsy.fang.com/
Logger:2020-03-16 01:36:30.333010 https://skshygy.fang.com/
Logger:2020-03-16 01:36:32.302006 https://chenhuayuhai.fang.com/
Logger:2020-03-16 01:36:35.599562 https://fangchenggang.newhouse.fang.com/house/s/b92/
Logger:2020-03-16 01:36:35.848845 https://ssbgy0770.fang.com/
Logger:2020-03-16 01:36:36.208073 https://tongluowan0770.fang.com/
Logger:2020-03-16 01:36:36.489865 https://bhghtt.fang.com/
Logger:2020-03-16 01:36:36.724297 https://bgybingjingfu.fang.com/
Logger:2020-03-16 01:36:36.976799 https://bldrzf.fang.com/
Logger:2020-03-16 01:36:37.258351 https://shuiyunjian0770.fang.com/
Logger:2020-03-16 01:36:38.911379 https://lghtyjw.fang.com/
Logger:2020-03-16 01:36:39.129943 [erro]&&&https://yuanyaoxinfuli.fang.com/
Logger:2020-03-16 01:36:39.192828 [erro]&&&https://fcggjhqc.fang.com/
Logger:2020-03-16 01:36:39.239825 [erro]&&&https://fusenlingfeng2.fang.com/
Logger:2020-03-16 01:36:39.301982 [erro]&&&https://guancanghai.fang.com/
Logger:2020-03-16 01:36:39.348593 [erro]&&&https://hdwhgc.fang.com/
Logger:2020-03-16 01:36:39.411484 [erro]&&&https://sitongbada0770.fang.com/
Logger:2020-03-16 01:36:39.958345 https://xwyht.fang.com/
Logger:2020-03-16 01:36:40.822967 https://shuianhaoyuan.fang.com/
Logger:2020-03-16 01:36:41.025998 [erro]&&&https://huitongzhongxingtf.fang.com/
Logger:2020-03-16 01:36:41.072916 [erro]&&&https://zongcaigongyu.fang.com/
Logger:2020-03-16 01:36:41.151570 [erro]&&&https://bishuiwan0770.fang.com/
Logger:2020-03-16 01:36:41.244738 [erro]&&&https://fanyuhuijiangxincheng.fang.com/
Logger:2020-03-16 01:36:41.322844 [erro]&&&https://changdao800l.fang.com/
Logger:2020-03-16 01:36:44.434514 https://fangchenggang.newhouse.fang.com/house/s/b93/
Logger:2020-03-16 01:36:44.700450 https://bushangtaoyuan.fang.com/
Logger:2020-03-16 01:36:44.966097 https://ruihaishangdu.fang.com/
Logger:2020-03-16 01:36:45.199910 https://hcblh.fang.com/
Logger:2020-03-16 01:36:45.481170 https://chenhuayufu.fang.com/
Logger:2020-03-16 01:36:45.793976 https://xhhyc0770.fang.com/
Logger:2020-03-16 01:36:46.044184 https://fcgjbyx.fang.com/
Logger:2020-03-16 01:36:47.700018 https://bytnhgg.fang.com/
Logger:2020-03-16 01:36:48.074232 https://bihailantiantaiwancheng.fang.com/
Logger:2020-03-16 01:36:49.361374 https://shuijingguoji0770.fang.com/
Logger:2020-03-16 01:36:49.595678 https://gaotie3hao.fang.com/
Logger:2020-03-16 01:36:49.846027 https://chytsc.fang.com/
Logger:2020-03-16 01:36:50.127462 https://fcghaiyunmingdu.fang.com/
Logger:2020-03-16 01:36:51.960821 https://rongzheguandi.fang.com/
Logger:2020-03-16 01:36:53.850692 https://dxbgy.fang.com/
Logger:2020-03-16 01:36:54.131926 https://kgxbgj.fang.com/
Logger:2020-03-16 01:36:55.710361 https://dxytf.fang.com/
Logger:2020-03-16 01:36:55.944227 https://haiyunhaoting.fang.com/
Logger:2020-03-16 01:36:56.272753 https://zhirenjiayuan.fang.com/
Logger:2020-03-16 01:36:56.538314 https://lqjxzy.fang.com/
Logger:2020-03-16 01:36:58.261419 https://xinggangmingcheng.fang.com/
Logger:2020-03-16 01:37:01.486806 https://fangchenggang.newhouse.fang.com/house/s/b94/
Logger:2020-03-16 01:37:02.735793 https://fajlxc.fang.com/
Logger:2020-03-16 01:37:04.298256 https://lanwanhupan.fang.com/
Logger:2020-03-16 01:37:04.584422 https://yblry.fang.com/
Logger:2020-03-16 01:37:07.474790 https://honglingyufu.fang.com/
Logger:2020-03-16 01:37:09.189277 https://jsgyl.fang.com/
Logger:2020-03-16 01:37:09.438972 https://tcszc.fang.com/
Logger:2020-03-16 01:37:13.975448 https://qyhbc.fang.com/
Logger:2020-03-16 01:37:14.241237 https://dxxclw.fang.com/
Logger:2020-03-16 01:37:16.818189 https://bogudonghaian.fang.com/
Logger:2020-03-16 01:37:17.193835 https://qinshuiwanhx.fang.com/
Logger:2020-03-16 01:37:17.459076 https://bihaizijincheng.fang.com/
Logger:2020-03-16 01:37:17.740095 https://mingmenxuefuch.fang.com/
Logger:2020-03-16 01:37:18.164145 https://haigangzhixing.fang.com/
Logger:2020-03-16 01:37:18.398710 https://hlfxg.fang.com/
Logger:2020-03-16 01:37:18.695055 https://pxshj.fang.com/
Logger:2020-03-16 01:37:21.309913 https://gaotie2hao.fang.com/
Logger:2020-03-16 01:37:23.492854 https://hlhjhf.fang.com/
Logger:2020-03-16 01:37:23.759116 https://xiwanshanhaihaoting.fang.com/
Logger:2020-03-16 01:37:25.179964 https://hdkac.fang.com/
Logger:2020-03-16 01:37:26.555313 https://fudelingxiu.fang.com/
Logger:2020-03-16 01:37:29.778943 https://fangchenggang.newhouse.fang.com/house/s/b95/
Logger:2020-03-16 01:37:29.997810 https://ghsmgc.fang.com/
Logger:2020-03-16 01:37:31.512726 https://dongwantaohuayuan.fang.com/
Logger:2020-03-16 01:37:32.212363 https://dingxiugangwanzm.fang.com/
Logger:2020-03-16 01:37:32.477394 https://shijiaguoji.fang.com/
Logger:2020-03-16 01:37:32.727334 https://qiyanguojidajiudian.fang.com/
Logger:2020-03-16 01:37:32.946070 https://sainazhuangyuangh.fang.com/
Logger:2020-03-16 01:37:33.243566 https://mingkaihaoting.fang.com/
Logger:2020-03-16 01:37:34.961896 https://guomenhaojing.fang.com/
Logger:2020-03-16 01:37:35.211123 https://jindishidaiguangchang0770.fang.com/
Logger:2020-03-16 01:37:35.445489 https://fcgtengfeiguangchang.fang.com/
Logger:2020-03-16 01:37:35.716925 https://haiyangzhixing0770.fang.com/
Logger:2020-03-16 01:37:39.529403 https://fangchenggang.newhouse.fang.com/house/s/b96/
Logger:2020-03-16 01:37:43.074929 https://fangchenggang.newhouse.fang.com/house/s/b97/
Logger:2020-03-16 01:37:46.580622 https://fangchenggang.newhouse.fang.com/house/s/b98/
