Logger:2020-03-16 18:48:17.914974 https://feicheng.newhouse.fang.com/house/s/b91/
Logger:2020-03-16 18:48:18.859228 https://taoduguojicheng.fang.com/
Logger:2020-03-16 18:48:19.530229 https://shanghaihuafu0538.fang.com/
Logger:2020-03-16 18:48:21.496325 https://beibumingfu.fang.com/
Logger:2020-03-16 18:48:21.993509 https://taiwanchengshiguangchang.fang.com/
Logger:2020-03-16 18:48:22.772457 https://longshanyipin0538.fang.com/
Logger:2020-03-16 18:48:23.213361 https://mingruijiayuan.fang.com/
Logger:2020-03-16 18:48:23.671137 https://yujingyuanerqi0538.fang.com/
Logger:2020-03-16 18:48:24.172307 https://chunzejinyuan.fang.com/
Logger:2020-03-16 18:48:24.779727 https://cmcsgc0538.fang.com/
Logger:2020-03-16 18:48:25.234472 https://xingfuli0538.fang.com/
Logger:2020-03-16 18:48:25.951366 https://shengshitaodu.fang.com/
Logger:2020-03-16 18:48:26.604923 https://zizhuwenyuan.fang.com/
Logger:2020-03-16 18:48:27.282114 https://guihemingdi.fang.com/
Logger:2020-03-16 18:48:28.765375 https://hanlinyuan0538.fang.com/
Logger:2020-03-16 18:48:29.089540 https://taoyuanmingjun.fang.com/
Logger:2020-03-16 18:48:31.931327 https://shanshuimingyuan0538.fang.com/
Logger:2020-03-16 18:48:33.954888 https://junyueguoji0538.fang.com/
Logger:2020-03-16 18:48:36.846401 https://shuxiangmingyuan0538.fang.com/
Logger:2020-03-16 18:48:37.189332 https://dongbumingchengyiqi.fang.com/
Logger:2020-03-16 18:48:41.613063 https://zhuoyaxianggeli.fang.com/
Logger:2020-03-16 18:48:45.698608 https://feicheng.newhouse.fang.com/house/s/b92/
Logger:2020-03-16 18:48:46.085091 https://chunqiugucheng.fang.com/
Logger:2020-03-16 18:48:46.413250 https://feichengxinxinjiayuan0538.fang.com/
Logger:2020-03-16 18:48:46.923857 https://longzejiayuan0538.fang.com/
Logger:2020-03-16 18:48:47.545551 https://zhonggaolansegangwan.fang.com/
Logger:2020-03-16 18:48:47.918550 https://daiyuefengshancheng.fang.com/
Logger:2020-03-16 18:48:48.261632 https://wanhedongyuan.fang.com/
Logger:2020-03-16 18:48:48.543877 https://zhizunguoji.fang.com/
Logger:2020-03-16 18:48:48.944880 https://zijingcheng0538.fang.com/
Logger:2020-03-16 18:48:49.294405 https://zijingchengfc.fang.com/
Logger:2020-03-16 18:48:49.608540 https://shuxiangyujing0538.fang.com/
Logger:2020-03-16 18:48:49.946261 https://yongkangzijunfufc.fang.com/
Logger:2020-03-16 18:48:50.349115 https://feichengshangchengguoji0538.fang.com/
Logger:2020-03-16 18:48:50.763008 https://yangguangfenghuangcheng.fang.com/
Logger:2020-03-16 18:48:51.109754 https://zgtsyxspstcyy.fang.com/
Logger:2020-03-16 18:48:51.613914 https://wanhehuayuan0538.fang.com/
Logger:2020-03-16 18:48:51.998949 https://guiheyuan0538.fang.com/
Logger:2020-03-16 18:48:52.381860 https://yijingyuan0538.fang.com/
Logger:2020-03-16 18:48:52.937165 https://kangchenglidu.fang.com/
Logger:2020-03-16 18:48:53.545844 https://runhelingshiyiju0538.fang.com/
Logger:2020-03-16 18:48:53.882009 https://yintailonggongyu.fang.com/
Logger:2020-03-16 18:48:57.266032 https://feicheng.newhouse.fang.com/house/s/b93/
Logger:2020-03-16 18:48:57.558911 https://rundongxintiandi.fang.com/
Logger:2020-03-16 18:48:59.360450 https://wanlianguoji.fang.com/
Logger:2020-03-16 18:48:59.716186 https://xinyuejiayuan0538.fang.com/
Logger:2020-03-16 18:49:03.551418 https://runfengjiayuan0538.fang.com/
Logger:2020-03-16 18:49:03.875628 https://honganjiayuan0538.fang.com/
Logger:2020-03-16 18:49:04.181129 https://jiananxinliuhao.fang.com/
Logger:2020-03-16 18:49:04.493375 https://xinyueshijia0538.fang.com/
Logger:2020-03-16 18:49:05.877763 https://feichengxinyueyuan.fang.com/
Logger:2020-03-16 18:49:09.462906 https://feicheng.newhouse.fang.com/house/s/b94/
Logger:2020-03-16 18:49:13.274899 https://feicheng.newhouse.fang.com/house/s/b95/
Logger:2020-03-16 18:49:16.776272 https://feicheng.newhouse.fang.com/house/s/b96/
