Logger:2020-03-15 22:11:37.568600 https://feidong.newhouse.fang.com/house/s/b91/
Logger:2020-03-15 22:11:37.856871 https://ziyuetaihr.fang.com/
Logger:2020-03-15 22:11:38.351538 https://wuyueguangchangxc0551.fang.com/
Logger:2020-03-15 22:11:38.821313 https://wanheyunjinyy.fang.com/
Logger:2020-03-15 22:11:39.187285 https://longyuchenglh0551.fang.com/
Logger:2020-03-15 22:11:39.569315 https://jinxiuhuayuan0551.fang.com/
Logger:2020-03-15 22:11:40.053986 https://qianchengtianyuefulg.fang.com/
Logger:2020-03-15 22:11:40.650398 https://weilaizhiguangwk.fang.com/
Logger:2020-03-15 22:11:41.168028 https://zhonghaicheng0551.fang.com/
Logger:2020-03-15 22:11:45.626847 https://luyuefengjingyy.fang.com/
Logger:2020-03-15 22:11:48.087492 https://bojinzhongxinwy.fang.com/
Logger:2020-03-15 22:11:48.469128 https://jinhuiyoubudadao0551.fang.com/
Logger:2020-03-15 22:11:48.823180 https://shuxiangfudi0551.fang.com/
Logger:2020-03-15 22:11:49.299908 https://dongfangyuefu0551.fang.com/
Logger:2020-03-15 22:11:49.736445 https://qiruidongjunsz.fang.com/
Logger:2020-03-15 22:11:50.086508 https://shilichunfengbgyxc.fang.com/
Logger:2020-03-15 22:11:50.588209 https://shangdongjinzuo.fang.com/
Logger:2020-03-15 22:11:51.033728 https://gongyuanliwd.fang.com/
Logger:2020-03-15 22:11:51.440237 https://fdwykxgg.fang.com/
Logger:2020-03-15 22:11:51.784320 https://huashenghemufu.fang.com/
Logger:2020-03-15 22:11:52.151334 https://binfengdangdaifumoma.fang.com/
Logger:2020-03-15 22:11:55.599854 https://feidong.newhouse.fang.com/house/s/b92/
Logger:2020-03-15 22:11:56.070719 https://binfengdangdaifumoma.fang.com/
Logger:2020-03-15 22:11:56.422712 https://feidonghupomingjun.fang.com/
Logger:2020-03-15 22:11:58.843074 https://feidong.newhouse.fang.com/house/2130202804.htm
Logger:2020-03-15 22:12:01.710934 https://feidongbfgd.fang.com/
Logger:2020-03-15 22:12:02.066982 https://feicuizhuangyuanwx.fang.com/
Logger:2020-03-15 22:12:02.482908 https://huashengnanyuan.fang.com/
Logger:2020-03-15 22:12:02.957551 https://jinkejimeitianchen0551.fang.com/
Logger:2020-03-15 22:12:03.299141 https://fdjymysa.fang.com/
Logger:2020-03-15 22:12:03.634213 https://fdbhyxq.fang.com/
Logger:2020-03-15 22:12:04.111450 https://dayunchenghs.fang.com/
Logger:2020-03-15 22:12:08.749381 https://meihaoshangyuan.fang.com/
Logger:2020-03-15 22:12:09.131308 https://yunyueguantangxc.fang.com/
Logger:2020-03-15 22:12:09.516281 https://duhuidaguan.fang.com/
Logger:2020-03-15 22:12:09.956142 https://fdhsdyc.fang.com/
Logger:2020-03-15 22:12:10.331143 https://feidongzygc.fang.com/
Logger:2020-03-15 22:12:10.873238 https://fdxggjgc.fang.com/
Logger:2020-03-15 22:12:11.229249 https://wenbochenghd.fang.com/
Logger:2020-03-15 22:12:11.557646 https://lanhuqianchenglg.fang.com/
Logger:2020-03-15 22:12:12.084419 https://wankehong0551.fang.com/
Logger:2020-03-15 22:12:12.481353 https://hemugongguanbf.fang.com/
Logger:2020-03-15 22:12:16.418713 https://feidong.newhouse.fang.com/house/s/b93/
Logger:2020-03-15 22:12:16.818388 https://gongyuanyihaolg0551.fang.com/
Logger:2020-03-15 22:12:17.228778 https://shidaichengbf.fang.com/
Logger:2020-03-15 22:12:17.616276 https://fdhengdalvzhou.fang.com/
Logger:2020-03-15 22:12:18.005236 https://dongchengguojiyd.fang.com/
Logger:2020-03-15 22:12:18.420126 https://dongfangyinhyxd.fang.com/
Logger:2020-03-15 22:12:18.837127 https://fdchxcdwq.fang.com/
Logger:2020-03-15 22:12:19.224605 https://fdjxhy.fang.com/
Logger:2020-03-15 22:12:19.645473 https://feidongwymd.fang.com/
Logger:2020-03-15 22:12:19.996581 https://feidongjsdd.fang.com/
Logger:2020-03-15 22:12:22.161558 https://feidong.newhouse.fang.com/house/2130285634.htm
Logger:2020-03-15 22:12:24.104473 https://feidongzkjlw.fang.com/
Logger:2020-03-15 22:12:24.413276 https://fdwymmhp.fang.com/
Logger:2020-03-15 22:12:24.791785 https://fddfzc.fang.com/
Logger:2020-03-15 22:12:26.646850 https://feidong.newhouse.fang.com/house/2130285620.htm
Logger:2020-03-15 22:12:26.967000 https://fdssxcddj.fang.com/
Logger:2020-03-15 22:12:32.278881 https://feidong.newhouse.fang.com/house/2130285622.htm
Logger:2020-03-15 22:12:32.828070 https://feidongbfyyf.fang.com/
Logger:2020-03-15 22:12:35.900236 https://fdfhc.fang.com/
Logger:2020-03-15 22:12:38.402933 https://feidong.newhouse.fang.com/house/2130202794.htm
Logger:2020-03-15 22:12:38.766949 https://feidongbinfengzhongxincheng.fang.com/
Logger:2020-03-15 22:12:42.419794 https://feidong.newhouse.fang.com/house/s/b94/
Logger:2020-03-15 22:12:42.744213 https://dfzsc.fang.com/
Logger:2020-03-15 22:12:44.859329 https://feidong.newhouse.fang.com/house/2130285624.htm
Logger:2020-03-15 22:12:46.867163 https://feidong.newhouse.fang.com/house/2130285626.htm
Logger:2020-03-15 22:12:48.856551 https://feidong.newhouse.fang.com/house/2130285628.htm
Logger:2020-03-15 22:12:49.193790 https://feidongguojiwuliuyuan.fang.com/
Logger:2020-03-15 22:12:49.518242 https://fdshcsgc.fang.com/
Logger:2020-03-15 22:12:50.894706 https://fdhdjczx.fang.com/
Logger:2020-03-15 22:12:51.359874 https://fdwbc.fang.com/
Logger:2020-03-15 22:12:51.724896 https://feidongylyj.fang.com/
Logger:2020-03-15 22:12:54.492813 https://fddcmz.fang.com/
Logger:2020-03-15 22:12:54.811972 https://dongchengmeizhu.fang.com/
Logger:2020-03-15 22:12:55.143021 https://fdhfjj.fang.com/
Logger:2020-03-15 22:12:55.575293 https://xingguangguojiguangchang.fang.com/
Logger:2020-03-15 22:12:57.396111 https://fdhsgjspc.fang.com/
Logger:2020-03-15 22:12:57.737865 https://fddfmzjy.fang.com/
Logger:2020-03-15 22:12:58.059720 https://feidongdongaojiayuan.fang.com/
Logger:2020-03-15 22:12:58.431692 https://mingmenjinyuwy.fang.com/
Logger:2020-03-15 22:12:58.812733 https://qiruigongguansz.fang.com/
Logger:2020-03-15 22:12:59.183757 https://fdhjxc.fang.com/
Logger:2020-03-15 22:12:59.525411 https://fdjlyg.fang.com/
Logger:2020-03-15 22:13:03.161749 https://feidong.newhouse.fang.com/house/s/b95/
Logger:2020-03-15 22:13:09.106570 https://feidong.newhouse.fang.com/house/s/b96/
Logger:2020-03-15 22:13:12.654081 https://feidong.newhouse.fang.com/house/s/b97/
