Logger:2020-03-15 22:09:15.652085 https://feixi.newhouse.fang.com/house/s/b91/
Logger:2020-03-15 22:09:15.909364 https://huashijiedanguiwanxy.fang.com/
Logger:2020-03-15 22:09:16.310291 https://feicuizhengrongfu.fang.com/
Logger:2020-03-15 22:09:16.853306 https://mingmensenlinyuwy.fang.com/
Logger:2020-03-15 22:09:17.238270 https://hfhnc1668hsl.fang.com/
Logger:2020-03-15 22:09:17.542456 https://jinhuizhongliangyoubuxuefu.fang.com/
Logger:2020-03-15 22:09:17.921443 https://zhonghailinghuwan.fang.com/
Logger:2020-03-15 22:09:18.371657 https://xuhuifeicuijianglai.fang.com/
Logger:2020-03-15 22:09:18.755140 https://hfhncjpsc.fang.com/
Logger:2020-03-15 22:09:19.030918 https://zhidibaiyuewan.fang.com/
Logger:2020-03-15 22:09:19.376500 https://shidaiyufugs.fang.com/
Logger:2020-03-15 22:09:19.853225 https://hupoyubinfucj.fang.com/
Logger:2020-03-15 22:09:20.234760 https://zipengwanwz.fang.com/
Logger:2020-03-15 22:09:20.727921 https://guanlanxuefu0551.fang.com/
Logger:2020-03-15 22:09:21.270040 https://wantouguobinshijia.fang.com/
Logger:2020-03-15 22:09:21.607110 https://feixi.newhouse.fang.com/house/2128196694.htm
Logger:2020-03-15 22:09:21.950750 https://huadifeicuigongyuan.fang.com/
Logger:2020-03-15 22:09:22.378325 https://huabangwanpaicheng0551.fang.com/
Logger:2020-03-15 22:09:24.040422 https://ruitaihanlinshuian.fang.com/
Logger:2020-03-15 22:09:24.428912 https://yuzhoutianxi0551.fang.com/
Logger:2020-03-15 22:09:24.770000 https://guanlantianxia0551.fang.com/
Logger:2020-03-15 22:09:28.186737 https://feixi.newhouse.fang.com/house/s/b92/
Logger:2020-03-15 22:09:30.935754 https://huananchengzijingmingdu.fang.com/
Logger:2020-03-15 22:09:31.278189 https://zhongjieshuijingcheng.fang.com/
Logger:2020-03-15 22:09:31.668371 https://boyugongguanlf.fang.com/
Logger:2020-03-15 22:09:32.150078 https://jiulongshoufuxh.fang.com/
Logger:2020-03-15 22:09:32.511113 https://wanruilinshancuiyu.fang.com/
Logger:2020-03-15 22:09:32.898180 https://huashanggongguan.fang.com/
Logger:2020-03-15 22:09:33.294069 https://zhongyangyuefuhc.fang.com/
Logger:2020-03-15 22:09:33.774783 https://ludihaidegongguanxiangmu.fang.com/
Logger:2020-03-15 22:09:35.601117 https://guangmingguanlanyinxiang.fang.com/
Logger:2020-03-15 22:09:35.910367 https://dingyuangongguan0551.fang.com/
Logger:2020-03-15 22:09:36.234490 https://jinyutiandicheng.fang.com/
Logger:2020-03-15 22:09:36.633406 https://ludixindouhui.fang.com/
Logger:2020-03-15 22:09:37.105778 https://anliangziyunwandujiabieshu.fang.com/
Logger:2020-03-15 22:09:37.468505 https://moenshidaihuayuan.fang.com/
Logger:2020-03-15 22:09:37.787187 https://fxshuianhaoting0551.fang.com/
Logger:2020-03-15 22:09:38.176145 https://xingfuyuanshangzhulou.fang.com/
Logger:2020-03-15 22:09:38.503270 https://xingfulianmengzijun2.fang.com/
Logger:2020-03-15 22:09:38.900208 https://guanlangongguangm.fang.com/
Logger:2020-03-15 22:09:41.823149 https://tonghetianyu.fang.com/
Logger:2020-03-15 22:09:42.220051 https://mingbangzhongyanggongguan0551.fang.com/
Logger:2020-03-15 22:09:46.084815 https://feixi.newhouse.fang.com/house/s/b93/
Logger:2020-03-15 22:09:49.402392 https://xindihuadichengfx0551.fang.com/
Logger:2020-03-15 22:09:49.717584 https://huayuegongguang0551.fang.com/
Logger:2020-03-15 22:09:50.112516 https://meihaozipengshanyihao.fang.com/
Logger:2020-03-15 22:09:50.502480 https://wanzhenzipengwan.fang.com/
Logger:2020-03-15 22:09:50.883948 https://chunjinghuayuan0551.fang.com/
Logger:2020-03-15 22:09:54.287090 https://jinbanghuangjiajinyuan.fang.com/
Logger:2020-03-15 22:09:54.849536 https://zhongguozhongbuhuamucheng.fang.com/
Logger:2020-03-15 22:09:55.168754 https://kechuanghexieshengshi.fang.com/
Logger:2020-03-15 22:09:55.517735 https://huadifeicuilanwan0551.fang.com/
Logger:2020-03-15 22:09:55.923720 https://175946.fang.com/
Logger:2020-03-15 22:09:56.285682 https://hefeixinanguojichecheng.fang.com/
Logger:2020-03-15 22:09:56.603866 https://shengshilongmen0551.fang.com/
Logger:2020-03-15 22:09:56.933935 https://shuianshengshitaoyuan.fang.com/
Logger:2020-03-15 22:09:58.317757 https://feixiguanlantianxia0551.fang.com/
Logger:2020-03-15 22:09:58.621896 https://xingfuzipengxiaozhu2.fang.com/
Logger:2020-03-15 22:09:58.983888 https://zhenrongjinshanggongguan.fang.com/
Logger:2020-03-15 22:09:59.324047 https://yongshishenghuocheng.fang.com/
Logger:2020-03-15 22:09:59.651166 https://mingliugaoerfuzhuangyuan0551.fang.com/
Logger:2020-03-15 22:09:59.952327 https://fuyuanshangcheng0551.fang.com/
Logger:2020-03-15 22:10:00.349730 https://xingzhongxinanmingzhu.fang.com/
Logger:2020-03-15 22:10:04.239258 https://feixi.newhouse.fang.com/house/s/b94/
Logger:2020-03-15 22:10:04.464591 https://xingfulianmengzijun0551.fang.com/
Logger:2020-03-15 22:10:04.797699 https://xinanhuanlecheng.fang.com/
Logger:2020-03-15 22:10:05.092941 https://xixiwanwy.fang.com/
Logger:2020-03-15 22:10:08.786211 https://feixi.newhouse.fang.com/house/s/b95/
Logger:2020-03-15 22:10:12.422380 https://feixi.newhouse.fang.com/house/s/b96/
Logger:2020-03-15 22:10:16.031282 https://feixi.newhouse.fang.com/house/s/b97/
