Logger:2020-03-17 00:53:44.910987 https://fenghua.newhouse.fang.com/house/s/b91/
Logger:2020-03-17 00:53:45.143371 https://baolongguangchangfh.fang.com/
Logger:2020-03-17 00:53:45.416634 https://daaishuyuan.fang.com/
Logger:2020-03-17 00:53:46.064943 https://yuhaitianxiahd0574.fang.com/
Logger:2020-03-17 00:53:46.350201 https://hufengyayuanby.fang.com/
Logger:2020-03-17 00:53:47.328563 https://jinmaoyuenn.fang.com/
Logger:2020-03-17 00:53:47.736472 https://tangyuefu.fang.com/
Logger:2020-03-17 00:53:48.052613 https://wanliyuanzi.fang.com/
Logger:2020-03-17 00:53:48.373772 https://huanlebinhai.fang.com/
Logger:2020-03-17 00:53:49.607451 https://xishangtaohuayuanhd.fang.com/
Logger:2020-03-17 00:53:49.927567 https://jingyuefusd.fang.com/
Logger:2020-03-17 00:53:50.178894 https://zhongyangchengzj.fang.com/
Logger:2020-03-17 00:53:50.428227 https://nanshanfurxsd.fang.com/
Logger:2020-03-17 00:53:50.682587 https://zhongnanyuefu0574.fang.com/
Logger:2020-03-17 00:53:50.996707 https://weilaifengjingliby.fang.com/
Logger:2020-03-17 00:53:51.381676 https://yunshanxinyuxslg.fang.com/
Logger:2020-03-17 00:53:51.632007 https://shilichunfeng0574.fang.com/
Logger:2020-03-17 00:53:51.956140 https://weilaishuianwk.fang.com/
Logger:2020-03-17 00:53:54.693858 https://quanxijiangsm.fang.com/
Logger:2020-03-17 00:53:54.945144 https://xuelinxintiandisdct.fang.com/
Logger:2020-03-17 00:53:55.189520 https://jiangwansijiyuan.fang.com/
Logger:2020-03-17 00:53:58.947436 https://fenghua.newhouse.fang.com/house/s/b92/
Logger:2020-03-17 00:53:59.240653 https://tinghudujiacun.fang.com/
Logger:2020-03-17 00:53:59.511968 https://nuodexuefubj.fang.com/
Logger:2020-03-17 00:53:59.808177 https://taoliyipin.fang.com/
Logger:2020-03-17 00:54:00.183172 https://124192.fang.com/
Logger:2020-03-17 00:54:07.839693 https://xiyuehushanfudf.fang.com/
Logger:2020-03-17 00:54:08.111966 https://qifengshuian.fang.com/
Logger:2020-03-17 00:54:08.419141 https://changtingyunlu.fang.com/
Logger:2020-03-17 00:54:08.943737 https://zhongchengtaozhuang.fang.com/
Logger:2020-03-17 00:54:09.335647 https://yangguanghaiwan.fang.com/
Logger:2020-03-17 00:54:09.722612 https://tengshangkaihua.fang.com/
Logger:2020-03-17 00:54:10.071678 https://shanjiangtingyuan.fang.com/
Logger:2020-03-17 00:54:10.456691 https://jinxinjiayuan0574.fang.com/
Logger:2020-03-17 00:54:10.729957 https://guiyuyingyuelc.fang.com/
Logger:2020-03-17 00:54:14.348238 https://fenghua.newhouse.fang.com/house/s/b93/
Logger:2020-03-17 00:54:17.812016 https://fenghua.newhouse.fang.com/house/s/b94/
Logger:2020-03-17 00:54:21.212918 https://fenghua.newhouse.fang.com/house/s/b95/
