Logger:2020-03-15 23:42:14.052163 https://fjax.newhouse.fang.com/house/s/b91/
Logger:2020-03-15 23:42:14.340918 https://hengdayujing0595.fang.com/
Logger:2020-03-15 23:42:14.760890 https://axlizhiyufeng.fang.com/
Logger:2020-03-15 23:42:15.099976 https://bfhc.fang.com/
Logger:2020-03-15 23:42:15.449609 https://axjinshashuian.fang.com/
Logger:2020-03-15 23:42:17.703660 https://dingshengjinling.fang.com/
Logger:2020-03-15 23:42:18.081317 https://hqxsj.fang.com/
Logger:2020-03-15 23:42:18.398427 https://axyonglongguojicheng.fang.com/
Logger:2020-03-15 23:42:18.720565 https://yunjingfuzj.fang.com/
Logger:2020-03-15 23:42:19.065679 https://axdingshengshangxuelingdi.fang.com/
Logger:2020-03-15 23:42:19.467184 https://axshengshijinyuan.fang.com/
Logger:2020-03-15 23:42:19.883852 https://axjunyuehuating.fang.com/
Logger:2020-03-15 23:42:20.232918 https://axtieguanyinshanzhuang.fang.com/
Logger:2020-03-15 23:42:20.723606 https://jiayufuyz.fang.com/
Logger:2020-03-15 23:42:21.122538 https://lianjieshanshuiyuecheng.fang.com/
Logger:2020-03-15 23:42:21.487305 https://axchabohuixuefuyihao.fang.com/
Logger:2020-03-15 23:42:21.831840 https://axyuekeyangguang.fang.com/
Logger:2020-03-15 23:42:22.176918 https://axwandaguangchang.fang.com/
Logger:2020-03-15 23:42:22.516010 https://axshibangqingshuiwan.fang.com/
Logger:2020-03-15 23:42:22.942874 https://axbl.fang.com/
Logger:2020-03-15 23:42:25.087252 https://axshijihaoting.fang.com/
Logger:2020-03-15 23:42:28.688255 https://fjax.newhouse.fang.com/house/s/b92/
Logger:2020-03-15 23:42:28.963655 https://axlongwanshengshi.fang.com/
Logger:2020-03-15 23:42:29.332646 https://axhenghewanmei.fang.com/
Logger:2020-03-15 23:42:29.768270 https://axjinxiujiayuan.fang.com/
Logger:2020-03-15 23:42:30.188632 https://axhongqiaosijigongyuan.fang.com/
Logger:2020-03-15 23:42:30.817691 https://axdexinhuayuan.fang.com/
Logger:2020-03-15 23:42:33.060948 https://xijiangyuebgy0595.fang.com/
Logger:2020-03-15 23:42:33.392107 https://longhuachengxj.fang.com/
Logger:2020-03-15 23:42:36.628925 https://axyufumingzhu.fang.com/
Logger:2020-03-15 23:42:36.964029 https://axsanyuanshangcheng.fang.com/
Logger:2020-03-15 23:42:38.866754 https://axlanxiguoji.fang.com/
Logger:2020-03-15 23:42:39.296583 https://fuguishijia2.fang.com/
Logger:2020-03-15 23:42:39.794253 https://axlonghuchuntian.fang.com/
Logger:2020-03-15 23:42:40.144371 https://xinlishuitoudibowan.fang.com/
Logger:2020-03-15 23:42:43.128301 https://axwanchengyihao.fang.com/
Logger:2020-03-15 23:42:43.461445 https://anxiwanxinglongshanshuiwan.fang.com/
Logger:2020-03-15 23:42:43.782575 https://axxuefumingcheng.fang.com/
Logger:2020-03-15 23:42:44.184141 https://axdahualvzhou.fang.com/
Logger:2020-03-15 23:42:44.499271 https://axhaixiamincheng.fang.com/
Logger:2020-03-15 23:42:44.878221 https://axhongqiaobinjiangxincheng.fang.com/
Logger:2020-03-15 23:42:45.903558 https://axjinyulongwan.fang.com/
Logger:2020-03-15 23:42:50.094897 https://fjax.newhouse.fang.com/house/s/b93/
Logger:2020-03-15 23:42:50.361222 https://axdeyuanyihaogongguan.fang.com/
Logger:2020-03-15 23:42:50.757127 https://axfujiaguangchang.fang.com/
Logger:2020-03-15 23:42:51.078330 https://axdongchenglijing.fang.com/
Logger:2020-03-15 23:42:51.402877 https://axdahuasanjianghaoyuan.fang.com/
Logger:2020-03-15 23:42:53.161056 https://axyuantaiwanchegnyihao.fang.com/
Logger:2020-03-15 23:42:53.539020 https://axlongfengducheng.fang.com/
Logger:2020-03-15 23:42:53.895058 https://axyujinhaoting.fang.com/
Logger:2020-03-15 23:42:54.314389 https://axzhongguochabohui.fang.com/
Logger:2020-03-15 23:42:55.942155 https://axhanlinyuan.fang.com/
Logger:2020-03-15 23:42:57.193163 https://axqingshuiyanwenquandujiashanzhuang.fang.com/
Logger:2020-03-15 23:42:57.580561 https://axlanximingzhu.fang.com/
Logger:2020-03-15 23:42:57.900780 https://axhuhuidasha.fang.com/
Logger:2020-03-15 23:42:58.277361 https://axfengguantianxia.fang.com/
Logger:2020-03-15 23:42:58.608984 https://axdonghuajingdian.fang.com/
Logger:2020-03-15 23:42:58.960084 https://axlongtengdasha.fang.com/
Logger:2020-03-15 23:42:59.254304 https://axlongenbohuishangcheng.fang.com/
Logger:2020-03-15 23:43:02.910190 https://fjax.newhouse.fang.com/house/s/b94/
Logger:2020-03-15 23:43:06.378205 https://fjax.newhouse.fang.com/house/s/b95/
Logger:2020-03-15 23:43:10.378306 https://fjax.newhouse.fang.com/house/s/b96/
