Logger:2020-03-15 23:36:02.997398 https://fq.newhouse.fang.com/house/s/b91/
Logger:2020-03-15 23:36:04.267998 https://hengdayufu0591.fang.com/
Logger:2020-03-15 23:36:04.646098 https://zygyhrfq.fang.com/
Logger:2020-03-15 23:36:05.081004 https://zlmc01.fang.com/
Logger:2020-03-15 23:36:07.314369 https://jinhuijiangshanyunzhu.fang.com/
Logger:2020-03-15 23:36:09.701099 https://baolijinxiangbin0591.fang.com/
Logger:2020-03-15 23:36:11.445958 https://jinhuiguanlanyunzhu.fang.com/
Logger:2020-03-15 23:36:11.919365 https://sanfulongjing2.fang.com/
Logger:2020-03-15 23:36:13.812301 https://fuqingshimaocuicanbinjiang.fang.com/
Logger:2020-03-15 23:36:14.210487 https://xuefugongguanfq.fang.com/
Logger:2020-03-15 23:36:16.244853 https://cuicantianyue.fang.com/
Logger:2020-03-15 23:36:16.835884 https://hengdachengfq.fang.com/
Logger:2020-03-15 23:36:17.186946 https://ybsyjh.fang.com/
Logger:2020-03-15 23:36:17.613982 https://mczjxfq.fang.com/
Logger:2020-03-15 23:36:17.983555 https://yrzrf.fang.com/
Logger:2020-03-15 23:36:20.183836 https://jxylw0591.fang.com/
Logger:2020-03-15 23:36:20.576383 https://shidaiguangchangfq.fang.com/
Logger:2020-03-15 23:36:20.971674 https://rongqiaojinjiangjiuli.fang.com/
Logger:2020-03-15 23:36:22.838398 https://fuqingshimaoyuncheng.fang.com/
Logger:2020-03-15 23:36:23.177524 https://rongqiaoyuefu0591.fang.com/
Logger:2020-03-15 23:36:23.506606 https://zhonggengxianghuixinshidai.fang.com/
Logger:2020-03-15 23:36:26.933805 https://fq.newhouse.fang.com/house/s/b92/
Logger:2020-03-15 23:36:27.223517 https://shimaocuicantianyuan.fang.com/
Logger:2020-03-15 23:36:27.585547 https://xianghuirongjiangzgfq.fang.com/
Logger:2020-03-15 23:36:27.955562 https://rongfubgy.fang.com/
Logger:2020-03-15 23:36:28.477710 https://huarongshijichengbgyfq.fang.com/
Logger:2020-03-15 23:36:28.825259 https://kaijingjiangshanfu.fang.com/
Logger:2020-03-15 23:36:30.643919 https://yonghongmingcheng.fang.com/
Logger:2020-03-15 23:36:30.975168 https://yhgjcfq.fang.com/
Logger:2020-03-15 23:36:31.380083 https://huichengtianyue.fang.com/
Logger:2020-03-15 23:36:31.696201 https://chengshiguangchangjhfq.fang.com/
Logger:2020-03-15 23:36:32.031309 https://zhonggengxianglanfq.fang.com/
Logger:2020-03-15 23:36:32.379796 https://boyuefujhbgy.fang.com/
Logger:2020-03-15 23:36:32.768756 https://yuelanshankjfq.fang.com/
Logger:2020-03-15 23:36:33.110840 https://kaijingyuejiangshan0591.fang.com/
Logger:2020-03-15 23:36:35.062465 https://txhhmy.fang.com/
Logger:2020-03-15 23:36:36.900616 https://jinhuiyoubudadao.fang.com/
Logger:2020-03-15 23:36:37.314062 https://kaijingxueshifu.fang.com/
Logger:2020-03-15 23:36:41.125380 https://fq.newhouse.fang.com/house/s/b93/
Logger:2020-03-15 23:36:44.596078 https://fq.newhouse.fang.com/house/s/b94/
Logger:2020-03-15 23:36:48.099893 https://fq.newhouse.fang.com/house/s/b95/
