Logger:2020-03-16 00:15:44.852555 https://fs.newhouse.fang.com/house/s/b91/
Logger:2020-03-16 00:15:45.102754 https://lingnanshengshibgy.fang.com/
Logger:2020-03-16 00:15:45.477361 https://shidainanwan0757.fang.com/
Logger:2020-03-16 00:15:45.789346 https://fenghuangwanbgy0757.fang.com/
Logger:2020-03-16 00:15:46.238530 https://xuhuijiangshan.fang.com/
Logger:2020-03-16 00:15:51.080953 https://tianxisdzs.fang.com/
Logger:2020-03-16 00:15:51.393842 https://lvdaohujm.fang.com/
Logger:2020-03-16 00:15:51.737110 https://zhaoshangxian.fang.com/
Logger:2020-03-16 00:15:52.033855 https://heyuebinjiangbl.fang.com/
Logger:2020-03-16 00:15:52.299795 https://anzhitinglanzs.fang.com/
Logger:2020-03-16 00:15:52.602842 https://cuicantianchengfsld.fang.com/
Logger:2020-03-16 00:15:52.931647 https://zhengrongfujmbgy.fang.com/
Logger:2020-03-16 00:15:53.196451 https://jinmaoyueca.fang.com/
Logger:2020-03-16 00:15:53.462732 https://shidaitianyunfs.fang.com/
Logger:2020-03-16 00:15:57.363679 https://qianshuiwanzy0757.fang.com/
Logger:2020-03-16 00:15:57.660769 https://zhaoshangyuefu.fang.com/
Logger:2020-03-16 00:15:57.925815 https://zizaicheng0757.fang.com/
Logger:2020-03-16 00:15:58.223150 https://yijingtianchengjd.fang.com/
Logger:2020-03-16 00:15:59.566053 https://honganyuhuayuan.fang.com/
Logger:2020-03-16 00:15:59.847238 https://xinchengjingcheng0757.fang.com/
Logger:2020-03-16 00:16:00.191287 https://zhaoshangxiyuan0757.fang.com/
Logger:2020-03-16 00:16:03.547471 https://fs.newhouse.fang.com/house/s/b92/
Logger:2020-03-16 00:16:03.844934 https://haiyiyuejiangjd.fang.com/
Logger:2020-03-16 00:16:04.125777 https://jinyushijiawk.fang.com/
Logger:2020-03-16 00:16:10.595230 https://yueyuanzs.fang.com/
Logger:2020-03-16 00:16:11.079846 https://zhongzhoufu.fang.com/
Logger:2020-03-16 00:16:11.589713 https://huafuxiyunshuian.fang.com/
Logger:2020-03-16 00:16:12.042014 https://lihuchenghd0757.fang.com/
Logger:2020-03-16 00:16:12.338778 https://feicuishanbgy0757.fang.com/
Logger:2020-03-16 00:16:12.651205 https://shundelvdizhognxin.fang.com/
Logger:2020-03-16 00:16:12.948305 https://155146.fang.com/
Logger:2020-03-16 00:16:13.213956 https://daduhuiblzj.fang.com/
Logger:2020-03-16 00:16:13.479541 https://jimeijiangwanzyjk.fang.com/
Logger:2020-03-16 00:16:13.789372 https://wangxiangjunyjl.fang.com/
Logger:2020-03-16 00:16:14.054941 https://jinyuxijiangwkzj.fang.com/
Logger:2020-03-16 00:16:16.951505 https://jindicuiyuan0757.fang.com/
Logger:2020-03-16 00:16:17.263488 https://154914.fang.com/
Logger:2020-03-16 00:16:17.545160 https://xuhuigongyuan.fang.com/
Logger:2020-03-16 00:16:17.841699 https://jinyuxuefuwk0757.fang.com/
Logger:2020-03-16 00:16:21.219525 https://bocuitianxiajk.fang.com/
Logger:2020-03-16 00:16:28.466581 https://jinyulanwanwk0757.fang.com/2/
Logger:2020-03-16 00:16:28.939534 https://qingyuexhyjl.fang.com/
Logger:2020-03-16 00:16:33.068727 https://fs.newhouse.fang.com/house/s/b93/
Logger:2020-03-16 00:16:33.317966 https://shundeweilaicheng.fang.com/
Logger:2020-03-16 00:16:33.614809 https://yulantinghd0757.fang.com/
Logger:2020-03-16 00:16:33.896440 https://tanyuexyygc.fang.com/
Logger:2020-03-16 00:16:34.161707 https://yuegongguanhs.fang.com/
Logger:2020-03-16 00:16:37.192098 https://feicuigongguanbl.fang.com/
Logger:2020-03-16 00:16:41.103448 https://foshanbandaoygc.fang.com/
Logger:2020-03-16 00:16:41.369009 https://aoyuanxingyue.fang.com/
Logger:2020-03-16 00:16:41.634573 https://longguangtianque.fang.com/
Logger:2020-03-16 00:16:41.962621 https://xiaopingshuld.fang.com/
Logger:2020-03-16 00:16:44.850112 https://liujinwanthmr.fang.com/
Logger:2020-03-16 00:16:45.116399 https://tianhuiblbgy.fang.com/
Logger:2020-03-16 00:16:45.459345 https://tongjifubl.fang.com/
Logger:2020-03-16 00:16:45.740539 https://feicuiwanbgy0757.fang.com/
Logger:2020-03-16 00:16:46.084625 https://taihefoshanyuanzi.fang.com/
Logger:2020-03-16 00:16:46.427945 https://junjingwanhs0757.fang.com/
Logger:2020-03-16 00:16:46.679307 https://xingduhuiwk.fang.com/
Logger:2020-03-16 00:16:46.944560 https://youanchuntianoy.fang.com/
Logger:2020-03-16 00:16:47.209696 https://meideluhusenlin0757.fang.com/
Logger:2020-03-16 00:16:47.538138 https://guiyulantinglc.fang.com/
Logger:2020-03-16 00:16:47.818975 https://hanhuyuanmd.fang.com/
Logger:2020-03-16 00:16:51.413648 https://fs.newhouse.fang.com/house/s/b94/
Logger:2020-03-16 00:16:51.678493 https://foshanshuangzixingchengbgy.fang.com/
Logger:2020-03-16 00:16:51.975296 https://baolitianhuan.fang.com/
Logger:2020-03-16 00:16:52.256525 https://shidaishuian.fang.com/
Logger:2020-03-16 00:16:52.553284 https://meidishiguang.fang.com/
Logger:2020-03-16 00:16:52.866094 https://haojingwanya.fang.com/
Logger:2020-03-16 00:16:53.147130 https://shimaowangde.fang.com/
Logger:2020-03-16 00:16:53.412916 https://shiyechuanlvhk.fang.com/
Logger:2020-03-16 00:16:53.724882 https://guojigongguanzgtj0757.fang.com/
Logger:2020-03-16 00:16:54.053294 https://hengdashanhujun.fang.com/
Logger:2020-03-16 00:16:54.334811 https://yuelihrzd.fang.com/
Logger:2020-03-16 00:16:54.631320 https://shijijinyuandj.fang.com/
Logger:2020-03-16 00:16:54.927735 https://yuegongguanblbgy.fang.com/
Logger:2020-03-16 00:16:55.225138 https://hejingtianluan.fang.com/
Logger:2020-03-16 00:16:55.521338 https://yungulhygc.fang.com/
Logger:2020-03-16 00:16:55.907774 https://xiruiyuanzhusc.fang.com/
Logger:2020-03-16 00:16:56.173337 https://sanhefumj.fang.com/
Logger:2020-03-16 00:16:56.439287 https://junlinyipinbgy.fang.com/
Logger:2020-03-16 00:16:56.741613 https://fengyuchaomingzgtj.fang.com/
Logger:2020-03-16 00:16:57.038418 https://moligongguanbl0757.fang.com/
Logger:2020-03-16 00:16:57.304228 https://yegongguanbl0757.fang.com/
Logger:2020-03-16 00:17:00.569249 https://fs.newhouse.fang.com/house/s/b95/
Logger:2020-03-16 00:17:00.803155 https://boyabinjiang.fang.com/
Logger:2020-03-16 00:17:01.209793 https://xijiangfumd.fang.com/
Logger:2020-03-16 00:17:01.537354 https://wanjinshijiazh0757.fang.com/
Logger:2020-03-16 00:17:01.818538 https://yuelinxianzh.fang.com/
Logger:2020-03-16 00:17:02.193450 https://zishanguojibl.fang.com/
Logger:2020-03-16 00:17:02.646467 https://lingnanjuantingyx.fang.com/
Logger:2020-03-16 00:17:02.959650 https://hengdajunting0757.fang.com/
Logger:2020-03-16 00:17:03.302562 https://fengqilantingmdlc.fang.com/
Logger:2020-03-16 00:17:03.595378 https://jinyuefujrj.fang.com/
Logger:2020-03-16 00:17:03.899317 https://longwanxiangyunzl.fang.com/
Logger:2020-03-16 00:17:04.227335 https://jiuyufulgss.fang.com/
Logger:2020-03-16 00:17:10.757593 https://longguangtianyao0757.fang.com/
Logger:2020-03-16 00:17:10.996605 https://xinghuihanfuyx.fang.com/
Logger:2020-03-16 00:17:11.278239 https://jimeitianchenwanjk.fang.com/
Logger:2020-03-16 00:17:11.574615 https://binjiangguojizn.fang.com/
Logger:2020-03-16 00:17:11.840106 https://sanjiangfuyjlrc.fang.com/
Logger:2020-03-16 00:17:12.137464 https://lingfenghjygc.fang.com/
Logger:2020-03-16 00:17:12.386853 https://jiulongfulg0757.fang.com/
Logger:2020-03-16 00:17:12.694108 https://jiulongfulggm.fang.com/
Logger:2020-03-16 00:17:12.974875 https://guangfolizhihuimancheng.fang.com/
Logger:2020-03-16 00:17:16.242357 https://fs.newhouse.fang.com/house/s/b96/
Logger:2020-03-16 00:17:16.492299 https://tianlangmingtingya.fang.com/
Logger:2020-03-16 00:17:16.805446 https://guangfoshangchengbgy3.fang.com/
Logger:2020-03-16 00:17:17.085908 https://157302.fang.com/
Logger:2020-03-16 00:17:19.288514 https://shuimufanghuabl.fang.com/
Logger:2020-03-16 00:17:19.570275 https://longguangjiulonghu0757.fang.com/
Logger:2020-03-16 00:17:19.819638 https://jiuyuhulg0757.fang.com/
Logger:2020-03-16 00:17:20.116488 https://lingxiugongguanzgtj.fang.com/
Logger:2020-03-16 00:17:20.560227 https://guipanjunlanmdhn0757.fang.com/
Logger:2020-03-16 00:17:20.857032 https://jiangshanyunzhujhlj.fang.com/
Logger:2020-03-16 00:17:21.153879 https://junxifulg.fang.com/
Logger:2020-03-16 00:17:21.450641 https://xijiangguangchangld.fang.com/
Logger:2020-03-16 00:17:21.751635 https://yundonghaihd.fang.com/
Logger:2020-03-16 00:17:22.079104 https://xindiyjl.fang.com/
Logger:2020-03-16 00:17:22.360704 https://shengkaishangcheng2.fang.com/
Logger:2020-03-16 00:17:22.610944 https://foshanlvdizhongxin.fang.com/
Logger:2020-03-16 00:17:22.892016 https://elifangjzy.fang.com/
Logger:2020-03-16 00:17:23.126054 https://longguangtianying.fang.com/
Logger:2020-03-16 00:17:23.391455 https://jiufengguangchangmd.fang.com/
Logger:2020-03-16 00:17:23.697555 https://liyuanxintiandi0757.fang.com/
Logger:2020-03-16 00:17:24.024927 https://polytheface.fang.com/
Logger:2020-03-16 00:17:27.649111 https://fs.newhouse.fang.com/house/s/b97/
Logger:2020-03-16 00:17:27.883392 https://xijiangtianyuefshd.fang.com/
Logger:2020-03-16 00:17:28.164615 https://wanguofudd0757.fang.com/
Logger:2020-03-16 00:17:28.477040 https://yuefubl.fang.com/
Logger:2020-03-16 00:17:28.780061 https://huawanchengmd.fang.com/
Logger:2020-03-16 00:17:29.076606 https://jinlongwanlgbgy.fang.com/
Logger:2020-03-16 00:17:29.405402 https://langtingwanyz0757.fang.com/
Logger:2020-03-16 00:17:29.670217 https://jianguoshequbgyjh.fang.com/
Logger:2020-03-16 00:17:29.967022 https://huafupjxc.fang.com/2/
Logger:2020-03-16 00:17:30.217243 https://manyuewanznyy.fang.com/
Logger:2020-03-16 00:17:30.532400 https://fengjingmd.fang.com/
Logger:2020-03-16 00:17:30.814321 https://xishanlinyubl0757.fang.com/
Logger:2020-03-16 00:17:31.189093 https://xinduhuimd2.fang.com/
Logger:2020-03-16 00:17:33.547783 https://changlefu0757.fang.com/
Logger:2020-03-16 00:17:35.859807 https://jiulongjunlg0757.fang.com/
Logger:2020-03-16 00:17:36.203355 https://jianqiaojunzjyjl.fang.com/
Logger:2020-03-16 00:17:36.530985 https://yitinglntd.fang.com/
Logger:2020-03-16 00:17:36.817574 https://feicuixijiang.fang.com/
Logger:2020-03-16 00:17:37.146172 https://meidiminghu.fang.com/
Logger:2020-03-16 00:17:37.442426 https://aoyunlhyx.fang.com/
Logger:2020-03-16 00:17:37.708658 https://youbudadaojh0757.fang.com/
Logger:2020-03-16 00:17:41.004122 https://fs.newhouse.fang.com/house/s/b98/
Logger:2020-03-16 00:17:41.254748 https://shuimuqinghuabgymd0757.fang.com/
Logger:2020-03-16 00:17:41.551227 https://hanchengmdzj.fang.com/
Logger:2020-03-16 00:17:46.976942 https://zhiyeguangchangmd.fang.com/
Logger:2020-03-16 00:17:47.289970 https://junminghuisssy.fang.com/
Logger:2020-03-16 00:17:51.584998 https://xiyuetaisc.fang.com/
Logger:2020-03-16 00:17:51.850381 https://xinyuancheng0757.fang.com/
Logger:2020-03-16 00:17:52.131438 https://tianhuiwan.fang.com/
Logger:2020-03-16 00:17:52.444048 https://jinyushiguangwk.fang.com/
Logger:2020-03-16 00:17:52.746631 https://yuefulgbgy.fang.com/
Logger:2020-03-16 00:17:53.043159 https://shiguangtianyuehy.fang.com/
Logger:2020-03-16 00:17:53.340515 https://feicuijiangwangwk.fang.com/
Logger:2020-03-16 00:17:53.668041 https://boaihuyihaohy.fang.com/
Logger:2020-03-16 00:17:54.006179 https://guangfoxinshijiezhuangyuan.fang.com/
Logger:2020-03-16 00:17:54.287687 https://hengdayuefu.fang.com/
Logger:2020-03-16 00:17:54.646654 https://shanshuilongpanhd.fang.com/
Logger:2020-03-16 00:17:55.224643 https://lvdaohuyihaoxyygc.fang.com/
Logger:2020-03-16 00:17:55.535936 https://xinfugangdingfeng.fang.com/
Logger:2020-03-16 00:17:58.802846 https://jiuyue0757.fang.com/
Logger:2020-03-16 00:17:59.069126 https://tongmengtianxia.fang.com/
Logger:2020-03-16 00:17:59.365692 https://zhongyanggongyuanbl0757.fang.com/
Logger:2020-03-16 00:18:02.694878 https://fs.newhouse.fang.com/house/s/b99/
Logger:2020-03-16 00:18:04.491458 https://longjinghjxhj.fang.com/
Logger:2020-03-16 00:18:04.787672 https://binjiangshoufu0757.fang.com/
Logger:2020-03-16 00:18:05.053193 https://sanshuiguanjuncheng.fang.com/
Logger:2020-03-16 00:18:05.365619 https://jiulongtailg0757.fang.com/
Logger:2020-03-16 00:18:05.642404 https://taohuayuanjihy.fang.com/
Logger:2020-03-16 00:18:07.753572 https://jimeishanshuijk.fang.com/
Logger:2020-03-16 00:18:08.081620 https://yanhaixinting.fang.com/
Logger:2020-03-16 00:18:08.362803 https://wangjiangfurc.fang.com/
Logger:2020-03-16 00:18:11.241016 https://tianyujiangpanhy.fang.com/
Logger:2020-03-16 00:18:11.537822 https://hengdayayuan0757.fang.com/
Logger:2020-03-16 00:18:11.835345 https://baolihaidegongyuan.fang.com/
Logger:2020-03-16 00:18:12.193917 https://xingheyajuhh.fang.com/
Logger:2020-03-16 00:18:12.475412 https://baolizhongyanggongyuansd0757.fang.com/
Logger:2020-03-16 00:18:12.834391 https://157306.fang.com/
Logger:2020-03-16 00:18:13.085026 https://jinyutianxiajzy0757.fang.com/
Logger:2020-03-16 00:18:13.475030 https://shidaiyuntuss.fang.com/
Logger:2020-03-16 00:18:13.897334 https://nuodingshanbl0757.fang.com/
Logger:2020-03-16 00:18:14.193973 https://xiyuedxyz.fang.com/
Logger:2020-03-16 00:18:14.474628 https://157304.fang.com/
Logger:2020-03-16 00:18:14.735571 https://fufengjunyu.fang.com/
Logger:2020-03-16 00:18:18.584161 https://fs.newhouse.fang.com/house/s/b910/
Logger:2020-03-16 00:18:18.820156 https://biguiyuanaositing.fang.com/
Logger:2020-03-16 00:18:22.194630 https://dejiangyufu.fang.com/
Logger:2020-03-16 00:18:22.460444 https://shimaowangyue.fang.com/
Logger:2020-03-16 00:18:22.772783 https://binjiangyufuhd.fang.com/
Logger:2020-03-16 00:18:23.053319 https://jiangshanyipin0757.fang.com/
Logger:2020-03-16 00:18:23.365788 https://rongshulilx.fang.com/
Logger:2020-03-16 00:18:23.711491 https://huaqiaochengteh.fang.com/
Logger:2020-03-16 00:18:24.039583 https://haihuichengzh.fang.com/
Logger:2020-03-16 00:18:24.336388 https://yundihqc.fang.com/
Logger:2020-03-16 00:18:24.604908 https://hengdalongjiangfeicui.fang.com/
Logger:2020-03-16 00:18:24.870843 https://hanlinhuyihaosk.fang.com/
Logger:2020-03-16 00:18:25.104739 https://longguilantingxd.fang.com/
Logger:2020-03-16 00:18:29.166698 https://baolitianyue0757.fang.com/
Logger:2020-03-16 00:18:31.806271 https://jingyuhaoyuanhd.fang.com/
Logger:2020-03-16 00:18:32.119104 https://guohuaxindu.fang.com/
Logger:2020-03-16 00:18:32.509631 https://baoliyunshang.fang.com/
Logger:2020-03-16 00:18:32.842956 https://nanwanbandaoqf.fang.com/
Logger:2020-03-16 00:18:39.250828 https://kejishumachengzj.fang.com/
Logger:2020-03-16 00:18:39.532179 https://taipingyangguojisd.fang.com/
Logger:2020-03-16 00:18:39.890601 https://hlhapluslagyhqc.fang.com/
Logger:2020-03-16 00:18:43.111445 https://fs.newhouse.fang.com/house/s/b911/
Logger:2020-03-16 00:18:43.376582 https://yicuizundi.fang.com/
Logger:2020-03-16 00:18:43.704914 https://yujiangnan0757.fang.com/
Logger:2020-03-16 00:18:44.079951 https://meilizhichengwk0757.fang.com/
Logger:2020-03-16 00:18:44.423169 https://chongwenjinchengwk0757.fang.com/
Logger:2020-03-16 00:18:46.766870 https://binjiangzuoanhd0757.fang.com/
Logger:2020-03-16 00:18:47.078873 https://tianjiaoyyhy.fang.com/
Logger:2020-03-16 00:18:47.376319 https://guanjinghaoyuan.fang.com/
Logger:2020-03-16 00:18:47.704340 https://yufuxczs.fang.com/
Logger:2020-03-16 00:18:48.032386 https://hailanchenghyyy.fang.com/
Logger:2020-03-16 00:18:48.313595 https://shidaijia.fang.com/
Logger:2020-03-16 00:18:48.601416 https://shenyecheng20757.fang.com/
Logger:2020-03-16 00:18:48.897632 https://shangguanjiayuan.fang.com/
Logger:2020-03-16 00:18:49.257313 https://yongcuixincheng.fang.com/
Logger:2020-03-16 00:18:49.626575 https://meilifanghuayuan.fang.com/
Logger:2020-03-16 00:18:49.970559 https://bojingongguangr.fang.com/
Logger:2020-03-16 00:18:50.251650 https://tiananzhongxin0757.fang.com/
Logger:2020-03-16 00:18:50.554523 https://shidailingfeng.fang.com/
Logger:2020-03-16 00:18:50.825884 https://shuiyunshangdouch.fang.com/
Logger:2020-03-16 00:18:51.121943 https://hengdajiangwansd.fang.com/
Logger:2020-03-16 00:18:51.371902 https://zhongangcuiyuhu.fang.com/
Logger:2020-03-16 00:18:55.008830 https://fs.newhouse.fang.com/house/s/b912/
Logger:2020-03-16 00:18:55.243191 https://jinyubinjiang.fang.com/
Logger:2020-03-16 00:18:55.555335 https://junyuhaicheng.fang.com/
Logger:2020-03-16 00:18:55.851742 https://xiguanjiuli.fang.com/
Logger:2020-03-16 00:18:56.117226 https://hengfutianyue0757.fang.com/
Logger:2020-03-16 00:18:56.445272 https://chengwanyuefuzj.fang.com/
Logger:2020-03-16 00:18:56.904216 https://yihaogongguanmd.fang.com/
Logger:2020-03-16 00:18:57.154078 https://xingfuhuiguangchangrh.fang.com/
Logger:2020-03-16 00:18:57.451530 https://rongyueyuanhf.fang.com/
Logger:2020-03-16 00:18:57.747686 https://yuzhoulangyue.fang.com/
Logger:2020-03-16 00:18:58.013782 https://shijibinjiangbgy.fang.com/
Logger:2020-03-16 00:19:02.601320 https://guoruihuating.fang.com/
Logger:2020-03-16 00:19:02.866592 https://yunshanfengjinghuayuan.fang.com/
Logger:2020-03-16 00:19:03.179139 https://baolilafei0757.fang.com/
Logger:2020-03-16 00:19:03.507226 https://lijinggongguanygc.fang.com/
Logger:2020-03-16 00:19:03.759450 https://lianchengwan.fang.com/
Logger:2020-03-16 00:19:04.087056 https://shuianchengbanglf.fang.com/
Logger:2020-03-16 00:19:04.373727 https://binjiangshiguangkl.fang.com/
Logger:2020-03-16 00:19:04.645151 https://bilongwanzh.fang.com/
Logger:2020-03-16 00:19:07.488193 https://guangleyijingyuan.fang.com/
Logger:2020-03-16 00:19:10.750400 https://baolitianji.fang.com/
Logger:2020-03-16 00:19:14.443933 https://fs.newhouse.fang.com/house/s/b913/
Logger:2020-03-16 00:19:14.677662 https://155334.fang.com/
Logger:2020-03-16 00:19:14.927820 https://yicuijinshenghuayuan.fang.com/
Logger:2020-03-16 00:19:15.318064 https://jiulongxilg0757.fang.com/
Logger:2020-03-16 00:19:15.583594 https://youbuxuefulgjh.fang.com/
Logger:2020-03-16 00:19:15.849795 https://zhushuihaoting.fang.com/
Logger:2020-03-16 00:19:16.145960 https://150988.fang.com/
Logger:2020-03-16 00:19:20.917044 https://hanyangju.fang.com/
Logger:2020-03-16 00:19:21.167695 https://xinruiguangchang07572.fang.com/
Logger:2020-03-16 00:19:21.433203 https://qiaoyuemingju.fang.com/
Logger:2020-03-16 00:19:21.714410 https://milangongguanlb.fang.com/
Logger:2020-03-16 00:19:24.501055 https://lianhaixingdi.fang.com/
Logger:2020-03-16 00:19:24.735295 https://tianjingmingtingya.fang.com/
Logger:2020-03-16 00:19:24.985718 https://cuihulvzhouhuayuan.fang.com/
Logger:2020-03-16 00:19:27.579408 https://aoyuanshangjuss.fang.com/
Logger:2020-03-16 00:19:27.828866 https://mcityjh.fang.com/
Logger:2020-03-16 00:19:28.125674 https://jinxiulongwangdj.fang.com/
Logger:2020-03-16 00:19:28.470098 https://tianjuguangchangzgth.fang.com/
Logger:2020-03-16 00:19:28.756977 https://foaowan.fang.com/
Logger:2020-03-16 00:19:29.053926 https://yitaihaoyuan.fang.com/
Logger:2020-03-16 00:19:29.334353 https://zhongyangdadaodgx.fang.com/
Logger:2020-03-16 00:19:32.975181 https://fs.newhouse.fang.com/house/s/b914/
Logger:2020-03-16 00:19:33.209503 https://shanglinyipin.fang.com/
Logger:2020-03-16 00:19:33.521928 https://tianebaohqc0757.fang.com/
Logger:2020-03-16 00:19:33.803638 https://157278.fang.com/
Logger:2020-03-16 00:19:34.053077 https://yuelonghu.fang.com/
Logger:2020-03-16 00:19:34.334315 https://deguogangzg.fang.com/
Logger:2020-03-16 00:19:34.642939 https://jihuaguangchanghx.fang.com/
Logger:2020-03-16 00:19:34.908502 https://yongjingxianzh0757.fang.com/
Logger:2020-03-16 00:19:35.190070 https://olifangzy.fang.com/
Logger:2020-03-16 00:19:35.486905 https://jihuatiandihy.fang.com/
Logger:2020-03-16 00:19:35.768139 https://hefengyingyuan.fang.com/
Logger:2020-03-16 00:19:36.049616 https://shouzuobgy0757.fang.com/
Logger:2020-03-16 00:19:36.330414 https://jinxigongguanzh0757.fang.com/
Logger:2020-03-16 00:19:36.617890 https://boaocheng0757.fang.com/
Logger:2020-03-16 00:19:37.039305 https://yueminghuafudjdc.fang.com/
Logger:2020-03-16 00:19:37.304797 https://xijiangshihaofl.fang.com/
Logger:2020-03-16 00:19:37.554772 https://guotongguangchang0757.fang.com/
Logger:2020-03-16 00:19:37.851499 https://wulianchuangzhigu.fang.com/
Logger:2020-03-16 00:19:39.974892 https://yuyijianglansk.fang.com/
Logger:2020-03-16 00:19:42.985128 https://guoruishengping.fang.com/
Logger:2020-03-16 00:19:43.250604 https://tianjunhuilj0757.fang.com/
Logger:2020-03-16 00:19:47.073850 https://fs.newhouse.fang.com/house/s/b915/
Logger:2020-03-16 00:19:47.293105 https://fenghuangbandaoshbgy.fang.com/
Logger:2020-03-16 00:19:47.542479 https://fujiaheyuan.fang.com/
Logger:2020-03-16 00:19:47.792805 https://longyuejiangshan.fang.com/
Logger:2020-03-16 00:19:48.120548 https://meidichengfs.fang.com/
Logger:2020-03-16 00:19:50.600659 https://yuewancheng.fang.com/
Logger:2020-03-16 00:19:50.881883 https://yayaolvzhou.fang.com/
Logger:2020-03-16 00:19:51.178867 https://haiqinwantc.fang.com/
Logger:2020-03-16 00:19:51.460025 https://jianmeisenlinhulr.fang.com/
Logger:2020-03-16 00:19:51.689796 https://baoliyueshang.fang.com/
Logger:2020-03-16 00:19:51.985959 https://ruiritianxiahuayuan.fang.com/
Logger:2020-03-16 00:19:52.299104 https://yunkongjianbgy0757.fang.com/
Logger:2020-03-16 00:19:52.560942 https://ilifangbl0757.fang.com/
Logger:2020-03-16 00:19:55.897408 https://zhongliangshoufu0757.fang.com/
Logger:2020-03-16 00:19:56.162990 https://xinjiguangchang0757.fang.com/
Logger:2020-03-16 00:19:56.506437 https://fuxingbandao.fang.com/
Logger:2020-03-16 00:19:56.896983 https://yujianghuafu.fang.com/
Logger:2020-03-16 00:19:57.177640 https://156624.fang.com/
Logger:2020-03-16 00:19:57.490794 https://sdxnyqcxz.fang.com/
Logger:2020-03-16 00:19:57.724908 https://chuangxionghuafu.fang.com/
Logger:2020-03-16 00:19:57.974328 https://lingchuangyuyuan.fang.com/
Logger:2020-03-16 00:20:01.568652 https://fs.newhouse.fang.com/house/s/b916/
Logger:2020-03-16 00:20:01.927947 https://guangfoxinshijiekaijingwan.fang.com/
Logger:2020-03-16 00:20:02.271638 https://yiyunguoji.fang.com/
Logger:2020-03-16 00:20:02.536485 https://longmenguangchang.fang.com/
Logger:2020-03-16 00:20:02.817983 https://mingluobandaodjdc.fang.com/
Logger:2020-03-16 00:20:03.115190 https://yunlugongguanzh0757.fang.com/
Logger:2020-03-16 00:20:03.380363 https://chengguo0757.fang.com/
Logger:2020-03-16 00:20:03.646332 https://weimeizhenanhuafu20757.fang.com/
Logger:2020-03-16 00:20:03.927078 https://guojijinrongzhognxinfl.fang.com/
Logger:2020-03-16 00:20:04.208020 https://156490.fang.com/
Logger:2020-03-16 00:20:04.520391 https://qifuhaiwan.fang.com/2/
Logger:2020-03-16 00:20:04.770332 https://157316.fang.com/
Logger:2020-03-16 00:20:05.020274 https://wenbofurs.fang.com/
Logger:2020-03-16 00:20:05.317079 https://taohuiguangchang.fang.com/
Logger:2020-03-16 00:20:05.598651 https://156692.fang.com/
Logger:2020-03-16 00:20:08.820180 https://dinghusenlin.fang.com/3/
Logger:2020-03-16 00:20:09.070224 https://156774.fang.com/
Logger:2020-03-16 00:20:09.335961 https://157198.fang.com/
Logger:2020-03-16 00:20:12.803688 https://156706.fang.com/
Logger:2020-03-16 00:20:13.068754 https://wanjingongguanzh.fang.com/
Logger:2020-03-16 00:20:15.225127 https://aoyuanyufeng0757.fang.com/
Logger:2020-03-16 00:20:19.460210 https://fs.newhouse.fang.com/house/s/b917/
Logger:2020-03-16 00:20:19.678687 https://hanlanguangchang.fang.com/
Logger:2020-03-16 00:20:21.662642 https://jianlanjunsd.fang.com/
Logger:2020-03-16 00:20:21.944498 https://lingnanyunzhujh.fang.com/
Logger:2020-03-16 00:20:22.209340 https://jinghuafuhlb.fang.com/
Logger:2020-03-16 00:20:22.522523 https://chuangzhitiandihk.fang.com/
Logger:2020-03-16 00:20:26.623306 https://polypark.fang.com/
Logger:2020-03-16 00:20:26.842320 https://zhiyeguangchangsdmd.fang.com/
Logger:2020-03-16 00:20:27.123145 https://chanyijiankangcheng.fang.com/
Logger:2020-03-16 00:20:27.358103 https://langqingyuanyzdx.fang.com/
Logger:2020-03-16 00:20:29.256626 https://shundeqichechanyeyuan.fang.com/
Logger:2020-03-16 00:20:29.522751 https://chengshizhiguangwk0757.fang.com/
Logger:2020-03-16 00:20:29.850279 https://jinselingyuwk0757.fang.com/
Logger:2020-03-16 00:20:30.131981 https://hengdayuhuwan.fang.com/
Logger:2020-03-16 00:20:30.506508 https://shidaiqingchengss.fang.com/
Logger:2020-03-16 00:20:30.849963 https://shanyuhuzhdc.fang.com/
Logger:2020-03-16 00:20:31.178092 https://huixinhuafu.fang.com/
Logger:2020-03-16 00:20:33.270900 https://lingxiangongguanmd.fang.com/
Logger:2020-03-16 00:20:33.567705 https://yudaosdxy.fang.com/
Logger:2020-03-16 00:20:33.848887 https://panhujuhy.fang.com/
Logger:2020-03-16 00:20:34.145692 https://rongchuangzhenyuan0757.fang.com/
Logger:2020-03-16 00:20:37.747504 https://fs.newhouse.fang.com/house/s/b918/
Logger:2020-03-16 00:20:37.919377 https://biguiyuazhihuijia.fang.com/
Logger:2020-03-16 00:20:40.690216 https://jinziguangchang.fang.com/
Logger:2020-03-16 00:20:44.204711 https://fs.newhouse.fang.com/house/s/b919/
Logger:2020-03-16 00:20:47.970122 https://fs.newhouse.fang.com/house/s/b920/
Logger:2020-03-16 00:20:51.444157 https://fs.newhouse.fang.com/house/s/b921/
