Logger:2020-03-15 23:47:18.231810 https://fuan.newhouse.fang.com/house/s/b91/
Logger:2020-03-15 23:47:18.507600 https://fasmys.fang.com/
Logger:2020-03-15 23:47:18.914067 https://fabgytx.fang.com/
Logger:2020-03-15 23:47:19.260061 https://fajhwfyj.fang.com/
Logger:2020-03-15 23:47:19.740774 https://fabyqqw.fang.com/
Logger:2020-03-15 23:47:21.035957 https://fuanbiguiyuan.fang.com/
Logger:2020-03-15 23:47:21.374122 https://fuanshimaoyunxi.fang.com/
Logger:2020-03-15 23:47:21.691792 https://fuanzhongbaofuchunjiangnan.fang.com/
Logger:2020-03-15 23:47:22.625778 https://faslhz.fang.com/
Logger:2020-03-15 23:47:24.624464 https://fushengqianlonshoufu.fang.com/
Logger:2020-03-15 23:47:25.022953 https://zjzygyfuan.fang.com/
Logger:2020-03-15 23:47:25.309981 https://hyhdfuan.fang.com/
Logger:2020-03-15 23:47:25.643625 https://hxctcfuan.fang.com/
Logger:2020-03-15 23:47:25.968861 https://fuantyss.fang.com/
Logger:2020-03-15 23:47:26.341861 https://fuanwanchengjinlanwan.fang.com/
Logger:2020-03-15 23:47:28.842748 https://fuanqyyj.fang.com/
Logger:2020-03-15 23:47:29.177852 https://trgjfuan.fang.com/
Logger:2020-03-15 23:47:29.538952 https://fuanjinruijiayuan.fang.com/
Logger:2020-03-15 23:47:30.092224 https://fuanjsyg.fang.com/
Logger:2020-03-15 23:47:34.022497 https://fuan.newhouse.fang.com/house/s/b92/
Logger:2020-03-15 23:47:37.656360 https://fuan.newhouse.fang.com/house/s/b93/
Logger:2020-03-15 23:47:41.463852 https://fuan.newhouse.fang.com/house/s/b94/
