Logger:2020-03-15 22:42:58.798899 https://fuling.newhouse.fang.com/house/s/b91/
Logger:2020-03-15 22:43:02.732448 https://feicuitianchenay.fang.com/
Logger:2020-03-15 22:43:03.045214 https://shanshuichenghd023.fang.com/
Logger:2020-03-15 22:43:03.367918 https://guojiguangchanghx023.fang.com/
Logger:2020-03-15 22:43:03.645176 https://lvdilanyu.fang.com/
Logger:2020-03-15 22:43:03.935400 https://jinkebocuifu.fang.com/
Logger:2020-03-15 22:43:04.377218 https://kunzhouguanlan.fang.com/
Logger:2020-03-15 22:43:04.671430 https://cq.newhouse.fang.com/house/3111044460.htm
Logger:2020-03-15 22:43:05.055190 https://languangyongjinwan023.fang.com/
Logger:2020-03-15 22:43:06.244768 https://fuling.newhouse.fang.com/house/3116120550.htm
Logger:2020-03-15 22:43:06.530924 https://changjiangxingchenjk.fang.com/
Logger:2020-03-15 22:43:06.820367 https://atzygy023.fang.com/
Logger:2020-03-15 22:43:07.070659 https://fulingjimeijunjk.fang.com/
Logger:2020-03-15 22:43:07.378836 https://fulingbgy.fang.com/
Logger:2020-03-15 22:43:07.686088 https://shanshuichenghd.fang.com/
Logger:2020-03-15 22:43:07.963315 https://zygycjk023.fang.com/2/
Logger:2020-03-15 22:43:08.223552 https://fulingdaduhuijk.fang.com/
Logger:2020-03-15 22:43:08.539241 https://wenquanchengzs.fang.com/
Logger:2020-03-15 22:43:08.828676 https://bihaixincheng023.fang.com/
Logger:2020-03-15 22:43:09.074966 https://jiangshangmingzhugb.fang.com/
Logger:2020-03-15 22:43:09.343293 https://huafujunhy.fang.com/
Logger:2020-03-15 22:43:13.139838 https://fuling.newhouse.fang.com/house/s/b92/
Logger:2020-03-15 22:43:13.420400 https://lvdihaiyu023.fang.com/
Logger:2020-03-15 22:43:13.728861 https://shangshangchengzh.fang.com/
Logger:2020-03-15 22:43:13.992238 https://guojiguangchangph.fang.com/
Logger:2020-03-15 22:43:14.264475 https://shidaizhongyangcb.fang.com/
Logger:2020-03-15 22:43:14.519003 https://wandingyazhu.fang.com/
Logger:2020-03-15 22:43:14.982736 https://debangguangchang.fang.com/
Logger:2020-03-15 22:43:15.258090 https://meiquanyajunsx.fang.com/
Logger:2020-03-15 22:43:15.503597 https://yljshd.fang.com/
Logger:2020-03-15 22:43:15.759559 https://xjphy023.fang.com/
Logger:2020-03-15 22:43:16.064777 https://fenggejiaju.fang.com/
Logger:2020-03-15 22:43:16.319137 https://zhijiangmingyuan.fang.com/
Logger:2020-03-15 22:43:16.564544 https://huaqiangliyuan.fang.com/
Logger:2020-03-15 22:43:16.823961 https://beishanyifu.fang.com/
Logger:2020-03-15 22:43:17.120814 https://shanyucheng023.fang.com/
Logger:2020-03-15 22:43:17.407217 https://yihaogongguancd.fang.com/
Logger:2020-03-15 22:43:17.698414 https://yhgssyj.fang.com/
Logger:2020-03-15 22:43:17.950739 https://fuchengshangzuo.fang.com/
Logger:2020-03-15 22:43:18.214992 https://hsmdfl.fang.com/
Logger:2020-03-15 22:43:18.514874 https://jinglanjianganhf.fang.com/
Logger:2020-03-15 22:43:22.005336 https://fuling.newhouse.fang.com/house/s/b93/
Logger:2020-03-15 22:43:25.600452 https://fuling.newhouse.fang.com/house/s/b94/
Logger:2020-03-15 22:43:29.016906 https://fuling.newhouse.fang.com/house/s/b95/
