Logger:2020-03-16 15:54:59.638425 https://fushun.newhouse.fang.com/house/s/b91/
Logger:2020-03-16 15:55:00.010169 https://sishuimeiguichengfy.fang.com/
Logger:2020-03-16 15:55:02.619961 https://hengdahuafufs.fang.com/
Logger:2020-03-16 15:55:06.544492 https://jinyulanwanwksf.fang.com/
Logger:2020-03-16 15:55:06.883557 https://aohailanting024.fang.com/
Logger:2020-03-16 15:55:07.173360 https://lvdijianqiao0413.fang.com/
Logger:2020-03-16 15:55:10.635532 https://sfmzhhc.fang.com/
Logger:2020-03-16 15:55:15.664807 https://yueyadao.fang.com/
Logger:2020-03-16 15:55:17.706565 https://jianronghuangjiahaian.fang.com/
Logger:2020-03-16 15:55:18.234370 https://guojihuayuands.fang.com/
Logger:2020-03-16 15:55:18.566642 https://binjiangjingyuanfs.fang.com/
Logger:2020-03-16 15:55:18.955152 https://shengshihuating024.fang.com/
Logger:2020-03-16 15:55:19.567521 https://fschaoyangyinxiang.fang.com/
Logger:2020-03-16 15:55:19.905686 https://huiyindongdi.fang.com/
Logger:2020-03-16 15:55:20.551388 https://zongyuguojixincheng.fang.com/
Logger:2020-03-16 15:55:20.981228 https://jindingshijicheng0413.fang.com/
Logger:2020-03-16 15:55:21.330295 https://hengdaguangchangfs.fang.com/
Logger:2020-03-16 15:55:21.660713 https://basailuona024.fang.com/
Logger:2020-03-16 15:55:23.546521 https://huangjiashuianmdl.fang.com/
Logger:2020-03-16 15:55:23.966889 https://jinxiulanwan024.fang.com/
Logger:2020-03-16 15:55:24.317956 https://yangguanglijing0413.fang.com/2/
Logger:2020-03-16 15:55:30.035718 https://fushun.newhouse.fang.com/house/s/b92/
Logger:2020-03-16 15:55:36.779665 https://xiangshuwanzhuangyuan.fang.com/
Logger:2020-03-16 15:55:37.125739 https://jinshanzhuangyuan.fang.com/
Logger:2020-03-16 15:55:37.536640 https://yangguanglicheng024.fang.com/
Logger:2020-03-16 15:55:37.920662 https://fayazhuangyuan.fang.com/
Logger:2020-03-16 15:55:45.614502 https://zongyuyuexinguoji.fang.com/
Logger:2020-03-16 15:55:45.958210 https://fangdashangshangcheng.fang.com/
Logger:2020-03-16 15:55:54.601995 https://yuanyangcheng024.fang.com/
Logger:2020-03-16 15:55:59.955307 https://deshangchuntianli.fang.com/
Logger:2020-03-16 15:56:00.262996 https://moershijiexlfs.fang.com/
Logger:2020-03-16 15:56:00.643011 https://glshengboyuan.fang.com/
Logger:2020-03-16 15:56:00.969109 https://zwguojiguangchang.fang.com/
Logger:2020-03-16 15:56:01.580472 https://lantianlinhailc.fang.com/
Logger:2020-03-16 15:56:01.887725 https://huaerjieguangchangtj.fang.com/
Logger:2020-03-16 15:56:02.225341 https://binheguojihuayuan0413.fang.com/
Logger:2020-03-16 15:56:02.623314 https://meiguichengshangpinfy.fang.com/
Logger:2020-03-16 15:56:02.948153 https://zongxiangyayuan.fang.com/
Logger:2020-03-16 15:56:04.354925 https://hongfulijing.fang.com/
Logger:2020-03-16 15:56:04.736478 https://fujiazhibang.fang.com/
Logger:2020-03-16 15:56:05.103584 https://haufuyaju.fang.com/
Logger:2020-03-16 15:56:05.438223 https://wenshaxigu.fang.com/
Logger:2020-03-16 15:56:11.501216 https://fushun.newhouse.fang.com/house/s/b93/
Logger:2020-03-16 15:56:11.805449 https://huanlechengjhm.fang.com/
Logger:2020-03-16 15:56:24.908628 https://xinlongwanyh.fang.com/
Logger:2020-03-16 15:56:26.913944 https://xiangshanmeishu0413.fang.com/
Logger:2020-03-16 15:56:27.278025 https://oubochengwq.fang.com/
Logger:2020-03-16 15:56:27.593170 https://beianxingzuan.fang.com/
Logger:2020-03-16 15:56:27.980066 https://haifuwaitanzgsd024.fang.com/
Logger:2020-03-16 15:56:28.297725 https://junyueguojicheng.fang.com/
Logger:2020-03-16 15:56:28.639832 https://diwangguoji.fang.com/
Logger:2020-03-16 15:56:35.463487 https://gaoshanmingzhu.fang.com/
Logger:2020-03-16 15:56:52.428434 https://zhonghuantiandi.fang.com/
Logger:2020-03-16 15:56:52.780479 https://xinghecheng0413.fang.com/
Logger:2020-03-16 15:56:53.133958 https://nanshanxiushui.fang.com/
Logger:2020-03-16 15:56:53.488019 https://tianlangguojiguangchang.fang.com/
Logger:2020-03-16 15:56:53.901927 https://balidushijy.fang.com/
Logger:2020-03-16 15:57:03.800085 https://zhongxinchengds.fang.com/
Logger:2020-03-16 15:57:05.140514 https://shuangshuiwan024.fang.com/
Logger:2020-03-16 15:57:05.479262 https://yinxiangxincheng.fang.com/
Logger:2020-03-16 15:57:05.867721 https://jiayuanajw.fang.com/
Logger:2020-03-16 15:57:06.481079 https://shengshiwenquan.fang.com/
Logger:2020-03-16 15:57:06.980709 https://zhongjiaguangchang.fang.com/
Logger:2020-03-16 15:57:12.696193 https://fushun.newhouse.fang.com/house/s/b94/
Logger:2020-03-16 15:57:13.061971 https://fushunwandaguangchang.fang.com/
Logger:2020-03-16 15:57:13.408359 https://fanhaiguoji024.fang.com/
Logger:2020-03-16 15:57:13.749446 https://whyangguangcheng.fang.com/
Logger:2020-03-16 15:57:14.085576 https://lvditianhu.fang.com/
Logger:2020-03-16 15:57:14.432618 https://guchengmingdu.fang.com/
Logger:2020-03-16 15:57:14.757346 https://tongchengyipin.fang.com/
Logger:2020-03-16 15:57:15.090132 https://dongfangxintiandi0413.fang.com/
Logger:2020-03-16 15:57:17.114274 https://wanglicheng.fang.com/villa/
Logger:2020-03-16 15:57:25.717891 https://hongshuwansf.fang.com/
Logger:2020-03-16 15:57:25.994741 https://tianhedijinghanyuan.fang.com/
Logger:2020-03-16 15:57:42.290765 https://jindifushanty.fang.com/
Logger:2020-03-16 15:57:42.659410 https://yinglunguojisd.fang.com/
Logger:2020-03-16 15:57:42.989716 https://ruishifengqingxiaozhen.fang.com/
Logger:2020-03-16 15:57:54.719673 https://gelinyishuiyuan.fang.com/
Logger:2020-03-16 15:57:58.431288 https://banshantingyuanjf.fang.com/
Logger:2020-03-16 15:58:04.808386 https://shuguangshijia.fang.com/
Logger:2020-03-16 15:58:05.139457 https://zheshangjiayuan.fang.com/
Logger:2020-03-16 15:58:05.832644 https://upinshidaifb.fang.com/
Logger:2020-03-16 15:58:06.445450 https://jindunjiayuan.fang.com/
Logger:2020-03-16 15:58:10.170813 https://zijinchengzt.fang.com/
Logger:2020-03-16 15:58:16.171559 https://fushun.newhouse.fang.com/house/s/b95/
Logger:2020-03-16 15:58:16.605396 https://yijingjiayuan024.fang.com/
Logger:2020-03-16 15:58:16.969459 https://nanyiyayuan.fang.com/
Logger:2020-03-16 15:58:17.302539 https://manhadunwc.fang.com/
Logger:2020-03-16 15:58:17.637631 https://gelinxiaozhen024.fang.com/3/
Logger:2020-03-16 15:58:18.092928 https://yucaiyipin.fang.com/
Logger:2020-03-16 15:58:18.440102 https://shuianmingyuan024.fang.com/
Logger:2020-03-16 15:58:18.807064 https://zuoangongyuan.fang.com/
Logger:2020-03-16 15:58:19.144184 https://yuefuxinchengzy.fang.com/
Logger:2020-03-16 15:58:19.589011 https://cuilingmingzhu.fang.com/
Logger:2020-03-16 15:58:25.691855 https://qiyunjiayuan.fang.com/
Logger:2020-03-16 15:58:26.424195 https://xinhaihupan.fang.com/
Logger:2020-03-16 15:58:26.853117 https://longchengjinwan.fang.com/
Logger:2020-03-16 15:58:27.220148 https://tingtaoyayuan.fang.com/
Logger:2020-03-16 15:58:27.355777 https://jinlangshoujie.fang.com/
Logger:2020-03-16 15:58:28.173145 https://jinlingwanfy.fang.com/
Logger:2020-03-16 15:58:36.273149 https://nantaihuayuan.fang.com/
Logger:2020-03-16 15:58:36.577352 https://saipulusizhuangyuan.fang.com/
Logger:2020-03-16 15:58:43.118961 https://shijihuayuanld.fang.com/
Logger:2020-03-16 15:58:43.605835 https://shengshilongcheng024.fang.com/
Logger:2020-03-16 15:58:43.941899 https://zhongfanghuayuan.fang.com/
Logger:2020-03-16 15:58:48.431295 https://fushun.newhouse.fang.com/house/s/b96/
Logger:2020-03-16 15:58:48.743003 https://qingyunlinhai.fang.com/
Logger:2020-03-16 15:58:55.975363 https://fengdanyashu.fang.com/
Logger:2020-03-16 15:58:56.533298 https://zilongxincheng.fang.com/
Logger:2020-03-16 15:58:56.845175 https://jinxiujinyuan.fang.com/
Logger:2020-03-16 15:58:58.425555 https://gaipingbaoju.fang.com/
Logger:2020-03-16 15:58:58.836879 https://decaijiayuan.fang.com/
Logger:2020-03-16 15:59:02.335908 https://huiyuanjiaju.fang.com/
Logger:2020-03-16 15:59:02.713480 https://binhecheng.fang.com/
Logger:2020-03-16 15:59:03.030631 https://hemeixinju.fang.com/
Logger:2020-03-16 15:59:07.408135 https://shenglongguoji024.fang.com/
Logger:2020-03-16 15:59:18.942424 https://yuefuzlc.fang.com/
Logger:2020-03-16 15:59:22.216697 https://fushun.newhouse.fang.com/house/1620831905.htm
Logger:2020-03-16 15:59:25.897720 https://fushun.newhouse.fang.com/house/s/b97/
Logger:2020-03-16 15:59:30.906697 https://fushun.newhouse.fang.com/house/s/b98/
Logger:2020-03-16 15:59:35.776975 https://fushun.newhouse.fang.com/house/s/b99/
