Logger:2020-03-16 16:07:49.008722 https://fuxin.newhouse.fang.com/house/s/b91/
Logger:2020-03-16 16:07:49.359782 https://lvdijianqiao0418.fang.com/
Logger:2020-03-16 16:07:49.787637 https://xiangyuyupin.fang.com/
Logger:2020-03-16 16:07:50.158328 https://xishanjiujun.fang.com/
Logger:2020-03-16 16:07:50.509035 https://kangqiaoshuijunkl.fang.com/
Logger:2020-03-16 16:07:50.880603 https://xiangyushangpin.fang.com/
Logger:2020-03-16 16:07:53.991692 https://yintonghuafu.fang.com/
Logger:2020-03-16 16:07:54.290307 https://hongyunbojun.fang.com/
Logger:2020-03-16 16:07:54.764076 https://baoditaiyangguangchang.fang.com/
Logger:2020-03-16 16:07:55.068251 https://yintongguojigongyu.fang.com/
Logger:2020-03-16 16:07:55.482566 https://yintonghepanhuayuan.fang.com/
Logger:2020-03-16 16:07:55.874523 https://xiangxinjiayuan0418.fang.com/
Logger:2020-03-16 16:07:56.210610 https://jinwanmingcheng.fang.com/
Logger:2020-03-16 16:07:56.578598 https://sanhelanwan.fang.com/
Logger:2020-03-16 16:07:59.281847 https://sjshwfx.fang.com/
Logger:2020-03-16 16:07:59.622473 https://yintongzijingyuan.fang.com/
Logger:2020-03-16 16:08:00.231842 https://caihongcheng0418.fang.com/
Logger:2020-03-16 16:08:00.634808 https://dongchengtianxialh.fang.com/
Logger:2020-03-16 16:08:01.025762 https://zhichenghuifu.fang.com/
Logger:2020-03-16 16:08:01.352863 https://shujingtiancheng.fang.com/
Logger:2020-03-16 16:08:01.708911 https://xlcbdgy.fang.com/
Logger:2020-03-16 16:08:05.503233 https://fuxin.newhouse.fang.com/house/s/b92/
Logger:2020-03-16 16:08:05.859243 https://wdlyw0418.fang.com/
Logger:2020-03-16 16:08:06.254167 https://fengdanlidu.fang.com/
Logger:2020-03-16 16:08:11.255909 https://yinxiangjiangnan0418.fang.com/
Logger:2020-03-16 16:08:11.593036 https://hepingyiquanzhuangyuan.fang.com/
Logger:2020-03-16 16:08:15.344558 https://longzeyayuan.fang.com/
Logger:2020-03-16 16:08:18.352193 https://shuianxincheng1.fang.com/
Logger:2020-03-16 16:08:18.722216 https://hemeijiayuan0418.fang.com/
Logger:2020-03-16 16:08:19.065304 https://liuhejiaji.fang.com/
Logger:2020-03-16 16:08:22.930062 https://hengshengguoji.fang.com/
Logger:2020-03-16 16:08:23.290733 https://guojihuayuanfl.fang.com/
Logger:2020-03-16 16:08:23.581990 https://aolinpikehuayuan0418.fang.com/
Logger:2020-03-16 16:08:25.563864 https://shuianchangyuan.fang.com/
Logger:2020-03-16 16:08:25.875016 https://shengshigongguan0418.fang.com/
Logger:2020-03-16 16:08:26.282930 https://wnssshy.fang.com/
Logger:2020-03-16 16:08:26.855306 https://xindusijicheng.fang.com/
Logger:2020-03-16 16:08:27.203346 https://baodicheng.fang.com/
Logger:2020-03-16 16:08:27.554409 https://fuxinyipinsayf.fang.com/
Logger:2020-03-16 16:08:27.955340 https://yucaixinyuan.fang.com/
Logger:2020-03-16 16:08:31.562576 https://huangjiadayuan.fang.com/
Logger:2020-03-16 16:08:31.950536 https://mdlhyhq.fang.com/
Logger:2020-03-16 16:08:35.795728 https://fuxin.newhouse.fang.com/house/s/b93/
Logger:2020-03-16 16:08:40.238673 https://shijihaoting0418.fang.com/
Logger:2020-03-16 16:08:40.554527 https://yangguangshuian0418.fang.com/
Logger:2020-03-16 16:08:40.900371 https://zizaichengwh.fang.com/
Logger:2020-03-16 16:08:41.529772 https://hongyunhuacheng.fang.com/
Logger:2020-03-16 16:08:42.073323 https://kangdatianchengyipin.fang.com/
Logger:2020-03-16 16:08:42.452825 https://youaijiayuan.fang.com/
Logger:2020-03-16 16:08:42.896983 https://baodifuwan.fang.com/
Logger:2020-03-16 16:08:43.367290 https://hepingzhongyanggongguan.fang.com/
Logger:2020-03-16 16:08:43.766223 https://hemeiyayuan.fang.com/
Logger:2020-03-16 16:08:47.235130 https://baodipasixiaozhen.fang.com/
Logger:2020-03-16 16:08:47.578950 https://donghuanmingjun.fang.com/
Logger:2020-03-16 16:08:48.207238 https://haohaihuayuan0418.fang.com/
Logger:2020-03-16 16:08:48.571293 https://chengjianyayuan.fang.com/
Logger:2020-03-16 16:08:49.398202 https://fudilongwan.fang.com/
Logger:2020-03-16 16:08:53.263166 https://yangguangjiayuanxq.fang.com/
Logger:2020-03-16 16:08:53.574304 https://luomajiari0415.fang.com/
Logger:2020-03-16 16:08:53.903422 https://shengyuyunding.fang.com/
Logger:2020-03-16 16:08:57.385790 https://fxkdylw.fang.com/
Logger:2020-03-16 16:09:01.208735 https://shengxiajigndian.fang.com/
Logger:2020-03-16 16:09:01.523470 https://kaixuandijingxg.fang.com/
Logger:2020-03-16 16:09:05.668163 https://fuxin.newhouse.fang.com/house/s/b94/
Logger:2020-03-16 16:09:06.033483 https://zhongdaguangchang0418.fang.com/
Logger:2020-03-16 16:09:06.375456 https://xiandaicheng0418.fang.com/
Logger:2020-03-16 16:09:09.343644 https://zijincaifuguangchang.fang.com/
Logger:2020-03-16 16:09:09.720599 https://xindingguangchangfuxin.fang.com/
Logger:2020-03-16 16:09:12.766536 https://huiyuxinju.fang.com/
Logger:2020-03-16 16:09:13.081766 https://hongmanao.fang.com/3/
Logger:2020-03-16 16:09:15.333518 https://jingduguojiguangchang.fang.com/
Logger:2020-03-16 16:09:15.683581 https://hongmeiguojiguangchang.fang.com/
Logger:2020-03-16 16:09:18.388180 https://kxgjggxg.fang.com/
Logger:2020-03-16 16:09:18.733158 https://chengshiguangchangkl.fang.com/
Logger:2020-03-16 16:09:20.786103 https://zuoanmingdi0418.fang.com/
Logger:2020-03-16 16:09:21.121236 https://kaixuanchengzq.fang.com/
Logger:2020-03-16 16:09:21.542087 https://shengyujidi.fang.com/
Logger:2020-03-16 16:09:25.264820 https://shentiejingyuanyaju.fang.com/
Logger:2020-03-16 16:09:25.623974 https://shengmingluyuan.fang.com/
Logger:2020-03-16 16:09:27.323370 https://fuxin.newhouse.fang.com/house/1613155787.htm
Logger:2020-03-16 16:09:27.662367 https://fuxinxitiecheng.fang.com/
Logger:2020-03-16 16:09:28.282740 https://longchengguojilh.fang.com/
Logger:2020-03-16 16:09:28.624839 https://wujinjiancaicheng.fang.com/
Logger:2020-03-16 16:09:28.925551 https://yaouguojijiancijiajuguangchang.fang.com/
Logger:2020-03-16 16:09:32.535977 https://fuxin.newhouse.fang.com/house/s/b95/
Logger:2020-03-16 16:09:34.891449 https://xrsygc.fang.com/
Logger:2020-03-16 16:09:35.243520 https://quantianxiaxd.fang.com/
Logger:2020-03-16 16:09:35.608554 https://bailianqipeicheng.fang.com/
Logger:2020-03-16 16:09:39.556230 https://fuxin.newhouse.fang.com/house/s/b96/
Logger:2020-03-16 16:09:43.495044 https://fuxin.newhouse.fang.com/house/s/b97/
Logger:2020-03-16 16:09:47.062636 https://fuxin.newhouse.fang.com/house/s/b98/
