Logger:2020-03-15 21:21:17.744317 https://fuyang.newhouse.fang.com/house/s/b91/
Logger:2020-03-15 21:21:18.232056 https://xuefuzhuangyuanxh.fang.com/
Logger:2020-03-15 21:21:21.127031 https://shidaiyuefuth.fang.com/
Logger:2020-03-15 21:21:21.630255 https://huarunfuyangzhongxin.fang.com/
Logger:2020-03-15 21:21:22.111934 https://baoliyingzhoutangyue.fang.com/
Logger:2020-03-15 21:21:22.776073 https://hxgyffnaqh.fang.com/
Logger:2020-03-15 21:21:25.388313 https://dahechengzhang.fang.com/
Logger:2020-03-15 21:21:25.982914 https://bgyjxjs.fang.com/
Logger:2020-03-15 21:21:26.556380 https://rongchuangcheng0558.fang.com/
Logger:2020-03-15 21:21:29.083950 https://wenyimingmenyunxitianjing.fang.com/
Logger:2020-03-15 21:21:29.820579 https://dangdaichengmom.fang.com/
Logger:2020-03-15 21:21:30.359151 https://wenhuashangjun.fang.com/
Logger:2020-03-15 21:21:30.827869 https://rongchuanghuaiheyihao.fang.com/
Logger:2020-03-15 21:21:31.307545 https://wccszg.fang.com/
Logger:2020-03-15 21:21:31.878965 https://fytsmgzy.fang.com/
Logger:2020-03-15 21:21:32.650543 https://linquandangdaichengmom.fang.com/
Logger:2020-03-15 21:21:33.118248 https://xinchengfuyangdaduhui.fang.com/
Logger:2020-03-15 21:21:33.630705 https://dhsjc0558.fang.com/
Logger:2020-03-15 21:21:34.120315 https://shuangqingyuanzi.fang.com/
Logger:2020-03-15 21:21:34.910202 https://aoshanboyuefu.fang.com/
Logger:2020-03-15 21:21:38.554626 https://jinyuchanganhx.fang.com/
Logger:2020-03-15 21:21:42.696505 https://fuyang.newhouse.fang.com/house/s/b92/
Logger:2020-03-15 21:21:43.159887 https://hengdayujingfy.fang.com/
Logger:2020-03-15 21:21:43.762338 https://jieshougongyuandadi.fang.com/
Logger:2020-03-15 21:21:44.302835 https://jinyuedonghufy.fang.com/
Logger:2020-03-15 21:21:44.965974 https://jiuyuefulfq.fang.com/
Logger:2020-03-15 21:21:45.478664 https://tongshengdongyiqu.fang.com/
Logger:2020-03-15 21:21:46.091982 https://shangchengtaojiejs.fang.com/
Logger:2020-03-15 21:21:48.618336 https://tianxiwanhx.fang.com/
Logger:2020-03-15 21:21:49.342675 https://atlsyhy.fang.com/
Logger:2020-03-15 21:21:50.012504 https://shuangqingwanzd.fang.com/
Logger:2020-03-15 21:21:54.242512 https://wenlvchengxy.fang.com/
Logger:2020-03-15 21:21:54.994579 https://guoyuefuxshh.fang.com/
Logger:2020-03-15 21:21:55.480441 https://wanxinguoxi.fang.com/
Logger:2020-03-15 21:21:58.751633 https://wanlinyuandu.fang.com/
Logger:2020-03-15 21:21:59.239951 https://feicuihuating2.fang.com/
Logger:2020-03-15 21:21:59.768602 https://zhongliangshanhejiadi.fang.com/
Logger:2020-03-15 21:22:00.226412 https://jinyuelixiangcheng.fang.com/
Logger:2020-03-15 21:22:00.707132 https://jingxiuyuanxystc.fang.com/
Logger:2020-03-15 21:22:01.196986 https://xiximeiguits.fang.com/
Logger:2020-03-15 21:22:02.737488 https://lvchengmingyuejiangnan.fang.com/
Logger:2020-03-15 21:22:03.192333 https://jmqhy.fang.com/
Logger:2020-03-15 21:22:07.436401 https://fuyang.newhouse.fang.com/house/s/b93/
Logger:2020-03-15 21:22:08.004978 https://jingshiguofuzhc.fang.com/
Logger:2020-03-15 21:22:08.510622 https://feicuiwanbgy0558.fang.com/
Logger:2020-03-15 21:22:08.994359 https://yingzhoufubgy.fang.com/
Logger:2020-03-15 21:22:09.439230 https://huangjinshidaibgy.fang.com/
Logger:2020-03-15 21:22:09.923900 https://kaixuanmenlf.fang.com/
Logger:2020-03-15 21:22:10.503776 https://jinmaaimengyuecheng.fang.com/
Logger:2020-03-15 21:22:14.138233 https://jinkejimeiyangguang0558.fang.com/
Logger:2020-03-15 21:22:14.621260 https://mingyueshuangqinglc.fang.com/
Logger:2020-03-15 21:22:15.118943 https://chengshiguangchangbl0558.fang.com/
Logger:2020-03-15 21:22:17.875026 https://xingfulihl0558.fang.com/
Logger:2020-03-15 21:22:18.423597 https://shidaichenglf.fang.com/
Logger:2020-03-15 21:22:18.865236 https://yushuihuafu.fang.com/
Logger:2020-03-15 21:22:19.357338 https://donghulixiangcheng.fang.com/
Logger:2020-03-15 21:22:19.826113 https://fenglinyuanzhuaj.fang.com/
Logger:2020-03-15 21:22:20.396465 https://niujingongguanyh.fang.com/
Logger:2020-03-15 21:22:20.872018 https://zongliantianyu.fang.com/
Logger:2020-03-15 21:22:21.344757 https://shijihuafu0558.fang.com/
Logger:2020-03-15 21:22:21.824470 https://tairuihuafu.fang.com/
Logger:2020-03-15 21:22:22.342615 https://linxijunhd0558.fang.com/
Logger:2020-03-15 21:22:22.787425 https://jinyuejunting.fang.com/
Logger:2020-03-15 21:22:26.892285 https://fuyang.newhouse.fang.com/house/s/b94/
Logger:2020-03-15 21:22:27.418954 https://wenshagongguanyh2.fang.com/
Logger:2020-03-15 21:22:27.918267 https://biguiyuanfn.fang.com/
Logger:2020-03-15 21:22:28.386949 https://chenjingfenghuangxian.fang.com/
Logger:2020-03-15 21:22:31.457767 https://wanchuangyonglongfu.fang.com/
Logger:2020-03-15 21:22:31.970444 https://dongjunhlxfl.fang.com/
Logger:2020-03-15 21:22:32.483101 https://fulichengys.fang.com/
Logger:2020-03-15 21:22:32.979764 https://yingzhouhongyangfu.fang.com/
Logger:2020-03-15 21:22:33.431540 https://guojiangongyuanli.fang.com/
Logger:2020-03-15 21:22:33.871358 https://baolongwanbgy.fang.com/
Logger:2020-03-15 21:22:34.385622 https://phjasf.fang.com/
Logger:2020-03-15 21:22:34.802195 https://hanhaiyushuilanting.fang.com/
Logger:2020-03-15 21:22:35.297311 https://ydtysj2.fang.com/
Logger:2020-03-15 21:22:37.368338 https://cmfcw.fang.com/
Logger:2020-03-15 21:22:38.179288 https://fyshengshihuafu.fang.com/
Logger:2020-03-15 21:22:38.623764 https://yingshangszzy.fang.com/
Logger:2020-03-15 21:22:39.106431 https://pingheyujiangshan.fang.com/
Logger:2020-03-15 21:22:39.541314 https://xiangyuanshengtaichengfanghuayuan.fang.com/
Logger:2020-03-15 21:22:39.999049 https://jsdtguojicheng.fang.com/
Logger:2020-03-15 21:22:40.465445 https://hjzygyfythy.fang.com/
Logger:2020-03-15 21:22:42.229106 https://jieshoushangmaochengfy.fang.com/
Logger:2020-03-15 21:22:46.464582 https://fuyang.newhouse.fang.com/house/s/b95/
Logger:2020-03-15 21:22:46.987167 https://fuyangxinchengwuyueguangchang.fang.com/
Logger:2020-03-15 21:22:47.875356 https://feicuitianjingfybgy.fang.com/
Logger:2020-03-15 21:22:48.484140 https://zhifenggongguanld.fang.com/
Logger:2020-03-15 21:22:48.970400 https://gongyuanchengxy.fang.com/
Logger:2020-03-15 21:22:49.427193 https://xiangyuanchengnanzhixing.fang.com/
Logger:2020-03-15 21:22:52.433959 https://fulaidexiaozhen.fang.com/
Logger:2020-03-15 21:22:52.906527 https://biguiyuanshuxiangmingmen.fang.com/
Logger:2020-03-15 21:22:53.380634 https://dachengxiaoyuan0558.fang.com/
Logger:2020-03-15 21:22:53.845316 https://meidigongyuantianxia0558.fang.com/
Logger:2020-03-15 21:22:54.384713 https://huahonghongyuefu.fang.com/
Logger:2020-03-15 21:22:54.829338 https://tsmgzyiiza.fang.com/
Logger:2020-03-15 21:22:55.301115 https://lichengtz.fang.com/
Logger:2020-03-15 21:22:55.796827 https://jinkeaoyuanjiangshancheng.fang.com/
Logger:2020-03-15 21:22:56.339983 https://wantouzunfu.fang.com/
Logger:2020-03-15 21:22:56.798490 https://heyuantz.fang.com/
Logger:2020-03-15 21:22:57.345096 https://yinchunqiubgy.fang.com/
Logger:2020-03-15 21:22:59.679472 https://zhuangyuanfu0558.fang.com/
Logger:2020-03-15 21:23:00.147264 https://longyuefuhh.fang.com/
Logger:2020-03-15 21:23:03.160617 https://fuyang.newhouse.fang.com/house/2121091278.htm
Logger:2020-03-15 21:23:03.604156 https://dongjunxhc.fang.com/
Logger:2020-03-15 21:23:07.575754 https://fuyang.newhouse.fang.com/house/s/b96/
Logger:2020-03-15 21:23:07.992239 https://tsfhc.fang.com/
Logger:2020-03-15 21:23:08.934723 https://jinyingdao.fang.com/
Logger:2020-03-15 21:23:10.550482 https://xingfugongguanfy.fang.com/
Logger:2020-03-15 21:23:11.829040 https://longyuanhljwc.fang.com/
Logger:2020-03-15 21:23:12.329826 https://rxljgg.fang.com/
Logger:2020-03-15 21:23:12.968119 https://leijietangqianyue.fang.com/
Logger:2020-03-15 21:23:13.483790 https://cmfcgg.fang.com/
Logger:2020-03-15 21:23:14.004282 https://jiufangshijia0558.fang.com/
Logger:2020-03-15 21:23:14.504943 https://fengyushuzl.fang.com/
Logger:2020-03-15 21:23:15.128275 https://wanbeiescdsc.fang.com/
Logger:2020-03-15 21:23:15.652817 https://andongyiliangu.fang.com/
Logger:2020-03-15 21:23:18.880013 https://zhongyuanyifangcheng2.fang.com/
Logger:2020-03-15 21:23:19.421637 https://hailiangxingcheng.fang.com/
Logger:2020-03-15 21:23:19.949225 https://jinbaohuigc.fang.com/
Logger:2020-03-15 21:23:20.476212 https://taiyangchengry0558.fang.com/
Logger:2020-03-15 21:23:22.297285 https://jieshouyihaogongguan.fang.com/
Logger:2020-03-15 21:23:23.929756 https://helanxiaozhenhuayuanli.fang.com/
Logger:2020-03-15 21:23:24.386556 https://zyshuixiehuadu.fang.com/
Logger:2020-03-15 21:23:24.909576 https://blcssygc.fang.com/
Logger:2020-03-15 21:23:26.987872 https://xijun0558.fang.com/
Logger:2020-03-15 21:23:31.125983 https://fuyang.newhouse.fang.com/house/s/b97/
Logger:2020-03-15 21:23:31.552459 https://huanqiuhaigangcheng.fang.com/
Logger:2020-03-15 21:23:33.867567 https://gbgjjjjcc2.fang.com/
Logger:2020-03-15 21:23:36.167627 https://fuyang.newhouse.fang.com/house/2120138926.htm
Logger:2020-03-15 21:23:36.724648 https://tianyingxiyuefu.fang.com/
Logger:2020-03-15 21:23:39.523952 https://jinkecheng0558.fang.com/
Logger:2020-03-15 21:23:40.026992 https://ylyf0558.fang.com/
Logger:2020-03-15 21:23:40.585508 https://rongxinhailianghuafu.fang.com/
Logger:2020-03-15 21:23:41.110451 https://yuelanwanlfq.fang.com/
Logger:2020-03-15 21:23:41.622861 https://yihaofudi0558.fang.com/
Logger:2020-03-15 21:23:42.189385 https://lefuqiangmingshiyuefu.fang.com/
Logger:2020-03-15 21:23:42.707026 https://yuejiahugongguanph.fang.com/
Logger:2020-03-15 21:23:43.146228 https://ysyjgjhy.fang.com/
Logger:2020-03-15 21:23:43.600081 https://xinanfuzx.fang.com/
Logger:2020-03-15 21:23:48.721378 https://shangchengyipin0558.fang.com/
Logger:2020-03-15 21:23:49.208103 https://jinhuahuaqianshu.fang.com/
Logger:2020-03-15 21:23:51.612249 https://dijingwanfy.fang.com/
Logger:2020-03-15 21:23:52.139844 https://jindiguangchang0558.fang.com/
Logger:2020-03-15 21:23:52.669424 https://huixinjiurutianbao.fang.com/
Logger:2020-03-15 21:23:53.182064 https://jmzygg.fang.com/
Logger:2020-03-15 21:23:53.628368 https://zonglianfu.fang.com/
Logger:2020-03-15 21:23:58.016834 https://fuyang.newhouse.fang.com/house/s/b98/
Logger:2020-03-15 21:23:58.502403 https://yuchengqingheyihao.fang.com/
Logger:2020-03-15 21:23:58.985896 https://mgzytongsheng.fang.com/
Logger:2020-03-15 21:24:01.287342 https://gtxcsf.fang.com/
Logger:2020-03-15 21:24:01.752100 https://gurongfuwl.fang.com/
Logger:2020-03-15 21:24:02.225178 https://ifhlxz.fang.com/
Logger:2020-03-15 21:24:02.787700 https://runyuanyangguangcheng.fang.com/
Logger:2020-03-15 21:24:03.304833 https://ganghuiguangchang0558.fang.com/
Logger:2020-03-15 21:24:04.599115 https://fyqcsjhlc.fang.com/
Logger:2020-03-15 21:24:05.121743 https://dijinglvanyangguang.fang.com/
Logger:2020-03-15 21:24:05.623373 https://kaixuanchenggz.fang.com/
Logger:2020-03-15 21:24:07.658719 https://shiliuxuefuyihao.fang.com/
Logger:2020-03-15 21:24:07.980913 https://chengnanyinbr.fang.com/
Logger:2020-03-15 21:24:10.674233 https://yinghedongjun.fang.com/
Logger:2020-03-15 21:24:11.141984 https://tairuiguojihxmkl.fang.com/
Logger:2020-03-15 21:24:11.856059 https://jindilb.fang.com/
Logger:2020-03-15 21:24:12.318048 https://dflxc.fang.com/
Logger:2020-03-15 21:24:12.843642 https://guangyuanhongjie.fang.com/
Logger:2020-03-15 21:24:13.357398 https://yiguangnian.fang.com/
Logger:2020-03-15 21:24:15.444606 https://fuyang.newhouse.fang.com/house/2121096012.htm
Logger:2020-03-15 21:24:16.000078 https://chenghuazhongyangcheng.fang.com/
Logger:2020-03-15 21:24:20.133801 https://fuyang.newhouse.fang.com/house/s/b99/
Logger:2020-03-15 21:24:20.560310 https://fygjqpc.fang.com/
Logger:2020-03-15 21:24:21.020635 https://sainahuatingjh.fang.com/
Logger:2020-03-15 21:24:21.508293 https://zgmhzdcjxz.fang.com/
Logger:2020-03-15 21:24:21.937140 https://xingfujiayuan0558.fang.com/
Logger:2020-03-15 21:24:24.675776 https://jindiguangchang2.fang.com/
Logger:2020-03-15 21:24:25.158295 https://fylyscsq.fang.com/
Logger:2020-03-15 21:24:25.624619 https://hxmklthjcjjg.fang.com/
Logger:2020-03-15 21:24:28.587470 https://xingguangtiandi0558.fang.com/
Logger:2020-03-15 21:24:29.055219 https://momashijiehx.fang.com/
Logger:2020-03-15 21:24:29.507010 https://fylysceq.fang.com/
Logger:2020-03-15 21:24:30.020636 https://sanyouhuayuan0558.fang.com/
Logger:2020-03-15 21:24:30.504608 https://jinyueshuyuan.fang.com/
Logger:2020-03-15 21:24:30.988502 https://henghuatiandify.fang.com/
Logger:2020-03-15 21:24:31.500134 https://wendingyuanty.fang.com/
Logger:2020-03-15 21:24:32.942466 https://lingshangchengzj.fang.com/
Logger:2020-03-15 21:24:33.547856 https://zdsqwzx.fang.com/
Logger:2020-03-15 21:24:34.043521 https://fuchengbieyuan.fang.com/
Logger:2020-03-15 21:24:34.598998 https://wenshagongguanyh.fang.com/
Logger:2020-03-15 21:24:35.080266 https://thgjc.fang.com/
Logger:2020-03-15 21:24:37.456841 https://fyhfxtd.fang.com/
Logger:2020-03-15 21:24:41.135872 https://fuyang.newhouse.fang.com/house/s/b910/
Logger:2020-03-15 21:24:41.620611 https://fuyangshangshaguoji.fang.com/
Logger:2020-03-15 21:24:42.066462 https://dongfangzaocheng.fang.com/
Logger:2020-03-15 21:24:42.559103 https://anhuajinsehuafu.fang.com/
Logger:2020-03-15 21:24:47.369494 https://ouzhoujiejnh.fang.com/
Logger:2020-03-15 21:24:47.822719 https://xiangruicj.fang.com/
Logger:2020-03-15 21:24:49.885963 https://beilvtianxi.fang.com/
Logger:2020-03-15 21:24:52.865805 https://mengyuanxiaoqu0558.fang.com/
Logger:2020-03-15 21:24:54.148450 https://jinxiuruancheng.fang.com/
Logger:2020-03-15 21:24:54.635141 https://guojifuzhuangchengfy2.fang.com/
Logger:2020-03-15 21:24:57.654258 https://qianbaiyishenghuomallhh.fang.com/
Logger:2020-03-15 21:24:59.766885 https://fuyang.newhouse.fang.com/house/2121239056.htm
Logger:2020-03-15 21:25:03.346166 https://xinguangzhicheng.fang.com/
Logger:2020-03-15 21:25:05.236849 https://tianlunshoufu.fang.com/
Logger:2020-03-15 21:25:10.720210 https://fuyang.newhouse.fang.com/house/2121166114.htm
Logger:2020-03-15 21:25:14.486198 https://nongmaodashichangys.fang.com/
Logger:2020-03-15 21:25:18.737024 https://fuyang.newhouse.fang.com/house/2121166136.htm
Logger:2020-03-15 21:25:22.261240 https://wujinjidianchengwb.fang.com/
Logger:2020-03-15 21:25:26.319076 https://chengshiguangchanghl.fang.com/
Logger:2020-03-15 21:25:28.535844 https://fuyang.newhouse.fang.com/house/2121279606.htm
Logger:2020-03-15 21:25:30.823531 https://wbjxzbc.fang.com/
Logger:2020-03-15 21:25:34.690968 https://fuyang.newhouse.fang.com/house/s/b911/
Logger:2020-03-15 21:25:35.047068 https://fyjbljjgc.fang.com/
Logger:2020-03-15 21:25:39.067691 https://fuyang.newhouse.fang.com/house/s/b912/
Logger:2020-03-15 21:25:43.123970 https://fuyang.newhouse.fang.com/house/s/b913/
Logger:2020-03-15 21:25:47.394422 https://fuyang.newhouse.fang.com/house/s/b914/
