Logger:2020-03-15 22:55:54.842645 https://fz.newhouse.fang.com/house/s/b91/
Logger:2020-03-15 22:55:59.773862 https://aotijinmaoyue.fang.com/
Logger:2020-03-15 22:56:00.569772 https://wanxiangchenghr0591.fang.com/
Logger:2020-03-15 22:56:00.980675 https://suningguangchang.fang.com/2/
Logger:2020-03-15 22:56:01.382552 https://binhaishoufu.fang.com/
Logger:2020-03-15 22:56:01.735583 https://rongchengjiangshangtu.fang.com/
Logger:2020-03-15 22:56:02.139530 https://yiheyazhou.fang.com/
Logger:2020-03-15 22:56:02.524507 https://qianlongfufs.fang.com/
Logger:2020-03-15 22:56:02.887181 https://jinanlanhu.fang.com/
Logger:2020-03-15 22:56:03.599593 https://jianfayangzhu0591.fang.com/
Logger:2020-03-15 22:56:03.955922 https://wuyilanting.fang.com/
Logger:2020-03-15 22:56:04.304923 https://zijinxuanmc.fang.com/
Logger:2020-03-15 22:56:04.801628 https://mingchenglongyu.fang.com/
Logger:2020-03-15 22:56:05.279759 https://wushanjiuxiangblskzg.fang.com/
Logger:2020-03-15 22:56:05.640380 https://yueshanhufl0591.fang.com/
Logger:2020-03-15 22:56:06.012898 https://languangxingpo.fang.com/
Logger:2020-03-15 22:56:06.457714 https://langqishangyucheng.fang.com/
Logger:2020-03-15 22:56:06.820723 https://sanjianghuayu.fang.com/
Logger:2020-03-15 22:56:07.191029 https://fulizhongxin0591.fang.com/
Logger:2020-03-15 22:56:11.430076 https://nanpingdijingjiangwanfl.fang.com/
Logger:2020-03-15 22:56:11.845966 https://yinshanhaism.fang.com/
Logger:2020-03-15 22:56:15.537511 https://fz.newhouse.fang.com/house/s/b92/
Logger:2020-03-15 22:56:15.998277 https://yinshanhaism.fang.com/
Logger:2020-03-15 22:56:16.371319 https://shuijingrongzhu.fang.com/
Logger:2020-03-15 22:56:16.793732 https://luozhouwenquanxiaozhensk.fang.com/
Logger:2020-03-15 22:56:17.137902 https://liuanxiaofenglc.fang.com/
Logger:2020-03-15 22:56:24.654928 https://youbuyueshanjh.fang.com/
Logger:2020-03-15 22:56:25.000008 https://weilaihairc.fang.com/
Logger:2020-03-15 22:56:25.441908 https://yuelantingrq0591.fang.com/
Logger:2020-03-15 22:56:25.804668 https://tanjingygc.fang.com/
Logger:2020-03-15 22:56:26.146138 https://guanlanfuzh.fang.com/
Logger:2020-03-15 22:56:26.495168 https://daduhuiygc.fang.com/
Logger:2020-03-15 22:56:26.971893 https://binhaichengli.fang.com/
Logger:2020-03-15 22:56:27.374354 https://zhonghaijinyuan0591.fang.com/
Logger:2020-03-15 22:56:27.719447 https://rongxinyingyue.fang.com/
Logger:2020-03-15 22:56:28.153970 https://jianzonglingzhu.fang.com/
Logger:2020-03-15 22:56:29.602687 https://zhonggengdongjin.fang.com/
Logger:2020-03-15 22:56:30.095883 https://fuzhouwanth.fang.com/
Logger:2020-03-15 22:56:31.244475 https://yinxiangwaitanzf.fang.com/
Logger:2020-03-15 22:56:38.927131 https://haiyuejiangchaorx.fang.com/
Logger:2020-03-15 22:56:39.286171 https://jinmaofugl.fang.com/
Logger:2020-03-15 22:56:40.653501 https://yuerongfuzr.fang.com/
Logger:2020-03-15 22:56:44.452143 https://fz.newhouse.fang.com/house/s/b93/
Logger:2020-03-15 22:56:44.865994 https://xiangxiebaleizx.fang.com/
Logger:2020-03-15 22:56:45.319203 https://fuzhouyuan.fang.com/
Logger:2020-03-15 22:56:45.640049 https://yujiangfuyz.fang.com/
Logger:2020-03-15 22:56:46.066857 https://jinyuguojiwk0591.fang.com/
Logger:2020-03-15 22:56:46.452866 https://sanjiangyunluzr.fang.com/
Logger:2020-03-15 22:56:46.805878 https://tiankongzc.fang.com/
Logger:2020-03-15 22:56:47.162930 https://zhongtiechengjiangdufu.fang.com/
Logger:2020-03-15 22:56:47.618969 https://qunshengguangchang.fang.com/
Logger:2020-03-15 22:56:47.978969 https://yurongfuhf.fang.com/
Logger:2020-03-15 22:56:48.339044 https://rongxinlantian0591.fang.com/
Logger:2020-03-15 22:56:48.855621 https://wanghaichao.fang.com/
Logger:2020-03-15 22:56:49.251103 https://jialiguangchangjk.fang.com/
Logger:2020-03-15 22:56:56.691278 https://heluanjun.fang.com/
Logger:2020-03-15 22:56:57.022392 https://xianghegongshe.fang.com/
Logger:2020-03-15 22:57:02.798951 https://pingtanlanwanzhengrongfu.fang.com/
Logger:2020-03-15 22:57:03.132259 https://ziyujiangshanzh.fang.com/
Logger:2020-03-15 22:57:11.787892 https://rongxinyoushu.fang.com/
Logger:2020-03-15 22:57:12.135587 https://xiangshanxinshidaizg.fang.com/
Logger:2020-03-15 22:57:12.578900 https://hengdayujingbandaofq.fang.com/
Logger:2020-03-15 22:57:12.915057 https://wenquanchengrh.fang.com/
Logger:2020-03-15 22:57:16.928743 https://fz.newhouse.fang.com/house/s/b94/
Logger:2020-03-15 22:57:17.254298 https://xixilijh.fang.com/
Logger:2020-03-15 22:57:17.801834 https://gushanyuanzith.fang.com/
Logger:2020-03-15 22:57:18.122963 https://shuxiangshijiadt.fang.com/
Logger:2020-03-15 22:57:18.448524 https://shengtianlanyuanchunjiangtianxilh.fang.com/
Logger:2020-03-15 22:57:18.999812 https://jiangshanmingzhujh.fang.com/
Logger:2020-03-15 22:57:19.362828 https://gongyuandaguanxh.fang.com/
Logger:2020-03-15 22:57:25.113363 https://jinshanxiangmuxh.fang.com/
Logger:2020-03-15 22:57:25.405620 https://xiyuefu0591.fang.com/
Logger:2020-03-15 22:57:25.820296 https://shanhaijunyjl0591.fang.com/
Logger:2020-03-15 22:57:26.233723 https://puyuechangtanssyjl.fang.com/
Logger:2020-03-15 22:57:26.564314 https://baiyuechengzl0591.fang.com/
Logger:2020-03-15 22:57:27.079973 https://shuanghangchengrx.fang.com/
Logger:2020-03-15 22:57:27.561720 https://wankezitai0591.fang.com/
Logger:2020-03-15 22:57:33.428883 https://changlelanshan.fang.com/
Logger:2020-03-15 22:57:33.744639 https://dingxinyuehaiwanxl.fang.com/
Logger:2020-03-15 22:57:39.956978 https://dingxinjinhaiwanxl.fang.com/
Logger:2020-03-15 22:57:40.986727 https://cangshanzhengxiangguangchang.fang.com/
Logger:2020-03-15 22:57:41.297943 https://putianbaoliyunshang.fang.com/
Logger:2020-03-15 22:57:44.859854 https://fuzhoufurc.fang.com/
Logger:2020-03-15 22:57:45.178558 https://ziguangpushangshangyexiaozhen.fang.com/
Logger:2020-03-15 22:57:49.042086 https://fz.newhouse.fang.com/house/s/b95/
Logger:2020-03-15 22:57:49.327326 https://yongjingwanzs0591.fang.com/
Logger:2020-03-15 22:57:49.735842 https://hengdayufu20591.fang.com/
Logger:2020-03-15 22:57:50.190625 https://guianfubgy.fang.com/
Logger:2020-03-15 22:57:50.689352 https://luyuanbgy.fang.com/
Logger:2020-03-15 22:57:55.759736 https://yongjinwanpt.fang.com/
Logger:2020-03-15 22:57:56.235450 https://rongxinlanchen0591.fang.com/
Logger:2020-03-15 22:57:56.640881 https://xiangyuefuzg.fang.com/
Logger:2020-03-15 22:57:56.993532 https://yuelanshankj.fang.com/
Logger:2020-03-15 22:57:57.387018 https://jiangshanfukj.fang.com/
Logger:2020-03-15 22:58:00.807739 https://xianyoufuliyuanshiting.fang.com/
Logger:2020-03-15 22:58:01.243510 https://gongyuanzuoan0591.fang.com/
Logger:2020-03-15 22:58:01.706242 https://jinfudayuan.fang.com/
Logger:2020-03-15 22:58:02.042929 https://rongxinweilai.fang.com/
Logger:2020-03-15 22:58:02.375839 https://xiangkaichanglongzg.fang.com/
Logger:2020-03-15 22:58:02.826963 https://langtingwanyz.fang.com/
Logger:2020-03-15 22:58:03.208012 https://youbudadaofqjh.fang.com/
Logger:2020-03-15 22:58:03.550058 https://tianchengyuanzhulhsk.fang.com/
Logger:2020-03-15 22:58:03.908101 https://fuzhouyuanyangshanshui.fang.com/
Logger:2020-03-15 22:58:13.007515 https://yueyinwanchuanyinping.fang.com/
Logger:2020-03-15 22:58:16.194809 https://152048.fang.com/
Logger:2020-03-15 22:58:19.921586 https://fz.newhouse.fang.com/house/s/b96/
Logger:2020-03-15 22:58:21.090124 https://sanmingaidingbaofl.fang.com/
Logger:2020-03-15 22:58:21.678394 https://zijinxuanfqmc.fang.com/
Logger:2020-03-15 22:58:22.080274 https://shimaoyunlong.fang.com/
Logger:2020-03-15 22:58:23.413707 https://changlezijinxuanmc.fang.com/
Logger:2020-03-15 22:58:23.738357 https://guofengchangansm0591.fang.com/
Logger:2020-03-15 22:58:24.144829 https://dongjiangwansmyy.fang.com/
Logger:2020-03-15 22:58:24.495887 https://yuelinglongbgyzr.fang.com/
Logger:2020-03-15 22:58:24.857946 https://yunshanggulingsm.fang.com/
Logger:2020-03-15 22:58:25.313592 https://yongtaiwenquanxiaozhensm.fang.com/
Logger:2020-03-15 22:58:25.671873 https://qingyunxiaozhenth.fang.com/
Logger:2020-03-15 22:58:29.369705 https://shimaoyunzun.fang.com/
Logger:2020-03-15 22:58:31.874624 https://changlecuicanbinjiangsm.fang.com/
Logger:2020-03-15 22:58:32.292470 https://jiangshandamingcheng.fang.com/
Logger:2020-03-15 22:58:32.743339 https://maoyuezhongxin.fang.com/
Logger:2020-03-15 22:58:33.088381 https://cuicanyuechengclsm.fang.com/
Logger:2020-03-15 22:58:36.253954 https://minyuewan.fang.com/
Logger:2020-03-15 22:58:36.638887 https://rongshuwanjf.fang.com/
Logger:2020-03-15 22:58:36.987958 https://tianyuebl0591.fang.com/
Logger:2020-03-15 22:58:37.360667 https://shimaoyunjing0591.fang.com/
Logger:2020-03-15 22:58:37.695329 https://guanhujunrf.fang.com/
Logger:2020-03-15 22:58:41.462090 https://fz.newhouse.fang.com/house/s/b97/
Logger:2020-03-15 22:58:41.769310 https://zhongyangmeishuhongfufs.fang.com/
Logger:2020-03-15 22:58:42.125396 https://shimaoyunchao.fang.com/
Logger:2020-03-15 22:58:42.419456 https://yunyuedongshengfs.fang.com/
Logger:2020-03-15 22:58:42.822377 https://fuyoulirenzx.fang.com/
Logger:2020-03-15 22:58:44.874768 https://zexudaoyihaorq.fang.com/
Logger:2020-03-15 22:58:45.256782 https://sanfulongjing2.fang.com/
Logger:2020-03-15 22:58:45.654819 https://huanyutianxiazh0591.fang.com/
Logger:2020-03-15 22:58:46.072335 https://tuosikanass.fang.com/villa/
Logger:2020-03-15 22:58:46.457716 https://yuejianggongguanxt.fang.com/
Logger:2020-03-15 22:58:47.153088 https://zhongkeruigu.fang.com/
Logger:2020-03-15 22:58:47.536139 https://pingtanhengdamingdu.fang.com/
Logger:2020-03-15 22:58:47.909786 https://wushanjunrf.fang.com/
Logger:2020-03-15 22:58:50.702128 https://jinhuiliyz.fang.com/
Logger:2020-03-15 22:58:51.091088 https://yangxijf.fang.com/
Logger:2020-03-15 22:58:51.491025 https://fanyuegongguanfx.fang.com/
Logger:2020-03-15 22:58:51.829611 https://rxsjc.fang.com/
Logger:2020-03-15 22:58:52.152805 https://feiliwanygc.fang.com/
Logger:2020-03-15 22:58:54.400970 https://biguiyuanboyuefu.fang.com/
Logger:2020-03-15 22:58:54.753047 https://xiangkailiantianskzg.fang.com/
Logger:2020-03-15 22:58:55.103799 https://cuicanjiangshansmyz.fang.com/
Logger:2020-03-15 22:58:58.836369 https://fz.newhouse.fang.com/house/s/b98/
Logger:2020-03-15 22:58:59.237303 https://haifudasha0591.fang.com/
Logger:2020-03-15 22:58:59.570408 https://qianlongshuangxifs.fang.com/
Logger:2020-03-15 22:59:00.043623 https://guofengjinansm.fang.com/
Logger:2020-03-15 22:59:00.681917 https://hengyuguojiguanhu.fang.com/
Logger:2020-03-15 22:59:01.068919 https://yuelanshanzr0591.fang.com/
Logger:2020-03-15 22:59:06.574797 https://yongtai.newhouse.fang.com/house/2233266066.htm
Logger:2020-03-15 22:59:06.899413 https://wankeyuncheng0591.fang.com/
Logger:2020-03-15 22:59:07.254985 https://lianjiangjianfashuxiangli.fang.com/
Logger:2020-03-15 22:59:07.657448 https://binjiangzhengrongfu0591.fang.com/
Logger:2020-03-15 22:59:08.003734 https://hanlinyihaorf.fang.com/
Logger:2020-03-15 22:59:13.301150 https://heyuecaifutianxia.fang.com/
Logger:2020-03-15 22:59:13.618301 https://jianfayuefu0591.fang.com/
Logger:2020-03-15 22:59:17.783495 https://bonaguangchanghl.fang.com/
Logger:2020-03-15 22:59:18.113685 https://youtingwanxt.fang.com/
Logger:2020-03-15 22:59:18.448806 https://changleyangguangchengfeiliwan.fang.com/
Logger:2020-03-15 22:59:21.076850 https://dingxincaifuzhongxin.fang.com/
Logger:2020-03-15 22:59:21.631643 https://puyuewanss.fang.com/
Logger:2020-03-15 22:59:22.032668 https://shourongfuskrq.fang.com/
Logger:2020-03-15 22:59:22.532385 https://minyueshuizhen.fang.com/
Logger:2020-03-15 22:59:22.950314 https://guojigongyuanss.fang.com/
Logger:2020-03-15 22:59:26.689766 https://fz.newhouse.fang.com/house/s/b99/
Logger:2020-03-15 22:59:27.029858 https://zhongtiecheng.fang.com/
Logger:2020-03-15 22:59:27.414827 https://jinxigongguanzh0591.fang.com/
Logger:2020-03-15 22:59:27.850630 https://fuminshidaiguangchang.fang.com/
Logger:2020-03-15 22:59:28.225711 https://guanhurq.fang.com/
Logger:2020-03-15 22:59:28.852401 https://meilingguanhai.fang.com/
Logger:2020-03-15 22:59:29.239366 https://feiligongyuanygc0591.fang.com/
Logger:2020-03-15 22:59:29.648845 https://taiheguangchangdeh.fang.com/shop/
Logger:2020-03-15 22:59:30.106173 https://qianlongzunpinfs0591.fang.com/
Logger:2020-03-15 22:59:30.637660 https://guishanyuanzith.fang.com/
Logger:2020-03-15 22:59:31.054035 https://fangyuanlirq.fang.com/
Logger:2020-03-15 22:59:31.396178 https://yunchengfqsm.fang.com/
Logger:2020-03-15 22:59:31.745318 https://changfuqilinwan.fang.com/
Logger:2020-03-15 22:59:32.046513 https://haixilongfengwan.fang.com/
Logger:2020-03-15 22:59:32.480351 https://panguyunshijie.fang.com/
Logger:2020-03-15 22:59:32.797413 https://shenglongzhongxin.fang.com/office/
Logger:2020-03-15 22:59:35.840735 https://heshangmeishu.fang.com/
Logger:2020-03-15 22:59:36.201758 https://xintiandiga.fang.com/
Logger:2020-03-15 22:59:36.822141 https://yuejiangwanbgyzrygc.fang.com/
Logger:2020-03-15 22:59:37.148315 https://fenghuangxianzh0591.fang.com/
Logger:2020-03-15 22:59:41.595933 https://yuegongguanrq.fang.com/
Logger:2020-03-15 22:59:45.329706 https://fz.newhouse.fang.com/house/s/b910/
Logger:2020-03-15 22:59:45.770448 https://feicuilixiwangwkfs.fang.com/
Logger:2020-03-15 22:59:46.151879 https://jinjiangshoufuxr.fang.com/
Logger:2020-03-15 22:59:46.528471 https://shangdongquskrq.fang.com/
Logger:2020-03-15 22:59:46.986243 https://cangqianjiuliwk.fang.com/
Logger:2020-03-15 22:59:47.353876 https://kaijiajiangnanli.fang.com/
Logger:2020-03-15 22:59:50.875720 https://ziguangkejiyuan.fang.com/
Logger:2020-03-15 23:00:25.325925 https://shuianjunshansm.fang.com/
Logger:2020-03-15 23:00:25.763814 https://tianhuifzbgy.fang.com/
Logger:2020-03-15 23:00:37.322474 https://changlejiadiwk.fang.com/
Logger:2020-03-15 23:00:37.660657 https://zhonglianmingcheng.fang.com/
Logger:2020-03-15 23:00:38.105114 https://binhaixinchengdieyu.fang.com/
Logger:2020-03-15 23:00:38.440220 https://aoyuankangdouzx.fang.com/
Logger:2020-03-15 23:00:38.805204 https://shanhaidaguanjfrq.fang.com/
Logger:2020-03-15 23:00:39.161503 https://yunshanshulj.fang.com/villa/
Logger:2020-03-15 23:00:39.603352 https://damingchengcl.fang.com/
Logger:2020-03-15 23:00:50.042804 https://yujingwanzl.fang.com/
Logger:2020-03-15 23:00:50.485956 https://fuqingcuicanmeijing.fang.com/
Logger:2020-03-15 23:00:51.137225 https://qianlongyupinfs.fang.com/
Logger:2020-03-15 23:00:51.535390 https://yihaoxuefu0591.fang.com/
Logger:2020-03-15 23:00:51.910142 https://hengrongtangningyihao.fang.com/
Logger:2020-03-15 23:00:56.590719 https://fz.newhouse.fang.com/house/s/b911/
Logger:2020-03-15 23:00:56.876617 https://ziyufuzh.fang.com/
Logger:2020-03-15 23:01:14.075049 https://yongtai.newhouse.fang.com/house/2233266062.htm
Logger:2020-03-15 23:01:14.401623 https://fuzhouyuanzith.fang.com/
Logger:2020-03-15 23:01:14.783695 https://yuejiangnanrq.fang.com/
Logger:2020-03-15 23:01:15.182626 https://feicuizhiguangwk0591.fang.com/
Logger:2020-03-15 23:01:15.607490 https://zhengrongfu0591.fang.com/
Logger:2020-03-15 23:01:15.984572 https://wangfucheng.fang.com/
Logger:2020-03-15 23:01:16.367783 https://xianghaishijieckzg.fang.com/
Logger:2020-03-15 23:01:16.788169 https://qianlongdadismfs.fang.com/
Logger:2020-03-15 23:01:17.172142 https://zhongyangmeishufs.fang.com/
Logger:2020-03-15 23:01:43.965504 https://gaoerfuzhuangyuanbgy.fang.com/
Logger:2020-03-15 23:01:44.403339 https://lunenggongguan0591.fang.com/
Logger:2020-03-15 23:01:54.961270 https://lunenggongguan0591.fang.com/2/
Logger:2020-03-15 23:01:55.330346 https://feicuilanduay.fang.com/
Logger:2020-03-15 23:01:55.677464 https://rongxinjiulifanghuarh.fang.com/
Logger:2020-03-15 23:01:56.063425 https://fangyuanrqygc.fang.com/
Logger:2020-03-15 23:01:56.466290 https://zhonghaijincheng0591.fang.com/
Logger:2020-03-15 23:01:56.815433 https://pingtanhengdayujingwan.fang.com/
Logger:2020-03-15 23:01:57.180455 https://xianshengdeshan.fang.com/
Logger:2020-03-15 23:01:57.628717 https://yuelongwanzr.fang.com/
Logger:2020-03-15 23:02:01.277398 https://fz.newhouse.fang.com/house/s/b912/
Logger:2020-03-15 23:02:15.096441 https://guanhaiguojigongguan.fang.com/
Logger:2020-03-15 23:02:15.440509 https://binjiangshidaifs.fang.com/
Logger:2020-03-15 23:02:16.108646 https://dadonghu.fang.com/
Logger:2020-03-15 23:02:16.461601 https://guojihaianptss.fang.com/
Logger:2020-03-15 23:02:23.035482 https://puyuebinjiangss.fang.com/
Logger:2020-03-15 23:02:23.390556 https://zhengrongrunhaipingtan.fang.com/
Logger:2020-03-15 23:02:33.298392 https://hengyuguojishangpin.fang.com/
Logger:2020-03-15 23:02:43.475558 https://huamanshuygc20591.fang.com/
Logger:2020-03-15 23:02:43.927312 https://teyichengtianjiao.fang.com/
Logger:2020-03-15 23:02:49.052694 https://changlebojingwan.fang.com/
Logger:2020-03-15 23:02:49.504628 https://yonghongguojicheng0591.fang.com/
Logger:2020-03-15 23:02:49.939612 https://tangxiehuajun.fang.com/
Logger:2020-03-15 23:03:00.068056 https://minqing.newhouse.fang.com/house/2232267120.htm
Logger:2020-03-15 23:03:00.656502 https://shuangxiyuanzhu.fang.com/
Logger:2020-03-15 23:03:01.036122 https://honggongguanfs.fang.com/
Logger:2020-03-15 23:03:01.358935 https://yonghenghaigangcheng.fang.com/
Logger:2020-03-15 23:03:01.692637 https://zhongfashoufu.fang.com/
Logger:2020-03-15 23:03:02.023746 https://huaianbandaodaguanjh.fang.com/
Logger:2020-03-15 23:03:06.368193 https://minqing.newhouse.fang.com/house/2232267122.htm
Logger:2020-03-15 23:03:06.644447 https://xishanwenquanshangpinshu.fang.com/
Logger:2020-03-15 23:03:10.389582 https://fz.newhouse.fang.com/house/s/b913/
Logger:2020-03-15 23:03:18.269806 https://huangdinggongguan.fang.com/
Logger:2020-03-15 23:03:18.636264 https://xishanwenquantianran.fang.com/
Logger:2020-03-15 23:03:18.982734 https://dingsenzhongyanggongyuanlj.fang.com/
Logger:2020-03-15 23:03:19.317243 https://zhonghuihaiyu.fang.com/
Logger:2020-03-15 23:03:19.707170 https://lanxidaguanrc.fang.com/2/
Logger:2020-03-15 23:03:26.959564 https://shijieminshangdasha.fang.com/
Logger:2020-03-15 23:03:33.981036 https://lianjiang.newhouse.fang.com/house/2229202832.htm
Logger:2020-03-15 23:03:34.295346 https://yunfengyuanzhulh0591.fang.com/
Logger:2020-03-15 23:03:34.632297 https://cuicantianchengsm0591.fang.com/
Logger:2020-03-15 23:03:35.084126 https://huaianbandaojh.fang.com/
Logger:2020-03-15 23:03:35.434190 https://yuanxilishanygcbl.fang.com/
Logger:2020-03-15 23:03:35.856635 https://tanfuygcrq.fang.com/
Logger:2020-03-15 23:03:36.332080 https://guilixiangyuanzx.fang.com/
Logger:2020-03-15 23:03:36.684709 https://hongdingtianxiazg.fang.com/
Logger:2020-03-15 23:03:37.002858 https://aolaishidaitz.fang.com/
Logger:2020-03-15 23:03:37.385869 https://gongyuanlism.fang.com/
Logger:2020-03-15 23:03:37.949484 https://fushengfeicuilifengxi.fang.com/
Logger:2020-03-15 23:03:38.305090 https://wangkecheng.fang.com/
Logger:2020-03-15 23:03:38.831685 https://conexiwanyzrx.fang.com/
Logger:2020-03-15 23:03:39.266519 https://dadonghu0591.fang.com/
Logger:2020-03-15 23:03:43.015626 https://fz.newhouse.fang.com/house/s/b914/
Logger:2020-03-15 23:03:43.319799 https://guojiwanquss.fang.com/
Logger:2020-03-15 23:03:43.747279 https://cuicantianchengsmfq.fang.com/
Logger:2020-03-15 23:03:49.614694 https://changleyihaorc.fang.com/
Logger:2020-03-15 23:03:50.065287 https://tianjunjiulongtaizy.fang.com/
Logger:2020-03-15 23:03:57.341523 https://huarongshijichengbgy.fang.com/
Logger:2020-03-15 23:03:57.746999 https://jinxiushanzhuangrf.fang.com/
Logger:2020-03-15 23:03:58.085202 https://jianfashanwaishan.fang.com/
Logger:2020-03-15 23:03:58.394477 https://minqingboyuefubgy.fang.com/
Logger:2020-03-15 23:03:58.821410 https://yangtinghuayuan.fang.com/
Logger:2020-03-15 23:03:59.229323 https://qianlongshangpinfs.fang.com/
Logger:2020-03-15 23:03:59.585872 https://yurongzhengrongfu.fang.com/
Logger:2020-03-15 23:04:00.270654 https://xiangshanxiaozhenzg.fang.com/
Logger:2020-03-15 23:04:01.084516 https://youbushuyuanjh.fang.com/
Logger:2020-03-15 23:04:01.494419 https://dinghaiwandujiacheng.fang.com/
Logger:2020-03-15 23:04:05.191298 https://shuxiangmingdiwy.fang.com/
Logger:2020-03-15 23:04:05.722710 https://yushanshuihm.fang.com/
Logger:2020-03-15 23:04:05.918831 https://zhengrongyuhuwan.fang.com/
Logger:2020-03-15 23:04:06.276866 https://changlelijingwanygc.fang.com/
Logger:2020-03-15 23:04:06.692686 https://rizhaoxiangyuanzx.fang.com/
Logger:2020-03-15 23:04:07.026954 https://zhengxiangguili.fang.com/
Logger:2020-03-15 23:04:10.851612 https://fz.newhouse.fang.com/house/s/b915/
Logger:2020-03-15 23:04:11.216607 https://fuchunchengwd.fang.com/
Logger:2020-03-15 23:04:13.582147 https://luoyuan.newhouse.fang.com/house/2231266030.htm
Logger:2020-03-15 23:04:13.916851 https://hengyuguojigongguan.fang.com/
Logger:2020-03-15 23:04:15.721620 https://tianjunhuafu0591.fang.com/
Logger:2020-03-15 23:04:18.702955 https://haixiawenhuacun.fang.com/shop/
Logger:2020-03-15 23:04:19.080869 https://bandaoyipincheng.fang.com/
Logger:2020-03-15 23:04:19.465121 https://youyichengkj.fang.com/
Logger:2020-03-15 23:04:19.974855 https://xhwyh.fang.com/
Logger:2020-03-15 23:04:20.922551 https://haitongguangchang.fang.com/
Logger:2020-03-15 23:04:23.081563 https://guojizhongxinss0591.fang.com/
Logger:2020-03-15 23:04:23.367812 https://lianjianghuangtingdanjun.fang.com/
Logger:2020-03-15 23:04:23.697297 https://shanwaishanwyjf.fang.com/
Logger:2020-03-15 23:04:24.109229 https://yongjiatiandint.fang.com/
Logger:2020-03-15 23:04:25.991154 https://guofengwuyism.fang.com/
Logger:2020-03-15 23:04:28.165887 https://binhaixiangshe.fang.com/
Logger:2020-03-15 23:04:28.627377 https://binjiangone57.fang.com/
Logger:2020-03-15 23:04:28.991476 https://wanxingcheng0591.fang.com/
Logger:2020-03-15 23:04:29.342562 https://ruyichenghx.fang.com/
Logger:2020-03-15 23:04:29.745974 https://jiangshanshuiansd.fang.com/
Logger:2020-03-15 23:04:30.395834 https://zhengxiangrizhaojialinlj.fang.com/
Logger:2020-03-15 23:04:34.333432 https://fz.newhouse.fang.com/house/s/b916/
Logger:2020-03-15 23:04:34.624599 https://xianghuixinshidaizg.fang.com/
Logger:2020-03-15 23:04:34.974419 https://shiguangshusm.fang.com/
Logger:2020-03-15 23:04:35.359382 https://ljbishuilongting0591.fang.com/
Logger:2020-03-15 23:04:35.890935 https://jinjiangjiulirq.fang.com/
Logger:2020-03-15 23:04:36.257988 https://wgwtgg.fang.com/
Logger:2020-03-15 23:04:36.576134 https://i33chengshiguangchang.fang.com/
Logger:2020-03-15 23:04:38.297453 https://huguangshanshe0591.fang.com/
Logger:2020-03-15 23:04:40.044203 https://yongtai.newhouse.fang.com/house/2233266064.htm
Logger:2020-03-15 23:04:40.452950 https://huaianshiliushanfangjh.fang.com/
Logger:2020-03-15 23:04:40.924165 https://baidufuss.fang.com/
Logger:2020-03-15 23:04:41.364423 https://feicuililuyuan.fang.com/
Logger:2020-03-15 23:04:41.711095 https://shimaoyunhan.fang.com/
Logger:2020-03-15 23:04:43.313010 https://luoyuan.newhouse.fang.com/house/2231266008.htm
Logger:2020-03-15 23:04:43.643187 https://mingchengguoji0591.fang.com/
Logger:2020-03-15 23:04:44.122882 https://xiangkaiguanhai.fang.com/
Logger:2020-03-15 23:04:44.463473 https://hengdacheng0591.fang.com/
Logger:2020-03-15 23:04:44.842936 https://binjiangguojiss0591.fang.com/
Logger:2020-03-15 23:04:45.231860 https://langqinwanhx.fang.com/
Logger:2020-03-15 23:04:45.680691 https://qingchengyipinfs.fang.com/
Logger:2020-03-15 23:04:46.072259 https://xianghuirongjiangzg.fang.com/
Logger:2020-03-15 23:04:49.788084 https://fz.newhouse.fang.com/house/s/b917/
Logger:2020-03-15 23:04:50.220803 https://jingyuelgygc.fang.com/
Logger:2020-03-15 23:04:50.572730 https://fuzhouyuelongwanhd.fang.com/
Logger:2020-03-15 23:04:54.788533 https://fuqingyihaorc.fang.com/
Logger:2020-03-15 23:04:56.735601 https://zhongyanggongyuanhr0591.fang.com/
Logger:2020-03-15 23:04:57.146776 https://sanmuhailifang.fang.com/
Logger:2020-03-15 23:04:57.536241 https://haixiweilaiqu.fang.com/
Logger:2020-03-15 23:04:57.903335 https://hengyuguojiguandi.fang.com/
Logger:2020-03-15 23:04:58.255346 https://xintongzhongxin.fang.com/
Logger:2020-03-15 23:04:58.644322 https://rxdwc.fang.com/
Logger:2020-03-15 23:04:58.994008 https://pingtanzhengrongfuguandi.fang.com/
Logger:2020-03-15 23:04:59.303221 https://cuicanxihusm.fang.com/
Logger:2020-03-15 23:05:02.686216 https://xiangjiangshijiezg.fang.com/
Logger:2020-03-15 23:05:03.078079 https://89xintiandi.fang.com/
Logger:2020-03-15 23:05:03.433633 https://jianfaxiyuan0591.fang.com/
Logger:2020-03-15 23:05:03.818588 https://wanjiaguangchang0591.fang.com/
Logger:2020-03-15 23:05:04.162688 https://caifuzhongxinzrmw.fang.com/
Logger:2020-03-15 23:05:04.593208 https://donghuwandh.fang.com/
Logger:2020-03-15 23:05:04.992233 https://yufudaotf.fang.com/
Logger:2020-03-15 23:05:06.869470 https://binhaizhongxinfz.fang.com/
Logger:2020-03-15 23:05:07.260414 https://shangdouhuitj.fang.com/
Logger:2020-03-15 23:05:11.019311 https://fz.newhouse.fang.com/house/s/b918/
Logger:2020-03-15 23:05:13.297598 https://longyanhengdalvzhou.fang.com/
Logger:2020-03-15 23:05:13.622767 https://txhhmy.fang.com/
Logger:2020-03-15 23:05:14.028179 https://binjiangyihaorc.fang.com/
Logger:2020-03-15 23:05:14.453999 https://jianfalingshu.fang.com/
Logger:2020-03-15 23:05:14.969621 https://zhongnanyuefu0591.fang.com/
Logger:2020-03-15 23:05:15.634379 https://rongxinminisu.fang.com/
Logger:2020-03-15 23:05:18.119971 https://yongtai.newhouse.fang.com/house/2233266058.htm
Logger:2020-03-15 23:05:18.453077 https://minjiang1haoqh.fang.com/
Logger:2020-03-15 23:05:18.846092 https://haiyuetianlanzf.fang.com/
Logger:2020-03-15 23:05:19.183379 https://zhonggengxianglan.fang.com/
Logger:2020-03-15 23:05:19.620789 https://tequwenyuanzx.fang.com/
Logger:2020-03-15 23:05:20.629011 https://cuicantianchengclsm.fang.com/
Logger:2020-03-15 23:05:20.984611 https://hengyuguojihuafu0591.fang.com/
Logger:2020-03-15 23:05:21.336631 https://putianhengdayuefu.fang.com/
Logger:2020-03-15 23:05:21.785430 https://zijinfuzh.fang.com/
Logger:2020-03-15 23:05:22.134159 https://lijingtianxia0591.fang.com/
Logger:2020-03-15 23:05:24.467022 https://minqing.newhouse.fang.com/house/2232267130.htm
Logger:2020-03-15 23:05:24.775197 https://zhongguoguigu.fang.com/
Logger:2020-03-15 23:05:26.788067 https://cltaihehongyu.fang.com/
Logger:2020-03-15 23:05:29.070015 https://minqing.newhouse.fang.com/house/2232267124.htm
Logger:2020-03-15 23:05:32.703945 https://fz.newhouse.fang.com/house/s/b919/
Logger:2020-03-15 23:05:34.606898 https://minqing.newhouse.fang.com/house/2232267126.htm
Logger:2020-03-15 23:05:34.874792 https://yuzhoujianqiaoxueyuan.fang.com/
Logger:2020-03-15 23:05:35.305640 https://zhengxiangtequ.fang.com/
Logger:2020-03-15 23:05:35.883095 https://chengshiguangchangjh0591.fang.com/
Logger:2020-03-15 23:05:36.266239 https://jiangbingongguandh.fang.com/
Logger:2020-03-15 23:05:36.672652 https://chuangfuzhongxinhl.fang.com/
Logger:2020-03-15 23:05:39.265014 https://yonghongmingcheng0591.fang.com/
Logger:2020-03-15 23:05:41.032111 https://kaijingyuejiangshan.fang.com/
Logger:2020-03-15 23:05:43.139714 https://yuejingtaizr.fang.com/
Logger:2020-03-15 23:05:43.587142 https://guojijinrongwanzh.fang.com/
Logger:2020-03-15 23:05:43.927742 https://tuofuguangchangfs.fang.com/
Logger:2020-03-15 23:05:44.237907 https://tianjunzunpin.fang.com/
Logger:2020-03-15 23:05:44.570018 https://qianlongzhubaochengfs.fang.com/
Logger:2020-03-15 23:05:44.983464 https://zmdhcdk0591.fang.com/
Logger:2020-03-15 23:05:47.132732 https://jiangshanyunzhujh0591.fang.com/
Logger:2020-03-15 23:05:50.863775 https://binhaijuntianxia.fang.com/
Logger:2020-03-15 23:05:53.207255 https://longdengshanjusuiyue.fang.com/
Logger:2020-03-15 23:05:55.433326 https://haitangucheng.fang.com/
Logger:2020-03-15 23:05:57.503502 https://huangtingdanjun0591.fang.com/
Logger:2020-03-15 23:05:57.811765 https://liuduhuaqiaocheng.fang.com/
Logger:2020-03-15 23:06:01.663555 https://fz.newhouse.fang.com/house/s/b920/
Logger:2020-03-15 23:06:02.094406 https://lijiatequgongguan.fang.com/
Logger:2020-03-15 23:06:02.428103 https://cairunshanhaiguan.fang.com/
Logger:2020-03-15 23:06:05.013417 https://yongtai.newhouse.fang.com/house/2233266068.htm
Logger:2020-03-15 23:06:05.333141 https://shuangjiangyujing.fang.com/
Logger:2020-03-15 23:06:09.062640 https://luoyuan.newhouse.fang.com/house/2231266034.htm
Logger:2020-03-15 23:06:09.497476 https://jiangbinguandi.fang.com/
Logger:2020-03-15 23:06:12.743507 https://luoyuan.newhouse.fang.com/house/2231266014.htm
Logger:2020-03-15 23:06:13.050652 https://tangquanyipin.fang.com/
Logger:2020-03-15 23:06:15.335579 https://dongnanguojijiancaicheng.fang.com/
Logger:2020-03-15 23:06:15.734052 https://luoyuan.newhouse.fang.com/house/2231266020.htm
Logger:2020-03-15 23:06:19.519246 https://shuianjunshansm.fang.com/2/
Logger:2020-03-15 23:06:20.128519 https://xueshifukj.fang.com/
Logger:2020-03-15 23:06:21.744296 https://youtingwan.fang.com/
Logger:2020-03-15 23:06:24.388360 https://bjsmc.fang.com/
Logger:2020-03-15 23:06:26.943003 https://shengshihaomen0591.fang.com/
Logger:2020-03-15 23:06:27.315648 https://haixiaxintiandi.fang.com/shop/
Logger:2020-03-15 23:06:29.528805 https://guanchenghaiyuntianhua.fang.com/
Logger:2020-03-15 23:06:29.937958 https://151376.fang.com/
Logger:2020-03-15 23:06:30.347867 https://jingangcheng.fang.com/
Logger:2020-03-15 23:06:37.192788 https://jiufengtairc.fang.com/
Logger:2020-03-15 23:06:41.090941 https://fz.newhouse.fang.com/house/s/b921/
Logger:2020-03-15 23:06:43.393930 https://lianbangdashasd.fang.com/
Logger:2020-03-15 23:06:43.740966 https://shanshuiwanyr0591.fang.com/
Logger:2020-03-15 23:06:44.072317 https://wanbaochengpingtan.fang.com/
Logger:2020-03-15 23:06:45.923049 https://minqing.newhouse.fang.com/house/2232267134.htm
Logger:2020-03-15 23:06:46.225243 https://wanrunwenquanhg.fang.com/
Logger:2020-03-15 23:06:47.926316 https://yongtai.newhouse.fang.com/house/2233266060.htm
Logger:2020-03-15 23:06:49.844112 https://dechengmingjun0591.fang.com/
Logger:2020-03-15 23:06:51.490352 https://caifudadaokj.fang.com/
Logger:2020-03-15 23:06:51.797595 https://zhongfuguangchangpingtan.fang.com/
Logger:2020-03-15 23:06:52.140657 https://hxjcjjc.fang.com/
Logger:2020-03-15 23:06:54.622135 https://jiaritinghai0591.fang.com/
Logger:2020-03-15 23:06:54.948592 https://waitanyihao0591.fang.com/
Logger:2020-03-15 23:06:55.981015 https://nanpingjianfayangzhu.fang.com/
Logger:2020-03-15 23:06:58.727532 https://longbinxinjie0591.fang.com/
Logger:2020-03-15 23:06:59.037913 https://haijingguojiyc.fang.com/
Logger:2020-03-15 23:07:02.154199 https://wuyishanhengdashanshuicheng.fang.com/
Logger:2020-03-15 23:07:02.594054 https://binjiangshangmaocheng.fang.com/
Logger:2020-03-15 23:07:02.926754 https://ruyichengyunzuohx.fang.com/
Logger:2020-03-15 23:07:04.769832 https://285510.fang.com/
Logger:2020-03-15 23:07:07.869682 https://guanhaiguoji.fang.com/
Logger:2020-03-15 23:07:11.752627 https://fz.newhouse.fang.com/house/s/b922/
Logger:2020-03-15 23:07:12.018042 https://wangdabinhaiguoji.fang.com/
Logger:2020-03-15 23:07:14.204035 https://haishengchengpingtan.fang.com/
Logger:2020-03-15 23:07:14.506191 https://yulongtianfenghd0591.fang.com/
Logger:2020-03-15 23:07:18.001619 https://pingtanzunjieguangchang.fang.com/
Logger:2020-03-15 23:07:18.406486 https://151362.fang.com/
Logger:2020-03-15 23:07:20.904216 https://tongyouboshihuating0591.fang.com/
Logger:2020-03-15 23:07:21.235375 https://zdzqxzddyqf.fang.com/
Logger:2020-03-15 23:07:21.635062 https://hengfengdasha0591.fang.com/
Logger:2020-03-15 23:07:21.985677 https://jinlandasha0591.fang.com/
Logger:2020-03-15 23:07:23.920380 https://luoyuan.newhouse.fang.com/house/2231266028.htm
Logger:2020-03-15 23:07:26.518528 https://honghuidiequanwan0591.fang.com/
Logger:2020-03-15 23:07:28.134263 https://shangjingfukj.fang.com/
Logger:2020-03-15 23:07:29.819718 https://haixiajiancaijiajuchengcl.fang.com/
Logger:2020-03-15 23:07:30.190726 https://nanpingyuejingwanzr.fang.com/
Logger:2020-03-15 23:07:30.794086 https://guanyuetairc.fang.com/
Logger:2020-03-15 23:07:31.191201 https://jiuxidaguanrc.fang.com/
Logger:2020-03-15 23:07:31.540295 https://efcdbjrzx.fang.com/
Logger:2020-03-15 23:07:33.949010 https://shidaihanchengrc.fang.com/
Logger:2020-03-15 23:07:36.124642 https://ljjiaritinghai.fang.com/
Logger:2020-03-15 23:07:36.524788 https://zhongfuguangchang2.fang.com/
Logger:2020-03-15 23:07:40.199403 https://fz.newhouse.fang.com/house/s/b923/
Logger:2020-03-15 23:07:41.957943 https://dadeguangcheng.fang.com/
Logger:2020-03-15 23:07:42.299380 https://tianxiangwangjun.fang.com/
Logger:2020-03-15 23:07:42.703618 https://151372.fang.com/
Logger:2020-03-15 23:07:43.092578 https://150944.fang.com/
Logger:2020-03-15 23:07:44.783381 https://lianjiang.newhouse.fang.com/house/2229202682.htm
Logger:2020-03-15 23:07:47.194095 https://minghuizhongyangjiequ.fang.com/
Logger:2020-03-15 23:07:47.572638 https://yujingzhuangyuan0591.fang.com/
Logger:2020-03-15 23:07:47.854392 https://zhonghuanguangchangrc.fang.com/
Logger:2020-03-15 23:07:49.615025 https://haixiawenhuacunlj.fang.com/
Logger:2020-03-15 23:07:50.084768 https://rongyuwaitanlj.fang.com/
Logger:2020-03-15 23:07:50.534564 https://theshore000.fang.com/
Logger:2020-03-15 23:07:51.099054 https://lianjiang.newhouse.fang.com/house/2229202788.htm
Logger:2020-03-15 23:07:55.214693 https://151374.fang.com/
Logger:2020-03-15 23:07:59.984797 https://yujingzhuangyuanlj.fang.com/
Logger:2020-03-15 23:08:00.463760 https://guianxintiandijiudian.fang.com/
Logger:2020-03-15 23:08:04.131234 https://iccslhqzx.fang.com/
Logger:2020-03-15 23:08:04.460522 https://huapuhuaerjie.fang.com/
Logger:2020-03-15 23:08:11.749633 https://qianlongguangchangfs.fang.com/office/
Logger:2020-03-15 23:08:12.180086 https://zhongshengdasha0591.fang.com/
Logger:2020-03-15 23:08:15.893214 https://fz.newhouse.fang.com/house/s/b924/
Logger:2020-03-15 23:08:19.761611 https://fz.newhouse.fang.com/house/s/b925/
Logger:2020-03-15 23:08:23.422814 https://fz.newhouse.fang.com/house/s/b926/
