Logger:2020-03-16 15:03:31.343084 https://ganzhou.newhouse.fang.com/house/s/b91/
Logger:2020-03-16 15:03:31.658741 https://xldbw0797.fang.com/
Logger:2020-03-16 15:03:32.007814 https://zhzafy.fang.com/
Logger:2020-03-16 15:03:32.455142 https://bljflxs.fang.com/
Logger:2020-03-16 15:03:38.653221 https://mdjlbd.fang.com/
Logger:2020-03-16 15:03:39.002287 https://mdakgytx.fang.com/
Logger:2020-03-16 15:03:39.413188 https://tiankongzhicheng0797.fang.com/
Logger:2020-03-16 15:03:39.773781 https://hengdayujing0797.fang.com/
Logger:2020-03-16 15:03:40.109494 https://gzldgjblc.fang.com/
Logger:2020-03-16 15:03:40.471035 https://gzflxdc.fang.com/
Logger:2020-03-16 15:03:40.894900 https://zhzalt0797.fang.com/
Logger:2020-03-16 15:03:41.223536 https://hrwxf0797.fang.com/
Logger:2020-03-16 15:03:41.670950 https://jiafuyuefu.fang.com/
Logger:2020-03-16 15:03:42.108321 https://xlyhw.fang.com/
Logger:2020-03-16 15:03:42.515232 https://hxzygc0797.fang.com/
Logger:2020-03-16 15:03:42.840452 https://xzrdc.fang.com/
Logger:2020-03-16 15:03:45.893841 https://jfsjf.fang.com/
Logger:2020-03-16 15:03:46.329676 https://hrwxgg.fang.com/
Logger:2020-03-16 15:03:46.675756 https://zsyjw0797.fang.com/
Logger:2020-03-16 15:03:47.046322 https://jiulifengshan.fang.com/
Logger:2020-03-16 15:03:47.411352 https://shengtangjiayuan0797.fang.com/
Logger:2020-03-16 15:03:51.506433 https://ganzhou.newhouse.fang.com/house/s/b92/
Logger:2020-03-16 15:03:51.787676 https://zjhjf0797.fang.com/
Logger:2020-03-16 15:03:52.114799 https://zhbjyh.fang.com/
Logger:2020-03-16 15:03:52.477842 https://hdylt0797.fang.com/
Logger:2020-03-16 15:03:55.506349 https://yxgyhf.fang.com/
Logger:2020-03-16 15:04:06.736537 [erro]&&&https://ygcflw0797.fang.com/
Logger:2020-03-16 15:04:06.890125 https://zrhrzdyrf.fang.com/
Logger:2020-03-16 15:04:07.253196 https://bllfkq.fang.com/
Logger:2020-03-16 15:04:07.597919 https://baonengtaigucheng0797.fang.com/
Logger:2020-03-16 15:04:08.088885 https://diwudadao0797.fang.com/
Logger:2020-03-16 15:04:08.447920 https://taiwancheng0797.fang.com/
Logger:2020-03-16 15:04:08.760151 https://ganzhouhengdacheng.fang.com/
Logger:2020-03-16 15:04:09.064272 https://shidaixincheng0797.fang.com/
Logger:2020-03-16 15:04:09.481424 https://caihongcheng0797.fang.com/
Logger:2020-03-16 15:04:09.827709 https://liantaitianpu.fang.com/
Logger:2020-03-16 15:04:10.189712 https://liantaitianjing.fang.com/
Logger:2020-03-16 15:04:10.508858 https://rongchengyd.fang.com/
Logger:2020-03-16 15:04:10.920323 https://zxqhy.fang.com/
Logger:2020-03-16 15:04:11.248450 https://xzwjj.fang.com/
Logger:2020-03-16 15:04:11.592169 https://zrbgyyx.fang.com/
Logger:2020-03-16 15:04:11.893363 https://lanwanbandao0797.fang.com/
Logger:2020-03-16 15:04:15.623242 https://ganzhou.newhouse.fang.com/house/s/b93/
Logger:2020-03-16 15:04:16.934717 https://zljdf.fang.com/
Logger:2020-03-16 15:04:17.520190 https://hxmlj.fang.com/
Logger:2020-03-16 15:04:17.987938 https://jfysz.fang.com/
Logger:2020-03-16 15:04:18.446107 https://kxlxw.fang.com/
Logger:2020-03-16 15:04:18.785097 https://bgyzrtl.fang.com/
Logger:2020-03-16 15:04:21.429445 https://ganzhou.newhouse.fang.com/house/2316200364.htm
Logger:2020-03-16 15:04:21.776578 https://rxhlrxt.fang.com/
Logger:2020-03-16 15:04:22.212061 https://gannandianshangchengjy.fang.com/
Logger:2020-03-16 15:04:22.582759 https://hdylthengdayuefu.fang.com/
Logger:2020-03-16 15:04:22.925841 https://bgyzrxt.fang.com/
Logger:2020-03-16 15:04:23.267925 https://gongyuandaguanyx.fang.com/
Logger:2020-03-16 15:04:25.975920 https://hqddsf.fang.com/
Logger:2020-03-16 15:04:26.434979 https://ganzhouboyuan.fang.com/
Logger:2020-03-16 15:04:26.759704 https://sycxgy.fang.com/
Logger:2020-03-16 15:04:28.567016 https://xfjfwlc.fang.com/
Logger:2020-03-16 15:04:30.769426 https://bgyhy0797.fang.com/
Logger:2020-03-16 15:04:32.916435 https://xingfucheng0797.fang.com/
Logger:2020-03-16 15:04:33.272474 https://feicuigu0797.fang.com/
Logger:2020-03-16 15:04:33.618731 https://jsstj.fang.com/
Logger:2020-03-16 15:04:34.034681 https://jiutianyujing.fang.com/
Logger:2020-03-16 15:04:37.854676 https://ganzhou.newhouse.fang.com/house/s/b94/
Logger:2020-03-16 15:04:38.195587 https://gzhdjw.fang.com/
Logger:2020-03-16 15:04:38.516720 https://taolichuntian.fang.com/
Logger:2020-03-16 15:04:38.826890 https://dinglongshilitaojiang.fang.com/
Logger:2020-03-16 15:04:39.194906 https://ysgyl.fang.com/
Logger:2020-03-16 15:04:39.573836 https://jkjmgg.fang.com/
Logger:2020-03-16 15:04:40.553539 https://cfdszg0797.fang.com/
Logger:2020-03-16 15:04:40.918562 https://dongfangjunting.fang.com/
Logger:2020-03-16 15:04:41.412272 https://hdgy0797.fang.com/
Logger:2020-03-16 15:04:41.774182 https://xingzhourundajiuxi.fang.com/
Logger:2020-03-16 15:04:42.739604 https://ycbss.fang.com/
Logger:2020-03-16 15:04:43.178807 https://cfkshy.fang.com/
Logger:2020-03-16 15:04:43.542424 https://zlyhy0797.fang.com/
Logger:2020-03-16 15:04:43.858598 https://heyishanju.fang.com/
Logger:2020-03-16 15:04:44.177702 https://xianfenglijing.fang.com/
Logger:2020-03-16 15:04:44.505824 https://kybjgj.fang.com/
Logger:2020-03-16 15:04:44.896811 https://bljfxy.fang.com/
Logger:2020-03-16 15:04:45.305190 https://baonengcheng0797.fang.com/
Logger:2020-03-16 15:04:45.650328 https://lanshanyuanzhu0797.fang.com/
Logger:2020-03-16 15:04:45.935508 https://shangyuehuafu.fang.com/
Logger:2020-03-16 15:04:46.495248 https://lgstjyf.fang.com/
Logger:2020-03-16 15:04:49.755690 https://ganzhou.newhouse.fang.com/house/s/b95/
Logger:2020-03-16 15:04:50.092040 https://gzjllw.fang.com/
Logger:2020-03-16 15:04:50.403790 https://jkgsjmtc.fang.com/
Logger:2020-03-16 15:04:50.776764 https://dyaygc.fang.com/
Logger:2020-03-16 15:04:54.399706 https://zjcxtygg.fang.com/
Logger:2020-03-16 15:04:54.733851 https://dyzyfd.fang.com/
Logger:2020-03-16 15:04:55.058167 https://myfcgg.fang.com/
Logger:2020-03-16 15:04:55.418833 https://gztmymwqdjxz.fang.com/
Logger:2020-03-16 15:04:55.718673 https://lbsljn.fang.com/
Logger:2020-03-16 15:04:56.023848 https://jjxzx.fang.com/
Logger:2020-03-16 15:04:56.333037 https://heyuan0797.fang.com/
Logger:2020-03-16 15:04:56.663108 https://yxgydd.fang.com/
Logger:2020-03-16 15:04:57.046928 https://jiumingguangchang.fang.com/
Logger:2020-03-16 15:04:57.391040 https://jiahelongcheng.fang.com/
Logger:2020-03-16 15:04:59.351757 https://shbjw.fang.com/
Logger:2020-03-16 15:04:59.688877 https://taoyuanhuafu0797.fang.com/
Logger:2020-03-16 15:05:00.049888 https://yhsdzx.fang.com/
Logger:2020-03-16 15:05:00.401026 https://gzzxts.fang.com/
Logger:2020-03-16 15:05:00.754082 https://xlylw0797.fang.com/
Logger:2020-03-16 15:05:02.817379 https://jlssrs.fang.com/
Logger:2020-03-16 15:05:03.282198 https://xgjfwlc.fang.com/
Logger:2020-03-16 15:05:07.074500 https://ganzhou.newhouse.fang.com/house/s/b96/
Logger:2020-03-16 15:05:07.383660 https://dybgy0797.fang.com/
Logger:2020-03-16 15:05:07.731754 https://chengshishangyezhongxin.fang.com/
Logger:2020-03-16 15:05:08.117512 https://wulongguiyuan.fang.com/
Logger:2020-03-16 15:05:08.452238 https://hcbgy0797.fang.com/
Logger:2020-03-16 15:05:10.622317 https://jiafuzhongxin.fang.com/
Logger:2020-03-16 15:05:10.947447 https://xgchsc.fang.com/
Logger:2020-03-16 15:05:15.934420 https://milanmingdu.fang.com/
Logger:2020-03-16 15:05:20.539082 https://hcxfl0797.fang.com/
Logger:2020-03-16 15:05:20.857384 https://ganzhou.newhouse.fang.com/house/2317185234.htm
Logger:2020-03-16 15:05:21.201442 https://xgsxhf.fang.com/
Logger:2020-03-16 15:05:21.610952 https://dongfanghaoting2.fang.com/
Logger:2020-03-16 15:05:21.917239 https://xuefushijia0797.fang.com/
Logger:2020-03-16 15:05:22.272798 https://zhongyanggongguangrc.fang.com/
Logger:2020-03-16 15:05:22.567004 https://huayuanyujing2.fang.com/
Logger:2020-03-16 15:05:22.922103 https://zhonghaitianxi.fang.com/
Logger:2020-03-16 15:05:23.213868 https://jiulilanwan.fang.com/
Logger:2020-03-16 15:05:23.538028 https://jiaxinggongyuan.fang.com/
Logger:2020-03-16 15:05:23.862716 https://jiaxingjinyuan0797.fang.com/
Logger:2020-03-16 15:05:30.051158 https://lhjxzyt.fang.com/
Logger:2020-03-16 15:05:30.400214 https://sdrjsd.fang.com/
Logger:2020-03-16 15:05:34.260100 https://ganzhou.newhouse.fang.com/house/s/b97/
Logger:2020-03-16 15:05:34.613155 https://tianxiwanhc.fang.com/
Logger:2020-03-16 15:05:34.927790 https://zdtjf.fang.com/
Logger:2020-03-16 15:05:35.313696 https://dtjlf.fang.com/
Logger:2020-03-16 15:05:35.650884 https://zlnsy0797.fang.com/
Logger:2020-03-16 15:05:39.216174 https://lxfjjss.fang.com/
Logger:2020-03-16 15:05:39.545295 https://ouzhouchenggx.fang.com/
Logger:2020-03-16 15:05:39.927195 https://zhshgc0797.fang.com/
Logger:2020-03-16 15:05:40.253322 https://zhongchuangguojicheng.fang.com/
Logger:2020-03-16 15:05:40.608985 https://xiangshanyuan0797.fang.com/
Logger:2020-03-16 15:05:43.642084 https://hjkqw.fang.com/
Logger:2020-03-16 15:05:44.003072 https://byjhy.fang.com/
Logger:2020-03-16 15:05:44.248484 https://xqsxy.fang.com/
Logger:2020-03-16 15:05:44.554278 https://qsgjmy.fang.com/
Logger:2020-03-16 15:05:44.888358 https://tangjiangfu.fang.com/
Logger:2020-03-16 15:05:45.269482 https://jiangshanwenyuan0797.fang.com/
Logger:2020-03-16 15:05:45.585190 https://blwlx.fang.com/
Logger:2020-03-16 15:05:45.905333 https://huayidaguan.fang.com/
Logger:2020-03-16 15:05:46.199589 https://gzhdgjsmwlc.fang.com/
Logger:2020-03-16 15:05:49.161858 https://jianglintianxia0797.fang.com/
Logger:2020-03-16 15:05:49.559838 https://ganzhou.newhouse.fang.com/house/2316184260.htm
Logger:2020-03-16 15:05:53.271116 https://ganzhou.newhouse.fang.com/house/s/b98/
Logger:2020-03-16 15:05:53.613202 https://jfgjht.fang.com/
Logger:2020-03-16 15:05:53.994241 https://yxnassy.fang.com/
Logger:2020-03-16 15:05:54.294522 https://cfdszx.fang.com/
Logger:2020-03-16 15:05:54.614949 https://baikuwan0797.fang.com/
Logger:2020-03-16 15:05:54.977611 https://danfenglongting0797.fang.com/
Logger:2020-03-16 15:05:55.411995 https://xinduhui0797.fang.com/
Logger:2020-03-16 15:05:55.740085 https://ysscwp.fang.com/
Logger:2020-03-16 15:05:56.111115 https://cssygc0797.fang.com/
Logger:2020-03-16 15:05:59.352405 https://obsdh.fang.com/
Logger:2020-03-16 15:05:59.788518 https://hengshengshidai.fang.com/
Logger:2020-03-16 15:06:02.274650 https://cyymysg.fang.com/
Logger:2020-03-16 15:06:02.782489 https://zhongzhaobaihui.fang.com/
Logger:2020-03-16 15:06:03.221317 https://zztswhcmsc.fang.com/
Logger:2020-03-16 15:06:03.585343 https://hanshengyayuan.fang.com/
Logger:2020-03-16 15:06:03.903098 https://hcjxxf.fang.com/
Logger:2020-03-16 15:06:04.218748 https://hxwqxz.fang.com/
Logger:2020-03-16 15:06:04.530977 https://zhongzhaoyuefu.fang.com/
Logger:2020-03-16 15:06:04.868049 https://hjlly.fang.com/
Logger:2020-03-16 15:06:05.191142 https://yangmingguojizhongxin.fang.com/
Logger:2020-03-16 15:06:08.693354 https://zggxgzgjncpjyzx.fang.com/
Logger:2020-03-16 15:06:11.951980 https://ganzhou.newhouse.fang.com/house/s/b99/
Logger:2020-03-16 15:06:12.254172 https://hongdouguojicheng.fang.com/
Logger:2020-03-16 15:06:12.652098 https://sdzhmyzx.fang.com/
Logger:2020-03-16 15:06:16.098635 https://fengjing2.fang.com/
Logger:2020-03-16 15:06:16.449790 https://llingxiushidai.fang.com/
Logger:2020-03-16 15:06:16.739964 https://jingxiuhuanyuan0797.fang.com/
Logger:2020-03-16 15:06:17.080054 https://bishuiqinwan0797.fang.com/
Logger:2020-03-16 15:06:18.383625 https://chenshihuayuan.fang.com/
Logger:2020-03-16 15:06:18.671854 https://qilijinhongwan.fang.com/
Logger:2020-03-16 15:06:18.998980 https://hanshengrongjun.fang.com/
Logger:2020-03-16 15:06:19.398322 https://rjcaifuguangchang.fang.com/
Logger:2020-03-16 15:06:19.773320 https://jinshangtianhua2.fang.com/
Logger:2020-03-16 15:06:20.085521 https://chengnanhuayuan0797.fang.com/
Logger:2020-03-16 15:06:20.386731 https://chengxinhuanyuan0797.fang.com/
Logger:2020-03-16 15:06:20.661994 https://hongdouyuan0797.fang.com/
Logger:2020-03-16 15:06:37.319209 https://ganzhoudengshicheng.fang.com/
Logger:2020-03-16 15:06:41.096882 https://ganzhou.newhouse.fang.com/house/s/b910/
Logger:2020-03-16 15:06:44.699217 https://ganzhou.newhouse.fang.com/house/s/b911/
Logger:2020-03-16 15:06:48.332931 https://ganzhou.newhouse.fang.com/house/s/b912/
