Logger:2020-03-16 20:58:11.287698 https://ganzi.newhouse.fang.com/house/s/b91/
Logger:2020-03-16 20:58:11.623838 https://rrcbgc.fang.com/
Logger:2020-03-16 20:58:15.502948 https://gzbaoliyeyu.fang.com/
Logger:2020-03-16 20:58:15.911727 https://runangshaungtieguangchang.fang.com/
Logger:2020-03-16 20:58:27.699512 https://cdicc.fang.com/
Logger:2020-03-16 20:58:28.059047 https://zhixinyijingyuan.fang.com/
Logger:2020-03-16 20:58:35.317151 https://muyawenquanxiaozhenkd.fang.com/
Logger:2020-03-16 20:58:48.448457 https://shenshanxiaoyuan.fang.com/
Logger:2020-03-16 20:58:48.866345 https://laiyinbeijungz.fang.com/
Logger:2020-03-16 20:58:49.214413 https://ganzi.newhouse.fang.com/house/3235213664.htm
Logger:2020-03-16 20:58:49.600380 https://wankechengganzi.fang.com/
Logger:2020-03-16 20:58:55.799012 https://ganzi.newhouse.fang.com/house/3235213672.htm
Logger:2020-03-16 20:59:03.830350 https://ganzi.newhouse.fang.com/house/3235213662.htm
Logger:2020-03-16 20:59:09.100527 https://ganzi.newhouse.fang.com/house/3235213674.htm
Logger:2020-03-16 20:59:09.398109 https://ganzi.newhouse.fang.com/house/3235213666.htm
Logger:2020-03-16 20:59:09.733995 https://gzzhongjianxinhuafu.fang.com/
Logger:2020-03-16 20:59:15.220141 https://xiangbalatianjie.fang.com/
Logger:2020-03-16 20:59:20.186323 https://ganzi.newhouse.fang.com/house/s/b92/
Logger:2020-03-16 20:59:23.819833 https://ganzi.newhouse.fang.com/house/s/b93/
Logger:2020-03-16 20:59:28.247151 https://ganzi.newhouse.fang.com/house/s/b94/
