Logger:2020-03-16 20:02:54.732380 https://gaoling.newhouse.fang.com/house/s/b91/
Logger:2020-03-16 20:02:55.053496 https://shangpinwanmomadd.fang.com/
Logger:2020-03-16 20:02:55.439412 https://aoyuanyufeng029.fang.com/
Logger:2020-03-16 20:02:55.774603 https://mantangyuemomaddhe.fang.com/
Logger:2020-03-16 20:02:56.218454 https://yiheshengshi029.fang.com/
Logger:2020-03-16 20:02:56.610445 https://lanhujiujunjy.fang.com/
Logger:2020-03-16 20:02:56.958476 https://jiujingchengqj.fang.com/
Logger:2020-03-16 20:02:57.436427 https://chunxijizn.fang.com/
Logger:2020-03-16 20:02:57.819404 https://jingweiguojichengsq.fang.com/
Logger:2020-03-16 20:02:58.131572 https://yijingmingyuan029.fang.com/
Logger:2020-03-16 20:02:58.534534 https://chengshilanwan.fang.com/
Logger:2020-03-16 20:02:58.923661 https://shangcengmini.fang.com/
Logger:2020-03-16 20:03:05.439383 https://weiyenasenlin.fang.com/
Logger:2020-03-16 20:03:05.782466 https://rongchenglangyue.fang.com/
Logger:2020-03-16 20:03:06.142168 https://yuejuangongyuanlixc.fang.com/
Logger:2020-03-16 20:03:06.447388 https://shuianmingzhu029.fang.com/
Logger:2020-03-16 20:03:06.799030 https://aoyunhuafu.fang.com/
Logger:2020-03-16 20:03:07.238842 https://shuibanwanxiaoyuan.fang.com/villa/
Logger:2020-03-16 20:03:07.719556 https://liwandao.fang.com/
Logger:2020-03-16 20:03:14.574453 https://xian.newhouse.fang.com/house/3610190398.htm
Logger:2020-03-16 20:03:14.946487 https://glbfrc.fang.com/
Logger:2020-03-16 20:03:19.223443 https://gaoling.newhouse.fang.com/house/s/b92/
Logger:2020-03-16 20:03:19.579537 https://glbhljy.fang.com/
Logger:2020-03-16 20:03:27.174337 https://jwfmstbd.fang.com/
Logger:2020-03-16 20:03:27.535370 https://longbowanlf.fang.com/
Logger:2020-03-16 20:03:27.835350 https://guiyuefuhc.fang.com/
Logger:2020-03-16 20:03:28.199509 https://xianglinjun.fang.com/
Logger:2020-03-16 20:03:28.541597 https://shuianhuacheng029.fang.com/
Logger:2020-03-16 20:03:28.903625 https://tianhumingjun.fang.com/
Logger:2020-03-16 20:03:29.296643 https://luyuanhuafu.fang.com/
Logger:2020-03-16 20:03:29.597298 https://hebianxiaoshutz.fang.com/
Logger:2020-03-16 20:03:29.920943 https://qunxianbeifuhx.fang.com/
Logger:2020-03-16 20:03:30.221184 https://xiushuilantian029.fang.com/
Logger:2020-03-16 20:03:30.750786 https://annaxibd.fang.com/
Logger:2020-03-16 20:03:31.170949 https://jinghuju029.fang.com/
Logger:2020-03-16 20:03:31.507023 https://yangguangyucheng.fang.com/
Logger:2020-03-16 20:03:31.816234 https://xinyuemingyuan.fang.com/
Logger:2020-03-16 20:03:32.191195 https://xinjiayuanjw.fang.com/
Logger:2020-03-16 20:03:32.535309 https://jingxiutianxia.fang.com/
Logger:2020-03-16 20:03:32.866932 https://jiuruju.fang.com/
Logger:2020-03-16 20:03:33.214004 https://gljwct.fang.com/
Logger:2020-03-16 20:03:33.573043 https://shangshuiyuanwq.fang.com/
Logger:2020-03-16 20:03:38.337616 https://gaoling.newhouse.fang.com/house/s/b93/
Logger:2020-03-16 20:03:38.546084 https://jingweiguojizhongxin.fang.com/
Logger:2020-03-16 20:03:38.842434 https://bashuiyuyuan.fang.com/
Logger:2020-03-16 20:03:40.672240 https://guanyuanyihao029.fang.com/
Logger:2020-03-16 20:03:41.212632 https://yiheshengshi029.fang.com/shop/
Logger:2020-03-16 20:03:41.499903 https://gljlgc.fang.com/
Logger:2020-03-16 20:03:41.803088 https://meiyugelou.fang.com/
Logger:2020-03-16 20:03:42.213570 https://datangguo029.fang.com/
Logger:2020-03-16 20:03:42.550349 https://weishuihaoting.fang.com/
Logger:2020-03-16 20:03:43.695817 https://glhxmx.fang.com/
Logger:2020-03-16 20:03:43.970614 https://gaochuanguangchang.fang.com/
Logger:2020-03-16 20:03:44.263864 https://shangpinxijie029.fang.com/
Logger:2020-03-16 20:03:44.597946 https://glxacjc.fang.com/
Logger:2020-03-16 20:03:48.264760 https://gaoling.newhouse.fang.com/house/s/b94/
Logger:2020-03-16 20:03:53.045285 https://gaoling.newhouse.fang.com/house/s/b95/
Logger:2020-03-16 20:03:56.777302 https://gaoling.newhouse.fang.com/house/s/b96/
