Logger:2020-03-16 14:36:05.868967 https://gaoyou.newhouse.fang.com/house/s/b91/
Logger:2020-03-16 14:36:06.148219 https://wankegy.fang.com/
Logger:2020-03-16 14:36:06.439440 https://hejinglingfeng0514.fang.com/
Logger:2020-03-16 14:36:11.998609 https://shangwenyuanhy.fang.com/
Logger:2020-03-16 14:36:12.264898 https://wanhechengld0514.fang.com/
Logger:2020-03-16 14:36:12.624893 https://gydecaiyuan.fang.com/
Logger:2020-03-16 14:36:12.987953 https://ldcjcs.fang.com/
Logger:2020-03-16 14:36:13.293105 https://baohuajunting0514.fang.com/
Logger:2020-03-16 14:36:13.640178 https://ruihebeichenyangguang.fang.com/
Logger:2020-03-16 14:36:13.934390 https://zijinhuayuan0514.fang.com/
Logger:2020-03-16 14:36:15.247876 https://225256.fang.com/
Logger:2020-03-16 14:36:15.525172 https://wylpl.fang.com/
Logger:2020-03-16 14:36:15.874200 https://dongfangyujingdongqu.fang.com/
Logger:2020-03-16 14:36:16.138493 https://hongjiwanhecheng.fang.com/
Logger:2020-03-16 14:36:16.474629 https://huiwenmingyuan.fang.com/
Logger:2020-03-16 14:36:16.819672 https://yunxishuyuanjp.fang.com/
Logger:2020-03-16 14:36:17.184737 https://wyhjw.fang.com/
Logger:2020-03-16 14:36:20.068994 https://luyuzhongyangjun0514.fang.com/
Logger:2020-03-16 14:36:23.386106 https://zhuguanghaoting.fang.com/
Logger:2020-03-16 14:36:23.686302 https://hanlinguoji0514.fang.com/
Logger:2020-03-16 14:36:23.958574 https://wuyueguangchanggy.fang.com/
Logger:2020-03-16 14:36:27.536041 https://gaoyou.newhouse.fang.com/house/s/b92/
Logger:2020-03-16 14:36:28.757773 https://luyufenghuangcheng.fang.com/
Logger:2020-03-16 14:36:29.190623 https://jinfanyipinja.fang.com/
Logger:2020-03-16 14:36:29.449920 https://zhuguanghaoting.fang.com/
Logger:2020-03-16 14:36:29.720211 https://dongjiaohuating0514.fang.com/
Logger:2020-03-16 14:36:30.983780 https://jinfanzhongxinja.fang.com/
Logger:2020-03-16 14:36:32.309235 https://wenquyuan0514.fang.com/
Logger:2020-03-16 14:36:35.970465 https://gaoyou.newhouse.fang.com/house/s/b93/
Logger:2020-03-16 14:36:39.747337 https://gaoyou.newhouse.fang.com/house/s/b94/
Logger:2020-03-16 14:36:43.288901 https://gaoyou.newhouse.fang.com/house/s/b95/
