Logger:2020-03-16 20:36:09.227549 https://guangan.newhouse.fang.com/house/s/b91/
Logger:2020-03-16 20:36:09.690859 https://chengpingshengshi.fang.com/
Logger:2020-03-16 20:36:10.250886 https://zdbcyf.fang.com/
Logger:2020-03-16 20:36:10.843302 https://tcxxhy.fang.com/
Logger:2020-03-16 20:36:11.325418 https://guangfayihao.fang.com/
Logger:2020-03-16 20:36:11.674911 https://sdjyc.fang.com/
Logger:2020-03-16 20:36:12.055891 https://zhongguangyuefu.fang.com/
Logger:2020-03-16 20:36:12.470796 https://lanhujun0826.fang.com/
Logger:2020-03-16 20:36:14.522377 https://lanyuefutl.fang.com/
Logger:2020-03-16 20:36:20.242677 https://weilaicheng0826.fang.com/
Logger:2020-03-16 20:36:20.694473 https://wushengbiguiyuan.fang.com/
Logger:2020-03-16 20:36:21.140451 https://ziyunfu0826.fang.com/
Logger:2020-03-16 20:36:23.664334 https://hxyrf.fang.com/
Logger:2020-03-16 20:36:23.973553 https://cuipingdaguan.fang.com/
Logger:2020-03-16 20:36:24.349547 https://sgd1919.fang.com/
Logger:2020-03-16 20:36:28.771755 https://shidaiguoji0826.fang.com/
Logger:2020-03-16 20:36:29.089871 https://yilinlongcheng.fang.com/3/
Logger:2020-03-16 20:36:29.393720 https://dygjjnc.fang.com/
Logger:2020-03-16 20:36:29.842892 https://feicuiwanbgy0826.fang.com/
Logger:2020-03-16 20:36:30.139965 https://dygjbnc.fang.com/
Logger:2020-03-16 20:36:30.663533 https://ziyuntai0826.fang.com/
Logger:2020-03-16 20:36:35.627577 https://guangan.newhouse.fang.com/house/s/b92/
Logger:2020-03-16 20:36:35.933814 https://ziyuntai0826.fang.com/
Logger:2020-03-16 20:36:36.252907 https://shidaitianjiao0826.fang.com/
Logger:2020-03-16 20:36:36.532158 https://jinghuayuan0826.fang.com/
Logger:2020-03-16 20:36:36.879230 https://sdxxl.fang.com/
Logger:2020-03-16 20:36:37.203960 https://bgybyf0826.fang.com/
Logger:2020-03-16 20:36:37.502072 https://tyyxgg.fang.com/
Logger:2020-03-16 20:36:37.834204 https://hsjtc.fang.com/
Logger:2020-03-16 20:36:38.215149 https://glwtj.fang.com/
Logger:2020-03-16 20:36:38.543218 https://dgzygy.fang.com/
Logger:2020-03-16 20:36:38.902033 https://mingfaguangchang.fang.com/
Logger:2020-03-16 20:36:39.228179 https://jdltf.fang.com/
Logger:2020-03-16 20:36:39.688908 https://gamfcfzx.fang.com/
Logger:2020-03-16 20:36:40.007082 https://jinkejimeitianchen0826.fang.com/
Logger:2020-03-16 20:36:40.359163 https://yinchenglingyu.fang.com/
Logger:2020-03-16 20:36:40.813781 https://hybgy0826.fang.com/
Logger:2020-03-16 20:36:41.386229 https://yiyunxiaozhen0826.fang.com/
Logger:2020-03-16 20:36:41.723118 https://xixishoufuzl.fang.com/
Logger:2020-03-16 20:36:42.026008 https://zhongshengtianhumeizhen.fang.com/
Logger:2020-03-16 20:36:42.292295 https://lcmdad.fang.com/
Logger:2020-03-16 20:36:42.652332 https://huakeshanshuicheng.fang.com/
Logger:2020-03-16 20:36:46.799419 https://guangan.newhouse.fang.com/house/s/b93/
Logger:2020-03-16 20:36:47.084645 https://dtzhxcga.fang.com/
Logger:2020-03-16 20:36:47.355919 https://jzygfy.fang.com/
Logger:2020-03-16 20:36:47.760361 https://mingmengongguan.fang.com/
Logger:2020-03-16 20:36:48.088584 https://jdcsht.fang.com/
Logger:2020-03-16 20:36:52.107598 https://hksjc.fang.com/
Logger:2020-03-16 20:36:52.490575 https://jinanyujing.fang.com/
Logger:2020-03-16 20:36:52.865574 https://shanshuiyinxiangzc.fang.com/
Logger:2020-03-16 20:36:53.179243 https://dongyuefu.fang.com/
Logger:2020-03-16 20:36:53.535388 https://huangjiafudi.fang.com/
Logger:2020-03-16 20:36:56.748508 https://blygc0826.fang.com/
Logger:2020-03-16 20:36:57.106906 https://xyzysstx.fang.com/
Logger:2020-03-16 20:37:00.085677 https://huaguancheng.fang.com/
Logger:2020-03-16 20:37:11.877346 https://yuxihupan0826.fang.com/
Logger:2020-03-16 20:37:12.230469 https://mdhsw.fang.com/
Logger:2020-03-16 20:37:12.633399 https://yujingcheng0826.fang.com/
Logger:2020-03-16 20:37:12.933559 https://jdjrgc.fang.com/
Logger:2020-03-16 20:37:13.209819 https://jtfct.fang.com/
Logger:2020-03-16 20:37:17.058867 https://binjiangtianjie.fang.com/
Logger:2020-03-16 20:37:17.350086 https://zhongyangyinzuo0826.fang.com/
Logger:2020-03-16 20:37:17.624352 https://xixiyunlu.fang.com/
Logger:2020-03-16 20:37:21.615519 https://guangan.newhouse.fang.com/house/s/b94/
Logger:2020-03-16 20:37:21.895770 https://yujingwan0826.fang.com/
Logger:2020-03-16 20:37:22.268857 https://htlxyjw.fang.com/
Logger:2020-03-16 20:37:22.550153 https://hexigongyuanxuefu.fang.com/
Logger:2020-03-16 20:37:25.258822 https://hgxfyz2.fang.com/
Logger:2020-03-16 20:37:25.621889 https://sjyarj.fang.com/
Logger:2020-03-16 20:37:25.983568 https://diyijianganyr.fang.com/
Logger:2020-03-16 20:37:26.255401 https://xinhonggongguan.fang.com/
Logger:2020-03-16 20:37:26.519313 https://wjjjgchmlj.fang.com/
Logger:2020-03-16 20:37:26.891346 https://yonglidonghuguanlan.fang.com/
Logger:2020-03-16 20:37:28.684067 https://linzhoufu.fang.com/
Logger:2020-03-16 20:37:28.983332 https://hongtonglongxinyulongwan.fang.com/
Logger:2020-03-16 20:37:29.398157 https://xuefuzhongyang0826.fang.com/3/
Logger:2020-03-16 20:37:31.962775 https://csdzjc.fang.com/
Logger:2020-03-16 20:37:32.348287 https://lcjnl.fang.com/
Logger:2020-03-16 20:37:32.649882 https://yujianghuating0826.fang.com/
Logger:2020-03-16 20:37:32.986980 https://dexinhongruhg.fang.com/
Logger:2020-03-16 20:37:34.283054 https://yxklbj.fang.com/
Logger:2020-03-16 20:37:34.598211 https://wanpinmingdian.fang.com/
Logger:2020-03-16 20:37:34.907384 https://jingangwanxx.fang.com/
Logger:2020-03-16 20:37:35.351235 https://zhongyangmeidi0826.fang.com/
Logger:2020-03-16 20:37:39.368295 https://guangan.newhouse.fang.com/house/s/b95/
Logger:2020-03-16 20:37:39.735343 https://gaylsdgc.fang.com/
Logger:2020-03-16 20:37:40.029556 https://dongyuefushangyu.fang.com/
Logger:2020-03-16 20:37:42.699869 https://lingditianxi.fang.com/
Logger:2020-03-16 20:37:42.984195 https://jinruiguoji0826.fang.com/
Logger:2020-03-16 20:37:43.296837 https://jyxfsg.fang.com/
Logger:2020-03-16 20:37:43.603980 https://xiechuangjunzuo.fang.com/
Logger:2020-03-16 20:37:43.916187 https://huangtenglongxi.fang.com/
Logger:2020-03-16 20:37:44.212961 https://jinfulijiang.fang.com/
Logger:2020-03-16 20:37:44.661322 https://luhuguojishequ.fang.com/
Logger:2020-03-16 20:37:53.366046 https://ziyujiangshan0826.fang.com/
Logger:2020-03-16 20:37:53.708173 https://lkgchy.fang.com/
Logger:2020-03-16 20:37:54.094272 https://feicuiwanhtlx.fang.com/
Logger:2020-03-16 20:37:54.433366 https://xinhongtianxi.fang.com/
Logger:2020-03-16 20:37:54.759530 https://fgfqjwg.fang.com/
Logger:2020-03-16 20:37:55.300885 https://xinjinzhuangyuan.fang.com/
Logger:2020-03-16 20:37:55.600558 https://junlingesd.fang.com/
Logger:2020-03-16 20:37:55.860861 https://shidaitianjie0826.fang.com/
Logger:2020-03-16 20:37:56.211921 https://icctianyao.fang.com/
Logger:2020-03-16 20:37:56.485255 https://youshanjun0826.fang.com/
Logger:2020-03-16 20:37:56.797949 https://xbgjsccyc2.fang.com/
Logger:2020-03-16 20:38:00.917786 https://guangan.newhouse.fang.com/house/s/b96/
Logger:2020-03-16 20:38:04.037644 https://lixinbinjiang.fang.com/
Logger:2020-03-16 20:38:04.365798 https://whgjspblc.fang.com/
Logger:2020-03-16 20:38:06.060384 https://wsnfcpjyjszx.fang.com/
Logger:2020-03-16 20:38:06.333653 https://aagjsyzx.fang.com/
Logger:2020-03-16 20:38:06.641830 https://zijinhuafu0826.fang.com/
Logger:2020-03-16 20:38:06.996915 https://guanghangjiuyuefu.fang.com/
Logger:2020-03-16 20:38:09.491928 https://meishitianjiefq.fang.com/
Logger:2020-03-16 20:38:09.793115 https://gjcfzxga.fang.com/
Logger:2020-03-16 20:38:10.075401 https://tianshiabp.fang.com/
Logger:2020-03-16 20:38:10.426399 https://caifuzhongxinhy0826.fang.com/
Logger:2020-03-16 20:38:10.759049 https://jjjcccy.fang.com/
Logger:2020-03-16 20:38:12.907793 https://jtgalyjszx.fang.com/
Logger:2020-03-16 20:38:13.192732 https://qgblcga.fang.com/
Logger:2020-03-16 20:38:15.075177 https://huanlemeishichengzh.fang.com/
Logger:2020-03-16 20:38:15.327462 https://hyklydjd.fang.com/
Logger:2020-03-16 20:38:15.595340 https://haiyuanzhixing.fang.com/
Logger:2020-03-16 20:38:17.967716 https://lzgcfgsyj0826.fang.com/
Logger:2020-03-16 20:38:18.240993 https://gaylsmc.fang.com/
Logger:2020-03-16 20:38:18.563092 https://zjshgc.fang.com/
Logger:2020-03-16 20:38:18.857379 https://yintaiqihang.fang.com/
Logger:2020-03-16 20:38:22.645456 https://guangan.newhouse.fang.com/house/s/b97/
Logger:2020-03-16 20:38:26.533331 https://guangan.newhouse.fang.com/house/s/b98/
Logger:2020-03-16 20:38:30.323690 https://guangan.newhouse.fang.com/house/s/b99/
