Logger:2020-03-16 12:49:53.523597 https://guan.newhouse.fang.com/house/s/b91/
Logger:2020-03-16 12:49:53.883605 https://wenquankongquechengnt0316.fang.com/
Logger:2020-03-16 12:49:54.267570 https://shangshuiyiyuanxy.fang.com/
Logger:2020-03-16 12:49:54.620597 https://kongquechengydh0316.fang.com/
Logger:2020-03-16 12:49:55.052432 https://zhongnanxiyue0316.fang.com/
Logger:2020-03-16 12:49:55.383586 https://fengdanbailuhuayuan.fang.com/
Logger:2020-03-16 12:49:55.734651 https://kgyhgcydhkqc.fang.com/
Logger:2020-03-16 12:49:56.080717 https://guoquancheng0316.fang.com/
Logger:2020-03-16 12:49:56.443712 https://zhonghongxinjie20316.fang.com/
Logger:2020-03-16 12:49:56.842688 https://chunhuishidai0316.fang.com/
Logger:2020-03-16 12:49:57.647496 https://fenghuangchengzd2.fang.com/
Logger:2020-03-16 12:49:57.981625 https://hongshuwank2.fang.com/
Logger:2020-03-16 12:49:58.385560 https://yuhuyuanjt.fang.com/
Logger:2020-03-16 12:49:58.799428 https://4hxkqdwc.fang.com/
Logger:2020-03-16 12:49:59.116560 https://lvchenwanhuacheng0316.fang.com/
Logger:2020-03-16 12:49:59.617245 https://longtown0316.fang.com/
Logger:2020-03-16 12:50:00.038167 https://sanshengguojicheng0316.fang.com/
Logger:2020-03-16 12:50:02.606280 https://xiangshunjiayuan.fang.com/
Logger:2020-03-16 12:50:03.238594 https://wutongjunjh.fang.com/
Logger:2020-03-16 12:50:03.704324 https://yannanjun.fang.com/
Logger:2020-03-16 12:50:04.197966 https://dibaoyihaohm0316.fang.com/
Logger:2020-03-16 12:50:07.487171 https://guan.newhouse.fang.com/house/s/b92/
Logger:2020-03-16 12:50:07.820277 https://juzhou0316.fang.com/
Logger:2020-03-16 12:50:08.202298 https://xuefuqinghua.fang.com/
Logger:2020-03-16 12:50:11.201231 https://fangzhengyingjun20316.fang.com/
Logger:2020-03-16 12:50:11.574277 https://shangchengguoji0316.fang.com/
Logger:2020-03-16 12:50:12.051958 https://dijiuqubj.fang.com/
Logger:2020-03-16 12:50:12.352152 https://hemeizijinghuayuan.fang.com/
Logger:2020-03-16 12:50:12.682270 https://huamingyunjing.fang.com/
Logger:2020-03-16 12:50:12.972543 https://meiquanyuanshulf.fang.com/
Logger:2020-03-16 12:50:13.388381 https://fanersaigongguan0316.fang.com/
Logger:2020-03-16 12:50:13.681597 https://hengjixiandaicheng.fang.com/
Logger:2020-03-16 12:50:14.012711 https://hongshanjun.fang.com/
Logger:2020-03-16 12:50:14.607158 https://meiliyuanzh.fang.com/2/
Logger:2020-03-16 12:50:14.963201 https://shangpinguoji0316.fang.com/
Logger:2020-03-16 12:50:15.327218 https://yulonggongyu0316.fang.com/2/
Logger:2020-03-16 12:50:15.648339 https://ladefangdugt0316.fang.com/
Logger:2020-03-16 12:50:15.941574 https://taiyanggongyuanjh.fang.com/
Logger:2020-03-16 12:50:19.781307 https://guan.newhouse.fang.com/house/s/b93/
Logger:2020-03-16 12:50:23.300880 https://guan.newhouse.fang.com/house/s/b94/
Logger:2020-03-16 12:50:26.967094 https://guan.newhouse.fang.com/house/s/b95/
