Logger:2020-03-15 22:07:01.640723 https://guangde.newhouse.fang.com/house/s/b91/
Logger:2020-03-15 22:07:01.920896 https://fnhly.fang.com/
Logger:2020-03-15 22:07:02.209188 https://haoyuhlhf.fang.com/
Logger:2020-03-15 22:07:04.265647 https://guangdeshangchengjiangnanfu.fang.com/
Logger:2020-03-15 22:07:07.090963 https://guangdeshiliuqingshuiwan.fang.com/
Logger:2020-03-15 22:07:07.421156 https://xianggangldgdcjkjz.fang.com/
Logger:2020-03-15 22:07:07.761246 https://gdjfxc.fang.com/
Logger:2020-03-15 22:07:09.894748 https://scbhw.fang.com/
Logger:2020-03-15 22:07:10.224383 https://guangdebyyf.fang.com/
Logger:2020-03-15 22:07:12.820109 https://xiangshengxiyue.fang.com/
Logger:2020-03-15 22:07:13.154256 https://guangdeshiliuyulanwan.fang.com/
Logger:2020-03-15 22:07:13.493341 https://jfcwf.fang.com/
Logger:2020-03-15 22:07:17.468285 https://gdjcxyrf.fang.com/
Logger:2020-03-15 22:07:17.887124 https://gdjcxylt.fang.com/
Logger:2020-03-15 22:07:20.025582 https://jcxymy.fang.com/
Logger:2020-03-15 22:07:22.211768 https://gdzljsyj.fang.com/
Logger:2020-03-15 22:07:22.535448 https://hdfcgy563.fang.com/
Logger:2020-03-15 22:07:24.740371 https://guangxinheyuan.fang.com/
Logger:2020-03-15 22:07:31.851701 https://gdxsjlf.fang.com/
Logger:2020-03-15 22:07:35.501433 https://guangde.newhouse.fang.com/house/s/b92/
Logger:2020-03-15 22:07:38.984093 https://guangde.newhouse.fang.com/house/s/b93/
Logger:2020-03-15 22:07:42.578861 https://guangde.newhouse.fang.com/house/s/b94/
