Logger:2020-03-16 20:43:29.372364 https://guangyuan.newhouse.fang.com/house/s/b91/
Logger:2020-03-16 20:43:29.709907 https://hxfhsjc.fang.com/
Logger:2020-03-16 20:43:30.535763 https://xuefuhuating0839.fang.com/
Logger:2020-03-16 20:43:31.484353 https://wandaguangchang0839.fang.com/
Logger:2020-03-16 20:43:31.801503 https://fenghuangtangchengtl.fang.com/
Logger:2020-03-16 20:43:32.101717 https://shijicheng0839.fang.com/
Logger:2020-03-16 20:43:32.408893 https://binliyangguangyl.fang.com/
Logger:2020-03-16 20:43:32.789294 https://hongxingshangyegc.fang.com/
Logger:2020-03-16 20:43:33.098431 https://tuosikanaolz.fang.com/
Logger:2020-03-16 20:43:34.799923 https://xiangsongwanjl.fang.com/
Logger:2020-03-16 20:43:35.088476 https://shuiyingchangdao0839.fang.com/
Logger:2020-03-16 20:43:35.458820 https://weiduoliyahz.fang.com/
Logger:2020-03-16 20:43:35.780901 https://bangtaikangjun.fang.com/
Logger:2020-03-16 20:43:36.117996 https://r26rongyueyangshengguzjs.fang.com/
Logger:2020-03-16 20:43:36.422221 https://oujinchengzx.fang.com/
Logger:2020-03-16 20:43:38.627986 https://dongfangxintianditr.fang.com/
Logger:2020-03-16 20:43:41.254182 https://fenghuangmingchengzg.fang.com/
Logger:2020-03-16 20:43:41.545541 https://biguiyuan0839.fang.com/
Logger:2020-03-16 20:43:42.573379 https://dongchengshidaich.fang.com/
Logger:2020-03-16 20:43:42.946418 https://balishiguang0839.fang.com/
Logger:2020-03-16 20:43:43.265538 https://nanjun0839.fang.com/
Logger:2020-03-16 20:43:47.734972 https://guangyuan.newhouse.fang.com/house/s/b92/
Logger:2020-03-16 20:43:48.050129 https://dongfangmanhadunhy.fang.com/
Logger:2020-03-16 20:43:48.315423 https://bishuiyuntianht.fang.com/
Logger:2020-03-16 20:43:48.731353 https://haibochuntiantt.fang.com/
Logger:2020-03-16 20:43:49.119542 https://sijihuachengfr.fang.com/
Logger:2020-03-16 20:43:49.462136 https://nuoweisenlinbt.fang.com/
Logger:2020-03-16 20:43:49.841123 https://shiseqingxi.fang.com/
Logger:2020-03-16 20:43:50.236065 https://shimajun.fang.com/
Logger:2020-03-16 20:43:50.584640 https://jinganlangc.fang.com/
Logger:2020-03-16 20:43:50.914707 https://caifuwangjiaokl.fang.com/
Logger:2020-03-16 20:43:54.455736 https://shangyamingduyx.fang.com/
Logger:2020-03-16 20:43:57.129601 https://shuianhuafu0839.fang.com/
Logger:2020-03-16 20:43:59.411074 https://aolinchuntian0839.fang.com/
Logger:2020-03-16 20:43:59.757146 https://jiashijiegm.fang.com/
Logger:2020-03-16 20:44:02.188716 https://fengqinlanwangj.fang.com/3/
Logger:2020-03-16 20:44:02.487877 https://tianyuefult.fang.com/
Logger:2020-03-16 20:44:02.827974 https://wankehuayuan.fang.com/
Logger:2020-03-16 20:44:03.103577 https://jushizhuangyuan.fang.com/
Logger:2020-03-16 20:44:04.724356 https://guangyuan.newhouse.fang.com/house/3217193098.htm
Logger:2020-03-16 20:44:05.001271 https://jisnmenguanyizhan.fang.com/
Logger:2020-03-16 20:44:05.396223 https://gyywgjxspc.fang.com/
Logger:2020-03-16 20:44:09.468680 https://guangyuan.newhouse.fang.com/house/s/b93/
Logger:2020-03-16 20:44:11.391325 https://wanxiangguojict.fang.com/
Logger:2020-03-16 20:44:11.704523 https://fengqinlanwangj.fang.com/
Logger:2020-03-16 20:44:13.454837 https://guangyuan.newhouse.fang.com/house/3217197136.htm
Logger:2020-03-16 20:44:17.267063 https://guangyuan.newhouse.fang.com/house/3217193094.htm
Logger:2020-03-16 20:44:17.534347 https://shuixiehuadujl.fang.com/
Logger:2020-03-16 20:44:21.933501 https://guangyuan.newhouse.fang.com/house/s/b94/
Logger:2020-03-16 20:44:26.025355 https://guangyuan.newhouse.fang.com/house/s/b95/
Logger:2020-03-16 20:44:29.718454 https://guangyuan.newhouse.fang.com/house/s/b96/
