Logger:2020-03-16 18:53:22.589232 https://guangrao.newhouse.fang.com/house/s/b91/
Logger:2020-03-16 18:53:23.094480 https://gryjjy.fang.com/
Logger:2020-03-16 18:53:23.991642 https://guangrao.newhouse.fang.com/house/2442790787.htm
Logger:2020-03-16 18:53:24.339687 https://leanjunht.fang.com/
Logger:2020-03-16 18:53:24.648391 https://zhongyanggongguanbgy.fang.com/
Logger:2020-03-16 18:53:26.675005 https://grblzy.fang.com/
Logger:2020-03-16 18:53:27.044524 https://baohaihuafu.fang.com/
Logger:2020-03-16 18:53:28.627082 https://grsnsd.fang.com/
Logger:2020-03-16 18:53:28.984330 https://grhdlc.fang.com/
Logger:2020-03-16 18:53:29.307501 https://grxcjy.fang.com/
Logger:2020-03-16 18:53:32.375929 https://gryjhjy.fang.com/
Logger:2020-03-16 18:53:32.696091 https://haitongmingjun.fang.com/
Logger:2020-03-16 18:53:34.613895 https://shengzeshuncheng.fang.com/
Logger:2020-03-16 18:53:35.108713 https://grhtys.fang.com/
Logger:2020-03-16 18:53:37.613367 https://gryjhy.fang.com/
Logger:2020-03-16 18:53:37.949394 https://jinzehuayuan20546.fang.com/
Logger:2020-03-16 18:53:38.257570 https://bhqqjy.fang.com/
Logger:2020-03-16 18:53:39.123033 https://shengshijiayuan0546.fang.com/
Logger:2020-03-16 18:53:39.494961 https://grhdhcsf.fang.com/
Logger:2020-03-16 18:53:39.799238 https://dhpjhy0546.fang.com/
Logger:2020-03-16 18:53:42.426206 https://gryjy.fang.com/
Logger:2020-03-16 18:53:46.048238 https://guangrao.newhouse.fang.com/house/s/b92/
Logger:2020-03-16 18:53:46.307546 https://lyswzx.fang.com/
Logger:2020-03-16 18:53:46.692462 https://yzswzxdw.fang.com/
Logger:2020-03-16 18:53:47.024972 https://dwfswda.fang.com/
Logger:2020-03-16 18:53:50.830831 https://gryzswzx.fang.com/
Logger:2020-03-16 18:53:51.204091 https://znsjc0546.fang.com/
Logger:2020-03-16 18:53:51.711830 https://grghy.fang.com/
Logger:2020-03-16 18:53:54.890204 https://grsjhc.fang.com/
Logger:2020-03-16 18:53:55.296242 https://kzfcc.fang.com/
Logger:2020-03-16 18:53:55.671239 https://0546chengshihuayuan.fang.com/
Logger:2020-03-16 18:53:56.090117 https://jlyp0546.fang.com/
Logger:2020-03-16 18:53:57.895810 https://bhjd0546.fang.com/
Logger:2020-03-16 18:53:58.235930 https://grjgy.fang.com/
Logger:2020-03-16 18:53:58.555230 https://szxsj0546.fang.com/
Logger:2020-03-16 18:54:00.521558 https://ljht0546.fang.com/
Logger:2020-03-16 18:54:01.089116 https://qhjy0546.fang.com/
Logger:2020-03-16 18:54:03.288770 https://grdhjd.fang.com/
Logger:2020-03-16 18:54:03.622483 https://guojiqichechenggr.fang.com/
Logger:2020-03-16 18:54:04.474168 https://grtyhyy.fang.com/
Logger:2020-03-16 18:54:04.841187 https://gryjc.fang.com/
Logger:2020-03-16 18:54:06.652835 https://grxylxc.fang.com/
Logger:2020-03-16 18:54:10.347024 https://guangrao.newhouse.fang.com/house/s/b93/
Logger:2020-03-16 18:54:11.742654 https://dy.newhouse.fang.com/house/2414733109.htm
Logger:2020-03-16 18:54:12.331194 https://lqwxjy.fang.com/
Logger:2020-03-16 18:54:16.051701 https://guangrao.newhouse.fang.com/house/s/b94/
Logger:2020-03-16 18:54:19.775046 https://guangrao.newhouse.fang.com/house/s/b95/
Logger:2020-03-16 18:54:23.373979 https://guangrao.newhouse.fang.com/house/s/b96/
