Logger:2020-03-16 01:23:39.671010 https://guigang.newhouse.fang.com/house/s/b91/
Logger:2020-03-16 01:23:39.920834 https://yingbinhuafu.fang.com/
Logger:2020-03-16 01:23:40.201818 https://shengshitianxi.fang.com/
Logger:2020-03-16 01:23:40.451654 https://yujiangwan.fang.com/
Logger:2020-03-16 01:23:40.701595 https://binjiangxuefuzt0775.fang.com/
Logger:2020-03-16 01:23:41.010780 https://xingjinjingyuan0775.fang.com/
Logger:2020-03-16 01:23:44.114057 https://tianyuehuafu0775.fang.com/
Logger:2020-03-16 01:23:44.379315 https://sshyf.fang.com/
Logger:2020-03-16 01:23:44.616269 https://shengshiyuecheng.fang.com/
Logger:2020-03-16 01:23:44.927961 https://rongchuangjiutangfu.fang.com/
Logger:2020-03-16 01:23:47.349900 https://guigangzhangtaihong.fang.com/
Logger:2020-03-16 01:23:47.599225 https://sanqianchengfg.fang.com/
Logger:2020-03-16 01:23:47.834095 https://ailishett.fang.com/
Logger:2020-03-16 01:23:49.161800 https://yuheyuangh.fang.com/
Logger:2020-03-16 01:23:50.755393 https://shengshihecheng.fang.com/
Logger:2020-03-16 01:23:51.004671 https://zhongshanjunsb.fang.com/
Logger:2020-03-16 01:23:51.238991 https://guobinshoufuzl0775.fang.com/
Logger:2020-03-16 01:23:51.535796 https://longfengjiangcheng.fang.com/
Logger:2020-03-16 01:23:54.704076 https://shilijiangwanzt.fang.com/
Logger:2020-03-16 01:23:54.954780 https://shenghuchenggh.fang.com/
Logger:2020-03-16 01:23:55.204454 https://shengshijiayuanxl.fang.com/
Logger:2020-03-16 01:23:58.849800 https://guigang.newhouse.fang.com/house/s/b92/
Logger:2020-03-16 01:24:00.505303 https://zhongliangjingyuan0775.fang.com/
Logger:2020-03-16 01:24:00.729991 https://yulongwanzt.fang.com/
Logger:2020-03-16 01:24:00.979416 https://ssqyf.fang.com/
Logger:2020-03-16 01:24:01.213899 https://rygyl.fang.com/
Logger:2020-03-16 01:24:05.406355 https://wutongyuanxy.fang.com/
Logger:2020-03-16 01:24:08.606301 https://kaixuanguoji0775.fang.com/
Logger:2020-03-16 01:24:08.856242 https://boyuanfubgyjk.fang.com/
Logger:2020-03-16 01:24:09.106916 https://haygcyf.fang.com/
Logger:2020-03-16 01:24:09.434231 https://taohuayuanxy.fang.com/
Logger:2020-03-16 01:24:09.684264 https://huataiguandi.fang.com/
Logger:2020-03-16 01:24:09.934831 https://xjlcxxlhy.fang.com/
Logger:2020-03-16 01:24:10.152880 https://zhongyangshangchengbgy.fang.com/
Logger:2020-03-16 01:24:10.434399 https://chengshizhiguangbgy0775.fang.com/
Logger:2020-03-16 01:24:10.652737 https://shengshimingcheng0775.fang.com/
Logger:2020-03-16 01:24:12.726021 https://fenghuangmingcheng0775.fang.com/
Logger:2020-03-16 01:24:12.944322 https://jinyuanxincheng0775.fang.com/
Logger:2020-03-16 01:24:14.868213 https://jiangnanjundu.fang.com/
Logger:2020-03-16 01:24:15.118887 https://shengshidonglinfu.fang.com/
Logger:2020-03-16 01:24:17.119179 https://beierxingfu.fang.com/
Logger:2020-03-16 01:24:17.384742 https://puluowangsizq0775.fang.com/
Logger:2020-03-16 01:24:20.634017 https://guigang.newhouse.fang.com/house/s/b93/
Logger:2020-03-16 01:24:20.852675 https://yujiangxincheng.fang.com/
Logger:2020-03-16 01:24:21.102615 https://jingangmingyuan.fang.com/
Logger:2020-03-16 01:24:21.368178 https://tianyueshangcheng.fang.com/3/
Logger:2020-03-16 01:24:21.633739 https://yangguangchengwenlanfu0775.fang.com/
Logger:2020-03-16 01:24:21.883761 https://guanjunchengay.fang.com/
Logger:2020-03-16 01:24:22.133639 https://songyugongguanygc.fang.com/
Logger:2020-03-16 01:24:22.368007 https://zhongliangqinghuayuan.fang.com/
Logger:2020-03-16 01:24:22.649126 https://xinyanfhc.fang.com/
Logger:2020-03-16 01:24:22.899066 https://runyuexingcheng0775.fang.com/
Logger:2020-03-16 01:24:23.712043 https://cgcfg.fang.com/
Logger:2020-03-16 01:24:26.608814 https://jinzhoushidaiguangchang.fang.com/
Logger:2020-03-16 01:24:26.905620 https://weilaichengxnj.fang.com/
Logger:2020-03-16 01:24:28.327043 https://wangangyuefu.fang.com/
Logger:2020-03-16 01:24:30.002363 https://lianbangtaigu0775.fang.com/
Logger:2020-03-16 01:24:30.252239 https://datangshijia0775.fang.com/
Logger:2020-03-16 01:24:30.486371 https://yunxingqianlongyuyuan.fang.com/
Logger:2020-03-16 01:24:30.829766 https://donghuchenggh.fang.com/
Logger:2020-03-16 01:24:32.376269 https://xingfuligr.fang.com/
Logger:2020-03-16 01:24:32.631909 https://guigangwuyueguangchang.fang.com/
Logger:2020-03-16 01:24:32.912681 https://hechengjiayuan0775.fang.com/
Logger:2020-03-16 01:24:36.147129 https://guigang.newhouse.fang.com/house/s/b94/
Logger:2020-03-16 01:24:36.365582 https://wjzhongyangcheng.fang.com/
Logger:2020-03-16 01:24:36.599839 https://xingfulishuxiangxuefu.fang.com/
Logger:2020-03-16 01:24:36.896752 https://guojigonguan0775.fang.com/
Logger:2020-03-16 01:24:37.178021 https://kaixuanxintiandi.fang.com/
Logger:2020-03-16 01:24:39.074887 https://hanlinshijia0775.fang.com/2/
Logger:2020-03-16 01:24:39.356323 https://shengshiyangguang.fang.com/
Logger:2020-03-16 01:24:41.158384 https://ggjtyf.fang.com/
Logger:2020-03-16 01:24:41.486388 https://jingangmingzhu0775.fang.com/
Logger:2020-03-16 01:24:43.270745 https://caifuguangchangdj.fang.com/
Logger:2020-03-16 01:24:43.521419 https://shengshimingdu0775.fang.com/2/
Logger:2020-03-16 01:24:43.786981 https://wangangchenggg.fang.com/
Logger:2020-03-16 01:24:44.051811 https://jdxgll2.fang.com/2/
Logger:2020-03-16 01:24:44.302235 https://wanhaolicheng0775.fang.com/
Logger:2020-03-16 01:24:44.567314 https://zhongyanggongyuan0775.fang.com/
Logger:2020-03-16 01:24:46.547649 https://kaiyueguoji0775.fang.com/
Logger:2020-03-16 01:24:48.437830 https://xiyuanju0775.fang.com/
Logger:2020-03-16 01:24:48.677475 https://jiangbinhuating0775.fang.com/
Logger:2020-03-16 01:24:50.793734 https://gtxjjgc.fang.com/
Logger:2020-03-16 01:24:52.965790 https://weiduoliyaguangchang0775.fang.com/
Logger:2020-03-16 01:24:54.433566 https://guihuamsl.fang.com/
Logger:2020-03-16 01:24:58.234779 https://guigang.newhouse.fang.com/house/s/b95/
Logger:2020-03-16 01:25:00.573498 https://huayingyipinjiangshan.fang.com/
Logger:2020-03-16 01:25:02.454546 https://jiatianxiasd.fang.com/
Logger:2020-03-16 01:25:03.313743 https://binjiangchengzd.fang.com/
Logger:2020-03-16 01:25:03.578889 https://wuyuehefu0775.fang.com/
Logger:2020-03-16 01:25:03.829564 https://huatairongyu.fang.com/
Logger:2020-03-16 01:25:05.475871 https://yuntianfuzl.fang.com/
Logger:2020-03-16 01:25:05.695288 https://xishanhuafu0775.fang.com/
Logger:2020-03-16 01:25:05.991433 https://yujiangdijing0775.fang.com/
Logger:2020-03-16 01:25:06.226218 https://dayukangcheng0775.fang.com/
Logger:2020-03-16 01:25:07.757212 https://wutongshucx.fang.com/
Logger:2020-03-16 01:25:09.771759 https://xishanquanyihaoyuan.fang.com/
Logger:2020-03-16 01:25:12.796617 https://runjingjiangdu.fang.com/
Logger:2020-03-16 01:25:13.343369 https://wutongshulc.fang.com/
Logger:2020-03-16 01:25:13.570218 https://jiangbinmingmenrd.fang.com/
Logger:2020-03-16 01:25:13.835780 https://hantangshijia0775.fang.com/
Logger:2020-03-16 01:25:16.279394 https://bushangujun.fang.com/
Logger:2020-03-16 01:25:19.247907 https://yishengyuan0775.fang.com/
Logger:2020-03-16 01:25:21.003948 https://guanlanshuxfl.fang.com/
Logger:2020-03-16 01:25:21.237833 https://lianxunxingfuli.fang.com/
Logger:2020-03-16 01:25:23.392664 https://huizhouxiaozhen.fang.com/
Logger:2020-03-16 01:25:27.017414 https://guigang.newhouse.fang.com/house/s/b96/
Logger:2020-03-16 01:25:27.189317 https://botuofeinuoglw.fang.com/
Logger:2020-03-16 01:25:28.710695 https://yangguangchengdj.fang.com/
Logger:2020-03-16 01:25:30.688590 https://xingfulixincheng.fang.com/
Logger:2020-03-16 01:25:30.954680 https://ojinglanwan.fang.com/
Logger:2020-03-16 01:25:31.189191 https://huapengguoji.fang.com/
Logger:2020-03-16 01:25:31.438722 https://fxhlsmxq.fang.com/
Logger:2020-03-16 01:25:31.654318 https://sygjqcc.fang.com/
Logger:2020-03-16 01:25:31.934823 https://jintiandasha0775.fang.com/
Logger:2020-03-16 01:25:32.138126 https://zxgwgc.fang.com/
Logger:2020-03-16 01:25:32.372772 https://guojibolanchengmjj.fang.com/
Logger:2020-03-16 01:25:35.949619 https://guigang.newhouse.fang.com/house/s/b97/
Logger:2020-03-16 01:25:39.424298 https://guigang.newhouse.fang.com/house/s/b98/
Logger:2020-03-16 01:25:42.934775 https://guigang.newhouse.fang.com/house/s/b99/
