Logger:2020-03-16 01:19:27.907944 https://guilin.newhouse.fang.com/house/s/b91/
Logger:2020-03-16 01:19:28.439067 https://xiangbinxiaozhenby.fang.com/
Logger:2020-03-16 01:19:28.756882 https://xiulanjunfu.fang.com/
Logger:2020-03-16 01:19:29.082117 https://zhongyangchenghh0773.fang.com/
Logger:2020-03-16 01:19:29.347864 https://xintiandisx0773.fang.com/
Logger:2020-03-16 01:19:29.660930 https://qianjingyufulf.fang.com/
Logger:2020-03-16 01:19:29.957988 https://wandacheng0773.fang.com/
Logger:2020-03-16 01:19:30.285783 https://guilinfulicheng.fang.com/
Logger:2020-03-16 01:19:30.583308 https://linguiwanda.fang.com/
Logger:2020-03-16 01:19:30.895459 https://shunxiangtianjiao.fang.com/
Logger:2020-03-16 01:19:31.160576 https://luhuguojishequhyn.fang.com/
Logger:2020-03-16 01:19:31.473052 https://yuexifulf.fang.com/
Logger:2020-03-16 01:19:31.816712 https://lijiangyuanjusx.fang.com/
Logger:2020-03-16 01:19:32.082235 https://hualimingchengby.fang.com/
Logger:2020-03-16 01:19:32.332176 https://yunjunashannashuixl.fang.com/
Logger:2020-03-16 01:19:32.644642 https://xichenyuanzhuas.fang.com/
Logger:2020-03-16 01:19:32.895050 https://taohuayuanzhurh.fang.com/
Logger:2020-03-16 01:19:33.192054 https://aolinpikehuayuangl.fang.com/
Logger:2020-03-16 01:19:33.456909 https://lingchuanjiutangfurc.fang.com/
Logger:2020-03-16 01:19:33.785004 https://gongyuanlilt.fang.com/
Logger:2020-03-16 01:19:34.098049 https://guilindalongfu.fang.com/
Logger:2020-03-16 01:19:37.846115 https://guilin.newhouse.fang.com/house/s/b92/
Logger:2020-03-16 01:19:38.328393 https://wandajiuzhu.fang.com/
Logger:2020-03-16 01:19:38.639050 https://yijingchengxj.fang.com/
Logger:2020-03-16 01:19:38.904612 https://guilinguilinhr.fang.com/
Logger:2020-03-16 01:19:39.201501 https://yinxiangguilinby0773.fang.com/
Logger:2020-03-16 01:19:39.513923 https://puluowangsilg0773.fang.com/
Logger:2020-03-16 01:19:39.888799 https://yunchuangguxijiangyuegd.fang.com/
Logger:2020-03-16 01:19:40.138696 https://daduhuixcas.fang.com/
Logger:2020-03-16 01:19:40.435501 https://jinheyangguangxy.fang.com/
Logger:2020-03-16 01:19:40.685582 https://guilinhengdacheng.fang.com/
Logger:2020-03-16 01:19:40.982944 https://wuyuehuafuxc.fang.com/
Logger:2020-03-16 01:19:41.294717 https://zhangtaihong0773.fang.com/
Logger:2020-03-16 01:19:43.066812 https://wuyueguangchangxc0773.fang.com/
Logger:2020-03-16 01:19:43.347996 https://guilinbgy.fang.com/
Logger:2020-03-16 01:19:43.613558 https://huanlesongzt.fang.com/
Logger:2020-03-16 01:19:43.941606 https://xuefuyihaosx.fang.com/
Logger:2020-03-16 01:19:44.223298 https://tianebaoxs.fang.com/
Logger:2020-03-16 01:19:44.519938 https://jimeidongfangjk0773.fang.com/
Logger:2020-03-16 01:19:44.837674 https://gantangfult.fang.com/
Logger:2020-03-16 01:19:45.103136 https://jinqiaoshuianzt.fang.com/
Logger:2020-03-16 01:19:45.399955 https://guilinlijiangfu.fang.com/
Logger:2020-03-16 01:19:49.098154 https://guilin.newhouse.fang.com/house/s/b93/
Logger:2020-03-16 01:19:49.347376 https://lingchuanbgy.fang.com/
Logger:2020-03-16 01:19:49.644218 https://xingjinyuyuan.fang.com/
Logger:2020-03-16 01:19:49.925899 https://huarunzhongxingl.fang.com/
Logger:2020-03-16 01:19:50.269075 https://tangdizhihuaxc.fang.com/
Logger:2020-03-16 01:19:50.581910 https://linxifurh.fang.com/
Logger:2020-03-16 01:19:50.918308 https://zhangtaizhongyangcheng.fang.com/
Logger:2020-03-16 01:19:51.230771 https://guoxuefugl.fang.com/
Logger:2020-03-16 01:19:51.629878 https://hengdaguangchanggl.fang.com/
Logger:2020-03-16 01:19:51.895940 https://dalongwan0773.fang.com/
Logger:2020-03-16 01:19:52.177153 https://guilinzhangtaixuefu.fang.com/
Logger:2020-03-16 01:19:52.489088 https://lijiangjunfuxj.fang.com/
Logger:2020-03-16 01:19:52.901769 https://banshanyunluzt.fang.com/
Logger:2020-03-16 01:19:54.167642 https://jianqiaojunbgy0773.fang.com/
Logger:2020-03-16 01:19:54.463857 https://fenghuangchengss.fang.com/
Logger:2020-03-16 01:19:54.745043 https://shidaichunxiaozc.fang.com/
Logger:2020-03-16 01:19:54.995159 https://tianxibgy0773.fang.com/
Logger:2020-03-16 01:19:55.307754 https://juzijunzt.fang.com/
Logger:2020-03-16 01:19:55.557386 https://zizaiguilin.fang.com/
Logger:2020-03-16 01:19:55.854154 https://lijiangyihaoxj.fang.com/
Logger:2020-03-16 01:19:56.150958 https://zhangtaijungl.fang.com/
Logger:2020-03-16 01:19:59.832513 https://guilin.newhouse.fang.com/house/s/b94/
Logger:2020-03-16 01:20:00.067240 https://guoyuncungl.fang.com/
Logger:2020-03-16 01:20:04.579222 https://xhxdzhysgjgy.fang.com/
Logger:2020-03-16 01:20:04.891664 https://yanlanshanzhangtai.fang.com/
Logger:2020-03-16 01:20:05.203357 https://chengzhongyaju.fang.com/
Logger:2020-03-16 01:20:05.484541 https://lijiangjinfuxj.fang.com/
Logger:2020-03-16 01:20:05.750190 https://161936.fang.com/
Logger:2020-03-16 01:20:06.047371 https://banshanyaji.fang.com/
Logger:2020-03-16 01:20:09.683296 https://lijiangwankl.fang.com/
Logger:2020-03-16 01:20:09.948859 https://gongyuanyuefutcghd.fang.com/
Logger:2020-03-16 01:20:10.261695 https://huiyuechenggh.fang.com/
Logger:2020-03-16 01:20:10.526503 https://jinsechengshipc.fang.com/
Logger:2020-03-16 01:20:10.838929 https://xianglinjun0773.fang.com/
Logger:2020-03-16 01:20:11.135786 https://shuangyuesoho.fang.com/
Logger:2020-03-16 01:20:11.427601 https://fanhualixj.fang.com/
Logger:2020-03-16 01:20:13.454126 https://xinganbiguiyuan.fang.com/
Logger:2020-03-16 01:20:13.729069 https://zhongyanghuacheng0773.fang.com/
Logger:2020-03-16 01:20:14.026262 https://dongfangtingyuan0773.fang.com/
Logger:2020-03-16 01:20:14.322678 https://tianzhutj.fang.com/
Logger:2020-03-16 01:20:16.244100 https://shanshuishangjingfh.fang.com/
Logger:2020-03-16 01:20:16.505660 https://runhongshuishang.fang.com/
Logger:2020-03-16 01:20:19.845912 https://guilin.newhouse.fang.com/house/s/b95/
Logger:2020-03-16 01:20:20.064751 https://xiyucheng.fang.com/
Logger:2020-03-16 01:20:21.891337 https://yangguangjiayuan0773.fang.com/
Logger:2020-03-16 01:20:24.235205 https://shanshuilvchengzs.fang.com/
Logger:2020-03-16 01:20:24.553327 https://xianfengjing0773.fang.com/
Logger:2020-03-16 01:20:24.865736 https://biguiyuanyuejianglp.fang.com/
Logger:2020-03-16 01:20:27.755948 https://zidongxinchengtj.fang.com/
Logger:2020-03-16 01:20:27.990757 https://guojishangmaochengrj.fang.com/
Logger:2020-03-16 01:20:30.067634 https://yinzuoguojils.fang.com/
Logger:2020-03-16 01:20:30.365172 https://detianguangchang.fang.com/
Logger:2020-03-16 01:20:30.641352 https://boerduowan.fang.com/
Logger:2020-03-16 01:20:30.906922 https://xiyuanjd.fang.com/
Logger:2020-03-16 01:20:31.204302 https://guoaolongxi.fang.com/
Logger:2020-03-16 01:20:31.476183 https://shanshuishangjingfh.fang.com/
Logger:2020-03-16 01:20:31.741702 https://meihaojiayuanyh.fang.com/
Logger:2020-03-16 01:20:32.038081 https://guilintaolichunfenglc.fang.com/
Logger:2020-03-16 01:20:34.278480 https://lingxiugongguanghd.fang.com/
Logger:2020-03-16 01:20:34.529122 https://xuefuyihao0773.fang.com/
Logger:2020-03-16 01:20:34.795353 https://hemujiagl.fang.com/
Logger:2020-03-16 01:20:35.091854 https://zhonghaijiuyue.fang.com/
Logger:2020-03-16 01:20:35.341343 https://feicuichaoting.fang.com/
Logger:2020-03-16 01:20:38.937382 https://guilin.newhouse.fang.com/house/s/b96/
Logger:2020-03-16 01:20:39.156080 https://feicuichaoting.fang.com/
Logger:2020-03-16 01:20:39.452885 https://guilinrunyuan.fang.com/
Logger:2020-03-16 01:20:39.719399 https://lijianggongguanbgy.fang.com/
Logger:2020-03-16 01:20:41.772006 https://nanxixinchengby.fang.com/
Logger:2020-03-16 01:20:44.412098 https://yangshuoshilichunfengzt.fang.com/
Logger:2020-03-16 01:20:44.709503 https://diwangguoji0773.fang.com/
Logger:2020-03-16 01:20:44.975067 https://xingjinlijiangyuefujtdc.fang.com/
Logger:2020-03-16 01:20:45.209428 https://chaoyang1hao.fang.com/
Logger:2020-03-16 01:20:47.333734 https://xingjinjingyuan.fang.com/
Logger:2020-03-16 01:20:47.629999 https://qingqingjiayuan0773.fang.com/3/
Logger:2020-03-16 01:20:50.027114 https://zhihuigongguanmc.fang.com/
Logger:2020-03-16 01:20:52.491028 https://shanshuiguojihk.fang.com/
Logger:2020-03-16 01:20:52.803506 https://jinrongdashahr.fang.com/
Logger:2020-03-16 01:20:53.100495 https://hanlinxuan.fang.com/
Logger:2020-03-16 01:20:53.350311 https://guobinbandao.fang.com/
Logger:2020-03-16 01:20:55.818549 https://dalongcheng0773.fang.com/
Logger:2020-03-16 01:20:56.099045 https://jinshuihuafu.fang.com/
Logger:2020-03-16 01:20:56.348974 https://wenyuanxuefu0773.fang.com/
Logger:2020-03-16 01:20:56.607926 https://biguiyuanyf0773.fang.com/
Logger:2020-03-16 01:20:56.883480 https://xiangheyaju0773.fang.com/
Logger:2020-03-16 01:21:00.492440 https://guilin.newhouse.fang.com/house/s/b97/
Logger:2020-03-16 01:21:00.742465 https://xinchengguoji0773.fang.com/
Logger:2020-03-16 01:21:01.086035 https://yufajintiancheng.fang.com/
Logger:2020-03-16 01:21:04.460511 https://dachengxiaoyuanzt.fang.com/
Logger:2020-03-16 01:21:04.747705 https://feihulinjumx.fang.com/
Logger:2020-03-16 01:21:07.666275 https://shanshuijunkld.fang.com/
Logger:2020-03-16 01:21:07.932552 https://xinkaiwanxiang.fang.com/
Logger:2020-03-16 01:21:08.526158 https://wanlihuatingfd.fang.com/
Logger:2020-03-16 01:21:08.884695 https://lisenshidai.fang.com/
Logger:2020-03-16 01:21:09.103886 https://lanhuguojisq.fang.com/
Logger:2020-03-16 01:21:09.384796 https://lidongxinchengjtzt.fang.com/
Logger:2020-03-16 01:21:09.681898 https://yuanxiangshuxhx.fang.com/
Logger:2020-03-16 01:21:09.962567 https://huayuqingcheng.fang.com/
Logger:2020-03-16 01:21:10.244252 https://xidichuntianhx.fang.com/
Logger:2020-03-16 01:21:10.509311 https://xinchengfudijiayuanjy.fang.com/
Logger:2020-03-16 01:21:10.884682 https://hepingjiayuannt.fang.com/
Logger:2020-03-16 01:21:11.181028 https://xingjinguangchang0773.fang.com/
Logger:2020-03-16 01:21:11.462211 https://shuiyinchanglang.fang.com/
Logger:2020-03-16 01:21:11.775207 https://shunxiangbieyuan.fang.com/
Logger:2020-03-16 01:21:12.071442 https://gyxishanguanlan.fang.com/
Logger:2020-03-16 01:21:12.352681 https://huijiacheng.fang.com/
Logger:2020-03-16 01:21:15.891556 https://guilin.newhouse.fang.com/house/s/b98/
Logger:2020-03-16 01:21:16.687911 https://duxiutianxiata.fang.com/
Logger:2020-03-16 01:21:16.954103 https://dianzishangchenggl.fang.com/
Logger:2020-03-16 01:21:17.203495 https://panguguojidujiaqugl.fang.com/
Logger:2020-03-16 01:21:17.562705 https://quanzhouhuijincheng.fang.com/
Logger:2020-03-16 01:21:19.749688 https://lijiayangguangshuyuan.fang.com/
Logger:2020-03-16 01:21:20.000347 https://longwanghaiyuewan.fang.com/
Logger:2020-03-16 01:21:20.249570 https://jinshagewx.fang.com/
Logger:2020-03-16 01:21:20.552146 https://yihaoyuanrh.fang.com/
Logger:2020-03-16 01:21:22.505337 https://guilinliuyuan.fang.com/
Logger:2020-03-16 01:21:24.314109 https://xiandaichengsx.fang.com/
Logger:2020-03-16 01:21:24.563342 https://binjiangyunshang.fang.com/
Logger:2020-03-16 01:21:24.829635 https://shuianlindi.fang.com/
Logger:2020-03-16 01:21:25.141369 https://laiyinhepai.fang.com/
Logger:2020-03-16 01:21:25.422599 https://jinjiangguojihx.fang.com/
Logger:2020-03-16 01:21:25.704160 https://caifuzhongxingl.fang.com/
Logger:2020-03-16 01:21:26.819431 https://guojishengtaichengryh.fang.com/
Logger:2020-03-16 01:21:27.053029 https://jinmaozhongxin0773.fang.com/
Logger:2020-03-16 01:21:27.302974 https://qianguguilinxh.fang.com/
Logger:2020-03-16 01:21:27.553105 https://jimeijiangshan.fang.com/
Logger:2020-03-16 01:21:27.834809 https://xianfudifx.fang.com/
Logger:2020-03-16 01:21:31.564994 https://guilin.newhouse.fang.com/house/s/b99/
Logger:2020-03-16 01:21:31.767845 https://kaifengshuangchuangguangchangct.fang.com/
Logger:2020-03-16 01:21:32.007140 https://huizehuafu.fang.com/
Logger:2020-03-16 01:21:32.367143 https://shengxiangjinyinzuo.fang.com/
Logger:2020-03-16 01:21:32.695049 https://dtshidaiguangchangdtgj.fang.com/
Logger:2020-03-16 01:21:32.960597 https://bolijunht.fang.com/
Logger:2020-03-16 01:21:33.241456 https://hongfuzhongxinzz.fang.com/
Logger:2020-03-16 01:21:33.475544 https://shuangyueshan.fang.com/
Logger:2020-03-16 01:21:35.412586 https://jianlongcheng.fang.com/
Logger:2020-03-16 01:21:35.678910 https://pinglefujiudian.fang.com/
Logger:2020-03-16 01:21:35.928089 https://junongshangmaocheng.fang.com/
Logger:2020-03-16 01:21:36.178031 https://zhangtaifengyu.fang.com/
Logger:2020-03-16 01:21:36.475350 https://yuanweilijiangyg100.fang.com/
Logger:2020-03-16 01:21:39.976964 https://guilin.newhouse.fang.com/house/s/b910/
Logger:2020-03-16 01:21:44.366437 https://guilin.newhouse.fang.com/house/s/b911/
Logger:2020-03-16 01:21:48.102742 https://guilin.newhouse.fang.com/house/s/b912/
