Logger:2020-03-16 16:34:43.803919 https://guyuan.newhouse.fang.com/house/s/b91/
Logger:2020-03-16 16:34:44.226789 https://shimaochengps.fang.com/
Logger:2020-03-16 16:34:50.203251 https://guyuancocomicheng.fang.com/
Logger:2020-03-16 16:34:50.537358 https://mingrixingchenggy.fang.com/
Logger:2020-03-16 16:34:50.832656 https://guyuan.newhouse.fang.com/house/3914185802.htm
Logger:2020-03-16 16:34:51.196406 https://gyhuafuhaoting.fang.com/
Logger:2020-03-16 16:34:51.556438 https://guyuantaihejiayuan.fang.com/
Logger:2020-03-16 16:34:54.709758 https://jinzunfuhf.fang.com/
Logger:2020-03-16 16:34:57.104431 https://guyuan.newhouse.fang.com/house/3914184402.htm
Logger:2020-03-16 16:35:06.615114 https://gyjiulongjiayuan.fang.com/
Logger:2020-03-16 16:35:10.959038 https://guyuan.newhouse.fang.com/house/3914189776.htm
Logger:2020-03-16 16:35:11.286211 https://zhongbojiatianxia.fang.com/
Logger:2020-03-16 16:35:11.606071 https://guyuanruigu.fang.com/
Logger:2020-03-16 16:35:11.932187 https://guyuandonghaitaiyangcheng.fang.com/
Logger:2020-03-16 16:35:14.879922 https://jcygjygy.fang.com/
Logger:2020-03-16 16:35:19.483042 https://guyuan.newhouse.fang.com/house/3914184414.htm
Logger:2020-03-16 16:35:19.804182 https://guyuan.newhouse.fang.com/house/3914191566.htm
Logger:2020-03-16 16:35:22.321235 https://lvshujinyuangy.fang.com/
Logger:2020-03-16 16:35:22.733746 https://guyuan.newhouse.fang.com/house/3914185060.htm
Logger:2020-03-16 16:35:23.904635 https://guyuan.newhouse.fang.com/house/3914190030.htm
Logger:2020-03-16 16:35:24.267301 https://guyuanshangxixintiandi.fang.com/
Logger:2020-03-16 16:35:27.605980 https://guyuan.newhouse.fang.com/house/s/b92/
Logger:2020-03-16 16:35:27.919912 https://guyuanzheshangguoji.fang.com/
Logger:2020-03-16 16:35:28.259554 https://ximenhuayuanxiqu.fang.com/
Logger:2020-03-16 16:35:31.344971 https://guyuan.newhouse.fang.com/house/3914190394.htm
Logger:2020-03-16 16:35:31.671689 https://wanguoshangyeguangchang.fang.com/
Logger:2020-03-16 16:35:33.082286 https://xilanyinwuliuyuan.fang.com/
Logger:2020-03-16 16:35:35.782346 https://jnsxxflguyuan.fang.com/
Logger:2020-03-16 16:35:36.060601 https://shangduguojigy.fang.com/
Logger:2020-03-16 16:35:38.915229 https://guyuan.newhouse.fang.com/house/3914183866.htm
Logger:2020-03-16 16:35:42.649389 https://guyuan.newhouse.fang.com/house/s/b93/
Logger:2020-03-16 16:35:46.397840 https://guyuan.newhouse.fang.com/house/s/b94/
Logger:2020-03-16 16:35:50.053102 https://guyuan.newhouse.fang.com/house/s/b95/
