Logger:2020-03-16 01:43:18.867002 https://gy.newhouse.fang.com/house/s/b91/
Logger:2020-03-16 01:43:20.079907 https://guojichengzgtj0851.fang.com/
Logger:2020-03-16 01:43:20.345530 https://zhongtieyuelongdongjun.fang.com/
Logger:2020-03-16 01:43:20.640352 https://guizhouzhiguangsg.fang.com/
Logger:2020-03-16 01:43:20.937655 https://xinchengxiyuetai.fang.com/
Logger:2020-03-16 01:43:21.187634 https://duhuiguangchanghd.fang.com/
Logger:2020-03-16 01:43:21.452642 https://hengfengguiyangzhongxin.fang.com/
Logger:2020-03-16 01:43:21.734360 https://guobinfumd.fang.com/
Logger:2020-03-16 01:43:21.984478 https://qingxiu2046.fang.com/
Logger:2020-03-16 01:43:22.256276 https://hengdachajungy.fang.com/
Logger:2020-03-16 01:43:22.538056 https://chuntiandadaobl.fang.com/
Logger:2020-03-16 01:43:22.881727 https://xintiandiflgy.fang.com/
Logger:2020-03-16 01:43:23.443800 https://nanmingyufuhdgy.fang.com/
Logger:2020-03-16 01:43:23.772262 https://longlidongfangjk.fang.com/
Logger:2020-03-16 01:43:24.068349 https://huarunyuefugy.fang.com/
Logger:2020-03-16 01:43:24.318685 https://xuhuiguanyun.fang.com/
Logger:2020-03-16 01:43:24.615848 https://huaxiyuanzimd.fang.com/
Logger:2020-03-16 01:43:24.865036 https://yuelongnanshanzt.fang.com/
Logger:2020-03-16 01:43:25.146749 https://shuanglongzhenyunhechuntian.fang.com/
Logger:2020-03-16 01:43:25.411782 https://fanhualiyunjinyunxi.fang.com/
Logger:2020-03-16 01:43:25.662221 https://yiduguojizt.fang.com/
Logger:2020-03-16 01:43:28.905080 https://gy.newhouse.fang.com/house/s/b92/
Logger:2020-03-16 01:43:29.170642 https://fanhualiyunjinyunxi.fang.com/
Logger:2020-03-16 01:43:29.436673 https://yiduguojizt.fang.com/
Logger:2020-03-16 01:43:29.702401 https://jiuyuefurc.fang.com/
Logger:2020-03-16 01:43:29.967405 https://wenhualvyouchenghdgy.fang.com/
Logger:2020-03-16 01:43:30.279756 https://biguiyuanfenghuangcheng0851.fang.com/
Logger:2020-03-16 01:43:30.623819 https://longhujinglintianzhu.fang.com/
Logger:2020-03-16 01:43:30.873366 https://yundingyipinbgy.fang.com/
Logger:2020-03-16 01:43:31.123307 https://weilaifangzhouzt.fang.com/
Logger:2020-03-16 01:43:31.545081 https://feicuitianjiaowk.fang.com/
Logger:2020-03-16 01:43:31.811231 https://guiyangzhongliangyihaoyuan.fang.com/
Logger:2020-03-16 01:43:32.076207 https://zhongjianhuafu.fang.com/
Logger:2020-03-16 01:43:32.381987 https://shanyuchengga.fang.com/
Logger:2020-03-16 01:43:32.663136 https://guiyangyuanyangfengjing.fang.com/
Logger:2020-03-16 01:43:32.898145 https://xinghuibgy0851.fang.com/
Logger:2020-03-16 01:43:33.148106 https://dazhihuiqs.fang.com/
Logger:2020-03-16 01:43:33.475441 https://biguiyuanbaihuali.fang.com/
Logger:2020-03-16 01:43:33.710275 https://rongchuangjiujingguoji.fang.com/
Logger:2020-03-16 01:43:33.959660 https://chamaguzhenbgy.fang.com/
Logger:2020-03-16 01:43:34.303424 https://feicuibinjiangwk0851.fang.com/
Logger:2020-03-16 01:43:34.615793 https://binhezuoangyhd.fang.com/
Logger:2020-03-16 01:43:37.882930 https://gy.newhouse.fang.com/house/s/b93/
Logger:2020-03-16 01:43:38.117239 https://xinanshangchengbgy.fang.com/
Logger:2020-03-16 01:43:38.430091 https://guiyangrongchuangcheng.fang.com/
Logger:2020-03-16 01:43:38.664462 https://baijingguztgjstc.fang.com/
Logger:2020-03-16 01:43:38.929589 https://zhongyangguangchanghd0851.fang.com/
Logger:2020-03-16 01:43:39.195072 https://jrcgjsqzt.fang.com/
Logger:2020-03-16 01:43:41.116492 https://zhihuichengshibn.fang.com/
Logger:2020-03-16 01:43:41.366433 https://yuandashengtaifengjing.fang.com/3/
Logger:2020-03-16 01:43:41.663996 https://gongyuan2010bl.fang.com/
Logger:2020-03-16 01:43:41.991285 https://zhishangxichenfu.fang.com/
Logger:2020-03-16 01:43:42.241908 https://wanhaoshuangyuefu.fang.com/
Logger:2020-03-16 01:43:42.491169 https://chuntangfusjgz.fang.com/
Logger:2020-03-16 01:43:42.756768 https://lidaguojingb.fang.com/
Logger:2020-03-16 01:43:43.102926 https://hengteshanyuhu.fang.com/
Logger:2020-03-16 01:43:43.352867 https://tongquetai0851.fang.com/
Logger:2020-03-16 01:43:43.634050 https://flzx.fang.com/
Logger:2020-03-16 01:43:43.946936 https://yinhaiyuanlongxifu.fang.com/
Logger:2020-03-16 01:43:44.228004 https://longlidajiankangchengbeicheng.fang.com/
Logger:2020-03-16 01:43:45.031640 https://fulidongnanfukl.fang.com/
Logger:2020-03-16 01:43:45.265755 https://zhongtianwuxiang.fang.com/
Logger:2020-03-16 01:43:45.548677 https://hengdadijinggy.fang.com/
Logger:2020-03-16 01:43:49.312915 https://gy.newhouse.fang.com/house/s/b94/
Logger:2020-03-16 01:43:49.546897 https://lewanguoji.fang.com/
Logger:2020-03-16 01:43:49.812379 https://hengdazhongyanggongyuan.fang.com/
Logger:2020-03-16 01:43:50.109879 https://wankelushan0851.fang.com/
Logger:2020-03-16 01:43:50.359346 https://yueshanhuzt.fang.com/
Logger:2020-03-16 01:43:50.687907 https://xinshijiehuayuanjy.fang.com/
Logger:2020-03-16 01:43:50.921900 https://zhonghaiyingshanhu.fang.com/
Logger:2020-03-16 01:43:51.191865 https://xiandaichengypd.fang.com/
Logger:2020-03-16 01:43:51.472810 https://zhongyangguoji0851.fang.com/
Logger:2020-03-16 01:43:52.775766 https://141150.fang.com/
Logger:2020-03-16 01:43:54.079041 https://wankexinduhui.fang.com/
Logger:2020-03-16 01:43:54.344258 https://yuandashangjie2.fang.com/
Logger:2020-03-16 01:43:54.610672 https://rcjcf.fang.com/
Logger:2020-03-16 01:43:54.876084 https://rongchuangyunhushili.fang.com/
Logger:2020-03-16 01:43:55.173046 https://shoukaizijun.fang.com/
Logger:2020-03-16 01:43:55.516760 https://guanfuyihao.fang.com/
Logger:2020-03-16 01:43:55.824010 https://wankefeicuigongyuan.fang.com/
Logger:2020-03-16 01:43:56.152059 https://zhongnanlinyue0851.fang.com/
Logger:2020-03-16 01:43:56.417702 https://gygjjrzx.fang.com/
Logger:2020-03-16 01:43:56.668261 https://mengxiangchengbdzy.fang.com/
Logger:2020-03-16 01:43:56.917758 https://dongyuanlangyue.fang.com/
Logger:2020-03-16 01:44:00.570249 https://gy.newhouse.fang.com/house/s/b95/
Logger:2020-03-16 01:44:00.788401 https://zhongnanchunfengnanan.fang.com/
Logger:2020-03-16 01:44:01.038726 https://xinlichengld0851.fang.com/
Logger:2020-03-16 01:44:01.288151 https://yinxianghuaxibgy.fang.com/
Logger:2020-03-16 01:44:01.600671 https://lixiangchengwkgy.fang.com/
Logger:2020-03-16 01:44:01.866776 https://longhuhushanyuanzhu.fang.com/
Logger:2020-03-16 01:44:02.100957 https://xishanjun.fang.com/
Logger:2020-03-16 01:44:02.397874 https://nanhulijr.fang.com/
Logger:2020-03-16 01:44:04.422436 https://jinkejinmaojiuhualinyun.fang.com/
Logger:2020-03-16 01:44:04.672378 https://qingxiunanting.fang.com/
Logger:2020-03-16 01:44:04.953561 https://junfachenggy.fang.com/
Logger:2020-03-16 01:44:05.234745 https://jingshanfu.fang.com/
Logger:2020-03-16 01:44:05.500888 https://qilongbinjiangjing.fang.com/
Logger:2020-03-16 01:44:08.475989 https://yihuafu.fang.com/
Logger:2020-03-16 01:44:08.716741 https://youshanyuejing.fang.com/
Logger:2020-03-16 01:44:09.029486 https://jimeiyangguangjk0851.fang.com/
Logger:2020-03-16 01:44:11.200904 https://taiyangguztgjlydjq.fang.com/
Logger:2020-03-16 01:44:11.466655 https://qihangzhongxinygc.fang.com/
Logger:2020-03-16 01:44:11.731710 https://daduhuihuayangwk.fang.com/
Logger:2020-03-16 01:44:12.054417 https://ziyuanruichengzijingfu.fang.com/
Logger:2020-03-16 01:44:12.304357 https://qingoujiaoyutiandi.fang.com/
Logger:2020-03-16 01:44:16.120014 https://gy.newhouse.fang.com/house/s/b96/
Logger:2020-03-16 01:44:16.339290 https://huaxibiguiyuan.fang.com/
Logger:2020-03-16 01:44:16.641067 https://ddmomwlc0851.fang.com/
Logger:2020-03-16 01:44:16.890989 https://guiandiyicheng.fang.com/
Logger:2020-03-16 01:44:17.140633 https://rongchuangyunluchanglin.fang.com/
Logger:2020-03-16 01:44:17.414401 https://guangdashangcheng0851.fang.com/
Logger:2020-03-16 01:44:17.664141 https://meidiguangchang0851.fang.com/
Logger:2020-03-16 01:44:17.930370 https://languangyongjinfu0851.fang.com/
Logger:2020-03-16 01:44:18.195253 https://luhugong0851.fang.com/
Logger:2020-03-16 01:44:18.460734 https://yuhushangchengys.fang.com/
Logger:2020-03-16 01:44:18.741921 https://yintelagenxiaozhensgs.fang.com/
Logger:2020-03-16 01:44:19.038742 https://yihaodayuan0851.fang.com/
Logger:2020-03-16 01:44:19.304285 https://huaxi26duggs.fang.com/
Logger:2020-03-16 01:44:19.616899 https://biguiyuandaxueyinxiang0851.fang.com/
Logger:2020-03-16 01:44:19.867182 https://litianyoushengmeidi.fang.com/
Logger:2020-03-16 01:44:20.101494 https://eshidaith.fang.com/
Logger:2020-03-16 01:44:20.319694 https://141110.fang.com/
Logger:2020-03-16 01:44:20.647766 https://141792.fang.com/
Logger:2020-03-16 01:44:20.897660 https://jindiyunluyihao.fang.com/
Logger:2020-03-16 01:44:21.148015 https://zhonghuanguojiyuehu.fang.com/
Logger:2020-03-16 01:44:21.460027 https://yunjianxishanhtbgy.fang.com/
Logger:2020-03-16 01:44:24.719877 https://gy.newhouse.fang.com/house/s/b97/
Logger:2020-03-16 01:44:24.938301 https://yuandashangjie.fang.com/
Logger:2020-03-16 01:44:25.172737 https://juyubandaoguojipl.fang.com/
Logger:2020-03-16 01:44:25.390886 https://141690.fang.com/
Logger:2020-03-16 01:44:25.657013 https://qingshuiwan0851.fang.com/
Logger:2020-03-16 01:44:25.906868 https://141812.fang.com/
Logger:2020-03-16 01:44:26.157061 https://141428.fang.com/
Logger:2020-03-16 01:44:26.406271 https://guilongyunzhu.fang.com/
Logger:2020-03-16 01:44:26.687455 https://141806.fang.com/
Logger:2020-03-16 01:44:26.937909 https://141418.fang.com/
Logger:2020-03-16 01:44:27.250337 https://141814.fang.com/
Logger:2020-03-16 01:44:27.515388 https://141802.fang.com/
Logger:2020-03-16 01:44:27.750414 https://141816.fang.com/
Logger:2020-03-16 01:44:27.999645 https://wanhuachengyh.fang.com/
Logger:2020-03-16 01:44:28.483956 https://longyaodongfang.fang.com/
Logger:2020-03-16 01:44:28.781096 https://yangguangchengwangxiang.fang.com/
Logger:2020-03-16 01:44:29.030799 https://141856.fang.com/
Logger:2020-03-16 01:44:29.280592 https://hengdachenggy.fang.com/
Logger:2020-03-16 01:44:29.640505 https://guianyihaobgy.fang.com/
Logger:2020-03-16 01:44:29.999757 https://zhongtieyueshanhuyunzhu.fang.com/
Logger:2020-03-16 01:44:30.280611 https://weilaichenghdgy.fang.com/
Logger:2020-03-16 01:44:33.890420 https://gy.newhouse.fang.com/house/s/b98/
Logger:2020-03-16 01:44:34.140929 https://guifu.fang.com/
Logger:2020-03-16 01:44:34.405883 https://gyqzxcwygc.fang.com/
Logger:2020-03-16 01:44:34.718342 https://guiyangyujing.fang.com/
Logger:2020-03-16 01:44:34.968945 https://yunshangjiuzhou.fang.com/
Logger:2020-03-16 01:44:35.296810 https://mengxiangdiancheng.fang.com/
Logger:2020-03-16 01:44:35.577481 https://huaxidaduhuiwk.fang.com/
Logger:2020-03-16 01:44:35.921554 https://junlintianxia0851.fang.com/
Logger:2020-03-16 01:44:36.202380 https://qzyikunshangpin.fang.com/
Logger:2020-03-16 01:44:36.499182 https://languangyongjinwan0851.fang.com/
Logger:2020-03-16 01:44:36.749080 https://xinduhuild0851.fang.com/
Logger:2020-03-16 01:44:37.077533 https://qzyuanxingyujinghuafu.fang.com/
Logger:2020-03-16 01:44:37.311496 https://fuyuanguojidh.fang.com/
Logger:2020-03-16 01:44:37.640136 https://zhonghuanguoji0851.fang.com/
Logger:2020-03-16 01:44:37.957199 https://kuanchengguojiym.fang.com/
Logger:2020-03-16 01:44:38.316528 https://tianyuewan2.fang.com/
Logger:2020-03-16 01:44:38.628916 https://huaguoyuan.fang.com/
Logger:2020-03-16 01:44:38.941749 https://rongchuangjiujingtai.fang.com/
Logger:2020-03-16 01:44:39.207344 https://xingfuli0851.fang.com/
Logger:2020-03-16 01:44:39.564298 https://manyuewanymh.fang.com/
Logger:2020-03-16 01:44:42.100686 https://xingzuobgy.fang.com/
Logger:2020-03-16 01:44:45.349655 https://gy.newhouse.fang.com/house/s/b99/
Logger:2020-03-16 01:44:45.600135 https://yinheshiji.fang.com/
Logger:2020-03-16 01:44:45.911806 https://nanyuedayuanhl.fang.com/
Logger:2020-03-16 01:44:46.255550 https://xuefuli.fang.com/
Logger:2020-03-16 01:44:47.255280 https://baihuaxinyuan0851.fang.com/
Logger:2020-03-16 01:44:47.516239 https://longchengfubgy.fang.com/
Logger:2020-03-16 01:44:47.782806 https://ztgjlydjq.fang.com/
Logger:2020-03-16 01:44:48.413590 https://xinlichenld0851.fang.com/
Logger:2020-03-16 01:44:48.684987 https://tianyiguojiguangchang2.fang.com/
Logger:2020-03-16 01:44:48.919305 https://guilongheyuefu.fang.com/
Logger:2020-03-16 01:44:49.200994 https://duocaiguizhoucheng.fang.com/
Logger:2020-03-16 01:44:49.451163 https://linjuyq.fang.com/
Logger:2020-03-16 01:44:49.715999 https://zhongguotiejianshanyucheng.fang.com/
Logger:2020-03-16 01:44:49.950716 https://fanhualigy.fang.com/
Logger:2020-03-16 01:44:50.231496 https://zhongyangdajiehf.fang.com/
Logger:2020-03-16 01:44:50.497563 https://xlfdblcshy.fang.com/
Logger:2020-03-16 01:44:50.731378 https://feicuishangu.fang.com/
Logger:2020-03-16 01:44:50.997020 https://ztgjstcyqg.fang.com/
Logger:2020-03-16 01:44:51.309454 https://beishangyujing.fang.com/
Logger:2020-03-16 01:44:51.543902 https://guiyangyihao.fang.com/
Logger:2020-03-16 01:44:51.778073 https://fuxingfengjing.fang.com/
Logger:2020-03-16 01:44:55.449013 https://gy.newhouse.fang.com/house/s/b910/
Logger:2020-03-16 01:44:55.667792 https://qzzhongyanggongyuan.fang.com/
Logger:2020-03-16 01:44:55.886966 https://qiyeyuntaiguangchang.fang.com/
Logger:2020-03-16 01:44:56.121303 https://shijiedaobt.fang.com/
Logger:2020-03-16 01:44:56.355587 https://huarunguojishequ0851.fang.com/
Logger:2020-03-16 01:44:58.006273 https://hengdaguanshanyuefu.fang.com/
Logger:2020-03-16 01:44:58.256229 https://zhiyuechengjiayuan.fang.com/
Logger:2020-03-16 01:44:58.521355 https://sijiguizhou.fang.com/
Logger:2020-03-16 01:44:58.771604 https://wanhaobinjianggongguan.fang.com/
Logger:2020-03-16 01:44:59.068420 https://yulongbanwan.fang.com/
Logger:2020-03-16 01:44:59.318318 https://dadichuncheng0851.fang.com/
Logger:2020-03-16 01:44:59.630170 https://xingdaoguojijl.fang.com/
Logger:2020-03-16 01:44:59.958216 https://binhewanyihaojl.fang.com/
Logger:2020-03-16 01:45:00.223779 https://qingzhenshengshijiangnan.fang.com/
Logger:2020-03-16 01:45:00.474172 https://guiyangzhonghuanyihao.fang.com/
Logger:2020-03-16 01:45:00.708087 https://junyueguoji0851.fang.com/
Logger:2020-03-16 01:45:01.005248 https://qilongchengshigc.fang.com/
Logger:2020-03-16 01:45:01.223673 https://tianyiguanshanyue.fang.com/
Logger:2020-03-16 01:45:01.473530 https://daguanguanfu.fang.com/
Logger:2020-03-16 01:45:01.707803 https://xintiandiky.fang.com/
Logger:2020-03-16 01:45:01.989595 https://fengwujun.fang.com/
Logger:2020-03-16 01:45:05.673288 https://gy.newhouse.fang.com/house/s/b911/
Logger:2020-03-16 01:45:05.892603 https://xiuwenbiguiyuan.fang.com/
Logger:2020-03-16 01:45:06.142303 https://guilonggangr26longjingshu.fang.com/
Logger:2020-03-16 01:45:08.085128 https://kyykxc.fang.com/
Logger:2020-03-16 01:45:08.366612 https://huangfuguoji.fang.com/
Logger:2020-03-16 01:45:08.647179 https://fulihuating0851.fang.com/
Logger:2020-03-16 01:45:08.881594 https://taishengguoji0851.fang.com/
Logger:2020-03-16 01:45:09.163437 https://jingshifangtxy.fang.com/
Logger:2020-03-16 01:45:10.349901 https://yunkaiguoji.fang.com/
Logger:2020-03-16 01:45:10.615463 https://wanggoushengtaichenglmd.fang.com/
Logger:2020-03-16 01:45:10.849884 https://lvdichengtoulongyuecheng.fang.com/
Logger:2020-03-16 01:45:11.084183 https://fenghuangqi20851.fang.com/
Logger:2020-03-16 01:45:11.366044 https://gongyuanliht0851.fang.com/
Logger:2020-03-16 01:45:11.631332 https://jingdiantiancheng.fang.com/
Logger:2020-03-16 01:45:11.927652 https://shigemingmen.fang.com/
Logger:2020-03-16 01:45:12.240080 https://chengshiguangchanghf0851.fang.com/
Logger:2020-03-16 01:45:13.601802 https://rongchuangfumingxishang.fang.com/
Logger:2020-03-16 01:45:13.836563 https://qingzhenzhutoudaduhui.fang.com/
Logger:2020-03-16 01:45:14.070817 https://quantianxiaquanchengshoufu.fang.com/
Logger:2020-03-16 01:45:14.351587 https://chuntianligy.fang.com/
Logger:2020-03-16 01:45:14.601567 https://xiangxiemeiyu.fang.com/
Logger:2020-03-16 01:45:18.148268 https://gy.newhouse.fang.com/house/s/b912/
Logger:2020-03-16 01:45:18.366264 https://youhuogongyuan.fang.com/
Logger:2020-03-16 01:45:18.648080 https://baifenzhi1moduzt.fang.com/
Logger:2020-03-16 01:45:18.882484 https://haoting5hao.fang.com/
Logger:2020-03-16 01:45:19.116466 https://yangmingxiaozhen.fang.com/
Logger:2020-03-16 01:45:20.778375 https://tonghaoyunjingtai.fang.com/
Logger:2020-03-16 01:45:21.028774 https://longmenzhenwhlyxm.fang.com/
Logger:2020-03-16 01:45:21.263172 https://huizhanchengzt.fang.com/
Logger:2020-03-16 01:45:21.528753 https://canglongge.fang.com/
Logger:2020-03-16 01:45:21.794333 https://ludaoguoji2.fang.com/
Logger:2020-03-16 01:45:22.044103 https://taolichunfenggylc.fang.com/
Logger:2020-03-16 01:45:22.299145 https://xindongwenquanxiaozhen.fang.com/
Logger:2020-03-16 01:45:22.564021 https://daguanweichengdujiagongyuan.fang.com/
Logger:2020-03-16 01:45:22.813261 https://julehuily.fang.com/
Logger:2020-03-16 01:45:23.399350 https://caifuyihao20851.fang.com/
Logger:2020-03-16 01:45:23.649248 https://lianjiangshengtaichengql.fang.com/
Logger:2020-03-16 01:45:23.915567 https://shiguangguizhou.fang.com/
Logger:2020-03-16 01:45:24.165111 https://shidaiguangchangga.fang.com/
Logger:2020-03-16 01:45:24.446695 https://141694.fang.com/
Logger:2020-03-16 01:45:24.695485 https://fulimaiguzhongxin.fang.com/
Logger:2020-03-16 01:45:24.930001 https://lugongguan.fang.com/
Logger:2020-03-16 01:45:28.490912 https://gy.newhouse.fang.com/house/s/b913/
Logger:2020-03-16 01:45:28.699925 https://baojieqianzhongyihaoga.fang.com/
Logger:2020-03-16 01:45:30.917562 https://qzhonghuguoji.fang.com/
Logger:2020-03-16 01:45:31.152490 https://141782.fang.com/
Logger:2020-03-16 01:45:31.433288 https://jinkelvtouyangminghu.fang.com/
Logger:2020-03-16 01:45:31.667941 https://141852.fang.com/
Logger:2020-03-16 01:45:31.948568 https://zhongtiezhiye5haozuopin.fang.com/
Logger:2020-03-16 01:45:32.183282 https://qingyunduhui.fang.com/
Logger:2020-03-16 01:45:32.446014 https://141790.fang.com/
Logger:2020-03-16 01:45:34.055872 https://guangdachengmanjie.fang.com/
Logger:2020-03-16 01:45:34.320959 https://sanjiaohuayuan20851.fang.com/
Logger:2020-03-16 01:45:34.602702 https://141804.fang.com/
Logger:2020-03-16 01:45:34.837196 https://qilongshangwugang.fang.com/
Logger:2020-03-16 01:45:35.148890 https://hongxinglierguangchang.fang.com/
Logger:2020-03-16 01:45:35.414451 https://cslyzhtjh.fang.com/
Logger:2020-03-16 01:45:35.649503 https://shangheguoji.fang.com/
Logger:2020-03-16 01:45:35.914815 https://baiyunzhongxin.fang.com/
Logger:2020-03-16 01:45:36.149146 https://wanxiangspace.fang.com/
Logger:2020-03-16 01:45:36.430250 https://141786.fang.com/
Logger:2020-03-16 01:45:36.686328 https://taixiangguoji.fang.com/
Logger:2020-03-16 01:45:36.935820 https://yxsmgscdsj.fang.com/
Logger:2020-03-16 01:45:40.153504 https://gy.newhouse.fang.com/house/s/b914/
Logger:2020-03-16 01:45:40.408404 https://lingzhidongmenxindu.fang.com/
Logger:2020-03-16 01:45:40.626375 https://mxctjyhzt.fang.com/
Logger:2020-03-16 01:45:40.845543 https://cxzygc.fang.com/
Logger:2020-03-16 01:45:41.141945 https://141798.fang.com/
Logger:2020-03-16 01:45:41.376291 https://141636.fang.com/
Logger:2020-03-16 01:45:41.652752 https://141630.fang.com/
Logger:2020-03-16 01:45:41.902603 https://141748.fang.com/
Logger:2020-03-16 01:45:43.761040 https://xwdlmcgc1.fang.com/
Logger:2020-03-16 01:45:43.964118 https://141700.fang.com/
Logger:2020-03-16 01:45:44.260966 https://141788.fang.com/
Logger:2020-03-16 01:45:44.563646 https://141260.fang.com/
Logger:2020-03-16 01:45:46.391352 https://141638.fang.com/
Logger:2020-03-16 01:45:46.657635 https://guojidibaicheng.fang.com/
Logger:2020-03-16 01:45:46.970051 https://hushanjun.fang.com/
Logger:2020-03-16 01:45:47.204149 https://huanqiuaolaizhongxin.fang.com/
Logger:2020-03-16 01:45:47.438430 https://shuanglongruyiyuanzi.fang.com/
Logger:2020-03-16 01:45:47.672452 https://maideguoji.fang.com/
Logger:2020-03-16 01:45:47.938257 https://beidaziyuanbinfenguangchang.fang.com/
Logger:2020-03-16 01:45:48.187791 https://141696.fang.com/
Logger:2020-03-16 01:45:48.422867 https://nanyuanxiaoquzs.fang.com/
Logger:2020-03-16 01:45:51.688731 https://gy.newhouse.fang.com/house/s/b915/
Logger:2020-03-16 01:45:52.835190 https://diaochenttmall3.fang.com/
Logger:2020-03-16 01:45:56.365748 https://gy.newhouse.fang.com/house/s/b916/
Logger:2020-03-16 01:45:59.828999 https://gy.newhouse.fang.com/house/s/b917/
Logger:2020-03-16 01:46:03.303419 https://gy.newhouse.fang.com/house/s/b918/
