Logger:2020-03-15 23:48:49.218011 https://gz.newhouse.fang.com/house/s/b91/
Logger:2020-03-15 23:48:49.661564 https://hushanguojihs.fang.com/
Logger:2020-03-15 23:48:50.250179 https://yayunchenggz.fang.com/
Logger:2020-03-15 23:48:50.760815 https://yushanguojihj.fang.com/
Logger:2020-03-15 23:48:51.385074 https://shanhailianchengkd.fang.com/
Logger:2020-03-15 23:48:51.796487 https://fenghuyujing.fang.com/
Logger:2020-03-15 23:48:52.411813 https://xingfuyuwk.fang.com/
Logger:2020-03-15 23:48:53.045107 https://shuangqiao8haokd.fang.com/
Logger:2020-03-15 23:48:55.672219 https://tongyuehrljjm.fang.com/
Logger:2020-03-15 23:48:56.098145 https://174436.fang.com/
Logger:2020-03-15 23:48:56.477342 https://shanhaiwanxh020.fang.com/
Logger:2020-03-15 23:48:56.974569 https://jinbihuayuanhd.fang.com/
Logger:2020-03-15 23:48:58.934648 https://lansehaiwanzj.fang.com/
Logger:2020-03-15 23:48:59.314155 https://daguojingblzhjd.fang.com/
Logger:2020-03-15 23:48:59.793463 https://baolitianhui020.fang.com/
Logger:2020-03-15 23:49:00.310042 https://wendexiansheng.fang.com/
Logger:2020-03-15 23:49:00.682619 https://174788.fang.com/
Logger:2020-03-15 23:49:01.051740 https://yuelongztnd.fang.com/
Logger:2020-03-15 23:49:01.429303 https://boshiwanzj.fang.com/
Logger:2020-03-15 23:49:01.852107 https://174348.fang.com/
Logger:2020-03-15 23:49:02.217131 https://173422.fang.com/
Logger:2020-03-15 23:49:05.926479 https://gz.newhouse.fang.com/house/s/b92/
Logger:2020-03-15 23:49:06.228333 https://173422.fang.com/
Logger:2020-03-15 23:49:06.679101 https://quantianxiafl.fang.com/
Logger:2020-03-15 23:49:11.539882 https://174850.fang.com/
Logger:2020-03-15 23:49:13.323292 https://yihaobandaofl2.fang.com/
Logger:2020-03-15 23:49:13.718791 https://pinxiuxingyue.fang.com/
Logger:2020-03-15 23:49:14.094868 https://pinxiuxingtu.fang.com/
Logger:2020-03-15 23:49:14.645351 https://lantingshenghui.fang.com/
Logger:2020-03-15 23:49:15.039310 https://yueyuntaibl.fang.com/
Logger:2020-03-15 23:49:15.413976 https://nuodemingzhuzgzt.fang.com/
Logger:2020-03-15 23:49:15.847966 https://jimeiyufengjk.fang.com/
Logger:2020-03-15 23:49:16.228968 https://yunheshuhy.fang.com/
Logger:2020-03-15 23:49:16.576976 https://lanjinggzlh.fang.com/
Logger:2020-03-15 23:49:17.055712 https://ziyourenhuayuan.fang.com/
Logger:2020-03-15 23:49:17.662840 https://zonghenglanyun.fang.com/
Logger:2020-03-15 23:49:18.016830 https://yunshanfutj.fang.com/
Logger:2020-03-15 23:49:18.382920 https://xinghuihaizhuwanyx.fang.com/
Logger:2020-03-15 23:49:18.847953 https://wankechenggz.fang.com/
Logger:2020-03-15 23:49:19.211631 https://zhujianghuachenggz.fang.com/
Logger:2020-03-15 23:49:19.632562 https://huahaiwanbl.fang.com/
Logger:2020-03-15 23:49:20.276348 https://jinmaowanlsd.fang.com/
Logger:2020-03-15 23:49:24.024628 https://gz.newhouse.fang.com/house/s/b93/
Logger:2020-03-15 23:49:24.333800 https://jinmaoguangchangth.fang.com/
Logger:2020-03-15 23:49:24.809602 https://longguangtianpu.fang.com/
Logger:2020-03-15 23:49:25.209551 https://shidaitianhui020.fang.com/
Logger:2020-03-15 23:49:25.527696 https://yunfengyuanzhulh.fang.com/
Logger:2020-03-15 23:49:25.929200 https://yuzhugangbl.fang.com/
Logger:2020-03-15 23:49:26.282194 https://fengsheng101.fang.com/
Logger:2020-03-15 23:49:26.715037 https://langyunhuayuan.fang.com/
Logger:2020-03-15 23:49:27.145468 https://tianjuanfenglj.fang.com/
Logger:2020-03-15 23:49:27.530132 https://jiangnanfuhf.fang.com/
Logger:2020-03-15 23:49:27.940060 https://175260.fang.com/
Logger:2020-03-15 23:49:28.280224 https://zhaoshangzhenyuan020.fang.com/
Logger:2020-03-15 23:49:28.618245 https://zhongyanggongyuanhf.fang.com/
Logger:2020-03-15 23:49:29.026763 https://dongfangmingdugyd.fang.com/
Logger:2020-03-15 23:49:29.531410 https://yujingshanshuichengzg.fang.com/
Logger:2020-03-15 23:49:30.174233 https://hengdayufu.fang.com/
Logger:2020-03-15 23:49:30.657945 https://huayulingnanzgtj.fang.com/
Logger:2020-03-15 23:49:31.008118 https://liuanxiaofeng020.fang.com/
Logger:2020-03-15 23:49:31.344643 https://ziyuefudh.fang.com/
Logger:2020-03-15 23:49:31.705680 https://lvhuguojichengmj.fang.com/
Logger:2020-03-15 23:49:32.326017 https://yuanyangtianjiao.fang.com/
Logger:2020-03-15 23:49:37.117971 https://gz.newhouse.fang.com/house/s/b94/
Logger:2020-03-15 23:49:37.504018 https://yunhuhuachengps.fang.com/
Logger:2020-03-15 23:49:37.958701 https://guojigongguanzgtj020.fang.com/
Logger:2020-03-15 23:49:38.308811 https://xueyuanliflty.fang.com/
Logger:2020-03-15 23:49:38.669768 https://nanfangshuilianfy.fang.com/
Logger:2020-03-15 23:49:39.142630 https://yunyixsj.fang.com/
Logger:2020-03-15 23:49:39.541618 https://895402.fang.com/
Logger:2020-03-15 23:49:39.958609 https://yunzhumd.fang.com/
Logger:2020-03-15 23:49:40.348624 https://shiguangnianbl.fang.com/
Logger:2020-03-15 23:49:41.029459 https://bocuimingzhujk.fang.com/
Logger:2020-03-15 23:49:41.484749 https://qingchengzhongxinsd.fang.com/
Logger:2020-03-15 23:49:41.870745 https://rongyujrjgz.fang.com/
Logger:2020-03-15 23:49:42.354419 https://qiangweiguojisdgz.fang.com/
Logger:2020-03-15 23:49:42.830146 https://285356.fang.com/
Logger:2020-03-15 23:49:43.275822 https://weilaisenlinwk.fang.com/
Logger:2020-03-15 23:49:43.672761 https://yiquanjincuiyx.fang.com/
Logger:2020-03-15 23:49:44.160456 https://shunfengcuiyuan.fang.com/
Logger:2020-03-15 23:49:44.607114 https://haiyuxianzgtj.fang.com/
Logger:2020-03-15 23:49:44.968120 https://chunfengshiliwk.fang.com/
Logger:2020-03-15 23:49:45.408937 https://930226.fang.com/
Logger:2020-03-15 23:49:45.876726 https://174982.fang.com/
Logger:2020-03-15 23:49:49.861943 https://gz.newhouse.fang.com/house/s/b95/
Logger:2020-03-15 23:49:50.248902 https://174642.fang.com/
Logger:2020-03-15 23:49:53.037207 https://kaidewandai.fang.com/
Logger:2020-03-15 23:49:53.391247 https://174562.fang.com/
Logger:2020-03-15 23:49:53.787590 https://284960.fang.com/
Logger:2020-03-15 23:49:54.220236 https://174776.fang.com/
Logger:2020-03-15 23:49:54.554355 https://174748.fang.com/
Logger:2020-03-15 23:49:54.938836 https://174836.fang.com/
Logger:2020-03-15 23:49:56.655677 https://ziweigongguansd.fang.com/
Logger:2020-03-15 23:49:57.045453 https://binhaixinchengyx.fang.com/
Logger:2020-03-15 23:49:57.657108 https://jinselichengwkzc.fang.com/
Logger:2020-03-15 23:49:58.140778 https://dazhuangmingcheng.fang.com/
Logger:2020-03-15 23:49:58.640517 https://yunxisiji.fang.com/
Logger:2020-03-15 23:49:59.207791 https://shuanglongyuanzhulh020.fang.com/
Logger:2020-03-15 23:49:59.659512 https://zhujiangwanns.fang.com/
Logger:2020-03-15 23:50:00.363669 https://hejingtianjun.fang.com/
Logger:2020-03-15 23:50:00.825029 https://pinxiuxinghan.fang.com/
Logger:2020-03-15 23:50:01.194888 https://tianyunhujing.fang.com/
Logger:2020-03-15 23:50:01.740404 https://xiangshanhujd.fang.com/
Logger:2020-03-15 23:50:02.472174 https://huawanyihaozh.fang.com/
Logger:2020-03-15 23:50:02.904147 https://ruifu020.fang.com/
Logger:2020-03-15 23:50:06.936900 https://gz.newhouse.fang.com/house/s/b96/
Logger:2020-03-15 23:50:07.240068 https://yundingbgy.fang.com/
Logger:2020-03-15 23:50:07.572156 https://zhenlin.fang.com/
Logger:2020-03-15 23:50:07.986045 https://zanglongfu.fang.com/
Logger:2020-03-15 23:50:08.343739 https://xiaoloudayuanbl.fang.com/
Logger:2020-03-15 23:50:08.864941 https://dongyuewanxh.fang.com/
Logger:2020-03-15 23:50:09.268850 https://liwanhuihf.fang.com/
Logger:2020-03-15 23:50:09.777395 https://gongyuandadaoblbgy.fang.com/
Logger:2020-03-15 23:50:10.204824 https://zijunfugzb020.fang.com/
Logger:2020-03-15 23:50:10.571060 https://yihezhongxin020.fang.com/
Logger:2020-03-15 23:50:11.111613 https://yiyuefujd.fang.com/
Logger:2020-03-15 23:50:11.462640 https://lihuchenghd.fang.com/
Logger:2020-03-15 23:50:11.869457 https://tianyuejiangwanyx2.fang.com/
Logger:2020-03-15 23:50:12.251978 https://lvdiyuexiuhaiyue.fang.com/
Logger:2020-03-15 23:50:12.625516 https://yijingtaizy.fang.com/
Logger:2020-03-15 23:50:12.973544 https://zilongfuhs.fang.com/
Logger:2020-03-15 23:50:13.362504 https://zhujiangjinmaofu.fang.com/
Logger:2020-03-15 23:50:13.859252 https://xingyuefengyxwl.fang.com/
Logger:2020-03-15 23:50:14.227012 https://shahetianjingsheld.fang.com/
Logger:2020-03-15 23:50:14.571418 https://changchuntengsd.fang.com/
Logger:2020-03-15 23:50:15.138183 https://shangchengwk.fang.com/
Logger:2020-03-15 23:50:18.939933 https://gz.newhouse.fang.com/house/s/b97/
Logger:2020-03-15 23:50:19.286796 https://mingzhutianyuejiangwanyx.fang.com/
Logger:2020-03-15 23:50:19.862295 https://meiyinxian.fang.com/
Logger:2020-03-15 23:50:20.275218 https://shibohuiwk.fang.com/
Logger:2020-03-15 23:50:20.645202 https://hupoyuanxl020.fang.com/
Logger:2020-03-15 23:50:21.039211 https://036132.fang.com/
Logger:2020-03-15 23:50:21.521586 https://boanbgy.fang.com/
Logger:2020-03-15 23:50:21.890567 https://jinshadaduhuibl.fang.com/
Logger:2020-03-15 23:50:22.404193 https://shanjingchengwk.fang.com/
Logger:2020-03-15 23:50:22.972436 https://zhengyuefuyx.fang.com/
Logger:2020-03-15 23:50:23.369392 https://tianchengyx.fang.com/
Logger:2020-03-15 23:50:23.760282 https://616622.fang.com/
Logger:2020-03-15 23:50:24.178774 https://weilaichengjzy.fang.com/
Logger:2020-03-15 23:50:29.318181 https://wukuangwanyuetai.fang.com/
Logger:2020-03-15 23:50:29.766979 https://hengdajunrui.fang.com/
Logger:2020-03-15 23:50:30.219850 https://guojikonggangzhongxingz.fang.com/
Logger:2020-03-15 23:50:30.648133 https://wanquyihaoxh.fang.com/
Logger:2020-03-15 23:50:31.095942 https://xinghedandins.fang.com/
Logger:2020-03-15 23:50:31.672987 https://tianyisklh.fang.com/020/
Logger:2020-03-15 23:50:32.132370 https://heyue.fang.com/
Logger:2020-03-15 23:50:32.524456 https://longyuywmlc.fang.com/
Logger:2020-03-15 23:50:36.814877 https://gz.newhouse.fang.com/house/s/b98/
Logger:2020-03-15 23:50:37.184033 https://liuhuayuedaofy.fang.com/
Logger:2020-03-15 23:50:45.250208 https://feicuihujunay.fang.com/
Logger:2020-03-15 23:50:45.592443 https://baolidongwanyyzs.fang.com/
Logger:2020-03-15 23:50:45.953540 https://kejixiaozhengfsk.fang.com/
Logger:2020-03-15 23:50:46.400115 https://zhongtaitianjing.fang.com/
Logger:2020-03-15 23:50:46.850915 https://xiangjiangtianfu.fang.com/
Logger:2020-03-15 23:50:47.241833 https://xinggangguojigw.fang.com/
Logger:2020-03-15 23:50:47.683649 https://yunshanghuith.fang.com/
Logger:2020-03-15 23:50:48.053554 https://guangzhouwandacheng.fang.com/
Logger:2020-03-15 23:50:48.805607 https://haiyibandaoxhw.fang.com/
Logger:2020-03-15 23:50:49.185676 https://shiguifuyh.fang.com/
Logger:2020-03-15 23:50:49.577550 https://895554.fang.com/
Logger:2020-03-15 23:50:50.172917 https://huaruntianhe.fang.com/
Logger:2020-03-15 23:50:50.698846 https://tianewanqingtianyt.fang.com/
Logger:2020-03-15 23:50:54.677921 https://etanwan.fang.com/
Logger:2020-03-15 23:50:55.082776 https://huachengjibl.fang.com/
Logger:2020-03-15 23:50:55.512624 https://shidaifenghua020.fang.com/
Logger:2020-03-15 23:50:55.886623 https://mingyueyufudjdc020.fang.com/
Logger:2020-03-15 23:50:56.230680 https://baolidongjun020.fang.com/
Logger:2020-03-15 23:50:56.591233 https://lanyuanfeiliwanygc.fang.com/
Logger:2020-03-15 23:51:00.631343 https://gz.newhouse.fang.com/house/s/b99/
Logger:2020-03-15 23:51:03.147344 https://jindiyangyun.fang.com/
Logger:2020-03-15 23:51:03.471116 https://guangzhoubiguiyuanyueshiguang.fang.com/
Logger:2020-03-15 23:51:03.980761 https://baolibandao.fang.com/
Logger:2020-03-15 23:51:04.380678 https://huanqiuzhongxinzgtj.fang.com/
Logger:2020-03-15 23:51:04.798265 https://285696.fang.com/
Logger:2020-03-15 23:51:07.673567 https://changshenghuibgy.fang.com/
Logger:2020-03-15 23:51:08.102448 https://tianfengcj.fang.com/
Logger:2020-03-15 23:51:08.585171 https://weitengyunxing.fang.com/
Logger:2020-03-15 23:51:08.936584 https://longyuefuld.fang.com/
Logger:2020-03-15 23:51:13.247737 https://tianshujzy.fang.com/
Logger:2020-03-15 23:51:13.728415 https://skzhc12gn.fang.com/
Logger:2020-03-15 23:51:18.864074 https://zhonghangchenghuayuan.fang.com/
Logger:2020-03-15 23:51:19.329725 https://runfuhrzd.fang.com/
Logger:2020-03-15 23:51:19.812974 https://gunxingherongyaoln.fang.com/
Logger:2020-03-15 23:51:20.243457 https://335jinrongzhongxinbl.fang.com/
Logger:2020-03-15 23:51:23.368768 https://yujinglvzhoumc.fang.com/
Logger:2020-03-15 23:51:23.826252 https://hefuzsjmbl.fang.com/
Logger:2020-03-15 23:51:24.199383 https://129214.fang.com/
Logger:2020-03-15 23:51:24.642229 https://haotingyutingtjbs.fang.com/
Logger:2020-03-15 23:51:29.834101 https://shidaiqingchengqy.fang.com/
Logger:2020-03-15 23:51:33.591374 https://gz.newhouse.fang.com/house/s/b910/
Logger:2020-03-15 23:51:33.896590 https://qingyuanshidaihuachengsd.fang.com/
Logger:2020-03-15 23:51:34.281772 https://nuodezhongxingz.fang.com/
Logger:2020-03-15 23:51:34.754517 https://173762.fang.com/
Logger:2020-03-15 23:51:35.175411 https://tianyuefurx.fang.com/
Logger:2020-03-15 23:51:35.534469 https://jiajunxinghui.fang.com/
Logger:2020-03-15 23:51:35.912650 https://yunshanshiyifyzc.fang.com/
Logger:2020-03-15 23:51:36.564905 https://173500.fang.com/
Logger:2020-03-15 23:51:36.898052 https://shimaotianyue020.fang.com/
Logger:2020-03-15 23:51:37.345246 https://haizhuxiaoyayjl.fang.com/
Logger:2020-03-15 23:51:37.787728 https://dongpoyx.fang.com/
Logger:2020-03-15 23:51:39.865396 https://jiaribandaobgy020.fang.com/
Logger:2020-03-15 23:51:40.489727 https://guojifangzhichengzj.fang.com/
Logger:2020-03-15 23:51:45.159999 https://173568.fang.com/
Logger:2020-03-15 23:51:48.156729 https://shidaikangqiao.fang.com/
Logger:2020-03-15 23:51:48.558744 https://yidewanshang.fang.com/
Logger:2020-03-15 23:51:48.933728 https://174438.fang.com/
Logger:2020-03-15 23:51:49.389483 https://shijiahuanleshijiehx.fang.com/
Logger:2020-03-15 23:51:49.891891 https://174870.fang.com/
Logger:2020-03-15 23:51:50.291113 https://guangzhouyuanzith.fang.com/
Logger:2020-03-15 23:51:50.664116 https://shidaiyungang.fang.com/
Logger:2020-03-15 23:51:55.490350 https://gz.newhouse.fang.com/house/s/b911/
Logger:2020-03-15 23:51:59.394328 https://175206.fang.com/
Logger:2020-03-15 23:51:59.806581 https://biguiyuanzhongxin.fang.com/
Logger:2020-03-15 23:52:00.722711 https://weigangsdns.fang.com/
Logger:2020-03-15 23:52:01.143153 https://175220.fang.com/
Logger:2020-03-15 23:52:01.539092 https://174730.fang.com/
Logger:2020-03-15 23:52:01.897125 https://174802.fang.com/
Logger:2020-03-15 23:52:05.513612 https://175222.fang.com/
Logger:2020-03-15 23:52:05.819448 https://jinyezibgy.fang.com/
Logger:2020-03-15 23:52:06.167952 https://175178.fang.com/
Logger:2020-03-15 23:52:06.507058 https://172668.fang.com/
Logger:2020-03-15 23:52:06.939917 https://283124.fang.com/
Logger:2020-03-15 23:52:13.723328 https://175134.fang.com/
Logger:2020-03-15 23:52:14.108481 https://173272.fang.com/
Logger:2020-03-15 23:52:14.475257 https://173740.fang.com/
Logger:2020-03-15 23:52:14.992979 https://147310.fang.com/
Logger:2020-03-15 23:52:18.168602 https://174880.fang.com/
Logger:2020-03-15 23:52:18.695263 https://174602.fang.com/
Logger:2020-03-15 23:52:20.658559 https://174856.fang.com/
Logger:2020-03-15 23:52:21.069116 https://174502.fang.com/
Logger:2020-03-15 23:52:21.474554 https://haishangmingyuewk020.fang.com/
Logger:2020-03-15 23:52:25.477275 https://gz.newhouse.fang.com/house/s/b912/
Logger:2020-03-15 23:52:25.792816 https://kaiyuewanxsj.fang.com/
Logger:2020-03-15 23:52:26.368279 https://yuejiangshangpinyuan.fang.com/
Logger:2020-03-15 23:52:26.785162 https://xianghaibiansd020.fang.com/
Logger:2020-03-15 23:52:27.159883 https://longxianghuikd.fang.com/
Logger:2020-03-15 23:52:27.607625 https://huitongzhongxinzj.fang.com/
Logger:2020-03-15 23:52:28.843328 https://173760.fang.com/
Logger:2020-03-15 23:52:29.222449 https://175054.fang.com/
Logger:2020-03-15 23:52:29.723078 https://174866.fang.com/
Logger:2020-03-15 23:52:30.191336 https://guangdiguoji.fang.com/
Logger:2020-03-15 23:52:30.636694 https://175202.fang.com/
Logger:2020-03-15 23:52:34.317919 https://175200.fang.com/
Logger:2020-03-15 23:52:34.744991 https://shanshuijunhd.fang.com/
Logger:2020-03-15 23:52:35.191853 https://lijingwanygc020.fang.com/
Logger:2020-03-15 23:52:35.637594 https://yongjingwanzs020.fang.com/
Logger:2020-03-15 23:52:36.171669 https://ruipinzhl.fang.com/
Logger:2020-03-15 23:52:36.535146 https://yishanxiaozhu020.fang.com/
Logger:2020-03-15 23:52:36.899342 https://lianfengdajingay.fang.com/
Logger:2020-03-15 23:52:37.368089 https://luolanguojibl.fang.com/
Logger:2020-03-15 23:52:37.803679 https://xinghuiyunchengyx.fang.com/
Logger:2020-03-15 23:52:38.208886 https://julongbaoqf.fang.com/
Logger:2020-03-15 23:52:42.591502 https://gz.newhouse.fang.com/house/s/b913/
Logger:2020-03-15 23:52:42.899613 https://chengshiguangchangjzygz.fang.com/
Logger:2020-03-15 23:52:43.551907 https://yuexiubaoliaite.fang.com/
Logger:2020-03-15 23:52:44.062095 https://baolichengns.fang.com/
Logger:2020-03-15 23:52:44.550361 https://nanshaaoyuan.fang.com/
Logger:2020-03-15 23:52:45.084467 https://xinjiyuedao.fang.com/
Logger:2020-03-15 23:52:45.562726 https://kelaguangchangbgy.fang.com/
Logger:2020-03-15 23:52:46.034453 https://quanxiyuedaofy.fang.com/
Logger:2020-03-15 23:52:46.648574 https://tianhexingzuobx.fang.com/
Logger:2020-03-15 23:52:47.087961 https://xiguanhaizx.fang.com/
Logger:2020-03-15 23:52:47.471929 https://kechuangzhongxinmj.fang.com/
Logger:2020-03-15 23:52:47.851920 https://yuexichengfl.fang.com/
Logger:2020-03-15 23:52:48.205975 https://taishangjuds.fang.com/
Logger:2020-03-15 23:52:48.648884 https://zhuoyamingyuanzy.fang.com/
Logger:2020-03-15 23:52:49.003905 https://jiahetianyao.fang.com/
Logger:2020-03-15 23:52:49.402795 https://huangjinhaianqf.fang.com/
Logger:2020-03-15 23:52:50.456746 https://fuyadushihuating.fang.com/
Logger:2020-03-15 23:52:50.924455 https://1haojzy.fang.com/
Logger:2020-03-15 23:52:51.282492 https://zhihuichengzhl.fang.com/
Logger:2020-03-15 23:52:53.405984 https://yiyuntaiwk.fang.com/
Logger:2020-03-15 23:52:53.749672 https://luhuxuan.fang.com/
Logger:2020-03-15 23:52:57.782479 https://gz.newhouse.fang.com/house/s/b914/
Logger:2020-03-15 23:52:58.101414 https://binfenhuiqf.fang.com/
Logger:2020-03-15 23:52:58.535397 https://yuxiguqj.fang.com/
Logger:2020-03-15 23:52:58.962737 https://xiyuewanbl.fang.com/
Logger:2020-03-15 23:52:59.333742 https://yuehaiguangchang020.fang.com/
Logger:2020-03-15 23:52:59.849149 https://wanjingfengqf.fang.com/
Logger:2020-03-15 23:53:00.452021 https://tianhegongguanjd.fang.com/
Logger:2020-03-15 23:53:01.222017 https://jinxiuyifang020.fang.com/
Logger:2020-03-15 23:53:01.598046 https://rongshenglongyue.fang.com/
Logger:2020-03-15 23:53:02.048918 https://895678.fang.com/
Logger:2020-03-15 23:53:02.535771 https://zhujiangyuehc.fang.com/
Logger:2020-03-15 23:53:02.908111 https://shangyuanyiduhuisz.fang.com/
Logger:2020-03-15 23:53:03.356874 https://yichengguangchanggz.fang.com/
Logger:2020-03-15 23:53:03.768836 https://mingzhuwanyihao.fang.com/
Logger:2020-03-15 23:53:04.247492 https://shangdongyangguang020.fang.com/
Logger:2020-03-15 23:53:04.716478 https://xingshang.fang.com/
Logger:2020-03-15 23:53:05.250734 https://shuiyuechengsh.fang.com/
Logger:2020-03-15 23:53:05.622701 https://shuidianguangchang.fang.com/
Logger:2020-03-15 23:53:06.029605 https://zhongyuanyupin.fang.com/
Logger:2020-03-15 23:53:06.380108 https://wandiyataogens.fang.com/
Logger:2020-03-15 23:53:06.812570 https://zhaohuabgy.fang.com/
Logger:2020-03-15 23:53:10.732923 https://gz.newhouse.fang.com/house/s/b915/
Logger:2020-03-15 23:53:11.047087 https://boya1898bdzy.fang.com/
Logger:2020-03-15 23:53:11.496876 https://meilinhuguojishequ.fang.com/
Logger:2020-03-15 23:53:11.951174 https://zhonghaixiyuan020.fang.com/
Logger:2020-03-15 23:53:15.145995 https://feicuishanbl.fang.com/
Logger:2020-03-15 23:53:15.515025 https://zhongsenmingyuan.fang.com/
Logger:2020-03-15 23:53:16.012087 https://174640.fang.com/
Logger:2020-03-15 23:53:19.532786 https://zhenyechenggz.fang.com/
Logger:2020-03-15 23:53:20.036707 https://lvtingshanyusd.fang.com/
Logger:2020-03-15 23:53:22.447047 https://yujianghaotingyd.fang.com/
Logger:2020-03-15 23:53:22.814254 https://jiangpanyayuandy.fang.com/
Logger:2020-03-15 23:53:26.043263 https://yunshanyipin.fang.com/
Logger:2020-03-15 23:53:26.412274 https://rongsuihuafujrj.fang.com/
Logger:2020-03-15 23:53:26.862071 https://baoxiahuayuan.fang.com/2/
Logger:2020-03-15 23:53:27.199239 https://minjieguangchangsx.fang.com/
Logger:2020-03-15 23:53:27.544830 https://zongbuguangchangyx.fang.com/
Logger:2020-03-15 23:53:27.916826 https://yicuizhuangyuanhjhp.fang.com/
Logger:2020-03-15 23:53:28.385694 https://baoliziyun.fang.com/
Logger:2020-03-15 23:53:32.011555 https://yilongwandj.fang.com/
Logger:2020-03-15 23:53:32.363731 https://zhujiangjiayuan2.fang.com/
Logger:2020-03-15 23:53:32.875364 https://zhongzhougongguan.fang.com/
Logger:2020-03-15 23:53:37.151067 https://gz.newhouse.fang.com/house/s/b916/
Logger:2020-03-15 23:53:37.473219 https://yiheshengshi.fang.com/
Logger:2020-03-15 23:53:40.291524 https://daxuexiaozhu.fang.com/
Logger:2020-03-15 23:53:40.982676 https://liuxibandao.fang.com/
Logger:2020-03-15 23:53:41.361664 https://hehexincheng.fang.com/
Logger:2020-03-15 23:53:41.964059 https://furuigongguanmj.fang.com/
Logger:2020-03-15 23:53:42.290193 https://jinlongcaifuguangchang.fang.com/
Logger:2020-03-15 23:53:42.674743 https://dahongjinxiu.fang.com/
Logger:2020-03-15 23:53:43.145415 https://xinghaishuxcs.fang.com/
Logger:2020-03-15 23:53:43.471564 https://175126.fang.com/
Logger:2020-03-15 23:53:43.807831 https://yunqiflwk.fang.com/
Logger:2020-03-15 23:53:48.860313 https://174838.fang.com/
Logger:2020-03-15 23:53:49.275707 https://shanyuhaihh.fang.com/
Logger:2020-03-15 23:53:56.539168 https://zgshanshuiyuyuan.fang.com/
Logger:2020-03-15 23:53:56.908231 https://junlitonghe.fang.com/
Logger:2020-03-15 23:53:57.276294 https://huichuangguojild020.fang.com/
Logger:2020-03-15 23:53:57.791916 https://1733602.fang.com/
Logger:2020-03-15 23:53:58.193353 https://guojichengzj.fang.com/
Logger:2020-03-15 23:53:58.573732 https://heguangchenyuebl.fang.com/
Logger:2020-03-15 23:53:58.991614 https://aoyuanguangchanglg.fang.com/office/
Logger:2020-03-15 23:54:01.971144 https://kechengshanzhuang.fang.com/2/
Logger:2020-03-15 23:54:05.961223 https://gz.newhouse.fang.com/house/s/b917/
Logger:2020-03-15 23:54:06.265113 https://yufengguojimj.fang.com/
Logger:2020-03-15 23:54:06.726261 https://taohuayuanbl.fang.com/
Logger:2020-03-15 23:54:07.241935 https://yingcuiyazhuhs.fang.com/
Logger:2020-03-15 23:54:07.828327 https://lifuhupan.fang.com/
Logger:2020-03-15 23:54:08.340170 https://jiangyuanbandaohuayuan.fang.com/
Logger:2020-03-15 23:54:08.760153 https://dinghuixfg.fang.com/
Logger:2020-03-15 23:54:09.071876 https://tianjianhui.fang.com/
Logger:2020-03-15 23:54:09.507710 https://jinhaianhuayuanjuhu.fang.com/
Logger:2020-03-15 23:54:10.027398 https://furongshufz.fang.com/
Logger:2020-03-15 23:54:10.587424 https://jiangshanshidai.fang.com/
Logger:2020-03-15 23:54:11.275600 https://donghuzhouhuayuan.fang.com/
Logger:2020-03-15 23:54:11.725025 https://xifulanwan.fang.com/
Logger:2020-03-15 23:54:12.139371 https://huibaishiguangchang.fang.com/
Logger:2020-03-15 23:54:12.595139 https://yiheshanzhuanghd.fang.com/
Logger:2020-03-15 23:54:13.056408 https://tianheyoholt.fang.com/
Logger:2020-03-15 23:54:13.345932 https://shengtaoshagc.fang.com/
Logger:2020-03-15 23:54:13.811087 https://lingxiushanhjbl.fang.com/
Logger:2020-03-15 23:54:17.394652 https://tianrui.fang.com/
Logger:2020-03-15 23:54:17.773637 https://173718.fang.com/
Logger:2020-03-15 23:54:18.109781 https://fenglingtaily.fang.com/
Logger:2020-03-15 23:54:22.175389 https://gz.newhouse.fang.com/house/s/b918/
Logger:2020-03-15 23:54:22.486048 https://weilaizhiqiuwk.fang.com/
Logger:2020-03-15 23:54:25.001963 https://huashenghuigx.fang.com/
Logger:2020-03-15 23:54:25.332246 https://dijingshanzhuang.fang.com/
Logger:2020-03-15 23:54:26.171795 https://jinmaowanns.fang.com/
Logger:2020-03-15 23:54:26.519865 https://baietanyujingyihao.fang.com/
Logger:2020-03-15 23:54:26.942797 https://tianyixsj.fang.com/
Logger:2020-03-15 23:54:27.331279 https://yuhuayuan0202.fang.com/
Logger:2020-03-15 23:54:27.794098 https://yangguanglizhl.fang.com/
Logger:2020-03-15 23:54:28.171335 https://939030.fang.com/
Logger:2020-03-15 23:54:28.614131 https://jinzeyuankcsz.fang.com/
Logger:2020-03-15 23:54:28.977154 https://baiyuejingsheld.fang.com/
Logger:2020-03-15 23:54:29.432955 https://nanhuashidaicheng.fang.com/
Logger:2020-03-15 23:54:30.088181 https://yabaoxincheng.fang.com/
Logger:2020-03-15 23:54:30.725211 https://shangpinyaju.fang.com/
Logger:2020-03-15 23:54:31.219887 https://shunxinhuayuan.fang.com/
Logger:2020-03-15 23:54:31.785298 https://zunyuetaijljh.fang.com/
Logger:2020-03-15 23:54:32.137394 https://shidaibailin.fang.com/
Logger:2020-03-15 23:54:32.475615 https://shanqingshuixiuyb.fang.com/
Logger:2020-03-15 23:54:32.919904 https://fulijinjie28.fang.com/
Logger:2020-03-15 23:54:33.251015 https://yichengquanshuo.fang.com/
Logger:2020-03-15 23:54:37.935839 https://gz.newhouse.fang.com/house/s/b919/
Logger:2020-03-15 23:54:38.242153 https://renanhuayuan.fang.com/
Logger:2020-03-15 23:54:38.794347 https://jindonghuayuan.fang.com/
Logger:2020-03-15 23:54:39.671624 https://chuangjilijiangguoji.fang.com/
Logger:2020-03-15 23:54:40.255187 https://mingyuefeicuiyb.fang.com/
Logger:2020-03-15 23:54:43.162634 https://yueshanfuscbgy.fang.com/
Logger:2020-03-15 23:54:43.526720 https://shanshuichengpinzg.fang.com/
Logger:2020-03-15 23:54:44.084036 https://huanmaozhongxinfl.fang.com/
Logger:2020-03-15 23:54:44.468956 https://jinshanguyikuzs.fang.com/
Logger:2020-03-15 23:54:44.942203 https://shangdonghanyu.fang.com/
Logger:2020-03-15 23:54:45.351077 https://lishanyazhu.fang.com/
Logger:2020-03-15 23:54:45.851752 https://nanshawanyuyuan.fang.com/
Logger:2020-03-15 23:54:46.315770 https://duhuguoji.fang.com/
Logger:2020-03-15 23:54:46.791837 https://dongfangxiawanna.fang.com/
Logger:2020-03-15 23:54:48.266893 https://xiancunyihaoyh.fang.com/
Logger:2020-03-15 23:54:48.740126 https://xinghuibgy020.fang.com/
Logger:2020-03-15 23:54:49.118088 https://sendaohudfwd.fang.com/
Logger:2020-03-15 23:54:49.506050 https://baoxingcuiyuan.fang.com/
Logger:2020-03-15 23:54:50.101011 https://haidegongguanblgzb.fang.com/
Logger:2020-03-15 23:54:50.562929 https://sngjgckde.fang.com/
Logger:2020-03-15 23:54:50.911982 https://qiaojianhicity.fang.com/
Logger:2020-03-15 23:54:56.206799 https://gz.newhouse.fang.com/house/s/b920/
Logger:2020-03-15 23:54:58.104407 https://qinyuan020.fang.com/
Logger:2020-03-15 23:54:58.415856 https://ruchuangyuyuan.fang.com/
Logger:2020-03-15 23:54:58.850730 https://ruyingju.fang.com/
Logger:2020-03-15 23:54:59.312491 https://haolonghuayuan.fang.com/
Logger:2020-03-15 23:54:59.851583 https://zilinsd.fang.com/
Logger:2020-03-15 23:55:00.364490 https://banfuxiaozhen020.fang.com/
Logger:2020-03-15 23:55:01.149435 https://yuegongguanlc020.fang.com/
Logger:2020-03-15 23:55:01.523435 https://shangdongziyu.fang.com/
Logger:2020-03-15 23:55:01.988904 https://shunjinghuayuan020.fang.com/
Logger:2020-03-15 23:55:02.357485 https://wanbochenggs.fang.com/
Logger:2020-03-15 23:55:02.882056 https://shanjingxuan2.fang.com/
Logger:2020-03-15 23:55:03.305922 https://jinshanguzs.fang.com/
Logger:2020-03-15 23:55:09.016750 https://fengshangjiuli.fang.com/
Logger:2020-03-15 23:55:09.450100 https://hehuijingyuan020.fang.com/
Logger:2020-03-15 23:55:09.932880 https://yuhushan020.fang.com/
Logger:2020-03-15 23:55:10.403554 https://guojiyiyaoganggz.fang.com/
Logger:2020-03-15 23:55:10.773562 https://hanxidaduhuibl.fang.com/
Logger:2020-03-15 23:55:11.155918 https://zhaoxinfuliguangchang.fang.com/
Logger:2020-03-15 23:55:17.448489 https://heshengguangchang.fang.com/
Logger:2020-03-15 23:55:20.461472 https://jinglinwanbo.fang.com/
Logger:2020-03-15 23:55:24.300696 https://gz.newhouse.fang.com/house/s/b921/
Logger:2020-03-15 23:55:24.663687 https://fukaixingdi.fang.com/
Logger:2020-03-15 23:55:24.994636 https://gjljrcjjqgzzsc.fang.com/
Logger:2020-03-15 23:55:25.295195 https://zhuoyueguangchang020.fang.com/
Logger:2020-03-15 23:55:25.627686 https://lufulianheguangchang.fang.com/
Logger:2020-03-15 23:55:26.004678 https://173574.fang.com/
Logger:2020-03-15 23:55:26.371697 https://wankeyuecheng020.fang.com/
Logger:2020-03-15 23:55:26.779610 https://guangzhouyangxi.fang.com/
Logger:2020-03-15 23:55:27.134553 https://junlin020.fang.com/
Logger:2020-03-15 23:55:32.319675 https://jiangwanyihaoygc.fang.com/
Logger:2020-03-15 23:55:32.685361 https://dongshanyipin2.fang.com/
Logger:2020-03-15 23:55:33.059945 https://hailunshiguanghlb020.fang.com/
Logger:2020-03-15 23:55:33.418984 https://shouzhuhuayuanct.fang.com/
Logger:2020-03-15 23:55:33.867876 https://yijinggongguanzy020.fang.com/
Logger:2020-03-15 23:55:34.206626 https://sanqianyuanyjl2.fang.com/
Logger:2020-03-15 23:55:34.611116 https://jiangyuefujz.fang.com/
Logger:2020-03-15 23:55:35.023992 https://dongjinghuayuanzj.fang.com/
Logger:2020-03-15 23:55:44.651694 https://lichengyipinshanhu.fang.com/
Logger:2020-03-15 23:55:45.034512 https://donghuzhouhaoyuanjy.fang.com/
Logger:2020-03-15 23:55:45.396026 https://haolihuayuan.fang.com/
Logger:2020-03-15 23:55:45.910691 https://zhongdingminghui.fang.com/
Logger:2020-03-15 23:55:49.775388 https://gz.newhouse.fang.com/house/s/b922/
Logger:2020-03-15 23:55:50.277823 https://shangpinguojimj.fang.com/
Logger:2020-03-15 23:55:50.633385 https://jinhuhuayuan2020.fang.com/
Logger:2020-03-15 23:55:51.225093 https://lingnanvgu.fang.com/
Logger:2020-03-15 23:55:51.599015 https://jianglonghuayuanzc.fang.com/
Logger:2020-03-15 23:55:51.965545 https://zcdtzby.fang.com/
Logger:2020-03-15 23:55:52.323629 https://minghuigongguan020.fang.com/
Logger:2020-03-15 23:55:54.699003 https://yuedouhuixy.fang.com/
Logger:2020-03-15 23:55:55.084613 https://jiaoyiguangchangzd.fang.com/
Logger:2020-03-15 23:55:55.478595 https://detianheyuan.fang.com/
Logger:2020-03-15 23:56:02.907110 https://xinyuewanlwxc.fang.com/
Logger:2020-03-15 23:56:03.293295 https://weihuaguojihg.fang.com/
Logger:2020-03-15 23:56:03.773684 https://zhenshangyuan.fang.com/
Logger:2020-03-15 23:56:04.151601 https://173802.fang.com/
Logger:2020-03-15 23:56:04.591420 https://xiongfengcheng.fang.com/
Logger:2020-03-15 23:56:05.025087 https://zengjiangchunxiaohuayuan.fang.com/
Logger:2020-03-15 23:56:05.395603 https://175238.fang.com/
Logger:2020-03-15 23:56:05.819474 https://liwanhuafuyt.fang.com/
Logger:2020-03-15 23:56:06.191030 https://ganghangzhongxin020.fang.com/
Logger:2020-03-15 23:56:09.513686 https://langyuegongguangzmj.fang.com/
Logger:2020-03-15 23:56:09.925583 https://xingyueguojimj.fang.com/
Logger:2020-03-15 23:56:14.127370 https://gz.newhouse.fang.com/house/s/b923/
Logger:2020-03-15 23:56:14.440613 https://yunlinghuzg.fang.com/
Logger:2020-03-15 23:56:14.791463 https://kejixiaozhenfsk.fang.com/
Logger:2020-03-15 23:56:15.060673 https://diaoyuntaisy.fang.com/020/
Logger:2020-03-15 23:56:15.455214 https://qianxinguangchang.fang.com/
Logger:2020-03-15 23:56:15.867162 https://zhujiangtianyi.fang.com/
Logger:2020-03-15 23:56:16.187296 https://guangfazhengquandasha.fang.com/
Logger:2020-03-15 23:56:16.464552 https://yinggangguoji020.fang.com/
Logger:2020-03-15 23:56:16.821596 https://174694.fang.com/
Logger:2020-03-15 23:56:17.910138 https://nanhengdasha.fang.com/
Logger:2020-03-15 23:56:18.190390 https://lingangguoji.fang.com/
Logger:2020-03-15 23:56:18.575319 https://yuhumingdi.fang.com/villa/
Logger:2020-03-15 23:56:18.962556 https://175098.fang.com/
Logger:2020-03-15 23:56:19.392338 https://huiyuanshanzhuang.fang.com/
Logger:2020-03-15 23:56:20.123986 https://tianfuhaian.fang.com/
Logger:2020-03-15 23:56:20.541869 https://shangdongjiayu.fang.com/
Logger:2020-03-15 23:56:21.095570 https://shanhucheng020.fang.com/
Logger:2020-03-15 23:56:27.002061 https://boyawann6.fang.com/
Logger:2020-03-15 23:56:28.345955 https://yuefeng.fang.com/
Logger:2020-03-15 23:56:28.712018 https://rongtingfuyt.fang.com/
Logger:2020-03-15 23:56:29.143458 https://175212.fang.com/
Logger:2020-03-15 23:56:32.919836 https://gz.newhouse.fang.com/house/s/b924/
Logger:2020-03-15 23:56:33.240007 https://senlinzhongyang.fang.com/
Logger:2020-03-15 23:56:33.759449 https://172906.fang.com/
Logger:2020-03-15 23:56:34.139087 https://jingyelidu.fang.com/
Logger:2020-03-15 23:56:34.555167 https://jiahuicheng020.fang.com/
Logger:2020-03-15 23:56:35.012907 https://174658.fang.com/
Logger:2020-03-15 23:56:35.428461 https://liuxiwanzq.fang.com/
Logger:2020-03-15 23:56:41.356578 https://biheju.fang.com/
Logger:2020-03-15 23:56:42.734203 https://175230.fang.com/
Logger:2020-03-15 23:56:43.126222 https://qingshuilanwan020.fang.com/
Logger:2020-03-15 23:56:45.954303 https://174428.fang.com/
Logger:2020-03-15 23:56:46.321784 https://qilinguangchang020.fang.com/
Logger:2020-03-15 23:56:46.732735 https://longquanwanjy.fang.com/
Logger:2020-03-15 23:56:47.084815 https://175186.fang.com/
Logger:2020-03-15 23:56:58.694462 https://173242.fang.com/
Logger:2020-03-15 23:56:59.084559 https://174534.fang.com/
Logger:2020-03-15 23:56:59.516448 https://174298.fang.com/
Logger:2020-03-15 23:56:59.990215 https://jjxfl.fang.com/
Logger:2020-03-15 23:57:00.415045 https://173308.fang.com/
Logger:2020-03-15 23:57:00.898927 https://tianhejinjie.fang.com/
Logger:2020-03-15 23:57:01.315593 https://paomadidasha.fang.com/
Logger:2020-03-15 23:57:06.485905 https://gz.newhouse.fang.com/house/s/b925/
Logger:2020-03-15 23:57:06.823068 https://yuandaguangchang020.fang.com/
Logger:2020-03-15 23:57:07.234980 https://tjgjzmzx.fang.com/
Logger:2020-03-15 23:57:08.490669 https://jiadongguangchang.fang.com/
Logger:2020-03-15 23:57:14.399432 https://174710.fang.com/
Logger:2020-03-15 23:57:14.750493 https://175254.fang.com/
Logger:2020-03-15 23:57:15.102513 https://jialanxuan.fang.com/
Logger:2020-03-15 23:57:15.533952 https://xintianbanshan.fang.com/
Logger:2020-03-15 23:57:15.982544 https://nantianmingyuan.fang.com/
Logger:2020-03-15 23:57:16.320634 https://tianyihuafu020.fang.com/
Logger:2020-03-15 23:57:16.704573 https://jinrongchengyihaozg.fang.com/
Logger:2020-03-15 23:57:17.065131 https://yunshanyujingzg.fang.com/
Logger:2020-03-15 23:57:17.430842 https://guojijinrongzhongxinblhd.fang.com/
Logger:2020-03-15 23:57:17.795833 https://lushanfuwkzs.fang.com/
Logger:2020-03-15 23:57:18.179840 https://yiheshanshui.fang.com/
Logger:2020-03-15 23:57:22.399706 https://yunshanshiyiyunxify.fang.com/
Logger:2020-03-15 23:57:22.768737 https://yayaolvzhou020.fang.com/
Logger:2020-03-15 23:57:23.131294 https://taohuayuan020.fang.com/
Logger:2020-03-15 23:57:23.521288 https://guojiguangchangdz.fang.com/
Logger:2020-03-15 23:57:23.982013 https://guojiyoulunguangchangzj.fang.com/
Logger:2020-03-15 23:57:24.315153 https://guolingcuiyuan.fang.com/
Logger:2020-03-15 23:57:28.016096 https://gz.newhouse.fang.com/house/s/b926/
Logger:2020-03-15 23:57:28.364196 https://liuhuajunting.fang.com/
Logger:2020-03-15 23:57:28.788989 https://liuxiyujingzg.fang.com/
Logger:2020-03-15 23:57:31.645529 https://guojichuangyezhongxinzj.fang.com/
Logger:2020-03-15 23:57:31.981668 https://anhexiaoqu020.fang.com/
Logger:2020-03-15 23:57:32.328220 https://175190.fang.com/
Logger:2020-03-15 23:57:32.753559 https://175242.fang.com/
Logger:2020-03-15 23:57:33.079660 https://175228.fang.com/
Logger:2020-03-15 23:57:33.395819 https://174554.fang.com/
Logger:2020-03-15 23:57:33.761819 https://174630.fang.com/
Logger:2020-03-15 23:57:36.290550 https://minjielidu.fang.com/
Logger:2020-03-15 23:57:36.631631 https://yingdielanwanzs.fang.com/
Logger:2020-03-15 23:57:37.070496 https://qianlongtianyuyx.fang.com/
Logger:2020-03-15 23:57:37.513274 https://173480.fang.com/
Logger:2020-03-15 23:57:40.294493 https://175246.fang.com/
Logger:2020-03-15 23:57:40.828106 https://defuhepanhuayuan.fang.com/
Logger:2020-03-15 23:57:41.226615 https://175258.fang.com/
Logger:2020-03-15 23:57:41.616621 https://biguiyuanconghua1960.fang.com/
Logger:2020-03-15 23:57:41.952688 https://175244.fang.com/
Logger:2020-03-15 23:57:45.061599 https://balitiandirs.fang.com/
Logger:2020-03-15 23:57:45.536276 https://927464.fang.com/
Logger:2020-03-15 23:57:49.297631 https://gz.newhouse.fang.com/house/s/b927/
Logger:2020-03-15 23:57:49.776784 https://174950.fang.com/
Logger:2020-03-15 23:57:50.189076 https://yiheshengshi.fang.com/villa/
Logger:2020-03-15 23:57:50.730574 https://173804.fang.com/
Logger:2020-03-15 23:57:51.313002 https://qingchengguoji020.fang.com/
Logger:2020-03-15 23:57:51.703983 https://longmenyuan020.fang.com/
Logger:2020-03-15 23:57:52.047620 https://zhijieyazhu.fang.com/
Logger:2020-03-15 23:57:52.544030 https://174560.fang.com/
Logger:2020-03-15 23:57:52.882121 https://senyuehuating.fang.com/
Logger:2020-03-15 23:57:53.312926 https://nanshaguomaozhongxinzhl.fang.com/
Logger:2020-03-15 23:57:53.774732 https://huangpuchuangxinzhongxinyjl.fang.com/
Logger:2020-03-15 23:57:54.110375 https://174978.fang.com/
Logger:2020-03-15 23:57:54.498365 https://173150.fang.com/
Logger:2020-03-15 23:57:56.442755 https://174708.fang.com/
Logger:2020-03-15 23:57:58.407888 https://174344.fang.com/
Logger:2020-03-15 23:57:58.760953 https://shuianguangchangjmh.fang.com/
Logger:2020-03-15 23:57:59.077105 https://haifenghuayuanhc.fang.com/
Logger:2020-03-15 23:57:59.432180 https://175234.fang.com/
Logger:2020-03-15 23:58:00.867794 https://hejiahefu.fang.com/
Logger:2020-03-15 23:58:01.294402 https://173502.fang.com/
Logger:2020-03-15 23:58:04.007589 https://081916.fang.com/
Logger:2020-03-15 23:58:07.742765 https://gz.newhouse.fang.com/house/s/b928/
Logger:2020-03-15 23:58:08.124093 https://huananjiayuanhh.fang.com/
Logger:2020-03-15 23:58:08.458255 https://939624.fang.com/
Logger:2020-03-15 23:58:08.816665 https://175132.fang.com/
Logger:2020-03-15 23:58:09.165012 https://174386.fang.com/
Logger:2020-03-15 23:58:09.591861 https://xinchengjingcheng.fang.com/
Logger:2020-03-15 23:58:10.073633 https://929366.fang.com/
Logger:2020-03-15 23:58:10.490517 https://175130.fang.com/
Logger:2020-03-15 23:58:10.834598 https://sanshuiguanjuncheng020.fang.com/
Logger:2020-03-15 23:58:11.323996 https://baiyunyhchenghh.fang.com/
Logger:2020-03-15 23:58:11.652126 https://174848.fang.com/
Logger:2020-03-15 23:58:11.991290 https://nanshacheng2.fang.com/
Logger:2020-03-15 23:58:12.306953 https://175180.fang.com/
Logger:2020-03-15 23:58:14.781042 https://173204.fang.com/
Logger:2020-03-15 23:58:15.082953 https://gangwangongyuwx.fang.com/
Logger:2020-03-15 23:58:15.491859 https://taoyuanliwk.fang.com/
Logger:2020-03-15 23:58:15.851901 https://lixiangjiawk.fang.com/
Logger:2020-03-15 23:58:18.127230 https://bailujunwk020.fang.com/
Logger:2020-03-15 23:58:18.537191 https://yonghuafuzs020.fang.com/
Logger:2020-03-15 23:58:19.877964 https://shidaiepark.fang.com/
Logger:2020-03-15 23:58:20.341590 https://xinghaixiaozhenbl.fang.com/
Logger:2020-03-15 23:58:24.174649 https://gz.newhouse.fang.com/house/s/b929/
Logger:2020-03-15 23:58:26.905714 https://haojinzuoanbgy.fang.com/
Logger:2020-03-15 23:58:27.247877 https://gjqccymygsd.fang.com/
Logger:2020-03-15 23:58:27.689695 https://hanlinshangpin020.fang.com/
Logger:2020-03-15 23:58:28.019813 https://xiyuebgy.fang.com/
Logger:2020-03-15 23:58:28.420382 https://aoyuanyufeng.fang.com/
Logger:2020-03-15 23:58:28.880793 https://yuexihuayuanfl.fang.com/
Logger:2020-03-15 23:58:29.280220 https://tianhaiwanfl.fang.com/
Logger:2020-03-15 23:58:29.760955 https://yuqingxuanns.fang.com/
Logger:2020-03-15 23:58:30.369577 https://ilifangiplusbl.fang.com/
Logger:2020-03-15 23:58:30.821863 https://yunlubanshanbgy.fang.com/
Logger:2020-03-15 23:58:31.207831 https://shidaitianqi.fang.com/
Logger:2020-03-15 23:58:31.570869 https://linkengongyuanlg020.fang.com/
Logger:2020-03-15 23:58:31.978922 https://qiaoyayuan.fang.com/
Logger:2020-03-15 23:58:32.322903 https://xingfuyuan020.fang.com/
Logger:2020-03-15 23:58:32.694907 https://sanjisoho.fang.com/
Logger:2020-03-15 23:58:33.054984 https://chengshizhuchangzs020.fang.com/
Logger:2020-03-15 23:58:33.514364 https://tongchuangyucheng.fang.com/
Logger:2020-03-15 23:58:36.360273 https://feicuiwanhz.fang.com/
Logger:2020-03-15 23:58:36.729092 https://xingxinguojigongyu.fang.com/
Logger:2020-03-15 23:58:37.071177 https://lingjie.fang.com/
Logger:2020-03-15 23:58:40.869373 https://gz.newhouse.fang.com/house/s/b930/
Logger:2020-03-15 23:58:41.320395 https://baixinguangchang.fang.com/
Logger:2020-03-15 23:58:41.633560 https://lianheguangchang020.fang.com/
Logger:2020-03-15 23:58:42.006620 https://dongjiangshoufubl.fang.com/shop/
Logger:2020-03-15 23:58:42.689138 https://jinzhuguangchang.fang.com/
Logger:2020-03-15 23:58:43.109524 https://qihangjingangzgf.fang.com/
Logger:2020-03-15 23:58:43.472527 https://wanhuilongyu.fang.com/
Logger:2020-03-15 23:58:46.085678 https://puyuelirw.fang.com/
Logger:2020-03-15 23:58:46.490637 https://qinghuakejiyuan020.fang.com/
Logger:2020-03-15 23:58:46.785553 https://guangzhourunhuikejiyuan.fang.com/
Logger:2020-03-15 23:58:50.554292 https://gz.newhouse.fang.com/house/s/b931/
Logger:2020-03-15 23:58:54.252462 https://gz.newhouse.fang.com/house/s/b932/
Logger:2020-03-15 23:58:58.034231 https://gz.newhouse.fang.com/house/s/b933/
