Logger:2020-03-16 14:42:12.787401 https://haian.newhouse.fang.com/house/s/b91/
Logger:2020-03-16 14:42:13.056680 https://wandaguangchangha.fang.com/
Logger:2020-03-16 14:42:13.365888 https://aotixincheng05132.fang.com/
Logger:2020-03-16 14:42:14.602545 https://shuianmingchengch2.fang.com/
Logger:2020-03-16 14:42:14.923686 https://ruyijiayuanddj.fang.com/
Logger:2020-03-16 14:42:15.176011 https://yuyuanhxyp.fang.com/
Logger:2020-03-16 14:42:15.449280 https://zhuodianhuayuan.fang.com/
Logger:2020-03-16 14:42:15.723547 https://haitangbieyuanbgy.fang.com/
Logger:2020-03-16 14:42:24.334548 https://yurunguangchangha2.fang.com/
Logger:2020-03-16 14:42:24.615758 https://daxin.fang.com/
Logger:2020-03-16 14:42:24.875107 https://xinghutiandi.fang.com/
Logger:2020-03-16 14:42:25.155314 https://jinshilanjun2.fang.com/
Logger:2020-03-16 14:42:25.495404 https://jinhailishuiwan2.fang.com/
Logger:2020-03-16 14:42:25.773661 https://binhuguojixt.fang.com/
Logger:2020-03-16 14:42:26.005080 https://pengchengguojihuayuan.fang.com/
Logger:2020-03-16 14:42:26.270380 https://zgdbqqjjcgzx2.fang.com/
Logger:2020-03-16 14:42:26.500716 https://tianlanwansz.fang.com/
Logger:2020-03-16 14:42:26.821857 https://feilijunjs.fang.com/
Logger:2020-03-16 14:42:27.123050 https://gaoerfugongyuzy2.fang.com/
Logger:2020-03-16 14:42:27.373400 https://yueshanghu.fang.com/
Logger:2020-03-16 14:42:27.658620 https://7xingshoufu2.fang.com/
Logger:2020-03-16 14:42:31.355727 https://haian.newhouse.fang.com/house/s/b92/
Logger:2020-03-16 14:42:31.619048 https://shengshimingmenrh.fang.com/
Logger:2020-03-16 14:42:31.864367 https://youjingmeidisj.fang.com/
Logger:2020-03-16 14:42:32.105721 https://523ysjgy.fang.com/
Logger:2020-03-16 14:42:32.401929 https://zbfty.fang.com/
Logger:2020-03-16 14:42:33.458104 https://jixiangshuianrh.fang.com/
Logger:2020-03-16 14:42:34.767641 https://shuguanglanqiaorh.fang.com/
Logger:2020-03-16 14:42:35.038918 https://xinghuwan05132.fang.com/
Logger:2020-03-16 14:42:35.295226 https://shanshuiguojiaf2.fang.com/
Logger:2020-03-16 14:42:35.599375 https://yijingwanguojihuayuan2.fang.com/
Logger:2020-03-16 14:42:36.023277 https://huyuetianjinggn.fang.com/
Logger:2020-03-16 14:42:36.257690 https://mingrenshijiahb.fang.com/
Logger:2020-03-16 14:42:36.529928 https://rencaigongyurh.fang.com/
Logger:2020-03-16 14:42:36.887966 https://kaishunruicheng.fang.com/
Logger:2020-03-16 14:42:37.141288 https://dongfanghuayuancl0513.fang.com/
Logger:2020-03-16 14:42:37.384601 https://honghejiadu.fang.com/
Logger:2020-03-16 14:42:38.737979 https://limingruijingrh.fang.com/
Logger:2020-03-16 14:42:39.044179 https://zghaywgjsmc2.fang.com/
Logger:2020-03-16 14:42:42.659488 https://haian.newhouse.fang.com/house/s/b93/
Logger:2020-03-16 14:42:46.104315 https://haian.newhouse.fang.com/house/s/b94/
Logger:2020-03-16 14:42:49.827355 https://haian.newhouse.fang.com/house/s/b95/
