Logger:2020-03-16 16:55:37.857053 https://hailaer.newhouse.fang.com/house/s/b91/
Logger:2020-03-16 16:55:42.648214 https://zijinyuands.fang.com/
Logger:2020-03-16 16:55:42.982315 https://xiushuihuayuan0470.fang.com/
Logger:2020-03-16 16:55:43.325398 https://shanshuiyiyuanhle0470.fang.com/
Logger:2020-03-16 16:55:48.263276 https://hailaer.newhouse.fang.com/house/1526834233.htm
Logger:2020-03-16 16:55:48.650242 https://wanjiahuayuan0470.fang.com/
Logger:2020-03-16 16:55:48.964401 https://langjunzd0470.fang.com/
Logger:2020-03-16 16:55:49.262759 https://jindingshangchenghle.fang.com/
Logger:2020-03-16 16:55:49.599032 https://zhongyangyujing0470.fang.com/
Logger:2020-03-16 16:55:49.998960 https://meiguizhuangyuanss.fang.com/
Logger:2020-03-16 16:56:08.678882 https://yilongyuan0470.fang.com/
Logger:2020-03-16 16:56:09.052698 https://hexieyuan0470.fang.com/
Logger:2020-03-16 16:56:09.349322 https://pingguohuayuanzqgl0470.fang.com/
Logger:2020-03-16 16:56:09.708345 https://haifengjiayuan04070.fang.com/
Logger:2020-03-16 16:56:11.300898 https://guojishangchengcytt0470.fang.com/
Logger:2020-03-16 16:56:11.625059 https://huaruiyuanty0470.fang.com/
Logger:2020-03-16 16:56:11.935212 https://jinshuiansy0470.fang.com/
Logger:2020-03-16 16:56:13.450948 https://tianewanby0470.fang.com/
Logger:2020-03-16 16:56:14.019439 https://jindihuayuan0470.fang.com/
Logger:2020-03-16 16:56:16.261285 https://shuianhuayuanhc0470.fang.com/
Logger:2020-03-16 16:56:23.405771 https://haishangmuge0470.fang.com/
Logger:2020-03-16 16:56:30.197208 https://hailaer.newhouse.fang.com/house/s/b92/
Logger:2020-03-16 16:56:30.530346 https://yupinyuan0470.fang.com/
Logger:2020-03-16 16:56:32.106774 https://kaiyingzhongxincheng0470.fang.com/
Logger:2020-03-16 16:56:32.468104 https://shoufuhj0470.fang.com/
Logger:2020-03-16 16:56:32.815425 https://dongshengjiayuan0470.fang.com/
Logger:2020-03-16 16:56:33.133122 https://yushuiwanjkl0470.fang.com/
Logger:2020-03-16 16:56:40.070130 https://qilinjiayuanjdh0470.fang.com/
Logger:2020-03-16 16:56:47.951450 https://lanjingliyuan0470.fang.com/
Logger:2020-03-16 16:56:56.290221 https://yijujiayuan0470.fang.com/
Logger:2020-03-16 16:56:56.590417 https://shangdongcheng0470.fang.com/
Logger:2020-03-16 16:56:57.750446 https://tianyiyuanxiaoqu0470.fang.com/
Logger:2020-03-16 16:57:04.144380 https://bihaijinchengjr0470.fang.com/
Logger:2020-03-16 16:57:05.560820 https://bishuijiayuan0470.fang.com/
Logger:2020-03-16 16:57:05.857060 https://longchenhuayuan0470.fang.com/
Logger:2020-03-16 16:57:24.587682 https://donghushuyuan0470.fang.com/
Logger:2020-03-16 16:57:29.910244 https://tianhefangzhou0470.fang.com/
Logger:2020-03-16 16:57:36.244571 https://donggangguojijixiecheng0470.fang.com/
Logger:2020-03-16 16:57:41.860849 https://hailaer.newhouse.fang.com/house/s/b93/
Logger:2020-03-16 16:57:46.526576 https://hailaer.newhouse.fang.com/house/s/b94/
Logger:2020-03-16 16:57:50.043464 https://hailaer.newhouse.fang.com/house/s/b95/
