Logger:2020-03-16 14:31:36.709037 https://haimen.newhouse.fang.com/house/s/b91/
Logger:2020-03-16 14:31:36.979289 https://shoukaizijunhaimen.fang.com/
Logger:2020-03-16 14:31:37.330385 https://fdlbw0513.fang.com/
Logger:2020-03-16 14:31:37.606686 https://lgyjxzw.fang.com/
Logger:2020-03-16 14:31:37.886861 https://hmjiarihuayuan.fang.com/
Logger:2020-03-16 14:31:38.165133 https://haimenbaoliyunxi.fang.com/
Logger:2020-03-16 14:31:38.481271 https://fuhuawenyuan.fang.com/
Logger:2020-03-16 14:31:38.770497 https://changjiangyin.fang.com/
Logger:2020-03-16 14:31:39.072690 https://hmlongshuguangongdao.fang.com/
Logger:2020-03-16 14:31:39.363911 https://jinfenghuayuan20513.fang.com/
Logger:2020-03-16 14:31:39.723017 https://zhaoshanghaimenguoji.fang.com/
Logger:2020-03-16 14:31:40.001241 https://haimenqinyuan0513.fang.com/
Logger:2020-03-16 14:31:40.274474 https://wankefeicuijiadi.fang.com/
Logger:2020-03-16 14:31:40.516861 https://176546.fang.com/
Logger:2020-03-16 14:31:40.813033 https://176544.fang.com/
Logger:2020-03-16 14:31:41.058419 https://jinrunxijingyuan2.fang.com/
Logger:2020-03-16 14:31:41.331647 https://176538.fang.com/
Logger:2020-03-16 14:31:41.608904 https://zhongnanhuguangyingyue.fang.com/
Logger:2020-03-16 14:31:41.884168 https://zlyhy0513.fang.com/
Logger:2020-03-16 14:31:42.290082 https://zuoangongyuan20513.fang.com/
Logger:2020-03-16 14:31:42.557367 https://yajulewankezhongyanggongyuan2.fang.com/
Logger:2020-03-16 14:31:45.842578 https://haimen.newhouse.fang.com/house/s/b92/
Logger:2020-03-16 14:31:46.109939 https://lcjyhm.fang.com/
Logger:2020-03-16 14:31:46.437986 https://chunfengli0513.fang.com/
Logger:2020-03-16 14:31:46.740202 https://lvdaojiangwancheng0513.fang.com/
Logger:2020-03-16 14:31:49.126836 https://hmjiangchengyipin.fang.com/
Logger:2020-03-16 14:31:49.437998 https://yunqiyuan0513.fang.com/
Logger:2020-03-16 14:31:49.795005 https://tongzhouwanshililanyuan.fang.com/
Logger:2020-03-16 14:31:50.097197 https://hmhaiwanyihao.fang.com/
Logger:2020-03-16 14:31:50.391409 https://jinhaiwanbandaohuayuan0513.fang.com/
Logger:2020-03-16 14:31:50.729530 https://jinkelangqiaoshuian1.fang.com/
Logger:2020-03-16 14:31:51.056672 https://lvdichangdao3.fang.com/
Logger:2020-03-16 14:31:51.359895 https://haimenjianghaiduhui.fang.com/
Logger:2020-03-16 14:31:51.736810 https://haimenshangyuecheng.fang.com/
Logger:2020-03-16 14:31:52.016139 https://leyixiaozhen.fang.com/
Logger:2020-03-16 14:31:52.328227 https://lvdichangtan.fang.com/
Logger:2020-03-16 14:31:52.582549 https://xiyuetianxi.fang.com/
Logger:2020-03-16 14:31:52.938595 https://binhuhuayuan2.fang.com/
Logger:2020-03-16 14:31:53.219892 https://haimenliuanchunfeng.fang.com/
Logger:2020-03-16 14:31:53.515053 https://haimengongyuanli.fang.com/
Logger:2020-03-16 14:31:53.913986 https://nthdylw0513.fang.com/
Logger:2020-03-16 14:31:56.023362 https://guanghuashidai2.fang.com/
Logger:2020-03-16 14:31:59.678566 https://haimen.newhouse.fang.com/house/s/b93/
Logger:2020-03-16 14:31:59.986772 https://zhengdamantingfang.fang.com/
Logger:2020-03-16 14:32:00.316857 https://176510.fang.com/
Logger:2020-03-16 14:32:04.543580 https://176564.fang.com/
Logger:2020-03-16 14:32:04.794920 https://tongzhouwanguanhaihuayuan.fang.com/
Logger:2020-03-16 14:32:05.029251 https://changjiangziyuan.fang.com/
Logger:2020-03-16 14:32:05.362360 https://longhaohaijingwan2.fang.com/
Logger:2020-03-16 14:32:05.681506 https://daaicheng3.fang.com/
Logger:2020-03-16 14:32:08.409209 https://haimenxiyue.fang.com/
Logger:2020-03-16 14:32:08.725363 https://shiguangmancheng0513.fang.com/
Logger:2020-03-16 14:32:09.010601 https://haimenhengfenghuayuan.fang.com/
Logger:2020-03-16 14:32:09.323805 https://wankebailuwan2.fang.com/
Logger:2020-03-16 14:32:09.656912 https://guoruiyintai.fang.com/
Logger:2020-03-16 14:32:09.940174 https://haimenhaiyuemingdu0513.fang.com/
Logger:2020-03-16 14:32:10.221361 https://bgyty20513.fang.com/
Logger:2020-03-16 14:32:10.565477 https://jinzunhuayuan0513.fang.com/
Logger:2020-03-16 14:32:10.860651 https://rongheyuan0513.fang.com/
Logger:2020-03-16 14:32:11.126939 https://tuosikanazhuangyuan20513.fang.com/
Logger:2020-03-16 14:32:11.419157 https://dongshewangfu2.fang.com/
Logger:2020-03-16 14:32:11.794154 https://176462.fang.com/
Logger:2020-03-16 14:32:12.753588 https://176560.fang.com/
Logger:2020-03-16 14:32:16.006931 https://haimen.newhouse.fang.com/house/s/b94/
Logger:2020-03-16 14:32:16.287176 https://176566.fang.com/
Logger:2020-03-16 14:32:16.585336 https://176548.fang.com/
Logger:2020-03-16 14:32:16.845717 https://haimendongfangweinisi.fang.com/
Logger:2020-03-16 14:32:17.113941 https://zhongnanbiguiyuan1.fang.com/
Logger:2020-03-16 14:32:19.082657 https://longxinyuyuanjinjie.fang.com/
Logger:2020-03-16 14:32:19.335978 https://hmdsct.fang.com/
Logger:2020-03-16 14:32:19.700049 https://1765082.fang.com/
Logger:2020-03-16 14:32:19.947378 https://haimenzhongnanshijicheng.fang.com/
Logger:2020-03-16 14:32:23.101905 https://rongchuanghaishangtaoyuan.fang.com/
Logger:2020-03-16 14:32:25.527415 https://haimenyujingyuan.fang.com/
Logger:2020-03-16 14:32:25.838582 https://lvchengqinyuan2.fang.com/
Logger:2020-03-16 14:32:26.123888 https://haimenzhongshijinanshijijincheng0513.fang.com/
Logger:2020-03-16 14:32:26.479868 https://changtaihaibincheng.fang.com/
Logger:2020-03-16 14:32:26.765151 https://haishangchuanqi2.fang.com/
Logger:2020-03-16 14:32:27.087283 https://haimenzhengdaqinghuayuan0513.fang.com/
Logger:2020-03-16 14:32:27.355565 https://languangyongjinyuan0513.fang.com/
Logger:2020-03-16 14:32:27.629792 https://znmanyuewan.fang.com/
Logger:2020-03-16 14:32:27.927993 https://zhuoyueyuechen0513.fang.com/
Logger:2020-03-16 14:32:30.596889 https://176448.fang.com/
Logger:2020-03-16 14:32:30.890107 https://beishanghaihuayuanxiaozhen.fang.com/
Logger:2020-03-16 14:32:34.117435 https://haimen.newhouse.fang.com/house/s/b95/
Logger:2020-03-16 14:32:34.379733 https://beihaixingfuyuan.fang.com/
Logger:2020-03-16 14:32:34.678000 https://shimaoyunjin40513.fang.com/
Logger:2020-03-16 14:32:34.986143 https://haimenzhonghuayuan.fang.com/
Logger:2020-03-16 14:32:35.261412 https://rglyhyh.fang.com/
Logger:2020-03-16 14:32:35.531691 https://jyhyhaimen.fang.com/
Logger:2020-03-16 14:32:35.796985 https://jiulongshu2.fang.com/
Logger:2020-03-16 14:32:36.116090 https://cuihutiandi0513.fang.com/
Logger:2020-03-16 14:32:36.404317 https://jinhaiwanlongmenfu.fang.com/
Logger:2020-03-16 14:32:36.733437 https://qilinjiayuan0513.fang.com/
Logger:2020-03-16 14:32:38.582529 https://176558.fang.com/
Logger:2020-03-16 14:32:38.897648 https://xinyueguangchang0513.fang.com/
Logger:2020-03-16 14:32:39.175904 https://yujinglanting0513.fang.com/
Logger:2020-03-16 14:32:39.445183 https://jiangwanguojizhongxin.fang.com/
Logger:2020-03-16 14:32:39.733453 https://kaidashoufu.fang.com/
Logger:2020-03-16 14:32:40.102425 https://haishangpuluowangsi0513.fang.com/
Logger:2020-03-16 14:32:40.402621 https://haimenyangguanggongyu.fang.com/
Logger:2020-03-16 14:32:40.710797 https://ldalbfgc.fang.com/
Logger:2020-03-16 14:32:41.032935 https://shanshuiyihao5.fang.com/
Logger:2020-03-16 14:32:41.394967 https://176504.fang.com/
Logger:2020-03-16 14:32:41.657294 https://biguiyuanyungu3.fang.com/
Logger:2020-03-16 14:32:44.990374 https://haimen.newhouse.fang.com/house/s/b96/
Logger:2020-03-16 14:32:45.291543 https://buguiyuanshiliwaitan.fang.com/
Logger:2020-03-16 14:32:45.605732 https://ndnlw.fang.com/
Logger:2020-03-16 14:32:45.887947 https://chengfaxiuzeyuan.fang.com/
Logger:2020-03-16 14:32:46.152240 https://shuntaiguangchang.fang.com/
Logger:2020-03-16 14:32:46.418528 https://baishengyuan0513.fang.com/
Logger:2020-03-16 14:32:46.732687 https://sutongyihao.fang.com/
Logger:2020-03-16 14:32:47.025945 https://zhongqiaohuayuan3.fang.com/
Logger:2020-03-16 14:32:49.054477 https://fengzheyuan.fang.com/
Logger:2020-03-16 14:32:49.308796 https://youshanmeidimingdi.fang.com/
Logger:2020-03-16 14:32:51.333381 https://yldwgc.fang.com/
Logger:2020-03-16 14:32:51.652527 https://saigelingyu2.fang.com/
Logger:2020-03-16 14:32:51.936804 https://rongchuanyulangongguan.fang.com/
Logger:2020-03-16 14:32:52.203085 https://fuduhaoyuan2.fang.com/
Logger:2020-03-16 14:32:52.488291 https://shidaishangcheng2.fang.com/
Logger:2020-03-16 14:32:52.756573 https://nantongyijiuyier.fang.com/
Logger:2020-03-16 14:32:54.542794 https://haimen.newhouse.fang.com/house/1841199238.htm
Logger:2020-03-16 14:32:54.835013 https://176540.fang.com/
Logger:2020-03-16 14:32:55.154200 https://176512.fang.com/
Logger:2020-03-16 14:32:55.418452 https://jiangjingruiyuan2.fang.com/
Logger:2020-03-16 14:32:55.721690 https://zhongjiaomeilucheng.fang.com/
Logger:2020-03-16 14:32:59.505561 https://haimen.newhouse.fang.com/house/s/b97/
Logger:2020-03-16 14:32:59.773837 https://176446.fang.com/
Logger:2020-03-16 14:33:01.872229 https://fengdanmingyue2.fang.com/
Logger:2020-03-16 14:33:02.134485 https://jiaheyaju2.fang.com/
Logger:2020-03-16 14:33:05.397790 https://jxwjf0513.fang.com/
Logger:2020-03-16 14:33:08.110498 https://shuangyiguojidasha.fang.com/
Logger:2020-03-16 14:33:08.381775 https://176454.fang.com/
Logger:2020-03-16 14:33:10.974879 https://jiuqiangxingfuwan3.fang.com/
Logger:2020-03-16 14:33:11.290993 https://jiangjingguoji3.fang.com/
Logger:2020-03-16 14:33:11.554288 https://rgjinshuihuating.fang.com/
Logger:2020-03-16 14:33:11.825561 https://nantongyihaofudi2.fang.com/
Logger:2020-03-16 14:33:12.102855 https://shidaiyuecheng2.fang.com/
Logger:2020-03-16 14:33:12.463873 https://jiangjinghuayuan2.fang.com/
Logger:2020-03-16 14:33:16.328516 https://176552.fang.com/
Logger:2020-03-16 14:33:16.566914 https://176442.fang.com/
Logger:2020-03-16 14:33:16.842140 https://gangchenghuayuan2.fang.com/
Logger:2020-03-16 14:33:17.132363 https://wuzhoufeiliwan2.fang.com/
Logger:2020-03-16 14:33:17.399649 https://bgytysdtj.fang.com/
Logger:2020-03-16 14:33:17.679899 https://fengtianhuayuan0513.fang.com/
Logger:2020-03-16 14:33:17.992080 https://176506.fang.com/
Logger:2020-03-16 14:33:18.245426 https://fuliyuanshiting2.fang.com/
Logger:2020-03-16 14:33:21.597451 https://haimen.newhouse.fang.com/house/s/b98/
Logger:2020-03-16 14:33:21.869690 https://xingmeijiayuan.fang.com/
Logger:2020-03-16 14:33:22.145951 https://bingjiangliduqiaoyu.fang.com/
Logger:2020-03-16 14:33:22.509977 https://176440.fang.com/
Logger:2020-03-16 14:33:22.817202 https://nantongwandaguangchang.fang.com/
Logger:2020-03-16 14:33:23.125332 https://176444.fang.com/
Logger:2020-03-16 14:33:25.086086 https://jiangfenghaiyun2.fang.com/
Logger:2020-03-16 14:33:25.360352 https://yangguangchenghaiyuefu2.fang.com/
Logger:2020-03-16 14:33:25.678525 https://sijichunchengsjcc.fang.com/
Logger:2020-03-16 14:33:28.223697 https://chunjiangmingyueyuan.fang.com/
Logger:2020-03-16 14:33:28.491975 https://yuexingjiaju.fang.com/
Logger:2020-03-16 14:33:28.782199 https://qimingxingzhongyangguangchang.fang.com/
Logger:2020-03-16 14:33:29.066438 https://hongmingmoer2.fang.com/
Logger:2020-03-16 14:33:29.393564 https://nantfenghuanggz.fang.com/
Logger:2020-03-16 14:33:29.696752 https://176542.fang.com/
Logger:2020-03-16 14:33:29.984981 https://banghaoshishangguangchang2.fang.com/
Logger:2020-03-16 14:33:30.267226 https://shidaishangchenghm.fang.com/
Logger:2020-03-16 14:33:30.602374 https://hongmingjinmaozhongxin2.fang.com/
Logger:2020-03-16 14:33:30.892553 https://176574.fang.com/
Logger:2020-03-16 14:33:31.164846 https://176576.fang.com/
Logger:2020-03-16 14:33:34.795143 https://haimen.newhouse.fang.com/house/s/b99/
Logger:2020-03-16 14:33:38.241921 https://haimen.newhouse.fang.com/house/s/b910/
Logger:2020-03-16 14:33:41.731557 https://haimen.newhouse.fang.com/house/s/b911/
