Logger:2020-03-17 00:43:29.715775 https://haining.newhouse.fang.com/house/s/b91/
Logger:2020-03-17 00:43:29.955092 https://wankezhaoqiyunshanfu.fang.com/
Logger:2020-03-17 00:43:30.228404 https://133390.fang.com/
Logger:2020-03-17 00:43:30.479721 https://kaiyuanwanke0573.fang.com/
Logger:2020-03-17 00:43:32.171210 https://133378.fang.com/
Logger:2020-03-17 00:43:33.828772 https://hongxiangningguofu.fang.com/
Logger:2020-03-17 00:43:34.069087 https://gonglianhainajun.fang.com/
Logger:2020-03-17 00:43:34.301466 https://hongyunyifu.fang.com/
Logger:2020-03-17 00:43:34.537833 https://hongxiangzhongnanhongyuefu.fang.com/
Logger:2020-03-17 00:43:36.253244 https://133382.fang.com/
Logger:2020-03-17 00:43:39.256235 https://haizhoumingyuan.fang.com/
Logger:2020-03-17 00:43:39.486635 https://liuanchunfeng0573.fang.com/
Logger:2020-03-17 00:43:39.735980 https://jiayuanlongfu.fang.com/
Logger:2020-03-17 00:43:40.018172 https://wanchengjingyuan.fang.com/
Logger:2020-03-17 00:43:40.259568 https://yingdujunyuecheng.fang.com/
Logger:2020-03-17 00:43:41.197076 https://hongxiangronghangfu.fang.com/
Logger:2020-03-17 00:43:41.467295 https://zhongtianjinlanfu.fang.com/
Logger:2020-03-17 00:43:43.039133 https://hongxiangyidungongguan.fang.com/
Logger:2020-03-17 00:43:44.690671 https://zhongtianjinchenfu.fang.com/
Logger:2020-03-17 00:43:44.941038 https://133632.fang.com/
Logger:2020-03-17 00:43:46.824002 https://wanchenglinglongfu.fang.com/
Logger:2020-03-17 00:43:50.754450 https://haining.newhouse.fang.com/house/s/b92/
Logger:2020-03-17 00:43:52.317348 https://langshiweilanjiequ.fang.com/
Logger:2020-03-17 00:43:54.101497 https://133610.fang.com/
Logger:2020-03-17 00:43:54.379753 https://shidaiyuefu0573.fang.com/
Logger:2020-03-17 00:43:54.605185 https://133708.fang.com/
Logger:2020-03-17 00:43:54.887434 https://133606.fang.com/
Logger:2020-03-17 00:43:55.174626 https://lvchenghuajingchuanlanyuan.fang.com/
Logger:2020-03-17 00:43:55.413985 https://133458.fang.com/
Logger:2020-03-17 00:43:55.641402 https://cajyzxgc0573.fang.com/
Logger:2020-03-17 00:43:55.926614 https://133450.fang.com/
Logger:2020-03-17 00:43:56.207862 https://133482.fang.com/
Logger:2020-03-17 00:43:56.452252 https://133626.fang.com/
Logger:2020-03-17 00:43:56.686623 https://133392.fang.com/
Logger:2020-03-17 00:43:57.125450 https://133500.fang.com/
Logger:2020-03-17 00:43:59.812323 https://1335062.fang.com/
Logger:2020-03-17 00:44:02.141021 https://hongxianghaitangwan.fang.com/
Logger:2020-03-17 00:44:04.340149 https://133386.fang.com/
Logger:2020-03-17 00:44:04.646330 https://hongxiangyangliujun0573.fang.com/
Logger:2020-03-17 00:44:04.890664 https://lvchengqiantangyinyue.fang.com/
Logger:2020-03-17 00:44:05.132987 https://133376.fang.com/
Logger:2020-03-17 00:44:05.382360 https://qianchaofu0573.fang.com/
Logger:2020-03-17 00:44:09.241992 https://haining.newhouse.fang.com/house/s/b93/
Logger:2020-03-17 00:44:09.485367 https://fengqichaomingfu.fang.com/
Logger:2020-03-17 00:44:09.730731 https://jingyushijia0573.fang.com/
Logger:2020-03-17 00:44:10.066830 https://133374.fang.com/
Logger:2020-03-17 00:44:10.296227 https://133628.fang.com/
Logger:2020-03-17 00:44:12.255930 https://chunjiangtianyue20573.fang.com/
Logger:2020-03-17 00:44:12.507277 https://133574.fang.com/
Logger:2020-03-17 00:44:12.745623 https://mldhy0573.fang.com/
Logger:2020-03-17 00:44:13.005924 https://133646.fang.com/
Logger:2020-03-17 00:44:13.465725 https://133372.fang.com/
Logger:2020-03-17 00:44:15.311800 https://huajingchuan0573.fang.com/
Logger:2020-03-17 00:44:17.110001 https://133608.fang.com/
Logger:2020-03-17 00:44:17.426099 https://juandongqinyuan.fang.com/
Logger:2020-03-17 00:44:17.701420 https://133370.fang.com/
Logger:2020-03-17 00:44:18.005550 https://133514.fang.com/
Logger:2020-03-17 00:44:18.252888 https://133468.fang.com/
Logger:2020-03-17 00:44:19.962357 https://133488.fang.com/
Logger:2020-03-17 00:44:20.227605 https://133416.fang.com/
Logger:2020-03-17 00:44:22.033788 https://133440.fang.com/
Logger:2020-03-17 00:44:22.286098 https://133532.fang.com/
Logger:2020-03-17 00:44:22.531442 https://133444.fang.com/
Logger:2020-03-17 00:44:26.351223 https://haining.newhouse.fang.com/house/s/b94/
Logger:2020-03-17 00:44:26.572631 https://133364.fang.com/
Logger:2020-03-17 00:44:26.819969 https://133366.fang.com/
Logger:2020-03-17 00:44:29.557679 https://133624.fang.com/
Logger:2020-03-17 00:44:29.787068 https://133678.fang.com/
Logger:2020-03-17 00:44:31.451579 https://133602.fang.com/
Logger:2020-03-17 00:44:31.690982 https://zhijiangmingyue0573.fang.com/
Logger:2020-03-17 00:44:31.919404 https://cuiyuan0573.fang.com/
Logger:2020-03-17 00:44:33.590856 https://jiangwanfu2.fang.com/
Logger:2020-03-17 00:44:33.865166 https://133442.fang.com/
Logger:2020-03-17 00:44:34.186305 https://jiangnanchunxiao30573.fang.com/
Logger:2020-03-17 00:44:34.438631 https://rongxinlanting.fang.com/
Logger:2020-03-17 00:44:34.678946 https://yintaichenghn2.fang.com/
Logger:2020-03-17 00:44:34.964183 https://133588.fang.com/
Logger:2020-03-17 00:44:36.562932 https://133502.fang.com/
Logger:2020-03-17 00:44:36.804260 https://yuerongzhuangzc.fang.com/
Logger:2020-03-17 00:44:37.089496 https://133402.fang.com/
Logger:2020-03-17 00:44:37.993081 https://zhongchenghubinshanzhuang.fang.com/
Logger:2020-03-17 00:44:38.215564 https://1335900573.fang.com/
Logger:2020-03-17 00:44:38.496732 https://133700.fang.com/
Logger:2020-03-17 00:44:38.862796 https://133692.fang.com/
Logger:2020-03-17 00:44:43.121397 https://haining.newhouse.fang.com/house/s/b95/
Logger:2020-03-17 00:44:43.369696 https://wanchengfeicuimingdi.fang.com/
Logger:2020-03-17 00:44:43.929241 https://133612.fang.com/
Logger:2020-03-17 00:44:44.882648 https://133554.fang.com/
Logger:2020-03-17 00:44:45.163973 https://133380.fang.com/
Logger:2020-03-17 00:44:46.208129 https://longyuanhaoting0573.fang.com/
Logger:2020-03-17 00:44:47.234397 https://133694.fang.com/
Logger:2020-03-17 00:44:47.475711 https://133394.fang.com/
Logger:2020-03-17 00:44:49.211070 https://133712.fang.com/
Logger:2020-03-17 00:44:49.498320 https://133504.fang.com/
Logger:2020-03-17 00:44:49.759604 https://133476.fang.com/
Logger:2020-03-17 00:44:50.008965 https://hongxianglongyuewan.fang.com/
Logger:2020-03-17 00:44:50.273271 https://chengjilinhangshangsha.fang.com/
Logger:2020-03-17 00:44:50.545539 https://133592.fang.com/
Logger:2020-03-17 00:44:50.778875 https://133672.fang.com/
Logger:2020-03-17 00:44:51.022225 https://133702.fang.com/
Logger:2020-03-17 00:44:51.346411 https://133616.fang.com/
Logger:2020-03-17 00:44:51.621621 https://133456.fang.com/
Logger:2020-03-17 00:44:51.870979 https://133434.fang.com/
Logger:2020-03-17 00:44:54.212689 https://133698.fang.com/
Logger:2020-03-17 00:44:56.519561 https://hongxiangtaoyuanfu0573.fang.com/
Logger:2020-03-17 00:45:00.162773 https://haining.newhouse.fang.com/house/s/b96/
Logger:2020-03-17 00:45:00.415123 https://kedaguiyujiangnan.fang.com/
Logger:2020-03-17 00:45:00.660442 https://133522.fang.com/
Logger:2020-03-17 00:45:00.892862 https://133546.fang.com/
Logger:2020-03-17 00:45:01.141213 https://qiantangyuyuan0573.fang.com/
Logger:2020-03-17 00:45:01.432406 https://133688.fang.com/
Logger:2020-03-17 00:45:01.666749 https://133398.fang.com/
Logger:2020-03-17 00:45:01.937069 https://133656.fang.com/
Logger:2020-03-17 00:45:02.200364 https://133464.fang.com/
Logger:2020-03-17 00:45:02.489594 https://133460.fang.com/
Logger:2020-03-17 00:45:02.742906 https://huaxirenjia.fang.com/
Logger:2020-03-17 00:45:05.098568 https://zhongjunyuejingfu.fang.com/
Logger:2020-03-17 00:45:05.332941 https://133472.fang.com/
Logger:2020-03-17 00:45:05.623202 https://133432.fang.com/
Logger:2020-03-17 00:45:07.178005 https://133540.fang.com/
Logger:2020-03-17 00:45:07.416367 https://133518.fang.com/
Logger:2020-03-17 00:45:08.876462 https://133524.fang.com/
Logger:2020-03-17 00:45:10.370468 https://133400.fang.com/
Logger:2020-03-17 00:45:10.606881 https://133542.fang.com/
Logger:2020-03-17 00:45:10.844197 https://133406.fang.com/
Logger:2020-03-17 00:45:12.895774 https://133558.fang.com/
Logger:2020-03-17 00:45:16.625731 https://haining.newhouse.fang.com/house/s/b97/
Logger:2020-03-17 00:45:16.858152 https://133498.fang.com/
Logger:2020-03-17 00:45:18.650314 https://133492.fang.com/
Logger:2020-03-17 00:45:19.677566 https://133414.fang.com/
Logger:2020-03-17 00:45:19.924905 https://133470.fang.com/
Logger:2020-03-17 00:45:20.216170 https://133412.fang.com/
Logger:2020-03-17 00:45:20.459511 https://aoyuanxiyuefu.fang.com/
Logger:2020-03-17 00:45:21.768055 https://133438.fang.com/
Logger:2020-03-17 00:45:22.008331 https://133448.fang.com/
Logger:2020-03-17 00:45:23.070490 https://133430.fang.com/
Logger:2020-03-17 00:45:24.770985 https://133604.fang.com/
Logger:2020-03-17 00:45:26.448454 https://zhongtianjinxiuchengpin.fang.com/shop/
Logger:2020-03-17 00:45:26.682827 https://133368.fang.com/
Logger:2020-03-17 00:45:29.312882 https://133396.fang.com/
Logger:2020-03-17 00:45:29.562156 https://133494.fang.com/
Logger:2020-03-17 00:45:29.818480 https://133426.fang.com/
Logger:2020-03-17 00:45:30.662181 https://133526.fang.com/
Logger:2020-03-17 00:45:30.952405 https://133654.fang.com/
Logger:2020-03-17 00:45:31.258586 https://133420.fang.com/
Logger:2020-03-17 00:45:31.485022 https://longguangjiuyuehuafu.fang.com/
Logger:2020-03-17 00:45:33.050792 https://133564.fang.com/
Logger:2020-03-17 00:45:36.622275 https://haining.newhouse.fang.com/house/s/b98/
Logger:2020-03-17 00:45:36.959335 https://133516.fang.com/
Logger:2020-03-17 00:45:37.214695 https://133404.fang.com/
Logger:2020-03-17 00:45:37.458999 https://133556.fang.com/
Logger:2020-03-17 00:45:37.715356 https://133528.fang.com/
Logger:2020-03-17 00:45:38.094335 https://133496.fang.com/
Logger:2020-03-17 00:45:38.337648 https://133560.fang.com/
Logger:2020-03-17 00:45:41.158103 https://133436.fang.com/
Logger:2020-03-17 00:45:41.397462 https://133534.fang.com/
Logger:2020-03-17 00:45:41.687724 https://133410.fang.com/
Logger:2020-03-17 00:45:41.930038 https://133484.fang.com/
Logger:2020-03-17 00:45:42.216309 https://133418.fang.com/
Logger:2020-03-17 00:45:42.468654 https://133536.fang.com/
Logger:2020-03-17 00:45:43.951666 https://133520.fang.com/
Logger:2020-03-17 00:45:44.242851 https://133732.fang.com/
Logger:2020-03-17 00:45:44.491229 https://dongfangdushijyhx.fang.com/
Logger:2020-03-17 00:45:44.758515 https://kswxcmty.fang.com/
Logger:2020-03-17 00:45:45.006807 https://huajingchuanbihaichengyuan.fang.com/
Logger:2020-03-17 00:45:45.308038 https://huahongyuanshu.fang.com/
Logger:2020-03-17 00:45:46.676365 https://133618.fang.com/
Logger:2020-03-17 00:45:48.549330 https://133620.fang.com/
Logger:2020-03-17 00:45:52.295353 https://haining.newhouse.fang.com/house/s/b99/
Logger:2020-03-17 00:45:53.546007 https://qianjiangjunting.fang.com/
Logger:2020-03-17 00:45:56.140067 https://haining.newhouse.fang.com/house/2024133312.htm
Logger:2020-03-17 00:45:58.882687 https://133446.fang.com/
Logger:2020-03-17 00:46:02.336447 https://haining.newhouse.fang.com/house/s/b910/
Logger:2020-03-17 00:46:05.743370 https://haining.newhouse.fang.com/house/s/b911/
Logger:2020-03-17 00:46:09.183174 https://haining.newhouse.fang.com/house/s/b912/
