Logger:2020-03-17 00:57:41.955853 https://haiyan.newhouse.fang.com/house/s/b91/
Logger:2020-03-17 00:57:42.215206 https://haiyunjian.fang.com/
Logger:2020-03-17 00:57:42.514402 https://liuanchunfeng2.fang.com/
Logger:2020-03-17 00:57:44.521990 https://hejingtianjunhaiyan.fang.com/
Logger:2020-03-17 00:57:44.782331 https://haishangmingyuera.fang.com/
Logger:2020-03-17 00:57:45.023647 https://baochengdushi0573.fang.com/
Logger:2020-03-17 00:57:46.847791 https://yangguangchengfeiliwan0573.fang.com/
Logger:2020-03-17 00:57:51.559207 https://lvjialanyuan0573.fang.com/
Logger:2020-03-17 00:57:51.791541 https://haiyueguoji0573.fang.com/
Logger:2020-03-17 00:57:57.578104 https://jiayuanchenxi.fang.com/
Logger:2020-03-17 00:57:57.926130 https://wuyuegongguan0573.fang.com/
Logger:2020-03-17 00:57:58.277191 https://liuanxiaofeng.fang.com/
Logger:2020-03-17 00:57:59.517873 https://haiganghuayuan0573.fang.com/
Logger:2020-03-17 00:57:59.742348 https://jiangnanchunxiao20573.fang.com/
Logger:2020-03-17 00:58:00.086352 https://feicuiyuefuws.fang.com/
Logger:2020-03-17 00:58:00.339717 https://159272.fang.com/
Logger:2020-03-17 00:58:02.356322 https://binhaiyufuhd2.fang.com/
Logger:2020-03-17 00:58:02.587703 https://chunfengjiangnan.fang.com/
Logger:2020-03-17 00:58:02.904855 https://biguiyuanhaiwanyihaohaiyan.fang.com/
Logger:2020-03-17 00:58:04.947348 https://haiyichangzhou0573.fang.com/
Logger:2020-03-17 00:58:05.210644 https://wankeguiyudongfang.fang.com/
Logger:2020-03-17 00:58:09.372510 https://haiyan.newhouse.fang.com/house/s/b92/
Logger:2020-03-17 00:58:12.355529 https://haishanggongyuanbgy.fang.com/
Logger:2020-03-17 00:58:12.673681 https://jiayuanhaitangfu0573.fang.com/
Logger:2020-03-17 00:58:12.927997 https://chunfengshili0573.fang.com/
Logger:2020-03-17 00:58:15.142113 https://hongxiangyangliujun.fang.com/
Logger:2020-03-17 00:58:15.384456 https://rongchuangjiangnanyue.fang.com/
Logger:2020-03-17 00:58:21.365469 https://jiayuanlongfu20573.fang.com/
Logger:2020-03-17 00:58:23.228444 https://chunjiangtianyue.fang.com/
Logger:2020-03-17 00:58:23.791972 https://fenghuangyayuan0573.fang.com/
Logger:2020-03-17 00:58:24.000378 https://hupanshoufuhaiyan.fang.com/
Logger:2020-03-17 00:58:24.312590 https://zhongchaotaoyuanshuian.fang.com/
Logger:2020-03-17 00:58:25.816518 https://biguiyuanjiananshoufu2.fang.com/
Logger:2020-03-17 00:58:26.074866 https://lanchengchunfengtaoyuan.fang.com/
Logger:2020-03-17 00:58:27.971754 https://bojinyuan0573.fang.com/
Logger:2020-03-17 00:58:29.921619 https://hongxiangbaiheyuan.fang.com/
Logger:2020-03-17 00:58:31.037552 https://zhongduhuatingjs.fang.com/
Logger:2020-03-17 00:58:31.268934 https://lvdiyujingchaoyuan.fang.com/
Logger:2020-03-17 00:58:31.533280 https://hailunhuachengr26lanyuan.fang.com/
Logger:2020-03-17 00:58:31.812510 https://jiahuichengshiguangchangjs.fang.com/
Logger:2020-03-17 00:58:33.757276 https://159324.fang.com/
Logger:2020-03-17 00:58:36.115997 https://tongyuanguangchang.fang.com/
Logger:2020-03-17 00:58:39.841998 https://haiyan.newhouse.fang.com/house/s/b93/
Logger:2020-03-17 00:58:40.107314 https://xiangshengbaihejun.fang.com/
Logger:2020-03-17 00:58:40.347647 https://159322.fang.com/
Logger:2020-03-17 00:58:40.589001 https://159218.fang.com/
Logger:2020-03-17 00:58:40.840368 https://haiyanyuelongwanerqi.fang.com/
Logger:2020-03-17 00:58:42.244614 https://babaiban.fang.com/
Logger:2020-03-17 00:58:42.509901 https://xinchengjinyue0573.fang.com/
Logger:2020-03-17 00:58:46.275788 https://hongxiangyuelanwan.fang.com/
Logger:2020-03-17 00:58:49.025432 https://biguiyuanchongdefu.fang.com/
Logger:2020-03-17 00:58:49.311733 https://159320.fang.com/
Logger:2020-03-17 00:58:49.662726 https://hongxiangtaoyuanfu.fang.com/
Logger:2020-03-17 00:58:52.043401 https://zijinhuayuan20573.fang.com/
Logger:2020-03-17 00:58:52.293727 https://jiangnanyuanzi0573.fang.com/
Logger:2020-03-17 00:58:52.587903 https://hailunbao0573.fang.com/
Logger:2020-03-17 00:58:52.872142 https://159202.fang.com/
Logger:2020-03-17 00:58:59.170336 https://159262.fang.com/
Logger:2020-03-17 00:58:59.425644 https://biguiyuanshanhuyuanzhu.fang.com/
Logger:2020-03-17 00:58:59.708853 https://jinyulanting0573.fang.com/
Logger:2020-03-17 00:58:59.984158 https://qinaideyangfang20573.fang.com/
Logger:2020-03-17 00:59:00.234488 https://159326.fang.com/
Logger:2020-03-17 00:59:07.631658 https://jingshangshu0573.fang.com/
Logger:2020-03-17 00:59:16.481025 https://haiyan.newhouse.fang.com/house/s/b94/
Logger:2020-03-17 00:59:16.745277 https://baolongshijia0573.fang.com/
Logger:2020-03-17 00:59:17.014593 https://jindicuihushangjun.fang.com/
Logger:2020-03-17 00:59:17.251923 https://rongshengxiangyunmingyuan.fang.com/
Logger:2020-03-17 00:59:17.486295 https://kongquechenghanfengyundi.fang.com/
Logger:2020-03-17 00:59:17.764552 https://heshanliuanchunfeng.fang.com/2/
Logger:2020-03-17 00:59:18.016918 https://weiwuchenzhang2.fang.com/
Logger:2020-03-17 00:59:18.266245 https://hongxianghongfengli.fang.com/
Logger:2020-03-17 00:59:18.508591 https://huabangjinzuo0573.fang.com/
Logger:2020-03-17 00:59:18.785818 https://hongxiangyinxingli.fang.com/
Logger:2020-03-17 00:59:21.504545 https://rongshengjinxiuwaitan.fang.com/
Logger:2020-03-17 00:59:21.744904 https://shangshangcheng20573.fang.com/
Logger:2020-03-17 00:59:31.569619 https://kongquechenghanjingyuefu.fang.com/
Logger:2020-03-17 00:59:31.940663 https://biguiyuanweilan.fang.com/
Logger:2020-03-17 00:59:32.191000 https://jinlanwanjc.fang.com/
Logger:2020-03-17 00:59:35.143105 https://jiangnanqiantangli.fang.com/
Logger:2020-03-17 00:59:35.518057 https://159264.fang.com/
Logger:2020-03-17 00:59:35.835208 https://dashucaihongli.fang.com/
Logger:2020-03-17 00:59:36.068664 https://beianqichejiaoyizhongxin.fang.com/
Logger:2020-03-17 00:59:36.308942 https://159212.fang.com/
Logger:2020-03-17 00:59:36.551293 https://fengmingzijinshoufu.fang.com/
Logger:2020-03-17 00:59:40.371117 https://haiyan.newhouse.fang.com/house/s/b95/
Logger:2020-03-17 00:59:40.571567 https://biguiyuanhaiwanxintiandi.fang.com/
Logger:2020-03-17 00:59:40.809900 https://zijingongyuanfu.fang.com/
Logger:2020-03-17 00:59:41.073239 https://fanhuadongfucheng20573.fang.com/
Logger:2020-03-17 00:59:41.308591 https://jiaxingjialishangyezhongxin.fang.com/
Logger:2020-03-17 00:59:41.583830 https://zhongshannongmaoshichang.fang.com/
Logger:2020-03-17 00:59:41.807270 https://159250.fang.com/
Logger:2020-03-17 00:59:44.456178 https://jixiangxlf.fang.com/
Logger:2020-03-17 00:59:44.686570 https://159276.fang.com/
Logger:2020-03-17 00:59:44.961836 https://159206.fang.com/
Logger:2020-03-17 00:59:45.194248 https://heshanliuanchunfeng.fang.com/
Logger:2020-03-17 00:59:48.658904 https://haiyan.newhouse.fang.com/house/s/b96/
Logger:2020-03-17 00:59:52.032895 https://haiyan.newhouse.fang.com/house/s/b97/
Logger:2020-03-17 00:59:55.460754 https://haiyan.newhouse.fang.com/house/s/b98/
