Logger:2020-03-16 19:03:59.769571 https://haiyang.newhouse.fang.com/house/s/b91/
Logger:2020-03-16 19:04:00.093705 https://biguiyuanshilijintanhy.fang.com/
Logger:2020-03-16 19:04:00.508847 https://sijikangcheng1.fang.com/
Logger:2020-03-16 19:04:00.918816 https://aiqinhaihy.fang.com/
Logger:2020-03-16 19:04:04.409612 https://ganghuilanhaiguojihy.fang.com/
Logger:2020-03-16 19:04:04.768340 https://xidaojiariwanhy.fang.com/
Logger:2020-03-16 19:04:05.105405 https://gaosuweilanhaianhy.fang.com/
Logger:2020-03-16 19:04:05.511390 https://ziwenxuefuxl.fang.com/
Logger:2020-03-16 19:04:07.590929 https://shanhaicheng1.fang.com/
Logger:2020-03-16 19:04:09.330363 https://haitianjingyuanhy.fang.com/
Logger:2020-03-16 19:04:11.443418 https://huijingwanhy.fang.com/
Logger:2020-03-16 19:04:11.880434 https://shizhengfuhaidegongyuan.fang.com/
Logger:2020-03-16 19:04:14.957258 https://haitonglanjunhy.fang.com/
Logger:2020-03-16 19:04:17.328133 https://haiyangqinhaiyushu.fang.com/
Logger:2020-03-16 19:04:17.678234 https://fudijinhaicuilin.fang.com/
Logger:2020-03-16 19:04:18.084833 https://rishengshanshuiyuanhy.fang.com/
Logger:2020-03-16 19:04:20.362001 https://bandaolanyuewan.fang.com/
Logger:2020-03-16 19:04:20.712065 https://lunneghailanjinan.fang.com/
Logger:2020-03-16 19:04:21.330447 https://binhaiguojixinchenghy.fang.com/
Logger:2020-03-16 19:04:21.741511 https://gongyuanyihaohy.fang.com/
Logger:2020-03-16 19:04:22.155759 https://dihaozhuangyuanhy.fang.com/
Logger:2020-03-16 19:04:25.812796 https://haiyang.newhouse.fang.com/house/s/b92/
Logger:2020-03-16 19:04:27.772794 https://jinyulanwanhy.fang.com/
Logger:2020-03-16 19:04:28.127546 https://lvdudijiuwanhy.fang.com/
Logger:2020-03-16 19:04:28.574387 https://yashacunhy.fang.com/
Logger:2020-03-16 19:04:29.105929 https://haiyangfenghuangchenghy.fang.com/
Logger:2020-03-16 19:04:29.457068 https://hailanjinanhy.fang.com/
Logger:2020-03-16 19:04:33.594308 https://shaohaimingyuanhy.fang.com/
Logger:2020-03-16 19:04:34.886775 https://haiyangbaolongcheng.fang.com/
Logger:2020-03-16 19:04:35.255428 https://yongpingshengyuan.fang.com/
Logger:2020-03-16 19:04:37.895792 https://yuelongtaihd2.fang.com/
Logger:2020-03-16 19:04:38.525694 https://dongshangchenghy.fang.com/
Logger:2020-03-16 19:04:38.922695 https://zhaungyuanhaiyangmingzhuhy.fang.com/
Logger:2020-03-16 19:04:39.297376 https://zhongyanghaianhy.fang.com/
Logger:2020-03-16 19:04:39.646191 https://shengshishaungfanhy.fang.com/
Logger:2020-03-16 19:04:42.320571 https://shanhaiyangguangmingyuangehy.fang.com/
Logger:2020-03-16 19:04:44.161448 https://haohaidaguan.fang.com/
Logger:2020-03-16 19:04:47.376310 https://jiahemeijingtianchenghy.fang.com/
Logger:2020-03-16 19:04:47.753302 https://shenglongguojihy.fang.com/
Logger:2020-03-16 19:04:48.094389 https://fenghuangxinchenghy.fang.com/
Logger:2020-03-16 19:04:48.467817 https://ouchengjinsanjiaohy.fang.com/
Logger:2020-03-16 19:04:48.821370 https://jinhaijinchenghy.fang.com/
Logger:2020-03-16 19:04:52.521538 https://haiyang.newhouse.fang.com/house/s/b93/
Logger:2020-03-16 19:04:55.152762 https://chuntianhuayuanhy.fang.com/
Logger:2020-03-16 19:04:55.892781 https://hyhljy.fang.com/
Logger:2020-03-16 19:04:58.364935 https://mingyuewanhy.fang.com/
Logger:2020-03-16 19:05:00.070214 https://baolongshijia0535.fang.com/
Logger:2020-03-16 19:05:00.439265 https://longxiakadiyahy.fang.com/
Logger:2020-03-16 19:05:02.028017 https://lanhaijiarihy.fang.com/
Logger:2020-03-16 19:05:03.726446 https://zhuhaijinchenghy.fang.com/
Logger:2020-03-16 19:05:06.218361 https://guojihaianss2.fang.com/
Logger:2020-03-16 19:05:06.851668 https://dongfangxiaweiyihy.fang.com/
Logger:2020-03-16 19:05:09.208199 https://bishuishulinhy.fang.com/
Logger:2020-03-16 19:05:10.258352 https://bandaoyushuiwanhy.fang.com/
Logger:2020-03-16 19:05:13.578245 https://haiyang.newhouse.fang.com/house/2455820739.htm
Logger:2020-03-16 19:05:16.174301 https://binheguandi.fang.com/
Logger:2020-03-16 19:05:20.155147 https://xinfengdashahy.fang.com/
Logger:2020-03-16 19:05:23.850787 https://haiyang.newhouse.fang.com/house/s/b94/
Logger:2020-03-16 19:05:27.329551 https://haiyang.newhouse.fang.com/house/s/b95/
Logger:2020-03-16 19:05:30.934878 https://haiyang.newhouse.fang.com/house/s/b96/
