Logger:2020-03-16 19:51:38.076149 https://hanzhong.newhouse.fang.com/house/s/b91/
Logger:2020-03-16 19:51:42.107463 https://huayuanyjl0916.fang.com/
Logger:2020-03-16 19:51:42.726378 https://hwtrj.fang.com/
Logger:2020-03-16 19:51:43.085386 https://hzhdylw.fang.com/
Logger:2020-03-16 19:51:43.456389 https://jiangnanyihao0916.fang.com/
Logger:2020-03-16 19:51:43.824575 https://meiguizhuangyuanjy.fang.com/
Logger:2020-03-16 19:51:47.578971 https://pengyinglaiyinxiaozhen.fang.com/
Logger:2020-03-16 19:51:47.979553 https://yangguanglify.fang.com/
Logger:2020-03-16 19:51:48.271305 https://xthsdbj.fang.com/
Logger:2020-03-16 19:51:48.606443 https://jyzyyf.fang.com/
Logger:2020-03-16 19:51:51.014284 https://jinyijiuxitai.fang.com/
Logger:2020-03-16 19:51:52.487059 https://yangguangchengjy0916.fang.com/
Logger:2020-03-16 19:51:57.344018 https://yajulehuayuanjianqiaojun.fang.com/
Logger:2020-03-16 19:51:57.686103 https://zhongxinguoji0916.fang.com/
Logger:2020-03-16 19:51:57.986419 https://xiyutianlancheng.fang.com/
Logger:2020-03-16 19:51:58.344220 https://bjbdfcc.fang.com/
Logger:2020-03-16 19:52:02.344403 https://wenshaguojihc.fang.com/
Logger:2020-03-16 19:52:02.672873 https://yangzhougongguan.fang.com/
Logger:2020-03-16 19:52:03.024921 https://guangshahanshangongguan.fang.com/
Logger:2020-03-16 19:52:03.470275 https://gongyuanyihaobj0916.fang.com/
Logger:2020-03-16 19:52:03.792414 https://wuyueguangchang0916.fang.com/
Logger:2020-03-16 19:52:07.580232 https://hanzhong.newhouse.fang.com/house/s/b92/
Logger:2020-03-16 19:52:07.883482 https://guangshamingzhunanyuan.fang.com/2/
Logger:2020-03-16 19:52:08.317836 https://binjiangguojizj.fang.com/
Logger:2020-03-16 19:52:14.117158 https://qingshuiwan0916.fang.com/
Logger:2020-03-16 19:52:14.458243 https://shanheyuanzhu.fang.com/
Logger:2020-03-16 19:52:14.750462 https://hanzhongbgyyjf.fang.com/
Logger:2020-03-16 19:52:15.135504 https://hanzhongyuhongjiankanghuacheng.fang.com/2/
Logger:2020-03-16 19:52:15.508017 https://hzghsq.fang.com/
Logger:2020-03-16 19:52:15.789264 https://hanjiangxincheng.fang.com/
Logger:2020-03-16 19:52:19.232825 https://tanghongguangchang.fang.com/
Logger:2020-03-16 19:52:23.477639 https://baohexincheng.fang.com/
Logger:2020-03-16 19:52:23.803276 https://kaixuanmenzq.fang.com/
Logger:2020-03-16 19:52:24.124460 https://shengjiangyuezy.fang.com/
Logger:2020-03-16 19:52:24.415702 https://hanjiangshoufu.fang.com/
Logger:2020-03-16 19:52:24.776683 https://longgangyipin.fang.com/
Logger:2020-03-16 19:52:25.064274 https://babaijinxi.fang.com/
Logger:2020-03-16 19:52:25.354985 https://fenglinlvzhou0916.fang.com/
Logger:2020-03-16 19:52:25.669287 https://hengdayujingwancg.fang.com/
Logger:2020-03-16 19:52:25.965541 https://shijinyunque.fang.com/
Logger:2020-03-16 19:52:26.320545 https://dahuashangfu.fang.com/
Logger:2020-03-16 19:52:26.653654 https://bjxrf.fang.com/
Logger:2020-03-16 19:52:30.485206 https://hanzhong.newhouse.fang.com/house/s/b93/
Logger:2020-03-16 19:52:30.798365 https://lhhxsg.fang.com/
Logger:2020-03-16 19:52:33.000307 https://xichengyujing0916.fang.com/
Logger:2020-03-16 19:52:33.330450 https://hannanlingxiu.fang.com/
Logger:2020-03-16 19:52:33.676500 https://shengshihuating0916.fang.com/
Logger:2020-03-16 19:52:34.005720 https://zhichengmingju0916.fang.com/
Logger:2020-03-16 19:52:34.348830 https://tianhanlongcheng.fang.com/
Logger:2020-03-16 19:52:34.664088 https://zhongxinchengdh.fang.com/
Logger:2020-03-16 19:52:35.088950 https://aisijingu.fang.com/
Logger:2020-03-16 19:52:35.399120 https://donghuanxingzuo.fang.com/
Logger:2020-03-16 19:52:35.715774 https://binjianghuachengjt.fang.com/
Logger:2020-03-16 19:52:36.136490 https://yinglizhuangyuan0916.fang.com/
Logger:2020-03-16 19:52:36.440676 https://huizhouyujinwan.fang.com/
Logger:2020-03-16 19:52:36.760836 https://shangdayjy.fang.com/
Logger:2020-03-16 19:52:37.174713 https://jinselanzhen.fang.com/
Logger:2020-03-16 19:52:37.662013 https://kaixuanhuafu0916.fang.com/
Logger:2020-03-16 19:52:37.980709 https://yangxianxuefuhuayuan.fang.com/
Logger:2020-03-16 19:52:38.348691 https://jinkaiyujing.fang.com/
Logger:2020-03-16 19:52:38.744618 https://zhongyangshoufu0916.fang.com/
Logger:2020-03-16 19:52:39.180230 https://xingyuanfudi.fang.com/
Logger:2020-03-16 19:52:39.496057 https://shuhanmeijun.fang.com/3/
Logger:2020-03-16 19:52:43.403821 https://hanzhong.newhouse.fang.com/house/s/b94/
Logger:2020-03-16 19:52:48.317029 https://fengqiaomingyuan.fang.com/
Logger:2020-03-16 19:52:48.729538 https://jinxiushengjing.fang.com/
Logger:2020-03-16 19:52:49.030704 https://zhizunmendi0916.fang.com/
Logger:2020-03-16 19:52:49.417745 https://zhongyueguoji0916.fang.com/
Logger:2020-03-16 19:52:54.165894 https://shijiaxingchengys.fang.com/
Logger:2020-03-16 19:52:54.605458 https://danguiyuanhy.fang.com/
Logger:2020-03-16 19:52:54.961226 https://lianhuashangju.fang.com/
Logger:2020-03-16 19:52:55.261918 https://hanjiangguoji2.fang.com/
Logger:2020-03-16 19:52:55.588016 https://hanzhongzhenhuafu.fang.com/
Logger:2020-03-16 19:52:55.968000 https://ssgjsygc.fang.com/
Logger:2020-03-16 19:52:56.279348 https://hanbianxinshijie.fang.com/
Logger:2020-03-16 19:52:56.579051 https://hanjiangyayuan.fang.com/
Logger:2020-03-16 19:52:56.878762 https://jxqlf.fang.com/
Logger:2020-03-16 19:52:59.453675 https://yangxianjinxiuhuafu.fang.com/
Logger:2020-03-16 19:52:59.827717 https://juxingshangcheng.fang.com/
Logger:2020-03-16 19:53:00.122055 https://zhihuicheng0916.fang.com/
Logger:2020-03-16 19:53:03.686990 https://xiyaxincheng.fang.com/
Logger:2020-03-16 19:53:04.077910 https://longwanbandaosh.fang.com/
Logger:2020-03-16 19:53:04.407031 https://lejiazhongxinxt.fang.com/
Logger:2020-03-16 19:53:04.703822 https://dahanchengbang.fang.com/
Logger:2020-03-16 19:53:08.790279 https://hanzhong.newhouse.fang.com/house/s/b95/
Logger:2020-03-16 19:53:09.160287 https://jiulongwan0916.fang.com/
Logger:2020-03-16 19:53:09.454482 https://hanquanjinghuali.fang.com/
Logger:2020-03-16 19:53:12.148673 https://dazhitiancheng.fang.com/
Logger:2020-03-16 19:53:12.510356 https://chengbeishangjugt.fang.com/
Logger:2020-03-16 19:53:14.141910 https://wantaishouxiyihao.fang.com/
Logger:2020-03-16 19:53:15.512000 https://xintiandijn0916.fang.com/
Logger:2020-03-16 19:53:15.808200 https://tangbinchuntianhl.fang.com/
Logger:2020-03-16 19:53:16.109558 https://guojiguoyuhj.fang.com/
Logger:2020-03-16 19:53:16.426220 https://hanjingyaju.fang.com/
Logger:2020-03-16 19:53:16.773845 https://qlrsxz.fang.com/
Logger:2020-03-16 19:53:17.729796 https://huanyiguojilb.fang.com/
Logger:2020-03-16 19:53:19.415441 https://langqiaoshuizhen.fang.com/
Logger:2020-03-16 19:53:21.490612 https://snyfgjsmc.fang.com/
Logger:2020-03-16 19:53:21.878155 https://fubangguangchangmjb.fang.com/
Logger:2020-03-16 19:53:23.667937 https://hanzhongwangfuguangchang.fang.com/
Logger:2020-03-16 19:53:23.933217 https://mzsygcgs0916xy.fang.com/
Logger:2020-03-16 19:53:24.249614 https://hanliguangchang.fang.com/
Logger:2020-03-16 19:53:27.059820 https://changlejinxiu.fang.com/
Logger:2020-03-16 19:53:28.933806 https://xxgjccyyzg.fang.com/
Logger:2020-03-16 19:53:29.234589 https://hrjyjdgy.fang.com/
Logger:2020-03-16 19:53:32.905702 https://hanzhong.newhouse.fang.com/house/s/b96/
Logger:2020-03-16 19:53:34.127923 https://shengshixixiangjiayuan.fang.com/
Logger:2020-03-16 19:53:36.357546 https://xxjcjjblzx.fang.com/
Logger:2020-03-16 19:53:36.789392 https://hanshanjun.fang.com/
Logger:2020-03-16 19:53:40.408418 https://hanzhong.newhouse.fang.com/house/s/b97/
Logger:2020-03-16 19:53:45.077960 https://hanzhong.newhouse.fang.com/house/s/b98/
Logger:2020-03-16 19:53:48.603698 https://hanzhong.newhouse.fang.com/house/s/b99/
