Logger:2020-03-16 13:21:23.451849 https://hbbz.newhouse.fang.com/house/s/b91/
Logger:2020-03-16 13:21:23.701230 https://jzykqcyf0316.fang.com/
Logger:2020-03-16 13:21:24.034337 https://shidaizhiguangwk0316.fang.com/
Logger:2020-03-16 13:21:24.323517 https://ziruishangcheng.fang.com/
Logger:2020-03-16 13:21:24.665602 https://wenquanxindukongquechengbazhou.fang.com/
Logger:2020-03-16 13:21:25.211143 https://lishuikangchengbazhou.fang.com/
Logger:2020-03-16 13:21:25.486406 https://weilaichengsf.fang.com/
Logger:2020-03-16 13:21:25.791590 https://manxiangjun.fang.com/
Logger:2020-03-16 13:21:26.693221 https://xingfulilc.fang.com/
Logger:2020-03-16 13:21:26.970481 https://yujinyuan0316.fang.com/
Logger:2020-03-16 13:21:27.244741 https://yuquanwanhlb.fang.com/
Logger:2020-03-16 13:21:27.542947 https://yuhuaxidao0316.fang.com/
Logger:2020-03-16 13:21:27.854103 https://jindijiayuan0316.fang.com/
Logger:2020-03-16 13:21:28.119363 https://meiguizhuangyuan0316.fang.com/
Logger:2020-03-16 13:21:28.410637 https://fengxijunht0316.fang.com/
Logger:2020-03-16 13:21:28.679864 https://boyueshan0316.fang.com/
Logger:2020-03-16 13:21:29.195520 https://xingfuyuan0316.fang.com/
Logger:2020-03-16 13:21:29.455835 https://kadiyawenquancheng.fang.com/
Logger:2020-03-16 13:21:29.741026 https://sijihuayuan20316.fang.com/
Logger:2020-03-16 13:21:29.976395 https://bazhoubiguiyuantianxi.fang.com/
Logger:2020-03-16 13:21:30.270609 https://dingshengguoji0316.fang.com/
Logger:2020-03-16 13:21:34.209084 https://hbbz.newhouse.fang.com/house/s/b92/
Logger:2020-03-16 13:21:34.611995 https://bazhouzuoanbazhou.fang.com/
Logger:2020-03-16 13:21:35.160568 https://ycyjw0316.fang.com/
Logger:2020-03-16 13:21:35.438857 https://shangdongqukc0316.fang.com/
Logger:2020-03-16 13:21:37.430454 https://jinhengshijia20316.fang.com/
Logger:2020-03-16 13:21:37.685771 https://feicuichengdr0316.fang.com/
Logger:2020-03-16 13:21:37.958080 https://yijinguojiguangchang.fang.com/
Logger:2020-03-16 13:21:38.501631 https://kangxianyuan0316.fang.com/
Logger:2020-03-16 13:21:38.805812 https://bazhouwenquancheng.fang.com/
Logger:2020-03-16 13:21:39.070068 https://yuchangyuan.fang.com/
Logger:2020-03-16 13:21:39.374254 https://jinxiuhuafubazhou.fang.com/
Logger:2020-03-16 13:21:39.652509 https://bazhougongyuanyihao.fang.com/
Logger:2020-03-16 13:21:39.933757 https://biguiyuannanshanjun.fang.com/
Logger:2020-03-16 13:21:40.191068 https://tixiangwenquanxiaozhen0316.fang.com/
Logger:2020-03-16 13:21:40.461347 https://jinkangyajubazhou.fang.com/
Logger:2020-03-16 13:21:41.011874 https://bazhoubaidoujiayuan.fang.com/
Logger:2020-03-16 13:21:41.310107 https://dingshengguoji20316.fang.com/
Logger:2020-03-16 13:21:44.874541 https://hbbz.newhouse.fang.com/house/s/b93/
Logger:2020-03-16 13:21:48.298381 https://hbbz.newhouse.fang.com/house/s/b94/
Logger:2020-03-16 13:21:51.911755 https://hbbz.newhouse.fang.com/house/s/b95/
