Logger:2020-03-16 13:24:57.812438 https://hbsh.newhouse.fang.com/house/s/b91/
Logger:2020-03-16 13:24:58.086703 https://kongquechengziweiyuan.fang.com/
Logger:2020-03-16 13:24:58.388906 https://sanheyanjiaokongquecheng.fang.com/
Logger:2020-03-16 13:24:58.657179 https://sanheshuianhuayurs.fang.com/
Logger:2020-03-16 13:24:59.010231 https://yjshengjinglanwan.fang.com/
Logger:2020-03-16 13:24:59.415113 https://yudongjunjing2.fang.com/
Logger:2020-03-16 13:25:01.488567 https://shenghengshidai.fang.com/
Logger:2020-03-16 13:25:01.778834 https://sanheouyishuian.fang.com/
Logger:2020-03-16 13:25:02.096938 https://sanhehuanjinlanwan.fang.com/
Logger:2020-03-16 13:25:02.376234 https://sanhezhongjunsijihuadu.fang.com/
Logger:2020-03-16 13:25:02.656442 https://fudiguang.fang.com/
Logger:2020-03-16 13:25:02.946665 https://yanjiaojiadu.fang.com/
Logger:2020-03-16 13:25:03.261847 https://shouertiancheng20316.fang.com/
Logger:2020-03-16 13:25:03.556035 https://sanhehuifuyuerongwan.fang.com/
Logger:2020-03-16 13:25:03.818334 https://shuixiehuachenglmsz0316.fang.com/
Logger:2020-03-16 13:25:04.085619 https://sanheleijieshidaiguangchang.fang.com/
Logger:2020-03-16 13:25:04.429712 https://ebccbstc.fang.com/
Logger:2020-03-16 13:25:04.722955 https://tjinshan.fang.com/
Logger:2020-03-16 13:25:04.986210 https://jingdongcbd0316.fang.com/
Logger:2020-03-16 13:25:05.566657 https://tdayuexincheng.fang.com/
Logger:2020-03-16 13:25:05.867851 https://huachenggongyu0316.fang.com/
Logger:2020-03-16 13:25:09.751504 https://hbsh.newhouse.fang.com/house/s/b92/
Logger:2020-03-16 13:25:10.251167 https://tashengshijingyuan.fang.com/
Logger:2020-03-16 13:25:12.258788 https://sanhetianyangchnegsidai.fang.com/
Logger:2020-03-16 13:25:12.545986 https://jialongmeishushan.fang.com/
Logger:2020-03-16 13:25:12.820285 https://wejiabeijing.fang.com/
Logger:2020-03-16 13:25:14.980516 https://hbsh.newhouse.fang.com/house/1350835181.htm
Logger:2020-03-16 13:25:17.895723 https://hbsh.newhouse.fang.com/house/1350835237.htm
Logger:2020-03-16 13:25:21.495088 https://hbsh.newhouse.fang.com/house/s/b93/
Logger:2020-03-16 13:25:24.975776 https://hbsh.newhouse.fang.com/house/s/b94/
Logger:2020-03-16 13:25:28.460412 https://hbsh.newhouse.fang.com/house/s/b95/
