Logger:2020-03-16 13:24:08.688852 https://hbsz.newhouse.fang.com/house/s/b91/
Logger:2020-03-16 13:24:10.308481 https://kunyuanjiupaihuayuan.fang.com/
Logger:2020-03-16 13:24:10.793184 https://jihuwan.fang.com/
Logger:2020-03-16 13:24:11.153254 https://8haogongguan0318.fang.com/
Logger:2020-03-16 13:24:11.517284 https://xiaheyuanhl.fang.com/
Logger:2020-03-16 13:24:11.817445 https://shenzhoufucheng.fang.com/3/
Logger:2020-03-16 13:24:12.090713 https://qiujingmingyuan.fang.com/
Logger:2020-03-16 13:24:12.445801 https://zhongtongyujingjiangshan.fang.com/
Logger:2020-03-16 13:24:13.420157 https://hbsz.newhouse.fang.com/house/1348834289.htm
Logger:2020-03-16 13:24:13.655570 https://haitangfuhs.fang.com/
Logger:2020-03-16 13:24:13.924807 https://jinxiuhuayuan0318.fang.com/
Logger:2020-03-16 13:24:14.787499 https://hbsz.newhouse.fang.com/house/1348834285.htm
Logger:2020-03-16 13:24:15.033839 https://hbsz.newhouse.fang.com/house/1348834279.htm
Logger:2020-03-16 13:24:15.815790 https://hbsz.newhouse.fang.com/house/1348834283.htm
Logger:2020-03-16 13:24:16.606687 https://hbsz.newhouse.fang.com/house/1348834287.htm
Logger:2020-03-16 13:24:18.170449 https://hbsz.newhouse.fang.com/house/1348834277.htm
Logger:2020-03-16 13:24:21.079740 https://hbsz.newhouse.fang.com/house/1348834281.htm
Logger:2020-03-16 13:24:24.698013 https://hbsz.newhouse.fang.com/house/s/b92/
Logger:2020-03-16 13:24:28.217614 https://hbsz.newhouse.fang.com/house/s/b93/
Logger:2020-03-16 13:24:31.937662 https://hbsz.newhouse.fang.com/house/s/b94/
