Logger:2020-03-16 12:30:13.757222 https://hd.newhouse.fang.com/house/s/b91/
Logger:2020-03-16 12:30:14.073414 https://boyueshan0310.fang.com/
Logger:2020-03-16 12:30:14.451437 https://hengdayujingbandao0310.fang.com/
Logger:2020-03-16 12:30:14.784517 https://baolitangyue0310.fang.com/
Logger:2020-03-16 12:30:15.204354 https://lvzhouhd0310.fang.com/
Logger:2020-03-16 12:30:15.505545 https://hengdayuefu0310.fang.com/
Logger:2020-03-16 12:30:15.814757 https://hdfcyt.fang.com/
Logger:2020-03-16 12:30:16.295433 https://taoyuanshanzhuang0310.fang.com/
Logger:2020-03-16 12:30:16.651481 https://yunyuetianzhuzx.fang.com/
Logger:2020-03-16 12:30:18.523473 https://meidiluolanfeili.fang.com/
Logger:2020-03-16 12:30:18.856581 https://yuanshitingfuli.fang.com/
Logger:2020-03-16 12:30:19.189691 https://jinkebiguiyuanfeicuijun.fang.com/
Logger:2020-03-16 12:30:19.494912 https://jintianyangguanghd.fang.com/
Logger:2020-03-16 12:30:19.905775 https://xingmofang.fang.com/
Logger:2020-03-16 12:30:20.200985 https://letaichengccj.fang.com/
Logger:2020-03-16 12:30:20.477246 https://xibuchengmd.fang.com/
Logger:2020-03-16 12:30:27.553352 https://meidihuaxigu.fang.com/
Logger:2020-03-16 12:30:27.889417 https://donglinfubgy.fang.com/
Logger:2020-03-16 12:30:28.200585 https://meidijianqiaojun.fang.com/
Logger:2020-03-16 12:30:28.526712 https://jiudumancheng0310.fang.com/
Logger:2020-03-16 12:30:28.847853 https://meidiguangchang0310.fang.com/
Logger:2020-03-16 12:30:34.007052 https://hd.newhouse.fang.com/house/s/b92/
Logger:2020-03-16 12:30:41.474119 https://letaijiayuan.fang.com/
Logger:2020-03-16 12:30:41.752332 https://zexinhexifu.fang.com/
Logger:2020-03-16 12:30:42.028631 https://tianhuiwanbgy0310.fang.com/
Logger:2020-03-16 12:30:42.388630 https://yajuleyubinfu0310.fang.com/
Logger:2020-03-16 12:30:50.307446 https://rongshengjinkeyayuan.fang.com/
Logger:2020-03-16 12:30:50.596671 https://hdshengshitiancheng.fang.com/
Logger:2020-03-16 12:30:50.966684 https://tangrenjie0310.fang.com/
Logger:2020-03-16 12:30:57.256855 https://longfuhuayuan0310.fang.com/
Logger:2020-03-16 12:30:57.553064 https://ldfsbsj.fang.com/
Logger:2020-03-16 12:30:57.901131 https://dongbumeidicheng0310.fang.com/
Logger:2020-03-16 12:30:58.503520 https://rongshengcheng0310.fang.com/
Logger:2020-03-16 12:30:59.204644 https://rsjinxiuxuefu.fang.com/
Logger:2020-03-16 12:31:04.733889 https://hanguanghuafuzc.fang.com/
Logger:2020-03-16 12:31:05.072970 https://chunhuaqiushi.fang.com/
Logger:2020-03-16 12:31:05.340230 https://huayuanjsj.fang.com/
Logger:2020-03-16 12:31:05.620481 https://wutonglinyumd.fang.com/
Logger:2020-03-16 12:31:05.960571 https://bgyyuexifu.fang.com/
Logger:2020-03-16 12:31:06.266794 https://yangguangdongshang.fang.com/
Logger:2020-03-16 12:31:06.557973 https://meidiyuejiangfu.fang.com/
Logger:2020-03-16 12:31:06.911066 https://beihumeiyu.fang.com/
Logger:2020-03-16 12:31:12.324583 https://hd.newhouse.fang.com/house/s/b93/
Logger:2020-03-16 12:31:12.602840 https://beihumeiyu.fang.com/
Logger:2020-03-16 12:31:17.494735 https://ruicheng0310.fang.com/
Logger:2020-03-16 12:31:17.797888 https://hdrkjy.fang.com/
Logger:2020-03-16 12:31:18.134986 https://hanchenghuadu.fang.com/
Logger:2020-03-16 12:31:21.697455 https://shengshidichan.fang.com/
Logger:2020-03-16 12:31:21.965739 https://gongyuanyinxiang.fang.com/
Logger:2020-03-16 12:31:26.472719 https://yuheshangyuan0310.fang.com/
Logger:2020-03-16 12:31:26.787840 https://weilaihuajun0310.fang.com/
Logger:2020-03-16 12:31:30.587673 https://nanhulijing0310.fang.com/
Logger:2020-03-16 12:31:32.994235 https://baoliyunshang0310.fang.com/
Logger:2020-03-16 12:31:33.252582 https://fulihuating0310.fang.com/
Logger:2020-03-16 12:31:33.565750 https://yujingchengwt.fang.com/
Logger:2020-03-16 12:31:33.862948 https://shengjinhuayuan.fang.com/
Logger:2020-03-16 12:31:37.360555 https://dashukangcheng.fang.com/
Logger:2020-03-16 12:31:37.687715 https://xinzhuoguangchangyg.fang.com/
Logger:2020-03-16 12:31:38.023780 https://shuntianjunyi.fang.com/
Logger:2020-03-16 12:31:42.450937 https://biguiyuanxingzuan0310.fang.com/
Logger:2020-03-16 12:31:42.749179 https://wandagongguan0310.fang.com/
Logger:2020-03-16 12:31:43.034418 https://baolishiguangyinxiang0310.fang.com/
Logger:2020-03-16 12:31:43.340557 https://bishuiqingcheng0310.fang.com/
Logger:2020-03-16 12:31:47.465522 https://hd.newhouse.fang.com/house/s/b94/
Logger:2020-03-16 12:31:47.710866 https://shuntianjunyi.fang.com/
Logger:2020-03-16 12:31:47.990119 https://zexinhongxifu0310.fang.com/
Logger:2020-03-16 12:31:48.498798 https://yuzhaojintai.fang.com/
Logger:2020-03-16 12:31:48.770032 https://yuanbangmingcheng.fang.com/
Logger:2020-03-16 12:31:49.063290 https://hanchengbeijun.fang.com/
Logger:2020-03-16 12:31:49.336517 https://shangyezhongxinhxmklff.fang.com/
Logger:2020-03-16 12:31:52.506038 https://yujingguanlan.fang.com/
Logger:2020-03-16 12:31:52.800251 https://tuosikana0310.fang.com/
Logger:2020-03-16 12:31:53.106469 https://beihufengjing.fang.com/
Logger:2020-03-16 12:31:53.464474 https://rongkejinyuan.fang.com/
Logger:2020-03-16 12:31:55.338461 https://yjyhy0310.fang.com/
Logger:2020-03-16 12:31:56.942246 https://whfhj.fang.com/
Logger:2020-03-16 12:31:57.229403 https://hanlinshuyuanhd.fang.com/
Logger:2020-03-16 12:31:57.562547 https://yongmeihuayuan.fang.com/
Logger:2020-03-16 12:31:57.874719 https://hepanshuidu0310.fang.com/
Logger:2020-03-16 12:31:58.157943 https://ynmdc.fang.com/
Logger:2020-03-16 12:31:59.912225 https://xingshengyuan0310.fang.com/
Logger:2020-03-16 12:32:00.285270 https://hepingluhd0310.fang.com/
Logger:2020-03-16 12:32:02.118323 https://feicuiwanbgy0310.fang.com/
Logger:2020-03-16 12:32:02.404592 https://wangjiaohuayuan.fang.com/
Logger:2020-03-16 12:32:06.094722 https://hd.newhouse.fang.com/house/s/b95/
Logger:2020-03-16 12:32:08.162192 https://lanwan0310.fang.com/
Logger:2020-03-16 12:32:10.153882 https://beihuzhongyanggongyuan.fang.com/
Logger:2020-03-16 12:32:13.367315 https://hejiadayuan.fang.com/
Logger:2020-03-16 12:32:13.665471 https://huayuchengwt.fang.com/
Logger:2020-03-16 12:32:13.978596 https://xiandaichengjx.fang.com/
Logger:2020-03-16 12:32:14.216958 https://dshdyh.fang.com/
Logger:2020-03-16 12:32:14.515160 https://zhongyanggongyuanff.fang.com/
Logger:2020-03-16 12:32:14.924066 https://gongyuanlils.fang.com/
Logger:2020-03-16 12:32:15.209303 https://longyuwan.fang.com/
Logger:2020-03-16 12:32:15.495537 https://shengruihuating.fang.com/
Logger:2020-03-16 12:32:15.800722 https://lvguweilaicheng0310.fang.com/
Logger:2020-03-16 12:32:16.137819 https://zhanghefuhd.fang.com/
Logger:2020-03-16 12:32:16.439044 https://longtinghd.fang.com/
Logger:2020-03-16 12:32:16.689382 https://caizhitiandi.fang.com/
Logger:2020-03-16 12:32:16.995558 https://bjfcfhy.fang.com/
Logger:2020-03-16 12:32:18.970242 https://qinshuijunlan.fang.com/
Logger:2020-03-16 12:32:19.261500 https://taolichuntian20310.fang.com/
Logger:2020-03-16 12:32:19.605577 https://feiyusdmd.fang.com/
Logger:2020-03-16 12:32:24.209227 https://whylt.fang.com/
Logger:2020-03-16 12:32:24.553342 https://liulinguocuijiayuan.fang.com/
Logger:2020-03-16 12:32:28.252411 https://hd.newhouse.fang.com/house/s/b96/
Logger:2020-03-16 12:32:28.511751 https://cuigong.fang.com/
Logger:2020-03-16 12:32:28.798949 https://dongchengyihao0310.fang.com/
Logger:2020-03-16 12:32:29.141111 https://haitangwanxd.fang.com/
Logger:2020-03-16 12:32:31.531680 https://jiashicheng.fang.com/
Logger:2020-03-16 12:32:31.836822 https://milanguoji0310.fang.com/
Logger:2020-03-16 12:32:32.145996 https://fuguiyuanjiangquan.fang.com/
Logger:2020-03-16 12:32:33.175242 https://angyuanxiaoqu.fang.com/
Logger:2020-03-16 12:32:33.448511 https://chxhf.fang.com/
Logger:2020-03-16 12:32:33.833481 https://zhongdaoshenghuoguangchang.fang.com/
Logger:2020-03-16 12:32:35.688518 https://fukangxiyuan.fang.com/
Logger:2020-03-16 12:32:36.014688 https://jinxiujiangnan310.fang.com/
Logger:2020-03-16 12:32:37.964466 https://xingfushiguangmd.fang.com/
Logger:2020-03-16 12:32:39.594106 https://rsjinxiuguandihd.fang.com/
Logger:2020-03-16 12:32:39.958142 https://yunxidazhai.fang.com/
Logger:2020-03-16 12:32:40.211419 https://zhongjingshangdu.fang.com/
Logger:2020-03-16 12:32:40.489675 https://yuanbanghuanyuanhd.fang.com/
Logger:2020-03-16 12:32:42.800493 https://taiheyangguang.fang.com/
Logger:2020-03-16 12:32:44.936816 https://boyuejun0310.fang.com/
Logger:2020-03-16 12:32:45.225007 https://dongyuecheng0310.fang.com/
Logger:2020-03-16 12:32:45.512238 https://meidimantingfang.fang.com/
Logger:2020-03-16 12:32:49.299107 https://hd.newhouse.fang.com/house/s/b97/
Logger:2020-03-16 12:32:49.586378 https://xiangyunfudi0310.fang.com/
Logger:2020-03-16 12:32:51.731643 https://echengshoufuanju.fang.com/
Logger:2020-03-16 12:32:53.749246 https://baijiaxincheng.fang.com/
Logger:2020-03-16 12:32:55.834624 https://rongchenghuafu0310.fang.com/
Logger:2020-03-16 12:32:58.154418 https://jinyuhuafu0310.fang.com/
Logger:2020-03-16 12:32:59.732197 https://hxmklgtsyzx.fang.com/
Logger:2020-03-16 12:33:00.118165 https://jiajingcheng.fang.com/
Logger:2020-03-16 12:33:01.978208 https://mingshigongguan0310.fang.com/
Logger:2020-03-16 12:33:02.311341 https://zhaotonghuayuan.fang.com/
Logger:2020-03-16 12:33:02.591548 https://liangyoujinyuan.fang.com/
Logger:2020-03-16 12:33:02.884806 https://wenquanyishujh.fang.com/
Logger:2020-03-16 12:33:03.173031 https://guanlancheng0310.fang.com/
Logger:2020-03-16 12:33:03.487153 https://nanguofengguang0310.fang.com/
Logger:2020-03-16 12:33:03.790341 https://minshengchengshizhuren.fang.com/
Logger:2020-03-16 12:33:06.241783 https://qingqingxincheng.fang.com/
Logger:2020-03-16 12:33:09.349513 https://tswanchuangxinxiangzhizaohd.fang.com/
Logger:2020-03-16 12:33:11.698218 https://wuan.newhouse.fang.com/house/1345820631.htm
Logger:2020-03-16 12:33:12.035328 https://shanshuiwenyuanhx.fang.com/
Logger:2020-03-16 12:33:13.758675 https://huixinwanstl.fang.com/
Logger:2020-03-16 12:33:14.096812 https://binjiangshoufu0310.fang.com/
Logger:2020-03-16 12:33:17.694183 https://hd.newhouse.fang.com/house/s/b98/
Logger:2020-03-16 12:33:17.960433 https://huahaohuolicheng.fang.com/
Logger:2020-03-16 12:33:18.967739 https://jiangchengshouyi.fang.com/
Logger:2020-03-16 12:33:21.889922 https://zhejiangshangmaocheng.fang.com/
Logger:2020-03-16 12:33:22.236038 https://lidujiayuan01.fang.com/
Logger:2020-03-16 12:33:22.484331 https://fenghuangguojigongguan.fang.com/
Logger:2020-03-16 12:33:24.447105 https://zhihuicheng0310.fang.com/
Logger:2020-03-16 12:33:25.055468 https://jinzhedasha.fang.com/
Logger:2020-03-16 12:33:25.774531 https://jinyuertongchengshiguangchang2.fang.com/
Logger:2020-03-16 12:33:26.376962 https://rongtongguoji.fang.com/shop/
Logger:2020-03-16 12:33:27.020198 https://longmaixinju.fang.com/
Logger:2020-03-16 12:33:27.310459 https://yihejiayuanxd.fang.com/
Logger:2020-03-16 12:33:28.194057 https://yijinglanwan0310.fang.com/
Logger:2020-03-16 12:33:29.253227 https://shengshizhonghua0310.fang.com/
Logger:2020-03-16 12:33:32.044757 https://lanshanyuefu.fang.com/
Logger:2020-03-16 12:33:33.341356 https://xinduhui0310.fang.com/
Logger:2020-03-16 12:33:40.513102 https://kailaidijing.fang.com/
Logger:2020-03-16 12:33:42.327289 https://yinglungongguanwx.fang.com/
Logger:2020-03-16 12:33:42.594576 https://xhshidaiguangchang0310.fang.com/
Logger:2020-03-16 12:33:42.940638 https://ziyuhaoting.fang.com/
Logger:2020-03-16 12:33:43.212879 https://haohuiyipin.fang.com/
Logger:2020-03-16 12:33:47.158326 https://hd.newhouse.fang.com/house/s/b99/
Logger:2020-03-16 12:33:47.403669 https://xinchengguoji0310.fang.com/
Logger:2020-03-16 12:33:47.700907 https://huayaochenghd.fang.com/
Logger:2020-03-16 12:33:49.097138 https://wuan.newhouse.fang.com/house/1345820627.htm
Logger:2020-03-16 12:33:49.376434 https://ruichengheyuan.fang.com/
Logger:2020-03-16 12:33:50.327889 https://jinanzhongxinzg.fang.com/
Logger:2020-03-16 12:33:51.902675 https://wuan.newhouse.fang.com/house/1345820635.htm
Logger:2020-03-16 12:33:53.272010 https://dongfangguoji0310.fang.com/
Logger:2020-03-16 12:33:53.533314 https://mtbfgjsmc.fang.com/
Logger:2020-03-16 12:33:55.490068 https://yangguangdasha0310.fang.com/
Logger:2020-03-16 12:33:55.778335 https://dayoushidaiguangchang.fang.com/
Logger:2020-03-16 12:33:56.088438 https://meishilincixiangouwuguangchang.fang.com/
Logger:2020-03-16 12:33:56.377662 https://guojijinrongzhongxin0310.fang.com/
Logger:2020-03-16 12:33:58.097092 https://skhanguocheng.fang.com/
Logger:2020-03-16 12:33:58.355371 https://yuanbangzhongxin.fang.com/
Logger:2020-03-16 12:33:58.664589 https://lazhsmwlc.fang.com/
Logger:2020-03-16 12:34:02.388619 https://hd.newhouse.fang.com/house/s/b910/
Logger:2020-03-16 12:34:05.947099 https://hd.newhouse.fang.com/house/s/b911/
Logger:2020-03-16 12:34:09.656140 https://hd.newhouse.fang.com/house/s/b912/
