Logger:2020-03-16 10:05:28.605303 https://hebi.newhouse.fang.com/house/s/b91/
Logger:2020-03-16 10:05:28.968674 https://mingduhd20392.fang.com/3/
Logger:2020-03-16 10:05:29.255877 https://longdejiayuan0392.fang.com/
Logger:2020-03-16 10:05:33.905393 https://beijingcheng0392.fang.com/
Logger:2020-03-16 10:05:34.208848 https://yihaochengbangjy0392.fang.com/
Logger:2020-03-16 10:05:34.497001 https://tianpengchengjing.fang.com/
Logger:2020-03-16 10:05:34.799432 https://xinghewan0392.fang.com/
Logger:2020-03-16 10:05:35.097577 https://qingshuiwan0392.fang.com/
Logger:2020-03-16 10:05:35.670813 https://mingmenqiaojiangnan.fang.com/
Logger:2020-03-16 10:05:36.167550 https://jianyeguiyuan0392.fang.com/
Logger:2020-03-16 10:05:36.471310 https://shenglongguangchang0392.fang.com/
Logger:2020-03-16 10:05:37.188131 https://beichenjiayuan0392.fang.com/
Logger:2020-03-16 10:05:37.513838 https://nact0392.fang.com/
Logger:2020-03-16 10:05:37.821854 https://nanhaiguoji0392.fang.com/
Logger:2020-03-16 10:05:38.109885 https://chaogeli.fang.com/
Logger:2020-03-16 10:05:38.369100 https://yjyy0392.fang.com/
Logger:2020-03-16 10:05:38.651961 https://nanhaigongguan.fang.com/
Logger:2020-03-16 10:05:38.971219 https://nanhaigangwan.fang.com/
Logger:2020-03-16 10:05:39.253111 https://rongguangchuntian.fang.com/
Logger:2020-03-16 10:05:39.794663 https://jiayuanqs.fang.com/
Logger:2020-03-16 10:05:40.113172 https://qilinjun0392.fang.com/
Logger:2020-03-16 10:05:43.426693 https://hebi.newhouse.fang.com/house/s/b92/
Logger:2020-03-16 10:05:43.668277 https://ydzyf0392.fang.com/
Logger:2020-03-16 10:05:43.982489 https://lixiangchengjz.fang.com/
Logger:2020-03-16 10:05:44.286164 https://hxcx0392.fang.com/
Logger:2020-03-16 10:05:44.553800 https://rongjichuncheng.fang.com/
Logger:2020-03-16 10:05:44.889086 https://xindouhuigy.fang.com/
Logger:2020-03-16 10:05:45.182780 https://xxhlj0392.fang.com/
Logger:2020-03-16 10:05:49.973461 https://linghaiyuyuan.fang.com/
Logger:2020-03-16 10:05:52.114309 https://shuxiangmingyuan0392.fang.com/
Logger:2020-03-16 10:05:57.700511 https://guojichenggs.fang.com/
Logger:2020-03-16 10:05:57.985752 https://linxigucl0392.fang.com/
Logger:2020-03-16 10:05:58.271601 https://yinxiangchenglm.fang.com/
Logger:2020-03-16 10:05:58.577291 https://txdxy0392.fang.com/
Logger:2020-03-16 10:05:59.160937 https://bohaiguojicl.fang.com/
Logger:2020-03-16 10:06:03.936434 https://guojiguangchangjh0392.fang.com/shop/
Logger:2020-03-16 10:06:04.204575 https://huijinguangchang0392.fang.com/
Logger:2020-03-16 10:06:07.835603 https://hebi.newhouse.fang.com/house/s/b93/
Logger:2020-03-16 10:06:11.654040 https://hebi.newhouse.fang.com/house/s/b94/
Logger:2020-03-16 10:06:17.146284 https://hebi.newhouse.fang.com/house/s/b95/
