Logger:2020-03-16 01:29:18.211006 https://hechi.newhouse.fang.com/house/s/b91/
Logger:2020-03-16 01:29:18.413538 https://0778jinchengguoji.fang.com/
Logger:2020-03-16 01:29:21.302624 https://xianggelilaerqimingshigongguan.fang.com/
Logger:2020-03-16 01:29:23.696417 https://hechiaomenguojicheng.fang.com/
Logger:2020-03-16 01:29:24.023950 https://shijijiayuan0778.fang.com/
Logger:2020-03-16 01:29:25.492870 https://dianlihuayuanxinqu.fang.com/
Logger:2020-03-16 01:29:25.836699 https://hechi.newhouse.fang.com/house/2922137718.htm
Logger:2020-03-16 01:29:27.354121 https://luochengzhongyangguangchang.fang.com/
Logger:2020-03-16 01:29:28.401147 https://tianciyuyuan.fang.com/
Logger:2020-03-16 01:29:28.641503 https://guixingyuan.fang.com/
Logger:2020-03-16 01:29:30.265567 https://huanjiangrunfengxingfuyuan.fang.com/
Logger:2020-03-16 01:29:30.500107 https://baishunjiancaicheng.fang.com/
Logger:2020-03-16 01:29:32.764979 https://hechibiguiyuan.fang.com/
Logger:2020-03-16 01:29:34.843061 https://xichengmingyuan0778.fang.com/
Logger:2020-03-16 01:29:35.092871 https://jhjlgy.fang.com/
Logger:2020-03-16 01:29:35.343212 https://jinzuanshangdu.fang.com/
Logger:2020-03-16 01:29:35.655461 https://hchjtghy.fang.com/
Logger:2020-03-16 01:29:35.889198 https://zhuangyuanxiyuan.fang.com/
Logger:2020-03-16 01:29:37.661202 https://zuoangongshe0778.fang.com/
Logger:2020-03-16 01:29:37.957720 https://yjxj.fang.com/1/
Logger:2020-03-16 01:29:38.238864 https://fenghuangzhai.fang.com/
Logger:2020-03-16 01:29:41.493570 https://hechi.newhouse.fang.com/house/s/b92/
Logger:2020-03-16 01:29:43.068951 https://thwfu.fang.com/
Logger:2020-03-16 01:29:44.810038 https://yinxiangbama.fang.com/1/
Logger:2020-03-16 01:29:46.965767 https://yizhoutianchengguoji.fang.com/
Logger:2020-03-16 01:29:47.200275 https://jinxilingxiuhuacheng.fang.com/
Logger:2020-03-16 01:29:47.434091 https://luochengjinshicheng.fang.com/
Logger:2020-03-16 01:29:47.691653 https://shidaiguangchang0778.fang.com/
Logger:2020-03-16 01:29:49.878662 https://dijinghuacheng.fang.com/
Logger:2020-03-16 01:29:50.113573 https://chengyuanhuafu.fang.com/
Logger:2020-03-16 01:29:51.816313 https://dongzhengguojicheng.fang.com/
Logger:2020-03-16 01:29:52.066035 https://jiangbeiyihao.fang.com/
Logger:2020-03-16 01:29:53.950965 https://hechiyijingwan.fang.com/
Logger:2020-03-16 01:29:54.216178 https://yintaiwangfu.fang.com/
Logger:2020-03-16 01:29:56.796176 https://hanjunlongjiangdijing.fang.com/
Logger:2020-03-16 01:29:57.624444 https://danguihuating.fang.com/
Logger:2020-03-16 01:29:59.263965 https://mxnj.fang.com/
Logger:2020-03-16 01:30:03.675764 https://zhifengcaifugongguan.fang.com/
Logger:2020-03-16 01:30:09.150791 https://shenghejiayuan0778.fang.com/
Logger:2020-03-16 01:30:09.525704 https://yangguang99.fang.com/
Logger:2020-03-16 01:30:11.150358 https://dongfangbaodian.fang.com/
Logger:2020-03-16 01:30:16.266851 https://yhsstj.fang.com/
Logger:2020-03-16 01:30:20.021999 https://hechi.newhouse.fang.com/house/s/b93/
Logger:2020-03-16 01:30:20.162417 https://qihanggongguan.fang.com/
Logger:2020-03-16 01:30:20.412025 https://rfgjjjjcgc.fang.com/
Logger:2020-03-16 01:30:20.678266 https://hechifubanghuafu.fang.com/
Logger:2020-03-16 01:30:24.288970 https://hechi.newhouse.fang.com/house/s/b94/
Logger:2020-03-16 01:30:27.460450 https://hechi.newhouse.fang.com/house/s/b95/
Logger:2020-03-16 01:30:31.053663 https://hechi.newhouse.fang.com/house/s/b96/
