Logger:2020-03-15 22:44:27.000284 https://hechuan.newhouse.fang.com/house/s/b91/
Logger:2020-03-15 22:44:27.264618 https://zhonganghefu.fang.com/
Logger:2020-03-15 22:44:27.549883 https://biguiyuanzhihuijia.fang.com/
Logger:2020-03-15 22:44:27.886949 https://langqinwanyxc.fang.com/
Logger:2020-03-15 22:44:28.199448 https://zhongtaishangjing023.fang.com/
Logger:2020-03-15 22:44:29.168327 https://shidaigongguancf.fang.com/
Logger:2020-03-15 22:44:29.426635 https://jimeijiangshanjk.fang.com/
Logger:2020-03-15 22:44:29.978160 https://yulongwanbx.fang.com/
Logger:2020-03-15 22:44:33.365185 https://ziyunlingjr023.fang.com/
Logger:2020-03-15 22:44:35.782277 https://yuexiuyujiangfupr.fang.com/
Logger:2020-03-15 22:44:36.082511 https://ziyunlingjr.fang.com/
Logger:2020-03-15 22:44:37.024671 https://hechuan.newhouse.fang.com/house/3114222800.htm
Logger:2020-03-15 22:44:37.259087 https://lygjfzfzc.fang.com/
Logger:2020-03-15 22:44:37.561236 https://yrzhtgjxc.fang.com/
Logger:2020-03-15 22:44:37.860436 https://hthml.fang.com/
Logger:2020-03-15 22:44:39.377779 https://zhongaocheng.fang.com/
Logger:2020-03-15 22:44:39.677022 https://fenghuangchenghc.fang.com/
Logger:2020-03-15 22:44:39.981024 https://huanqiujiajuguangchang.fang.com/
Logger:2020-03-15 22:44:40.299251 https://jiangshangchengxea.fang.com/
Logger:2020-03-15 22:44:40.719335 https://jinkeshijiechenghc.fang.com/
Logger:2020-03-15 22:44:43.195380 https://chengshiguangchangbl.fang.com/
Logger:2020-03-15 22:44:47.020952 https://hechuan.newhouse.fang.com/house/s/b92/
Logger:2020-03-15 22:44:47.379598 https://jinjiucheng.fang.com/
Logger:2020-03-15 22:44:47.818148 https://xintiandicfgc.fang.com/
Logger:2020-03-15 22:44:48.184629 https://nanbinhuayuanjj.fang.com/
Logger:2020-03-15 22:44:48.667338 https://jktlchc.fang.com/
Logger:2020-03-15 22:44:49.044859 https://binguocheng.fang.com/
Logger:2020-03-15 22:44:49.363111 https://bchf.fang.com/
Logger:2020-03-15 22:44:49.827405 https://dingxiangjunhtgjxc.fang.com/
Logger:2020-03-15 22:44:51.535850 https://874334.fang.com/
Logger:2020-03-15 22:44:51.897956 https://tianranjuhc.fang.com/
Logger:2020-03-15 22:44:52.210277 https://huaguoshandb.fang.com/
Logger:2020-03-15 22:44:52.528349 https://yiwuxinchng.fang.com/
Logger:2020-03-15 22:44:52.827549 https://fjyxsqy.fang.com/
Logger:2020-03-15 22:44:53.215090 https://yuchengjiangnan.fang.com/
Logger:2020-03-15 22:44:53.519336 https://ouboxingzuo.fang.com/
Logger:2020-03-15 22:44:53.843583 https://jinjiangxinchengat.fang.com/
Logger:2020-03-15 22:44:54.134982 https://taifenghuayuangt.fang.com/
Logger:2020-03-15 22:44:54.453133 https://bojingongguan.fang.com/
Logger:2020-03-15 22:44:54.812207 https://xbcfy.fang.com/
Logger:2020-03-15 22:44:55.111028 https://zhongkaixian.fang.com/
Logger:2020-03-15 22:44:55.430121 https://hechuanyjgc.fang.com/
Logger:2020-03-15 22:44:59.165336 https://hechuan.newhouse.fang.com/house/s/b93/
Logger:2020-03-15 22:45:04.153641 https://hechuan.newhouse.fang.com/house/3114168046.htm
Logger:2020-03-15 22:45:07.864754 https://hechuan.newhouse.fang.com/house/s/b94/
Logger:2020-03-15 22:45:11.361176 https://hechuan.newhouse.fang.com/house/s/b95/
Logger:2020-03-15 22:45:15.892556 https://hechuan.newhouse.fang.com/house/s/b96/
