Logger:2020-03-16 10:43:47.151741 https://heihe.newhouse.fang.com/house/s/b91/
Logger:2020-03-16 10:43:47.469108 https://mingdiandagongguanhh.fang.com/
Logger:2020-03-16 10:43:47.785743 https://shuianhuafuheihe.fang.com/
Logger:2020-03-16 10:43:48.118522 https://yujingwanheihe.fang.com/
Logger:2020-03-16 10:43:48.484309 https://huataibinjiangjinyuanheihe.fang.com/
Logger:2020-03-16 10:43:48.864383 https://beianlishuihuating.fang.com/
Logger:2020-03-16 10:43:49.166568 https://heiheshenghelinyuan.fang.com/
Logger:2020-03-16 10:43:49.685261 https://binjianghuatingheihe.fang.com/
Logger:2020-03-16 10:43:50.227491 https://heihebeiancaifuzhongxin.fang.com/
Logger:2020-03-16 10:43:50.562393 https://heihewudalianchizhuangyuanfudi.fang.com/
Logger:2020-03-16 10:43:50.907844 https://bayiguojigongguanheihe.fang.com/
Logger:2020-03-16 10:43:52.511623 https://beiandaxiangwenhuacheng.fang.com/
Logger:2020-03-16 10:43:52.764457 https://nanyuanxincunheihe.fang.com/
Logger:2020-03-16 10:43:53.083769 https://gaofaxichenghh.fang.com/
Logger:2020-03-16 10:43:53.415022 https://dijingyuanheihe.fang.com/
Logger:2020-03-16 10:43:55.219229 https://nenjiangshuianxincheng.fang.com/
Logger:2020-03-16 10:43:55.509289 https://dongfangruijingheihe.fang.com/
Logger:2020-03-16 10:43:55.902653 https://beiandushilvzhou.fang.com/
Logger:2020-03-16 10:43:56.158999 https://xiwangxincunheihe.fang.com/
Logger:2020-03-16 10:43:56.458701 https://jingjiangyuanheihe.fang.com/
Logger:2020-03-16 10:43:56.762942 https://huixiongyudongyuanheihe.fang.com/
Logger:2020-03-16 10:44:00.443469 https://heihe.newhouse.fang.com/house/s/b92/
Logger:2020-03-16 10:44:00.714759 https://zhongchaojinseshangdusanqihh.fang.com/
Logger:2020-03-16 10:44:01.075329 https://shengshihuatingheihe.fang.com/
Logger:2020-03-16 10:44:01.409860 https://canghuipengruixiaoquheihe.fang.com/
Logger:2020-03-16 10:44:01.679561 https://xinqidianheihe.fang.com/
Logger:2020-03-16 10:44:05.438182 https://heihe.newhouse.fang.com/house/s/b93/
Logger:2020-03-16 10:44:09.055760 https://heihe.newhouse.fang.com/house/s/b94/
Logger:2020-03-16 10:44:12.626641 https://heihe.newhouse.fang.com/house/s/b95/
