Logger:2020-03-16 11:41:49.863335 https://hengyang.newhouse.fang.com/house/s/b91/
Logger:2020-03-16 11:41:50.129503 https://gtzxc.fang.com/
Logger:2020-03-16 11:41:50.956825 https://rongguanlecheng.fang.com/
Logger:2020-03-16 11:41:51.253645 https://wanhechengjj.fang.com/
Logger:2020-03-16 11:41:51.675441 https://zjhcyp.fang.com/
Logger:2020-03-16 11:41:52.008336 https://chengshihuayuanzh.fang.com/
Logger:2020-03-16 11:41:52.320440 https://ldhycjkjz.fang.com/
Logger:2020-03-16 11:41:52.673032 https://jgsgl2.fang.com/
Logger:2020-03-16 11:41:52.990361 https://mdjkty.fang.com/
Logger:2020-03-16 11:41:53.336266 https://jinzhongfu.fang.com/
Logger:2020-03-16 11:41:53.708249 https://xingmeihuanqiuzhongxin.fang.com/
Logger:2020-03-16 11:41:54.054596 https://yinhuwanxczx.fang.com/
Logger:2020-03-16 11:41:54.422402 https://fulongwanta.fang.com/
Logger:2020-03-16 11:41:54.703081 https://rlfhc.fang.com/
Logger:2020-03-16 11:41:55.078692 https://huaruiyuan0734.fang.com/
Logger:2020-03-16 11:41:55.425886 https://shilijiangwanhybgy.fang.com/
Logger:2020-03-16 11:41:55.797611 https://wutongzhuangyuanmd.fang.com/
Logger:2020-03-16 11:41:56.199865 https://hengzhoushengshibgy.fang.com/
Logger:2020-03-16 11:41:56.522606 https://jzmsw0734.fang.com/
Logger:2020-03-16 11:41:56.822717 https://linghushijiabgy.fang.com/
Logger:2020-03-16 11:41:57.130132 https://alxsf.fang.com/
Logger:2020-03-16 11:42:00.435772 https://hengyang.newhouse.fang.com/house/s/b92/
Logger:2020-03-16 11:42:00.739700 https://yuefengjzy0734.fang.com/
Logger:2020-03-16 11:42:01.060726 https://hyytc.fang.com/
Logger:2020-03-16 11:42:01.403834 https://dingwangtaijz.fang.com/
Logger:2020-03-16 11:42:01.930642 https://mdyxf0734.fang.com/
Logger:2020-03-16 11:42:02.241195 https://keerma.fang.com/
Logger:2020-03-16 11:42:02.564715 https://shengtaitianchen.fang.com/
Logger:2020-03-16 11:42:03.866012 https://wuguangxinchengjz.fang.com/
Logger:2020-03-16 11:42:04.158531 https://dongfangguoji0734.fang.com/
Logger:2020-03-16 11:42:04.524737 https://gxwlc0734.fang.com/
Logger:2020-03-16 11:42:04.888564 https://r26zjyjcy.fang.com/
Logger:2020-03-16 11:42:05.266119 https://fanhualikx.fang.com/
Logger:2020-03-16 11:42:05.585315 https://chuangfacheng1938.fang.com/
Logger:2020-03-16 11:42:06.926530 https://guojiguangchanght0734.fang.com/
Logger:2020-03-16 11:42:07.200038 https://jiuliqingchuantc.fang.com/
Logger:2020-03-16 11:42:07.565354 https://bdqty.fang.com/
Logger:2020-03-16 11:42:07.862863 https://lixiangchengbj.fang.com/
Logger:2020-03-16 11:42:08.160081 https://yanchengshouxi.fang.com/
Logger:2020-03-16 11:42:08.566432 https://jinselantingzt0734.fang.com/
Logger:2020-03-16 11:42:08.842285 https://guanghuiyipin.fang.com/
Logger:2020-03-16 11:42:09.787806 https://wanyanghefu.fang.com/
Logger:2020-03-16 11:42:13.052281 https://hengyang.newhouse.fang.com/house/s/b93/
Logger:2020-03-16 11:42:13.379823 https://jinxiuxianyuan.fang.com/
Logger:2020-03-16 11:42:14.617804 https://mlddj.fang.com/
Logger:2020-03-16 11:42:14.871525 https://xinyihuayuan0734.fang.com/
Logger:2020-03-16 11:42:15.144406 https://yujingwan0734.fang.com/
Logger:2020-03-16 11:42:15.451779 https://yintaihongcheng.fang.com/4/
Logger:2020-03-16 11:42:15.826168 https://jinyulanwan20734.fang.com/
Logger:2020-03-16 11:42:16.107311 https://hengzhongxinbgy.fang.com/
Logger:2020-03-16 11:42:16.435400 https://feicuibinjiangdy.fang.com/
Logger:2020-03-16 11:42:17.575749 https://luomadushi0734.fang.com/
Logger:2020-03-16 11:42:17.857264 https://yujingnanyuanzj.fang.com/
Logger:2020-03-16 11:42:18.197145 https://dayuechengjz.fang.com/
Logger:2020-03-16 11:42:18.509207 https://yintaihongcheng.fang.com/5/
Logger:2020-03-16 11:42:18.871990 https://shuianxinchengxj.fang.com/
Logger:2020-03-16 11:42:19.180771 https://zswygg.fang.com/
Logger:2020-03-16 11:42:19.483770 https://xiangshuimingzhu.fang.com/
Logger:2020-03-16 11:42:19.826719 https://tianjingzt.fang.com/
Logger:2020-03-16 11:42:20.202347 https://bgyhxsd.fang.com/
Logger:2020-03-16 11:42:20.498435 https://yuyuanysl.fang.com/
Logger:2020-03-16 11:42:20.764444 https://boyufuay.fang.com/
Logger:2020-03-16 11:42:21.259651 https://jinhewan1881.fang.com/
Logger:2020-03-16 11:42:24.545073 https://hengyang.newhouse.fang.com/house/s/b94/
Logger:2020-03-16 11:42:24.841702 https://hywjf0734.fang.com/
Logger:2020-03-16 11:42:25.139105 https://yujingxinchengzj.fang.com/
Logger:2020-03-16 11:42:25.497128 https://yangguangjincheng0734.fang.com/
Logger:2020-03-16 11:42:25.829274 https://bgyst.fang.com/
Logger:2020-03-16 11:42:26.184588 https://zhongyangshoufuyl.fang.com/
Logger:2020-03-16 11:42:26.486758 https://yashilinxiangfuly.fang.com/
Logger:2020-03-16 11:42:26.832458 https://fengxiangmingchengyt.fang.com/
Logger:2020-03-16 11:42:27.073989 https://guomaoqianhaiwan.fang.com/
Logger:2020-03-16 11:42:27.385831 https://dayanchengjz.fang.com/
Logger:2020-03-16 11:42:27.697290 https://tianjiahanting.fang.com/
Logger:2020-03-16 11:42:28.033864 https://xinyuechengjz.fang.com/
Logger:2020-03-16 11:42:28.343811 https://jiulongtaixs.fang.com/
Logger:2020-03-16 11:42:28.654516 https://jinhewanshangpinhy.fang.com/
Logger:2020-03-16 11:42:28.970188 https://zhongyanglvcheng0734.fang.com/
Logger:2020-03-16 11:42:29.319702 https://shidaizhiguanbgy.fang.com/
Logger:2020-03-16 11:42:29.615907 https://hhlxc.fang.com/
Logger:2020-03-16 11:42:29.923539 https://dongfangheyuan0734.fang.com/
Logger:2020-03-16 11:42:30.263033 https://biyayuancs.fang.com/
Logger:2020-03-16 11:42:30.550645 https://hanlinshangpin0734.fang.com/
Logger:2020-03-16 11:42:30.860585 https://zijingfu0734.fang.com/
Logger:2020-03-16 11:42:34.525278 https://hengyang.newhouse.fang.com/house/s/b95/
Logger:2020-03-16 11:42:34.874942 https://huananmingcheng.fang.com/
Logger:2020-03-16 11:42:35.147107 https://cnbcxf.fang.com/
Logger:2020-03-16 11:42:35.467858 https://dijingshanzhuangzj0734.fang.com/
Logger:2020-03-16 11:42:35.804045 https://zichenfu.fang.com/
Logger:2020-03-16 11:42:36.144637 https://jinxiangguojicheng.fang.com/
Logger:2020-03-16 11:42:36.482775 https://shuianhaotingwk.fang.com/
Logger:2020-03-16 11:42:36.879075 https://ycgjgg.fang.com/
Logger:2020-03-16 11:42:37.636220 https://chunfengshilihh.fang.com/
Logger:2020-03-16 11:42:37.935476 https://junyage.fang.com/
Logger:2020-03-16 11:42:38.730414 https://ymxchty.fang.com/3/
Logger:2020-03-16 11:42:39.042842 https://yinglunjinyuhaotingxuefu.fang.com/
Logger:2020-03-16 11:42:39.393336 https://dzsaht.fang.com/
Logger:2020-03-16 11:42:39.686856 https://qdaoyuangc.fang.com/
Logger:2020-03-16 11:42:41.469272 https://shijichengpx.fang.com/
Logger:2020-03-16 11:42:41.750061 https://cn.newhouse.fang.com/house/2733284438.htm
Logger:2020-03-16 11:42:42.031789 https://dongtaimingcheng.fang.com/
Logger:2020-03-16 11:42:42.457018 https://shanshuitianchenghy.fang.com/
Logger:2020-03-16 11:42:42.766806 https://hongyangxinyuefu0734.fang.com/
Logger:2020-03-16 11:42:43.032086 https://yujingyayuanzj.fang.com/
Logger:2020-03-16 11:42:43.379992 https://zhongliangyihaoyuanhy.fang.com/
Logger:2020-03-16 11:42:46.725499 https://hengyang.newhouse.fang.com/house/s/b96/
Logger:2020-03-16 11:42:47.007290 https://zhongliangyihaoyuanhy.fang.com/
Logger:2020-03-16 11:42:47.341861 https://junshenghanfu.fang.com/
Logger:2020-03-16 11:42:47.690704 https://jiangshanyihaocx.fang.com/
Logger:2020-03-16 11:42:47.967255 https://hongxiangdadi.fang.com/
Logger:2020-03-16 11:42:48.280198 https://wanhedayuan.fang.com/
Logger:2020-03-16 11:42:48.530272 https://biguiyuanqd0734.fang.com/
Logger:2020-03-16 11:42:48.864591 https://yishuixincheng0734.fang.com/
Logger:2020-03-16 11:42:49.143362 https://xihuwanhy.fang.com/
Logger:2020-03-16 11:42:49.470568 https://jinchenghuafuzyyh.fang.com/
Logger:2020-03-16 11:42:49.755896 https://qdbgyfchf.fang.com/
Logger:2020-03-16 11:42:50.566265 https://xiangyuanxuefu.fang.com/
Logger:2020-03-16 11:42:50.833686 https://yqhmgy.fang.com/
Logger:2020-03-16 11:42:51.107939 https://hymdftlmhshsq.fang.com/
Logger:2020-03-16 11:42:51.387193 https://shuianxuefu.fang.com/
Logger:2020-03-16 11:42:51.905161 https://yinhuxingcheng0734.fang.com/
Logger:2020-03-16 11:42:52.212362 https://dongshenghaoting0734.fang.com/
Logger:2020-03-16 11:42:52.503598 https://zhongyangxiangxie0734.fang.com/
Logger:2020-03-16 11:42:52.802761 https://bszzsdyz.fang.com/
Logger:2020-03-16 11:42:53.178755 https://mingmenguoji0734.fang.com/
Logger:2020-03-16 11:42:54.117027 https://feicuiwanbgy0734.fang.com/
Logger:2020-03-16 11:42:57.764017 https://hengyang.newhouse.fang.com/house/s/b97/
Logger:2020-03-16 11:42:58.116814 https://chawenhuaguangchangwh.fang.com/
Logger:2020-03-16 11:42:58.467875 https://tiaochaoyipin.fang.com/
Logger:2020-03-16 11:42:59.224530 https://jinzhongyangxi.fang.com/
Logger:2020-03-16 11:42:59.490926 https://bgysf0734.fang.com/
Logger:2020-03-16 11:42:59.772531 https://dahengchengbang.fang.com/
Logger:2020-03-16 11:43:00.104862 https://hxqhy.fang.com/
Logger:2020-03-16 11:43:01.342853 https://zhujiangyunjin.fang.com/
Logger:2020-03-16 11:43:01.923120 https://tianebaoyj.fang.com/
Logger:2020-03-16 11:43:03.818877 https://kanahugu0734.fang.com/
Logger:2020-03-16 11:43:04.085024 https://beijiehy.fang.com/
Logger:2020-03-16 11:43:04.471192 https://yasongjula.fang.com/
Logger:2020-03-16 11:43:04.749241 https://jinwantbdb.fang.com/
Logger:2020-03-16 11:43:05.026640 https://yumuxincheng.fang.com/
Logger:2020-03-16 11:43:05.370272 https://hujingshuiankx.fang.com/
Logger:2020-03-16 11:43:05.681858 https://hanlinyuanhr.fang.com/
Logger:2020-03-16 11:43:05.975829 https://shengshimingmen20734.fang.com/
Logger:2020-03-16 11:43:06.277877 https://jiazhoumeiyu.fang.com/
Logger:2020-03-16 11:43:06.640907 https://shijichengsh.fang.com/
Logger:2020-03-16 11:43:06.949953 https://zjyldy.fang.com/
Logger:2020-03-16 11:43:07.234263 https://jinxiunanshan.fang.com/
Logger:2020-03-16 11:43:10.851997 https://hengyang.newhouse.fang.com/house/s/b98/
Logger:2020-03-16 11:43:11.909477 https://hsmgzy.fang.com/
Logger:2020-03-16 11:43:12.178697 https://gongyuandadihy.fang.com/
Logger:2020-03-16 11:43:12.464826 https://beichengmingzhuyh.fang.com/
Logger:2020-03-16 11:43:12.774168 https://yishanmeijun.fang.com/
Logger:2020-03-16 11:43:13.108772 https://zfmlbs.fang.com/
Logger:2020-03-16 11:43:13.414886 https://qinglongxinshijie.fang.com/
Logger:2020-03-16 11:43:13.706184 https://dongfangmingju0734.fang.com/
Logger:2020-03-16 11:43:14.020694 https://xingfufudi.fang.com/
Logger:2020-03-16 11:43:14.328022 https://yunjimingzhu.fang.com/
Logger:2020-03-16 11:43:14.614951 https://bishuiwan0734.fang.com/
Logger:2020-03-16 11:43:14.937434 https://xiangshanmingzhu.fang.com/
Logger:2020-03-16 11:43:15.227520 https://txygdy.fang.com/
Logger:2020-03-16 11:43:15.572002 https://waitangongguan.fang.com/
Logger:2020-03-16 11:43:15.865984 https://yinzuobahao.fang.com/
Logger:2020-03-16 11:43:16.150276 https://yujinglongting0734.fang.com/
Logger:2020-03-16 11:43:18.263375 https://cn.newhouse.fang.com/house/2733284432.htm
Logger:2020-03-16 11:43:18.540515 https://dongchengongguan.fang.com/
Logger:2020-03-16 11:43:18.832128 https://tianxihui.fang.com/
Logger:2020-03-16 11:43:19.222325 https://hongyunfu.fang.com/
Logger:2020-03-16 11:43:20.109024 https://xingmeichengshi.fang.com/
Logger:2020-03-16 11:43:24.093216 https://hengyang.newhouse.fang.com/house/s/b99/
Logger:2020-03-16 11:43:24.343477 https://hnxsybxj.fang.com/
Logger:2020-03-16 11:43:24.655584 https://changxingfugchy.fang.com/
Logger:2020-03-16 11:43:24.957308 https://jinyufudu.fang.com/
Logger:2020-03-16 11:43:25.301219 https://jzjyc2.fang.com/
Logger:2020-03-16 11:43:25.956729 https://wandaguangchangzhlh.fang.com/
Logger:2020-03-16 11:43:26.285181 https://mdblw.fang.com/
Logger:2020-03-16 11:43:26.769066 https://honghaodongyu.fang.com/
Logger:2020-03-16 11:43:27.612927 https://wanhengyuefu.fang.com/
Logger:2020-03-16 11:43:29.137929 https://jinzhonghenggangzhongxin.fang.com/
Logger:2020-03-16 11:43:29.960936 https://tynhgj.fang.com/
Logger:2020-03-16 11:43:30.242506 https://jinzhengouzhoucheng.fang.com/
Logger:2020-03-16 11:43:30.585929 https://yichenghuayuan0734.fang.com/
Logger:2020-03-16 11:43:30.882935 https://mmsjcssygc.fang.com/
Logger:2020-03-16 11:43:31.732990 https://shanshuiwenyuan0734.fang.com/
Logger:2020-03-16 11:43:31.996613 https://yjyyjyjj.fang.com/
Logger:2020-03-16 11:43:32.324320 https://wugeweilaicheng.fang.com/
Logger:2020-03-16 11:43:32.654669 https://riyuehupan.fang.com/
Logger:2020-03-16 11:43:33.013959 https://dongfangyaju0734.fang.com/
Logger:2020-03-16 11:43:33.342007 https://hyxshangyebuxingjie.fang.com/
Logger:2020-03-16 11:43:33.702019 https://guojijinrongzhongxinjz.fang.com/
Logger:2020-03-16 11:43:37.716676 https://hengyang.newhouse.fang.com/house/s/b910/
Logger:2020-03-16 11:43:38.528283 https://hongpenghaoyuan.fang.com/
Logger:2020-03-16 11:43:38.778662 https://huayaocheng.fang.com/
Logger:2020-03-16 11:43:39.106981 https://kailongjiangjing.fang.com/
Logger:2020-03-16 11:43:39.388069 https://cn.newhouse.fang.com/house/2733284440.htm
Logger:2020-03-16 11:43:39.668759 https://yinglungg1.fang.com/
Logger:2020-03-16 11:43:39.965493 https://guojizhongxincs0734.fang.com/
Logger:2020-03-16 11:43:40.356302 https://cxlxt.fang.com/
Logger:2020-03-16 11:43:40.668402 https://tlwfhl.fang.com/
Logger:2020-03-16 11:43:40.965233 https://jinxiangfudu.fang.com/
Logger:2020-03-16 11:43:41.278017 https://jiarihyylw.fang.com/villa/
Logger:2020-03-16 11:43:41.574512 https://yinglunxinghaiwan.fang.com/
Logger:2020-03-16 11:43:41.887349 https://shuangyuanmeijing.fang.com/
Logger:2020-03-16 11:43:42.199290 https://shangyugongguan.fang.com/
Logger:2020-03-16 11:43:42.516330 https://zljdmy.fang.com/2/
Logger:2020-03-16 11:43:43.407434 https://haojiayuan0734.fang.com/
Logger:2020-03-16 11:43:43.688646 https://huaqilvzhou.fang.com/
Logger:2020-03-16 11:43:44.875149 https://shengshihuafu0734.fang.com/
Logger:2020-03-16 11:43:45.109468 https://yufengyuan0734.fang.com/
Logger:2020-03-16 11:43:45.516281 https://qinghuayuanttx.fang.com/
Logger:2020-03-16 11:43:45.842744 https://jinxiumingjundm.fang.com/
Logger:2020-03-16 11:43:49.216948 https://hengyang.newhouse.fang.com/house/s/b911/
Logger:2020-03-16 11:43:49.529373 https://shanheguoji.fang.com/
Logger:2020-03-16 11:43:50.716006 https://zhongguoyoudu.fang.com/
Logger:2020-03-16 11:43:51.340556 https://kzmdf.fang.com/
Logger:2020-03-16 11:43:53.031946 https://cn.newhouse.fang.com/house/2733284446.htm
Logger:2020-03-16 11:43:54.765491 https://xingfujinanjz.fang.com/
Logger:2020-03-16 11:43:55.015430 https://yinglunguangchang.fang.com/
Logger:2020-03-16 11:43:55.343479 https://zhongtaishangjing0734.fang.com/
Logger:2020-03-16 11:43:57.156056 https://shundalicheng.fang.com/
Logger:2020-03-16 11:43:57.452925 https://huajinshengshi.fang.com/
Logger:2020-03-16 11:43:58.952718 https://cn.newhouse.fang.com/house/2733284442.htm
Logger:2020-03-16 11:43:59.233234 https://guojiqichewenhuachenghy.fang.com/
Logger:2020-03-16 11:44:01.489111 https://yujingqingtongjie.fang.com/
Logger:2020-03-16 11:44:01.942530 https://shangyebuxingjiehy.fang.com/
Logger:2020-03-16 11:44:03.173763 https://laiyanguangchangbc.fang.com/
Logger:2020-03-16 11:44:03.986602 https://yujinhuayuan0734.fang.com/
Logger:2020-03-16 11:44:06.423506 https://qimaochengzy.fang.com/
Logger:2020-03-16 11:44:07.360274 https://xiangjianghanlinzy.fang.com/
Logger:2020-03-16 11:44:07.641459 https://dongfangyipinchenghy.fang.com/
Logger:2020-03-16 11:44:11.543635 https://hengyang.newhouse.fang.com/house/s/b912/
Logger:2020-03-16 11:44:15.151761 https://hengyang.newhouse.fang.com/house/s/b913/
Logger:2020-03-16 11:44:18.630907 https://hengyang.newhouse.fang.com/house/s/b914/
