Logger:2020-03-16 01:11:13.989497 https://heshan.newhouse.fang.com/house/s/b91/
Logger:2020-03-16 01:11:14.255059 https://xinghuimingtinghsyx.fang.com/
Logger:2020-03-16 01:11:15.477085 https://gongyuanchengld0750.fang.com/
Logger:2020-03-16 01:11:15.820789 https://gongyuanshijiald.fang.com/
Logger:2020-03-16 01:11:16.086352 https://tianfufyxh.fang.com/
Logger:2020-03-16 01:11:16.367282 https://jianmeiyuanhs0750.fang.com/
Logger:2020-03-16 01:11:16.649160 https://fangyuanyunshanshiyiheshan.fang.com/
Logger:2020-03-16 01:11:16.882875 https://songheguojixincheng0750.fang.com/
Logger:2020-03-16 01:11:17.132726 https://hewukunlun0750.fang.com/
Logger:2020-03-16 01:11:17.414458 https://heshanxinhuacheng20750.fang.com/
Logger:2020-03-16 01:11:20.225745 https://qcyjy.fang.com/
Logger:2020-03-16 01:11:20.522551 https://shhzygr.fang.com/
Logger:2020-03-16 01:11:20.793846 https://hyljhy.fang.com/
Logger:2020-03-16 01:11:21.040579 https://yanshanhusd.fang.com/
Logger:2020-03-16 01:11:21.258587 https://huangjinshidaihsbgy.fang.com/
Logger:2020-03-16 01:11:23.881002 https://huiyuanxindu0750.fang.com/
Logger:2020-03-16 01:11:24.115240 https://chengshizhiguangbgy0750.fang.com/
Logger:2020-03-16 01:11:40.035050 https://shangyuejufl0750.fang.com/
Logger:2020-03-16 01:11:40.285037 https://shangchengyayuan20750.fang.com/
Logger:2020-03-16 01:11:40.532736 https://shidaichunshuliheshan.fang.com/2/
Logger:2020-03-16 01:11:40.798959 https://juntingwanxfg0750.fang.com/
Logger:2020-03-16 01:11:44.094821 https://heshan.newhouse.fang.com/house/s/b92/
Logger:2020-03-16 01:11:44.328761 https://shidaitianyun0750.fang.com/
Logger:2020-03-16 01:11:44.569977 https://panshanhuayuan20750.fang.com/
Logger:2020-03-16 01:11:44.804000 https://xingyuejjw.fang.com/
Logger:2020-03-16 01:11:45.084883 https://jingweikaixuancheng0750.fang.com/
Logger:2020-03-16 01:11:47.959765 https://qinghuayuanjunhui.fang.com/
Logger:2020-03-16 01:11:53.855235 https://zbwxjy.fang.com/
Logger:2020-03-16 01:11:54.152088 https://chengshiyihaogongguan.fang.com/
Logger:2020-03-16 01:11:56.411555 https://xianghexuefu.fang.com/
Logger:2020-03-16 01:11:56.646466 https://baofengxincheng0750.fang.com/
Logger:2020-03-16 01:11:56.942758 https://shanshuihaoyuanbgy0750.fang.com/
Logger:2020-03-16 01:11:57.208241 https://qinghuayuansl0750.fang.com/
Logger:2020-03-16 01:11:57.473998 https://qingchengsd.fang.com/
Logger:2020-03-16 01:11:57.739367 https://junjingwanhaotinghs0750.fang.com/
Logger:2020-03-16 01:12:04.849358 https://xinghaijiayuan0750.fang.com/
Logger:2020-03-16 01:12:05.145675 https://chunshulisd0750.fang.com/
Logger:2020-03-16 01:12:05.411195 https://tianluhubgy0750.fang.com/
Logger:2020-03-16 01:12:09.404405 https://dihaojuhs.fang.com/
Logger:2020-03-16 01:12:09.639280 https://nanjingwanshanshuicheng0750.fang.com/
Logger:2020-03-16 01:12:09.951189 https://xinghewanhuayuan0750.fang.com/
Logger:2020-03-16 01:12:10.170387 https://yazhouchuweicheng0750.fang.com/
Logger:2020-03-16 01:12:13.708375 https://heshan.newhouse.fang.com/house/s/b93/
Logger:2020-03-16 01:12:13.864542 https://aiqinwan0750.fang.com/
Logger:2020-03-16 01:12:14.130510 https://bishuiwaney0750.fang.com/
Logger:2020-03-16 01:12:17.699785 https://heshan.newhouse.fang.com/house/s/b94/
Logger:2020-03-16 01:12:21.027704 https://heshan.newhouse.fang.com/house/s/b95/
Logger:2020-03-16 01:12:24.457808 https://heshan.newhouse.fang.com/house/s/b96/
