Logger:2020-03-16 00:50:46.860783 https://heyuan.newhouse.fang.com/house/s/b91/
Logger:2020-03-16 00:50:47.110541 https://heyuanhengdayayuan.fang.com/
Logger:2020-03-16 00:50:47.328738 https://sdqchy.fang.com/
Logger:2020-03-16 00:50:49.612152 https://baolitangyuelinyu.fang.com/
Logger:2020-03-16 00:50:50.643551 https://fangyuanheyuanyuedaoshoufu.fang.com/
Logger:2020-03-16 00:50:50.893099 https://zhongliangshoufu0762.fang.com/
Logger:2020-03-16 00:50:52.133995 https://dongjiangyucheng.fang.com/
Logger:2020-03-16 00:50:52.368315 https://jiangshanyipinhy.fang.com/
Logger:2020-03-16 00:50:52.634275 https://dongjianghaoyuan0762.fang.com/
Logger:2020-03-16 00:50:52.868195 https://yijingmingdu.fang.com/
Logger:2020-03-16 00:50:55.071519 https://guanglongjlf.fang.com/
Logger:2020-03-16 00:50:55.332308 https://huijingjiuliwanhy.fang.com/
Logger:2020-03-16 00:50:55.597569 https://hengdamingdu0762.fang.com/
Logger:2020-03-16 00:50:55.863518 https://longguangcheng.fang.com/
Logger:2020-03-16 00:50:57.963147 https://meilinhuhy.fang.com/
Logger:2020-03-16 00:50:58.213759 https://zunyudf.fang.com/
Logger:2020-03-16 00:50:58.525988 https://xingfulith0762.fang.com/
Logger:2020-03-16 00:50:58.744132 https://hncslda0762.fang.com/
Logger:2020-03-16 00:50:58.994520 https://tianhecheng0762.fang.com/
Logger:2020-03-16 00:50:59.260106 https://dfbhlsz.fang.com/3/
Logger:2020-03-16 00:50:59.557032 https://chengshiliyuanhf.fang.com/
Logger:2020-03-16 00:51:03.238719 https://heyuan.newhouse.fang.com/house/s/b92/
Logger:2020-03-16 00:51:03.457709 https://huayuanyjl.fang.com/
Logger:2020-03-16 00:51:05.395469 https://djfhcbgy.fang.com/2/
Logger:2020-03-16 00:51:05.629860 https://mjlsyz.fang.com/
Logger:2020-03-16 00:51:05.910739 https://wanlvtaoyuan.fang.com/
Logger:2020-03-16 00:51:06.175932 https://yuanjianghaotingxg.fang.com/
Logger:2020-03-16 00:51:06.410173 https://yangguangshuian0762.fang.com/
Logger:2020-03-16 00:51:08.456987 https://jiangpanhuacheng.fang.com/
Logger:2020-03-16 00:51:08.722466 https://sanyounanchenghy.fang.com/
Logger:2020-03-16 00:51:08.972067 https://huayuchenghc.fang.com/
Logger:2020-03-16 00:51:09.206709 https://huadaxincheng.fang.com/
Logger:2020-03-16 00:51:11.065324 https://bgygysc0762.fang.com/
Logger:2020-03-16 00:51:11.347114 https://heyuanbiguiyuantianshan.fang.com/
Logger:2020-03-16 00:51:14.381657 https://hyshhyf.fang.com/
Logger:2020-03-16 00:51:14.584863 https://taihelongan.fang.com/
Logger:2020-03-16 00:51:16.553063 https://mingshihuafujy.fang.com/
Logger:2020-03-16 00:51:19.036809 https://guojigongguangongyuwlh.fang.com/villa/
Logger:2020-03-16 00:51:19.302435 https://heyuanmeidecheng.fang.com/
Logger:2020-03-16 00:51:19.521068 https://heyuanhengdajinyuan.fang.com/
Logger:2020-03-16 00:51:19.802291 https://heyuanlongchuanbiguiyuan.fang.com/
Logger:2020-03-16 00:51:20.083437 https://zijinbiguiyuan.fang.com/
Logger:2020-03-16 00:51:23.626771 https://heyuan.newhouse.fang.com/house/s/b93/
Logger:2020-03-16 00:51:23.782654 [erro]&&&https://yulongwanbh.fang.com/2/
Logger:2020-03-16 00:51:23.844790 [erro]&&&https://hepingbiguiyuanhy.fang.com/
Logger:2020-03-16 00:51:23.922897 https://dongjiangwan.fang.com/villa/
Logger:2020-03-16 00:51:24.126007 [erro]&&&https://zhongxingtiyuxincheng.fang.com/
Logger:2020-03-16 00:51:24.220402 https://hncslda0762.fang.com/4/
Logger:2020-03-16 00:51:24.422859 [erro]&&&https://waitanbahaohjhy.fang.com/
Logger:2020-03-16 00:51:24.500885 https://heyuanlixiangjiayuan.fang.com/
Logger:2020-03-16 00:51:24.797691 https://shangyezhongxinhys.fang.com/
Logger:2020-03-16 00:51:26.991669 https://sainawansy.fang.com/villa/
Logger:2020-03-16 00:51:29.654034 https://xinyuansh.fang.com/
Logger:2020-03-16 00:51:29.903557 https://dhgjhy0762.fang.com/
Logger:2020-03-16 00:51:31.484961 https://bxwtjy.fang.com/
Logger:2020-03-16 00:51:33.711738 https://baoshengcheng.fang.com/
Logger:2020-03-16 00:51:35.945654 https://kaixuanguoji0762.fang.com/
Logger:2020-03-16 00:51:36.180373 https://xinyulanshan.fang.com/
Logger:2020-03-16 00:51:36.492370 https://dijingwanyjhy.fang.com/
Logger:2020-03-16 00:51:36.701777 https://huaqiaocheng0762.fang.com/
Logger:2020-03-16 00:51:36.935377 https://yongheyuanshdy.fang.com/
Logger:2020-03-16 00:51:39.943336 https://yudongfang.fang.com/
Logger:2020-03-16 00:51:40.208928 https://weinisiwan.fang.com/
Logger:2020-03-16 00:51:43.473790 https://heyuan.newhouse.fang.com/house/s/b94/
Logger:2020-03-16 00:51:43.708791 https://yulongwanbh0762.fang.com/
Logger:2020-03-16 00:51:43.926769 https://heyuanhunfengshili.fang.com/
Logger:2020-03-16 00:51:44.208503 https://wanlongdushi100hy.fang.com/
Logger:2020-03-16 00:51:44.474250 https://shengyeyuan.fang.com/
Logger:2020-03-16 00:51:44.729605 https://fenghuangshanbgy.fang.com/
Logger:2020-03-16 00:51:45.011537 https://bflyzy.fang.com/
Logger:2020-03-16 00:51:47.630817 https://bgytxw0762.fang.com/
Logger:2020-03-16 00:51:47.850060 https://sldagsy.fang.com/
Logger:2020-03-16 00:51:48.303014 https://binjiangzuoan.fang.com/
Logger:2020-03-16 00:51:49.865059 https://dongjiangwan.fang.com/
Logger:2020-03-16 00:51:50.145888 https://yajulexindi.fang.com/
Logger:2020-03-16 00:51:50.395968 https://mingmenshijia0762.fang.com/
Logger:2020-03-16 00:51:50.692842 https://djw1h.fang.com/
Logger:2020-03-16 00:51:50.911843 https://djfhcfhwbgyhy.fang.com/
Logger:2020-03-16 00:51:51.176855 https://jjmeilicheng.fang.com/
Logger:2020-03-16 00:51:51.442414 https://wanlvchuntian.fang.com/
Logger:2020-03-16 00:51:51.708620 https://bwhxc.fang.com/
Logger:2020-03-16 00:51:51.943017 https://xihuanyihaoyuanhy.fang.com/
Logger:2020-03-16 00:51:52.192723 https://zhenyejiangan.fang.com/
Logger:2020-03-16 00:51:54.385611 https://yjlbyyjlf.fang.com/
Logger:2020-03-16 00:51:57.622450 https://heyuan.newhouse.fang.com/house/s/b95/
Logger:2020-03-16 00:51:57.825438 https://wlhjyh2.fang.com/
Logger:2020-03-16 00:51:59.809357 https://huaruimeiyuan.fang.com/
Logger:2020-03-16 00:52:00.090536 https://wanlonglijing.fang.com/
Logger:2020-03-16 00:52:00.334257 https://yajuleyubinfu0762.fang.com/
Logger:2020-03-16 00:52:00.577261 https://yufuzhongyanghj.fang.com/
Logger:2020-03-16 00:52:00.812042 https://heyuanhuadaguoji.fang.com/
Logger:2020-03-16 00:52:01.077141 https://ketianxiahy.fang.com/
Logger:2020-03-16 00:52:01.327083 https://tianqinbandao.fang.com/
Logger:2020-03-16 00:52:01.561915 https://hrhfhy.fang.com/
Logger:2020-03-16 00:52:03.827211 https://xinhehuayuan0762.fang.com/
Logger:2020-03-16 00:52:09.309513 https://nanchengguojiychy.fang.com/
Logger:2020-03-16 00:52:09.591257 https://chunshuianhy.fang.com/
Logger:2020-03-16 00:52:09.825017 https://junlinhuafu0762.fang.com/
Logger:2020-03-16 00:52:10.090579 https://wanlongcheng10.fang.com/
Logger:2020-03-16 00:52:11.881252 https://rongyuehdxc.fang.com/
Logger:2020-03-16 00:52:12.162455 https://jinshanghuamchy.fang.com/
Logger:2020-03-16 00:52:12.412446 https://myxtd.fang.com/
Logger:2020-03-16 00:52:12.662453 https://heyuanxinhewan.fang.com/
Logger:2020-03-16 00:52:15.110475 https://mchy2.fang.com/
Logger:2020-03-16 00:52:17.727074 https://yixianghuayuan0762.fang.com/
Logger:2020-03-16 00:52:20.960651 https://heyuan.newhouse.fang.com/house/s/b96/
Logger:2020-03-16 00:52:22.611106 https://hengbaohuayuan0762.fang.com/
Logger:2020-03-16 00:52:24.454476 https://heyuanshengyehaoting.fang.com/
Logger:2020-03-16 00:52:26.117929 https://ycgygj.fang.com/
Logger:2020-03-16 00:52:29.476136 https://tianhecheng0762.fang.com/2/
Logger:2020-03-16 00:52:31.321942 https://shijinianhualy.fang.com/
Logger:2020-03-16 00:52:31.649680 https://ytgjqcc.fang.com/
Logger:2020-03-16 00:52:31.868359 https://cuizeyongyuan.fang.com/
Logger:2020-03-16 00:52:32.165746 https://thzygy.fang.com/
Logger:2020-03-16 00:52:32.399485 https://jinxiutaoyuandyhy.fang.com/
Logger:2020-03-16 00:52:32.615316 https://hygzdsblzxsohogg.fang.com/
Logger:2020-03-16 00:52:33.084704 https://longyuanwenquandujiacheng.fang.com/villa/
Logger:2020-03-16 00:52:34.724193 https://meilihua0762.fang.com/
Logger:2020-03-16 00:52:34.959212 https://tianhonghuayuanrfhy.fang.com/
Logger:2020-03-16 00:52:35.177211 https://hfgjqpchy.fang.com/
Logger:2020-03-16 00:52:37.942184 https://chjrzx.fang.com/
Logger:2020-03-16 00:52:39.192608 https://xianglguoji0762.fang.com/
Logger:2020-03-16 00:52:39.442242 https://shijinianhualy0762.fang.com/
Logger:2020-03-16 00:52:39.676148 https://shanghuidasha0762.fang.com/
Logger:2020-03-16 00:52:41.932391 https://cuizeyongyuan0762.fang.com/
Logger:2020-03-16 00:52:43.791898 https://heyuan.newhouse.fang.com/house/2816050730.htm
Logger:2020-03-16 00:52:47.306490 https://heyuan.newhouse.fang.com/house/s/b97/
Logger:2020-03-16 00:52:50.842188 https://heyuan.newhouse.fang.com/house/s/b98/
Logger:2020-03-16 00:52:54.266743 https://heyuan.newhouse.fang.com/house/s/b99/
