Logger:2020-03-16 01:33:45.400968 https://hezhou.newhouse.fang.com/house/s/b91/
Logger:2020-03-16 01:33:45.611007 https://zhangtaijun.fang.com/?from=xflist_xfgg
Logger:2020-03-16 01:33:47.413382 https://ztxwj.fang.com/?from=xflist_xfgg
Logger:2020-03-16 01:33:47.679648 https://bgykxc2.fang.com/
Logger:2020-03-16 01:33:47.944506 https://zhongshanzhangtaicheng.fang.com/
Logger:2020-03-16 01:33:48.210745 https://jwxfl0774.fang.com/
Logger:2020-03-16 01:33:51.678652 https://biguiyuanailianfu.fang.com/
Logger:2020-03-16 01:33:51.974843 https://jiangbinhuafu.fang.com/
Logger:2020-03-16 01:33:52.225227 https://binjiangyihao0774.fang.com/
Logger:2020-03-16 01:33:52.459756 https://hzwdgchgg.fang.com/
Logger:2020-03-16 01:33:54.164290 https://xflahs.fang.com/
Logger:2020-03-16 01:33:54.397926 https://longshanyuan0774.fang.com/
Logger:2020-03-16 01:33:56.350921 https://huangyaoxingfuli.fang.com/
Logger:2020-03-16 01:33:57.834664 https://ailianhuxingfuli.fang.com/
Logger:2020-03-16 01:33:58.116516 https://gdjsbd.fang.com/
Logger:2020-03-16 01:33:58.350119 https://shengang1hao.fang.com/
Logger:2020-03-16 01:34:00.287354 https://lingfengshangcheng.fang.com/
Logger:2020-03-16 01:34:02.258027 https://zhongshanbiguiyuan.fang.com/
Logger:2020-03-16 01:34:02.539340 https://hzkangchengyipin.fang.com/
Logger:2020-03-16 01:34:02.819907 https://jinxiuhuating0774.fang.com/
Logger:2020-03-16 01:34:03.289278 https://ruifuhaoting0774.fang.com/
Logger:2020-03-16 01:34:06.543233 https://hezhou.newhouse.fang.com/house/s/b92/
Logger:2020-03-16 01:34:06.789481 https://dingshengguojihuayuan.fang.com/
Logger:2020-03-16 01:34:07.069994 https://jiangwan1hao.fang.com/
Logger:2020-03-16 01:34:07.319932 https://herunhuangtingmingjun.fang.com/
Logger:2020-03-16 01:34:07.554333 https://stlxf0774.fang.com/
Logger:2020-03-16 01:34:09.373688 https://gjxfl.fang.com/
Logger:2020-03-16 01:34:09.639257 https://dadongjiulonghu.fang.com/
Logger:2020-03-16 01:34:14.388601 https://yuechengxuefu.fang.com/
Logger:2020-03-16 01:34:14.638833 https://fcxwc.fang.com/
Logger:2020-03-16 01:34:14.888967 https://herunwenjun.fang.com/
Logger:2020-03-16 01:34:15.154782 https://tianjiezysf.fang.com/
Logger:2020-03-16 01:34:15.372743 https://gongyuanshijie.fang.com/2/
Logger:2020-03-16 01:34:18.211794 https://tengruishengshijiayuan.fang.com/
Logger:2020-03-16 01:34:20.101974 https://ctwucaijiangnan.fang.com/
Logger:2020-03-16 01:34:20.398821 https://xiangbincheng0774.fang.com/
Logger:2020-03-16 01:34:20.641992 https://ycyhy.fang.com/
Logger:2020-03-16 01:34:22.532011 https://yuechengbinjiang.fang.com/
Logger:2020-03-16 01:34:22.766564 https://zhongyuanhuafu0774.fang.com/
Logger:2020-03-16 01:34:25.054235 https://guangyudjw.fang.com/
Logger:2020-03-16 01:34:25.287929 https://r26smjn.fang.com/
Logger:2020-03-16 01:34:27.178607 https://tengrunxihushijia.fang.com/
Logger:2020-03-16 01:34:30.423015 https://hezhou.newhouse.fang.com/house/s/b93/
Logger:2020-03-16 01:34:30.594892 https://gongyuanshijia0774.fang.com/
Logger:2020-03-16 01:34:32.575907 https://dongfangshijicheng0774.fang.com/
Logger:2020-03-16 01:34:34.022953 https://yttjly.fang.com/
Logger:2020-03-16 01:34:35.460139 https://guishuiwanpan.fang.com/
Logger:2020-03-16 01:34:35.725672 https://huangyaodongjie.fang.com/
Logger:2020-03-16 01:34:37.146797 https://hhnrj.fang.com/
Logger:2020-03-16 01:34:37.412319 https://huangyao972.fang.com/
Logger:2020-03-16 01:34:40.975966 https://hezhou.newhouse.fang.com/house/s/b94/
Logger:2020-03-16 01:34:44.506296 https://hezhou.newhouse.fang.com/house/s/b95/
Logger:2020-03-16 01:34:47.962269 https://hezhou.newhouse.fang.com/house/s/b96/
