Logger:2020-03-15 20:55:10.615116 https://hf.newhouse.fang.com/house/s/b91/
Logger:2020-03-15 20:55:11.175075 https://jinmaowanbyh.fang.com/
Logger:2020-03-15 20:55:11.934254 https://175786.fang.com/
Logger:2020-03-15 20:55:12.538155 https://bolinzhichunbl.fang.com/
Logger:2020-03-15 20:55:13.097797 https://kaiyuanyuhuzj.fang.com/
Logger:2020-03-15 20:55:13.585531 https://jinkejunmd.fang.com/
Logger:2020-03-15 20:55:14.149218 https://zhongyanggongyuangs.fang.com/
Logger:2020-03-15 20:55:14.698707 https://177764.fang.com/
Logger:2020-03-15 20:55:15.217351 https://shidaibeichen.fang.com/
Logger:2020-03-15 20:55:15.817803 https://longyuchenglh0551.fang.com/
Logger:2020-03-15 20:55:16.383260 https://xinlidongyuan0551.fang.com/
Logger:2020-03-15 20:55:16.898919 https://176892.fang.com/
Logger:2020-03-15 20:55:29.673913 https://feicuitianji.fang.com/
Logger:2020-03-15 20:55:30.378873 https://baolishidai0551.fang.com/
Logger:2020-03-15 20:55:30.904498 https://lefuqiangyuerongwan.fang.com/
Logger:2020-03-15 20:55:31.561032 https://xindatianyu.fang.com/
Logger:2020-03-15 20:55:32.276835 https://jinhuizhongliangyoubuxuefu.fang.com/
Logger:2020-03-15 20:55:32.819346 https://jinxiushouxi.fang.com/
Logger:2020-03-15 20:55:33.334967 https://xuefulibt.fang.com/
Logger:2020-03-15 20:55:33.906125 https://aoyuanchengyangyipin.fang.com/
Logger:2020-03-15 20:55:34.450214 https://jinpenglushanyuan.fang.com/
Logger:2020-03-15 20:55:38.459623 https://hf.newhouse.fang.com/house/s/b92/
Logger:2020-03-15 20:55:39.042319 https://jinpenglushanyuan.fang.com/
Logger:2020-03-15 20:55:39.651434 https://chengshizhongxinhj.fang.com/
Logger:2020-03-15 20:55:40.177028 https://guofengjianshanfusm.fang.com/
Logger:2020-03-15 20:55:40.778859 https://guomaotiancheng.fang.com/
Logger:2020-03-15 20:55:41.344469 https://yujingjiangshanhf.fang.com/
Logger:2020-03-15 20:55:41.978783 https://189030.fang.com/
Logger:2020-03-15 20:55:42.459487 https://huichuangjunbo.fang.com/
Logger:2020-03-15 20:55:43.040398 https://yangguangchengyuelanfu.fang.com/
Logger:2020-03-15 20:55:43.622057 https://xindaxianguandi.fang.com/
Logger:2020-03-15 20:55:44.257357 https://1757702.fang.com/
Logger:2020-03-15 20:55:44.772537 https://kechuangbeicheng.fang.com/
Logger:2020-03-15 20:55:45.288781 https://shuijingguojiguangchanghd0551.fang.com/
Logger:2020-03-15 20:55:45.854256 https://175704.fang.com/
Logger:2020-03-15 20:55:46.526453 https://ziyuetaihr.fang.com/
Logger:2020-03-15 20:55:47.291388 https://tangxijinmenwy.fang.com/
Logger:2020-03-15 20:55:48.638365 https://binhujinmaoyue.fang.com/
Logger:2020-03-15 20:55:49.371747 https://longhuchunjiangzichen.fang.com/
Logger:2020-03-15 20:55:49.889463 https://jinglinjiuxu.fang.com/
Logger:2020-03-15 20:55:50.490462 https://yonghuafuzhaoshang.fang.com/
Logger:2020-03-15 20:55:51.058017 https://longhutianjing.fang.com/
Logger:2020-03-15 20:55:54.590777 https://hf.newhouse.fang.com/house/s/b93/
Logger:2020-03-15 20:55:55.165966 https://jinpengyipintiancheng.fang.com/
Logger:2020-03-15 20:55:55.732450 https://xinchengdaduhui.fang.com/
Logger:2020-03-15 20:55:56.227128 https://jindaditianyuanfu.fang.com/
Logger:2020-03-15 20:56:09.755199 https://yonglongfujf.fang.com/
Logger:2020-03-15 20:56:10.374007 https://xuelinchunxiao.fang.com/
Logger:2020-03-15 20:56:10.940573 https://nanqilijy.fang.com/
Logger:2020-03-15 20:56:11.465088 https://htaklyyjf.fang.com/
Logger:2020-03-15 20:56:20.049695 https://zhongguofugzb.fang.com/
Logger:2020-03-15 20:56:20.555814 https://yaohaitianjielh.fang.com/
Logger:2020-03-15 20:56:30.286349 https://wuyueguangchangxc0551.fang.com/
Logger:2020-03-15 20:56:30.893797 https://jinyujinchengfu.fang.com/
Logger:2020-03-15 20:56:31.452300 https://yongrongfu.fang.com/
Logger:2020-03-15 20:56:31.974902 https://rongchuangchangjiangyihao.fang.com/
Logger:2020-03-15 20:56:32.472281 https://baonengcheng0551.fang.com/
Logger:2020-03-15 20:56:33.123038 https://wenyijinmentaoli.fang.com/
Logger:2020-03-15 20:56:33.621703 https://xinchengbinhuyunjing.fang.com/
Logger:2020-03-15 20:56:34.150807 https://wanheyunjinyy.fang.com/
Logger:2020-03-15 20:56:34.689442 https://tangningfuhl0551.fang.com/
Logger:2020-03-15 20:56:41.574441 https://shimaoyunjin0551.fang.com/
Logger:2020-03-15 20:56:42.124068 https://baishigongguanld.fang.com/
Logger:2020-03-15 20:56:45.638836 https://hf.newhouse.fang.com/house/s/b94/
Logger:2020-03-15 20:56:46.165465 https://rongqiaoguanlanhf.fang.com/
Logger:2020-03-15 20:56:46.681452 https://haomenjindiwy.fang.com/
Logger:2020-03-15 20:56:47.560775 https://zhongliangligaoyunhuyin.fang.com/
Logger:2020-03-15 20:56:48.183109 https://zhengrongfubh.fang.com/
Logger:2020-03-15 20:56:48.749790 https://tianxiayijingwtwk.fang.com/
Logger:2020-03-15 20:56:49.250552 https://huashijiedanguiwanxy.fang.com/
Logger:2020-03-15 20:56:49.779660 https://jinyudachengjun.fang.com/
Logger:2020-03-15 20:57:01.732038 https://xindahuayujinxiulongchuan.fang.com/
Logger:2020-03-15 20:57:02.310628 https://gongyuan1872zs0551.fang.com/
Logger:2020-03-15 20:57:02.879696 https://lifengpuyushan.fang.com/
Logger:2020-03-15 20:57:03.446218 https://shidaishoufugs.fang.com/
Logger:2020-03-15 20:57:04.186336 https://jinmenfanhuali.fang.com/
Logger:2020-03-15 20:57:04.816785 https://zhongyanggongyuanwksgx.fang.com/
Logger:2020-03-15 20:57:05.452153 https://gongyuandadaowk0551.fang.com/
Logger:2020-03-15 20:57:06.067476 https://jindadixiyuegongguan.fang.com/
Logger:2020-03-15 20:57:11.238559 https://duhuishangcheng.fang.com/
Logger:2020-03-15 20:57:11.786254 https://mingmensenlinyuwy.fang.com/
Logger:2020-03-15 20:57:12.358984 https://yuejunjiulixc.fang.com/
Logger:2020-03-15 20:57:12.836701 https://hfhnc1668hsl.fang.com/
Logger:2020-03-15 20:57:13.290486 https://yunshiquhj.fang.com/
Logger:2020-03-15 20:57:17.346655 https://hf.newhouse.fang.com/house/s/b95/
Logger:2020-03-15 20:57:17.841332 https://hfhnc1668hsl.fang.com/
Logger:2020-03-15 20:57:18.234281 https://yunshiquhj.fang.com/
Logger:2020-03-15 20:57:18.664130 https://zhongyangguangchangkingsohohd.fang.com/
Logger:2020-03-15 20:57:19.246896 https://qianchengtianyuefulg.fang.com/
Logger:2020-03-15 20:57:19.812453 https://zhonghaijiuyue0551.fang.com/
Logger:2020-03-15 20:57:20.279204 https://baoliheguangchenyue0551.fang.com/
Logger:2020-03-15 20:57:28.416184 https://lanyuan0551.fang.com/
Logger:2020-03-15 20:57:28.958098 https://gaosushuxihupan.fang.com/
Logger:2020-03-15 20:57:29.543581 https://yuehuxian.fang.com/
Logger:2020-03-15 20:57:30.042543 https://rongchuangbinhuyin.fang.com/
Logger:2020-03-15 20:57:37.678309 https://lvchengzhaoshangchengyuan.fang.com/
Logger:2020-03-15 20:57:38.310617 https://balidushijy0551.fang.com/
Logger:2020-03-15 20:57:38.884634 https://hefeiyihaoyuanrc.fang.com/
Logger:2020-03-15 20:57:39.412729 https://hanlintianzhuaj.fang.com/
Logger:2020-03-15 20:57:40.004147 https://zhongyangchengyz.fang.com/
Logger:2020-03-15 20:57:51.943689 https://bocuitianchenjk.fang.com/
Logger:2020-03-15 20:57:52.509681 https://hf.newhouse.fang.com/house/2111075106.htm
Logger:2020-03-15 20:57:53.197840 https://senlingongyuanwk.fang.com/
Logger:2020-03-15 20:57:53.783352 https://yangguanglibh.fang.com/
Logger:2020-03-15 20:57:54.390513 https://jingangwanxy.fang.com/
Logger:2020-03-15 20:57:57.992233 https://hf.newhouse.fang.com/house/s/b96/
Logger:2020-03-15 20:57:58.492910 https://hefeiyuanziwyth.fang.com/
Logger:2020-03-15 20:57:59.175156 https://yuzhoulangxishangli.fang.com/
Logger:2020-03-15 20:58:04.306987 https://hefeiyajun.fang.com/
Logger:2020-03-15 20:58:04.931442 https://chanrongzhongxinwtwk.fang.com/
Logger:2020-03-15 20:58:05.444991 https://zhongnanyuefu0551.fang.com/
Logger:2020-03-15 20:58:05.971562 https://zhenwuyihao.fang.com/
Logger:2020-03-15 20:58:06.448287 https://weilaizhiguangwk.fang.com/
Logger:2020-03-15 20:58:06.965255 https://zhonghaicheng0551.fang.com/
Logger:2020-03-15 20:58:07.538259 https://luyangfuzh.fang.com/
Logger:2020-03-15 20:58:08.078787 https://taoyuanlihr.fang.com/
Logger:2020-03-15 20:58:08.606766 https://kunlunyu0551.fang.com/
Logger:2020-03-15 20:58:09.050537 https://rongqiaoxingyu0551.fang.com/
Logger:2020-03-15 20:58:09.602062 https://luolanxianggubl0551.fang.com/
Logger:2020-03-15 20:58:20.195099 https://wanxiangfuhr0551.fang.com/
Logger:2020-03-15 20:58:20.812498 https://zhonghailinghuwan.fang.com/
Logger:2020-03-15 20:58:21.380289 https://yueduhuizr.fang.com/
Logger:2020-03-15 20:58:22.038528 https://zhonghaishijia0551.fang.com/
Logger:2020-03-15 20:58:22.573098 https://pinghuqiuyueyz.fang.com/
Logger:2020-03-15 20:58:23.169727 https://longhulifengxichenyuanzhu.fang.com/
Logger:2020-03-15 20:58:34.228141 https://huashanbaoshu.fang.com/
Logger:2020-03-15 20:58:38.275600 https://hf.newhouse.fang.com/house/s/b97/
Logger:2020-03-15 20:58:38.733414 https://huabangshushanbieyuan.fang.com/
Logger:2020-03-15 20:58:39.218078 https://huashanbaoshu.fang.com/
Logger:2020-03-15 20:58:39.785174 https://baolihaishangwuyuehuad9.fang.com/
Logger:2020-03-15 20:58:40.256521 https://luyuefengjingyy.fang.com/
Logger:2020-03-15 20:58:40.855918 https://haieryunxi.fang.com/
Logger:2020-03-15 20:58:41.377663 https://bojinzhongxinwy.fang.com/
Logger:2020-03-15 20:58:41.786293 https://luyuewanhj.fang.com/
Logger:2020-03-15 20:58:42.280076 https://yuexitaiycxh.fang.com/
Logger:2020-03-15 20:58:43.931381 https://beichengzhengrongfu.fang.com/
Logger:2020-03-15 20:58:44.416077 https://heyuefenghua.fang.com/
Logger:2020-03-15 20:58:44.987548 https://177486.fang.com/
Logger:2020-03-15 20:58:45.449907 https://175732.fang.com/
Logger:2020-03-15 20:58:46.042086 https://feilidongfang.fang.com/
Logger:2020-03-15 20:58:46.521861 https://shaoquanfulddc.fang.com/
Logger:2020-03-15 20:58:47.112227 https://yuzhoulongyuewan.fang.com/
Logger:2020-03-15 20:58:47.725760 https://zhaoshanghuamanli.fang.com/
Logger:2020-03-15 20:58:48.161594 https://bcxhzx.fang.com/
Logger:2020-03-15 20:58:48.636324 https://anhuizhongxinhy.fang.com/
Logger:2020-03-15 20:58:49.112052 https://jinhuayaju0551.fang.com/
Logger:2020-03-15 20:58:49.606728 https://hengjixuhuiboyuetianhui.fang.com/
Logger:2020-03-15 20:58:53.199518 https://hf.newhouse.fang.com/house/s/b98/
Logger:2020-03-15 20:58:53.653805 https://jiangshanluzhouyin.fang.com/
Logger:2020-03-15 20:58:54.321019 https://bandaogongguan0551.fang.com/
Logger:2020-03-15 20:58:54.836639 https://177802.fang.com/
Logger:2020-03-15 20:58:55.319348 https://hefeihailunguoji.fang.com/
Logger:2020-03-15 20:58:55.803960 https://chunjianglichenglh0551.fang.com/
Logger:2020-03-15 20:58:57.849162 https://2767102.fang.com/
Logger:2020-03-15 20:58:58.317930 https://lvdizhongxin0551.fang.com/office/
Logger:2020-03-15 20:58:58.844508 https://baowanguoji.fang.com/2/
Logger:2020-03-15 20:58:59.343695 https://rongchuangwanghaichao.fang.com/
Logger:2020-03-15 20:58:59.838397 https://wenyijinmenyunxixinyu.fang.com/
Logger:2020-03-15 20:59:00.389810 https://hefeiyungu.fang.com/
Logger:2020-03-15 20:59:00.888535 https://xinlihongyanghuyushiguang.fang.com/
Logger:2020-03-15 20:59:05.815768 https://176922.fang.com/
Logger:2020-03-15 20:59:06.407184 https://chanrongzhongxin.fang.com/
Logger:2020-03-15 20:59:07.282029 https://zhaoshangchengshizhuchang0551.fang.com/
Logger:2020-03-15 20:59:07.813647 https://hfhncjpsc.fang.com/
Logger:2020-03-15 20:59:08.239500 https://zhidibaiyuewan.fang.com/
Logger:2020-03-15 20:59:08.851865 https://shidaiyufugs.fang.com/
Logger:2020-03-15 20:59:09.348532 https://xuelinyayuan20551.fang.com/
Logger:2020-03-15 20:59:12.597297 https://taoyuanli0551.fang.com/villa/
Logger:2020-03-15 20:59:16.812617 https://hf.newhouse.fang.com/house/s/b99/
Logger:2020-03-15 20:59:22.197169 https://2121362.fang.com/
Logger:2020-03-15 20:59:25.922977 https://177526.fang.com/
Logger:2020-03-15 20:59:30.226703 https://baolixihulinyu0551.fang.com/
Logger:2020-03-15 20:59:30.721744 https://177566.fang.com/
Logger:2020-03-15 20:59:31.210399 https://177798.fang.com/
Logger:2020-03-15 20:59:31.654183 https://247974.fang.com/
Logger:2020-03-15 20:59:32.154909 https://huiyanluzhoumao.fang.com/
Logger:2020-03-15 20:59:32.602376 https://rongshenghuafu0551.fang.com/
Logger:2020-03-15 20:59:33.132104 https://gezhoubazijunfu.fang.com/
Logger:2020-03-15 20:59:33.640625 https://jinhuiyoubudadao0551.fang.com/
Logger:2020-03-15 20:59:34.212117 https://shuxiangfudi0551.fang.com/
Logger:2020-03-15 20:59:34.736698 https://meihaoshidai0551.fang.com/
Logger:2020-03-15 20:59:35.254528 https://dongfangyuefu0551.fang.com/
Logger:2020-03-15 20:59:35.915759 https://hupodonghuafucj.fang.com/
Logger:2020-03-15 20:59:39.817392 https://yuehuguojizgtj.fang.com/
Logger:2020-03-15 20:59:40.332937 https://rongqiaotianyue.fang.com/
Logger:2020-03-15 20:59:40.855556 https://qiruidongjunsz.fang.com/
Logger:2020-03-15 20:59:41.364601 https://jinshuianxh.fang.com/
Logger:2020-03-15 20:59:41.891093 https://zizaichengjd0551.fang.com/
Logger:2020-03-15 20:59:48.154281 https://175886.fang.com/
Logger:2020-03-15 20:59:52.308778 https://hf.newhouse.fang.com/house/s/b910/
Logger:2020-03-15 20:59:57.085643 https://177516.fang.com/
Logger:2020-03-15 21:00:02.857176 https://zhongxinshuchenglt.fang.com/
Logger:2020-03-15 21:00:03.412691 https://gongyuanlixd.fang.com/
Logger:2020-03-15 21:00:04.040420 https://yujingcheng0551.fang.com/
Logger:2020-03-15 21:00:04.559104 https://shuimuyuanqdkjc.fang.com/
Logger:2020-03-15 21:00:05.053713 https://shijirongting.fang.com/
Logger:2020-03-15 21:00:05.773604 https://yuehushanyuan.fang.com/
Logger:2020-03-15 21:00:06.361784 https://zhaoshangyonghefu.fang.com/
Logger:2020-03-15 21:00:07.162642 https://shidaiqingchengbgy.fang.com/
Logger:2020-03-15 21:00:07.727209 https://hengdazhongxin0551.fang.com/
Logger:2020-03-15 21:00:08.272365 https://yilanyaju.fang.com/
Logger:2020-03-15 21:00:08.844764 https://xiyuefubl.fang.com/
Logger:2020-03-15 21:00:09.445536 https://jiuyuewanxy.fang.com/
Logger:2020-03-15 21:00:10.000868 https://hengdadijing0551.fang.com/
Logger:2020-03-15 21:00:10.508510 https://guojigongguanjph.fang.com/
Logger:2020-03-15 21:00:11.028158 https://wanxinghushanjian.fang.com/
Logger:2020-03-15 21:00:11.589656 https://linkengongyuanlg0551.fang.com/
Logger:2020-03-15 21:00:12.090360 https://shuxifuhp.fang.com/
Logger:2020-03-15 21:00:12.723587 https://jinyuhaian.fang.com/
Logger:2020-03-15 21:00:13.330037 https://luolanchuntianbl0551.fang.com/
Logger:2020-03-15 21:00:16.974815 https://hf.newhouse.fang.com/house/s/b911/
Logger:2020-03-15 21:00:17.411621 https://fuicuishoufusm.fang.com/
Logger:2020-03-15 21:00:18.100617 https://hupoyubinfucj.fang.com/
Logger:2020-03-15 21:00:18.612022 https://shengshitaoyuansa.fang.com/
Logger:2020-03-15 21:00:19.205801 https://zgtjqxgjyy.fang.com/
Logger:2020-03-15 21:00:19.728403 https://rongyuesijidfca.fang.com/
Logger:2020-03-15 21:00:29.221836 https://zhonglianghuadichenyangfu.fang.com/
Logger:2020-03-15 21:00:29.732024 https://zijingmingduhnc.fang.com/
Logger:2020-03-15 21:00:37.780702 https://haitangsijisk0551.fang.com/
Logger:2020-03-15 21:00:38.333312 https://yieryuecheng.fang.com/
Logger:2020-03-15 21:00:38.808356 https://chaichaogjhy.fang.com/
Logger:2020-03-15 21:00:39.305028 https://beichengmingzhuhl.fang.com/
Logger:2020-03-15 21:00:39.773858 https://yuehuxinzhu.fang.com/
Logger:2020-03-15 21:00:40.379278 https://yongjinbandaolg.fang.com/
Logger:2020-03-15 21:00:41.034968 https://yongjingwan.fang.com/
Logger:2020-03-15 21:00:41.535657 https://shijizhongxin0551.fang.com/
Logger:2020-03-15 21:00:42.084151 https://yinhezhiguanggongyulg.fang.com/
Logger:2020-03-15 21:00:42.521501 https://ruiyanggongguan.fang.com/
Logger:2020-03-15 21:00:43.054071 https://beiyanhuyueyuan.fang.com/
Logger:2020-03-15 21:00:43.622589 https://shilichunfengbgyxc.fang.com/
Logger:2020-03-15 21:00:44.257449 https://tianlongguangchang0551.fang.com/
Logger:2020-03-15 21:00:48.438816 https://hf.newhouse.fang.com/house/s/b912/
Logger:2020-03-15 21:00:48.890529 https://zipengwanwz.fang.com/
Logger:2020-03-15 21:00:49.494660 https://xinduhuild0551.fang.com/
Logger:2020-03-15 21:00:50.110606 https://weixingguobintai.fang.com/
Logger:2020-03-15 21:00:59.694330 https://ljshijihuafu.fang.com/
Logger:2020-03-15 21:01:00.166068 https://dingxinzhongxin.fang.com/
Logger:2020-03-15 21:01:00.671356 https://shangdongjinzuo.fang.com/
Logger:2020-03-15 21:01:01.128812 https://guomaozhongxinms.fang.com/
Logger:2020-03-15 21:01:09.197165 https://guomaojingcheng.fang.com/
Logger:2020-03-15 21:01:09.672267 https://gongyuantianzhu.fang.com/
Logger:2020-03-15 21:01:10.267729 https://209482.fang.com/
Logger:2020-03-15 21:01:10.797312 https://xinghaicheng.fang.com/
Logger:2020-03-15 21:01:17.871107 https://yuelangongguanjdd.fang.com/
Logger:2020-03-15 21:01:26.253723 https://177466.fang.com/
Logger:2020-03-15 21:01:26.828187 https://jinhuiluzhouyunzhu.fang.com/
Logger:2020-03-15 21:01:38.034003 https://177368.fang.com/
Logger:2020-03-15 21:01:38.484797 https://gongyuanliwd.fang.com/
Logger:2020-03-15 21:01:46.869284 https://aoqingcheng.fang.com/
Logger:2020-03-15 21:01:47.512785 https://junyuguojilg0551.fang.com/
Logger:2020-03-15 21:01:48.013878 https://yujingjiayuan0551.fang.com/
Logger:2020-03-15 21:01:55.167080 https://guanlanxuefu0551.fang.com/
Logger:2020-03-15 21:01:58.598582 https://hf.newhouse.fang.com/house/s/b913/
Logger:2020-03-15 21:01:59.064619 https://huabangshijia.fang.com/
Logger:2020-03-15 21:02:05.265444 https://175358.fang.com/
Logger:2020-03-15 21:02:14.662187 https://049798.fang.com/
Logger:2020-03-15 21:02:15.119999 https://zhilifangzhj.fang.com/
Logger:2020-03-15 21:02:20.417373 https://donghuanzhongxin.fang.com/
Logger:2020-03-15 21:02:20.841240 https://senlinyuhd.fang.com/
Logger:2020-03-15 21:02:31.909160 https://zhihuigongguan0551.fang.com/
Logger:2020-03-15 21:02:32.564410 https://feicuilanwanhd.fang.com/
Logger:2020-03-15 21:02:33.209304 https://xiangzhangyuanzhuhc.fang.com/
Logger:2020-03-15 21:02:48.686592 https://haiyudongfangjk.fang.com/
Logger:2020-03-15 21:02:58.829445 https://wantouguobinshijia.fang.com/
Logger:2020-03-15 21:02:59.441360 https://xuhuijiuzhu0551.fang.com/
Logger:2020-03-15 21:02:59.931109 https://gaotiedushihuayuan.fang.com/
Logger:2020-03-15 21:03:00.586878 https://yuelangongguanjdd.fang.com/
Logger:2020-03-15 21:03:01.298953 https://177454.fang.com/
Logger:2020-03-15 21:03:01.834065 https://julongwanly.fang.com/
Logger:2020-03-15 21:03:02.397521 https://mengxixiaozhensl.fang.com/
Logger:2020-03-15 21:03:03.102698 https://shengtailvyoudujiaquwls.fang.com/
Logger:2020-03-15 21:03:08.256256 https://zijinhuafu0551.fang.com/
Logger:2020-03-15 21:03:15.270531 https://feixi.newhouse.fang.com/house/2128196694.htm
Logger:2020-03-15 21:03:18.714920 https://hf.newhouse.fang.com/house/s/b914/
Logger:2020-03-15 21:03:19.156781 https://feixi.newhouse.fang.com/house/2128196694.htm
Logger:2020-03-15 21:03:19.613520 https://qichezhihuixinchengnx.fang.com/
Logger:2020-03-15 21:03:20.053496 https://fdwykxgg.fang.com/
Logger:2020-03-15 21:03:20.589908 https://algy1.fang.com/
Logger:2020-03-15 21:03:21.073614 https://jingguanyuerongfu.fang.com/
Logger:2020-03-15 21:03:32.143970 https://huadifeicuigongyuan.fang.com/
Logger:2020-03-15 21:03:32.681691 https://tianehumoma.fang.com/
Logger:2020-03-15 21:03:33.249033 https://langshiluyuanwx.fang.com/
Logger:2020-03-15 21:03:33.787517 https://baiyuefu.fang.com/
Logger:2020-03-15 21:03:34.412964 https://luzhoufuby.fang.com/
Logger:2020-03-15 21:03:35.030865 https://jiuxijiutaihl.fang.com/
Logger:2020-03-15 21:03:35.614386 https://guokaigongguan.fang.com/
Logger:2020-03-15 21:03:36.157866 https://tongguanhuayuan0551.fang.com/
Logger:2020-03-15 21:03:36.799297 https://hushanxiaozhuxyc.fang.com/
Logger:2020-03-15 21:03:42.256835 https://zhidiruixi.fang.com/
Logger:2020-03-15 21:03:42.729158 https://huayujinxiuhuacheng0551.fang.com/
Logger:2020-03-15 21:03:43.299603 https://yeyuxihs.fang.com/
Logger:2020-03-15 21:03:43.764386 https://yuhuzhuangyuan.fang.com/
Logger:2020-03-15 21:03:46.854034 https://huashenghemufu.fang.com/
Logger:2020-03-15 21:03:47.358717 https://chengshiguangchangxd.fang.com/
Logger:2020-03-15 21:03:50.902955 https://hf.newhouse.fang.com/house/s/b915/
Logger:2020-03-15 21:03:51.370942 https://binfengdangdaifumoma.fang.com/
Logger:2020-03-15 21:03:51.850918 https://nnyxz.fang.com/
Logger:2020-03-15 21:03:52.328608 https://xinzhanguangchang.fang.com/
Logger:2020-03-15 21:03:52.879217 https://qidikejichenghf.fang.com/
Logger:2020-03-15 21:03:53.425197 https://lujydfds.fang.com/
Logger:2020-03-15 21:03:53.960058 https://zhonghanmingting.fang.com/
Logger:2020-03-15 21:03:56.844914 https://guangshengziyucheng.fang.com/
Logger:2020-03-15 21:03:57.559282 https://lijinghuating0551.fang.com/
Logger:2020-03-15 21:03:58.063481 https://ljtianrungongguan.fang.com/
Logger:2020-03-15 21:03:58.584093 https://weimeichuangxiangcheng.fang.com/
Logger:2020-03-15 21:03:58.984499 https://binhushidaiguangchanggs.fang.com/office/
Logger:2020-03-15 21:03:59.388961 https://weilanshangwugang.fang.com/
Logger:2020-03-15 21:03:59.908531 https://feidonghupomingjun.fang.com/
Logger:2020-03-15 21:04:00.385668 https://huabangwanpaicheng0551.fang.com/
Logger:2020-03-15 21:04:00.874360 https://shengshixincheng0551.fang.com/
Logger:2020-03-15 21:04:08.668259 https://feidong.newhouse.fang.com/house/2130202804.htm
Logger:2020-03-15 21:04:09.192858 https://bailiguangchang0551.fang.com/
Logger:2020-03-15 21:04:12.867304 https://ruitaihanlinshuian.fang.com/
Logger:2020-03-15 21:04:13.311040 https://zhongtianshengli58.fang.com/
Logger:2020-03-15 21:04:13.799026 https://linglongdasha.fang.com/
Logger:2020-03-15 21:04:17.231772 https://hf.newhouse.fang.com/house/s/b916/
Logger:2020-03-15 21:04:24.172231 https://jinshiguangchanghy.fang.com/
Logger:2020-03-15 21:04:27.214244 https://feidongbfgd.fang.com/
Logger:2020-03-15 21:04:27.932851 https://yinlianguangchang.fang.com/
Logger:2020-03-15 21:04:28.372655 https://guogouxingheguangchang.fang.com/
Logger:2020-03-15 21:04:28.943313 https://gongyuanfuxh.fang.com/
Logger:2020-03-15 21:04:29.645538 https://chengshizhiguangwk.fang.com/
Logger:2020-03-15 21:04:32.293076 https://haotianyuanlh.fang.com/
Logger:2020-03-15 21:04:32.915335 https://worldluzhougongguanpthd.fang.com/
Logger:2020-03-15 21:04:43.754260 https://zhongyangguangchangyz.fang.com/
Logger:2020-03-15 21:04:44.253910 https://177440.fang.com/
Logger:2020-03-15 21:04:44.689760 https://feicuizhuangyuanwx.fang.com/
Logger:2020-03-15 21:04:45.346020 https://huashengnanyuan.fang.com/
Logger:2020-03-15 21:04:45.952640 https://177126.fang.com/
Logger:2020-03-15 21:04:46.569991 https://chunfengliwy.fang.com/
Logger:2020-03-15 21:04:47.065638 https://yuzhoutianxi0551.fang.com/
Logger:2020-03-15 21:04:47.632696 https://tianchaoguangchang.fang.com/
Logger:2020-03-15 21:04:48.480491 https://jinkejimeitianchen0551.fang.com/
Logger:2020-03-15 21:04:49.067418 https://kaixuanmenwd.fang.com/
Logger:2020-03-15 21:04:49.798466 https://shengshixincheng0551.fang.com/
Logger:2020-03-15 21:04:50.324086 https://zhongyangguangchangld0551.fang.com/
Logger:2020-03-15 21:04:53.736328 https://hf.newhouse.fang.com/house/s/b917/
Logger:2020-03-15 21:04:55.825144 https://guanlantianxia0551.fang.com/
Logger:2020-03-15 21:04:59.591348 https://ljwenyuanxuefu.fang.com/
Logger:2020-03-15 21:05:00.123096 https://xichengguihuayuan.fang.com/
Logger:2020-03-15 21:05:00.569241 https://caifuzhongxinaz.fang.com/
Logger:2020-03-15 21:05:01.002121 https://xiangrikuibona.fang.com/
Logger:2020-03-15 21:05:01.609495 https://rongzhidasha0551.fang.com/
Logger:2020-03-15 21:05:02.279666 https://zhongjieshuijingcheng.fang.com/
Logger:2020-03-15 21:05:04.434804 https://wanbohui0551.fang.com/
Logger:2020-03-15 21:05:04.928288 https://langfengzhongxin.fang.com/
Logger:2020-03-15 21:05:05.486142 https://xinshijieszx.fang.com/
Logger:2020-03-15 21:05:06.069550 https://fdjymysa.fang.com/
Logger:2020-03-15 21:05:08.226496 https://guogouzhongxin.fang.com/
Logger:2020-03-15 21:05:09.571337 https://yinxinguangchangxd.fang.com/
Logger:2020-03-15 21:05:12.091964 https://fdbhyxq.fang.com/
Logger:2020-03-15 21:05:12.534780 https://jiuzhangtairch.fang.com/
Logger:2020-03-15 21:05:13.110841 https://ziyuefuhd.fang.com/
Logger:2020-03-15 21:05:13.789026 https://wandachengbh.fang.com/
Logger:2020-03-15 21:05:14.494080 https://zipengshanyihaomh.fang.com/
Logger:2020-03-15 21:05:15.073542 https://xindihuadicheng.fang.com/
Logger:2020-03-15 21:05:15.648025 https://wankegaodi.fang.com/
Logger:2020-03-15 21:05:19.607899 https://hf.newhouse.fang.com/house/s/b918/
Logger:2020-03-15 21:05:20.789935 https://209484.fang.com/
Logger:2020-03-15 21:05:21.277210 https://dayunchenghs.fang.com/
Logger:2020-03-15 21:05:21.847279 https://zhidiguangchang0551.fang.com/
Logger:2020-03-15 21:05:22.323963 https://lujiangbiguiyuan.fang.com/
Logger:2020-03-15 21:05:24.226228 https://ligaodafajunyutianxia.fang.com/
Logger:2020-03-15 21:05:27.858511 https://baowenzhongxinbh.fang.com/
Logger:2020-03-15 21:05:28.415058 https://boyugongguanlf.fang.com/
Logger:2020-03-15 21:05:29.086266 https://ningmengjunns.fang.com/
Logger:2020-03-15 21:05:29.560445 https://feicuihuayuanfangdaoshu.fang.com/
Logger:2020-03-15 21:05:32.192201 https://meihaoshangyuan.fang.com/
Logger:2020-03-15 21:05:32.549648 https://yunyueguantangxc.fang.com/
Logger:2020-03-15 21:05:33.082223 https://jiulongshoufuxh.fang.com/
Logger:2020-03-15 21:05:37.765258 https://tongquetailsh.fang.com/
Logger:2020-03-15 21:05:41.551942 https://duhuidaguan.fang.com/
Logger:2020-03-15 21:05:45.701074 https://langongshutj.fang.com/
Logger:2020-03-15 21:05:46.266602 https://hupoxintiandi0551.fang.com/
Logger:2020-03-15 21:05:46.900494 https://wanruilinshancuiyu.fang.com/
Logger:2020-03-15 21:05:52.248242 https://beichengshijichengcf.fang.com/
Logger:2020-03-15 21:05:55.482776 https://baolifengguangchang.fang.com/
Logger:2020-03-15 21:05:56.145125 https://wushanshoufuhh.fang.com/
Logger:2020-03-15 21:05:59.686956 https://hf.newhouse.fang.com/house/s/b919/
Logger:2020-03-15 21:06:06.246442 https://weilaigangzc0551.fang.com/
Logger:2020-03-15 21:06:08.701740 https://huashanggongguan.fang.com/
Logger:2020-03-15 21:06:12.680399 https://fdhsdyc.fang.com/
Logger:2020-03-15 21:06:14.967907 https://youtangguangchangzc.fang.com/
Logger:2020-03-15 21:06:15.390630 https://176920.fang.com/
Logger:2020-03-15 21:06:15.905808 https://jiaqiaobopuzhuqu.fang.com/
Logger:2020-03-15 21:06:16.392318 https://shangzedaduhui.fang.com/office/
Logger:2020-03-15 21:06:16.830147 https://yongjingfuyh.fang.com/
Logger:2020-03-15 21:06:18.131110 https://rongqiaoyuecheng2.fang.com/
Logger:2020-03-15 21:06:19.527446 https://feicuiwanbgy0551.fang.com/
Logger:2020-03-15 21:06:20.063958 https://shiguangyinzwyh.fang.com/
Logger:2020-03-15 21:06:22.899085 https://tiandichengjy.fang.com/
Logger:2020-03-15 21:06:26.996769 https://zhongyangyuefuhc.fang.com/
Logger:2020-03-15 21:06:30.012430 https://wanjinguojichaohu.fang.com/
Logger:2020-03-15 21:06:32.700749 https://rongkewutonglicf.fang.com/
Logger:2020-03-15 21:06:33.243297 https://chaohuguojixincheng.fang.com/
Logger:2020-03-15 21:06:33.746936 https://177558.fang.com/
Logger:2020-03-15 21:06:35.287826 https://beiduguangchang0551.fang.com/
Logger:2020-03-15 21:06:36.683865 https://xinluguoji.fang.com/
Logger:2020-03-15 21:06:37.254349 https://wytxjm.fang.com/
Logger:2020-03-15 21:06:41.493125 https://hf.newhouse.fang.com/house/s/b920/
Logger:2020-03-15 21:06:42.156705 https://ludihaidegongguanxiangmu.fang.com/
Logger:2020-03-15 21:06:42.706281 https://zhonghaihuanyutiandi.fang.com/
Logger:2020-03-15 21:06:43.157029 https://guangmingguanlanyinxiang.fang.com/
Logger:2020-03-15 21:06:43.636336 https://dingyuangongguan0551.fang.com/
Logger:2020-03-15 21:06:44.078201 https://rchfyhysy.fang.com/
Logger:2020-03-15 21:06:44.598753 https://ljwanghucheng.fang.com/
Logger:2020-03-15 21:06:45.111382 https://shidaiguangchangsl.fang.com/
Logger:2020-03-15 21:06:45.598443 https://177582.fang.com/
Logger:2020-03-15 21:06:46.150528 https://huadijinrongzhongxin.fang.com/
Logger:2020-03-15 21:06:46.568420 https://177562.fang.com/
Logger:2020-03-15 21:06:47.200725 https://huimeiguangchang.fang.com/
Logger:2020-03-15 21:06:47.682817 https://chuangzhitiandigt.fang.com/
Logger:2020-03-15 21:06:48.442619 https://zhongxingcheng0551.fang.com/shop/
Logger:2020-03-15 21:06:50.813314 https://anliangziyunwandujiabieshu.fang.com/
Logger:2020-03-15 21:06:51.271090 https://175992.fang.com/
Logger:2020-03-15 21:06:53.059337 https://chalishuijiehx.fang.com/
Logger:2020-03-15 21:06:53.608888 https://tianrunguoji0551.fang.com/
Logger:2020-03-15 21:06:54.078915 https://jinbaodasha0551.fang.com/
Logger:2020-03-15 21:06:54.651389 https://moenshidaihuayuan.fang.com/
Logger:2020-03-15 21:06:55.135808 https://fxshuianhaoting0551.fang.com/
Logger:2020-03-15 21:06:59.011228 https://hf.newhouse.fang.com/house/s/b921/
Logger:2020-03-15 21:07:00.408169 https://xingfuyuanshangzhulou.fang.com/
Logger:2020-03-15 21:07:00.872847 https://ligaogonghechengxiwuyuancf.fang.com/
Logger:2020-03-15 21:07:03.451461 https://ahcf.newhouse.fang.com/house/2132207660.htm
Logger:2020-03-15 21:07:03.985573 https://hexingshijihuadu.fang.com/
Logger:2020-03-15 21:07:04.475330 https://jingguanbeichenghuafucf.fang.com/
Logger:2020-03-15 21:07:07.588396 https://shidaiguangchangyc.fang.com/
Logger:2020-03-15 21:07:10.612026 https://luoshanhuyiqicf.fang.com/
Logger:2020-03-15 21:07:11.160721 https://fudimingdou.fang.com/
Logger:2020-03-15 21:07:12.387058 https://huaye2358jiequ.fang.com/
Logger:2020-03-15 21:07:15.640071 https://wenbochenghd.fang.com/
Logger:2020-03-15 21:07:18.027853 https://dongyijinrongguangchangczuo.fang.com/
Logger:2020-03-15 21:07:19.891739 https://siruilianchuangzhongxinsh.fang.com/
Logger:2020-03-15 21:07:20.390805 https://hengshengbashangjie.fang.com/office/
Logger:2020-03-15 21:07:20.882497 https://bandao1hao0551.fang.com/villa/
Logger:2020-03-15 21:07:21.467895 https://bashangjiehuanqiuzhongxin.fang.com/
Logger:2020-03-15 21:07:23.453871 https://xingfulianmengzijun2.fang.com/
Logger:2020-03-15 21:07:27.299818 https://baihelichenghs.fang.com/
Logger:2020-03-15 21:07:30.351479 https://ahcf.newhouse.fang.com/house/2132207656.htm
Logger:2020-03-15 21:07:34.135421 https://lanhuqianchenglg.fang.com/
Logger:2020-03-15 21:07:34.641078 https://wandaguangchanghfyh.fang.com/
Logger:2020-03-15 21:07:39.320782 https://hf.newhouse.fang.com/house/s/b922/
Logger:2020-03-15 21:07:39.832386 https://177796.fang.com/
Logger:2020-03-15 21:07:40.275770 https://yuanshutixiang0551.fang.com/
Logger:2020-03-15 21:07:40.752581 https://pinyishuwy.fang.com/
Logger:2020-03-15 21:07:44.304001 https://wankehong0551.fang.com/
Logger:2020-03-15 21:07:44.839362 https://taipingyangsenhuoguangchang.fang.com/
Logger:2020-03-15 21:07:48.652793 https://hushanbieshuxyc.fang.com/
Logger:2020-03-15 21:07:54.650936 https://hemugongguanbf.fang.com/
Logger:2020-03-15 21:07:55.167458 https://gongyuanyihaolg0551.fang.com/
Logger:2020-03-15 21:07:58.597106 https://haishangmingyuebl.fang.com/
Logger:2020-03-15 21:08:01.865814 https://guojichengbw.fang.com/
Logger:2020-03-15 21:08:07.928995 https://175422.fang.com/
Logger:2020-03-15 21:08:12.610529 https://lujiangzhongxincheng.fang.com/
Logger:2020-03-15 21:08:13.163220 https://guanlangongguangm.fang.com/
Logger:2020-03-15 21:08:13.822063 https://tonghetianyu.fang.com/
Logger:2020-03-15 21:08:14.610615 https://shidaichengbf.fang.com/
Logger:2020-03-15 21:08:15.146257 https://fdhengdalvzhou.fang.com/
Logger:2020-03-15 21:08:15.927365 https://jinshanggongguanzr.fang.com/
Logger:2020-03-15 21:08:16.440448 https://chengshiguangchangal.fang.com/office/
Logger:2020-03-15 21:08:16.971946 https://xinhuijinshuiancf.fang.com/
Logger:2020-03-15 21:08:17.624818 https://dongchengguojiyd.fang.com/
Logger:2020-03-15 21:08:21.115650 https://hf.newhouse.fang.com/house/s/b923/
Logger:2020-03-15 21:08:25.828270 https://xianghegongguan.fang.com/
Logger:2020-03-15 21:08:26.270050 https://hefeiyihaoyuangongyurc.fang.com/
Logger:2020-03-15 21:08:30.189634 https://chaohushenyebantangyuquanzhuang.fang.com/
Logger:2020-03-15 21:08:30.642454 https://mingbangzhongyanggongguan0551.fang.com/
Logger:2020-03-15 21:08:34.341004 https://guojiguangchangxg.fang.com/
Logger:2020-03-15 21:08:34.941361 https://177418.fang.com/
Logger:2020-03-15 21:08:35.504495 https://175684.fang.com/
Logger:2020-03-15 21:08:36.326567 https://177790.fang.com/
Logger:2020-03-15 21:08:36.977438 https://binhufangao.fang.com/
Logger:2020-03-15 21:08:38.331362 https://177308.fang.com/
Logger:2020-03-15 21:08:38.935747 https://dongfangyinhyxd.fang.com/
Logger:2020-03-15 21:08:42.293710 https://hushanyipin.fang.com/
Logger:2020-03-15 21:08:43.006839 https://175652.fang.com/
Logger:2020-03-15 21:08:43.691671 https://ljzhongfashijicheng.fang.com/
Logger:2020-03-15 21:08:44.263054 https://baowanguojihf.fang.com/
Logger:2020-03-15 21:08:48.622484 https://dongfangmingzhujiayuan0551.fang.com/
Logger:2020-03-15 21:08:49.503120 https://heyuancf.fang.com/
Logger:2020-03-15 21:08:50.155367 https://fengminghuayuantr.fang.com/
Logger:2020-03-15 21:08:50.644200 https://fdchxcdwq.fang.com/
Logger:2020-03-15 21:08:51.308421 https://yuanzhougongguan.fang.com/
Logger:2020-03-15 21:08:55.311453 https://hf.newhouse.fang.com/house/s/b924/
Logger:2020-03-15 21:08:58.653259 https://heshunxintiandi.fang.com/
Logger:2020-03-15 21:08:59.237696 https://ljshengshilianhua.fang.com/
Logger:2020-03-15 21:09:01.915827 https://fdjxhy.fang.com/
Logger:2020-03-15 21:09:02.466930 https://zhongqiaozhongxin.fang.com/
Logger:2020-03-15 21:09:02.997509 https://huayuegongguang0551.fang.com/
Logger:2020-03-15 21:09:03.610869 https://zhongrunyanlanshan.fang.com/
Logger:2020-03-15 21:09:11.154032 https://177556.fang.com/
Logger:2020-03-15 21:09:12.710910 https://changjiang8hao.fang.com/
Logger:2020-03-15 21:09:13.237205 https://177794.fang.com/
Logger:2020-03-15 21:09:13.791992 https://177404.fang.com/
Logger:2020-03-15 21:09:14.624817 https://bandao1haocf.fang.com/
Logger:2020-03-15 21:09:15.107904 https://xinlingguojitianqi.fang.com/
Logger:2020-03-15 21:09:15.477083 https://yuanyigaoerfu.fang.com/5/
Logger:2020-03-15 21:09:16.034552 https://hongshengshangyeguangchang.fang.com/
Logger:2020-03-15 21:09:16.569163 https://feidongwymd.fang.com/
Logger:2020-03-15 21:09:17.383572 https://wanzhenzipengwan.fang.com/
Logger:2020-03-15 21:09:19.961904 https://chunjinghuayuan0551.fang.com/
Logger:2020-03-15 21:09:20.467627 https://gtlhgygcdq.fang.com/
Logger:2020-03-15 21:09:20.872069 https://ljxingfushijia.fang.com/
Logger:2020-03-15 21:09:21.448566 https://feidongjsdd.fang.com/
Logger:2020-03-15 21:09:25.080213 https://hf.newhouse.fang.com/house/s/b925/
Logger:2020-03-15 21:09:25.518835 https://177560.fang.com/
Logger:2020-03-15 21:09:26.038174 https://xihuguojiguangchang.fang.com/
Logger:2020-03-15 21:09:29.884933 https://zhongyanguangchanggs.fang.com/
Logger:2020-03-15 21:09:30.344700 https://lanshancbd.fang.com/
Logger:2020-03-15 21:09:30.798492 https://tianlongguangchang2.fang.com/office/
Logger:2020-03-15 21:09:33.543249 https://feidong.newhouse.fang.com/house/2130285634.htm
Logger:2020-03-15 21:09:34.970015 https://zuonengtaihejie.fang.com/
Logger:2020-03-15 21:09:35.441793 https://jinshuianshuiyuanshuxh.fang.com/
Logger:2020-03-15 21:09:40.225935 https://ahcf.newhouse.fang.com/house/2132207652.htm
Logger:2020-03-15 21:09:40.729473 https://jinbanghuangjiajinyuan.fang.com/
Logger:2020-03-15 21:09:41.172145 https://guangmingbeibuwan0551.fang.com/
Logger:2020-03-15 21:09:43.634091 https://zhongguozhongbuhuamucheng.fang.com/
Logger:2020-03-15 21:09:46.913417 https://feidongzkjlw.fang.com/
Logger:2020-03-15 21:09:47.403197 https://bantangyuquanzhuang.fang.com/
Logger:2020-03-15 21:09:49.766920 https://junyesijihuacheng.fang.com/
Logger:2020-03-15 21:09:50.849026 https://gongyuanhui.fang.com/
Logger:2020-03-15 21:09:51.231079 https://huayewanxianggongguanazuo.fang.com/
Logger:2020-03-15 21:09:52.492551 https://kechuanghexieshengshi.fang.com/
Logger:2020-03-15 21:09:53.001190 https://ljhainaguoji.fang.com/
Logger:2020-03-15 21:09:53.565612 https://rongjingyuanmengyuancf.fang.com/
Logger:2020-03-15 21:09:57.039399 https://hf.newhouse.fang.com/house/s/b926/
Logger:2020-03-15 21:09:57.672369 https://fdwymmhp.fang.com/
Logger:2020-03-15 21:10:01.397062 https://fddfzc.fang.com/
Logger:2020-03-15 21:10:06.052064 https://feidong.newhouse.fang.com/house/2130285620.htm
Logger:2020-03-15 21:10:06.646473 https://lishuihepancf.fang.com/
Logger:2020-03-15 21:10:07.305594 https://175946.fang.com/
Logger:2020-03-15 21:10:16.007253 https://shijimingdu0551.fang.com/
Logger:2020-03-15 21:10:16.571457 https://chengshiguangchangxd.fang.com/shop/
Logger:2020-03-15 21:10:17.009604 https://xichengguangchangzm.fang.com/
Logger:2020-03-15 21:10:22.041827 https://hefeixinanguojichecheng.fang.com/
Logger:2020-03-15 21:10:26.030146 https://fdssxcddj.fang.com/
Logger:2020-03-15 21:10:26.597626 https://ljanzhengyulongwan.fang.com/
Logger:2020-03-15 21:10:32.009399 https://feidong.newhouse.fang.com/house/2130285622.htm
Logger:2020-03-15 21:10:35.723063 https://huazhanzhongyanghuayuancf.fang.com/
Logger:2020-03-15 21:10:36.334010 https://267604.fang.com/
Logger:2020-03-15 21:10:36.837664 https://shengshilongmen0551.fang.com/
Logger:2020-03-15 21:10:48.710939 https://feidongbfyyf.fang.com/
Logger:2020-03-15 21:10:49.746778 https://247962.fang.com/
Logger:2020-03-15 21:10:54.969304 https://feixiguanlantianxia0551.fang.com/
Logger:2020-03-15 21:10:59.740376 https://fdfhc.fang.com/
Logger:2020-03-15 21:11:03.270116 https://ljadlsygc.fang.com/
Logger:2020-03-15 21:11:07.664017 https://hf.newhouse.fang.com/house/s/b927/
Logger:2020-03-15 21:11:08.654808 https://xingfuzipengxiaozhu2.fang.com/
Logger:2020-03-15 21:11:12.170505 https://chruifengguojijcc.fang.com/
Logger:2020-03-15 21:11:15.742920 https://jingdugongguan0551.fang.com/
Logger:2020-03-15 21:11:19.407101 https://feidong.newhouse.fang.com/house/2130202794.htm
Logger:2020-03-15 21:11:22.703335 https://feidongbinfengzhongxincheng.fang.com/
Logger:2020-03-15 21:11:23.331603 https://ludouhanlinyuan.fang.com/
Logger:2020-03-15 21:11:23.802398 https://zonghengguoji.fang.com/
Logger:2020-03-15 21:11:25.685738 https://shengjingdasha0551.fang.com/
Logger:2020-03-15 21:11:26.139587 https://dfzsc.fang.com/
Logger:2020-03-15 21:11:26.628119 https://wanfuzhuangyuan.fang.com/
Logger:2020-03-15 21:11:28.903385 https://175628.fang.com/
Logger:2020-03-15 21:11:31.125622 https://feidong.newhouse.fang.com/house/2130285624.htm
Logger:2020-03-15 21:11:35.142913 https://feidong.newhouse.fang.com/house/2130285626.htm
Logger:2020-03-15 21:11:37.676434 https://feidong.newhouse.fang.com/house/2130285628.htm
Logger:2020-03-15 21:11:38.258912 https://guoqiangxingfubiancf.fang.com/
Logger:2020-03-15 21:11:38.780482 https://yongshishenghuocheng.fang.com/
Logger:2020-03-15 21:11:41.899530 https://lujiang.newhouse.fang.com/house/2128117566.htm
Logger:2020-03-15 21:11:42.469008 https://bdzgdncpgjwly.fang.com/
Logger:2020-03-15 21:11:42.970418 https://zhengqijinronggc.fang.com/
Logger:2020-03-15 21:11:44.732200 https://ljxinandaguantianxia.fang.com/
Logger:2020-03-15 21:11:48.702921 https://hf.newhouse.fang.com/house/s/b928/
Logger:2020-03-15 21:11:50.839846 https://mingliugaoerfuzhuangyuan0551.fang.com/
Logger:2020-03-15 21:11:51.590488 https://nanxiangguojibbc.fang.com/
Logger:2020-03-15 21:11:54.646729 https://feidongguojiwuliuyuan.fang.com/
Logger:2020-03-15 21:11:57.510598 https://chyphz.fang.com/
Logger:2020-03-15 21:11:58.840140 https://177588.fang.com/
Logger:2020-03-15 21:11:59.414589 https://yizhongxinjy.fang.com/
Logger:2020-03-15 21:12:02.521103 https://nongchanpinwuliuyuan.fang.com/
Logger:2020-03-15 21:12:03.099553 https://anxingxiangwangchengshiguangchang.fang.com/
Logger:2020-03-15 21:12:10.038588 https://ahcf.newhouse.fang.com/house/2132207664.htm
Logger:2020-03-15 21:12:10.567154 https://fdhdjczx.fang.com/
Logger:2020-03-15 21:12:14.042090 https://fuyuanshangcheng0551.fang.com/
Logger:2020-03-15 21:12:14.759532 https://fdwbc.fang.com/
Logger:2020-03-15 21:12:17.178626 https://xingzhongxinanmingzhu.fang.com/
Logger:2020-03-15 21:12:17.899407 https://xingfulianmengzijun0551.fang.com/
Logger:2020-03-15 21:12:18.625488 https://beichenghongshunshangyeguangchangxiangmucf.fang.com/
Logger:2020-03-15 21:12:19.786387 https://jinfengguangchang0551.fang.com/
Logger:2020-03-15 21:12:21.432785 https://jingyinghuixem.fang.com/
Logger:2020-03-15 21:12:21.928575 https://176946.fang.com/
Logger:2020-03-15 21:12:22.408114 https://194644.fang.com/
Logger:2020-03-15 21:12:22.960560 https://guanyinqiaoyihao.fang.com/
Logger:2020-03-15 21:12:26.470047 https://hf.newhouse.fang.com/house/s/b929/
Logger:2020-03-15 21:12:28.779647 https://zhongxingcheng0551.fang.com/
Logger:2020-03-15 21:12:29.900012 https://chuangxinzhongxinhfsf.fang.com/
Logger:2020-03-15 21:12:32.845310 https://jingxiangmingduxiangmucf.fang.com/
Logger:2020-03-15 21:12:35.987406 https://fddcmz.fang.com/
Logger:2020-03-15 21:12:36.543134 https://shuihuxinchengld.fang.com/
Logger:2020-03-15 21:12:37.080667 https://shangwuzhongxinsjjy.fang.com/
Logger:2020-03-15 21:12:37.606261 https://dongchengmeizhu.fang.com/
Logger:2020-03-15 21:12:40.647679 https://fdhfjj.fang.com/
Logger:2020-03-15 21:12:42.748209 https://xingguangguojiguangchang.fang.com/
Logger:2020-03-15 21:12:43.341644 https://jcjcjjsc.fang.com/
Logger:2020-03-15 21:12:43.972603 https://guojidashazx.fang.com/
Logger:2020-03-15 21:12:47.002379 https://fdhsgjspc.fang.com/
Logger:2020-03-15 21:12:47.648201 https://feidongdongaojiayuan.fang.com/
Logger:2020-03-15 21:12:48.219948 https://zhongtianshengli58.fang.com/office/
Logger:2020-03-15 21:12:51.029783 https://shengzhikejiguangchangxiangmucf.fang.com/
Logger:2020-03-15 21:12:51.837282 https://mingmenjinyuwy.fang.com/
Logger:2020-03-15 21:12:52.652095 https://xizimancheng.fang.com/
Logger:2020-03-15 21:12:53.574656 https://ziyunfuhf.fang.com/
Logger:2020-03-15 21:12:54.495969 https://duhui1907.fang.com/
Logger:2020-03-15 21:12:55.309700 https://gongyuantianxiabl.fang.com/
Logger:2020-03-15 21:12:58.970062 https://hf.newhouse.fang.com/house/s/b930/
Logger:2020-03-15 21:12:59.710739 https://yihaoyuantch.fang.com/
Logger:2020-03-15 21:13:00.408872 https://zhonghaiyangshu0551.fang.com/
Logger:2020-03-15 21:13:01.213718 https://shiguangyinxiangbh.fang.com/
Logger:2020-03-15 21:13:01.904588 https://luzhouyuejk.fang.com/
Logger:2020-03-15 21:13:02.531880 https://lingyuxuefuqs.fang.com/
Logger:2020-03-15 21:13:05.428907 https://zhouguduibd.fang.com/
Logger:2020-03-15 21:13:06.027502 https://wangjiangtai.fang.com/
Logger:2020-03-15 21:13:06.648757 https://ziyunfujiangshanyinbh.fang.com/
Logger:2020-03-15 21:13:07.458531 https://longxiwanwy.fang.com/
Logger:2020-03-15 21:13:08.121622 https://binhushuangxi.fang.com/
Logger:2020-03-15 21:13:10.561923 https://xixiwanwy.fang.com/
Logger:2020-03-15 21:13:11.188752 https://jinmenbeiyunwy.fang.com/
Logger:2020-03-15 21:13:11.844995 https://zhongtangbgy.fang.com/
Logger:2020-03-15 21:13:12.500879 https://wangjiangtaijingchen.fang.com/
Logger:2020-03-15 21:13:13.107357 https://gongjie.fang.com/
Logger:2020-03-15 21:13:13.746650 https://jinmenxueyuanliwy.fang.com/
Logger:2020-03-15 21:13:14.688741 https://jinmenxuefuliwy.fang.com/
Logger:2020-03-15 21:13:15.506618 https://longjingtaijp.fang.com/
Logger:2020-03-15 21:13:16.142627 https://taolijunxc.fang.com/
Logger:2020-03-15 21:13:16.888559 https://xinyuefuhy.fang.com/
Logger:2020-03-15 21:13:20.758222 https://hf.newhouse.fang.com/house/s/b931/
Logger:2020-03-15 21:13:21.469988 https://boxinwanwy.fang.com/
Logger:2020-03-15 21:13:22.303719 https://wendeyishu.fang.com/
Logger:2020-03-15 21:13:23.088366 https://beichenzijunxc.fang.com/
Logger:2020-03-15 21:13:23.804574 https://xingfujinsehupan.fang.com/
Logger:2020-03-15 21:13:24.728562 https://shiguanglihy0551.fang.com/
Logger:2020-03-15 21:13:25.240611 https://huimeiguangchan2.fang.com/
Logger:2020-03-15 21:13:27.179810 https://qiruigongguansz.fang.com/
Logger:2020-03-15 21:13:28.570317 https://fdhjxc.fang.com/
Logger:2020-03-15 21:13:29.935692 https://fdjlyg.fang.com/
Logger:2020-03-15 21:13:30.619862 https://shangpinshangwuguangchang.fang.com/
Logger:2020-03-15 21:13:34.757282 https://hf.newhouse.fang.com/house/s/b932/
Logger:2020-03-15 21:13:38.894581 https://hf.newhouse.fang.com/house/s/b933/
Logger:2020-03-15 21:13:42.701611 https://hf.newhouse.fang.com/house/s/b934/
