Logger:2020-03-16 16:57:53.345116 https://hlbe.newhouse.fang.com/house/s/b91/
Logger:2020-03-16 16:57:57.543964 https://zijinyuands.fang.com/
Logger:2020-03-16 16:57:57.863081 https://huaruiyuanty.fang.com/
Logger:2020-03-16 16:58:04.264366 https://shangduguojimzl.fang.com/
Logger:2020-03-16 16:58:04.557516 https://jindingshangchenghle.fang.com/
Logger:2020-03-16 16:58:04.969666 https://meiguizhuangyuanss.fang.com/
Logger:2020-03-16 16:58:05.300795 https://biguiyuanmzl.fang.com/
Logger:2020-03-16 16:58:10.293444 https://shanshuiyiyuanhle.fang.com/
Logger:2020-03-16 16:58:13.858450 https://zhongfukaicheng.fang.com/
Logger:2020-03-16 16:58:14.291264 https://jinshuiansy.fang.com/
Logger:2020-03-16 16:58:14.606420 https://jindihuayuanhle.fang.com/
Logger:2020-03-16 16:58:20.340155 https://qilinjiayuandjh.fang.com/
Logger:2020-03-16 16:58:26.372461 https://bihaijinchengjr.fang.com/
Logger:2020-03-16 16:58:26.767409 https://caoyuantiantang.fang.com/
Logger:2020-03-16 16:58:40.140423 https://dayuchengdu.fang.com/
Logger:2020-03-16 16:58:40.493442 https://langjunzd.fang.com/
Logger:2020-03-16 16:58:40.826823 https://tianewanbaiyue.fang.com/
Logger:2020-03-16 16:58:41.278202 https://shangdongchenghle.fang.com/
Logger:2020-03-16 16:58:41.623884 https://xiushuihuayuanhle.fang.com/
Logger:2020-03-16 16:58:41.956951 https://shuianhuayuanhc.fang.com/
Logger:2020-03-16 16:58:42.292036 https://hexieyuanyks.fang.com/
Logger:2020-03-16 16:58:47.757697 https://hlbe.newhouse.fang.com/house/s/b92/
Logger:2020-03-16 16:58:52.597681 https://kasitexiaozhen.fang.com/
Logger:2020-03-16 16:58:54.590544 https://huidemingcheng.fang.com/
Logger:2020-03-16 16:58:54.892322 https://sainamingdimzl.fang.com/
Logger:2020-03-16 16:58:55.229883 https://jiangnancunmzl.fang.com/
Logger:2020-03-16 16:58:58.034362 https://huadudashamzl.fang.com/
Logger:2020-03-16 16:58:58.619796 https://haishangmuge.fang.com/
Logger:2020-03-16 16:59:00.873388 https://zhongyangyujinghle.fang.com/
Logger:2020-03-16 16:59:01.224596 https://shoufuhle.fang.com/
Logger:2020-03-16 16:59:02.598499 https://yupinyuan.fang.com/
Logger:2020-03-16 16:59:06.921289 https://zhongheguojigouwuzhongxin.fang.com/
Logger:2020-03-16 16:59:07.217464 https://bishuijiayuanhle.fang.com/
Logger:2020-03-16 16:59:07.526175 https://donghushuyuanhle.fang.com/
Logger:2020-03-16 16:59:11.620158 https://longchenhuayuanhle.fang.com/
Logger:2020-03-16 16:59:11.995155 https://yushuiwanjkl.fang.com/
Logger:2020-03-16 16:59:16.973386 https://kaiyingzhongxincheng.fang.com/
Logger:2020-03-16 16:59:17.285031 https://yilongyuanhle.fang.com/
Logger:2020-03-16 16:59:17.588228 https://tianhefangzhou.fang.com/
Logger:2020-03-16 16:59:22.289674 https://donggangguojijixiecheng.fang.com/
Logger:2020-03-16 16:59:22.586878 https://yijujiayuanhle.fang.com/
Logger:2020-03-16 16:59:24.418455 https://wanjiahuayuanhle.fang.com/
Logger:2020-03-16 16:59:27.724170 https://hlbe.newhouse.fang.com/house/s/b93/
Logger:2020-03-16 16:59:30.407374 https://dongshengjiayuanhle.fang.com/
Logger:2020-03-16 16:59:40.808937 https://lanjingliyuan.fang.com/
Logger:2020-03-16 16:59:44.579275 https://pingguohuayuanzqgl.fang.com/
Logger:2020-03-16 16:59:49.826433 https://haifengjiayuanhle.fang.com/
Logger:2020-03-16 16:59:50.153036 https://dengxilujiayuan.fang.com/
Logger:2020-03-16 16:59:56.974707 https://tianyiyuanxiaoquhle.fang.com/
Logger:2020-03-16 17:00:02.325101 https://hlbe.newhouse.fang.com/house/s/b94/
Logger:2020-03-16 17:00:10.046193 https://hlbe.newhouse.fang.com/house/s/b95/
Logger:2020-03-16 17:00:15.279428 https://hlbe.newhouse.fang.com/house/s/b96/
