Logger:2020-03-16 10:43:22.664131 https://hljyichun.newhouse.fang.com/house/s/b91/
Logger:2020-03-16 10:43:22.918336 https://songyunyuanyc.fang.com/
Logger:2020-03-16 10:43:23.266999 https://xinjingyuanhm.fang.com/
Logger:2020-03-16 10:43:23.699083 https://linduyujing.fang.com/
Logger:2020-03-16 10:43:24.357580 https://fhsa.fang.com/
Logger:2020-03-16 10:43:25.342816 https://hljyichun.newhouse.fang.com/house/1916788715.htm
Logger:2020-03-16 10:43:25.704537 https://mrsagg.fang.com/
Logger:2020-03-16 10:43:26.010778 https://njlw.fang.com/
Logger:2020-03-16 10:43:26.276559 https://wanlunanshan.fang.com/
Logger:2020-03-16 10:43:26.564281 https://yikeaochengyc.fang.com/
Logger:2020-03-16 10:43:27.199407 https://yikexinghewanyc.fang.com/
Logger:2020-03-16 10:43:27.499398 https://bsgj0458.fang.com/
Logger:2020-03-16 10:43:28.077414 https://728279.fang.com/
Logger:2020-03-16 10:43:29.436905 https://jialongmilanxiaozhen.fang.com/
Logger:2020-03-16 10:43:30.024685 https://baoyutianliwanyc.fang.com/
Logger:2020-03-16 10:43:30.604334 https://wanlubanshanguoji.fang.com/
Logger:2020-03-16 10:43:32.670731 https://yuelinxiaozhen.fang.com/
Logger:2020-03-16 10:43:36.274980 https://hljyichun.newhouse.fang.com/house/s/b92/
Logger:2020-03-16 10:43:39.841240 https://hljyichun.newhouse.fang.com/house/s/b93/
Logger:2020-03-16 10:43:43.442991 https://hljyichun.newhouse.fang.com/house/s/b94/
