Logger:2020-03-16 08:40:51.747794 https://hn.newhouse.fang.com/house/s/b91/
Logger:2020-03-16 08:40:52.107596 https://xiuyinglism.fang.com/
Logger:2020-03-16 08:40:52.451280 https://xintiandijc.fang.com/
Logger:2020-03-16 08:40:52.825664 https://junyuegongguanglh.fang.com/
Logger:2020-03-16 08:40:53.202943 https://jindaoguoji.fang.com/
Logger:2020-03-16 08:40:53.546443 https://gongyuanshangchengbgy0898.fang.com/
Logger:2020-03-16 08:40:53.890303 https://zhongyanghaianbl.fang.com/
Logger:2020-03-16 08:40:54.249542 https://hongshuwanfl.fang.com/
Logger:2020-03-16 08:40:58.848876 https://hainanqingshuiwanyjl.fang.com/
Logger:2020-03-16 08:40:59.176924 https://268152.fang.com/
Logger:2020-03-16 08:40:59.489349 https://wanyuechengdf.fang.com/
Logger:2020-03-16 08:40:59.770534 https://baoliyazhouwan.fang.com/
Logger:2020-03-16 08:41:00.099309 https://173972.fang.com/
Logger:2020-03-16 08:41:00.430917 https://haiyuyangguang.fang.com/
Logger:2020-03-16 08:41:03.109859 https://liuqianshubl.fang.com/
Logger:2020-03-16 08:41:03.454058 https://fujiahuayuanyt.fang.com/
Logger:2020-03-16 08:41:05.016125 https://173966.fang.com/
Logger:2020-03-16 08:41:05.312489 https://173968.fang.com/
Logger:2020-03-16 08:41:08.234365 https://meishuwansk.fang.com/
Logger:2020-03-16 08:41:08.608858 https://yuhaitianxiahd.fang.com/
Logger:2020-03-16 08:41:08.983998 https://haikouwenhualvyouchenghd.fang.com/
Logger:2020-03-16 08:41:12.506120 https://hn.newhouse.fang.com/house/s/b92/
Logger:2020-03-16 08:41:12.896994 https://haikouwenhualvyouchenghd.fang.com/
Logger:2020-03-16 08:41:14.459407 https://nanguangzhongxin.fang.com/
Logger:2020-03-16 08:41:14.749889 https://enxiangxincheng.fang.com/
Logger:2020-03-16 08:41:15.124989 https://qianjiangyue.fang.com/
Logger:2020-03-16 08:41:15.484448 https://guanlanhujl.fang.com/
Logger:2020-03-16 08:41:15.812248 https://xinhaianld.fang.com/
Logger:2020-03-16 08:41:16.124984 https://zhongyangbandaobgy.fang.com/
Logger:2020-03-16 08:41:16.500047 https://jinshatanbgy.fang.com/
Logger:2020-03-16 08:41:16.827524 https://xingguangchengyjl2.fang.com/
Logger:2020-03-16 08:41:17.124380 https://jinxiuhaiandh.fang.com/2/
Logger:2020-03-16 08:41:17.515362 https://xueqiefengqingxiaozhenbgy.fang.com/
Logger:2020-03-16 08:41:17.842989 https://jianqiaojunbgy0898.fang.com/
Logger:2020-03-16 08:41:18.187301 https://lihubandaozt.fang.com/
Logger:2020-03-16 08:41:18.545869 https://qinglanbandao.fang.com/
Logger:2020-03-16 08:41:18.910502 https://donghaianbgy0898.fang.com/
Logger:2020-03-16 08:41:19.212088 https://yushaguangchangaz.fang.com/
Logger:2020-03-16 08:41:21.591862 https://zizhuyuanyh.fang.com/
Logger:2020-03-16 08:41:25.545450 https://shenzhoubandaozxtf.fang.com/
Logger:2020-03-16 08:41:25.953350 https://fulishoufu.fang.com/
Logger:2020-03-16 08:41:26.249814 https://longhuwanyt.fang.com/
Logger:2020-03-16 08:41:29.938958 https://hn.newhouse.fang.com/house/s/b93/
Logger:2020-03-16 08:41:30.344860 https://kaiweishengtaicheng.fang.com/
Logger:2020-03-16 08:41:30.718758 https://wujihairc.fang.com/
Logger:2020-03-16 08:41:31.108785 https://jinshawanyjl.fang.com/
Logger:2020-03-16 08:41:31.452838 https://haianchengxh.fang.com/
Logger:2020-03-16 08:41:31.812289 https://jingcaitiandirc0898.fang.com/
Logger:2020-03-16 08:41:32.108629 https://jiuyuetailns.fang.com/
Logger:2020-03-16 08:41:32.421472 https://boaojinwan.fang.com/
Logger:2020-03-16 08:41:32.811547 https://xihaianzn.fang.com/
Logger:2020-03-16 08:41:33.186419 https://171528.fang.com/
Logger:2020-03-16 08:41:33.733242 https://yilongguangchangjiulong.fang.com/
Logger:2020-03-16 08:41:34.155021 https://173970.fang.com/
Logger:2020-03-16 08:41:34.498610 https://gaolongwanrc.fang.com/
Logger:2020-03-16 08:41:37.702744 https://taoyuandaguanrc.fang.com/
Logger:2020-03-16 08:41:37.999562 https://lvdichengjiangdongshoufu.fang.com/
Logger:2020-03-16 08:41:38.343791 https://haihanghaoting.fang.com/2/
Logger:2020-03-16 08:41:38.703078 https://zhongyanggongyuanquglh.fang.com/
Logger:2020-03-16 08:41:43.140699 https://171590.fang.com/
Logger:2020-03-16 08:41:43.469193 https://171888.fang.com/
Logger:2020-03-16 08:41:43.818731 https://weinisichengng.fang.com/
Logger:2020-03-16 08:41:44.134551 https://173974.fang.com/
Logger:2020-03-16 08:41:47.793968 https://hn.newhouse.fang.com/house/s/b94/
Logger:2020-03-16 08:41:48.059470 https://yueliangwands.fang.com/
Logger:2020-03-16 08:41:48.419174 https://faguoweixixiaozhenjy.fang.com/
Logger:2020-03-16 08:41:48.731768 https://guanlanhulanshu.fang.com/
Logger:2020-03-16 08:41:49.028597 https://yefenglangqin.fang.com/
Logger:2020-03-16 08:41:49.402905 https://huashengyupin.fang.com/
Logger:2020-03-16 08:41:49.731505 https://shagndongquiiquglh.fang.com/
Logger:2020-03-16 08:41:50.028512 https://shilifanhuabgy.fang.com/
Logger:2020-03-16 08:41:50.355836 https://xihaianhqc.fang.com/
Logger:2020-03-16 08:41:50.715095 https://nufanghaism0898.fang.com/
Logger:2020-03-16 08:41:54.605039 https://baleiyuyijing.fang.com/
Logger:2020-03-16 08:41:57.169558 https://173986.fang.com/
Logger:2020-03-16 08:41:57.466487 https://174010.fang.com/
Logger:2020-03-16 08:41:57.747207 https://meilishahd.fang.com/
Logger:2020-03-16 08:41:58.168981 https://fudameiguangchang.fang.com/
Logger:2020-03-16 08:41:58.450696 https://guojishangyeguangchangdz.fang.com/
Logger:2020-03-16 08:41:58.746971 https://beichenfu0898.fang.com/
Logger:2020-03-16 08:41:59.043774 https://longtengwantl.fang.com/
Logger:2020-03-16 08:41:59.465549 https://yuhuzhuangyuanhd.fang.com/
Logger:2020-03-16 08:41:59.777978 https://fuliwan0898.fang.com/
Logger:2020-03-16 08:42:00.246615 https://binjianghaiangw.fang.com/
Logger:2020-03-16 08:42:03.857643 https://hn.newhouse.fang.com/house/s/b95/
Logger:2020-03-16 08:42:08.484308 https://meilunxiyurc.fang.com/
Logger:2020-03-16 08:42:08.828317 https://dzsaiweiyahaian.fang.com/
Logger:2020-03-16 08:42:09.093518 https://shuianlantingdy.fang.com/
Logger:2020-03-16 08:42:09.437234 https://shangdongchengctcx.fang.com/
Logger:2020-03-16 08:42:09.937049 https://yuehaiwanfl.fang.com/
Logger:2020-03-16 08:42:10.280718 https://sanxianhuifu.fang.com/
Logger:2020-03-16 08:42:10.655628 https://shimeichunshu0898.fang.com/
Logger:2020-03-16 08:42:11.059602 https://changdaolanwan.fang.com/
Logger:2020-03-16 08:42:11.447348 https://haishangdijinghd0898.fang.com/
Logger:2020-03-16 08:42:11.810284 https://yunhaihuadu.fang.com/
Logger:2020-03-16 08:42:12.212154 https://bandaoyihao.fang.com/
Logger:2020-03-16 08:42:12.493294 https://haiyibandaodf.fang.com/
Logger:2020-03-16 08:42:12.841601 https://haixiutiancheng.fang.com/
Logger:2020-03-16 08:42:13.169647 https://lehuochengshi0898.fang.com/
Logger:2020-03-16 08:42:13.482176 https://bandao1haobl0898.fang.com/
Logger:2020-03-16 08:42:23.795257 https://yfsybqct.fang.com/
Logger:2020-03-16 08:42:24.981915 https://yueliangwanry.fang.com/
Logger:2020-03-16 08:42:27.590713 https://haijiayuanxyn.fang.com/
Logger:2020-03-16 08:42:28.887674 https://lanjianghuafubgy.fang.com/
Logger:2020-03-16 08:42:29.262155 https://shanhuhai0898.fang.com/
Logger:2020-03-16 08:42:32.886923 https://hn.newhouse.fang.com/house/s/b96/
Logger:2020-03-16 08:42:33.170724 https://huchengdajingyh.fang.com/
Logger:2020-03-16 08:42:36.044483 https://nanhaizhibin.fang.com/
Logger:2020-03-16 08:42:36.388743 https://jingyiwan0898.fang.com/
Logger:2020-03-16 08:42:36.716732 https://hainanzizaichengjd.fang.com/
Logger:2020-03-16 08:42:37.013737 https://gangdaohuayuan0898.fang.com/
Logger:2020-03-16 08:42:37.419238 https://jinbitianxia0898.fang.com/
Logger:2020-03-16 08:42:37.762827 https://chuntianlicm.fang.com/
Logger:2020-03-16 08:42:38.075253 https://chenhuidijing.fang.com/
Logger:2020-03-16 08:42:38.450731 https://guoanhaian.fang.com/
Logger:2020-03-16 08:42:38.763119 https://yuelongzhuangwn.fang.com/
Logger:2020-03-16 08:42:39.044254 https://yueguanghaianhw.fang.com/
Logger:2020-03-16 08:42:40.574662 https://jindianhuayuan0898.fang.com/
Logger:2020-03-16 08:42:41.892970 https://tianchangyefengshuiyun.fang.com/
Logger:2020-03-16 08:42:42.221208 https://shanhaisongjt.fang.com/
Logger:2020-03-16 08:42:42.533843 https://huaxijixiangjiayuan.fang.com/
Logger:2020-03-16 08:42:42.892618 https://nanhaixingfuhui.fang.com/1/
Logger:2020-03-16 08:42:43.232602 https://bandaonanwanbgy.fang.com/
Logger:2020-03-16 08:42:43.561083 https://binjiangshijijiachengbq.fang.com/
Logger:2020-03-16 08:42:43.951834 https://fengminglanxilb.fang.com/
Logger:2020-03-16 08:42:44.216789 https://guanyueglh.fang.com/
Logger:2020-03-16 08:42:47.857229 https://hn.newhouse.fang.com/house/s/b97/
Logger:2020-03-16 08:42:48.169497 https://hailanfuyln.fang.com/
Logger:2020-03-16 08:42:48.465743 https://baijinhaian.fang.com/
Logger:2020-03-16 08:42:48.809919 https://guoruichengwn0898.fang.com/
Logger:2020-03-16 08:42:50.762566 https://junlindayuanjy.fang.com/
Logger:2020-03-16 08:42:51.199472 https://meilinjiangpan.fang.com/
Logger:2020-03-16 08:42:53.074783 https://zhongtaishenhzoubandao.fang.com/
Logger:2020-03-16 08:42:53.371330 https://gaolongwanyihaoht.fang.com/
Logger:2020-03-16 08:42:53.714786 https://shuxiangxiaozhenzgtj.fang.com/
Logger:2020-03-16 08:42:54.042551 https://jianganhaotingsd.fang.com/
Logger:2020-03-16 08:42:54.354981 https://zhongyanglvyuanxh.fang.com/
Logger:2020-03-16 08:42:54.669767 https://guangyuejintaisz.fang.com/
Logger:2020-03-16 08:42:54.981971 https://jiabaoguangchang0898.fang.com/
Logger:2020-03-16 08:42:57.043984 https://yueliangwanfl0898.fang.com/
Logger:2020-03-16 08:43:01.451725 https://hn.newhouse.fang.com/house/5010171896.htm
Logger:2020-03-16 08:43:01.857879 https://lanwanxiaozhenhnlc.fang.com/
Logger:2020-03-16 08:43:02.201592 https://xingfulism.fang.com/
Logger:2020-03-16 08:43:02.498853 https://173800.fang.com/
Logger:2020-03-16 08:43:02.858239 https://shengdajingdu.fang.com/2/
Logger:2020-03-16 08:43:03.154630 https://171580.fang.com/
Logger:2020-03-16 08:43:03.482496 https://hairunyuan.fang.com/
Logger:2020-03-16 08:43:07.029008 https://hn.newhouse.fang.com/house/s/b98/
Logger:2020-03-16 08:43:07.404068 https://chongqingcheng.fang.com/
Logger:2020-03-16 08:43:07.731492 https://yefenghaianba.fang.com/
Logger:2020-03-16 08:43:08.075695 https://xiangbinjunba20898.fang.com/
Logger:2020-03-16 08:43:08.437028 https://wenquanxiaozhensjct.fang.com/
Logger:2020-03-16 08:43:08.749008 https://shimeiwanjiulihr.fang.com/
Logger:2020-03-16 08:43:09.045954 https://haiwanhuayuan0898.fang.com/
Logger:2020-03-16 08:43:09.358467 https://haikouyuwan.fang.com/
Logger:2020-03-16 08:43:09.686287 https://changhongyushu.fang.com/
Logger:2020-03-16 08:43:10.030442 https://xintiandihn.fang.com/
Logger:2020-03-16 08:43:10.389247 https://guanlanhuguanyuan.fang.com/
Logger:2020-03-16 08:43:10.811021 https://bihaijinzhu.fang.com/
Logger:2020-03-16 08:43:11.154691 https://zhaoshangyonghuafu0898.fang.com/
Logger:2020-03-16 08:43:11.444029 https://173944.fang.com/
Logger:2020-03-16 08:43:11.793832 https://dongfanghaiandf.fang.com/
Logger:2020-03-16 08:43:12.045119 https://ruihaishuicheng0898.fang.com/
Logger:2020-03-16 08:43:12.399652 https://shimeishanzhuang123.fang.com/
Logger:2020-03-16 08:43:14.279358 https://hailangongguanln.fang.com/
Logger:2020-03-16 08:43:14.591232 https://shanhaiquanqzw.fang.com/
Logger:2020-03-16 08:43:14.888578 https://haitianxiaxd.fang.com/
Logger:2020-03-16 08:43:15.231779 https://wanninghuayuanhysm.fang.com/
Logger:2020-03-16 08:43:18.905736 https://hn.newhouse.fang.com/house/s/b99/
Logger:2020-03-16 08:43:19.155869 https://lanhairuiyuan.fang.com/
Logger:2020-03-16 08:43:19.499346 https://dongfangtianlanhui.fang.com/
Logger:2020-03-16 08:43:19.843751 https://haigangxiaozhenyh.fang.com/
Logger:2020-03-16 08:43:20.234006 https://lvhaihuayuan0898.fang.com/
Logger:2020-03-16 08:43:20.546378 https://212344.fang.com/
Logger:2020-03-16 08:43:20.952208 https://yijuwanquanmy.fang.com/
Logger:2020-03-16 08:43:21.311419 https://171884.fang.com/
Logger:2020-03-16 08:43:24.155476 https://haikouyihaorc.fang.com/
Logger:2020-03-16 08:43:24.498661 https://haichengshidaiguangchang.fang.com/
Logger:2020-03-16 08:43:24.795465 https://jiangpanjincheng.fang.com/
Logger:2020-03-16 08:43:25.107893 https://rongzhuang0898.fang.com/
Logger:2020-03-16 08:43:25.436407 https://xintiandibh0898.fang.com/
Logger:2020-03-16 08:43:25.764736 https://shangwantc.fang.com/
Logger:2020-03-16 08:43:26.154521 https://yehailantianhqc.fang.com/
Logger:2020-03-16 08:43:26.498533 https://jingyuanmeilucheng.fang.com/
Logger:2020-03-16 08:43:26.810615 https://gytgefbs.fang.com/
Logger:2020-03-16 08:43:27.138876 https://yatelandisi.fang.com/
Logger:2020-03-16 08:43:29.466260 https://haipanlanyanbt.fang.com/
Logger:2020-03-16 08:43:32.793658 https://naxiangshan.fang.com/villa/
Logger:2020-03-16 08:43:33.090776 https://173814.fang.com/
Logger:2020-03-16 08:43:36.779820 https://hn.newhouse.fang.com/house/s/b910/
Logger:2020-03-16 08:43:37.030184 https://yedaoxiaocheng.fang.com/
Logger:2020-03-16 08:43:37.374117 https://dzzhenghengdijing.fang.com/
Logger:2020-03-16 08:43:37.624082 https://biguiyuanshanhugongdian.fang.com/
Logger:2020-03-16 08:43:37.936510 https://meiaocheng.fang.com/
Logger:2020-03-16 08:43:38.234777 https://lingxiuchengah.fang.com/
Logger:2020-03-16 08:43:38.531942 https://zhengmaohaoting.fang.com/
Logger:2020-03-16 08:43:38.859968 https://huamanxi.fang.com/
Logger:2020-03-16 08:43:42.011454 https://chuntianyh.fang.com/
Logger:2020-03-16 08:43:44.011222 https://longmuwangx.fang.com/
Logger:2020-03-16 08:43:44.292320 https://xierdunhuanpengzgc.fang.com/
Logger:2020-03-16 08:43:44.651456 https://cuizhuyuan0898.fang.com/
Logger:2020-03-16 08:43:44.995125 https://guojimingchenghd.fang.com/
Logger:2020-03-16 08:43:45.323277 https://qinglingwenhuaguangchang.fang.com/
Logger:2020-03-16 08:43:45.589254 https://fenghuanggu0898.fang.com/
Logger:2020-03-16 08:43:45.981826 https://meianhuafu.fang.com/
Logger:2020-03-16 08:43:48.231671 https://feicuiyuefu.fang.com/
Logger:2020-03-16 08:43:48.544218 https://wanjingfengqh.fang.com/
Logger:2020-03-16 08:43:48.871768 https://lanbowanbyc.fang.com/
Logger:2020-03-16 08:43:49.200466 https://yongchangyaju.fang.com/
Logger:2020-03-16 08:43:49.559106 https://yingbinyuefuzy.fang.com/
Logger:2020-03-16 08:43:53.276978 https://hn.newhouse.fang.com/house/s/b911/
Logger:2020-03-16 08:43:53.870588 https://jinronghaoyuan.fang.com/
Logger:2020-03-16 08:43:54.151771 https://shuiyunjinjiangmx.fang.com/
Logger:2020-03-16 08:43:54.433448 https://tianyifangsm.fang.com/
Logger:2020-03-16 08:43:54.747045 https://haiyunxuan20898.fang.com/
Logger:2020-03-16 08:43:55.044422 https://haiyuesijihuayuan.fang.com/
Logger:2020-03-16 08:43:55.356276 https://haituolanwan.fang.com/
Logger:2020-03-16 08:43:55.684972 https://weilaichengfs.fang.com/
Logger:2020-03-16 08:43:56.028353 https://baijinwanpx.fang.com/
Logger:2020-03-16 08:43:56.340419 https://fudiguoji0898.fang.com/
Logger:2020-03-16 08:43:56.590360 https://glhgyyhrc.fang.com/
Logger:2020-03-16 08:43:56.980893 https://lunengshanhaitianwc.fang.com/
Logger:2020-03-16 08:43:57.295269 https://hainanzhenyuan.fang.com/
Logger:2020-03-16 08:43:57.654953 https://shangyushijia.fang.com/
Logger:2020-03-16 08:43:58.013849 https://haiyifangct.fang.com/
Logger:2020-03-16 08:43:58.326544 https://shanhaihewan.fang.com/
Logger:2020-03-16 08:43:59.451421 https://jinyuyangguanjun.fang.com/
Logger:2020-03-16 08:43:59.779781 https://173962.fang.com/
Logger:2020-03-16 08:44:00.060242 https://yuehaiwangsjy.fang.com/
Logger:2020-03-16 08:44:00.423518 https://171666.fang.com/
Logger:2020-03-16 08:44:00.736000 https://haidongfang0898.fang.com/
Logger:2020-03-16 08:44:05.215742 https://hn.newhouse.fang.com/house/s/b912/
Logger:2020-03-16 08:44:05.543758 https://yehairunjing.fang.com/
Logger:2020-03-16 08:44:05.825507 https://senlinhuwzs.fang.com/
Logger:2020-03-16 08:44:06.153320 https://riyuewanrc.fang.com/
Logger:2020-03-16 08:44:06.512271 https://gouwuguangchangyd.fang.com/
Logger:2020-03-16 08:44:06.793453 https://yueliangwanyjl.fang.com/
Logger:2020-03-16 08:44:09.792746 https://dongfanglongwan.fang.com/
Logger:2020-03-16 08:44:10.105673 https://blhdjqjsz.fang.com/
Logger:2020-03-16 08:44:10.433710 https://lanhuhaiyun.fang.com/
Logger:2020-03-16 08:44:10.778485 https://haibaowanmm.fang.com/
Logger:2020-03-16 08:44:11.247425 https://changhongyufu.fang.com/
Logger:2020-03-16 08:44:12.252531 https://guomaochengshihuayuan.fang.com/
Logger:2020-03-16 08:44:12.548604 https://shuianchengbangsjkch.fang.com/
Logger:2020-03-16 08:44:12.861072 https://lixianghaianhk.fang.com/
Logger:2020-03-16 08:44:13.249319 https://puyulns.fang.com/
Logger:2020-03-16 08:44:13.561808 https://boxiliyawan.fang.com/
Logger:2020-03-16 08:44:13.904721 https://huafulanwan.fang.com/
Logger:2020-03-16 08:44:14.295255 https://hainanzhongjimeiyu.fang.com/
Logger:2020-03-16 08:44:14.623757 https://luomandike.fang.com/
Logger:2020-03-16 08:44:14.936337 https://xihaiandf.fang.com/
Logger:2020-03-16 08:44:15.263776 https://alohaalh.fang.com/
Logger:2020-03-16 08:44:18.809813 https://hn.newhouse.fang.com/house/s/b913/
Logger:2020-03-16 08:44:19.122316 https://longxiwanouyu.fang.com/
Logger:2020-03-16 08:44:19.388284 https://zhonghuafang0898.fang.com/
Logger:2020-03-16 08:44:19.731470 https://tinglanhaianhj0898.fang.com/
Logger:2020-03-16 08:44:20.060092 https://fanhualicl.fang.com/
Logger:2020-03-16 08:44:20.340740 https://haiyangcheng0898.fang.com/
Logger:2020-03-16 08:44:20.622390 https://yueliangwanhj.fang.com/
Logger:2020-03-16 08:44:22.899777 https://fenghuangshuichenghkcp.fang.com/
Logger:2020-03-16 08:44:23.201948 https://bxfqxzbxjbs.fang.com/
Logger:2020-03-16 08:44:23.436422 https://yelinyihaozn.fang.com/
Logger:2020-03-16 08:44:23.810269 https://jinhaiwanzs.fang.com/
Logger:2020-03-16 08:44:25.514284 https://lishuiwanlx.fang.com/
Logger:2020-03-16 08:44:25.841987 https://yehaiwenquanjiayuan.fang.com/
Logger:2020-03-16 08:44:26.264097 https://lanshanhu.fang.com/
Logger:2020-03-16 08:44:26.623582 https://hainanlvdicheng.fang.com/7/
Logger:2020-03-16 08:44:26.935414 https://boaojingdian0898.fang.com/
Logger:2020-03-16 08:44:27.327280 https://shanshuilongchengba0898.fang.com/
Logger:2020-03-16 08:44:27.702554 https://bojinhuafuwhf.fang.com/3/
Logger:2020-03-16 08:44:28.014579 https://qixinghaianga.fang.com/
Logger:2020-03-16 08:44:28.311383 https://dongjiaoyelinyihao.fang.com/
Logger:2020-03-16 08:44:30.436149 https://zhongyanggongyuansanquglh.fang.com/
Logger:2020-03-16 08:44:34.247481 https://hn.newhouse.fang.com/house/s/b914/
Logger:2020-03-16 08:44:34.544612 https://meilinwanyn.fang.com/
Logger:2020-03-16 08:44:34.841490 https://nanyanwanjt.fang.com/
Logger:2020-03-16 08:44:35.200383 https://haikouzhongxin.fang.com/
Logger:2020-03-16 08:44:35.450813 https://tianjiuyangshengyuan.fang.com/
Logger:2020-03-16 08:44:35.793991 https://pihailanwan.fang.com/
Logger:2020-03-16 08:44:36.075178 https://yidalifengqingxiaozhen0898.fang.com/
Logger:2020-03-16 08:44:36.388024 https://jiliangkangchengda.fang.com/
Logger:2020-03-16 08:44:36.700027 https://yinhaiyuhuxd.fang.com/
Logger:2020-03-16 08:44:37.028787 https://boaoyinxiang.fang.com/
Logger:2020-03-16 08:44:38.249725 https://wanquanmeidi.fang.com/3/
Logger:2020-03-16 08:44:38.515860 https://sidaozhuangyuantlq.fang.com/
Logger:2020-03-16 08:44:38.812401 https://meijuzhuzhaidishangxd.fang.com/
Logger:2020-03-16 08:44:39.046456 https://wanxushangyeguangchang2.fang.com/
Logger:2020-03-16 08:44:39.281047 https://shishangyeshumen.fang.com/
Logger:2020-03-16 08:44:42.269171 https://173960.fang.com/
Logger:2020-03-16 08:44:42.565675 https://haikoubiguiyuan.fang.com/2/
Logger:2020-03-16 08:44:42.865260 https://qiziwanhd.fang.com/
Logger:2020-03-16 08:44:43.265364 https://zhongyangwenhuachengld.fang.com/
Logger:2020-03-16 08:44:43.624591 https://akuiliyaht.fang.com/
Logger:2020-03-16 08:44:43.968474 https://shimeishanzhuang0898.fang.com/
Logger:2020-03-16 08:44:47.545218 https://hn.newhouse.fang.com/house/s/b915/
Logger:2020-03-16 08:44:47.873303 https://haikouwan1hao.fang.com/
Logger:2020-03-16 08:44:48.170769 https://haiwanyulin.fang.com/
Logger:2020-03-16 08:44:48.561202 https://wnlyszd.fang.com/
Logger:2020-03-16 08:44:48.873033 https://meiyuanlongxinghuayuan.fang.com/
Logger:2020-03-16 08:44:49.186065 https://yehaijiayuan.fang.com/
Logger:2020-03-16 08:44:49.560982 https://haichangliuld.fang.com/
Logger:2020-03-16 08:44:49.935364 https://dongshanlvjing.fang.com/
Logger:2020-03-16 08:44:50.295171 https://yuemingshanzhuangkx.fang.com/
Logger:2020-03-16 08:44:50.591374 https://bishuinanwan.fang.com/
Logger:2020-03-16 08:44:51.106876 https://luzhonghai.fang.com/
Logger:2020-03-16 08:44:51.450929 https://jinpanmingdi.fang.com/
Logger:2020-03-16 08:44:51.809836 https://zhaonanxiyuan.fang.com/
Logger:2020-03-16 08:44:52.137900 https://fuhaijiayuansx.fang.com/
Logger:2020-03-16 08:44:52.528416 https://heguihuayuan.fang.com/
Logger:2020-03-16 08:44:52.872493 https://yueshanhufl.fang.com/
Logger:2020-03-16 08:44:53.171243 https://lanhaiwan.fang.com/
Logger:2020-03-16 08:44:53.514912 https://wenlanshijiahy.fang.com/
Logger:2020-03-16 08:44:53.858580 https://wenquan1haolqw.fang.com/
Logger:2020-03-16 08:44:54.186673 https://meilunshuianhuayuan.fang.com/
Logger:2020-03-16 08:44:54.530837 https://hejiayuanfh.fang.com/
Logger:2020-03-16 08:44:57.889226 https://hn.newhouse.fang.com/house/s/b916/
Logger:2020-03-16 08:44:58.139269 https://yangguanghaianba.fang.com/
Logger:2020-03-16 08:44:58.420294 https://haidelixiang.fang.com/
Logger:2020-03-16 08:44:58.748641 https://wanquanshanshuilvdu.fang.com/
Logger:2020-03-16 08:44:59.029235 https://mingshiwan.fang.com/
Logger:2020-03-16 08:44:59.341660 https://taidaguojizx.fang.com/
Logger:2020-03-16 08:44:59.685530 https://wanguodaduhuiyh.fang.com/
Logger:2020-03-16 08:44:59.997763 https://hyhy0898.fang.com/
Logger:2020-03-16 08:45:00.349805 https://huangjinhaianqf0898.fang.com/
Logger:2020-03-16 08:45:00.618395 https://guantangshijia2haoyuan.fang.com/
Logger:2020-03-16 08:45:01.029418 https://yitaitianjiao.fang.com/
Logger:2020-03-16 08:45:01.373136 https://qishuiwanxishu.fang.com/
Logger:2020-03-16 08:45:09.868504 https://fenghuangchengtd.fang.com/
Logger:2020-03-16 08:45:12.923649 https://chengfangchuangshijiguangchang.fang.com/
Logger:2020-03-16 08:45:13.261099 https://haidebaogongguan.fang.com/
Logger:2020-03-16 08:45:13.590128 https://yinhaitiancheng.fang.com/
Logger:2020-03-16 08:45:13.929934 https://shangyebuxingjieqh.fang.com/
Logger:2020-03-16 08:45:17.768092 https://dzweilanyefeng.fang.com/
Logger:2020-03-16 08:45:18.080650 https://lianbangxiaozhenfskf.fang.com/
Logger:2020-03-16 08:45:18.385588 https://huayahuanlecheng.fang.com/
Logger:2020-03-16 08:45:18.701616 https://hetaihuijing.fang.com/
Logger:2020-03-16 08:45:22.419359 https://hn.newhouse.fang.com/house/s/b917/
Logger:2020-03-16 08:45:22.669835 https://xymjcjjshgc.fang.com/
Logger:2020-03-16 08:45:22.935402 https://dijingwan0898.fang.com/
Logger:2020-03-16 08:45:23.216092 https://dongfangtianyayizhandanzhou.fang.com/
Logger:2020-03-16 08:45:23.544093 https://lhabdjxqwzs.fang.com/
Logger:2020-03-16 08:45:23.881145 https://bayiyiyuan.fang.com/
Logger:2020-03-16 08:45:24.180117 https://rongshengxiangshuiwann.fang.com/
Logger:2020-03-16 08:45:24.476555 https://171660.fang.com/
Logger:2020-03-16 08:45:24.804602 https://qingfengyelinwann.fang.com/
Logger:2020-03-16 08:45:27.467538 https://mumianshanzhuangwannign.fang.com/
Logger:2020-03-16 08:45:27.733142 https://jianghaihui.fang.com/
Logger:2020-03-16 08:45:28.045527 https://yingbinhaian.fang.com/
Logger:2020-03-16 08:45:28.342782 https://jinhaijiuhao.fang.com/
Logger:2020-03-16 08:45:33.011700 https://haihuashengjingjb.fang.com/
Logger:2020-03-16 08:45:33.358949 https://lvshenghuayuanyb.fang.com/
Logger:2020-03-16 08:45:33.780176 https://shanquanhaiwanning.fang.com/
Logger:2020-03-16 08:45:34.046263 https://meilixihaianba.fang.com/
Logger:2020-03-16 08:45:34.358671 https://nanyangyinxiang.fang.com/
Logger:2020-03-16 08:45:34.686210 https://zhongyangguangchangyl.fang.com/
Logger:2020-03-16 08:45:35.014259 https://mengxiangyuanjh.fang.com/
Logger:2020-03-16 08:45:38.467325 https://shuianmingduhn.fang.com/
Logger:2020-03-16 08:45:42.107024 https://hn.newhouse.fang.com/house/s/b918/
Logger:2020-03-16 08:45:44.177958 https://hainanguojichuangyigang.fang.com/2/
Logger:2020-03-16 08:45:44.475216 https://hnbyw.fang.com/
Logger:2020-03-16 08:45:44.771567 https://hengyangdashadanzhou.fang.com/
Logger:2020-03-16 08:45:45.068372 https://xiandaiwenchangzhidu.fang.com/
Logger:2020-03-16 08:45:45.318389 https://shenghehuacheng0898.fang.com/
Logger:2020-03-16 08:45:45.599568 https://qiziwanqs.fang.com/
Logger:2020-03-16 08:45:47.849235 https://wanningbandoaguanhaiyuan.fang.com/
Logger:2020-03-16 08:45:48.098908 https://fenghuangchenghnms.fang.com/
Logger:2020-03-16 08:45:48.426956 https://lanseyadian0898.fang.com/
Logger:2020-03-16 08:45:50.145299 https://wanningwanzihuayuan.fang.com/
Logger:2020-03-16 08:45:50.410862 https://shuiyangrenjia.fang.com/
Logger:2020-03-16 08:45:50.739598 https://qingfengyelinwan.fang.com/
Logger:2020-03-16 08:45:52.598563 https://hulianwangjinrongdasha0898.fang.com/
Logger:2020-03-16 08:45:54.318919 https://danzhou.newhouse.fang.com/house/3014258086.htm
Logger:2020-03-16 08:45:54.583959 https://bandaomeilucx0898.fang.com/
Logger:2020-03-16 08:45:54.896804 https://wanchengchuntian.fang.com/
Logger:2020-03-16 08:45:58.754849 https://kaiyuanshengjingzd.fang.com/
Logger:2020-03-16 08:46:04.608107 https://wanning.newhouse.fang.com/house/3015258018.htm
Logger:2020-03-16 08:46:04.905680 https://chengzhonghuiwt.fang.com/
Logger:2020-03-16 08:46:05.256194 https://xiariguojishangyeguangchangdz.fang.com/
Logger:2020-03-16 08:46:08.826445 https://hn.newhouse.fang.com/house/s/b919/
Logger:2020-03-16 08:46:09.107618 https://ssgjgwzx.fang.com/shop/
Logger:2020-03-16 08:46:09.373182 https://tianjimingcheng.fang.com/
Logger:2020-03-16 08:46:12.333858 https://dingshangshizizuo.fang.com/
Logger:2020-03-16 08:46:12.630701 https://nbncpwlxchk.fang.com/
Logger:2020-03-16 08:46:12.849934 https://173992.fang.com/
Logger:2020-03-16 08:46:14.717392 https://shimeibandao.fang.com/
Logger:2020-03-16 08:46:14.997842 https://longxihaian0898.fang.com/
Logger:2020-03-16 08:46:17.137962 https://hongzhoujiangshan.fang.com/
Logger:2020-03-16 08:46:17.450388 https://hexiejiayuan0898.fang.com/
Logger:2020-03-16 08:46:20.090390 https://bihai.fang.com/villa/
Logger:2020-03-16 08:46:20.402815 https://zuanshihaian0898.fang.com/
Logger:2020-03-16 08:46:20.699622 https://senhaiwan.fang.com/
Logger:2020-03-16 08:46:21.168301 https://xihaiwan.fang.com/
Logger:2020-03-16 08:46:21.652537 https://xiangongguanyj.fang.com/
Logger:2020-03-16 08:46:21.964947 https://xiangshuiwan1hao0898.fang.com/villa/
Logger:2020-03-16 08:46:22.293329 https://haixiuhuayuan.fang.com/
Logger:2020-03-16 08:46:22.637406 https://rongchuangjiuyuan0898.fang.com/
Logger:2020-03-16 08:46:22.918327 https://huarunshimeiwann.fang.com/
Logger:2020-03-16 08:46:23.170892 https://guanlanhuguanshu.fang.com/
Logger:2020-03-16 08:46:23.467655 https://dahehuayuanlywq.fang.com/
Logger:2020-03-16 08:46:27.073984 https://hn.newhouse.fang.com/house/s/b920/
Logger:2020-03-16 08:46:29.295745 https://sjkcshypj.fang.com/5/
Logger:2020-03-16 08:46:29.608515 https://yifangjiayuan0898.fang.com/
Logger:2020-03-16 08:46:30.155059 https://haipengbilinwan0898.fang.com/
Logger:2020-03-16 08:46:30.529467 https://wanquanyinxiangsqmh.fang.com/
Logger:2020-03-16 08:46:32.981987 https://huajingyuanmd.fang.com/
Logger:2020-03-16 08:46:33.374045 https://tiancinanwan.fang.com/
Logger:2020-03-16 08:46:33.733840 https://nanbinhuating.fang.com/
Logger:2020-03-16 08:46:34.045762 https://guandiglh.fang.com/2/
Logger:2020-03-16 08:46:34.358876 https://pinghailinjianghuayuan.fang.com/
Logger:2020-03-16 08:46:34.655597 https://shanhaitiansanhaoln.fang.com/
Logger:2020-03-16 08:46:34.998662 https://171894.fang.com/
Logger:2020-03-16 08:46:37.326707 https://173774.fang.com/
Logger:2020-03-16 08:46:40.575972 https://wanning.newhouse.fang.com/house/3015258026.htm
Logger:2020-03-16 08:46:40.856655 https://xqwqdjjdgy.fang.com/
Logger:2020-03-16 08:46:41.138431 https://zhongmengyehaiguoji.fang.com/
Logger:2020-03-16 08:46:41.403400 https://haixincheng.fang.com/
Logger:2020-03-16 08:46:41.715901 https://xiangshuiwanzx.fang.com/
Logger:2020-03-16 08:46:42.059943 https://059668.fang.com/
Logger:2020-03-16 08:46:42.388054 https://lanhaiguojisj.fang.com/
Logger:2020-03-16 08:46:42.731288 https://jindihuafu0898.fang.com/
Logger:2020-03-16 08:46:46.311729 https://hn.newhouse.fang.com/house/s/b921/
Logger:2020-03-16 08:46:46.577091 https://zhongnanlinhaijian.fang.com/
Logger:2020-03-16 08:46:46.905290 https://lishuiwanfl.fang.com/
Logger:2020-03-16 08:46:47.202260 https://hupansixiangxiaozhensc.fang.com/
Logger:2020-03-16 08:46:47.561691 https://171584.fang.com/
Logger:2020-03-16 08:46:47.936493 https://jinlanwan0898hn.fang.com/
Logger:2020-03-16 08:46:48.280274 https://zhididongfangguangchang.fang.com/
Logger:2020-03-16 08:46:48.607994 https://zhongyanggongyuanhl0898.fang.com/
Logger:2020-03-16 08:46:48.889009 https://haidichuntian.fang.com/
Logger:2020-03-16 08:46:49.233151 https://banshanheyuan.fang.com/
Logger:2020-03-16 08:46:49.560721 https://shengshihuating0898.fang.com/
Logger:2020-03-16 08:46:49.920041 https://taiyangguwenquanchengxl.fang.com/
Logger:2020-03-16 08:46:50.279256 https://kongqueshanhncj.fang.com/
Logger:2020-03-16 08:46:50.544819 https://wanquanyurun0898.fang.com/
Logger:2020-03-16 08:46:50.919729 https://xiandaiwenyuan.fang.com/
Logger:2020-03-16 08:46:51.341584 https://qicailanwanjy.fang.com/
Logger:2020-03-16 08:46:51.669553 https://batiyazn20898.fang.com/
Logger:2020-03-16 08:46:51.998198 https://shuxinhuayuan0898.fang.com/
Logger:2020-03-16 08:46:55.606629 https://nanhaiyangguang.fang.com/
Logger:2020-03-16 08:46:55.918947 https://huafuhl.fang.com/
Logger:2020-03-16 08:46:56.201996 https://dzguyantian.fang.com/
Logger:2020-03-16 08:46:59.451743 https://hn.newhouse.fang.com/house/s/b922/
Logger:2020-03-16 08:46:59.716790 https://qinrengongshe.fang.com/
Logger:2020-03-16 08:47:00.060460 https://huanlechenghy.fang.com/
Logger:2020-03-16 08:47:00.399879 https://baoyuanhuayuan0898.fang.com/3/
Logger:2020-03-16 08:47:00.716649 https://zhuangyuanlidu.fang.com/
Logger:2020-03-16 08:47:02.841903 https://dzwaghaiguojiguangchang.fang.com/
Logger:2020-03-16 08:47:03.122497 https://shanhaitiantaishan7haoln.fang.com/
Logger:2020-03-16 08:47:03.466000 https://chengxixinghui.fang.com/
Logger:2020-03-16 08:47:03.778426 https://zhongyanggongyuaniiquglh.fang.com/
Logger:2020-03-16 08:47:04.075232 https://nandaokangchengds.fang.com/
Logger:2020-03-16 08:47:04.372079 https://jindianxincheng.fang.com/
Logger:2020-03-16 08:47:08.327724 https://jinyuewanjy.fang.com/
Logger:2020-03-16 08:47:08.655158 https://daguanqianshe.fang.com/
Logger:2020-03-16 08:47:09.015061 https://haihuadonganzs.fang.com/
Logger:2020-03-16 08:47:09.421220 https://yangshengguak.fang.com/
Logger:2020-03-16 08:47:09.873619 https://binhaichengys.fang.com/
Logger:2020-03-16 08:47:10.139181 https://meilingwanph.fang.com/
Logger:2020-03-16 08:47:10.435985 https://qiziwanxw.fang.com/
Logger:2020-03-16 08:47:10.764033 https://lanhaiwanhy0898.fang.com/
Logger:2020-03-16 08:47:11.092813 https://dzhaianmangu.fang.com/
Logger:2020-03-16 08:47:14.690731 https://xinglongyelinwanba.fang.com/
Logger:2020-03-16 08:47:18.357439 https://hn.newhouse.fang.com/house/s/b923/
Logger:2020-03-16 08:47:18.685775 https://binjiangmingyuanhn.fang.com/
Logger:2020-03-16 08:47:18.967139 https://xianghaichengtr.fang.com/
Logger:2020-03-16 08:47:23.153856 https://boyueyalongwan.fang.com/
Logger:2020-03-16 08:47:23.481706 https://xingfusenlinhy.fang.com/
Logger:2020-03-16 08:47:23.793774 https://luhudujiaquhn.fang.com/
Logger:2020-03-16 08:47:24.137324 https://nanyangmeilihuiln.fang.com/
Logger:2020-03-16 08:47:24.418508 https://meilinghu.fang.com/
Logger:2020-03-16 08:47:24.794078 https://zhujiangchengpin.fang.com/
Logger:2020-03-16 08:47:25.121508 https://hexinjingdianhuayuan.fang.com/
Logger:2020-03-16 08:47:25.436754 https://yuquanwan.fang.com/
Logger:2020-03-16 08:47:25.793358 https://jinlongwanhj.fang.com/
Logger:2020-03-16 08:47:26.152642 https://yangguangzijinhuayuan.fang.com/
Logger:2020-03-16 08:47:26.465029 https://shanshuimingchengwzs.fang.com/
Logger:2020-03-16 08:47:26.731147 https://meishuhujl.fang.com/2/
Logger:2020-03-16 08:47:27.074617 https://shanhailixiang.fang.com/
Logger:2020-03-16 08:47:28.808236 https://yulanwangs.fang.com/
Logger:2020-03-16 08:47:29.089808 https://qinglanmingdu.fang.com/
Logger:2020-03-16 08:47:29.401882 https://jintainanyanwan1.fang.com/
Logger:2020-03-16 08:47:32.406122 https://haijingwanhj.fang.com/
Logger:2020-03-16 08:47:35.015594 https://fulihn.fang.com/
Logger:2020-03-16 08:47:38.529724 https://hn.newhouse.fang.com/house/s/b924/
Logger:2020-03-16 08:47:41.192831 https://wanning.newhouse.fang.com/house/3015258004.htm
Logger:2020-03-16 08:47:45.287441 https://shuijinglvdao.fang.com/2/
Logger:2020-03-16 08:47:45.631153 https://yazhoufengqingguangchangba.fang.com/
Logger:2020-03-16 08:47:45.931606 https://yinwantianlu.fang.com/
Logger:2020-03-16 08:47:46.243452 https://huatianmeidi.fang.com/
Logger:2020-03-16 08:47:46.555747 https://dzhaiangongguan.fang.com/
Logger:2020-03-16 08:47:46.842215 https://binjiangyipin0898.fang.com/
Logger:2020-03-16 08:47:47.091998 https://wnygxy.fang.com/
Logger:2020-03-16 08:47:47.388230 https://bihaimengyuan.fang.com/
Logger:2020-03-16 08:47:47.700688 https://hnjingyiyuan.fang.com/
Logger:2020-03-16 08:47:47.982335 https://yihewanxj.fang.com/
Logger:2020-03-16 08:47:48.326216 https://yanglifangwy.fang.com/
Logger:2020-03-16 08:47:48.622706 https://lanyangwenquandahehuayuan.fang.com/
Logger:2020-03-16 08:47:48.888262 https://dongaoxidi.fang.com/
Logger:2020-03-16 08:47:49.200378 https://tianhubandao.fang.com/
Logger:2020-03-16 08:47:49.528883 https://shengshihuangguan.fang.com/
Logger:2020-03-16 08:47:49.856398 https://fulincheng0898.fang.com/
Logger:2020-03-16 08:47:50.793857 https://dzlianhechengshihuayuan.fang.com/
Logger:2020-03-16 08:47:51.059335 https://guanlanhudi.fang.com/
Logger:2020-03-16 08:47:51.389232 https://wenbogongguan.fang.com/
Logger:2020-03-16 08:47:54.920046 https://hn.newhouse.fang.com/house/s/b925/
Logger:2020-03-16 08:47:55.201219 https://luyejingdian.fang.com/
Logger:2020-03-16 08:47:55.466961 https://huaqiaoxingchengbld.fang.com/
Logger:2020-03-16 08:47:55.794441 https://zhongnanbatiya.fang.com/
Logger:2020-03-16 08:47:57.497165 https://danzhou.newhouse.fang.com/house/3014258090.htm
Logger:2020-03-16 08:48:00.831910 https://yikangshanshuizgct.fang.com/
Logger:2020-03-16 08:48:01.097662 https://rongdezhuangyuan.fang.com/
Logger:2020-03-16 08:48:01.425463 https://174002.fang.com/
Logger:2020-03-16 08:48:01.719616 https://1738020898.fang.com/
Logger:2020-03-16 08:48:02.004630 https://feicuihuayuan1.fang.com/
Logger:2020-03-16 08:48:02.254287 https://yibohuayuan0898.fang.com/
Logger:2020-03-16 08:48:04.332109 https://wanning.newhouse.fang.com/house/3015258020.htm
Logger:2020-03-16 08:48:04.613282 https://yujinglongting.fang.com/
Logger:2020-03-16 08:48:06.583505 https://shidaiguangchangds2.fang.com/
Logger:2020-03-16 08:48:06.896319 https://wnwanxiangwenquanjiayuan.fang.com/
Logger:2020-03-16 08:48:07.161448 https://bandaohaitian.fang.com/
Logger:2020-03-16 08:48:07.427718 https://dzwenquankangjun.fang.com/
Logger:2020-03-16 08:48:07.677355 https://guanlanwan0898.fang.com/
Logger:2020-03-16 08:48:07.989443 https://wanninghaihangxinagshuwan.fang.com/
Logger:2020-03-16 08:48:08.920565 https://wanninglongxigu.fang.com/
Logger:2020-03-16 08:48:09.170620 https://xinshidaiguangchanghk.fang.com/
Logger:2020-03-16 08:48:12.731260 https://hn.newhouse.fang.com/house/s/b926/
Logger:2020-03-16 08:48:13.011833 https://taoyuanhf.fang.com/
Logger:2020-03-16 08:48:14.589587 https://wanningshijitaoyuan.fang.com/
Logger:2020-03-16 08:48:15.609026 https://wannignlongqiyuanzhongyuan.fang.com/
Logger:2020-03-16 08:48:16.905595 https://guiruihupanhuayuan.fang.com/
Logger:2020-03-16 08:48:17.139953 https://xiandaidasha5a.fang.com/office/
Logger:2020-03-16 08:48:17.436720 https://xianggeliyp0898.fang.com/
Logger:2020-03-16 08:48:17.718029 https://xinglongfengqingjie.fang.com/
Logger:2020-03-16 08:48:17.967844 https://bandaoyihao1.fang.com/
Logger:2020-03-16 08:48:18.233407 https://zhengguangguanhai.fang.com/
Logger:2020-03-16 08:48:18.498984 https://houhaiyinfan.fang.com/
Logger:2020-03-16 08:48:18.795774 https://chengshiguangchangqq0898.fang.com/
Logger:2020-03-16 08:48:19.046447 https://guojishangyeguangchangdzxr.fang.com/
Logger:2020-03-16 08:48:19.342519 https://hainanxibujiajubolanzhongxin.fang.com/
Logger:2020-03-16 08:48:19.639325 https://binhaichengbang.fang.com/
Logger:2020-03-16 08:48:19.961521 https://173678.fang.com/
Logger:2020-03-16 08:48:20.258509 https://xymgjjcjjppzxddss.fang.com/
Logger:2020-03-16 08:48:20.492857 https://wnyangshneghuayuan.fang.com/
Logger:2020-03-16 08:48:20.777605 https://174012.fang.com/
Logger:2020-03-16 08:48:21.067869 https://dfyangguanghaian.fang.com/
Logger:2020-03-16 08:48:21.364673 https://longkunyuecheng.fang.com/
Logger:2020-03-16 08:48:25.215488 https://hn.newhouse.fang.com/house/s/b927/
Logger:2020-03-16 08:48:25.450562 https://bihailantianhk.fang.com/
Logger:2020-03-16 08:48:25.793473 https://sijikangcheng0898.fang.com/
Logger:2020-03-16 08:48:26.184354 https://zhiqingchunwy.fang.com/
Logger:2020-03-16 08:48:26.481524 https://houhaikou.fang.com/
Logger:2020-03-16 08:48:31.620983 https://jinjiangjinwaitan.fang.com/
Logger:2020-03-16 08:48:34.433533 https://wanwanquangt0898.fang.com/
Logger:2020-03-16 08:48:37.936375 https://hn.newhouse.fang.com/house/s/b928/
Logger:2020-03-16 08:48:41.469376 https://hn.newhouse.fang.com/house/s/b929/
Logger:2020-03-16 08:48:44.987879 https://hn.newhouse.fang.com/house/s/b930/
Logger:2020-03-16 08:48:48.480371 https://hn.newhouse.fang.com/house/s/b91/
Logger:2020-03-16 08:48:48.793614 https://xiuyinglism.fang.com/
Logger:2020-03-16 08:48:49.090464 https://xintiandijc.fang.com/
Logger:2020-03-16 08:48:49.372317 https://junyuegongguanglh.fang.com/
Logger:2020-03-16 08:48:49.746514 https://jindaoguoji.fang.com/
Logger:2020-03-16 08:48:50.090224 https://gongyuanshangchengbgy0898.fang.com/
Logger:2020-03-16 08:48:50.371366 https://zhongyanghaianbl.fang.com/
Logger:2020-03-16 08:48:50.652550 https://hongshuwanfl.fang.com/
Logger:2020-03-16 08:48:51.199992 https://hainanqingshuiwanyjl.fang.com/
Logger:2020-03-16 08:48:51.496356 https://268152.fang.com/
Logger:2020-03-16 08:48:51.808527 https://wanyuechengdf.fang.com/
Logger:2020-03-16 08:48:52.183440 https://baoliyazhouwan.fang.com/
Logger:2020-03-16 08:48:52.449001 https://173972.fang.com/
Logger:2020-03-16 08:48:52.779612 https://haiyuyangguang.fang.com/
Logger:2020-03-16 08:48:53.060793 https://liuqianshubl.fang.com/
Logger:2020-03-16 08:48:53.373221 https://fujiahuayuanyt.fang.com/
Logger:2020-03-16 08:48:53.717294 https://173966.fang.com/
Logger:2020-03-16 08:48:53.998073 https://173968.fang.com/
Logger:2020-03-16 08:48:55.029426 https://meishuwansk.fang.com/
Logger:2020-03-16 08:48:55.342018 https://yuhaitianxiahd.fang.com/
Logger:2020-03-16 08:48:55.669991 https://haikouwenhualvyouchenghd.fang.com/
Logger:2020-03-16 08:48:59.356184 https://hn.newhouse.fang.com/house/s/b92/
Logger:2020-03-16 08:48:59.606124 https://haikouwenhualvyouchenghd.fang.com/
Logger:2020-03-16 08:49:00.887497 https://nanguangzhongxin.fang.com/
Logger:2020-03-16 08:49:01.309313 https://enxiangxincheng.fang.com/
Logger:2020-03-16 08:49:01.683733 https://qianjiangyue.fang.com/
Logger:2020-03-16 08:49:02.012126 https://guanlanhujl.fang.com/
Logger:2020-03-16 08:49:02.356136 https://xinhaianld.fang.com/
Logger:2020-03-16 08:49:02.683451 https://zhongyangbandaobgy.fang.com/
Logger:2020-03-16 08:49:02.964634 https://jinshatanbgy.fang.com/
Logger:2020-03-16 08:49:03.277757 https://xingguangchengyjl2.fang.com/
Logger:2020-03-16 08:49:03.589948 https://jinxiuhaiandh.fang.com/2/
Logger:2020-03-16 08:49:03.920642 https://xueqiefengqingxiaozhenbgy.fang.com/
Logger:2020-03-16 08:49:04.185987 https://jianqiaojunbgy0898.fang.com/
Logger:2020-03-16 08:49:04.544746 https://lihubandaozt.fang.com/
Logger:2020-03-16 08:49:04.825929 https://qinglanbandao.fang.com/
Logger:2020-03-16 08:49:05.138844 https://donghaianbgy0898.fang.com/
Logger:2020-03-16 08:49:07.340966 https://yushaguangchangaz.fang.com/
Logger:2020-03-16 08:49:07.653432 https://zizhuyuanyh.fang.com/
Logger:2020-03-16 08:49:08.681705 https://shenzhoubandaozxtf.fang.com/
Logger:2020-03-16 08:49:08.946518 https://fulishoufu.fang.com/
Logger:2020-03-16 08:49:09.305644 https://longhuwanyt.fang.com/
Logger:2020-03-16 08:49:12.564763 https://hn.newhouse.fang.com/house/s/b93/
Logger:2020-03-16 08:49:13.861787 https://kaiweishengtaicheng.fang.com/
Logger:2020-03-16 08:49:15.827497 https://wujihairc.fang.com/
Logger:2020-03-16 08:49:16.140345 https://jinshawanyjl.fang.com/
Logger:2020-03-16 08:49:16.421069 https://haianchengxh.fang.com/
Logger:2020-03-16 08:49:16.796364 https://jingcaitiandirc0898.fang.com/
Logger:2020-03-16 08:49:17.077207 https://jiuyuetailns.fang.com/
Logger:2020-03-16 08:49:17.327567 https://boaojinwan.fang.com/
Logger:2020-03-16 08:49:17.702017 https://xihaianzn.fang.com/
Logger:2020-03-16 08:49:20.670140 https://171528.fang.com/
Logger:2020-03-16 08:49:20.982492 https://yilongguangchangjiulong.fang.com/
Logger:2020-03-16 08:49:21.294931 https://173970.fang.com/
Logger:2020-03-16 08:49:21.607344 https://gaolongwanrc.fang.com/
Logger:2020-03-16 08:49:21.888528 https://taoyuandaguanrc.fang.com/
Logger:2020-03-16 08:49:23.420136 https://lvdichengjiangdongshoufu.fang.com/
Logger:2020-03-16 08:49:23.731843 https://haihanghaoting.fang.com/2/
Logger:2020-03-16 08:49:24.044671 https://zhongyanggongyuanquglh.fang.com/
Logger:2020-03-16 08:49:24.341448 https://171590.fang.com/
Logger:2020-03-16 08:49:24.684793 https://171888.fang.com/
Logger:2020-03-16 08:49:29.989451 https://weinisichengng.fang.com/
Logger:2020-03-16 08:49:30.318226 https://173974.fang.com/
Logger:2020-03-16 08:49:33.528190 https://hn.newhouse.fang.com/house/s/b94/
Logger:2020-03-16 08:49:33.809395 https://yueliangwands.fang.com/
Logger:2020-03-16 08:49:34.105723 https://faguoweixixiaozhenjy.fang.com/
Logger:2020-03-16 08:49:34.387230 https://guanlanhulanshu.fang.com/
Logger:2020-03-16 08:49:38.042250 https://yefenglangqin.fang.com/
Logger:2020-03-16 08:49:38.371053 https://huashengyupin.fang.com/
Logger:2020-03-16 08:49:38.684865 https://shagndongquiiquglh.fang.com/
Logger:2020-03-16 08:49:40.918091 https://shilifanhuabgy.fang.com/
Logger:2020-03-16 08:49:41.262060 https://xihaianhqc.fang.com/
Logger:2020-03-16 08:49:41.559081 https://nufanghaism0898.fang.com/
Logger:2020-03-16 08:49:41.995930 https://baleiyuyijing.fang.com/
Logger:2020-03-16 08:49:42.386422 https://173986.fang.com/
Logger:2020-03-16 08:49:42.683270 https://174010.fang.com/
Logger:2020-03-16 08:49:42.964412 https://meilishahd.fang.com/
Logger:2020-03-16 08:49:44.386645 https://fudameiguangchang.fang.com/
Logger:2020-03-16 08:49:44.620496 https://guojishangyeguangchangdz.fang.com/
Logger:2020-03-16 08:49:44.919013 https://beichenfu0898.fang.com/
Logger:2020-03-16 08:49:45.309948 https://longtengwantl.fang.com/
Logger:2020-03-16 08:49:45.637345 https://yuhuzhuangyuanhd.fang.com/
Logger:2020-03-16 08:49:45.934068 https://fuliwan0898.fang.com/
Logger:2020-03-16 08:49:46.215252 https://binjianghaiangw.fang.com/
Logger:2020-03-16 08:49:49.771469 https://hn.newhouse.fang.com/house/s/b95/
Logger:2020-03-16 08:49:50.036634 https://meilunxiyurc.fang.com/
Logger:2020-03-16 08:49:50.404900 https://dzsaiweiyahaian.fang.com/
Logger:2020-03-16 08:49:50.764580 https://shuianlantingdy.fang.com/
Logger:2020-03-16 08:49:51.030176 https://shangdongchengctcx.fang.com/
Logger:2020-03-16 08:49:53.904072 https://yuehaiwanfl.fang.com/
Logger:2020-03-16 08:49:54.278996 https://sanxianhuifu.fang.com/
Logger:2020-03-16 08:49:54.560174 https://shimeichunshu0898.fang.com/
Logger:2020-03-16 08:49:54.888215 https://changdaolanwan.fang.com/
Logger:2020-03-16 08:49:55.278790 https://haishangdijinghd0898.fang.com/
Logger:2020-03-16 08:49:55.685096 https://yunhaihuadu.fang.com/
Logger:2020-03-16 08:49:55.966085 https://bandaoyihao.fang.com/
Logger:2020-03-16 08:49:56.294484 https://haiyibandaodf.fang.com/
Logger:2020-03-16 08:49:56.653423 https://haixiutiancheng.fang.com/
Logger:2020-03-16 08:49:56.935224 https://lehuochengshi0898.fang.com/
Logger:2020-03-16 08:49:57.309518 https://bandao1haobl0898.fang.com/
Logger:2020-03-16 08:49:57.684781 https://yfsybqct.fang.com/
Logger:2020-03-16 08:49:57.981757 https://yueliangwanry.fang.com/
Logger:2020-03-16 08:49:58.340524 https://haijiayuanxyn.fang.com/
Logger:2020-03-16 08:49:58.684194 https://lanjianghuafubgy.fang.com/
Logger:2020-03-16 08:49:58.965604 https://shanhuhai0898.fang.com/
Logger:2020-03-16 08:50:02.638456 https://hn.newhouse.fang.com/house/s/b96/
Logger:2020-03-16 08:50:02.903995 https://huchengdajingyh.fang.com/
Logger:2020-03-16 08:50:03.247435 https://nanhaizhibin.fang.com/
Logger:2020-03-16 08:50:03.575653 https://jingyiwan0898.fang.com/
Logger:2020-03-16 08:50:03.840579 https://hainanzizaichengjd.fang.com/
Logger:2020-03-16 08:50:04.246734 https://gangdaohuayuan0898.fang.com/
Logger:2020-03-16 08:50:04.574782 https://jinbitianxia0898.fang.com/
Logger:2020-03-16 08:50:04.934442 https://chuntianlicm.fang.com/
Logger:2020-03-16 08:50:05.262453 https://chenhuidijing.fang.com/
Logger:2020-03-16 08:50:05.608201 https://guoanhaian.fang.com/
Logger:2020-03-16 08:50:08.773380 https://yuelongzhuangwn.fang.com/
Logger:2020-03-16 08:50:09.002021 https://yueguanghaianhw.fang.com/
Logger:2020-03-16 08:50:09.346238 https://jindianhuayuan0898.fang.com/
Logger:2020-03-16 08:50:10.560957 https://tianchangyefengshuiyun.fang.com/
Logger:2020-03-16 08:50:12.997251 https://shanhaisongjt.fang.com/
Logger:2020-03-16 08:50:13.310079 https://huaxijixiangjiayuan.fang.com/
Logger:2020-03-16 08:50:13.653779 https://nanhaixingfuhui.fang.com/1/
Logger:2020-03-16 08:50:13.966239 https://bandaonanwanbgy.fang.com/
Logger:2020-03-16 08:50:14.309481 https://binjiangshijijiachengbq.fang.com/
Logger:2020-03-16 08:50:14.622146 https://fengminglanxilb.fang.com/
Logger:2020-03-16 08:50:14.919324 https://guanyueglh.fang.com/
Logger:2020-03-16 08:50:18.683879 https://hn.newhouse.fang.com/house/s/b97/
Logger:2020-03-16 08:50:18.933308 https://hailanfuyln.fang.com/
Logger:2020-03-16 08:50:19.511377 https://baijinhaian.fang.com/
Logger:2020-03-16 08:50:19.826271 https://guoruichengwn0898.fang.com/
Logger:2020-03-16 08:50:20.279327 https://junlindayuanjy.fang.com/
Logger:2020-03-16 08:50:20.576402 https://meilinjiangpan.fang.com/
Logger:2020-03-16 08:50:20.857332 https://zhongtaishenhzoubandao.fang.com/
Logger:2020-03-16 08:50:21.326335 https://gaolongwanyihaoht.fang.com/
Logger:2020-03-16 08:50:21.607315 https://shuxiangxiaozhenzgtj.fang.com/
Logger:2020-03-16 08:50:21.950770 https://jianganhaotingsd.fang.com/
Logger:2020-03-16 08:50:22.201168 https://zhongyanglvyuanxh.fang.com/
Logger:2020-03-16 08:50:23.794847 https://guangyuejintaisz.fang.com/
Logger:2020-03-16 08:50:23.982034 https://jiabaoguangchang0898.fang.com/
Logger:2020-03-16 08:50:24.231522 https://yueliangwanfl0898.fang.com/
Logger:2020-03-16 08:50:26.326222 https://hn.newhouse.fang.com/house/5010171896.htm
Logger:2020-03-16 08:50:26.717410 https://lanwanxiaozhenhnlc.fang.com/
Logger:2020-03-16 08:50:27.092019 https://xingfulism.fang.com/
Logger:2020-03-16 08:50:27.341596 https://173800.fang.com/
Logger:2020-03-16 08:50:27.685963 https://shengdajingdu.fang.com/2/
Logger:2020-03-16 08:50:27.982037 https://171580.fang.com/
Logger:2020-03-16 08:50:28.325890 https://hairunyuan.fang.com/
Logger:2020-03-16 08:50:32.108305 https://hn.newhouse.fang.com/house/s/b98/
Logger:2020-03-16 08:50:32.358347 https://chongqingcheng.fang.com/
Logger:2020-03-16 08:50:32.685909 https://yefenghaianba.fang.com/
Logger:2020-03-16 08:50:33.061535 https://xiangbinjunba20898.fang.com/
Logger:2020-03-16 08:50:33.389220 https://wenquanxiaozhensjct.fang.com/
Logger:2020-03-16 08:50:33.686034 https://shimeiwanjiulihr.fang.com/
Logger:2020-03-16 08:50:33.982958 https://haiwanhuayuan0898.fang.com/
Logger:2020-03-16 08:50:34.326292 https://haikouyuwan.fang.com/
Logger:2020-03-16 08:50:34.623201 https://changhongyushu.fang.com/
Logger:2020-03-16 08:50:34.919779 https://xintiandihn.fang.com/
Logger:2020-03-16 08:50:35.279466 https://guanlanhuguanyuan.fang.com/
Logger:2020-03-16 08:50:36.627899 https://bihaijinzhu.fang.com/
Logger:2020-03-16 08:50:36.940923 https://zhaoshangyonghuafu0898.fang.com/
Logger:2020-03-16 08:50:37.252798 https://173944.fang.com/
Logger:2020-03-16 08:50:37.502691 https://dongfanghaiandf.fang.com/
Logger:2020-03-16 08:50:37.768969 https://ruihaishuicheng0898.fang.com/
Logger:2020-03-16 08:50:38.065058 https://shimeishanzhuang123.fang.com/
Logger:2020-03-16 08:50:38.361863 https://hailangongguanln.fang.com/
Logger:2020-03-16 08:50:38.643432 https://shanhaiquanqzw.fang.com/
Logger:2020-03-16 08:50:38.940518 https://haitianxiaxd.fang.com/
Logger:2020-03-16 08:50:39.268057 https://wanninghuayuanhysm.fang.com/
Logger:2020-03-16 08:50:42.871151 https://hn.newhouse.fang.com/house/s/b99/
Logger:2020-03-16 08:50:43.902312 https://lanhairuiyuan.fang.com/
Logger:2020-03-16 08:50:44.183876 https://dongfangtianlanhui.fang.com/
Logger:2020-03-16 08:50:44.512002 https://haigangxiaozhenyh.fang.com/
Logger:2020-03-16 08:50:44.872408 https://lvhaihuayuan0898.fang.com/
Logger:2020-03-16 08:50:45.169742 https://212344.fang.com/
Logger:2020-03-16 08:50:45.482111 https://yijuwanquanmy.fang.com/
Logger:2020-03-16 08:50:45.793998 https://171884.fang.com/
Logger:2020-03-16 08:50:47.278488 https://haikouyihaorc.fang.com/
Logger:2020-03-16 08:50:47.574930 https://haichengshidaiguangchang.fang.com/
Logger:2020-03-16 08:50:47.887576 https://jiangpanjincheng.fang.com/
Logger:2020-03-16 08:50:50.670673 https://rongzhuang0898.fang.com/
Logger:2020-03-16 08:50:50.967478 https://xintiandibh0898.fang.com/
Logger:2020-03-16 08:50:51.467964 https://shangwantc.fang.com/
Logger:2020-03-16 08:50:51.811034 https://yehailantianhqc.fang.com/
Logger:2020-03-16 08:50:52.935738 https://jingyuanmeilucheng.fang.com/
Logger:2020-03-16 08:50:53.295148 https://gytgefbs.fang.com/
Logger:2020-03-16 08:50:53.607481 https://yatelandisi.fang.com/
Logger:2020-03-16 08:50:53.873000 https://haipanlanyanbt.fang.com/
Logger:2020-03-16 08:50:54.841912 https://naxiangshan.fang.com/villa/
Logger:2020-03-16 08:50:55.169568 https://173814.fang.com/
Logger:2020-03-16 08:50:58.716143 https://hn.newhouse.fang.com/house/s/b910/
Logger:2020-03-16 08:50:58.981699 https://yedaoxiaocheng.fang.com/
Logger:2020-03-16 08:50:59.324838 https://dzzhenghengdijing.fang.com/
Logger:2020-03-16 08:50:59.606102 https://biguiyuanshanhugongdian.fang.com/
Logger:2020-03-16 08:50:59.855962 https://meiaocheng.fang.com/
Logger:2020-03-16 08:51:00.153220 https://lingxiuchengah.fang.com/
Logger:2020-03-16 08:51:00.467666 https://zhengmaohaoting.fang.com/
Logger:2020-03-16 08:51:00.795555 https://huamanxi.fang.com/
Logger:2020-03-16 08:51:01.123487 https://chuntianyh.fang.com/
Logger:2020-03-16 08:51:01.482904 https://longmuwangx.fang.com/
Logger:2020-03-16 08:51:01.826084 https://xierdunhuanpengzgc.fang.com/
Logger:2020-03-16 08:51:02.122860 https://cuizhuyuan0898.fang.com/
Logger:2020-03-16 08:51:02.419613 https://guojimingchenghd.fang.com/
Logger:2020-03-16 08:51:02.748394 https://qinglingwenhuaguangchang.fang.com/
Logger:2020-03-16 08:51:03.013404 https://fenghuanggu0898.fang.com/
Logger:2020-03-16 08:51:03.325975 https://meianhuafu.fang.com/
Logger:2020-03-16 08:51:03.669318 https://feicuiyuefu.fang.com/
Logger:2020-03-16 08:51:04.028655 https://wanjingfengqh.fang.com/
Logger:2020-03-16 08:51:04.310401 https://lanbowanbyc.fang.com/
Logger:2020-03-16 08:51:04.606597 https://yongchangyaju.fang.com/
Logger:2020-03-16 08:51:04.965886 https://yingbinyuefuzy.fang.com/
Logger:2020-03-16 08:51:08.730972 https://hn.newhouse.fang.com/house/s/b911/
Logger:2020-03-16 08:51:08.961358 https://jinronghaoyuan.fang.com/
Logger:2020-03-16 08:51:09.273782 https://shuiyunjinjiangmx.fang.com/
Logger:2020-03-16 08:51:09.539423 https://tianyifangsm.fang.com/
Logger:2020-03-16 08:51:09.855719 https://haiyunxuan20898.fang.com/
Logger:2020-03-16 08:51:10.134984 https://haiyuesijihuayuan.fang.com/
Logger:2020-03-16 08:51:10.400546 https://haituolanwan.fang.com/
Logger:2020-03-16 08:51:10.727192 https://weilaichengfs.fang.com/
Logger:2020-03-16 08:51:10.984414 https://baijinwanpx.fang.com/
Logger:2020-03-16 08:51:11.343450 https://fudiguoji0898.fang.com/
Logger:2020-03-16 08:51:11.578250 https://glhgyyhrc.fang.com/
Logger:2020-03-16 08:51:11.954268 https://lunengshanhaitianwc.fang.com/
Logger:2020-03-16 08:51:16.678166 https://hainanzhenyuan.fang.com/
Logger:2020-03-16 08:51:17.053635 https://shangyushijia.fang.com/
Logger:2020-03-16 08:51:17.412854 https://haiyifangct.fang.com/
Logger:2020-03-16 08:51:17.693501 https://shanhaihewan.fang.com/
Logger:2020-03-16 08:51:18.022096 https://jinyuyangguanjun.fang.com/
Logger:2020-03-16 08:51:20.302261 https://173962.fang.com/
Logger:2020-03-16 08:51:20.569894 https://yuehaiwangsjy.fang.com/
Logger:2020-03-16 08:51:20.898634 https://171666.fang.com/
Logger:2020-03-16 08:51:21.195260 https://haidongfang0898.fang.com/
Logger:2020-03-16 08:51:24.471261 https://hn.newhouse.fang.com/house/s/b912/
Logger:2020-03-16 08:51:24.752853 https://yehairunjing.fang.com/
Logger:2020-03-16 08:51:25.034259 https://senlinhuwzs.fang.com/
Logger:2020-03-16 08:51:25.377344 https://riyuewanrc.fang.com/
Logger:2020-03-16 08:51:25.679696 https://gouwuguangchangyd.fang.com/
Logger:2020-03-16 08:51:25.992286 https://yueliangwanyjl.fang.com/
Logger:2020-03-16 08:51:26.616424 https://dongfanglongwan.fang.com/
Logger:2020-03-16 08:51:26.960170 https://blhdjqjsz.fang.com/
Logger:2020-03-16 08:51:27.288138 https://lanhuhaiyun.fang.com/
Logger:2020-03-16 08:51:27.569321 https://haibaowanmm.fang.com/
Logger:2020-03-16 08:51:27.897617 https://changhongyufu.fang.com/
Logger:2020-03-16 08:51:28.163598 https://guomaochengshihuayuan.fang.com/
Logger:2020-03-16 08:51:28.460346 https://shuianchengbangsjkch.fang.com/
Logger:2020-03-16 08:51:28.803405 https://lixianghaianhk.fang.com/
Logger:2020-03-16 08:51:30.474886 https://puyulns.fang.com/
Logger:2020-03-16 08:51:30.793789 https://boxiliyawan.fang.com/
Logger:2020-03-16 08:51:31.277467 https://huafulanwan.fang.com/
Logger:2020-03-16 08:51:31.653005 https://hainanzhongjimeiyu.fang.com/
Logger:2020-03-16 08:51:31.949183 https://luomandike.fang.com/
Logger:2020-03-16 08:51:32.261692 https://xihaiandf.fang.com/
Logger:2020-03-16 08:51:32.590006 https://alohaalh.fang.com/
Logger:2020-03-16 08:51:35.840997 https://hn.newhouse.fang.com/house/s/b913/
Logger:2020-03-16 08:51:36.106801 https://longxiwanouyu.fang.com/
Logger:2020-03-16 08:51:36.403687 https://zhonghuafang0898.fang.com/
Logger:2020-03-16 08:51:36.715805 https://tinglanhaianhj0898.fang.com/
Logger:2020-03-16 08:51:37.044457 https://fanhualicl.fang.com/
Logger:2020-03-16 08:51:37.356647 https://haiyangcheng0898.fang.com/
Logger:2020-03-16 08:51:37.715554 https://yueliangwanhj.fang.com/
Logger:2020-03-16 08:51:37.996927 https://fenghuangshuichenghkcp.fang.com/
Logger:2020-03-16 08:51:38.278672 https://bxfqxzbxjbs.fang.com/
Logger:2020-03-16 08:51:38.527945 https://yelinyihaozn.fang.com/
Logger:2020-03-16 08:51:38.840789 https://jinhaiwanzs.fang.com/
Logger:2020-03-16 08:51:39.152716 https://lishuiwanlx.fang.com/
Logger:2020-03-16 08:51:39.433898 https://yehaiwenquanjiayuan.fang.com/
Logger:2020-03-16 08:51:40.089992 https://lanshanhu.fang.com/
Logger:2020-03-16 08:51:40.386830 https://hainanlvdicheng.fang.com/7/
Logger:2020-03-16 08:51:40.685752 https://boaojingdian0898.fang.com/
Logger:2020-03-16 08:51:40.982545 https://shanshuilongchengba0898.fang.com/
Logger:2020-03-16 08:51:41.263806 https://bojinhuafuwhf.fang.com/3/
Logger:2020-03-16 08:51:41.529290 https://qixinghaianga.fang.com/
Logger:2020-03-16 08:51:41.810554 https://dongjiaoyelinyihao.fang.com/
Logger:2020-03-16 08:51:42.123597 https://zhongyanggongyuansanquglh.fang.com/
Logger:2020-03-16 08:51:45.419063 https://hn.newhouse.fang.com/house/s/b914/
Logger:2020-03-16 08:51:45.700185 https://meilinwanyn.fang.com/
Logger:2020-03-16 08:51:46.044138 https://nanyanwanjt.fang.com/
Logger:2020-03-16 08:51:48.340226 https://haikouzhongxin.fang.com/
Logger:2020-03-16 08:51:48.575257 https://tianjiuyangshengyuan.fang.com/
Logger:2020-03-16 08:51:48.871788 https://pihailanwan.fang.com/
Logger:2020-03-16 08:51:49.168156 https://yidalifengqingxiaozhen0898.fang.com/
Logger:2020-03-16 08:51:49.465298 https://jiliangkangchengda.fang.com/
Logger:2020-03-16 08:51:49.761803 https://yinhaiyuhuxd.fang.com/
Logger:2020-03-16 08:51:50.043439 https://boaoyinxiang.fang.com/
Logger:2020-03-16 08:51:50.403700 https://wanquanmeidi.fang.com/3/
Logger:2020-03-16 08:51:50.716220 https://sidaozhuangyuantlq.fang.com/
Logger:2020-03-16 08:51:50.983370 https://meijuzhuzhaidishangxd.fang.com/
Logger:2020-03-16 08:51:51.187141 https://wanxushangyeguangchang2.fang.com/
Logger:2020-03-16 08:51:51.436867 https://shishangyeshumen.fang.com/
Logger:2020-03-16 08:51:51.690627 https://173960.fang.com/
Logger:2020-03-16 08:51:51.965988 https://haikoubiguiyuan.fang.com/2/
Logger:2020-03-16 08:51:52.262373 https://qiziwanhd.fang.com/
Logger:2020-03-16 08:51:52.654164 https://zhongyangwenhuachengld.fang.com/
Logger:2020-03-16 08:51:52.998422 https://akuiliyaht.fang.com/
Logger:2020-03-16 08:51:53.310911 https://shimeishanzhuang0898.fang.com/
Logger:2020-03-16 08:51:56.856789 https://hn.newhouse.fang.com/house/s/b915/
Logger:2020-03-16 08:51:57.122352 https://haikouwan1hao.fang.com/
Logger:2020-03-16 08:51:57.403715 https://haiwanyulin.fang.com/
Logger:2020-03-16 08:51:57.825311 https://wnlyszd.fang.com/
Logger:2020-03-16 08:51:58.075252 https://meiyuanlongxinghuayuan.fang.com/
Logger:2020-03-16 08:52:00.325130 https://yehaijiayuan.fang.com/
Logger:2020-03-16 08:52:00.592962 https://haichangliuld.fang.com/
Logger:2020-03-16 08:52:00.952252 https://dongshanlvjing.fang.com/
Logger:2020-03-16 08:52:01.374752 https://yuemingshanzhuangkx.fang.com/
Logger:2020-03-16 08:52:01.702644 https://bishuinanwan.fang.com/
Logger:2020-03-16 08:52:02.186337 https://luzhonghai.fang.com/
Logger:2020-03-16 08:52:02.514385 https://jinpanmingdi.fang.com/
Logger:2020-03-16 08:52:02.811189 https://zhaonanxiyuan.fang.com/
Logger:2020-03-16 08:52:03.186139 https://fuhaijiayuansx.fang.com/
Logger:2020-03-16 08:52:03.467884 https://heguihuayuan.fang.com/
Logger:2020-03-16 08:52:03.811033 https://yueshanhufl.fang.com/
Logger:2020-03-16 08:52:04.186583 https://lanhaiwan.fang.com/
Logger:2020-03-16 08:52:04.514546 https://wenlanshijiahy.fang.com/
Logger:2020-03-16 08:52:04.795641 https://wenquan1haolqw.fang.com/
Logger:2020-03-16 08:52:05.123566 https://meilunshuianhuayuan.fang.com/
Logger:2020-03-16 08:52:05.404326 https://hejiayuanfh.fang.com/
Logger:2020-03-16 08:52:09.044458 https://hn.newhouse.fang.com/house/s/b916/
Logger:2020-03-16 08:52:09.341425 https://yangguanghaianba.fang.com/
Logger:2020-03-16 08:52:09.684567 https://haidelixiang.fang.com/
Logger:2020-03-16 08:52:10.012613 https://wanquanshanshuilvdu.fang.com/
Logger:2020-03-16 08:52:10.371904 https://mingshiwan.fang.com/
Logger:2020-03-16 08:52:12.698327 https://taidaguojizx.fang.com/
Logger:2020-03-16 08:52:15.402367 https://wanguodaduhuiyh.fang.com/
Logger:2020-03-16 08:52:15.685838 https://hyhy0898.fang.com/
Logger:2020-03-16 08:52:15.998305 https://huangjinhaianqf0898.fang.com/
Logger:2020-03-16 08:52:16.310692 https://guantangshijia2haoyuan.fang.com/
Logger:2020-03-16 08:52:16.576660 https://yitaitianjiao.fang.com/
Logger:2020-03-16 08:52:16.905030 https://qishuiwanxishu.fang.com/
Logger:2020-03-16 08:52:18.279024 https://fenghuangchengtd.fang.com/
Logger:2020-03-16 08:52:18.607023 https://chengfangchuangshijiguangchang.fang.com/
Logger:2020-03-16 08:52:18.873292 https://haidebaogongguan.fang.com/
Logger:2020-03-16 08:52:20.075958 https://yinhaitiancheng.fang.com/
Logger:2020-03-16 08:52:20.404022 https://shangyebuxingjieqh.fang.com/
Logger:2020-03-16 08:52:20.700330 https://dzweilanyefeng.fang.com/
Logger:2020-03-16 08:52:20.918977 https://lianbangxiaozhenfskf.fang.com/
Logger:2020-03-16 08:52:21.388260 https://huayahuanlecheng.fang.com/
Logger:2020-03-16 08:52:21.689318 https://hetaihuijing.fang.com/
Logger:2020-03-16 08:52:25.232667 https://hn.newhouse.fang.com/house/s/b917/
Logger:2020-03-16 08:52:25.467037 https://xymjcjjshgc.fang.com/
Logger:2020-03-16 08:52:25.732997 https://dijingwan0898.fang.com/
Logger:2020-03-16 08:52:26.076919 https://dongfangtianyayizhandanzhou.fang.com/
Logger:2020-03-16 08:52:26.326819 https://lhabdjxqwzs.fang.com/
Logger:2020-03-16 08:52:26.638630 https://bayiyiyuan.fang.com/
Logger:2020-03-16 08:52:28.872432 https://rongshengxiangshuiwann.fang.com/
Logger:2020-03-16 08:52:29.184902 https://171660.fang.com/
Logger:2020-03-16 08:52:29.481664 https://qingfengyelinwann.fang.com/
Logger:2020-03-16 08:52:30.435123 https://mumianshanzhuangwannign.fang.com/
Logger:2020-03-16 08:52:30.668884 https://jianghaihui.fang.com/
Logger:2020-03-16 08:52:30.999376 https://yingbinhaian.fang.com/
Logger:2020-03-16 08:52:31.389858 https://jinhaijiuhao.fang.com/
Logger:2020-03-16 08:52:31.717418 https://haihuashengjingjb.fang.com/
Logger:2020-03-16 08:52:34.295543 https://lvshenghuayuanyb.fang.com/
Logger:2020-03-16 08:52:34.592143 https://shanquanhaiwanning.fang.com/
Logger:2020-03-16 08:52:34.872854 https://meilixihaianba.fang.com/
Logger:2020-03-16 08:52:35.216882 https://nanyangyinxiang.fang.com/
Logger:2020-03-16 08:52:35.529430 https://zhongyangguangchangyl.fang.com/
Logger:2020-03-16 08:52:35.841376 https://mengxiangyuanjh.fang.com/
Logger:2020-03-16 08:52:36.138180 https://shuianmingduhn.fang.com/
Logger:2020-03-16 08:52:39.497384 https://hn.newhouse.fang.com/house/s/b918/
Logger:2020-03-16 08:52:39.746706 https://hainanguojichuangyigang.fang.com/2/
Logger:2020-03-16 08:52:40.028200 https://hnbyw.fang.com/
Logger:2020-03-16 08:52:40.294108 https://hengyangdashadanzhou.fang.com/
Logger:2020-03-16 08:52:40.561432 https://xiandaiwenchangzhidu.fang.com/
Logger:2020-03-16 08:52:40.796314 https://shenghehuacheng0898.fang.com/
Logger:2020-03-16 08:52:41.061925 https://qiziwanqs.fang.com/
Logger:2020-03-16 08:52:42.027220 https://wanningbandoaguanhaiyuan.fang.com/
Logger:2020-03-16 08:52:45.733120 https://fenghuangchenghnms.fang.com/
Logger:2020-03-16 08:52:46.029403 https://lanseyadian0898.fang.com/
Logger:2020-03-16 08:52:47.169759 https://wanningwanzihuayuan.fang.com/
Logger:2020-03-16 08:52:47.420154 https://shuiyangrenjia.fang.com/
Logger:2020-03-16 08:52:47.732358 https://qingfengyelinwan.fang.com/
Logger:2020-03-16 08:52:47.982562 https://hulianwangjinrongdasha0898.fang.com/
Logger:2020-03-16 08:52:48.872481 https://danzhou.newhouse.fang.com/house/3014258086.htm
Logger:2020-03-16 08:52:51.168982 https://bandaomeilucx0898.fang.com/
Logger:2020-03-16 08:52:51.590633 https://wanchengchuntian.fang.com/
Logger:2020-03-16 08:52:51.903484 https://kaiyuanshengjingzd.fang.com/
Logger:2020-03-16 08:52:52.184244 https://wanning.newhouse.fang.com/house/3015258018.htm
Logger:2020-03-16 08:52:52.496669 https://chengzhonghuiwt.fang.com/
Logger:2020-03-16 08:52:52.746566 https://xiariguojishangyeguangchangdz.fang.com/
Logger:2020-03-16 08:52:56.388887 https://hn.newhouse.fang.com/house/s/b919/
Logger:2020-03-16 08:52:56.701807 https://ssgjgwzx.fang.com/shop/
Logger:2020-03-16 08:52:56.936358 https://tianjimingcheng.fang.com/
Logger:2020-03-16 08:52:57.263680 https://dingshangshizizuo.fang.com/
Logger:2020-03-16 08:52:57.497999 https://nbncpwlxchk.fang.com/
Logger:2020-03-16 08:52:57.732396 https://173992.fang.com/
Logger:2020-03-16 08:52:58.013600 https://shimeibandao.fang.com/
Logger:2020-03-16 08:52:58.310308 https://longxihaian0898.fang.com/
Logger:2020-03-16 08:52:58.685930 https://hongzhoujiangshan.fang.com/
Logger:2020-03-16 08:52:59.076447 https://hexiejiayuan0898.fang.com/
Logger:2020-03-16 08:52:59.356935 https://bihai.fang.com/villa/
Logger:2020-03-16 08:52:59.700606 https://zuanshihaian0898.fang.com/
Logger:2020-03-16 08:53:00.028805 https://senhaiwan.fang.com/
Logger:2020-03-16 08:53:00.325739 https://xihaiwan.fang.com/
Logger:2020-03-16 08:53:00.822796 https://xiangongguanyj.fang.com/
Logger:2020-03-16 08:53:01.156749 https://xiangshuiwan1hao0898.fang.com/villa/
Logger:2020-03-16 08:53:01.327851 https://haixiuhuayuan.fang.com/
Logger:2020-03-16 08:53:01.656502 https://rongchuangjiuyuan0898.fang.com/
Logger:2020-03-16 08:53:01.906598 https://huarunshimeiwann.fang.com/
Logger:2020-03-16 08:53:02.172005 https://guanlanhuguanshu.fang.com/
Logger:2020-03-16 08:53:02.453139 https://dahehuayuanlywq.fang.com/
Logger:2020-03-16 08:53:05.999049 https://hn.newhouse.fang.com/house/s/b920/
Logger:2020-03-16 08:53:06.295428 https://sjkcshypj.fang.com/5/
Logger:2020-03-16 08:53:06.639188 https://yifangjiayuan0898.fang.com/
Logger:2020-03-16 08:53:06.936485 https://haipengbilinwan0898.fang.com/
Logger:2020-03-16 08:53:07.248549 https://wanquanyinxiangsqmh.fang.com/
Logger:2020-03-16 08:53:07.545134 https://huajingyuanmd.fang.com/
Logger:2020-03-16 08:53:07.858232 https://tiancinanwan.fang.com/
Logger:2020-03-16 08:53:08.217395 https://nanbinhuating.fang.com/
Logger:2020-03-16 08:53:08.482411 https://guandiglh.fang.com/2/
Logger:2020-03-16 08:53:08.794876 https://pinghailinjianghuayuan.fang.com/
Logger:2020-03-16 08:53:09.091724 https://shanhaitiansanhaoln.fang.com/
Logger:2020-03-16 08:53:09.482630 https://171894.fang.com/
Logger:2020-03-16 08:53:09.794603 https://173774.fang.com/
Logger:2020-03-16 08:53:10.750294 https://wanning.newhouse.fang.com/house/3015258026.htm
Logger:2020-03-16 08:53:11.047061 https://xqwqdjjdgy.fang.com/
Logger:2020-03-16 08:53:11.328289 https://zhongmengyehaiguoji.fang.com/
Logger:2020-03-16 08:53:11.625711 https://haixincheng.fang.com/
Logger:2020-03-16 08:53:11.894011 https://xiangshuiwanzx.fang.com/
Logger:2020-03-16 08:53:12.264847 https://059668.fang.com/
Logger:2020-03-16 08:53:12.571196 https://lanhaiguojisj.fang.com/
Logger:2020-03-16 08:53:12.856197 https://jindihuafu0898.fang.com/
Logger:2020-03-16 08:53:16.631652 https://hn.newhouse.fang.com/house/s/b921/
Logger:2020-03-16 08:53:16.881594 https://zhongnanlinhaijian.fang.com/
Logger:2020-03-16 08:53:17.210385 https://lishuiwanfl.fang.com/
Logger:2020-03-16 08:53:17.522086 https://hupansixiangxiaozhensc.fang.com/
Logger:2020-03-16 08:53:17.943842 https://171584.fang.com/
Logger:2020-03-16 08:53:18.256945 https://jinlanwan0898hn.fang.com/
Logger:2020-03-16 08:53:18.818635 https://zhididongfangguangchang.fang.com/
Logger:2020-03-16 08:53:19.225175 https://zhongyanggongyuanhl0898.fang.com/
Logger:2020-03-16 08:53:19.553453 https://haidichuntian.fang.com/
Logger:2020-03-16 08:53:19.850069 https://banshanheyuan.fang.com/
Logger:2020-03-16 08:53:20.162342 https://shengshihuating0898.fang.com/
Logger:2020-03-16 08:53:20.506212 https://taiyangguwenquanchengxl.fang.com/
Logger:2020-03-16 08:53:20.881375 https://kongqueshanhncj.fang.com/
Logger:2020-03-16 08:53:21.177497 https://wanquanyurun0898.fang.com/
Logger:2020-03-16 08:53:21.521764 https://xiandaiwenyuan.fang.com/
Logger:2020-03-16 08:53:21.802719 https://qicailanwanjy.fang.com/
Logger:2020-03-16 08:53:22.146516 https://batiyazn20898.fang.com/
Logger:2020-03-16 08:53:22.443169 https://shuxinhuayuan0898.fang.com/
Logger:2020-03-16 08:53:22.724720 https://nanhaiyangguang.fang.com/
Logger:2020-03-16 08:53:23.036390 https://huafuhl.fang.com/
Logger:2020-03-16 08:53:23.333195 https://dzguyantian.fang.com/
Logger:2020-03-16 08:53:26.644914 https://hn.newhouse.fang.com/house/s/b922/
Logger:2020-03-16 08:53:26.926097 https://qinrengongshe.fang.com/
Logger:2020-03-16 08:53:27.238887 https://huanlechenghy.fang.com/
Logger:2020-03-16 08:53:27.504453 https://baoyuanhuayuan0898.fang.com/3/
Logger:2020-03-16 08:53:27.847796 https://zhuangyuanlidu.fang.com/
Logger:2020-03-16 08:53:28.129399 https://dzwaghaiguojiguangchang.fang.com/
Logger:2020-03-16 08:53:28.394973 https://shanhaitiantaishan7haoln.fang.com/
Logger:2020-03-16 08:53:28.738169 https://chengxixinghui.fang.com/
Logger:2020-03-16 08:53:29.019887 https://zhongyanggongyuaniiquglh.fang.com/
Logger:2020-03-16 08:53:29.316158 https://nandaokangchengds.fang.com/
Logger:2020-03-16 08:53:29.597396 https://jindianxincheng.fang.com/
Logger:2020-03-16 08:53:29.925468 https://jinyuewanjy.fang.com/
Logger:2020-03-16 08:53:30.222269 https://daguanqianshe.fang.com/
Logger:2020-03-16 08:53:30.518999 https://haihuadonganzs.fang.com/
Logger:2020-03-16 08:53:30.862667 https://yangshengguak.fang.com/
Logger:2020-03-16 08:53:31.159881 https://binhaichengys.fang.com/
Logger:2020-03-16 08:53:31.612616 https://meilingwanph.fang.com/
Logger:2020-03-16 08:53:33.643260 https://qiziwanxw.fang.com/
Logger:2020-03-16 08:53:33.982324 https://lanhaiwanhy0898.fang.com/
Logger:2020-03-16 08:53:34.294830 https://dzhaianmangu.fang.com/
Logger:2020-03-16 08:53:34.544733 https://xinglongyelinwanba.fang.com/
Logger:2020-03-16 08:53:37.795421 https://hn.newhouse.fang.com/house/s/b923/
Logger:2020-03-16 08:53:38.098849 https://binjiangmingyuanhn.fang.com/
Logger:2020-03-16 08:53:38.380765 https://xianghaichengtr.fang.com/
Logger:2020-03-16 08:53:38.685812 https://boyueyalongwan.fang.com/
Logger:2020-03-16 08:53:38.975486 https://xingfusenlinhy.fang.com/
Logger:2020-03-16 08:53:39.241784 https://luhudujiaquhn.fang.com/
Logger:2020-03-16 08:53:39.553473 https://nanyangmeilihuiln.fang.com/
Logger:2020-03-16 08:53:39.803723 https://meilinghu.fang.com/
Logger:2020-03-16 08:53:40.163243 https://zhujiangchengpin.fang.com/
Logger:2020-03-16 08:53:40.475179 https://hexinjingdianhuayuan.fang.com/
Logger:2020-03-16 08:53:40.788291 https://yuquanwan.fang.com/
Logger:2020-03-16 08:53:41.119798 https://jinlongwanhj.fang.com/
Logger:2020-03-16 08:53:41.494039 https://yangguangzijinhuayuan.fang.com/
Logger:2020-03-16 08:53:41.779521 https://shanshuimingchengwzs.fang.com/
Logger:2020-03-16 08:53:42.076646 https://meishuhujl.fang.com/2/
Logger:2020-03-16 08:53:42.436098 https://shanhailixiang.fang.com/
Logger:2020-03-16 08:53:42.701099 https://yulanwangs.fang.com/
Logger:2020-03-16 08:53:42.967340 https://qinglanmingdu.fang.com/
Logger:2020-03-16 08:53:43.279088 https://jintainanyanwan1.fang.com/
Logger:2020-03-16 08:53:43.513757 https://haijingwanhj.fang.com/
Logger:2020-03-16 08:53:43.829328 https://fulihn.fang.com/
Logger:2020-03-16 08:53:47.347884 https://hn.newhouse.fang.com/house/s/b924/
Logger:2020-03-16 08:53:49.534348 https://wanning.newhouse.fang.com/house/3015258004.htm
Logger:2020-03-16 08:53:49.784324 https://shuijinglvdao.fang.com/2/
Logger:2020-03-16 08:53:50.065472 https://yazhoufengqingguangchangba.fang.com/
Logger:2020-03-16 08:53:50.354916 https://yinwantianlu.fang.com/
Logger:2020-03-16 08:53:50.662706 https://huatianmeidi.fang.com/
Logger:2020-03-16 08:53:50.928152 https://dzhaiangongguan.fang.com/
Logger:2020-03-16 08:53:51.194388 https://binjiangyipin0898.fang.com/
Logger:2020-03-16 08:53:51.474851 https://wnygxy.fang.com/
Logger:2020-03-16 08:53:51.787319 https://bihaimengyuan.fang.com/
Logger:2020-03-16 08:53:52.100330 https://hnjingyiyuan.fang.com/
Logger:2020-03-16 08:53:52.396510 https://yihewanxj.fang.com/
Logger:2020-03-16 08:53:52.725006 https://yanglifangwy.fang.com/
Logger:2020-03-16 08:53:53.036983 https://lanyangwenquandahehuayuan.fang.com/
Logger:2020-03-16 08:53:53.333868 https://dongaoxidi.fang.com/
Logger:2020-03-16 08:53:53.583729 https://tianhubandao.fang.com/
Logger:2020-03-16 08:53:53.893830 https://shengshihuangguan.fang.com/
Logger:2020-03-16 08:53:54.237208 https://fulincheng0898.fang.com/
Logger:2020-03-16 08:53:55.111877 https://dzlianhechengshihuayuan.fang.com/
Logger:2020-03-16 08:53:55.330693 https://guanlanhudi.fang.com/
Logger:2020-03-16 08:53:55.616067 https://wenbogongguan.fang.com/
Logger:2020-03-16 08:53:59.148468 https://hn.newhouse.fang.com/house/s/b925/
Logger:2020-03-16 08:54:02.437958 https://luyejingdian.fang.com/
Logger:2020-03-16 08:54:02.717086 https://huaqiaoxingchengbld.fang.com/
Logger:2020-03-16 08:54:03.060075 https://zhongnanbatiya.fang.com/
Logger:2020-03-16 08:54:03.887953 https://danzhou.newhouse.fang.com/house/3014258090.htm
Logger:2020-03-16 08:54:04.153514 https://yikangshanshuizgct.fang.com/
Logger:2020-03-16 08:54:04.731513 https://rongdezhuangyuan.fang.com/
Logger:2020-03-16 08:54:05.090793 https://174002.fang.com/
Logger:2020-03-16 08:54:05.341329 https://1738020898.fang.com/
Logger:2020-03-16 08:54:05.638030 https://feicuihuayuan1.fang.com/
Logger:2020-03-16 08:54:05.856237 https://yibohuayuan0898.fang.com/
Logger:2020-03-16 08:54:06.168745 https://wanning.newhouse.fang.com/house/3015258020.htm
Logger:2020-03-16 08:54:06.434593 https://yujinglongting.fang.com/
Logger:2020-03-16 08:54:06.746651 https://shidaiguangchangds2.fang.com/
Logger:2020-03-16 08:54:07.106494 https://wnwanxiangwenquanjiayuan.fang.com/
Logger:2020-03-16 08:54:07.387125 https://bandaohaitian.fang.com/
Logger:2020-03-16 08:54:07.621831 https://dzwenquankangjun.fang.com/
Logger:2020-03-16 08:54:07.902671 https://guanlanwan0898.fang.com/
Logger:2020-03-16 08:54:09.402732 https://wanninghaihangxinagshuwan.fang.com/
Logger:2020-03-16 08:54:10.230204 https://wanninglongxigu.fang.com/
Logger:2020-03-16 08:54:10.449638 https://xinshidaiguangchanghk.fang.com/
Logger:2020-03-16 08:54:13.902799 https://hn.newhouse.fang.com/house/s/b926/
Logger:2020-03-16 08:54:14.152856 https://taoyuanhf.fang.com/
Logger:2020-03-16 08:54:15.121456 https://wanningshijitaoyuan.fang.com/
Logger:2020-03-16 08:54:16.401764 https://wannignlongqiyuanzhongyuan.fang.com/
Logger:2020-03-16 08:54:17.350005 https://guiruihupanhuayuan.fang.com/
Logger:2020-03-16 08:54:17.600168 https://xiandaidasha5a.fang.com/office/
Logger:2020-03-16 08:54:17.865395 https://xianggeliyp0898.fang.com/
Logger:2020-03-16 08:54:19.224059 https://xinglongfengqingjie.fang.com/
Logger:2020-03-16 08:54:19.474733 https://bandaoyihao1.fang.com/
Logger:2020-03-16 08:54:19.693086 https://zhengguangguanhai.fang.com/
Logger:2020-03-16 08:54:19.974019 https://houhaiyinfan.fang.com/
Logger:2020-03-16 08:54:20.240014 https://chengshiguangchangqq0898.fang.com/
Logger:2020-03-16 08:54:20.505173 https://guojishangyeguangchangdzxr.fang.com/
Logger:2020-03-16 08:54:20.857149 https://hainanxibujiajubolanzhongxin.fang.com/
Logger:2020-03-16 08:54:21.091852 https://binhaichengbang.fang.com/
Logger:2020-03-16 08:54:21.435430 https://173678.fang.com/
Logger:2020-03-16 08:54:21.700780 https://xymgjjcjjppzxddss.fang.com/
Logger:2020-03-16 08:54:24.606139 https://wnyangshneghuayuan.fang.com/
Logger:2020-03-16 08:54:24.856562 https://174012.fang.com/
Logger:2020-03-16 08:54:25.168587 https://dfyangguanghaian.fang.com/
Logger:2020-03-16 08:54:25.449453 https://longkunyuecheng.fang.com/
Logger:2020-03-16 08:54:29.000442 https://hn.newhouse.fang.com/house/s/b927/
Logger:2020-03-16 08:54:29.266081 https://bihailantianhk.fang.com/
Logger:2020-03-16 08:54:29.578479 https://sijikangcheng0898.fang.com/
Logger:2020-03-16 08:54:29.922101 https://zhiqingchunwy.fang.com/
Logger:2020-03-16 08:54:30.187663 https://houhaikou.fang.com/
Logger:2020-03-16 08:54:30.421982 https://jinjiangjinwaitan.fang.com/
Logger:2020-03-16 08:54:30.810615 https://wanwanquangt0898.fang.com/
Logger:2020-03-16 08:54:34.747904 https://hn.newhouse.fang.com/house/s/b928/
Logger:2020-03-16 08:54:38.278937 https://hn.newhouse.fang.com/house/s/b929/
Logger:2020-03-16 08:54:41.668983 https://hn.newhouse.fang.com/house/s/b930/
