Logger:2020-03-16 10:22:29.886162 https://hnxa.newhouse.fang.com/house/s/b91/
Logger:2020-03-16 10:22:30.185078 https://xiushuichengbangsj.fang.com/
Logger:2020-03-16 10:22:30.445369 https://xinanyufuhuayuan.fang.com/
Logger:2020-03-16 10:22:30.717177 https://xinanfuxihuayuan.fang.com/
Logger:2020-03-16 10:22:30.967629 https://xiangdiyajuxa.fang.com/
Logger:2020-03-16 10:22:31.287815 https://jindingmingyuanxa.fang.com/
Logger:2020-03-16 10:22:31.561795 https://xinanaidingbaohuayuan.fang.com/
Logger:2020-03-16 10:22:31.859985 https://xaxcgj.fang.com/
Logger:2020-03-16 10:22:32.161659 https://wanchuangshijiecheng.fang.com/
Logger:2020-03-16 10:22:45.439837 https://xiandaisenlinguojicheng.fang.com/
Logger:2020-03-16 10:22:45.777873 https://qilihepanxinan.fang.com/
Logger:2020-03-16 10:22:46.099025 https://xajygy.fang.com/
Logger:2020-03-16 10:22:46.505520 https://kangchengshierdaoxa.fang.com/
Logger:2020-03-16 10:22:46.757573 https://hnxa.newhouse.fang.com/house/2538793221.htm
Logger:2020-03-16 10:22:48.085097 https://hnxa.newhouse.fang.com/house/2538793257.htm
Logger:2020-03-16 10:22:53.589776 https://hnxa.newhouse.fang.com/house/2538793231.htm
Logger:2020-03-16 10:22:53.874206 https://hengbangguiyuanxinan.fang.com/
Logger:2020-03-16 10:22:54.150984 https://shengshiyinxiang.fang.com/
Logger:2020-03-16 10:22:54.434548 https://hnxa.newhouse.fang.com/house/2538793245.htm
Logger:2020-03-16 10:22:54.766443 https://xinanshengshiheyuan.fang.com/
Logger:2020-03-16 10:22:55.070619 https://wanchuanggongyuanchengbang.fang.com/
Logger:2020-03-16 10:22:58.680161 https://hnxa.newhouse.fang.com/house/s/b92/
Logger:2020-03-16 10:22:58.958563 https://hnxa.newhouse.fang.com/house/2538793259.htm
Logger:2020-03-16 10:22:59.225671 https://jingyuemingmen.fang.com/
Logger:2020-03-16 10:22:59.486603 https://junkaihuafu.fang.com/
Logger:2020-03-16 10:22:59.750544 https://xuandexiangshangongguan.fang.com/
Logger:2020-03-16 10:23:00.121964 https://jintaishijiyangguang.fang.com/
Logger:2020-03-16 10:23:03.736705 https://hnxa.newhouse.fang.com/house/s/b93/
Logger:2020-03-16 10:23:07.205720 https://hnxa.newhouse.fang.com/house/s/b94/
Logger:2020-03-16 10:23:11.290688 https://hnxa.newhouse.fang.com/house/s/b95/
