Logger:2020-03-16 10:23:15.888868 https://hnyy.newhouse.fang.com/house/s/b91/
Logger:2020-03-16 10:23:18.139157 https://wenxingshuishang0379.fang.com/
Logger:2020-03-16 10:23:18.521038 https://junhewanyy.fang.com/
Logger:2020-03-16 10:23:18.848616 https://shiyuefujy.fang.com/
Logger:2020-03-16 10:23:19.105129 https://bojinwanzh.fang.com/
Logger:2020-03-16 10:23:19.444413 https://luoyangtaohuayuanlc.fang.com/
Logger:2020-03-16 10:23:19.778136 https://shanshuiwenyuanzhd.fang.com/
Logger:2020-03-16 10:23:20.080085 https://meiluwanbt.fang.com/
Logger:2020-03-16 10:23:20.375795 https://yongjingwanzj0379.fang.com/
Logger:2020-03-16 10:23:20.668155 https://biguiyanyy.fang.com/
Logger:2020-03-16 10:23:21.008933 https://rongjinglancui.fang.com/
Logger:2020-03-16 10:23:21.313006 https://senlinbandaoyyjy.fang.com/
Logger:2020-03-16 10:23:21.614294 https://dahefu.fang.com/
Logger:2020-03-16 10:23:21.947148 https://binheyouyichenglj.fang.com/
Logger:2020-03-16 10:23:22.233899 https://yyshuijingcheng.fang.com/
Logger:2020-03-16 10:23:22.831054 https://xiangshanhuau.fang.com/
Logger:2020-03-16 10:23:23.086766 https://yyyuhengguoji.fang.com/
Logger:2020-03-16 10:23:23.387374 https://yyshanshuifudi.fang.com/
Logger:2020-03-16 10:23:23.735157 https://yyfubangguoji.fang.com/
Logger:2020-03-16 10:23:23.989704 https://tangliyuan.fang.com/
Logger:2020-03-16 10:23:24.287664 https://huaxidumz.fang.com/
Logger:2020-03-16 10:23:27.831767 https://hnyy.newhouse.fang.com/house/s/b92/
Logger:2020-03-16 10:23:28.163947 https://shangpin1hao.fang.com/
Logger:2020-03-16 10:23:29.651210 https://yuhengqiaojun.fang.com/
Logger:2020-03-16 10:23:29.928277 https://yaweijicheng.fang.com/
Logger:2020-03-16 10:23:30.217910 https://shuianmingjia0379.fang.com/
Logger:2020-03-16 10:23:30.938113 https://yyyangguangcheng.fang.com/
Logger:2020-03-16 10:23:31.237015 https://meijinghongchang.fang.com/
Logger:2020-03-16 10:23:31.480989 https://yyjinjiangdasha.fang.com/
Logger:2020-03-16 10:23:31.796459 https://yyxuefumingdi.fang.com/
Logger:2020-03-16 10:23:32.130850 https://yuanjianshuian0379.fang.com/
Logger:2020-03-16 10:23:32.583762 https://ruiufuyuan.fang.com/
Logger:2020-03-16 10:23:32.848858 https://yyhexiehuayuan.fang.com/
Logger:2020-03-16 10:23:35.124027 https://yuyuange.fang.com/
Logger:2020-03-16 10:23:39.722690 https://jinhelvzhou.fang.com/
Logger:2020-03-16 10:23:39.960161 https://xinjimotianyipin.fang.com/
Logger:2020-03-16 10:23:44.607262 https://xiangdixiaoyuan.fang.com/
Logger:2020-03-16 10:23:44.897455 https://zuoanfu.fang.com/
Logger:2020-03-16 10:23:45.179643 https://longbojunhc.fang.com/
Logger:2020-03-16 10:23:46.860403 https://hnyy.newhouse.fang.com/house/2539793291.htm
Logger:2020-03-16 10:23:47.144231 https://0379jinlanwan.fang.com/
Logger:2020-03-16 10:23:47.603813 https://yaweijinzun.fang.com/
Logger:2020-03-16 10:23:51.106298 https://hnyy.newhouse.fang.com/house/s/b93/
Logger:2020-03-16 10:23:51.427174 https://xiangshanxinchengyh.fang.com/
Logger:2020-03-16 10:23:51.727790 https://xiangshanyihao.fang.com/
Logger:2020-03-16 10:23:56.928246 https://ruifengyuancyjd.fang.com/
Logger:2020-03-16 10:23:58.564757 https://longwanshengjing.fang.com/
Logger:2020-03-16 10:23:58.862345 https://ningtaijincheng0379.fang.com/
Logger:2020-03-16 10:23:59.134167 https://xiangshanglidu.fang.com/
Logger:2020-03-16 10:23:59.403584 https://meijingluyuan.fang.com/
Logger:2020-03-16 10:23:59.706449 https://tianrunfudi0379.fang.com/
Logger:2020-03-16 10:24:00.038370 https://xingyidasha.fang.com/
Logger:2020-03-16 10:24:02.321022 https://zhaohuashuijun.fang.com/
Logger:2020-03-16 10:24:02.719273 https://yyhuafangyuan.fang.com/
Logger:2020-03-16 10:24:03.053460 https://yyxiangtaihuayuan.fang.com/
Logger:2020-03-16 10:24:03.445209 https://yirengangwan.fang.com/
Logger:2020-03-16 10:24:03.972729 https://yuejingyaju.fang.com/
Logger:2020-03-16 10:24:04.255179 https://huafangyijing.fang.com/
Logger:2020-03-16 10:24:04.529885 https://yyjinqiaodasha.fang.com/
Logger:2020-03-16 10:24:05.095862 https://yiyuancuidiwan.fang.com/
Logger:2020-03-16 10:24:05.396491 https://yyshenganhuacheng.fang.com/
Logger:2020-03-16 10:24:05.668872 https://yyguomaodasha.fang.com/
Logger:2020-03-16 10:24:05.938564 https://hongtaishuianhuayuan.fang.com/
Logger:2020-03-16 10:24:09.364215 https://hnyy.newhouse.fang.com/house/s/b94/
Logger:2020-03-16 10:24:09.678025 https://yyjinruihuayuan.fang.com/
Logger:2020-03-16 10:24:09.997903 https://binhewanjiahuayuan.fang.com/
Logger:2020-03-16 10:24:10.250026 https://yyzhongjianghuayuan.fang.com/
Logger:2020-03-16 10:24:10.777740 https://yidongdiyidajie.fang.com/
Logger:2020-03-16 10:24:12.520073 https://yijianglongxiangcheng.fang.com/
Logger:2020-03-16 10:24:13.027847 https://yyxinduhuayuan.fang.com/
Logger:2020-03-16 10:24:13.537212 https://guangyingxiaoqu.fang.com/
Logger:2020-03-16 10:24:13.818364 https://jianrui.fang.com/
Logger:2020-03-16 10:24:14.090934 https://yyshuixiangjiayuan.fang.com/
Logger:2020-03-16 10:24:14.394270 https://wengehuaguoji.fang.com/
Logger:2020-03-16 10:24:15.456847 https://jinyexintiandi.fang.com/
Logger:2020-03-16 10:24:15.732901 https://yuanhongguoji.fang.com/
Logger:2020-03-16 10:24:16.026672 https://yyjinchengyuyuan.fang.com/
Logger:2020-03-16 10:24:16.326052 https://dinisihuanlecheng0379.fang.com/
Logger:2020-03-16 10:24:18.358435 https://binheshunanhuayu.fang.com/
Logger:2020-03-16 10:24:19.895927 https://hnyy.newhouse.fang.com/house/2539793289.htm
Logger:2020-03-16 10:24:20.146416 https://yyjinshuiwan.fang.com/
Logger:2020-03-16 10:24:25.604964 https://hslgbayjd.fang.com/
Logger:2020-03-16 10:24:25.905971 https://xiangshangcuiyuan.fang.com/
Logger:2020-03-16 10:24:26.505704 https://yyguohuayuan.fang.com/
Logger:2020-03-16 10:24:30.141553 https://hnyy.newhouse.fang.com/house/s/b95/
Logger:2020-03-16 10:24:30.376286 https://baijiashidaiguangchang.fang.com/
Logger:2020-03-16 10:24:30.903217 https://shijiguangchangshouzuo.fang.com/
Logger:2020-03-16 10:24:31.219939 https://yyyujianyuan.fang.com/
Logger:2020-03-16 10:24:31.788106 https://yyjinsuihuating.fang.com/
Logger:2020-03-16 10:24:32.083183 https://yylumingyuan.fang.com/
Logger:2020-03-16 10:24:35.611217 https://hnyy.newhouse.fang.com/house/s/b96/
Logger:2020-03-16 10:24:39.284764 https://hnyy.newhouse.fang.com/house/s/b97/
Logger:2020-03-16 10:24:42.989199 https://hnyy.newhouse.fang.com/house/s/b98/
