Logger:2020-03-16 10:10:46.640801 https://hnyz.newhouse.fang.com/house/s/b91/
Logger:2020-03-16 10:10:46.919408 https://hnyzyuhuwan.fang.com/
Logger:2020-03-16 10:10:47.229818 https://hnyzjinxiudongfang.fang.com/
Logger:2020-03-16 10:10:47.574937 https://hnyzhengdayangguangcheng.fang.com/
Logger:2020-03-16 10:10:48.151395 https://hnyzjingyulanwan.fang.com/
Logger:2020-03-16 10:10:48.480585 https://yuzhoushangdongguoji.fang.com/
Logger:2020-03-16 10:10:48.764017 https://hnyzshangzhaigongyuan.fang.com/
Logger:2020-03-16 10:10:50.598096 https://hnyzyinghegongguan.fang.com/
Logger:2020-03-16 10:10:50.895163 https://hnyzdiyuanyangguangguoji.fang.com/
Logger:2020-03-16 10:10:51.147257 https://hnyzwanfengbojinhangong.fang.com/
Logger:2020-03-16 10:10:51.449295 https://hnyzyiheyuan.fang.com/
Logger:2020-03-16 10:10:52.050767 https://hnyzshengdijinyuan.fang.com/
Logger:2020-03-16 10:10:52.334239 https://hnyzdongtengnanjun.fang.com/
Logger:2020-03-16 10:10:52.630713 https://shangpin1698.fang.com/
Logger:2020-03-16 10:10:52.915799 https://yuzhouyinghewan.fang.com/
Logger:2020-03-16 10:10:53.235679 https://yuzhouguifuhuayuan.fang.com/
Logger:2020-03-16 10:10:54.790142 https://runchengwenfuyuan.fang.com/
Logger:2020-03-16 10:10:55.061455 https://junyueshidaiguangchang.fang.com/
Logger:2020-03-16 10:10:55.337884 https://hengdalvzhouyuzhou.fang.com/
Logger:2020-03-16 10:10:57.787485 https://jianyechuntianli20374.fang.com/
Logger:2020-03-16 10:10:58.093664 https://hnyzpingshantaihegongguan.fang.com/
Logger:2020-03-16 10:11:02.547130 https://hnyz.newhouse.fang.com/house/s/b92/
Logger:2020-03-16 10:11:02.789990 https://hnyzyangguangmeiyuan.fang.com/
Logger:2020-03-16 10:11:03.071906 https://hnyzanlangongguan.fang.com/
Logger:2020-03-16 10:11:03.394673 https://hnyzyihaogongguan.fang.com/
Logger:2020-03-16 10:11:03.675856 https://hnyzsijihuacheng.fang.com/
Logger:2020-03-16 10:11:03.957543 https://hnyzjinguihuayuan.fang.com/
Logger:2020-03-16 10:11:05.507244 https://yuzhouxuelinyayuan.fang.com/
Logger:2020-03-16 10:11:05.841721 https://hnyzchengshangcheng.fang.com/
Logger:2020-03-16 10:11:06.143889 https://yuzhouxiadudasha.fang.com/
Logger:2020-03-16 10:11:10.419622 https://yuzhouxuefuchutian.fang.com/
Logger:2020-03-16 10:11:10.988965 https://shuanglongqinghuayuan.fang.com/
Logger:2020-03-16 10:11:11.327951 https://yuzhouruiyuanxiaoqu.fang.com/
Logger:2020-03-16 10:11:11.629712 https://senyuanshengshigongguan.fang.com/
Logger:2020-03-16 10:11:11.895275 https://dongtengrenhejiayuan.fang.com/
Logger:2020-03-16 10:11:12.161585 https://hnyzziyuhuayuan.fang.com/
Logger:2020-03-16 10:11:12.483322 https://hnyzxihuchuntian.fang.com/
Logger:2020-03-16 10:11:12.763598 https://hnyzjingyuhuafu.fang.com/
Logger:2020-03-16 10:11:17.121068 https://hnyz.newhouse.fang.com/house/s/b93/
Logger:2020-03-16 10:11:21.014615 https://hnyz.newhouse.fang.com/house/s/b94/
Logger:2020-03-16 10:11:25.008779 https://hnyz.newhouse.fang.com/house/s/b95/
