Logger:2020-03-16 10:32:05.606336 https://hrb.newhouse.fang.com/house/s/b91/
Logger:2020-03-16 10:32:06.912061 https://xinfengyunzhu.fang.com/
Logger:2020-03-16 10:32:07.248798 https://baonengcheng0451.fang.com/
Logger:2020-03-16 10:32:07.613980 https://zhongyangguangchanghd0451.fang.com/
Logger:2020-03-16 10:32:08.133482 https://maoyueshanxs.fang.com/
Logger:2020-03-16 10:32:08.524445 https://xiyunfuhrzd.fang.com/
Logger:2020-03-16 10:32:08.865098 https://dongbeiyaguobochengld.fang.com/
Logger:2020-03-16 10:32:09.292486 https://wanxiangfuhrzd0451.fang.com/
Logger:2020-03-16 10:32:09.657590 https://fulicheng0451.fang.com/
Logger:2020-03-16 10:32:10.035888 https://shidaiguangchanghd.fang.com/
Logger:2020-03-16 10:32:10.484125 https://junhechenghx.fang.com/
Logger:2020-03-16 10:32:11.002811 https://hengdayufu0451.fang.com/
Logger:2020-03-16 10:32:11.368130 https://hengdajunting.fang.com/
Logger:2020-03-16 10:32:11.783061 https://ziyunfuhrzd.fang.com/
Logger:2020-03-16 10:32:12.064621 https://hengdayuefu0451.fang.com/
Logger:2020-03-16 10:32:12.509532 https://aidashengjin.fang.com/
Logger:2020-03-16 10:32:12.865863 https://zhongyaqianqi.fang.com/
Logger:2020-03-16 10:32:13.209676 https://xinshijilc.fang.com/
Logger:2020-03-16 10:32:13.588381 https://guojizhongxinhd.fang.com/
Logger:2020-03-16 10:32:13.937800 https://shimaofeicuigongguan.fang.com/
Logger:2020-03-16 10:32:14.270319 https://guocuiyuan.fang.com/
Logger:2020-03-16 10:32:18.047776 https://hrb.newhouse.fang.com/house/s/b92/
Logger:2020-03-16 10:32:18.412835 https://guocuiyuan.fang.com/
Logger:2020-03-16 10:32:18.775266 https://198029.fang.com/
Logger:2020-03-16 10:32:19.094654 https://baolitianyue0451.fang.com/
Logger:2020-03-16 10:32:19.440982 https://yijingdh.fang.com/
Logger:2020-03-16 10:32:19.855441 https://huanqiugangbyty.fang.com/
Logger:2020-03-16 10:32:21.327543 https://jiuhejuhl.fang.com/
Logger:2020-03-16 10:32:21.620303 https://beikenshanzs.fang.com/
Logger:2020-03-16 10:32:22.106730 https://zhonghaiheyuan.fang.com/
Logger:2020-03-16 10:32:22.471950 https://lanwanjiulihl.fang.com/
Logger:2020-03-16 10:32:22.819886 https://yuejingfuht0451.fang.com/
Logger:2020-03-16 10:32:23.197544 https://baoliguanlan0451.fang.com/3/
Logger:2020-03-16 10:32:26.418133 https://yueweilails.fang.com/
Logger:2020-03-16 10:32:26.773157 https://shiguanglihl.fang.com/
Logger:2020-03-16 10:32:27.101141 https://huarunzhidiyuefu.fang.com/
Logger:2020-03-16 10:32:27.496266 https://songjiangxinchengls.fang.com/
Logger:2020-03-16 10:32:27.958125 https://xingyu0451.fang.com/
Logger:2020-03-16 10:32:28.336648 https://shuiyunchangtanbl.fang.com/5/
Logger:2020-03-16 10:32:28.749684 https://huanyutianxiazh0451.fang.com/
Logger:2020-03-16 10:32:29.146659 https://jinruilincheng.fang.com/
Logger:2020-03-16 10:32:29.478446 https://jinseniuyuehh.fang.com/
Logger:2020-03-16 10:32:33.479169 https://hrb.newhouse.fang.com/house/s/b93/
Logger:2020-03-16 10:32:33.827448 https://lipuliguangchang.fang.com/
Logger:2020-03-16 10:32:34.160108 https://boyuegongguanls.fang.com/
Logger:2020-03-16 10:32:34.556014 https://zhonghaitianyu0451.fang.com/
Logger:2020-03-16 10:32:34.873625 https://shangheshu.fang.com/
Logger:2020-03-16 10:32:37.412986 https://fenghuangchengls0451.fang.com/
Logger:2020-03-16 10:32:37.772976 https://longxiyihao0451.fang.com/
Logger:2020-03-16 10:32:38.235699 https://dongqiaoguoji.fang.com/2/
Logger:2020-03-16 10:32:40.725719 https://xinsongyueshang.fang.com/
Logger:2020-03-16 10:32:52.810367 https://zhidigongguanhr0451.fang.com/
Logger:2020-03-16 10:32:53.014511 https://wenhualvyouchengwd0451.fang.com/
Logger:2020-03-16 10:32:53.523922 https://meiguiwanzhiyuan.fang.com/
Logger:2020-03-16 10:32:54.537417 https://zhongmengshoufu.fang.com/
Logger:2020-03-16 10:32:54.870594 https://guanlanyihaorc0451.fang.com/
Logger:2020-03-16 10:32:55.281970 https://kunlunyuhrzd.fang.com/
Logger:2020-03-16 10:32:55.692541 https://lafeixiaozhenbgy.fang.com/
Logger:2020-03-16 10:32:56.011336 https://sijiyinxiang.fang.com/
Logger:2020-03-16 10:32:56.398784 https://xiangdijiulild.fang.com/
Logger:2020-03-16 10:32:56.820898 https://aidayihao.fang.com/
Logger:2020-03-16 10:32:57.201209 https://rongchuangcheng0451.fang.com/
Logger:2020-03-16 10:32:57.592257 https://jindimingyue0451.fang.com/
Logger:2020-03-16 10:33:02.341044 https://hrb.newhouse.fang.com/house/s/b94/
Logger:2020-03-16 10:33:02.646821 https://wandaguangchanghn.fang.com/
Logger:2020-03-16 10:33:11.333877 https://aidazunyu.fang.com/
Logger:2020-03-16 10:33:11.716000 https://zijingmingdu.fang.com/
Logger:2020-03-16 10:33:12.090256 https://waitan1898.fang.com/
Logger:2020-03-16 10:33:12.553641 https://henglonghuafu0451.fang.com/
Logger:2020-03-16 10:33:12.934718 https://baolitianjun.fang.com/
Logger:2020-03-16 10:33:13.267281 https://jianrongsongjiangchenyuanrc.fang.com/
Logger:2020-03-16 10:33:13.599279 https://jiangwanxinchengfl.fang.com/
Logger:2020-03-16 10:33:14.206168 https://yuhuchenyuanrc0451.fang.com/
Logger:2020-03-16 10:33:14.554230 https://rongchuangyuyuan0451.fang.com/
Logger:2020-03-16 10:33:14.883830 https://heyuefu0451.fang.com/
Logger:2020-03-16 10:33:15.219297 https://jinsebailinhh.fang.com/
Logger:2020-03-16 10:33:15.659741 https://gongyuandadaotngwk.fang.com/
Logger:2020-03-16 10:33:15.978174 https://xinlihaideyihaold.fang.com/
Logger:2020-03-16 10:33:16.295056 https://fengxihubc.fang.com/
Logger:2020-03-16 10:33:16.652973 https://aidajingpin.fang.com/
Logger:2020-03-16 10:33:17.057394 https://tianyilanwanby.fang.com/
Logger:2020-03-16 10:33:17.421972 https://darenyinxiangchenyuanrc.fang.com/
Logger:2020-03-16 10:33:21.676675 https://binjiangdaduhuiwk.fang.com/
Logger:2020-03-16 10:33:22.069812 https://huayaolongwan.fang.com/
Logger:2020-03-16 10:33:26.035800 https://hrb.newhouse.fang.com/house/s/b95/
Logger:2020-03-16 10:33:27.336527 https://huananchenghrb.fang.com/
Logger:2020-03-16 10:33:27.653021 https://gongyuantianxia0451.fang.com/
Logger:2020-03-16 10:33:28.016282 https://kunlunyuhrzd.fang.com/2/
Logger:2020-03-16 10:33:28.350996 https://jiusongxiyue.fang.com/
Logger:2020-03-16 10:33:28.685910 https://fulizhongxin0451.fang.com/
Logger:2020-03-16 10:33:29.015410 https://hengdachengac.fang.com/
Logger:2020-03-16 10:33:29.409791 https://zhuangyuanfu0451.fang.com/
Logger:2020-03-16 10:33:29.701081 https://ywzgxspcdbsc.fang.com/
Logger:2020-03-16 10:33:32.173361 https://kailiqichehuanleguangchang.fang.com/
Logger:2020-03-16 10:33:33.822201 https://huanqiujinmaochenghz.fang.com/
Logger:2020-03-16 10:33:34.801353 https://yuanchuangyuefu0451.fang.com/
Logger:2020-03-16 10:33:35.186129 https://haorenjia.fang.com/
Logger:2020-03-16 10:33:35.564693 https://tianchengxishutingyuan.fang.com/
Logger:2020-03-16 10:33:35.831424 https://shuimutianchenghj.fang.com/
Logger:2020-03-16 10:33:36.127254 https://huameishangchengbgy.fang.com/
Logger:2020-03-16 10:33:36.455078 https://puyuewanzy.fang.com/
Logger:2020-03-16 10:33:36.833879 https://xuefujingdian.fang.com/
Logger:2020-03-16 10:33:37.219251 https://shugongguan.fang.com/
Logger:2020-03-16 10:33:37.625196 https://hengxiangkongjian.fang.com/
Logger:2020-03-16 10:33:38.054286 https://jinrongganghh.fang.com/
Logger:2020-03-16 10:33:41.656673 https://hrb.newhouse.fang.com/house/s/b96/
Logger:2020-03-16 10:33:41.996612 https://yongancheng.fang.com/
Logger:2020-03-16 10:33:42.513173 https://fanersaishicheng.fang.com/
Logger:2020-03-16 10:33:42.859841 https://hengxiangrongfu.fang.com/
Logger:2020-03-16 10:33:43.254818 https://jinyuanhuafu0451.fang.com/
Logger:2020-03-16 10:33:45.110982 https://kailizhongxindasha.fang.com/
Logger:2020-03-16 10:33:45.416336 https://longyuejinshuiwan.fang.com/
Logger:2020-03-16 10:33:45.779541 https://ruiyuannanan.fang.com/
Logger:2020-03-16 10:33:50.617539 https://xingguangyaoguangchanghrb.fang.com/
Logger:2020-03-16 10:33:51.028008 https://wuzhouchenghz.fang.com/
Logger:2020-03-16 10:33:52.106022 https://longanmgw.fang.com/
Logger:2020-03-16 10:33:52.468190 https://weinisizhuangyuanhx0451.fang.com/
Logger:2020-03-16 10:33:52.996089 https://dongfangruijingjg.fang.com/
Logger:2020-03-16 10:33:53.403875 https://xijiangyueth.fang.com/
Logger:2020-03-16 10:33:53.833501 https://xiyatushuian.fang.com/
Logger:2020-03-16 10:33:54.231554 https://nantingyinxiang.fang.com/
Logger:2020-03-16 10:33:54.550466 https://guanlanju.fang.com/
Logger:2020-03-16 10:33:54.945632 https://aidajiuxi.fang.com/
Logger:2020-03-16 10:33:55.287006 https://xianglinmingyuan0451.fang.com/
Logger:2020-03-16 10:33:55.671916 https://cuihutiandihr.fang.com/
Logger:2020-03-16 10:33:56.217844 https://guanjiangguojisp.fang.com/
Logger:2020-03-16 10:33:59.970794 https://hrb.newhouse.fang.com/house/s/b97/
Logger:2020-03-16 10:34:00.273223 https://tuosikanadh.fang.com/
Logger:2020-03-16 10:34:00.710455 https://dongrunyujingjx.fang.com/
Logger:2020-03-16 10:34:06.772221 https://zhongyangguangchangld0451.fang.com/
Logger:2020-03-16 10:34:07.093570 https://lanyuedongfangzx.fang.com/
Logger:2020-03-16 10:34:07.442953 https://baolicheng0451.fang.com/
Logger:2020-03-16 10:34:07.842354 https://yipinyaju0451.fang.com/
Logger:2020-03-16 10:34:08.280389 https://jiujunksy.fang.com/
Logger:2020-03-16 10:34:08.725065 https://guanjiangshoufu.fang.com/
Logger:2020-03-16 10:34:09.092049 https://lixiangchengkt.fang.com/
Logger:2020-03-16 10:34:09.422410 https://qingbinhuayuan.fang.com/
Logger:2020-03-16 10:34:09.708638 https://jindinghuating.fang.com/
Logger:2020-03-16 10:34:10.075929 https://mengkeshanshuijian.fang.com/
Logger:2020-03-16 10:34:10.422417 https://yuhuyihao.fang.com/
Logger:2020-03-16 10:34:10.781446 https://jinyuanlancheng.fang.com/
Logger:2020-03-16 10:34:11.134027 https://jinjiangyueps.fang.com/
Logger:2020-03-16 10:34:11.554019 https://xiangwanqingcheng.fang.com/
Logger:2020-03-16 10:34:11.962931 https://shangcengfengjing.fang.com/
Logger:2020-03-16 10:34:12.311664 https://guanjiangguojiba.fang.com/
Logger:2020-03-16 10:34:12.673160 https://yuquangu.fang.com/
Logger:2020-03-16 10:34:13.069951 https://huishidai.fang.com/
Logger:2020-03-16 10:34:16.910239 https://hrb.newhouse.fang.com/house/s/b98/
Logger:2020-03-16 10:34:17.482948 https://kaishengyuanguangchang.fang.com/
Logger:2020-03-16 10:34:18.259165 https://hnwhkjcyyheb.fang.com/
Logger:2020-03-16 10:34:18.592438 https://huizhizhongxin0451.fang.com/
Logger:2020-03-16 10:34:18.924799 https://juzijunhj.fang.com/
Logger:2020-03-16 10:34:19.336882 https://huizhijindi.fang.com/
Logger:2020-03-16 10:34:19.636635 https://chengshizhiguangwk0451.fang.com/
Logger:2020-03-16 10:34:20.048619 https://xianyishu.fang.com/
Logger:2020-03-16 10:34:20.448159 https://huizhanchengshangcheng.fang.com/
Logger:2020-03-16 10:34:20.874817 https://guojihuadu0451.fang.com/
Logger:2020-03-16 10:34:21.269752 https://hananzhixing.fang.com/
Logger:2020-03-16 10:34:21.636453 https://dazhengzhenyuan.fang.com/
Logger:2020-03-16 10:34:21.968915 https://caizhigongguan0451.fang.com/
Logger:2020-03-16 10:34:22.301499 https://shidaiguangchanghh.fang.com/
Logger:2020-03-16 10:34:22.669197 https://jinrundasha0451.fang.com/
Logger:2020-03-16 10:34:23.025389 https://yueranzhencheng.fang.com/
Logger:2020-03-16 10:34:23.366202 https://xiangduchengrh.fang.com/
Logger:2020-03-16 10:34:23.699143 https://hbpzongbujidi.fang.com/
Logger:2020-03-16 10:34:28.843897 https://hongchenghaorenjiawuchang.fang.com/
Logger:2020-03-16 10:34:29.090259 https://huihuangchengsd.fang.com/
Logger:2020-03-16 10:34:29.469738 https://dongfangxintiandi0451.fang.com/
Logger:2020-03-16 10:34:33.135816 https://hrb.newhouse.fang.com/house/s/b99/
Logger:2020-03-16 10:34:33.436519 https://jinhewan0451.fang.com/
Logger:2020-03-16 10:34:33.750504 https://guanfuguoji.fang.com/
Logger:2020-03-16 10:34:34.113910 https://longfujiayuan30451.fang.com/
Logger:2020-03-16 10:34:38.529881 https://tianxiadaguanhl.fang.com/
Logger:2020-03-16 10:34:38.859426 https://guanggaochanyeyuanhrb.fang.com/villa/
Logger:2020-03-16 10:34:39.239443 https://renheyaju0451.fang.com/
Logger:2020-03-16 10:34:39.572280 https://furenju.fang.com/
Logger:2020-03-16 10:34:39.940722 https://shidimohoql.fang.com/
Logger:2020-03-16 10:34:40.314171 https://waiyucheng.fang.com/
Logger:2020-03-16 10:34:40.617472 https://hehongshanshuiyangguang.fang.com/
Logger:2020-03-16 10:34:40.919753 https://guojijinrongdasha0451.fang.com/
Logger:2020-03-16 10:34:52.263856 [erro]&&&https://gaoxinshoufu1.fang.com/
Logger:2020-03-16 10:34:52.388685 https://guanjiangguojiql.fang.com/
Logger:2020-03-16 10:34:52.719009 https://hengxiangyujing.fang.com/
Logger:2020-03-16 10:34:53.021593 https://jiangchengguoji0451.fang.com/
Logger:2020-03-16 10:34:53.400314 https://yuejiangshan.fang.com/
Logger:2020-03-16 10:34:53.828407 https://huanmaoshijia.fang.com/
Logger:2020-03-16 10:34:54.387472 https://xishuhegucn.fang.com/
Logger:2020-03-16 10:34:54.825039 https://wenquanyihao0451.fang.com/
Logger:2020-03-16 10:34:55.222122 https://qilinmingdi.fang.com/
Logger:2020-03-16 10:34:58.859248 https://hrb.newhouse.fang.com/house/s/b910/
Logger:2020-03-16 10:34:59.175855 https://nanjunhaoting.fang.com/
Logger:2020-03-16 10:34:59.586658 https://163323.fang.com/
Logger:2020-03-16 10:34:59.909993 https://198077.fang.com/
Logger:2020-03-16 10:35:00.204856 https://xianggangzhongxin.fang.com/
Logger:2020-03-16 10:35:00.505604 https://yuefangytc.fang.com/
Logger:2020-03-16 10:35:00.874965 https://huameitaiguguangchang.fang.com/
Logger:2020-03-16 10:35:01.191694 https://dongshengjiangjunsz.fang.com/
Logger:2020-03-16 10:35:01.490581 https://bhlxiaozhen.fang.com/
Logger:2020-03-16 10:35:01.791761 https://wenhuadijingsz.fang.com/
Logger:2020-03-16 10:35:02.218966 https://shangzhi.newhouse.fang.com/house/1927804581.htm
Logger:2020-03-16 10:35:02.536423 https://wuchang.newhouse.fang.com/house/1926803639.htm
Logger:2020-03-16 10:35:02.851913 https://jinghuishangye.fang.com/
Logger:2020-03-16 10:35:05.470172 https://binxian.newhouse.fang.com/house/1923791275.htm
Logger:2020-03-16 10:35:06.059026 https://0451junhezhuangyuan.fang.com/
Logger:2020-03-16 10:35:14.492526 https://junhezhuangyuan1.fang.com/
Logger:2020-03-16 10:35:14.763550 https://dingxiangjunhd.fang.com/
Logger:2020-03-16 10:35:15.127553 https://minjiangguojijx.fang.com/
Logger:2020-03-16 10:35:15.507983 https://baoyutianyilanshan.fang.com/
Logger:2020-03-16 10:35:15.792804 https://wuchangmeiguiwan.fang.com/
Logger:2020-03-16 10:35:16.049126 https://aoliweiyasz.fang.com/
Logger:2020-03-16 10:35:19.981121 https://hrb.newhouse.fang.com/house/s/b911/
Logger:2020-03-16 10:35:20.980231 https://binxian.newhouse.fang.com/house/1923791265.htm
Logger:2020-03-16 10:35:21.631578 https://wuchang.newhouse.fang.com/house/1926803647.htm
Logger:2020-03-16 10:35:22.837090 https://binxian.newhouse.fang.com/house/1923791269.htm
Logger:2020-03-16 10:35:23.373785 https://jintaihuating0451.fang.com/
Logger:2020-03-16 10:35:23.644062 https://0451zhuolinjiayuan.fang.com/
Logger:2020-03-16 10:35:23.974908 https://byhexiejiayuan.fang.com/
Logger:2020-03-16 10:35:25.722516 https://huataixiandaicheng.fang.com/
Logger:2020-03-16 10:35:25.959288 https://yangguangguojidasha0451.fang.com/
Logger:2020-03-16 10:35:29.685441 https://hrb.newhouse.fang.com/house/s/b912/
Logger:2020-03-16 10:35:33.125575 https://hrb.newhouse.fang.com/house/s/b913/
Logger:2020-03-16 10:35:36.587642 https://hrb.newhouse.fang.com/house/s/b914/
