Logger:2020-03-16 12:37:45.753812 https://hs.newhouse.fang.com/house/s/b91/
Logger:2020-03-16 12:37:46.080931 https://shidaiguangchang0318.fang.com/2/
Logger:2020-03-16 12:37:46.418041 https://lafeigongguanbl0318.fang.com/
Logger:2020-03-16 12:37:46.776036 https://lvchengchengyuan0318.fang.com/
Logger:2020-03-16 12:37:48.173340 https://ganlanlvzhou0318.fang.com/
Logger:2020-03-16 12:37:48.521365 https://hewanxiangsongzj.fang.com/
Logger:2020-03-16 12:37:48.924288 https://jiangnanguojihmc.fang.com/
Logger:2020-03-16 12:37:49.357455 https://taihuacheng0318.fang.com/
Logger:2020-03-16 12:37:49.723475 https://lijingfuyuanshangyuan.fang.com/
Logger:2020-03-16 12:37:50.117455 https://fengmingzhongxin.fang.com/
Logger:2020-03-16 12:37:50.473469 https://tianzhengyulongwan.fang.com/2/
Logger:2020-03-16 12:37:50.900402 https://hepinglitz.fang.com/
Logger:2020-03-16 12:37:51.216481 https://shengshitaocheng.fang.com/
Logger:2020-03-16 12:37:51.555574 https://yujingwanhd0318.fang.com/
Logger:2020-03-16 12:37:51.960490 https://jiuhaoyuanbh.fang.com/
Logger:2020-03-16 12:37:52.274650 https://biguiyuanyuebeicheng.fang.com/
Logger:2020-03-16 12:37:52.578836 https://hangdacheng.fang.com/3/
Logger:2020-03-16 12:37:52.919957 https://hxaqhgjgc.fang.com/
Logger:2020-03-16 12:37:53.295918 https://kongquecheng0318.fang.com/
Logger:2020-03-16 12:37:53.607129 https://fuyanggongguan.fang.com/
Logger:2020-03-16 12:37:53.959177 https://lixiangchenghf.fang.com/
Logger:2020-03-16 12:37:57.284286 https://hs.newhouse.fang.com/house/s/b92/
Logger:2020-03-16 12:37:57.636308 https://lixiangchenghf.fang.com/
Logger:2020-03-16 12:37:57.982418 https://mingyuejiangnanlc0318.fang.com/
Logger:2020-03-16 12:37:58.429186 https://longxingyiju.fang.com/
Logger:2020-03-16 12:38:00.838740 https://fuliyuanshiting0318.fang.com/
Logger:2020-03-16 12:38:03.988353 https://zuoanxiangsongzj.fang.com/
Logger:2020-03-16 12:38:04.311486 https://fulihu.fang.com/
Logger:2020-03-16 12:38:04.594732 https://languangyongjinbandao0318.fang.com/
Logger:2020-03-16 12:38:05.739662 https://gongyuanyihao.fang.com/
Logger:2020-03-16 12:38:06.055784 https://rongjingyuanxhw.fang.com/
Logger:2020-03-16 12:38:06.395880 https://bdxcdqyf.fang.com/2/
Logger:2020-03-16 12:38:06.783865 https://wutongyuanth.fang.com/
Logger:2020-03-16 12:38:07.112957 https://hengdalvzhou0318.fang.com/
Logger:2020-03-16 12:38:07.485968 https://milanyinxiang0318.fang.com/
Logger:2020-03-16 12:38:07.838015 https://lishuiwanth.fang.com/
Logger:2020-03-16 12:38:08.269956 https://binhuguoji0318.fang.com/
Logger:2020-03-16 12:38:08.779529 https://zijinguangchang0318.fang.com/
Logger:2020-03-16 12:38:09.129603 https://yongjingwansm.fang.com/
Logger:2020-03-16 12:38:09.478670 https://tianzhenggongguan.fang.com/
Logger:2020-03-16 12:38:09.832687 https://jinxiuqiancheng0318.fang.com/
Logger:2020-03-16 12:38:10.151826 https://jiarunguoji.fang.com/
Logger:2020-03-16 12:38:13.950715 https://hs.newhouse.fang.com/house/s/b93/
Logger:2020-03-16 12:38:14.321710 https://haoheqinyuan.fang.com/
Logger:2020-03-16 12:38:14.679737 https://yuehuzhuangyuan.fang.com/
Logger:2020-03-16 12:38:14.999887 https://zaishuiyifang0318.fang.com/
Logger:2020-03-16 12:38:17.503206 https://tanxiangxiaozhenmm.fang.com/
Logger:2020-03-16 12:38:17.865193 https://feicuilanting.fang.com/
Logger:2020-03-16 12:38:18.277100 https://weilaichengthwy.fang.com/
Logger:2020-03-16 12:38:18.629185 https://huizhongyanyuan.fang.com/
Logger:2020-03-16 12:38:21.965266 https://yishuihuayuanty.fang.com/4/
Logger:2020-03-16 12:38:22.304348 https://lijinglanwanth.fang.com/
Logger:2020-03-16 12:38:22.642411 https://chengbomuma.fang.com/
Logger:2020-03-16 12:38:24.952269 https://xinkunjiayuan.fang.com/
Logger:2020-03-16 12:38:25.311272 https://dongzeyuan0318.fang.com/
Logger:2020-03-16 12:38:26.097213 https://chunfengshihaoyuan.fang.com/
Logger:2020-03-16 12:38:26.402353 https://lijingfuyuan.fang.com/3/
Logger:2020-03-16 12:38:26.756406 https://rybgyfcgg.fang.com/
Logger:2020-03-16 12:38:27.055638 https://fuyangjinyuan.fang.com/
Logger:2020-03-16 12:38:27.364815 https://guotaihuafu.fang.com/
Logger:2020-03-16 12:38:29.619746 https://zhongheyuyuan.fang.com/
Logger:2020-03-16 12:38:32.925901 https://yaqingyuanth.fang.com/
Logger:2020-03-16 12:38:33.239064 https://taihuazhizhenxuefu.fang.com/
Logger:2020-03-16 12:38:36.956156 https://hs.newhouse.fang.com/house/s/b94/
Logger:2020-03-16 12:38:37.263330 https://rythljfy.fang.com/
Logger:2020-03-16 12:38:37.629320 https://fuchengtaihualijinghuayuan.fang.com/
Logger:2020-03-16 12:38:37.921537 https://feiligongguanzn.fang.com/
Logger:2020-03-16 12:38:38.219740 https://jingxianlijingfuyuan.fang.com/2/
Logger:2020-03-16 12:38:38.493043 https://kunyuanjiupaihuayuan.fang.com/
Logger:2020-03-16 12:38:40.413913 https://beichensoho.fang.com/
Logger:2020-03-16 12:38:46.536542 https://xujingchength.fang.com/
Logger:2020-03-16 12:38:46.846708 https://yulongwan0318.fang.com/
Logger:2020-03-16 12:38:47.170819 https://yianjiayuan.fang.com/
Logger:2020-03-16 12:38:47.538811 https://lylcslfh.fang.com/
Logger:2020-03-16 12:38:47.887921 https://wenshahuayuan0318.fang.com/
Logger:2020-03-16 12:38:48.216042 https://fenghuangcheng0318.fang.com/
Logger:2020-03-16 12:38:48.535145 https://longyuandongjun.fang.com/
Logger:2020-03-16 12:38:48.908184 https://gongyuanshoufuhmc.fang.com/
Logger:2020-03-16 12:38:49.246242 https://dongfangtaiyangcheng0318.fang.com/
Logger:2020-03-16 12:38:49.553453 https://lanbowan0318.fang.com/
Logger:2020-03-16 12:38:51.207994 https://jinglangongguanzn.fang.com/
Logger:2020-03-16 12:38:51.507193 https://jihuwan.fang.com/
Logger:2020-03-16 12:38:51.788473 https://changanyihaoyuan.fang.com/
Logger:2020-03-16 12:38:52.131524 https://8haogongguan0318.fang.com/
Logger:2020-03-16 12:38:55.545433 https://hs.newhouse.fang.com/house/s/b95/
Logger:2020-03-16 12:38:55.928367 https://zhongchaoshangcheng.fang.com/
Logger:2020-03-16 12:38:56.292392 https://guangshafuxi.fang.com/
Logger:2020-03-16 12:38:56.610579 https://shijimingjun0318.fang.com/
Logger:2020-03-16 12:38:58.243174 https://xiaheyuanhl.fang.com/
Logger:2020-03-16 12:38:58.521429 https://zaoqiangxintiandi.fang.com/
Logger:2020-03-16 12:38:58.935322 https://shenzhoufucheng.fang.com/3/
Logger:2020-03-16 12:38:59.293369 https://xuefumingyuan0318.fang.com/
Logger:2020-03-16 12:38:59.615508 https://haidehuayuan0318.fang.com/
Logger:2020-03-16 12:38:59.937640 https://fudongshangcheng0318.fang.com/
Logger:2020-03-16 12:39:00.254793 https://delonghetianxia.fang.com/
Logger:2020-03-16 12:39:00.615860 https://guiheyuan0318.fang.com/
Logger:2020-03-16 12:39:02.519770 https://jinyushoufucf.fang.com/
Logger:2020-03-16 12:39:03.420369 https://taiheyingjun.fang.com/
Logger:2020-03-16 12:39:05.010115 https://bairuiting.fang.com/
Logger:2020-03-16 12:39:05.356146 https://hanlinfengjing.fang.com/
Logger:2020-03-16 12:39:06.925004 https://tianhuiheyuan.fang.com/
Logger:2020-03-16 12:39:07.295957 https://chengfujiayuan.fang.com/
Logger:2020-03-16 12:39:08.400052 https://jz.newhouse.fang.com/house/1349834229.htm
Logger:2020-03-16 12:39:08.685287 https://qiujingmingyuan.fang.com/
Logger:2020-03-16 12:39:08.984468 https://lidujinxiuhuafu.fang.com/
Logger:2020-03-16 12:39:12.733449 https://hs.newhouse.fang.com/house/s/b96/
Logger:2020-03-16 12:39:13.038594 https://liuzhonghuayuan.fang.com/
Logger:2020-03-16 12:39:13.389654 https://zhongtongyujingjiangshan.fang.com/
Logger:2020-03-16 12:39:13.697835 https://dongyuehuafu.fang.com/
Logger:2020-03-16 12:39:14.746026 https://shengshihuafu0318.fang.com/
Logger:2020-03-16 12:39:15.177871 https://dongfangmingzhu0318.fang.com/
Logger:2020-03-16 12:39:15.635655 https://kunlungongguan0318.fang.com/
Logger:2020-03-16 12:39:15.954792 https://hujingtaijc.fang.com/
Logger:2020-03-16 12:39:16.245017 https://datangmingyuan.fang.com/
Logger:2020-03-16 12:39:16.585106 https://yongyufengjing.fang.com/
Logger:2020-03-16 12:39:16.963095 https://xueyuanyihaowx.fang.com/
Logger:2020-03-16 12:39:17.276301 https://hengshuijinjie.fang.com/
Logger:2020-03-16 12:39:19.820452 https://guangshayayuan0318.fang.com/
Logger:2020-03-16 12:39:20.625322 https://feicuihuating0318.fang.com/
Logger:2020-03-16 12:39:21.028220 https://xinghewanhuayuan0318.fang.com/
Logger:2020-03-16 12:39:21.384269 https://dongtaihuafu0318.fang.com/
Logger:2020-03-16 12:39:23.258282 https://beidoushangjie.fang.com/
Logger:2020-03-16 12:39:23.612365 https://liyuanth.fang.com/
Logger:2020-03-16 12:39:23.955428 https://jinchengjiushu.fang.com/
Logger:2020-03-16 12:39:26.004921 https://dangdaiyuecheng.fang.com/
Logger:2020-03-16 12:39:26.318113 https://guobinyihaoyuan0318.fang.com/
Logger:2020-03-16 12:39:29.971339 https://hs.newhouse.fang.com/house/s/b97/
Logger:2020-03-16 12:39:30.275517 https://taihuaxuefu.fang.com/
Logger:2020-03-16 12:39:30.572732 https://jz.newhouse.fang.com/house/1349834205.htm
Logger:2020-03-16 12:39:31.867225 https://canglongfudi0318.fang.com/
Logger:2020-03-16 12:39:32.968316 https://haoheyujinyuan.fang.com/
Logger:2020-03-16 12:39:33.302385 https://kaiyuejiayuan.fang.com/
Logger:2020-03-16 12:39:33.608601 https://huimeixiandaicheng.fang.com/
Logger:2020-03-16 12:39:37.769435 https://deyuanshangdongqu.fang.com/
Logger:2020-03-16 12:39:38.108563 https://huayishangpin.fang.com/
Logger:2020-03-16 12:39:39.524740 https://hbsz.newhouse.fang.com/house/1348834289.htm
Logger:2020-03-16 12:39:39.825933 https://yuanshuth.fang.com/
Logger:2020-03-16 12:39:40.127127 https://yongyushengjing0318.fang.com/
Logger:2020-03-16 12:39:42.182628 https://shangdongyihao0318.fang.com/
Logger:2020-03-16 12:39:42.525711 https://haitangfuhs.fang.com/
Logger:2020-03-16 12:39:43.151038 https://jinxiuhuayuan0318.fang.com/
Logger:2020-03-16 12:39:44.170311 https://wenxuanhuayuanjuntang.fang.com/
Logger:2020-03-16 12:39:44.924296 https://xianyijingcheng.fang.com/
Logger:2020-03-16 12:39:45.296301 https://rongchuangdashajt.fang.com/
Logger:2020-03-16 12:39:47.210218 https://haoyuyipin.fang.com/
Logger:2020-03-16 12:39:49.178944 https://taihuaguangchangwq.fang.com/
Logger:2020-03-16 12:39:49.547926 https://chenxiyuan0318.fang.com/
Logger:2020-03-16 12:39:53.540245 https://hs.newhouse.fang.com/house/s/b98/
Logger:2020-03-16 12:39:53.971130 https://hsjdjcctz.fang.com/shop/
Logger:2020-03-16 12:39:54.271292 https://kangxinguoji.fang.com/
Logger:2020-03-16 12:39:55.124039 https://hbsz.newhouse.fang.com/house/1348834285.htm
Logger:2020-03-16 12:39:55.388301 https://hbsz.newhouse.fang.com/house/1348834279.htm
Logger:2020-03-16 12:39:55.634687 https://jinyuandashahs.fang.com/
Logger:2020-03-16 12:39:57.057835 https://jz.newhouse.fang.com/house/1349834209.htm
Logger:2020-03-16 12:39:57.408895 https://hefengxiangfulz.fang.com/
Logger:2020-03-16 12:39:57.721123 https://jz.newhouse.fang.com/house/1349834225.htm
Logger:2020-03-16 12:39:58.079140 https://zhongtianshoufu0318.fang.com/
Logger:2020-03-16 12:39:59.733713 https://zhiyuanguangchang.fang.com/
Logger:2020-03-16 12:40:01.227715 https://jz.newhouse.fang.com/house/1349834227.htm
Logger:2020-03-16 12:40:01.465110 https://shengshitaocheng.fang.com/shop/
Logger:2020-03-16 12:40:03.827724 https://hbsz.newhouse.fang.com/house/1348834283.htm
Logger:2020-03-16 12:40:04.161868 https://hengmaojinjie.fang.com/
Logger:2020-03-16 12:40:05.757561 https://hbsz.newhouse.fang.com/house/1348834287.htm
Logger:2020-03-16 12:40:06.053770 https://mengxiangzhongxin.fang.com/
Logger:2020-03-16 12:40:06.341009 https://fuyusygc.fang.com/
Logger:2020-03-16 12:40:07.142877 https://hbsz.newhouse.fang.com/house/1348834281.htm
Logger:2020-03-16 12:40:07.437069 https://beidoucaizhiguangchang.fang.com/
Logger:2020-03-16 12:40:11.433415 https://sijihuachengtz.fang.com/
Logger:2020-03-16 12:40:15.436706 https://hs.newhouse.fang.com/house/s/b99/
Logger:2020-03-16 12:40:15.662102 https://milanyangguang0318.fang.com/
Logger:2020-03-16 12:40:15.971270 https://jinxiudongcheng0318.fang.com/2/
Logger:2020-03-16 12:40:16.339291 https://bdxc8hgy.fang.com/
Logger:2020-03-16 12:40:16.658437 https://dushilvcheng.fang.com/
Logger:2020-03-16 12:40:17.008464 https://guchengjiayuan0318.fang.com/
Logger:2020-03-16 12:40:17.318634 https://dingshengguoji0318.fang.com/
Logger:2020-03-16 12:40:21.273101 https://hs.newhouse.fang.com/house/s/b910/
Logger:2020-03-16 12:40:25.092883 https://hs.newhouse.fang.com/house/s/b911/
Logger:2020-03-16 12:40:28.702214 https://hs.newhouse.fang.com/house/s/b912/
