Logger:2020-03-15 21:16:13.050978 https://huainan.newhouse.fang.com/house/s/b91/
Logger:2020-03-15 21:16:13.645364 https://lvzhouhd0554.fang.com/
Logger:2020-03-15 21:16:14.266485 https://yinglunlianbangjdd.fang.com/
Logger:2020-03-15 21:16:16.848517 https://shuxiangmingyuan.fang.com/
Logger:2020-03-15 21:16:17.469951 https://huaihexincheng.fang.com/
Logger:2020-03-15 21:16:18.008578 https://jdgjc.fang.com/
Logger:2020-03-15 21:16:19.179122 https://jinyuhuayuan0554.fang.com/
Logger:2020-03-15 21:16:19.715099 https://jinliszgc.fang.com/
Logger:2020-03-15 21:16:20.199733 https://txgjc.fang.com/
Logger:2020-03-15 21:16:23.288981 https://xintiandijd0554.fang.com/
Logger:2020-03-15 21:16:23.749335 https://dongchengguoji0554.fang.com/
Logger:2020-03-15 21:16:24.230444 https://yipinshannan.fang.com/
Logger:2020-03-15 21:16:24.866705 https://hagjc0554.fang.com/
Logger:2020-03-15 21:16:25.399077 https://zhgjgc0554.fang.com/
Logger:2020-03-15 21:16:25.924594 https://xiangxiehuaduhd.fang.com/
Logger:2020-03-15 21:16:28.332397 https://yuebanwanjd.fang.com/
Logger:2020-03-15 21:16:28.748325 https://yihaozhuangyuanzzx.fang.com/
Logger:2020-03-15 21:16:29.225973 https://xihuchuntian.fang.com/
Logger:2020-03-15 21:16:29.745653 https://shungenghuadu.fang.com/
Logger:2020-03-15 21:16:30.314201 https://shungengzhongdu.fang.com/
Logger:2020-03-15 21:16:32.918283 https://longhujidicheng.fang.com/
Logger:2020-03-15 21:16:37.845477 https://huainan.newhouse.fang.com/house/s/b92/
Logger:2020-03-15 21:16:38.315252 https://yagjc0554.fang.com/
Logger:2020-03-15 21:16:38.931654 https://xiyuan0554.fang.com/
Logger:2020-03-15 21:16:39.388479 https://quandashanshuilongcheng.fang.com/
Logger:2020-03-15 21:16:39.847207 https://quanshanhuwc.fang.com/
Logger:2020-03-15 21:16:40.315154 https://bihetingstxc.fang.com/
Logger:2020-03-15 21:16:42.642857 https://guanhumingju.fang.com/
Logger:2020-03-15 21:16:43.106916 https://huijinguangchang0554.fang.com/
Logger:2020-03-15 21:16:43.624534 https://jingrongshijia.fang.com/
Logger:2020-03-15 21:16:44.070364 https://zerunyuansf.fang.com/
Logger:2020-03-15 21:16:44.629390 https://bihaixincheng.fang.com/
Logger:2020-03-15 21:16:45.163280 https://zhonghuaguojicheng.fang.com/
Logger:2020-03-15 21:16:45.664894 https://shijiemingcheng.fang.com/
Logger:2020-03-15 21:16:46.105720 https://hxyj0554.fang.com/
Logger:2020-03-15 21:16:46.745214 https://shangzhengguangchang.fang.com/
Logger:2020-03-15 21:16:47.231022 https://wanxiangtianyu.fang.com/
Logger:2020-03-15 21:16:47.794016 https://zhgjgc.fang.com/
Logger:2020-03-15 21:16:48.278756 https://yagjc.fang.com/
Logger:2020-03-15 21:16:51.018347 https://shengdilvyuan.fang.com/
Logger:2020-03-15 21:16:53.044123 https://hancheng0554.fang.com/
Logger:2020-03-15 21:16:53.544380 https://xiangsongxiaozhen.fang.com/
Logger:2020-03-15 21:16:57.817020 https://huainan.newhouse.fang.com/house/s/b93/
Logger:2020-03-15 21:16:58.328794 https://taiwanchengyhmj.fang.com/
Logger:2020-03-15 21:16:58.804441 https://jingrunzhongyangcheng.fang.com/
Logger:2020-03-15 21:16:59.264280 https://guanghongchengguojishequ.fang.com/
Logger:2020-03-15 21:16:59.826706 https://zhuanshixingzuo2.fang.com/
Logger:2020-03-15 21:17:00.315560 https://zijinyayuan.fang.com/
Logger:2020-03-15 21:17:00.835135 https://yidaichengzg.fang.com/
Logger:2020-03-15 21:17:01.342793 https://zhongyangmeiyujd.fang.com/
Logger:2020-03-15 21:17:01.784725 https://wanshuchengyl.fang.com/
Logger:2020-03-15 21:17:02.400986 https://yujinghuayuan.fang.com/
Logger:2020-03-15 21:17:02.883736 https://jindiguojicheng.fang.com/
Logger:2020-03-15 21:17:03.394053 https://jinwanxiangdu.fang.com/
Logger:2020-03-15 21:17:06.015443 https://hubingongyuancheng.fang.com/
Logger:2020-03-15 21:17:06.559799 https://lingxiushannan.fang.com/
Logger:2020-03-15 21:17:08.815618 https://xichengxiyuan.fang.com/
Logger:2020-03-15 21:17:09.353152 https://lingxiushannan2.fang.com/
Logger:2020-03-15 21:17:09.826230 https://tuojiguangchang.fang.com/
Logger:2020-03-15 21:17:11.126831 https://jdybwsqryxc.fang.com/
Logger:2020-03-15 21:17:13.372424 https://jingyuelanting.fang.com/
Logger:2020-03-15 21:17:15.125031 https://wbwjjjcyl.fang.com/
Logger:2020-03-15 21:17:15.545888 https://donghuaxincheng.fang.com/
Logger:2020-03-15 21:17:19.416664 https://huainan.newhouse.fang.com/house/s/b94/
Logger:2020-03-15 21:17:19.925381 https://jiahemingcheng.fang.com/
Logger:2020-03-15 21:17:20.438970 https://wanguoguangchang0554.fang.com/
Logger:2020-03-15 21:17:20.927628 https://xyscgy.fang.com/
Logger:2020-03-15 21:17:21.392941 https://xiehejiayuan0554.fang.com/
Logger:2020-03-15 21:17:21.911625 https://wanyecheng0554.fang.com/
Logger:2020-03-15 21:17:22.391343 https://xinchenghuafu.fang.com/
Logger:2020-03-15 21:17:22.880047 https://ziyunfurc.fang.com/
Logger:2020-03-15 21:17:23.304506 https://guojiguangchangjc.fang.com/
Logger:2020-03-15 21:17:23.836049 https://lanshanhefu.fang.com/
Logger:2020-03-15 21:17:24.300819 https://yangguanglijing0554.fang.com/
Logger:2020-03-15 21:17:24.755645 https://taifumingdihn.fang.com/
Logger:2020-03-15 21:17:26.973921 https://hngjqpc.fang.com/
Logger:2020-03-15 21:17:27.580310 https://shangpinyinxiang.fang.com/
Logger:2020-03-15 21:17:31.204451 https://huainan.newhouse.fang.com/house/2112167502.htm
Logger:2020-03-15 21:17:31.712181 https://wangchengguangchang0554.fang.com/
Logger:2020-03-15 21:17:32.219791 https://jinyuliangyuan.fang.com/
Logger:2020-03-15 21:17:32.727471 https://hngjqcc.fang.com/
Logger:2020-03-15 21:17:33.277034 https://hqldxsyj.fang.com/
Logger:2020-03-15 21:17:37.170872 https://huainan.newhouse.fang.com/house/s/b95/
Logger:2020-03-15 21:17:40.874138 https://huainan.newhouse.fang.com/house/s/b96/
Logger:2020-03-15 21:17:44.755981 https://huainan.newhouse.fang.com/house/s/b97/
