Logger:2020-03-15 21:43:25.053703 https://huaibei.newhouse.fang.com/house/s/b91/
Logger:2020-03-15 21:43:25.329717 https://hhld21c0561.fang.com/
Logger:2020-03-15 21:43:25.750687 https://xintiandidc.fang.com/
Logger:2020-03-15 21:43:26.114709 https://hklczhmy.fang.com/
Logger:2020-03-15 21:43:26.488377 https://hdzgf.fang.com/
Logger:2020-03-15 21:43:26.928212 https://hbyhrj.fang.com/
Logger:2020-03-15 21:43:27.338199 https://bgyhjsd0561.fang.com/
Logger:2020-03-15 21:43:27.674300 https://hdyjw0561.fang.com/
Logger:2020-03-15 21:43:29.942403 https://fenghuangchenghb.fang.com/
Logger:2020-03-15 21:43:30.270493 https://biguiyuan0561.fang.com/
Logger:2020-03-15 21:43:30.753322 https://jsyghy0561.fang.com/
Logger:2020-03-15 21:43:31.063447 https://hengdazhongyanggongyuan0561.fang.com/
Logger:2020-03-15 21:43:31.420008 https://bgytx0561.fang.com/
Logger:2020-03-15 21:43:31.773063 https://yuxiguoji0561.fang.com/
Logger:2020-03-15 21:43:32.185994 https://wghcyhw.fang.com/
Logger:2020-03-15 21:43:32.543881 https://shunhejiayuan20561.fang.com/
Logger:2020-03-15 21:43:32.904345 https://jiulongfu0561.fang.com/
Logger:2020-03-15 21:43:33.275788 https://jindiyujing0561.fang.com/
Logger:2020-03-15 21:43:36.966122 https://rxjsy.fang.com/
Logger:2020-03-15 21:43:37.353074 https://shangchengguojigl0561.fang.com/
Logger:2020-03-15 21:43:37.721090 https://hengdayayuan0561.fang.com/
Logger:2020-03-15 21:43:41.084721 https://huaibei.newhouse.fang.com/house/s/b92/
Logger:2020-03-15 21:43:44.244528 https://lixiangcheng0561.fang.com/
Logger:2020-03-15 21:43:44.565244 https://shoufu0561.fang.com/
Logger:2020-03-15 21:43:44.896493 https://hanlinxuefu0561.fang.com/
Logger:2020-03-15 21:43:45.285449 https://hjylgj.fang.com/
Logger:2020-03-15 21:43:45.677398 https://shanshuiwenyuanhb.fang.com/
Logger:2020-03-15 21:43:46.043518 https://hbaimigongyu.fang.com/
Logger:2020-03-15 21:43:46.373647 https://caifuzhongxinab.fang.com/
Logger:2020-03-15 21:43:46.819453 https://rxsdzg.fang.com/
Logger:2020-03-15 21:43:47.287261 https://hslanshuyijing.fang.com/
Logger:2020-03-15 21:43:47.619811 https://yuxigongguan.fang.com/
Logger:2020-03-15 21:43:47.948597 https://shuianyishu.fang.com/
Logger:2020-03-15 21:43:48.266625 https://jpzgy.fang.com/
Logger:2020-03-15 21:43:48.683584 https://binhuxincheng2.fang.com/
Logger:2020-03-15 21:43:49.019698 https://jianlongfudi.fang.com/
Logger:2020-03-15 21:43:49.374722 https://kaixuanchengrj.fang.com/
Logger:2020-03-15 21:43:49.741334 https://jinguanziyuan.fang.com/
Logger:2020-03-15 21:43:50.223068 https://shiguangli0561.fang.com/
Logger:2020-03-15 21:43:50.557174 https://dushihuayuanhy.fang.com/
Logger:2020-03-15 21:43:51.803631 https://jinyuxiangyuan0561.fang.com/
Logger:2020-03-15 21:43:54.576889 https://huayiwenchuangkejiaocheng.fang.com/
Logger:2020-03-15 21:43:57.975530 https://huaibei.newhouse.fang.com/house/s/b93/
Logger:2020-03-15 21:43:58.307641 https://xinchengwyhf.fang.com/
Logger:2020-03-15 21:44:00.867623 https://glwtyy.fang.com/
Logger:2020-03-15 21:44:01.205215 https://huabanggongguan.fang.com/
Logger:2020-03-15 21:44:01.635114 https://hengdasoho.fang.com/
Logger:2020-03-15 21:44:02.014175 https://wuhaogongguan.fang.com/
Logger:2020-03-15 21:44:02.367734 https://lijingxinchengbs.fang.com/
Logger:2020-03-15 21:44:02.718336 https://yuxirongjing.fang.com/
Logger:2020-03-15 21:44:04.965175 https://shijihuating0561.fang.com/
Logger:2020-03-15 21:44:07.620180 https://siyugggc.fang.com/
Logger:2020-03-15 21:44:07.952292 https://donghugongguancx.fang.com/
Logger:2020-03-15 21:44:08.286397 https://anbanghongjun.fang.com/
Logger:2020-03-15 21:44:08.718242 https://znlwbhnc.fang.com/
Logger:2020-03-15 21:44:09.056338 https://huaxinguangchang0561.fang.com/
Logger:2020-03-15 21:44:11.924942 https://ggbfj2.fang.com/
Logger:2020-03-15 21:44:12.241096 https://flxcf.fang.com/
Logger:2020-03-15 21:44:12.642024 https://guojinhuafu0561.fang.com/
Logger:2020-03-15 21:44:13.041693 https://sdjsw.fang.com/
Logger:2020-03-15 21:44:13.415915 https://chtyl.fang.com/
Logger:2020-03-15 21:44:13.748566 https://huaihaiyufu.fang.com/
Logger:2020-03-15 21:44:14.137917 https://wghcxhl.fang.com/
Logger:2020-03-15 21:44:17.871490 https://huaibei.newhouse.fang.com/house/s/b94/
Logger:2020-03-15 21:44:18.331550 https://yongliguangchang0561.fang.com/
Logger:2020-03-15 21:44:18.666614 https://fcd1.fang.com/
Logger:2020-03-15 21:44:19.064550 https://yuxiyayuan0561.fang.com/
Logger:2020-03-15 21:44:19.400180 https://hengmaoshijia.fang.com/
Logger:2020-03-15 21:44:19.867148 https://hbysjy.fang.com/
Logger:2020-03-15 21:44:20.207095 https://dongfangjiayuan0561.fang.com/
Logger:2020-03-15 21:44:20.618994 https://luomagongguan.fang.com/
Logger:2020-03-15 21:44:20.949152 https://jiuhuaxuefu0561.fang.com/
Logger:2020-03-15 21:44:21.276854 https://yckkjxz.fang.com/
Logger:2020-03-15 21:44:21.619976 https://huaihaihanfu.fang.com/
Logger:2020-03-15 21:44:22.087779 https://hbggbfj.fang.com/
Logger:2020-03-15 21:44:22.417895 https://hbdizhihuayuan.fang.com/
Logger:2020-03-15 21:44:22.747015 https://hbncppfsc.fang.com/
Logger:2020-03-15 21:44:23.073016 https://dctyc.fang.com/
Logger:2020-03-15 21:44:26.713067 https://huaibei.newhouse.fang.com/house/s/b95/
Logger:2020-03-15 21:44:30.414562 https://huaibei.newhouse.fang.com/house/s/b96/
Logger:2020-03-15 21:44:34.166300 https://huaibei.newhouse.fang.com/house/s/b97/
