Logger:2020-03-16 11:55:59.031646 https://huaihua.newhouse.fang.com/house/s/b91/
Logger:2020-03-16 11:56:00.941573 https://wanquanwantr.fang.com/
Logger:2020-03-16 11:56:01.253701 https://jhhxf.fang.com/
Logger:2020-03-16 11:56:01.547915 https://jwxxjc.fang.com/
Logger:2020-03-16 11:56:01.907951 https://shengshihuadu0745.fang.com/
Logger:2020-03-16 11:56:02.216127 https://jinshihuayuan0745.fang.com/
Logger:2020-03-16 11:56:02.522308 https://bubugaozhonghuanguangchang.fang.com/
Logger:2020-03-16 11:56:02.842452 https://jundaxicheng.fang.com/
Logger:2020-03-16 11:56:03.133701 https://zhongyangguangchanghd0745.fang.com/
Logger:2020-03-16 11:56:03.426887 https://dfmdylc.fang.com/
Logger:2020-03-16 11:56:03.699159 https://xpbgy.fang.com/
Logger:2020-03-16 11:56:04.041244 https://wutongli0745.fang.com/
Logger:2020-03-16 11:56:04.352412 https://yuyuan0745.fang.com/
Logger:2020-03-16 11:56:04.646626 https://yunjianjiayuan.fang.com/
Logger:2020-03-16 11:56:04.929869 https://kairuimingmen.fang.com/
Logger:2020-03-16 11:56:05.265968 https://chengxinyuyuan.fang.com/
Logger:2020-03-16 11:56:05.556192 https://huayuanwanjiangfu.fang.com/
Logger:2020-03-16 11:56:05.840431 https://biguiyuanhh.fang.com/
Logger:2020-03-16 11:56:06.131652 https://shilijiangwan1.fang.com/
Logger:2020-03-16 11:56:06.418885 https://sshdwlc.fang.com/
Logger:2020-03-16 11:56:06.699172 https://jxwxsygc.fang.com/
Logger:2020-03-16 11:56:09.983389 https://huaihua.newhouse.fang.com/house/s/b92/
Logger:2020-03-16 11:56:11.245978 https://yueluqingcheng.fang.com/
Logger:2020-03-16 11:56:11.516291 https://wuyanghongdu.fang.com/
Logger:2020-03-16 11:56:11.836391 https://caifuguangchangby.fang.com/
Logger:2020-03-16 11:56:12.273222 https://hhbgyxf1h.fang.com/
Logger:2020-03-16 11:56:12.562467 https://hezhoufubgy.fang.com/
Logger:2020-03-16 11:56:14.628922 https://tianxiachenghs.fang.com/
Logger:2020-03-16 11:56:17.191066 https://yinxiangkangqiao0745.fang.com/
Logger:2020-03-16 11:56:17.418487 https://zhongguoyiwuxiaoshangpincheng.fang.com/
Logger:2020-03-16 11:56:17.720650 https://aohaigongyuan2.fang.com/
Logger:2020-03-16 11:56:23.155194 https://tianxinghuafu.fang.com/
Logger:2020-03-16 11:56:23.400456 https://dahanlongcheng2.fang.com/
Logger:2020-03-16 11:56:23.728577 https://xiangshuwan0745.fang.com/
Logger:2020-03-16 11:56:26.992845 https://jinkouan.fang.com/
Logger:2020-03-16 11:56:29.513103 https://llslmy.fang.com/
Logger:2020-03-16 11:56:29.775401 https://gongyuanfu.fang.com/
Logger:2020-03-16 11:56:30.053697 https://gongyuanyangzhu.fang.com/
Logger:2020-03-16 11:56:30.330914 https://njxgx.fang.com/
Logger:2020-03-16 11:56:30.589223 https://hjbgy0745.fang.com/
Logger:2020-03-16 11:56:30.843544 https://ahzdf.fang.com/
Logger:2020-03-16 11:56:31.244549 https://hongrunhuafu0745.fang.com/
Logger:2020-03-16 11:56:34.484863 https://huaihua.newhouse.fang.com/house/s/b93/
Logger:2020-03-16 11:56:34.750136 https://hezhouyinxiang.fang.com/
Logger:2020-03-16 11:56:35.031384 https://jwxxrc.fang.com/
Logger:2020-03-16 11:56:35.310668 https://yunximingdu.fang.com/
Logger:2020-03-16 11:56:35.620807 https://junyuefu0745.fang.com/
Logger:2020-03-16 11:56:35.884059 https://wyspxc.fang.com/
Logger:2020-03-16 11:56:36.165349 https://tianchengyuanzi.fang.com/
Logger:2020-03-16 11:56:36.437579 https://zwgjgg.fang.com/
Logger:2020-03-16 11:56:36.737776 https://dafudi.fang.com/
Logger:2020-03-16 11:56:37.026035 https://huayuan0745.fang.com/
Logger:2020-03-16 11:56:40.462830 https://jinxiujiayuan0745.fang.com/
Logger:2020-03-16 11:56:40.714138 https://bjshy0745.fang.com/
Logger:2020-03-16 11:56:41.057220 https://shifumingdi.fang.com/
Logger:2020-03-16 11:56:42.520349 https://taipingshengshi0745.fang.com/
Logger:2020-03-16 11:56:42.764691 https://jdqyf.fang.com/
Logger:2020-03-16 11:56:43.037964 https://zfbgy.fang.com/
Logger:2020-03-16 11:56:43.352082 https://aoyuanguangchang0745.fang.com/
Logger:2020-03-16 11:56:46.473731 https://xinzuobiao0745.fang.com/
Logger:2020-03-16 11:56:46.726056 https://csxgdd.fang.com/
Logger:2020-03-16 11:56:46.967450 https://wtbjgc.fang.com/
Logger:2020-03-16 11:56:47.255639 https://hhhmlj.fang.com/
Logger:2020-03-16 11:56:51.050525 https://huaihua.newhouse.fang.com/house/s/b94/
Logger:2020-03-16 11:56:51.307836 https://shangmaowuliucheng0745.fang.com/
Logger:2020-03-16 11:56:51.561164 https://yueluoucheng.fang.com/
Logger:2020-03-16 11:56:51.843404 https://aohaigongyuan.fang.com/
Logger:2020-03-16 11:56:54.899191 https://ssygc0745.fang.com/
Logger:2020-03-16 11:56:56.816094 https://huafulh.fang.com/
Logger:2020-03-16 11:56:57.031529 https://wynslwl.fang.com/
Logger:2020-03-16 11:56:57.280858 https://shengyuanzhichun.fang.com/
Logger:2020-03-16 11:56:57.512235 https://jingdongxinqu.fang.com/
Logger:2020-03-16 11:57:00.956987 https://feicuiwanht0745.fang.com/
Logger:2020-03-16 11:57:01.197342 https://jianqiaomingmen0745.fang.com/
Logger:2020-03-16 11:57:01.460677 https://huaxihaoting.fang.com/
Logger:2020-03-16 11:57:04.402767 https://huiyicheng0745.fang.com/
Logger:2020-03-16 11:57:04.692991 https://aizhecheng2.fang.com/
Logger:2020-03-16 11:57:05.042058 https://diliuquhd.fang.com/
Logger:2020-03-16 11:57:05.351230 https://shuianlanchengfx.fang.com/
Logger:2020-03-16 11:57:05.621507 https://lanhuguangchang.fang.com/
Logger:2020-03-16 11:57:05.926691 https://wushuiyiyuan.fang.com/
Logger:2020-03-16 11:57:06.225890 https://shuimuqinghuamd.fang.com/
Logger:2020-03-16 11:57:08.790031 https://yxgjbxj.fang.com/
Logger:2020-03-16 11:57:09.045348 https://lubanxincheng.fang.com/
Logger:2020-03-16 11:57:12.319656 https://huaihua.newhouse.fang.com/house/s/b95/
Logger:2020-03-16 11:57:12.584921 https://runlanshangcheng.fang.com/
Logger:2020-03-16 11:57:15.631729 https://jlfyc.fang.com/
Logger:2020-03-16 11:57:18.727451 https://baijingwan.fang.com/
Logger:2020-03-16 11:57:18.989784 https://rfyzp.fang.com/
Logger:2020-03-16 11:57:19.280966 https://weilanshuian0745.fang.com/
Logger:2020-03-16 11:57:19.605099 https://jiangwanfuqx.fang.com/
Logger:2020-03-16 11:57:19.856426 https://fengxiyuantlsj.fang.com/
Logger:2020-03-16 11:57:20.140702 https://hhwzds.fang.com/
Logger:2020-03-16 11:57:20.442858 https://yangguangshuiannt1pc.fang.com/
Logger:2020-03-16 11:57:20.749038 https://gjsmchh.fang.com/
Logger:2020-03-16 11:57:25.609075 https://huaihua.newhouse.fang.com/house/s/b96/
Logger:2020-03-16 11:57:29.149608 https://huaihua.newhouse.fang.com/house/s/b97/
Logger:2020-03-16 11:57:32.684110 https://huaihua.newhouse.fang.com/house/s/b98/
