Logger:2020-03-15 21:47:44.823083 https://huangshan.newhouse.fang.com/house/s/b91/
Logger:2020-03-15 21:47:45.151901 https://taipinghuld.fang.com/
Logger:2020-03-15 21:47:45.621644 https://meilinguoji.fang.com/
Logger:2020-03-15 21:47:45.967750 https://xinanlanting.fang.com/
Logger:2020-03-15 21:47:49.729360 https://shuiyunjianyx.fang.com/
Logger:2020-03-15 21:47:50.021698 https://hdbjza0559.fang.com/
Logger:2020-03-15 21:47:50.415248 https://rspuxishuizhen.fang.com/
Logger:2020-03-15 21:47:50.737589 https://baiyueshan.fang.com/
Logger:2020-03-15 21:47:51.140450 https://tdjy0559.fang.com/
Logger:2020-03-15 21:47:51.609175 https://johf0559.fang.com/
Logger:2020-03-15 21:47:51.981803 https://zhuangyuanshoufubr.fang.com/
Logger:2020-03-15 21:47:52.333430 https://nnyxz.fang.com/
Logger:2020-03-15 21:47:52.736920 https://nashannashui.fang.com/
Logger:2020-03-15 21:47:53.102902 https://yiyunhongjun.fang.com/
Logger:2020-03-15 21:47:56.438086 https://jinxiujiayuan0559.fang.com/
Logger:2020-03-15 21:47:58.778950 https://mengxiangchenghn.fang.com/
Logger:2020-03-15 21:48:03.552269 https://hsgjyszx.fang.com/
Logger:2020-03-15 21:48:03.885406 https://binjiangyihaold0559.fang.com/
Logger:2020-03-15 21:48:04.227228 https://ypqyf.fang.com/
Logger:2020-03-15 21:48:04.570730 https://taohuadao0559.fang.com/
Logger:2020-03-15 21:48:13.134978 https://aizhecheng0559.fang.com/
Logger:2020-03-15 21:48:16.865145 https://huangshan.newhouse.fang.com/house/s/b92/
Logger:2020-03-15 21:48:17.205273 https://huirenxinyuan0559.fang.com/
Logger:2020-03-15 21:48:20.090484 https://hanlinfulj.fang.com/
Logger:2020-03-15 21:48:20.483136 https://shuianmingchengrf.fang.com/
Logger:2020-03-15 21:48:20.801083 https://youshanmeidi0559.fang.com/
Logger:2020-03-15 21:48:21.142169 https://yishanjun.fang.com/
Logger:2020-03-15 21:48:21.482351 https://nanshanbieyuan0559.fang.com/
Logger:2020-03-15 21:48:21.815381 https://hengdayuefu0559.fang.com/
Logger:2020-03-15 21:48:22.223329 https://dongfanglijinghw.fang.com/
Logger:2020-03-15 21:48:25.999246 https://taohuayuanhs.fang.com/
Logger:2020-03-15 21:48:26.352230 https://shimaolvzhoumdy.fang.com/
Logger:2020-03-15 21:48:26.863688 https://xinanyinxiang.fang.com/
Logger:2020-03-15 21:48:27.332438 https://fuchenheyuan.fang.com/
Logger:2020-03-15 21:48:27.652576 https://zhongkezhichen.fang.com/
Logger:2020-03-15 21:48:33.456053 https://dieshangyaju.fang.com/
Logger:2020-03-15 21:48:33.802127 https://hsyrxyhfaq.fang.com/
Logger:2020-03-15 21:48:39.181766 https://demaotang.fang.com/
Logger:2020-03-15 21:48:39.615127 https://gytyl0559.fang.com/
Logger:2020-03-15 21:48:39.989111 https://runxijingyuan.fang.com/
Logger:2020-03-15 21:48:40.299281 https://shuxiangyayuan0559.fang.com/
Logger:2020-03-15 21:48:40.689239 https://yinhewan0559.fang.com/
Logger:2020-03-15 21:48:44.498286 https://huangshan.newhouse.fang.com/house/s/b93/
Logger:2020-03-15 21:48:47.218539 https://jinguiyuanyr.fang.com/
Logger:2020-03-15 21:48:47.546679 https://guojichenght.fang.com/
Logger:2020-03-15 21:48:47.947590 https://shidaitianyuebgyyl.fang.com/
Logger:2020-03-15 21:48:48.256778 https://banshanhaoyuanhs.fang.com/
Logger:2020-03-15 21:48:48.597026 https://ziyuanhzh.fang.com/
Logger:2020-03-15 21:48:48.914202 https://dongchenfu.fang.com/
Logger:2020-03-15 21:48:52.879270 https://shuianmingzhu0559.fang.com/
Logger:2020-03-15 21:48:55.890277 https://fenglinlijing.fang.com/
Logger:2020-03-15 21:48:58.378687 https://huifenghuayuanjq.fang.com/
Logger:2020-03-15 21:49:02.779382 https://cgwhyszxtianqin.fang.com/
Logger:2020-03-15 21:49:03.082571 https://haiyanghuafu.fang.com/
Logger:2020-03-15 21:49:03.461150 https://yihaoyuanyt.fang.com/
Logger:2020-03-15 21:49:06.161930 https://yinxianghuizhou.fang.com/
Logger:2020-03-15 21:49:07.946111 https://jinghuiguoji.fang.com/
Logger:2020-03-15 21:49:08.277265 https://boshizhuangyuanry.fang.com/
Logger:2020-03-15 21:49:10.466972 https://guojichenght0559.fang.com/
Logger:2020-03-15 21:49:10.797126 https://feicuiwanbgy0559.fang.com/
Logger:2020-03-15 21:49:11.144714 https://jinpenwan0559.fang.com/
Logger:2020-03-15 21:49:13.386234 https://huangshanyiyuan.fang.com/
Logger:2020-03-15 21:49:13.765307 https://yigaoguangchang2.fang.com/
Logger:2020-03-15 21:49:17.849948 https://huangshan.newhouse.fang.com/house/s/b94/
Logger:2020-03-15 21:49:18.812931 https://huangshanhengjiangfugs.fang.com/
Logger:2020-03-15 21:49:19.114587 https://tiandushoujun.fang.com/
Logger:2020-03-15 21:49:19.479652 https://huangshangongguan.fang.com/
Logger:2020-03-15 21:49:22.431664 https://huizhouyinxiangjy.fang.com/
Logger:2020-03-15 21:49:22.765374 https://jinlongdaotph.fang.com/
Logger:2020-03-15 21:49:23.080485 https://taipingguanzhizx.fang.com/
Logger:2020-03-15 21:49:23.466458 https://dingtianguangchang.fang.com/
Logger:2020-03-15 21:49:24.493897 https://shanghaihuayuan0559.fang.com/
Logger:2020-03-15 21:49:27.599859 https://chengruijiangyuan.fang.com/
Logger:2020-03-15 21:49:27.944971 https://longwanhupan0559.fang.com/
Logger:2020-03-15 21:49:30.174094 https://tphlhgjhs.fang.com/
Logger:2020-03-15 21:49:34.006201 https://huzhugongshehs.fang.com/
Logger:2020-03-15 21:49:34.312362 https://chengshihuayuanbl0559.fang.com/
Logger:2020-03-15 21:49:34.657944 https://huixiuyuan0559.fang.com/
Logger:2020-03-15 21:49:37.388378 https://puxiyunju.fang.com/
Logger:2020-03-15 21:49:37.773339 https://xnxtd.fang.com/
Logger:2020-03-15 21:49:38.094036 https://dongshanhuayuan0559.fang.com/
Logger:2020-03-15 21:49:39.048149 https://daguantianxiaht0559.fang.com/
Logger:2020-03-15 21:49:39.425771 https://huizhouxiaozhen0559.fang.com/
Logger:2020-03-15 21:49:39.791792 https://shuxiangyunduan0559.fang.com/
Logger:2020-03-15 21:49:43.594012 https://huangshan.newhouse.fang.com/house/s/b95/
Logger:2020-03-15 21:49:47.214272 https://jyxfl0559.fang.com/
Logger:2020-03-15 21:49:47.531402 https://lvyuanbandao0559.fang.com/
Logger:2020-03-15 21:49:47.971181 https://dongfangyayuanhw0559.fang.com/
Logger:2020-03-15 21:49:48.346255 https://baiyueju0559.fang.com/
Logger:2020-03-15 21:49:48.705217 https://yangguangjiayuan0559.fang.com/
Logger:2020-03-15 21:49:49.036975 https://xablsz.fang.com/
Logger:2020-03-15 21:49:49.437902 https://fenghuangchengyj.fang.com/
Logger:2020-03-15 21:49:49.782983 https://xiangyuanxiaozhen0559.fang.com/
Logger:2020-03-15 21:49:50.128093 https://shangzitaixj.fang.com/
Logger:2020-03-15 21:49:50.471242 https://sxgjqcc.fang.com/
Logger:2020-03-15 21:49:50.789445 https://hengquanyaju.fang.com/
Logger:2020-03-15 21:49:51.186406 https://fuyuanshangzhuang.fang.com/
Logger:2020-03-15 21:49:51.484584 https://jinlingbieyuan0559.fang.com/
Logger:2020-03-15 21:49:54.148525 https://kehongdasha0559.fang.com/
Logger:2020-03-15 21:49:54.444291 https://huangshanbogong.fang.com/
Logger:2020-03-15 21:49:54.921014 https://beiluyuanhs.fang.com/
Logger:2020-03-15 21:49:57.172140 https://liyanginxiang.fang.com/
Logger:2020-03-15 21:49:57.592226 https://hzxtd.fang.com/
Logger:2020-03-15 21:49:57.994151 https://xinchengyihaorq.fang.com/
Logger:2020-03-15 21:49:58.460322 https://shuiyunju0559.fang.com/
Logger:2020-03-15 21:50:02.356095 https://huangshan.newhouse.fang.com/house/s/b96/
Logger:2020-03-15 21:50:02.654229 https://hsstd.fang.com/
Logger:2020-03-15 21:50:02.982510 https://yuexinyuejun.fang.com/
Logger:2020-03-15 21:50:03.309703 https://xiangsongguoji.fang.com/
Logger:2020-03-15 21:50:03.702576 https://hshhsadjsz0559.fang.com/
Logger:2020-03-15 21:50:11.852938 https://binjiangfuting.fang.com/
Logger:2020-03-15 21:50:12.174077 https://cyjyby.fang.com/
Logger:2020-03-15 21:50:19.402556 https://ghslycy.fang.com/
Logger:2020-03-15 21:50:19.789649 https://shuishijieyr.fang.com/
Logger:2020-03-15 21:50:27.484224 https://qianhuiguangchang.fang.com/
Logger:2020-03-15 21:50:27.798754 https://jiyuanshoufu.fang.com/
Logger:2020-03-15 21:50:28.154616 https://lingxiuchengkp.fang.com/
Logger:2020-03-15 21:50:28.536519 https://haochuangcheng.fang.com/
Logger:2020-03-15 21:50:28.924482 https://wentingyayuan0559.fang.com/
Logger:2020-03-15 21:50:29.275345 https://lvjuxiangsuhjc.fang.com/
Logger:2020-03-15 21:50:33.894715 https://jinwaitanty.fang.com/
Logger:2020-03-15 21:50:34.282685 https://qiyunjiayuanxy.fang.com/
Logger:2020-03-15 21:50:34.653653 https://taipinghuijieyr.fang.com/
Logger:2020-03-15 21:50:41.801568 https://xinchengshidaidasha.fang.com/
Logger:2020-03-15 21:50:42.087801 https://jinsemeiguiqb.fang.com/
Logger:2020-03-15 21:50:42.438864 https://nmttcsc0559.fang.com/
Logger:2020-03-15 21:50:46.114147 https://huangshan.newhouse.fang.com/house/s/b97/
Logger:2020-03-15 21:50:46.325550 https://xinlingyu0559.fang.com/
Logger:2020-03-15 21:50:46.752916 https://nongmaochengjx.fang.com/
Logger:2020-03-15 21:50:50.473116 https://zhongyangliyuan.fang.com/
Logger:2020-03-15 21:50:54.351530 https://huangshan.newhouse.fang.com/house/s/b98/
Logger:2020-03-15 21:50:57.848616 https://huangshan.newhouse.fang.com/house/s/b99/
Logger:2020-03-15 21:51:01.492256 https://huangshan.newhouse.fang.com/house/s/b910/
