Logger:2020-03-16 11:20:17.531597 https://huangshi.newhouse.fang.com/house/s/b91/
Logger:2020-03-16 11:20:17.768385 https://hangyuluomajiari.fang.com/
Logger:2020-03-16 11:20:18.071004 https://renzhishanshui.fang.com/
Logger:2020-03-16 11:20:18.374355 https://huangshigongyuanzz.fang.com/
Logger:2020-03-16 11:20:18.745645 https://hengdamingdu0714.fang.com/
Logger:2020-03-16 11:20:19.024328 https://hshddj.fang.com/
Logger:2020-03-16 11:20:19.340654 https://juranyuejundaduhui.fang.com/
Logger:2020-03-16 11:20:19.642423 https://biguiyuancihubandao.fang.com/
Logger:2020-03-16 11:20:19.974568 https://aoshanxingcheng.fang.com/
Logger:2020-03-16 11:20:20.288052 https://dangdaimantangyuemom.fang.com/
Logger:2020-03-16 11:20:25.127434 https://003938.fang.com/
Logger:2020-03-16 11:20:25.394450 https://zhongdubalicheng.fang.com/
Logger:2020-03-16 11:20:25.733088 https://binjiangguoji0713.fang.com/
Logger:2020-03-16 11:20:26.015570 https://jiamugongyuan.fang.com/
Logger:2020-03-16 11:20:26.331534 https://xinchengmingyu.fang.com/
Logger:2020-03-16 11:20:28.121778 https://yujingzhuangyuan.fang.com/
Logger:2020-03-16 11:20:28.426438 https://yangxinbiguiyuanyunjing.fang.com/
Logger:2020-03-16 11:20:30.902433 https://huangshi.newhouse.fang.com/house/2611133778.htm
Logger:2020-03-16 11:20:31.217497 https://yangzifuyuan.fang.com/
Logger:2020-03-16 11:20:31.503617 https://hsgjgg.fang.com/
Logger:2020-03-16 11:20:31.817611 https://cshybgy.fang.com/
Logger:2020-03-16 11:20:35.570586 https://huangshi.newhouse.fang.com/house/s/b92/
Logger:2020-03-16 11:20:37.497941 https://huangshibaolishidai.fang.com/
Logger:2020-03-16 11:20:37.752690 https://bgyjwc.fang.com/
Logger:2020-03-16 11:20:38.006512 https://huangshigongyuanzy.fang.com/
Logger:2020-03-16 11:20:38.362993 https://meidijincheng.fang.com/
Logger:2020-03-16 11:20:38.649795 https://hsbgyxczg.fang.com/
Logger:2020-03-16 11:20:38.923536 https://yipinyuan.fang.com/
Logger:2020-03-16 11:20:39.161445 https://huangshihengdayujing.fang.com/
Logger:2020-03-16 11:20:39.448557 https://lianrunguojishangmaocheng.fang.com/
Logger:2020-03-16 11:20:39.751140 https://biguiyuanxinchengzhiguang.fang.com/
Logger:2020-03-16 11:20:40.067671 https://jingguihuatingml.fang.com/
Logger:2020-03-16 11:20:40.354824 https://mingliutiandi.fang.com/
Logger:2020-03-16 11:20:44.300051 https://huangshi.newhouse.fang.com/house/s/b93/
Logger:2020-03-16 11:20:48.904329 https://huangshi.newhouse.fang.com/house/s/b94/
Logger:2020-03-16 11:20:53.517863 https://huangshi.newhouse.fang.com/house/s/b95/
