Logger:2020-03-16 11:11:35.358455 https://huanggang.newhouse.fang.com/house/s/b91/
Logger:2020-03-16 11:11:36.842535 https://jrzjczslcszht.fang.com/
Logger:2020-03-16 11:11:37.154905 https://196808.fang.com/
Logger:2020-03-16 11:11:37.498616 https://ltjrzjjjshmall.fang.com/
Logger:2020-03-16 11:11:37.811001 https://wanjingcheng.fang.com/
Logger:2020-03-16 11:11:39.955395 https://ahhzf.fang.com/
Logger:2020-03-16 11:11:40.236732 https://huangzhoushuyuan.fang.com/
Logger:2020-03-16 11:11:40.517831 https://huanggangzhixingbgy.fang.com/
Logger:2020-03-16 11:11:51.421674 https://binheguojihg.fang.com/
Logger:2020-03-16 11:11:51.702858 https://shijihuachengxb.fang.com/
Logger:2020-03-16 11:11:51.968420 https://binjiangguojilt.fang.com/
Logger:2020-03-16 11:11:52.249604 https://wxshfcyp.fang.com/
Logger:2020-03-16 11:11:52.562030 https://ydhmthg.fang.com/
Logger:2020-03-16 11:11:52.843730 https://hkxfjyqc.fang.com/
Logger:2020-03-16 11:11:53.171793 https://weifengmingju.fang.com/
Logger:2020-03-16 11:11:53.406012 https://biguiyuanhg.fang.com/
Logger:2020-03-16 11:11:53.749287 https://jiuhaoyuanzl.fang.com/
Logger:2020-03-16 11:11:53.999647 https://bgyfcgg0713.fang.com/
Logger:2020-03-16 11:11:54.280415 https://xsgyyh.fang.com/
Logger:2020-03-16 11:11:54.530315 https://changhexincheng0713.fang.com/
Logger:2020-03-16 11:11:54.827877 https://jiangnanfu0713.fang.com/
Logger:2020-03-16 11:11:58.389216 https://huanggang.newhouse.fang.com/house/s/b92/
Logger:2020-03-16 11:11:58.717500 https://shfeicuicheng.fang.com/
Logger:2020-03-16 11:11:58.966938 https://binjiangyipin0713.fang.com/
Logger:2020-03-16 11:11:59.279194 https://zyflsa.fang.com/
Logger:2020-03-16 11:11:59.545446 https://xswjcy.fang.com/
Logger:2020-03-16 11:11:59.810836 https://xsshhy.fang.com/
Logger:2020-03-16 11:12:00.076561 https://hgdzhgwgc.fang.com/
Logger:2020-03-16 11:12:03.243065 https://csgybsy.fang.com/
Logger:2020-03-16 11:12:03.555478 https://wanhuaguangchang.fang.com/2/
Logger:2020-03-16 11:12:03.834085 https://xsjgcsy.fang.com/
Logger:2020-03-16 11:12:05.111955 https://yunhushoufu0713.fang.com/
Logger:2020-03-16 11:12:08.658003 https://shfcgg.fang.com/
Logger:2020-03-16 11:12:09.954561 https://shfcyp0713.fang.com/
Logger:2020-03-16 11:12:10.251499 https://jsgjchsa.fang.com/
Logger:2020-03-16 11:12:10.535599 https://huangzhouchengpinbgy.fang.com/
Logger:2020-03-16 11:12:10.832442 https://bgyzygg.fang.com/
Logger:2020-03-16 11:12:11.207311 https://sdqwgj0713.fang.com/
Logger:2020-03-16 11:12:11.535358 https://xtdjc0713.fang.com/
Logger:2020-03-16 11:12:11.847784 https://dongchengguojihg.fang.com/
Logger:2020-03-16 11:12:13.894176 https://ltgjc.fang.com/
Logger:2020-03-16 11:12:25.251030 https://feicuihuafubgy0713.fang.com/
Logger:2020-03-16 11:12:28.937669 https://huanggang.newhouse.fang.com/house/s/b93/
Logger:2020-03-16 11:12:29.250434 https://sjjcrx.fang.com/
Logger:2020-03-16 11:12:30.515413 https://bgyzhongyanggongyuan.fang.com/
Logger:2020-03-16 11:12:32.874771 https://juranzhijia20713.fang.com/
Logger:2020-03-16 11:12:33.108935 https://dhgjc0713.fang.com/
Logger:2020-03-16 11:12:35.311199 https://zycjh.fang.com/
Logger:2020-03-16 11:12:35.607959 https://191gongyu.fang.com/
Logger:2020-03-16 11:12:35.936517 https://kaixuancheng0713.fang.com/
Logger:2020-03-16 11:12:36.233080 https://huguangyuese.fang.com/
Logger:2020-03-16 11:12:36.545239 https://donghu1haokl.fang.com/
Logger:2020-03-16 11:12:36.842518 https://jiangwanchengbgy.fang.com/
Logger:2020-03-16 11:12:37.170091 https://weipengyufu2.fang.com/
Logger:2020-03-16 11:12:37.467022 https://hgbgyyf.fang.com/
Logger:2020-03-16 11:12:37.794943 https://dongfangmingzhu0713.fang.com/2/
Logger:2020-03-16 11:12:38.076126 https://xintiandijq.fang.com/
Logger:2020-03-16 11:12:38.372933 https://dongchengyihao0713.fang.com/
Logger:2020-03-16 11:12:40.064885 https://shfcyy.fang.com/
Logger:2020-03-16 11:12:40.345848 https://wjgyl.fang.com/
Logger:2020-03-16 11:12:40.579813 https://shanhewanli0713.fang.com/
Logger:2020-03-16 11:12:40.861581 https://jhxgw.fang.com/
Logger:2020-03-16 11:12:43.926034 https://ziweihuayuan0713.fang.com/
Logger:2020-03-16 11:12:47.753989 https://huanggang.newhouse.fang.com/house/s/b94/
Logger:2020-03-16 11:12:48.035209 https://zzlxzy.fang.com/
Logger:2020-03-16 11:12:48.285636 https://wangjiangxiuse.fang.com/
Logger:2020-03-16 11:12:48.691272 https://ovuhg.fang.com/
Logger:2020-03-16 11:12:48.988073 https://gongyuanyihaomd.fang.com/
Logger:2020-03-16 11:12:49.269753 https://czyysw.fang.com/
Logger:2020-03-16 11:12:49.503575 https://zuoanchuntian0713.fang.com/
Logger:2020-03-16 11:12:49.847245 https://huguangyuese.fang.com/2/
Logger:2020-03-16 11:12:50.175518 https://qcbyfl.fang.com/
Logger:2020-03-16 11:12:50.491877 https://hkgjxc2.fang.com/
Logger:2020-03-16 11:12:50.898028 https://tqzygjc.fang.com/
Logger:2020-03-16 11:12:51.179663 https://cxxcf.fang.com/
Logger:2020-03-16 11:12:51.492069 https://kldh1hklgj.fang.com/2/
Logger:2020-03-16 11:12:51.788444 https://wjjdcmc.fang.com/
Logger:2020-03-16 11:12:53.670102 https://dongpowaitan.fang.com/shop/
Logger:2020-03-16 11:12:53.950810 https://jxshxfc3.fang.com/
Logger:2020-03-16 11:12:54.263233 https://wanhaoguoji0713.fang.com/
Logger:2020-03-16 11:12:54.528815 https://hljzz.fang.com/
Logger:2020-03-16 11:12:54.810460 https://dfmdzyy.fang.com/
Logger:2020-03-16 11:12:55.075541 https://hgxshp.fang.com/
Logger:2020-03-16 11:12:56.856372 https://hywlc0713.fang.com/
Logger:2020-03-16 11:13:00.500315 https://huanggang.newhouse.fang.com/house/s/b95/
Logger:2020-03-16 11:13:00.767404 https://htfhc.fang.com/
Logger:2020-03-16 11:13:12.012547 [erro]&&&https://hgthgjsmc.fang.com/
Logger:2020-03-16 11:13:14.777969 https://zyccd.fang.com/
Logger:2020-03-16 11:13:15.078066 https://jinghumingdu0713.fang.com/
Logger:2020-03-16 11:13:15.375260 https://changhonghuayuan0713.fang.com/
Logger:2020-03-16 11:13:26.611625 [erro]&&&https://xlssc.fang.com/
Logger:2020-03-16 11:13:26.799037 https://hujingguangchang.fang.com/
Logger:2020-03-16 11:13:27.049659 https://xgsly.fang.com/
Logger:2020-03-16 11:13:27.330550 https://xswjcj.fang.com/
Logger:2020-03-16 11:13:27.596311 https://huijindasha0713.fang.com/
Logger:2020-03-16 11:13:30.283031 https://zhuodatianxia.fang.com/
Logger:2020-03-16 11:13:30.536318 https://hxjbzx2.fang.com/
Logger:2020-03-16 11:13:30.833873 https://hxjbzx.fang.com/
Logger:2020-03-16 11:13:34.363588 https://huanggang.newhouse.fang.com/house/s/b96/
Logger:2020-03-16 11:13:37.863153 https://huanggang.newhouse.fang.com/house/s/b97/
Logger:2020-03-16 11:13:41.663355 https://huanggang.newhouse.fang.com/house/s/b98/
