Logger:2020-03-15 23:39:18.637673 https://huian.newhouse.fang.com/house/s/b91/
Logger:2020-03-15 23:39:21.271084 https://chengshiguangchangyz.fang.com/
Logger:2020-03-15 23:39:21.718811 https://yzchengshiguangchang.fang.com/
Logger:2020-03-15 23:39:22.055944 https://longjinggezj.fang.com/
Logger:2020-03-15 23:39:22.384110 https://xinanliss.fang.com/
Logger:2020-03-15 23:39:25.618885 https://wsfenghuangcheng.fang.com/
Logger:2020-03-15 23:39:25.990468 https://yuefughxj.fang.com/
Logger:2020-03-15 23:39:27.920370 https://guofengjlsm.fang.com/
Logger:2020-03-15 23:39:28.251463 https://shijixingchengha.fang.com/
Logger:2020-03-15 23:39:28.636434 https://taoranjujlxz2.fang.com/
Logger:2020-03-15 23:39:29.021404 https://julongxiaozheng.fang.com/
Logger:2020-03-15 23:39:29.344516 https://yangguangchengshihuayuanha.fang.com/
Logger:2020-03-15 23:39:31.719256 https://fbxintiandi2.fang.com/
Logger:2020-03-15 23:39:32.044161 https://hengdahuafuqzha.fang.com/
Logger:2020-03-15 23:39:32.419292 https://shijigongguanzj.fang.com/
Logger:2020-03-15 23:39:32.759382 https://hahuaerguoji.fang.com/
Logger:2020-03-15 23:39:33.151334 https://donghuyuechengzh.fang.com/
Logger:2020-03-15 23:39:33.518323 https://cuicanyihao.fang.com/
Logger:2020-03-15 23:39:33.920423 https://keshanoujingdiyuan.fang.com/
Logger:2020-03-15 23:39:34.236575 https://haxianghaoxincheng.fang.com/
Logger:2020-03-15 23:39:34.565735 https://yufuguojicheng.fang.com/
Logger:2020-03-15 23:39:38.235511 https://huian.newhouse.fang.com/house/s/b92/
Logger:2020-03-15 23:39:38.572907 https://yschengshihuayuan.fang.com/
Logger:2020-03-15 23:39:38.892526 https://pikeaolinyangguang.fang.com/
Logger:2020-03-15 23:39:40.257425 https://huigangxinchengha.fang.com/
Logger:2020-03-15 23:39:40.568758 https://jinxiujiayuanha.fang.com/
Logger:2020-03-15 23:39:42.894408 https://jlxzfuyuanju.fang.com/
Logger:2020-03-15 23:39:43.977082 https://huian.newhouse.fang.com/house/2225190208.htm
Logger:2020-03-15 23:39:44.850010 https://huian.newhouse.fang.com/house/2225190226.htm
Logger:2020-03-15 23:39:45.149172 https://donglijlxz.fang.com/
Logger:2020-03-15 23:39:45.515772 https://bywdongfangxiaweiyi.fang.com/
Logger:2020-03-15 23:39:45.855787 https://hadxhy.fang.com/
Logger:2020-03-15 23:39:46.171871 https://junyueshanzhuangjl.fang.com/
Logger:2020-03-15 23:39:46.507051 https://jxguojicheng.fang.com/
Logger:2020-03-15 23:39:47.810922 https://liandajiayuanha.fang.com/
Logger:2020-03-15 23:39:48.086073 https://jqshijijunyuan.fang.com/
Logger:2020-03-15 23:39:48.487535 https://fenyangguojiguangchang.fang.com/
Logger:2020-03-15 23:39:49.833516 https://hajiaxinhuayuancheng.fang.com/
Logger:2020-03-15 23:39:50.273741 https://xufenghuayuangc.fang.com/
Logger:2020-03-15 23:39:50.618886 https://lianganzhongxingc.fang.com/
Logger:2020-03-15 23:39:50.966090 https://xingfuwanss0595.fang.com/
Logger:2020-03-15 23:39:51.283307 https://hatangchenglijing.fang.com/
Logger:2020-03-15 23:39:54.631402 https://huian.newhouse.fang.com/house/s/b93/
Logger:2020-03-15 23:39:54.931510 https://hameiyuan92.fang.com/
Logger:2020-03-15 23:39:57.615794 https://quanbeizhongyangchengha.fang.com/
Logger:2020-03-15 23:39:57.947940 https://jzyfazhanzhongxin.fang.com/
Logger:2020-03-15 23:39:59.321199 https://ysjinsexincheng.fang.com/
Logger:2020-03-15 23:39:59.868670 https://fujinghuayuanha.fang.com/
Logger:2020-03-15 23:40:03.514243 https://huian.newhouse.fang.com/house/s/b94/
Logger:2020-03-15 23:40:07.070713 https://huian.newhouse.fang.com/house/s/b95/
Logger:2020-03-15 23:40:10.755321 https://huian.newhouse.fang.com/house/s/b96/
