Logger:2020-03-16 00:20:54.962675 https://huizhou.newhouse.fang.com/house/s/b91/
Logger:2020-03-16 00:20:55.306457 https://jinyuehuafu0752.fang.com/?from=xflist_xfgg
Logger:2020-03-16 00:20:55.665048 https://jiazhaoyezhongxin0752.fang.com/?from=xflist_xfgg
Logger:2020-03-16 00:20:55.942362 https://tangquanxiaozhen.fang.com/
Logger:2020-03-16 00:20:56.270656 https://jinyuejiangnanxc.fang.com/
Logger:2020-03-16 00:20:56.557742 https://zonglvdaohyhd.fang.com/
Logger:2020-03-16 00:20:56.932907 https://hengdayayuan0752.fang.com/
Logger:2020-03-16 00:20:57.260702 https://zhongzhoutianyu.fang.com/
Logger:2020-03-16 00:20:57.589378 https://hssggjslyf.fang.com/
Logger:2020-03-16 00:20:57.994941 https://jiulongtai0752.fang.com/
Logger:2020-03-16 00:20:58.322950 https://xinlicheng0752.fang.com/
Logger:2020-03-16 00:20:58.713979 https://xinchengjzy.fang.com/
Logger:2020-03-16 00:20:59.182124 https://tonghukejixiaozhenbgy.fang.com/
Logger:2020-03-16 00:20:59.494549 https://xingherongyuhz.fang.com/
Logger:2020-03-16 00:20:59.760112 https://keyuanjzysd.fang.com/
Logger:2020-03-16 00:21:03.118693 https://xingheshengshi0752.fang.com/
Logger:2020-03-16 00:21:03.447498 https://guanjunchengay0752.fang.com/
Logger:2020-03-16 00:21:03.743996 https://yihaoyuantjyf.fang.com/
Logger:2020-03-16 00:21:07.983817 https://jiatianxiahyhyn.fang.com/
Logger:2020-03-16 00:21:08.358011 https://huajijiangshan.fang.com/3/
Logger:2020-03-16 00:21:08.671023 https://bandao1hao0752.fang.com/
Logger:2020-03-16 00:21:12.044641 https://huizhou.newhouse.fang.com/house/s/b92/
Logger:2020-03-16 00:21:12.310283 https://baolitangyue0752.fang.com/
Logger:2020-03-16 00:21:12.566287 https://shanhaiwanjzy.fang.com/
Logger:2020-03-16 00:21:12.894788 https://yunchuangjiayuan.fang.com/
Logger:2020-03-16 00:21:17.924522 https://huahaoyuanhyn0752.fang.com/
Logger:2020-03-16 00:21:18.205921 https://hashitatewk.fang.com/
Logger:2020-03-16 00:21:18.612099 https://zhongkaihuayuanls.fang.com/
Logger:2020-03-16 00:21:18.958451 https://junhuishangpinjzy0752.fang.com/
Logger:2020-03-16 00:21:19.238877 https://shilijiangnanbgy0752.fang.com/
Logger:2020-03-16 00:21:19.547727 https://jiazhaoyezhongxin0752.fang.com/
Logger:2020-03-16 00:21:19.829547 https://shidaiqingcheng0752.fang.com/
Logger:2020-03-16 00:21:20.110014 https://longwanxl.fang.com/
Logger:2020-03-16 00:21:20.375578 https://yulongfubgy.fang.com/
Logger:2020-03-16 00:21:20.725468 https://dongbuxichenglg.fang.com/
Logger:2020-03-16 00:21:21.163228 https://yajulehuayuanhy0752.fang.com/
Logger:2020-03-16 00:21:21.522113 https://jiuzhangtairc0752.fang.com/
Logger:2020-03-16 00:21:21.959943 https://longguangtianxi0752.fang.com/
Logger:2020-03-16 00:21:22.256315 https://dongjiangyuedaofy.fang.com/
Logger:2020-03-16 00:21:22.584363 https://aoyuanlingyu.fang.com/
Logger:2020-03-16 00:21:22.881208 https://xinghedandihz0752.fang.com/
Logger:2020-03-16 00:21:23.271701 https://yuanzhuhlb.fang.com/
Logger:2020-03-16 00:21:26.568517 https://huizhou.newhouse.fang.com/house/s/b93/
Logger:2020-03-16 00:21:26.817738 https://huaxinfuzz.fang.com/
Logger:2020-03-16 00:21:27.098922 https://yichengzhongxinhx.fang.com/
Logger:2020-03-16 00:21:27.505076 https://jiulongfulg20752.fang.com/
Logger:2020-03-16 00:21:27.801881 https://meiyuewan0752.fang.com/
Logger:2020-03-16 00:21:28.177153 https://tonghuguojihlb.fang.com/
Logger:2020-03-16 00:21:28.474315 https://gaoerfuzhuangyuanhs0752.fang.com/
Logger:2020-03-16 00:21:28.834354 https://yongheyuanlg.fang.com/
Logger:2020-03-16 00:21:29.115527 https://dongjiangyuehlb.fang.com/
Logger:2020-03-16 00:21:29.459196 https://hailuncheng.fang.com/
Logger:2020-03-16 00:21:29.810787 https://taidongtianxibgy.fang.com/
Logger:2020-03-16 00:21:30.122698 https://shilidongjianghlb.fang.com/
Logger:2020-03-16 00:21:30.481860 https://xihusanlisy.fang.com/
Logger:2020-03-16 00:21:30.809898 https://canbanglongting.fang.com/
Logger:2020-03-16 00:21:31.075460 https://yuegongguanbl.fang.com/
Logger:2020-03-16 00:21:31.372265 https://hengdayufuhz.fang.com/
Logger:2020-03-16 00:21:31.747564 https://yangguangmeiguiyuanzh0752.fang.com/
Logger:2020-03-16 00:21:32.043982 https://xinliruiyuan0752.fang.com/
Logger:2020-03-16 00:21:32.309892 https://baolitianhui0752.fang.com/
Logger:2020-03-16 00:21:43.238120 https://huidonghongchenghouyuan.fang.com/
Logger:2020-03-16 00:21:43.612506 https://xiyuechengsy.fang.com/
Logger:2020-03-16 00:21:46.907384 https://huizhou.newhouse.fang.com/house/s/b94/
Logger:2020-03-16 00:21:47.142020 https://xuhuitiandimd.fang.com/
Logger:2020-03-16 00:21:47.391493 https://xiaojingwanhr.fang.com/
Logger:2020-03-16 00:21:47.703677 https://xiangshuihepanhlb.fang.com/
Logger:2020-03-16 00:21:47.953926 https://yuejiangfuzh0752.fang.com/
Logger:2020-03-16 00:21:48.250416 https://xinlixiyuan0752.fang.com/
Logger:2020-03-16 00:21:48.562835 https://lantaifuld0752.fang.com/
Logger:2020-03-16 00:21:48.812747 https://dongjiangxiyuanjzy.fang.com/
Logger:2020-03-16 00:21:49.068348 https://jinshenglijing.fang.com/2/
Logger:2020-03-16 00:21:49.303262 https://boyuefudf.fang.com/
Logger:2020-03-16 00:21:49.599472 https://chengnanchuntian0752.fang.com/
Logger:2020-03-16 00:21:49.927521 https://yingzhihuanglangqiaosd.fang.com/
Logger:2020-03-16 00:21:53.622068 https://jiayuguanlanyz.fang.com/
Logger:2020-03-16 00:21:53.912623 https://zhongqiaogongguanhlb2.fang.com/
Logger:2020-03-16 00:21:54.224763 https://huanlehaiwan.fang.com/
Logger:2020-03-16 00:21:54.521097 https://lixianghui.fang.com/
Logger:2020-03-16 00:21:54.787194 https://fulilongquan.fang.com/
Logger:2020-03-16 00:21:56.817430 https://xiaojingwanyuehaihr.fang.com/
Logger:2020-03-16 00:21:57.083072 https://chuangzhijiayuanhlb2.fang.com/
Logger:2020-03-16 00:21:57.333650 https://xiangshuyuyuan.fang.com/
Logger:2020-03-16 00:21:57.598573 https://huatingyuefu.fang.com/
Logger:2020-03-16 00:22:01.276507 https://huizhou.newhouse.fang.com/house/s/b95/
Logger:2020-03-16 00:22:01.527002 https://zhongxintangquan.fang.com/
Logger:2020-03-16 00:22:01.792357 https://zhongyushidai.fang.com/
Logger:2020-03-16 00:22:02.104389 https://mingjubanshan.fang.com/
Logger:2020-03-16 00:22:07.790590 https://nankunshanwenquanbl.fang.com/
Logger:2020-03-16 00:22:08.087396 https://dibowanxl0752.fang.com/
Logger:2020-03-16 00:22:08.368644 https://shanhaibandaoxh.fang.com/1/
Logger:2020-03-16 00:22:12.904339 https://lvzhouhuayuanaylj.fang.com/
Logger:2020-03-16 00:22:13.154237 https://shijiguangchanghy0752.fang.com/
Logger:2020-03-16 00:22:16.031640 https://rongtianmingditx.fang.com/
Logger:2020-03-16 00:22:16.296860 https://youshanmeidihuayuan.fang.com/
Logger:2020-03-16 00:22:16.584806 https://binhaichenghs0752.fang.com/
Logger:2020-03-16 00:22:17.100109 https://qianjiangyuedx.fang.com/
Logger:2020-03-16 00:22:17.428312 https://hailunjingyuanhlb.fang.com/
Logger:2020-03-16 00:22:19.817664 https://yongjinshijialg0752.fang.com/
Logger:2020-03-16 00:22:20.052324 https://junyuewanhuayuanxl.fang.com/
Logger:2020-03-16 00:22:20.318013 https://deruntianyue.fang.com/
Logger:2020-03-16 00:22:20.661655 https://shanyuxiansheng.fang.com/
Logger:2020-03-16 00:22:22.079490 https://yunfengtianfu.fang.com/
Logger:2020-03-16 00:22:22.345053 https://huxindao1haoxz.fang.com/
Logger:2020-03-16 00:22:22.639336 https://binjiangfubgy0752.fang.com/
Logger:2020-03-16 00:22:25.904133 https://huizhou.newhouse.fang.com/house/s/b96/
Logger:2020-03-16 00:22:26.154332 https://longyuegongguancb.fang.com/
Logger:2020-03-16 00:22:26.419303 https://huayuyuanlh.fang.com/
Logger:2020-03-16 00:22:26.716066 https://163830.fang.com/
Logger:2020-03-16 00:22:26.966596 https://yuelongtaihdhz.fang.com/
Logger:2020-03-16 00:22:27.247190 https://yishanhaiwanhd.fang.com/
Logger:2020-03-16 00:22:30.053200 https://wanxianghuhuayuan.fang.com/
Logger:2020-03-16 00:22:30.334042 https://xingfuchengdzh.fang.com/
Logger:2020-03-16 00:22:30.595069 https://aimechengshihlb.fang.com/
Logger:2020-03-16 00:22:30.954275 https://zizaichengjdtr.fang.com/
Logger:2020-03-16 00:22:31.282519 https://jiaheshengshi0752.fang.com/
Logger:2020-03-16 00:22:31.532368 https://xijianghuayuanls.fang.com/
Logger:2020-03-16 00:22:31.781842 https://xingzuanbgy0752.fang.com/
Logger:2020-03-16 00:22:32.125766 https://aolinpikehuanyuan.fang.com/3/
Logger:2020-03-16 00:22:32.453562 https://xiangyuelanshanxc0752.fang.com/
Logger:2020-03-16 00:22:35.801799 https://diaoyutai0752.fang.com/
Logger:2020-03-16 00:22:36.130043 https://jinxiuyihao0752.fang.com/
Logger:2020-03-16 00:22:36.473552 https://guohuishandf.fang.com/
Logger:2020-03-16 00:22:36.817183 https://yangguangchengbl.fang.com/
Logger:2020-03-16 00:22:37.192479 https://runyangxigubgy2.fang.com/
Logger:2020-03-16 00:22:37.551884 https://hzflw.fang.com/
Logger:2020-03-16 00:22:41.331250 https://huizhou.newhouse.fang.com/house/s/b97/
Logger:2020-03-16 00:22:41.565693 https://yongjingwanzj0752.fang.com/
Logger:2020-03-16 00:22:41.846600 https://shenghuibgy.fang.com/
Logger:2020-03-16 00:22:42.080541 https://jinseyuntingzh.fang.com/
Logger:2020-03-16 00:22:42.393434 https://shanhechengbgy.fang.com/
Logger:2020-03-16 00:22:42.689725 https://huizhou.newhouse.fang.com/house/2817162748.htm
Logger:2020-03-16 00:22:42.971322 https://jindifanhua.fang.com/
Logger:2020-03-16 00:22:43.361440 https://fuyinggongguan.fang.com/
Logger:2020-03-16 00:22:43.720731 https://biguiyuantaidonggongyuanshangcheng.fang.com/
Logger:2020-03-16 00:22:44.054317 https://mumahutf.fang.com/
Logger:2020-03-16 00:22:44.444153 https://shuianchengzx.fang.com/
Logger:2020-03-16 00:22:44.803452 https://youbuhuayuanjh0752.fang.com/
Logger:2020-03-16 00:23:01.023723 https://huidongshiliyintan.fang.com/
Logger:2020-03-16 00:23:01.445482 https://wanxiangtianhuihrzd.fang.com/
Logger:2020-03-16 00:23:01.694834 https://gongyuanchengzz.fang.com/
Logger:2020-03-16 00:23:02.054730 https://jiulongshanlg2.fang.com/
Logger:2020-03-16 00:23:02.414167 https://rongjiaguoyun.fang.com/
Logger:2020-03-16 00:23:02.726597 https://nanshanyihaopd.fang.com/
Logger:2020-03-16 00:23:02.991637 https://kangchengsijitcl0752.fang.com/
Logger:2020-03-16 00:23:09.507142 https://huizhou.newhouse.fang.com/house/2817162418.htm
Logger:2020-03-16 00:23:09.787919 https://aoyuanhuafu0752.fang.com/
Logger:2020-03-16 00:23:13.371241 https://huizhou.newhouse.fang.com/house/s/b98/
Logger:2020-03-16 00:23:13.636835 https://weilanhaianzydb.fang.com/
Logger:2020-03-16 00:23:13.945426 https://dezhoucheng0752.fang.com/
Logger:2020-03-16 00:23:14.242776 https://houlangyuefu.fang.com/
Logger:2020-03-16 00:23:14.563271 https://guolingshangyuanhc.fang.com/
Logger:2020-03-16 00:23:26.953377 https://lixiangcangzz.fang.com/
Logger:2020-03-16 00:23:27.203724 https://huidongwankeshuangyuewan.fang.com/
Logger:2020-03-16 00:23:27.547378 https://huguangshansebgy0752.fang.com/
Logger:2020-03-16 00:23:27.906785 https://jinhuhuayuansj.fang.com/
Logger:2020-03-16 00:23:28.188179 https://jiufengmt.fang.com/
Logger:2020-03-16 00:23:28.469405 https://longchuanfubgy0752.fang.com/
Logger:2020-03-16 00:23:28.772790 https://jiayuelongting.fang.com/
Logger:2020-03-16 00:23:29.053932 https://shangchengshijiahj.fang.com/
Logger:2020-03-16 00:23:29.334542 https://yuhuguandirs.fang.com/
Logger:2020-03-16 00:23:29.678663 https://longshanghuayuanbgy.fang.com/
Logger:2020-03-16 00:23:29.959960 https://yushuilongting0752.fang.com/
Logger:2020-03-16 00:23:30.225044 https://yuexitaids.fang.com/
Logger:2020-03-16 00:23:30.475458 https://longjindongaoyuan.fang.com/
Logger:2020-03-16 00:23:30.818425 https://shangyuejufl0752.fang.com/
Logger:2020-03-16 00:23:33.781711 https://bandaohuatingcx.fang.com/
Logger:2020-03-16 00:23:34.157041 https://jinhuihaoting0752.fang.com/
Logger:2020-03-16 00:23:37.458928 https://huizhou.newhouse.fang.com/house/s/b99/
Logger:2020-03-16 00:23:37.693685 https://zhenyechenghy0752.fang.com/
Logger:2020-03-16 00:23:38.802767 https://meilizhichengwk0752.fang.com/
Logger:2020-03-16 00:23:39.036682 https://shenhuiyijingyuan.fang.com/
Logger:2020-03-16 00:23:39.411630 https://shanyuhaihf.fang.com/
Logger:2020-03-16 00:23:39.864610 https://huidongjiawangcheng.fang.com/
Logger:2020-03-16 00:23:40.177759 https://youbuxuefujh0752.fang.com/
Logger:2020-03-16 00:23:40.458238 https://mingzuohuayuan.fang.com/
Logger:2020-03-16 00:23:40.755784 https://jiangyuewanbgy.fang.com/
Logger:2020-03-16 00:23:41.067451 https://changchuntengsd0752.fang.com/
Logger:2020-03-16 00:23:41.504980 https://tianyuewanbgytd.fang.com/
Logger:2020-03-16 00:23:41.818000 https://jinshanhuzhongxinls.fang.com/
Logger:2020-03-16 00:23:42.098456 https://kaixuanshidaizx.fang.com/
Logger:2020-03-16 00:23:42.520965 https://qianhuadaotf.fang.com/
Logger:2020-03-16 00:23:42.817602 https://xingyuebgy.fang.com/
Logger:2020-03-16 00:23:46.087405 https://shanshuichengbl.fang.com/
Logger:2020-03-16 00:23:46.431463 https://xinchengyuejun0752.fang.com/
Logger:2020-03-16 00:23:46.727756 https://zhonghangweilazhuangyuan.fang.com/
Logger:2020-03-16 00:23:47.150057 https://huidongxunliaowan.fang.com/
Logger:2020-03-16 00:23:49.192652 https://tianrunjiayuan0752.fang.com/
Logger:2020-03-16 00:23:49.458551 https://longtengshengshi2.fang.com/
Logger:2020-03-16 00:23:52.734267 https://huizhou.newhouse.fang.com/house/s/b910/
Logger:2020-03-16 00:23:52.984554 https://xingyuehuayuan0752.fang.com/
Logger:2020-03-16 00:23:53.312336 https://jinhewan0752.fang.com/
Logger:2020-03-16 00:23:53.624900 https://longlinshangguan.fang.com/
Logger:2020-03-16 00:23:53.890244 https://huangguanhuayuanls2.fang.com/
Logger:2020-03-16 00:23:54.131520 https://feicuishanbgy0752.fang.com/
Logger:2020-03-16 00:23:54.491003 https://xiyuanct.fang.com/
Logger:2020-03-16 00:23:56.537079 https://xingfulibgy0752.fang.com/
Logger:2020-03-16 00:23:56.786662 https://luofujiayuan0752.fang.com/
Logger:2020-03-16 00:24:01.913489 https://lichenghuayuanjd.fang.com/
Logger:2020-03-16 00:24:02.194656 https://meilizhou.fang.com/
Logger:2020-03-16 00:24:04.413242 https://yuandongyunjin.fang.com/
Logger:2020-03-16 00:24:10.523264 https://tianyubgy0752.fang.com/
Logger:2020-03-16 00:24:10.788827 https://jiayiyuan0752.fang.com/
Logger:2020-03-16 00:24:11.117256 https://zhonghuiyueyuan.fang.com/
Logger:2020-03-16 00:24:13.824266 https://jinshashijihuayuan.fang.com/
Logger:2020-03-16 00:24:14.804552 https://mingjuxincheng.fang.com/
Logger:2020-03-16 00:24:15.070159 https://lijingwanshang.fang.com/
Logger:2020-03-16 00:24:15.351821 https://xiangbinsongbl.fang.com/
Logger:2020-03-16 00:24:15.632482 https://guojihuayuanchengsh.fang.com/
Logger:2020-03-16 00:24:15.945209 https://kangqiaogongguan0752.fang.com/
Logger:2020-03-16 00:24:19.567615 https://huizhou.newhouse.fang.com/house/s/b911/
Logger:2020-03-16 00:24:19.802208 https://zhaonghangyuanyuhaihuidong.fang.com/
Logger:2020-03-16 00:24:20.192387 https://yuerongwan.fang.com/
Logger:2020-03-16 00:24:23.145011 https://yushanhaizy.fang.com/
Logger:2020-03-16 00:24:23.394954 https://yushanhuayuanhs.fang.com/
Logger:2020-03-16 00:24:23.692024 https://longyuehuayuanbgy.fang.com/
Logger:2020-03-16 00:24:23.930242 https://hailunhonghlb.fang.com/
Logger:2020-03-16 00:24:24.211468 https://yijingyuanls.fang.com/
Logger:2020-03-16 00:24:24.508476 https://yuejinghuating.fang.com/
Logger:2020-03-16 00:24:24.842091 https://wutongjunfulc.fang.com/
Logger:2020-03-16 00:24:25.123564 https://heyuetaiyc.fang.com/
Logger:2020-03-16 00:24:25.420078 https://chenyanggongguanhr.fang.com/
Logger:2020-03-16 00:24:32.584157 https://panshanyuehaihuayuan.fang.com/
Logger:2020-03-16 00:24:32.865340 https://kainanguangchang.fang.com/
Logger:2020-03-16 00:24:33.162527 https://shanyuquanog.fang.com/
Logger:2020-03-16 00:24:33.443329 https://yuejiangfu0752.fang.com/
Logger:2020-03-16 00:24:33.755804 https://xiandaiguangchangfl.fang.com/
Logger:2020-03-16 00:24:34.037398 https://shuanghuwanjf.fang.com/
Logger:2020-03-16 00:24:34.302933 https://fenglinantf.fang.com/
Logger:2020-03-16 00:24:34.552643 https://dongjiangwanpeo.fang.com/
Logger:2020-03-16 00:24:34.849965 https://jiangwannananbld.fang.com/
Logger:2020-03-16 00:24:38.469329 https://huizhou.newhouse.fang.com/house/s/b912/
Logger:2020-03-16 00:24:38.672915 https://yuhujunhzhd.fang.com/
Logger:2020-03-16 00:24:39.023866 https://tianjiaobgy.fang.com/
Logger:2020-03-16 00:24:39.289148 https://xiangsonghuayuanzj.fang.com/
Logger:2020-03-16 00:24:42.278872 https://fengxiangbgy.fang.com/
Logger:2020-03-16 00:24:42.513103 https://yubofuay.fang.com/
Logger:2020-03-16 00:24:42.794565 https://lingnanyuanzijy.fang.com/
Logger:2020-03-16 00:24:43.060386 https://tianyicheng0752.fang.com/2/
Logger:2020-03-16 00:24:43.325648 https://xinhualianguangchanghz.fang.com/
Logger:2020-03-16 00:24:46.821085 https://aolinqinghuahuayuan.fang.com/
Logger:2020-03-16 00:24:47.211610 https://yiyunxiaozhen0752.fang.com/
Logger:2020-03-16 00:24:47.585912 https://huilinwenquanfl.fang.com/2/
Logger:2020-03-16 00:24:47.882797 https://haiwanbandaorc.fang.com/
Logger:2020-03-16 00:24:48.195910 https://deweihuayuancheng.fang.com/
Logger:2020-03-16 00:24:48.476327 https://runjinmingyuan.fang.com/
Logger:2020-03-16 00:24:48.779588 https://shanshuifanglin0752.fang.com/3/
Logger:2020-03-16 00:24:49.076896 https://bgycuihuwan.fang.com/
Logger:2020-03-16 00:24:49.405129 https://163620.fang.com/
Logger:2020-03-16 00:24:51.591399 https://junshangruijing.fang.com/
Logger:2020-03-16 00:25:47.021210 https://shuiyuehuafuwh.fang.com/
Logger:2020-03-16 00:25:49.535796 https://fuxingongguan.fang.com/
Logger:2020-03-16 00:25:52.791729 https://huizhou.newhouse.fang.com/house/s/b913/
Logger:2020-03-16 00:25:53.010294 https://xingyuechengrc.fang.com/
Logger:2020-03-16 00:25:53.275941 https://shijizhongxingccgh.fang.com/
Logger:2020-03-16 00:25:53.594966 https://xiarihuafu.fang.com/
Logger:2020-03-16 00:25:53.891741 https://jinbiwanhuayuanks.fang.com/
Logger:2020-03-16 00:25:54.177330 https://gongyuanlihy.fang.com/
Logger:2020-03-16 00:25:54.443269 https://xingguanglihb.fang.com/
Logger:2020-03-16 00:25:56.233679 https://ziyuntingys.fang.com/
Logger:2020-03-16 00:25:56.546341 https://jutaihuayuan.fang.com/
Logger:2020-03-16 00:25:59.021497 https://huizhou.newhouse.fang.com/house/2817162766.htm
Logger:2020-03-16 00:26:00.996525 https://daaichengsy.fang.com/
Logger:2020-03-16 00:26:01.372081 https://shuangbiwanrc.fang.com/
Logger:2020-03-16 00:26:01.684581 https://nanzhanxinchengbgy.fang.com/
Logger:2020-03-16 00:26:01.965046 https://xingancheng.fang.com/
Logger:2020-03-16 00:26:02.324420 https://haijiao1haohs.fang.com/
Logger:2020-03-16 00:26:06.876154 https://yujinwanjd.fang.com/
Logger:2020-03-16 00:26:07.141374 https://junruihuafu.fang.com/
Logger:2020-03-16 00:26:07.437790 https://zitaibgy0752.fang.com/
Logger:2020-03-16 00:26:07.703394 https://mitangxiaochenghx.fang.com/
Logger:2020-03-16 00:26:07.984536 https://wanshenhuayuan.fang.com/
Logger:2020-03-16 00:26:08.282100 https://chengshizhiguangbgy0752.fang.com/
Logger:2020-03-16 00:26:11.938748 https://huizhou.newhouse.fang.com/house/s/b914/
Logger:2020-03-16 00:26:12.219675 https://mingyuexigubgy.fang.com/
Logger:2020-03-16 00:26:12.453994 https://dinghaocheng.fang.com/
Logger:2020-03-16 00:26:12.766421 https://huyijiayuanlr.fang.com/2/
Logger:2020-03-16 00:26:13.048098 https://tianyugongguan.fang.com/
Logger:2020-03-16 00:26:13.297545 https://yongheyuan0752.fang.com/
Logger:2020-03-16 00:26:13.563864 https://zhuxishanjingbgy0752.fang.com/
Logger:2020-03-16 00:26:15.412758 https://zhutingmengyuanjd.fang.com/
Logger:2020-03-16 00:26:17.731607 https://daxincheng2.fang.com/
Logger:2020-03-16 00:26:17.997619 https://baoshenggongguan.fang.com/
Logger:2020-03-16 00:26:20.585073 https://tengyunhuayuanhr.fang.com/
Logger:2020-03-16 00:26:20.896827 https://xinchangyuyuan.fang.com/
Logger:2020-03-16 00:26:21.178011 https://nanguoyuanqingshuiwan.fang.com/
Logger:2020-03-16 00:26:21.459782 https://huafujgy.fang.com/
Logger:2020-03-16 00:26:21.756729 https://canbangcheng.fang.com/
Logger:2020-03-16 00:26:23.693527 https://boyafujhxc.fang.com/
Logger:2020-03-16 00:26:23.927361 https://xingfumofang3.fang.com/
Logger:2020-03-16 00:26:28.138429 https://vchengshizl.fang.com/
Logger:2020-03-16 00:26:30.277146 https://rongchenghuatingfkj.fang.com/
Logger:2020-03-16 00:26:30.527582 https://huamaozhognxin.fang.com/
Logger:2020-03-16 00:26:30.777075 https://yuxishan.fang.com/
Logger:2020-03-16 00:26:34.141687 https://huizhou.newhouse.fang.com/house/s/b915/
Logger:2020-03-16 00:26:34.454321 https://haiyuebandao.fang.com/
Logger:2020-03-16 00:26:34.719675 https://tianlangmingtingya0752.fang.com/
Logger:2020-03-16 00:26:36.531839 https://junyuehuating0752.fang.com/
Logger:2020-03-16 00:26:36.750880 https://lantingwanwy.fang.com/
Logger:2020-03-16 00:26:37.048008 https://caihonglifz.fang.com/
Logger:2020-03-16 00:26:37.297204 https://poershijiach.fang.com/
Logger:2020-03-16 00:26:37.548051 https://hongrundieyun.fang.com/
Logger:2020-03-16 00:26:37.829909 https://zhuoyuehefu.fang.com/
Logger:2020-03-16 00:26:38.126084 https://yuhaoting0752.fang.com/
Logger:2020-03-16 00:26:40.606294 https://jiangpanhuayuanxx.fang.com/
Logger:2020-03-16 00:26:43.292623 https://senlinhubgy.fang.com/
Logger:2020-03-16 00:26:43.605444 https://yunluhuayuanbgyzz.fang.com/
Logger:2020-03-16 00:26:45.632773 https://mingzhuhuayuanhh.fang.com/
Logger:2020-03-16 00:26:45.913955 https://shuianlidu0752.fang.com/
Logger:2020-03-16 00:26:46.194861 https://xilinmen0752.fang.com/
Logger:2020-03-16 00:26:46.532083 https://shimaowangjin.fang.com/
Logger:2020-03-16 00:26:46.782611 https://tiananlongcheng.fang.com/
Logger:2020-03-16 00:26:48.390602 https://jindiwanrtd.fang.com/
Logger:2020-03-16 00:26:48.694286 https://gemeigongguan.fang.com/
Logger:2020-03-16 00:26:48.928067 https://jinxiuyipin.fang.com/
Logger:2020-03-16 00:26:52.680282 https://huizhou.newhouse.fang.com/house/s/b916/
Logger:2020-03-16 00:26:52.882642 https://lufenglongguangjiulongfu.fang.com/
Logger:2020-03-16 00:26:53.211233 https://zhixiangmingyuan.fang.com/
Logger:2020-03-16 00:26:53.460630 https://hongtaihuayuan0752.fang.com/
Logger:2020-03-16 00:26:53.726286 https://bolintengrui.fang.com/
Logger:2020-03-16 00:26:53.991755 https://shangxiahuting.fang.com/
Logger:2020-03-16 00:26:54.335423 https://bozuangongguanhh.fang.com/
Logger:2020-03-16 00:26:54.601370 https://bojingwan0752.fang.com/
Logger:2020-03-16 00:26:54.882618 https://yuanwangyihao.fang.com/
Logger:2020-03-16 00:26:55.195161 https://huabianlingdongls.fang.com/
Logger:2020-03-16 00:26:55.460159 https://pingyizhongxincheng.fang.com/
Logger:2020-03-16 00:26:55.735386 https://yuchengshuidu.fang.com/
Logger:2020-03-16 00:26:56.001047 https://yueshanjunhjdj.fang.com/
Logger:2020-03-16 00:26:56.329188 https://qingningshidaihzhb.fang.com/
Logger:2020-03-16 00:26:56.588297 https://shunqichenghaoting.fang.com/
Logger:2020-03-16 00:27:02.945021 https://shuianhuashan.fang.com/
Logger:2020-03-16 00:27:03.211004 https://jiuyufujg.fang.com/
Logger:2020-03-16 00:27:05.318338 https://huizhou.newhouse.fang.com/house/2817162714.htm
Logger:2020-03-16 00:27:07.021273 https://qianlonghuafu.fang.com/
Logger:2020-03-16 00:27:07.270594 https://yundinghaianhuayuan.fang.com/
Logger:2020-03-16 00:27:07.504913 https://yingyuechenght.fang.com/
Logger:2020-03-16 00:27:11.180471 https://huizhou.newhouse.fang.com/house/s/b917/
Logger:2020-03-16 00:27:11.383185 https://hualinyuan0752.fang.com/
Logger:2020-03-16 00:27:11.649279 https://shangshangongguanlf.fang.com/
Logger:2020-03-16 00:27:11.945522 https://jiaheyuanft.fang.com/
Logger:2020-03-16 00:27:12.195478 https://honghaijinan.fang.com/
Logger:2020-03-16 00:27:12.476690 https://shanglinyuan0752.fang.com/
Logger:2020-03-16 00:27:15.216256 https://shilishuiwanjh.fang.com/
Logger:2020-03-16 00:27:15.528683 https://yishanhuys.fang.com/
Logger:2020-03-16 00:27:15.794245 https://rongshenghuafu0752.fang.com/
Logger:2020-03-16 00:27:16.028564 https://yulanwanpy.fang.com/
Logger:2020-03-16 00:27:19.436792 https://dongshanhaiandujiayuan.fang.com/
Logger:2020-03-16 00:27:19.718690 https://163736.fang.com/
Logger:2020-03-16 00:27:19.968607 https://xinlilanwan.fang.com/
Logger:2020-03-16 00:27:20.218337 https://zhongxinjzy0752.fang.com/
Logger:2020-03-16 00:27:22.161955 https://luofuyinxiang.fang.com/
Logger:2020-03-16 00:27:22.473686 https://mikeshequ.fang.com/
Logger:2020-03-16 00:27:22.715801 https://haibowanhuayuanshh.fang.com/
Logger:2020-03-16 00:27:22.950398 https://hengtaiyuefeng.fang.com/
Logger:2020-03-16 00:27:23.200407 https://haolitianhui.fang.com/
Logger:2020-03-16 00:27:23.512202 https://163832.fang.com/
Logger:2020-03-16 00:27:23.793346 https://jiulonghuayuanlg2.fang.com/
Logger:2020-03-16 00:27:27.311211 https://huizhou.newhouse.fang.com/house/s/b918/
Logger:2020-03-16 00:27:27.498337 https://nanguomingzhu0752.fang.com/5/
Logger:2020-03-16 00:27:30.611098 https://sywwdmzzhtdjjd.fang.com/
Logger:2020-03-16 00:27:31.662896 https://biguiyuanmingyuexigu.fang.com/
Logger:2020-03-16 00:27:35.224936 https://huizhou.newhouse.fang.com/house/s/b919/
Logger:2020-03-16 00:27:38.729685 https://huizhou.newhouse.fang.com/house/s/b920/
Logger:2020-03-16 00:27:42.188201 https://huizhou.newhouse.fang.com/house/s/b921/
