Logger:2020-03-16 16:04:36.798401 https://huludao.newhouse.fang.com/house/s/b91/
Logger:2020-03-16 16:04:39.659881 https://shanhaitongwan0429.fang.com/
Logger:2020-03-16 16:04:40.043533 https://dongdaihejzy.fang.com/
Logger:2020-03-16 16:04:40.387142 https://guanhaiguoji0429.fang.com/
Logger:2020-03-16 16:04:40.761167 https://jiazhouhaian.fang.com/
Logger:2020-03-16 16:04:41.190019 https://bojinshuian0429.fang.com/
Logger:2020-03-16 16:04:41.519139 https://haiyunxingcheng0429.fang.com/
Logger:2020-03-16 16:04:41.867351 https://kangtingmeishu.fang.com/
Logger:2020-03-16 16:04:46.437647 https://dushihuayuan0429.fang.com/
Logger:2020-03-16 16:04:49.122445 https://hongjingguoji0429.fang.com/
Logger:2020-03-16 16:04:49.459543 https://guofenghaiansk.fang.com/
Logger:2020-03-16 16:04:49.805024 https://wanxiangjiayuan.fang.com/
Logger:2020-03-16 16:04:50.192954 https://junshanyipin.fang.com/
Logger:2020-03-16 16:04:50.596893 https://xingyunfu.fang.com/
Logger:2020-03-16 16:04:51.204581 https://shouchuanghuaxi.fang.com/
Logger:2020-03-16 16:04:51.552940 https://jiashanshuqr.fang.com/
Logger:2020-03-16 16:04:52.163336 https://bohailongjianghuayuan.fang.com/
Logger:2020-03-16 16:04:52.840582 https://lhgjhy.fang.com/
Logger:2020-03-16 16:04:53.177099 https://shuimuxinju.fang.com/
Logger:2020-03-16 16:04:53.500235 https://diaoyutaisanhaoyuan.fang.com/
Logger:2020-03-16 16:04:55.774079 https://xindihaoxincun.fang.com/
Logger:2020-03-16 16:04:59.656883 https://huludao.newhouse.fang.com/house/s/b92/
Logger:2020-03-16 16:05:03.245422 https://honghaiwan.fang.com/
Logger:2020-03-16 16:05:03.535165 https://hengfengshangpin.fang.com/
Logger:2020-03-16 16:05:03.856397 https://jinyuhuachengly.fang.com/
Logger:2020-03-16 16:05:04.275276 https://xianglinshuian.fang.com/
Logger:2020-03-16 16:05:04.702165 https://shouchuangxiangshu.fang.com/
Logger:2020-03-16 16:05:05.042811 https://yidenghai.fang.com/
Logger:2020-03-16 16:05:05.376475 https://xuefuyayuan0429.fang.com/
Logger:2020-03-16 16:05:08.873617 https://lijingjiayuan0429.fang.com/
Logger:2020-03-16 16:05:09.198710 https://huangjianyushu.fang.com/
Logger:2020-03-16 16:05:09.578053 https://zhongyanggongyuanhy.fang.com/
Logger:2020-03-16 16:05:09.917126 https://kaiyuehaoting2.fang.com/
Logger:2020-03-16 16:05:10.282149 https://fudayuan0429.fang.com/
Logger:2020-03-16 16:05:10.646176 https://leduhuigongguan.fang.com/
Logger:2020-03-16 16:05:10.981803 https://shanhebandao.fang.com/
Logger:2020-03-16 16:05:11.320896 https://langqinwanshu.fang.com/
Logger:2020-03-16 16:05:11.757731 https://wenquanxiaozhenlswjs.fang.com/
Logger:2020-03-16 16:05:14.183893 https://gelinxiaozhen0429.fang.com/
Logger:2020-03-16 16:05:15.156138 https://shouchuanglongwan.fang.com/
Logger:2020-03-16 16:05:17.365339 https://jinjingjiayuan0429.fang.com/
Logger:2020-03-16 16:05:18.951625 https://zhongyangguojicheng.fang.com/
Logger:2020-03-16 16:05:22.696842 https://huludao.newhouse.fang.com/house/s/b93/
Logger:2020-03-16 16:05:27.234883 https://jinghailanwanhj.fang.com/
Logger:2020-03-16 16:05:27.579327 https://shijianhaiht.fang.com/
Logger:2020-03-16 16:05:27.908699 https://shijiyayuan0429.fang.com/
Logger:2020-03-16 16:05:28.293608 https://kaisenmenghuafu.fang.com/
Logger:2020-03-16 16:05:28.637688 https://liyuandijing0429.fang.com/
Logger:2020-03-16 16:05:29.195223 https://shanhailongcheng.fang.com/
Logger:2020-03-16 16:05:29.543958 https://jinwuhuafurj.fang.com/
Logger:2020-03-16 16:05:29.932908 https://fuduhuayuan.fang.com/
Logger:2020-03-16 16:05:33.467821 https://ssmzwlt.fang.com/
Logger:2020-03-16 16:05:33.801927 https://heyuang.fang.com/
Logger:2020-03-16 16:05:34.115089 https://haitianyi0429.fang.com/
Logger:2020-03-16 16:05:36.368847 https://yuhailongwan0429.fang.com/
Logger:2020-03-16 16:05:36.662669 https://dongfanglicheng.fang.com/
Logger:2020-03-16 16:05:36.999767 https://lvyeshanzhuang.fang.com/
Logger:2020-03-16 16:05:37.610134 https://jinghuiguangsha.fang.com/
Logger:2020-03-16 16:05:37.989193 https://qhylw.fang.com/
Logger:2020-03-16 16:05:38.585693 https://qingnianchengbs.fang.com/
Logger:2020-03-16 16:05:38.947690 https://guanhaishoufutt.fang.com/
Logger:2020-03-16 16:05:39.295748 https://binchengmeiyuan.fang.com/
Logger:2020-03-16 16:05:40.294842 https://guancanghaihj.fang.com/
Logger:2020-03-16 16:05:44.017691 https://huludao.newhouse.fang.com/house/s/b94/
Logger:2020-03-16 16:05:44.335840 https://yangguanghailandao.fang.com/
Logger:2020-03-16 16:05:44.648526 https://shanhaitingtaoyt.fang.com/
Logger:2020-03-16 16:05:45.033498 https://xiangmanhuaduqy.fang.com/
Logger:2020-03-16 16:05:47.725162 https://jinkelanwan.fang.com/
Logger:2020-03-16 16:05:48.030193 https://xinghexiaozhen.fang.com/
Logger:2020-03-16 16:05:48.361527 https://lijingguoji0429.fang.com/
Logger:2020-03-16 16:05:48.779847 https://kuntaiyunzhu.fang.com/
Logger:2020-03-16 16:05:50.938307 https://zijinjiayuan0429.fang.com/
Logger:2020-03-16 16:05:55.229998 https://huludao.newhouse.fang.com/house/1610795273.htm
Logger:2020-03-16 16:05:55.597287 https://shuianluzhou.fang.com/
Logger:2020-03-16 16:05:55.976331 https://haiyunxinyuan0429.fang.com/
Logger:2020-03-16 16:06:05.008413 https://xinghewan0429.fang.com/
Logger:2020-03-16 16:06:07.583293 https://huafukangjunjw.fang.com/
Logger:2020-03-16 16:06:10.684015 https://qianyuanshanzhuang.fang.com/
Logger:2020-03-16 16:06:11.036075 https://heshengtiandaihe.fang.com/
Logger:2020-03-16 16:06:11.483889 https://haiyibandao.fang.com/
Logger:2020-03-16 16:06:12.098675 https://ytcmomabjhagy.fang.com/
Logger:2020-03-16 16:06:12.456752 https://basailuona.fang.com/
Logger:2020-03-16 16:06:15.790915 https://yangguangjiayuan0429.fang.com/
Logger:2020-03-16 16:06:17.210131 https://shuangxingliuyuetian.fang.com/
Logger:2020-03-16 16:06:20.800575 https://huludao.newhouse.fang.com/house/s/b95/
Logger:2020-03-16 16:06:21.170589 https://hongyunxincheng.fang.com/
Logger:2020-03-16 16:06:21.468787 https://ningyuanchengyx0429.fang.com/
Logger:2020-03-16 16:06:21.866723 https://hepanhuayuan0429.fang.com/
Logger:2020-03-16 16:06:29.486664 https://shanhaiwanzp.fang.com/
Logger:2020-03-16 16:06:31.453282 https://shanchengluyuan0429.fang.com/
Logger:2020-03-16 16:06:31.814011 https://xinhongshengshi.fang.com/
Logger:2020-03-16 16:06:35.238590 https://shangdongshengjingjy.fang.com/
Logger:2020-03-16 16:06:35.614866 https://haishangdiaoyutai.fang.com/
Logger:2020-03-16 16:06:36.997936 https://jintianyishidaiguangchang.fang.com/
Logger:2020-03-16 16:06:38.869845 https://bohaiyuyuan.fang.com/
Logger:2020-03-16 16:06:39.325765 https://jhdyh.fang.com/
Logger:2020-03-16 16:06:39.632435 https://shuiyinchangcheng0429.fang.com/
Logger:2020-03-16 16:06:40.178000 https://kaidishengbao.fang.com/
Logger:2020-03-16 16:06:42.954605 https://hydsht.fang.com/
Logger:2020-03-16 16:06:43.368509 https://caifuguangchangfew.fang.com/
Logger:2020-03-16 16:06:44.722843 https://hsbftyc.fang.com/
Logger:2020-03-16 16:06:45.034457 https://dushihuating0429.fang.com/
Logger:2020-03-16 16:06:48.364686 https://shidaiguangchangjty.fang.com/
Logger:2020-03-16 16:06:55.794036 https://yangguangchengjs.fang.com/
Logger:2020-03-16 16:06:58.316542 https://lxncpjyzx.fang.com/
Logger:2020-03-16 16:07:01.965822 https://huludao.newhouse.fang.com/house/s/b96/
Logger:2020-03-16 16:07:02.266065 https://fudongjingyuan.fang.com/
Logger:2020-03-16 16:07:02.584195 https://lyxfl.fang.com/
Logger:2020-03-16 16:07:08.775722 https://wenhuaxingcheng0429.fang.com/
Logger:2020-03-16 16:07:09.306348 https://wanlongbibohuayuan.fang.com/
Logger:2020-03-16 16:07:09.840442 https://jtyzd.fang.com/
Logger:2020-03-16 16:07:10.174533 https://lanwanyipin.fang.com/
Logger:2020-03-16 16:07:10.606378 https://fangdaxingcheng.fang.com/
Logger:2020-03-16 16:07:10.952928 https://shufangyua0429.fang.com/7/
Logger:2020-03-16 16:07:11.467524 https://bhmzjymf.fang.com/
Logger:2020-03-16 16:07:13.740785 https://xcsxfdjlgwgc.fang.com/
Logger:2020-03-16 16:07:15.915763 https://jktskn.fang.com/
Logger:2020-03-16 16:07:20.618891 https://xhphy.fang.com/
Logger:2020-03-16 16:07:22.345863 https://hxwyn.fang.com/
Logger:2020-03-16 16:07:22.746767 https://bhmzjymf0429.fang.com/
Logger:2020-03-16 16:07:23.163696 https://shufangyuan0429.fang.com/6/
Logger:2020-03-16 16:07:23.473911 https://xldjtd7j0429.fang.com/
Logger:2020-03-16 16:07:23.794981 https://zhujianyupin.fang.com/
Logger:2020-03-16 16:07:26.505662 https://xfsmc0429.fang.com/
Logger:2020-03-16 16:07:26.903182 https://hxgjwjqpc.fang.com/
Logger:2020-03-16 16:07:29.759286 https://xinghewanyd.fang.com/
Logger:2020-03-16 16:07:33.057902 https://huludao.newhouse.fang.com/house/s/b97/
Logger:2020-03-16 16:07:33.290280 https://zhongjilongwan.fang.com/
Logger:2020-03-16 16:07:33.635381 https://yidaxinyuan.fang.com/
Logger:2020-03-16 16:07:34.297276 https://lirengongyu.fang.com/
Logger:2020-03-16 16:07:37.946107 https://huludao.newhouse.fang.com/house/s/b98/
Logger:2020-03-16 16:07:41.482922 https://huludao.newhouse.fang.com/house/s/b99/
Logger:2020-03-16 16:07:45.343941 https://huludao.newhouse.fang.com/house/s/b910/
