Logger:2020-03-15 22:08:43.550496 https://huoqiu.newhouse.fang.com/house/s/b91/
Logger:2020-03-15 22:08:43.864726 https://xurishangcheng.fang.com/
Logger:2020-03-15 22:08:44.253629 https://huoqiuyulongwan.fang.com/
Logger:2020-03-15 22:08:44.637974 https://0564yangguangjiaricheng.fang.com/
Logger:2020-03-15 22:08:45.076665 https://antianhuafu.fang.com/
Logger:2020-03-15 22:08:45.454143 https://0564xuefushangyejie.fang.com/
Logger:2020-03-15 22:08:45.841183 https://longdibinshuicheng.fang.com/
Logger:2020-03-15 22:08:46.221157 https://lianhuashengjingjiayuan.fang.com/
Logger:2020-03-15 22:08:46.626073 https://0564shengshihaoting.fang.com/
Logger:2020-03-15 22:08:47.164596 https://xihudidujinyuan.fang.com/
Logger:2020-03-15 22:08:49.910576 https://huifengguojicheng.fang.com/
Logger:2020-03-15 22:08:50.342470 https://huoqiudamingcheng.fang.com/
Logger:2020-03-15 22:08:50.843045 https://anjuyuan0564.fang.com/
Logger:2020-03-15 22:08:51.204368 https://jinchengguojiguangchang0564.fang.com/
Logger:2020-03-15 22:08:51.553410 https://huataixiaoqu0538.fang.com/
Logger:2020-03-15 22:08:51.892489 https://surunchengshiguangchang.fang.com/
Logger:2020-03-15 22:08:52.298952 https://guangyuanwenhuadasha.fang.com/
Logger:2020-03-15 22:08:52.646020 https://zijingyuan564.fang.com/
Logger:2020-03-15 22:08:53.007060 https://huishangdashichang.fang.com/
Logger:2020-03-15 22:08:56.309869 https://mengjizhenzonghedashichang.fang.com/
Logger:2020-03-15 22:08:56.715759 https://wananlianhedashashangwugongyu.fang.com/
Logger:2020-03-15 22:09:00.480982 https://huoqiu.newhouse.fang.com/house/s/b92/
Logger:2020-03-15 22:09:00.705383 https://ronghuishangmaojie.fang.com/
Logger:2020-03-15 22:09:01.056443 https://pengtashangyejie.fang.com/
Logger:2020-03-15 22:09:04.915573 https://huoqiu.newhouse.fang.com/house/s/b93/
Logger:2020-03-15 22:09:08.620537 https://huoqiu.newhouse.fang.com/house/s/b94/
Logger:2020-03-15 22:09:12.069913 https://huoqiu.newhouse.fang.com/house/s/b95/
