Logger:2020-03-17 00:30:25.932520 https://huzhou.newhouse.fang.com/house/s/b91/
Logger:2020-03-17 00:30:26.170876 https://shilichunxiaobjzl.fang.com/
Logger:2020-03-17 00:30:26.411197 https://xiruitaihusc.fang.com/
Logger:2020-03-17 00:30:26.663547 https://junruifuhd0572.fang.com/
Logger:2020-03-17 00:30:27.002615 https://yuechenfurc.fang.com/
Logger:2020-03-17 00:30:27.252945 https://taihushoufuhd.fang.com/
Logger:2020-03-17 00:30:27.488362 https://jiangnantaoyuan.fang.com/
Logger:2020-03-17 00:30:28.037845 https://hushanfuay.fang.com/
Logger:2020-03-17 00:30:28.376941 https://yuelongwanhd.fang.com/
Logger:2020-03-17 00:30:28.639280 https://kongquechengxnx.fang.com/
Logger:2020-03-17 00:30:28.904527 https://huzhoufurc.fang.com/
Logger:2020-03-17 00:30:29.962696 https://yuelongtaihd0572.fang.com/
Logger:2020-03-17 00:30:30.264931 https://baolitangyue0572.fang.com/
Logger:2020-03-17 00:30:30.546181 https://jiangshanfubgy0572.fang.com/
Logger:2020-03-17 00:30:30.848327 https://banshanguojinf.fang.com/
Logger:2020-03-17 00:30:31.154551 https://baolitangxi.fang.com/
Logger:2020-03-17 00:30:31.473655 https://rongyuesijidafa.fang.com/
Logger:2020-03-17 00:30:31.740939 https://xunzhuangdx.fang.com/
Logger:2020-03-17 00:30:32.073051 https://zhaxitaoyuan.fang.com/
Logger:2020-03-17 00:30:32.327370 https://linxizhuyuajhd.fang.com/
Logger:2020-03-17 00:30:33.582061 https://shidaigongguandxdj.fang.com/
Logger:2020-03-17 00:30:36.819384 https://huzhou.newhouse.fang.com/house/s/b92/
Logger:2020-03-17 00:30:37.050736 https://rongjingyuanrxrc.fang.com/
Logger:2020-03-17 00:30:37.368885 https://hushanfurcjc.fang.com/
Logger:2020-03-17 00:30:37.662138 https://wuyueguangchangnx0572.fang.com/
Logger:2020-03-17 00:30:37.931426 https://dexinsongduyunxiyayuan.fang.com/
Logger:2020-03-17 00:30:38.167786 https://dongchengshidaishangyezhongxin.fang.com/
Logger:2020-03-17 00:30:38.392188 https://liyuan20572.fang.com/
Logger:2020-03-17 00:30:38.636535 https://xijiangyuebjyct.fang.com/
Logger:2020-03-17 00:30:38.934695 https://yunlongwansm.fang.com/
Logger:2020-03-17 00:30:39.168070 https://rongyuejinyuandfdg.fang.com/
Logger:2020-03-17 00:30:39.412416 https://shixinfu.fang.com/
Logger:2020-03-17 00:30:39.693709 https://yangguangyuanht.fang.com/
Logger:2020-03-17 00:30:39.968970 https://tianlanwanss.fang.com/
Logger:2020-03-17 00:30:40.248181 https://longxifeicui.fang.com/
Logger:2020-03-17 00:30:40.504496 https://mingyuefenghuabl.fang.com/
Logger:2020-03-17 00:30:42.517161 https://binjiangguojiyjl.fang.com/
Logger:2020-03-17 00:30:42.872161 https://yihaoyuanyh.fang.com/
Logger:2020-03-17 00:30:45.226893 https://xueshifuzc.fang.com/
Logger:2020-03-17 00:30:45.495145 https://boyuefubjy.fang.com/
Logger:2020-03-17 00:30:47.175649 https://aj.newhouse.fang.com/house/2050284514.htm
Logger:2020-03-17 00:30:47.429969 https://aj.newhouse.fang.com/house/2050284536.htm
Logger:2020-03-17 00:30:50.660327 https://huzhou.newhouse.fang.com/house/s/b93/
Logger:2020-03-17 00:30:50.913649 https://beishangwan0572.fang.com/
Logger:2020-03-17 00:30:51.172956 https://meilaiguoji.fang.com/
Logger:2020-03-17 00:30:51.513046 https://hdlxj0572.fang.com/
Logger:2020-03-17 00:30:51.773434 https://xingluyuanxx.fang.com/
Logger:2020-03-17 00:30:52.004763 https://taihuyinrc.fang.com/
Logger:2020-03-17 00:30:53.957543 https://yuanliangwanyuanshu.fang.com/
Logger:2020-03-17 00:30:54.266712 https://mingshifuzc.fang.com/
Logger:2020-03-17 00:30:54.544976 https://tianyuefu0572.fang.com/
Logger:2020-03-17 00:30:54.843182 https://yongjingwanss.fang.com/
Logger:2020-03-17 00:30:55.097481 https://qunxianfuxsjt.fang.com/
Logger:2020-03-17 00:30:55.408667 https://huyuetianjing0572.fang.com/
Logger:2020-03-17 00:30:55.653007 https://gygefzymgs.fang.com/
Logger:2020-03-17 00:30:55.884352 https://balichuntian0572.fang.com/
Logger:2020-03-17 00:30:56.133684 https://hanlinshijia.fang.com/
Logger:2020-03-17 00:30:57.612729 https://xinchengwuyueguangchang0572.fang.com/
Logger:2020-03-17 00:30:59.554533 https://huzhouyihaofl.fang.com/
Logger:2020-03-17 00:30:59.844799 https://taihujiankangchengxy.fang.com/
Logger:2020-03-17 00:31:00.119024 https://xilinyueaj.fang.com/
Logger:2020-03-17 00:31:00.650643 https://shiliunxxm.fang.com/
Logger:2020-03-17 00:31:00.889007 https://shouchuangyuefu0572.fang.com/
Logger:2020-03-17 00:31:04.151236 https://huzhou.newhouse.fang.com/house/s/b94/
Logger:2020-03-17 00:31:06.080077 https://yunshanxinyuxs.fang.com/
Logger:2020-03-17 00:31:06.409196 https://nanxungongguanbgy.fang.com/
Logger:2020-03-17 00:31:06.686497 https://hengdayufeng0572.fang.com/
Logger:2020-03-17 00:31:06.952784 https://renhuangfuyunjindj.fang.com/
Logger:2020-03-17 00:31:07.224016 https://binhuchengbgy0572.fang.com/
Logger:2020-03-17 00:31:07.528245 https://xckgjjy.fang.com/
Logger:2020-03-17 00:31:07.793494 https://fulicheng0572.fang.com/
Logger:2020-03-17 00:31:08.045861 https://shilichunfengbjy.fang.com/
Logger:2020-03-17 00:31:08.334048 https://liuanhefenglc0572.fang.com/
Logger:2020-03-17 00:31:08.679199 https://taihulanting.fang.com/
Logger:2020-03-17 00:31:08.947407 https://zanchengyinlu.fang.com/
Logger:2020-03-17 00:31:09.196770 https://hudongfu.fang.com/
Logger:2020-03-17 00:31:09.483016 https://lunenggongguan20572.fang.com/
Logger:2020-03-17 00:31:09.840060 https://blxhc0572.fang.com/
Logger:2020-03-17 00:31:10.080375 https://dachengshoufutj.fang.com/
Logger:2020-03-17 00:31:10.326716 https://xinduhuixc.fang.com/
Logger:2020-03-17 00:31:10.563126 https://jiayuan0572.fang.com/
Logger:2020-03-17 00:31:10.865274 https://xcddh0572.fang.com/
Logger:2020-03-17 00:31:11.181477 https://shushanyayuan.fang.com/
Logger:2020-03-17 00:31:13.847298 https://xinduhuibojingca.fang.com/
Logger:2020-03-17 00:31:17.078702 https://huzhou.newhouse.fang.com/house/s/b95/
Logger:2020-03-17 00:31:17.408775 https://zhenghongfurh.fang.com/
Logger:2020-03-17 00:31:17.675060 https://yujingxinchengdg.fang.com/
Logger:2020-03-17 00:31:19.967963 https://guomaorenhuang.fang.com/
Logger:2020-03-17 00:31:20.222277 https://jinchengyipin0572.fang.com/
Logger:2020-03-17 00:31:20.508517 https://yangshanchenyuan.fang.com/
Logger:2020-03-17 00:31:22.464246 https://langtingaks.fang.com/
Logger:2020-03-17 00:31:22.709590 https://chengshizhiguanghzbgy.fang.com/
Logger:2020-03-17 00:31:22.970891 https://yongjinyuanlghz.fang.com/
Logger:2020-03-17 00:31:23.336961 https://yulongwan0572.fang.com/
Logger:2020-03-17 00:31:23.621175 https://jinmaoyuerh.fang.com/
Logger:2020-03-17 00:31:23.883449 https://aoyuanyihao.fang.com/
Logger:2020-03-17 00:31:24.153761 https://fengxiyunlu.fang.com/
Logger:2020-03-17 00:31:24.461902 https://xiangshengxunyue.fang.com/
Logger:2020-03-17 00:31:24.712274 https://juntinghd.fang.com/
Logger:2020-03-17 00:31:26.355837 https://tianjiyunshu.fang.com/
Logger:2020-03-17 00:31:28.307656 https://longxifuay.fang.com/
Logger:2020-03-17 00:31:28.581882 https://yuejiangnanxsjt.fang.com/
Logger:2020-03-17 00:31:28.871139 https://xiangshengjunyue0572.fang.com/
Logger:2020-03-17 00:31:29.117473 https://changdaofu.fang.com/
Logger:2020-03-17 00:31:29.366812 https://jinlingyuefuhd.fang.com/
Logger:2020-03-17 00:31:32.641063 https://huzhou.newhouse.fang.com/house/s/b96/
Logger:2020-03-17 00:31:34.770372 https://zhongliangshoufu0572.fang.com/
Logger:2020-03-17 00:31:35.016702 https://dongduxiyue0572.fang.com/
Logger:2020-03-17 00:31:36.746078 https://xinyeicc.fang.com/
Logger:2020-03-17 00:31:37.044242 https://mengxiangchenghuzhou.fang.com/
Logger:2020-03-17 00:31:37.306586 https://lvyoudasha0572.fang.com/
Logger:2020-03-17 00:31:37.571830 https://guojiguangchangdw.fang.com/
Logger:2020-03-17 00:31:37.860102 https://suningshenghuoguangchanghz.fang.com/
Logger:2020-03-17 00:31:38.182198 https://jxlahyaj.fang.com/
Logger:2020-03-17 00:31:38.446534 https://xishanchenyuanrc.fang.com/
Logger:2020-03-17 00:31:38.690881 https://dexinjiayuan0572.fang.com/
Logger:2020-03-17 00:31:38.945159 https://xihuguandiflld.fang.com/
Logger:2020-03-17 00:31:39.286245 https://youyouxuefu.fang.com/
Logger:2020-03-17 00:31:39.546584 https://zanchenghaiyue.fang.com/
Logger:2020-03-17 00:31:40.992728 https://fangangguantang.fang.com/
Logger:2020-03-17 00:31:41.256973 https://hzaijiahuacheng.fang.com/
Logger:2020-03-17 00:31:41.517320 https://xczhongyanggongyuanbgy.fang.com/
Logger:2020-03-17 00:31:41.855404 https://dachangfuct.fang.com/
Logger:2020-03-17 00:31:43.713420 https://xingyuexx.fang.com/
Logger:2020-03-17 00:31:43.966762 https://kongquecheng0572.fang.com/
Logger:2020-03-17 00:31:44.208078 https://jinseshuian.fang.com/
Logger:2020-03-17 00:31:47.853326 https://huzhou.newhouse.fang.com/house/s/b97/
Logger:2020-03-17 00:31:48.091727 https://tianjijiushu.fang.com/
Logger:2020-03-17 00:31:48.359014 https://yuxihuflc.fang.com/
Logger:2020-03-17 00:31:48.606350 https://shangpinxuefudd.fang.com/
Logger:2020-03-17 00:31:50.628931 https://gongyuanlict0572.fang.com/
Logger:2020-03-17 00:31:50.886213 https://langjingyy.fang.com/
Logger:2020-03-17 00:31:51.132554 https://feicuiwanbgy0572.fang.com/
Logger:2020-03-17 00:31:54.102609 https://fangangrunyuan.fang.com/
Logger:2020-03-17 00:31:56.713624 https://hengdajhcq.fang.com/
Logger:2020-03-17 00:31:56.971933 https://langjunza.fang.com/
Logger:2020-03-17 00:31:57.213289 https://xiiangzhangyuangm.fang.com/
Logger:2020-03-17 00:31:57.499522 https://donghuafujl.fang.com/
Logger:2020-03-17 00:31:57.806737 https://zhongliangguobinfu.fang.com/
Logger:2020-03-17 00:31:58.057072 https://mengxiangchenggm.fang.com/
Logger:2020-03-17 00:31:58.323317 https://banshanmeishu.fang.com/
Logger:2020-03-17 00:32:02.934026 https://shuianlantingxh.fang.com/
Logger:2020-03-17 00:32:03.227231 https://hzscxz.fang.com/
Logger:2020-03-17 00:32:05.159031 https://wanhuiguangchang0572.fang.com/
Logger:2020-03-17 00:32:06.631129 https://mhdgcgh.fang.com/
Logger:2020-03-17 00:32:06.857526 https://jiayuandushi0572.fang.com/
Logger:2020-03-17 00:32:08.885107 https://dongfangyuexs0572.fang.com/
Logger:2020-03-17 00:32:12.624061 https://huzhou.newhouse.fang.com/house/s/b98/
Logger:2020-03-17 00:32:14.556928 https://xiyuebgy0572.fang.com/
Logger:2020-03-17 00:32:14.824174 https://xinghuibandao.fang.com/2/
Logger:2020-03-17 00:32:15.290926 https://taihutiandigl.fang.com/
Logger:2020-03-17 00:32:15.590168 https://lixiangchength.fang.com/
Logger:2020-03-17 00:32:15.935245 https://hongbowan.fang.com/
Logger:2020-03-17 00:32:16.239431 https://yangshanfudj.fang.com/
Logger:2020-03-17 00:32:16.537591 https://taihutiancuigl.fang.com/
Logger:2020-03-17 00:32:16.787958 https://jindingguojizb.fang.com/
Logger:2020-03-17 00:32:17.057202 https://xindohuica.fang.com/
Logger:2020-03-17 00:32:17.378343 https://huangjiahuayuanaj.fang.com/
Logger:2020-03-17 00:32:19.627326 https://haishangwan0572.fang.com/
Logger:2020-03-17 00:32:19.908574 https://fenghuangchengwl.fang.com/
Logger:2020-03-17 00:32:20.150928 https://yiheshanzhuang0572.fang.com/
Logger:2020-03-17 00:32:20.414257 https://fulichengxiqu.fang.com/
Logger:2020-03-17 00:32:22.104742 https://yishanjunay.fang.com/
Logger:2020-03-17 00:32:22.349046 https://hongqijingdu.fang.com/
Logger:2020-03-17 00:32:22.623313 https://yulanwansl0572.fang.com/
Logger:2020-03-17 00:32:22.853740 https://rhsshgcxy.fang.com/
Logger:2020-03-17 00:32:23.171885 https://huafutiandijingjie.fang.com/
Logger:2020-03-17 00:32:23.412200 https://zgtjbjdqxm.fang.com/
Logger:2020-03-17 00:32:26.642560 https://huzhou.newhouse.fang.com/house/s/b99/
Logger:2020-03-17 00:32:28.900567 https://hanlinjinjiezb.fang.com/
Logger:2020-03-17 00:32:29.701419 https://yueshanhuxs.fang.com/
Logger:2020-03-17 00:32:29.959686 https://taihumingyuelc.fang.com/
Logger:2020-03-17 00:32:30.211013 https://shuxiangyuansjsd.fang.com/
Logger:2020-03-17 00:32:30.460385 https://renhuangfujiuliandj.fang.com/
Logger:2020-03-17 00:32:30.761540 https://meianhuafu0572.fang.com/
Logger:2020-03-17 00:32:31.002893 https://huangjinshidaibgy0572.fang.com/
Logger:2020-03-17 00:32:31.323038 https://wushanjiayuanycgyyf.fang.com/
Logger:2020-03-17 00:32:31.554449 https://renhuangfuleshandj.fang.com/
Logger:2020-03-17 00:32:31.854652 https://fangangrunhe.fang.com/
Logger:2020-03-17 00:32:32.092035 https://tianxibgyhz.fang.com/
Logger:2020-03-17 00:32:32.344341 https://zuanshiwanbgy0572.fang.com/
Logger:2020-03-17 00:32:34.151471 https://jiuyueyangfang.fang.com/
Logger:2020-03-17 00:32:34.433747 https://xiaohejiangnanlc.fang.com/
Logger:2020-03-17 00:32:34.671124 https://fengdanyihaogd.fang.com/
Logger:2020-03-17 00:32:34.925431 https://taihuyuanzisl.fang.com/
Logger:2020-03-17 00:32:35.789090 https://meiquangongza0572.fang.com/
Logger:2020-03-17 00:32:37.716975 https://xianghehuayuanhz.fang.com/
Logger:2020-03-17 00:32:37.977238 https://xinhaijiangnanfu.fang.com/
Logger:2020-03-17 00:32:38.216648 https://taihuyin2tcfz.fang.com/
Logger:2020-03-17 00:32:41.444960 https://huzhou.newhouse.fang.com/house/s/b910/
Logger:2020-03-17 00:32:41.677338 https://huayuanlibgy.fang.com/
Logger:2020-03-17 00:32:44.227516 https://shuiangongguan0572.fang.com/
Logger:2020-03-17 00:32:45.789338 https://dongshenghefu.fang.com/
Logger:2020-03-17 00:32:46.917364 https://banyuewanxythjkc.fang.com/
Logger:2020-03-17 00:32:47.186638 https://yunfengyuan0572.fang.com/
Logger:2020-03-17 00:32:49.159366 https://linglongwan.fang.com/
Logger:2020-03-17 00:32:49.447552 https://wenquandaothjkc.fang.com/
Logger:2020-03-17 00:32:51.067299 https://weiyer26guantangyihao.fang.com/
Logger:2020-03-17 00:32:51.368443 https://dongchengjinyuan.fang.com/
Logger:2020-03-17 00:32:51.669647 https://ziyundongjuntx2.fang.com/
Logger:2020-03-17 00:32:51.933943 https://xinchengduhuilanting.fang.com/
Logger:2020-03-17 00:32:52.215186 https://liuanyayuan.fang.com/
Logger:2020-03-17 00:32:54.119055 https://aj.newhouse.fang.com/house/2050284532.htm
Logger:2020-03-17 00:32:54.390410 https://zhongnandasha0572.fang.com/
Logger:2020-03-17 00:32:54.637668 https://taiyangchenghj.fang.com/
Logger:2020-03-17 00:32:56.084796 https://xinchengduhuilanxuan.fang.com/
Logger:2020-03-17 00:32:56.336194 https://fujingtingca.fang.com/
Logger:2020-03-17 00:32:56.603451 https://huayueshangyeguangchang.fang.com/
Logger:2020-03-17 00:32:58.364741 https://guiyujiangnanlc0572.fang.com/
Logger:2020-03-17 00:32:58.620013 https://guanyunxiaozhenlc.fang.com/
Logger:2020-03-17 00:33:01.849376 https://huzhou.newhouse.fang.com/house/s/b911/
Logger:2020-03-17 00:33:02.114665 https://lvchengyuyuan.fang.com/
Logger:2020-03-17 00:33:02.425834 https://liuanhefenglc20572.fang.com/
Logger:2020-03-17 00:33:02.670218 https://dongjunhongshuwan.fang.com/
Logger:2020-03-17 00:33:02.931481 https://deqingjuntinghd.fang.com/
Logger:2020-03-17 00:33:03.185845 https://jiazhuyangyanghongjd.fang.com/
Logger:2020-03-17 00:33:03.476058 https://baleiyuyijingsc.fang.com/
Logger:2020-03-17 00:33:04.031573 https://yinghefudj.fang.com/
Logger:2020-03-17 00:33:04.293868 https://zhongyangfudi0572.fang.com/
Logger:2020-03-17 00:33:04.589046 https://deqingyihaoyuanzl.fang.com/
Logger:2020-03-17 00:33:04.809521 https://huayuanmingduxhp.fang.com/
Logger:2020-03-17 00:33:05.039840 https://binjianghupanchunxiao.fang.com/
Logger:2020-03-17 00:33:05.298149 https://fenghuangfubgy.fang.com/
Logger:2020-03-17 00:33:05.563440 https://yinxiangnanxunbgy.fang.com/
Logger:2020-03-17 00:33:07.366641 https://yuchengguiyuyangfang.fang.com/
Logger:2020-03-17 00:33:09.172784 https://boyuewan0572.fang.com/
Logger:2020-03-17 00:33:09.431124 https://huajingchuanyunhechenyuan.fang.com/
Logger:2020-03-17 00:33:09.675439 https://zhongzeyujiangshan.fang.com/
Logger:2020-03-17 00:33:11.116627 https://jiayuanguangchang0572.fang.com/
Logger:2020-03-17 00:33:12.754239 https://jinghongxuecheng.fang.com/
Logger:2020-03-17 00:33:13.138219 https://xiangxiyuefu.fang.com/
Logger:2020-03-17 00:33:16.906161 https://huzhou.newhouse.fang.com/house/s/b912/
Logger:2020-03-17 00:33:17.179402 https://kangshanxiaozhenhw.fang.com/
Logger:2020-03-17 00:33:17.407801 https://hanlinfuzb.fang.com/
Logger:2020-03-17 00:33:17.663071 https://weilaicheng0572.fang.com/
Logger:2020-03-17 00:33:17.915441 https://fujingtingjiuzunca.fang.com/
Logger:2020-03-17 00:33:18.274436 https://zhongyanggongguan0572.fang.com/
Logger:2020-03-17 00:33:19.537057 https://xunzhuangyuan.fang.com/
Logger:2020-03-17 00:33:20.784719 https://lanchengzunyuan2.fang.com/
Logger:2020-03-17 00:33:21.074944 https://moganxigu.fang.com/
Logger:2020-03-17 00:33:21.463951 https://yingxitaoyuanlc05722.fang.com/
Logger:2020-03-17 00:33:21.708296 https://xiangtiwan0572.fang.com/
Logger:2020-03-17 00:33:26.866477 https://yangguangyuefujd.fang.com/
Logger:2020-03-17 00:33:27.113820 https://meiduyufu05722.fang.com/
Logger:2020-03-17 00:33:27.427948 https://baoliyuanxiang2.fang.com/
Logger:2020-03-17 00:33:27.672331 https://xingchengongguan0572.fang.com/
Logger:2020-03-17 00:33:27.959527 https://linhangmeian.fang.com/
Logger:2020-03-17 00:33:28.243768 https://mingyuexingchengyh0572.fang.com/
Logger:2020-03-17 00:33:33.438910 https://yiliyangfangdx0572.fang.com/
Logger:2020-03-17 00:33:33.731129 https://dongfanggongguan2.fang.com/
Logger:2020-03-17 00:33:34.008346 https://dexinshangcheng.fang.com/
Logger:2020-03-17 00:33:34.297602 https://zhulizhuangmgxg.fang.com/
Logger:2020-03-17 00:33:37.551899 https://huzhou.newhouse.fang.com/house/s/b913/
Logger:2020-03-17 00:33:37.789230 https://shanglinshijia0572.fang.com/
Logger:2020-03-17 00:33:38.079496 https://dongfangfudh.fang.com/
Logger:2020-03-17 00:33:38.366723 https://manchenghsd.fang.com/
Logger:2020-03-17 00:33:38.902329 https://feicuiyuan0572.fang.com/
Logger:2020-03-17 00:33:41.320783 https://aotiyihaosh0572.fang.com/
Logger:2020-03-17 00:33:43.440152 https://guojigongyujyd.fang.com/
Logger:2020-03-17 00:33:43.918875 https://delanguangchangdx0572.fang.com/
Logger:2020-03-17 00:33:45.765938 https://dongxinjiayuan0572.fang.com/
Logger:2020-03-17 00:33:49.322377 https://huzhou.newhouse.fang.com/house/s/b914/
Logger:2020-03-17 00:33:53.089321 https://huzhou.newhouse.fang.com/house/s/b915/
Logger:2020-03-17 00:33:56.648780 https://huzhou.newhouse.fang.com/house/s/b916/
