Logger:2020-03-17 00:01:02.590484 https://hz.newhouse.fang.com/house/s/b91/
Logger:2020-03-17 00:01:09.657439 https://hangzhoufulizhongxin.fang.com/
Logger:2020-03-17 00:01:10.034429 https://binjiangyuhongfu.fang.com/
Logger:2020-03-17 00:01:10.412433 https://185346.fang.com/
Logger:2020-03-17 00:01:10.853908 https://zhaoshangboaozhixing.fang.com/
Logger:2020-03-17 00:01:11.266616 https://shidaitianjing0571.fang.com/
Logger:2020-03-17 00:01:13.298895 https://185188.fang.com/
Logger:2020-03-17 00:01:13.706528 https://xinxiwangbinjiangjinlinfu.fang.com/
Logger:2020-03-17 00:01:14.053600 https://xindadonglaifu.fang.com/
Logger:2020-03-17 00:01:14.437322 https://guochenfu.fang.com/
Logger:2020-03-17 00:01:15.935650 https://lhgzbjltz.fang.com/
Logger:2020-03-17 00:01:16.334651 https://baoyixianghuheyuan.fang.com/
Logger:2020-03-17 00:01:16.688636 https://jinmaofudc.fang.com/
Logger:2020-03-17 00:01:17.006632 https://sxyxslhs.fang.com/
Logger:2020-03-17 00:01:17.423660 https://shimaocuicanlanting.fang.com/
Logger:2020-03-17 00:01:17.807762 https://zhonglvmingmenfuxinjing.fang.com/
Logger:2020-03-17 00:01:18.145820 https://ruichengxiyuan.fang.com/
Logger:2020-03-17 00:01:18.498876 https://haiweitiandi.fang.com/
Logger:2020-03-17 00:01:18.805563 https://fushangfazhandasha.fang.com/
Logger:2020-03-17 00:01:19.130625 https://183530.fang.com/
Logger:2020-03-17 00:01:19.440760 https://rongxinxuhuixianghuyuezhang.fang.com/
Logger:2020-03-17 00:01:23.206545 https://hz.newhouse.fang.com/house/s/b92/
Logger:2020-03-17 00:01:23.531676 https://rongchuanggangyinzhongxin.fang.com/
Logger:2020-03-17 00:01:24.763913 https://dexindajiayunheyunzhuang.fang.com/
Logger:2020-03-17 00:01:25.327403 https://jinmaoshoukaiguoyue.fang.com/
Logger:2020-03-17 00:01:25.831818 https://rongchuangjiangnanyihaoyuan.fang.com/
Logger:2020-03-17 00:01:26.281762 https://wanxiangshangdong0571.fang.com/
Logger:2020-03-17 00:01:26.687676 https://rongchuangyunchaofu.fang.com/
Logger:2020-03-17 00:01:27.037739 https://185324.fang.com/
Logger:2020-03-17 00:01:27.366399 https://186224.fang.com/
Logger:2020-03-17 00:01:27.699048 https://zijingchenguang.fang.com/
Logger:2020-03-17 00:01:28.032124 https://184362.fang.com/
Logger:2020-03-17 00:01:28.358263 https://yangguanguojisd.fang.com/
Logger:2020-03-17 00:01:28.730390 https://186620.fang.com/
Logger:2020-03-17 00:01:29.031089 https://hangzhourongchuangcheng.fang.com/
Logger:2020-03-17 00:01:29.446502 https://baolirongxinheguangchenyue.fang.com/
Logger:2020-03-17 00:01:29.782539 https://ditiewanketiankongzhicheng.fang.com/
Logger:2020-03-17 00:01:30.794375 https://183170.fang.com/
Logger:2020-03-17 00:01:31.205743 https://rongchuangsenyuhai.fang.com/
Logger:2020-03-17 00:01:31.629608 https://dexinshiguangzhichen.fang.com/
Logger:2020-03-17 00:01:32.062491 https://ditiewankehanghangdao.fang.com/
Logger:2020-03-17 00:01:32.638579 https://gucuiyinxiu.fang.com/
Logger:2020-03-17 00:01:36.022581 https://hz.newhouse.fang.com/house/s/b93/
Logger:2020-03-17 00:01:36.343767 https://gucuiyinxiu.fang.com/
Logger:2020-03-17 00:01:36.727255 https://xuhuichengbl.fang.com/
Logger:2020-03-17 00:01:39.347348 https://binjianglonghudongchaofu.fang.com/
Logger:2020-03-17 00:01:39.751230 https://dongyuandexinjiuzhangfu.fang.com/
Logger:2020-03-17 00:01:40.127223 https://185304.fang.com/
Logger:2020-03-17 00:01:40.524222 https://baolichengpin.fang.com/
Logger:2020-03-17 00:01:40.993656 https://fengqiqianchao.fang.com/
Logger:2020-03-17 00:01:41.415450 https://hangzhoujiangshanfenghuananqu.fang.com/
Logger:2020-03-17 00:01:41.844851 https://lvdujinkeheningwenhua.fang.com/
Logger:2020-03-17 00:01:42.488979 https://rcdjjmyhone.fang.com/
Logger:2020-03-17 00:01:42.826104 https://hangfangyuedongfang.fang.com/
Logger:2020-03-17 00:01:43.195087 https://zhongjianjinxiuyuefu.fang.com/
Logger:2020-03-17 00:01:43.527200 https://zhonghaiyunchen.fang.com/
Logger:2020-03-17 00:01:43.892881 https://186382.fang.com/
Logger:2020-03-17 00:01:44.249309 https://rcscyhtyyhy.fang.com/
Logger:2020-03-17 00:01:44.553426 https://dexinqiantangyunzhuang.fang.com/
Logger:2020-03-17 00:01:44.880552 https://185270.fang.com/
Logger:2020-03-17 00:01:45.973281 https://182718.fang.com/
Logger:2020-03-17 00:01:46.305370 https://jingruijingxilvting.fang.com/
Logger:2020-03-17 00:01:46.677438 https://183780.fang.com/
Logger:2020-03-17 00:01:50.044627 https://hz.newhouse.fang.com/house/s/b94/
Logger:2020-03-17 00:01:50.368164 https://hangzhoushijirx.fang.com/
Logger:2020-03-17 00:01:50.684318 https://zhongchenghui.fang.com/
Logger:2020-03-17 00:01:51.019422 https://jiufenghuijd.fang.com/
Logger:2020-03-17 00:01:51.367998 https://yongcuifu.fang.com/
Logger:2020-03-17 00:01:51.841731 https://185218.fang.com/
Logger:2020-03-17 00:01:53.672450 https://184120.fang.com/
Logger:2020-03-17 00:01:54.008481 https://zanchengxuhuishidaiyuezhang.fang.com/
Logger:2020-03-17 00:01:54.357596 https://shimaoqitangyuwan.fang.com/
Logger:2020-03-17 00:01:54.691655 https://zhonganlvchengnanhumingyue.fang.com/
Logger:2020-03-17 00:01:55.038697 https://jiangshanyunzhujh0571.fang.com/
Logger:2020-03-17 00:01:55.379817 https://183960.fang.com/
Logger:2020-03-17 00:01:55.776754 https://lvdujianweilai.fang.com/
Logger:2020-03-17 00:01:56.141833 https://184324.fang.com/
Logger:2020-03-17 00:01:56.476058 https://dayuechenghz.fang.com/
Logger:2020-03-17 00:01:56.744956 https://linanzhongtianjunfu.fang.com/
Logger:2020-03-17 00:01:57.117005 https://rongwangzhicheng.fang.com/
Logger:2020-03-17 00:01:57.415162 https://qiantangtianyusm.fang.com/
Logger:2020-03-17 00:01:57.777274 https://zhongnantangyuewan.fang.com/
Logger:2020-03-17 00:01:58.127385 https://xifanghangyuchenluyuan.fang.com/
Logger:2020-03-17 00:01:58.531873 https://186292.fang.com/
Logger:2020-03-17 00:02:02.421205 https://hz.newhouse.fang.com/house/s/b95/
Logger:2020-03-17 00:02:02.739863 https://shidaigongguan0571.fang.com/
Logger:2020-03-17 00:02:03.049233 https://185464.fang.com/
Logger:2020-03-17 00:02:03.448166 https://qingfengyongtaofu.fang.com/
Logger:2020-03-17 00:02:03.786265 https://dexinjinmaojiayuanfu.fang.com/
Logger:2020-03-17 00:02:06.107976 https://185302.fang.com/
Logger:2020-03-17 00:02:06.496897 https://suitang.fang.com/
Logger:2020-03-17 00:02:06.846005 https://jiazhaoyeyunfeng.fang.com/
Logger:2020-03-17 00:02:07.279872 https://185312.fang.com/
Logger:2020-03-17 00:02:10.159509 https://linanbaolongguangchang.fang.com/
Logger:2020-03-17 00:02:12.462087 https://186320.fang.com/
Logger:2020-03-17 00:02:12.792245 https://jingchenfulhdjjlc.fang.com/
Logger:2020-03-17 00:02:13.156905 https://lhjdszdhfh.fang.com/
Logger:2020-03-17 00:02:13.579768 https://yunhewankezhongxin.fang.com/
Logger:2020-03-17 00:02:15.037116 https://183914.fang.com/
Logger:2020-03-17 00:02:15.435426 https://xitoubinjiangwuxingyinzuo.fang.com/
Logger:2020-03-17 00:02:15.851311 https://shitengjingxiangli.fang.com/
Logger:2020-03-17 00:02:16.211346 https://shanyusijisk.fang.com/
Logger:2020-03-17 00:02:16.648880 https://jingjungongguanxc.fang.com/
Logger:2020-03-17 00:02:17.006743 https://185572.fang.com/
Logger:2020-03-17 00:02:17.434930 https://shijianmingzuo.fang.com/
Logger:2020-03-17 00:02:21.315495 https://hz.newhouse.fang.com/house/s/b96/
Logger:2020-03-17 00:02:21.697653 https://fenghejinting.fang.com/
Logger:2020-03-17 00:02:23.114319 https://yonglanfu.fang.com/
Logger:2020-03-17 00:02:24.153161 https://185832.fang.com/
Logger:2020-03-17 00:02:24.539797 https://xingguanghui0571.fang.com/
Logger:2020-03-17 00:02:24.887872 https://zhonglvguijinfu.fang.com/
Logger:2020-03-17 00:02:28.322863 https://185340.fang.com/
Logger:2020-03-17 00:02:28.776684 https://186130.fang.com/
Logger:2020-03-17 00:02:29.171982 https://wankegongwang.fang.com/
Logger:2020-03-17 00:02:29.619784 https://jinghangfu.fang.com/
Logger:2020-03-17 00:02:29.802305 https://lvchengxixishenlan2.fang.com/
Logger:2020-03-17 00:02:30.078557 https://186680.fang.com/
Logger:2020-03-17 00:02:30.411553 https://186624.fang.com/
Logger:2020-03-17 00:02:30.804508 https://longhuzijinshangcheng.fang.com/
Logger:2020-03-17 00:02:32.328720 https://183298.fang.com/
Logger:2020-03-17 00:02:32.660893 https://tongxiejinzuobj.fang.com/
Logger:2020-03-17 00:02:32.934171 https://donggangkongjian.fang.com/
Logger:2020-03-17 00:02:33.208428 https://guoxiyuelongfu.fang.com/
Logger:2020-03-17 00:02:33.658295 https://185110.fang.com/
Logger:2020-03-17 00:02:34.003375 https://djhsyyxsy.fang.com/
Logger:2020-03-17 00:02:34.329500 https://186670.fang.com/
Logger:2020-03-17 00:02:38.471182 https://hz.newhouse.fang.com/house/s/b97/
Logger:2020-03-17 00:02:38.886195 https://184096.fang.com/
Logger:2020-03-17 00:02:39.225226 https://shimaotianji0571.fang.com/
Logger:2020-03-17 00:02:39.514451 https://183844.fang.com/
Logger:2020-03-17 00:02:39.855538 https://huanyicheng.fang.com/
Logger:2020-03-17 00:02:40.197408 https://186596.fang.com/
Logger:2020-03-17 00:02:40.607010 https://186400.fang.com/
Logger:2020-03-17 00:02:40.936129 https://chengbeiwanxiangchengxingfuli.fang.com/
Logger:2020-03-17 00:02:42.786378 https://zhonganxixiweilaili.fang.com/
Logger:2020-03-17 00:02:43.170356 https://wankeweilaizhiguang.fang.com/
Logger:2020-03-17 00:02:43.480867 https://xixigongguangh.fang.com/
Logger:2020-03-17 00:02:43.827927 https://daxiguwk.fang.com/
Logger:2020-03-17 00:02:44.321190 https://dajiangzhixingbjhc.fang.com/
Logger:2020-03-17 00:02:44.678235 https://ouyuanxgxy.fang.com/
Logger:2020-03-17 00:02:45.043260 https://184792.fang.com/
Logger:2020-03-17 00:02:45.354426 https://hechunli0571.fang.com/
Logger:2020-03-17 00:02:45.795872 https://chaowentianxia.fang.com/
Logger:2020-03-17 00:02:46.253648 https://185210.fang.com/
Logger:2020-03-17 00:02:46.626650 https://sdbjdfsjy.fang.com/
Logger:2020-03-17 00:02:47.012724 https://xingweilaizrzs.fang.com/
Logger:2020-03-17 00:02:47.360793 https://182934.fang.com/
Logger:2020-03-17 00:02:51.217572 https://hz.newhouse.fang.com/house/s/b98/
Logger:2020-03-17 00:02:51.548791 https://yihaoyuanhz.fang.com/
Logger:2020-03-17 00:02:52.302326 https://huanglongyunqi.fang.com/
Logger:2020-03-17 00:02:52.660250 https://zhongyejinxiugongguan.fang.com/
Logger:2020-03-17 00:02:52.961445 https://gucuilanting.fang.com/
Logger:2020-03-17 00:02:53.336974 https://dajiangyihaodx.fang.com/
Logger:2020-03-17 00:02:55.459282 https://binjiangxinxiwangyuechaofu.fang.com/
Logger:2020-03-17 00:02:55.790396 https://mingchengboyuan.fang.com/
Logger:2020-03-17 00:02:56.168385 https://rongxindafahongyangqinlan.fang.com/
Logger:2020-03-17 00:02:56.578330 https://lvchengchunfengjinsha.fang.com/
Logger:2020-03-17 00:02:56.891244 https://184042.fang.com/
Logger:2020-03-17 00:02:57.222359 https://binjiangyubinfu.fang.com/
Logger:2020-03-17 00:02:57.520562 https://hz.newhouse.fang.com/house/2010185088.htm
Logger:2020-03-17 00:02:58.566292 https://yongjingshanjlc02.fang.com/
Logger:2020-03-17 00:03:00.638184 https://huayutianjingfu.fang.com/
Logger:2020-03-17 00:03:00.959829 https://qianjianglanwandn.fang.com/
Logger:2020-03-17 00:03:01.870948 https://tianyangrongxindongfangdi.fang.com/
Logger:2020-03-17 00:03:02.184665 https://chunyuejinlu.fang.com/
Logger:2020-03-17 00:03:02.566180 https://shidaibinjiangyue.fang.com/
Logger:2020-03-17 00:03:07.704888 https://hangfangjianfayangyunjingshe.fang.com/
Logger:2020-03-17 00:03:08.082879 https://renhengxiangshengxihushiji.fang.com/
Logger:2020-03-17 00:03:11.878872 https://hz.newhouse.fang.com/house/s/b99/
Logger:2020-03-17 00:03:12.361549 https://185190.fang.com/
Logger:2020-03-17 00:03:12.800919 https://xiangshengzhanjingyunjing.fang.com/
Logger:2020-03-17 00:03:13.200920 https://jinhuiziyayundi.fang.com/
Logger:2020-03-17 00:03:14.416298 https://binjiangshengyuanxianghuli.fang.com/
Logger:2020-03-17 00:03:14.748483 https://guiyutinglanxuan.fang.com/
Logger:2020-03-17 00:03:15.401735 https://chengnanyintaicheng.fang.com/
Logger:2020-03-17 00:03:15.753794 https://183820.fang.com/
Logger:2020-03-17 00:03:16.068025 https://feiniaoke.fang.com/
Logger:2020-03-17 00:03:17.823675 https://hangyulanting.fang.com/
Logger:2020-03-17 00:03:18.224623 https://hangzhougongguanrx.fang.com/
Logger:2020-03-17 00:03:18.599284 https://tianyuejiangwanyxzs.fang.com/
Logger:2020-03-17 00:03:18.951341 https://ayhjcsjcf.fang.com/
Logger:2020-03-17 00:03:19.282455 https://gongyuan1872zsyx.fang.com/
Logger:2020-03-17 00:03:19.657068 https://183290.fang.com/
Logger:2020-03-17 00:03:21.499043 https://zhuoyuezhongruixingyangyuefu.fang.com/
Logger:2020-03-17 00:03:22.018364 https://lvchengzhuoyueaoxuancheng.fang.com/
Logger:2020-03-17 00:03:24.029694 https://yushandaoyihao.fang.com/
Logger:2020-03-17 00:03:24.432588 https://qiantangone2.fang.com/
Logger:2020-03-17 00:03:24.736775 https://jiangnandayuanyc.fang.com/
Logger:2020-03-17 00:03:25.064899 https://oumeijinrongcheng05712.fang.com/office/
Logger:2020-03-17 00:03:28.669987 https://hz.newhouse.fang.com/house/s/b910/
Logger:2020-03-17 00:03:29.008083 https://hangyulanting.fang.com/
Logger:2020-03-17 00:03:31.950212 https://hujingju0571.fang.com/
Logger:2020-03-17 00:03:32.301237 https://chunlaixiaoyuan.fang.com/
Logger:2020-03-17 00:03:32.664265 https://184094.fang.com/
Logger:2020-03-17 00:03:33.070189 https://aksjcjhresidency.fang.com/
Logger:2020-03-17 00:03:33.397373 https://xiximeian.fang.com/
Logger:2020-03-17 00:03:33.757411 https://guobinfuxhdy.fang.com/
Logger:2020-03-17 00:03:34.096581 https://zhihuizhimensm2.fang.com/office/
Logger:2020-03-17 00:03:34.424215 https://xishantaoyuanlc.fang.com/
Logger:2020-03-17 00:03:35.051572 https://yihejiangnanbdzy.fang.com/
Logger:2020-03-17 00:03:35.428023 https://bocuifujkbgy.fang.com/
Logger:2020-03-17 00:03:37.148564 https://lvchenghelu.fang.com/
Logger:2020-03-17 00:03:37.542480 https://lianfacanglongdajing.fang.com/
Logger:2020-03-17 00:03:37.868603 https://ronganzhaoshangxiangchenfu.fang.com/
Logger:2020-03-17 00:03:38.238610 https://rongxinyuanyangliwangneo1.fang.com/
Logger:2020-03-17 00:03:38.597670 https://185556.fang.com/
Logger:2020-03-17 00:03:38.932297 https://yueqinglan.fang.com/
Logger:2020-03-17 00:03:39.278749 https://185184.fang.com/
Logger:2020-03-17 00:03:39.688631 https://zhongjiaoyuemeilu.fang.com/
Logger:2020-03-17 00:03:40.010808 https://183878.fang.com/
Logger:2020-03-17 00:03:43.850353 https://hz.newhouse.fang.com/house/s/b911/
Logger:2020-03-17 00:03:44.164515 https://nuodeyidu.fang.com/
Logger:2020-03-17 00:03:44.545544 https://185246.fang.com/
Logger:2020-03-17 00:03:44.896982 https://jyztnddhsl.fang.com/
Logger:2020-03-17 00:03:45.265804 https://zhongliangyufu0571.fang.com/
Logger:2020-03-17 00:03:45.645333 https://jiangnanfurcjc.fang.com/
Logger:2020-03-17 00:03:46.033296 https://yipingaoerfuqf.fang.com/
Logger:2020-03-17 00:03:46.439244 https://wanghaichaorc.fang.com/
Logger:2020-03-17 00:03:46.854162 https://zhongyejinxiuhuafu.fang.com/
Logger:2020-03-17 00:03:47.234221 https://fengqichaoming.fang.com/
Logger:2020-03-17 00:03:48.012860 https://yunhechenyuanlc.fang.com/
Logger:2020-03-17 00:03:48.312584 https://rongchuangrongyuewan.fang.com/
Logger:2020-03-17 00:03:48.654704 https://yuexiudichanqiantanmingdi.fang.com/
Logger:2020-03-17 00:03:49.069557 https://shoukaitianqingli.fang.com/
Logger:2020-03-17 00:03:49.379729 https://qianwanguojishequ.fang.com/
Logger:2020-03-17 00:03:49.678248 https://xinxiwangmeidechanglinfu.fang.com/
Logger:2020-03-17 00:03:50.051281 https://185078.fang.com/
Logger:2020-03-17 00:03:50.378427 https://183438.fang.com/
Logger:2020-03-17 00:03:52.062839 https://tiandishuyuanshoufu.fang.com/
Logger:2020-03-17 00:03:54.534402 https://shanshuishengditl.fang.com/
Logger:2020-03-17 00:03:54.879404 https://linanmantuohuayuan.fang.com/
Logger:2020-03-17 00:03:58.810390 https://hz.newhouse.fang.com/house/s/b912/
Logger:2020-03-17 00:03:59.120524 https://aotiwankezhongxin.fang.com/
Logger:2020-03-17 00:03:59.391844 https://renhengbinjiangyuan.fang.com/
Logger:2020-03-17 00:03:59.729413 https://lvchengxixi.fang.com/
Logger:2020-03-17 00:04:00.136364 https://guiyuchaoyanglcjlc.fang.com/
Logger:2020-03-17 00:04:02.618050 https://huaxiazhixin.fang.com/
Logger:2020-03-17 00:04:02.952288 https://fuchunmeiguiyuanlc2.fang.com/
Logger:2020-03-17 00:04:03.340820 https://junxiyuntai.fang.com/
Logger:2020-03-17 00:04:03.685902 https://wankejunwang0571.fang.com/
Logger:2020-03-17 00:04:04.066808 https://186306.fang.com/
Logger:2020-03-17 00:04:04.378005 https://zhongjiaolixiangshidaifanghua.fang.com/
Logger:2020-03-17 00:04:04.724992 https://xianghuyinxiangjy.fang.com/
Logger:2020-03-17 00:04:07.342421 https://mengqixiangyunzl.fang.com/
Logger:2020-03-17 00:04:07.676527 https://gkdfwlkjc.fang.com/
Logger:2020-03-17 00:04:08.091709 https://binjiangdingfuge.fang.com/
Logger:2020-03-17 00:04:08.485057 https://weilaihaianbjxxwxc.fang.com/
Logger:2020-03-17 00:04:08.847088 https://binjiangxinxiwangyongchaofu.fang.com/
Logger:2020-03-17 00:04:10.358358 https://xinhufeilinshu.fang.com/
Logger:2020-03-17 00:04:10.731405 https://jiulongcangtianyu.fang.com/
Logger:2020-03-17 00:04:11.048109 https://tanyueygc0571.fang.com/
Logger:2020-03-17 00:04:11.439075 https://qiushichenyue.fang.com/
Logger:2020-03-17 00:04:15.555852 https://hz.newhouse.fang.com/house/s/b913/
Logger:2020-03-17 00:04:15.978333 https://dongxuyuechaofu.fang.com/
Logger:2020-03-17 00:04:16.306459 https://186366.fang.com/
Logger:2020-03-17 00:04:16.874939 https://zhenyuanjinningli.fang.com/
Logger:2020-03-17 00:04:17.322807 https://tianebaohy.fang.com/
Logger:2020-03-17 00:04:17.656984 https://kangchengguoji.fang.com/
Logger:2020-03-17 00:04:18.048693 https://chunyijiangnanmingdi.fang.com/
Logger:2020-03-17 00:04:18.373333 https://183810.fang.com/
Logger:2020-03-17 00:04:18.700465 https://jingruiyuanshu.fang.com/
Logger:2020-03-17 00:04:19.072975 https://jinchengyingteerwan.fang.com/
Logger:2020-03-17 00:04:19.393126 https://183862.fang.com/
Logger:2020-03-17 00:04:19.782733 https://shanshuishidai.fang.com/
Logger:2020-03-17 00:04:20.080974 https://1839260571.fang.com/
Logger:2020-03-17 00:04:20.482877 https://yuehuwanhuayuan.fang.com/
Logger:2020-03-17 00:04:20.821494 https://haiyuansanqi.fang.com/
Logger:2020-03-17 00:04:23.274646 https://185146.fang.com/
Logger:2020-03-17 00:04:23.617728 https://chuangdaoguojicpark.fang.com/
Logger:2020-03-17 00:04:23.976767 https://pudafudi.fang.com/
Logger:2020-03-17 00:04:26.089832 https://jinkeqiantangbocui.fang.com/
Logger:2020-03-17 00:04:28.430964 https://shijijinchen.fang.com/
Logger:2020-03-17 00:04:28.772992 https://yudongfang0571.fang.com/
Logger:2020-03-17 00:04:32.572060 https://hz.newhouse.fang.com/house/s/b914/
Logger:2020-03-17 00:04:33.062806 https://185872.fang.com/
Logger:2020-03-17 00:04:33.378898 https://jinanluolanzg.fang.com/
Logger:2020-03-17 00:04:33.674831 https://184376.fang.com/
Logger:2020-03-17 00:04:34.071733 https://185102.fang.com/
Logger:2020-03-17 00:04:34.394944 https://jiulongcanghuafatianhui.fang.com/
Logger:2020-03-17 00:04:34.723031 https://donglinfurc.fang.com/
Logger:2020-03-17 00:04:35.131896 https://baiyuezhongxin.fang.com/
Logger:2020-03-17 00:04:35.444496 https://gelingongguan0571.fang.com/
Logger:2020-03-17 00:04:35.708789 https://zhonghaoxiangheguoji2.fang.com/
Logger:2020-03-17 00:04:36.013672 https://wujiaoguangchangyd.fang.com/
Logger:2020-03-17 00:04:36.285906 https://langshifenghui.fang.com/
Logger:2020-03-17 00:04:36.648934 https://longyuehuafu0571.fang.com/
Logger:2020-03-17 00:04:36.951738 https://184076.fang.com/
Logger:2020-03-17 00:04:37.293661 https://wangujunfu.fang.com/
Logger:2020-03-17 00:04:37.717500 https://binjiangwanchaoxinghui.fang.com/
Logger:2020-03-17 00:04:38.105448 https://185664.fang.com/
Logger:2020-03-17 00:04:38.403155 https://183758.fang.com/
Logger:2020-03-17 00:04:38.822074 https://yuefenghua.fang.com/
Logger:2020-03-17 00:04:39.124226 https://xingyaotiandi0571.fang.com/
Logger:2020-03-17 00:04:39.404021 https://1842722.fang.com/
Logger:2020-03-17 00:04:42.784219 https://hz.newhouse.fang.com/house/s/b915/
Logger:2020-03-17 00:04:43.113910 https://yuelongtai.fang.com/
Logger:2020-03-17 00:04:43.561546 https://shenlanguojibgy.fang.com/
Logger:2020-03-17 00:04:43.845784 https://183948.fang.com/
Logger:2020-03-17 00:04:44.241765 https://wanguotiandiqs.fang.com/
Logger:2020-03-17 00:04:44.537549 https://ojiyuan.fang.com/
Logger:2020-03-17 00:04:44.846456 https://itgongyuan.fang.com/
Logger:2020-03-17 00:04:47.037908 https://fuchunjianghuayuan2.fang.com/
Logger:2020-03-17 00:04:47.406484 https://guojihuizgtj.fang.com/
Logger:2020-03-17 00:04:47.687114 https://zhongyangchezhanguangchanghrzd.fang.com/
Logger:2020-03-17 00:04:47.994816 https://186494.fang.com/
Logger:2020-03-17 00:04:49.974518 https://184024.fang.com/
Logger:2020-03-17 00:04:50.295660 https://jdyadigongguan.fang.com/
Logger:2020-03-17 00:04:50.754142 https://186572.fang.com/
Logger:2020-03-17 00:04:51.074249 https://185440.fang.com/
Logger:2020-03-17 00:04:51.453808 https://shangwuzhongxinddwz.fang.com/
Logger:2020-03-17 00:04:53.229328 https://jiulongcangtianxi0571.fang.com/
Logger:2020-03-17 00:04:54.493944 https://beichengfangmanting.fang.com/
Logger:2020-03-17 00:04:54.925472 https://lianfaxiyuchenlu.fang.com/
Logger:2020-03-17 00:04:55.871078 https://186578.fang.com/
Logger:2020-03-17 00:04:56.569005 https://longhuchunjiangtianyue.fang.com/
Logger:2020-03-17 00:05:00.374645 https://hz.newhouse.fang.com/house/s/b916/
Logger:2020-03-17 00:05:00.696575 https://zhongliangyunduhui.fang.com/
Logger:2020-03-17 00:05:01.021218 https://lanchenglanchen.fang.com/
Logger:2020-03-17 00:05:03.451202 https://ygcbyflyd.fang.com/
Logger:2020-03-17 00:05:05.238672 https://binyaocheng.fang.com/
Logger:2020-03-17 00:05:05.825794 https://183816.fang.com/
Logger:2020-03-17 00:05:06.170410 https://183742.fang.com/
Logger:2020-03-17 00:05:06.500081 https://chenganhyggeyuancuifu.fang.com/
Logger:2020-03-17 00:05:06.903043 https://dongfangmingfubj.fang.com/
Logger:2020-03-17 00:05:07.259014 https://wanrongcheng.fang.com/
Logger:2020-03-17 00:05:07.589640 https://183362.fang.com/
Logger:2020-03-17 00:05:11.402518 https://shijiwaitanke.fang.com/
Logger:2020-03-17 00:05:13.433147 https://yangguangchengfeilihaian.fang.com/
Logger:2020-03-17 00:05:13.734891 https://iocjiarungongguan.fang.com/
Logger:2020-03-17 00:05:14.033094 https://186666.fang.com/
Logger:2020-03-17 00:05:14.383157 https://huacezhongxin.fang.com/
Logger:2020-03-17 00:05:14.675955 https://huajiachiyingongguan.fang.com/
Logger:2020-03-17 00:05:14.946222 https://zhaoshangjinhuhuayuan.fang.com/
Logger:2020-03-17 00:05:16.726216 https://qianjiangwanzh.fang.com/
Logger:2020-03-17 00:05:17.101255 https://yuzhoubintiandi.fang.com/
Logger:2020-03-17 00:05:17.371533 https://xitoulvchengyunguchunfeng.fang.com/
Logger:2020-03-17 00:05:21.117857 https://hz.newhouse.fang.com/house/s/b917/
Logger:2020-03-17 00:05:21.468917 https://guantangmingyue.fang.com/
Logger:2020-03-17 00:05:23.270169 https://guokaidongfangjinchengxuefu.fang.com/
Logger:2020-03-17 00:05:23.665187 https://yuhugongguan0571.fang.com/
Logger:2020-03-17 00:05:23.942938 https://186230.fang.com/
Logger:2020-03-17 00:05:24.255749 https://laifushiguangchanghz.fang.com/
Logger:2020-03-17 00:05:24.540986 https://qianchenfubgy.fang.com/
Logger:2020-03-17 00:05:24.855145 https://zanchengwulinli.fang.com/
Logger:2020-03-17 00:05:27.168941 https://184082.fang.com/
Logger:2020-03-17 00:05:27.483201 https://chengxibaolongguangchang.fang.com/
Logger:2020-03-17 00:05:27.740879 https://185260.fang.com/
Logger:2020-03-17 00:05:28.056485 https://184946.fang.com/
Logger:2020-03-17 00:05:28.445447 https://shenhuabaiyuegongguanzl.fang.com/
Logger:2020-03-17 00:05:28.700762 https://184246.fang.com/
Logger:2020-03-17 00:05:29.012967 https://guojizhongxinsb.fang.com/
Logger:2020-03-17 00:05:29.289893 https://caifuzhongxinzj0571.fang.com/
Logger:2020-03-17 00:05:29.619549 https://184330.fang.com/
Logger:2020-03-17 00:05:29.929756 https://186614.fang.com/
Logger:2020-03-17 00:05:30.240886 https://185710.fang.com/
Logger:2020-03-17 00:05:30.521170 https://lvchengtaolichunfeng.fang.com/
Logger:2020-03-17 00:05:30.856499 https://186686.fang.com/
Logger:2020-03-17 00:05:34.613539 https://hz.newhouse.fang.com/house/s/b918/
Logger:2020-03-17 00:05:34.947644 https://zhenyuan90hjy.fang.com/
Logger:2020-03-17 00:05:39.014887 https://kaiyuanguangchang0571.fang.com/
Logger:2020-03-17 00:05:39.455854 https://tianchensm.fang.com/
Logger:2020-03-17 00:05:39.868279 https://dexinshixinfu.fang.com/
Logger:2020-03-17 00:05:40.218278 https://zhongliangruifu0571.fang.com/
Logger:2020-03-17 00:05:40.629178 https://jinheyunshuijiangnan.fang.com/
Logger:2020-03-17 00:05:41.065013 https://183476.fang.com/
Logger:2020-03-17 00:05:41.458961 https://yongyuanhjy.fang.com/
Logger:2020-03-17 00:05:41.855891 https://184142.fang.com/
Logger:2020-03-17 00:05:42.339067 https://184344.fang.com/
Logger:2020-03-17 00:05:42.795778 https://longyuewandh.fang.com/
Logger:2020-03-17 00:05:43.183738 https://184318.fang.com/
Logger:2020-03-17 00:05:43.523747 https://lvchenglianyuan.fang.com/
Logger:2020-03-17 00:05:44.035499 https://hangzhouxintiandi.fang.com/
Logger:2020-03-17 00:05:44.328171 https://damingchenghuafu.fang.com/
Logger:2020-03-17 00:05:44.695222 https://lvchengqingting.fang.com/
Logger:2020-03-17 00:05:45.021313 https://xianggelilalanyuebandao.fang.com/villa/
Logger:2020-03-17 00:05:45.429478 https://yuexifubgy.fang.com/
Logger:2020-03-17 00:05:46.513255 https://186396.fang.com/
Logger:2020-03-17 00:05:46.817405 https://chunanshaobing.fang.com/
Logger:2020-03-17 00:05:50.427328 https://hz.newhouse.fang.com/house/s/b919/
Logger:2020-03-17 00:05:50.834643 https://sohozhongxinlpxtd.fang.com/
Logger:2020-03-17 00:05:51.128855 https://xiziguojibdlc.fang.com/office/
Logger:2020-03-17 00:05:51.428312 https://baolongchengshiguangchanghzbj.fang.com/
Logger:2020-03-17 00:05:51.738010 https://chunanxtdwysc.fang.com/
Logger:2020-03-17 00:05:52.159928 https://186598.fang.com/
Logger:2020-03-17 00:05:52.527931 https://languangyongjinwan.fang.com/
Logger:2020-03-17 00:05:52.881942 https://186098.fang.com/
Logger:2020-03-17 00:05:54.768992 https://184178.fang.com/
Logger:2020-03-17 00:05:55.164932 https://185954.fang.com/
Logger:2020-03-17 00:05:56.110749 https://chengshihuayuanjjtl.fang.com/
Logger:2020-03-17 00:05:56.413921 https://184040.fang.com/
Logger:2020-03-17 00:05:58.245503 https://184162.fang.com/
Logger:2020-03-17 00:06:02.101595 https://leshanhongyezc.fang.com/
Logger:2020-03-17 00:06:02.509468 https://bojingwanzj0571.fang.com/
Logger:2020-03-17 00:06:04.269533 https://185112.fang.com/
Logger:2020-03-17 00:06:04.619599 https://zanchengxinggu.fang.com/
Logger:2020-03-17 00:06:04.977606 https://daqishanjun.fang.com/
Logger:2020-03-17 00:06:05.307158 https://1866100571.fang.com/
Logger:2020-03-17 00:06:05.644275 https://kunshengqiyue.fang.com/
Logger:2020-03-17 00:06:05.946425 https://186566.fang.com/
Logger:2020-03-17 00:06:09.260047 https://hz.newhouse.fang.com/house/s/b920/
Logger:2020-03-17 00:06:09.584181 https://wulinhuihg.fang.com/
Logger:2020-03-17 00:06:11.353690 https://186298.fang.com/
Logger:2020-03-17 00:06:11.846412 https://haigangchengxx.fang.com/
Logger:2020-03-17 00:06:12.142137 https://xingnanzhan.fang.com/
Logger:2020-03-17 00:06:12.502243 https://jingangguoji0571.fang.com/
Logger:2020-03-17 00:06:13.165545 https://zhedasenlinzclass.fang.com/
Logger:2020-03-17 00:06:13.416421 https://aokesizhongxin.fang.com/
Logger:2020-03-17 00:06:13.676704 https://jintaomingzuo0571.fang.com/
Logger:2020-03-17 00:06:14.569435 https://huiyinzhongxinqt.fang.com/
Logger:2020-03-17 00:06:16.641363 https://185644.fang.com/
Logger:2020-03-17 00:06:16.979191 https://183954.fang.com/
Logger:2020-03-17 00:06:17.285372 https://shijijinzuo.fang.com/
Logger:2020-03-17 00:06:17.691286 https://linanjunyuanliedaohuayuan.fang.com/
Logger:2020-03-17 00:06:18.043385 https://ldsdhzsjzx.fang.com/
Logger:2020-03-17 00:06:19.516686 https://184136.fang.com/
Logger:2020-03-17 00:06:19.861754 https://dlwgjhydjq0571.fang.com/
Logger:2020-03-17 00:06:21.534336 https://boyayuan0571.fang.com/
Logger:2020-03-17 00:06:21.911099 https://qdhlcgyjn.fang.com/
Logger:2020-03-17 00:06:22.434145 https://lvdihaiwan0571.fang.com/
Logger:2020-03-17 00:06:22.750415 https://186688.fang.com/
Logger:2020-03-17 00:06:26.423663 https://hz.newhouse.fang.com/house/s/b921/
Logger:2020-03-17 00:06:26.739807 https://zhongyangguangchanghzjh.fang.com/
Logger:2020-03-17 00:06:27.063226 https://yangmingguhz.fang.com/
Logger:2020-03-17 00:06:27.355612 https://kangchengyipin.fang.com/
Logger:2020-03-17 00:06:27.706871 https://baolixinpin.fang.com/
Logger:2020-03-17 00:06:27.992472 https://hz.newhouse.fang.com/house/2010186580.htm
Logger:2020-03-17 00:06:28.344715 https://186630.fang.com/
Logger:2020-03-17 00:06:28.674832 https://hejingtianyu.fang.com/
Logger:2020-03-17 00:06:29.005955 https://186618.fang.com/
Logger:2020-03-17 00:06:29.325556 https://binjiangjiangnanmingfu.fang.com/
Logger:2020-03-17 00:06:29.697253 https://jyjpglsyzx.fang.com/
Logger:2020-03-17 00:06:29.977116 https://lanchengweilanzhongxin.fang.com/
Logger:2020-03-17 00:06:30.482800 https://qiandaohuyihao.fang.com/
Logger:2020-03-17 00:06:30.824906 https://xingyaojinli.fang.com/
Logger:2020-03-17 00:06:31.226091 https://shouchuangxiruijiangnan.fang.com/
Logger:2020-03-17 00:06:31.583259 https://lvyeyushu.fang.com/
Logger:2020-03-17 00:06:32.214570 https://183412.fang.com/
Logger:2020-03-17 00:06:32.621482 https://tangqianwk.fang.com/
Logger:2020-03-17 00:06:32.964113 https://186634.fang.com/
Logger:2020-03-17 00:06:33.334987 https://zhaoshangipark.fang.com/
Logger:2020-03-17 00:06:35.138083 https://185176.fang.com/
Logger:2020-03-17 00:06:38.957647 https://hz.newhouse.fang.com/house/s/b922/
Logger:2020-03-17 00:06:40.711332 https://chunanqdhs.fang.com/
Logger:2020-03-17 00:06:41.007057 https://binjiangshidai.fang.com/
Logger:2020-03-17 00:06:41.393240 https://jiutianzeyi.fang.com/
Logger:2020-03-17 00:06:41.721363 https://186636.fang.com/
Logger:2020-03-17 00:06:42.099351 https://xiangjianglaishidaizhongxin.fang.com/
Logger:2020-03-17 00:06:42.387643 https://184206.fang.com/
Logger:2020-03-17 00:06:44.389672 https://184046.fang.com/
Logger:2020-03-17 00:06:44.938181 https://jinruishannanyin.fang.com/
Logger:2020-03-17 00:06:45.520580 https://186516.fang.com/
Logger:2020-03-17 00:06:45.881476 https://tianrunxilufu.fang.com/
Logger:2020-03-17 00:06:46.319050 https://beiqulhzx.fang.com/
Logger:2020-03-17 00:06:46.790375 https://yuexiudichantiancuimingdi.fang.com/
Logger:2020-03-17 00:06:47.218224 https://chunanqdhthy.fang.com/
Logger:2020-03-17 00:06:49.860493 https://182984.fang.com/
Logger:2020-03-17 00:06:50.198616 https://184180.fang.com/
Logger:2020-03-17 00:06:50.528770 https://huajingchuanyunliumingdi.fang.com/
Logger:2020-03-17 00:06:50.812017 https://186658.fang.com/
Logger:2020-03-17 00:06:51.206430 https://changxiangxingfuli.fang.com/
Logger:2020-03-17 00:06:51.618957 https://186244.fang.com/
Logger:2020-03-17 00:06:51.945501 https://186612.fang.com/
Logger:2020-03-17 00:06:55.589023 https://hz.newhouse.fang.com/house/s/b923/
Logger:2020-03-17 00:06:55.950019 https://suiyuanjiashuhaiyueshequ.fang.com/
Logger:2020-03-17 00:06:56.243234 https://yinlanfu.fang.com/
Logger:2020-03-17 00:06:56.536488 https://185514.fang.com/
Logger:2020-03-17 00:06:56.853296 https://xinqishijiesyaj.fang.com/
Logger:2020-03-17 00:06:57.432926 https://184074.fang.com/
Logger:2020-03-17 00:06:57.737098 https://183998.fang.com/
Logger:2020-03-17 00:06:58.067182 https://185512.fang.com/
Logger:2020-03-17 00:06:58.397295 https://185274.fang.com/
Logger:2020-03-17 00:06:58.793540 https://186602.fang.com/
Logger:2020-03-17 00:06:59.122687 https://184032.fang.com/
Logger:2020-03-17 00:06:59.483693 https://dongdumingyue.fang.com/
Logger:2020-03-17 00:06:59.790871 https://183474.fang.com/
Logger:2020-03-17 00:07:00.182827 https://xingyuhuafuyr0571.fang.com/
Logger:2020-03-17 00:07:00.556739 https://kelagongguanxingzuo.fang.com/
Logger:2020-03-17 00:07:00.869942 https://xiongkaiguojilc.fang.com/
Logger:2020-03-17 00:07:01.196069 https://183798.fang.com/
Logger:2020-03-17 00:07:01.661823 https://keerboyashidaizhongxin.fang.com/
Logger:2020-03-17 00:07:02.674517 https://chongxianjinshugangfc.fang.com/office/
Logger:2020-03-17 00:07:02.993213 https://fuchunguigu.fang.com/
Logger:2020-03-17 00:07:03.307366 https://185726.fang.com/
Logger:2020-03-17 00:07:07.076546 https://hz.newhouse.fang.com/house/s/b924/
Logger:2020-03-17 00:07:07.384661 https://tongluljhy.fang.com/
Logger:2020-03-17 00:07:07.692498 https://183052.fang.com/
Logger:2020-03-17 00:07:08.120724 https://hangyoumingzuo.fang.com/
Logger:2020-03-17 00:07:08.583418 https://186102.fang.com/
Logger:2020-03-17 00:07:09.317454 https://183904.fang.com/
Logger:2020-03-17 00:07:09.743378 https://xinlihaishixinghuigongguan.fang.com/
Logger:2020-03-17 00:07:10.171976 https://185300.fang.com/
Logger:2020-03-17 00:07:10.550898 https://186600.fang.com/
Logger:2020-03-17 00:07:10.951862 https://183222.fang.com/
Logger:2020-03-17 00:07:11.332716 https://chengzhongfu.fang.com/
Logger:2020-03-17 00:07:11.654432 https://qdxxhzkjcbj.fang.com/
Logger:2020-03-17 00:07:14.120722 https://tongcezhuangyuanfu.fang.com/
Logger:2020-03-17 00:07:14.417925 https://1864920571.fang.com/
Logger:2020-03-17 00:07:14.774942 https://186300.fang.com/
Logger:2020-03-17 00:07:15.054222 https://186254.fang.com/
Logger:2020-03-17 00:07:15.360188 https://186568.fang.com/
Logger:2020-03-17 00:07:17.502820 https://shimaocuicanlanchen.fang.com/
Logger:2020-03-17 00:07:17.869492 https://guojizhongxinyy0571.fang.com/
Logger:2020-03-17 00:07:18.134823 https://hangzhoufangtianxiadasha.fang.com/
Logger:2020-03-17 00:07:21.669431 https://hz.newhouse.fang.com/house/s/b925/
Logger:2020-03-17 00:07:25.287722 https://hz.newhouse.fang.com/house/s/b926/
Logger:2020-03-17 00:07:28.840823 https://hz.newhouse.fang.com/house/s/b927/
