Logger:2020-03-16 19:28:31.738432 https://jc.newhouse.fang.com/house/s/b91/
Logger:2020-03-16 19:28:32.058134 https://nanyanghuacheng.fang.com/
Logger:2020-03-16 19:28:32.373501 https://yujinglongwan0356.fang.com/
Logger:2020-03-16 19:28:32.736526 https://jcjiagyby.fang.com/
Logger:2020-03-16 19:28:33.218835 https://lanyulongwan.fang.com/
Logger:2020-03-16 19:28:33.589804 https://syxfl0356.fang.com/
Logger:2020-03-16 19:28:33.951837 https://wenjingyuan0356.fang.com/
Logger:2020-03-16 19:28:34.289014 https://baishuiyinxiang.fang.com/
Logger:2020-03-16 19:28:34.725331 https://jinchengshanshui.fang.com/
Logger:2020-03-16 19:28:35.052457 https://xhw8h.fang.com/
Logger:2020-03-16 19:28:35.975690 https://jinchengheyuan.fang.com/
Logger:2020-03-16 19:28:36.361307 https://jiarunshangcheng.fang.com/
Logger:2020-03-16 19:28:36.771225 https://dingxiuhuacheng.fang.com/
Logger:2020-03-16 19:28:37.104310 https://huangchengxinqu.fang.com/
Logger:2020-03-16 19:28:37.507752 https://danxihuating.fang.com/
Logger:2020-03-16 19:28:37.917656 https://jcjsscfgc.fang.com/
Logger:2020-03-16 19:28:39.750289 https://hbsohoxdc.fang.com/
Logger:2020-03-16 19:28:41.274042 https://jcdongshanjun.fang.com/
Logger:2020-03-16 19:28:43.028655 https://yinxiangyiyuan.fang.com/
Logger:2020-03-16 19:28:43.429670 https://shuxiangyuandy0356.fang.com/
Logger:2020-03-16 19:28:43.746532 https://jcwenhuayuan.fang.com/
Logger:2020-03-16 19:28:47.684820 https://jc.newhouse.fang.com/house/s/b92/
Logger:2020-03-16 19:28:48.040421 https://changdaolanwan0356.fang.com/
Logger:2020-03-16 19:28:48.488186 https://xinghushijia0356.fang.com/
Logger:2020-03-16 19:28:48.839289 https://jcziweihuating.fang.com/
Logger:2020-03-16 19:28:49.150414 https://xhw9h.fang.com/
Logger:2020-03-16 19:28:49.513556 https://lanfenghuafu.fang.com/
Logger:2020-03-16 19:28:49.927460 https://jcxiangrxc.fang.com/
Logger:2020-03-16 19:28:52.465420 https://junyuetiandi.fang.com/
Logger:2020-03-16 19:28:53.299734 https://yicui.fang.com/
Logger:2020-03-16 19:28:53.633789 https://deyuanlvzhou0356.fang.com/
Logger:2020-03-16 19:28:54.038693 https://nanyuxiyuan.fang.com/
Logger:2020-03-16 19:28:55.708147 https://jcjingfuyuan.fang.com/
Logger:2020-03-16 19:28:56.064157 https://yulongtaijt.fang.com/
Logger:2020-03-16 19:28:56.450168 https://huayuewan.fang.com/
Logger:2020-03-16 19:28:56.852094 https://boyangguoji.fang.com/
Logger:2020-03-16 19:28:59.585847 https://xiangbinchengfj.fang.com/
Logger:2020-03-16 19:28:59.974584 https://jindihuayuan0356.fang.com/
Logger:2020-03-16 19:29:00.503677 https://jinlijiayuan0356.fang.com/
Logger:2020-03-16 19:29:00.983394 https://dahuagouwu.fang.com/
Logger:2020-03-16 19:29:01.305541 https://jczidongguoji.fang.com/
Logger:2020-03-16 19:29:02.901307 https://jcjinlmy.fang.com/
Logger:2020-03-16 19:29:06.601506 https://jc.newhouse.fang.com/house/s/b93/
Logger:2020-03-16 19:29:08.529513 https://lanjunyinhe.fang.com/
Logger:2020-03-16 19:29:08.842649 https://xuefupingshu.fang.com/
Logger:2020-03-16 19:29:09.206782 https://tianyuemoma.fang.com/
Logger:2020-03-16 19:29:09.565390 https://jcmxkj.fang.com/
Logger:2020-03-16 19:29:11.018532 https://jchx.fang.com/
Logger:2020-03-16 19:29:11.330776 https://jinnianlongting.fang.com/
Logger:2020-03-16 19:29:15.120447 https://jc.newhouse.fang.com/house/s/b94/
Logger:2020-03-16 19:29:18.680828 https://jc.newhouse.fang.com/house/s/b95/
Logger:2020-03-16 19:29:22.421321 https://jc.newhouse.fang.com/house/s/b96/
