Logger:2020-03-17 00:21:46.464181 https://jh.newhouse.fang.com/house/s/b91/
Logger:2020-03-17 00:21:46.810255 https://puhehuayuanzabl.fang.com/?from=xflist_xfgg
Logger:2020-03-17 00:21:47.383679 https://lijingwan0579.fang.com/
Logger:2020-03-17 00:21:47.803599 https://yuquanyuanmx.fang.com/
Logger:2020-03-17 00:21:48.121705 https://daguojingbl.fang.com/
Logger:2020-03-17 00:21:48.412925 https://baolongshijiaza.fang.com/
Logger:2020-03-17 00:21:48.660264 https://tianboblhx.fang.com/
Logger:2020-03-17 00:21:48.899629 https://wanjiafenghuabjjd.fang.com/
Logger:2020-03-17 00:21:49.195831 https://yiwuyihaoyuanrc.fang.com/
Logger:2020-03-17 00:21:51.273274 https://jinmaofuft.fang.com/
Logger:2020-03-17 00:21:51.517621 https://yunqijiangjing.fang.com/
Logger:2020-03-17 00:21:51.796927 https://duhuizhiguangjd.fang.com/
Logger:2020-03-17 00:21:52.121006 https://cuicanzhichengsm.fang.com/
Logger:2020-03-17 00:21:52.368344 https://jinyitianbohx.fang.com/
Logger:2020-03-17 00:21:52.620707 https://tianhuiyuanbl.fang.com/
Logger:2020-03-17 00:21:52.923858 https://yiwuchaoyangmenld.fang.com/
Logger:2020-03-17 00:21:53.179188 https://jinxiuzhichengbj0579.fang.com/
Logger:2020-03-17 00:21:53.458428 https://hongmenjiufengld.fang.com/
Logger:2020-03-17 00:21:53.723718 https://manyuewanzn0579.fang.com/
Logger:2020-03-17 00:21:55.195780 https://wujiangyinyue.fang.com/
Logger:2020-03-17 00:21:57.213425 https://xinghuibgy0579.fang.com/
Logger:2020-03-17 00:22:00.836697 https://jh.newhouse.fang.com/house/s/b92/
Logger:2020-03-17 00:22:01.121928 https://xijiangyipin.fang.com/
Logger:2020-03-17 00:22:01.421169 https://lanyuanywlc.fang.com/
Logger:2020-03-17 00:22:01.675446 https://yingjiangyaju.fang.com/
Logger:2020-03-17 00:22:01.933791 https://dongwangwenhua.fang.com/
Logger:2020-03-17 00:22:02.167160 https://xiangjunxjy.fang.com/
Logger:2020-03-17 00:22:02.418461 https://xjoy.fang.com/
Logger:2020-03-17 00:22:02.752566 https://sanjiangduhuifl.fang.com/
Logger:2020-03-17 00:22:02.985975 https://zijinwandc.fang.com/
Logger:2020-03-17 00:22:03.277161 https://xijingyuefu0579.fang.com/
Logger:2020-03-17 00:22:05.833323 https://yunjingfuyw.fang.com/
Logger:2020-03-17 00:22:06.057761 https://shijiejiangwanjdzl.fang.com/
Logger:2020-03-17 00:22:06.298080 https://guiyutinglanjtlc.fang.com/
Logger:2020-03-17 00:22:06.527466 https://dushiwaitanzc.fang.com/
Logger:2020-03-17 00:22:06.810743 https://jincuilantingbjzt.fang.com/
Logger:2020-03-17 00:22:07.054057 https://yiwutaohuayuanlc.fang.com/
Logger:2020-03-17 00:22:07.306383 https://dongyangguobinfumd.fang.com/
Logger:2020-03-17 00:22:07.580649 https://yihaobjxg.fang.com/
Logger:2020-03-17 00:22:07.877854 https://lvguyunxi.fang.com/
Logger:2020-03-17 00:22:09.417776 https://bjyzf.fang.com/
Logger:2020-03-17 00:22:09.665073 https://yiwutaolichunfenglc.fang.com/
Logger:2020-03-17 00:22:13.242502 https://jh.newhouse.fang.com/house/s/b93/
Logger:2020-03-17 00:22:13.484855 https://buyanghuafujb.fang.com/
Logger:2020-03-17 00:22:13.802039 https://dongfangchengpinzt.fang.com/
Logger:2020-03-17 00:22:14.239876 https://baolongshijiamd.fang.com/
Logger:2020-03-17 00:22:14.505124 https://yongkangfuzlbl.fang.com/
Logger:2020-03-17 00:22:14.790435 https://guobinfuzlhd.fang.com/
Logger:2020-03-17 00:22:15.046719 https://jiameiguangchangsc.fang.com/
Logger:2020-03-17 00:22:15.283043 https://gongyuanyihaobj.fang.com/
Logger:2020-03-17 00:22:15.607221 https://wandaguangchanyw.fang.com/
Logger:2020-03-17 00:22:15.909368 https://junhuashuian.fang.com/
Logger:2020-03-17 00:22:16.186671 https://junchenfubgydx.fang.com/
Logger:2020-03-17 00:22:16.510802 https://xijiangyuefuzljd.fang.com/
Logger:2020-03-17 00:22:16.766076 https://zhongyangcheng0579.fang.com/
Logger:2020-03-17 00:22:17.061330 https://yuehongwanbj.fang.com/
Logger:2020-03-17 00:22:17.291670 https://xishanghuating.fang.com/
Logger:2020-03-17 00:22:17.512105 https://jiangnanlill.fang.com/
Logger:2020-03-17 00:22:17.755428 https://duohuguojibgy.fang.com/
Logger:2020-03-17 00:22:18.103540 https://boyuehuafubgy.fang.com/
Logger:2020-03-17 00:22:18.364842 https://zhenheyuanwk.fang.com/
Logger:2020-03-17 00:22:18.613177 https://yuefuznxc.fang.com/
Logger:2020-03-17 00:22:18.867536 https://zijintai0579.fang.com/
Logger:2020-03-17 00:22:22.245420 https://jh.newhouse.fang.com/house/s/b94/
Logger:2020-03-17 00:22:22.475801 https://ywjiufuheyuan.fang.com/
Logger:2020-03-17 00:22:22.759047 https://xiyufuby.fang.com/
Logger:2020-03-17 00:22:23.029321 https://dongyangfuzl.fang.com/
Logger:2020-03-17 00:22:23.345476 https://shengyuzhiguangxc.fang.com/
Logger:2020-03-17 00:22:23.591859 https://yunyuxc.fang.com/
Logger:2020-03-17 00:22:23.866083 https://chengshizhiguangbgy0579.fang.com/
Logger:2020-03-17 00:22:24.141404 https://yuxihujh.fang.com/
Logger:2020-03-17 00:22:24.451554 https://lianlizhongxin.fang.com/
Logger:2020-03-17 00:22:24.697858 https://tianrunhuafuby.fang.com/
Logger:2020-03-17 00:22:24.931276 https://jinyiyijingyuan.fang.com/
Logger:2020-03-17 00:22:25.194529 https://bahaogongguanwg.fang.com/
Logger:2020-03-17 00:22:25.496762 https://hailunbaojunyuefu2.fang.com/
Logger:2020-03-17 00:22:25.728137 https://yunxitaoyuanls.fang.com/
Logger:2020-03-17 00:22:25.989402 https://longqianfuwt.fang.com/
Logger:2020-03-17 00:22:26.293631 https://meiguiyuanlc0579.fang.com/
Logger:2020-03-17 00:22:26.609783 https://jiulongwan0579.fang.com/
Logger:2020-03-17 00:22:26.848106 https://guiyushanju.fang.com/
Logger:2020-03-17 00:22:27.112398 https://junlanjiangshanmd0579.fang.com/
Logger:2020-03-17 00:22:27.394682 https://suxiyinxiangsc.fang.com/
Logger:2020-03-17 00:22:27.664920 https://rongyuewandfay.fang.com/
Logger:2020-03-17 00:22:30.940189 https://jh.newhouse.fang.com/house/s/b95/
Logger:2020-03-17 00:22:31.170542 https://wangurongyuan.fang.com/
Logger:2020-03-17 00:22:31.410899 https://gscsgc.fang.com/
Logger:2020-03-17 00:22:31.708104 https://xinliyuanmx.fang.com/
Logger:2020-03-17 00:22:31.949460 https://zhongyanggongyuanhx0579.fang.com/
Logger:2020-03-17 00:22:32.228711 https://shanghuhuazhangmd.fang.com/
Logger:2020-03-17 00:22:32.466119 https://xijiangyuewg.fang.com/
Logger:2020-03-17 00:22:32.780236 https://senshanbandaorc.fang.com/
Logger:2020-03-17 00:22:33.053504 https://wuxiyinxiangll.fang.com/
Logger:2020-03-17 00:22:33.317797 https://xinhuxianggelila.fang.com/
Logger:2020-03-17 00:22:33.574111 https://huadongyihaoyuanwyzl.fang.com/
Logger:2020-03-17 00:22:33.891306 https://shimaozhongxinyw.fang.com/
Logger:2020-03-17 00:22:34.132618 https://xiyuefumx.fang.com/
Logger:2020-03-17 00:22:34.408879 https://dongfangyuewg.fang.com/
Logger:2020-03-17 00:22:34.640291 https://yuejiangfuzrhj.fang.com/
Logger:2020-03-17 00:22:34.939497 https://shuangxiyuanpj.fang.com/
Logger:2020-03-17 00:22:35.197768 https://baojihuhaitang.fang.com/
Logger:2020-03-17 00:22:35.442156 https://binhongxincheng.fang.com/
Logger:2020-03-17 00:22:35.661528 https://xiwangwenhuaxuan.fang.com/
Logger:2020-03-17 00:22:35.942777 https://lanxiyuanzi.fang.com/
Logger:2020-03-17 00:22:36.200087 https://jinhuayuyuanlc.fang.com/
Logger:2020-03-17 00:22:39.446439 https://jh.newhouse.fang.com/house/s/b96/
Logger:2020-03-17 00:22:39.697784 https://lanchengyin.fang.com/
Logger:2020-03-17 00:22:40.719045 https://jinchenfumd.fang.com/
Logger:2020-03-17 00:22:40.983328 https://junlanfuby.fang.com/
Logger:2020-03-17 00:22:41.227669 https://lanjiangmingdity.fang.com/
Logger:2020-03-17 00:22:41.468038 https://meiguiyuanxx.fang.com/
Logger:2020-03-17 00:22:43.674093 https://jinxiutiancheng.fang.com/3/
Logger:2020-03-17 00:22:43.948361 https://shoufulongyuewy.fang.com/
Logger:2020-03-17 00:22:44.183794 https://chunfengchangzhulc.fang.com/
Logger:2020-03-17 00:22:44.431068 https://chunjianghuayuanhq.fang.com/3/
Logger:2020-03-17 00:22:44.730304 https://genhao2sg.fang.com/
Logger:2020-03-17 00:22:44.997553 https://oujingyuyuanws.fang.com/
Logger:2020-03-17 00:22:45.284784 https://yinhujinyue.fang.com/
Logger:2020-03-17 00:22:45.509226 https://wangutianxi.fang.com/
Logger:2020-03-17 00:22:47.422097 https://hubinyihaowg.fang.com/
Logger:2020-03-17 00:22:47.716323 https://wanlongfu.fang.com/
Logger:2020-03-17 00:22:47.939743 https://yfkunyayuan.fang.com/
Logger:2020-03-17 00:22:48.172099 https://nanshanjunxy.fang.com/
Logger:2020-03-17 00:22:48.442380 https://haitangyipin0579.fang.com/
Logger:2020-03-17 00:22:48.760485 https://gongyuanchengpinzt.fang.com/
Logger:2020-03-17 00:22:49.067664 https://duhuisijiskzt.fang.com/
Logger:2020-03-17 00:22:52.296073 https://jh.newhouse.fang.com/house/s/b97/
Logger:2020-03-17 00:22:52.571291 https://jiangfengyayuanst.fang.com/
Logger:2020-03-17 00:22:52.842603 https://tianyuefuza.fang.com/
Logger:2020-03-17 00:22:53.110904 https://shengyuxc.fang.com/
Logger:2020-03-17 00:22:55.165352 https://jiayuanjh.fang.com/
Logger:2020-03-17 00:22:57.930953 https://shanglinyuanlw.fang.com/
Logger:2020-03-17 00:22:58.181322 https://jiangnandayuandxbgy.fang.com/
Logger:2020-03-17 00:22:58.464566 https://shanshuiyipin0579.fang.com/
Logger:2020-03-17 00:22:58.704884 https://hengdianguiyujiangnanlc.fang.com/
Logger:2020-03-17 00:23:01.457551 https://yujiangshandjw.fang.com/
Logger:2020-03-17 00:23:01.721813 https://chengxixiangshu.fang.com/
Logger:2020-03-17 00:23:03.868107 https://meiguiyuanlcpj.fang.com/
Logger:2020-03-17 00:23:04.104439 https://lianshunyunqiyayuan.fang.com/
Logger:2020-03-17 00:23:04.404679 https://zhihuiguhs2.fang.com/2/
Logger:2020-03-17 00:23:04.650978 https://sijihemingrcjc.fang.com/
Logger:2020-03-17 00:23:04.915270 https://shihuaxiaozhenlc.fang.com/
Logger:2020-03-17 00:23:05.152636 https://gongyuandadaowt2.fang.com/
Logger:2020-03-17 00:23:05.452877 https://shangchenghuafuyw.fang.com/
Logger:2020-03-17 00:23:07.961121 https://dongtanghupansc.fang.com/
Logger:2020-03-17 00:23:08.201478 https://guanshanyuanzi0579.fang.com/
Logger:2020-03-17 00:23:08.449813 https://tianboblhx2.fang.com/
Logger:2020-03-17 00:23:11.693182 https://jh.newhouse.fang.com/house/s/b98/
Logger:2020-03-17 00:23:11.932540 https://moshanghuakaisg.fang.com/
Logger:2020-03-17 00:23:12.239711 https://gongyuanchengpinlanyuanzt.fang.com/
Logger:2020-03-17 00:23:12.486052 https://binfenhuixjy.fang.com/
Logger:2020-03-17 00:23:12.727408 https://nanhugongguan.fang.com/
Logger:2020-03-17 00:23:13.005627 https://gongyuanchengpinyunting.fang.com/
Logger:2020-03-17 00:23:13.218101 https://zhinengkejichengxj.fang.com/
Logger:2020-03-17 00:23:13.445487 https://yunwangzhuangyuan.fang.com/
Logger:2020-03-17 00:23:13.675833 https://duhuiyunjing.fang.com/
Logger:2020-03-17 00:23:17.246282 https://jh.newhouse.fang.com/house/s/b99/
Logger:2020-03-17 00:23:20.763918 https://jh.newhouse.fang.com/house/s/b910/
Logger:2020-03-17 00:23:25.231920 https://jh.newhouse.fang.com/house/s/b911/
