Logger:2020-03-16 10:37:00.856881 https://jiamusi.newhouse.fang.com/house/s/b91/
Logger:2020-03-16 10:37:01.184927 https://guanjiangguoji.fang.com/
Logger:2020-03-16 10:37:01.497572 https://wanxiangguoji0454.fang.com/
Logger:2020-03-16 10:37:02.141814 https://bishuilanting0454.fang.com/
Logger:2020-03-16 10:37:02.505508 https://xijiaohuacheng0454.fang.com/
Logger:2020-03-16 10:37:02.833337 https://wandaguangchang0454.fang.com/
Logger:2020-03-16 10:37:07.859317 https://jiadashangdu.fang.com/
Logger:2020-03-16 10:37:08.218609 https://xuechengmingzhu0454.fang.com/
Logger:2020-03-16 10:37:08.546438 https://0454jiequ.fang.com/
Logger:2020-03-16 10:37:08.843244 https://kaimeiguoji0454.fang.com/
Logger:2020-03-16 10:37:09.155669 https://baijinwan0454.fang.com/
Logger:2020-03-16 10:37:10.155433 https://jiangnanyaju.fang.com/
Logger:2020-03-16 10:37:10.724619 https://xinglinwan.fang.com/
Logger:2020-03-16 10:37:11.021381 https://xuefujiayuan0454.fang.com/
Logger:2020-03-16 10:37:11.318405 https://fengqiaohepan.fang.com/
Logger:2020-03-16 10:37:12.608600 https://ouyaxiaozhen.fang.com/
Logger:2020-03-16 10:37:12.889784 https://shishuilanting.fang.com/
Logger:2020-03-16 10:37:13.155389 https://jiatianxiald0454.fang.com/
Logger:2020-03-16 10:37:17.938090 https://jingangwan0454.fang.com/2/
Logger:2020-03-16 10:37:18.203653 https://shanshuijiayuan0454.fang.com/2/
Logger:2020-03-16 10:37:18.516080 https://tianfucheng0454.fang.com/
Logger:2020-03-16 10:37:21.890283 https://jiamusi.newhouse.fang.com/house/s/b92/
Logger:2020-03-16 10:37:22.202494 https://helancheng.fang.com/
Logger:2020-03-16 10:37:24.014562 https://yinglunlanjue.fang.com/
Logger:2020-03-16 10:37:24.311626 https://meiguiyuan0454.fang.com/
Logger:2020-03-16 10:37:24.608431 https://tangrenzhongxin0454.fang.com/
Logger:2020-03-16 10:37:24.873734 https://jiangnanfudi0454.fang.com/
Logger:2020-03-16 10:37:27.719651 https://gongyuanyihao0454.fang.com/
Logger:2020-03-16 10:37:27.985214 https://jinxiujiangnan0454.fang.com/
Logger:2020-03-16 10:37:28.313474 https://mingshiyuan0454.fang.com/
Logger:2020-03-16 10:37:31.008882 https://yinglunshangchengwy.fang.com/
Logger:2020-03-16 10:37:31.321308 https://sjgjsmc0454.fang.com/
Logger:2020-03-16 10:37:31.602530 https://hongyejiayuan.fang.com/
Logger:2020-03-16 10:37:33.375383 https://linyuanxiaozhen.fang.com/
Logger:2020-03-16 10:37:33.719020 https://shuanganshengshi0454.fang.com/
Logger:2020-03-16 10:37:34.000023 https://fenghewanjia.fang.com/
Logger:2020-03-16 10:37:36.468364 https://huataixincheng.fang.com/3/
Logger:2020-03-16 10:37:36.780684 https://yihaihuayuan0454.fang.com/
Logger:2020-03-16 10:37:37.077596 https://zhongshan58hao0454.fang.com/
Logger:2020-03-16 10:37:37.343200 https://hongqijiayuan.fang.com/
Logger:2020-03-16 10:37:37.671031 https://longhaimingyuan.fang.com/
Logger:2020-03-16 10:37:37.983414 https://shengshihuadu.fang.com/
Logger:2020-03-16 10:37:41.732529 https://jiamusi.newhouse.fang.com/house/s/b93/
Logger:2020-03-16 10:37:41.966849 https://hanlinmingyuan.fang.com/
Logger:2020-03-16 10:37:42.279275 https://shidaiguangchangqc0454.fang.com/
Logger:2020-03-16 10:37:42.732556 https://hemurongfu.fang.com/
Logger:2020-03-16 10:37:43.091583 https://dongqiaohepan0454.fang.com/
Logger:2020-03-16 10:37:43.435252 https://chengshangcheng0454.fang.com/
Logger:2020-03-16 10:37:43.747688 https://jinyuguoji0454.fang.com/
Logger:2020-03-16 10:37:47.298517 https://jiamusi.newhouse.fang.com/house/s/b94/
Logger:2020-03-16 10:37:50.875580 https://jiamusi.newhouse.fang.com/house/s/b95/
Logger:2020-03-16 10:37:54.840461 https://jiamusi.newhouse.fang.com/house/s/b96/
