Logger:2020-03-16 21:05:14.484107 https://jianyang.newhouse.fang.com/house/s/b91/
Logger:2020-03-16 21:05:14.798269 https://yuejuanxiangjiangxc.fang.com/
Logger:2020-03-16 21:05:15.065839 https://119668.fang.com/
Logger:2020-03-16 21:05:21.100148 https://jianyanghongdu.fang.com/
Logger:2020-03-16 21:05:21.505570 https://jydcgj.fang.com/
Logger:2020-03-16 21:05:21.804769 https://dfwnstx.fang.com/
Logger:2020-03-16 21:05:22.072054 https://jyyycx.fang.com/
Logger:2020-03-16 21:05:22.452766 https://xingtangfu028.fang.com/
Logger:2020-03-16 21:05:22.779758 https://thksgc.fang.com/
Logger:2020-03-16 21:05:23.089926 https://jywfc.fang.com/
Logger:2020-03-16 21:05:23.419321 https://jianyangjzhy.fang.com/
Logger:2020-03-16 21:05:23.739464 https://jianyanghshy.fang.com/
Logger:2020-03-16 21:05:24.148370 https://lanhuchengbang.fang.com/
Logger:2020-03-16 21:05:24.454232 https://jianyangjhy.fang.com/
Logger:2020-03-16 21:05:24.748775 https://jyxianggangcheng.fang.com/
Logger:2020-03-16 21:05:28.323273 https://jinghanxinchengyuejunjiangshan.fang.com/
Logger:2020-03-16 21:05:28.699543 https://xiyuemeihu.fang.com/
Logger:2020-03-16 21:05:29.064567 https://jyxzxc.fang.com/
Logger:2020-03-16 21:05:29.367755 https://jianyangysdc.fang.com/
Logger:2020-03-16 21:05:29.668950 https://jyylgjsmc.fang.com/
Logger:2020-03-16 21:05:36.995150 https://jianyanghxsy.fang.com/
Logger:2020-03-16 21:05:40.656485 https://jianyang.newhouse.fang.com/house/s/b92/
Logger:2020-03-16 21:05:40.928754 https://shangchneg2.fang.com/
Logger:2020-03-16 21:05:41.205600 https://jybaliyangguang.fang.com/
Logger:2020-03-16 21:05:44.245875 https://jyruixinyunding.fang.com/
Logger:2020-03-16 21:05:44.672732 https://binhaijiayuan028.fang.com/
Logger:2020-03-16 21:05:45.044738 https://yuejuanfenghuajhxc.fang.com/
Logger:2020-03-16 21:05:45.339538 https://jydjjx.fang.com/
Logger:2020-03-16 21:05:45.629653 https://jyxhhy.fang.com/
Logger:2020-03-16 21:05:49.496249 https://wanfengchengb.fang.com/
Logger:2020-03-16 21:05:52.582203 https://tiancheng.fang.com/
Logger:2020-03-16 21:05:52.859458 https://jianyanglaiyin.fang.com/
Logger:2020-03-16 21:05:53.144887 https://bsxianggelila.fang.com/
Logger:2020-03-16 21:05:55.828854 https://ejiatianxiajy.fang.com/
Logger:2020-03-16 21:05:57.178807 https://yilianzhihuishangmaocheng.fang.com/
Logger:2020-03-16 21:06:00.837381 https://jianyang.newhouse.fang.com/house/s/b93/
Logger:2020-03-16 21:06:04.362198 https://jianyang.newhouse.fang.com/house/s/b94/
Logger:2020-03-16 21:06:07.862570 https://jianyang.newhouse.fang.com/house/s/b95/
