Logger:2020-03-16 14:52:38.434574 https://jiangyan.newhouse.fang.com/house/s/b91/
Logger:2020-03-16 14:52:38.678920 https://jynyyy.fang.com/
Logger:2020-03-16 14:52:38.958256 https://xinduhui20523.fang.com/
Logger:2020-03-16 14:52:39.272376 https://jyhxf.fang.com/
Logger:2020-03-16 14:52:39.562556 https://jyymgjhy.fang.com/
Logger:2020-03-16 14:52:39.823857 https://ztqhy.fang.com/
Logger:2020-03-16 14:52:40.083209 https://jydfblc.fang.com/
Logger:2020-03-16 14:52:40.400316 https://jyhtyy.fang.com/
Logger:2020-03-16 14:52:40.650646 https://jyjgdjlw.fang.com/
Logger:2020-03-16 14:52:40.923959 https://jylsjd.fang.com/
Logger:2020-03-16 14:52:41.159285 https://jacjc.fang.com/
Logger:2020-03-16 14:52:41.502410 https://jiazhongmiungyuan.fang.com/
Logger:2020-03-16 14:52:43.749398 https://jiangyan.newhouse.fang.com/house/1855266280.htm
Logger:2020-03-16 14:52:44.044566 https://jyjysj.fang.com/
Logger:2020-03-16 14:52:44.306909 https://jiangyan.newhouse.fang.com/house/1855266268.htm
Logger:2020-03-16 14:52:44.550214 https://dechijinjun2.fang.com/
Logger:2020-03-16 14:52:44.849458 https://htscgj.fang.com/
Logger:2020-03-16 14:52:45.128705 https://zixingcheng20523.fang.com/
Logger:2020-03-16 14:52:45.361044 https://jyxxmd.fang.com/
Logger:2020-03-16 14:52:45.654305 https://jyhdqcc.fang.com/1/
Logger:2020-03-16 14:52:45.930521 https://jiaheliyuan2.fang.com/
Logger:2020-03-16 14:52:49.451153 https://jiangyan.newhouse.fang.com/house/s/b92/
Logger:2020-03-16 14:52:49.634613 https://jinxiujiangcheng2.fang.com/
Logger:2020-03-16 14:52:49.893919 https://quuexiandaoyihao.fang.com/
Logger:2020-03-16 14:52:53.534218 https://jiangyan.newhouse.fang.com/house/s/b93/
Logger:2020-03-16 14:52:57.015866 https://jiangyan.newhouse.fang.com/house/s/b94/
Logger:2020-03-16 14:53:00.456664 https://jiangyan.newhouse.fang.com/house/s/b95/
