Logger:2020-03-16 15:09:24.041712 https://jian.newhouse.fang.com/house/s/b91/
Logger:2020-03-16 15:09:24.446807 https://xinsuiyuanlongquanshijicheng.fang.com/
Logger:2020-03-16 15:09:24.791972 https://languangyongjinbandao.fang.com/
Logger:2020-03-16 15:09:25.220826 https://bbgmsdgc0796.fang.com/
Logger:2020-03-16 15:09:25.530034 https://smcctc0796.fang.com/
Logger:2020-03-16 15:09:25.889585 https://jinggangshoufu.fang.com/
Logger:2020-03-16 15:09:26.530038 https://xinlidibowan0796.fang.com/
Logger:2020-03-16 15:09:26.938955 https://kaixuanguojisyc.fang.com/
Logger:2020-03-16 15:09:27.268033 https://jtsdc.fang.com/
Logger:2020-03-16 15:09:27.569255 https://jinyushoufu0796.fang.com/
Logger:2020-03-16 15:09:27.843731 https://yuanshanhuayuan0796.fang.com/
Logger:2020-03-16 15:09:28.353385 https://waitankj.fang.com/
Logger:2020-03-16 15:09:28.781264 https://zsjnf.fang.com/
Logger:2020-03-16 15:09:29.126316 https://jinyulanwan0796.fang.com/
Logger:2020-03-16 15:09:29.443580 https://gunjkhcygcwlfbl.fang.com/
Logger:2020-03-16 15:09:29.880734 https://jiangshanli0796.fang.com/
Logger:2020-03-16 15:09:30.287815 https://yujingbandaohd0796.fang.com/
Logger:2020-03-16 15:09:32.784501 https://binjiangshoufu0796.fang.com/
Logger:2020-03-16 15:09:33.174468 https://biguiyuanzhengronglulingfu.fang.com/
Logger:2020-03-16 15:09:33.575394 https://jintianjincheng.fang.com/
Logger:2020-03-16 15:09:33.909587 https://xycyc.fang.com/
Logger:2020-03-16 15:09:37.607527 https://jian.newhouse.fang.com/house/s/b92/
Logger:2020-03-16 15:09:37.936203 https://yxbgy0721.fang.com/
Logger:2020-03-16 15:09:38.342114 https://lulingyuanzi.fang.com/
Logger:2020-03-16 15:09:38.666247 https://rongjushangshangcheng.fang.com/
Logger:2020-03-16 15:09:39.022854 https://zrygcwlf.fang.com/
Logger:2020-03-16 15:09:39.401831 https://ruidejiayuan0796.fang.com/
Logger:2020-03-16 15:09:39.840497 https://yudaijiayuanhx.fang.com/
Logger:2020-03-16 15:09:40.215007 https://lulingxuefu.fang.com/
Logger:2020-03-16 15:09:40.524179 https://huaxiaxincheng0796.fang.com/
Logger:2020-03-16 15:09:40.888203 https://scdfbl.fang.com/
Logger:2020-03-16 15:09:41.339749 https://wanshangchengshiguangchang.fang.com/
Logger:2020-03-16 15:09:41.707748 https://wfzhgc.fang.com/
Logger:2020-03-16 15:09:42.041853 https://hyyjf0796.fang.com/
Logger:2020-03-16 15:09:42.361000 https://yxwhyx.fang.com/
Logger:2020-03-16 15:09:42.792795 https://fenghuangchengbj0796.fang.com/
Logger:2020-03-16 15:09:46.608409 https://shangjiangjie0796.fang.com/
Logger:2020-03-16 15:09:46.996371 https://sijihuacheng0796.fang.com/
Logger:2020-03-16 15:09:48.180793 https://hctxf.fang.com/
Logger:2020-03-16 15:09:51.840390 https://thbgy.fang.com/
Logger:2020-03-16 15:09:52.182541 https://lixiangcheng0796.fang.com/
Logger:2020-03-16 15:09:52.539096 https://zsjsl.fang.com/
Logger:2020-03-16 15:09:56.401311 https://jian.newhouse.fang.com/house/s/b93/
Logger:2020-03-16 15:09:56.753369 https://zijingdasha0796.fang.com/
Logger:2020-03-16 15:09:57.062542 https://zjfhc.fang.com/
Logger:2020-03-16 15:09:59.297394 https://liuheshengshidongfangsaina.fang.com/
Logger:2020-03-16 15:09:59.626542 https://kxhcmyt.fang.com/
Logger:2020-03-16 15:10:00.027961 https://zijinjiayuan0796.fang.com/
Logger:2020-03-16 15:10:00.351096 https://dongshanzhongyangshoufu.fang.com/
Logger:2020-03-16 15:10:00.706174 https://wjsdgc0796.fang.com/
Logger:2020-03-16 15:10:01.043810 https://zlbgylmf.fang.com/
Logger:2020-03-16 15:10:01.403699 https://rundameishu0796.fang.com/
Logger:2020-03-16 15:10:01.699807 https://fuqiangfengshanlanwan.fang.com/
Logger:2020-03-16 15:10:02.048874 https://xinhaoshoufu.fang.com/
Logger:2020-03-16 15:10:02.383977 https://lsyhy.fang.com/
Logger:2020-03-16 15:10:02.779951 https://bjxfjy0796.fang.com/
Logger:2020-03-16 15:10:03.118788 https://yinglunlianbang2.fang.com/3/
Logger:2020-03-16 15:10:03.465957 https://tongluowanyihao0796.fang.com/
Logger:2020-03-16 15:10:03.811046 https://qiaonanshoufu.fang.com/
Logger:2020-03-16 15:10:04.198047 https://ttgjdh0796.fang.com/
Logger:2020-03-16 15:10:04.530929 https://xinganyonghuafu.fang.com/
Logger:2020-03-16 15:10:10.618798 https://jjgjgc0796.fang.com/
Logger:2020-03-16 15:10:11.917136 https://qianshenghupanshuyuan.fang.com/
Logger:2020-03-16 15:10:16.204861 https://jian.newhouse.fang.com/house/s/b94/
Logger:2020-03-16 15:10:16.510162 https://sczyf.fang.com/
Logger:2020-03-16 15:10:16.845303 https://zslmyfsmc0796.fang.com/
Logger:2020-03-16 15:10:17.197324 https://yintuhaoting.fang.com/
Logger:2020-03-16 15:10:17.549352 https://lulingxincheng2.fang.com/
Logger:2020-03-16 15:10:18.002330 https://tianchengronggongguanrc.fang.com/
Logger:2020-03-16 15:10:18.412232 https://hdyhj.fang.com/
Logger:2020-03-16 15:10:18.736329 https://lulingdongfang.fang.com/
Logger:2020-03-16 15:10:19.059465 https://bailuyuan0796.fang.com/
Logger:2020-03-16 15:10:19.471463 https://jiangnanshengjing.fang.com/
Logger:2020-03-16 15:10:19.806356 https://lfzwf.fang.com/
Logger:2020-03-16 15:10:20.112535 https://junyuehui0796.fang.com/
Logger:2020-03-16 15:10:20.501526 https://stzygg.fang.com/
Logger:2020-03-16 15:10:20.879262 https://wsldj.fang.com/
Logger:2020-03-16 15:10:21.191431 https://dlsjc.fang.com/
Logger:2020-03-16 15:10:21.532592 https://llyp0796.fang.com/
Logger:2020-03-16 15:10:21.927500 https://zlwtgg0796.fang.com/
Logger:2020-03-16 15:10:22.289547 https://xhcxfl.fang.com/
Logger:2020-03-16 15:10:22.624352 https://huijinyihao0796.fang.com/
Logger:2020-03-16 15:10:29.338664 https://jintianyazhu.fang.com/
Logger:2020-03-16 15:10:29.716627 https://xjbgy.fang.com/
Logger:2020-03-16 15:10:35.176004 https://jian.newhouse.fang.com/house/s/b95/
Logger:2020-03-16 15:10:35.488189 https://fenghuangchengjj0796.fang.com/
Logger:2020-03-16 15:10:35.831251 https://tianyueguoji0796.fang.com/
Logger:2020-03-16 15:10:36.213319 https://sckjy.fang.com/
Logger:2020-03-16 15:10:36.617704 https://sanshuiwenyuan.fang.com/
Logger:2020-03-16 15:10:36.954798 https://hdllj.fang.com/
Logger:2020-03-16 15:10:37.427534 https://gxgjsmc0796.fang.com/
Logger:2020-03-16 15:10:37.719080 https://shengshihaoting0796.fang.com/
Logger:2020-03-16 15:10:38.106845 https://ykwlc.fang.com/
Logger:2020-03-16 15:10:38.449924 https://guomaodashagongyu.fang.com/
Logger:2020-03-16 15:10:38.749093 https://gangyaoshangmaocheng.fang.com/
Logger:2020-03-16 15:10:39.062798 https://taishangdasha.fang.com/
Logger:2020-03-16 15:10:39.355058 https://fenghuangxincheng0796.fang.com/
Logger:2020-03-16 15:10:39.752276 https://zijingbeiyuan.fang.com/
Logger:2020-03-16 15:10:40.077871 https://zhongliangjiuhaoyuan0796.fang.com/
Logger:2020-03-16 15:10:40.459849 https://zhcfhyh.fang.com/
Logger:2020-03-16 15:10:40.776509 https://lulingtaifamingcheng.fang.com/
Logger:2020-03-16 15:10:41.198991 https://jurenyayuan0796.fang.com/
Logger:2020-03-16 15:10:41.512500 https://bjxyw.fang.com/
Logger:2020-03-16 15:10:41.776753 https://hsbjyh0796.fang.com/
Logger:2020-03-16 15:10:42.074955 https://yxjzy.fang.com/
Logger:2020-03-16 15:10:45.458074 https://jian.newhouse.fang.com/house/s/b96/
Logger:2020-03-16 15:10:45.812126 https://luxianyaju.fang.com/
Logger:2020-03-16 15:10:52.162982 https://chengjianhuayuan0796.fang.com/
Logger:2020-03-16 15:10:52.533113 https://dtygc0796.fang.com/
Logger:2020-03-16 15:10:52.934824 https://stgbf.fang.com/
Logger:2020-03-16 15:10:59.572803 https://luzhoufudi.fang.com/
Logger:2020-03-16 15:10:59.946036 https://aftygc.fang.com/
Logger:2020-03-16 15:11:00.333033 https://jinanyinzuo0796.fang.com/
Logger:2020-03-16 15:11:00.735963 https://cuihaihuating.fang.com/
Logger:2020-03-16 15:11:01.072044 https://styghy.fang.com/
Logger:2020-03-16 15:11:01.564350 https://xingguangpark.fang.com/
Logger:2020-03-16 15:11:01.913985 https://changwangrenjia.fang.com/
Logger:2020-03-16 15:11:02.364777 https://longchengyujingguoji.fang.com/
Logger:2020-03-16 15:11:02.720992 https://daguanzhouyue0796.fang.com/
Logger:2020-03-16 15:11:03.108862 https://yunlingxincheng.fang.com/
Logger:2020-03-16 15:11:03.469472 https://xianghexuefu0796.fang.com/
Logger:2020-03-16 15:11:03.889335 https://kxhcyhf.fang.com/
Logger:2020-03-16 15:11:04.272286 https://hongxinghuayuan0796.fang.com/
Logger:2020-03-16 15:11:04.587475 https://hbjhf.fang.com/
Logger:2020-03-16 15:11:09.312775 https://xinheyongshulongwan.fang.com/
Logger:2020-03-16 15:11:09.716731 https://wxxcf.fang.com/
Logger:2020-03-16 15:11:13.446795 https://jian.newhouse.fang.com/house/s/b97/
Logger:2020-03-16 15:11:13.752992 https://huapengdijing.fang.com/
Logger:2020-03-16 15:11:14.102013 https://jinsehaiands0796.fang.com/
Logger:2020-03-16 15:11:14.481749 https://zhongyangchengyczj.fang.com/
Logger:2020-03-16 15:11:14.804953 https://janmc.fang.com/
Logger:2020-03-16 15:11:15.122051 https://shanshuixiangdi0796.fang.com/
Logger:2020-03-16 15:11:15.496054 https://yingchengshidaiguangchang.fang.com/
Logger:2020-03-16 15:11:15.830207 https://rongtingfu.fang.com/
Logger:2020-03-16 15:11:16.216168 https://ldbjyx0796.fang.com/
Logger:2020-03-16 15:11:16.629916 https://qingyunzuo.fang.com/
Logger:2020-03-16 15:11:16.943049 https://songfengfengchaoguangchang.fang.com/
Logger:2020-03-16 15:11:17.309114 https://yihaoyiyuanjg0796.fang.com/
Logger:2020-03-16 15:11:17.659435 https://huapengyujing.fang.com/
Logger:2020-03-16 15:11:17.962189 https://jinbangmingyuan0796.fang.com/
Logger:2020-03-16 15:11:20.950698 https://guojiqicheguangchangmkl.fang.com/
Logger:2020-03-16 15:11:21.307743 https://vsdsyzx.fang.com/
Logger:2020-03-16 15:11:21.647484 https://jinggangshankaixuanmen.fang.com/
Logger:2020-03-16 15:11:25.591032 https://jian.newhouse.fang.com/house/s/b98/
Logger:2020-03-16 15:11:29.332459 https://jian.newhouse.fang.com/house/s/b99/
Logger:2020-03-16 15:11:33.977641 https://jian.newhouse.fang.com/house/s/b910/
