Logger:2020-03-16 09:19:19.557456 https://jiaozuo.newhouse.fang.com/house/s/b91/
Logger:2020-03-16 09:19:20.221691 https://yuelongtaihd0391.fang.com/?from=xflist_xfgg
Logger:2020-03-16 09:19:20.524302 https://jimeiqingchuanjk.fang.com/
Logger:2020-03-16 09:19:20.871538 https://biguiyuanjz.fang.com/1/
Logger:2020-03-16 09:19:21.572105 https://meihaoshenghuojiayuanzy.fang.com/
Logger:2020-03-16 09:19:23.124078 https://chuntianlijy2.fang.com/
Logger:2020-03-16 09:19:26.582557 https://yingbinfujy.fang.com/
Logger:2020-03-16 09:19:26.881650 https://feicuiwan0391.fang.com/
Logger:2020-03-16 09:19:27.224075 https://zhujingyunshan0391.fang.com/
Logger:2020-03-16 09:19:27.530693 https://ygcyhy0391.fang.com/
Logger:2020-03-16 09:19:27.834429 https://hongyuanguiyuan.fang.com/
Logger:2020-03-16 09:19:28.436958 https://chengjihuayuanzs.fang.com/
Logger:2020-03-16 09:19:28.787018 https://boyuanlantingxu.fang.com/
Logger:2020-03-16 09:19:29.121468 https://zbkqc0391.fang.com/
Logger:2020-03-16 09:19:29.480582 https://skqhy.fang.com/
Logger:2020-03-16 09:19:29.800385 https://xichengjiayuan0391.fang.com/
Logger:2020-03-16 09:19:30.039176 https://weilaichengyd.fang.com/
Logger:2020-03-16 09:19:30.372724 https://yxqql.fang.com/
Logger:2020-03-16 09:19:30.760084 https://yangshengguhd0391.fang.com/
Logger:2020-03-16 09:19:31.084227 https://dongfanghuayuanjs.fang.com/
Logger:2020-03-16 09:19:31.387765 https://shihefujy.fang.com/
Logger:2020-03-16 09:19:34.694463 https://jiaozuo.newhouse.fang.com/house/s/b92/
Logger:2020-03-16 09:19:34.955379 https://zhongliangshoufujz.fang.com/
Logger:2020-03-16 09:19:36.427809 https://kjzbxc.fang.com/
Logger:2020-03-16 09:19:36.731262 https://dfjdjj.fang.com/
Logger:2020-03-16 09:19:38.794701 https://senlinbandaowzjy.fang.com/
Logger:2020-03-16 09:19:39.122948 https://wuzhibiguiyuan.fang.com/
Logger:2020-03-16 09:19:41.140551 https://mingruichengzh.fang.com/
Logger:2020-03-16 09:19:41.489197 https://chuntianlibajy.fang.com/
Logger:2020-03-16 09:19:41.792736 https://wandajzsh.fang.com/
Logger:2020-03-16 09:19:42.363347 https://qfssht.fang.com/
Logger:2020-03-16 09:19:43.836006 https://feicuichengjdl.fang.com/
Logger:2020-03-16 09:19:44.168954 https://xingkaiguoji.fang.com/
Logger:2020-03-16 09:19:44.471544 https://zhonghaizuoan.fang.com/
Logger:2020-03-16 09:19:45.278651 https://xinghewancc.fang.com/
Logger:2020-03-16 09:19:45.579958 https://guomaoguangchangcc.fang.com/
Logger:2020-03-16 09:19:46.662553 https://zhongdingguoji0391.fang.com/
Logger:2020-03-16 09:19:47.886657 https://zhengrongfuzc.fang.com/
Logger:2020-03-16 09:19:48.197100 https://cxmmsj.fang.com/
Logger:2020-03-16 09:19:49.733097 https://hxnjmc0391.fang.com/
Logger:2020-03-16 09:19:50.101720 https://haidegongyuan0391.fang.com/
Logger:2020-03-16 09:19:51.021699 https://wzzylxc.fang.com/
Logger:2020-03-16 09:19:54.828783 https://jiaozuo.newhouse.fang.com/house/s/b93/
Logger:2020-03-16 09:19:55.151622 https://0391shuanghewan.fang.com/
Logger:2020-03-16 09:19:56.953042 https://yuntaiguandi.fang.com/
Logger:2020-03-16 09:19:57.236820 https://shibogongyuan.fang.com/
Logger:2020-03-16 09:19:57.546707 https://qingshuiwanwl.fang.com/
Logger:2020-03-16 09:19:57.809322 https://longyuanhuguojiguangchang.fang.com/
Logger:2020-03-16 09:19:58.174354 https://xinyuefuhx.fang.com/
Logger:2020-03-16 09:19:58.459758 https://jyyxy.fang.com/
Logger:2020-03-16 09:19:58.784721 https://yixiangmeijun.fang.com/
Logger:2020-03-16 09:20:00.886246 https://lijiangzh.fang.com/
Logger:2020-03-16 09:20:01.205150 https://longrunwan.fang.com/
Logger:2020-03-16 09:20:01.787498 https://zhengyunyuecheng.fang.com/
Logger:2020-03-16 09:20:02.124838 https://xinghuibgy0391.fang.com/
Logger:2020-03-16 09:20:02.392830 https://dzhgbc.fang.com/
Logger:2020-03-16 09:20:04.740795 https://gy569.fang.com/
Logger:2020-03-16 09:20:05.031866 https://glygg.fang.com/
Logger:2020-03-16 09:20:05.326184 https://wanjihuafu0391.fang.com/
Logger:2020-03-16 09:20:05.607365 https://dongfangmingchenghx.fang.com/1/
Logger:2020-03-16 09:20:05.942256 https://shiguanglidd.fang.com/1/
Logger:2020-03-16 09:20:06.499314 https://yixiangshangjun.fang.com/
Logger:2020-03-16 09:20:06.814845 https://diyichengjdl.fang.com/
Logger:2020-03-16 09:20:10.068679 https://jiaozuo.newhouse.fang.com/house/s/b94/
Logger:2020-03-16 09:20:10.368149 https://shuianhuayuan0391.fang.com/
Logger:2020-03-16 09:20:11.291856 https://jinguimingyuan0391.fang.com/
Logger:2020-03-16 09:20:12.974121 https://huafangguojixw.fang.com/
Logger:2020-03-16 09:20:13.319943 https://yushuyuandfjd.fang.com/
Logger:2020-03-16 09:20:13.649815 https://yuedongcheng0391.fang.com/
Logger:2020-03-16 09:20:14.256415 https://xclpsz.fang.com/
Logger:2020-03-16 09:20:14.554662 https://zhonghaishuiyun.fang.com/
Logger:2020-03-16 09:20:16.109180 https://yjyjy.fang.com/
Logger:2020-03-16 09:20:16.443538 https://xinduhuijdl.fang.com/
Logger:2020-03-16 09:20:16.715698 https://dongshengyuan0391.fang.com/
Logger:2020-03-16 09:20:17.157802 https://tesexiaozhendyy.fang.com/
Logger:2020-03-16 09:20:17.393707 https://shangwuzhongxincxyh.fang.com/
Logger:2020-03-16 09:20:17.663134 https://hygjsc.fang.com/
Logger:2020-03-16 09:20:18.965027 https://xuefuyihao0391.fang.com/
Logger:2020-03-16 09:20:20.691981 https://yuxiangxiaoqu.fang.com/
Logger:2020-03-16 09:20:20.978901 https://yuntaiguzhen.fang.com/
Logger:2020-03-16 09:20:21.231508 https://jingjieqydfjd.fang.com/
Logger:2020-03-16 09:20:21.690010 https://yixiangmeiyu.fang.com/
Logger:2020-03-16 09:20:21.963004 https://gjsmcwjh.fang.com/
Logger:2020-03-16 09:20:22.199763 https://guomaozhongxinwz.fang.com/
Logger:2020-03-16 09:20:25.437886 https://jiaozuo.newhouse.fang.com/house/s/b95/
Logger:2020-03-16 09:20:25.684243 https://hjzxgc.fang.com/
Logger:2020-03-16 09:20:27.273521 https://hcsygc0391.fang.com/
Logger:2020-03-16 09:20:29.053749 https://hybzsc.fang.com/
Logger:2020-03-16 09:20:32.651097 https://jiaozuo.newhouse.fang.com/house/s/b96/
Logger:2020-03-16 09:20:36.091207 https://jiaozuo.newhouse.fang.com/house/s/b97/
Logger:2020-03-16 09:20:39.584005 https://jiaozuo.newhouse.fang.com/house/s/b98/
