Logger:2020-03-16 00:48:51.286753 https://jieyang.newhouse.fang.com/house/s/b91/
Logger:2020-03-16 00:48:51.548649 https://rongjiangyuefu.fang.com/?from=xflist_xfgg
Logger:2020-03-16 00:48:51.783618 https://yjltcdx.fang.com/
Logger:2020-03-16 00:48:53.385072 https://jyzncfna.fang.com/
Logger:2020-03-16 00:48:53.619715 https://jybljc.fang.com/
Logger:2020-03-16 00:48:53.885381 https://jywdgc0663.fang.com/
Logger:2020-03-16 00:48:55.334608 https://blbdyh0663.fang.com/
Logger:2020-03-16 00:48:55.599652 https://hengdalvzhou0663.fang.com/
Logger:2020-03-16 00:48:55.849592 https://rjsjc.fang.com/
Logger:2020-03-16 00:48:56.224506 https://xihuhaoyuan0663.fang.com/
Logger:2020-03-16 00:48:56.490458 https://puningbaolihefu.fang.com/
Logger:2020-03-16 00:48:56.745674 https://hengdahuafu0663.fang.com/
Logger:2020-03-16 00:48:57.027230 https://rongshuiwan.fang.com/
Logger:2020-03-16 00:48:59.215428 https://ldgjkgc.fang.com/
Logger:2020-03-16 00:48:59.450218 https://pnbgyhy.fang.com/
Logger:2020-03-16 00:48:59.700082 https://pbsw.fang.com/
Logger:2020-03-16 00:49:01.610078 https://pnsshf.fang.com/
Logger:2020-03-16 00:49:01.860180 https://xianshangcheng.fang.com/
Logger:2020-03-16 00:49:02.126133 https://bgyjymf.fang.com/
Logger:2020-03-16 00:49:02.344652 https://pnnfmy.fang.com/
Logger:2020-03-16 00:49:02.594587 https://huilaibiguiyuan.fang.com/
Logger:2020-03-16 00:49:05.897230 https://jieyang.newhouse.fang.com/house/s/b92/
Logger:2020-03-16 00:49:06.241075 https://mianhuxincheng.fang.com/
Logger:2020-03-16 00:49:06.506100 https://feicuihuatinghd0663.fang.com/
Logger:2020-03-16 00:49:08.115056 https://yujiangnan0663.fang.com/
Logger:2020-03-16 00:49:08.365538 https://pinganli0663.fang.com/
Logger:2020-03-16 00:49:08.646616 https://junheyuansg.fang.com/
Logger:2020-03-16 00:49:10.524592 https://huameichuntian.fang.com/
Logger:2020-03-16 00:49:10.758563 https://baimeihuayuan.fang.com/
Logger:2020-03-16 00:49:12.858551 https://runhuixincheng.fang.com/
Logger:2020-03-16 00:49:13.404765 https://guangmingyihaopn.fang.com/
Logger:2020-03-16 00:49:13.670329 https://mingzhuyipin0663.fang.com/
Logger:2020-03-16 00:49:15.685478 https://ygcjyljw.fang.com/
Logger:2020-03-16 00:49:15.982798 https://yuefushijia0663.fang.com/
Logger:2020-03-16 00:49:18.201227 https://pwshy.fang.com/
Logger:2020-03-16 00:49:19.950180 https://yingtaihuafu.fang.com/
Logger:2020-03-16 00:49:20.218954 https://xinhuacheng0663.fang.com/
Logger:2020-03-16 00:49:20.530764 https://bgyjsdj.fang.com/
Logger:2020-03-16 00:49:22.341982 https://dfcxdgc.fang.com/
Logger:2020-03-16 00:49:22.560680 https://yanlanchuntian.fang.com/
Logger:2020-03-16 00:49:22.811377 https://junheyuan0663.fang.com/
Logger:2020-03-16 00:49:24.373076 https://fulinmenkm.fang.com/
Logger:2020-03-16 00:49:27.678773 https://jieyang.newhouse.fang.com/house/s/b93/
Logger:2020-03-16 00:49:27.881130 https://jingemingyuan.fang.com/
Logger:2020-03-16 00:49:29.152670 https://biguiyuan0663.fang.com/
Logger:2020-03-16 00:49:29.387219 https://shuianhuacheng.fang.com/1/
Logger:2020-03-16 00:49:29.668888 https://hdzygy0663.fang.com/
Logger:2020-03-16 00:49:29.949316 https://044394.fang.com/
Logger:2020-03-16 00:49:32.045941 https://jiarunxincheng0663.fang.com/
Logger:2020-03-16 00:49:32.311551 https://dongfangyangguang.fang.com/
Logger:2020-03-16 00:49:34.186062 https://tianxibgy0663.fang.com/
Logger:2020-03-16 00:49:34.514135 https://yujingcheng0663.fang.com/3/
Logger:2020-03-16 00:49:34.748428 https://huameixincheng.fang.com/
Logger:2020-03-16 00:49:36.141246 https://jdfqj.fang.com/
Logger:2020-03-16 00:49:36.375919 https://xingfuli0663.fang.com/
Logger:2020-03-16 00:49:36.657530 https://pssht.fang.com/
Logger:2020-03-16 00:49:36.891914 https://zhongxingzilincheng.fang.com/
Logger:2020-03-16 00:49:37.156793 https://dongfangmingzhu0663.fang.com/
Logger:2020-03-16 00:49:39.000822 https://shengshihuayuandf.fang.com/
Logger:2020-03-16 00:49:40.562277 https://wtjrp.fang.com/
Logger:2020-03-16 00:49:40.780937 https://cuixuanhuayuan.fang.com/
Logger:2020-03-16 00:49:42.842952 https://jinrongzhongxinwt.fang.com/
Logger:2020-03-16 00:49:44.139885 https://dongfangshoufu.fang.com/
Logger:2020-03-16 00:49:47.787495 https://jieyang.newhouse.fang.com/house/s/b94/
Logger:2020-03-16 00:49:50.506324 https://dijingcheng0663.fang.com/
Logger:2020-03-16 00:49:52.349338 https://xhmzw.fang.com/2/
Logger:2020-03-16 00:49:52.573196 https://xinghemingzhuwan.fang.com/3/
Logger:2020-03-16 00:49:54.900851 https://rongjiangyipin.fang.com/
Logger:2020-03-16 00:49:55.147069 https://bgysljw0663.fang.com/
Logger:2020-03-16 00:49:55.381389 https://huilongwan0663.fang.com/
Logger:2020-03-16 00:49:55.615934 https://sdjgmyx.fang.com/
Logger:2020-03-16 00:49:55.850029 https://jiangjinghuayuan0663.fang.com/
Logger:2020-03-16 00:49:56.178647 https://rondongxincheng.fang.com/
Logger:2020-03-16 00:49:58.725071 https://dongfangziyuan.fang.com/
Logger:2020-03-16 00:49:58.974292 https://jixianglihr.fang.com/
Logger:2020-03-16 00:50:01.918465 https://hshy0663.fang.com/
Logger:2020-03-16 00:50:04.699268 https://shidaizhongxin0663.fang.com/
Logger:2020-03-16 00:50:04.948576 https://jinshuian0663.fang.com/
Logger:2020-03-16 00:50:05.428147 https://dsjfcc.fang.com/
Logger:2020-03-16 00:50:05.646845 https://kaiyiyangguang0663.fang.com/
Logger:2020-03-16 00:50:05.912908 https://qiaoguangxincheng.fang.com/
Logger:2020-03-16 00:50:10.756364 https://baodeshidaihuafu.fang.com/
Logger:2020-03-16 00:50:11.022074 https://chunxiyuan0663.fang.com/
Logger:2020-03-16 00:50:11.287708 https://yujingcheng0663.fang.com/2/
Logger:2020-03-16 00:50:14.584100 https://jieyang.newhouse.fang.com/house/s/b95/
Logger:2020-03-16 00:50:14.771109 https://xinhetianyue.fang.com/
Logger:2020-03-16 00:50:17.042928 https://pljjj.fang.com/
Logger:2020-03-16 00:50:17.292325 https://psjl.fang.com/
Logger:2020-03-16 00:50:17.620372 https://chuanghongguoji.fang.com/
Logger:2020-03-16 00:50:17.855413 https://qingxiyuan0663.fang.com/
Logger:2020-03-16 00:50:18.136594 https://xingfucheng0663.fang.com/
Logger:2020-03-16 00:50:18.370195 https://taoranjiayuan.fang.com/
Logger:2020-03-16 00:50:20.320296 https://lnmz.fang.com/2/
Logger:2020-03-16 00:50:22.459164 https://yzydgc.fang.com/
Logger:2020-03-16 00:50:22.677819 https://yuxihuating.fang.com/
Logger:2020-03-16 00:50:26.460885 https://dongqingheyuan.fang.com/
Logger:2020-03-16 00:50:26.710929 https://lingnanmingzhu.fang.com/3/
Logger:2020-03-16 00:50:28.970155 https://shidaizhongxinbd.fang.com/
Logger:2020-03-16 00:50:30.648020 https://wanyuguangchang.fang.com/1/
Logger:2020-03-16 00:50:32.366793 https://haoanju0663.fang.com/
Logger:2020-03-16 00:50:35.836107 https://jieyang.newhouse.fang.com/house/s/b96/
Logger:2020-03-16 00:50:39.377322 https://jieyang.newhouse.fang.com/house/s/b97/
Logger:2020-03-16 00:50:43.250263 https://jieyang.newhouse.fang.com/house/s/b98/
