Logger:2020-03-16 11:13:46.326839 https://jingmen.newhouse.fang.com/house/s/b91/
Logger:2020-03-16 11:13:46.624024 https://churonghuafu.fang.com/
Logger:2020-03-16 11:13:46.936070 https://jinxiujingcheng.fang.com/
Logger:2020-03-16 11:13:47.217846 https://rmwfyphy.fang.com/
Logger:2020-03-16 11:13:47.607786 https://jingmentiandi.fang.com/
Logger:2020-03-16 11:13:47.935844 https://bgycyt.fang.com/
Logger:2020-03-16 11:13:50.579352 https://longshanzhongyangshangwuqu.fang.com/
Logger:2020-03-16 11:13:50.876127 https://hengdadijing0724.fang.com/
Logger:2020-03-16 11:13:51.219890 https://zhongyanghuafu0724.fang.com/
Logger:2020-03-16 11:13:51.579214 https://kaixuanchengjx0724.fang.com/
Logger:2020-03-16 11:13:52.781564 https://gongyuan3326zgtj.fang.com/
Logger:2020-03-16 11:13:53.031964 https://yfcnjy.fang.com/
Logger:2020-03-16 11:13:53.360103 https://huamingyuan0724.fang.com/
Logger:2020-03-16 11:13:56.311978 https://nuosixingfucheng.fang.com/
Logger:2020-03-16 11:13:56.608793 https://churongyayuan.fang.com/
Logger:2020-03-16 11:13:56.952920 https://hongboshijishoufu.fang.com/
Logger:2020-03-16 11:13:57.264878 https://longshanguoji0724.fang.com/
Logger:2020-03-16 11:13:57.530441 https://zxyhc2.fang.com/
Logger:2020-03-16 11:13:57.827427 https://xiangshanyundi.fang.com/
Logger:2020-03-16 11:13:58.155737 https://hxsdgc0724.fang.com/
Logger:2020-03-16 11:14:01.113323 https://yangfengfenghuangxiangti.fang.com/
Logger:2020-03-16 11:14:04.471667 https://jingmen.newhouse.fang.com/house/s/b92/
Logger:2020-03-16 11:14:04.774388 https://yunhushangjunjmhd.fang.com/
Logger:2020-03-16 11:14:05.097822 https://zxnhgjgg.fang.com/
Logger:2020-03-16 11:14:06.796152 https://jinghanyuan.fang.com/
Logger:2020-03-16 11:14:07.092957 https://biguiyuancsa.fang.com/
Logger:2020-03-16 11:14:07.374140 https://shidaihuating0724.fang.com/
Logger:2020-03-16 11:14:07.733775 https://chengshihuayuanpty.fang.com/
Logger:2020-03-16 11:14:08.061478 https://kaixuanwan0724.fang.com/
Logger:2020-03-16 11:14:08.373905 https://zxycf.fang.com/
Logger:2020-03-16 11:14:08.671440 https://jingmenzhongxin.fang.com/
Logger:2020-03-16 11:14:08.999163 https://gongyuan1hao0724.fang.com/
Logger:2020-03-16 11:14:09.358046 https://gaoxinhuayuan0724.fang.com/
Logger:2020-03-16 11:14:09.670472 https://danguiguangchang.fang.com/
Logger:2020-03-16 11:14:09.967382 https://feicuigongguanbgy.fang.com/
Logger:2020-03-16 11:14:10.295361 https://xilongwan0724.fang.com/
Logger:2020-03-16 11:14:10.592304 https://zxctyhy.fang.com/
Logger:2020-03-16 11:14:10.936210 https://hainajiacheng.fang.com/
Logger:2020-03-16 11:14:11.263876 https://chdfmd.fang.com/
Logger:2020-03-16 11:14:11.576369 https://jingmenyihaoyuan.fang.com/
Logger:2020-03-16 11:14:11.857457 https://sdzwyz.fang.com/
Logger:2020-03-16 11:14:12.154592 https://shuianxincheng0724.fang.com/
Logger:2020-03-16 11:14:15.888009 https://jingmen.newhouse.fang.com/house/s/b93/
Logger:2020-03-16 11:14:16.200181 https://shuianxincheng0724.fang.com/
Logger:2020-03-16 11:14:16.481365 https://jiuhefu0724.fang.com/
Logger:2020-03-16 11:14:16.871897 https://zxdgssc.fang.com/
Logger:2020-03-16 11:14:17.168703 https://yuhubandao.fang.com/
Logger:2020-03-16 11:14:17.488574 https://zijingjiayuan0724.fang.com/
Logger:2020-03-16 11:14:17.801000 https://xianggelilakl.fang.com/3/
Logger:2020-03-16 11:14:18.113534 https://zxtclw.fang.com/
Logger:2020-03-16 11:14:18.410587 https://wenquanxincheng0724.fang.com/
Logger:2020-03-16 11:14:18.756624 https://xiangshanyuyuanyf.fang.com/
Logger:2020-03-16 11:14:19.021604 https://zhongyanggongyuancl.fang.com/4/
Logger:2020-03-16 11:14:19.334764 https://shuanghulinyuzxct.fang.com/
Logger:2020-03-16 11:14:19.599658 https://xinshijiehs0724.fang.com/
Logger:2020-03-16 11:14:19.943262 https://hjzxjyf.fang.com/
Logger:2020-03-16 11:14:20.286959 https://wanhuacheng0724.fang.com/
Logger:2020-03-16 11:14:20.631093 https://zijinglanting.fang.com/
Logger:2020-03-16 11:14:20.974581 https://huahongwanshu0724.fang.com/
Logger:2020-03-16 11:14:21.317938 https://zxfhxj.fang.com/
Logger:2020-03-16 11:14:21.614928 https://shanshuichenght.fang.com/
Logger:2020-03-16 11:14:21.942790 https://tianeshanzhuang.fang.com/
Logger:2020-03-16 11:14:22.209070 https://tianruishoufuzx.fang.com/
Logger:2020-03-16 11:14:25.965242 https://jingmen.newhouse.fang.com/house/s/b94/
Logger:2020-03-16 11:14:26.230125 https://chuyuanchuntian0724.fang.com/
Logger:2020-03-16 11:14:26.527608 https://changningtaihecjdc.fang.com/
Logger:2020-03-16 11:14:26.810988 https://xinchenyuyuan.fang.com/
Logger:2020-03-16 11:14:27.154729 https://yinheguangchang0724.fang.com/
Logger:2020-03-16 11:14:27.435404 https://ruiliwanlg.fang.com/
Logger:2020-03-16 11:14:27.794694 https://llzyls.fang.com/
Logger:2020-03-16 11:14:28.044647 https://dongfangyaju0724.fang.com/
Logger:2020-03-16 11:14:28.372820 https://shuimuqinghua0724.fang.com/
Logger:2020-03-16 11:14:28.669607 https://zxyltxxy.fang.com/
Logger:2020-03-16 11:14:28.950672 https://zxlbbjf.fang.com/
Logger:2020-03-16 11:14:29.247476 https://gongyuanyufu.fang.com/
Logger:2020-03-16 11:14:29.591834 https://hongjingshili.fang.com/
Logger:2020-03-16 11:14:29.888478 https://xuxingshangyue.fang.com/
Logger:2020-03-16 11:14:30.200837 https://wanlijiayuan0724.fang.com/
Logger:2020-03-16 11:14:30.481560 https://zhongfangdaqiaomingju.fang.com/
Logger:2020-03-16 11:14:30.919116 https://zxcylt.fang.com/
Logger:2020-03-16 11:14:31.200674 https://ylfxc.fang.com/
Logger:2020-03-16 11:14:31.481323 https://huaxiafuting.fang.com/
Logger:2020-03-16 11:14:31.793798 https://fenghuangzhouxly.fang.com/
Logger:2020-03-16 11:14:32.106214 https://zxwfjy.fang.com/
Logger:2020-03-16 11:14:35.859004 https://jingmen.newhouse.fang.com/house/s/b95/
Logger:2020-03-16 11:14:36.124564 https://jingaochengshiaotelaisi.fang.com/
Logger:2020-03-16 11:14:36.422035 https://taoyuanju0724.fang.com/2/
Logger:2020-03-16 11:14:36.765081 https://shijiechengxq.fang.com/
Logger:2020-03-16 11:14:39.530054 https://zxgkqlf.fang.com/
Logger:2020-03-16 11:14:39.826836 https://jmtcyy.fang.com/
Logger:2020-03-16 11:14:40.123621 https://ghhjzx.fang.com/
Logger:2020-03-16 11:14:40.374052 https://dongyuemingliu.fang.com/
Logger:2020-03-16 11:14:40.748473 https://chaoyangxincheng0724.fang.com/
Logger:2020-03-16 11:14:42.404535 https://easttimessquare.fang.com/
Logger:2020-03-16 11:14:42.701260 https://jinyuxiaoqu.fang.com/
Logger:2020-03-16 11:14:42.982774 https://tianeyuan.fang.com/
Logger:2020-03-16 11:14:43.279716 https://huayichanglong.fang.com/
Logger:2020-03-16 11:14:43.591587 https://shumagangfy.fang.com/
Logger:2020-03-16 11:14:43.842050 https://meilichengzy.fang.com/
Logger:2020-03-16 11:14:44.123371 https://lijingtiandi0724.fang.com/
Logger:2020-03-16 11:14:44.450762 https://kailongoujingmingdu.fang.com/
Logger:2020-03-16 11:14:44.748237 https://shuangxidasha0724.fang.com/
Logger:2020-03-16 11:14:45.075858 https://nongchanzongbudh.fang.com/
Logger:2020-03-16 11:14:45.372779 https://ezhongxunhuan.fang.com/
Logger:2020-03-16 11:14:45.826085 https://guojishangmaochengrmwf.fang.com/
Logger:2020-03-16 11:14:49.432872 https://jingmen.newhouse.fang.com/house/s/b96/
Logger:2020-03-16 11:14:49.636522 https://oydjjjczx.fang.com/
Logger:2020-03-16 11:14:49.933443 https://jingmengjsmc.fang.com/
Logger:2020-03-16 11:14:50.198862 https://yimaguangcai.fang.com/
Logger:2020-03-16 11:14:53.825671 https://jingmen.newhouse.fang.com/house/s/b97/
Logger:2020-03-16 11:14:57.441715 https://jingmen.newhouse.fang.com/house/s/b98/
Logger:2020-03-16 11:15:01.422248 https://jingmen.newhouse.fang.com/house/s/b99/
