Logger:2020-03-16 11:07:55.447767 https://jingzhou.newhouse.fang.com/house/s/b91/
Logger:2020-03-16 11:07:55.778405 https://qingnengxuefuhuayuan.fang.com/
Logger:2020-03-16 11:07:56.113984 https://jinghuyuecheng.fang.com/
Logger:2020-03-16 11:07:56.427361 https://shijichengjy0716.fang.com/
Logger:2020-03-16 11:07:56.809335 https://lingdilantaifu0716.fang.com/
Logger:2020-03-16 11:07:57.079882 https://zhongyanggongyuanbgy2.fang.com/
Logger:2020-03-16 11:07:57.380087 https://shanhuchengbgy0716.fang.com/
Logger:2020-03-16 11:07:57.745870 https://jinhuichuyueyunzhu.fang.com/
Logger:2020-03-16 11:07:58.842059 https://hehuigytxjz0716.fang.com/
Logger:2020-03-16 11:07:59.108306 https://jinchengjzyjl.fang.com/
Logger:2020-03-16 11:07:59.426019 https://hengxinchunqiufu.fang.com/
Logger:2020-03-16 11:07:59.759981 https://ldfmlt.fang.com/
Logger:2020-03-16 11:07:59.996799 https://baoligongyuanyihao.fang.com/
Logger:2020-03-16 11:08:00.314622 https://bosenchengshiguangchang.fang.com/
Logger:2020-03-16 11:08:00.587364 https://lvdizhichuang20716.fang.com/3/
Logger:2020-03-16 11:08:00.983441 https://hanyiyuan0716.fang.com/
Logger:2020-03-16 11:08:01.284413 https://henglongsijicheng0716.fang.com/
Logger:2020-03-16 11:08:01.600647 https://ruihuzuobiaocheng.fang.com/
Logger:2020-03-16 11:08:01.903354 https://gabgyldj.fang.com/
Logger:2020-03-16 11:08:02.192742 https://qingfengshuianbaiyuncheng.fang.com/
Logger:2020-03-16 11:08:02.486440 https://ssbgyjtyf.fang.com/
Logger:2020-03-16 11:08:06.447364 https://jingzhou.newhouse.fang.com/house/s/b92/
Logger:2020-03-16 11:08:06.878633 https://xinchengchutianfubgy.fang.com/
Logger:2020-03-16 11:08:07.321720 https://baolitangyue0716.fang.com/
Logger:2020-03-16 11:08:08.942597 https://quchidongyuan.fang.com/
Logger:2020-03-16 11:08:10.893719 https://xiangjinggjc0716.fang.com/
Logger:2020-03-16 11:08:11.591070 https://haishuwanjingzhouhaiyangshijie.fang.com/
Logger:2020-03-16 11:08:11.921172 https://baoligongyuanyihao2.fang.com/villa/
Logger:2020-03-16 11:08:19.315739 https://chutiandushixinyuan.fang.com/
Logger:2020-03-16 11:08:24.150522 https://guangyinfeicuicheng0716.fang.com/
Logger:2020-03-16 11:08:24.465686 https://dryjsf.fang.com/
Logger:2020-03-16 11:08:25.897604 https://xihukaixuancheng.fang.com/
Logger:2020-03-16 11:08:29.575170 https://renxinyuexi.fang.com/
Logger:2020-03-16 11:08:29.892341 https://jingzhouxintianditianyue.fang.com/
Logger:2020-03-16 11:08:30.241765 https://zhonghuanchengshihuayuan.fang.com/3/
Logger:2020-03-16 11:08:31.633764 https://dushijiayuanct.fang.com/
Logger:2020-03-16 11:08:31.952749 https://yujinglanting0716.fang.com/
Logger:2020-03-16 11:08:32.225598 https://shishoubiguiyuanlidacheng.fang.com/
Logger:2020-03-16 11:08:32.508567 https://liuhaogongguancn.fang.com/
Logger:2020-03-16 11:08:35.316583 https://yuehuafubgy.fang.com/
Logger:2020-03-16 11:08:35.597287 https://dangdaimantangyuemoma.fang.com/
Logger:2020-03-16 11:08:35.902368 https://meiguiwan0716.fang.com/
Logger:2020-03-16 11:08:39.441344 https://jingzhou.newhouse.fang.com/house/s/b93/
Logger:2020-03-16 11:08:43.260366 https://bosenhanlincheng.fang.com/
Logger:2020-03-16 11:08:43.579538 https://zhuyeshancsj0716.fang.com/
Logger:2020-03-16 11:08:43.845024 https://yinhuguoji.fang.com/
Logger:2020-03-16 11:08:46.049260 https://binjiangxincheng0716.fang.com/
Logger:2020-03-16 11:08:48.399337 https://liantougjc0716.fang.com/
Logger:2020-03-16 11:08:50.813311 https://guojiyujing.fang.com/
Logger:2020-03-16 11:08:51.107821 https://jintouxinchengyipin.fang.com/
Logger:2020-03-16 11:08:51.391914 https://gongyuanfudi.fang.com/
Logger:2020-03-16 11:08:51.747732 https://jiukunyushafu.fang.com/
Logger:2020-03-16 11:08:53.266952 https://jiaotoumingzhufu.fang.com/
Logger:2020-03-16 11:08:53.538318 https://jiaotoushuianxingcheng2.fang.com/villa/
Logger:2020-03-16 11:08:55.372670 https://zhongjianjingzhouzhixing2.fang.com/
Logger:2020-03-16 11:08:55.743626 https://jingzhouxinchengwuyueguangchang.fang.com/
Logger:2020-03-16 11:08:56.044583 https://dongduyijingjz.fang.com/
Logger:2020-03-16 11:08:56.355661 https://chutiandushiyihaoyuan.fang.com/
Logger:2020-03-16 11:08:56.742729 https://bgy0716.fang.com/
Logger:2020-03-16 11:08:57.153914 https://ygcwlgg0716.fang.com/
Logger:2020-03-16 11:08:59.422881 https://chunqiufuhx.fang.com/
Logger:2020-03-16 11:08:59.741238 https://aoyuanxuefuli.fang.com/
Logger:2020-03-16 11:09:00.103910 https://shuxiangyayuanjz.fang.com/
Logger:2020-03-16 11:09:04.576894 https://jingzhou.newhouse.fang.com/house/s/b94/
Logger:2020-03-16 11:09:05.006034 https://yimeilingxiucheng.fang.com/
Logger:2020-03-16 11:09:05.291072 https://lvdijingkaiguojicheng.fang.com/
Logger:2020-03-16 11:09:07.320898 https://yinguanmingcheng.fang.com/
Logger:2020-03-16 11:09:07.669895 https://huangjinfudi.fang.com/
Logger:2020-03-16 11:09:08.046976 https://lhlgxz.fang.com/
Logger:2020-03-16 11:09:08.304029 https://tefaxingfuli.fang.com/
Logger:2020-03-16 11:09:08.669858 https://nahaifeili.fang.com/
Logger:2020-03-16 11:09:08.967957 https://shanhucheng.fang.com/
Logger:2020-03-16 11:09:10.508283 https://dangdaixianyangfu.fang.com/
Logger:2020-03-16 11:09:10.793778 https://jingzhouyunjin.fang.com/
Logger:2020-03-16 11:09:11.161010 https://puyuewanltgjc.fang.com/
Logger:2020-03-16 11:09:11.488538 https://songzijiaotoubiguiyuan.fang.com/
Logger:2020-03-16 11:09:11.762178 https://shimaoyuncheng.fang.com/
Logger:2020-03-16 11:09:13.346131 https://zhongjianchengfajingjiangzhixing.fang.com/
Logger:2020-03-16 11:09:13.661053 https://lanqiaoshuian.fang.com/
Logger:2020-03-16 11:09:13.930629 https://szbjhy.fang.com/
Logger:2020-03-16 11:09:14.201202 https://bgyhy0716.fang.com/
Logger:2020-03-16 11:09:14.490701 https://jianlirenxincheng.fang.com/
Logger:2020-03-16 11:09:16.961345 https://jinsongshanghanlvcheng.fang.com/
Logger:2020-03-16 11:09:17.234934 https://binjiangweilaicheng.fang.com/
Logger:2020-03-16 11:09:20.525144 https://jingzhou.newhouse.fang.com/house/s/b95/
Logger:2020-03-16 11:09:20.804038 https://chaoyanghuating.fang.com/
Logger:2020-03-16 11:09:21.054599 https://binjiangweilaicheng.fang.com/
Logger:2020-03-16 11:09:21.436093 https://shangshangmingzhuyd.fang.com/
Logger:2020-03-16 11:09:24.022301 https://hongxingchengshiguangchang.fang.com/
Logger:2020-03-16 11:09:26.427306 https://jianliwandaguangchang.fang.com/
Logger:2020-03-16 11:09:26.875017 https://xiangyuhuating.fang.com/
Logger:2020-03-16 11:09:27.195021 https://chuduyuyuan20716.fang.com/4/
Logger:2020-03-16 11:09:27.444716 https://99zhuangyuan.fang.com/villa/
Logger:2020-03-16 11:09:30.044108 https://baimengguangcaismc0716.fang.com/
Logger:2020-03-16 11:09:30.425260 https://xiangxielishe0716.fang.com/
Logger:2020-03-16 11:09:30.693475 https://shengshimingyuan0716.fang.com/
Logger:2020-03-16 11:09:30.964359 https://riyuexingguojihuaqiaocheng0716.fang.com/3/
Logger:2020-03-16 11:09:32.583406 https://jingzhou.newhouse.fang.com/house/2614133132.htm
Logger:2020-03-16 11:09:32.856711 https://xindashenlingongguan.fang.com/
Logger:2020-03-16 11:09:33.170712 https://hailunbaojiuyuefu.fang.com/
Logger:2020-03-16 11:09:33.441980 https://wanhengrunyutianxia.fang.com/
Logger:2020-03-16 11:09:35.276771 https://yimeijunyuehuafu.fang.com/
Logger:2020-03-16 11:09:35.773393 https://oydyc.fang.com/
Logger:2020-03-16 11:09:36.057310 https://wddjjy.fang.com/
Logger:2020-03-16 11:09:36.360450 https://huilongjiayuan0716.fang.com/
Logger:2020-03-16 11:09:40.323814 https://jingzhou.newhouse.fang.com/house/s/b96/
Logger:2020-03-16 11:09:40.558135 https://longchengyijingyuan.fang.com/
Logger:2020-03-16 11:09:40.906418 https://handirongcheng.fang.com/
Logger:2020-03-16 11:09:42.654157 https://xintaizhongyangtiancheng.fang.com/
Logger:2020-03-16 11:09:45.152824 https://jiaotoujzfzds.fang.com/
Logger:2020-03-16 11:09:45.427621 https://jzglgj.fang.com/
Logger:2020-03-16 11:09:47.270190 https://haiyangshijie.fang.com/shop/
Logger:2020-03-16 11:09:47.590403 https://hubeihuazhongnongshangcheng.fang.com/
Logger:2020-03-16 11:09:47.888464 https://jiaotoushuianxingcheng.fang.com/
Logger:2020-03-16 11:09:48.196289 https://ryxgjhqc.fang.com/shop/
Logger:2020-03-16 11:09:48.426439 https://gongyuanfudi.fang.com/shop/
Logger:2020-03-16 11:09:52.153297 https://jingzhou.newhouse.fang.com/house/s/b97/
Logger:2020-03-16 11:09:55.716578 https://jingzhou.newhouse.fang.com/house/s/b98/
Logger:2020-03-16 11:09:59.192373 https://jingzhou.newhouse.fang.com/house/s/b99/
