Logger:2020-03-16 15:16:51.115276 https://jingdezhen.newhouse.fang.com/house/s/b91/
Logger:2020-03-16 15:16:51.463015 https://hengdayuefu0798.fang.com/
Logger:2020-03-16 15:16:51.854960 https://jiuyuyipin.fang.com/
Logger:2020-03-16 15:16:52.240926 https://bgycnf.fang.com/
Logger:2020-03-16 15:16:52.641854 https://zhongliangsf.fang.com/
Logger:2020-03-16 15:16:53.021101 https://yingbinchengjh.fang.com/
Logger:2020-03-16 15:16:53.405602 https://jingchengmingjun0798.fang.com/
Logger:2020-03-16 15:16:53.757625 https://hdyj0798.fang.com/
Logger:2020-03-16 15:16:54.151564 https://shanshuiruilin.fang.com/
Logger:2020-03-16 15:16:54.526136 https://fenghuangchenggt.fang.com/
Logger:2020-03-16 15:16:54.942013 https://tianyulvyuan.fang.com/
Logger:2020-03-16 15:16:55.310029 https://ziyuanjkhd.fang.com/
Logger:2020-03-16 15:16:55.676049 https://jingyuefuld.fang.com/
Logger:2020-03-16 15:16:56.029130 https://changjiangfulj.fang.com/
Logger:2020-03-16 15:16:56.443305 https://hexiejiayuan0798.fang.com/
Logger:2020-03-16 15:16:56.760822 https://ygcflgy8693999.fang.com/
Logger:2020-03-16 15:16:57.114875 https://jindingjiuyu.fang.com/
Logger:2020-03-16 15:16:57.454966 https://yangguangsenlinyihao.fang.com/
Logger:2020-03-16 15:16:57.847914 https://kmzkjhy.fang.com/
Logger:2020-03-16 15:16:58.189319 https://huanglongwan.fang.com/
Logger:2020-03-16 15:16:58.556307 https://baoshiyinxiang.fang.com/
Logger:2020-03-16 15:17:02.320412 https://jingdezhen.newhouse.fang.com/house/s/b92/
Logger:2020-03-16 15:17:02.703930 https://shengshifengjing0798.fang.com/
Logger:2020-03-16 15:17:05.050959 https://xiangshanyuyuan0798.fang.com/
Logger:2020-03-16 15:17:05.428958 https://yujingcheng0798.fang.com/
Logger:2020-03-16 15:17:05.776030 https://yangguangdongyuan0798.fang.com/
Logger:2020-03-16 15:17:06.168979 https://wanxiangguangchang0798.fang.com/
Logger:2020-03-16 15:17:06.522343 https://yujingdongfang0798.fang.com/
Logger:2020-03-16 15:17:06.900952 https://guzhentianyu.fang.com/
Logger:2020-03-16 15:17:10.088276 https://jinyuguojich.fang.com/
Logger:2020-03-16 15:17:10.515134 https://taociguangchang.fang.com/
Logger:2020-03-16 15:17:10.862126 https://tianhuyihao.fang.com/
Logger:2020-03-16 15:17:13.784729 https://clygxby.fang.com/
Logger:2020-03-16 15:17:16.389638 https://tianhonghuayuan0798.fang.com/
Logger:2020-03-16 15:17:16.817568 https://xinghewan0798.fang.com/
Logger:2020-03-16 15:17:17.201511 https://jinxiutiancheng0798.fang.com/
Logger:2020-03-16 15:17:20.501536 https://guzhengongyuan.fang.com/
Logger:2020-03-16 15:17:22.733853 https://jinxiujiangshan0798.fang.com/
Logger:2020-03-16 15:17:26.743293 https://glsxz0798.fang.com/
Logger:2020-03-16 15:17:26.950747 https://yihuxinduch.fang.com/
Logger:2020-03-16 15:17:27.307782 https://dibowanxl0798.fang.com/
Logger:2020-03-16 15:17:27.612870 https://liangchengmeijing0798.fang.com/
Logger:2020-03-16 15:17:32.370449 https://jingdezhen.newhouse.fang.com/house/s/b93/
Logger:2020-03-16 15:17:32.616790 https://jinanmingdu.fang.com/
Logger:2020-03-16 15:17:32.949899 https://zijingshanzhuang2.fang.com/
Logger:2020-03-16 15:17:35.259923 https://ruijinghuating0798.fang.com/
Logger:2020-03-16 15:17:35.613307 https://rongxiangtingyuan.fang.com/
Logger:2020-03-16 15:17:35.943007 https://tianyuanyufu.fang.com/
Logger:2020-03-16 15:17:36.352911 https://kaixuanchengcy.fang.com/
Logger:2020-03-16 15:17:36.736883 https://jiangshanyishu.fang.com/
Logger:2020-03-16 15:17:37.077404 https://taoyuanyihao0798.fang.com/
Logger:2020-03-16 15:17:39.847392 https://feicuichenglj0798.fang.com/
Logger:2020-03-16 15:17:43.628414 https://jingdezhen.newhouse.fang.com/house/s/b94/
Logger:2020-03-16 15:17:47.353201 https://jingdezhen.newhouse.fang.com/house/s/b95/
Logger:2020-03-16 15:17:51.183612 https://jingdezhen.newhouse.fang.com/house/s/b96/
