Logger:2020-03-16 14:36:48.352316 https://jingjiang.newhouse.fang.com/house/s/b91/
Logger:2020-03-16 14:36:48.633607 https://zizaichengjj.fang.com/
Logger:2020-03-16 14:36:48.904912 https://ronghushijia2.fang.com/
Logger:2020-03-16 14:36:49.189117 https://jinduyuyuanjingjiang.fang.com/
Logger:2020-03-16 14:36:51.580722 https://xsjyh.fang.com/
Logger:2020-03-16 14:36:51.848963 https://longqichengnandayuan2.fang.com/
Logger:2020-03-16 14:36:52.149159 https://zhongyuanbinjiangyihao.fang.com/
Logger:2020-03-16 14:36:53.392832 https://zhongtianchengshijingyuan.fang.com/
Logger:2020-03-16 14:36:53.644196 https://taiheguojicheng.fang.com/
Logger:2020-03-16 14:36:53.934423 https://taiheyushuiwan.fang.com/
Logger:2020-03-16 14:36:54.171750 https://yangziyinglunhuayuan.fang.com/
Logger:2020-03-16 14:36:54.468954 https://hongqiaochengshihuayuan2.fang.com/
Logger:2020-03-16 14:36:54.723311 https://changjiangshoufu2.fang.com/
Logger:2020-03-16 14:36:54.984574 https://kaixuanguojiguangchang2.fang.com/
Logger:2020-03-16 14:36:55.232910 https://binjiangguojijingjiang.fang.com/
Logger:2020-03-16 14:36:55.508198 https://runhuiguojiguangchang.fang.com/
Logger:2020-03-16 14:36:55.783516 https://mazhoufu2.fang.com/
Logger:2020-03-16 14:36:56.051719 https://dingxinshuianhuafu0523.fang.com/
Logger:2020-03-16 14:36:56.325020 https://fuhaiguangchangjingjiang.fang.com/
Logger:2020-03-16 14:36:56.633164 https://wanduwujinjidianbolancheng.fang.com/
Logger:2020-03-16 14:36:56.864582 https://chengnanshijiguangchang.fang.com/
Logger:2020-03-16 14:37:00.562704 https://jingjiang.newhouse.fang.com/house/s/b92/
Logger:2020-03-16 14:37:02.501508 https://jinsejiayuanjingjiang.fang.com/
Logger:2020-03-16 14:37:02.764761 https://tianhelidujingjiang.fang.com/
Logger:2020-03-16 14:37:06.282393 https://jingjiang.newhouse.fang.com/house/s/b93/
Logger:2020-03-16 14:37:09.705193 https://jingjiang.newhouse.fang.com/house/s/b94/
Logger:2020-03-16 14:37:13.409361 https://jingjiang.newhouse.fang.com/house/s/b95/
