Logger:2020-03-16 18:05:15.592648 https://jining.newhouse.fang.com/house/s/b91/
Logger:2020-03-16 18:05:16.034018 https://xingchengguangchangct.fang.com/
Logger:2020-03-16 18:05:16.509385 https://jiuliqingchuan.fang.com/
Logger:2020-03-16 18:05:18.100663 https://ruimadaduhui.fang.com/
Logger:2020-03-16 18:05:18.586365 https://yunhegongguanls0537.fang.com/
Logger:2020-03-16 18:05:19.133938 https://shidaiguangchanghd0537.fang.com/
Logger:2020-03-16 18:05:19.571766 https://zhongnanlongyue0537.fang.com/
Logger:2020-03-16 18:05:20.011589 https://hongxingruimashijia.fang.com/
Logger:2020-03-16 18:05:20.507186 https://ruimayishu.fang.com/
Logger:2020-03-16 18:05:20.979706 https://boshijingsheld0537.fang.com/
Logger:2020-03-16 18:05:21.410556 https://hengdayuelongwan.fang.com/
Logger:2020-03-16 18:05:21.861891 https://mingdehuafugl.fang.com/
Logger:2020-03-16 18:05:22.243890 https://baolishiguangyinxiang.fang.com/
Logger:2020-03-16 18:05:22.616899 https://huajinyuan0537.fang.com/
Logger:2020-03-16 18:05:26.665013 https://rongchuangbinjiangyihao0537.fang.com/
Logger:2020-03-16 18:05:27.160730 https://rongchuangjiningfu.fang.com/
Logger:2020-03-16 18:05:27.560674 https://wenquanxiaozhenhs.fang.com/
Logger:2020-03-16 18:05:27.971582 https://jnxycyyzt.fang.com/
Logger:2020-03-16 18:05:28.380509 https://zhonghaicheng0537.fang.com/
Logger:2020-03-16 18:05:28.965938 https://fuguiyuanlh.fang.com/
Logger:2020-03-16 18:05:29.388178 https://xinduhuijh0537.fang.com/
Logger:2020-03-16 18:05:33.551609 https://jining.newhouse.fang.com/house/s/b92/
Logger:2020-03-16 18:05:33.983520 https://chengtouxinyuanli.fang.com/
Logger:2020-03-16 18:05:34.399410 https://quanjiliyuan.fang.com/
Logger:2020-03-16 18:05:34.811452 https://boguanyunzhu.fang.com/
Logger:2020-03-16 18:05:35.203440 https://yunmengtaoyuanxiaozhenlc.fang.com/
Logger:2020-03-16 18:05:35.615360 https://jinguanheyuan.fang.com/
Logger:2020-03-16 18:05:39.006086 https://xiyuegongguan.fang.com/
Logger:2020-03-16 18:05:39.380802 https://yulongwanhs0537.fang.com/
Logger:2020-03-16 18:05:39.871234 https://shuiyuncheng.fang.com/
Logger:2020-03-16 18:05:40.378877 https://sijichengtz.fang.com/
Logger:2020-03-16 18:05:40.791781 https://huacheng0537.fang.com/
Logger:2020-03-16 18:05:41.282713 https://mingshicheng0537.fang.com/
Logger:2020-03-16 18:05:41.659843 https://jinselantingxiangdi.fang.com/
Logger:2020-03-16 18:05:42.043789 https://huashuotianyun.fang.com/
Logger:2020-03-16 18:05:42.489596 https://biguiyuanjizhoufulingyu.fang.com/
Logger:2020-03-16 18:05:42.869521 https://yzbgyyzf.fang.com/
Logger:2020-03-16 18:05:43.310905 https://xianhuafu.fang.com/
Logger:2020-03-16 18:05:43.761699 https://tianqibgyyd.fang.com/
Logger:2020-03-16 18:05:44.148175 https://yushufanglx.fang.com/
Logger:2020-03-16 18:05:44.521180 https://hongxing1hao.fang.com/
Logger:2020-03-16 18:05:44.888262 https://wuyueguangchangjn.fang.com/
Logger:2020-03-16 18:05:48.955858 https://jining.newhouse.fang.com/house/s/b93/
Logger:2020-03-16 18:05:49.265021 https://jizhoufubgy.fang.com/
Logger:2020-03-16 18:05:49.622112 https://longchenghuafujn.fang.com/
Logger:2020-03-16 18:05:50.051075 https://longchenggongguan0537.fang.com/
Logger:2020-03-16 18:05:54.053261 https://ruihuyinxiang.fang.com/
Logger:2020-03-16 18:05:54.539926 https://yuefuznrm.fang.com/
Logger:2020-03-16 18:05:54.952914 https://zhichengbahaogongguan.fang.com/
Logger:2020-03-16 18:05:55.381719 https://fengqitaibgy.fang.com/
Logger:2020-03-16 18:05:55.758697 https://baihehuayuanct.fang.com/
Logger:2020-03-16 18:05:56.151631 https://huangyingdongjun.fang.com/
Logger:2020-03-16 18:05:56.587462 https://zhongliangyihaoyuan0537.fang.com/
Logger:2020-03-16 18:05:56.992889 https://ruimamingmenyz.fang.com/
Logger:2020-03-16 18:05:57.377924 https://yhasdzgyz.fang.com/
Logger:2020-03-16 18:05:57.838637 https://nanchiyudu.fang.com/
Logger:2020-03-16 18:05:58.230184 https://xingyucheng.fang.com/
Logger:2020-03-16 18:05:58.567685 https://yipinxuanyf.fang.com/
Logger:2020-03-16 18:05:59.030431 https://feicuichengbgy0537.fang.com/
Logger:2020-03-16 18:05:59.443420 https://yujinfu0537.fang.com/
Logger:2020-03-16 18:06:02.575562 https://gongyonghuiminruimashijia.fang.com/
Logger:2020-03-16 18:06:02.951589 https://yongtaiguanlan.fang.com/
Logger:2020-03-16 18:06:03.321008 https://hupanyunluctlc.fang.com/
Logger:2020-03-16 18:06:07.409029 https://jining.newhouse.fang.com/house/s/b94/
Logger:2020-03-16 18:06:10.056278 https://zhongdongchangtailanyuan.fang.com/
Logger:2020-03-16 18:06:11.724012 https://leshanjuncy.fang.com/
Logger:2020-03-16 18:06:12.142447 https://baidashengtaizhuangyuan.fang.com/
Logger:2020-03-16 18:06:12.537445 https://weilaicheng0537.fang.com/
Logger:2020-03-16 18:06:12.960316 https://junlintianxiasy.fang.com/
Logger:2020-03-16 18:06:13.332319 https://zouchengbiguiyuan.fang.com/
Logger:2020-03-16 18:06:13.752195 https://gongyongruimayuefu.fang.com/
Logger:2020-03-16 18:06:14.177808 https://hengxingongguan0537.fang.com/
Logger:2020-03-16 18:06:14.579753 https://shuangchengmingdu.fang.com/
Logger:2020-03-16 18:06:14.993645 https://zouchengchangpinghuayuan.fang.com/
Logger:2020-03-16 18:06:15.464387 https://chengshiguangchanglg.fang.com/
Logger:2020-03-16 18:06:15.859368 https://qufubgyfchf.fang.com/
Logger:2020-03-16 18:06:17.711466 https://dadidushihaotingheyuan.fang.com/
Logger:2020-03-16 18:06:20.247970 https://yangguangchengwj.fang.com/
Logger:2020-03-16 18:06:20.793210 https://hanxiangmingcheng.fang.com/
Logger:2020-03-16 18:06:21.471325 https://dongchenghuayuan1.fang.com/
Logger:2020-03-16 18:06:22.785611 https://taihexintiandi.fang.com/
Logger:2020-03-16 18:06:23.137697 https://zilinfujlc.fang.com/
Logger:2020-03-16 18:06:24.661324 https://gongyuanyihao0537.fang.com/
Logger:2020-03-16 18:06:25.018479 https://kangyifuxq.fang.com/
Logger:2020-03-16 18:06:28.928316 https://jining.newhouse.fang.com/house/s/b95/
Logger:2020-03-16 18:06:29.323591 https://ruihumeijing.fang.com/
Logger:2020-03-16 18:06:31.364345 https://zouchengyihejiayuan.fang.com/
Logger:2020-03-16 18:06:31.663626 https://chongdegongguan0537.fang.com/
Logger:2020-03-16 18:06:32.054125 https://jinfenglixiangcheng.fang.com/
Logger:2020-03-16 18:06:32.481980 https://sanxingjiayuan0537.fang.com/2/
Logger:2020-03-16 18:06:33.178945 https://zongbuguangchangjt.fang.com/
Logger:2020-03-16 18:06:34.976079 https://shuijingyaju.fang.com/
Logger:2020-03-16 18:06:35.345186 https://dongfangyuexs0537.fang.com/
Logger:2020-03-16 18:06:36.789834 https://luxingmingzhu.fang.com/
Logger:2020-03-16 18:06:38.388387 https://hainengbojingongguan.fang.com/
Logger:2020-03-16 18:06:38.742449 https://fenghuangchengjx.fang.com/
Logger:2020-03-16 18:06:39.119470 https://xuefumingdujt.fang.com/
Logger:2020-03-16 18:06:39.571269 https://honghexuefuyijing.fang.com/
Logger:2020-03-16 18:06:39.871938 https://zouchengfushanhuayuan.fang.com/
Logger:2020-03-16 18:06:43.136339 https://manyuewanzn0537.fang.com/
Logger:2020-03-16 18:06:43.503393 https://cyzxylc.fang.com/
Logger:2020-03-16 18:06:43.902166 https://renchengyaju.fang.com/
Logger:2020-03-16 18:06:44.352960 https://yzhbgyfcw.fang.com/
Logger:2020-03-16 18:06:46.640169 https://dagongguanrm.fang.com/
Logger:2020-03-16 18:06:47.070987 https://jinxiuhuachengfanhuali.fang.com/
Logger:2020-03-16 18:06:50.884713 https://jining.newhouse.fang.com/house/s/b96/
Logger:2020-03-16 18:06:51.195884 https://dagongguanrm.fang.com/
Logger:2020-03-16 18:06:52.811459 https://jinxiuhuachengfanhuali.fang.com/
Logger:2020-03-16 18:06:56.406239 https://zouchengqilushidaihuayuan.fang.com/
Logger:2020-03-16 18:06:56.730373 https://shijidongfangdasha.fang.com/
Logger:2020-03-16 18:06:57.043534 https://zouchengluxiangshan.fang.com/
Logger:2020-03-16 18:06:57.337886 https://xiaoxiangongguanbh.fang.com/
Logger:2020-03-16 18:06:59.147255 https://mingjianshengcheng.fang.com/
Logger:2020-03-16 18:06:59.490372 https://xinqiguojiguangchang.fang.com/
Logger:2020-03-16 18:07:02.805515 https://zhongnanyuefu0537.fang.com/
Logger:2020-03-16 18:07:04.447950 https://yiheyuanwj.fang.com/
Logger:2020-03-16 18:07:04.849861 https://longchengshuijingyuan.fang.com/
Logger:2020-03-16 18:07:05.176995 https://hefuqt.fang.com/
Logger:2020-03-16 18:07:05.552958 https://feicuihuafubgy2.fang.com/
Logger:2020-03-16 18:07:05.891741 https://jinshanxinyuan.fang.com/
Logger:2020-03-16 18:07:09.430579 https://zouchengxinqifudi.fang.com/
Logger:2020-03-16 18:07:09.731258 https://zouchengdongfangjunjing.fang.com/
Logger:2020-03-16 18:07:11.592708 https://kuanghengxinyuan.fang.com/
Logger:2020-03-16 18:07:11.902275 https://yanjingxinyuan.fang.com/
Logger:2020-03-16 18:07:12.265302 https://tianfujiayuanerqi.fang.com/
Logger:2020-03-16 18:07:12.880723 https://yuelinzhongxin.fang.com/
Logger:2020-03-16 18:07:16.796902 https://jining.newhouse.fang.com/house/s/b97/
Logger:2020-03-16 18:07:17.105977 https://guojiguangchangxq0537.fang.com/
Logger:2020-03-16 18:07:17.483300 https://yufengjnhd.fang.com/
Logger:2020-03-16 18:07:19.305073 https://tanyueshuzn.fang.com/
Logger:2020-03-16 18:07:19.620296 https://ruihuyihaogongyu.fang.com/
Logger:2020-03-16 18:07:20.032151 https://lingxiuchengshisoho.fang.com/
Logger:2020-03-16 18:07:20.624052 https://jining.newhouse.fang.com/house/2418150915.htm
Logger:2020-03-16 18:07:21.061408 https://xuefuhuayuan0537.fang.com/
Logger:2020-03-16 18:07:21.425422 https://yinxiangshenghuoguangchang0537.fang.com/
Logger:2020-03-16 18:07:21.781431 https://zhongdongzongbugongyuan.fang.com/
Logger:2020-03-16 18:07:22.181316 https://lansegangwanjjl.fang.com/
Logger:2020-03-16 18:07:22.515641 https://zouchengshengshigongguan.fang.com/
Logger:2020-03-16 18:07:22.809821 https://zouchengshengdiyage.fang.com/
Logger:2020-03-16 18:07:23.167930 https://xuefuxinchengzf.fang.com/
Logger:2020-03-16 18:07:24.722977 https://chunxiaoguantang.fang.com/
Logger:2020-03-16 18:07:26.829978 https://mzhsysj.fang.com/
Logger:2020-03-16 18:07:27.180049 https://quanxingjiayuan.fang.com/
Logger:2020-03-16 18:07:27.600130 https://zouchengshijiguohong.fang.com/
Logger:2020-03-16 18:07:27.979584 https://wandeguangchang0537.fang.com/
Logger:2020-03-16 18:07:28.303717 https://yishanjun0537.fang.com/
Logger:2020-03-16 18:07:28.668739 https://taiheshuian.fang.com/
Logger:2020-03-16 18:07:32.837860 https://jining.newhouse.fang.com/house/s/b98/
Logger:2020-03-16 18:07:33.223439 https://zouchengshijiyangguang.fang.com/
Logger:2020-03-16 18:07:33.573458 https://ganglingdongshanyaju.fang.com/
Logger:2020-03-16 18:07:37.553944 https://zouchenghengxingcaifudasha.fang.com/
Logger:2020-03-16 18:07:37.900039 https://changtairuimatangsong.fang.com/
Logger:2020-03-16 18:07:38.254980 https://zouchengbaolitangyue.fang.com/
Logger:2020-03-16 18:07:38.680847 https://baolihefu0537.fang.com/
Logger:2020-03-16 18:07:39.025918 https://huiminzeyuanmingfu.fang.com/
Logger:2020-03-16 18:07:39.354044 https://zouchengmingshihaoting.fang.com/
Logger:2020-03-16 18:07:39.664861 https://jixiangxinyuanhs.fang.com/
Logger:2020-03-16 18:07:40.073769 https://jiangshanyuegy.fang.com/
Logger:2020-03-16 18:07:40.462725 https://zouchengshuiyinlanting.fang.com/
Logger:2020-03-16 18:07:40.817252 https://binhudonglihuayuan.fang.com/
Logger:2020-03-16 18:07:41.158994 https://menghushoufu.fang.com/
Logger:2020-03-16 18:07:43.618473 https://hongshunyujingcheng.fang.com/
Logger:2020-03-16 18:07:43.993470 https://zhongxinhuayuanerqi.fang.com/
Logger:2020-03-16 18:07:44.413374 https://zouchengaijiahaoting.fang.com/
Logger:2020-03-16 18:07:46.954589 https://zouchenghongshunyujingcheng.fang.com/
Logger:2020-03-16 18:07:47.354480 https://longdoujiayuan.fang.com/
Logger:2020-03-16 18:07:48.403404 https://zouchengtianyuanxiaoqu.fang.com/
Logger:2020-03-16 18:07:48.747790 https://zcshijihaoting.fang.com/
Logger:2020-03-16 18:07:52.642997 https://jining.newhouse.fang.com/house/s/b99/
Logger:2020-03-16 18:07:53.195131 https://hengxingjingdian.fang.com/
Logger:2020-03-16 18:07:53.602041 https://huamaowanshangchengerqi.fang.com/
Logger:2020-03-16 18:07:54.374156 https://xiangyunshangyeguangchang0537.fang.com/
Logger:2020-03-16 18:07:54.725155 https://yipinshijiazy.fang.com/
Logger:2020-03-16 18:07:55.091160 https://shengquanhuayuanxiaoqu.fang.com/
Logger:2020-03-16 18:07:55.453191 https://wenbodongyuan.fang.com/
Logger:2020-03-16 18:07:55.780887 https://shengxinchengshangcheng.fang.com/
Logger:2020-03-16 18:07:57.516465 https://jiaheshijiyangguang.fang.com/
Logger:2020-03-16 18:07:57.896384 https://yiwushangmaochengsanqi.fang.com/
Logger:2020-03-16 18:07:59.562646 https://shijixiangruixiaoqu.fang.com/
Logger:2020-03-16 18:08:00.316697 https://zouchengdongliqinyuan.fang.com/
Logger:2020-03-16 18:08:00.876570 https://zouchengxianghehuayuan.fang.com/
Logger:2020-03-16 18:08:01.229608 https://zouchengganglingjingmaodasha.fang.com/
Logger:2020-03-16 18:08:01.608648 https://tianyuanxiaozhen.fang.com/
Logger:2020-03-16 18:08:01.962816 https://xindihuayangcheng.fang.com/
Logger:2020-03-16 18:08:05.630074 https://shengyuanshangzhulou.fang.com/
Logger:2020-03-16 18:08:08.548939 https://ganglingguojiqipeiwujinjidiancheng.fang.com/
Logger:2020-03-16 18:08:08.923967 https://tianhuictbgy.fang.com/
Logger:2020-03-16 18:08:09.265861 https://jizhoulaojie.fang.com/
Logger:2020-03-16 18:08:12.846552 https://jining.newhouse.fang.com/house/s/b910/
Logger:2020-03-16 18:08:16.572933 https://jining.newhouse.fang.com/house/s/b911/
Logger:2020-03-16 18:08:20.787261 https://jining.newhouse.fang.com/house/s/b912/
