Logger:2020-03-16 14:44:10.535444 https://jintan.newhouse.fang.com/house/s/b91/
Logger:2020-03-16 14:44:10.801694 https://gongyuandadaowk0519.fang.com/
Logger:2020-03-16 14:44:11.153790 https://binhuyuyuanrc.fang.com/
Logger:2020-03-16 14:44:11.496876 https://zijinggongguanbl0519.fang.com/
Logger:2020-03-16 14:44:11.841947 https://xinchengjinjunjt.fang.com/
Logger:2020-03-16 14:44:12.163129 https://jh105dy.fang.com/
Logger:2020-03-16 14:44:12.430337 https://xiqizhuangyuan.fang.com/
Logger:2020-03-16 14:44:12.706598 https://shanghaichengzj.fang.com/
Logger:2020-03-16 14:44:12.935029 https://xintiandijt.fang.com/
Logger:2020-03-16 14:44:13.251183 https://fenghuangcheng20519.fang.com/2/
Logger:2020-03-16 14:44:13.571285 https://hxmkl0519.fang.com/
Logger:2020-03-16 14:44:13.854526 https://yuhuzhuangyuanhd0519.fang.com/
Logger:2020-03-16 14:44:14.127838 https://hengdayuefu0519.fang.com/
Logger:2020-03-16 14:44:14.334281 https://zhongjinghuafu.fang.com/
Logger:2020-03-16 14:44:14.630452 https://kaiershangjun0519.fang.com/
Logger:2020-03-16 14:44:14.887800 https://shanhuchengyjl0519.fang.com/
Logger:2020-03-16 14:44:15.145115 https://yihaoyuanzl0519.fang.com/
Logger:2020-03-16 14:44:15.384434 https://xiqizhuangyuan0519.fang.com/
Logger:2020-03-16 14:44:15.703580 https://bandaolongting0519.fang.com/3/
Logger:2020-03-16 14:44:16.051650 https://tywly.fang.com/
Logger:2020-03-16 14:44:18.263731 https://hdjsmc0519.fang.com/
Logger:2020-03-16 14:44:21.828240 https://jintan.newhouse.fang.com/house/s/b92/
Logger:2020-03-16 14:44:22.003768 https://hqxspc.fang.com/
Logger:2020-03-16 14:44:25.785653 https://jintan.newhouse.fang.com/house/s/b93/
Logger:2020-03-16 14:44:29.302202 https://jintan.newhouse.fang.com/house/s/b94/
Logger:2020-03-16 14:44:32.818837 https://jintan.newhouse.fang.com/house/s/b95/
