Logger:2020-03-16 15:20:45.925025 https://jinxian.newhouse.fang.com/house/s/b91/
Logger:2020-03-16 15:20:46.215280 https://jiusongshanheqinheyuan.fang.com/
Logger:2020-03-16 15:20:46.585455 https://jiusongkangruiheyuan.fang.com/
Logger:2020-03-16 15:20:46.945501 https://yinglunyipin.fang.com/
Logger:2020-03-16 15:20:47.302608 https://binhuxiaozhenjinxian0791.fang.com/
Logger:2020-03-16 15:20:48.197933 https://jinxian.newhouse.fang.com/house/2332203166.htm
Logger:2020-03-16 15:20:48.534043 https://tianrunhuafu.fang.com/
Logger:2020-03-16 15:20:48.850243 https://jinxiubinhujinxian.fang.com/
Logger:2020-03-16 15:20:49.186315 https://bandaohaoyuan.fang.com/
Logger:2020-03-16 15:20:49.507992 https://kaixuanguangchangjinxian0791.fang.com/
Logger:2020-03-16 15:20:49.865027 https://kangshengyangguangzundi.fang.com/
Logger:2020-03-16 15:20:50.167532 https://hengmaoguojixinchengjx.fang.com/
Logger:2020-03-16 15:20:50.442789 https://jinxianzhongshanhuafu.fang.com/
Logger:2020-03-16 15:20:50.725034 https://xianqingoujiyiqi.fang.com/
Logger:2020-03-16 15:20:51.124498 https://binhuxiaozhenjinxian.fang.com/
Logger:2020-03-16 15:20:51.439524 https://chengtoulouyuguoji0791.fang.com/
Logger:2020-03-16 15:20:54.817061 https://jinxian.newhouse.fang.com/house/2332203158.htm
Logger:2020-03-16 15:20:56.265161 https://jinxian.newhouse.fang.com/house/2332203162.htm
Logger:2020-03-16 15:20:58.670710 https://jinxian.newhouse.fang.com/house/2332203160.htm
Logger:2020-03-16 15:21:00.442257 https://199888.fang.com/
Logger:2020-03-16 15:21:04.039563 https://jinxian.newhouse.fang.com/house/s/b92/
Logger:2020-03-16 15:21:07.574272 https://jinxian.newhouse.fang.com/house/s/b93/
Logger:2020-03-16 15:21:11.114240 https://jinxian.newhouse.fang.com/house/s/b94/
