Logger:2020-03-16 15:59:40.835339 https://jinzhou.newhouse.fang.com/house/s/b91/
Logger:2020-03-16 15:59:41.159497 https://donghufenghuanchao0416.fang.com/
Logger:2020-03-16 15:59:41.541480 https://jinxiuxihubgy.fang.com/
Logger:2020-03-16 15:59:41.860596 https://yulanshanjc.fang.com/
Logger:2020-03-16 15:59:42.282247 https://donghulijing0416.fang.com/
Logger:2020-03-16 15:59:42.602857 https://dongshenghuayuan0416bd.fang.com/
Logger:2020-03-16 15:59:42.883108 https://jinruishangpin.fang.com/
Logger:2020-03-16 15:59:43.207284 https://huayuxincheng.fang.com/
Logger:2020-03-16 15:59:43.576252 https://aohailanting0416.fang.com/
Logger:2020-03-16 15:59:44.256992 https://bdwyhm.fang.com/
Logger:2020-03-16 15:59:44.588643 https://fdhjgg.fang.com/
Logger:2020-03-16 15:59:46.264714 https://wchongshulin.fang.com/
Logger:2020-03-16 15:59:46.740944 https://hexinshengjing.fang.com/
Logger:2020-03-16 15:59:47.331368 https://beifangmingzhujg.fang.com/
Logger:2020-03-16 15:59:47.615250 https://njtxyy.fang.com/
Logger:2020-03-16 15:59:47.932341 https://fuhuayishu.fang.com/
Logger:2020-03-16 15:59:48.498860 https://chenghuijiayuan0416.fang.com/
Logger:2020-03-16 15:59:48.956638 https://donghutianbaowy.fang.com/
Logger:2020-03-16 15:59:49.272490 https://donghuhuayuan0416.fang.com/
Logger:2020-03-16 15:59:50.620300 https://hongyefenghua.fang.com/
Logger:2020-03-16 15:59:51.013869 https://jiajuguangchangbd.fang.com/
Logger:2020-03-16 15:59:54.369572 https://jinzhou.newhouse.fang.com/house/s/b92/
Logger:2020-03-16 15:59:54.699724 https://rulingongguansy.fang.com/
Logger:2020-03-16 15:59:55.256884 https://aojinruicheng.fang.com/
Logger:2020-03-16 15:59:55.571778 https://jinxiulanwan0416.fang.com/
Logger:2020-03-16 15:59:56.030552 https://shuyamy.fang.com/
Logger:2020-03-16 15:59:56.304820 https://taijingshanchengbd.fang.com/
Logger:2020-03-16 15:59:56.629265 https://xiangxielihy.fang.com/
Logger:2020-03-16 15:59:56.950102 https://dongchengtianxia.fang.com/
Logger:2020-03-16 15:59:57.293759 https://ruishengjingzuo.fang.com/
Logger:2020-03-16 15:59:57.616835 https://jinsjy.fang.com/
Logger:2020-03-16 15:59:57.947988 https://tianbaohuafu.fang.com/
Logger:2020-03-16 16:00:11.145856 https://lijingwanjc.fang.com/3/
Logger:2020-03-16 16:00:11.639512 https://jinchengyujing.fang.com/
Logger:2020-03-16 16:00:11.989576 https://laiyinhuatingdg.fang.com/
Logger:2020-03-16 16:00:12.323718 https://shengshiyinglun.fang.com/
Logger:2020-03-16 16:00:12.652800 https://longqizuoan.fang.com/
Logger:2020-03-16 16:00:13.030904 https://nanjuntianxia.fang.com/
Logger:2020-03-16 16:00:13.395079 https://bdyhgc.fang.com/
Logger:2020-03-16 16:00:13.731156 https://xbyfqhy.fang.com/
Logger:2020-03-16 16:00:14.082212 https://xinhechengbd.fang.com/
Logger:2020-03-16 16:00:14.566697 https://qcsqst.fang.com/
Logger:2020-03-16 16:00:19.986388 https://jinzhou.newhouse.fang.com/house/s/b93/
Logger:2020-03-16 16:00:20.359209 https://taoranjubl.fang.com/
Logger:2020-03-16 16:00:42.524582 https://haianchenghf.fang.com/
Logger:2020-03-16 16:00:42.852267 https://shuianhuachengxd.fang.com/
Logger:2020-03-16 16:00:43.261553 https://jinxiutiandijc.fang.com/
Logger:2020-03-16 16:00:52.387581 https://weinisishuicheng0416.fang.com/
Logger:2020-03-16 16:00:52.738686 https://ylgjgc0416.fang.com/
Logger:2020-03-16 16:00:53.090749 https://siyuetianjc.fang.com/
Logger:2020-03-16 16:00:53.553637 https://shuimohuafu.fang.com/
Logger:2020-03-16 16:01:04.936212 https://guojiguangchangyonghe.fang.com/
Logger:2020-03-16 16:01:05.281800 https://baodijujun.fang.com/
Logger:2020-03-16 16:01:05.870296 https://shanshuihuayuan.fang.com/
Logger:2020-03-16 16:01:06.317080 https://shanghyp.fang.com/
Logger:2020-03-16 16:01:06.620809 https://xiyashenghu.fang.com/
Logger:2020-03-16 16:01:06.931066 https://bdtygc.fang.com/
Logger:2020-03-16 16:01:07.245219 https://fengqingxiaozhenbd.fang.com/
Logger:2020-03-16 16:01:07.556344 https://nashanhai.fang.com/
Logger:2020-03-16 16:01:07.937369 https://yixuanyuanxiaoqu.fang.com/
Logger:2020-03-16 16:01:08.238538 https://jcshyp0416.fang.com/
Logger:2020-03-16 16:01:14.994057 https://zhxasf.fang.com/
Logger:2020-03-16 16:01:15.295002 https://lvjinglanwan.fang.com/
Logger:2020-03-16 16:01:21.518077 https://jinzhou.newhouse.fang.com/house/s/b94/
Logger:2020-03-16 16:01:21.831208 https://chengbeiyangguang0416.fang.com/
Logger:2020-03-16 16:01:22.140423 https://hpltyy.fang.com/
Logger:2020-03-16 16:01:22.437622 https://zidonghuafu.fang.com/
Logger:2020-03-16 16:01:22.820580 https://yangguanghaian0416.fang.com/
Logger:2020-03-16 16:01:23.163647 https://longqijiangnan.fang.com/
Logger:2020-03-16 16:01:23.476838 https://chuntianhuayuan0416.fang.com/
Logger:2020-03-16 16:01:23.788975 https://yihaifangzhou.fang.com/
Logger:2020-03-16 16:01:24.566448 https://jinzhoumaoye.fang.com/
Logger:2020-03-16 16:01:24.940454 https://longxianshengjingzd.fang.com/
Logger:2020-03-16 16:01:25.274530 https://minggoudasha.fang.com/
Logger:2020-03-16 16:01:25.711361 https://jinxiuyuyuanjc.fang.com/
Logger:2020-03-16 16:01:32.146871 https://haianjiangnan.fang.com/
Logger:2020-03-16 16:01:46.694626 https://jinzhou.newhouse.fang.com/house/1623735899.htm
Logger:2020-03-16 16:01:57.714768 https://baishajindian.fang.com/
Logger:2020-03-16 16:01:58.335532 https://fukailongda.fang.com/
Logger:2020-03-16 16:01:58.689406 https://lmhjhy.fang.com/
Logger:2020-03-16 16:01:59.105627 https://shuiqingyuanjc.fang.com/
Logger:2020-03-16 16:01:59.724003 https://mlwbhyt.fang.com/
Logger:2020-03-16 16:02:00.060905 https://haiwanyihao0416.fang.com/
Logger:2020-03-16 16:02:00.950046 https://dfyzgjgy.fang.com/
Logger:2020-03-16 16:02:04.363783 https://jinzhou.newhouse.fang.com/house/s/b95/
Logger:2020-03-16 16:02:04.642658 https://baishaxiaozhu.fang.com/
Logger:2020-03-16 16:02:08.207741 https://longwanjunjing.fang.com/
Logger:2020-03-16 16:02:08.572763 https://guanlangehuayuan.fang.com/
Logger:2020-03-16 16:02:18.017820 https://dijingjc.fang.com/2/
Logger:2020-03-16 16:02:18.488573 https://jiajuguangchangbaodi.fang.com/
Logger:2020-03-16 16:02:18.851593 https://nshxlhfqsyj.fang.com/
Logger:2020-03-16 16:02:19.171737 https://slwcyy.fang.com/
Logger:2020-03-16 16:02:23.166125 https://hygjswg.fang.com/
Logger:2020-03-16 16:02:26.344336 https://jinzhou.newhouse.fang.com/house/1623747273.htm
Logger:2020-03-16 16:02:30.901330 https://jinzhou.newhouse.fang.com/house/s/b96/
Logger:2020-03-16 16:02:35.300500 https://jinzhou.newhouse.fang.com/house/s/b97/
Logger:2020-03-16 16:02:39.656304 https://jinzhou.newhouse.fang.com/house/s/b98/
