Logger:2020-03-16 19:22:38.989127 https://jinzhong.newhouse.fang.com/house/s/b91/
Logger:2020-03-16 19:22:39.524455 https://baolixinyu0354.fang.com/
Logger:2020-03-16 19:22:39.847715 https://yihaogongguanbl0354.fang.com/
Logger:2020-03-16 19:22:40.366365 https://hongxingtianbo0354.fang.com/
Logger:2020-03-16 19:22:40.749262 https://dangdaishangpinfumoma.fang.com/
Logger:2020-03-16 19:22:42.425260 https://lantianchuanqi0354.fang.com/
Logger:2020-03-16 19:22:42.807227 https://jinkebocuitianchen.fang.com/
Logger:2020-03-16 19:22:44.584051 https://chenxingyijun.fang.com/
Logger:2020-03-16 19:22:44.912180 https://shuyuanli0354.fang.com/
Logger:2020-03-16 19:22:45.280778 https://cxsgzc0354.fang.com/
Logger:2020-03-16 19:22:45.600970 https://lhcwqdjxz.fang.com/
Logger:2020-03-16 19:22:46.016083 https://jinxiuyuan0354.fang.com/
Logger:2020-03-16 19:22:46.383082 https://yangguangchengwenlanfu0354.fang.com/
Logger:2020-03-16 19:22:47.463855 https://wanxinyuecheng.fang.com/
Logger:2020-03-16 19:22:50.614104 https://yihetianyu.fang.com/
Logger:2020-03-16 19:22:52.801371 https://jzbgy.fang.com/
Logger:2020-03-16 19:22:53.115531 https://deyuanfu.fang.com/
Logger:2020-03-16 19:22:53.448896 https://hengdahuafu0354.fang.com/
Logger:2020-03-16 19:22:53.813481 https://huijingxincheng0354.fang.com/
Logger:2020-03-16 19:22:54.213415 https://lgyjlyjbd0354.fang.com/
Logger:2020-03-16 19:22:55.542280 https://huilongshanglinguoji.fang.com/
Logger:2020-03-16 19:22:59.374936 https://jinzhong.newhouse.fang.com/house/s/b92/
Logger:2020-03-16 19:22:59.696126 https://jinyuanfengxianggongguan.fang.com/
Logger:2020-03-16 19:23:00.086753 https://taiyueyuting.fang.com/
Logger:2020-03-16 19:23:00.479766 https://jinzhongwankezijun.fang.com/
Logger:2020-03-16 19:23:00.836830 https://tiansenhuichengshishenghuo.fang.com/
Logger:2020-03-16 19:23:01.281675 https://scgjxy.fang.com/
Logger:2020-03-16 19:23:02.217675 https://hepingyihao0354.fang.com/
Logger:2020-03-16 19:23:02.571777 https://ningruixincheng.fang.com/
Logger:2020-03-16 19:23:05.101917 https://yuetanghuihejun.fang.com/
Logger:2020-03-16 19:23:05.420066 https://yiyuandongzhen0354.fang.com/
Logger:2020-03-16 19:23:05.736220 https://xinjinfudi.fang.com/
Logger:2020-03-16 19:23:06.119196 https://biguiyuanfenglinfu.fang.com/
Logger:2020-03-16 19:23:06.695859 https://jinzhongwankeziyuan.fang.com/
Logger:2020-03-16 19:23:08.533979 https://yongzhiboning.fang.com/
Logger:2020-03-16 19:23:08.861105 https://xinjinshijia.fang.com/3/
Logger:2020-03-16 19:23:09.261072 https://jingweiwenyuan.fang.com/
Logger:2020-03-16 19:23:09.635081 https://tiansenmeiliya.fang.com/
Logger:2020-03-16 19:23:09.968165 https://lingyumingjun.fang.com/
Logger:2020-03-16 19:23:10.294254 https://yucichengjianyanyuan.fang.com/
Logger:2020-03-16 19:23:10.711157 https://yimeijia.fang.com/
Logger:2020-03-16 19:23:11.614131 https://baoxintianyue.fang.com/
Logger:2020-03-16 19:23:15.931969 https://jinzhong.newhouse.fang.com/house/s/b93/
Logger:2020-03-16 19:23:16.277934 https://taishangshuyujun.fang.com/
Logger:2020-03-16 19:23:16.650920 https://heshan0354.fang.com/
Logger:2020-03-16 19:23:18.783153 https://zhonggeyunjingli.fang.com/
Logger:2020-03-16 19:23:19.110325 https://zhongguotianluhu.fang.com/
Logger:2020-03-16 19:23:19.592631 https://142551.fang.com/
Logger:2020-03-16 19:23:19.894443 https://yirongguangchang0354.fang.com/
Logger:2020-03-16 19:23:20.308427 https://yajulexiyuan.fang.com/
Logger:2020-03-16 19:23:21.282816 https://shanxiguanggaochanyeyuan.fang.com/
Logger:2020-03-16 19:23:21.810861 https://wenhuajinyuan.fang.com/
Logger:2020-03-16 19:23:22.309509 https://zhonggeyunjingxiaozhen.fang.com/
Logger:2020-03-16 19:23:23.429060 https://juanfuduyuan.fang.com/
Logger:2020-03-16 19:23:23.747274 https://0351binhezuoantyhd.fang.com/
Logger:2020-03-16 19:23:24.058456 https://shouyangbiguiyuan.fang.com/
Logger:2020-03-16 19:23:24.861293 https://tiansenhui0354.fang.com/
Logger:2020-03-16 19:23:27.293618 https://142549.fang.com/
Logger:2020-03-16 19:23:27.641845 https://zuoquanbiguiyuan.fang.com/
Logger:2020-03-16 19:23:29.593069 https://qiaojiadayuanmengjinglanghuan.fang.com/
Logger:2020-03-16 19:23:29.992516 https://tylhy.fang.com/
Logger:2020-03-16 19:23:30.380484 https://chuangshisoho.fang.com/
Logger:2020-03-16 19:23:31.148272 https://jinzhong.newhouse.fang.com/house/1416142459.htm
Logger:2020-03-16 19:23:34.824618 https://jinzhong.newhouse.fang.com/house/s/b94/
Logger:2020-03-16 19:23:36.591698 https://wanhaomeiyuexintiandi.fang.com/
Logger:2020-03-16 19:23:37.174308 https://panguwenhuaguangchang.fang.com/
Logger:2020-03-16 19:23:37.589665 https://huitongfengqingshangye.fang.com/
Logger:2020-03-16 19:23:40.243250 https://junheqihangdasha.fang.com/
Logger:2020-03-16 19:23:41.740246 https://taiyuanguohaiguangchang.fang.com/
Logger:2020-03-16 19:23:45.889648 https://jinzhong.newhouse.fang.com/house/s/b95/
Logger:2020-03-16 19:23:49.647345 https://jinzhong.newhouse.fang.com/house/s/b96/
Logger:2020-03-16 19:23:53.343603 https://jinzhong.newhouse.fang.com/house/s/b97/
