Logger:2020-03-16 15:06:52.989782 https://jiujiang.newhouse.fang.com/house/s/b91/
Logger:2020-03-16 15:06:54.334699 https://yihaogongguanbl0792.fang.com/
Logger:2020-03-16 15:06:54.782869 https://zhonghuixuefu.fang.com/
Logger:2020-03-16 15:06:55.126950 https://yulongwanzh0792.fang.com/
Logger:2020-03-16 15:06:55.473023 https://tianbowanmd.fang.com/
Logger:2020-03-16 15:06:55.836086 https://donghuihouhai.fang.com/
Logger:2020-03-16 15:06:56.258920 https://guobinfumd0792.fang.com/
Logger:2020-03-16 15:06:56.631712 https://lushanlinyubl.fang.com/
Logger:2020-03-16 15:06:58.242247 https://shangyuejufl0792.fang.com/
Logger:2020-03-16 15:06:58.644681 https://shunhongsanmali.fang.com/
Logger:2020-03-16 15:06:58.981602 https://dibowanxlzb.fang.com/
Logger:2020-03-16 15:06:59.297749 https://zhonghuiguoji0792.fang.com/
Logger:2020-03-16 15:06:59.654393 https://kaixuanchengjssh.fang.com/
Logger:2020-03-16 15:07:00.046350 https://balifeicuibl.fang.com/
Logger:2020-03-16 15:07:00.540830 https://xunyanggongguanfl.fang.com/
Logger:2020-03-16 15:07:00.896464 https://wantaichenglt.fang.com/
Logger:2020-03-16 15:07:01.491408 https://huafumdjk.fang.com/
Logger:2020-03-16 15:07:01.877335 https://lixiangchenghf0792.fang.com/
Logger:2020-03-16 15:07:02.207452 https://boyuefumd.fang.com/
Logger:2020-03-16 15:07:07.314163 https://qingchengfugz.fang.com/
Logger:2020-03-16 15:07:07.714085 https://zhengwuyihaorc.fang.com/
Logger:2020-03-16 15:07:11.400238 https://jiujiang.newhouse.fang.com/house/s/b92/
Logger:2020-03-16 15:07:11.743320 https://yujiangyipin.fang.com/
Logger:2020-03-16 15:07:12.165983 https://iccdaduhuild.fang.com/
Logger:2020-03-16 15:07:12.536499 https://junyuejiangshanlfxl.fang.com/
Logger:2020-03-16 15:07:12.946550 https://yuejunzhongyanggongyuan.fang.com/
Logger:2020-03-16 15:07:13.374403 https://jiuxibgy.fang.com/
Logger:2020-03-16 15:07:13.804253 https://zhonghangchengjj.fang.com/
Logger:2020-03-16 15:07:14.109437 https://ruichangaoyuanguangchang.fang.com/
Logger:2020-03-16 15:07:14.420609 https://chaisangjunty.fang.com/
Logger:2020-03-16 15:07:14.911297 https://xunyangfubgy.fang.com/
Logger:2020-03-16 15:07:15.417963 https://wandaguangchang0792.fang.com/
Logger:2020-03-16 15:07:15.955159 https://junlinfuxszc.fang.com/
Logger:2020-03-16 15:07:16.384011 https://jiutangrxbgyjd.fang.com/
Logger:2020-03-16 15:07:16.807418 https://lushanguojixh.fang.com/
Logger:2020-03-16 15:07:17.319084 https://junyuehulf0792.fang.com/
Logger:2020-03-16 15:07:17.715534 https://shengshimingdujd.fang.com/
Logger:2020-03-16 15:07:18.097512 https://xuefuyihao0792.fang.com/
Logger:2020-03-16 15:07:18.568942 https://tuosikana0792.fang.com/
Logger:2020-03-16 15:07:18.955611 https://jiangwanlongtinghd.fang.com/
Logger:2020-03-16 15:07:19.350554 https://jiangzhoufubgy.fang.com/
Logger:2020-03-16 15:07:19.781402 https://jiuyuewanyz.fang.com/
Logger:2020-03-16 15:07:23.821723 https://jiujiang.newhouse.fang.com/house/s/b93/
Logger:2020-03-16 15:07:24.164274 https://jjjpc.fang.com/
Logger:2020-03-16 15:07:24.571213 https://yujingwanygc0792.fang.com/
Logger:2020-03-16 15:07:24.938200 https://taiyangchengdt20792.fang.com/
Logger:2020-03-16 15:07:25.327212 https://jiulongguangchangls.fang.com/
Logger:2020-03-16 15:07:25.647013 https://dehuaguoji.fang.com/
Logger:2020-03-16 15:07:25.992475 https://xuefufengshang.fang.com/
Logger:2020-03-16 15:07:26.351391 https://nanhaidasha0792.fang.com/
Logger:2020-03-16 15:07:26.746330 https://jiujiangyin.fang.com/
Logger:2020-03-16 15:07:27.096393 https://lushanyufu.fang.com/
Logger:2020-03-16 15:07:27.489503 https://ziyueduxh.fang.com/
Logger:2020-03-16 15:07:27.897577 https://yongjingwanzj0792.fang.com/
Logger:2020-03-16 15:07:28.278342 https://yuehujujy.fang.com/
Logger:2020-03-16 15:07:28.602469 https://linghuchuntian0792.fang.com/
Logger:2020-03-16 15:07:28.954527 https://shanshuichengyb.fang.com/
Logger:2020-03-16 15:07:29.391478 https://yinxiangchaisang.fang.com/
Logger:2020-03-16 15:07:29.750572 https://nanshanyayuan.fang.com/
Logger:2020-03-16 15:07:30.110617 https://tianpubgylf.fang.com/
Logger:2020-03-16 15:07:30.518518 https://baoliangcheng.fang.com/
Logger:2020-03-16 15:07:30.943477 https://sllsyc.fang.com/
Logger:2020-03-16 15:07:31.471592 https://binjiangguojily0792.fang.com/
Logger:2020-03-16 15:07:35.589922 https://jiujiang.newhouse.fang.com/house/s/b94/
Logger:2020-03-16 15:07:36.096576 https://hanlinguoji0792.fang.com/
Logger:2020-03-16 15:07:36.535947 https://xtdgg0792.fang.com/
Logger:2020-03-16 15:07:36.818177 https://xinchengguoji0792.fang.com/
Logger:2020-03-16 15:07:37.115381 https://lushanxingfuli.fang.com/
Logger:2020-03-16 15:07:37.493908 https://shidaiguangchangls.fang.com/
Logger:2020-03-16 15:07:37.923503 https://fengyalanting.fang.com/
Logger:2020-03-16 15:07:38.282089 https://jiulongshanbgy.fang.com/
Logger:2020-03-16 15:07:38.615168 https://diyichengaks0792.fang.com/
Logger:2020-03-16 15:07:39.011109 https://taiyangchengdt0792.fang.com/
Logger:2020-03-16 15:07:42.875988 https://zhongaoguangchangjj.fang.com/
Logger:2020-03-16 15:07:43.244986 https://meiluwangh.fang.com/
Logger:2020-03-16 15:07:43.595053 https://jiangzhouhuafu.fang.com/
Logger:2020-03-16 15:07:43.876298 https://jiulongxincheng0792.fang.com/
Logger:2020-03-16 15:07:44.260254 https://haizhenglvcheng.fang.com/
Logger:2020-03-16 15:07:44.577455 https://longyuanjssh.fang.com/
Logger:2020-03-16 15:07:47.301824 https://binhuhuatinggl.fang.com/
Logger:2020-03-16 15:07:47.670861 https://mantingchunhf.fang.com/
Logger:2020-03-16 15:07:48.002989 https://jiazhoufengqing.fang.com/
Logger:2020-03-16 15:07:48.338026 https://yinianchenggy.fang.com/
Logger:2020-03-16 15:07:48.694074 https://zhihuichengrx.fang.com/
Logger:2020-03-16 15:07:52.757908 https://jiujiang.newhouse.fang.com/house/s/b95/
Logger:2020-03-16 15:07:53.093014 https://lanqiaoshijia0792.fang.com/
Logger:2020-03-16 15:07:53.467235 https://xintiandijj.fang.com/
Logger:2020-03-16 15:07:53.803341 https://biguiyuan0792.fang.com/
Logger:2020-03-16 15:07:54.140954 https://junyuefu0792.fang.com/
Logger:2020-03-16 15:07:54.576812 https://yangguangchenggl0792.fang.com/
Logger:2020-03-16 15:07:54.921866 https://huijinzhongxin0792.fang.com/
Logger:2020-03-16 15:07:55.292645 https://qiuzhenguoji.fang.com/
Logger:2020-03-16 15:07:55.734558 https://guanglongweilaicheng.fang.com/
Logger:2020-03-16 15:07:56.128444 https://weilanbihuali.fang.com/
Logger:2020-03-16 15:07:56.538388 https://xunnanyuedu.fang.com/
Logger:2020-03-16 15:07:56.843615 https://jinyuanjssh.fang.com/
Logger:2020-03-16 15:07:57.277450 https://zhongjiyihao.fang.com/
Logger:2020-03-16 15:07:57.595625 https://guanlanshengshi.fang.com/
Logger:2020-03-16 15:07:57.964649 https://guojijinrongguangchangjj.fang.com/
Logger:2020-03-16 15:07:58.315670 https://zhonglianchengjj.fang.com/
Logger:2020-03-16 15:07:58.694635 https://tianhushuxh.fang.com/
Logger:2020-03-16 15:07:59.012857 https://zhonghanxuefu.fang.com/
Logger:2020-03-16 15:07:59.357938 https://shuimojiangnan0792.fang.com/
Logger:2020-03-16 15:08:00.514006 https://qingshuiwan0792.fang.com/
Logger:2020-03-16 15:08:00.852609 https://jintouboyue.fang.com/
Logger:2020-03-16 15:08:05.125670 https://jiujiang.newhouse.fang.com/house/s/b96/
Logger:2020-03-16 15:08:07.860576 https://jinxiuxuefujt.fang.com/
Logger:2020-03-16 15:08:08.323360 https://baolianghuayuanlxct.fang.com/
Logger:2020-03-16 15:08:08.720323 https://jintaoguojihuacheng.fang.com/
Logger:2020-03-16 15:08:09.036315 https://jiuruixincheng.fang.com/
Logger:2020-03-16 15:08:09.356368 https://fengshangguojigl.fang.com/
Logger:2020-03-16 15:08:09.698168 https://jiahuilibao.fang.com/
Logger:2020-03-16 15:08:10.157937 https://zhongmaobogong.fang.com/
Logger:2020-03-16 15:08:10.521963 https://shidaiguangchangxb0792.fang.com/
Logger:2020-03-16 15:08:10.838160 https://shililaojiels.fang.com/
Logger:2020-03-16 15:08:11.265874 https://hdxgh.fang.com/
Logger:2020-03-16 15:08:11.639901 https://zhongaotianyuewan.fang.com/
Logger:2020-03-16 15:08:12.005922 https://wenlanfuygcfl.fang.com/
Logger:2020-03-16 15:08:16.002291 https://jintianfu0792.fang.com/
Logger:2020-03-16 15:08:19.392177 https://hengxinjiayuan0792.fang.com/
Logger:2020-03-16 15:08:19.818037 https://xiangxielidu.fang.com/
Logger:2020-03-16 15:08:20.204005 https://binjiangkaixuancheng.fang.com/
Logger:2020-03-16 15:08:20.593314 https://taolichunfenglcls.fang.com/
Logger:2020-03-16 15:08:21.209018 https://xiyuecheng0792.fang.com/
Logger:2020-03-16 15:08:21.723606 https://boxuefucg.fang.com/
Logger:2020-03-16 15:08:22.149467 https://hlwxz.fang.com/
Logger:2020-03-16 15:08:26.120296 https://jiujiang.newhouse.fang.com/house/s/b97/
Logger:2020-03-16 15:08:26.475155 https://tianxiebgyygc.fang.com/
Logger:2020-03-16 15:08:26.818236 https://xinghewangl.fang.com/
Logger:2020-03-16 15:08:27.184258 https://binjiangxuefu.fang.com/
Logger:2020-03-16 15:08:30.896384 https://banshanxigumf.fang.com/
Logger:2020-03-16 15:08:31.293321 https://jinpengchengcs.fang.com/
Logger:2020-03-16 15:08:34.172388 https://zgtjsyc792.fang.com/
Logger:2020-03-16 15:08:34.521455 https://mingyuefuxl.fang.com/
Logger:2020-03-16 15:08:34.850595 https://jiusonglongyuan.fang.com/
Logger:2020-03-16 15:08:40.692707 https://hanjiangfuzs.fang.com/
Logger:2020-03-16 15:08:41.043206 https://yulonghupanhuayuan.fang.com/
Logger:2020-03-16 15:08:41.353091 https://caifumingmenjk.fang.com/
Logger:2020-03-16 15:08:41.679769 https://kaixuanchuntian.fang.com/
Logger:2020-03-16 15:08:42.075785 https://moercheng0792.fang.com/
Logger:2020-03-16 15:08:42.437740 https://ganjiangshoufu.fang.com/
Logger:2020-03-16 15:08:42.780363 https://yunlinchunfenglc.fang.com/
Logger:2020-03-16 15:08:43.095353 https://xihaiyihao.fang.com/
Logger:2020-03-16 15:08:43.460618 https://qixiuwangfu.fang.com/
Logger:2020-03-16 15:08:45.837379 https://shanhaihuils.fang.com/
Logger:2020-03-16 15:08:46.217411 https://dongganghaoting.fang.com/
Logger:2020-03-16 15:08:46.627783 https://huaanxingfuli.fang.com/2/
Logger:2020-03-16 15:08:50.727338 https://jiujiang.newhouse.fang.com/house/s/b98/
Logger:2020-03-16 15:08:51.041501 https://lanbowancs.fang.com/
Logger:2020-03-16 15:08:51.417485 https://shuiyunfengqingjl.fang.com/
Logger:2020-03-16 15:08:51.737542 https://furuncheng0792.fang.com/
Logger:2020-03-16 15:08:52.187972 https://yangguangjinxiuxuefu.fang.com/
Logger:2020-03-16 15:08:52.563650 https://hubinguangchangcq.fang.com/
Logger:2020-03-16 15:08:52.880801 https://xxlsgxz.fang.com/
Logger:2020-03-16 15:08:55.223752 https://yigaoguangchangjj.fang.com/
Logger:2020-03-16 15:08:55.670595 https://zhelinchunxiaolh.fang.com/
Logger:2020-03-16 15:08:57.826802 https://novagongguanzlc.fang.com/
Logger:2020-03-16 15:08:58.150496 https://guomaochengshizonghetils.fang.com/
Logger:2020-03-16 15:08:58.443769 https://guojishangmaozhongxinjjxll.fang.com/
Logger:2020-03-16 15:08:58.842645 https://weifengxinduhui.fang.com/
Logger:2020-03-16 15:08:59.167668 https://linjiangfujd.fang.com/
Logger:2020-03-16 15:09:01.199829 https://jdhzhdsc.fang.com/
Logger:2020-03-16 15:09:01.516984 https://zhongjixuefu.fang.com/
Logger:2020-03-16 15:09:01.853081 https://hanlinguojihuayuan0792.fang.com/
Logger:2020-03-16 15:09:02.260248 https://hengyunli0792.fang.com/
Logger:2020-03-16 15:09:02.578336 https://yingrihehua0792.fang.com/
Logger:2020-03-16 15:09:02.915405 https://chengshengyujing.fang.com/
Logger:2020-03-16 15:09:03.350242 https://hailunguojihlb0792.fang.com/
Logger:2020-03-16 15:09:07.212723 https://jiujiang.newhouse.fang.com/house/s/b99/
Logger:2020-03-16 15:09:07.482965 https://jindiguoji.fang.com/
Logger:2020-03-16 15:09:07.814040 https://lagjsmwlcyyjj.fang.com/
Logger:2020-03-16 15:09:08.165749 https://fojuchengls.fang.com/
Logger:2020-03-16 15:09:08.559944 https://075606.fang.com/
Logger:2020-03-16 15:09:08.889051 https://guojizhongxincs.fang.com/
Logger:2020-03-16 15:09:09.195202 https://zonghepifashichangdc.fang.com/
Logger:2020-03-16 15:09:09.547288 https://xtdls.fang.com/
Logger:2020-03-16 15:09:13.270146 https://jiujiang.newhouse.fang.com/house/s/b910/
Logger:2020-03-16 15:09:16.840577 https://jiujiang.newhouse.fang.com/house/s/b911/
Logger:2020-03-16 15:09:20.447383 https://jiujiang.newhouse.fang.com/house/s/b912/
