Logger:2020-03-16 08:32:15.044761 https://jiuquan.newhouse.fang.com/house/s/b91/
Logger:2020-03-16 08:32:15.467281 https://hanhaimingzhu.fang.com/
Logger:2020-03-16 08:32:15.732100 https://jiuquanguotaijiayuanb.fang.com/
Logger:2020-03-16 08:32:17.685421 https://zhongtianchengyuan.fang.com/
Logger:2020-03-16 08:32:17.981568 https://fuzehuating0937.fang.com/
Logger:2020-03-16 08:32:18.278372 https://hongshengjiayuan0937.fang.com/
Logger:2020-03-16 08:32:18.544333 https://jiuquandongfangmingdou.fang.com/
Logger:2020-03-16 08:32:18.810219 https://taihefang0937.fang.com/
Logger:2020-03-16 08:32:19.136707 https://hongdoutingyuan.fang.com/
Logger:2020-03-16 08:32:19.413651 https://nanhujinwan.fang.com/
Logger:2020-03-16 08:32:19.679694 https://jiuquanhongyangshijimingmenhuayuan.fang.com/
Logger:2020-03-16 08:32:20.007260 https://guangmingyuyuan0937.fang.com/
Logger:2020-03-16 08:32:20.335308 https://dongxingyuan0937.fang.com/
Logger:2020-03-16 08:32:21.991167 https://jiuquan.newhouse.fang.com/house/3723264630.htm
Logger:2020-03-16 08:32:22.273042 https://185700.fang.com/
Logger:2020-03-16 08:32:22.616213 https://huayuefucq.fang.com/
Logger:2020-03-16 08:32:24.685139 https://jiuquanhangtianjiayuan.fang.com/
Logger:2020-03-16 08:32:24.966298 https://yangguangxiandaicheng0937.fang.com/
Logger:2020-03-16 08:32:25.231861 https://tianyuanju0937.fang.com/
Logger:2020-03-16 08:32:26.747166 https://dunhuangyijuxuanjinshuiwan.fang.com/
Logger:2020-03-16 08:32:28.153089 https://jiuquan.newhouse.fang.com/house/3723261172.htm
Logger:2020-03-16 08:32:31.990962 https://jiuquan.newhouse.fang.com/house/s/b92/
Logger:2020-03-16 08:32:34.701240 https://baolijiayuan0937.fang.com/
Logger:2020-03-16 08:32:35.029356 https://chunguanglijing0937.fang.com/
Logger:2020-03-16 08:32:36.903707 https://tianyiyuyuan0937.fang.com/
Logger:2020-03-16 08:32:37.169268 https://jiuquanlijingyangguang.fang.com/
Logger:2020-03-16 08:32:37.497909 https://tianmaiyuanxiaoqu.fang.com/
Logger:2020-03-16 08:32:37.778500 https://chunguangliting0937.fang.com/
Logger:2020-03-16 08:32:38.091003 https://jiuquanchunguanglidou.fang.com/
Logger:2020-03-16 08:32:38.356894 https://jinshangshijia0937.fang.com/
Logger:2020-03-16 08:32:42.889734 https://jiuquanyihejiayuan.fang.com/
Logger:2020-03-16 08:32:43.170917 https://changhehanting.fang.com/
Logger:2020-03-16 08:32:43.499328 https://tianyiyayuan0937.fang.com/
Logger:2020-03-16 08:32:45.935889 https://jiuquanjiawuyayuan.fang.com/
Logger:2020-03-16 08:32:46.201902 https://bishuihepan0937.fang.com/
Logger:2020-03-16 08:32:47.764277 https://silujingyuan.fang.com/
Logger:2020-03-16 08:32:48.060974 https://jiuquanbiyujiayuan.fang.com/
Logger:2020-03-16 08:32:52.440114 https://yuantongxiaozhen0937.fang.com/
Logger:2020-03-16 08:32:52.674980 https://binhejingyuan.fang.com/
Logger:2020-03-16 08:32:52.952948 https://jintatianqingyuyuan.fang.com/
Logger:2020-03-16 08:32:53.327570 https://feitianyuan.fang.com/
Logger:2020-03-16 08:32:53.624021 https://jiuquanshijimingzhu.fang.com/
Logger:2020-03-16 08:32:57.217413 https://jiuquan.newhouse.fang.com/house/s/b93/
Logger:2020-03-16 08:32:57.482508 https://jintajialeihuating.fang.com/
Logger:2020-03-16 08:32:57.763626 https://jiuquanhaozeyuan.fang.com/
Logger:2020-03-16 08:33:02.906841 https://jiuquanzhngxinyuan.fang.com/
Logger:2020-03-16 08:33:03.187937 https://jiuquanfuchunhuayuan.fang.com/
Logger:2020-03-16 08:33:03.469170 https://jiuquanjinxiuyangguangjiayuan.fang.com/
Logger:2020-03-16 08:33:03.749661 https://hangtianshangyejie0937.fang.com/
Logger:2020-03-16 08:33:04.077709 https://julongyuyuanxiqu0937.fang.com/
Logger:2020-03-16 08:33:05.810178 https://jiuquanzhongzichanyeyuan.fang.com/
Logger:2020-03-16 08:33:08.107946 https://shuianjiuhao0937.fang.com/
Logger:2020-03-16 08:33:08.560999 https://jiuquanzhenghuoyujing0937.fang.com/
Logger:2020-03-16 08:33:10.286963 https://quanhuxinyuan.fang.com/
Logger:2020-03-16 08:33:13.905355 https://jiuquan.newhouse.fang.com/house/s/b94/
Logger:2020-03-16 08:33:17.717188 https://jiuquan.newhouse.fang.com/house/s/b95/
Logger:2020-03-16 08:33:21.342724 https://jiuquan.newhouse.fang.com/house/s/b96/
