Logger:2020-03-16 10:37:58.654668 https://jixi.newhouse.fang.com/house/s/b91/
Logger:2020-03-16 10:37:59.013960 https://yulantinghd0467.fang.com/
Logger:2020-03-16 10:37:59.607393 https://xinghegongguanjx.fang.com/
Logger:2020-03-16 10:38:00.013526 https://fudidongtian.fang.com/2/
Logger:2020-03-16 10:38:00.341766 https://longshanguoji.fang.com/
Logger:2020-03-16 10:38:00.685258 https://weimeixinchengjixi.fang.com/
Logger:2020-03-16 10:38:00.982036 https://shangdongguojixi.fang.com/
Logger:2020-03-16 10:38:01.294659 https://wandaguangchangjx.fang.com/
Logger:2020-03-16 10:38:05.514265 https://beiouyinxiangjx.fang.com/
Logger:2020-03-16 10:38:05.857936 https://guanchenglanhuwanjx.fang.com/
Logger:2020-03-16 10:38:06.170405 https://hanlinfudijixi.fang.com/
Logger:2020-03-16 10:38:10.513380 https://jixijinyuhuating.fang.com/
Logger:2020-03-16 10:38:10.810183 https://luomataiyangchengjx.fang.com/
Logger:2020-03-16 10:38:15.353312 https://xingfulixiaoqujixi.fang.com/
Logger:2020-03-16 10:38:15.654041 https://longyujiayuanjixi.fang.com/
Logger:2020-03-16 10:38:17.810000 https://jixi.newhouse.fang.com/house/1914789061.htm
Logger:2020-03-16 10:38:18.137829 https://nanxing.fang.com/
Logger:2020-03-16 10:38:18.450424 https://jixiruihexincheng.fang.com/
Logger:2020-03-16 10:38:19.778067 https://jixixuefujingyuan.fang.com/
Logger:2020-03-16 10:38:20.043630 https://jixiguibinhaoting.fang.com/
Logger:2020-03-16 10:38:21.355820 https://xinshidaiguangchang.fang.com/
Logger:2020-03-16 10:38:24.670518 https://jixi.newhouse.fang.com/house/s/b92/
Logger:2020-03-16 10:38:24.998567 https://xunlinyayuanjx.fang.com/
Logger:2020-03-16 10:38:26.404226 https://zhongkangfenghuangchengjx.fang.com/
Logger:2020-03-16 10:38:26.732494 https://jinghongmingyuanjixi.fang.com/
Logger:2020-03-16 10:38:29.657209 https://jixi.newhouse.fang.com/house/1914784395.htm
Logger:2020-03-16 10:38:30.063477 https://huangchaohuayuanjixi.fang.com/
Logger:2020-03-16 10:38:30.391396 https://fuxingcaifujx.fang.com/
Logger:2020-03-16 10:38:32.878795 https://mingchengjiayuanjixi.fang.com/
Logger:2020-03-16 10:38:33.349195 https://mscxhy.fang.com/
Logger:2020-03-16 10:38:33.677253 https://didaohuayuanjixi.fang.com/
Logger:2020-03-16 10:38:35.442450 https://sailuochengjx.fang.com/
Logger:2020-03-16 10:38:37.311353 https://jixi.newhouse.fang.com/house/1914785491.htm
Logger:2020-03-16 10:38:39.248395 https://hongyuanjiayuanjixi.fang.com/
Logger:2020-03-16 10:38:39.607468 https://lvhaixiaoqu.fang.com/
Logger:2020-03-16 10:38:40.029463 https://wenyuan0467.fang.com/
Logger:2020-03-16 10:38:40.295025 https://yuejinjiayuanjixi.fang.com/
Logger:2020-03-16 10:38:40.841552 https://jixiyiwuguojishangmaocheng.fang.com/
Logger:2020-03-16 10:38:41.138356 https://xilongjiayuanjixi.fang.com/
Logger:2020-03-16 10:38:41.513488 https://xiyayu.fang.com/
Logger:2020-03-16 10:38:43.309720 https://kaiyuanzonghelou.fang.com/
Logger:2020-03-16 10:38:43.606741 https://hongxiangjiayuanjx.fang.com/
Logger:2020-03-16 10:38:48.187356 https://jixi.newhouse.fang.com/house/s/b93/
Logger:2020-03-16 10:38:50.030888 https://jixi.newhouse.fang.com/house/1914785497.htm
Logger:2020-03-16 10:38:50.296232 https://hongxiangjiayuanjx.fang.com/
Logger:2020-03-16 10:38:50.577419 https://hanwojinhuiguangchang.fang.com/
Logger:2020-03-16 10:38:50.874440 https://zhongxingjiayuan0467.fang.com/
Logger:2020-03-16 10:38:51.452211 https://yuanhongxiaoqu.fang.com/
Logger:2020-03-16 10:38:51.795879 https://xinfengxiaoqu.fang.com/
Logger:2020-03-16 10:38:52.327003 https://jinxiujiayuan0467.fang.com/
Logger:2020-03-16 10:38:52.905210 https://nanxingguangju.fang.com/
Logger:2020-03-16 10:38:53.186400 https://fengcaijiayuan.fang.com/
Logger:2020-03-16 10:38:53.498860 https://liuqinghuayuan.fang.com/
Logger:2020-03-16 10:38:53.792774 https://hongdihuayuan.fang.com/
Logger:2020-03-16 10:38:54.329484 https://shuilijuzonghelou.fang.com/
Logger:2020-03-16 10:38:54.893669 https://nanganghuayuan.fang.com/
Logger:2020-03-16 10:38:55.502944 https://hengtaijiayuan.fang.com/
Logger:2020-03-16 10:38:55.830949 https://zhongxingdasha.fang.com/
Logger:2020-03-16 10:38:56.143375 https://wenlongjuzonghelou.fang.com/
Logger:2020-03-16 10:38:56.409195 https://qianfengzonghelou.fang.com/
Logger:2020-03-16 10:39:00.016626 https://jixi.newhouse.fang.com/house/s/b94/
Logger:2020-03-16 10:39:03.500397 https://jixi.newhouse.fang.com/house/s/b95/
Logger:2020-03-16 10:39:07.202430 https://jixi.newhouse.fang.com/house/s/b96/
