Logger:2020-03-16 10:07:34.812698 https://jiyuan.newhouse.fang.com/house/s/b91/
Logger:2020-03-16 10:07:35.078122 https://thtagc.fang.com/
Logger:2020-03-16 10:07:35.390053 https://jyslc.fang.com/
Logger:2020-03-16 10:07:35.671969 https://dfgjgg0391.fang.com/
Logger:2020-03-16 10:07:35.968042 https://jyjyyhcb.fang.com/
Logger:2020-03-16 10:07:42.969659 https://zljyf.fang.com/
Logger:2020-03-16 10:07:43.233408 https://jyshsjc.fang.com/
Logger:2020-03-16 10:07:47.639158 https://yxxc0391.fang.com/
Logger:2020-03-16 10:07:47.873159 https://xxh7h.fang.com/
Logger:2020-03-16 10:07:48.154715 https://lthy0391.fang.com/
Logger:2020-03-16 10:07:48.467861 https://jyjysl.fang.com/
Logger:2020-03-16 10:07:50.534965 https://yxhy0391.fang.com/
Logger:2020-03-16 10:07:51.845336 https://xhjhy0391.fang.com/
Logger:2020-03-16 10:07:52.174880 https://jyqsw.fang.com/
Logger:2020-03-16 10:07:52.496238 https://jyhshjhy.fang.com/
Logger:2020-03-16 10:07:53.782610 https://jyqyct.fang.com/
Logger:2020-03-16 10:07:54.456047 https://hsbscj.fang.com/
Logger:2020-03-16 10:07:54.750602 https://jyyghy.fang.com/
Logger:2020-03-16 10:07:55.058953 https://jyyjsd.fang.com/
Logger:2020-03-16 10:07:55.362024 https://jyjyslbd.fang.com/
Logger:2020-03-16 10:07:58.662688 https://jybchy.fang.com/
Logger:2020-03-16 10:08:02.508975 https://jiyuan.newhouse.fang.com/house/s/b92/
Logger:2020-03-16 10:08:02.838905 https://dzhcsgc0391.fang.com/
Logger:2020-03-16 10:08:03.092428 https://jybhxq.fang.com/
Logger:2020-03-16 10:08:03.388473 https://0391jsy.fang.com/
Logger:2020-03-16 10:08:03.701521 https://jytyxa.fang.com/
Logger:2020-03-16 10:08:04.325909 https://jylhyh.fang.com/
Logger:2020-03-16 10:08:04.622665 https://xajtdxjykjy.fang.com/
Logger:2020-03-16 10:08:04.950639 https://yhkc0391.fang.com/
Logger:2020-03-16 10:08:06.544462 https://jyxhw.fang.com/
Logger:2020-03-16 10:08:12.389402 https://jlhc.fang.com/
Logger:2020-03-16 10:08:12.654249 https://jysjhc.fang.com/
Logger:2020-03-16 10:08:17.311691 https://dyzjh.fang.com/
Logger:2020-03-16 10:08:21.857255 https://jiyyyxq.fang.com/
Logger:2020-03-16 10:08:22.122399 https://lfsdht.fang.com/
Logger:2020-03-16 10:08:22.450405 https://hlcfgc0391.fang.com/
Logger:2020-03-16 10:08:22.732092 https://lqhp0391.fang.com/
Logger:2020-03-16 10:08:23.028844 https://jykxc.fang.com/
Logger:2020-03-16 10:08:23.294650 https://0391guiyuan.fang.com/
Logger:2020-03-16 10:08:23.903855 https://jymhdgc.fang.com/
Logger:2020-03-16 10:08:24.200033 https://jyygmj.fang.com/
Logger:2020-03-16 10:08:24.497326 https://jyyjsgg.fang.com/
Logger:2020-03-16 10:08:28.495853 https://jiyuan.newhouse.fang.com/house/s/b93/
Logger:2020-03-16 10:08:28.796012 https://jyzsszhy.fang.com/
Logger:2020-03-16 10:08:36.092959 https://jyjyxtd.fang.com/
Logger:2020-03-16 10:08:36.405680 https://jyjsy.fang.com/
Logger:2020-03-16 10:08:38.280069 https://jysaxz.fang.com/
Logger:2020-03-16 10:08:38.591942 https://jfgjxfc.fang.com/
Logger:2020-03-16 10:08:38.873141 https://jyxyy.fang.com/
Logger:2020-03-16 10:08:39.139081 https://lxgw0391.fang.com/
Logger:2020-03-16 10:08:39.420582 https://0391bhhy.fang.com/
Logger:2020-03-16 10:08:39.654589 https://jywfy.fang.com/
Logger:2020-03-16 10:08:39.982239 https://jyjtxq.fang.com/
Logger:2020-03-16 10:08:40.247837 https://lshy0391.fang.com/
Logger:2020-03-16 10:08:40.482559 https://jyygmy.fang.com/
Logger:2020-03-16 10:08:41.544714 https://jygthy.fang.com/
Logger:2020-03-16 10:08:41.872912 https://hjljzsoho.fang.com/
Logger:2020-03-16 10:08:42.450799 https://jyjxsa.fang.com/
Logger:2020-03-16 10:08:45.043545 https://jyhtbhhy.fang.com/
Logger:2020-03-16 10:08:45.778146 https://jylzdj.fang.com/
Logger:2020-03-16 10:08:46.093199 https://jysdtxc.fang.com/
Logger:2020-03-16 10:08:50.758748 https://jywwhyy.fang.com/
Logger:2020-03-16 10:08:55.310691 https://jycjgjgc.fang.com/
Logger:2020-03-16 10:09:00.355664 https://jiyuan.newhouse.fang.com/house/s/b94/
Logger:2020-03-16 10:09:00.638326 https://jywyn.fang.com/
Logger:2020-03-16 10:09:03.028388 https://jymhrj.fang.com/
Logger:2020-03-16 10:09:04.606619 https://jyjght.fang.com/
Logger:2020-03-16 10:09:04.887324 https://jylfmhd.fang.com/
Logger:2020-03-16 10:09:15.194446 https://jygjsdgc.fang.com/
Logger:2020-03-16 10:09:15.505005 https://jylfsdgc.fang.com/
Logger:2020-03-16 10:09:20.279624 https://jymhdwf.fang.com/
Logger:2020-03-16 10:09:20.540062 https://jyhyjy.fang.com/
Logger:2020-03-16 10:09:36.556008 https://jyjdhf.fang.com/
Logger:2020-03-16 10:09:36.855340 https://0391jxgc.fang.com/
Logger:2020-03-16 10:09:37.107629 https://jyxdfswgg.fang.com/
Logger:2020-03-16 10:09:37.442521 https://jyhycsjd.fang.com/
Logger:2020-03-16 10:09:37.725163 https://jycthy.fang.com/
Logger:2020-03-16 10:09:42.920551 https://jydsh.fang.com/
Logger:2020-03-16 10:09:46.529075 https://jiyuan.newhouse.fang.com/house/s/b95/
Logger:2020-03-16 10:09:49.969892 https://jiyuan.newhouse.fang.com/house/s/b96/
Logger:2020-03-16 10:09:53.933867 https://jiyuan.newhouse.fang.com/house/s/b97/
