Logger:2020-03-16 21:11:45.447294 https://jizhou.newhouse.fang.com/house/s/b91/
Logger:2020-03-16 21:11:45.860242 https://hongkunlixiangwan022.fang.com/
Logger:2020-03-16 21:11:46.424765 https://shanyushuhk022.fang.com/
Logger:2020-03-16 21:11:46.855612 https://heshanzhengyuanzhengyuan.fang.com/
Logger:2020-03-16 21:11:47.264089 https://baoliheyuan.fang.com/
Logger:2020-03-16 21:11:47.649654 https://junshanfutz.fang.com/
Logger:2020-03-16 21:11:48.071125 https://rongshenghuafu022.fang.com/
Logger:2020-03-16 21:11:48.523888 https://guanlanyayuan022.fang.com/
Logger:2020-03-16 21:11:48.943343 https://wankeyunshan022.fang.com/
Logger:2020-03-16 21:11:49.482459 https://jizhouchenyuan.fang.com/
Logger:2020-03-16 21:11:49.856459 https://ruijinghuayuan2022.fang.com/
Logger:2020-03-16 21:11:50.239436 https://pinyuejiangnan.fang.com/
Logger:2020-03-16 21:11:51.971310 https://lanwnazhuangyuan.fang.com/
Logger:2020-03-16 21:11:54.924587 https://jinchengshanshuishu.fang.com/
Logger:2020-03-16 21:11:58.623714 https://yuanjingshangyi.fang.com/
Logger:2020-03-16 21:12:00.755479 https://mujinduhuisdtj.fang.com/
Logger:2020-03-16 21:12:01.180945 https://hujingzhongxin.fang.com/
Logger:2020-03-16 21:12:03.687086 https://jixianmeiyuxincheng.fang.com/
Logger:2020-03-16 21:12:04.049048 https://lvdiqianhouyuan.fang.com/
Logger:2020-03-16 21:12:05.833837 https://jxjwf022.fang.com/
Logger:2020-03-16 21:12:07.761519 https://jixianzhuangyuancheng.fang.com/
Logger:2020-03-16 21:12:12.697385 https://jizhou.newhouse.fang.com/house/s/b92/
Logger:2020-03-16 21:12:13.213973 https://meilishan022.fang.com/
Logger:2020-03-16 21:12:13.598348 https://bozhiyuyuan022.fang.com/
Logger:2020-03-16 21:12:16.799842 https://zefengmingyuan.fang.com/
Logger:2020-03-16 21:12:17.292405 https://tianjinhaitangwanhuayuan.fang.com/
Logger:2020-03-16 21:12:17.647497 https://jixianhuafuyushu.fang.com/
Logger:2020-03-16 21:12:18.024482 https://jixiantanghuagongguan.fang.com/
Logger:2020-03-16 21:12:20.995724 https://jixianqinyuanlanshan.fang.com/
Logger:2020-03-16 21:12:24.167811 https://jixianzhidaozhuangyuan.fang.com/
Logger:2020-03-16 21:12:24.566247 https://tylh022.fang.com/
Logger:2020-03-16 21:12:26.646433 https://jixianhuajingjiayuan.fang.com/
Logger:2020-03-16 21:12:27.376400 https://plgxmgf.fang.com/
Logger:2020-03-16 21:12:28.153081 https://jxxhjy022.fang.com/
Logger:2020-03-16 21:12:29.104515 https://jxshjy022.fang.com/
Logger:2020-03-16 21:12:29.477552 https://jixianlongfuyihao.fang.com/
Logger:2020-03-16 21:12:29.834662 https://cwhg.fang.com/
Logger:2020-03-16 21:12:30.244564 https://jixianjiahuapatiou.fang.com/
Logger:2020-03-16 21:12:30.608563 https://jixianduduo24dong.fang.com/
Logger:2020-03-16 21:12:30.968631 https://834493.fang.com/
Logger:2020-03-16 21:12:36.278440 https://jingjidingyuanhx.fang.com/
Logger:2020-03-16 21:12:40.231925 https://jizhou.newhouse.fang.com/house/s/b93/
Logger:2020-03-16 21:12:44.116877 https://jizhou.newhouse.fang.com/house/s/b94/
Logger:2020-03-16 21:12:47.603077 https://jizhou.newhouse.fang.com/house/s/b95/
