Logger:2020-03-16 00:27:45.404011 https://jm.newhouse.fang.com/house/s/b91/
Logger:2020-03-16 00:27:45.685200 https://tianyuewenhuayx.fang.com/
Logger:2020-03-16 00:27:45.951299 https://huafasiji0750.fang.com/
Logger:2020-03-16 00:27:47.149716 https://yuexiubinjianghuayue.fang.com/
Logger:2020-03-16 00:27:47.430899 https://yinxianghailunwan.fang.com/
Logger:2020-03-16 00:27:47.696979 https://yuelanshanlf.fang.com/
Logger:2020-03-16 00:27:47.946404 https://yuexiubinjiangpinyue.fang.com/
Logger:2020-03-16 00:27:48.196345 https://145026.fang.com/
Logger:2020-03-16 00:27:48.493225 https://liyuanpanhailanwan.fang.com/
Logger:2020-03-16 00:27:48.750640 https://mingtaicheng.fang.com/
Logger:2020-03-16 00:27:49.054496 https://hejinglingfeng0750.fang.com/
Logger:2020-03-16 00:27:50.211160 https://jiangyuechenggongyuanli.fang.com/
Logger:2020-03-16 00:27:50.523594 https://binjiangshengyueyx.fang.com/
Logger:2020-03-16 00:27:50.789221 https://gongyuantianjing.fang.com/
Logger:2020-03-16 00:27:51.054383 https://xihaianxhbl.fang.com/
Logger:2020-03-16 00:27:51.382526 https://yuedaoshoufufy.fang.com/
Logger:2020-03-16 00:27:51.663255 https://xinhuibgy.fang.com/
Logger:2020-03-16 00:27:51.976150 https://longyuefubgyzh.fang.com/
Logger:2020-03-16 00:27:52.288317 https://baolizhongxin0750.fang.com/
Logger:2020-03-16 00:27:52.560613 https://heyuehuajinbl.fang.com/
Logger:2020-03-16 00:27:52.841873 https://biguiyuanbinjiangshidai.fang.com/
Logger:2020-03-16 00:27:56.492837 https://jm.newhouse.fang.com/house/s/b92/
Logger:2020-03-16 00:27:56.757687 https://yijingwanjh.fang.com/
Logger:2020-03-16 00:27:57.023976 https://yihaoyuanzlxh.fang.com/
Logger:2020-03-16 00:27:57.351482 https://binjiangtianjibgy.fang.com/
Logger:2020-03-16 00:27:57.672683 https://fenghuangchengjmbgy.fang.com/
Logger:2020-03-16 00:27:57.953867 https://gongyuantianyumd.fang.com/
Logger:2020-03-16 00:27:58.219813 https://wanxianghuafu0750.fang.com/
Logger:2020-03-16 00:27:58.484962 https://huijingwanjf.fang.com/
Logger:2020-03-16 00:27:58.797338 https://donghuaminganyf.fang.com/
Logger:2020-03-16 00:27:59.219500 https://huaqiangguojigongguan0750.fang.com/
Logger:2020-03-16 00:27:59.484973 https://junjingwanlingfeng.fang.com/
Logger:2020-03-16 00:27:59.797103 https://baoliyuefu0750.fang.com/
Logger:2020-03-16 00:28:00.062664 https://tianewan0750.fang.com/
Logger:2020-03-16 00:28:00.359469 https://xingfushanglingxinzhu.fang.com/3/
Logger:2020-03-16 00:28:00.632261 https://145048.fang.com/
Logger:2020-03-16 00:28:00.929066 https://fyyssy0750.fang.com/
Logger:2020-03-16 00:28:01.210668 https://tianjiaobandao.fang.com/
Logger:2020-03-16 00:28:01.475812 https://haiyuetianzhu.fang.com/
Logger:2020-03-16 00:28:01.772617 https://xuhuishuanglongtai.fang.com/
Logger:2020-03-16 00:28:02.038636 https://meidihaitanggongguan.fang.com/
Logger:2020-03-16 00:28:02.304503 https://rxdfhygyf.fang.com/
Logger:2020-03-16 00:28:05.553351 https://jm.newhouse.fang.com/house/s/b93/
Logger:2020-03-16 00:28:05.802915 https://xijianghuafubgy.fang.com/
Logger:2020-03-16 00:28:08.162386 https://yajulemeidiyongyiting.fang.com/
Logger:2020-03-16 00:28:08.396774 https://haochangyuan.fang.com/
Logger:2020-03-16 00:28:10.132164 https://binfenhuiguangchang.fang.com/
Logger:2020-03-16 00:28:10.507075 https://bofumingyuan.fang.com/
Logger:2020-03-16 00:28:10.757720 https://yifuxinfangshengtianrui.fang.com/
Logger:2020-03-16 00:28:11.007529 https://xinhuijunjingwanlingyu.fang.com/
Logger:2020-03-16 00:28:11.273238 https://jiajunhuayuan0750.fang.com/
Logger:2020-03-16 00:28:11.616186 https://yifulanghui.fang.com/
Logger:2020-03-16 00:28:11.866533 https://aoyuangudouwenquanxiaozhen.fang.com/
Logger:2020-03-16 00:28:12.928378 https://145008.fang.com/
Logger:2020-03-16 00:28:13.178746 https://xijiangyufubgyyx.fang.com/
Logger:2020-03-16 00:28:13.490994 https://yujingshanzhuangzj.fang.com/
Logger:2020-03-16 00:28:14.693586 https://gelinchuntian0750.fang.com/
Logger:2020-03-16 00:28:14.990901 https://yujingbandaohd0750.fang.com/
Logger:2020-03-16 00:28:18.283718 https://baolidaduhui.fang.com/
Logger:2020-03-16 00:28:18.579837 https://zuopinyihao.fang.com/
Logger:2020-03-16 00:28:18.877146 https://donghuicheng0750.fang.com/
Logger:2020-03-16 00:28:19.181150 https://laiyinhuating.fang.com/
Logger:2020-03-16 00:28:19.509928 https://mogenguoji0750.fang.com/
Logger:2020-03-16 00:28:23.133052 https://jm.newhouse.fang.com/house/s/b94/
Logger:2020-03-16 00:28:23.398711 https://langqingxintiandi.fang.com/
Logger:2020-03-16 00:28:23.705435 https://diecuifenghj0750.fang.com/
Logger:2020-03-16 00:28:26.383255 https://shangchengjiatai.fang.com/
Logger:2020-03-16 00:28:26.664471 https://haiyuejunting.fang.com/
Logger:2020-03-16 00:28:26.991793 https://lingnanyinxiang0750.fang.com/
Logger:2020-03-16 00:28:27.304952 https://junjingwanpinfeng.fang.com/
Logger:2020-03-16 00:28:29.741628 https://lianhegaofenghui.fang.com/
Logger:2020-03-16 00:28:30.038456 https://haiyilongjing.fang.com/
Logger:2020-03-16 00:28:30.350374 https://nanhuyipinfl.fang.com/
Logger:2020-03-16 00:28:30.631557 https://xinxihuayuan.fang.com/
Logger:2020-03-16 00:28:30.881499 https://nanhuyihaobf.fang.com/
Logger:2020-03-16 00:28:31.210221 https://pajiatushijia.fang.com/
Logger:2020-03-16 00:28:31.506352 https://longchengbanshan.fang.com/
Logger:2020-03-16 00:28:31.803596 https://jinxihuayuanfl0750.fang.com/
Logger:2020-03-16 00:28:33.562238 https://090820.fang.com/
Logger:2020-03-16 00:28:33.891489 https://pajiatuliuli.fang.com/
Logger:2020-03-16 00:28:34.157806 https://yijingyuan20750.fang.com/
Logger:2020-03-16 00:28:34.422612 https://jiahanhuayuan.fang.com/
Logger:2020-03-16 00:28:34.720110 https://hongduxincheng.fang.com/
Logger:2020-03-16 00:28:34.984980 https://bingangyucheng.fang.com/
Logger:2020-03-16 00:28:38.640409 https://jm.newhouse.fang.com/house/s/b95/
Logger:2020-03-16 00:28:38.859400 https://yujinshijiahuayuan.fang.com/
Logger:2020-03-16 00:28:39.156479 https://junhaoguoji0750.fang.com/
Logger:2020-03-16 00:28:41.829978 https://wenhuahaoting0750.fang.com/
Logger:2020-03-16 00:28:42.111286 https://shuangzixingguangchangpjt.fang.com/
Logger:2020-03-16 00:28:43.985855 https://yuerongxuan.fang.com/
Logger:2020-03-16 00:28:44.297521 https://bishuixuan0750.fang.com/
Logger:2020-03-16 00:28:44.563285 https://qianshanxiaozhenhx.fang.com/
Logger:2020-03-16 00:28:44.875556 https://21gongyu.fang.com/
Logger:2020-03-16 00:28:45.141167 https://099784.fang.com/
Logger:2020-03-16 00:28:46.750538 https://hengfuhuafu0750.fang.com/
Logger:2020-03-16 00:28:48.912552 https://yukaimingdu.fang.com/
Logger:2020-03-16 00:28:51.161288 https://baolixihaianbandao.fang.com/
Logger:2020-03-16 00:28:51.443003 https://guifenghuayuan.fang.com/
Logger:2020-03-16 00:28:51.724112 https://dongdiwanhuayuan.fang.com/
Logger:2020-03-16 00:28:53.348272 https://xinchenghuafu0750.fang.com/
Logger:2020-03-16 00:28:53.661292 https://yiconghuayuan.fang.com/
Logger:2020-03-16 00:28:55.663336 https://jianweiguangchang.fang.com/
Logger:2020-03-16 00:28:55.912886 https://longjingyaxuan.fang.com/
Logger:2020-03-16 00:28:56.147664 https://yunjinghuating0750.fang.com/
Logger:2020-03-16 00:28:56.444012 https://jianglinhaian.fang.com/
Logger:2020-03-16 00:28:59.974735 https://jm.newhouse.fang.com/house/s/b96/
Logger:2020-03-16 00:29:00.193434 https://yichengfulongju.fang.com/
Logger:2020-03-16 00:29:00.474618 https://yunshangxitangbl.fang.com/
Logger:2020-03-16 00:29:00.755801 https://yonglixuanpkzm.fang.com/
Logger:2020-03-16 00:29:01.006483 https://shidaiqingcheng0750.fang.com/
Logger:2020-03-16 00:29:01.255944 https://mingmenyihao.fang.com/
Logger:2020-03-16 00:29:03.742330 https://yililonghu.fang.com/
Logger:2020-03-16 00:29:05.552947 https://junhuixiting.fang.com/
Logger:2020-03-16 00:29:05.833469 https://longxixincheng0750.fang.com/
Logger:2020-03-16 00:29:06.099338 https://junhuishangyuan.fang.com/
Logger:2020-03-16 00:29:06.380639 https://shangpinpjt.fang.com/
Logger:2020-03-16 00:29:06.661401 https://xinghaiwanhuating.fang.com/
Logger:2020-03-16 00:29:06.958581 https://chengshimingting.fang.com/
Logger:2020-03-16 00:29:07.254966 https://xinghuwan0750.fang.com/
Logger:2020-03-16 00:29:07.567473 https://xinshijiexhbgyjjw.fang.com/
Logger:2020-03-16 00:29:09.403962 https://dongfangyaju0750.fang.com/
Logger:2020-03-16 00:29:09.700923 https://leyaju.fang.com/
Logger:2020-03-16 00:29:09.997578 https://lingjiangyipin0750.fang.com/
Logger:2020-03-16 00:29:10.262741 https://jinhewanhaoting.fang.com/
Logger:2020-03-16 00:29:13.659524 https://yayishangdu.fang.com/
Logger:2020-03-16 00:29:13.956643 https://yajingzhenyue.fang.com/
Logger:2020-03-16 00:29:17.516315 https://jm.newhouse.fang.com/house/s/b97/
Logger:2020-03-16 00:29:17.710413 https://mingjuehuafu.fang.com/
Logger:2020-03-16 00:29:18.037929 https://heshengyuan0750.fang.com/
Logger:2020-03-16 00:29:18.319156 https://jiangmenshimaoguangchang.fang.com/
Logger:2020-03-16 00:29:18.569229 https://shenghewan0750.fang.com/
Logger:2020-03-16 00:29:20.871671 https://hejingyuan0750.fang.com/
Logger:2020-03-16 00:29:21.122024 https://fengfeiyun.fang.com/
Logger:2020-03-16 00:29:24.259187 https://haiyixingchen.fang.com/
Logger:2020-03-16 00:29:25.672836 https://mingchengshangdu.fang.com/
Logger:2020-03-16 00:29:27.346475 https://yifenghuafu.fang.com/
Logger:2020-03-16 00:29:27.596188 https://xinghuimingtingyx.fang.com/4/
Logger:2020-03-16 00:29:29.070579 https://yajingfuyiyuan.fang.com/
Logger:2020-03-16 00:29:29.320596 https://huijiananwan.fang.com/
Logger:2020-03-16 00:29:29.586410 https://banshanhaotingth.fang.com/
Logger:2020-03-16 00:29:29.836024 https://langyixuan.fang.com/
Logger:2020-03-16 00:29:30.117851 https://shengyueju.fang.com/
Logger:2020-03-16 00:29:30.383214 https://zhongjiaguangchang0750.fang.com/
Logger:2020-03-16 00:29:30.649052 https://weifengguangchang.fang.com/
Logger:2020-03-16 00:29:30.867111 https://kaixuanbao.fang.com/
Logger:2020-03-16 00:29:31.726245 https://gudoudujiagongyu.fang.com/
Logger:2020-03-16 00:29:31.976650 https://lglhsltz.fang.com/
Logger:2020-03-16 00:29:35.625561 https://jm.newhouse.fang.com/house/s/b98/
Logger:2020-03-16 00:29:35.859881 https://yingjunxuan.fang.com/
Logger:2020-03-16 00:29:36.156685 https://pengjiangyuguiyuan.fang.com/
Logger:2020-03-16 00:29:37.725468 https://baolitianhui0750.fang.com/
Logger:2020-03-16 00:29:38.099960 https://jindimingyue0750.fang.com/
Logger:2020-03-16 00:29:38.537787 https://shangchengboyonghui.fang.com/
Logger:2020-03-16 00:29:39.006411 https://071846.fang.com/
Logger:2020-03-16 00:29:39.474634 https://huayinguiyu.fang.com/
Logger:2020-03-16 00:29:39.896409 https://huiqiaoxincheng0750.fang.com/
Logger:2020-03-16 00:29:40.333807 https://yuelongwanty.fang.com/
Logger:2020-03-16 00:29:40.661855 https://jianghaiwandaguangchang.fang.com/
Logger:2020-03-16 00:29:41.068132 https://yangguanglihy0750.fang.com/
Logger:2020-03-16 00:29:41.333572 https://yujunhuayuan.fang.com/
Logger:2020-03-16 00:29:43.536178 https://smbhyh.fang.com/
Logger:2020-03-16 00:29:45.209087 https://miniweigongguanxx.fang.com/
Logger:2020-03-16 00:29:47.927760 https://xinhuiygy.fang.com/
Logger:2020-03-16 00:29:48.192630 https://yilinshanzhuang0750.fang.com/
Logger:2020-03-16 00:29:48.505518 https://shangchengfengjinghuayuan.fang.com/
Logger:2020-03-16 00:29:48.786275 https://aoyuanwaitan.fang.com/
Logger:2020-03-16 00:29:49.036423 https://longshanju0750.fang.com/
Logger:2020-03-16 00:29:49.405323 https://jinzegongguan.fang.com/
Logger:2020-03-16 00:29:53.051799 https://jm.newhouse.fang.com/house/s/b99/
Logger:2020-03-16 00:29:53.271049 https://xinhuiziranju.fang.com/
Logger:2020-03-16 00:29:53.568012 https://binhesiji.fang.com/
Logger:2020-03-16 00:29:53.848485 https://tengjiyuyuan.fang.com/
Logger:2020-03-16 00:29:54.099136 https://qiaoduhui.fang.com/
Logger:2020-03-16 00:29:56.770088 https://shangchengyuxuan.fang.com/
Logger:2020-03-16 00:29:58.409908 https://yilanghuafu.fang.com/
Logger:2020-03-16 00:29:59.707023 https://qianhuicheng0750.fang.com/
Logger:2020-03-16 00:30:01.505578 https://aochenghuayuan0750.fang.com/
Logger:2020-03-16 00:30:01.747739 https://donghoumingcheng.fang.com/
Logger:2020-03-16 00:30:04.355949 https://meijiteguangchangjm.fang.com/
Logger:2020-03-16 00:30:04.684326 https://jinguzhouhuayuan.fang.com/
Logger:2020-03-16 00:30:04.949916 https://145056.fang.com/
Logger:2020-03-16 00:30:05.230674 https://rongtaiyufu.fang.com/
Logger:2020-03-16 00:30:09.408490 https://wenlanhuayuan.fang.com/
Logger:2020-03-16 00:30:13.382211 https://heyaxuan.fang.com/
Logger:2020-03-16 00:30:14.069548 https://xinduhui0750.fang.com/
Logger:2020-03-16 00:30:16.334736 https://jinzelanwan.fang.com/
Logger:2020-03-16 00:30:16.623078 https://guangbohui.fang.com/
Logger:2020-03-16 00:30:18.844493 https://xianglongyaxuan.fang.com/
Logger:2020-03-16 00:30:20.752059 https://yuehaixuan.fang.com/
Logger:2020-03-16 00:30:24.391214 https://jm.newhouse.fang.com/house/s/b910/
Logger:2020-03-16 00:30:26.787120 https://heshengyunshandijing.fang.com/
Logger:2020-03-16 00:30:29.578473 https://jinzeshijia.fang.com/
Logger:2020-03-16 00:30:29.890899 https://qianyujunpo.fang.com/
Logger:2020-03-16 00:30:30.156461 https://zeyaju.fang.com/
Logger:2020-03-16 00:30:30.406403 https://shengjianziyue.fang.com/
Logger:2020-03-16 00:30:32.437173 https://nanhuwan0750.fang.com/
Logger:2020-03-16 00:30:36.079617 https://jm.newhouse.fang.com/house/s/b911/
Logger:2020-03-16 00:30:39.360135 https://jm.newhouse.fang.com/house/s/b912/
Logger:2020-03-16 00:30:42.725017 https://jm.newhouse.fang.com/house/s/b913/
