Logger:2020-03-16 17:09:39.155300 https://jn.newhouse.fang.com/house/s/b91/
Logger:2020-03-16 17:09:39.494391 https://zhonghaiguojishequ0531.fang.com/
Logger:2020-03-16 17:09:40.104874 https://yunshijiehe.fang.com/
Logger:2020-03-16 17:09:40.547689 https://jinanshidaigongguan.fang.com/
Logger:2020-03-16 17:09:41.017433 https://yangliuchunfenglc.fang.com/
Logger:2020-03-16 17:09:41.386494 https://guojibolanchengld0531.fang.com/
Logger:2020-03-16 17:09:41.758773 https://guojichengld0531.fang.com/
Logger:2020-03-16 17:09:42.406038 https://changqinghuzj.fang.com/
Logger:2020-03-16 17:09:42.865418 https://jinmaoshu0531.fang.com/
Logger:2020-03-16 17:09:43.277848 https://huatongyuanld.fang.com/
Logger:2020-03-16 17:09:43.727643 https://dongbushijiechengjz.fang.com/
Logger:2020-03-16 17:09:44.138545 https://lunenggongguanzq.fang.com/
Logger:2020-03-16 17:09:44.556002 https://175789.fang.com/
Logger:2020-03-16 17:09:46.966298 https://jinmaofuat.fang.com/
Logger:2020-03-16 17:09:47.352053 https://lvyoulujinmaofu.fang.com/
Logger:2020-03-16 17:09:47.698151 https://guojinzhongxinldsd.fang.com/
Logger:2020-03-16 17:09:48.234393 https://huahao053e.fang.com/
Logger:2020-03-16 17:09:48.587414 https://xinlichengld0531.fang.com/
Logger:2020-03-16 17:09:49.003850 https://meilihuiln.fang.com/
Logger:2020-03-16 17:09:49.384831 https://xueshanyishujm.fang.com/
Logger:2020-03-16 17:09:49.828290 https://guojizhongxinfx.fang.com/
Logger:2020-03-16 17:09:53.619770 https://jn.newhouse.fang.com/house/s/b92/
Logger:2020-03-16 17:09:54.057643 https://shangchengguojidy.fang.com/
Logger:2020-03-16 17:09:54.449590 https://tianchenwkzr.fang.com/
Logger:2020-03-16 17:09:54.862514 https://175667.fang.com/
Logger:2020-03-16 17:09:55.209236 https://175765.fang.com/
Logger:2020-03-16 17:09:55.535371 https://yuetangfuzr.fang.com/
Logger:2020-03-16 17:09:56.009655 https://chunjiangbianjnlh.fang.com/
Logger:2020-03-16 17:09:56.413602 https://guangchangchangqingfusm.fang.com/
Logger:2020-03-16 17:09:56.721922 https://cuicanshidaism0531.fang.com/
Logger:2020-03-16 17:09:57.087024 https://dongfangbocuijk.fang.com/
Logger:2020-03-16 17:09:57.594762 https://jinbitianxia0531.fang.com/
Logger:2020-03-16 17:09:57.997654 https://zhongjianguoxitai0531.fang.com/
Logger:2020-03-16 17:09:58.732174 https://daxidils.fang.com/2/
Logger:2020-03-16 17:09:59.287297 https://gongyuanjiulihrzd.fang.com/
Logger:2020-03-16 17:09:59.724105 https://jinxiutiandizx.fang.com/
Logger:2020-03-16 17:10:00.264195 https://feicuiyajunzq.fang.com/
Logger:2020-03-16 17:10:00.792320 https://hengdacheng.fang.com/
Logger:2020-03-16 17:10:03.602077 https://rongshenghuafujn.fang.com/
Logger:2020-03-16 17:10:04.001540 https://shanwangwk0531.fang.com/
Logger:2020-03-16 17:10:04.442536 https://jiuxichengyf.fang.com/
Logger:2020-03-16 17:10:04.896086 https://gongyuandadaoth.fang.com/
Logger:2020-03-16 17:10:09.669419 https://jn.newhouse.fang.com/house/s/b93/
Logger:2020-03-16 17:10:10.186788 https://jiuxichengyf.fang.com/
Logger:2020-03-16 17:10:10.763194 https://jiutangfu0531.fang.com/
Logger:2020-03-16 17:10:11.243937 https://yunlugongguanzh0531.fang.com/
Logger:2020-03-16 17:10:11.616905 https://feicuishanyuwk.fang.com/
Logger:2020-03-16 17:10:12.098612 https://tianzhuchunqiuyy0531.fang.com/
Logger:2020-03-16 17:10:12.471614 https://jingyuan0531.fang.com/
Logger:2020-03-16 17:10:12.840216 https://feicuigongyuanwk0531.fang.com/
Logger:2020-03-16 17:10:13.328505 https://hepanchunfenglc.fang.com/
Logger:2020-03-16 17:10:13.743352 https://jiulufuhx.fang.com/
Logger:2020-03-16 17:10:14.113364 https://176007.fang.com/
Logger:2020-03-16 17:10:14.481770 https://jinyuhuafu0531.fang.com/
Logger:2020-03-16 17:10:14.982899 https://shidaizhiguangwk0531.fang.com/
Logger:2020-03-16 17:10:15.344930 https://lingxiuchengmanshanxiangshuln.fang.com/
Logger:2020-03-16 17:10:15.738882 https://xisizhuangyuanls.fang.com/
Logger:2020-03-16 17:10:22.491707 https://taishan7haoln.fang.com/
Logger:2020-03-16 17:10:22.873603 https://daduhuiwk0531.fang.com/
Logger:2020-03-16 17:10:23.216648 https://tianchenjiuhaohx.fang.com/
Logger:2020-03-16 17:10:23.614605 https://haichaohui.fang.com/
Logger:2020-03-16 17:10:28.318543 https://beiwei37.fang.com/
Logger:2020-03-16 17:10:28.654642 https://caihongguhx.fang.com/
Logger:2020-03-16 17:10:33.740828 https://jn.newhouse.fang.com/house/s/b94/
Logger:2020-03-16 17:10:34.145917 https://wandachengjn.fang.com/
Logger:2020-03-16 17:10:34.535874 https://feicuihuatinghd0531.fang.com/
Logger:2020-03-16 17:10:34.904887 https://yonghefuzs0531.fang.com/
Logger:2020-03-16 17:10:35.294946 https://aodong11haolh.fang.com/
Logger:2020-03-16 17:10:35.658027 https://xiangtaicheng.fang.com/
Logger:2020-03-16 17:10:36.049951 https://chunjianglichenglh0531.fang.com/
Logger:2020-03-16 17:10:36.533656 https://zhidiguangchanghr0531.fang.com/2/
Logger:2020-03-16 17:10:36.900965 https://hanmofuhx.fang.com/
Logger:2020-03-16 17:10:37.399706 https://quanxueli.fang.com/
Logger:2020-03-16 17:10:37.826331 https://jindihuazhujn.fang.com/
Logger:2020-03-16 17:10:38.259567 https://jiuliqingchuanjnlh.fang.com/
Logger:2020-03-16 17:10:38.644537 https://175719.fang.com/
Logger:2020-03-16 17:10:39.086901 https://huanlesongld.fang.com/
Logger:2020-03-16 17:10:39.682324 https://jinyulanshanyst.fang.com/
Logger:2020-03-16 17:10:40.085276 https://feiligongguan0531.fang.com/
Logger:2020-03-16 17:10:40.488170 https://motianchengjnsm.fang.com/
Logger:2020-03-16 17:10:40.965220 https://tianboshhx.fang.com/
Logger:2020-03-16 17:10:41.341242 https://fenghuangzhongxinbgy.fang.com/
Logger:2020-03-16 17:10:41.678615 https://jimeitianyuejk0531.fang.com/
Logger:2020-03-16 17:10:42.034633 https://cldfenghuangshoufubgy.fang.com/
Logger:2020-03-16 17:10:46.593477 https://jn.newhouse.fang.com/house/s/b95/
Logger:2020-03-16 17:10:50.019146 https://zhongyinyuyuan.fang.com/
Logger:2020-03-16 17:10:50.320897 https://tianpulh0531.fang.com/
Logger:2020-03-16 17:10:50.668894 https://sanshengguojigongyuan.fang.com/
Logger:2020-03-16 17:10:55.327252 https://weilaichenglg.fang.com/
Logger:2020-03-16 17:10:55.675746 https://zhonghaiyunzhu0531.fang.com/
Logger:2020-03-16 17:10:56.057753 https://bojingwanzj0531.fang.com/
Logger:2020-03-16 17:10:56.487626 https://hongyuehuafusg.fang.com/
Logger:2020-03-16 17:10:56.828030 https://xinlipuyuanld.fang.com/
Logger:2020-03-16 17:10:57.154008 https://shimaoyunjin0531.fang.com/
Logger:2020-03-16 17:10:57.508582 https://zhonghailongwan0531.fang.com/
Logger:2020-03-16 17:10:57.932006 https://shunshanfu.fang.com/
Logger:2020-03-16 17:10:58.296054 https://chuanggulkth.fang.com/
Logger:2020-03-16 17:10:58.616881 https://zhongyinguangchang20531.fang.com/
Logger:2020-03-16 17:10:59.008015 https://hanyuchengjh.fang.com/
Logger:2020-03-16 17:11:00.169348 https://175939.fang.com/
Logger:2020-03-16 17:11:00.521961 https://175593.fang.com/
Logger:2020-03-16 17:11:00.853951 https://dahuazijun.fang.com/
Logger:2020-03-16 17:11:01.366607 https://jinglinyuanzhujnlh.fang.com/
Logger:2020-03-16 17:11:01.689715 https://mingyuefu0531.fang.com/
Logger:2020-03-16 17:11:02.052328 https://yiduguojizt0531.fang.com/
Logger:2020-03-16 17:11:06.272403 https://jn.newhouse.fang.com/house/s/b96/
Logger:2020-03-16 17:11:06.591548 https://rongce.fang.com/
Logger:2020-03-16 17:11:06.902746 https://wanhefu.fang.com/
Logger:2020-03-16 17:11:07.241789 https://gongyuanxuefu0531.fang.com/
Logger:2020-03-16 17:11:07.722588 https://zhongjuntianyu0531.fang.com/
Logger:2020-03-16 17:11:08.058955 https://yiduguojizt0531.fang.com/
Logger:2020-03-16 17:11:08.440901 https://haixinpanshan.fang.com/
Logger:2020-03-16 17:11:08.960045 https://cuicanyuefu.fang.com/
Logger:2020-03-16 17:11:09.299113 https://lashanyuyuanlc.fang.com/
Logger:2020-03-16 17:11:09.699931 https://hongchengguojiguangchang0531.fang.com/
Logger:2020-03-16 17:11:10.077941 https://jiangshanyipin0531.fang.com/
Logger:2020-03-16 17:11:10.468893 https://jinchengyjl0531.fang.com/
Logger:2020-03-16 17:11:10.832562 https://shidaiguangchangjl0531.fang.com/
Logger:2020-03-16 17:11:11.149718 https://shimaotianyue0531.fang.com/
Logger:2020-03-16 17:11:11.504792 https://zhongnanyuefu0531.fang.com/
Logger:2020-03-16 17:11:11.905681 https://baolixiyue0531.fang.com/
Logger:2020-03-16 17:11:12.281803 https://jishuishangyuanbeiqu.fang.com/
Logger:2020-03-16 17:11:12.881845 https://jiadishidaidp.fang.com/
Logger:2020-03-16 17:11:13.286733 https://longquanyihao.fang.com/
Logger:2020-03-16 17:11:13.668710 https://lingxiuezhongxin.fang.com/
Logger:2020-03-16 17:11:13.976465 https://guojixinchengygyb0531.fang.com/
Logger:2020-03-16 17:11:17.935837 https://jn.newhouse.fang.com/house/s/b97/
Logger:2020-03-16 17:11:18.311154 https://taolichunfeng0531.fang.com/
Logger:2020-03-16 17:11:18.664211 https://yijiagongguan0531.fang.com/
Logger:2020-03-16 17:11:18.995325 https://minghucheng0531.fang.com/
Logger:2020-03-16 17:11:19.323951 https://hanyuhaifeng.fang.com/
Logger:2020-03-16 17:11:19.748541 https://yunchuangzhongxinhx.fang.com/
Logger:2020-03-16 17:11:20.089600 https://qiyegongyuand8.fang.com/
Logger:2020-03-16 17:11:20.411730 https://jinanchengjikongjianzhanld.fang.com/
Logger:2020-03-16 17:11:22.701549 https://gouwuguangchangjnyd.fang.com/
Logger:2020-03-16 17:11:23.106491 https://boyuefengxitai.fang.com/
Logger:2020-03-16 17:11:23.449636 https://haipotianrun.fang.com/
Logger:2020-03-16 17:11:23.773909 https://jiulongfuzq.fang.com/
Logger:2020-03-16 17:11:24.218288 https://meilizhichengwkbgy.fang.com/
Logger:2020-03-16 17:11:24.589250 https://gongyuanshangchengshbgy.fang.com/
Logger:2020-03-16 17:11:24.958275 https://yongjingfuzj0531.fang.com/
Logger:2020-03-16 17:11:25.306961 https://yunxitaibgy.fang.com/
Logger:2020-03-16 17:11:27.342890 https://175649.fang.com/
Logger:2020-03-16 17:11:27.648013 https://jinxiuguangchangzj0531.fang.com/
Logger:2020-03-16 17:11:27.935284 https://youshanjnwk.fang.com/
Logger:2020-03-16 17:11:28.283382 https://jiahemingdu0531.fang.com/
Logger:2020-03-16 17:11:28.660307 https://176237.fang.com/
Logger:2020-03-16 17:11:32.301830 https://jn.newhouse.fang.com/house/s/b98/
Logger:2020-03-16 17:11:32.626581 https://175961.fang.com/
Logger:2020-03-16 17:11:35.160860 https://176521.fang.com/
Logger:2020-03-16 17:11:35.604639 https://175991.fang.com/
Logger:2020-03-16 17:11:35.963159 https://qingchengbgy.fang.com/
Logger:2020-03-16 17:11:36.695828 https://huayushiguangzgtj.fang.com/
Logger:2020-03-16 17:11:37.044903 https://kejigongyuanyf.fang.com/
Logger:2020-03-16 17:11:37.329107 https://weilaichengxs0531.fang.com/
Logger:2020-03-16 17:11:37.620798 https://175915.fang.com/
Logger:2020-03-16 17:11:39.983834 https://176041.fang.com/
Logger:2020-03-16 17:11:40.307805 https://guojishengwuchengyf.fang.com/
Logger:2020-03-16 17:11:40.665841 https://zhongxinguojicheng.fang.com/
Logger:2020-03-16 17:11:41.107698 https://yulanhuayuangxlc.fang.com/
Logger:2020-03-16 17:11:41.551329 https://jinxiuhuafu0531.fang.com/
Logger:2020-03-16 17:11:42.013503 https://xitangjiadidp.fang.com/
Logger:2020-03-16 17:11:42.468292 https://binhezuoanhd0531.fang.com/
Logger:2020-03-16 17:11:42.879192 https://huashanlongchengzh.fang.com/
Logger:2020-03-16 17:11:43.294891 https://yinglunlianbanghh.fang.com/
Logger:2020-03-16 17:11:43.697276 https://laimenghuzq.fang.com/
Logger:2020-03-16 17:11:44.146048 https://hengdalongaoyuyuanjn.fang.com/
Logger:2020-03-16 17:11:44.546536 https://shengtaichengnd.fang.com/
Logger:2020-03-16 17:11:47.836985 https://jn.newhouse.fang.com/house/s/b99/
Logger:2020-03-16 17:11:48.170128 https://xinghanchengxhyst.fang.com/
Logger:2020-03-16 17:11:48.514250 https://banshanjuct2.fang.com/
Logger:2020-03-16 17:11:48.872231 https://hengdalvzhoujn.fang.com/
Logger:2020-03-16 17:11:49.296127 https://zhonghaijincheng0531.fang.com/
Logger:2020-03-16 17:11:49.656163 https://lishanyongxiangli.fang.com/
Logger:2020-03-16 17:11:50.052077 https://xiangyihuatingxc.fang.com/
Logger:2020-03-16 17:11:50.390679 https://lvdicheng0531.fang.com/
Logger:2020-03-16 17:11:50.843695 https://xiandaiyichengsg.fang.com/
Logger:2020-03-16 17:11:51.232720 https://lijinggongguanjnygc.fang.com/
Logger:2020-03-16 17:11:51.654592 https://longanzh.fang.com/
Logger:2020-03-16 17:11:52.055519 https://jinkecheng.fang.com/
Logger:2020-03-16 17:11:52.566803 https://jinbixinchenghd0531.fang.com/
Logger:2020-03-16 17:11:53.015593 https://shandajingyuanld.fang.com/
Logger:2020-03-16 17:11:53.361696 https://taiyueshengjing.fang.com/
Logger:2020-03-16 17:11:53.795510 https://xianwenshijiahx.fang.com/
Logger:2020-03-16 17:11:54.185177 https://jinanyuanzith.fang.com/
Logger:2020-03-16 17:11:54.548874 https://lhlhhlwcyysd.fang.com/
Logger:2020-03-16 17:11:54.966655 https://shangchengssqc.fang.com/
Logger:2020-03-16 17:11:55.365120 https://714189.fang.com/
Logger:2020-03-16 17:11:55.784998 https://baibutingzhongguomall.fang.com/
Logger:2020-03-16 17:11:59.555841 https://jn.newhouse.fang.com/house/s/b910/
Logger:2020-03-16 17:12:00.199070 https://caifuyihao0531.fang.com/
Logger:2020-03-16 17:12:00.592651 https://mingyueshanzhuang0531.fang.com/
Logger:2020-03-16 17:12:01.153838 https://zhongtiechengjn.fang.com/
Logger:2020-03-16 17:12:01.594682 https://huarundashahrzx.fang.com/
Logger:2020-03-16 17:12:01.988621 https://dongshanfurc.fang.com/
Logger:2020-03-16 17:12:02.383107 https://wanxiangxintianth.fang.com/
Logger:2020-03-16 17:12:02.999460 https://ruigongguanxhyst.fang.com/
Logger:2020-03-16 17:12:03.332521 https://shanjingshunyuan.fang.com/
Logger:2020-03-16 17:12:04.691726 https://lscctcq.fang.com/
Logger:2020-03-16 17:12:05.043769 https://mengxiangxiaozhenlc.fang.com/
Logger:2020-03-16 17:12:05.385452 https://gongyuanshijirh0531.fang.com/
Logger:2020-03-16 17:12:05.759174 https://jiazhouqicheng.fang.com/
Logger:2020-03-16 17:12:06.206910 https://shijiagongguanxy.fang.com/
Logger:2020-03-16 17:12:06.608834 https://banshanfudizh.fang.com/
Logger:2020-03-16 17:12:06.921037 https://mingdefuzk.fang.com/
Logger:2020-03-16 17:12:07.247925 https://hengdayayuanjn.fang.com/
Logger:2020-03-16 17:12:07.693524 https://jinyuefu0531.fang.com/
Logger:2020-03-16 17:12:09.795496 https://jingyue0531.fang.com/
Logger:2020-03-16 17:12:10.115603 https://jishuibieyuan.fang.com/
Logger:2020-03-16 17:12:11.499901 https://puyuefuss.fang.com/
Logger:2020-03-16 17:12:15.150319 https://jn.newhouse.fang.com/house/s/b911/
Logger:2020-03-16 17:12:17.878132 https://huaxiafudi.fang.com/
Logger:2020-03-16 17:12:18.239260 https://kaixuanmenzh0531.fang.com/
Logger:2020-03-16 17:12:18.606645 https://yuejunfenghuatyxc.fang.com/
Logger:2020-03-16 17:12:18.960231 https://hanyujingu.fang.com/
Logger:2020-03-16 17:12:19.276383 https://qingzhaofurc.fang.com/
Logger:2020-03-16 17:12:19.779037 https://longquanguojiguangchang.fang.com/
Logger:2020-03-16 17:12:20.157875 https://dahualongyue.fang.com/
Logger:2020-03-16 17:12:20.526426 https://zhongyinyayuan.fang.com/
Logger:2020-03-16 17:12:20.958243 https://yuanxiangxigujb.fang.com/
Logger:2020-03-16 17:12:21.478426 https://xinyueguangchang0531.fang.com/
Logger:2020-03-16 17:12:21.857794 https://longyuchenglh0531.fang.com/
Logger:2020-03-16 17:12:22.191900 https://hetangyuesebl.fang.com/
Logger:2020-03-16 17:12:22.539967 https://chengbofurc.fang.com/
Logger:2020-03-16 17:12:22.990291 https://boguanshanyuexhyst.fang.com/
Logger:2020-03-16 17:12:26.067193 https://zhonglufu.fang.com/
Logger:2020-03-16 17:12:26.405318 https://longhutianlang0531.fang.com/
Logger:2020-03-16 17:12:26.776296 https://guanshanyihaoyuan.fang.com/
Logger:2020-03-16 17:12:27.451830 https://zqqsyp.fang.com/
Logger:2020-03-16 17:12:27.793429 https://zhongshunluzhongguoji.fang.com/
Logger:2020-03-16 17:12:28.120551 https://puyuanhx0531.fang.com/
Logger:2020-03-16 17:12:31.869847 https://jn.newhouse.fang.com/house/s/b912/
Logger:2020-03-16 17:12:32.446303 https://hetangyuesebl.fang.com/
Logger:2020-03-16 17:12:32.796486 https://lanshangongguanhe.fang.com/
Logger:2020-03-16 17:12:33.177076 https://xingfuchenghr.fang.com/
Logger:2020-03-16 17:12:34.159464 https://shuxianghuafuzm.fang.com/
Logger:2020-03-16 17:12:34.520499 https://huchengfenghuajd.fang.com/
Logger:2020-03-16 17:12:34.854434 https://zhenghuashuiyuefu.fang.com/
Logger:2020-03-16 17:12:35.171190 https://gaotiecheng.fang.com/
Logger:2020-03-16 17:12:35.590979 https://chengshizhurensq.fang.com/
Logger:2020-03-16 17:12:36.005869 https://fenghuangguoji0531.fang.com/
Logger:2020-03-16 17:12:36.407348 https://fengmingyijingjdyx.fang.com/
Logger:2020-03-16 17:12:36.745066 https://lanyuansdgslc.fang.com/
Logger:2020-03-16 17:12:37.171560 https://ziyutaigh.fang.com/
Logger:2020-03-16 17:12:37.619396 https://nuodemingfu.fang.com/
Logger:2020-03-16 17:12:38.329460 https://hetaiyoushanmeijun.fang.com/
Logger:2020-03-16 17:12:38.728045 https://zhongkechuangxinguangchangbl.fang.com/
Logger:2020-03-16 17:12:39.076113 https://huiqiaocheng.fang.com/
Logger:2020-03-16 17:12:39.563809 https://jinyuemingzhuzt.fang.com/
Logger:2020-03-16 17:12:39.940602 https://yuefengzhongxinwk.fang.com/
Logger:2020-03-16 17:12:40.258263 https://lingxiuchengjnln.fang.com/
Logger:2020-03-16 17:12:40.805800 https://yujingtaizh.fang.com/
Logger:2020-03-16 17:12:45.582883 https://jn.newhouse.fang.com/house/s/b913/
Logger:2020-03-16 17:12:45.954746 https://lingxiuchengjnln.fang.com/
Logger:2020-03-16 17:12:46.402911 https://yujingtaizh.fang.com/
Logger:2020-03-16 17:12:46.804803 https://jinanlanyuanlc.fang.com/
Logger:2020-03-16 17:12:50.371981 https://ronghuicheng0531.fang.com/
Logger:2020-03-16 17:12:50.814797 https://heyueguangchangth.fang.com/
Logger:2020-03-16 17:12:51.243720 https://luzhongshoufuzl.fang.com/
Logger:2020-03-16 17:12:51.627760 https://zilintairhad.fang.com/
Logger:2020-03-16 17:12:52.010736 https://junyifu.fang.com/
Logger:2020-03-16 17:12:52.353819 https://beianxinchengdh.fang.com/
Logger:2020-03-16 17:12:53.581985 https://shuifaheshan.fang.com/
Logger:2020-03-16 17:12:53.941023 https://zhongjianyingyuan.fang.com/
Logger:2020-03-16 17:12:54.402927 https://yuquanwanxy.fang.com/
Logger:2020-03-16 17:12:54.832793 https://xinchenglingyu0531.fang.com/
Logger:2020-03-16 17:12:56.555668 https://huiyuanshouzuo.fang.com/
Logger:2020-03-16 17:12:56.860851 https://zhidiguangchanghr0531.fang.com/
Logger:2020-03-16 17:12:57.198954 https://guofengyuanshusm.fang.com/
Logger:2020-03-16 17:12:57.625805 https://julongguangchanggs.fang.com/
Logger:2020-03-16 17:12:58.034279 https://ronghuiaidu.fang.com/
Logger:2020-03-16 17:12:58.416490 https://huaqiaochengchunshuian.fang.com/
Logger:2020-03-16 17:12:58.769545 https://rongbaoyuyuan.fang.com/
Logger:2020-03-16 17:13:02.200129 https://jn.newhouse.fang.com/house/s/b914/
Logger:2020-03-16 17:13:02.539221 https://shangdongqiyegongguan.fang.com/
Logger:2020-03-16 17:13:02.838421 https://jiaruimingcheng.fang.com/
Logger:2020-03-16 17:13:03.198459 https://jinggeguangchangcxg.fang.com/
Logger:2020-03-16 17:13:04.286857 https://shidaizongbujidi.fang.com/3/
Logger:2020-03-16 17:13:04.572093 https://baoqingxingfuli0531.fang.com/
Logger:2020-03-16 17:13:04.886257 https://stsjzq.fang.com/
Logger:2020-03-16 17:13:07.137648 https://jinmengxuanhuayuan12.fang.com/
Logger:2020-03-16 17:13:07.506644 https://hengdaruicheng.fang.com/
Logger:2020-03-16 17:13:08.490594 https://sanfashanghemingjun.fang.com/
Logger:2020-03-16 17:13:10.293619 https://tianxihedc.fang.com/
Logger:2020-03-16 17:13:10.684615 https://haiyoufuwk.fang.com/
Logger:2020-03-16 17:13:12.540817 https://gongyuan1872zs0531.fang.com/
Logger:2020-03-16 17:13:14.768282 https://175781.fang.com/
Logger:2020-03-16 17:13:15.107052 https://heguangshanyubl.fang.com/
Logger:2020-03-16 17:13:15.515998 https://cbdguangnianlh.fang.com/
Logger:2020-03-16 17:13:15.853097 https://shidaishoufurs.fang.com/
Logger:2020-03-16 17:13:16.209145 https://yangfangshijiahnc.fang.com/
Logger:2020-03-16 17:13:16.550798 https://hualongjinzuold.fang.com/
Logger:2020-03-16 17:13:17.031441 https://wangyuefurc.fang.com/
Logger:2020-03-16 17:13:17.388486 https://junyushijia.fang.com/
Logger:2020-03-16 17:13:21.412875 https://jn.newhouse.fang.com/house/s/b915/
Logger:2020-03-16 17:13:21.734007 https://tianfengyunshu.fang.com/
Logger:2020-03-16 17:13:25.791121 https://hupanyueshanxchc.fang.com/
Logger:2020-03-16 17:13:26.146147 https://daweimingdu.fang.com/
Logger:2020-03-16 17:13:26.498896 https://shangangxintiandi.fang.com/
Logger:2020-03-16 17:13:26.928745 https://boshijingsheld.fang.com/
Logger:2020-03-16 17:13:27.275817 https://shangduoydg.fang.com/
Logger:2020-03-16 17:13:27.618979 https://yinzuoshangzhuzt.fang.com/
Logger:2020-03-16 17:13:27.999340 https://dihuaguangchang.fang.com/
Logger:2020-03-16 17:13:28.337436 https://jinbitianxiahd0531.fang.com/
Logger:2020-03-16 17:13:28.656582 https://fenghuashengjingdy.fang.com/
Logger:2020-03-16 17:13:31.976779 https://shandonggaosulvchengyulanhuayuan.fang.com/
Logger:2020-03-16 17:13:32.311222 https://bgyfhceq.fang.com/
Logger:2020-03-16 17:13:32.669241 https://zhangqiuqljq.fang.com/
Logger:2020-03-16 17:13:33.045236 https://dahuahongjun.fang.com/
Logger:2020-03-16 17:13:33.359395 https://shijixinzw.fang.com/
Logger:2020-03-16 17:13:35.356761 https://huaxinxiandaicheng.fang.com/
Logger:2020-03-16 17:13:35.782622 https://mingdulwhd.fang.com/
Logger:2020-03-16 17:13:36.920850 https://changboshangdu.fang.com/
Logger:2020-03-16 17:13:39.429175 https://dongchenghuayuan20531.fang.com/
Logger:2020-03-16 17:13:39.789325 https://zqtaiwanbuyecheng.fang.com/
Logger:2020-03-16 17:13:43.153929 https://jn.newhouse.fang.com/house/s/b916/
Logger:2020-03-16 17:13:43.480986 https://youmanlizn.fang.com/
Logger:2020-03-16 17:13:43.757202 https://ziyunfujnhrc.fang.com/
Logger:2020-03-16 17:13:44.203970 https://jingheshanzhuang.fang.com/
Logger:2020-03-16 17:13:44.623848 https://bgyfhc1.fang.com/
Logger:2020-03-16 17:13:44.966916 https://taiyuefeicuidaguanbkj.fang.com/
Logger:2020-03-16 17:13:45.341399 https://baijinhangong0531.fang.com/
Logger:2020-03-16 17:13:45.756856 https://baonengchengjn.fang.com/
Logger:2020-03-16 17:13:46.113863 https://zhtyf.fang.com/
Logger:2020-03-16 17:13:48.098563 https://jinhaifuyuansj.fang.com/
Logger:2020-03-16 17:13:48.464557 https://lvchengbaihehuayuanzk.fang.com/
Logger:2020-03-16 17:13:50.964376 https://yiheyuanyd.fang.com/
Logger:2020-03-16 17:13:53.623248 https://jinantanyueygc.fang.com/
Logger:2020-03-16 17:13:53.952366 https://zhongheguangchanglj.fang.com/
Logger:2020-03-16 17:13:54.303419 https://changqingyishu.fang.com/
Logger:2020-03-16 17:13:54.640484 https://jinqiaoguoji.fang.com/
Logger:2020-03-16 17:13:55.033086 https://pujiangshuianwk.fang.com/
Logger:2020-03-16 17:13:55.365223 https://guoyueruifu.fang.com/
Logger:2020-03-16 17:13:55.761375 https://shengjingtaibl.fang.com/
Logger:2020-03-16 17:13:56.086506 https://longyutianchengbn.fang.com/
Logger:2020-03-16 17:13:58.565154 https://175611.fang.com/
Logger:2020-03-16 17:14:02.494776 https://jn.newhouse.fang.com/house/s/b917/
Logger:2020-03-16 17:14:02.959558 https://shangchengzj.fang.com/
Logger:2020-03-16 17:14:03.386391 https://zhhslc.fang.com/
Logger:2020-03-16 17:14:03.716164 https://luzhongkangqiao.fang.com/
Logger:2020-03-16 17:14:04.026628 https://zhongyangguangchangld0531.fang.com/
Logger:2020-03-16 17:14:05.531762 https://mingshiguandi0531.fang.com/
Logger:2020-03-16 17:14:05.864891 https://wendingjiayuan.fang.com/
Logger:2020-03-16 17:14:06.190615 https://xingfulibgy.fang.com/
Logger:2020-03-16 17:14:06.494848 https://lianchengzhongxin.fang.com/
Logger:2020-03-16 17:14:06.855897 https://guangrunsoho.fang.com/
Logger:2020-03-16 17:14:09.142935 https://kaiyuanfu.fang.com/
Logger:2020-03-16 17:14:09.697452 https://zhongyanghuayuanwh0531.fang.com/
Logger:2020-03-16 17:14:10.087641 https://shanshuijunhj.fang.com/
Logger:2020-03-16 17:14:11.556713 https://xijiangyuexs0531.fang.com/
Logger:2020-03-16 17:14:11.903456 https://quanshanshengjing.fang.com/
Logger:2020-03-16 17:14:12.239587 https://dipingluwan.fang.com/
Logger:2020-03-16 17:14:12.594637 https://lvdixinduhui0531.fang.com/
Logger:2020-03-16 17:14:14.490424 https://175929.fang.com/
Logger:2020-03-16 17:14:14.835052 https://175927.fang.com/
Logger:2020-03-16 17:14:15.161132 https://yuqingyuan0531.fang.com/
Logger:2020-03-16 17:14:17.166446 https://wenquanjun.fang.com/
Logger:2020-03-16 17:14:21.673201 https://jn.newhouse.fang.com/house/s/b918/
Logger:2020-03-16 17:14:25.029444 https://wangzugongguan.fang.com/
Logger:2020-03-16 17:14:25.446391 https://hetianxia0634.fang.com/
Logger:2020-03-16 17:14:26.202372 https://junyuhuafulg0531.fang.com/
Logger:2020-03-16 17:14:30.058316 https://tyssgjzq.fang.com/
Logger:2020-03-16 17:14:30.410374 https://shannengzhicheng.fang.com/
Logger:2020-03-16 17:14:30.735504 https://shanyu.fang.com/
Logger:2020-03-16 17:14:31.137468 https://jinxiuhuafuzq0531.fang.com/
Logger:2020-03-16 17:14:31.493625 https://176267.fang.com/
Logger:2020-03-16 17:14:31.877596 https://longshandongyuan.fang.com/
Logger:2020-03-16 17:14:34.296075 https://longshanjinguds.fang.com/
Logger:2020-03-16 17:14:34.707042 https://sdsdsjcyjd.fang.com/
Logger:2020-03-16 17:14:35.045107 https://175607.fang.com/
Logger:2020-03-16 17:14:35.378216 https://yinxiangjinanquanshijie.fang.com/
Logger:2020-03-16 17:14:35.689384 https://zhizaoxiaozhen.fang.com/
Logger:2020-03-16 17:14:36.049925 https://yingshanlinlizhongxin.fang.com/
Logger:2020-03-16 17:14:36.344224 https://cbdzhongxinwk.fang.com/
Logger:2020-03-16 17:14:36.906719 https://ssqcnczq.fang.com/
Logger:2020-03-16 17:14:37.245369 https://jinshuilijing.fang.com/
Logger:2020-03-16 17:14:37.648826 https://lujinzhongxin.fang.com/
Logger:2020-03-16 17:14:38.047759 https://huarunyangshan.fang.com/
Logger:2020-03-16 17:14:41.915883 https://jn.newhouse.fang.com/house/s/b919/
Logger:2020-03-16 17:14:42.231040 https://lujinzhongxin.fang.com/
Logger:2020-03-16 17:14:42.645254 https://huarunyangshan.fang.com/
Logger:2020-03-16 17:14:43.150193 https://jinxiulirhc.fang.com/
Logger:2020-03-16 17:14:43.505243 https://xianwenzhongxinhx.fang.com/
Logger:2020-03-16 17:14:44.258992 https://1757972.fang.com/
Logger:2020-03-16 17:14:44.591143 https://baimaiyuefu.fang.com/
Logger:2020-03-16 17:14:44.931234 https://jianbangzhongxin.fang.com/
Logger:2020-03-16 17:14:45.334472 https://yulongwanls.fang.com/
Logger:2020-03-16 17:14:45.762293 https://yingshanfudi.fang.com/
Logger:2020-03-16 17:14:46.121373 https://wutongyuan0531.fang.com/
Logger:2020-03-16 17:14:46.452189 https://shiguanglilqsd.fang.com/
Logger:2020-03-16 17:14:46.869049 https://lingxiuchenggongyuanshijialn.fang.com/
Logger:2020-03-16 17:14:47.240060 https://laiwuhuangtinggangwan.fang.com/
Logger:2020-03-16 17:14:48.061546 https://huaihaiyushupy.fang.com/
Logger:2020-03-16 17:14:48.459609 https://shengfeizhenshu.fang.com/
Logger:2020-03-16 17:14:48.999150 https://xinlongdijingcheng.fang.com/
Logger:2020-03-16 17:14:49.350241 https://zqyamj.fang.com/
Logger:2020-03-16 17:14:49.708259 https://xinlongshengjingcheng.fang.com/
Logger:2020-03-16 17:14:52.153314 https://zhuoyaxianggelipy.fang.com/
Logger:2020-03-16 17:14:52.433565 https://fenghuangchengzz.fang.com/
Logger:2020-03-16 17:14:56.383872 https://jn.newhouse.fang.com/house/s/b920/
Logger:2020-03-16 17:14:56.789737 https://176219.fang.com/
Logger:2020-03-16 17:14:57.117858 https://guihejinjieln.fang.com/
Logger:2020-03-16 17:14:57.509336 https://sqqnccq.fang.com/
Logger:2020-03-16 17:14:59.474139 https://qingyunshanzhuang0531.fang.com/
Logger:2020-03-16 17:14:59.896009 https://sanqingqishengguangchang.fang.com/
Logger:2020-03-16 17:15:02.203589 https://xintiandizh0531.fang.com/
Logger:2020-03-16 17:15:02.527231 https://dingfengzhongxin.fang.com/
Logger:2020-03-16 17:15:03.010978 https://jiaxingtianchengzhangqiu.fang.com/
Logger:2020-03-16 17:15:03.329085 https://xijinshidaizhongxinxc.fang.com/
Logger:2020-03-16 17:15:03.697906 https://yudusanqitianxiangyuan.fang.com/
Logger:2020-03-16 17:15:04.087544 https://yufenghuayuan0634.fang.com/
Logger:2020-03-16 17:15:05.807000 https://sanjianxuefu.fang.com/
Logger:2020-03-16 17:15:07.332594 https://banghuajixiangju.fang.com/
Logger:2020-03-16 17:15:07.747514 https://ysgdcq.fang.com/
Logger:2020-03-16 17:15:08.092151 https://xiangyangchengsc.fang.com/
Logger:2020-03-16 17:15:08.444167 https://shimaotianjie0531.fang.com/
Logger:2020-03-16 17:15:08.751339 https://fenghuangjieyg1000531.fang.com/
Logger:2020-03-16 17:15:10.398743 https://guojiguangchanghj0531.fang.com/
Logger:2020-03-16 17:15:13.045893 https://laiwushengshihaoting.fang.com/
Logger:2020-03-16 17:15:13.363036 https://cjjxyzq.fang.com/
Logger:2020-03-16 17:15:17.227639 https://jn.newhouse.fang.com/house/s/b921/
Logger:2020-03-16 17:15:17.538876 https://longfengyuan0634.fang.com/
Logger:2020-03-16 17:15:17.901872 https://lcxzzygg.fang.com/
Logger:2020-03-16 17:15:18.190063 https://wanlongguangchangrc.fang.com/
Logger:2020-03-16 17:15:20.009607 https://huagangshijicheng.fang.com/
Logger:2020-03-16 17:15:20.565266 https://debaodasha0634.fang.com/
Logger:2020-03-16 17:15:23.165893 https://ygdzcyy.fang.com/
Logger:2020-03-16 17:15:23.532708 https://zhinengkejichanyeyuanrt.fang.com/
Logger:2020-03-16 17:15:23.805822 https://jinanchanfazhizaogang.fang.com/
Logger:2020-03-16 17:15:24.122011 https://huijinjinrongzhongxinxc.fang.com/
Logger:2020-03-16 17:15:24.409257 https://guotaicaizhiguangchang.fang.com/
Logger:2020-03-16 17:15:24.775458 https://zozzgjqyg.fang.com/
Logger:2020-03-16 17:15:25.125237 https://kuajingdianshangchuangxinguangchang.fang.com/
Logger:2020-03-16 17:15:25.482281 https://shandingdao1hao0531.fang.com/
Logger:2020-03-16 17:15:25.891199 https://zhenyuanadbs.fang.com/
Logger:2020-03-16 17:15:26.263197 https://ruijingyuansj.fang.com/
Logger:2020-03-16 17:15:26.699123 https://zhonghaitianzuan0531.fang.com/
Logger:2020-03-16 17:15:27.043236 https://qilubailaohui.fang.com/
Logger:2020-03-16 17:15:27.410257 https://donghaihuayuan0531.fang.com/
Logger:2020-03-16 17:15:27.824114 https://meilinhuayuansj.fang.com/
Logger:2020-03-16 17:15:29.914966 https://shuianhuating0634.fang.com/
Logger:2020-03-16 17:15:35.370463 https://jn.newhouse.fang.com/house/s/b922/
Logger:2020-03-16 17:15:38.456670 https://tianshengshangfu.fang.com/
Logger:2020-03-16 17:15:38.864572 https://shengtaichenghj.fang.com/
Logger:2020-03-16 17:15:39.186682 https://shanjingyuanbj.fang.com/
Logger:2020-03-16 17:15:39.512818 https://nanhuanguojizhongxinzd.fang.com/
Logger:2020-03-16 17:15:39.797673 https://yihaoyuanhfgj.fang.com/
Logger:2020-03-16 17:15:41.821254 https://xinghecheng0634.fang.com/
Logger:2020-03-16 17:15:42.135423 https://yongdamingzhuhuayuan.fang.com/
Logger:2020-03-16 17:15:42.462567 https://zgtjmsxs1.fang.com/
Logger:2020-03-16 17:15:42.750763 https://zhongyanghuafu0531.fang.com/
Logger:2020-03-16 17:15:43.818573 https://175909.fang.com/
Logger:2020-03-16 17:15:44.191602 https://pangdacheng.fang.com/
Logger:2020-03-16 17:15:46.360337 https://tiantailvcheng.fang.com/
Logger:2020-03-16 17:15:46.733367 https://175917.fang.com/
Logger:2020-03-16 17:15:48.883442 https://rongyu0531.fang.com/
Logger:2020-03-16 17:15:49.208488 https://taihemingdu0531.fang.com/
Logger:2020-03-16 17:15:49.521812 https://mlhdcq.fang.com/
Logger:2020-03-16 17:15:52.367209 https://baolihuayuan0634.fang.com/
Logger:2020-03-16 17:15:53.035898 https://zhangqiulongyuancheng.fang.com/
Logger:2020-03-16 17:15:53.382919 https://176269.fang.com/
Logger:2020-03-16 17:15:53.765938 https://xinshijiqinghuayuan.fang.com/
Logger:2020-03-16 17:15:57.105694 https://jn.newhouse.fang.com/house/s/b923/
Logger:2020-03-16 17:15:58.776748 https://tengyueyuanpy.fang.com/
Logger:2020-03-16 17:16:01.280226 https://shuxiangmeiyu.fang.com/
Logger:2020-03-16 17:16:01.587371 https://jryhyeq.fang.com/
Logger:2020-03-16 17:16:01.916589 https://176527.fang.com/
Logger:2020-03-16 17:16:02.287503 https://shannengdasha.fang.com/
Logger:2020-03-16 17:16:03.718559 https://sdpy.newhouse.fang.com/house/2452803663.htm
Logger:2020-03-16 17:16:04.056643 https://chengjianjingyuan.fang.com/
Logger:2020-03-16 17:16:04.352963 https://wenquanguoji0531.fang.com/
Logger:2020-03-16 17:16:04.685077 https://gangjichengshiguangchang.fang.com/
Logger:2020-03-16 17:16:06.810100 https://wxhycq.fang.com/
Logger:2020-03-16 17:16:07.116247 https://zqghry.fang.com/
Logger:2020-03-16 17:16:07.628162 https://xingyuxuefu.fang.com/
Logger:2020-03-16 17:16:07.941795 https://zqlmhzq.fang.com/
Logger:2020-03-16 17:16:08.299844 https://ruichengguojidasha.fang.com/
Logger:2020-03-16 17:16:08.608014 https://lsj1.fang.com/
Logger:2020-03-16 17:16:08.921175 https://longshanshangyuan0531.fang.com/
Logger:2020-03-16 17:16:09.274796 https://lwyjzq.fang.com/
Logger:2020-03-16 17:16:09.687088 https://176255.fang.com/
Logger:2020-03-16 17:16:10.035162 https://gaosuguangchangsd.fang.com/
Logger:2020-03-16 17:16:10.342346 https://shangyeguangchanglg.fang.com/2/
Logger:2020-03-16 17:16:13.594378 https://jn.newhouse.fang.com/house/s/b924/
Logger:2020-03-16 17:16:13.993346 https://jnwcyscyyjd.fang.com/
Logger:2020-03-16 17:16:15.838294 https://wenshuihuayuan.fang.com/
Logger:2020-03-16 17:16:16.127520 https://lijinghuayuan0634.fang.com/
Logger:2020-03-16 17:16:17.344331 https://lianhecaifuguangchang.fang.com/
Logger:2020-03-16 17:16:17.679437 https://longshanjunzhangqiu.fang.com/
Logger:2020-03-16 17:16:18.703928 https://longxiangguoji0531.fang.com/
Logger:2020-03-16 17:16:21.004076 https://zhangqiutyysy.fang.com/
Logger:2020-03-16 17:16:21.342645 https://longtingxuefuzhangqiu.fang.com/
Logger:2020-03-16 17:16:21.657773 https://lumingyuan.fang.com/
Logger:2020-03-16 17:16:22.012212 https://jinhaijiayuan0364.fang.com/
Logger:2020-03-16 17:16:22.417685 https://176519.fang.com/
Logger:2020-03-16 17:16:22.766750 https://hengdacaifuzhongxinjn.fang.com/
Logger:2020-03-16 17:16:23.080878 https://guanshanyuejg.fang.com/
Logger:2020-03-16 17:16:26.796621 https://haipotianyuanld.fang.com/
Logger:2020-03-16 17:16:27.295330 https://mingzhuhuafu.fang.com/
Logger:2020-03-16 17:16:27.688791 https://changqinghuyuyuanzj.fang.com/
Logger:2020-03-16 17:16:28.142610 https://yuyuanhuafubt.fang.com/
Logger:2020-03-16 17:16:28.622940 https://guojiguangchangsm.fang.com/
Logger:2020-03-16 17:16:29.031208 https://tangyezhongxin.fang.com/
Logger:2020-03-16 17:16:29.346590 https://xinjingdiangh.fang.com/
Logger:2020-03-16 17:16:32.766122 https://jn.newhouse.fang.com/house/s/b925/
Logger:2020-03-16 17:16:33.113616 https://jiuyinglihaoyuan.fang.com/
Logger:2020-03-16 17:16:33.526512 https://baihehuayuanshlc.fang.com/
Logger:2020-03-16 17:16:33.865671 https://longshanjun.fang.com/
Logger:2020-03-16 17:16:34.366824 https://jnlcbhhy.fang.com/
Logger:2020-03-16 17:16:34.719834 https://176271.fang.com/
Logger:2020-03-16 17:16:35.099789 https://chengjianwenyuan.fang.com/
Logger:2020-03-16 17:16:35.439919 https://manchengjinjie.fang.com/
Logger:2020-03-16 17:16:35.974327 https://hupanyouzh.fang.com/
Logger:2020-03-16 17:16:36.357847 https://shanshuiquancheng.fang.com/
Logger:2020-03-16 17:16:36.671967 https://caifushidaiguangchang0531.fang.com/
Logger:2020-03-16 17:16:39.332512 https://hangmenyouyicheng.fang.com/
Logger:2020-03-16 17:16:39.695321 https://dongchenglijing0531.fang.com/
Logger:2020-03-16 17:16:40.630841 https://ruichengfeicuijun.fang.com/
Logger:2020-03-16 17:16:40.973521 https://xinquanchengdasha.fang.com/
Logger:2020-03-16 17:16:41.285293 https://176253.fang.com/
Logger:2020-03-16 17:16:41.685223 https://fuyuezhongxin.fang.com/
Logger:2020-03-16 17:16:42.061247 https://mingshichengjy0531.fang.com/
Logger:2020-03-16 17:16:42.408130 https://chengfaheyuan0634.fang.com/
Logger:2020-03-16 17:16:42.715930 https://wenquangongguan.fang.com/
Logger:2020-03-16 17:16:43.167702 https://minghuguangchang.fang.com/
Logger:2020-03-16 17:16:46.874362 https://jn.newhouse.fang.com/house/s/b926/
Logger:2020-03-16 17:16:47.340145 https://taohuayuanhe0531.fang.com/
Logger:2020-03-16 17:16:47.653277 https://yqsj1.fang.com/
Logger:2020-03-16 17:16:48.145969 https://deruntianxi2.fang.com/
Logger:2020-03-16 17:16:49.012618 https://175933.fang.com/
Logger:2020-03-16 17:16:49.349685 https://shanshuiquanchengtaoranju.fang.com/
Logger:2020-03-16 17:16:51.182231 https://taihejiayuan0634.fang.com/
Logger:2020-03-16 17:16:53.994489 https://724603.fang.com/
Logger:2020-03-16 17:16:54.331591 https://ruichengxinggangwan.fang.com/
Logger:2020-03-16 17:16:54.629826 https://kelagongyujn.fang.com/
Logger:2020-03-16 17:16:56.006740 https://xdfyhj.fang.com/
Logger:2020-03-16 17:16:56.373661 https://longzeyuan0634.fang.com/
Logger:2020-03-16 17:16:56.684885 https://beiyuanxintiandi.fang.com/
Logger:2020-03-16 17:16:57.015004 https://yunquanzhongxin.fang.com/
Logger:2020-03-16 17:16:57.316198 https://cailiaokexuechengfdkc.fang.com/
Logger:2020-03-16 17:16:58.908337 https://fuhuayuan0634.fang.com/
Logger:2020-03-16 17:16:59.279375 https://176511.fang.com/
Logger:2020-03-16 17:16:59.594532 https://shungengzhongxin.fang.com/
Logger:2020-03-16 17:17:00.009455 https://zhongbaixincailiaochanyeyuan.fang.com/
Logger:2020-03-16 17:17:01.515322 https://antaihuafu0634.fang.com/
Logger:2020-03-16 17:17:03.340468 https://yushulinfeng0634.fang.com/
Logger:2020-03-16 17:17:07.021173 https://jn.newhouse.fang.com/house/s/b927/
Logger:2020-03-16 17:17:08.152226 https://futingyujingpy.fang.com/
Logger:2020-03-16 17:17:08.457373 https://lvyedao.fang.com/
Logger:2020-03-16 17:17:08.774567 https://binrunhui.fang.com/
Logger:2020-03-16 17:17:09.163525 https://diequanwanzq.fang.com/
Logger:2020-03-16 17:17:09.523091 https://zklpsjy.fang.com/
Logger:2020-03-16 17:17:09.799357 https://dayouzhongxin.fang.com/
Logger:2020-03-16 17:17:10.833585 https://shuianhaoting0634.fang.com/
Logger:2020-03-16 17:17:11.236581 https://yuebohugc.fang.com/
Logger:2020-03-16 17:17:11.535817 https://175689.fang.com/
Logger:2020-03-16 17:17:11.880216 https://chuangyiguangchangjl.fang.com/
Logger:2020-03-16 17:17:12.182406 https://176265.fang.com/
Logger:2020-03-16 17:17:12.836657 https://yiheyuan0634.fang.com/
Logger:2020-03-16 17:17:14.654057 https://jinqiaohuayuan0634.fang.com/
Logger:2020-03-16 17:17:14.959909 https://mingyueshanzhuang0634.fang.com/
Logger:2020-03-16 17:17:18.580554 https://shuimuqinghuabh.fang.com/
Logger:2020-03-16 17:17:19.029600 https://xiushuijiayuan0634.fang.com/
Logger:2020-03-16 17:17:19.317060 https://zhongqipeijianchengql.fang.com/
Logger:2020-03-16 17:17:19.648175 https://wanheyuan.fang.com/
Logger:2020-03-16 17:17:19.977332 https://jiufangshangyeguangchang.fang.com/
Logger:2020-03-16 17:17:20.274041 https://gangshengdasha.fang.com/
Logger:2020-03-16 17:17:23.874343 https://jn.newhouse.fang.com/house/s/b928/
Logger:2020-03-16 17:17:24.175508 https://laiwuzhuangyuanfu.fang.com/
Logger:2020-03-16 17:17:25.199874 https://chubanzhinengchanyedashasd.fang.com/
Logger:2020-03-16 17:17:25.499137 https://hudieguangchang0531.fang.com/
Logger:2020-03-16 17:17:25.776361 https://jytzgc.fang.com/
Logger:2020-03-16 17:17:27.432114 https://longyuanfudi0634.fang.com/
Logger:2020-03-16 17:17:27.765222 https://wflgg.fang.com/
Logger:2020-03-16 17:17:28.106815 https://shanshuihuayuan0634.fang.com/
Logger:2020-03-16 17:17:29.794125 https://blgjssy.fang.com/
Logger:2020-03-16 17:17:30.115762 https://hongzeyuan0634.fang.com/
Logger:2020-03-16 17:17:32.670862 https://zqdongfengjiayuan.fang.com/
Logger:2020-03-16 17:17:35.330915 https://xianghejiayuan0634.fang.com/
Logger:2020-03-16 17:17:35.622144 https://ruichengmingzuo.fang.com/
Logger:2020-03-16 17:17:35.999086 https://176257.fang.com/
Logger:2020-03-16 17:17:36.324226 https://laiwu.newhouse.fang.com/house/2421181399.htm
Logger:2020-03-16 17:17:36.648355 https://gushijiayuan.fang.com/
Logger:2020-03-16 17:17:36.942531 https://175865.fang.com/
Logger:2020-03-16 17:17:37.544960 https://mingxinyuan0634.fang.com/
Logger:2020-03-16 17:17:37.900010 https://zhuangshijiancaibolanchengsdbh.fang.com/
Logger:2020-03-16 17:17:38.181257 https://deheyuan2.fang.com/
Logger:2020-03-16 17:17:38.475471 https://wenshuihaoting.fang.com/
Logger:2020-03-16 17:17:42.091494 https://jn.newhouse.fang.com/house/s/b929/
Logger:2020-03-16 17:17:42.459765 https://xinyuancr.fang.com/
Logger:2020-03-16 17:17:42.771948 https://haidegongguan0634.fang.com/
Logger:2020-03-16 17:17:43.164404 https://qsjsdj.fang.com/
Logger:2020-03-16 17:17:43.490533 https://shixiangyuan.fang.com/
Logger:2020-03-16 17:17:43.808688 https://wenheyuan.fang.com/
Logger:2020-03-16 17:17:45.676269 https://laiwu.newhouse.fang.com/house/2421181387.htm
Logger:2020-03-16 17:17:45.981454 https://ydzdznkjcyyjn.fang.com/
Logger:2020-03-16 17:17:46.299712 https://ruibangguoji.fang.com/
Logger:2020-03-16 17:17:48.083586 https://laiwu.newhouse.fang.com/house/2421181389.htm
Logger:2020-03-16 17:17:48.389002 https://jiayuanyiju.fang.com/
Logger:2020-03-16 17:17:53.716680 https://jncq.newhouse.fang.com/house/2456834189.htm
Logger:2020-03-16 17:17:54.048909 https://xsrygjsd.fang.com/
Logger:2020-03-16 17:17:54.340159 https://huanyucheng.fang.com/
Logger:2020-03-16 17:17:55.412210 https://wankezhongxinjy.fang.com/
Logger:2020-03-16 17:17:55.725916 https://chuangzhiguhx.fang.com/
Logger:2020-03-16 17:17:56.786447 https://xglldjdycscjn.fang.com/
Logger:2020-03-16 17:17:57.070686 https://shandongshanghuidasha.fang.com/
Logger:2020-03-16 17:17:57.352639 https://xianghengguangchang.fang.com/
Logger:2020-03-16 17:17:57.654920 https://guojicaifuzhongxin0531.fang.com/
Logger:2020-03-16 17:17:57.983047 https://zhonghaiguangchang0531.fang.com/
Logger:2020-03-16 17:18:01.563219 https://jn.newhouse.fang.com/house/s/b930/
Logger:2020-03-16 17:18:05.515079 https://jn.newhouse.fang.com/house/s/b931/
Logger:2020-03-16 17:18:08.993956 https://jn.newhouse.fang.com/house/s/b932/
