Logger:2020-03-16 19:05:34.569739 https://jncq.newhouse.fang.com/house/s/b91/
Logger:2020-03-16 19:05:34.873925 https://yonghefuzs0531.fang.com/
Logger:2020-03-16 19:05:39.134133 https://jinchengyjl0531.fang.com/
Logger:2020-03-16 19:05:39.884645 https://yongjingfuzj0531.fang.com/
Logger:2020-03-16 19:05:40.279591 https://guangchangchangqingfusm.fang.com/
Logger:2020-03-16 19:05:40.626956 https://qingchengbgy.fang.com/
Logger:2020-03-16 19:05:41.042598 https://lijinggongguanjnygc.fang.com/
Logger:2020-03-16 19:05:41.382681 https://lscctcq.fang.com/
Logger:2020-03-16 19:05:43.680176 https://jishuibieyuan.fang.com/
Logger:2020-03-16 19:05:44.115975 https://lanyuansdgslc.fang.com/
Logger:2020-03-16 19:05:44.529513 https://hdlzcq.fang.com/
Logger:2020-03-16 19:05:44.884598 https://zhongjianyingyuan.fang.com/
Logger:2020-03-16 19:05:45.345954 https://tianfengyunshu.fang.com/
Logger:2020-03-16 19:05:45.831175 https://yuqingyuan0531.fang.com/
Logger:2020-03-16 19:05:46.197196 https://dahuahongjun.fang.com/
Logger:2020-03-16 19:05:47.921592 https://zjcqhcq.fang.com/
Logger:2020-03-16 19:05:48.298521 https://changboshangdu.fang.com/
Logger:2020-03-16 19:05:48.641415 https://shengjingtaibl.fang.com/
Logger:2020-03-16 19:05:48.980780 https://shanyu.fang.com/
Logger:2020-03-16 19:05:50.768353 https://hqccq.fang.com/
Logger:2020-03-16 19:05:51.169219 https://yulongwanls.fang.com/
Logger:2020-03-16 19:05:55.462667 https://jncq.newhouse.fang.com/house/s/b92/
Logger:2020-03-16 19:05:56.829546 https://shengfeizhenshu.fang.com/
Logger:2020-03-16 19:05:56.996075 https://sqqnccq.fang.com/
Logger:2020-03-16 19:05:57.346099 https://ysgdcq.fang.com/
Logger:2020-03-16 19:05:57.745674 https://pangdacheng.fang.com/
Logger:2020-03-16 19:05:58.104093 https://jbyxxgcq.fang.com/
Logger:2020-03-16 19:05:58.446252 https://mlhdcq.fang.com/
Logger:2020-03-16 19:05:58.816185 https://gangjichengshiguangchang.fang.com/
Logger:2020-03-16 19:05:59.451769 https://wxhycq.fang.com/
Logger:2020-03-16 19:05:59.783411 https://jnwcyscyyjd.fang.com/
Logger:2020-03-16 19:06:03.518888 https://changqinghuyuyuanzj.fang.com/
Logger:2020-03-16 19:06:04.177127 https://yfggcq.fang.com/
Logger:2020-03-16 19:06:05.597337 https://jncq.newhouse.fang.com/house/2456834189.htm
Logger:2020-03-16 19:06:09.318619 https://jncq.newhouse.fang.com/house/s/b93/
Logger:2020-03-16 19:06:12.818101 https://jncq.newhouse.fang.com/house/s/b94/
Logger:2020-03-16 19:06:16.890400 https://jncq.newhouse.fang.com/house/s/b95/
