Logger:2020-03-16 14:47:34.807982 https://jr.newhouse.fang.com/house/s/b91/
Logger:2020-03-16 14:47:35.072237 https://xinchengyuefujr.fang.com/2/
Logger:2020-03-16 14:47:35.390386 https://ziyuefu0511.fang.com/
Logger:2020-03-16 14:47:35.699559 https://fenghuangchengbgy20511.fang.com/
Logger:2020-03-16 14:47:35.997824 https://jrwuyueguangchan.fang.com/
Logger:2020-03-16 14:47:36.242137 https://bgyjiangnanshijia.fang.com/
Logger:2020-03-16 14:47:41.776329 https://hdwhlyc.fang.com/
Logger:2020-03-16 14:47:42.085475 https://zhongyanghuayuanbgy5.fang.com/
Logger:2020-03-16 14:47:44.252721 https://xiangjianglijing20511.fang.com/
Logger:2020-03-16 14:47:44.523953 https://caihongcheng20511.fang.com/
Logger:2020-03-16 14:47:44.754336 https://hengdayayuan20511.fang.com/
Logger:2020-03-16 14:47:45.056528 https://xinchenyuanshan.fang.com/
Logger:2020-03-16 14:47:45.348788 https://bgylsyz2.fang.com/
Logger:2020-03-16 14:47:45.599076 https://linglongyuewd.fang.com/
Logger:2020-03-16 14:47:45.880350 https://zhongdadongfangjuntingbgy.fang.com/
Logger:2020-03-16 14:47:48.191185 https://wutongshujr.fang.com/
Logger:2020-03-16 14:47:48.428540 https://yitaijie.fang.com/
Logger:2020-03-16 14:47:48.683824 https://dongyuanqinshan.fang.com/
Logger:2020-03-16 14:47:48.941135 https://jinzunfuth0511.fang.com/
Logger:2020-03-16 14:47:49.288208 https://gongyuandaojr.fang.com/
Logger:2020-03-16 14:47:49.562515 https://xiangxiwanjf.fang.com/
Logger:2020-03-16 14:47:52.830731 https://jr.newhouse.fang.com/house/s/b92/
Logger:2020-03-16 14:47:53.096021 https://sujiasahngyeguangchang2015.fang.com/
Logger:2020-03-16 14:47:53.407188 https://jrbgyfchf2.fang.com/
Logger:2020-03-16 14:47:53.747314 https://yudongguoji20511.fang.com/
Logger:2020-03-16 14:47:54.022549 https://xianlincuiguxh.fang.com/
Logger:2020-03-16 14:47:54.312766 https://tongchenshijia.fang.com/
Logger:2020-03-16 14:47:54.646873 https://damo.fang.com/
Logger:2020-03-16 14:47:54.916151 https://shimaohauyuan0511.fang.com/
Logger:2020-03-16 14:47:55.230386 https://hfxz511.fang.com/
Logger:2020-03-16 14:47:55.519570 https://bgybjs2.fang.com/
Logger:2020-03-16 14:47:59.806113 https://sijiyangguangzj2.fang.com/
Logger:2020-03-16 14:48:00.091379 https://yuejingtai20511.fang.com/3/
Logger:2020-03-16 14:48:00.356633 https://puluowangsixiaozhen.fang.com/
Logger:2020-03-16 14:48:00.669790 https://jinkeguantianxia2.fang.com/
Logger:2020-03-16 14:48:00.964016 https://bgysjcb0511.fang.com/
Logger:2020-03-16 14:48:01.247251 https://taidaqingzhujr.fang.com/
Logger:2020-03-16 14:48:01.488569 https://yajulehuayuan0511.fang.com/
Logger:2020-03-16 14:48:01.745957 https://taibeishangshangcheng.fang.com/
Logger:2020-03-16 14:48:02.015203 https://bailifengjingjr.fang.com/
Logger:2020-03-16 14:48:02.310432 https://jinlongyushanshu.fang.com/
Logger:2020-03-16 14:48:02.679414 https://xiangshanyijing0511.fang.com/
Logger:2020-03-16 14:48:06.802362 https://jr.newhouse.fang.com/house/s/b93/
Logger:2020-03-16 14:48:07.075663 https://shangshufangjr.fang.com/
Logger:2020-03-16 14:48:07.402748 https://hongyangshanqing.fang.com/
Logger:2020-03-16 14:48:07.652122 https://yunshanshujl0511.fang.com/
Logger:2020-03-16 14:48:07.905441 https://xianlinguojihc2.fang.com/
Logger:2020-03-16 14:48:08.177676 https://wuxingjiayuanjr.fang.com/
Logger:2020-03-16 14:48:10.601192 https://maoshanwanyihao0511.fang.com/
Logger:2020-03-16 14:48:10.869474 https://yuhuayuanjy.fang.com/3/
Logger:2020-03-16 14:48:11.156705 https://123598.fang.com/
Logger:2020-03-16 14:48:11.391079 https://zhonglianghongyun0511.fang.com/
Logger:2020-03-16 14:48:12.890945 https://jr.newhouse.fang.com/house/1847213202.htm
Logger:2020-03-16 14:48:13.136289 https://boyuehuafubgyjr.fang.com/1/
Logger:2020-03-16 14:48:13.390678 https://daxueyinxiangbgy.fang.com/
Logger:2020-03-16 14:48:13.692838 https://sijijinhui0511.fang.com/
Logger:2020-03-16 14:48:14.014938 https://ajhjhy0511.fang.com/
Logger:2020-03-16 14:48:14.336079 https://feicuilvzhou2.fang.com/
Logger:2020-03-16 14:48:14.592437 https://shidaitianhuibgybl.fang.com/
Logger:2020-03-16 14:48:14.855733 https://xianlinyingxiang.fang.com/
Logger:2020-03-16 14:48:15.130986 https://chenzhongyijing.fang.com/
Logger:2020-03-16 14:48:15.386270 https://taolichunfenglc2.fang.com/
Logger:2020-03-16 14:48:16.397565 https://xiangjianggongguanjr.fang.com/
Logger:2020-03-16 14:48:20.176455 https://jr.newhouse.fang.com/house/s/b94/
Logger:2020-03-16 14:48:20.435801 https://tianyuerongcheng0511.fang.com/
Logger:2020-03-16 14:48:20.736021 https://jr.newhouse.fang.com/house/1846123610.htm
Logger:2020-03-16 14:48:21.063084 https://xldj.fang.com/
Logger:2020-03-16 14:48:23.201364 https://maoshanbandao.fang.com/
Logger:2020-03-16 14:48:23.486666 https://yipintangshanjr.fang.com/
Logger:2020-03-16 14:48:23.793841 https://wanfushanzhuang20511.fang.com/
Logger:2020-03-16 14:48:24.067092 https://jindigelinline.fang.com/
Logger:2020-03-16 14:48:24.322364 https://yilanjun.fang.com/
Logger:2020-03-16 14:48:26.832683 https://gaodezhuangyuan0511.fang.com/
Logger:2020-03-16 14:48:29.083628 https://puluowangsi20511.fang.com/
Logger:2020-03-16 14:48:29.341980 https://baodihuayushu2.fang.com/
Logger:2020-03-16 14:48:29.603245 https://jdhcyj.fang.com/
Logger:2020-03-16 14:48:29.876506 https://jinlinglangtingyz.fang.com/
Logger:2020-03-16 14:48:30.167727 https://dashandijr.fang.com/
Logger:2020-03-16 14:48:30.482909 https://hepanyaju2.fang.com/
Logger:2020-03-16 14:48:30.779134 https://taibeishangshangcheng0511.fang.com/
Logger:2020-03-16 14:48:31.038399 https://wuzhouhuayuan0511.fang.com/
Logger:2020-03-16 14:48:31.390457 https://luwaerjun0511.fang.com/
Logger:2020-03-16 14:48:31.678685 https://yinhezhidu0511.fang.com/
Logger:2020-03-16 14:48:31.969906 https://gexianhuhuayuan.fang.com/
Logger:2020-03-16 14:48:35.943320 https://jr.newhouse.fang.com/house/s/b95/
Logger:2020-03-16 14:48:40.876081 https://chengxingshoufu.fang.com/
Logger:2020-03-16 14:48:41.183302 https://zhonghuayangshengguky.fang.com/
Logger:2020-03-16 14:48:41.435629 https://gaokerongyu0511.fang.com/
Logger:2020-03-16 14:48:41.733812 https://shanhuchengyjl0511.fang.com/
Logger:2020-03-16 14:48:42.010086 https://wandamaojr.fang.com/
Logger:2020-03-16 14:48:42.329220 https://wangdamao0511.fang.com/
Logger:2020-03-16 14:48:47.202201 https://zijingdagongguan.fang.com/
Logger:2020-03-16 14:48:47.488462 https://zhysf.fang.com/
Logger:2020-03-16 14:48:47.741715 https://bgyhdzxdl.fang.com/
Logger:2020-03-16 14:48:48.044903 https://zhaoshangyushansm.fang.com/
Logger:2020-03-16 14:48:48.301217 https://chenshifenjing.fang.com/
Logger:2020-03-16 14:48:48.560524 https://chuangshiji0511.fang.com/
Logger:2020-03-16 14:48:48.812887 https://lsblls.fang.com/
Logger:2020-03-16 14:48:49.113047 https://jiuxiaobieyuan0511.fang.com/
Logger:2020-03-16 14:48:49.370394 https://lsblly.fang.com/
Logger:2020-03-16 14:48:49.623743 https://donghuyayuanjr.fang.com/
Logger:2020-03-16 14:48:49.858053 https://chunfengjiangnanxx.fang.com/
Logger:2020-03-16 14:48:50.151268 https://yunhushanzhuang0511.fang.com/
Logger:2020-03-16 14:48:50.390664 https://qlszgyj0511.fang.com/
Logger:2020-03-16 14:48:50.684841 https://zhuwuyuanms.fang.com/
Logger:2020-03-16 14:48:54.981429 https://jr.newhouse.fang.com/house/s/b96/
Logger:2020-03-16 14:49:08.324651 https://zijingxiangjun.fang.com/
Logger:2020-03-16 14:49:08.628881 https://xiaoguoyuanheyuan.fang.com/
Logger:2020-03-16 14:49:14.103193 https://wkysj.fang.com/
Logger:2020-03-16 14:49:18.542352 https://meidecheng05112.fang.com/
Logger:2020-03-16 14:49:18.788701 https://gongguanstgj.fang.com/
Logger:2020-03-16 14:49:19.324251 https://zhonghaotianlu0511.fang.com/
Logger:2020-03-16 14:49:19.592509 https://aijiashangchengdy.fang.com/4
Logger:2020-03-16 14:49:19.704210 https://znsjyy.fang.com/
Logger:2020-03-16 14:49:19.980470 https://fulishihao0511.fang.com/
Logger:2020-03-16 14:49:20.240774 https://sanweigongyu0511.fang.com/
Logger:2020-03-16 14:49:20.493125 https://yingjunhuafu.fang.com/
Logger:2020-03-16 14:49:21.771678 https://jr.newhouse.fang.com/house/1846123586.htm
Logger:2020-03-16 14:49:23.252760 https://jr.newhouse.fang.com/house/1846123584.htm
Logger:2020-03-16 14:49:23.528978 https://xianlongwan0511.fang.com/
Logger:2020-03-16 14:49:23.774322 https://tangchenghui0511.fang.com/
Logger:2020-03-16 14:49:27.438519 https://jr.newhouse.fang.com/house/s/b97/
Logger:2020-03-16 14:49:30.878366 https://jr.newhouse.fang.com/house/s/b98/
Logger:2020-03-16 14:49:34.464723 https://jr.newhouse.fang.com/house/s/b99/
