Logger:2020-03-16 14:45:39.351857 https://jsfx.newhouse.fang.com/house/s/b91/
Logger:2020-03-16 14:45:39.612116 https://200292.fang.com/
Logger:2020-03-16 14:45:39.883386 https://200078.fang.com/
Logger:2020-03-16 14:45:40.224516 https://200022.fang.com/
Logger:2020-03-16 14:45:40.498783 https://fengmingcheng.fang.com/
Logger:2020-03-16 14:45:40.765065 https://200282.fang.com/
Logger:2020-03-16 14:45:41.074200 https://rongyaoxincheng.fang.com/
Logger:2020-03-16 14:45:41.318583 https://gongyuanyihao051602.fang.com/
Logger:2020-03-16 14:45:41.597844 https://dongfangchuncheng.fang.com/
Logger:2020-03-16 14:45:41.879048 https://fxssmj.fang.com/
Logger:2020-03-16 14:45:42.163287 https://lingxiucheng0516.fang.com/
Logger:2020-03-16 14:45:42.468534 https://jinxiudongcheng0516.fang.com/
Logger:2020-03-16 14:45:45.682871 https://shenhuamingdu.fang.com/
Logger:2020-03-16 14:45:45.960130 https://gaoshengguojihuayuancheng.fang.com/
Logger:2020-03-16 14:45:46.229409 https://fxfcc.fang.com/
Logger:2020-03-16 14:45:46.580507 https://xiangxieli0516.fang.com/
Logger:2020-03-16 14:45:46.829842 https://fengchengdijing.fang.com/
Logger:2020-03-16 14:45:47.086117 https://fxysdjc.fang.com/
Logger:2020-03-16 14:45:47.365387 https://yuruncheng0516.fang.com/
Logger:2020-03-16 14:45:47.675584 https://shenghehanlinhuafu.fang.com/
Logger:2020-03-16 14:45:47.971782 https://mingshixueshiyuan.fang.com/
Logger:2020-03-16 14:45:51.565178 https://jsfx.newhouse.fang.com/house/s/b92/
Logger:2020-03-16 14:45:53.653573 https://huanlechengyiqi.fang.com/
Logger:2020-03-16 14:45:55.856655 https://mingshizijinhuayuan.fang.com/
Logger:2020-03-16 14:45:56.162878 https://fuanpingguojun.fang.com/
Logger:2020-03-16 14:45:56.445124 https://xiushuihuatingms.fang.com/
Logger:2020-03-16 14:45:56.728323 https://huanyubinhelanting.fang.com/
Logger:2020-03-16 14:45:57.003586 https://jindishoufu0516.fang.com/
Logger:2020-03-16 14:45:58.822720 https://mingshixiushuihuating.fang.com/
Logger:2020-03-16 14:45:59.205695 https://fxmeiguiyuan.fang.com/
Logger:2020-03-16 14:45:59.449044 https://taihexuanguanlanjun.fang.com/
Logger:2020-03-16 14:46:02.215682 https://zhongruixingshangcheng.fang.com/
Logger:2020-03-16 14:46:02.614576 https://jingtaijiayuanfx.fang.com/
Logger:2020-03-16 14:46:04.300068 https://huadidiyijiequ.fang.com/
Logger:2020-03-16 14:46:04.561423 https://jsfx.newhouse.fang.com/house/1845202734.htm
Logger:2020-03-16 14:46:07.041733 https://jsfx.newhouse.fang.com/house/1845202730.htm
Logger:2020-03-16 14:46:07.353934 https://fengxianshunhefuminshangyejie.fang.com/
Logger:2020-03-16 14:46:07.626222 https://suluyuwannongmaoshichang.fang.com/
Logger:2020-03-16 14:46:09.850264 https://200100.fang.com/
Logger:2020-03-16 14:46:10.134459 https://200330.fang.com/
Logger:2020-03-16 14:46:10.443638 https://yangguangjiayuan0516.fang.com/
Logger:2020-03-16 14:46:10.713909 https://200114.fang.com/
Logger:2020-03-16 14:46:14.457935 https://jsfx.newhouse.fang.com/house/s/b93/
Logger:2020-03-16 14:46:14.645391 https://200242.fang.com/
Logger:2020-03-16 14:46:16.688967 https://yuhuayuan0516.fang.com/
Logger:2020-03-16 14:46:16.972167 https://hantingshuiyun.fang.com/
Logger:2020-03-16 14:46:18.524016 https://jsfx.newhouse.fang.com/house/1845202726.htm
Logger:2020-03-16 14:46:24.287640 https://jinfengshangcheng.fang.com/
Logger:2020-03-16 14:46:24.586798 https://fengyihuating.fang.com/
Logger:2020-03-16 14:46:24.893054 https://yipinchengbang0516.fang.com/
Logger:2020-03-16 14:46:26.316172 https://guolounongmaoshangcheng.fang.com/
Logger:2020-03-16 14:46:26.617366 https://longhuacheng0516.fang.com/
Logger:2020-03-16 14:46:30.416203 https://jsfx.newhouse.fang.com/house/s/b94/
Logger:2020-03-16 14:46:34.035562 https://jsfx.newhouse.fang.com/house/s/b95/
Logger:2020-03-16 14:46:37.815485 https://jsfx.newhouse.fang.com/house/s/b96/
