Logger:2020-03-16 14:44:36.958720 https://jssn.newhouse.fang.com/house/s/b91/
Logger:2020-03-16 14:44:37.222053 https://jintaishangcheng.fang.com/
Logger:2020-03-16 14:44:37.464398 https://zhljht.fang.com/
Logger:2020-03-16 14:44:37.775534 https://atqhy.fang.com/
Logger:2020-03-16 14:44:38.031848 https://gediaoyipin.fang.com/
Logger:2020-03-16 14:44:38.276195 https://suiningbiguiyuan0516.fang.com/
Logger:2020-03-16 14:44:38.575436 https://tcfjsn.fang.com/
Logger:2020-03-16 14:44:38.837735 https://ljgj0516.fang.com/
Logger:2020-03-16 14:44:39.181773 https://zyfsn.fang.com/
Logger:2020-03-16 14:44:39.472994 https://dongfanglanyuan0516.fang.com/
Logger:2020-03-16 14:44:39.744299 https://meiguiyuan0561.fang.com/
Logger:2020-03-16 14:44:42.822064 https://ningjiangxinbeicheng.fang.com/
Logger:2020-03-16 14:44:45.723273 https://huaxiyuanzhubgy.fang.com/
Logger:2020-03-16 14:44:46.012542 https://lugangxiaozhen0516.fang.com/
Logger:2020-03-16 14:44:46.317683 https://yihaoyuansnzl.fang.com/
Logger:2020-03-16 14:44:49.346618 https://thsjcsn.fang.com/
Logger:2020-03-16 14:44:49.676697 https://xdhhh.fang.com/
Logger:2020-03-16 14:44:49.949990 https://darushijia0516.fang.com/
Logger:2020-03-16 14:44:52.210918 https://shuianhuafusn.fang.com/
Logger:2020-03-16 14:44:52.468271 https://xingkeyinxiang0516.fang.com/
Logger:2020-03-16 14:44:52.743492 https://rkgjcsn.fang.com/
Logger:2020-03-16 14:44:57.990456 https://jssn.newhouse.fang.com/house/s/b92/
Logger:2020-03-16 14:44:58.215853 https://balihaoting0561.fang.com/
Logger:2020-03-16 14:44:58.476157 https://jdgjcsn.fang.com/
Logger:2020-03-16 14:45:00.292298 https://shangduguojisn.fang.com/
Logger:2020-03-16 14:45:03.963478 https://lcgjsn.fang.com/
Logger:2020-03-16 14:45:04.203835 https://xishengyuan0516.fang.com/
Logger:2020-03-16 14:45:04.475109 https://ziweigongguanlc20516.fang.com/
Logger:2020-03-16 14:45:04.824175 https://suiningbalidushi.fang.com/
Logger:2020-03-16 14:45:05.096501 https://dongfangyinjp.fang.com/
Logger:2020-03-16 14:45:05.371748 https://ouzhouchengsn.fang.com/
Logger:2020-03-16 14:45:05.611127 https://runqibinheyuan.fang.com/
Logger:2020-03-16 14:45:05.860460 https://puyuefurh.fang.com/
Logger:2020-03-16 14:45:06.183585 https://wncsjy.fang.com/
Logger:2020-03-16 14:45:06.463789 https://snshuianchengbang.fang.com/
Logger:2020-03-16 14:45:09.535572 https://guanyinguangchangjm.fang.com/
Logger:2020-03-16 14:45:11.997028 https://yhxcxtd.fang.com/
Logger:2020-03-16 14:45:12.292197 https://rcmj.fang.com/
Logger:2020-03-16 14:45:12.646327 https://xfmysn.fang.com/
Logger:2020-03-16 14:45:12.891595 https://guilinguoji0516.fang.com/
Logger:2020-03-16 14:45:13.141966 https://tjmcsn.fang.com/
Logger:2020-03-16 14:45:13.443118 https://baliwujincheng.fang.com/
Logger:2020-03-16 14:45:17.301796 https://jssn.newhouse.fang.com/house/s/b93/
Logger:2020-03-16 14:45:17.498307 https://rysxy.fang.com/
Logger:2020-03-16 14:45:22.889846 https://shengdaguojishimaocheng.fang.com/
Logger:2020-03-16 14:45:23.160166 https://smcjd.fang.com/
Logger:2020-03-16 14:45:23.451344 https://yfytc.fang.com/
Logger:2020-03-16 14:45:23.704704 https://xushahexintiandisn.fang.com/
Logger:2020-03-16 14:45:23.995888 https://nanchengshangpin.fang.com/
Logger:2020-03-16 14:45:24.252238 https://beijingyuansn.fang.com/
Logger:2020-03-16 14:45:24.466708 https://fubangjiadi.fang.com/
Logger:2020-03-16 14:45:28.037123 https://jssn.newhouse.fang.com/house/s/b94/
Logger:2020-03-16 14:45:31.626576 https://jssn.newhouse.fang.com/house/s/b95/
Logger:2020-03-16 14:45:35.164011 https://jssn.newhouse.fang.com/house/s/b96/
