Logger:2020-03-17 00:14:11.515247 https://jx.newhouse.fang.com/house/s/b91/
Logger:2020-03-17 00:14:11.771594 https://chengshizhiguangwk0573.fang.com/
Logger:2020-03-17 00:14:12.041791 https://xinlichengld0573.fang.com/
Logger:2020-03-17 00:14:12.348014 https://huancuiyuanwk.fang.com/
Logger:2020-03-17 00:14:12.601300 https://lxddsh.fang.com/
Logger:2020-03-17 00:14:12.859640 https://xiangxilanyuan0573.fang.com/
Logger:2020-03-17 00:14:13.172765 https://boyuewanwk0573.fang.com/
Logger:2020-03-17 00:14:15.893530 https://manyuewanzn0573.fang.com/
Logger:2020-03-17 00:14:16.177726 https://fanhuadongfucheng2.fang.com/
Logger:2020-03-17 00:14:16.490927 https://yunyuedongfangxpxkqc.fang.com/
Logger:2020-03-17 00:14:16.806083 https://huxixiangsong.fang.com/
Logger:2020-03-17 00:14:17.043442 https://liuxiangyuanlc0573.fang.com/
Logger:2020-03-17 00:14:17.322664 https://tianningyuanzhubgy.fang.com/
Logger:2020-03-17 00:14:17.646840 https://shengshixinxiwanxl.fang.com/
Logger:2020-03-17 00:14:17.975942 https://baihejun.fang.com/
Logger:2020-03-17 00:14:18.267181 https://shanghuxuanjtxs.fang.com/
Logger:2020-03-17 00:14:18.566381 https://weilanbgy.fang.com/
Logger:2020-03-17 00:14:18.897451 https://wuzhenyayuanlc3.fang.com/
Logger:2020-03-17 00:14:19.146785 https://kejichengxiangmujxbgy.fang.com/
Logger:2020-03-17 00:14:19.386184 https://xinyuefuzn.fang.com/
Logger:2020-03-17 00:14:19.648442 https://kongquechengxxt.fang.com/
Logger:2020-03-17 00:14:23.010490 https://jx.newhouse.fang.com/house/s/b92/
Logger:2020-03-17 00:14:23.265808 https://cuicanshidaism.fang.com/
Logger:2020-03-17 00:14:23.542026 https://lanshanyuehs.fang.com/
Logger:2020-03-17 00:14:23.809311 https://zygcld0573.fang.com/
Logger:2020-03-17 00:14:24.113499 https://gongyuanchengshi.fang.com/
Logger:2020-03-17 00:14:24.391796 https://fengjingshangyuanbgy.fang.com/
Logger:2020-03-17 00:14:24.682012 https://zhongyanggongyuanyjljm.fang.com/
Logger:2020-03-17 00:14:25.005112 https://qingshuiwansl.fang.com/
Logger:2020-03-17 00:14:25.264461 https://guangyaochengxh.fang.com/
Logger:2020-03-17 00:14:25.559665 https://xhjmfzrjm.fang.com/
Logger:2020-03-17 00:14:25.846860 https://wankeph.fang.com/
Logger:2020-03-17 00:14:26.161019 https://znzrhsmy.fang.com/
Logger:2020-03-17 00:14:26.414342 https://tcyzlh.fang.com/
Logger:2020-03-17 00:14:26.679671 https://yuntingyajufl.fang.com/
Logger:2020-03-17 00:14:26.912039 https://zyzclh.fang.com/
Logger:2020-03-17 00:14:28.050994 https://chunjiangtianxilh0573.fang.com/
Logger:2020-03-17 00:14:28.325230 https://zhaoqiyunshanfuwk.fang.com/
Logger:2020-03-17 00:14:28.567582 https://jx.newhouse.fang.com/house/2014164276.htm
Logger:2020-03-17 00:14:28.911662 https://weilaicheng0573.fang.com/
Logger:2020-03-17 00:14:29.210861 https://feicuitianyufuwk.fang.com/
Logger:2020-03-17 00:14:31.204570 https://tianchenyuanzhulh0573.fang.com/2/
Logger:2020-03-17 00:14:34.862785 https://jx.newhouse.fang.com/house/s/b93/
Logger:2020-03-17 00:14:35.179893 https://feiliwanygc0573.fang.com/
Logger:2020-03-17 00:14:35.468166 https://cuicantianyuesm.fang.com/
Logger:2020-03-17 00:14:35.762335 https://jiuyuehuafu.fang.com/
Logger:2020-03-17 00:14:36.038596 https://chunfengshililc.fang.com/
Logger:2020-03-17 00:14:36.356786 https://feilifenghua.fang.com/
Logger:2020-03-17 00:14:36.621037 https://feicuitianchenkqc.fang.com/
Logger:2020-03-17 00:14:36.918241 https://yuejunbandaoxczj.fang.com/
Logger:2020-03-17 00:14:39.169263 https://feicuigongguanfc.fang.com/
Logger:2020-03-17 00:14:39.521299 https://zhongduhuating.fang.com/
Logger:2020-03-17 00:14:39.800532 https://dayuefujx.fang.com/
Logger:2020-03-17 00:14:40.088805 https://xitangyuebl.fang.com/
Logger:2020-03-17 00:14:40.351075 https://huayujiangnanzgtj.fang.com/
Logger:2020-03-17 00:14:40.684206 https://hongxiangbaiheyuan0573.fang.com/
Logger:2020-03-17 00:14:40.940546 https://feicuisijijxwk.fang.com/
Logger:2020-03-17 00:14:41.177847 https://xianghuzuoanjxhd.fang.com/
Logger:2020-03-17 00:14:41.493052 https://yuanbaowan.fang.com/
Logger:2020-03-17 00:14:41.817181 https://longrunyicheng.fang.com/
Logger:2020-03-17 00:14:42.065515 https://sijijingyuanjy.fang.com/
Logger:2020-03-17 00:14:44.001337 https://yuejingfuzj.fang.com/
Logger:2020-03-17 00:14:44.287555 https://zcylw0573.fang.com/
Logger:2020-03-17 00:14:48.003587 https://jx.newhouse.fang.com/house/s/b94/
Logger:2020-03-17 00:14:48.236045 https://hupotangsz.fang.com/
Logger:2020-03-17 00:14:48.517215 https://hetangyuelias.fang.com/
Logger:2020-03-17 00:14:48.738701 https://jiulongfulg0573.fang.com/
Logger:2020-03-17 00:14:49.065787 https://domgfangheyuanhk.fang.com/
Logger:2020-03-17 00:14:49.344050 https://xianghuwansl.fang.com/
Logger:2020-03-17 00:14:49.595330 https://xinghanchengxh.fang.com/
Logger:2020-03-17 00:14:49.855671 https://zhongnanwenhefu.fang.com/
Logger:2020-03-17 00:14:50.166801 https://yujingwanhd0573.fang.com/
Logger:2020-03-17 00:14:50.465002 https://jiahejinmaofu.fang.com/
Logger:2020-03-17 00:14:51.910138 https://luqihu0573.fang.com/
Logger:2020-03-17 00:14:52.210334 https://hubinhuayuandz.fang.com/newhouse/
Logger:2020-03-17 00:14:55.153500 https://fengminggongguanbgytx.fang.com/
Logger:2020-03-17 00:14:55.428724 https://jiangnandajinglgxt.fang.com/
Logger:2020-03-17 00:14:55.700996 https://shuiyuexuands.fang.com/
Logger:2020-03-17 00:14:56.002190 https://yunxiwanjd.fang.com/
Logger:2020-03-17 00:14:56.810074 https://jintanglixxw.fang.com/
Logger:2020-03-17 00:14:57.072328 https://linglongwanzy.fang.com/
Logger:2020-03-17 00:14:57.361623 https://sijimeiluzj.fang.com/
Logger:2020-03-17 00:14:59.360209 https://weiwuchenzhangjd.fang.com/
Logger:2020-03-17 00:15:02.494845 https://yunhedagongguan.fang.com/
Logger:2020-03-17 00:15:05.754102 https://jx.newhouse.fang.com/house/s/b95/
Logger:2020-03-17 00:15:06.032357 https://zhongnanlongyuefu2.fang.com/
Logger:2020-03-17 00:15:06.381424 https://taoyuanfuhx.fang.com/
Logger:2020-03-17 00:15:06.663668 https://xinlongfujx.fang.com/
Logger:2020-03-17 00:15:09.265739 https://hailunhuacheng.fang.com/
Logger:2020-03-17 00:15:09.553936 https://jinlinlanwanxxw.fang.com/
Logger:2020-03-17 00:15:09.802272 https://jinshuiwan0573.fang.com/
Logger:2020-03-17 00:15:10.080528 https://pinghuyihaozy.fang.com/
Logger:2020-03-17 00:15:10.320901 https://xihechengpinzt0573.fang.com/
Logger:2020-03-17 00:15:10.606164 https://chunfengjiangnanlc.fang.com/
Logger:2020-03-17 00:15:10.876443 https://fenghejiulilc.fang.com/
Logger:2020-03-17 00:15:11.138740 https://jiayiyuanxgxy.fang.com/
Logger:2020-03-17 00:15:11.411966 https://shengshibandaoxl0573.fang.com/
Logger:2020-03-17 00:15:11.766062 https://shuianmingdihn.fang.com/
Logger:2020-03-17 00:15:12.044317 https://chunfengtaoyuanlc.fang.com/
Logger:2020-03-17 00:15:12.364461 https://wanchengzanyuan.fang.com/
Logger:2020-03-17 00:15:12.636733 https://yupingongguan.fang.com/
Logger:2020-03-17 00:15:12.958829 https://xiuhuxiangyunzl.fang.com/
Logger:2020-03-17 00:15:13.265052 https://guiyudongfangwk.fang.com/
Logger:2020-03-17 00:15:13.536314 https://binhaiyufuhd.fang.com/
Logger:2020-03-17 00:15:16.507387 https://haiyichangzhourchy.fang.com/
Logger:2020-03-17 00:15:20.113731 https://jx.newhouse.fang.com/house/s/b96/
Logger:2020-03-17 00:15:20.359096 https://hlbgl.fang.com/
Logger:2020-03-17 00:15:20.634337 https://haiwanyihaobgy.fang.com/
Logger:2020-03-17 00:15:20.977378 https://lvchenglanyuanwz.fang.com/
Logger:2020-03-17 00:15:21.238725 https://chunjiangtianyue0573.fang.com/
Logger:2020-03-17 00:15:21.514982 https://ronganfutx.fang.com/
Logger:2020-03-17 00:15:21.802171 https://xinchengyuejun0573.fang.com/
Logger:2020-03-17 00:15:22.120320 https://wuyueguangchanghy.fang.com/
Logger:2020-03-17 00:15:22.389642 https://jintangfumh.fang.com/
Logger:2020-03-17 00:15:22.640957 https://feicuimingdiwc.fang.com/
Logger:2020-03-17 00:15:22.905296 https://qiantangyuezt.fang.com/
Logger:2020-03-17 00:15:23.212398 https://zijinshoufufm.fang.com/
Logger:2020-03-17 00:15:23.487705 https://gongyuanyihaolh.fang.com/
Logger:2020-03-17 00:15:26.038862 https://haiyuefenghua.fang.com/
Logger:2020-03-17 00:15:26.314126 https://yunhushililanting.fang.com/
Logger:2020-03-17 00:15:26.620282 https://yangliujunhx.fang.com/
Logger:2020-03-17 00:15:26.847715 https://wanjuanfenghua.fang.com/
Logger:2020-03-17 00:15:30.104996 https://wenxinghuayuanhlb.fang.com/
Logger:2020-03-17 00:15:31.544189 https://menghuanjiashanmdf.fang.com/
Logger:2020-03-17 00:15:35.091619 https://jiangnanyuyuan.fang.com/
Logger:2020-03-17 00:15:37.820320 https://bgyzygy0573.fang.com/
Logger:2020-03-17 00:15:41.408762 https://jx.newhouse.fang.com/house/s/b97/
Logger:2020-03-17 00:15:41.640102 https://jiayuefuxh.fang.com/
Logger:2020-03-17 00:15:41.947281 https://jumizheyuan.fang.com/
Logger:2020-03-17 00:15:42.287369 https://hubingongyudz.fang.com/
Logger:2020-03-17 00:15:42.542724 https://xiangzhanglihx.fang.com/
Logger:2020-03-17 00:15:42.893748 https://guojishequtx.fang.com/
Logger:2020-03-17 00:15:43.260765 https://liuanchunfenghs.fang.com/
Logger:2020-03-17 00:15:43.548995 https://fushengtiandi20573.fang.com/
Logger:2020-03-17 00:15:43.812330 https://jiayuanyouyouxiangzhou.fang.com/
Logger:2020-03-17 00:15:44.135470 https://hupanshoufu.fang.com/
Logger:2020-03-17 00:15:45.999494 https://jintingfudc.fang.com/
Logger:2020-03-17 00:15:46.246798 https://hxhfl0573.fang.com/
Logger:2020-03-17 00:15:46.530056 https://mingyuehuating20573.fang.com/
Logger:2020-03-17 00:15:46.839245 https://bihaichenyuanhjc2.fang.com/
Logger:2020-03-17 00:15:47.084577 https://jinxiuwaitan.fang.com/
Logger:2020-03-17 00:15:47.385773 https://lixiangdadijinghelish.fang.com/
Logger:2020-03-17 00:15:47.635094 https://huayutangzgtj0573.fang.com/
Logger:2020-03-17 00:15:47.933309 https://qiantanglijn.fang.com/
Logger:2020-03-17 00:15:48.196606 https://jiuyuwanlg0573.fang.com/
Logger:2020-03-17 00:15:48.496839 https://xijcpztph.fang.com/
Logger:2020-03-17 00:15:48.774016 https://huaxiyuanzhuzzbgy.fang.com/
Logger:2020-03-17 00:15:52.086156 https://jx.newhouse.fang.com/house/s/b98/
Logger:2020-03-17 00:15:52.345493 https://jimeijiayuejk0573.fang.com/
Logger:2020-03-17 00:15:52.629776 https://wanchengyayuan.fang.com/
Logger:2020-03-17 00:15:52.907003 https://xiangshengguoyuefu.fang.com/
Logger:2020-03-17 00:15:56.978070 https://jiananshoufubgy.fang.com/
Logger:2020-03-17 00:15:57.272283 https://guiyuqiantanglc.fang.com/
Logger:2020-03-17 00:15:57.557559 https://hejingshangfeng.fang.com/
Logger:2020-03-17 00:15:57.849738 https://jiangnanchunxiaohy.fang.com/
Logger:2020-03-17 00:15:58.195811 https://lvchengpuyuan.fang.com/
Logger:2020-03-17 00:15:58.514003 https://hanchenyayuankqc.fang.com/
Logger:2020-03-17 00:15:58.815193 https://jiangnanyuerc.fang.com/
Logger:2020-03-17 00:15:59.161253 https://ronghangfuwd.fang.com/
Logger:2020-03-17 00:15:59.437516 https://jinchenghaoting0573.fang.com/
Logger:2020-03-17 00:15:59.731746 https://jiayuemingdujk.fang.com/
Logger:2020-03-17 00:15:59.990053 https://rongxinlanting0573.fang.com/
Logger:2020-03-17 00:16:00.308204 https://jlsyh.fang.com/
Logger:2020-03-17 00:16:04.253607 https://fenghuaqixuan.fang.com/
Logger:2020-03-17 00:16:04.538843 https://jx.newhouse.fang.com/house/2014164860.htm
Logger:2020-03-17 00:16:04.821129 https://yujingchaoyuan.fang.com/
Logger:2020-03-17 00:16:05.133254 https://heshanyuedd0573.fang.com/
Logger:2020-03-17 00:16:05.417493 https://hongchenyiting.fang.com/
Logger:2020-03-17 00:16:09.092706 https://jx.newhouse.fang.com/house/s/b99/
Logger:2020-03-17 00:16:09.366952 https://haishangmingyuera2.fang.com/
Logger:2020-03-17 00:16:09.753930 https://jiangnanfanhuali.fang.com/
Logger:2020-03-17 00:16:10.047144 https://yinxinglihx.fang.com/
Logger:2020-03-17 00:16:10.325364 https://jixiangdongjun.fang.com/
Logger:2020-03-17 00:16:10.614590 https://wanchengmingzhu.fang.com/
Logger:2020-03-17 00:16:10.915784 https://ygcflha.fang.com/
Logger:2020-03-17 00:16:11.161128 https://yunheyujingbgy.fang.com/
Logger:2020-03-17 00:16:11.438428 https://caihonglids.fang.com/
Logger:2020-03-17 00:16:11.729681 https://hefengqianzhuang.fang.com/
Logger:2020-03-17 00:16:12.032838 https://haiyuefurc.fang.com/
Logger:2020-03-17 00:16:12.323018 https://chunfengjiangnan0573.fang.com/
Logger:2020-03-17 00:16:12.606286 https://yuelanwanhx0573.fang.com/
Logger:2020-03-17 00:16:12.965303 https://rongyuedongfangdf0573.fang.com/
Logger:2020-03-17 00:16:13.238570 https://fenghaungfubgy.fang.com/
Logger:2020-03-17 00:16:13.532785 https://yangguangyunjixh2.fang.com/
Logger:2020-03-17 00:16:13.776175 https://weixingchengksjx.fang.com/
Logger:2020-03-17 00:16:14.084350 https://hongyuefuzn.fang.com/
Logger:2020-03-17 00:16:14.339625 https://qiantangyuyuan.fang.com/
Logger:2020-03-17 00:16:14.611938 https://jiangnangongguanzt2.fang.com/
Logger:2020-03-17 00:16:14.892185 https://fanhualibgy0573.fang.com/
Logger:2020-03-17 00:16:18.548365 https://jx.newhouse.fang.com/house/s/b910/
Logger:2020-03-17 00:16:22.514797 https://deshengfujd.fang.com/
Logger:2020-03-17 00:16:22.921709 https://fenghuasihaijdbgy.fang.com/
Logger:2020-03-17 00:16:23.188952 https://jingjunlantingxc.fang.com/
Logger:2020-03-17 00:16:23.531080 https://jiuyuewanhlb.fang.com/
Logger:2020-03-17 00:16:26.995804 https://longyuefuhx.fang.com/
Logger:2020-03-17 00:16:27.488492 https://xiangfudanght.fang.com/
Logger:2020-03-17 00:16:28.205532 https://chunjianglichenglh0573.fang.com/
Logger:2020-03-17 00:16:28.614455 https://xianghuyinjc.fang.com/
Logger:2020-03-17 00:16:28.892737 https://hjclylc.fang.com/
Logger:2020-03-17 00:16:29.156029 https://xijiangyuebgy0573.fang.com/
Logger:2020-03-17 00:16:29.442261 https://yonghuafuzs0573.fang.com/
Logger:2020-03-17 00:16:29.741465 https://tlcfjy.fang.com/
Logger:2020-03-17 00:16:33.687908 https://haiyunjian0573.fang.com/
Logger:2020-03-17 00:16:33.988100 https://liuanchunfeng.fang.com/
Logger:2020-03-17 00:16:34.261388 https://xiyuefuay.fang.com/
Logger:2020-03-17 00:16:34.585464 https://qiuxuelijd.fang.com/
Logger:2020-03-17 00:16:34.827816 https://xinchengjinyue.fang.com/
Logger:2020-03-17 00:16:35.115048 https://hanghaixuefu.fang.com/
Logger:2020-03-17 00:16:35.418282 https://dongfangjunhx.fang.com/
Logger:2020-03-17 00:16:35.684524 https://chaoqidongfanghjcwk.fang.com/
Logger:2020-03-17 00:16:38.943805 https://jx.newhouse.fang.com/house/s/b911/
Logger:2020-03-17 00:16:39.184204 https://jinyulantingrz.fang.com/
Logger:2020-03-17 00:16:39.470444 https://rongxinlantingqihang.fang.com/
Logger:2020-03-17 00:16:39.801556 https://youyoujingyuan.fang.com/
Logger:2020-03-17 00:16:40.063808 https://guiyujiangnankd.fang.com/
Logger:2020-03-17 00:16:40.443805 https://dongheyuanmm.fang.com/
Logger:2020-03-17 00:16:40.724042 https://feihuyuxigongguan.fang.com/
Logger:2020-03-17 00:16:41.000341 https://hailunguojihlb.fang.com/
Logger:2020-03-17 00:16:45.946072 https://mldhyasyg.fang.com/
Logger:2020-03-17 00:16:46.275192 https://saimiaowanyuleyuanwz.fang.com/
Logger:2020-03-17 00:16:46.561474 https://mingruifuzz.fang.com/
Logger:2020-03-17 00:16:47.002248 https://liuanxiaofengkd.fang.com/
Logger:2020-03-17 00:16:49.627225 https://zhaoshangyongjingwan0573.fang.com/
Logger:2020-03-17 00:16:49.916492 https://chunfengruyilc.fang.com/
Logger:2020-03-17 00:16:53.552725 https://jx.newhouse.fang.com/house/s/b912/
Logger:2020-03-17 00:16:56.987598 https://jx.newhouse.fang.com/house/s/b913/
Logger:2020-03-17 00:17:00.461320 https://jx.newhouse.fang.com/house/s/b914/
