Logger:2020-03-16 15:17:54.745292 https://jxfuzhou.newhouse.fang.com/house/s/b91/
Logger:2020-03-16 15:17:55.118274 https://hengdayufu0794.fang.com/
Logger:2020-03-16 15:17:55.515246 https://baolihuazhangxiangsong.fang.com/
Logger:2020-03-16 15:17:55.923231 https://xlstyjw.fang.com/
Logger:2020-03-16 15:17:56.249829 https://fzxgtlwgc.fang.com/
Logger:2020-03-16 15:17:56.629846 https://zhongaotianyue.fang.com/
Logger:2020-03-16 15:17:56.949955 https://shuofengdacheng.fang.com/
Logger:2020-03-16 15:17:57.415938 https://fuzhouzhongxin.fang.com/
Logger:2020-03-16 15:17:57.746131 https://jinghuafu.fang.com/
Logger:2020-03-16 15:17:58.150080 https://menghuwencheng.fang.com/
Logger:2020-03-16 15:18:01.110023 https://bgylcf.fang.com/
Logger:2020-03-16 15:18:01.527941 https://guangchangbiguiyuan.fang.com/
Logger:2020-03-16 15:18:01.842797 https://linchuanzhongxin.fang.com/
Logger:2020-03-16 15:18:02.223814 https://dangdaicheng0794.fang.com/
Logger:2020-03-16 15:18:02.569922 https://shangxuefu.fang.com/
Logger:2020-03-16 15:18:02.950870 https://biguiyuantianyao.fang.com/
Logger:2020-03-16 15:18:04.632298 https://wenchangzhongxin.fang.com/
Logger:2020-03-16 15:18:04.964444 https://baijinhangong0794.fang.com/
Logger:2020-03-16 15:18:05.365693 https://mingmenshijiara.fang.com/
Logger:2020-03-16 15:18:05.747707 https://henggangwuzhoujiayuan.fang.com/
Logger:2020-03-16 15:18:08.952916 https://xiangxieguojiwz.fang.com/
Logger:2020-03-16 15:18:13.493316 https://jxfuzhou.newhouse.fang.com/house/s/b92/
Logger:2020-03-16 15:18:13.854947 https://crbgy.fang.com/
Logger:2020-03-16 15:18:16.552286 https://menghugongguan.fang.com/
Logger:2020-03-16 15:18:16.940289 https://yxxydh.fang.com/
Logger:2020-03-16 15:18:17.300307 https://raczf.fang.com/
Logger:2020-03-16 15:18:19.182363 https://ayczx.fang.com/
Logger:2020-03-16 15:18:19.530037 https://dxyhy.fang.com/
Logger:2020-03-16 15:18:19.907029 https://linchuanzhongyangcheng.fang.com/
Logger:2020-03-16 15:18:20.249113 https://rdczwqxz.fang.com/
Logger:2020-03-16 15:18:20.653045 https://rushuigongguan.fang.com/
Logger:2020-03-16 15:18:21.032047 https://wlclf.fang.com/
Logger:2020-03-16 15:18:21.434500 https://jfwlc0794.fang.com/
Logger:2020-03-16 15:18:24.512046 https://krjzf.fang.com/
Logger:2020-03-16 15:18:24.855187 https://xiangshengdongfangyue.fang.com/
Logger:2020-03-16 15:18:25.208310 https://flsyj0794.fang.com/
Logger:2020-03-16 15:18:25.589805 https://jinguiyuan0794.fang.com/
Logger:2020-03-16 15:18:25.854091 https://qichechenggdgj.fang.com/
Logger:2020-03-16 15:18:26.210138 https://zhgjnmc.fang.com/
Logger:2020-03-16 15:18:26.519329 https://shuoguoxiaozhen.fang.com/
Logger:2020-03-16 15:18:26.943227 https://waitangongguancx.fang.com/
Logger:2020-03-16 15:18:27.260174 https://hairuixuefu.fang.com/
Logger:2020-03-16 15:18:31.494480 https://jxfuzhou.newhouse.fang.com/house/s/b93/
Logger:2020-03-16 15:18:32.422964 https://bojinshuian.fang.com/
Logger:2020-03-16 15:18:32.813490 https://mhssc.fang.com/
Logger:2020-03-16 15:18:33.170468 https://shuoguoshidai.fang.com/
Logger:2020-03-16 15:18:33.697127 https://gongyuanyipan.fang.com/
Logger:2020-03-16 15:18:34.056604 https://boaoxuefu.fang.com/
Logger:2020-03-16 15:18:36.476914 https://dongfangjincheng0794.fang.com/
Logger:2020-03-16 15:18:36.809575 https://chengxiangwaitangongguan.fang.com/
Logger:2020-03-16 15:18:37.143833 https://leanfhc.fang.com/
Logger:2020-03-16 15:18:37.444793 https://lalzy.fang.com/
Logger:2020-03-16 15:18:38.363305 https://jinyuancaifuguangchang0794.fang.com/
Logger:2020-03-16 15:18:38.731724 https://kaixuanchengjt.fang.com/
Logger:2020-03-16 15:18:39.089760 https://hongjimingshijiayuan.fang.com/
Logger:2020-03-16 15:18:39.428582 https://lizibao.fang.com/
Logger:2020-03-16 15:18:40.640597 https://lczyxc.fang.com/
Logger:2020-03-16 15:18:41.058356 https://jfygc0794.fang.com/
Logger:2020-03-16 15:18:41.374512 https://xuefuzhongyang0794.fang.com/
Logger:2020-03-16 15:18:41.713604 https://chongrenmingmenxuefu.fang.com/
Logger:2020-03-16 15:18:44.065866 https://hanjingyuan0794.fang.com/
Logger:2020-03-16 15:18:46.761345 https://longjinli2.fang.com/
Logger:2020-03-16 15:18:47.078503 https://zhongchenaosika2.fang.com/
Logger:2020-03-16 15:18:51.593461 https://jxfuzhou.newhouse.fang.com/house/s/b94/
Logger:2020-03-16 15:18:51.935506 https://hanlinshijia0794.fang.com/
Logger:2020-03-16 15:18:52.251742 https://qinghuayuan0794.fang.com/
Logger:2020-03-16 15:18:52.655192 https://chengshizhixing0794.fang.com/
Logger:2020-03-16 15:18:52.981845 https://chabocheng.fang.com/
Logger:2020-03-16 15:18:53.313964 https://xuefutiancheng.fang.com/
Logger:2020-03-16 15:18:53.666962 https://wenchangxuefu.fang.com/
Logger:2020-03-16 15:18:54.055564 https://linghangguomaoshangyezhongxin.fang.com/
Logger:2020-03-16 15:18:54.369717 https://shanlinmeishu.fang.com/
Logger:2020-03-16 15:18:58.220483 https://jxfuzhou.newhouse.fang.com/house/s/b95/
Logger:2020-03-16 15:19:01.869198 https://jxfuzhou.newhouse.fang.com/house/s/b96/
Logger:2020-03-16 15:19:05.500436 https://jxfuzhou.newhouse.fang.com/house/s/b97/
