Logger:2020-03-16 14:38:14.137826 https://jy.newhouse.fang.com/house/s/b91/
Logger:2020-03-16 14:38:14.399128 https://biguiyuanfeicuiwan0510.fang.com/
Logger:2020-03-16 14:38:14.738256 https://binjiangyihaoly.fang.com/
Logger:2020-03-16 14:38:15.045456 https://yunheshijia.fang.com/
Logger:2020-03-16 14:38:15.367568 https://hongyangxinyuefu.fang.com/
Logger:2020-03-16 14:38:15.710619 https://laidunxiaozhenbgy.fang.com/
Logger:2020-03-16 14:38:16.023781 https://shidaiduhuiwk.fang.com/
Logger:2020-03-16 14:38:18.480238 https://hengdayuefu0510.fang.com/
Logger:2020-03-16 14:38:18.839250 https://xingheguoji0510.fang.com/
Logger:2020-03-16 14:38:19.144479 https://yushantaoyuanrc.fang.com/
Logger:2020-03-16 14:38:19.469583 https://jinyutianxia.fang.com/2/
Logger:2020-03-16 14:38:19.738843 https://langshiweilaijiequ.fang.com/
Logger:2020-03-16 14:38:20.040077 https://lvdixianggangdaikaifa.fang.com/
Logger:2020-03-16 14:38:20.342229 https://xuhuigongyuan0510.fang.com/
Logger:2020-03-16 14:38:20.660378 https://tangyuejinyuanhy.fang.com/
Logger:2020-03-16 14:38:20.953668 https://weilanbinjiang.fang.com/
Logger:2020-03-16 14:38:23.096860 https://zhongliangyihaogongguanjy.fang.com/
Logger:2020-03-16 14:38:23.431963 https://danguiyuanhpzd.fang.com/
Logger:2020-03-16 14:38:23.714208 https://yingtianshoufuzl.fang.com/
Logger:2020-03-16 14:38:23.991490 https://zhongnanyuefu0510.fang.com/
Logger:2020-03-16 14:38:24.263738 https://longchengfudi0510.fang.com/
Logger:2020-03-16 14:38:27.844211 https://jy.newhouse.fang.com/house/s/b92/
Logger:2020-03-16 14:38:28.105503 https://hengdayujing0510.fang.com/
Logger:2020-03-16 14:38:28.418623 https://yinchengchangjiangfu2.fang.com/
Logger:2020-03-16 14:38:28.730788 https://shimaoyulongwan.fang.com/
Logger:2020-03-16 14:38:29.052926 https://zhongqishangcheng.fang.com/
Logger:2020-03-16 14:38:30.894002 https://zuanshiguangchang0510.fang.com/
Logger:2020-03-16 14:38:31.195236 https://yihaoyuanzhongliang.fang.com/
Logger:2020-03-16 14:38:31.489408 https://tianyuefucj.fang.com/
Logger:2020-03-16 14:38:31.780672 https://mdfwhcycyy.fang.com/
Logger:2020-03-16 14:38:32.147685 https://hengdadijing0510.fang.com/
Logger:2020-03-16 14:38:32.431887 https://jiufangcheng0510.fang.com/
Logger:2020-03-16 14:38:32.708148 https://bailuwanbgy.fang.com/
Logger:2020-03-16 14:38:33.039262 https://yunhulanshan0510.fang.com/
Logger:2020-03-16 14:38:33.370376 https://fenghuangkaixuanmenguangchang.fang.com/
Logger:2020-03-16 14:38:33.665626 https://chengjiangfuxh.fang.com/
Logger:2020-03-16 14:38:33.955811 https://jiangnanyuyuanjy.fang.com/
Logger:2020-03-16 14:38:34.300887 https://feicuihuatinghd0510.fang.com/
Logger:2020-03-16 14:38:36.291562 https://ruimingfu.fang.com/
Logger:2020-03-16 14:38:36.562878 https://zhongyanghuafu0510.fang.com/
Logger:2020-03-16 14:38:36.837102 https://yifangcheng.fang.com/
Logger:2020-03-16 14:38:37.134313 https://yulongfucj.fang.com/
Logger:2020-03-16 14:38:40.868317 https://jy.newhouse.fang.com/house/s/b93/
Logger:2020-03-16 14:38:41.146609 https://yimaoshoufu.fang.com/
Logger:2020-03-16 14:38:41.434802 https://waitanmingmenjy.fang.com/
Logger:2020-03-16 14:38:41.751983 https://hongqiaogongyuanli.fang.com/
Logger:2020-03-16 14:38:42.035259 https://guobinfuzl0510.fang.com/
Logger:2020-03-16 14:38:42.308503 https://chengshijiayuanys.fang.com/
Logger:2020-03-16 14:38:42.590710 https://shuipanlanting.fang.com/
Logger:2020-03-16 14:38:42.945761 https://shangdonghuayuan0510.fang.com/
Logger:2020-03-16 14:38:43.245004 https://xiangjianghuafu0510.fang.com/
Logger:2020-03-16 14:38:43.601008 https://jiyangfubgy.fang.com/
Logger:2020-03-16 14:38:43.922148 https://yswhy.fang.com/
Logger:2020-03-16 14:38:44.185486 https://chengyangyihaord.fang.com/
Logger:2020-03-16 14:38:44.470724 https://biguiyuanyuxijy.fang.com/
Logger:2020-03-16 14:38:44.806824 https://ygjrhy.fang.com/
Logger:2020-03-16 14:38:45.147869 https://yuhuwanlh0510.fang.com/
Logger:2020-03-16 14:38:49.252921 https://yangzihuadu.fang.com/
Logger:2020-03-16 14:38:52.107252 https://jinyuan0510.fang.com/
Logger:2020-03-16 14:38:52.642862 https://ruifu.fang.com/
Logger:2020-03-16 14:38:52.970983 https://danfuchuncheng.fang.com/
Logger:2020-03-16 14:38:53.285144 https://jinchenguojihuayuan.fang.com/
Logger:2020-03-16 14:38:53.617243 https://yulangongguan0510.fang.com/
Logger:2020-03-16 14:38:57.135843 https://jy.newhouse.fang.com/house/s/b94/
Logger:2020-03-16 14:38:57.587592 https://cangpinyushanwan.fang.com/
Logger:2020-03-16 14:38:57.899795 https://honggangwanch.fang.com/
Logger:2020-03-16 14:38:58.158065 https://1234742.fang.com/
Logger:2020-03-16 14:38:58.468274 https://huifengyuan0510.fang.com/
Logger:2020-03-16 14:38:58.792368 https://jinchenxiyuanmh.fang.com/
Logger:2020-03-16 14:38:59.081629 https://xiujiangnancx.fang.com/
Logger:2020-03-16 14:39:01.326589 https://xinhuwanhphy.fang.com/
Logger:2020-03-16 14:39:01.648747 https://wandaguangchangjy0510.fang.com/
Logger:2020-03-16 14:39:02.053681 https://shuxiangmendi2.fang.com/
Logger:2020-03-16 14:39:02.369798 https://aijiamingdi.fang.com/
Logger:2020-03-16 14:39:02.669079 https://yinglunshangjun.fang.com/
Logger:2020-03-16 14:39:02.985215 https://jingyanghuafugongyuanli.fang.com/
Logger:2020-03-16 14:39:03.369126 https://wuzhouguojiguangchang.fang.com/
Logger:2020-03-16 14:39:03.703232 https://pinzunmingdi.fang.com/
Logger:2020-03-16 14:39:04.038335 https://lijinghuayuan4.fang.com/
Logger:2020-03-16 14:39:04.381455 https://nanfangjingyuan.fang.com/
Logger:2020-03-16 14:39:04.672708 https://zhongjianghuating.fang.com/
Logger:2020-03-16 14:39:05.638055 https://donghengjiayuan.fang.com/
Logger:2020-03-16 14:39:05.939250 https://hongjiguoji.fang.com/
Logger:2020-03-16 14:39:06.312252 https://jiangyincaifuguoji.fang.com/
Logger:2020-03-16 14:39:09.979440 https://jy.newhouse.fang.com/house/s/b95/
Logger:2020-03-16 14:39:10.252750 https://jianianhuachengshiguangchang0510.fang.com/
Logger:2020-03-16 14:39:10.585820 https://huangshanhuyihao.fang.com/
Logger:2020-03-16 14:39:10.893995 https://yunhegongyuanxh.fang.com/
Logger:2020-03-16 14:39:11.220184 https://shangchengguoji0510.fang.com/
Logger:2020-03-16 14:39:11.481423 https://yuefulantingdy.fang.com/
Logger:2020-03-16 14:39:11.842495 https://shijixuefubgy.fang.com/
Logger:2020-03-16 14:39:12.169582 https://biguiyuanfenghuanggongguan.fang.com/
Logger:2020-03-16 14:39:12.461837 https://luchengshuian.fang.com/
Logger:2020-03-16 14:39:12.751027 https://yushanhupandeyuanzi.fang.com/
Logger:2020-03-16 14:39:13.011331 https://xiangzhanggongguan0510.fang.com/
Logger:2020-03-16 14:39:15.971412 https://jinpan.fang.com/
Logger:2020-03-16 14:39:16.238733 https://zhongyanggongyuanhh0510.fang.com/
Logger:2020-03-16 14:39:16.489089 https://jingangfujingyuan.fang.com/
Logger:2020-03-16 14:39:16.777256 https://boyuetianjing.fang.com/
Logger:2020-03-16 14:39:17.023598 https://honglinxinju.fang.com/
Logger:2020-03-16 14:39:17.401628 https://huangshanhuadu.fang.com/
Logger:2020-03-16 14:39:17.701821 https://changjiangwanyuecheng.fang.com/
Logger:2020-03-16 14:39:18.129681 https://shanwanshuixie.fang.com/
Logger:2020-03-16 14:39:18.435862 https://haitangwanhuayuan.fang.com/
Logger:2020-03-16 14:39:19.401236 https://taihejiangnan.fang.com/
Logger:2020-03-16 14:39:22.942806 https://jy.newhouse.fang.com/house/s/b96/
Logger:2020-03-16 14:39:23.225053 https://panlongwan.fang.com/
Logger:2020-03-16 14:39:23.548183 https://nanmendikuaihj.fang.com/
Logger:2020-03-16 14:39:23.830387 https://xingfuli0510.fang.com/
Logger:2020-03-16 14:39:24.148536 https://senmaoqichewenhuacheng.fang.com/
Logger:2020-03-16 14:39:24.406886 https://shanghaihuayuan0510.fang.com/
Logger:2020-03-16 14:39:24.735000 https://longtinghuayuan0510.fang.com/
Logger:2020-03-16 14:39:28.069091 https://changjiangyuyuan.fang.com/
Logger:2020-03-16 14:39:28.356280 https://aijiazundi.fang.com/
Logger:2020-03-16 14:39:28.658514 https://yushanlingxiu.fang.com/
Logger:2020-03-16 14:39:30.782792 https://xitingjiayuan.fang.com/
Logger:2020-03-16 14:39:32.937057 https://yipincheng.fang.com/
Logger:2020-03-16 14:39:33.252184 https://huangshanhugongguan.fang.com/
Logger:2020-03-16 14:39:33.552380 https://haiancheng.fang.com/
Logger:2020-03-16 14:39:33.878543 https://yupinshanghaihui.fang.com/
Logger:2020-03-16 14:39:34.160752 https://xintiandich.fang.com/
Logger:2020-03-16 14:39:34.460032 https://tiananchengshihuayuanjy.fang.com/
Logger:2020-03-16 14:39:36.867511 https://linghangchengzjn.fang.com/
Logger:2020-03-16 14:39:37.271431 https://xiangtibandao0510.fang.com/
Logger:2020-03-16 14:39:37.567680 https://chengxingguangchang.fang.com/
Logger:2020-03-16 14:39:37.846929 https://xxhmy.fang.com/
Logger:2020-03-16 14:39:41.144073 https://jy.newhouse.fang.com/house/s/b97/
Logger:2020-03-16 14:39:41.387420 https://chuangzhihongjiajy.fang.com/
Logger:2020-03-16 14:39:41.676646 https://huayuanyangfangjf.fang.com/
Logger:2020-03-16 14:39:41.982901 https://yidunxiaozhen0510.fang.com/
Logger:2020-03-16 14:39:43.351209 https://jy.newhouse.fang.com/house/1829837618.htm
Logger:2020-03-16 14:39:46.650341 https://shanshuilucheng.fang.com/
Logger:2020-03-16 14:39:48.929245 https://jy.newhouse.fang.com/house/1829874796.htm
Logger:2020-03-16 14:39:49.219504 https://xinmeiyuxiangshan.fang.com/
Logger:2020-03-16 14:39:50.531995 https://jy.newhouse.fang.com/house/1829855860.htm
Logger:2020-03-16 14:39:50.825172 https://jiantaoyuhuayuan.fang.com/
Logger:2020-03-16 14:39:51.075579 https://moergongguan0510.fang.com/
Logger:2020-03-16 14:39:51.345815 https://tiananshumachengjy.fang.com/
Logger:2020-03-16 14:39:51.679886 https://zhongaotianyue0510.fang.com/
Logger:2020-03-16 14:39:53.958790 https://jy.newhouse.fang.com/house/1829715338.htm
Logger:2020-03-16 14:39:54.243029 https://xuefuyihaohs.fang.com/
Logger:2020-03-16 14:39:54.510356 https://waitanxinzuan.fang.com/
Logger:2020-03-16 14:39:54.821514 https://xianhuayuan0510.fang.com/
Logger:2020-03-16 14:39:55.079826 https://hailancaifuzhongxin.fang.com/
Logger:2020-03-16 14:39:55.356052 https://dongfangguanchang0510.fang.com/
Logger:2020-03-16 14:39:55.667218 https://chuangkekongjiandasha.fang.com/
Logger:2020-03-16 14:39:55.968441 https://mingtaiyunding.fang.com/
Logger:2020-03-16 14:39:59.464087 https://jy.newhouse.fang.com/house/s/b98/
Logger:2020-03-16 14:40:03.139272 https://jy.newhouse.fang.com/house/1829715590.htm
Logger:2020-03-16 14:40:03.404521 https://shuimuqinghua0510.fang.com/
Logger:2020-03-16 14:40:05.068113 https://jy.newhouse.fang.com/house/1829715620.htm
Logger:2020-03-16 14:40:05.404170 https://yueshishangxcj.fang.com/
Logger:2020-03-16 14:40:08.461991 https://jy.newhouse.fang.com/house/1829715260.htm
Logger:2020-03-16 14:40:10.855630 https://ganglongshangyeguangchang.fang.com/
Logger:2020-03-16 14:40:14.682351 https://jy.newhouse.fang.com/house/s/b99/
Logger:2020-03-16 14:40:18.190011 https://jy.newhouse.fang.com/house/s/b910/
Logger:2020-03-16 14:40:23.013099 https://jy.newhouse.fang.com/house/s/b911/
