Logger:2020-03-16 09:34:35.483688 https://kaifeng.newhouse.fang.com/house/s/b91/
Logger:2020-03-16 09:34:35.913294 https://taolichunfeng.fang.com/
Logger:2020-03-16 09:34:40.466217 https://kfhddj.fang.com/
Logger:2020-03-16 09:34:40.850533 https://zhongnanlinyue0371.fang.com/
Logger:2020-03-16 09:34:41.107336 https://shenghuacheng0378.fang.com/
Logger:2020-03-16 09:34:41.466783 https://ganlanchengzk.fang.com/
Logger:2020-03-16 09:34:42.129415 https://kfweilaicheng.fang.com/
Logger:2020-03-16 09:34:44.977239 https://lchengdadijing.fang.com/
Logger:2020-03-16 09:34:46.731612 https://wenshashangjun.fang.com/
Logger:2020-03-16 09:34:47.020183 https://ywmlj.fang.com/
Logger:2020-03-16 09:34:47.292427 https://senlinbandaozk.fang.com/
Logger:2020-03-16 09:34:47.659194 https://xihuwanfh.fang.com/
Logger:2020-03-16 09:34:47.974630 https://xinshijiehd.fang.com/
Logger:2020-03-16 09:34:48.281940 https://yanlanfu.fang.com/
Logger:2020-03-16 09:34:48.578445 https://rongchuangkaifengcy.fang.com/
Logger:2020-03-16 09:34:48.880921 https://runcheng0378.fang.com/
Logger:2020-03-16 09:34:49.170756 https://bedzy0378.fang.com/
Logger:2020-03-16 09:34:49.450680 https://zkbgy.fang.com/
Logger:2020-03-16 09:34:50.060429 https://xingfulidh.fang.com/
Logger:2020-03-16 09:34:50.437855 https://bowangtiancheng.fang.com/
Logger:2020-03-16 09:34:50.741042 https://kaqjxj.fang.com/
Logger:2020-03-16 09:34:54.019930 https://kaifeng.newhouse.fang.com/house/s/b92/
Logger:2020-03-16 09:34:58.735812 https://kflccy.fang.com/
Logger:2020-03-16 09:34:59.033194 https://tianchenggongguan.fang.com/
Logger:2020-03-16 09:34:59.766774 https://gkblc.fang.com/
Logger:2020-03-16 09:35:03.324516 https://tianhewanhm.fang.com/
Logger:2020-03-16 09:35:03.621362 https://jinhehuayuan0378.fang.com/
Logger:2020-03-16 09:35:05.306198 https://jinweigangwan.fang.com/
Logger:2020-03-16 09:35:06.528971 https://guojichengdl.fang.com/
Logger:2020-03-16 09:35:08.059828 https://zhongnan0378.fang.com/
Logger:2020-03-16 09:35:10.043735 https://kfxhyx.fang.com/
Logger:2020-03-16 09:35:10.340867 https://flwkf.fang.com/
Logger:2020-03-16 09:35:11.289235 https://shouzuoshidai.fang.com/
Logger:2020-03-16 09:35:11.566777 https://jybgytx.fang.com/
Logger:2020-03-16 09:35:11.870228 https://lccjmy0371.fang.com/
Logger:2020-03-16 09:35:12.192830 https://bishuilancheng.fang.com/
Logger:2020-03-16 09:35:12.786010 https://tianjingwh.fang.com/
Logger:2020-03-16 09:35:13.099092 https://laiyinwanxiang.fang.com/
Logger:2020-03-16 09:35:14.404405 https://ukzhongxin.fang.com/
Logger:2020-03-16 09:35:16.261615 https://yzjyf0371.fang.com/
Logger:2020-03-16 09:35:16.766613 https://beidaziyuancheng.fang.com/
Logger:2020-03-16 09:35:17.063404 https://dxingg.fang.com/
Logger:2020-03-16 09:35:20.333436 https://kaifeng.newhouse.fang.com/house/s/b93/
Logger:2020-03-16 09:35:20.624141 https://yuduguojixl.fang.com/
Logger:2020-03-16 09:35:21.005760 https://ouzhouxiaozhen0378.fang.com/
Logger:2020-03-16 09:35:25.732660 https://jinyuhuafuqr.fang.com/
Logger:2020-03-16 09:35:26.010682 https://yulongwan0371.fang.com/
Logger:2020-03-16 09:35:26.316043 https://yueduxjm.fang.com/
Logger:2020-03-16 09:35:30.763475 https://jinminghuafu0378.fang.com/
Logger:2020-03-16 09:35:31.038757 https://jinguiyuan0378.fang.com/
Logger:2020-03-16 09:35:31.598415 https://xiangshuzhuangyuandc.fang.com/
Logger:2020-03-16 09:35:32.206558 https://dongjingdaguan.fang.com/
Logger:2020-03-16 09:35:36.744472 https://lsljsyj.fang.com/
Logger:2020-03-16 09:35:36.975852 https://ziruiyuandj.fang.com/
Logger:2020-03-16 09:35:38.146292 https://ankangjiayuanjs.fang.com/
Logger:2020-03-16 09:35:39.245712 https://shiboguangchangdc.fang.com/
Logger:2020-03-16 09:35:39.553846 https://shangjingcheng.fang.com/
Logger:2020-03-16 09:35:39.864081 https://lvdiguojijinrongchengkf.fang.com/
Logger:2020-03-16 09:35:40.348301 https://haimagongguan.fang.com/
Logger:2020-03-16 09:35:44.788986 https://kaifenglczwgg.fang.com/
Logger:2020-03-16 09:35:45.103342 https://huayouzdhdwlc.fang.com/
Logger:2020-03-16 09:35:45.418680 https://mdgbf0371.fang.com/
Logger:2020-03-16 09:35:45.692398 https://jinmaoyuetang.fang.com/
Logger:2020-03-16 09:35:49.231382 https://kaifeng.newhouse.fang.com/house/s/b94/
Logger:2020-03-16 09:35:49.500688 https://juxianglijy.fang.com/
Logger:2020-03-16 09:35:49.803175 https://ywmlgg.fang.com/
Logger:2020-03-16 09:35:50.365485 https://lanchenglanyuan0371.fang.com/
Logger:2020-03-16 09:35:50.697429 https://haimagongguan.fang.com/2/
Logger:2020-03-16 09:35:50.951923 https://yinxiangchengzk.fang.com/
Logger:2020-03-16 09:35:51.553994 https://gelingongguan0378.fang.com/
Logger:2020-03-16 09:35:52.086436 https://jiurunhongjun.fang.com/
Logger:2020-03-16 09:35:55.901774 https://lankao.newhouse.fang.com/house/2547825305.htm
Logger:2020-03-16 09:35:56.182986 https://cuitingshangdu.fang.com/
Logger:2020-03-16 09:35:56.505325 https://kftxbgu.fang.com/
Logger:2020-03-16 09:35:56.778592 https://xichenghuafukf.fang.com/
Logger:2020-03-16 09:35:57.316477 https://lafeiguoji0371.fang.com/
Logger:2020-03-16 09:35:57.581889 https://ldsjyx0371.fang.com/
Logger:2020-03-16 09:35:58.396504 https://songyunxincheng.fang.com/
Logger:2020-03-16 09:36:02.605268 https://lankao.newhouse.fang.com/house/2547825303.htm
Logger:2020-03-16 09:36:02.982001 https://lankaoglc.fang.com/
Logger:2020-03-16 09:36:04.221293 https://dongjingguoji0378.fang.com/
Logger:2020-03-16 09:36:04.479386 https://zhongbujiajuxincheng.fang.com/
Logger:2020-03-16 09:36:04.859182 https://shijichengxl0371.fang.com/
Logger:2020-03-16 09:36:05.655267 https://kaifeng.newhouse.fang.com/house/2511128785.htm
Logger:2020-03-16 09:36:09.272948 https://kaifeng.newhouse.fang.com/house/s/b95/
Logger:2020-03-16 09:36:10.882971 https://lankao.newhouse.fang.com/house/2547825301.htm
Logger:2020-03-16 09:36:12.318429 https://zgkfcs.fang.com/
Logger:2020-03-16 09:36:12.580643 https://txfj.fang.com/
Logger:2020-03-16 09:36:12.877983 https://zdgjxc.fang.com/
Logger:2020-03-16 09:36:13.857782 https://zszygc0378.fang.com/
Logger:2020-03-16 09:36:14.179763 https://qianjingguoji0378.fang.com/
Logger:2020-03-16 09:36:14.734331 https://yunduhuijt.fang.com/
Logger:2020-03-16 09:36:19.671874 https://kdyzy.fang.com/
Logger:2020-03-16 09:36:24.411764 https://cbdzshds.fang.com/
Logger:2020-03-16 09:36:24.693851 https://huayulihdtx.fang.com/
Logger:2020-03-16 09:36:25.031846 https://hengdadijing4.fang.com/
Logger:2020-03-16 09:36:25.832742 https://dongfangjindian0378.fang.com/
Logger:2020-03-16 09:36:26.582565 https://xihuguandi.fang.com/
Logger:2020-03-16 09:36:26.894990 https://dhyjwangjing.fang.com/
Logger:2020-03-16 09:36:27.192377 https://dfjhy.fang.com/
Logger:2020-03-16 09:36:27.457703 https://sijichengjk.fang.com/
Logger:2020-03-16 09:36:27.754163 https://jianyehuayuanli.fang.com/
Logger:2020-03-16 09:36:28.366962 https://daliangfu.fang.com/
Logger:2020-03-16 09:36:33.060598 https://jdgjc0371.fang.com/
Logger:2020-03-16 09:36:33.341129 https://xllxf0371.fang.com/
Logger:2020-03-16 09:36:37.998034 https://kaifeng.newhouse.fang.com/house/s/b96/
Logger:2020-03-16 09:36:38.738070 https://dahongxilai.fang.com/
Logger:2020-03-16 09:36:39.658650 https://feicuihuating0371.fang.com/
Logger:2020-03-16 09:36:39.977117 https://xiangzhanggongguan0371.fang.com/
Logger:2020-03-16 09:36:40.819470 https://lgyjh.fang.com/
Logger:2020-03-16 09:36:41.276933 https://xbyxz.fang.com/3/
Logger:2020-03-16 09:36:41.544114 https://jingc.fang.com/
Logger:2020-03-16 09:36:41.896356 https://mingchengwl.fang.com/
Logger:2020-03-16 09:36:42.180374 https://dingyuxingang.fang.com/
Logger:2020-03-16 09:36:42.580302 https://yujingchengxl.fang.com/
Logger:2020-03-16 09:36:42.870491 https://guiheshijiacj.fang.com/
Logger:2020-03-16 09:36:47.311723 https://sainagongguan0378.fang.com/
Logger:2020-03-16 09:36:47.580454 https://bylhyc.fang.com/
Logger:2020-03-16 09:36:47.879082 https://djyuyuan.fang.com/
Logger:2020-03-16 09:36:48.145227 https://xiangxiefu.fang.com/
Logger:2020-03-16 09:36:52.675987 https://jianyelanyue.fang.com/
Logger:2020-03-16 09:36:53.469135 https://jinghaiwan0371.fang.com/
Logger:2020-03-16 09:36:53.786182 https://jinchengshengshi.fang.com/
Logger:2020-03-16 09:36:54.090818 https://longchengshangjun.fang.com/
Logger:2020-03-16 09:36:54.367009 https://ganlancheng2.fang.com/
Logger:2020-03-16 09:36:54.693448 https://feicuimingzuozd.fang.com/
Logger:2020-03-16 09:36:58.709495 https://kaifeng.newhouse.fang.com/house/s/b97/
Logger:2020-03-16 09:36:58.995437 https://dihushijiayc.fang.com/
Logger:2020-03-16 09:36:59.260999 https://zhongzhouxinchenggk.fang.com/
Logger:2020-03-16 09:36:59.561265 https://kfgjjrzx.fang.com/
Logger:2020-03-16 09:36:59.858524 https://longhuyucheng0371.fang.com/
Logger:2020-03-16 09:37:00.170926 https://kfhx.fang.com/
Logger:2020-03-16 09:37:00.405319 https://bishuilancheng.fang.com/2/
Logger:2020-03-16 09:37:00.733181 https://xdwxjwy.fang.com/
Logger:2020-03-16 09:37:01.076431 https://xihugongyuan2.fang.com/
Logger:2020-03-16 09:37:06.690843 https://jinxiuhuayuanlc.fang.com/
Logger:2020-03-16 09:37:06.987969 https://jianyechuntianlikf.fang.com/
Logger:2020-03-16 09:37:07.253193 https://txxfl.fang.com/
Logger:2020-03-16 09:37:12.205793 https://jiamengheyuan.fang.com/
Logger:2020-03-16 09:37:12.482529 https://wlrf.fang.com/
Logger:2020-03-16 09:37:12.973439 https://boshidungongguan2.fang.com/
Logger:2020-03-16 09:37:14.363781 https://kfzcjy.fang.com/
Logger:2020-03-16 09:37:19.137103 https://jiangnanyufu0371.fang.com/
Logger:2020-03-16 09:37:19.746291 https://yongwangcheng.fang.com/
Logger:2020-03-16 09:37:20.011410 https://jyhtd.fang.com/
Logger:2020-03-16 09:37:20.558168 https://shengtianhy.fang.com/
Logger:2020-03-16 09:37:20.873468 https://hlcazf.fang.com/
Logger:2020-03-16 09:37:24.856516 https://kaifeng.newhouse.fang.com/house/s/b98/
Logger:2020-03-16 09:37:26.606145 https://jindinglidu.fang.com/
Logger:2020-03-16 09:37:26.872080 https://kftrxc.fang.com/
Logger:2020-03-16 09:37:27.605866 https://jinmaobjht.fang.com/
Logger:2020-03-16 09:37:27.903079 https://zywsc.fang.com/
Logger:2020-03-16 09:37:28.952753 https://wenshengjie.fang.com/
Logger:2020-03-16 09:37:29.264955 https://dahedd.fang.com/
Logger:2020-03-16 09:37:29.530518 https://xiangtibandao3.fang.com/
Logger:2020-03-16 09:37:30.155867 https://kfzfgy.fang.com/
Logger:2020-03-16 09:37:30.436903 https://jiademeilulk.fang.com/
Logger:2020-03-16 09:37:31.904957 https://biliguodouzy.fang.com/
Logger:2020-03-16 09:37:32.514231 https://jianyeyihaochengbang2.fang.com/
Logger:2020-03-16 09:37:32.842237 https://jianyecheng2.fang.com/
Logger:2020-03-16 09:37:33.420237 https://jinyuewanhq.fang.com/
Logger:2020-03-16 09:37:33.745036 https://xinlongyujingcheng.fang.com/
Logger:2020-03-16 09:37:34.021401 https://haojiachunqiu.fang.com/
Logger:2020-03-16 09:37:34.286422 https://gulouli2.fang.com/
Logger:2020-03-16 09:37:36.201615 https://yutaishijiexing.fang.com/
Logger:2020-03-16 09:37:36.482234 https://jinfuyuan0371.fang.com/
Logger:2020-03-16 09:37:39.545590 https://jinshangsoho.fang.com/
Logger:2020-03-16 09:37:39.811667 https://sywhy.fang.com/
Logger:2020-03-16 09:37:43.872357 https://kaifeng.newhouse.fang.com/house/s/b99/
Logger:2020-03-16 09:37:45.645317 https://lankao.newhouse.fang.com/house/2547825311.htm
Logger:2020-03-16 09:37:47.013327 https://lankao.newhouse.fang.com/house/2547825299.htm
Logger:2020-03-16 09:37:47.287425 https://qyhhy.fang.com/
Logger:2020-03-16 09:37:47.637906 https://ldzbcktd.fang.com/
Logger:2020-03-16 09:37:47.865862 https://jinhaoliyuan.fang.com/
Logger:2020-03-16 09:37:48.705268 https://zdrongxiwan.fang.com/
Logger:2020-03-16 09:37:49.005644 https://jiademeilu.fang.com/
Logger:2020-03-16 09:37:49.271415 https://kfsldy.fang.com/
Logger:2020-03-16 09:37:49.584458 https://mzsygc.fang.com/
Logger:2020-03-16 09:37:49.839328 https://jinmaoguangchang0371.fang.com/
Logger:2020-03-16 09:37:50.748507 https://hongrunhuayuan0378.fang.com/
Logger:2020-03-16 09:37:55.558473 https://tqyuf.fang.com/
Logger:2020-03-16 09:37:57.364984 https://guojidashazk.fang.com/
Logger:2020-03-16 09:37:57.649118 https://wanxingcheng0371.fang.com/
Logger:2020-03-16 09:37:59.026894 https://lankao.newhouse.fang.com/house/2547825307.htm
Logger:2020-03-16 09:38:00.532377 https://jiurunhongjun2.fang.com/
Logger:2020-03-16 09:38:00.813561 https://fenglinwan0371.fang.com/
Logger:2020-03-16 09:38:01.141607 https://dhgdkjykf.fang.com/
Logger:2020-03-16 09:38:01.454456 https://hongfengyujing.fang.com/
Logger:2020-03-16 09:38:01.719377 https://huaqiaodasha0378.fang.com/
Logger:2020-03-16 09:38:05.586986 https://kaifeng.newhouse.fang.com/house/s/b910/
Logger:2020-03-16 09:38:05.892199 https://jsyggc.fang.com/
Logger:2020-03-16 09:38:06.147485 https://sshibl.fang.com/
Logger:2020-03-16 09:38:09.893917 https://dasongwenbocheng.fang.com/
Logger:2020-03-16 09:38:10.409427 https://fujiuhuaxi.fang.com/
Logger:2020-03-16 09:38:11.205866 https://lankao.newhouse.fang.com/house/2547825309.htm
Logger:2020-03-16 09:38:11.502672 https://linyuhuating.fang.com/
Logger:2020-03-16 09:38:11.815330 https://meilinhupan0371.fang.com/
Logger:2020-03-16 09:38:15.115146 https://jmcfzx.fang.com/
Logger:2020-03-16 09:38:16.615504 https://kaifeng.newhouse.fang.com/house/2511128795.htm
Logger:2020-03-16 09:38:16.936089 https://sanheguoji.fang.com/
Logger:2020-03-16 09:38:22.262449 https://djdfdsyc.fang.com/
Logger:2020-03-16 09:38:24.032217 https://rthbswgc.fang.com/
Logger:2020-03-16 09:38:24.312707 https://zjxtd.fang.com/
Logger:2020-03-16 09:38:24.579017 https://xhsyzx.fang.com/
Logger:2020-03-16 09:38:25.455965 https://kaifeng.newhouse.fang.com/house/2511825527.htm
Logger:2020-03-16 09:38:27.467196 https://zdywsmc.fang.com/
Logger:2020-03-16 09:38:31.234695 https://kaifeng.newhouse.fang.com/house/s/b911/
Logger:2020-03-16 09:38:34.677107 https://kaifeng.newhouse.fang.com/house/s/b912/
Logger:2020-03-16 09:38:38.146386 https://kaifeng.newhouse.fang.com/house/s/b913/
