Logger:2020-03-16 08:21:05.933802 https://kaili.newhouse.fang.com/house/s/b91/
Logger:2020-03-16 08:21:06.168121 https://changchishanyucheng.fang.com/
Logger:2020-03-16 08:21:07.762156 https://klwlc0855.fang.com/
Logger:2020-03-16 08:21:09.700483 https://hengdachengkl.fang.com/
Logger:2020-03-16 08:21:09.997288 https://xijiangyuekl.fang.com/
Logger:2020-03-16 08:21:10.282281 https://biguiyuankl.fang.com/
Logger:2020-03-16 08:21:10.636372 https://changdaguojiguangchangdaqiantianzhu.fang.com/
Logger:2020-03-16 08:21:10.888296 https://xiangshanbieyuan0855.fang.com/
Logger:2020-03-16 08:21:11.206238 https://longyuangongguan.fang.com/
Logger:2020-03-16 08:21:11.654041 https://yujingtianxiayx.fang.com/
Logger:2020-03-16 08:21:11.900192 https://weilaichengnanhu.fang.com/
Logger:2020-03-16 08:21:12.131824 https://fulaiminggekl.fang.com/
Logger:2020-03-16 08:21:12.405042 https://glsehdy.fang.com/
Logger:2020-03-16 08:21:12.678156 https://huakaishangcheng.fang.com/
Logger:2020-03-16 08:21:12.920949 https://yiyunmeizhenklzh.fang.com/
Logger:2020-03-16 08:21:13.171463 https://zhongyangchenghw.fang.com/
Logger:2020-03-16 08:21:13.499574 https://biguiyuanjiangwanyihao.fang.com/
Logger:2020-03-16 08:21:13.757883 https://gongyuanyihaoyuefuerqi.fang.com/
Logger:2020-03-16 08:21:13.994886 https://guojixinchengjq0855.fang.com/
Logger:2020-03-16 08:21:14.235176 https://klfldnf0855.fang.com/
Logger:2020-03-16 08:21:14.467556 https://honghucheng.fang.com/
Logger:2020-03-16 08:21:18.480065 https://kaili.newhouse.fang.com/house/s/b92/
Logger:2020-03-16 08:21:18.757915 https://dadichuncheng.fang.com/
Logger:2020-03-16 08:21:20.137574 https://xingfulizx.fang.com/
Logger:2020-03-16 08:21:22.162569 https://hongxiangeastcity.fang.com/
Logger:2020-03-16 08:21:23.789918 https://tianhechengkl0855.fang.com/
Logger:2020-03-16 08:21:24.048499 https://chengshizhixinhh.fang.com/
Logger:2020-03-16 08:21:26.132906 https://miaojiawan.fang.com/
Logger:2020-03-16 08:21:26.352074 https://wanguochengkw.fang.com/
Logger:2020-03-16 08:21:27.784942 https://junjiguangchang.fang.com/
Logger:2020-03-16 08:21:28.040691 https://yipingjiangshan.fang.com/
Logger:2020-03-16 08:21:30.193714 https://guihuayuan0855.fang.com/
Logger:2020-03-16 08:21:31.931029 https://fengjingmingyuan0855.fang.com/
Logger:2020-03-16 08:21:32.206714 https://hudiegukl.fang.com/
Logger:2020-03-16 08:21:33.879896 https://runfengmingdu.fang.com/
Logger:2020-03-16 08:21:34.162102 https://xiandaihuayuan0855.fang.com/3/
Logger:2020-03-16 08:21:36.124717 https://shidaichengkl.fang.com/
Logger:2020-03-16 08:21:38.548345 https://bandaomeishudh.fang.com/
Logger:2020-03-16 08:21:38.844741 https://yidongxincheng0855.fang.com/
Logger:2020-03-16 08:21:39.110305 https://chengshihuayuanjl0855.fang.com/
Logger:2020-03-16 08:21:40.759918 https://lyjdkl.fang.com/
Logger:2020-03-16 08:21:41.025622 https://guojiguangchangqj.fang.com/
Logger:2020-03-16 08:21:44.433732 https://kaili.newhouse.fang.com/house/s/b93/
Logger:2020-03-16 08:21:46.427132 https://qilongpanshanhuating2.fang.com/
Logger:2020-03-16 08:21:46.647065 https://xiangfengtingyuan.fang.com/
Logger:2020-03-16 08:21:46.893065 https://guojichengzl.fang.com/
Logger:2020-03-16 08:21:48.495634 https://xintiandi0855.fang.com/
Logger:2020-03-16 08:21:48.748955 https://wenshameishu.fang.com/
Logger:2020-03-16 08:21:48.992592 https://wuyangyihao.fang.com/
Logger:2020-03-16 08:21:49.228895 https://jiariguangchangkl.fang.com/
Logger:2020-03-16 08:21:49.480258 https://jingweiguojiqichecheng.fang.com/
Logger:2020-03-16 08:21:49.792585 https://huilongwanwt0855.fang.com/
Logger:2020-03-16 08:21:51.370759 https://zhenlongwanrk.fang.com/
Logger:2020-03-16 08:21:52.755829 https://qingshuiwanhx0855.fang.com/
Logger:2020-03-16 08:21:52.970523 https://congjiangyihao.fang.com/
Logger:2020-03-16 08:21:53.282411 https://yijinggaoshan.fang.com/
Logger:2020-03-16 08:21:53.561203 https://babilunxincheng.fang.com/
Logger:2020-03-16 08:21:55.151708 https://huafumingchengsb.fang.com/
Logger:2020-03-16 08:21:55.383569 https://hongyuanju0855.fang.com/
Logger:2020-03-16 08:21:55.654651 https://xijiangxijie.fang.com/
Logger:2020-03-16 08:21:57.343915 https://xiaoshangpinchengklyw.fang.com/
Logger:2020-03-16 08:21:57.574371 https://gtnzsygcywxspc.fang.com/
Logger:2020-03-16 08:21:59.254635 https://kaiyuanxinchenghw0855.fang.com/
Logger:2020-03-16 08:22:02.994474 https://kaili.newhouse.fang.com/house/s/b94/
Logger:2020-03-16 08:22:03.224715 https://zhongxinchengkl0855.fang.com/
Logger:2020-03-16 08:22:06.904900 https://kaili.newhouse.fang.com/house/s/b95/
Logger:2020-03-16 08:22:10.609335 https://kaili.newhouse.fang.com/house/s/b96/
Logger:2020-03-16 08:22:14.200020 https://kaili.newhouse.fang.com/house/s/b97/
