Logger:2020-03-16 00:54:53.673908 https://kaiping.newhouse.fang.com/house/s/b91/
Logger:2020-03-16 00:54:53.907552 https://lingmeigongguan.fang.com/
Logger:2020-03-16 00:54:54.188656 https://yuelongwanjmhd.fang.com/
Logger:2020-03-16 00:54:54.454973 https://xinwaitanyb0750.fang.com/
Logger:2020-03-16 00:54:54.704158 https://huifengmingting.fang.com/
Logger:2020-03-16 00:54:55.013591 https://bairunhuayuan.fang.com/
Logger:2020-03-16 00:54:55.310396 https://huifengjunjing.fang.com/
Logger:2020-03-16 00:54:55.548402 https://chengyangshoufubgy0750.fang.com/
Logger:2020-03-16 00:54:55.798382 https://jinsejiayuan0750.fang.com/
Logger:2020-03-16 00:54:56.079528 https://junjinghaoting0750.fang.com/
Logger:2020-03-16 00:54:56.345548 https://xingyuxiaoqukpsjjw.fang.com/
Logger:2020-03-16 00:54:56.617101 https://tanjiangshoufurc.fang.com/
Logger:2020-03-16 00:54:59.053878 https://feicuimingzhu20750.fang.com/
Logger:2020-03-16 00:54:59.350173 https://donghuichengkp0750.fang.com/
Logger:2020-03-16 00:55:01.303314 https://yinheju.fang.com/
Logger:2020-03-16 00:55:06.427362 https://kaipingkangcheng0750.fang.com/
Logger:2020-03-16 00:55:06.662386 https://yihaoyinhaina.fang.com/
Logger:2020-03-16 00:55:06.943470 https://xuanhuihaoting.fang.com/
Logger:2020-03-16 00:55:07.193248 https://jinxunhaoyuan.fang.com/
Logger:2020-03-16 00:55:07.443064 https://hanlinyinxiang0750.fang.com/
Logger:2020-03-16 00:55:07.677115 https://hongjingtianyue.fang.com/
Logger:2020-03-16 00:55:11.350515 https://kaiping.newhouse.fang.com/house/s/b92/
Logger:2020-03-16 00:55:11.569556 https://zhongfuhuayuan20750.fang.com/3/
Logger:2020-03-16 00:55:15.726756 https://qiaolinwan.fang.com/
Logger:2020-03-16 00:55:15.960694 https://fuhuimingcheng.fang.com/
Logger:2020-03-16 00:55:16.241539 https://hfsyh.fang.com/
Logger:2020-03-16 00:55:16.491883 https://huangjinhaianqy0750.fang.com/
Logger:2020-03-16 00:55:16.741419 https://guohuihaoting.fang.com/
Logger:2020-03-16 00:55:18.756992 https://huijiangdijing.fang.com/
Logger:2020-03-16 00:55:19.037752 https://yuefushangyeguangchang.fang.com/
Logger:2020-03-16 00:55:22.218856 https://xhsjht.fang.com/
Logger:2020-03-16 00:55:22.468626 https://yicuihuating0750.fang.com/
Logger:2020-03-16 00:55:22.719061 https://shishangjiasa.fang.com/
Logger:2020-03-16 00:55:23.015555 https://cuihuchuntian0750.fang.com/
Logger:2020-03-16 00:55:23.328346 https://lijiangwan0750.fang.com/
Logger:2020-03-16 00:55:25.372988 https://diecuiyuan20750.fang.com/
Logger:2020-03-16 00:55:27.012792 https://jinghutiandi.fang.com/
Logger:2020-03-16 00:55:30.237304 https://junxianju.fang.com/
Logger:2020-03-16 00:55:30.471623 https://longhuihuafu.fang.com/
Logger:2020-03-16 00:55:30.706419 https://weiyubolanchengzgsk.fang.com/
Logger:2020-03-16 00:55:30.940262 https://xingheguoji0750.fang.com/
Logger:2020-03-16 00:55:31.205826 https://zhongxihaoting.fang.com/
Logger:2020-03-16 00:55:34.424540 https://kaiping.newhouse.fang.com/house/s/b93/
Logger:2020-03-16 00:55:34.595696 https://zhongyihailunbao0750.fang.com/
Logger:2020-03-16 00:55:34.830460 https://jinheju.fang.com/
Logger:2020-03-16 00:55:35.064771 https://yatingwan.fang.com/
Logger:2020-03-16 00:55:37.876717 https://hengfuguangchang0750.fang.com/
Logger:2020-03-16 00:55:39.133915 https://skzygc0750.fang.com/
Logger:2020-03-16 00:55:42.711612 https://kaiping.newhouse.fang.com/house/s/b94/
Logger:2020-03-16 00:55:46.154312 https://kaiping.newhouse.fang.com/house/s/b95/
Logger:2020-03-16 00:55:49.578951 https://kaiping.newhouse.fang.com/house/s/b96/
