Logger:2020-03-16 23:23:54.613407 https://kashi.newhouse.fang.com/house/s/b91/
Logger:2020-03-16 23:23:54.912564 https://oujingmingyuanhc.fang.com/
Logger:2020-03-16 23:23:57.226692 https://shijichengtf.fang.com/
Logger:2020-03-16 23:23:57.578196 https://hongfuhuayuanks.fang.com/
Logger:2020-03-16 23:23:57.898310 https://jinxiujiayuan0998.fang.com/
Logger:2020-03-16 23:23:58.212471 https://donghulidudw.fang.com/
Logger:2020-03-16 23:23:58.542586 https://langqiaoshuiankashi70wanpinggongwuyuanxiaoqu.fang.com/
Logger:2020-03-16 23:24:01.491220 https://dchyks.fang.com/
Logger:2020-03-16 23:24:01.794367 https://shanghaichengyx.fang.com/
Logger:2020-03-16 23:24:04.021698 https://jiangnanweinisi.fang.com/
Logger:2020-03-16 23:24:04.337916 https://ksszc.fang.com/
Logger:2020-03-16 23:24:05.663788 https://silumingzhuks.fang.com/
Logger:2020-03-16 23:24:05.972601 https://mingyuguangchangxt.fang.com/
Logger:2020-03-16 23:24:07.306118 https://caohuguojishangmaochengks.fang.com/
Logger:2020-03-16 23:24:07.623270 https://kashifazhandasha.fang.com/
Logger:2020-03-16 23:24:07.972374 https://sllsdgc.fang.com/
Logger:2020-03-16 23:24:08.287528 https://antaizunpin.fang.com/
Logger:2020-03-16 23:24:08.609676 https://shanshuimingyuanks.fang.com/
Logger:2020-03-16 23:24:08.917469 https://beihuyihaoks.fang.com/
Logger:2020-03-16 23:24:09.280497 https://zhonghuamingyuanht.fang.com/
Logger:2020-03-16 23:24:09.592662 https://haijinghuatingks.fang.com/
Logger:2020-03-16 23:24:13.353445 https://kashi.newhouse.fang.com/house/s/b92/
Logger:2020-03-16 23:24:15.529168 https://shanshuijiayuanks.fang.com/
Logger:2020-03-16 23:24:15.936573 https://xiangyisiji.fang.com/
Logger:2020-03-16 23:24:16.290562 https://huibangsainaxiaozhen.fang.com/
Logger:2020-03-16 23:24:18.461753 https://donghuliduks.fang.com/
Logger:2020-03-16 23:24:18.789875 https://yuhuayuanat.fang.com/
Logger:2020-03-16 23:24:19.917616 https://tiannanhuafu.fang.com/
Logger:2020-03-16 23:24:20.221802 https://bapanshuimo.fang.com/
Logger:2020-03-16 23:24:20.551961 https://zysmdyc.fang.com/
Logger:2020-03-16 23:24:20.889607 https://jinqiaohuayuantm.fang.com/
Logger:2020-03-16 23:24:21.258016 https://mskszygj.fang.com/
Logger:2020-03-16 23:24:21.584144 https://shundahuayuanks.fang.com/
Logger:2020-03-16 23:24:21.891322 https://xinfuhuating.fang.com/
Logger:2020-03-16 23:24:22.199497 https://lchytm.fang.com/
Logger:2020-03-16 23:24:26.396373 https://hanlinshijiaks.fang.com/
Logger:2020-03-16 23:24:26.834448 https://ksjzyangguangcheng.fang.com/
Logger:2020-03-16 23:24:27.319037 https://gzxcks.fang.com/
Logger:2020-03-16 23:24:27.606269 https://kscqc.fang.com/
Logger:2020-03-16 23:24:27.921425 https://dfxgll.fang.com/
Logger:2020-03-16 23:24:28.292945 https://yuehumeishu.fang.com/
Logger:2020-03-16 23:24:30.382585 https://jialinglvcheng.fang.com/
Logger:2020-03-16 23:24:34.579039 https://kashi.newhouse.fang.com/house/s/b93/
Logger:2020-03-16 23:24:34.929104 https://jintaidasha0998.fang.com/
Logger:2020-03-16 23:24:35.344985 https://tiananmingmenks.fang.com/
Logger:2020-03-16 23:24:37.202615 https://shangdonghuayuan0998.fang.com/
Logger:2020-03-16 23:24:37.505688 https://bowangkangcheng.fang.com/
Logger:2020-03-16 23:24:37.834807 https://caohuguoji.fang.com/
Logger:2020-03-16 23:24:38.207809 https://hhxfy.fang.com/
Logger:2020-03-16 23:24:39.774246 https://zhongyangmeididw.fang.com/
Logger:2020-03-16 23:24:40.059058 https://kashipinganxiaoqu.fang.com/
Logger:2020-03-16 23:24:40.376140 https://ksygc.fang.com/
Logger:2020-03-16 23:24:40.768091 https://dyxymz.fang.com/
Logger:2020-03-16 23:24:42.984657 https://xyspgy.fang.com/
Logger:2020-03-16 23:24:43.296823 https://xiyumingdu.fang.com/
Logger:2020-03-16 23:24:43.615012 https://gjqccks.fang.com/
Logger:2020-03-16 23:24:43.989967 https://mwjy0998.fang.com/
Logger:2020-03-16 23:24:45.473485 https://zhongkunguangchangks.fang.com/
Logger:2020-03-16 23:24:47.811827 https://wanfuxiaoquks.fang.com/
Logger:2020-03-16 23:24:49.099671 https://huichengmingyuanks.fang.com/
Logger:2020-03-16 23:24:49.427794 https://guangzhouxincheng.fang.com/shop/
Logger:2020-03-16 23:24:49.786833 https://yuntiandajiudian.fang.com/
Logger:2020-03-16 23:24:51.370986 https://haixiagouwuguangchang.fang.com/
Logger:2020-03-16 23:24:55.027737 https://kashi.newhouse.fang.com/house/s/b94/
Logger:2020-03-16 23:24:56.414004 https://hengchanglehuoshangyeguangchang.fang.com/
Logger:2020-03-16 23:24:56.770046 https://zysmdyc.fang.com/shop/
Logger:2020-03-16 23:24:59.387886 https://huamaozhongya.fang.com/
Logger:2020-03-16 23:25:01.963564 https://ymjltx.fang.com/
Logger:2020-03-16 23:25:02.250796 https://yuefengguoji.fang.com/shop/
Logger:2020-03-16 23:25:05.902794 https://kashi.newhouse.fang.com/house/s/b95/
Logger:2020-03-16 23:25:09.695436 https://kashi.newhouse.fang.com/house/s/b96/
Logger:2020-03-16 23:25:13.310482 https://kashi.newhouse.fang.com/house/s/b97/
