Logger:2020-03-16 23:38:18.783253 https://km.newhouse.fang.com/house/s/b91/
Logger:2020-03-16 23:38:19.143290 https://longxiyihaozj.fang.com/
Logger:2020-03-16 23:38:19.548207 https://shanyutaoyuanzgtj.fang.com/
Logger:2020-03-16 23:38:19.963448 https://weifengshilirc.fang.com/
Logger:2020-03-16 23:38:20.322516 https://hongxingtianbo0871.fang.com/
Logger:2020-03-16 23:38:20.709482 https://wankecheng0871.fang.com/
Logger:2020-03-16 23:38:21.064152 https://huarunyuefu0871.fang.com/
Logger:2020-03-16 23:38:21.494037 https://yunlujiulizh.fang.com/
Logger:2020-03-16 23:38:21.872987 https://kunmingzhiguangjy.fang.com/
Logger:2020-03-16 23:38:22.242000 https://wandachengkm.fang.com/
Logger:2020-03-16 23:38:22.665377 https://xingyaoshuixiang.fang.com/
Logger:2020-03-16 23:38:23.058558 https://yingxiangmeiluzjbgy.fang.com/
Logger:2020-03-16 23:38:23.365000 https://gaozhuangxishuangjing0871.fang.com/
Logger:2020-03-16 23:38:23.686066 https://kunmingjinmaoguojixincheng.fang.com/
Logger:2020-03-16 23:38:24.092025 https://hanlindaguanzs.fang.com/
Logger:2020-03-16 23:38:24.425090 https://yanlaihuxiaozhenrc.fang.com/
Logger:2020-03-16 23:38:29.358092 https://chunfengshilirc.fang.com/
Logger:2020-03-16 23:38:29.823864 https://feicuibinjiangwk0871.fang.com/
Logger:2020-03-16 23:38:30.180891 https://167894.fang.com/
Logger:2020-03-16 23:38:30.583831 https://zijingfubdzy0871.fang.com/
Logger:2020-03-16 23:38:31.156224 https://dianchinanwanweilaicheng.fang.com/
Logger:2020-03-16 23:38:35.006223 https://km.newhouse.fang.com/house/s/b92/
Logger:2020-03-16 23:38:35.392187 https://dianchinanwanweilaicheng.fang.com/
Logger:2020-03-16 23:38:35.717357 https://dianchimingzhuwandaguangchang.fang.com/
Logger:2020-03-16 23:38:36.057325 https://yangguangbandaohd.fang.com/
Logger:2020-03-16 23:38:36.540390 https://xuhuijinkechunxiali.fang.com/
Logger:2020-03-16 23:38:36.932889 https://kunhaihu.fang.com/
Logger:2020-03-16 23:38:37.331824 https://qcyngdgc.fang.com/
Logger:2020-03-16 23:38:37.695519 https://cuicanqingchengsm0871.fang.com/
Logger:2020-03-16 23:38:38.122934 https://shangyuetiandi.fang.com/
Logger:2020-03-16 23:38:40.630528 https://jindishangzhikunyue.fang.com/
Logger:2020-03-16 23:38:41.017089 https://cuicanzhenyue.fang.com/
Logger:2020-03-16 23:38:41.472911 https://168492.fang.com/
Logger:2020-03-16 23:38:41.869425 https://168286.fang.com/
Logger:2020-03-16 23:38:42.160714 https://dianchiyiyingli.fang.com/
Logger:2020-03-16 23:38:45.323720 https://huaxiasiji0871.fang.com/
Logger:2020-03-16 23:38:45.724297 https://jinlinfenghuiyjlxxw.fang.com/
Logger:2020-03-16 23:38:46.055417 https://kunminghuahelingsd.fang.com/
Logger:2020-03-16 23:38:46.455381 https://shanhaiwan8hao.fang.com/
Logger:2020-03-16 23:38:46.924093 https://xipaiguoyuezgtj.fang.com/
Logger:2020-03-16 23:38:47.328362 https://junfajunyunfeng.fang.com/
Logger:2020-03-16 23:38:49.598638 https://dianchiguojijiankangchengld.fang.com/
Logger:2020-03-16 23:38:52.922995 https://km.newhouse.fang.com/house/s/b93/
Logger:2020-03-16 23:38:55.021857 https://feiligongyuanblygc.fang.com/
Logger:2020-03-16 23:38:55.468254 https://meilizhichengwk0871.fang.com/
Logger:2020-03-16 23:38:55.841287 https://wankefeicui.fang.com/
Logger:2020-03-16 23:38:56.254146 https://jindixingyue.fang.com/
Logger:2020-03-16 23:38:56.909045 https://hengdajiulongwan.fang.com/
Logger:2020-03-16 23:38:57.278167 https://daduhuiwk0871.fang.com/
Logger:2020-03-16 23:38:57.662151 https://juntingyundirc.fang.com/
Logger:2020-03-16 23:38:58.103972 https://wankebeichen.fang.com/
Logger:2020-03-16 23:39:00.604472 https://humabanshanxiaoqu.fang.com/
Logger:2020-03-16 23:39:01.072725 https://huanyutianxiazh0871.fang.com/
Logger:2020-03-16 23:39:03.480468 https://kaixuanyijing.fang.com/
Logger:2020-03-16 23:39:03.823595 https://yulongbanshanbgy.fang.com/
Logger:2020-03-16 23:39:04.184647 https://longtengshijiabgy.fang.com/
Logger:2020-03-16 23:39:04.545211 https://shuanghewanzy.fang.com/
Logger:2020-03-16 23:39:07.425331 https://heyuemingzhu.fang.com/
Logger:2020-03-16 23:39:07.776393 https://chunchengyingxiangbgy.fang.com/
Logger:2020-03-16 23:39:08.156923 https://dianchihuan.fang.com/
Logger:2020-03-16 23:39:08.541107 https://168382.fang.com/
Logger:2020-03-16 23:39:08.936129 https://168092.fang.com/
Logger:2020-03-16 23:39:09.237325 https://hailunguoji.fang.com/
Logger:2020-03-16 23:39:13.188202 https://km.newhouse.fang.com/house/s/b94/
Logger:2020-03-16 23:39:13.590128 https://zhongnanyunjing.fang.com/
Logger:2020-03-16 23:39:13.967117 https://wenlangongguanygc.fang.com/
Logger:2020-03-16 23:39:14.286814 https://dianchibanshan.fang.com/
Logger:2020-03-16 23:39:14.611316 https://languangdeshangtianyu.fang.com/
Logger:2020-03-16 23:39:15.009252 https://jinyushuianwk.fang.com/
Logger:2020-03-16 23:39:17.670574 https://yunbaofurongyuanlg.fang.com/
Logger:2020-03-16 23:39:18.007291 https://dongnanyazhongxinld.fang.com/
Logger:2020-03-16 23:39:18.386277 https://yinhaiboan.fang.com/
Logger:2020-03-16 23:39:18.808112 https://kunminghurc.fang.com/
Logger:2020-03-16 23:39:19.192092 https://chunchengdaguanbkj.fang.com/
Logger:2020-03-16 23:39:19.536229 https://fudiyunji.fang.com/
Logger:2020-03-16 23:39:19.922734 https://gongyuandadaozs.fang.com/
Logger:2020-03-16 23:39:23.751273 https://dachengxiaoyuanhlb.fang.com/
Logger:2020-03-16 23:39:24.139234 https://yuhuajiuyue.fang.com/
Logger:2020-03-16 23:39:24.473147 https://ruidingcheng.fang.com/
Logger:2020-03-16 23:39:24.905611 https://guanlanhuixxw.fang.com/
Logger:2020-03-16 23:39:25.251219 https://yuanyangxinganxian0871.fang.com/
Logger:2020-03-16 23:39:25.618173 https://shanhaichunfengztnd.fang.com/
Logger:2020-03-16 23:39:26.007133 https://chengshiguangchangjzy0871.fang.com/
Logger:2020-03-16 23:39:26.440631 https://500liwk.fang.com/
Logger:2020-03-16 23:39:29.755487 https://km.newhouse.fang.com/house/s/b95/
Logger:2020-03-16 23:39:30.070644 https://dongyuanpuyue.fang.com/
Logger:2020-03-16 23:39:30.475561 https://qingyunfuyy.fang.com/
Logger:2020-03-16 23:39:30.809842 https://yunguxiaozhenzj.fang.com/
Logger:2020-03-16 23:39:31.101693 https://zhongnanbiguiyuanyuefu.fang.com/
Logger:2020-03-16 23:39:31.453960 https://biguiyuandongyuan.fang.com/
Logger:2020-03-16 23:39:35.791359 https://zhonghaiyunzhu0871.fang.com/
Logger:2020-03-16 23:39:36.400824 https://feicuihuatinghd0871.fang.com/
Logger:2020-03-16 23:39:36.701921 https://baolitianji0871.fang.com/
Logger:2020-03-16 23:39:37.057016 https://tinglanbandaolh.fang.com/
Logger:2020-03-16 23:39:37.465923 https://dongnanyazhongxin428gongguanld.fang.com/
Logger:2020-03-16 23:39:37.832902 https://jintaiguojimingmen.fang.com/3/
Logger:2020-03-16 23:39:38.183507 https://dongyuanqicheng0871.fang.com/
Logger:2020-03-16 23:39:38.532640 https://ziyuetaifkc.fang.com/
Logger:2020-03-16 23:39:38.938205 https://xiyuechunchengsc.fang.com/
Logger:2020-03-16 23:39:39.291223 https://zhongjuntianyu0871.fang.com/
Logger:2020-03-16 23:39:39.668214 https://xinyingxincheng.fang.com/
Logger:2020-03-16 23:39:40.038756 https://059678.fang.com/
Logger:2020-03-16 23:39:44.335673 https://bailuchengxxw0871.fang.com/
Logger:2020-03-16 23:39:44.731139 https://jinmaoguangchangwjb.fang.com/
Logger:2020-03-16 23:39:45.161527 https://kongquezhen.fang.com/
Logger:2020-03-16 23:39:48.936389 https://km.newhouse.fang.com/house/s/b96/
Logger:2020-03-16 23:39:49.280545 https://dianchi1hao.fang.com/
Logger:2020-03-16 23:39:49.630842 https://longhutiandi0871.fang.com/
Logger:2020-03-16 23:39:49.973335 https://wenquanshangu.fang.com/
Logger:2020-03-16 23:39:50.432525 https://longchuanfubgy.fang.com/
Logger:2020-03-16 23:39:50.750674 https://fuliwan0871.fang.com/
Logger:2020-03-16 23:39:51.117721 https://huadushiquhqc.fang.com/
Logger:2020-03-16 23:39:51.439998 https://168170.fang.com/
Logger:2020-03-16 23:39:54.412822 https://songmingbiguiyuan.fang.com/
Logger:2020-03-16 23:39:54.745966 https://kmhdwhlyc.fang.com/
Logger:2020-03-16 23:39:55.115020 https://yunhaiyihaojd.fang.com/
Logger:2020-03-16 23:39:55.517947 https://luhuguojihyn.fang.com/
Logger:2020-03-16 23:39:55.923811 https://zhongyangguangchanghlb.fang.com/
Logger:2020-03-16 23:39:56.339698 https://icchuanqiuguangchang.fang.com/
Logger:2020-03-16 23:39:56.947642 https://168482.fang.com/
Logger:2020-03-16 23:39:57.337191 https://168458.fang.com/
Logger:2020-03-16 23:39:57.706203 https://wdxsbngjdjq.fang.com/
Logger:2020-03-16 23:39:58.041308 https://168284.fang.com/
Logger:2020-03-16 23:39:58.351982 https://168378.fang.com/
Logger:2020-03-16 23:39:58.705431 https://168376.fang.com/
Logger:2020-03-16 23:39:59.031123 https://168146.fang.com/
Logger:2020-03-16 23:40:02.313080 https://km.newhouse.fang.com/house/s/b97/
Logger:2020-03-16 23:40:02.647697 https://gongyuantianxiadh.fang.com/
Logger:2020-03-16 23:40:03.045539 https://longshengfu.fang.com/
Logger:2020-03-16 23:40:03.355233 https://168480.fang.com/
Logger:2020-03-16 23:40:03.688342 https://zhaoshangyiwanjun.fang.com/
Logger:2020-03-16 23:40:04.026440 https://yishanjunzs0871.fang.com/
Logger:2020-03-16 23:40:04.351081 https://168450.fang.com/
Logger:2020-03-16 23:40:04.742161 https://chunmanshiguang.fang.com/
Logger:2020-03-16 23:40:05.102307 https://gudianshuiyunchenglgxcbgy.fang.com/
Logger:2020-03-16 23:40:05.448381 https://168500.fang.com/
Logger:2020-03-16 23:40:05.837341 https://167862.fang.com/
Logger:2020-03-16 23:40:06.196927 https://168488.fang.com/
Logger:2020-03-16 23:40:06.548575 https://kunmingweilaizhicheng.fang.com/
Logger:2020-03-16 23:40:06.876368 https://168456.fang.com/
Logger:2020-03-16 23:40:07.240398 https://168472.fang.com/
Logger:2020-03-16 23:40:07.663305 https://167966.fang.com/
Logger:2020-03-16 23:40:08.031366 https://168244.fang.com/
Logger:2020-03-16 23:40:08.346711 https://hengdayunbaohuafu.fang.com/
Logger:2020-03-16 23:40:08.812015 https://yihe1898bdzy.fang.com/
Logger:2020-03-16 23:40:09.206924 https://banshanyunfuhc.fang.com/
Logger:2020-03-16 23:40:09.568952 https://xiangshanfudr.fang.com/
Logger:2020-03-16 23:40:12.895002 https://km.newhouse.fang.com/house/s/b98/
Logger:2020-03-16 23:40:13.299918 https://hafozhongxinyx.fang.com/
Logger:2020-03-16 23:40:13.666301 https://lanhujunyuanjf.fang.com/
Logger:2020-03-16 23:40:13.994491 https://guanyunhaijf.fang.com/
Logger:2020-03-16 23:40:14.426272 https://runcheng.fang.com/
Logger:2020-03-16 23:40:19.111564 https://hepanjunyuan.fang.com/
Logger:2020-03-16 23:40:19.510497 https://shilinxihuziyuan.fang.com/
Logger:2020-03-16 23:40:22.902014 https://huatianguojidujiaquzgdc.fang.com/
Logger:2020-03-16 23:40:23.377743 https://beichengyingxiangbgy.fang.com/
Logger:2020-03-16 23:40:23.769196 https://wancaicheng.fang.com/
Logger:2020-03-16 23:40:24.154451 https://junfacheng.fang.com/
Logger:2020-03-16 23:40:24.623198 https://yulongwanjf0871.fang.com/
Logger:2020-03-16 23:40:24.951358 https://jinyunfusl.fang.com/
Logger:2020-03-16 23:40:27.926322 https://yunxishu.fang.com/
Logger:2020-03-16 23:40:28.300330 https://guojixincheng0871.fang.com/
Logger:2020-03-16 23:40:28.614482 https://gongyuanyuefuhqc.fang.com/
Logger:2020-03-16 23:40:32.083635 https://shengtangchengjf.fang.com/
Logger:2020-03-16 23:40:32.427481 https://hengdacheng20871.fang.com/
Logger:2020-03-16 23:40:32.827109 https://shangweiguojiguangchang.fang.com/
Logger:2020-03-16 23:40:33.158475 https://dianchimingmen.fang.com/
Logger:2020-03-16 23:40:33.517586 https://yitianfengjf.fang.com/
Logger:2020-03-16 23:40:37.532341 https://km.newhouse.fang.com/house/s/b99/
Logger:2020-03-16 23:40:37.925290 https://fanyachengbang.fang.com/
Logger:2020-03-16 23:40:38.317320 https://moerchengmj.fang.com/
Logger:2020-03-16 23:40:41.046975 https://boxintianlaijun.fang.com/
Logger:2020-03-16 23:40:41.359140 https://zhongtieyunshidaiguangchang.fang.com/
Logger:2020-03-16 23:40:41.692249 https://baolidajia.fang.com/2/
Logger:2020-03-16 23:40:42.040358 https://donghaianld.fang.com/
Logger:2020-03-16 23:40:42.390374 https://qicaiyunnandiyicheng.fang.com/
Logger:2020-03-16 23:40:42.774132 https://handelanshanjt.fang.com/
Logger:2020-03-16 23:40:43.108985 https://lvtaiheyue.fang.com/
Logger:2020-03-16 23:40:45.848323 https://dongfangyadiancheng.fang.com/
Logger:2020-03-16 23:40:46.191440 https://rongchuanghaitunwan.fang.com/
Logger:2020-03-16 23:40:46.700688 https://tianjiaochengtianyue.fang.com/
Logger:2020-03-16 23:40:47.158502 https://aoyuan0871.fang.com/
Logger:2020-03-16 23:40:47.539473 https://milanchuntian0871.fang.com/
Logger:2020-03-16 23:40:50.140363 https://jingdianmingwangjiao.fang.com/
Logger:2020-03-16 23:40:50.539002 https://rongchengchunxiao.fang.com/
Logger:2020-03-16 23:40:52.481053 https://shilinmengxiangcheng.fang.com/
Logger:2020-03-16 23:40:52.827874 https://shijiyangguang0871.fang.com/
Logger:2020-03-16 23:40:54.754183 https://hongqiaoguojihqgongyu3.fang.com/
Logger:2020-03-16 23:40:55.088459 https://zhongyanggongyuanzjjd.fang.com/
Logger:2020-03-16 23:40:58.946324 https://km.newhouse.fang.com/house/s/b910/
Logger:2020-03-16 23:41:01.417443 https://changshuihangcheng.fang.com/
Logger:2020-03-16 23:41:01.905540 https://kccyunnanyingxiangbgy.fang.com/
Logger:2020-03-16 23:41:04.340010 https://xinghuibgy0871.fang.com/
Logger:2020-03-16 23:41:04.671160 https://rongchengchunxiao.fang.com/
Logger:2020-03-16 23:41:06.724512 https://168210.fang.com/
Logger:2020-03-16 23:41:07.118466 https://baolichunhu.fang.com/
Logger:2020-03-16 23:41:07.487175 https://167970.fang.com/
Logger:2020-03-16 23:41:07.902376 https://liangchengmeijing0871.fang.com/
Logger:2020-03-16 23:41:08.255432 https://longquanjunyuanjf.fang.com/
Logger:2020-03-16 23:41:08.737144 https://jinxiuyajunzj.fang.com/
Logger:2020-03-16 23:41:09.078940 https://yongjingwanzs0871.fang.com/
Logger:2020-03-16 23:41:10.429087 https://baolitangyue0871.fang.com/
Logger:2020-03-16 23:41:13.220451 https://dianchijunfu.fang.com/
Logger:2020-03-16 23:41:14.607394 https://bijimingcheng.fang.com/
Logger:2020-03-16 23:41:16.852480 https://oumengqingniangongguan.fang.com/
Logger:2020-03-16 23:41:19.240810 https://duduochengbanggf.fang.com/
Logger:2020-03-16 23:41:19.648729 https://botaichengbdzy.fang.com/
Logger:2020-03-16 23:41:22.112845 https://luyigongyuanzf.fang.com/
Logger:2020-03-16 23:41:22.495905 https://guangmingjingchen.fang.com/
Logger:2020-03-16 23:41:22.895145 https://chenggongwuyueguangchang.fang.com/
Logger:2020-03-16 23:41:27.099019 https://km.newhouse.fang.com/house/s/b911/
Logger:2020-03-16 23:41:29.133572 https://jingtaibgy.fang.com/
Logger:2020-03-16 23:41:29.534929 https://shoufuqiumayuezl.fang.com/
Logger:2020-03-16 23:41:29.939489 https://haochuangzhuoyue.fang.com/
Logger:2020-03-16 23:41:30.257462 https://chunchengshoufu.fang.com/
Logger:2020-03-16 23:41:30.588576 https://xinchenglangyue.fang.com/
Logger:2020-03-16 23:41:30.918757 https://kamuguojigongyu.fang.com/
Logger:2020-03-16 23:41:31.319658 https://yushanhudx.fang.com/
Logger:2020-03-16 23:41:31.667320 https://jiarichengshifanghua.fang.com/
Logger:2020-03-16 23:41:32.040853 https://yichengpgczijinzhongxin.fang.com/
Logger:2020-03-16 23:41:33.907123 https://dongxujuncheng.fang.com/
Logger:2020-03-16 23:41:35.931067 https://168350.fang.com/
Logger:2020-03-16 23:41:36.351145 https://hhtmsgjwqdjq.fang.com/
Logger:2020-03-16 23:41:36.858786 https://baolicheng0871.fang.com/
Logger:2020-03-16 23:41:37.155045 https://huaqiaochengyn.fang.com/
Logger:2020-03-16 23:41:37.585252 https://jincheng0871.fang.com/
Logger:2020-03-16 23:41:37.973214 https://tuodongjun.fang.com/
Logger:2020-03-16 23:41:38.366163 https://wanhuixingchenglanshanjunan.fang.com/
Logger:2020-03-16 23:41:38.769085 https://xinyuchenjinghf.fang.com/
Logger:2020-03-16 23:41:39.102313 https://shanshuirongchengan.fang.com/
Logger:2020-03-16 23:41:39.459010 https://yuxianshengdeshequ0871.fang.com/
Logger:2020-03-16 23:41:43.319742 https://km.newhouse.fang.com/house/s/b912/
Logger:2020-03-16 23:41:43.649860 https://banshanyufucj.fang.com/
Logger:2020-03-16 23:41:44.066247 https://jinshangjunyuan.fang.com/
Logger:2020-03-16 23:41:44.406521 https://yushanhudx.fang.com/
Logger:2020-03-16 23:41:44.739077 https://konggangchengjf.fang.com/
Logger:2020-03-16 23:41:48.679890 https://chunjiangmingyuelc0871.fang.com/
Logger:2020-03-16 23:41:51.053612 https://168256.fang.com/
Logger:2020-03-16 23:41:51.403676 https://kunmingguangchangtd.fang.com/
Logger:2020-03-16 23:41:51.830565 https://xinchengbiguiyuanyayue.fang.com/
Logger:2020-03-16 23:41:52.208942 https://168056.fang.com/
Logger:2020-03-16 23:41:52.529612 https://baolitanyue.fang.com/
Logger:2020-03-16 23:41:52.898687 https://dianchiyicheng.fang.com/
Logger:2020-03-16 23:41:53.275679 https://wanhuixingcheng.fang.com/
Logger:2020-03-16 23:41:53.636748 https://lingxiuzhishicheng.fang.com/
Logger:2020-03-16 23:41:53.990219 https://beiyun66.fang.com/
Logger:2020-03-16 23:41:54.298221 https://jinseshidai20871.fang.com/
Logger:2020-03-16 23:41:56.631768 https://jiuxiayunshuikelagongyu.fang.com/
Logger:2020-03-16 23:41:57.032620 https://jiantouguojidianshow.fang.com/
Logger:2020-03-16 23:41:57.449504 https://gongyuan1903.fang.com/
Logger:2020-03-16 23:41:57.927411 https://junfachengyijingfeng.fang.com/
Logger:2020-03-16 23:41:58.340080 https://gudianweilaicheng.fang.com/
Logger:2020-03-16 23:42:01.680759 https://km.newhouse.fang.com/house/s/b913/
Logger:2020-03-16 23:42:02.083722 https://kmthyqfmy.fang.com/
Logger:2020-03-16 23:42:02.461709 https://xitaibgy.fang.com/
Logger:2020-03-16 23:42:02.920559 https://jiangdongjingjie.fang.com/
Logger:2020-03-16 23:42:03.284580 https://lantaifuhx.fang.com/
Logger:2020-03-16 23:42:03.637336 https://yaoxingfengdanbailu.fang.com/
Logger:2020-03-16 23:42:03.997407 https://yunduhuild.fang.com/
Logger:2020-03-16 23:42:04.364917 https://hailunzhongxin.fang.com/
Logger:2020-03-16 23:42:05.362744 https://longquangongguanzh.fang.com/
Logger:2020-03-16 23:42:05.723783 https://yongjinshijialg0871.fang.com/
Logger:2020-03-16 23:42:08.539380 https://lanhubanshan0871.fang.com/
Logger:2020-03-16 23:42:08.965416 https://kunmingzhongxinbgy.fang.com/
Logger:2020-03-16 23:42:09.287092 https://nanyuecheng.fang.com/
Logger:2020-03-16 23:42:09.607199 https://biguiyuan0871.fang.com/
Logger:2020-03-16 23:42:10.036050 https://jinmayuecheng.fang.com/
Logger:2020-03-16 23:42:10.445389 https://lantingguangchang.fang.com/
Logger:2020-03-16 23:42:10.805426 https://tianyunznzlbgy.fang.com/
Logger:2020-03-16 23:42:11.145642 https://gaoxintiandihy.fang.com/
Logger:2020-03-16 23:42:11.582508 https://yilinshangdou.fang.com/
Logger:2020-03-16 23:42:11.965449 https://k9zhongxin.fang.com/
Logger:2020-03-16 23:42:12.294079 https://jiuyunshan.fang.com/
Logger:2020-03-16 23:42:16.014605 https://km.newhouse.fang.com/house/s/b914/
Logger:2020-03-16 23:42:16.378259 https://henglongguangchang0871.fang.com/
Logger:2020-03-16 23:42:18.927813 https://anning.newhouse.fang.com/house/3426202738.htm
Logger:2020-03-16 23:42:19.247954 https://bangshengguangchang.fang.com/
Logger:2020-03-16 23:42:21.292200 https://anning.newhouse.fang.com/house/3426202748.htm
Logger:2020-03-16 23:42:21.617786 https://shidaimaogangan.fang.com/
Logger:2020-03-16 23:42:22.010804 https://yunxidazhaizh.fang.com/
Logger:2020-03-16 23:42:22.359801 https://dianchichuanshuo0871.fang.com/
Logger:2020-03-16 23:42:22.685062 https://shilichengweilaigang2.fang.com/
Logger:2020-03-16 23:42:23.053267 https://168496.fang.com/
Logger:2020-03-16 23:42:23.428350 https://xilunanjun.fang.com/
Logger:2020-03-16 23:42:23.815316 https://168478.fang.com/
Logger:2020-03-16 23:42:24.164381 https://luotuowan0871.fang.com/
Logger:2020-03-16 23:42:24.520060 https://yunnanyuanxiangyjl0871.fang.com/
Logger:2020-03-16 23:42:24.971749 https://jiuxiayunshuijf.fang.com/
Logger:2020-03-16 23:42:25.327910 https://168486.fang.com/
Logger:2020-03-16 23:42:25.675983 https://jiahuxixiangyuan.fang.com/
Logger:2020-03-16 23:42:26.248040 https://megongyu.fang.com/
Logger:2020-03-16 23:42:26.845049 https://xingyeguoji.fang.com/
Logger:2020-03-16 23:42:27.234959 https://shanshuitianshiwan.fang.com/
Logger:2020-03-16 23:42:29.028254 https://jinxiushidaiyl.fang.com/
Logger:2020-03-16 23:42:32.686684 https://km.newhouse.fang.com/house/s/b915/
Logger:2020-03-16 23:42:34.494869 https://fangzhoutiandidn.fang.com/
Logger:2020-03-16 23:42:34.840997 https://yjlxsly.fang.com/
Logger:2020-03-16 23:42:35.169089 https://167782.fang.com/
Logger:2020-03-16 23:42:35.509792 https://wergongyujd.fang.com/
Logger:2020-03-16 23:42:35.842923 https://wuyueguangchangkman.fang.com/
Logger:2020-03-16 23:42:36.124507 https://dianchigaoerfuyulongwanan.fang.com/
Logger:2020-03-16 23:42:36.476601 https://zhongliangbocui.fang.com/
Logger:2020-03-16 23:42:36.901427 https://168508.fang.com/
Logger:2020-03-16 23:42:37.183296 https://wenhuakongjian.fang.com/
Logger:2020-03-16 23:42:37.499016 https://yuanjingchengshiguangchang.fang.com/
Logger:2020-03-16 23:42:37.783831 https://shuxianglinyuyuan.fang.com/
Logger:2020-03-16 23:42:38.108935 https://168240.fang.com/
Logger:2020-03-16 23:42:38.417072 https://jinhushengjingan.fang.com/
Logger:2020-03-16 23:42:38.759197 https://yaoxinggongguan.fang.com/
Logger:2020-03-16 23:42:39.160640 https://xinrenyuan.fang.com/
Logger:2020-03-16 23:42:39.508750 https://shuirunjiangshan.fang.com/
Logger:2020-03-16 23:42:39.833483 https://anning.newhouse.fang.com/house/3426202720.htm
Logger:2020-03-16 23:42:40.118683 https://nanpingmao.fang.com/
Logger:2020-03-16 23:42:40.406912 https://junfachunzhiyan.fang.com/
Logger:2020-03-16 23:42:40.663226 https://km.newhouse.fang.com/house/3410168442.htm
Logger:2020-03-16 23:42:45.977727 https://km.newhouse.fang.com/house/s/b916/
Logger:2020-03-16 23:42:46.475395 https://167944.fang.com/
Logger:2020-03-16 23:42:46.874102 https://168250.fang.com/
Logger:2020-03-16 23:42:47.211320 https://168306.fang.com/
Logger:2020-03-16 23:42:47.585523 https://jinsefengjingcj.fang.com/
Logger:2020-03-16 23:42:47.899750 https://aolinpikejizhecunan.fang.com/
Logger:2020-03-16 23:42:48.207858 https://168190.fang.com/
Logger:2020-03-16 23:42:48.544031 https://longruiwangchengan.fang.com/
Logger:2020-03-16 23:42:48.932051 https://slylyl.fang.com/
Logger:2020-03-16 23:42:49.297650 https://wenquanbandao.fang.com/
Logger:2020-03-16 23:42:49.624762 https://boxinguoji.fang.com/
Logger:2020-03-16 23:42:49.914987 https://lanwanjunyuanjf.fang.com/
Logger:2020-03-16 23:42:50.271050 https://zhongnanshierji.fang.com/
Logger:2020-03-16 23:42:50.589317 https://168502.fang.com/
Logger:2020-03-16 23:42:50.891954 https://yiyunjunzs0871.fang.com/
Logger:2020-03-16 23:42:51.157205 https://168490.fang.com/
Logger:2020-03-16 23:42:51.508265 https://banshantiwan.fang.com/
Logger:2020-03-16 23:42:51.813542 https://xinanyi.fang.com/
Logger:2020-03-16 23:42:52.106853 https://yeyahu.fang.com/
Logger:2020-03-16 23:42:52.436710 https://168498.fang.com/
Logger:2020-03-16 23:42:52.829699 https://mingshengshijiehf.fang.com/
Logger:2020-03-16 23:42:56.526132 https://km.newhouse.fang.com/house/s/b917/
Logger:2020-03-16 23:42:59.099761 https://xuefuhanyuan.fang.com/
Logger:2020-03-16 23:43:02.431277 https://gantongbieshudl.fang.com/
Logger:2020-03-16 23:43:02.829211 https://dayoucheng.fang.com/
Logger:2020-03-16 23:43:03.179278 https://yupuxinyuan0871.fang.com/
Logger:2020-03-16 23:43:05.450002 https://runqizhongxin.fang.com/
Logger:2020-03-16 23:43:05.834724 https://zhongtiancheng.fang.com/
Logger:2020-03-16 23:43:06.263463 https://yongheguangchan.fang.com/
Logger:2020-03-16 23:43:06.734179 https://jinningwuyueguangchang.fang.com/
Logger:2020-03-16 23:43:07.172992 https://yunxijind.fang.com/
Logger:2020-03-16 23:43:07.504694 https://lianhuachipan.fang.com/
Logger:2020-03-16 23:43:07.936886 https://jinkangfuchunyuyuan.fang.com/
Logger:2020-03-16 23:43:08.256992 https://longshanbieshuan.fang.com/
Logger:2020-03-16 23:43:08.583119 https://jinsechengbang0871.fang.com/2/
Logger:2020-03-16 23:43:08.946652 https://ynyl.newhouse.fang.com/house/3429249522.htm
Logger:2020-03-16 23:43:11.045698 https://huaxinyuefeng.fang.com/
Logger:2020-03-16 23:43:11.372896 https://yuntouzhongxin.fang.com/
Logger:2020-03-16 23:43:11.692386 https://168474.fang.com/
Logger:2020-03-16 23:43:12.029521 https://yunnanfandian.fang.com/
Logger:2020-03-16 23:43:13.412300 https://yunlingshengshijiayuanan.fang.com/
Logger:2020-03-16 23:43:13.778864 https://280946.fang.com/
Logger:2020-03-16 23:43:17.435804 https://km.newhouse.fang.com/house/s/b918/
Logger:2020-03-16 23:43:17.771492 https://167932.fang.com/
Logger:2020-03-16 23:43:18.175409 https://yisjlc.fang.com/
Logger:2020-03-16 23:43:18.493559 https://168178.fang.com/
Logger:2020-03-16 23:43:18.872545 https://168246.fang.com/
Logger:2020-03-16 23:43:21.054126 https://xishanshuianan.fang.com/
Logger:2020-03-16 23:43:21.430738 https://054888.fang.com/
Logger:2020-03-16 23:43:21.804882 https://jinselixiangan.fang.com/
Logger:2020-03-16 23:43:24.387219 https://mengyunnanweilanshanhai.fang.com/
Logger:2020-03-16 23:43:24.721287 https://dlmwlywhxz.fang.com/
Logger:2020-03-16 23:43:25.160068 https://yunxiaochengan.fang.com/
Logger:2020-03-16 23:43:25.496169 https://shoulinggongguanan.fang.com/
Logger:2020-03-16 23:43:27.435037 https://168112.fang.com/
Logger:2020-03-16 23:43:28.874811 https://jinhushengjing.fang.com/2/
Logger:2020-03-16 23:43:29.570077 https://yuhuahuanqiuluxury.fang.com/
Logger:2020-03-16 23:43:29.976987 https://huanlesonggx.fang.com/
Logger:2020-03-16 23:43:30.455418 https://baolininghuyihaoan.fang.com/
Logger:2020-03-16 23:43:30.789473 https://donghuxintiandian.fang.com/
Logger:2020-03-16 23:43:32.869414 https://kaixuanxigu.fang.com/
Logger:2020-03-16 23:43:33.334668 https://luosiwanzhongxin.fang.com/
Logger:2020-03-16 23:43:33.776497 https://shidaizhongxinjd.fang.com/
Logger:2020-03-16 23:43:37.052389 https://km.newhouse.fang.com/house/s/b919/
Logger:2020-03-16 23:43:39.532527 https://dingchengguoji0871.fang.com/
Logger:2020-03-16 23:43:39.985340 https://167522.fang.com/
Logger:2020-03-16 23:43:40.353360 https://shangyeguangchangxdc.fang.com/
Logger:2020-03-16 23:43:40.768250 https://aoxinfuwushigongyu.fang.com/
Logger:2020-03-16 23:43:41.304815 https://267656.fang.com/
Logger:2020-03-16 23:43:41.752240 https://haomenjinzuo.fang.com/
Logger:2020-03-16 23:43:42.099005 https://pingguochengan.fang.com/
Logger:2020-03-16 23:43:42.456049 https://168028.fang.com/
Logger:2020-03-16 23:43:42.934768 https://fuchunshanjvan.fang.com/
Logger:2020-03-16 23:43:43.301239 https://di7jiequ.fang.com/
Logger:2020-03-16 23:43:43.614789 https://168150.fang.com/
Logger:2020-03-16 23:43:43.966844 https://cgxdcsygc.fang.com/
Logger:2020-03-16 23:43:44.252081 https://168044.fang.com/
Logger:2020-03-16 23:43:44.623089 https://168114.fang.com/
Logger:2020-03-16 23:43:46.281355 https://anning.newhouse.fang.com/house/3426202740.htm
Logger:2020-03-16 23:43:46.666097 https://168322.fang.com/
Logger:2020-03-16 23:43:47.010176 https://xinluosiwanlanhujunyuanjf.fang.com/
Logger:2020-03-16 23:43:47.300400 https://konggangguomenshanglvqukm.fang.com/
Logger:2020-03-16 23:43:47.655450 https://longwan1hao.fang.com/
Logger:2020-03-16 23:43:47.990337 https://jinhengcaifuguangchang.fang.com/
Logger:2020-03-16 23:43:51.251067 https://km.newhouse.fang.com/house/s/b920/
Logger:2020-03-16 23:43:51.572867 https://zhongnanchengan.fang.com/
Logger:2020-03-16 23:43:51.889022 https://gaotieshidaiguangchang0871.fang.com/
Logger:2020-03-16 23:43:52.250058 https://168392.fang.com/
Logger:2020-03-16 23:43:53.844471 https://168416.fang.com/
Logger:2020-03-16 23:43:54.150161 https://168136.fang.com/
Logger:2020-03-16 23:43:54.466745 https://jinseguojian.fang.com/
Logger:2020-03-16 23:43:54.873267 https://167938.fang.com/
Logger:2020-03-16 23:43:55.282174 https://168088.fang.com/
Logger:2020-03-16 23:43:56.607017 https://anning.newhouse.fang.com/house/3426202744.htm
Logger:2020-03-16 23:43:56.949102 https://wenquanwuyuean.fang.com/
Logger:2020-03-16 23:43:57.342051 https://anningshimaoguangchangan.fang.com/
Logger:2020-03-16 23:43:57.638765 https://anning.newhouse.fang.com/house/3426202746.htm
Logger:2020-03-16 23:43:57.999520 https://yunxijiankangchengan.fang.com/
Logger:2020-03-16 23:43:58.316823 https://168118.fang.com/
Logger:2020-03-16 23:43:58.690356 https://xueliguoji.fang.com/
Logger:2020-03-16 23:43:58.970606 https://chexingtianxiaxindongji.fang.com/
Logger:2020-03-16 23:43:59.257836 https://xuelishujingyihaoan.fang.com/
Logger:2020-03-16 23:43:59.580972 https://guangruizhongxin.fang.com/
Logger:2020-03-16 23:43:59.883366 https://ninghuwanguochengan.fang.com/
Logger:2020-03-16 23:44:00.234320 https://168022.fang.com/
Logger:2020-03-16 23:44:04.036999 https://km.newhouse.fang.com/house/s/b921/
Logger:2020-03-16 23:44:04.364645 https://donghuanzhouji.fang.com/
Logger:2020-03-16 23:44:04.654868 https://huachuguojichanyechengan.fang.com/
Logger:2020-03-16 23:44:07.399977 https://anningjinsetangchuanshangmaochengan.fang.com/
Logger:2020-03-16 23:44:07.766995 https://shidaiguangchanghr0871.fang.com/
Logger:2020-03-16 23:44:08.046257 https://minghuizhongxin.fang.com/
Logger:2020-03-16 23:44:08.312573 https://shuangchengjishangwuzhongxin.fang.com/
Logger:2020-03-16 23:44:09.964131 https://xichengxinjing.fang.com/
Logger:2020-03-16 23:44:10.322173 https://shiboli.fang.com/
Logger:2020-03-16 23:44:10.631925 https://jinrongshangwuzhongxindc.fang.com/
Logger:2020-03-16 23:44:10.931158 https://xinshidaiguangchang0871.fang.com/
Logger:2020-03-16 23:44:11.279646 https://jkgjjrzx.fang.com/
Logger:2020-03-16 23:44:12.751220 https://shdmswds.fang.com/
Logger:2020-03-16 23:44:13.017509 https://kmsjmyzx.fang.com/
Logger:2020-03-16 23:44:13.379967 https://yunanmutianxia.fang.com/
Logger:2020-03-16 23:44:17.045365 https://km.newhouse.fang.com/house/s/b922/
Logger:2020-03-16 23:44:20.478516 https://km.newhouse.fang.com/house/s/b923/
Logger:2020-03-16 23:44:23.971218 https://km.newhouse.fang.com/house/s/b924/
