Logger:2020-03-16 14:21:18.933660 https://ks.newhouse.fang.com/house/s/b91/
Logger:2020-03-16 14:21:19.251858 https://lantingduhui0512.fang.com/
Logger:2020-03-16 14:21:19.562010 https://wuhusiji.fang.com/
Logger:2020-03-16 14:21:19.929996 https://tongjinjunlin.fang.com/
Logger:2020-03-16 14:21:20.320950 https://xijiaoyufuxy.fang.com/
Logger:2020-03-16 14:21:20.673007 https://skyparkyunpuwkxy.fang.com/
Logger:2020-03-16 14:21:20.992153 https://puyuewan0512.fang.com/
Logger:2020-03-16 14:21:21.389141 https://gongyuanyihao0512.fang.com/
Logger:2020-03-16 14:21:21.752175 https://suhegongyuanldxy.fang.com/
Logger:2020-03-16 14:21:22.059298 https://puximeiguiyuansh.fang.com/
Logger:2020-03-16 14:21:22.390451 https://duchengxy.fang.com/
Logger:2020-03-16 14:21:22.827281 https://shangwanjingyuan.fang.com/
Logger:2020-03-16 14:21:23.104503 https://186114.fang.com/
Logger:2020-03-16 14:21:23.409686 https://shuiyueyuananhuayuan.fang.com/
Logger:2020-03-16 14:21:23.788672 https://linglongjunls0512.fang.com/
Logger:2020-03-16 14:21:24.107818 https://bocuitiandi.fang.com/
Logger:2020-03-16 14:21:24.426966 https://lantinglongfu.fang.com/
Logger:2020-03-16 14:21:24.725210 https://yulangongguanks.fang.com/
Logger:2020-03-16 14:21:25.104153 https://mengyuejiayuan.fang.com/
Logger:2020-03-16 14:21:25.412328 https://mixtownwk.fang.com/
Logger:2020-03-16 14:21:25.787325 https://zhenwang.fang.com/
Logger:2020-03-16 14:21:29.393712 https://ks.newhouse.fang.com/house/s/b92/
Logger:2020-03-16 14:21:29.657971 https://gedimingmen.fang.com/
Logger:2020-03-16 14:21:29.959165 https://shilifanghuabgy.fang.com/
Logger:2020-03-16 14:21:30.366077 https://eshiguanghmsw.fang.com/
Logger:2020-03-16 14:21:30.857807 https://yihetianyuehuayuan.fang.com/
Logger:2020-03-16 14:21:31.124091 https://weilaijiequls0512.fang.com/
Logger:2020-03-16 14:21:31.535993 https://yijiubabj.fang.com/
Logger:2020-03-16 14:21:31.906020 https://yunjingtaihuayuan.fang.com/
Logger:2020-03-16 14:21:32.212138 https://taolichunfenghuayuan.fang.com/
Logger:2020-03-16 14:21:32.513370 https://guanyuanhepan.fang.com/
Logger:2020-03-16 14:21:32.858409 https://binjiangyuhuayuan.fang.com/
Logger:2020-03-16 14:21:33.318218 https://186090.fang.com/
Logger:2020-03-16 14:21:33.603416 https://tianyihuatingyy.fang.com/
Logger:2020-03-16 14:21:33.946498 https://heshengyiting.fang.com/
Logger:2020-03-16 14:21:34.392348 https://zhujiangyujing0512.fang.com/
Logger:2020-03-16 14:21:34.731399 https://zonglvwan0512.fang.com/
Logger:2020-03-16 14:21:35.122395 https://yuedusc0512.fang.com/
Logger:2020-03-16 14:21:35.536245 https://yulonggongtingjdy0512.fang.com/
Logger:2020-03-16 14:21:35.887348 https://chengxiyinxiangszt.fang.com/
Logger:2020-03-16 14:21:36.238367 https://gongyuandadaowk0512.fang.com/
Logger:2020-03-16 14:21:36.855716 https://yihaodsh.fang.com/
Logger:2020-03-16 14:21:40.169868 https://ks.newhouse.fang.com/house/s/b93/
Logger:2020-03-16 14:21:40.545844 https://mengzhiyuejb.fang.com/
Logger:2020-03-16 14:21:40.915854 https://jiufangcheng.fang.com/
Logger:2020-03-16 14:21:41.416515 https://duhuixinfengkd.fang.com/
Logger:2020-03-16 14:21:41.826418 https://jingyuefuzt.fang.com/
Logger:2020-03-16 14:21:42.162561 https://weilaizhichengwk0512.fang.com/
Logger:2020-03-16 14:21:42.518566 https://kunchengjingyuan.fang.com/
Logger:2020-03-16 14:21:42.906529 https://fangzhengmingmen.fang.com/
Logger:2020-03-16 14:21:43.306479 https://langqiaogongguan.fang.com/
Logger:2020-03-16 14:21:48.138580 https://shengyueju0512.fang.com/
Logger:2020-03-16 14:21:48.424767 https://xiyuetanglihuayuan.fang.com/
Logger:2020-03-16 14:21:48.806787 https://haishangchuanqiwk0512.fang.com/
Logger:2020-03-16 14:21:49.148829 https://hengyuanziyun.fang.com/
Logger:2020-03-16 14:21:49.471965 https://yuhuayuanqd.fang.com/
Logger:2020-03-16 14:21:49.890883 https://xiangyiboyue.fang.com/
Logger:2020-03-16 14:21:50.197026 https://yunguzhouzhuang.fang.com/
Logger:2020-03-16 14:21:51.131525 https://yueyangguoji0512.fang.com/
Logger:2020-03-16 14:21:51.397813 https://cuihuwanhuayuanryg.fang.com/
Logger:2020-03-16 14:21:51.730922 https://biyuewan.fang.com/
Logger:2020-03-16 14:21:52.115956 https://tangguogongyuangh.fang.com/
Logger:2020-03-16 14:21:52.451028 https://liuanchunfenglc.fang.com/
Logger:2020-03-16 14:21:56.485233 https://ks.newhouse.fang.com/house/s/b94/
Logger:2020-03-16 14:21:56.794376 https://186054.fang.com/
Logger:2020-03-16 14:21:57.090584 https://beichengxinjing.fang.com/
Logger:2020-03-16 14:21:57.419703 https://shuiyuezhouzhuang0512.fang.com/
Logger:2020-03-16 14:21:57.893437 https://yuhuayuanhuaxigongguan.fang.com/
Logger:2020-03-16 14:21:58.897751 https://huaduyishu.fang.com/
Logger:2020-03-16 14:21:59.196950 https://zuoanshanghaiwan.fang.com/
Logger:2020-03-16 14:21:59.597919 https://jiuyangxiangjun.fang.com/
Logger:2020-03-16 14:21:59.920051 https://pinyuan.fang.com/
Logger:2020-03-16 14:22:00.264094 https://menglifangbgy.fang.com/
Logger:2020-03-16 14:22:00.571315 https://xiangyishangcheng.fang.com/
Logger:2020-03-16 14:22:00.982209 https://longchenyuanzi.fang.com/
Logger:2020-03-16 14:22:01.298329 https://kunshanmeiguiyuanlc.fang.com/
Logger:2020-03-16 14:22:01.597527 https://hongtuguojihuayuan.fang.com/
Logger:2020-03-16 14:22:02.070263 https://mengshijiehq2.fang.com/
Logger:2020-03-16 14:22:02.363479 https://xinhewanks.fang.com/
Logger:2020-03-16 14:22:02.721521 https://jinhuyintan20512.fang.com/
Logger:2020-03-16 14:22:03.032688 https://yujingyuan20512.fang.com/
Logger:2020-03-16 14:22:03.375769 https://jinbojiayuan0512.fang.com/
Logger:2020-03-16 14:22:03.794650 https://huadeligongyuanyihao.fang.com/
Logger:2020-03-16 14:22:04.147746 https://jiantaoyuyuan.fang.com/
Logger:2020-03-16 14:22:07.723140 https://ks.newhouse.fang.com/house/s/b95/
Logger:2020-03-16 14:22:08.042329 https://lianganxinduxin.fang.com/
Logger:2020-03-16 14:22:08.402324 https://lumingjiulidh.fang.com/
Logger:2020-03-16 14:22:08.861096 https://huangjinhaianbw.fang.com/
Logger:2020-03-16 14:22:09.235096 https://bojuedadi0512.fang.com/
Logger:2020-03-16 14:22:09.560226 https://yueshanghai.fang.com/
Logger:2020-03-16 14:22:09.896374 https://dianshanhuacheng2.fang.com/
Logger:2020-03-16 14:22:10.234422 https://huguangli2.fang.com/
Logger:2020-03-16 14:22:10.697184 https://yangguangtiandi0512.fang.com/
Logger:2020-03-16 14:22:11.003408 https://xinchengmengxiangbox.fang.com/
Logger:2020-03-16 14:22:11.285610 https://dingyuanmeishu0512.fang.com/
Logger:2020-03-16 14:22:11.663599 https://sanshuixiaolin.fang.com/
Logger:2020-03-16 14:22:12.053594 https://binjianghuangguansc.fang.com/
Logger:2020-03-16 14:22:12.370707 https://changtaidhgy.fang.com/
Logger:2020-03-16 14:22:12.679882 https://jiangyunmingyuanjy.fang.com/
Logger:2020-03-16 14:22:13.009998 https://gohoyuecheng.fang.com/
Logger:2020-03-16 14:22:13.280310 https://guojizhongxinks.fang.com/
Logger:2020-03-16 14:22:13.584460 https://honghuishouxi.fang.com/
Logger:2020-03-16 14:22:13.887685 https://henghaiguojihuayuannf.fang.com/
Logger:2020-03-16 14:22:14.257660 https://tianrunshangyuan.fang.com/
Logger:2020-03-16 14:22:14.603734 https://luchengyipin0512.fang.com/
Logger:2020-03-16 14:22:17.897921 https://ks.newhouse.fang.com/house/s/b96/
Logger:2020-03-16 14:22:20.708436 https://huangjiaals.fang.com/
Logger:2020-03-16 14:22:21.001618 https://dianshanhuyuanzi.fang.com/
Logger:2020-03-16 14:22:21.308799 https://meiguihubin.fang.com/
Logger:2020-03-16 14:22:21.605005 https://youranyaju.fang.com/
Logger:2020-03-16 14:22:21.964044 https://jiantaolangfeng.fang.com/
Logger:2020-03-16 14:22:22.265239 https://dongfangguojiguangchang20512.fang.com/
Logger:2020-03-16 14:22:22.543494 https://napaxiti.fang.com/
Logger:2020-03-16 14:22:22.881589 https://yinxianggaodiay.fang.com/shop/
Logger:2020-03-16 14:22:23.149890 https://xingyuetiandi.fang.com/
Logger:2020-03-16 14:22:23.418192 https://baochengguojishangquan.fang.com/
Logger:2020-03-16 14:22:23.728324 https://zhongnanxiyue0512.fang.com/
Logger:2020-03-16 14:22:25.856630 https://tongchengpujiangzhongxin.fang.com/
Logger:2020-03-16 14:22:26.126946 https://hongyuanduhuiguoji.fang.com/
Logger:2020-03-16 14:22:26.437120 https://zhongchuangshangyezhongxinzk.fang.com/
Logger:2020-03-16 14:22:26.675441 https://txgjswgc.fang.com/
Logger:2020-03-16 14:22:26.959688 https://fuliwan0512.fang.com/
Logger:2020-03-16 14:22:27.247944 https://feicuimingdu0512.fang.com/
Logger:2020-03-16 14:22:27.625898 https://weilaichengzd.fang.com/
Logger:2020-03-16 14:22:27.917124 https://huaqiaogongguan20512.fang.com/
Logger:2020-03-16 14:22:28.185447 https://lichengbdzy.fang.com/
Logger:2020-03-16 14:22:32.176723 https://ks.newhouse.fang.com/house/s/b97/
Logger:2020-03-16 14:22:32.489885 https://shangjingyuan0512.fang.com/2/
Logger:2020-03-16 14:22:32.808059 https://xiaolinxintiandi.fang.com/2/
Logger:2020-03-16 14:22:33.094309 https://dianhutaoyuanyj0512.fang.com/
Logger:2020-03-16 14:22:33.450317 https://185852.fang.com/
Logger:2020-03-16 14:22:33.784458 https://1858500512.fang.com/
Logger:2020-03-16 14:22:34.094663 https://yuhuayuanzp.fang.com/
Logger:2020-03-16 14:22:34.479562 https://shidaiyuhu.fang.com/
Logger:2020-03-16 14:22:34.861541 https://babilunguojiguangchang.fang.com/
Logger:2020-03-16 14:22:35.189663 https://185854.fang.com/
Logger:2020-03-16 14:22:35.493893 https://mokaxiaozhen.fang.com/
Logger:2020-03-16 14:22:35.939694 https://weilaizhongxinld0512.fang.com/
Logger:2020-03-16 14:22:36.214920 https://shuixiujiangnan.fang.com/
Logger:2020-03-16 14:22:36.518154 https://alishanhuayuan0512.fang.com/
Logger:2020-03-16 14:22:36.840248 https://186048.fang.com/
Logger:2020-03-16 14:22:37.132466 https://185802.fang.com/
Logger:2020-03-16 14:22:40.283038 https://185754.fang.com/
Logger:2020-03-16 14:22:40.737821 https://bailuwan0512.fang.com/shop/
Logger:2020-03-16 14:22:41.006104 https://yunhuyushu.fang.com/
Logger:2020-03-16 14:22:41.374118 https://shidailanzuangh.fang.com/
Logger:2020-03-16 14:22:41.662384 https://186104.fang.com/
Logger:2020-03-16 14:22:45.317569 https://ks.newhouse.fang.com/house/s/b98/
Logger:2020-03-16 14:22:45.611782 https://shouchuangqinglvdaoshang.fang.com/
Logger:2020-03-16 14:22:45.992763 https://185786.fang.com/
Logger:2020-03-16 14:22:48.430243 https://lingfengguoji0512.fang.com/
Logger:2020-03-16 14:22:48.718471 https://guojiguangchangblm.fang.com/
Logger:2020-03-16 14:22:48.990781 https://lantingyuan20512.fang.com/
Logger:2020-03-16 14:22:49.302937 https://kunshanzhongxin.fang.com/
Logger:2020-03-16 14:22:49.565207 https://185996.fang.com/
Logger:2020-03-16 14:22:49.868395 https://186056.fang.com/
Logger:2020-03-16 14:22:50.159615 https://wutongguangchang.fang.com/
Logger:2020-03-16 14:22:50.500703 https://yingjun0512.fang.com/
Logger:2020-03-16 14:22:50.795914 https://shangyezhongxinwl0512.fang.com/
Logger:2020-03-16 14:22:51.016324 https://zhongxinguangchang0512.fang.com/
Logger:2020-03-16 14:22:51.305582 https://yunhu92shu.fang.com/
Logger:2020-03-16 14:22:51.684575 https://186050.fang.com/
Logger:2020-03-16 14:22:52.065518 https://shanhaitianshangmaocheng.fang.com/
Logger:2020-03-16 14:22:52.330808 https://186052.fang.com/
Logger:2020-03-16 14:22:52.616045 https://weipengjinjun.fang.com/
Logger:2020-03-16 14:22:52.942230 https://kejichanyeyuanszsm.fang.com/
Logger:2020-03-16 14:22:53.235388 https://gongyepinbolanchengmjt.fang.com/
Logger:2020-03-16 14:22:53.516635 https://jiantaoguangchang0512.fang.com/office/
Logger:2020-03-16 14:22:57.213770 https://ks.newhouse.fang.com/house/s/b99/
Logger:2020-03-16 14:22:57.484021 https://zhongxingchengjiguangchang.fang.com/
Logger:2020-03-16 14:22:57.815166 https://kaixuanguojiguangchang0512.fang.com/
Logger:2020-03-16 14:22:58.087408 https://lianbangguojishangwuhuayuan.fang.com/
Logger:2020-03-16 14:22:58.385645 https://185982.fang.com/
Logger:2020-03-16 14:22:58.731685 https://qingsongmall.fang.com/
Logger:2020-03-16 14:22:59.002990 https://kunchengyinzuo.fang.com/
Logger:2020-03-16 14:23:00.378329 https://185810.fang.com/
Logger:2020-03-16 14:23:00.691442 https://yingzhitangsh.fang.com/
Logger:2020-03-16 14:23:01.047525 https://ksgjjrzxifc.fang.com/
Logger:2020-03-16 14:23:01.377613 https://185790.fang.com/
Logger:2020-03-16 14:23:01.725675 https://huangjiamatou0512.fang.com/
Logger:2020-03-16 14:23:02.196452 https://jiajuguangchangmjt.fang.com/
Logger:2020-03-16 14:23:02.477664 https://185994.fang.com/
Logger:2020-03-16 14:23:02.782846 https://qclbjcgzx.fang.com/
Logger:2020-03-16 14:23:03.104985 https://kaixuanmen0512.fang.com/
Logger:2020-03-16 14:23:07.034514 https://xiangyulonggongguan.fang.com/
Logger:2020-03-16 14:23:07.344644 https://rushanggongguan.fang.com/
Logger:2020-03-16 14:23:07.611967 https://jinkaizhongxin.fang.com/
Logger:2020-03-16 14:23:07.931118 https://dibaoguojidasha0512.fang.com/
Logger:2020-03-16 14:23:08.245234 https://kunchengguomao2.fang.com/
Logger:2020-03-16 14:23:11.772796 https://ks.newhouse.fang.com/house/s/b910/
Logger:2020-03-16 14:23:11.968274 https://huafengqichecheng.fang.com/2/
Logger:2020-03-16 14:23:15.526755 https://ks.newhouse.fang.com/house/s/b911/
Logger:2020-03-16 14:23:19.473198 https://ks.newhouse.fang.com/house/s/b912/
Logger:2020-03-16 14:23:22.925961 https://ks.newhouse.fang.com/house/s/b913/
