Logger:2020-03-16 14:53:04.049050 https://ksys.newhouse.fang.com/house/s/b91/
Logger:2020-03-16 14:53:04.305365 https://flyst0793.fang.com/
Logger:2020-03-16 14:53:04.584650 https://gtwlc.fang.com/
Logger:2020-03-16 14:53:07.730239 https://ksys.newhouse.fang.com/house/1856267266.htm
Logger:2020-03-16 14:53:09.797673 https://zhongyanggongyuanyuhongys.fang.com/
Logger:2020-03-16 14:53:10.051029 https://jinyumingduyudingys.fang.com/
Logger:2020-03-16 14:53:11.706565 https://yshyzlsf.fang.com/
Logger:2020-03-16 14:53:14.573895 https://ksys.newhouse.fang.com/house/1856267264.htm
Logger:2020-03-16 14:53:16.828899 https://ksys.newhouse.fang.com/house/1856267272.htm
Logger:2020-03-16 14:53:17.097187 https://wanliujiangnanyushan.fang.com/
Logger:2020-03-16 14:53:17.343528 https://caifuyuanyushan.fang.com/
Logger:2020-03-16 14:53:17.557913 https://huayundongfangjiayuanyushan.fang.com/
Logger:2020-03-16 14:53:19.288284 https://ksys.newhouse.fang.com/house/1856267268.htm
Logger:2020-03-16 14:53:21.691898 https://dcgjyushan.fang.com/
Logger:2020-03-16 14:53:23.785292 https://dongfangyufuyushan.fang.com/
Logger:2020-03-16 14:53:24.065548 https://zitengyajuyushan.fang.com/
Logger:2020-03-16 14:53:24.315835 https://lianghonggongguanyushan.fang.com/
Logger:2020-03-16 14:53:24.581124 https://ksys.newhouse.fang.com/house/1856267270.htm
Logger:2020-03-16 14:53:24.833476 https://ksys.newhouse.fang.com/house/1856267258.htm
Logger:2020-03-16 14:53:25.067904 https://ksys.newhouse.fang.com/house/1856267260.htm
Logger:2020-03-16 14:53:25.353059 https://nongzijiayuanys.fang.com/
Logger:2020-03-16 14:53:29.064176 https://ksys.newhouse.fang.com/house/s/b92/
Logger:2020-03-16 14:53:32.594687 https://ksys.newhouse.fang.com/house/s/b93/
Logger:2020-03-16 14:53:36.176106 https://ksys.newhouse.fang.com/house/s/b94/
