Logger:2020-03-16 23:34:23.205993 https://kuerle.newhouse.fang.com/house/s/b91/
Logger:2020-03-16 23:34:23.558013 https://qcbyw.fang.com/
Logger:2020-03-16 23:34:23.858211 https://lingdilantaifu0996.fang.com/
Logger:2020-03-16 23:34:24.173973 https://kxgjgg.fang.com/
Logger:2020-03-16 23:34:26.663811 https://tianlushangyuanjy.fang.com/
Logger:2020-03-16 23:34:27.024888 https://sanqianchengrx.fang.com/
Logger:2020-03-16 23:34:27.357997 https://puyueguanjingyuan.fang.com/
Logger:2020-03-16 23:34:27.658188 https://meihaoxldy.fang.com/
Logger:2020-03-16 23:34:28.025793 https://qinyuanchunjin.fang.com/
Logger:2020-03-16 23:34:28.306720 https://ldsltj.fang.com/
Logger:2020-03-16 23:34:28.671747 https://xinanshuijun.fang.com/
Logger:2020-03-16 23:34:29.019817 https://kongquechengbanghc.fang.com/
Logger:2020-03-16 23:34:29.327030 https://ludongyuan.fang.com/
Logger:2020-03-16 23:34:29.643807 https://guanlanting.fang.com/
Logger:2020-03-16 23:34:31.658250 https://tahemingcheng.fang.com/
Logger:2020-03-16 23:34:31.978091 https://fangxiangmeijuhs.fang.com/
Logger:2020-03-16 23:34:32.286352 https://guannonghjt.fang.com/
Logger:2020-03-16 23:34:32.590453 https://chenyanghuafu.fang.com/
Logger:2020-03-16 23:34:33.009006 https://jinglongmeihu.fang.com/
Logger:2020-03-16 23:34:33.313678 https://shuimowan.fang.com/
Logger:2020-03-16 23:34:33.608821 https://jiangnanchengba0996.fang.com/
Logger:2020-03-16 23:34:37.291336 https://kuerle.newhouse.fang.com/house/s/b92/
Logger:2020-03-16 23:34:37.611578 https://hehejiayuan.fang.com/
Logger:2020-03-16 23:34:37.939740 https://xcxsjjr.fang.com/
Logger:2020-03-16 23:34:38.258846 https://shengdixinchenghy.fang.com/
Logger:2020-03-16 23:34:38.593491 https://ntbyxh.fang.com/
Logger:2020-03-16 23:34:38.955581 https://milanchuntian0996.fang.com/
Logger:2020-03-16 23:34:39.361071 https://wutongrenjia0996.fang.com/
Logger:2020-03-16 23:34:39.661202 https://xbyyxjx.fang.com/
Logger:2020-03-16 23:34:39.987360 https://haoshuaitaoyuanli.fang.com/
Logger:2020-03-16 23:34:40.329981 https://kqh1h.fang.com/
Logger:2020-03-16 23:34:40.627712 https://chengshiguangchanghx20996.fang.com/
Logger:2020-03-16 23:34:40.977071 https://weidaxuefu.fang.com/
Logger:2020-03-16 23:34:41.267133 https://jrsdgchy.fang.com/
Logger:2020-03-16 23:34:41.524429 https://huarongguangchang0996.fang.com/
Logger:2020-03-16 23:34:41.930342 https://guanjingyuanzx.fang.com/
Logger:2020-03-16 23:34:42.214583 https://huayuanchengbanggn.fang.com/
Logger:2020-03-16 23:34:43.253816 https://weilaiyudc.fang.com/
Logger:2020-03-16 23:34:43.540050 https://yuherongjing.fang.com/
Logger:2020-03-16 23:34:43.881138 https://xibuyajv.fang.com/
Logger:2020-03-16 23:34:44.182340 https://feicuichengjz.fang.com/
Logger:2020-03-16 23:34:44.478275 https://modengbobo0996.fang.com/
Logger:2020-03-16 23:34:48.185141 https://kuerle.newhouse.fang.com/house/s/b93/
Logger:2020-03-16 23:34:48.535304 https://jiuzhoulanwan.fang.com/
Logger:2020-03-16 23:34:48.895994 https://hmbjw.fang.com/
Logger:2020-03-16 23:34:49.185229 https://yuexingguangjiao.fang.com/
Logger:2020-03-16 23:34:49.500376 https://luzhouyaju.fang.com/
Logger:2020-03-16 23:34:51.445256 https://hantangjinting.fang.com/
Logger:2020-03-16 23:34:51.778306 https://qinhuairenjia.fang.com/
Logger:2020-03-16 23:34:52.077672 https://hanlindongyuan.fang.com/
Logger:2020-03-16 23:34:53.718788 https://xxyjjt.fang.com/
Logger:2020-03-16 23:34:54.071933 https://yangguangxiaozhen0996.fang.com/
Logger:2020-03-16 23:34:54.362172 https://shangchengyijing.fang.com/
Logger:2020-03-16 23:34:54.705292 https://hongxitaity.fang.com/
Logger:2020-03-16 23:34:55.387492 https://badongyuan.fang.com/
Logger:2020-03-16 23:34:55.742588 https://zhuoyuechuntian.fang.com/
Logger:2020-03-16 23:34:56.149478 https://xinchenghuayuan0996.fang.com/2/
Logger:2020-03-16 23:34:56.493456 https://andaruyuan.fang.com/
Logger:2020-03-16 23:34:56.960470 https://huanlehaianwh.fang.com/
Logger:2020-03-16 23:34:57.368860 https://jintianjiayuanyg.fang.com/
Logger:2020-03-16 23:34:58.085910 https://hfdjf.fang.com/
Logger:2020-03-16 23:34:58.418023 https://xingdajiayuan.fang.com/
Logger:2020-03-16 23:34:58.701416 https://hbgjncpwlsmc.fang.com/
Logger:2020-03-16 23:35:02.394990 https://kuerle.newhouse.fang.com/house/s/b94/
Logger:2020-03-16 23:35:02.732090 https://kelmysc.fang.com/
Logger:2020-03-16 23:35:04.961119 https://hsncpzhsc.fang.com/
Logger:2020-03-16 23:35:05.238050 https://kongquelanwanzb.fang.com/
Logger:2020-03-16 23:35:05.542246 https://donganmeilu.fang.com/
Logger:2020-03-16 23:35:06.024956 https://gdzyhy.fang.com/
Logger:2020-03-16 23:35:06.381042 https://fdblhy.fang.com/
Logger:2020-03-16 23:35:06.734093 https://shuianhuayuanyd.fang.com/
Logger:2020-03-16 23:35:07.080310 https://chuanyiyinzuo.fang.com/
Logger:2020-03-16 23:35:07.422447 https://jinpengwan.fang.com/
Logger:2020-03-16 23:35:07.807360 https://xingwangjiayuan0996.fang.com/
Logger:2020-03-16 23:35:08.184079 https://ykqyssy.fang.com/
Logger:2020-03-16 23:35:08.477474 https://huahaoyueyuan0996.fang.com/
Logger:2020-03-16 23:35:08.774557 https://xinfucheng0996.fang.com/
Logger:2020-03-16 23:35:11.930703 https://guomaozhongxin0996.fang.com/
Logger:2020-03-16 23:35:12.216156 https://jgjyzx.fang.com/
Logger:2020-03-16 23:35:12.554537 https://yishengguoji.fang.com/
Logger:2020-03-16 23:35:12.819860 https://zhongjiahuayuan0996.fang.com/
Logger:2020-03-16 23:35:13.149981 https://hsjxb.fang.com/
Logger:2020-03-16 23:35:13.454039 https://jingyudashajz.fang.com/
Logger:2020-03-16 23:35:13.760899 https://huameijuhx.fang.com/
Logger:2020-03-16 23:35:17.067486 https://kuerle.newhouse.fang.com/house/s/b95/
Logger:2020-03-16 23:35:17.432473 https://zhjytjy.fang.com/
Logger:2020-03-16 23:35:17.839892 https://xingfulihj.fang.com/
Logger:2020-03-16 23:35:18.171045 https://hlxagy.fang.com/
Logger:2020-03-16 23:35:18.450260 https://chengshiguangchanghx0996.fang.com/
Logger:2020-03-16 23:35:19.847175 https://yuanjingcheng0996.fang.com/
Logger:2020-03-16 23:35:20.383805 https://shuixuanmingyuan.fang.com/
Logger:2020-03-16 23:35:20.667007 https://xjygdzswcyy.fang.com/
Logger:2020-03-16 23:35:20.952070 https://kuerle.newhouse.fang.com/house/4030279652.htm
Logger:2020-03-16 23:35:21.219356 https://cuixiyuanzx.fang.com/
Logger:2020-03-16 23:35:21.567419 https://kfqzbbgdl.fang.com/
Logger:2020-03-16 23:35:21.820708 https://shijizhongxingy.fang.com/
Logger:2020-03-16 23:35:23.330716 https://haibingshangyecheng0996.fang.com/
Logger:2020-03-16 23:35:23.603051 https://ytyycsyfwzx.fang.com/
Logger:2020-03-16 23:35:23.980976 https://sdgjhqgc.fang.com/
Logger:2020-03-16 23:35:24.264219 https://siluxiaozhenhx.fang.com/
Logger:2020-03-16 23:35:24.533274 https://dfswlnjnzsc.fang.com/
Logger:2020-03-16 23:35:24.818487 https://ghsybxj.fang.com/
Logger:2020-03-16 23:35:25.116725 https://dashidailx.fang.com/
Logger:2020-03-16 23:35:25.432907 https://kuerle.newhouse.fang.com/house/4030279650.htm
Logger:2020-03-16 23:35:27.422721 https://kuerle.newhouse.fang.com/house/4030279656.htm
Logger:2020-03-16 23:35:31.061500 https://kuerle.newhouse.fang.com/house/s/b96/
Logger:2020-03-16 23:35:34.714459 https://kuerle.newhouse.fang.com/house/4030279642.htm
Logger:2020-03-16 23:35:35.513636 https://kuerle.newhouse.fang.com/house/4030279662.htm
Logger:2020-03-16 23:35:37.096220 https://kuerle.newhouse.fang.com/house/4030279658.htm
Logger:2020-03-16 23:35:38.973563 https://kuerle.newhouse.fang.com/house/4030279644.htm
Logger:2020-03-16 23:35:40.962777 https://nanjiangchengsl.fang.com/
Logger:2020-03-16 23:35:44.681422 https://kuerle.newhouse.fang.com/house/s/b97/
Logger:2020-03-16 23:35:48.276635 https://kuerle.newhouse.fang.com/house/s/b98/
Logger:2020-03-16 23:35:52.027937 https://kuerle.newhouse.fang.com/house/s/b99/
