Logger:2020-03-16 01:37:50.111454 https://laibin.newhouse.fang.com/house/s/b91/
Logger:2020-03-16 01:37:52.019925 https://jinbitianyuyd.fang.com/
Logger:2020-03-16 01:37:52.285487 https://huafuzb.fang.com/
Logger:2020-03-16 01:37:53.209988 https://yulinchuntian.fang.com/
Logger:2020-03-16 01:37:55.392987 https://lvshuixianchengyd.fang.com/
Logger:2020-03-16 01:37:55.705083 https://xilongwan0772.fang.com/
Logger:2020-03-16 01:37:55.986111 https://moerchenghj.fang.com/
Logger:2020-03-16 01:37:56.252393 https://lidehuayuan0772.fang.com/
Logger:2020-03-16 01:37:56.486703 https://fenghuangchengsl0772.fang.com/
Logger:2020-03-16 01:37:56.720313 https://wanjingcheng0772.fang.com/
Logger:2020-03-16 01:37:58.660531 https://wanxiangcheng0772.fang.com/
Logger:2020-03-16 01:38:00.175079 https://wantaimingting.fang.com/
Logger:2020-03-16 01:38:00.441176 https://jinsehongdu.fang.com/
Logger:2020-03-16 01:38:00.681069 https://dongchenghuafu0772.fang.com/
Logger:2020-03-16 01:38:02.816124 https://ehzycsgc.fang.com/
Logger:2020-03-16 01:38:05.315471 https://shangpinshijiasjxc.fang.com/
Logger:2020-03-16 01:38:06.565141 https://jiariguangchangjm.fang.com/
Logger:2020-03-16 01:38:07.893293 https://shuixieshidou.fang.com/
Logger:2020-03-16 01:38:09.946124 https://runhechuntian.fang.com/
Logger:2020-03-16 01:38:10.164241 https://huatengyuan0772.fang.com/
Logger:2020-03-16 01:38:10.414183 https://shenghuhaoting.fang.com/
Logger:2020-03-16 01:38:13.654333 https://laibin.newhouse.fang.com/house/s/b92/
Logger:2020-03-16 01:38:13.841679 https://luomashijia0772.fang.com/
Logger:2020-03-16 01:38:14.169770 https://lchdmgy.fang.com/
Logger:2020-03-16 01:38:14.404714 https://jinhuchengyd.fang.com/
Logger:2020-03-16 01:38:14.653986 https://taihehuafu.fang.com/
Logger:2020-03-16 01:38:14.935556 https://binfenjiangnan.fang.com/
Logger:2020-03-16 01:38:15.247907 https://bjygcgy.fang.com/
Logger:2020-03-16 01:38:16.894384 https://jinxiuhaoting0772.fang.com/
Logger:2020-03-16 01:38:17.144977 https://xinshijiyd.fang.com/
Logger:2020-03-16 01:38:17.379203 https://yinxiangjinxiu.fang.com/
Logger:2020-03-16 01:38:17.691528 https://yangguangxixili.fang.com/
Logger:2020-03-16 01:38:19.784670 https://qilinxinchenjr.fang.com/
Logger:2020-03-16 01:38:20.065513 https://dongfanghuafu0772.fang.com/
Logger:2020-03-16 01:38:20.331290 https://shuiyunmingfu.fang.com/
Logger:2020-03-16 01:38:20.612349 https://tygjhf.fang.com/
Logger:2020-03-16 01:38:22.456025 https://shuxiangyuanjch.fang.com/
Logger:2020-03-16 01:38:22.721587 https://xiangxielijg.fang.com/
Logger:2020-03-16 01:38:23.176137 https://kaixuanshiji.fang.com/
Logger:2020-03-16 01:38:23.441063 https://cuihuyihaolf.fang.com/
Logger:2020-03-16 01:38:23.691271 https://jinxiushijiawh.fang.com/
Logger:2020-03-16 01:38:23.956611 https://fuchengguoji.fang.com/
Logger:2020-03-16 01:38:27.535662 https://laibin.newhouse.fang.com/house/s/b93/
Logger:2020-03-16 01:38:29.328054 https://nanyahaoting.fang.com/
Logger:2020-03-16 01:38:30.890035 https://jinlongshoufu.fang.com/
Logger:2020-03-16 01:38:31.139980 https://chengnanhuayuan0772.fang.com/
Logger:2020-03-16 01:38:31.404981 https://ruizhongxincheng.fang.com/
Logger:2020-03-16 01:38:31.654921 https://xinxinyuan0772.fang.com/
Logger:2020-03-16 01:38:33.147071 https://gongyuan1hao0772.fang.com/
Logger:2020-03-16 01:38:33.381390 https://jinhaihuadu.fang.com/
Logger:2020-03-16 01:38:33.725070 https://dongchengjiayuan0772.fang.com/
Logger:2020-03-16 01:38:34.443640 [erro]&&&https://jinlinhuating0772.fang.com/
Logger:2020-03-16 01:38:34.616127 https://jinduhuichengshiguangchang.fang.com/
Logger:2020-03-16 01:38:34.897232 https://liyuanyajing.fang.com/
Logger:2020-03-16 01:38:35.162220 https://yulinjundi.fang.com/
Logger:2020-03-16 01:38:35.380918 https://dongchenghuayuan0772.fang.com/
Logger:2020-03-16 01:38:35.646481 https://jiachengnanan.fang.com/
Logger:2020-03-16 01:38:35.912740 https://tiantianjiari.fang.com/
Logger:2020-03-16 01:38:37.790458 [erro]&&&https://shjkchxfch.fang.com/
Logger:2020-03-16 01:38:37.850061 [erro]&&&https://tusihuayuan.fang.com/
Logger:2020-03-16 01:38:37.912547 [erro]&&&https://shanshuifuchengld.fang.com/
Logger:2020-03-16 01:38:38.271838 [erro]&&&https://gxwqdjc.fang.com/
Logger:2020-03-16 01:38:39.568765 https://zuanshiguangchangtl.fang.com/
Logger:2020-03-16 01:38:43.577654 https://laibin.newhouse.fang.com/house/s/b94/
Logger:2020-03-16 01:38:44.999649 https://jinxiusenlin0772.fang.com/
Logger:2020-03-16 01:38:45.218386 https://yujingchengjc.fang.com/
Logger:2020-03-16 01:38:45.969855 https://laibin.newhouse.fang.com/house/2924098064.htm
Logger:2020-03-16 01:38:46.940790 https://chengdongjiayuanbl.fang.com/
Logger:2020-03-16 01:38:48.665752 https://zprhdjc.fang.com/
Logger:2020-03-16 01:38:48.884493 https://yuxiangcheng.fang.com/
Logger:2020-03-16 01:38:49.150060 https://zhongyanggongguanjsh.fang.com/
Logger:2020-03-16 01:38:49.416331 https://zhuangjinhuayuanxh.fang.com/
Logger:2020-03-16 01:38:49.681520 https://dadijingyuan.fang.com/
Logger:2020-03-16 01:38:51.634293 https://shuianxindoujc.fang.com/
Logger:2020-03-16 01:38:53.161504 https://jinxianglijunhf.fang.com/
Logger:2020-03-16 01:38:54.876077 https://laibin.newhouse.fang.com/house/2924139528.htm
Logger:2020-03-16 01:38:56.881699 https://hongheguoji.fang.com/
Logger:2020-03-16 01:38:58.366851 https://panwanggu.fang.com/
Logger:2020-03-16 01:38:59.835274 https://xinduguoji.fang.com/2/
Logger:2020-03-16 01:39:01.646916 https://honghegt.fang.com/
Logger:2020-03-16 01:39:01.912436 https://yangguangyage.fang.com/
Logger:2020-03-16 01:39:02.177998 https://lantingsc.fang.com/
Logger:2020-03-16 01:39:02.397129 https://caifudadaozhn.fang.com/
Logger:2020-03-16 01:39:03.802860 https://laibin.newhouse.fang.com/house/2924113918.htm
Logger:2020-03-16 01:39:07.460462 https://laibin.newhouse.fang.com/house/s/b95/
Logger:2020-03-16 01:39:07.709916 https://ruizhonghuayuan.fang.com/
Logger:2020-03-16 01:39:09.194344 https://hanlinyinzuo0772.fang.com/
Logger:2020-03-16 01:39:09.443882 https://dayinxiangfu.fang.com/
Logger:2020-03-16 01:39:11.009621 https://xiangsijingwan.fang.com/
Logger:2020-03-16 01:39:11.243651 https://tianchenguangchang.fang.com/
Logger:2020-03-16 01:39:13.208936 https://fangshengguangchang.fang.com/
Logger:2020-03-16 01:39:13.927515 https://laibin.newhouse.fang.com/house/2924097454.htm
Logger:2020-03-16 01:39:14.224320 https://weilinyangguang.fang.com/
Logger:2020-03-16 01:39:14.458641 https://fengshouchenglxgj.fang.com/
Logger:2020-03-16 01:39:16.645992 https://gjzhds.fang.com/
Logger:2020-03-16 01:39:18.488938 https://jiahecheng0772.fang.com/
Logger:2020-03-16 01:39:20.870207 https://haidebaohx.fang.com/
Logger:2020-03-16 01:39:21.088798 https://honghuaxiaoqu0772.fang.com/
Logger:2020-03-16 01:39:22.807976 https://laibin.newhouse.fang.com/house/2924113916.htm
Logger:2020-03-16 01:39:23.522854 https://tzfzds.fang.com/
Logger:2020-03-16 01:39:25.584868 https://laibin.newhouse.fang.com/house/2924112838.htm
Logger:2020-03-16 01:39:27.022551 https://baichuandehui.fang.com/
Logger:2020-03-16 01:39:28.887091 https://laibin.newhouse.fang.com/house/2924125706.htm
Logger:2020-03-16 01:39:30.199446 https://laibin.newhouse.fang.com/house/2924126900.htm
Logger:2020-03-16 01:39:31.149511 https://laibin.newhouse.fang.com/house/2924172874.htm
Logger:2020-03-16 01:39:34.708139 https://laibin.newhouse.fang.com/house/s/b96/
Logger:2020-03-16 01:39:36.269879 https://laibin.newhouse.fang.com/house/2924125698.htm
Logger:2020-03-16 01:39:37.663225 https://laibin.newhouse.fang.com/house/2924117902.htm
Logger:2020-03-16 01:39:37.881318 https://yinzuanrl.fang.com/
Logger:2020-03-16 01:39:39.391884 https://laibin.newhouse.fang.com/house/2924112480.htm
Logger:2020-03-16 01:39:39.688699 https://lxsmc.fang.com/
Logger:2020-03-16 01:39:40.906730 https://laibin.newhouse.fang.com/house/2924109392.htm
Logger:2020-03-16 01:39:42.468905 https://laibin.newhouse.fang.com/house/2924112520.htm
Logger:2020-03-16 01:39:43.859543 https://whjyc.fang.com/
Logger:2020-03-16 01:39:45.537758 https://laibin.newhouse.fang.com/house/2924107406.htm
Logger:2020-03-16 01:39:48.172633 https://wenyuanjuyd.fang.com/
Logger:2020-03-16 01:39:49.547657 https://laibin.newhouse.fang.com/house/2924116414.htm
Logger:2020-03-16 01:39:53.084428 https://laibin.newhouse.fang.com/house/s/b97/
Logger:2020-03-16 01:39:56.552135 https://laibin.newhouse.fang.com/house/s/b98/
Logger:2020-03-16 01:40:00.022059 https://laibin.newhouse.fang.com/house/s/b99/
