Logger:2020-03-16 19:01:05.347335 https://laiyang.newhouse.fang.com/house/s/b91/
Logger:2020-03-16 19:01:05.700410 https://lmssht.fang.com/
Logger:2020-03-16 19:01:06.048457 https://laiyangshoufubgy.fang.com/
Logger:2020-03-16 19:01:06.474276 https://lygjgg.fang.com/
Logger:2020-03-16 19:01:06.849274 https://lywjjy.fang.com/
Logger:2020-03-16 19:01:07.435641 https://lxjy01.fang.com/
Logger:2020-03-16 19:01:07.761780 https://lyygc.fang.com/
Logger:2020-03-16 19:01:08.181650 https://shengshijiayuanly.fang.com/3/
Logger:2020-03-16 19:01:08.536700 https://dongfangcaifujie.fang.com/
Logger:2020-03-16 19:01:08.864318 https://taihejiayuan0535.fang.com/
Logger:2020-03-16 19:01:22.284072 https://lydfmc0535.fang.com/
Logger:2020-03-16 19:01:22.685997 https://lyzfzygy.fang.com/
Logger:2020-03-16 19:01:23.009403 https://lyhsxdc.fang.com/
Logger:2020-03-16 19:01:23.335603 https://lyjhjy0535.fang.com/
Logger:2020-03-16 19:01:24.430917 https://lyylw.fang.com/
Logger:2020-03-16 19:01:24.831197 https://jxgyxf.fang.com/
Logger:2020-03-16 19:01:25.246568 https://langyihaoting.fang.com/
Logger:2020-03-16 19:01:32.185940 https://lyjhxy0535.fang.com/
Logger:2020-03-16 19:01:32.513130 https://lykthf.fang.com/
Logger:2020-03-16 19:01:32.911042 https://jclxzc.fang.com/
Logger:2020-03-16 19:01:33.577897 https://jinlinghaoting.fang.com/
Logger:2020-03-16 19:01:38.900757 https://laiyang.newhouse.fang.com/house/s/b92/
Logger:2020-03-16 19:01:39.411303 https://ywgjsc.fang.com/
Logger:2020-03-16 19:01:46.094529 https://lyxsxa.fang.com/
Logger:2020-03-16 19:01:46.645126 https://ruifengdasha0535.fang.com/
Logger:2020-03-16 19:01:46.965244 https://cmyzsjgc.fang.com/
Logger:2020-03-16 19:01:47.293398 https://wxszx02.fang.com/
Logger:2020-03-16 19:01:47.900692 https://lywrsd.fang.com/
Logger:2020-03-16 19:01:51.526689 https://laiyang.newhouse.fang.com/house/s/b93/
Logger:2020-03-16 19:01:54.959666 https://laiyang.newhouse.fang.com/house/s/b94/
Logger:2020-03-16 19:01:58.960501 https://laiyang.newhouse.fang.com/house/s/b95/
