Logger:2020-03-16 18:49:20.373444 https://laizhou.newhouse.fang.com/house/s/b91/
Logger:2020-03-16 18:49:20.683616 https://yujingmingdilq.fang.com/
Logger:2020-03-16 18:49:21.157387 https://huafengdongshengyuan.fang.com/
Logger:2020-03-16 18:49:21.696651 https://langhuguojiguangchang.fang.com/
Logger:2020-03-16 18:49:22.023710 https://laizhouzhongguotiejianguojicheng.fang.com/
Logger:2020-03-16 18:49:23.574028 https://henglongkaixuancheng0535.fang.com/
Logger:2020-03-16 18:49:24.180356 https://tianchengyulongju0535.fang.com/
Logger:2020-03-16 18:49:27.557220 https://laifengtaibgy.fang.com/
Logger:2020-03-16 18:49:27.940158 https://yunfenglijing0535.fang.com/
Logger:2020-03-16 18:49:28.312782 https://zhongcangkangxinyuan0535.fang.com/
Logger:2020-03-16 18:49:28.720573 https://xianglongyunhai0535.fang.com/
Logger:2020-03-16 18:49:29.096160 https://anbangtianyuefu0535.fang.com/
Logger:2020-03-16 18:49:29.405387 https://kayishangcheng0535.fang.com/
Logger:2020-03-16 18:49:30.071615 https://zhongchangdasha0535.fang.com/
Logger:2020-03-16 18:49:30.405527 https://yunfengshanzhuang0535.fang.com/
Logger:2020-03-16 18:49:30.824097 https://laizhouyiheshanzhuang0535.fang.com/
Logger:2020-03-16 18:49:31.225026 https://yujingyuan20535.fang.com/
Logger:2020-03-16 18:49:31.730707 https://zeyangfu0535.fang.com/
Logger:2020-03-16 18:49:32.137237 https://yulanguandi.fang.com/
Logger:2020-03-16 18:49:33.989993 https://jintitianxi0535.fang.com/
Logger:2020-03-16 18:49:34.345937 https://qixiangshangbincheng0535.fang.com/
Logger:2020-03-16 18:49:38.570612 https://laizhou.newhouse.fang.com/house/s/b92/
Logger:2020-03-16 18:49:38.912665 https://fulushanzhuang0535.fang.com/
Logger:2020-03-16 18:49:39.227455 https://donglangxincheng0535.fang.com/
Logger:2020-03-16 18:49:41.155370 https://zhongfangjiayuan0535.fang.com/
Logger:2020-03-16 18:49:41.738884 https://kairuibinhecheng0535.fang.com/
Logger:2020-03-16 18:49:42.044935 https://fuxinhuayuan0535.fang.com/
Logger:2020-03-16 18:49:42.371020 https://huaqiguanhaicheng0535.fang.com/
Logger:2020-03-16 18:49:42.774959 https://bandaolongting0535.fang.com/
Logger:2020-03-16 18:49:43.170916 https://tabudongshengyuan.fang.com/
Logger:2020-03-16 18:49:43.504522 https://jinritianyue.fang.com/
Logger:2020-03-16 18:49:43.828693 https://zijinmingcheng0535.fang.com/
Logger:2020-03-16 18:49:44.717309 https://fuheju0535.fang.com/
Logger:2020-03-16 18:49:45.040463 https://fulaixincheng0535.fang.com/
Logger:2020-03-16 18:49:46.992372 https://gongyuanlidd.fang.com/
Logger:2020-03-16 18:49:47.355214 https://jinfuli0535.fang.com/
Logger:2020-03-16 18:49:47.724168 https://runjinkadiya0535.fang.com/
Logger:2020-03-16 18:49:49.656062 https://yuejihuacheng0535.fang.com/
Logger:2020-03-16 18:49:50.479835 https://jinrixingfuli0535.fang.com/
Logger:2020-03-16 18:49:50.794585 https://anliansanshanyihai0535.fang.com/
Logger:2020-03-16 18:49:51.385754 https://zijingyipin0535.fang.com/
Logger:2020-03-16 18:49:51.753768 https://hongjingshanzhuang.fang.com/
Logger:2020-03-16 18:49:56.252430 https://laizhou.newhouse.fang.com/house/s/b93/
Logger:2020-03-16 18:49:56.626624 https://xianglongjiayuan0535.fang.com/
Logger:2020-03-16 18:49:57.060463 https://wenyuanshijia0535.fang.com/
Logger:2020-03-16 18:49:59.339456 https://binhaigongguanssd.fang.com/
Logger:2020-03-16 18:50:02.237304 https://laizhouyihehuayuan0692.fang.com/
Logger:2020-03-16 18:50:07.010310 https://jinhongdashashangzhulou.fang.com/
Logger:2020-03-16 18:50:07.400867 https://aochengmingdi0535.fang.com/
Logger:2020-03-16 18:50:08.126924 https://laizhouhanlinshijia.fang.com/
Logger:2020-03-16 18:50:08.471083 https://mengyuanhuating0535.fang.com/
Logger:2020-03-16 18:50:08.792773 https://liangjianfutaiyuan0535.fang.com/
Logger:2020-03-16 18:50:12.641422 https://laizhou.newhouse.fang.com/house/s/b94/
Logger:2020-03-16 18:50:16.600463 https://laizhou.newhouse.fang.com/house/s/b95/
Logger:2020-03-16 18:50:20.200000 https://laizhou.newhouse.fang.com/house/s/b96/
