Logger:2020-03-16 20:01:28.897801 https://lantian.newhouse.fang.com/house/s/b91/
Logger:2020-03-16 20:01:29.213468 https://ziranjie029.fang.com/
Logger:2020-03-16 20:01:29.520744 https://jindixiangyuetianxia.fang.com/
Logger:2020-03-16 20:01:29.793010 https://luhubandao.fang.com/
Logger:2020-03-16 20:01:30.189949 https://xishuibogongguan.fang.com/
Logger:2020-03-16 20:01:30.565942 https://zijunguanlanximazhuzhaixiaoqu.fang.com/
Logger:2020-03-16 20:01:30.895126 https://yicuiyuanxiansiqi.fang.com/
Logger:2020-03-16 20:01:31.335280 https://tianehu0292.fang.com/
Logger:2020-03-16 20:01:31.648952 https://hnsljx.fang.com/
Logger:2020-03-16 20:01:32.012978 https://lantianlvdilishanhuacheng.fang.com/
Logger:2020-03-16 20:01:32.298251 https://yongweigaoxinziyuan.fang.com/
Logger:2020-03-16 20:01:32.589438 https://tianlangquyuantingxiang.fang.com/
Logger:2020-03-16 20:01:32.862185 https://lantianweichengfengjing.fang.com/
Logger:2020-03-16 20:01:39.109639 https://bailuxigu2.fang.com/
Logger:2020-03-16 20:01:39.380913 https://huazhouchengtianfeng.fang.com/
Logger:2020-03-16 20:01:39.675128 https://lantianfuyuanxiaoqu.fang.com/
Logger:2020-03-16 20:01:39.963863 https://zhongyuguojicheng.fang.com/
Logger:2020-03-16 20:01:40.346486 https://xegjgg.fang.com/
Logger:2020-03-16 20:01:40.742433 https://longfalongbowan.fang.com/
Logger:2020-03-16 20:01:41.236109 https://lantianwanliutianyue.fang.com/
Logger:2020-03-16 20:01:41.519418 https://zhongtiebingfenxincheng.fang.com/
Logger:2020-03-16 20:01:45.615304 https://lantian.newhouse.fang.com/house/s/b92/
Logger:2020-03-16 20:01:45.911595 https://jingyishijia.fang.com/
Logger:2020-03-16 20:01:46.201994 https://wangzuochenghaidebaopark.fang.com/
Logger:2020-03-16 20:01:46.513158 https://hanhuacheng2.fang.com/
Logger:2020-03-16 20:01:46.813316 https://kaiyuandiyicheng.fang.com/
Logger:2020-03-16 20:01:58.588708 https://huazhouchengxiyuedu.fang.com/
Logger:2020-03-16 20:01:58.906454 https://yajulehubiji.fang.com/
Logger:2020-03-16 20:01:59.464330 https://xinyuandaduhui.fang.com/
Logger:2020-03-16 20:01:59.841322 https://dejiedeyutianxia2.fang.com/
Logger:2020-03-16 20:02:00.242250 https://zhongtieliusenshuian.fang.com/
Logger:2020-03-16 20:02:00.577481 https://lantianweiyenasenlin.fang.com/
Logger:2020-03-16 20:02:05.789895 https://jlxyl029.fang.com/
Logger:2020-03-16 20:02:06.081116 https://lantiangaochuanguangchang.fang.com/
Logger:2020-03-16 20:02:06.382310 https://longfazhaohuitianjie.fang.com/
Logger:2020-03-16 20:02:06.758869 https://ronghuabishuilanting.fang.com/
Logger:2020-03-16 20:02:07.098223 https://swlxceq.fang.com/
Logger:2020-03-16 20:02:07.406437 https://lantianaoyunhuafu.fang.com/
Logger:2020-03-16 20:02:08.239673 [erro]&&&https://lantian.newhouse.fang.com/house/1422793265.htm
Logger:2020-03-16 20:02:11.791314 https://lantian.newhouse.fang.com/house/s/b93/
Logger:2020-03-16 20:02:15.357083 https://lantian.newhouse.fang.com/house/s/b94/
Logger:2020-03-16 20:02:19.440783 https://lantian.newhouse.fang.com/house/s/b95/
