Logger:2020-03-16 23:36:30.019312 https://lasa.newhouse.fang.com/house/s/b91/
Logger:2020-03-16 23:36:31.389888 https://shijixinchenghl.fang.com/
Logger:2020-03-16 23:36:32.507224 https://shijiechengtz0891.fang.com/
Logger:2020-03-16 23:36:32.817395 https://changxingduhui.fang.com/
Logger:2020-03-16 23:36:34.572987 https://heisenlinzy0891.fang.com/
Logger:2020-03-16 23:36:34.968882 https://nananby.fang.com/
Logger:2020-03-16 23:36:35.306944 https://wanyucheng0891.fang.com/
Logger:2020-03-16 23:36:36.998797 https://hcsdl.fang.com/
Logger:2020-03-16 23:36:38.993510 https://lvzhouyundi.fang.com/
Logger:2020-03-16 23:36:41.330806 https://weiguanshijie.fang.com/
Logger:2020-03-16 23:36:41.638048 https://meishuhaoting.fang.com/
Logger:2020-03-16 23:36:41.932197 https://zhihuicheng0891.fang.com/
Logger:2020-03-16 23:36:42.221443 https://zheshangguoji.fang.com/
Logger:2020-03-16 23:36:42.563673 [erro]&&&https://gjwhgcth.fang.com/
Logger:2020-03-16 23:36:42.677393 https://caifuzhongxinzd0891.fang.com/
Logger:2020-03-16 23:36:42.948983 [erro]&&&https://chengshiguangchangzt.fang.com/
Logger:2020-03-16 23:36:43.043729 [erro]&&&https://guangchangjd.fang.com/
Logger:2020-03-16 23:36:43.139473 [erro]&&&https://gesanglinka.fang.com/
Logger:2020-03-16 23:36:43.231237 [erro]&&&https://csmrjddt.fang.com/
Logger:2020-03-16 23:36:46.811459 https://lasa.newhouse.fang.com/house/s/b92/
Logger:2020-03-16 23:36:50.319679 https://lasa.newhouse.fang.com/house/s/b93/
Logger:2020-03-16 23:36:54.905389 https://lasa.newhouse.fang.com/house/s/b94/
