Logger:2020-03-16 18:22:02.801536 https://lc.newhouse.fang.com/house/s/b91/
Logger:2020-03-16 18:22:03.151599 https://minshengchengshizhizun.fang.com/?from=xflist_xfgg
Logger:2020-03-16 18:22:05.722490 https://guangyueyihaoyuanms.fang.com/?from=xflist_xfgg
Logger:2020-03-16 18:22:06.105467 https://baihexinchengminlv.fang.com/
Logger:2020-03-16 18:22:06.546755 https://zhongyanggongyuanmd.fang.com/
Logger:2020-03-16 18:22:06.918788 https://guoyuefubgy0635.fang.com/
Logger:2020-03-16 18:22:07.302241 https://fenghuangchengms.fang.com/
Logger:2020-03-16 18:22:07.734089 https://dongguanguoji.fang.com/
Logger:2020-03-16 18:22:08.102236 https://dongexiyuan.fang.com/
Logger:2020-03-16 18:22:08.442325 https://dongchangguojixincheng.fang.com/
Logger:2020-03-16 18:22:08.799593 https://aerkadiyars0635.fang.com/
Logger:2020-03-16 18:22:09.273326 https://lvdaoxpd.fang.com/
Logger:2020-03-16 18:22:11.601724 https://yijiequhj.fang.com/
Logger:2020-03-16 18:22:12.142473 https://msjkjmyp.fang.com/
Logger:2020-03-16 18:22:12.531534 https://minshengchengshizhuren0635.fang.com/
Logger:2020-03-16 18:22:12.950351 https://ruilichangtinghuayuan.fang.com/
Logger:2020-03-16 18:22:13.300375 https://xingguangjingyuan.fang.com/
Logger:2020-03-16 18:22:13.667097 https://yclcgjjrzx2.fang.com/
Logger:2020-03-16 18:22:13.971217 https://jinxiuguandirs0635.fang.com/
Logger:2020-03-16 18:22:14.401094 https://lianhuxinchengyc.fang.com/
Logger:2020-03-16 18:22:14.792053 https://feiliwanbgy.fang.com/
Logger:2020-03-16 18:22:18.718689 https://lc.newhouse.fang.com/house/s/b92/
Logger:2020-03-16 18:22:19.483665 https://shuiyunxingchengxg.fang.com/
Logger:2020-03-16 18:22:20.457085 https://haoyuansdzt.fang.com/
Logger:2020-03-16 18:22:20.807370 https://shuichengyuefujz.fang.com/
Logger:2020-03-16 18:22:21.219773 https://guobinfuzl0635.fang.com/
Logger:2020-03-16 18:22:21.700489 https://hzqy.fang.com/
Logger:2020-03-16 18:22:22.118009 https://dongchangtianyue.fang.com/
Logger:2020-03-16 18:22:22.483117 https://lukazhuangyuandd.fang.com/
Logger:2020-03-16 18:22:22.789276 https://xianlinyuantt.fang.com/
Logger:2020-03-16 18:22:23.230078 https://biyunxuanjk.fang.com/
Logger:2020-03-16 18:22:23.566794 https://jinlinfuxs0635.fang.com/
Logger:2020-03-16 18:22:23.924793 https://xcjyf0635.fang.com/
Logger:2020-03-16 18:22:24.283875 https://jiuzhouxinchengyc.fang.com/
Logger:2020-03-16 18:22:24.734025 https://mssqhy.fang.com/
Logger:2020-03-16 18:22:25.119531 https://yuhuayuanjx.fang.com/
Logger:2020-03-16 18:22:25.511494 https://rcjxy.fang.com/
Logger:2020-03-16 18:22:27.634247 https://wenxinyuanmk.fang.com/
Logger:2020-03-16 18:22:29.731412 https://lanhaiwan0635.fang.com/
Logger:2020-03-16 18:22:30.070542 https://shengshitianhu.fang.com/
Logger:2020-03-16 18:22:31.990749 https://lcjdxc.fang.com/
Logger:2020-03-16 18:22:32.486206 https://qiandaoshanzhuangjz.fang.com/
Logger:2020-03-16 18:22:36.481010 https://lc.newhouse.fang.com/house/s/b93/
Logger:2020-03-16 18:22:36.807268 https://dongchangfujunjk.fang.com/
Logger:2020-03-16 18:22:37.166275 https://jiahexiaoquaj.fang.com/
Logger:2020-03-16 18:22:37.520387 https://shijiaruyifu.fang.com/
Logger:2020-03-16 18:22:37.869076 https://yihaoyuanms.fang.com/
Logger:2020-03-16 18:22:39.314642 https://guangzeshuiyingcheng.fang.com/
Logger:2020-03-16 18:22:39.635812 https://jinxiuxinduhui.fang.com/
Logger:2020-03-16 18:22:41.213707 https://weilaichengzy.fang.com/
Logger:2020-03-16 18:22:43.117377 https://lqrsxhls.fang.com/
Logger:2020-03-16 18:22:43.455469 https://liaochengzhongxinms.fang.com/
Logger:2020-03-16 18:22:43.790541 https://rishenghuayuan0635.fang.com/
Logger:2020-03-16 18:22:44.132342 https://guanyuxinghuwan.fang.com/
Logger:2020-03-16 18:22:47.017705 https://jiangbeishuizhen.fang.com/
Logger:2020-03-16 18:22:48.779383 https://jinxiufudissth.fang.com/
Logger:2020-03-16 18:22:49.147444 https://lvzhoujz.fang.com/
Logger:2020-03-16 18:22:50.446783 https://guojiguangchangdd.fang.com/
Logger:2020-03-16 18:22:50.833711 https://chipingxiyuan.fang.com/
Logger:2020-03-16 18:22:51.191782 https://liaochengguojijinrongzhongxinxg.fang.com/
Logger:2020-03-16 18:22:51.730761 https://huanlexiaozhenlc.fang.com/
Logger:2020-03-16 18:22:52.299240 https://lqwhxhw.fang.com/
Logger:2020-03-16 18:22:52.679223 https://lanhushangchenggs.fang.com/
Logger:2020-03-16 18:22:56.464628 https://lc.newhouse.fang.com/house/s/b94/
Logger:2020-03-16 18:22:56.813703 https://lantingmx.fang.com/
Logger:2020-03-16 18:22:57.158820 https://xingyuechengxg.fang.com/
Logger:2020-03-16 18:22:57.620604 https://yangguangchengjt0635.fang.com/
Logger:2020-03-16 18:22:57.965646 https://xiandainongjiguojishangcheng.fang.com/
Logger:2020-03-16 18:22:58.281837 https://jingchengzhongyanghuafu.fang.com/
Logger:2020-03-16 18:22:58.600065 https://lqhjlfc.fang.com/
Logger:2020-03-16 18:22:58.994904 https://guanzhouyuanms.fang.com/
Logger:2020-03-16 18:23:01.991819 https://jinyuefugtxc.fang.com/
Logger:2020-03-16 18:23:02.312539 https://tianyubgy0635.fang.com/
Logger:2020-03-16 18:23:02.645181 https://yujingyuanyc.fang.com/
Logger:2020-03-16 18:23:05.000149 https://baililaikechuangxiaozhen.fang.com/
Logger:2020-03-16 18:23:05.393181 https://hongxingmeikailong0635.fang.com/
Logger:2020-03-16 18:23:07.403214 https://lushangchengshiguangchang.fang.com/
Logger:2020-03-16 18:23:09.284327 https://yuchangwenxuan.fang.com/
Logger:2020-03-16 18:23:09.610455 https://taidixincheng.fang.com/
Logger:2020-03-16 18:23:09.984567 https://jiahechengzj0635.fang.com/
Logger:2020-03-16 18:23:10.302129 https://msjxwy.fang.com/
Logger:2020-03-16 18:23:10.616289 https://lqdshy.fang.com/
Logger:2020-03-16 18:23:10.957893 https://lqqnssjy.fang.com/
Logger:2020-03-16 18:23:12.995542 https://heyuangtxg.fang.com/
Logger:2020-03-16 18:23:17.358562 https://lc.newhouse.fang.com/house/s/b95/
Logger:2020-03-16 18:23:17.662787 https://shengshihuadu0635.fang.com/
Logger:2020-03-16 18:23:17.976945 https://albbalygzhgcyjd.fang.com/
Logger:2020-03-16 18:23:18.358010 https://wanliguojidy.fang.com/
Logger:2020-03-16 18:23:21.569263 https://anjulongquanfu.fang.com/
Logger:2020-03-16 18:23:21.910280 https://xhystc.fang.com/
Logger:2020-03-16 18:23:22.233019 https://xingguangjunyuan0635.fang.com/
Logger:2020-03-16 18:23:22.563139 https://ruyifurc.fang.com/
Logger:2020-03-16 18:23:24.292488 https://baililaikejichanyeyuanlc.fang.com/
Logger:2020-03-16 18:23:26.533242 https://xintiandilc0635.fang.com/
Logger:2020-03-16 18:23:26.812536 https://saiyashijichengms.fang.com/
Logger:2020-03-16 18:23:27.171539 https://mingzhuyihao.fang.com/
Logger:2020-03-16 18:23:28.492119 https://lqzydj.fang.com/
Logger:2020-03-16 18:23:28.826260 https://guanlanguojiwj.fang.com/
Logger:2020-03-16 18:23:29.150389 https://liaochengyunchuangzhongxin.fang.com/
Logger:2020-03-16 18:23:29.484463 https://jinbaojiejlsc.fang.com/
Logger:2020-03-16 18:23:29.849719 https://xiandaimingzhuguangchang.fang.com/
Logger:2020-03-16 18:23:30.194792 https://ouyadaguangshanggj.fang.com/
Logger:2020-03-16 18:23:33.757222 https://lc.newhouse.fang.com/house/s/b96/
Logger:2020-03-16 18:23:37.172327 https://lc.newhouse.fang.com/house/s/b97/
Logger:2020-03-16 18:23:40.643257 https://lc.newhouse.fang.com/house/s/b98/
