Logger:2020-03-16 20:33:30.418729 https://leshan.newhouse.fang.com/house/s/b91/
Logger:2020-03-16 20:33:30.818169 https://junyufumd.fang.com/
Logger:2020-03-16 20:33:31.214126 https://xcjytx.fang.com/
Logger:2020-03-16 20:33:31.577225 https://lingdilanshan.fang.com/
Logger:2020-03-16 20:33:31.900291 https://605gongguanhc.fang.com/
Logger:2020-03-16 20:33:32.254343 https://yanlanzhoujzxc.fang.com/
Logger:2020-03-16 20:33:34.462076 https://weiduoliyayg.fang.com/
Logger:2020-03-16 20:33:34.755292 https://fenghuangguojiht.fang.com/
Logger:2020-03-16 20:33:35.049505 https://daduhefubt.fang.com/
Logger:2020-03-16 20:33:35.398463 https://feicuiguojijunyuewan.fang.com/
Logger:2020-03-16 20:33:35.715630 https://lswandayufu.fang.com/
Logger:2020-03-16 20:33:39.630057 https://xiandiyicheng.fang.com/
Logger:2020-03-16 20:33:39.944067 https://jinxiuxingcheng0833.fang.com/
Logger:2020-03-16 20:33:40.388876 https://mingxingzhongyanggongyuan.fang.com/
Logger:2020-03-16 20:33:40.749911 https://qingjianglantaild.fang.com/
Logger:2020-03-16 20:33:41.263435 https://bangtaiguojishequ.fang.com/
Logger:2020-03-16 20:33:41.628937 https://lantaifuld0833.fang.com/
Logger:2020-03-16 20:33:42.027908 https://shangyuejufl0833.fang.com/
Logger:2020-03-16 20:33:42.358985 https://lingditianyu2.fang.com/
Logger:2020-03-16 20:33:42.662173 https://emeijianshanfu.fang.com/
Logger:2020-03-16 20:33:42.946822 https://beichengyihao0833.fang.com/
Logger:2020-03-16 20:33:47.296930 https://leshan.newhouse.fang.com/house/s/b92/
Logger:2020-03-16 20:33:47.603254 https://yujingfengtl.fang.com/
Logger:2020-03-16 20:33:47.889468 https://jiangyuchengjl.fang.com/
Logger:2020-03-16 20:33:48.225590 https://shihaoguangchangls.fang.com/
Logger:2020-03-16 20:33:48.574627 https://jiubin.fang.com/
Logger:2020-03-16 20:33:51.986714 https://feicuiguoji0833.fang.com/5/
Logger:2020-03-16 20:33:54.157103 https://lucheng2.fang.com/
Logger:2020-03-16 20:33:54.442339 https://shanyuhu0833.fang.com/
Logger:2020-03-16 20:33:54.804416 https://emeichangdao.fang.com/
Logger:2020-03-16 20:33:55.108600 https://leshanibox.fang.com/
Logger:2020-03-16 20:33:55.409795 https://yangguangliujinhuafu.fang.com/
Logger:2020-03-16 20:33:55.726946 https://wandatianjing.fang.com/
Logger:2020-03-16 20:33:56.066622 https://zhongxincheng0833.fang.com/
Logger:2020-03-16 20:33:56.415899 https://shengdiyangguangli.fang.com/
Logger:2020-03-16 20:33:56.720086 https://hengbangshuanglincbd.fang.com/
Logger:2020-03-16 20:33:57.027263 https://emeiqinglu.fang.com/
Logger:2020-03-16 20:33:57.377880 https://emeiguanding0833.fang.com/
Logger:2020-03-16 20:33:57.695501 https://emeishanyue.fang.com/
Logger:2020-03-16 20:33:58.010655 https://wandatianyu.fang.com/
Logger:2020-03-16 20:33:58.300454 https://lundaoemeishanyue.fang.com/
Logger:2020-03-16 20:33:58.590686 https://emeipuyuan0833.fang.com/
Logger:2020-03-16 20:34:02.548582 https://leshan.newhouse.fang.com/house/s/b93/
Logger:2020-03-16 20:34:05.591931 https://taolichunfengems.fang.com/
Logger:2020-03-16 20:34:05.975085 https://emwxzx.fang.com/
Logger:2020-03-16 20:34:06.455798 https://mihasixiaozhen.fang.com/
Logger:2020-03-16 20:34:06.800875 https://tianxiamingzhai.fang.com/
Logger:2020-03-16 20:34:07.091256 https://xcjyyx.fang.com/
Logger:2020-03-16 20:34:09.390949 https://chengbangshanshuijian.fang.com/
Logger:2020-03-16 20:34:13.081915 https://leshan.newhouse.fang.com/house/s/b94/
Logger:2020-03-16 20:34:16.591402 https://leshan.newhouse.fang.com/house/s/b95/
Logger:2020-03-16 20:34:20.344991 https://leshan.newhouse.fang.com/house/s/b96/
