Logger:2020-03-16 12:23:58.910000 https://lf.newhouse.fang.com/house/s/b91/
Logger:2020-03-16 12:23:59.205240 https://mingdeyuanlflkj.fang.com/?from=xflist_xfgg
Logger:2020-03-16 12:23:59.509396 https://guangyangdao1haozr.fang.com/?from=xflist_xfgg
Logger:2020-03-16 12:23:59.903385 https://feicuihuazhang.fang.com/
Logger:2020-03-16 12:24:00.170670 https://yuanyangkunting0316.fang.com/
Logger:2020-03-16 12:24:00.504733 https://kangqiaozhiyuan0316.fang.com/
Logger:2020-03-16 12:24:00.828866 https://dmzgczd.fang.com/
Logger:2020-03-16 12:24:01.191895 https://kangchengruifu.fang.com/
Logger:2020-03-16 12:24:01.489101 https://xinmeiyuzf.fang.com/
Logger:2020-03-16 12:24:04.755363 https://hengdingrongting.fang.com/
Logger:2020-03-16 12:24:05.085479 https://yipinlongwandg.fang.com/
Logger:2020-03-16 12:24:05.405624 https://konggangzhihuigubh.fang.com/
Logger:2020-03-16 12:24:05.704860 https://shizhaiguandi.fang.com/
Logger:2020-03-16 12:24:06.020988 https://xingyuehuafu.fang.com/
Logger:2020-03-16 12:24:09.034914 https://tianxixkgkqc.fang.com/
Logger:2020-03-16 12:24:09.536596 https://shangmaoyaju.fang.com/
Logger:2020-03-16 12:24:11.882297 https://heyuegongjizj.fang.com/
Logger:2020-03-16 12:24:15.021920 https://wenquankongquechengnt0316.fang.com/
Logger:2020-03-16 12:24:15.395899 https://shangshuiyiyuanxy.fang.com/
Logger:2020-03-16 12:24:15.671218 https://jiadutime.fang.com/
Logger:2020-03-16 12:24:16.044164 https://shangbangshangcheng.fang.com/
Logger:2020-03-16 12:24:19.756233 https://lf.newhouse.fang.com/house/s/b92/
Logger:2020-03-16 12:24:20.021552 https://shangbangshangcheng.fang.com/
Logger:2020-03-16 12:24:20.320722 https://jiadu0316.fang.com/
Logger:2020-03-16 12:24:20.752567 https://kongquechengwqxd.fang.com/
Logger:2020-03-16 12:24:21.134545 https://xingyuehuafu.fang.com/
Logger:2020-03-16 12:24:21.433745 https://zaoanbeijing0316.fang.com/
Logger:2020-03-16 12:24:21.834674 https://tiandifenghuangcheng.fang.com/
Logger:2020-03-16 12:24:22.166784 https://aekdybzwqcrs.fang.com/
Logger:2020-03-16 12:24:22.519842 https://hengdatianzhu.fang.com/
Logger:2020-03-16 12:24:27.364934 https://aekdyyqhycrs.fang.com/
Logger:2020-03-16 12:24:27.759822 https://linghangguojixkgkqc.fang.com/
Logger:2020-03-16 12:24:28.081993 https://feicuichenglw.fang.com/
Logger:2020-03-16 12:24:28.430029 https://haluoxiaozhenwkwk.fang.com/
Logger:2020-03-16 12:24:28.922742 https://aekdyhycrs.fang.com/
Logger:2020-03-16 12:24:29.368518 https://beijingyunhewanwr.fang.com/
Logger:2020-03-16 12:24:29.704648 https://shangshanyiyuan.fang.com/
Logger:2020-03-16 12:24:30.043712 https://lixianglanwanhk.fang.com/
Logger:2020-03-16 12:24:30.431676 https://shidaiyihaorc.fang.com/
Logger:2020-03-16 12:24:30.713946 https://beichenxianglu0316.fang.com/
Logger:2020-03-16 12:24:31.028078 https://xfgydyhkqc.fang.com/
Logger:2020-03-16 12:24:31.320297 https://longhehuayursaekdy.fang.com/
Logger:2020-03-16 12:24:34.631442 https://lf.newhouse.fang.com/house/s/b93/
Logger:2020-03-16 12:24:34.915679 https://rongshengshoufu0316.fang.com/
Logger:2020-03-16 12:24:35.264745 https://kongquechengydh0316.fang.com/
Logger:2020-03-16 12:24:35.543000 https://lantingyaju0316.fang.com/
Logger:2020-03-16 12:24:35.875112 https://feicuihuatinghd0316.fang.com/
Logger:2020-03-16 12:24:36.201239 https://xsjzxlf.fang.com/
Logger:2020-03-16 12:24:36.528383 https://zhuguangyijing0316.fang.com/
Logger:2020-03-16 12:24:36.996113 https://huayuanxsj0316.fang.com/
Logger:2020-03-16 12:24:37.293318 https://guofengyuefusk.fang.com/
Logger:2020-03-16 12:24:37.616453 https://tianyangcheng.fang.com/
Logger:2020-03-16 12:24:37.863792 https://jzykqcyf0316.fang.com/
Logger:2020-03-16 12:24:38.211861 https://jinxiuyufu.fang.com/
Logger:2020-03-16 12:24:38.549956 https://zhongnanxiyue0316.fang.com/
Logger:2020-03-16 12:24:38.838221 https://dayunhezhihuijiequ.fang.com/
Logger:2020-03-16 12:24:39.193235 https://kongquechengyingguogongydh0316.fang.com/
Logger:2020-03-16 12:24:39.562248 https://longhefengjinght.fang.com/
Logger:2020-03-16 12:24:39.906335 https://shizichengk20316.fang.com/
Logger:2020-03-16 12:24:40.221485 https://youbushuianjh0316.fang.com/
Logger:2020-03-16 12:24:40.579527 https://rongchuangchengyq.fang.com/
Logger:2020-03-16 12:24:40.888699 https://jinxiuhaotingrs.fang.com/
Logger:2020-03-16 12:24:41.274699 https://huayujingyuanrs.fang.com/
Logger:2020-03-16 12:24:45.270976 https://lf.newhouse.fang.com/house/s/b94/
Logger:2020-03-16 12:24:45.575204 https://daaichengaw0316.fang.com/
Logger:2020-03-16 12:24:46.022965 https://shengjinglanwancbhkqc.fang.com/
Logger:2020-03-16 12:24:46.381006 https://yinheyiyuan.fang.com/
Logger:2020-03-16 12:24:46.717108 https://huayujunjing.fang.com/
Logger:2020-03-16 12:24:47.011321 https://ziyuhongzhuds.fang.com/
Logger:2020-03-16 12:24:47.288580 https://shidaizhiguangwk0316.fang.com/
Logger:2020-03-16 12:24:47.596754 https://zhongyanggongyuancbhkqc.fang.com/
Logger:2020-03-16 12:24:47.865038 https://jinyuejunjrj.fang.com/
Logger:2020-03-16 12:24:49.760965 https://xinwenankongquecheng.fang.com/
Logger:2020-03-16 12:24:50.073129 https://sainachengbang0316.fang.com/
Logger:2020-03-16 12:24:50.378327 https://kongquechenglf.fang.com/
Logger:2020-03-16 12:24:50.680505 https://kgyhgcydhkqc.fang.com/
Logger:2020-03-16 12:24:51.001666 https://zhongkejiahuicheng.fang.com/
Logger:2020-03-16 12:24:51.299849 https://bjjzyyf0316.fang.com/
Logger:2020-03-16 12:24:51.633954 https://kongquechengziweiyuan.fang.com/
Logger:2020-03-16 12:24:51.926191 https://ziruishangcheng.fang.com/
Logger:2020-03-16 12:24:52.234387 https://lujingtaihlb.fang.com/
Logger:2020-03-16 12:24:52.533548 https://lijingjiayuan0316.fang.com/
Logger:2020-03-16 12:24:52.892588 https://yuelifangts.fang.com/
Logger:2020-03-16 12:24:53.171840 https://lijingcheng0316.fang.com/
Logger:2020-03-16 12:24:57.035507 https://lf.newhouse.fang.com/house/s/b95/
Logger:2020-03-16 12:24:57.306780 https://sanheyanjiaokongquecheng.fang.com/
Logger:2020-03-16 12:24:57.613959 https://guoquancheng0316.fang.com/
Logger:2020-03-16 12:24:57.895206 https://zhonghongxinjie20316.fang.com/
Logger:2020-03-16 12:24:58.164512 https://beijinghuiyj.fang.com/
Logger:2020-03-16 12:24:58.472660 https://beijinghuanqingchengwkwk0316.fang.com/
Logger:2020-03-16 12:24:58.741940 https://yanchengyijinwan2.fang.com/
Logger:2020-03-16 12:24:59.050115 https://shouertiancheng0316.fang.com/
Logger:2020-03-16 12:24:59.591667 https://chengshijihesm.fang.com/
Logger:2020-03-16 12:24:59.871957 https://yongdingyihaoyuanzt.fang.com/
Logger:2020-03-16 12:25:00.182087 https://derongwenjing.fang.com/
Logger:2020-03-16 12:25:00.458383 https://sanheshuianhuayurs.fang.com/
Logger:2020-03-16 12:25:00.808410 https://chunhuishidai0316.fang.com/
Logger:2020-03-16 12:25:01.126589 https://jinghanjunting20316.fang.com/
Logger:2020-03-16 12:25:01.439723 https://lishuikangchengbazhou.fang.com/
Logger:2020-03-16 12:25:01.715983 https://fanersaigonguan.fang.com/
Logger:2020-03-16 12:25:02.047098 https://webeijing0316.fang.com/
Logger:2020-03-16 12:25:02.372268 https://yuanxiangxiguhk0316.fang.com/
Logger:2020-03-16 12:25:02.723327 https://jindiyijing0316.fang.com/
Logger:2020-03-16 12:25:03.150187 https://weilaichengsf.fang.com/
Logger:2020-03-16 12:25:03.451341 https://fenghuangchengzd2.fang.com/
Logger:2020-03-16 12:25:08.029095 https://lf.newhouse.fang.com/house/s/b96/
Logger:2020-03-16 12:25:08.296380 https://fenghuangchengzd2.fang.com/
Logger:2020-03-16 12:25:08.627494 https://hxgjgcdy.fang.com/
Logger:2020-03-16 12:25:08.994518 https://zitengbaowtxj0316.fang.com/
Logger:2020-03-16 12:25:09.325627 https://zhongyanggongguanwa.fang.com/
Logger:2020-03-16 12:25:09.673696 https://wangfuhuayuan0316.fang.com/
Logger:2020-03-16 12:25:09.984863 https://hongshuwank2.fang.com/
Logger:2020-03-16 12:25:12.033382 https://manxiangjun.fang.com/
Logger:2020-03-16 12:25:12.359511 https://wenanminanhuafu.fang.com/
Logger:2020-03-16 12:25:15.239869 https://yjshengjinglanwan.fang.com/
Logger:2020-03-16 12:25:16.799633 https://xiaweiyinanan20316.fang.com/2/
Logger:2020-03-16 12:25:17.056944 https://beijing0316.fang.com/
Logger:2020-03-16 12:25:17.338192 https://xingfulilc.fang.com/
Logger:2020-03-16 12:25:17.692270 https://yuhuyuanjt.fang.com/
Logger:2020-03-16 12:25:18.032335 https://yujinyuan0316.fang.com/
Logger:2020-03-16 12:25:18.311631 https://houniaochaosd.fang.com/
Logger:2020-03-16 12:25:18.605802 https://4hxkqdwc.fang.com/
Logger:2020-03-16 12:25:19.022686 https://lvchenwanhuacheng0316.fang.com/
Logger:2020-03-16 12:25:19.354797 https://yuquanwanhlb.fang.com/
Logger:2020-03-16 12:25:19.631058 https://chaobairenjia.fang.com/
Logger:2020-03-16 12:25:19.986109 https://yishikong.fang.com/
Logger:2020-03-16 12:25:23.542595 https://lf.newhouse.fang.com/house/s/b97/
Logger:2020-03-16 12:25:23.987404 https://wenquanlidu.fang.com/
Logger:2020-03-16 12:25:24.202828 https://yuhuaxidao0316.fang.com/
Logger:2020-03-16 12:25:24.474114 https://tianyue0316.fang.com/
Logger:2020-03-16 12:25:24.808272 https://xianggongguan0316.fang.com/
Logger:2020-03-16 12:25:25.087481 https://tixiangwenquanxiaozhen.fang.com/
Logger:2020-03-16 12:25:26.524616 https://wenan.newhouse.fang.com/house/1339813397.htm
Logger:2020-03-16 12:25:26.795927 https://shangshuyuanrj.fang.com/
Logger:2020-03-16 12:25:27.119027 https://longtown0316.fang.com/
Logger:2020-03-16 12:25:27.463106 https://jindijiayuan0316.fang.com/
Logger:2020-03-16 12:25:28.484375 https://yingbinhuayuan0316.fang.com/
Logger:2020-03-16 12:25:29.107738 https://gongqingshe0316.fang.com/
Logger:2020-03-16 12:25:31.601036 https://xianghuafu.fang.com/
Logger:2020-03-16 12:25:33.698458 https://sanshengguojicheng0316.fang.com/
Logger:2020-03-16 12:25:34.029544 https://xiangshunjiayuan.fang.com/
Logger:2020-03-16 12:25:34.362649 https://ziyuefusd.fang.com/
Logger:2020-03-16 12:25:34.622990 https://meiguizhuangyuan0316.fang.com/
Logger:2020-03-16 12:25:34.897218 https://yudongjunjing2.fang.com/
Logger:2020-03-16 12:25:35.213373 https://shenghengshidai.fang.com/
Logger:2020-03-16 12:25:37.002589 https://wutongjunjh.fang.com/
Logger:2020-03-16 12:25:37.358666 https://jingxiangyuanht.fang.com/
Logger:2020-03-16 12:25:41.265183 https://lf.newhouse.fang.com/house/s/b98/
Logger:2020-03-16 12:25:41.551418 https://yannanjun.fang.com/
Logger:2020-03-16 12:25:41.925416 https://guojicunydse.fang.com/
Logger:2020-03-16 12:25:42.199683 https://fengxijunht0316.fang.com/
Logger:2020-03-16 12:25:42.479934 https://guobao21chengld0316.fang.com/
Logger:2020-03-16 12:25:42.837976 https://kongquechenggongyuanhailf0316.fang.com/
Logger:2020-03-16 12:25:43.146155 https://dibaoyihaohm0316.fang.com/
Logger:2020-03-16 12:25:43.435377 https://kqcwsjdyh.fang.com/
Logger:2020-03-16 12:25:43.741558 https://jinyinwan0316.fang.com/
Logger:2020-03-16 12:25:45.236637 https://xinghe185.fang.com/
Logger:2020-03-16 12:25:45.471959 https://zswdyhkqc.fang.com/
Logger:2020-03-16 12:25:46.027444 https://sanheouyishuian.fang.com/
Logger:2020-03-16 12:25:47.437670 https://bishengjiayuan.fang.com/
Logger:2020-03-16 12:25:47.750871 https://ouyiliting.fang.com/
Logger:2020-03-16 12:25:48.016123 https://sanhehuanjinlanwan.fang.com/
Logger:2020-03-16 12:25:48.270443 https://sanhezhongjunsijihuadu.fang.com/
Logger:2020-03-16 12:25:48.547701 https://jianyedasha0316.fang.com/
Logger:2020-03-16 12:25:49.038389 https://qiegongchangyj.fang.com/
Logger:2020-03-16 12:25:49.282736 https://weiming1898.fang.com/
Logger:2020-03-16 12:25:49.511161 https://yangguangchengxhgj.fang.com/
Logger:2020-03-16 12:25:50.167368 https://gongyuanjiulihr0316.fang.com/
Logger:2020-03-16 12:25:53.904414 https://lf.newhouse.fang.com/house/s/b99/
Logger:2020-03-16 12:25:54.187614 https://taoliguandirs.fang.com/
Logger:2020-03-16 12:25:54.425979 https://langfangshijingyuanth.fang.com/
Logger:2020-03-16 12:25:54.713207 https://boyueshan0316.fang.com/
Logger:2020-03-16 12:25:55.100210 https://xingfuyuan0316.fang.com/
Logger:2020-03-16 12:25:56.435629 https://tianzizhuangyuan.fang.com/
Logger:2020-03-16 12:25:56.687925 https://xuefuqinghua.fang.com/
Logger:2020-03-16 12:25:57.033999 https://guoruigongguan.fang.com/
Logger:2020-03-16 12:25:57.386057 https://gaojieguojizj.fang.com/
Logger:2020-03-16 12:25:57.720205 https://aekdyxhhycrs.fang.com/
Logger:2020-03-16 12:25:58.046292 https://fudiguang.fang.com/
Logger:2020-03-16 12:25:58.326541 https://mzgcynjy.fang.com/
Logger:2020-03-16 12:25:58.630728 https://jinlingyuzl.fang.com/
Logger:2020-03-16 12:25:58.979793 https://xingguangcheng0316.fang.com/
Logger:2020-03-16 12:25:59.288009 https://jingheyuan0316.fang.com/
Logger:2020-03-16 12:25:59.608113 https://fangzhengyingjun20316.fang.com/
Logger:2020-03-16 12:25:59.888365 https://ruichengjiayuan0316.fang.com/
Logger:2020-03-16 12:26:00.220515 https://jiachengshidaizy.fang.com/
Logger:2020-03-16 12:26:00.500725 https://kadiyawenquancheng.fang.com/
Logger:2020-03-16 12:26:00.838821 https://sijihuayuan20316.fang.com/
Logger:2020-03-16 12:26:01.104110 https://sanhehuifuyuerongwan.fang.com/
Logger:2020-03-16 12:26:04.811195 https://lf.newhouse.fang.com/house/s/b910/
Logger:2020-03-16 12:26:05.081472 https://sijihuayuan20316.fang.com/
Logger:2020-03-16 12:26:05.361720 https://sanhehuifuyuerongwan.fang.com/
Logger:2020-03-16 12:26:07.056188 https://aekdygtxgxdpyjrs.fang.com/
Logger:2020-03-16 12:26:07.337470 https://shangchengguoji0316.fang.com/
Logger:2020-03-16 12:26:07.698530 https://beijingfengchao.fang.com/
Logger:2020-03-16 12:26:08.153253 https://xinghaihaoting0316.fang.com/
Logger:2020-03-16 12:26:08.498366 https://shuixiehuachenglmsz0316.fang.com/
Logger:2020-03-16 12:26:08.796532 https://dingshengguoji0316.fang.com/
Logger:2020-03-16 12:26:09.096743 https://sanheleijieshidaiguangchang.fang.com/
Logger:2020-03-16 12:26:09.353073 https://jiujinyufu.fang.com/
Logger:2020-03-16 12:26:09.684158 https://furuicheng.fang.com/
Logger:2020-03-16 12:26:09.991336 https://chenxichenxi0316.fang.com/
Logger:2020-03-16 12:26:10.772285 https://xiaweiyishuian1hao.fang.com/
Logger:2020-03-16 12:26:11.087404 https://yijiangnanhy2.fang.com/
Logger:2020-03-16 12:26:11.382615 https://shangdongqukc.fang.com/
Logger:2020-03-16 12:26:11.697771 https://wangjinghuayuan0316.fang.com/
Logger:2020-03-16 12:26:12.013925 https://fushundongyuan.fang.com/
Logger:2020-03-16 12:26:12.362992 https://cuihulanting.fang.com/
Logger:2020-03-16 12:26:12.670170 https://dijiuqubj.fang.com/
Logger:2020-03-16 12:26:15.247276 https://hemeizijinghuayuan.fang.com/
Logger:2020-03-16 12:26:19.012204 https://lf.newhouse.fang.com/house/s/b911/
Logger:2020-03-16 12:26:20.777482 https://wenan.newhouse.fang.com/house/1339813415.htm
Logger:2020-03-16 12:26:21.046761 https://bazhouzuoanbazhou.fang.com/
Logger:2020-03-16 12:26:21.313087 https://fenghuangguoji.fang.com/
Logger:2020-03-16 12:26:21.868601 https://huangjinsoho.fang.com/
Logger:2020-03-16 12:26:22.136845 https://yanyangcheng.fang.com/
Logger:2020-03-16 12:26:22.507882 https://huamingyunjing.fang.com/
Logger:2020-03-16 12:26:23.077328 https://wenanyangguangguoji.fang.com/
Logger:2020-03-16 12:26:23.332647 https://longxitaizy.fang.com/
Logger:2020-03-16 12:26:23.685738 https://taofangjiarijiudianxcy.fang.com/
Logger:2020-03-16 12:26:23.997867 https://jinhengshijia20316.fang.com/
Logger:2020-03-16 12:26:24.257173 https://shanghewanst.fang.com/
Logger:2020-03-16 12:26:24.499525 https://feicuichengdr0316.fang.com/
Logger:2020-03-16 12:26:24.767807 https://ebccbstc.fang.com/
Logger:2020-03-16 12:26:25.099918 https://dongyuerunkehuayuan.fang.com/
Logger:2020-03-16 12:26:25.375224 https://jindingfudi.fang.com/
Logger:2020-03-16 12:26:25.651468 https://yijinguojiguangchang.fang.com/
Logger:2020-03-16 12:26:26.202024 https://kangxianyuan0316.fang.com/
Logger:2020-03-16 12:26:26.484253 https://yangguangxindu.fang.com/
Logger:2020-03-16 12:26:26.748508 https://ytwjjcc.fang.com/
Logger:2020-03-16 12:26:27.017790 https://726187.fang.com/
Logger:2020-03-16 12:26:30.855557 https://lf.newhouse.fang.com/house/s/b912/
Logger:2020-03-16 12:26:31.143750 https://wutongdasha0316.fang.com/
Logger:2020-03-16 12:26:32.628777 https://yipinlanshan0316.fang.com/
Logger:2020-03-16 12:26:32.897059 https://guoruishengtaicheng0316.fang.com/
Logger:2020-03-16 12:26:34.646380 https://huatanggaoerfu.fang.com/
Logger:2020-03-16 12:26:34.927642 https://jinxiuhuafu0316.fang.com/
Logger:2020-03-16 12:26:35.246774 https://yuhuajun.fang.com/
Logger:2020-03-16 12:26:35.552954 https://zhongxingheyuan0316.fang.com/
Logger:2020-03-16 12:26:37.985448 https://meiquanyuanshulf.fang.com/
Logger:2020-03-16 12:26:38.373409 https://098760.fang.com/
Logger:2020-03-16 12:26:38.917991 https://tjinshan.fang.com/
Logger:2020-03-16 12:26:39.171276 https://jingdongcbd0316.fang.com/
Logger:2020-03-16 12:26:39.456553 https://yuchangyuan.fang.com/
Logger:2020-03-16 12:26:41.872050 https://gefyzkqc.fang.com/
Logger:2020-03-16 12:26:42.163272 https://qihangzhiguangwk.fang.com/
Logger:2020-03-16 12:26:42.726764 https://tdayuexincheng.fang.com/
Logger:2020-03-16 12:26:42.997040 https://zhuguangyujing0316.fang.com/
Logger:2020-03-16 12:26:43.303221 https://huachenggongyu0316.fang.com/
Logger:2020-03-16 12:26:43.595439 https://zhengyuan.fang.com/
Logger:2020-03-16 12:26:43.902656 https://konggangzun.fang.com/
Logger:2020-03-16 12:26:44.211791 https://tianxibgy0316.fang.com/
Logger:2020-03-16 12:26:48.598057 https://lf.newhouse.fang.com/house/s/b913/
Logger:2020-03-16 12:26:48.877310 https://ruijiayuan0316.fang.com/
Logger:2020-03-16 12:26:49.178538 https://hengjixiandaicheng.fang.com/
Logger:2020-03-16 12:26:49.478701 https://suhedadao.fang.com/
Logger:2020-03-16 12:26:49.852738 https://hongshanjun.fang.com/
Logger:2020-03-16 12:26:50.165864 https://huaanlijing0316.fang.com/
Logger:2020-03-16 12:26:51.969102 https://xingfujiayuanyq.fang.com/
Logger:2020-03-16 12:26:52.286192 https://shidaiguangchang010.fang.com/
Logger:2020-03-16 12:26:52.557465 https://senlinyicheng.fang.com/
Logger:2020-03-16 12:26:53.230664 https://meiliyuanzh.fang.com/2/
Logger:2020-03-16 12:26:53.487975 https://tashengshijingyuan.fang.com/
Logger:2020-03-16 12:26:54.117292 https://sanhetianyangchnegsidai.fang.com/
Logger:2020-03-16 12:26:54.394551 https://meilinjundu.fang.com/
Logger:2020-03-16 12:26:54.634908 https://bazhougongyuanyihao.fang.com/
Logger:2020-03-16 12:26:57.054435 https://qinghaichengstyh0316.fang.com/
Logger:2020-03-16 12:26:57.359700 https://shangpinguoji0316.fang.com/
Logger:2020-03-16 12:26:57.711676 https://zhengdasiqi.fang.com/
Logger:2020-03-16 12:26:58.025837 https://tixiangwenquanxiaozhen0316.fang.com/
Logger:2020-03-16 12:26:58.363014 https://haitangyuandf.fang.com/
Logger:2020-03-16 12:27:00.176084 https://835671.fang.com/
Logger:2020-03-16 12:27:00.457331 https://jingdongxincheng0316.fang.com/
Logger:2020-03-16 12:27:04.293070 https://lf.newhouse.fang.com/house/s/b914/
Logger:2020-03-16 12:27:06.626828 https://xiangchenglishe.fang.com/
Logger:2020-03-16 12:27:06.913060 https://wojiagongfang.fang.com/
Logger:2020-03-16 12:27:08.951608 https://fulindijing.fang.com/
Logger:2020-03-16 12:27:10.510438 https://baidoujiayuan.fang.com/
Logger:2020-03-16 12:27:10.776725 https://nuoweidesenlin.fang.com/
Logger:2020-03-16 12:27:11.057973 https://721341.fang.com/
Logger:2020-03-16 12:27:13.749772 https://shengdabogong.fang.com/
Logger:2020-03-16 12:27:14.028028 https://wejiabeijing.fang.com/
Logger:2020-03-16 12:27:14.328226 https://yulonggongyu0316.fang.com/2/
Logger:2020-03-16 12:27:14.704257 https://jinkangyajubazhou.fang.com/
Logger:2020-03-16 12:27:15.022368 https://meishushanjl.fang.com/
Logger:2020-03-16 12:27:17.969483 https://bazhoubaidoujiayuan.fang.com/
Logger:2020-03-16 12:27:18.347502 https://guolongfu.fang.com/
Logger:2020-03-16 12:27:18.619744 https://shengshijiayuan20316.fang.com/
Logger:2020-03-16 12:27:18.942880 https://shengdabogong0316.fang.com/
Logger:2020-03-16 12:27:20.497759 https://xiangyushijiecheng0316.fang.com/
Logger:2020-03-16 12:27:20.878701 https://dingshengguoji20316.fang.com/
Logger:2020-03-16 12:27:22.115392 https://ladefangdugt0316.fang.com/
Logger:2020-03-16 12:27:23.962452 https://xianghe.newhouse.fang.com/house/1323731075.htm
Logger:2020-03-16 12:27:25.479394 https://wanfangcheng.fang.com/
Logger:2020-03-16 12:27:29.077800 https://lf.newhouse.fang.com/house/s/b915/
Logger:2020-03-16 12:27:29.329095 https://chenggongdaguangchang.fang.com/
Logger:2020-03-16 12:27:29.550503 https://leijieshangyeguangchang.fang.com/
Logger:2020-03-16 12:27:30.106056 https://shengdajinpan.fang.com/
Logger:2020-03-16 12:27:30.444136 https://jinyuan0316.fang.com/
Logger:2020-03-16 12:27:30.723402 https://fulixinchenglf0316.fang.com/
Logger:2020-03-16 12:27:31.006607 https://200143.fang.com/
Logger:2020-03-16 12:27:31.322761 https://luonaheguhk.fang.com/
Logger:2020-03-16 12:27:32.850674 https://hbsh.newhouse.fang.com/house/1350835181.htm
Logger:2020-03-16 12:27:33.139900 https://taiyanggongyuanjh.fang.com/
Logger:2020-03-16 12:27:33.501932 https://hbsh.newhouse.fang.com/house/1350835237.htm
Logger:2020-03-16 12:27:33.822075 https://zhongxingbeifangkejiyuan.fang.com/
Logger:2020-03-16 12:27:37.380556 https://lf.newhouse.fang.com/house/s/b916/
Logger:2020-03-16 12:27:40.895155 https://lf.newhouse.fang.com/house/s/b917/
Logger:2020-03-16 12:27:44.476574 https://lf.newhouse.fang.com/house/s/b918/
