Logger:2020-03-15 23:43:13.842395 https://lianjiang.newhouse.fang.com/house/s/b91/
Logger:2020-03-15 23:43:14.241408 https://yinshanhaism.fang.com/
Logger:2020-03-15 23:43:14.574477 https://guianfubgy.fang.com/
Logger:2020-03-15 23:43:15.007320 https://xiangyuefuzg.fang.com/
Logger:2020-03-15 23:43:15.375137 https://shimaoyunlong.fang.com/
Logger:2020-03-15 23:43:15.789447 https://fuyoulirenzx.fang.com/
Logger:2020-03-15 23:43:16.121530 https://hengyuguojiguanhu.fang.com/
Logger:2020-03-15 23:43:16.462616 https://lianjiangjianfashuxiangli.fang.com/
Logger:2020-03-15 23:43:16.873540 https://shanhaidaguanjfrq.fang.com/
Logger:2020-03-15 23:43:17.229830 https://qianlongdadismfs.fang.com/
Logger:2020-03-15 23:43:17.551938 https://hengyuguojishangpin.fang.com/
Logger:2020-03-15 23:43:17.909946 https://shuangxiyuanzhu.fang.com/
Logger:2020-03-15 23:43:18.311599 https://xishanwenquanshangpinshu.fang.com/
Logger:2020-03-15 23:43:18.675599 https://xishanwenquantianran.fang.com/
Logger:2020-03-15 23:43:19.062591 https://dingsenzhongyanggongyuanlj.fang.com/
Logger:2020-03-15 23:43:20.140684 https://lianjiang.newhouse.fang.com/house/2229202832.htm
Logger:2020-03-15 23:43:20.511186 https://dinghaiwandujiacheng.fang.com/
Logger:2020-03-15 23:43:20.847398 https://rizhaoxiangyuanzx.fang.com/
Logger:2020-03-15 23:43:21.279210 https://lianjianghuangtingdanjun.fang.com/
Logger:2020-03-15 23:43:21.630304 https://wanxingcheng0591.fang.com/
Logger:2020-03-15 23:43:22.023221 https://zhengxiangrizhaojialinlj.fang.com/
Logger:2020-03-15 23:43:25.560538 https://lianjiang.newhouse.fang.com/house/s/b92/
Logger:2020-03-15 23:43:27.727406 https://ljbishuilongting0591.fang.com/
Logger:2020-03-15 23:43:28.079203 https://xiangjiangshijiezg.fang.com/
Logger:2020-03-15 23:43:30.295325 https://jianfaxiyuan0591.fang.com/
Logger:2020-03-15 23:43:30.696370 https://yufudaotf.fang.com/
Logger:2020-03-15 23:43:31.055328 https://hengyuguojihuafu0591.fang.com/
Logger:2020-03-15 23:43:31.373467 https://lijingtianxia0591.fang.com/
Logger:2020-03-15 23:43:31.683683 https://zhongguoguigu.fang.com/
Logger:2020-03-15 23:43:32.077165 https://yuzhoujianqiaoxueyuan.fang.com/
Logger:2020-03-15 23:43:34.267405 https://jiangbinguandi.fang.com/
Logger:2020-03-15 23:43:34.588658 https://shengshihaomen0591.fang.com/
Logger:2020-03-15 23:43:34.906805 https://wanrunwenquanhg.fang.com/
Logger:2020-03-15 23:43:36.905745 https://huangdinggongguanlj.fang.com/
Logger:2020-03-15 23:43:37.219866 https://waitanyihao0591.fang.com/
Logger:2020-03-15 23:43:37.507697 https://longbinxinjie0591.fang.com/
Logger:2020-03-15 23:43:37.894614 https://guianxintiandi0591.fang.com/
Logger:2020-03-15 23:43:38.425541 https://tongyouboshihuating0591.fang.com/
Logger:2020-03-15 23:43:38.759608 https://zdzqxzddyqf.fang.com/
Logger:2020-03-15 23:43:41.142674 https://xianshengdeshanlj.fang.com/
Logger:2020-03-15 23:43:41.457407 https://honghuidiequanwan0591.fang.com/
Logger:2020-03-15 23:43:41.854353 https://ljjiaritinghai.fang.com/
Logger:2020-03-15 23:43:45.127202 https://lianjiang.newhouse.fang.com/house/s/b93/
Logger:2020-03-15 23:43:46.143110 https://huayuyushanshui0591.fang.com/
Logger:2020-03-15 23:43:47.070399 https://lianjiang.newhouse.fang.com/house/2229202682.htm
Logger:2020-03-15 23:43:48.978854 https://yujingzhuangyuan0591.fang.com/
Logger:2020-03-15 23:43:50.986568 https://tangquanyipin0591.fang.com/
Logger:2020-03-15 23:43:51.279580 https://haixiawenhuacunlj.fang.com/
Logger:2020-03-15 23:43:51.690016 https://rongyuwaitanlj.fang.com/
Logger:2020-03-15 23:43:52.015150 https://jiaritinghailianjiang.fang.com/
Logger:2020-03-15 23:43:55.686134 https://lianjiang.newhouse.fang.com/house/2229202788.htm
Logger:2020-03-15 23:43:57.358799 https://yujingzhuangyuanlj.fang.com/
Logger:2020-03-15 23:43:57.696866 https://0591haixiawenhuacun.fang.com/
Logger:2020-03-15 23:44:02.339409 https://guianxintiandijiudian.fang.com/
Logger:2020-03-15 23:44:05.955192 https://lianjiang.newhouse.fang.com/house/s/b94/
Logger:2020-03-15 23:44:09.527345 https://lianjiang.newhouse.fang.com/house/s/b95/
Logger:2020-03-15 23:44:12.855547 https://lianjiang.newhouse.fang.com/house/s/b96/
