Logger:2020-03-16 20:56:32.322838 https://liangshan.newhouse.fang.com/house/s/b91/
Logger:2020-03-16 20:56:32.716793 https://1haoyuanqh.fang.com/
Logger:2020-03-16 20:56:33.058839 https://wenlanfuygc0834.fang.com/
Logger:2020-03-16 20:56:33.440528 https://longyangyufudn.fang.com/
Logger:2020-03-16 20:56:33.809415 https://changdaoqhw.fang.com/
Logger:2020-03-16 20:56:34.233868 https://bthxf.fang.com/
Logger:2020-03-16 20:56:34.654700 https://tietouqhyh.fang.com/
Logger:2020-03-16 20:56:35.021691 https://jdzyf0834.fang.com/
Logger:2020-03-16 20:56:35.420572 https://lingxiunanshan.fang.com/
Logger:2020-03-16 20:56:35.838266 https://jinxiyufuct.fang.com/
Logger:2020-03-16 20:56:44.606066 https://rdzyt.fang.com/
Logger:2020-03-16 20:56:44.955223 https://sxhhsy.fang.com/
Logger:2020-03-16 20:56:50.884463 https://sgflzy.fang.com/
Logger:2020-03-16 20:56:51.554670 https://lhchys.fang.com/
Logger:2020-03-16 20:56:58.905737 https://162448.fang.com/
Logger:2020-03-16 20:56:59.296705 https://jzyhj.fang.com/
Logger:2020-03-16 20:57:09.136562 https://biguiyuantianyue0834.fang.com/
Logger:2020-03-16 20:57:09.570971 https://bthyc.fang.com/
Logger:2020-03-16 20:57:15.522414 https://btnsgjsqys.fang.com/
Logger:2020-03-16 20:57:15.870080 https://jsxwy0834.fang.com/
Logger:2020-03-16 20:57:16.203394 https://ldyqh.fang.com/
Logger:2020-03-16 20:57:20.275508 https://liangshan.newhouse.fang.com/house/s/b92/
Logger:2020-03-16 20:57:20.563737 https://zhjsxftj.fang.com/
Logger:2020-03-16 20:57:20.937349 https://ldltf0834.fang.com/
Logger:2020-03-16 20:57:21.440571 https://xixiangguoji.fang.com/
Logger:2020-03-16 20:57:21.815569 https://ldhyl.fang.com/
Logger:2020-03-16 20:57:23.188499 https://zhongguotiejianqionghaixian.fang.com/
Logger:2020-03-16 20:57:23.543547 https://wanhebinjiang1hao.fang.com/
Logger:2020-03-16 20:57:27.136434 https://liangshan.newhouse.fang.com/house/s/b93/
Logger:2020-03-16 20:57:30.927280 https://liangshan.newhouse.fang.com/house/s/b94/
Logger:2020-03-16 20:57:34.598552 https://liangshan.newhouse.fang.com/house/s/b95/
