Logger:2020-03-16 16:22:16.282156 https://liaoyang.newhouse.fang.com/house/s/b91/
Logger:2020-03-16 16:22:16.594295 https://jinyumingzhu.fang.com/
Logger:2020-03-16 16:22:17.058069 https://ztcsgc.fang.com/
Logger:2020-03-16 16:22:17.407110 https://hengdalvzhouly.fang.com/
Logger:2020-03-16 16:22:17.752202 https://guanlanlijingjf.fang.com/
Logger:2020-03-16 16:22:19.762337 https://wgledlh.fang.com/
Logger:2020-03-16 16:22:20.137413 https://tuosikana0419.fang.com/
Logger:2020-03-16 16:22:20.484489 https://balijingdianhuayuan.fang.com/
Logger:2020-03-16 16:22:20.833559 https://diyichengly.fang.com/
Logger:2020-03-16 16:22:21.171185 https://lanwanguojibl.fang.com/
Logger:2020-03-16 16:22:21.643689 https://hanboyipin.fang.com/
Logger:2020-03-16 16:22:22.000912 https://bodayaju.fang.com/
Logger:2020-03-16 16:22:22.356973 https://zhongnanwangjinghuayuan.fang.com/
Logger:2020-03-16 16:22:22.664129 https://xiangpinglanting.fang.com/
Logger:2020-03-16 16:22:23.679054 https://shuiyuehangongfh.fang.com/
Logger:2020-03-16 16:22:25.197299 https://yinshengjiayuan.fang.com/
Logger:2020-03-16 16:22:25.545952 https://fanmeihuatingly.fang.com/
Logger:2020-03-16 16:22:27.056096 https://xiangpinghuatingzgtj.fang.com/
Logger:2020-03-16 16:22:27.514067 https://longyuanshanjuzft.fang.com/
Logger:2020-03-16 16:22:28.085047 https://jingduchenghd.fang.com/
Logger:2020-03-16 16:22:28.546810 https://wanjiaguoji.fang.com/
Logger:2020-03-16 16:22:32.503257 https://liaoyang.newhouse.fang.com/house/s/b92/
Logger:2020-03-16 16:22:33.586058 https://shoushanhuafu.fang.com/
Logger:2020-03-16 16:22:36.262164 https://hfdfjr.fang.com/
Logger:2020-03-16 16:22:36.593346 https://henglixincheng.fang.com/
Logger:2020-03-16 16:22:38.014686 https://shijiyangguang0419.fang.com/
Logger:2020-03-16 16:22:38.387263 https://fuhongmingyuan.fang.com/
Logger:2020-03-16 16:22:39.045615 https://chengyagelin.fang.com/
Logger:2020-03-16 16:22:40.554997 https://shengtaiyayuan0419.fang.com/
Logger:2020-03-16 16:22:41.139444 https://zuoanxinchengjf.fang.com/
Logger:2020-03-16 16:22:41.566292 https://chengbaolongguangchang.fang.com/
Logger:2020-03-16 16:22:41.945779 https://yinglunhuafu0419.fang.com/
Logger:2020-03-16 16:22:42.401525 https://luomajiari.fang.com/
Logger:2020-03-16 16:22:42.723624 https://taizijunhm.fang.com/
Logger:2020-03-16 16:22:43.040777 https://jinlanmingdi.fang.com/
Logger:2020-03-16 16:22:43.381905 https://kxmgcly.fang.com/
Logger:2020-03-16 16:22:45.433204 https://zuoangaoerfuxincheng.fang.com/
Logger:2020-03-16 16:22:46.262732 https://ghzagczahy.fang.com/
Logger:2020-03-16 16:22:48.306946 https://hedongxinyuan.fang.com/
Logger:2020-03-16 16:22:48.709847 https://bslncyq.fang.com/
Logger:2020-03-16 16:22:49.042446 https://xflxgjjy.fang.com/
Logger:2020-03-16 16:22:49.377068 https://kaixuanmendj.fang.com/
Logger:2020-03-16 16:22:53.147686 https://liaoyang.newhouse.fang.com/house/s/b93/
Logger:2020-03-16 16:22:53.530661 https://zhongzecheng.fang.com/
Logger:2020-03-16 16:22:53.884725 https://junyuetianxia0419.fang.com/
Logger:2020-03-16 16:22:54.238914 https://huayushijia.fang.com/
Logger:2020-03-16 16:22:54.568013 https://chengshihuayuansbl.fang.com/
Logger:2020-03-16 16:22:54.955187 https://jinyulanshan0419.fang.com/
Logger:2020-03-16 16:22:55.274333 https://shijichengyh024.fang.com/
Logger:2020-03-16 16:22:57.841977 https://banshanjv.fang.com/
Logger:2020-03-16 16:22:59.040464 https://binhujiayuanjf.fang.com/
Logger:2020-03-16 16:22:59.727626 https://yixinge0419.fang.com/
Logger:2020-03-16 16:23:00.709930 https://zhilanjinyuanhs.fang.com/
Logger:2020-03-16 16:23:01.124820 https://longchengshenghui.fang.com/
Logger:2020-03-16 16:23:03.564978 https://dongbeimall.fang.com/
Logger:2020-03-16 16:23:04.226980 https://huadinglongting.fang.com/
Logger:2020-03-16 16:23:04.545128 https://zazhc.fang.com/
Logger:2020-03-16 16:23:05.742690 https://beishanghuatingjf.fang.com/
Logger:2020-03-16 16:23:06.121663 https://fuhongyangguangzundi.fang.com/
Logger:2020-03-16 16:23:07.422619 https://zjcsq0419.fang.com/
Logger:2020-03-16 16:23:09.440089 https://shuianhuating0419.fang.com/
Logger:2020-03-16 16:23:11.359283 https://hongfeiyijing.fang.com/
Logger:2020-03-16 16:23:12.409866 https://wjgjshgc.fang.com/
Logger:2020-03-16 16:23:16.171239 https://liaoyang.newhouse.fang.com/house/s/b94/
Logger:2020-03-16 16:23:16.558490 https://longzehuayuanly.fang.com/
Logger:2020-03-16 16:23:16.976529 https://tianfuxincheng0419.fang.com/
Logger:2020-03-16 16:23:17.315145 https://thwyhwqgg.fang.com/
Logger:2020-03-16 16:23:17.662212 https://shuiyulinxi.fang.com/
Logger:2020-03-16 16:23:19.027622 https://xindeyaju0419.fang.com/
Logger:2020-03-16 16:23:19.347326 https://jinchengfudi.fang.com/
Logger:2020-03-16 16:23:19.679426 https://zhonghehuafu.fang.com/
Logger:2020-03-16 16:23:19.998543 https://bhcsjdly.fang.com/
Logger:2020-03-16 16:23:21.020208 https://milaxiaozhu.fang.com/
Logger:2020-03-16 16:23:22.790453 https://jindimingzuotc.fang.com/
Logger:2020-03-16 16:23:23.423482 https://zjhphyjs.fang.com/
Logger:2020-03-16 16:23:23.754559 https://yihangshijicheng.fang.com/
Logger:2020-03-16 16:23:24.135577 https://cjhphy.fang.com/
Logger:2020-03-16 16:23:24.524067 https://sjxyyy.fang.com/
Logger:2020-03-16 16:23:24.881658 https://hmgjsmc.fang.com/
Logger:2020-03-16 16:23:25.775782 https://shijixinyuan0419.fang.com/
Logger:2020-03-16 16:23:26.157764 https://huachengxinshijie.fang.com/
Logger:2020-03-16 16:23:26.929365 https://cjlsjy.fang.com/
Logger:2020-03-16 16:23:28.169356 https://jinyulanshanhy.fang.com/
Logger:2020-03-16 16:23:29.111601 https://dhxxq.fang.com/
Logger:2020-03-16 16:23:33.093451 https://liaoyang.newhouse.fang.com/house/s/b95/
Logger:2020-03-16 16:23:33.386236 https://meiyijiaguangchang.fang.com/
Logger:2020-03-16 16:23:33.732868 https://lygjqcc0419.fang.com/
Logger:2020-03-16 16:23:34.096856 https://yixinju0419.fang.com/
Logger:2020-03-16 16:23:34.558622 https://hmgjsmcly.fang.com/
Logger:2020-03-16 16:23:35.002471 https://hmgjsmc0419.fang.com/
Logger:2020-03-16 16:23:35.294210 https://lygjqcc.fang.com/
Logger:2020-03-16 16:23:35.580417 https://znxcgwzxly.fang.com/
Logger:2020-03-16 16:23:36.959369 https://wenrunjincheng.fang.com/
Logger:2020-03-16 16:23:37.325402 https://jiayuanmingjun.fang.com/
Logger:2020-03-16 16:23:37.651495 https://bihaiyuanns.fang.com/
Logger:2020-03-16 16:23:37.982180 https://xinjinzhoudasha.fang.com/
Logger:2020-03-16 16:23:40.350643 https://gjqccly.fang.com/
Logger:2020-03-16 16:23:42.805295 https://liaoyang.newhouse.fang.com/house/1614747307.htm
Logger:2020-03-16 16:23:44.540886 https://gjpgcsh.fang.com/
Logger:2020-03-16 16:23:45.450777 https://bijingjiayuan.fang.com/
Logger:2020-03-16 16:23:46.343013 https://fhxyeq.fang.com/
Logger:2020-03-16 16:23:46.811954 https://shenghuayuan0419.fang.com/
Logger:2020-03-16 16:23:50.787013 https://liaoyang.newhouse.fang.com/house/s/b96/
Logger:2020-03-16 16:23:54.758173 https://liaoyang.newhouse.fang.com/house/s/b97/
Logger:2020-03-16 16:23:58.576997 https://liaoyang.newhouse.fang.com/house/s/b98/
