Logger:2020-03-16 23:47:55.135275 https://lijiang.newhouse.fang.com/house/s/b91/
Logger:2020-03-16 23:47:55.524270 https://flxtd0888.fang.com/
Logger:2020-03-16 23:47:55.901838 https://xueyujinsha.fang.com/
Logger:2020-03-16 23:47:56.433387 https://huamaxigu.fang.com/
Logger:2020-03-16 23:47:56.816361 https://lijiangshiguang.fang.com/
Logger:2020-03-16 23:47:57.171092 https://zhongtielvjingjiayuan.fang.com/
Logger:2020-03-16 23:47:59.033711 https://yuehuameidajiudian.fang.com/
Logger:2020-03-16 23:47:59.500214 https://jingxinghuating.fang.com/
Logger:2020-03-16 23:47:59.901141 https://lijiangtianrui.fang.com/
Logger:2020-03-16 23:48:00.276137 https://zhongguolijiangxueshandjjd.fang.com/
Logger:2020-03-16 23:48:00.699080 https://yunmenlijiang0888.fang.com/
Logger:2020-03-16 23:48:01.070520 https://xingfuli20888.fang.com/
Logger:2020-03-16 23:48:01.593124 https://liyuehuan0871.fang.com/
Logger:2020-03-16 23:48:03.656372 https://xueshannali.fang.com/
Logger:2020-03-16 23:48:04.029168 https://jinmaoguzhen0888.fang.com/
Logger:2020-03-16 23:48:04.401175 https://lijiangruiji.fang.com/villa/
Logger:2020-03-16 23:48:04.923317 https://xsysxz.fang.com/
Logger:2020-03-16 23:48:05.311281 https://yiyangtaihe0888.fang.com/
Logger:2020-03-16 23:48:05.688559 https://ljxsxz.fang.com/
Logger:2020-03-16 23:48:06.178971 https://shuxiangyazhu0888.fang.com/
Logger:2020-03-16 23:48:06.606873 https://lijiangbieyuan.fang.com/
Logger:2020-03-16 23:48:10.765725 https://lijiang.newhouse.fang.com/house/s/b92/
Logger:2020-03-16 23:48:13.607213 https://yushuijindi.fang.com/
Logger:2020-03-16 23:48:13.984584 https://guchengdongfang.fang.com/
Logger:2020-03-16 23:48:14.414411 https://gcgefbsbs.fang.com/
Logger:2020-03-16 23:48:14.825379 https://shmjgjkydjq.fang.com/
Logger:2020-03-16 23:48:15.182594 https://xhsygc.fang.com/
Logger:2020-03-16 23:48:15.504525 https://ruihaiyuan0888.fang.com/
Logger:2020-03-16 23:48:15.837669 https://trwdmhyjd.fang.com/
Logger:2020-03-16 23:48:16.274507 https://qianbaihui.fang.com/
Logger:2020-03-16 23:48:19.864903 https://lijiang.newhouse.fang.com/house/s/b93/
Logger:2020-03-16 23:48:23.365258 https://lijiang.newhouse.fang.com/house/s/b94/
Logger:2020-03-16 23:48:26.948462 https://lijiang.newhouse.fang.com/house/s/b95/
