Logger:2020-03-16 23:54:01.917255 https://lincang.newhouse.fang.com/house/s/b91/
Logger:2020-03-16 23:54:02.221440 https://fengqinghengshunshangyeguangchang.fang.com/
Logger:2020-03-16 23:54:02.544576 https://haitangguoji.fang.com/
Logger:2020-03-16 23:54:02.919890 https://jinxiujiangshanlc.fang.com/
Logger:2020-03-16 23:54:03.257237 https://wenlinqiuyuan.fang.com/
Logger:2020-03-16 23:54:03.571408 https://lanshanguojif.fang.com/
Logger:2020-03-16 23:54:06.262603 https://lincangyinxiang.fang.com/
Logger:2020-03-16 23:54:06.649611 https://haitangcheng.fang.com/
Logger:2020-03-16 23:54:06.938867 https://binjiangshijicheng.fang.com/
Logger:2020-03-16 23:54:07.254821 https://bandaoshidaiguangchang.fang.com/
Logger:2020-03-16 23:54:07.547051 https://qishanxiaoquf.fang.com/
Logger:2020-03-16 23:54:07.854266 https://yuzhucheng.fang.com/
Logger:2020-03-16 23:54:10.024055 https://jingmaogouwuguangchang.fang.com/
Logger:2020-03-16 23:54:10.345233 https://sjxshh0883.fang.com/
Logger:2020-03-16 23:54:11.502912 https://ruizhihexieguangchang.fang.com/
Logger:2020-03-16 23:54:12.041488 https://yicaixinshiijelincang.fang.com/
Logger:2020-03-16 23:54:12.379585 https://cxzyly0883.fang.com/
Logger:2020-03-16 23:54:12.684767 https://minhangxiaoqu.fang.com/
Logger:2020-03-16 23:54:12.983968 https://bailiyuan.fang.com/2/
Logger:2020-03-16 23:54:13.323620 https://jixiangshangyecheng.fang.com/
Logger:2020-03-16 23:54:17.055319 https://lincang.newhouse.fang.com/house/s/b92/
Logger:2020-03-16 23:54:20.507874 https://lincang.newhouse.fang.com/house/s/b93/
Logger:2020-03-16 23:54:24.001740 https://lincang.newhouse.fang.com/house/s/b94/
