Logger:2020-03-16 19:21:28.774039 https://linfen.newhouse.fang.com/house/s/b91/
Logger:2020-03-16 19:21:29.107766 https://linfenfuliwan.fang.com/
Logger:2020-03-16 19:21:29.542924 https://xirongge.fang.com/
Logger:2020-03-16 19:21:30.008411 https://hengdayulongtai0357.fang.com/
Logger:2020-03-16 19:21:31.072608 https://xiushuicheng0357.fang.com/
Logger:2020-03-16 19:21:33.640159 https://jinyuwangfu.fang.com/
Logger:2020-03-16 19:21:34.030116 https://linfenbiguiyuan.fang.com/
Logger:2020-03-16 19:21:34.372200 https://sijihuadulf.fang.com/
Logger:2020-03-16 19:21:34.783767 https://dongshenghuating0357.fang.com/
Logger:2020-03-16 19:21:36.889160 https://zhongxincheng0357.fang.com/
Logger:2020-03-16 19:21:37.539200 https://xiangyulongju0357.fang.com/
Logger:2020-03-16 19:21:37.994014 https://weilaicheng0357.fang.com/
Logger:2020-03-16 19:21:38.473838 https://zhongjunguoji4.fang.com/
Logger:2020-03-16 19:21:38.839875 https://yujingshuicheng0357.fang.com/
Logger:2020-03-16 19:21:39.347515 https://guosetianxiang0357.fang.com/
Logger:2020-03-16 19:21:41.073155 https://yuxiuwan0357.fang.com/
Logger:2020-03-16 19:21:42.731640 https://taiheguangchang0357.fang.com/
Logger:2020-03-16 19:21:43.080746 https://gongyuanyihao0357.fang.com/
Logger:2020-03-16 19:21:43.409840 https://laiyinbandao0357.fang.com/
Logger:2020-03-16 19:21:43.757478 https://hengtaizhiye.fang.com/
Logger:2020-03-16 19:21:46.072445 https://jiaheyangguangcheng0357.fang.com/
Logger:2020-03-16 19:21:49.439069 https://linfen.newhouse.fang.com/house/s/b92/
Logger:2020-03-16 19:21:53.003164 https://oushangguoji0357.fang.com/
Logger:2020-03-16 19:21:54.970461 https://tianehuayuan0357.fang.com/
Logger:2020-03-16 19:21:56.496370 https://bolanjun0357.fang.com/
Logger:2020-03-16 19:21:56.887325 https://wuzhouguojigc.fang.com/
Logger:2020-03-16 19:21:57.803718 https://xihuagongguan.fang.com/
Logger:2020-03-16 19:22:03.705750 https://hengdahuafu0357.fang.com/
Logger:2020-03-16 19:22:04.184116 https://lanshanguoji0357.fang.com/
Logger:2020-03-16 19:22:07.035215 https://zhongliangshoufu0357.fang.com/
Logger:2020-03-16 19:22:09.456770 https://wutongli0357.fang.com/
Logger:2020-03-16 19:22:09.853727 https://jinyulongpan.fang.com/
Logger:2020-03-16 19:22:10.186915 https://xihuamingdi.fang.com/
Logger:2020-03-16 19:22:10.609763 https://liyuanjiajing.fang.com/
Logger:2020-03-16 19:22:10.937429 https://yuxiuyuan0357.fang.com/
Logger:2020-03-16 19:22:13.534137 https://fenghuangfusx.fang.com/
Logger:2020-03-16 19:22:13.850258 https://huamenyihao.fang.com/
Logger:2020-03-16 19:22:14.503248 https://xindongchengyangzuo.fang.com/
Logger:2020-03-16 19:22:14.784725 https://huaxiaguojishangmaocheng.fang.com/
Logger:2020-03-16 19:22:15.132849 https://xingtaijiayuan0357.fang.com/
Logger:2020-03-16 19:22:15.508889 https://shijigongguan0357.fang.com/
Logger:2020-03-16 19:22:18.019955 https://fangxinyuan2.fang.com/
Logger:2020-03-16 19:22:21.769901 https://linfen.newhouse.fang.com/house/s/b93/
Logger:2020-03-16 19:22:23.203091 https://beimeijingangjs.fang.com/
Logger:2020-03-16 19:22:23.567150 https://sihaiguiyuan.fang.com/
Logger:2020-03-16 19:22:23.900194 https://simaierjuyuanzhongxin.fang.com/
Logger:2020-03-16 19:22:27.967302 https://linfen.newhouse.fang.com/house/s/b94/
Logger:2020-03-16 19:22:31.515014 https://linfen.newhouse.fang.com/house/s/b95/
Logger:2020-03-16 19:22:35.353934 https://linfen.newhouse.fang.com/house/s/b96/
