Logger:2020-03-17 00:47:54.767720 https://linhai.newhouse.fang.com/house/s/b91/
Logger:2020-03-17 00:47:55.044970 https://guobintaiwx.fang.com/
Logger:2020-03-17 00:47:55.328176 https://zlxtgglh.fang.com/
Logger:2020-03-17 00:47:55.556597 https://boyuefuzl.fang.com/
Logger:2020-03-17 00:47:58.080813 https://tianjunxiyuehj.fang.com/
Logger:2020-03-17 00:47:59.477077 https://chengshizhiguangwx.fang.com/
Logger:2020-03-17 00:47:59.773286 https://santaibaishawanyihao.fang.com/
Logger:2020-03-17 00:48:00.349743 https://lhssyp.fang.com/
Logger:2020-03-17 00:48:00.762639 https://linhaigongguan.fang.com/
Logger:2020-03-17 00:48:01.706115 https://linhai.newhouse.fang.com/house/2027194326.htm
Logger:2020-03-17 00:48:01.989389 https://jiangshanfuxs.fang.com/
Logger:2020-03-17 00:48:02.228716 https://weilaiyuexs.fang.com/
Logger:2020-03-17 00:48:02.471111 https://jinsexuefuwx.fang.com/
Logger:2020-03-17 00:48:02.700454 https://yulongwanwx.fang.com/
Logger:2020-03-17 00:48:03.625031 https://linhai.newhouse.fang.com/house/2027187526.htm
Logger:2020-03-17 00:48:03.873342 https://yujinghaoting0576.fang.com/
Logger:2020-03-17 00:48:04.181536 https://wxjscylh.fang.com/
Logger:2020-03-17 00:48:04.412906 https://lhchyjht.fang.com/
Logger:2020-03-17 00:48:05.237713 https://linhai.newhouse.fang.com/house/2027187524.htm
Logger:2020-03-17 00:48:05.461070 https://linhaizy.fang.com/
Logger:2020-03-17 00:48:05.696440 https://jinseyangguangwx.fang.com/
Logger:2020-03-17 00:48:09.274866 https://linhai.newhouse.fang.com/house/s/b92/
Logger:2020-03-17 00:48:09.501260 https://dongfanghuafu0576.fang.com/
Logger:2020-03-17 00:48:10.410828 https://tz.newhouse.fang.com/house/2019201126.htm
Logger:2020-03-17 00:48:10.645242 https://duqiaofubgy.fang.com/
Logger:2020-03-17 00:48:10.886598 https://caihongyihao.fang.com/
Logger:2020-03-17 00:48:11.121925 https://linhaiwxhy.fang.com/
Logger:2020-03-17 00:48:11.424117 https://lhzydj.fang.com/
Logger:2020-03-17 00:48:11.650513 https://lhlcdsd.fang.com/
Logger:2020-03-17 00:48:11.915840 https://xflwx.fang.com/
Logger:2020-03-17 00:48:12.150175 https://linhailcmgy.fang.com/
Logger:2020-03-17 00:48:12.434414 https://jinsehuafulh.fang.com/
Logger:2020-03-17 00:48:12.676766 https://lhgcgg.fang.com/
Logger:2020-03-17 00:48:12.912138 https://hujingmingyuanzy.fang.com/
Logger:2020-03-17 00:48:13.135539 https://wxjssd.fang.com/
Logger:2020-03-17 00:48:14.399159 https://linhai.newhouse.fang.com/house/2027187548.htm
Logger:2020-03-17 00:48:14.624556 https://lhthxy.fang.com/
Logger:2020-03-17 00:48:15.969001 https://linhai.newhouse.fang.com/house/2027187538.htm
Logger:2020-03-17 00:48:18.390523 https://lhbsjy.fang.com/
Logger:2020-03-17 00:48:18.665787 https://lhsyg.fang.com/
Logger:2020-03-17 00:48:18.902112 https://linhai.newhouse.fang.com/house/2027187546.htm
Logger:2020-03-17 00:48:19.144507 https://lhlinyadongdianao.fang.com/
Logger:2020-03-17 00:48:22.655116 https://linhai.newhouse.fang.com/house/s/b93/
Logger:2020-03-17 00:48:23.682363 https://linhai.newhouse.fang.com/house/2027199578.htm
Logger:2020-03-17 00:48:23.956591 https://linhai.newhouse.fang.com/house/2027187540.htm
Logger:2020-03-17 00:48:24.185977 https://hhhjy.fang.com/
Logger:2020-03-17 00:48:25.825639 https://lhqybjy.fang.com/
Logger:2020-03-17 00:48:26.093910 https://lhwfjy.fang.com/
Logger:2020-03-17 00:48:28.299972 https://lhhbhf.fang.com/
Logger:2020-03-17 00:48:28.754755 https://lhyqbjy.fang.com/
Logger:2020-03-17 00:48:32.185607 https://linhai.newhouse.fang.com/house/s/b94/
Logger:2020-03-17 00:48:35.588517 https://linhai.newhouse.fang.com/house/s/b95/
Logger:2020-03-17 00:48:39.041237 https://linhai.newhouse.fang.com/house/s/b96/
