Logger:2020-03-16 18:57:19.181355 https://linqu.newhouse.fang.com/house/s/b91/
Logger:2020-03-16 18:57:19.529422 https://feicuiwanbgy0536.fang.com/
Logger:2020-03-16 18:57:25.329182 https://qinghuayuandc.fang.com/
Logger:2020-03-16 18:57:30.877401 https://shengshijiayuanghy.fang.com/
Logger:2020-03-16 18:57:31.293831 https://yangguangshuianlq.fang.com/
Logger:2020-03-16 18:57:31.629009 https://fcjxhylq.fang.com/
Logger:2020-03-16 18:57:31.970615 https://caifuguangchangxtd.fang.com/
Logger:2020-03-16 18:57:33.886037 https://yijinghaotinglinqu.fang.com/
Logger:2020-03-16 18:57:34.213165 https://qushanguoji.fang.com/
Logger:2020-03-16 18:57:34.641061 https://laiyinmingdu.fang.com/
Logger:2020-03-16 18:57:40.459456 https://yipinshijialinqu.fang.com/
Logger:2020-03-16 18:57:40.794536 https://sanyoumeiguiyuan.fang.com/
Logger:2020-03-16 18:57:45.040265 https://shanshuiwenyuanlq.fang.com/
Logger:2020-03-16 18:57:47.263290 https://dingshengyuansylq.fang.com/
Logger:2020-03-16 18:57:50.950316 https://lantingyuanlinqu.fang.com/
Logger:2020-03-16 18:57:53.077938 https://lancuihuwenquandjc.fang.com/
Logger:2020-03-16 18:57:55.011822 https://yihejiayuanlinqu.fang.com/
Logger:2020-03-16 18:57:56.408741 https://huafuhuating.fang.com/
Logger:2020-03-16 18:57:56.744843 https://xinyouwendingyuan.fang.com/
Logger:2020-03-16 18:57:59.306403 https://longdashangyegc.fang.com/
Logger:2020-03-16 18:58:03.774028 https://qushanhuayuan.fang.com/
Logger:2020-03-16 18:58:07.772653 https://linqu.newhouse.fang.com/house/s/b92/
Logger:2020-03-16 18:58:08.613065 https://sanyoulijinyuan.fang.com/2/
Logger:2020-03-16 18:58:08.920310 https://dingjiguoji.fang.com/
Logger:2020-03-16 18:58:10.381503 https://guotaidashalinqu.fang.com/
Logger:2020-03-16 18:58:12.504416 https://hupanlongchengxtd.fang.com/
Logger:2020-03-16 18:58:14.262081 https://zhongbaihuanqiu.fang.com/
Logger:2020-03-16 18:58:14.597185 https://linqu.newhouse.fang.com/house/2446791321.htm
Logger:2020-03-16 18:58:16.123945 https://linqu.newhouse.fang.com/house/2446791315.htm
Logger:2020-03-16 18:58:17.671506 https://linqu.newhouse.fang.com/house/2446791309.htm
Logger:2020-03-16 18:58:19.454718 https://linqu.newhouse.fang.com/house/2446791313.htm
Logger:2020-03-16 18:58:23.404159 https://linqu.newhouse.fang.com/house/s/b93/
Logger:2020-03-16 18:58:26.919566 https://linqu.newhouse.fang.com/house/s/b94/
Logger:2020-03-16 18:58:30.351203 https://linqu.newhouse.fang.com/house/s/b95/
