Logger:2020-03-16 18:00:45.702467 https://linyi.newhouse.fang.com/house/s/b91/
Logger:2020-03-16 18:00:46.042811 https://guanlanfu20539.fang.com/
Logger:2020-03-16 18:00:46.433517 https://binhewandaguangchang.fang.com/
Logger:2020-03-16 18:00:46.801940 https://lushangyuefuzn.fang.com/
Logger:2020-03-16 18:00:47.193894 https://lylswkxdh.fang.com/
Logger:2020-03-16 18:00:47.542999 https://feilizhiguangbgy.fang.com/
Logger:2020-03-16 18:00:47.987805 https://fenghuangyipinbgy.fang.com/
Logger:2020-03-16 18:00:48.336387 https://shiyuecheng0539.fang.com/
Logger:2020-03-16 18:00:48.694499 https://binjiangxuefubgy.fang.com/
Logger:2020-03-16 18:00:49.031556 https://zhongnanlinyue0539.fang.com/
Logger:2020-03-16 18:00:49.582193 https://jinyuemendi.fang.com/
Logger:2020-03-16 18:00:49.905082 https://tianchenfubgy.fang.com/
Logger:2020-03-16 18:00:50.276082 https://sijiyangguang0539.fang.com/
Logger:2020-03-16 18:00:50.774719 https://hengdalvzhou0539.fang.com/
Logger:2020-03-16 18:00:51.129436 https://shuxiangshijia0539.fang.com/
Logger:2020-03-16 18:00:51.467829 https://zhongyangguangchanghd0539.fang.com/
Logger:2020-03-16 18:00:51.936115 https://huarunzhongxin0539.fang.com/
Logger:2020-03-16 18:00:52.397880 https://yiheyuanqhjy.fang.com/
Logger:2020-03-16 18:00:52.949503 https://shuxiangshangchenghy.fang.com/
Logger:2020-03-16 18:00:53.337617 https://yuanyangchengdajia.fang.com/
Logger:2020-03-16 18:00:53.732573 https://aozhengchengyuanbeiqu.fang.com/
Logger:2020-03-16 18:01:00.830962 https://linyi.newhouse.fang.com/house/s/b92/
Logger:2020-03-16 18:01:01.160085 https://zaoanshiquqp.fang.com/
Logger:2020-03-16 18:01:03.214618 https://chengkaishuian.fang.com/
Logger:2020-03-16 18:01:18.261040 https://lushangjinyuecheng.fang.com/
Logger:2020-03-16 18:01:18.592154 https://xinghecheng0539.fang.com/
Logger:2020-03-16 18:01:19.829026 https://boguanxinchengyst.fang.com/
Logger:2020-03-16 18:01:20.273836 https://suhechengbang.fang.com/2/
Logger:2020-03-16 18:01:31.377329 https://xinlichengbd.fang.com/
Logger:2020-03-16 18:01:32.259487 https://yiheyiyingli.fang.com/
Logger:2020-03-16 18:01:32.616042 https://henghongcheng.fang.com/
Logger:2020-03-16 18:01:33.012026 https://kaiyuanshangjun.fang.com/
Logger:2020-03-16 18:01:33.375010 https://chengkaijingyue.fang.com/
Logger:2020-03-16 18:01:46.398036 https://yushanhe.fang.com/
Logger:2020-03-16 18:01:46.739124 https://huangshanhuafu.fang.com/
Logger:2020-03-16 18:01:47.157601 https://baodeheyuan.fang.com/
Logger:2020-03-16 18:01:47.522644 https://taoranfu.fang.com/
Logger:2020-03-16 18:01:47.957190 https://jinshenghuafuat.fang.com/
Logger:2020-03-16 18:01:48.447878 https://geruisixiaozhen0539.fang.com/
Logger:2020-03-16 18:01:48.989428 https://jintairuifu.fang.com/
Logger:2020-03-16 18:01:49.402091 https://weilaichengbl.fang.com/
Logger:2020-03-16 18:01:49.886794 https://nanhushangcheng.fang.com/
Logger:2020-03-16 18:01:56.483824 https://linyi.newhouse.fang.com/house/s/b93/
Logger:2020-03-16 18:01:56.830124 https://yijingtianebao.fang.com/
Logger:2020-03-16 18:01:57.231999 https://bailujinan.fang.com/
Logger:2020-03-16 18:01:57.666798 https://yizhougucheng.fang.com/
Logger:2020-03-16 18:01:58.148509 https://dongwangfutx.fang.com/
Logger:2020-03-16 18:01:58.508406 https://donganylsb.fang.com/
Logger:2020-03-16 18:01:58.952081 https://fenghuangshuicheng0539.fang.com/
Logger:2020-03-16 18:01:59.492634 https://zhangduodongan.fang.com/
Logger:2020-03-16 18:01:59.808364 https://huayangylsb.fang.com/
Logger:2020-03-16 18:02:00.247505 https://guanyaxingcheng.fang.com/
Logger:2020-03-16 18:02:00.721021 https://diaoyutai0539.fang.com/
Logger:2020-03-16 18:02:15.650442 https://baolitianyue0539.fang.com/
Logger:2020-03-16 18:02:16.029675 https://yinxiangdongchengfy.fang.com/
Logger:2020-03-16 18:02:16.317911 https://yulangongguan0539.fang.com/
Logger:2020-03-16 18:02:21.904050 https://wanchengxiangyundayuan.fang.com/
Logger:2020-03-16 18:02:22.401023 https://guilongxuefu.fang.com/
Logger:2020-03-16 18:02:22.849611 https://yihejingcheng.fang.com/
Logger:2020-03-16 18:02:23.243714 https://binhemingdi0539.fang.com/
Logger:2020-03-16 18:02:31.060262 https://dexinyuan4.fang.com/
Logger:2020-03-16 18:02:31.443552 https://xiangshuwanyihaotr.fang.com/
Logger:2020-03-16 18:02:31.843422 https://junyuejingtang.fang.com/
Logger:2020-03-16 18:02:38.436461 https://linyi.newhouse.fang.com/house/s/b94/
Logger:2020-03-16 18:02:38.884224 https://liuxiangfu.fang.com/
Logger:2020-03-16 18:02:39.246780 https://tiantaiyizhoufu.fang.com/
Logger:2020-03-16 18:02:46.734983 https://lushangzhongxin0539.fang.com/
Logger:2020-03-16 18:02:47.060113 https://guanlanfu0539.fang.com/
Logger:2020-03-16 18:02:51.276286 https://lvchenglinyitaohuayuan.fang.com/
Logger:2020-03-16 18:02:51.531527 https://jindushangchengty.fang.com/
Logger:2020-03-16 18:02:51.837751 https://gongyuanjinli.fang.com/
Logger:2020-03-16 18:02:52.150913 https://chunjiangmingyuelc0539.fang.com/
Logger:2020-03-16 18:03:01.496925 https://pinganhuafu.fang.com/
Logger:2020-03-16 18:03:01.813117 https://jiangquanguoji.fang.com/
Logger:2020-03-16 18:03:02.233990 https://wenboyuanyl.fang.com/
Logger:2020-03-16 18:03:02.524297 https://huanqiuhejing.fang.com/
Logger:2020-03-16 18:03:03.022796 https://yongfuyujingcheng.fang.com/
Logger:2020-03-16 18:03:03.429749 https://kejijiayuan0539.fang.com/
Logger:2020-03-16 18:03:16.292617 https://longshengqianyuan.fang.com/
Logger:2020-03-16 18:03:16.613758 https://yijiangyuehb.fang.com/
Logger:2020-03-16 18:03:16.922937 https://jiangshanlihl.fang.com/
Logger:2020-03-16 18:03:17.231475 https://ruiyizhongxin.fang.com/
Logger:2020-03-16 18:03:17.521718 https://chunnuanhuakaiwc.fang.com/
Logger:2020-03-16 18:03:17.770702 https://songheyipin.fang.com/
Logger:2020-03-16 18:03:24.449130 https://linyi.newhouse.fang.com/house/s/b95/
Logger:2020-03-16 18:03:24.751843 https://taolichunfenglc0539.fang.com/
Logger:2020-03-16 18:03:25.044013 https://zhuoxintianyuecheng.fang.com/
Logger:2020-03-16 18:03:25.315364 https://yinquegongguan.fang.com/
Logger:2020-03-16 18:03:25.653283 https://baodexiyuan.fang.com/
Logger:2020-03-16 18:03:25.978415 https://huaxiyue.fang.com/
Logger:2020-03-16 18:03:26.271838 https://shidanliyijinghuayuan.fang.com/
Logger:2020-03-16 18:03:26.742515 https://shenglanfeinuo.fang.com/
Logger:2020-03-16 18:03:27.181360 https://wtltdj.fang.com/
Logger:2020-03-16 18:03:27.493501 https://sdcsgc.fang.com/
Logger:2020-03-16 18:03:41.562685 https://huigulingyu.fang.com/
Logger:2020-03-16 18:03:48.961298 https://yuhewanft.fang.com/
Logger:2020-03-16 18:03:49.330306 https://shuxiangjunrt.fang.com/
Logger:2020-03-16 18:03:49.689368 https://shengshiyicheng.fang.com/
Logger:2020-03-16 18:03:50.267593 https://yipinguanyuan.fang.com/
Logger:2020-03-16 18:03:56.249041 https://linyizhongxin.fang.com/
Logger:2020-03-16 18:03:56.584619 https://sijichangansdl.fang.com/
Logger:2020-03-16 18:03:59.576830 https://mengshanrunyuan.fang.com/
Logger:2020-03-16 18:03:59.887999 https://mswqgjc.fang.com/
Logger:2020-03-16 18:04:00.313448 https://aosikaxinghui.fang.com/
Logger:2020-03-16 18:04:00.618661 https://zhiyuantianchenfu.fang.com/
Logger:2020-03-16 18:04:05.327409 https://linyi.newhouse.fang.com/house/s/b96/
Logger:2020-03-16 18:04:05.625611 https://yunmengxiaozhenyingyuan.fang.com/
Logger:2020-03-16 18:04:14.798303 https://shangguzhihuicheng.fang.com/
Logger:2020-03-16 18:04:30.158402 https://hxgjgc0539.fang.com/
Logger:2020-03-16 18:04:30.498068 https://changanfuhb.fang.com/
Logger:2020-03-16 18:04:30.857136 https://baihelanting.fang.com/
Logger:2020-03-16 18:04:31.249146 https://linglonggongguansr.fang.com/
Logger:2020-03-16 18:04:31.628129 https://shierxingcheng.fang.com/
Logger:2020-03-16 18:04:40.535100 https://fenghuangtailongyuanzx.fang.com/
Logger:2020-03-16 18:04:40.894138 https://jundaoweilanhaian.fang.com/
Logger:2020-03-16 18:04:41.356822 https://biguiyuantianyuewan0539.fang.com/
Logger:2020-03-16 18:04:41.715495 https://fuyouguoji.fang.com/
Logger:2020-03-16 18:04:42.070581 https://xiangluyuanyt.fang.com/
Logger:2020-03-16 18:04:45.514848 https://mitingzhihuimoerly.fang.com/
Logger:2020-03-16 18:04:49.263564 https://yihechuanqizy.fang.com/
Logger:2020-03-16 18:04:52.585750 https://lunanxinguoji.fang.com/
Logger:2020-03-16 18:04:57.938040 https://guorendasha0539.fang.com/
Logger:2020-03-16 18:04:58.249235 https://baolishijicheng.fang.com/
Logger:2020-03-16 18:05:00.327569 https://meishidadao.fang.com/
Logger:2020-03-16 18:05:04.015554 https://linyi.newhouse.fang.com/house/s/b97/
Logger:2020-03-16 18:05:07.820093 https://linyi.newhouse.fang.com/house/s/b98/
Logger:2020-03-16 18:05:11.956105 https://linyi.newhouse.fang.com/house/s/b99/
