Logger:2020-03-16 12:00:59.815036 https://liuyang.newhouse.fang.com/house/s/b91/
Logger:2020-03-16 12:01:00.070358 https://fenghuangshanlymd.fang.com/
Logger:2020-03-16 12:01:00.352564 https://liuyanghengdahuafu.fang.com/
Logger:2020-03-16 12:01:00.621888 https://liuyangbiguiyuan.fang.com/
Logger:2020-03-16 12:01:00.933011 https://gaofengtianmahuayuanfang.fang.com/
Logger:2020-03-16 12:01:06.415345 https://yonganhuayuanfang.fang.com/
Logger:2020-03-16 12:01:06.679680 https://yundinglybgy.fang.com/
Logger:2020-03-16 12:01:06.945991 https://yintiancxhyh.fang.com/
Logger:2020-03-16 12:01:07.365803 https://jialixinshijie.fang.com/
Logger:2020-03-16 12:01:07.645056 https://xinyuebandaofang.fang.com/
Logger:2020-03-16 12:01:07.885412 https://tianyubgy0731.fang.com/
Logger:2020-03-16 12:01:08.163668 https://litongtaiyuecheng.fang.com/
Logger:2020-03-16 12:01:08.486804 https://chuangyicaifuxinshijie.fang.com/
Logger:2020-03-16 12:01:08.759075 https://tianqibaichaohui.fang.com/
Logger:2020-03-16 12:01:09.024403 https://dongrunwanxiangcheng.fang.com/
Logger:2020-03-16 12:01:09.305656 https://binhaixinganxian.fang.com/
Logger:2020-03-16 12:01:09.566916 https://shuxiangyajunfang.fang.com/
Logger:2020-03-16 12:01:09.875089 https://sijihuachengfang.fang.com/
Logger:2020-03-16 12:01:10.143373 https://caihonggu.fang.com/
Logger:2020-03-16 12:01:10.430603 https://dongtianyipinfang.fang.com/
Logger:2020-03-16 12:01:10.828581 https://jinyangfucf.fang.com/
Logger:2020-03-16 12:01:14.516698 https://liuyang.newhouse.fang.com/house/s/b92/
Logger:2020-03-16 12:01:18.533926 https://tianhuibgy0731.fang.com/
Logger:2020-03-16 12:01:18.788245 https://chuangyijunyuecheng.fang.com/
Logger:2020-03-16 12:01:19.058524 https://shouzhidugongguanfang.fang.com/
Logger:2020-03-16 12:01:19.361711 https://shuianshanchengsanqi.fang.com/
Logger:2020-03-16 12:01:19.608053 https://lyaoyuanguangchang.fang.com/
Logger:2020-03-16 12:01:22.394642 https://bodazhongyangguangchang.fang.com/
Logger:2020-03-16 12:01:27.508917 https://xinlongdashafang.fang.com/
Logger:2020-03-16 12:01:27.785177 https://jinrongjiezhongyanglingyu.fang.com/
Logger:2020-03-16 12:01:28.119283 https://tianmashangongguan.fang.com/
Logger:2020-03-16 12:01:28.380619 https://tianjiandongzimen.fang.com/
Logger:2020-03-16 12:01:28.659874 https://jinditianmaxincheng.fang.com/
Logger:2020-03-16 12:01:28.946072 https://yuyuanbuxingjiely.fang.com/
Logger:2020-03-16 12:01:29.336029 https://dapengwanfang.fang.com/
Logger:2020-03-16 12:01:29.614320 https://qianluhuguojidujiaqufang.fang.com/
Logger:2020-03-16 12:01:32.716984 https://dongfangliyuanfang.fang.com/
Logger:2020-03-16 12:01:36.315361 https://liuyang.newhouse.fang.com/house/s/b93/
Logger:2020-03-16 12:01:39.940701 https://liuyang.newhouse.fang.com/house/s/b94/
Logger:2020-03-16 12:01:43.477200 https://liuyang.newhouse.fang.com/house/s/b95/
