Logger:2020-03-16 01:17:44.768894 https://liuzhou.newhouse.fang.com/house/s/b91/
Logger:2020-03-16 01:17:46.676186 https://zhonghaitianzuan0772.fang.com/
Logger:2020-03-16 01:17:46.973099 https://daduxiyuanlz.fang.com/
Logger:2020-03-16 01:17:47.285454 https://jiulongfulg0772.fang.com/
Logger:2020-03-16 01:17:47.707448 https://rongheqianqianshulzh.fang.com/
Logger:2020-03-16 01:17:48.050893 https://liuzhouhuarunxingfuli.fang.com/
Logger:2020-03-16 01:17:48.410199 https://hengdahuafu0772.fang.com/
Logger:2020-03-16 01:17:48.730856 https://xiangsongweilanbandao.fang.com/
Logger:2020-03-16 01:17:48.996024 https://zhangtaichenglz.fang.com/
Logger:2020-03-16 01:17:49.245966 https://ronghetianyu.fang.com/
Logger:2020-03-16 01:17:49.574054 https://zhangtaijiangyucheng.fang.com/
Logger:2020-03-16 01:17:49.823954 https://zhangtaibinjiangxuefu.fang.com/
Logger:2020-03-16 01:17:50.073974 https://haiyaliujiangwan.fang.com/
Logger:2020-03-16 01:17:50.323877 https://lijingwanygc0772.fang.com/
Logger:2020-03-16 01:17:50.589996 https://jimeitianyuejkyd2.fang.com/
Logger:2020-03-16 01:17:50.871267 https://lzwkc.fang.com/
Logger:2020-03-16 01:17:51.120952 https://rongchuanghanderonggongguan.fang.com/
Logger:2020-03-16 01:17:53.497431 https://daduqinyuanlz.fang.com/
Logger:2020-03-16 01:17:53.731750 https://rcjnly.fang.com/
Logger:2020-03-16 01:17:54.060530 https://rongchuangjinchengjiuquefu.fang.com/
Logger:2020-03-16 01:17:54.294117 https://datangyinxiang0772.fang.com/
Logger:2020-03-16 01:17:58.300214 https://liuzhou.newhouse.fang.com/house/s/b92/
Logger:2020-03-16 01:17:59.596139 https://datangguandi.fang.com/
Logger:2020-03-16 01:17:59.877699 https://liutiexinchengzf.fang.com/
Logger:2020-03-16 01:18:06.720912 https://liuzhouwanxiangfu.fang.com/
Logger:2020-03-16 01:18:06.987023 https://yuejingtai.fang.com/
Logger:2020-03-16 01:18:09.554439 https://jinketianchen0772.fang.com/
Logger:2020-03-16 01:18:09.867403 https://yangliujun0772.fang.com/
Logger:2020-03-16 01:18:10.148272 https://hengdacheng0772.fang.com/
Logger:2020-03-16 01:18:10.476062 https://junyuelantinglf0772.fang.com/
Logger:2020-03-16 01:18:10.742053 https://zhongtiancheng0772.fang.com/
Logger:2020-03-16 01:18:11.007187 https://qianlongshijiayx0772.fang.com/
Logger:2020-03-16 01:18:11.351161 https://binjiangyihaolf0772.fang.com/
Logger:2020-03-16 01:18:11.663163 https://liujiangbiguiyuan.fang.com/
Logger:2020-03-16 01:18:11.897807 https://hengdayufu0772.fang.com/
Logger:2020-03-16 01:18:12.194661 https://zhangtaihong0772.fang.com/
Logger:2020-03-16 01:18:12.491049 https://fengqixindugx.fang.com/
Logger:2020-03-16 01:18:12.757135 https://yujingwanlz0772.fang.com/
Logger:2020-03-16 01:18:13.069443 https://hengdayayuan0772.fang.com/
Logger:2020-03-16 01:18:13.662647 https://xiangyuandadi.fang.com/
Logger:2020-03-16 01:18:13.959919 https://yingyuetaihj0772.fang.com/
Logger:2020-03-16 01:18:14.256687 https://shilijiangwangbgy0772.fang.com/
Logger:2020-03-16 01:18:18.235956 https://liuzhou.newhouse.fang.com/house/s/b93/
Logger:2020-03-16 01:18:19.517418 https://hejingyunxisiji.fang.com/
Logger:2020-03-16 01:18:19.798556 https://chengshihuayuanbgy0772.fang.com/
Logger:2020-03-16 01:18:20.048901 https://tianyuehuafu0772.fang.com/
Logger:2020-03-16 01:18:27.869662 https://zhongliangbaiyueshoufu.fang.com/
Logger:2020-03-16 01:18:28.385473 https://lianmengxincheng0772.fang.com/
Logger:2020-03-16 01:18:30.244100 https://chengshizhiguangbgy0772.fang.com/
Logger:2020-03-16 01:18:30.525497 https://guanshanfudi.fang.com/
Logger:2020-03-16 01:18:33.156193 https://weilaibieyuan.fang.com/
Logger:2020-03-16 01:18:33.468270 https://gushanjuyuan.fang.com/
Logger:2020-03-16 01:18:33.718215 https://ronghegongyuanshu.fang.com/
Logger:2020-03-16 01:18:34.046664 https://guojixingchenggy.fang.com/
Logger:2020-03-16 01:18:34.374348 https://longxiangchenggt.fang.com/
Logger:2020-03-16 01:18:34.640511 https://yihuachenglg.fang.com/
Logger:2020-03-16 01:18:34.936673 https://huijingtiancheng.fang.com/
Logger:2020-03-16 01:18:35.186659 https://biguiyuanweilaicheng.fang.com/
Logger:2020-03-16 01:18:36.360729 https://xiangsongnuodingshan.fang.com/
Logger:2020-03-16 01:18:36.626134 https://jiutangfurc0772.fang.com/
Logger:2020-03-16 01:18:36.908050 https://rhgyl.fang.com/
Logger:2020-03-16 01:18:39.188448 https://blgjzx0772.fang.com/
Logger:2020-03-16 01:18:39.407000 https://binjiangfubgy.fang.com/
Logger:2020-03-16 01:18:43.209997 https://liuzhou.newhouse.fang.com/house/s/b94/
Logger:2020-03-16 01:18:43.428023 https://gutingchunxiao.fang.com/
Logger:2020-03-16 01:18:45.516466 https://hupodongan.fang.com/
Logger:2020-03-16 01:18:45.797428 https://hengjiangyuanlz.fang.com/
Logger:2020-03-16 01:18:47.350977 https://lzbgylmh1h.fang.com/
Logger:2020-03-16 01:18:47.569377 https://junruifuhd0772.fang.com/
Logger:2020-03-16 01:18:47.819090 https://hongxingxintiandi.fang.com/
Logger:2020-03-16 01:18:48.459364 https://yunxingqianlongxuefu.fang.com/
Logger:2020-03-16 01:18:48.700769 https://yangguangjun0772.fang.com/
Logger:2020-03-16 01:18:48.965710 https://zaishuiyifang0772.fang.com/
Logger:2020-03-16 01:18:49.934797 https://longwangongguanlz.fang.com/
Logger:2020-03-16 01:18:50.200066 https://huguangshanshelz.fang.com/
Logger:2020-03-16 01:18:50.465382 https://jkjmjs0772.fang.com/
Logger:2020-03-16 01:18:50.699681 https://wenxinnianhua.fang.com/
Logger:2020-03-16 01:18:50.996447 https://wenxinqiqier.fang.com/
Logger:2020-03-16 01:18:51.215460 https://jkbcjt.fang.com/
Logger:2020-03-16 01:18:51.475896 https://jinwanyufuch.fang.com/
Logger:2020-03-16 01:18:51.694210 https://zhongfangmeijia.fang.com/
Logger:2020-03-16 01:18:51.928523 https://wanxiangchenghr0772.fang.com/
Logger:2020-03-16 01:18:52.178902 https://xingjiacheng.fang.com/
Logger:2020-03-16 01:18:52.413506 https://wenxinyihao.fang.com/
Logger:2020-03-16 01:18:56.271973 https://liuzhou.newhouse.fang.com/house/s/b95/
Logger:2020-03-16 01:18:56.475866 https://jinyuhuafu0772.fang.com/
Logger:2020-03-16 01:18:56.762414 https://shanyuchengyy.fang.com/
Logger:2020-03-16 01:18:57.012340 https://tietoumeiguiyuan.fang.com/
Logger:2020-03-16 01:18:57.294115 https://kuanlu.fang.com/
Logger:2020-03-16 01:18:57.559476 https://qianlongyuefuyx.fang.com/
Logger:2020-03-16 01:18:57.871632 https://junyueyihaolf.fang.com/
Logger:2020-03-16 01:18:58.371568 https://jiulongshangcheng0772.fang.com/
Logger:2020-03-16 01:18:58.621335 https://nanlishouzuo.fang.com/
Logger:2020-03-16 01:18:58.886897 https://guojicaifuzhongxindw.fang.com/
Logger:2020-03-16 01:19:00.683391 https://xianglanhuayuanhg.fang.com/
Logger:2020-03-16 01:19:00.918158 https://shengshimingdi.fang.com/
Logger:2020-03-16 01:19:01.168231 https://zhaoshangjingjie0772.fang.com/
Logger:2020-03-16 01:19:01.537700 https://lanshanting.fang.com/
Logger:2020-03-16 01:19:01.835224 https://guojichengzgtj0772.fang.com/
Logger:2020-03-16 01:19:02.100569 https://parkroyalbgy0772.fang.com/
Logger:2020-03-16 01:19:02.366055 https://chengyangshoufubgy.fang.com/
Logger:2020-03-16 01:19:02.678135 https://yuefubgy0772.fang.com/
Logger:2020-03-16 01:19:02.943618 https://jinefudi.fang.com/
Logger:2020-03-16 01:19:03.209522 https://huidongzhijun.fang.com/
Logger:2020-03-16 01:19:03.459165 https://huarunzhongxinlz.fang.com/
Logger:2020-03-16 01:19:07.178399 https://liuzhou.newhouse.fang.com/house/s/b96/
Logger:2020-03-16 01:19:07.365868 https://sanbaoguangchanglz.fang.com/
Logger:2020-03-16 01:19:07.600750 https://youshanmeidi0772.fang.com/
Logger:2020-03-16 01:19:09.256397 https://dongheyuan0772.fang.com/
Logger:2020-03-16 01:19:11.333638 https://jiulongyinxiangty.fang.com/
Logger:2020-03-16 01:19:11.633943 https://yaobuguzhen.fang.com/
Logger:2020-03-16 01:19:11.868238 https://huarundasha0772.fang.com/
Logger:2020-03-16 01:19:13.484883 https://huangtingjunlintianxia.fang.com/
Logger:2020-03-16 01:19:13.721984 https://haijixingxly.fang.com/
Logger:2020-03-16 01:19:13.987545 https://yideshangmaowuliuchenglz.fang.com/
Logger:2020-03-16 01:19:17.440556 https://liuzhou.newhouse.fang.com/house/s/b97/
Logger:2020-03-16 01:19:20.869578 https://liuzhou.newhouse.fang.com/house/s/b98/
Logger:2020-03-16 01:19:24.346727 https://liuzhou.newhouse.fang.com/house/s/b99/
