Logger:2020-03-16 14:27:50.152113 https://liyang.newhouse.fang.com/house/s/b91/
Logger:2020-03-16 14:27:50.408402 https://cz.newhouse.fang.com/house/1820157760.htm
Logger:2020-03-16 14:27:50.725554 https://boyueshidai.fang.com/
Logger:2020-03-16 14:27:50.982865 https://yinjiangguoji.fang.com/
Logger:2020-03-16 14:27:51.298066 https://shijitiandiyuefu.fang.com/
Logger:2020-03-16 14:27:54.954241 https://jinfengxinchengly.fang.com/
Logger:2020-03-16 14:27:55.206567 https://liyang0519.fang.com/
Logger:2020-03-16 14:27:55.435953 https://liyangwuyueguangchang.fang.com/
Logger:2020-03-16 14:27:55.862868 https://yanshannanduhs.fang.com/
Logger:2020-03-16 14:27:56.287677 https://huafujingyuan20519.fang.com/
Logger:2020-03-16 14:27:56.560986 https://yanshanhuibgy.fang.com/
Logger:2020-03-16 14:27:56.823242 https://boyueshijiabgy.fang.com/
Logger:2020-03-16 14:27:57.241184 https://shidaitianyue.fang.com/
Logger:2020-03-16 14:27:57.528355 https://lynfysyh0519.fang.com/
Logger:2020-03-16 14:27:57.856478 https://jinfengjiayuan0519.fang.com/
Logger:2020-03-16 14:27:58.114810 https://tianjunbandaolj.fang.com/
Logger:2020-03-16 14:28:00.502400 https://yushuijingcheng0519.fang.com/
Logger:2020-03-16 14:28:00.832560 https://fenghuanghuayuan0519.fang.com/
Logger:2020-03-16 14:28:01.083851 https://furunshuijun0519.fang.com/
Logger:2020-03-16 14:28:04.681221 https://liyang.newhouse.fang.com/house/s/b92/
Logger:2020-03-16 14:28:08.188875 https://liyang.newhouse.fang.com/house/s/b93/
Logger:2020-03-16 14:28:11.804165 https://liyang.newhouse.fang.com/house/s/b94/
