Logger:2020-03-15 17:20:49.137882 https://bj.newhouse.fang.com/house/s/b91/
Logger:2020-03-15 17:20:49.407966 https://xinchengshouchuangxiyuexuefu.fang.com/
Logger:2020-03-15 17:20:49.752305 https://huayujinjunzgtj.fang.com/
Logger:2020-03-15 17:20:50.046461 https://daaichengaw.fang.com/
Logger:2020-03-15 17:20:50.335542 https://changanjiuli.fang.com/
Logger:2020-03-15 17:20:50.623875 https://zhongzhouzuopinzh.fang.com/
Logger:2020-03-15 17:20:50.976583 https://feicuixihuyunlu.fang.com/
Logger:2020-03-15 17:20:51.279403 https://lichunhushuzh.fang.com/
Logger:2020-03-15 17:20:51.743653 https://huanyuntianxiazh.fang.com/
Logger:2020-03-15 17:20:52.118327 https://nuodechunfengheyuanzgzt.fang.com/
Logger:2020-03-15 17:20:52.429403 https://chengshizhiguangdongwang.fang.com/
Logger:2020-03-15 17:20:52.855756 https://heyuanzthqc.fang.com/
Logger:2020-03-15 17:20:53.346607 https://beijingwankewangxi.fang.com/
Logger:2020-03-15 17:20:53.618122 https://shuianyanqi.fang.com/
Logger:2020-03-15 17:20:53.920399 https://huafazhongyanggongyuan.fang.com/
Logger:2020-03-15 17:20:54.200619 https://feicuichangan.fang.com/
Logger:2020-03-15 17:20:55.959404 https://834425.fang.com/
Logger:2020-03-15 17:20:56.262981 https://guofengchangan.fang.com/
Logger:2020-03-15 17:20:56.542363 https://xishanjinxiufu.fang.com/
Logger:2020-03-15 17:20:56.895131 https://xihuyuezhu.fang.com/
Logger:2020-03-15 17:20:57.170774 https://guantangyunding.fang.com/
Logger:2020-03-15 17:21:00.614981 https://bj.newhouse.fang.com/house/s/b92/
Logger:2020-03-15 17:21:00.994774 https://xihuyuezhu.fang.com/
Logger:2020-03-15 17:21:01.292107 https://guantangyunding.fang.com/
Logger:2020-03-15 17:21:01.749887 https://caiyuanbjnd.fang.com/
Logger:2020-03-15 17:21:02.097580 https://zhongtienuodeyifu.fang.com/
Logger:2020-03-15 17:21:02.394032 https://jianbangshunyifu.fang.com/
Logger:2020-03-15 17:21:02.732331 https://beijingchengjianfuqianlongyue.fang.com/
Logger:2020-03-15 17:21:03.066806 https://shihualongyuebjcj.fang.com/
Logger:2020-03-15 17:21:03.550420 https://zhongtienuodehuayuan.fang.com/
Logger:2020-03-15 17:21:03.895772 https://manhebeijing.fang.com/
Logger:2020-03-15 17:21:05.230598 https://dongfanglanhaizhongxin.fang.com/
Logger:2020-03-15 17:21:05.600756 https://huayuanhuazhongxin.fang.com/
Logger:2020-03-15 17:21:05.912867 https://jinmaobeijingguojishequ.fang.com/
Logger:2020-03-15 17:21:06.223572 https://taihujinmaoyue.fang.com/
Logger:2020-03-15 17:21:06.593417 https://jinmaofubj2.fang.com/
Logger:2020-03-15 17:21:06.917782 https://128181.fang.com/
Logger:2020-03-15 17:21:07.266286 https://zichenyuan.fang.com/
Logger:2020-03-15 17:21:07.569394 https://124331.fang.com/
Logger:2020-03-15 17:21:07.857788 https://123605.fang.com/
Logger:2020-03-15 17:21:08.164944 https://123819.fang.com/
Logger:2020-03-15 17:21:08.444784 https://fulizhongxintz.fang.com/
Logger:2020-03-15 17:21:12.642998 https://bj.newhouse.fang.com/house/s/b93/
Logger:2020-03-15 17:21:13.016590 https://tianlang.fang.com/
Logger:2020-03-15 17:21:13.317371 https://huayuanheshu.fang.com/
Logger:2020-03-15 17:21:13.631112 https://128111.fang.com/
Logger:2020-03-15 17:21:13.917707 https://123657.fang.com/
Logger:2020-03-15 17:21:14.374125 https://123497.fang.com/
Logger:2020-03-15 17:21:14.782220 https://127319.fang.com/
Logger:2020-03-15 17:21:15.127657 https://zhonghaiyunzhu.fang.com/
Logger:2020-03-15 17:21:15.743823 https://feicuixihu.fang.com/
Logger:2020-03-15 17:21:16.092103 https://funongxiaozhenwk.fang.com/
Logger:2020-03-15 17:21:16.472803 https://kongquechengjianqiaojunbdl.fang.com/
Logger:2020-03-15 17:21:16.819444 https://beidaihekongquecheng.fang.com/
Logger:2020-03-15 17:21:17.110774 https://gongyuanshiqiqu.fang.com/
Logger:2020-03-15 17:21:17.407395 https://xichengtianzhu.fang.com/
Logger:2020-03-15 17:21:17.840915 https://heyuechunfeng.fang.com/
Logger:2020-03-15 17:21:18.139122 https://shilichunfengk2.fang.com/
Logger:2020-03-15 17:21:18.557103 https://770271.fang.com/
Logger:2020-03-15 17:21:18.946138 https://guanlanshu010.fang.com/
Logger:2020-03-15 17:21:19.264660 https://127747.fang.com/
Logger:2020-03-15 17:21:19.567482 https://yuexifu.fang.com/
Logger:2020-03-15 17:21:19.947354 https://123685.fang.com/
Logger:2020-03-15 17:21:24.239374 https://bj.newhouse.fang.com/house/s/b94/
Logger:2020-03-15 17:21:24.502471 https://xiruijinhaisc.fang.com/
Logger:2020-03-15 17:21:24.781611 https://123287.fang.com/
Logger:2020-03-15 17:21:25.149666 https://124035.fang.com/
Logger:2020-03-15 17:21:25.484326 https://128097.fang.com/
Logger:2020-03-15 17:21:25.779787 https://guantinglanbgy.fang.com/
Logger:2020-03-15 17:21:26.146866 https://127197.fang.com/
Logger:2020-03-15 17:21:26.501729 https://128109.fang.com/
Logger:2020-03-15 17:21:26.790839 https://huijingwansc.fang.com/
Logger:2020-03-15 17:21:27.284746 https://wanxiangyuefu.fang.com/
Logger:2020-03-15 17:21:27.602861 https://feicuiyuntuwk.fang.com/
Logger:2020-03-15 17:21:27.913124 https://jinchenfu010.fang.com/
Logger:2020-03-15 17:21:28.228732 https://wulichunqiuyy.fang.com/
Logger:2020-03-15 17:21:28.670691 https://jinyuefu010.fang.com/
Logger:2020-03-15 17:21:28.989813 https://shanyuhu010.fang.com/
Logger:2020-03-15 17:21:29.389127 https://127289.fang.com/
Logger:2020-03-15 17:21:29.689932 https://feicuigongyuan.fang.com/
Logger:2020-03-15 17:21:30.144444 https://shoukaixiyueguanhu.fang.com/
Logger:2020-03-15 17:21:30.453819 https://changanyunjin.fang.com/
Logger:2020-03-15 17:21:30.839532 https://feicuishanxiao.fang.com/
Logger:2020-03-15 17:21:31.175171 https://127173.fang.com/
Logger:2020-03-15 17:21:35.242507 https://bj.newhouse.fang.com/house/s/b95/
Logger:2020-03-15 17:21:35.572048 https://xiangshulongwan.fang.com/
Logger:2020-03-15 17:21:35.912455 https://kongqueyingguogongydh010.fang.com/
Logger:2020-03-15 17:21:36.246832 https://xiangxijunsk.fang.com/
Logger:2020-03-15 17:21:36.640019 https://beijingheyuanbjcj.fang.com/
Logger:2020-03-15 17:21:36.979220 https://jiangshanfenghuajd.fang.com/
Logger:2020-03-15 17:21:37.410457 https://809787.fang.com/
Logger:2020-03-15 17:21:37.792062 https://kongquechengwenshajundyh.fang.com/
Logger:2020-03-15 17:21:38.086070 https://jinyuehezhu.fang.com/
Logger:2020-03-15 17:21:38.428603 https://guanchengbieshu.fang.com/
Logger:2020-03-15 17:21:38.750241 https://tianzhuyuefuwk2.fang.com/
Logger:2020-03-15 17:21:39.110150 https://jinyuefujtfz.fang.com/
Logger:2020-03-15 17:21:39.449650 https://shangchengzhuangyuanjy.fang.com/
Logger:2020-03-15 17:21:39.771074 https://yiduxinxinxiaozhen.fang.com/
Logger:2020-03-15 17:21:40.141006 https://guoruixishu.fang.com/
Logger:2020-03-15 17:21:40.497070 https://xinbeijingzhongxin.fang.com/
Logger:2020-03-15 17:21:40.788493 https://daduhuibinjiangwk.fang.com/
Logger:2020-03-15 17:21:41.095623 https://lijingchangan.fang.com/
Logger:2020-03-15 17:21:41.486706 https://124501.fang.com/
Logger:2020-03-15 17:21:41.830070 https://127217.fang.com/
Logger:2020-03-15 17:21:42.265773 https://123641.fang.com/
Logger:2020-03-15 17:21:46.424066 https://bj.newhouse.fang.com/house/s/b96/
Logger:2020-03-15 17:21:46.705136 https://665595.fang.com/
Logger:2020-03-15 17:21:47.046849 https://127343.fang.com/
Logger:2020-03-15 17:21:47.354722 https://127369.fang.com/
Logger:2020-03-15 17:21:47.752362 https://jingtoufazhanzhenyufu.fang.com/
Logger:2020-03-15 17:21:48.088506 https://beijingzijunlanyuangzb.fang.com/
Logger:2020-03-15 17:21:48.434775 https://tianyangchengsidai.fang.com/
Logger:2020-03-15 17:21:48.877422 https://dayuanhaidianfu.fang.com/
Logger:2020-03-15 17:21:49.171055 https://zhuzongruyuan.fang.com/
Logger:2020-03-15 17:21:49.493616 https://huayuebeijing.fang.com/
Logger:2020-03-15 17:21:49.839050 https://rongfujrj.fang.com/
Logger:2020-03-15 17:21:50.214886 https://jinxiuxiangjiangshuicheng.fang.com/
Logger:2020-03-15 17:21:50.545455 https://guanchengbieshu.fang.com/2/
Logger:2020-03-15 17:21:50.931514 https://122451.fang.com/
Logger:2020-03-15 17:21:51.306053 https://127367.fang.com/
Logger:2020-03-15 17:21:51.623319 https://baoliheguangyijing.fang.com/
Logger:2020-03-15 17:21:51.914146 https://xichanganyihao.fang.com/
Logger:2020-03-15 17:21:52.260540 https://shuianyihaoth.fang.com/
Logger:2020-03-15 17:21:52.582117 https://zhongguotiejianshanyulanting.fang.com/
Logger:2020-03-15 17:21:52.883387 https://nuodeyueshu.fang.com/
Logger:2020-03-15 17:21:53.177299 https://jiadu.fang.com/
Logger:2020-03-15 17:21:56.581129 https://bj.newhouse.fang.com/house/s/b97/
Logger:2020-03-15 17:21:56.847226 https://122451.fang.com/
Logger:2020-03-15 17:21:57.138673 https://127367.fang.com/
Logger:2020-03-15 17:21:57.523701 https://baoliheguangyijing.fang.com/
Logger:2020-03-15 17:21:57.823688 https://xichanganyihao.fang.com/
Logger:2020-03-15 17:21:58.120426 https://shuianyihaoth.fang.com/
Logger:2020-03-15 17:21:58.435155 https://zhongguotiejianshanyulanting.fang.com/
Logger:2020-03-15 17:21:58.817830 https://nuodeyueshu.fang.com/
Logger:2020-03-15 17:21:59.092430 https://jiadu.fang.com/
Logger:2020-03-15 17:21:59.451894 https://xifudayuanth.fang.com/
Logger:2020-03-15 17:21:59.807514 https://xiruichunqiu.fang.com/
Logger:2020-03-15 17:22:01.974989 https://xifuhaitanglc.fang.com/
Logger:2020-03-15 17:22:02.306490 https://yanxihuafu.fang.com/
Logger:2020-03-15 17:22:02.703461 https://lichunhuzh.fang.com/
Logger:2020-03-15 17:22:05.551700 https://heyuehuajin.fang.com/
Logger:2020-03-15 17:22:05.876690 https://xinchengguoyufu.fang.com/
Logger:2020-03-15 17:22:06.236727 https://xiruitianzhuscyy.fang.com/
Logger:2020-03-15 17:22:08.660201 https://kuanyuanguoyufubjcj.fang.com/
Logger:2020-03-15 17:22:09.012330 https://tianyuexishansc.fang.com/
Logger:2020-03-15 17:22:09.394268 https://jinglinyuanzhu.fang.com/
Logger:2020-03-15 17:22:09.733008 https://heyuehuaxi.fang.com/
Logger:2020-03-15 17:22:13.523770 https://bj.newhouse.fang.com/house/s/b98/
Logger:2020-03-15 17:22:13.786374 https://jinzunfuth010.fang.com/
Logger:2020-03-15 17:22:14.134463 https://jinyuxuefu.fang.com/
Logger:2020-03-15 17:22:14.456995 https://jinlinfujy.fang.com/
Logger:2020-03-15 17:22:14.768977 https://lixiangguohr.fang.com/
Logger:2020-03-15 17:22:15.143160 https://yijingwanheyyjrj.fang.com/
Logger:2020-03-15 17:22:15.502568 https://hetangruizhu.fang.com/
Logger:2020-03-15 17:22:15.887168 https://xishantianjingzj.fang.com/
Logger:2020-03-15 17:22:16.266791 https://taiwushiyinxiang.fang.com/
Logger:2020-03-15 17:22:16.569675 https://xinzhudongfang.fang.com/
Logger:2020-03-15 17:22:16.872328 https://tianruichenzhang.fang.com/
Logger:2020-03-15 17:22:17.318525 https://yangguangchengxishanyue.fang.com/
Logger:2020-03-15 17:22:17.633339 https://zhongjuntianfeng010.fang.com/
Logger:2020-03-15 17:22:17.927865 https://122197.fang.com/
Logger:2020-03-15 17:22:19.029994 https://changchengliyh.fang.com/
Logger:2020-03-15 17:22:19.486028 https://yujingxiyuanzg.fang.com/
Logger:2020-03-15 17:22:19.818105 https://shiyuancun010.fang.com/
Logger:2020-03-15 17:22:20.145052 https://shuyundizx.fang.com/
Logger:2020-03-15 17:22:20.654586 https://tianyueyihaozlth.fang.com/
Logger:2020-03-15 17:22:21.005778 https://xingchuangrongshu.fang.com/
Logger:2020-03-15 17:22:21.355367 https://shiaolongdingbgy.fang.com/
Logger:2020-03-15 17:22:25.424747 https://bj.newhouse.fang.com/house/s/b99/
Logger:2020-03-15 17:22:25.698845 https://kongquechengdahuydh.fang.com/
Logger:2020-03-15 17:22:26.022338 https://weilaichengshi.fang.com/
Logger:2020-03-15 17:22:26.334547 https://lixiangguzt.fang.com/
Logger:2020-03-15 17:22:29.848324 https://752905.fang.com/
Logger:2020-03-15 17:22:30.160247 https://jingxixiangyunzl.fang.com/
Logger:2020-03-15 17:22:30.499837 https://122635.fang.com/
Logger:2020-03-15 17:22:30.866809 https://haipoyunfeild.fang.com/
Logger:2020-03-15 17:22:31.191552 https://beijinglingxiu.fang.com/
Logger:2020-03-15 17:22:36.185596 https://xiruishusc.fang.com/
Logger:2020-03-15 17:22:36.658695 https://shangfengyihao.fang.com/office/
Logger:2020-03-15 17:22:36.883420 https://tingtangbjjk.fang.com/
Logger:2020-03-15 17:22:37.220384 https://127027.fang.com/
Logger:2020-03-15 17:22:37.564551 https://128057.fang.com/
Logger:2020-03-15 17:22:37.881440 https://jinghuayajunyjl.fang.com/
Logger:2020-03-15 17:22:38.237716 https://shangchengjunjy.fang.com/
Logger:2020-03-15 17:22:39.238508 https://hejinweitang.fang.com/
Logger:2020-03-15 17:22:39.656186 https://tianhengmoshu.fang.com/
Logger:2020-03-15 17:22:40.181533 https://weilaigongyuan.fang.com/
Logger:2020-03-15 17:22:40.613272 https://124347.fang.com/
Logger:2020-03-15 17:22:41.116140 https://123605.fang.com/
Logger:2020-03-15 17:22:44.798083 https://bj.newhouse.fang.com/house/s/b910/
Logger:2020-03-15 17:22:45.062265 https://jinghuayajunyjl.fang.com/
Logger:2020-03-15 17:22:45.417406 https://shangchengjunjy.fang.com/
Logger:2020-03-15 17:22:46.164028 https://hejinweitang.fang.com/
Logger:2020-03-15 17:22:46.519518 https://kongquechengdahuydh.fang.com/
Logger:2020-03-15 17:22:46.879758 https://weilaichengshi.fang.com/
Logger:2020-03-15 17:22:47.204646 https://tianhengmoshu.fang.com/
Logger:2020-03-15 17:22:47.619729 https://weilaigongyuan.fang.com/
Logger:2020-03-15 17:22:47.931540 https://124347.fang.com/
Logger:2020-03-15 17:22:48.243902 https://lijiaxinhangcheng.fang.com/
Logger:2020-03-15 17:22:48.663853 https://jinmaoyuedx.fang.com/
Logger:2020-03-15 17:22:49.011988 https://junshangaoerfubieshu.fang.com/
Logger:2020-03-15 17:22:49.319106 https://rongyu2010.fang.com/
Logger:2020-03-15 17:22:49.713616 https://lafeishuian.fang.com/
Logger:2020-03-15 17:22:52.649760 https://dongdaihejzy010.fang.com/
Logger:2020-03-15 17:22:53.074260 https://wengehuasenlin2.fang.com/
Logger:2020-03-15 17:22:53.708532 https://127085.fang.com/
Logger:2020-03-15 17:22:54.013417 https://v7jiujiantang.fang.com/
Logger:2020-03-15 17:22:54.341359 https://126893.fang.com/
Logger:2020-03-15 17:22:55.435171 https://guanchengdajiayangfang.fang.com/villa/
Logger:2020-03-15 17:22:55.724634 https://127111.fang.com/
Logger:2020-03-15 17:22:59.409783 https://bj.newhouse.fang.com/house/s/b911/
Logger:2020-03-15 17:22:59.677917 https://tianzihuafu.fang.com/
Logger:2020-03-15 17:23:00.101313 https://xiruishansc.fang.com/
Logger:2020-03-15 17:23:00.427917 https://guobao21chengld.fang.com/
Logger:2020-03-15 17:23:00.757478 https://fudizhongxin010.fang.com/
Logger:2020-03-15 17:23:01.094368 https://124199.fang.com/
Logger:2020-03-15 17:23:01.382269 https://123375.fang.com/
Logger:2020-03-15 17:23:01.689613 https://xintiandiyy010.fang.com/
Logger:2020-03-15 17:23:01.945482 https://127175.fang.com/
Logger:2020-03-15 17:23:02.282948 https://128145.fang.com/
Logger:2020-03-15 17:23:02.560882 https://128129.fang.com/
Logger:2020-03-15 17:23:02.860970 https://128099.fang.com/
Logger:2020-03-15 17:23:03.209439 https://lichunhuyuanzibkjth.fang.com/
Logger:2020-03-15 17:23:03.629500 https://gelasixiaozhen.fang.com/
Logger:2020-03-15 17:23:03.947564 https://linyushuhk.fang.com/
Logger:2020-03-15 17:23:04.368643 https://jingxiyuefuth.fang.com/
Logger:2020-03-15 17:23:04.759851 https://127317.fang.com/
Logger:2020-03-15 17:23:05.074251 https://daduhuibl010.fang.com/
Logger:2020-03-15 17:23:05.395486 https://huacuixishan.fang.com/
Logger:2020-03-15 17:23:06.014465 https://zhonghaijingxihui.fang.com/
Logger:2020-03-15 17:23:06.350805 https://yilinjunsc.fang.com/
Logger:2020-03-15 17:23:10.160157 https://bj.newhouse.fang.com/house/s/b912/
Logger:2020-03-15 17:23:10.416037 https://xiangshuwan1haotr.fang.com/
Logger:2020-03-15 17:23:10.983968 https://122611.fang.com/
Logger:2020-03-15 17:23:11.375920 https://126427.fang.com/
Logger:2020-03-15 17:23:11.825415 https://127815.fang.com/
Logger:2020-03-15 17:23:12.351524 https://konggangyihaoydhkqc.fang.com/
Logger:2020-03-15 17:23:12.659536 https://127935.fang.com/
Logger:2020-03-15 17:23:12.944073 https://127807.fang.com/
Logger:2020-03-15 17:23:13.225583 https://128127.fang.com/
Logger:2020-03-15 17:23:13.564307 https://128105.fang.com/
Logger:2020-03-15 17:23:13.844315 https://xishanyanlu.fang.com/
Logger:2020-03-15 17:23:14.180281 https://xishanjiayihao.fang.com/
Logger:2020-03-15 17:23:15.287961 https://127863.fang.com/
Logger:2020-03-15 17:23:15.584649 https://shihaoguojiskfl.fang.com/
Logger:2020-03-15 17:23:15.873365 https://123381.fang.com/
Logger:2020-03-15 17:23:16.244296 https://127201.fang.com/
Logger:2020-03-15 17:23:16.573837 https://127745.fang.com/
Logger:2020-03-15 17:23:16.871196 https://tianhengleshu.fang.com/
Logger:2020-03-15 17:23:17.465800 https://127827.fang.com/
Logger:2020-03-15 17:23:17.825073 https://office.fang.com/house/%b1%b1%be%a9_1010127485.htm
Logger:2020-03-15 17:23:18.104242 https://kechuangdadaohr.fang.com/
Logger:2020-03-15 17:23:21.767902 https://bj.newhouse.fang.com/house/s/b913/
Logger:2020-03-15 17:23:24.614552 https://124337.fang.com/
Logger:2020-03-15 17:23:24.977167 https://124377.fang.com/
Logger:2020-03-15 17:23:25.284371 https://123677.fang.com/
Logger:2020-03-15 17:23:25.692950 https://127805.fang.com/
Logger:2020-03-15 17:23:26.060791 https://123675.fang.com/
Logger:2020-03-15 17:23:26.862155 https://changantianjie.fang.com/
Logger:2020-03-15 17:23:27.126324 https://124313.fang.com/
Logger:2020-03-15 17:23:28.122124 https://gparkyunyulh.fang.com/
Logger:2020-03-15 17:23:28.407150 https://128005.fang.com/
Logger:2020-03-15 17:23:28.696014 https://yinghaifu2.fang.com/
Logger:2020-03-15 17:23:28.925888 https://127951.fang.com/
Logger:2020-03-15 17:23:31.139714 https://127847.fang.com/
Logger:2020-03-15 17:23:31.461761 https://127335.fang.com/
Logger:2020-03-15 17:23:31.768822 https://128113.fang.com/
Logger:2020-03-15 17:23:32.072241 https://127361.fang.com/
Logger:2020-03-15 17:23:32.366359 https://128117.fang.com/
Logger:2020-03-15 17:23:32.722760 https://127271.fang.com/
Logger:2020-03-15 17:23:32.959750 https://128107.fang.com/
Logger:2020-03-15 17:23:33.264093 https://kongquechenggongyuanhailf.fang.com/
Logger:2020-03-15 17:23:33.574754 https://124257.fang.com/
Logger:2020-03-15 17:23:37.428226 https://bj.newhouse.fang.com/house/s/b914/
Logger:2020-03-15 17:23:37.693943 https://128133.fang.com/
Logger:2020-03-15 17:23:37.978371 https://127273.fang.com/
Logger:2020-03-15 17:23:39.190262 https://124379.fang.com/
Logger:2020-03-15 17:23:39.565322 https://gongyuanyuefujtyt.fang.com/
Logger:2020-03-15 17:23:39.881569 https://126991.fang.com/
Logger:2020-03-15 17:23:40.158006 https://lingxiufeicuishan.fang.com/
Logger:2020-03-15 17:23:40.525320 https://127829.fang.com/
Logger:2020-03-15 17:23:40.822877 https://mingyueyuandjdc.fang.com/
Logger:2020-03-15 17:23:41.116426 https://jiuzhouxiyayuan010.fang.com/
Logger:2020-03-15 17:23:41.428258 https://shuimolinxi.fang.com/
Logger:2020-03-15 17:23:41.964122 https://ouzhougongguanhs.fang.com/
Logger:2020-03-15 17:23:42.360660 https://biguiyuanzt.fang.com/
Logger:2020-03-15 17:23:42.776346 https://qinghexinchengqy.fang.com/
Logger:2020-03-15 17:23:43.186082 https://jinyujinlinjiayuan.fang.com/
Logger:2020-03-15 17:23:43.468844 https://jinyufujy.fang.com/
Logger:2020-03-15 17:23:43.793827 https://127819.fang.com/
Logger:2020-03-15 17:23:44.175326 https://beijingyuanzith.fang.com/
Logger:2020-03-15 17:23:44.514444 https://jinanjiayuan010.fang.com/
Logger:2020-03-15 17:23:44.835835 https://jinyuyayuanzhsg.fang.com/
Logger:2020-03-15 17:23:45.216582 https://xiangshulanwan.fang.com/
Logger:2020-03-15 17:23:49.076125 https://bj.newhouse.fang.com/house/s/b915/
Logger:2020-03-15 17:23:49.350436 https://baiwangxinglinwan.fang.com/
Logger:2020-03-15 17:23:51.462846 https://wanhefeili.fang.com/
Logger:2020-03-15 17:23:51.833617 https://biguiyuanblsk.fang.com/
Logger:2020-03-15 17:23:52.177816 https://chaoqingzhizhubjcj.fang.com/
Logger:2020-03-15 17:23:52.511162 https://xiangxie8hao.fang.com/
Logger:2020-03-15 17:23:52.861440 https://yihaoyuanbj.fang.com/
Logger:2020-03-15 17:23:53.172505 https://sijiyuechengzj.fang.com/
Logger:2020-03-15 17:23:53.465498 https://yuanxihuafu.fang.com/
Logger:2020-03-15 17:23:53.840462 https://yipinjiayuan010.fang.com/
Logger:2020-03-15 17:23:54.177932 https://yongliangjiayuan.fang.com/
Logger:2020-03-15 17:23:54.453685 https://kaideluyu.fang.com/
Logger:2020-03-15 17:23:55.004999 https://duhuizhongxinzs.fang.com/
Logger:2020-03-15 17:23:55.438723 https://guojigongguanzj.fang.com/
Logger:2020-03-15 17:23:55.775612 https://jinglanyufufxhy.fang.com/
Logger:2020-03-15 17:23:56.140222 https://haiquanwangzl010.fang.com/
Logger:2020-03-15 17:23:56.440698 https://26jiequxh.fang.com/
Logger:2020-03-15 17:23:56.694198 https://beijingshuyuan.fang.com/
Logger:2020-03-15 17:23:57.019032 https://ruiyuefu.fang.com/
Logger:2020-03-15 17:23:57.438975 https://beijingdongwan.fang.com/
Logger:2020-03-15 17:23:57.754342 https://guofengshangyuesk.fang.com/
Logger:2020-03-15 17:24:01.465302 https://bj.newhouse.fang.com/house/s/b916/
Logger:2020-03-15 17:24:01.820041 https://shangpintaihudy.fang.com/
Logger:2020-03-15 17:24:02.113745 https://xindiguojijiayuan.fang.com/
Logger:2020-03-15 17:24:02.420088 https://liduyuefu.fang.com/
Logger:2020-03-15 17:24:02.694439 https://changanzhongxinth.fang.com/
Logger:2020-03-15 17:24:02.975783 https://wuhuanguojidy.fang.com/shop/
Logger:2020-03-15 17:24:03.442174 https://guoruishengtaicheng.fang.com/
Logger:2020-03-15 17:24:03.753800 https://ziyushanzhuang010.fang.com/
Logger:2020-03-15 17:24:04.057998 https://beijingchengjiantiantanfu.fang.com/
Logger:2020-03-15 17:24:04.447132 https://xindaguozijun.fang.com/
Logger:2020-03-15 17:24:04.800107 https://shijingyuanthcp.fang.com/
Logger:2020-03-15 17:24:05.143153 https://yinghaifu.fang.com/
Logger:2020-03-15 17:24:05.592261 https://yunzhuyuyunfuzh.fang.com/
Logger:2020-03-15 17:24:05.923264 https://huarunchengsk.fang.com/
Logger:2020-03-15 17:24:06.289452 https://dongduguojizj.fang.com/
Logger:2020-03-15 17:24:08.791755 https://tianehuhy010.fang.com/
Logger:2020-03-15 17:24:09.271612 https://beijinghuayincheng.fang.com/
Logger:2020-03-15 17:24:09.705389 https://longyuexishanbjcj.fang.com/
Logger:2020-03-15 17:24:10.026353 https://yinhewanth.fang.com/
Logger:2020-03-15 17:24:10.366876 https://guoyuncun.fang.com/
Logger:2020-03-15 17:24:10.699176 https://hengdahuafu010.fang.com/
Logger:2020-03-15 17:24:14.577964 https://bj.newhouse.fang.com/house/s/b917/
Logger:2020-03-15 17:24:14.843825 https://xinshijielizun.fang.com/
Logger:2020-03-15 17:24:15.468012 https://haiyanchunqiu.fang.com/
Logger:2020-03-15 17:24:15.972321 https://wutonggangzgtj.fang.com/
Logger:2020-03-15 17:24:16.274810 https://lingxiuhuigu.fang.com/
Logger:2020-03-15 17:24:16.567741 https://jingmaoguojicheng.fang.com/
Logger:2020-03-15 17:24:16.841147 https://765159.fang.com/
Logger:2020-03-15 17:24:17.404659 https://beijingyiyuan.fang.com/
Logger:2020-03-15 17:24:17.791456 https://xishanyijing.fang.com/
Logger:2020-03-15 17:24:18.268880 https://fuxingshoufu.fang.com/
Logger:2020-03-15 17:24:19.463879 https://123389.fang.com/
Logger:2020-03-15 17:24:19.784293 https://rongshangweilai.fang.com/
Logger:2020-03-15 17:24:20.093695 https://zhongliangruifu.fang.com/
Logger:2020-03-15 17:24:20.478613 https://xiangshansiji010.fang.com/
Logger:2020-03-15 17:24:20.775739 https://xishanlongyinsm.fang.com/
Logger:2020-03-15 17:24:21.125990 https://tianzhuchunqiuyy.fang.com/
Logger:2020-03-15 17:24:21.622105 https://xishanshangpinwanmoma.fang.com/
Logger:2020-03-15 17:24:21.933755 https://xiyueanjunskzz.fang.com/
Logger:2020-03-15 17:24:22.213282 https://changanyihao.fang.com/
Logger:2020-03-15 17:24:22.665089 https://ziyuchangan.fang.com/
Logger:2020-03-15 17:24:22.950438 https://heguangchenyue.fang.com/
Logger:2020-03-15 17:24:26.670284 https://bj.newhouse.fang.com/house/s/b918/
Logger:2020-03-15 17:24:26.970223 https://126979.fang.com/
Logger:2020-03-15 17:24:27.269178 https://yuefenghuajd.fang.com/
Logger:2020-03-15 17:24:27.571996 https://yuexinhuisc.fang.com/
Logger:2020-03-15 17:24:27.917671 https://runfenglingshang.fang.com/
Logger:2020-03-15 17:24:28.298231 https://yutangshan.fang.com/
Logger:2020-03-15 17:24:28.667795 https://guomenzhihuicheng.fang.com/
Logger:2020-03-15 17:24:28.935175 https://shidaiguangchangza010.fang.com/
Logger:2020-03-15 17:24:29.287625 https://jindihuachendj.fang.com/
Logger:2020-03-15 17:24:29.583611 https://128033.fang.com/
Logger:2020-03-15 17:24:29.868815 https://zhongyangguangchangth2.fang.com/
Logger:2020-03-15 17:24:30.089443 https://zhongxinzonghetisc.fang.com/
Logger:2020-03-15 17:24:30.452892 https://hengdaligong.fang.com/
Logger:2020-03-15 17:24:30.843355 https://jinmaofuyz.fang.com/
Logger:2020-03-15 17:24:34.338680 https://shouertiancheng010.fang.com/
Logger:2020-03-15 17:24:34.728763 https://putigongguansk.fang.com/
Logger:2020-03-15 17:24:35.007134 https://xishanshuhr.fang.com/
Logger:2020-03-15 17:24:35.334923 https://linkengongyuan2qi.fang.com/office/
Logger:2020-03-15 17:24:35.659628 https://jingyuefujtfz.fang.com/
Logger:2020-03-15 17:24:36.050545 https://konggangone.fang.com/
Logger:2020-03-15 17:24:36.289145 https://yihetianjingsx.fang.com/
Logger:2020-03-15 17:24:40.344755 https://bj.newhouse.fang.com/house/s/b919/
Logger:2020-03-15 17:24:42.231451 https://hejingtianhuiguangchang.fang.com/
Logger:2020-03-15 17:24:42.536397 https://binjiangdijinghs.fang.com/
Logger:2020-03-15 17:24:42.837674 https://wutongqianshanzgtj.fang.com/
Logger:2020-03-15 17:24:43.134387 https://meiguidongzhuhy.fang.com/
Logger:2020-03-15 17:24:43.470969 https://sanshengguojicheng.fang.com/
Logger:2020-03-15 17:24:45.179400 https://zhaoshangyonghefu010.fang.com/
Logger:2020-03-15 17:24:45.456980 https://xintiandiyy2010.fang.com/
Logger:2020-03-15 17:24:45.764419 https://shijieqiaoshangzhongxin.fang.com/
Logger:2020-03-15 17:24:45.994026 https://122445.fang.com/
Logger:2020-03-15 17:24:46.266822 https://shuixiehuachengsz.fang.com/
Logger:2020-03-15 17:24:46.570846 https://parktianjiejb.fang.com/
Logger:2020-03-15 17:24:46.858622 https://yueshangchenghs.fang.com/
Logger:2020-03-15 17:24:47.079576 https://chaojifengchao.fang.com/shop/
Logger:2020-03-15 17:24:47.332932 https://beichenshuyuan1900.fang.com/
Logger:2020-03-15 17:24:47.599276 https://xiaoyuezhongxinguangchang.fang.com/
Logger:2020-03-15 17:24:47.882904 https://yizhuangyihaorc.fang.com/
Logger:2020-03-15 17:24:48.191368 https://zhongjuntianchen.fang.com/
Logger:2020-03-15 17:24:48.473542 https://xiruidousc.fang.com/
Logger:2020-03-15 17:24:48.801660 https://wenquankongquechengnt.fang.com/
Logger:2020-03-15 17:24:49.237434 https://709057.fang.com/
Logger:2020-03-15 17:24:54.153259 https://bj.newhouse.fang.com/house/s/b920/
Logger:2020-03-15 17:24:55.055648 https://chengshizhiguangskwk.fang.com/
Logger:2020-03-15 17:24:55.497183 https://759561.fang.com/
Logger:2020-03-15 17:24:55.775344 https://tixiangshusk.fang.com/
Logger:2020-03-15 17:24:56.109425 https://xishanhuijingjiayuan.fang.com/
Logger:2020-03-15 17:24:56.384515 https://guanghezuoyongcy.fang.com/
Logger:2020-03-15 17:24:58.343442 https://tangyuebjcj.fang.com/
Logger:2020-03-15 17:24:58.645310 https://122591.fang.com/
Logger:2020-03-15 17:24:58.934683 https://xiyuefusc.fang.com/
Logger:2020-03-15 17:24:59.289545 https://xiangyuesijihj2010.fang.com/
Logger:2020-03-15 17:24:59.583886 https://beijingzhuangyuan.fang.com/
Logger:2020-03-15 17:24:59.862287 https://zexingongguan.fang.com/
Logger:2020-03-15 17:25:00.173420 https://xiyuechengjunskbl.fang.com/
Logger:2020-03-15 17:25:00.515780 https://v7hetangyuese.fang.com/
Logger:2020-03-15 17:25:02.918193 [erro]&&&https://fangshanchaojifengchao.fang.com/
Logger:2020-03-15 17:25:03.029144 https://yushijiafu.fang.com/
Logger:2020-03-15 17:25:03.400133 https://kafaguoji.fang.com/shop/
Logger:2020-03-15 17:25:03.653016 https://128193.fang.com/
Logger:2020-03-15 17:25:03.978568 https://zhongjianguowangfu.fang.com/
Logger:2020-03-15 17:25:04.243935 https://128173.fang.com/
Logger:2020-03-15 17:25:04.586788 https://shangguoquexd.fang.com/
Logger:2020-03-15 17:25:07.852825 https://bj.newhouse.fang.com/house/s/b921/
Logger:2020-03-15 17:25:08.122167 https://xiaoyunlu8haohs.fang.com/
Logger:2020-03-15 17:25:08.417470 https://gongyuanyihaorc010.fang.com/
Logger:2020-03-15 17:25:08.753756 https://qianshanxiangyi.fang.com/
Logger:2020-03-15 17:25:09.081995 https://xidiaoyutaiyuxi.fang.com/
Logger:2020-03-15 17:25:09.388116 https://xiyuantai.fang.com/
Logger:2020-03-15 17:25:09.793338 https://maoyuanjingxi.fang.com/
Logger:2020-03-15 17:25:10.128872 https://jiangnanfuzj.fang.com/
Logger:2020-03-15 17:25:10.418287 https://maoyuanjingyue.fang.com/
Logger:2020-03-15 17:25:10.700878 https://xuhuicheng010.fang.com/
Logger:2020-03-15 17:25:11.059900 https://shoukailangyue.fang.com/
Logger:2020-03-15 17:25:11.379669 https://617305.fang.com/
Logger:2020-03-15 17:25:11.663730 https://yanqishouzuobgy.fang.com/
Logger:2020-03-15 17:25:12.013229 https://gonghejiayuan.fang.com/
Logger:2020-03-15 17:25:12.289029 https://kunlunyu.fang.com/
Logger:2020-03-15 17:25:12.611586 https://xiangjiangbieshu2.fang.com/
Logger:2020-03-15 17:25:13.081356 https://youshanmeidid.fang.com/
Logger:2020-03-15 17:25:13.468085 https://shanghaijianzhu.fang.com/
Logger:2020-03-15 17:25:13.760592 https://tangsongbieshu.fang.com/
Logger:2020-03-15 17:25:14.111609 https://zaoanbeijing.fang.com/
Logger:2020-03-15 17:25:14.429204 https://tianyublsk.fang.com/
Logger:2020-03-15 17:25:18.084334 https://bj.newhouse.fang.com/house/s/b922/
Logger:2020-03-15 17:25:18.394530 https://tangsongbieshujl.fang.com/
Logger:2020-03-15 17:25:18.742188 https://diaoyuntai.fang.com/
Logger:2020-03-15 17:25:19.032422 https://jindinggr.fang.com/
Logger:2020-03-15 17:25:19.322846 https://tiankongzhichengwk010.fang.com/
Logger:2020-03-15 17:25:19.629560 https://huayuting.fang.com/
Logger:2020-03-15 17:25:19.912306 https://banshanshijiath.fang.com/
Logger:2020-03-15 17:25:20.253045 https://tanxiangfujtyt.fang.com/
Logger:2020-03-15 17:25:20.652088 https://aidigongyuan.fang.com/
Logger:2020-03-15 17:25:22.217252 https://jingmaoguojigongguan.fang.com/
Logger:2020-03-15 17:25:22.504294 https://beijingmimabjcj.fang.com/
Logger:2020-03-15 17:25:22.769167 https://cuihuguojiwk.fang.com/
Logger:2020-03-15 17:25:23.066697 https://tangshanglw.fang.com/
Logger:2020-03-15 17:25:23.361286 https://122705.fang.com/
Logger:2020-03-15 17:25:23.708353 https://shijiejith.fang.com/
Logger:2020-03-15 17:25:23.952099 https://128149.fang.com/
Logger:2020-03-15 17:25:24.287380 https://768671.fang.com/
Logger:2020-03-15 17:25:24.566181 https://127377.fang.com/
Logger:2020-03-15 17:25:24.851420 https://127297.fang.com/
Logger:2020-03-15 17:25:25.202973 https://123243.fang.com/
Logger:2020-03-15 17:25:25.499323 https://797643.fang.com/
Logger:2020-03-15 17:25:31.017894 https://bj.newhouse.fang.com/house/s/b923/
Logger:2020-03-15 17:25:31.277737 https://qihangguojild010.fang.com/
Logger:2020-03-15 17:25:31.581220 https://shidaizhongxinfh.fang.com/
Logger:2020-03-15 17:25:31.804034 https://127993.fang.com/
Logger:2020-03-15 17:25:32.091322 https://1010757737.fang.com/
Logger:2020-03-15 17:25:32.410255 https://xintianditrzgtj.fang.com/
Logger:2020-03-15 17:25:32.702584 https://123597.fang.com/
Logger:2020-03-15 17:25:32.972288 https://127137.fang.com/
Logger:2020-03-15 17:25:33.275325 https://eodzongbugangjd.fang.com/
Logger:2020-03-15 17:25:33.512574 https://128163.fang.com/
Logger:2020-03-15 17:25:33.798649 https://128135.fang.com/
Logger:2020-03-15 17:25:34.263995 https://ziquetianlu.fang.com/
Logger:2020-03-15 17:25:34.589116 https://fengdangongguanzh.fang.com/
Logger:2020-03-15 17:25:34.916299 https://guofengmeitangsk.fang.com/
Logger:2020-03-15 17:25:35.324575 https://youanfu.fang.com/
Logger:2020-03-15 17:25:35.625257 https://shilihuguangzj.fang.com/
Logger:2020-03-15 17:25:35.915903 https://xichenyuanzhu.fang.com/
Logger:2020-03-15 17:25:36.210087 https://126871.fang.com/
Logger:2020-03-15 17:25:36.582948 https://beijingyuanshuay.fang.com/
Logger:2020-03-15 17:25:36.902057 https://yihaoyuanxm.fang.com/
Logger:2020-03-15 17:25:37.199631 https://badou.fang.com/
Logger:2020-03-15 17:25:40.528505 https://bj.newhouse.fang.com/house/s/b924/
Logger:2020-03-15 17:25:43.564407 https://jingjinxincheng.fang.com/villa/
Logger:2020-03-15 17:25:44.040566 https://hongtingbieshu.fang.com/
Logger:2020-03-15 17:25:44.426913 https://guoyufubjcj.fang.com/
Logger:2020-03-15 17:25:44.762260 https://lijinfu.fang.com/
Logger:2020-03-15 17:25:45.052566 https://yipinfu.fang.com/villa/
Logger:2020-03-15 17:25:45.396997 https://jingxilizh.fang.com/
Logger:2020-03-15 17:25:45.683668 https://longxisc.fang.com/
Logger:2020-03-15 17:25:46.013869 https://668603.fang.com/
Logger:2020-03-15 17:25:46.447712 https://tongyongboyuan.fang.com/
Logger:2020-03-15 17:25:46.737278 https://lvdinuoyafangzhou2.fang.com/
Logger:2020-03-15 17:25:47.109853 https://hejingzhongxin.fang.com/office/
Logger:2020-03-15 17:25:47.516872 https://xingfulizj010.fang.com/
Logger:2020-03-15 17:25:47.884969 https://yuhuangdian.fang.com/
Logger:2020-03-15 17:25:49.720092 https://127861.fang.com/
Logger:2020-03-15 17:25:50.103936 https://haizifubjcj.fang.com/
Logger:2020-03-15 17:25:50.477562 https://7haobieshuln.fang.com/
Logger:2020-03-15 17:25:50.933067 https://zgcchkjyyzx.fang.com/
Logger:2020-03-15 17:25:51.195005 https://774033.fang.com/
Logger:2020-03-15 17:25:51.470383 https://maiyupingshu.fang.com/
Logger:2020-03-15 17:25:51.765079 https://123225.fang.com/
Logger:2020-03-15 17:25:55.581620 https://bj.newhouse.fang.com/house/s/b925/
Logger:2020-03-15 17:25:55.878034 https://123673.fang.com/
Logger:2020-03-15 17:25:56.176684 https://wukuangmingpin.fang.com/
Logger:2020-03-15 17:25:56.522065 https://123573.fang.com/
Logger:2020-03-15 17:25:56.871821 https://800697.fang.com/
Logger:2020-03-15 17:25:57.193202 https://guanshanyuanshu.fang.com/
Logger:2020-03-15 17:25:57.511755 https://huijinjiehdc.fang.com/
Logger:2020-03-15 17:25:57.794617 https://longyuehuafubjcj.fang.com/
Logger:2020-03-15 17:25:58.111416 https://guangyangjunjiuhaown.fang.com/
Logger:2020-03-15 17:25:58.438762 https://yishangyuanzhuza.fang.com/
Logger:2020-03-15 17:25:58.838883 https://huanqiujinrongchengld.fang.com/
Logger:2020-03-15 17:25:59.097599 https://ldzxhbyt.fang.com/
Logger:2020-03-15 17:25:59.345091 https://jinketianxi.fang.com/
Logger:2020-03-15 17:25:59.633447 https://beijingjingkaiyizhongxin.fang.com/
Logger:2020-03-15 17:26:04.872305 https://jingjilufu.fang.com/
Logger:2020-03-15 17:26:05.241757 https://yufabieshusk.fang.com/
Logger:2020-03-15 17:26:05.573398 https://127943.fang.com/
Logger:2020-03-15 17:26:05.846699 https://hugongguanhh.fang.com/
Logger:2020-03-15 17:26:06.323877 https://donggangxinzuo.fang.com/
Logger:2020-03-15 17:26:06.581762 https://yuheyihaozhuangyuan.fang.com/
Logger:2020-03-15 17:26:06.859790 https://yuanzhongyuanjrj.fang.com/
Logger:2020-03-15 17:26:10.556531 https://bj.newhouse.fang.com/house/s/b926/
Logger:2020-03-15 17:26:13.620235 https://123833.fang.com/
Logger:2020-03-15 17:26:13.924806 https://lanwan2035.fang.com/
Logger:2020-03-15 17:26:14.189680 https://123545.fang.com/
Logger:2020-03-15 17:26:14.559242 https://jinmaoguangchangft.fang.com/
Logger:2020-03-15 17:26:14.808794 https://xingchuangguojizhongxin.fang.com/
Logger:2020-03-15 17:26:15.130824 https://123095.fang.com/
Logger:2020-03-15 17:26:15.469380 https://122811.fang.com/
Logger:2020-03-15 17:26:15.861316 https://124271.fang.com/
Logger:2020-03-15 17:26:16.100583 https://127131.fang.com/
Logger:2020-03-15 17:26:16.347945 https://127091.fang.com/
Logger:2020-03-15 17:26:16.634249 https://ronghuiguojidasha.fang.com/
Logger:2020-03-15 17:26:16.868420 https://tbdwanketiandi.fang.com/office/
Logger:2020-03-15 17:26:17.180714 https://dibaoyihaohm.fang.com/
Logger:2020-03-15 17:26:18.287069 https://126905.fang.com/
Logger:2020-03-15 17:26:18.601946 https://zhongxinskwk.fang.com/
Logger:2020-03-15 17:26:18.846562 https://yunchuangtiandiskwk.fang.com/
Logger:2020-03-15 17:26:19.293850 https://831917.fang.com/
Logger:2020-03-15 17:26:19.723549 https://124373.fang.com/
Logger:2020-03-15 17:26:20.120388 https://128013.fang.com/
Logger:2020-03-15 17:26:20.470687 https://xichenguangchanglh.fang.com/
Logger:2020-03-15 17:26:24.935423 https://bj.newhouse.fang.com/house/s/b927/
Logger:2020-03-15 17:26:25.211666 https://124317.fang.com/
Logger:2020-03-15 17:26:25.635585 https://128095.fang.com/
Logger:2020-03-15 17:26:26.134353 https://127857.fang.com/
Logger:2020-03-15 17:26:26.448749 https://huanledaduhuiskbl.fang.com/
Logger:2020-03-15 17:26:27.077948 https://128039.fang.com/
Logger:2020-03-15 17:26:27.542159 https://833489.fang.com/
Logger:2020-03-15 17:26:28.216383 https://127013.fang.com/
Logger:2020-03-15 17:26:28.589334 https://yuemanjie.fang.com/
Logger:2020-03-15 17:26:28.921012 https://fengdanqiyedudongzh.fang.com/
Logger:2020-03-15 17:26:29.169987 https://728533.fang.com/
Logger:2020-03-15 17:26:29.482100 https://xinjiekouyy.fang.com/
Logger:2020-03-15 17:26:29.740694 https://127777.fang.com/
Logger:2020-03-15 17:26:30.085955 https://830837.fang.com/
Logger:2020-03-15 17:26:30.370659 https://mingyuehaotiandihy.fang.com/office/
Logger:2020-03-15 17:26:30.616315 https://shijiezhongxinxg.fang.com/
Logger:2020-03-15 17:26:31.031844 https://126887.fang.com/
Logger:2020-03-15 17:26:31.412819 https://128201.fang.com/
Logger:2020-03-15 17:26:32.248898 https://128131.fang.com/
Logger:2020-03-15 17:26:32.549952 https://128123.fang.com/
Logger:2020-03-15 17:26:32.844046 https://128255.fang.com/
Logger:2020-03-15 17:26:36.637174 https://bj.newhouse.fang.com/house/s/b928/
Logger:2020-03-15 17:26:37.232998 https://yizhuangzhenlongfu.fang.com/
Logger:2020-03-15 17:26:37.528993 https://tongque.fang.com/
Logger:2020-03-15 17:26:37.830616 https://liqiaogongguan.fang.com/
Logger:2020-03-15 17:26:38.271049 https://tiananguohui.fang.com/
Logger:2020-03-15 17:26:38.632022 https://zijinyihaoyuan.fang.com/
Logger:2020-03-15 17:26:38.954863 https://dongshancondo.fang.com/
Logger:2020-03-15 17:26:39.257689 https://128103.fang.com/
Logger:2020-03-15 17:26:39.660648 https://dongzhimen8haobj.fang.com/
Logger:2020-03-15 17:26:40.014923 https://zichenshanzj.fang.com/
Logger:2020-03-15 17:26:40.688144 https://786033.fang.com/
Logger:2020-03-15 17:26:41.048425 https://rongkeqianzhangshu.fang.com/
Logger:2020-03-15 17:26:41.410691 https://1267992.fang.com/
Logger:2020-03-15 17:26:41.704091 https://shijiechengfengdanjunhj.fang.com/
Logger:2020-03-15 17:26:42.123884 https://beijingfengjing.fang.com/
Logger:2020-03-15 17:26:42.460214 https://jinyuejiayuanjrj.fang.com/
Logger:2020-03-15 17:26:42.801109 https://yuandameiyu010.fang.com/
Logger:2020-03-15 17:26:43.275887 https://sanlizhonghecheng.fang.com/
Logger:2020-03-15 17:26:43.615702 https://xichenyuanzhuyufulh.fang.com/
Logger:2020-03-15 17:26:43.899763 https://8lidao.fang.com/
Logger:2020-03-15 17:26:44.295666 https://128239.fang.com/
Logger:2020-03-15 17:26:48.301856 https://bj.newhouse.fang.com/house/s/b929/
Logger:2020-03-15 17:26:52.381196 https://xingchuangyishu.fang.com/villa/
Logger:2020-03-15 17:26:52.700839 https://tangquanshu.fang.com/
Logger:2020-03-15 17:26:53.076466 https://127821.fang.com/
Logger:2020-03-15 17:26:53.399141 https://781931.fang.com/
Logger:2020-03-15 17:26:53.731756 https://longmaigongguan.fang.com/
Logger:2020-03-15 17:26:56.122735 https://zijinxinganxian.fang.com/2/
Logger:2020-03-15 17:26:56.420997 https://zhongnanwan.fang.com/
Logger:2020-03-15 17:26:56.737373 https://changhaiyushu.fang.com/
Logger:2020-03-15 17:26:57.199353 https://xishanyuyuan010.fang.com/
Logger:2020-03-15 17:26:57.569533 https://yoyoxintiandixhl.fang.com/
Logger:2020-03-15 17:26:57.802527 https://zhongyanggongyuanguangchang.fang.com/
Logger:2020-03-15 17:26:58.046259 https://800777.fang.com/
Logger:2020-03-15 17:26:58.426814 https://ebcchaobaishengtaicheng.fang.com/
Logger:2020-03-15 17:26:58.675841 https://runzhuotianlunwan.fang.com/
Logger:2020-03-15 17:26:59.903176 https://787047.fang.com/
Logger:2020-03-15 17:27:00.197841 https://jinkeguodong.fang.com/
Logger:2020-03-15 17:27:00.520056 https://346423.fang.com/
Logger:2020-03-15 17:27:00.825580 https://808215.fang.com/
Logger:2020-03-15 17:27:01.136602 https://128267.fang.com/
Logger:2020-03-15 17:27:01.415548 https://127911.fang.com/
Logger:2020-03-15 17:27:05.046422 https://bj.newhouse.fang.com/house/s/b930/
Logger:2020-03-15 17:27:05.396526 https://123427.fang.com/
Logger:2020-03-15 17:27:05.819444 https://sijixiaozhenfl2.fang.com/
Logger:2020-03-15 17:27:06.202078 https://822235.fang.com/
Logger:2020-03-15 17:27:06.733667 https://jinrongzhongxinld.fang.com/
Logger:2020-03-15 17:27:06.996473 https://122755.fang.com/
Logger:2020-03-15 17:27:07.295923 https://123543.fang.com/
Logger:2020-03-15 17:27:07.584203 https://weilaidaduhuibl.fang.com/
Logger:2020-03-15 17:27:07.874645 https://zhongruicheng010.fang.com/
Logger:2020-03-15 17:27:08.094340 https://miyunlangshanchanyeyuan2.fang.com/
Logger:2020-03-15 17:27:08.302178 https://guofengmeitangsk.fang.com/shop/
Logger:2020-03-15 17:27:08.582079 https://122115.fang.com/
Logger:2020-03-15 17:27:08.919818 https://zhongyangguangchangld2010.fang.com/
Logger:2020-03-15 17:27:09.170124 https://huanyuzhongxinshunxin.fang.com/
Logger:2020-03-15 17:27:09.430390 https://128115.fang.com/
Logger:2020-03-15 17:27:09.734173 https://126423.fang.com/
Logger:2020-03-15 17:27:10.102461 https://zhongguotiejianr26shunxinhui.fang.com/
Logger:2020-03-15 17:27:11.933685 https://shizichengk2.fang.com/
Logger:2020-03-15 17:27:12.245746 https://127115.fang.com/
Logger:2020-03-15 17:27:12.579637 https://dongyashangyuan010.fang.com/
Logger:2020-03-15 17:27:15.397917 https://812479.fang.com/
Logger:2020-03-15 17:27:19.087618 https://bj.newhouse.fang.com/house/s/b931/
Logger:2020-03-15 17:27:20.872207 https://124163.fang.com/
Logger:2020-03-15 17:27:21.185856 https://124429.fang.com/
Logger:2020-03-15 17:27:21.535883 https://128179.fang.com/
Logger:2020-03-15 17:27:25.096779 https://128177.fang.com/
Logger:2020-03-15 17:27:26.140492 https://126867.fang.com/
Logger:2020-03-15 17:27:26.446442 https://wanxiangxingzuohr010.fang.com/
Logger:2020-03-15 17:27:26.763607 https://127235.fang.com/
Logger:2020-03-15 17:27:27.078708 https://123429.fang.com/
Logger:2020-03-15 17:27:27.746907 https://yuanxiangxiguhk.fang.com/
Logger:2020-03-15 17:27:28.157345 https://jcjskhrcsy.fang.com/
Logger:2020-03-15 17:27:28.483746 https://405345.fang.com/
Logger:2020-03-15 17:27:28.769231 https://dameizhongxinguangchang.fang.com/
Logger:2020-03-15 17:27:29.019266 https://123863.fang.com/
Logger:2020-03-15 17:27:30.730359 https://127325.fang.com/
Logger:2020-03-15 17:27:31.083569 https://127755.fang.com/
Logger:2020-03-15 17:27:31.429061 https://124403.fang.com/
Logger:2020-03-15 17:27:31.748464 https://yiguangchangbjjk.fang.com/
Logger:2020-03-15 17:27:33.175837 https://835733.fang.com/
Logger:2020-03-15 17:27:33.487013 https://127945.fang.com/
Logger:2020-03-15 17:27:33.766589 https://126967.fang.com/
Logger:2020-03-15 17:27:37.926231 https://bj.newhouse.fang.com/house/s/b932/
Logger:2020-03-15 17:27:38.241859 https://126909.fang.com/
Logger:2020-03-15 17:27:38.595519 https://127835.fang.com/
Logger:2020-03-15 17:27:38.894828 https://127065.fang.com/
Logger:2020-03-15 17:27:42.011774 https://guofengyuedusk.fang.com/
Logger:2020-03-15 17:27:42.362955 https://jinbaochengsy.fang.com/
Logger:2020-03-15 17:27:42.672434 https://xishanwutongzgtj.fang.com/
Logger:2020-03-15 17:27:42.909019 https://qinhuangbandaojw010.fang.com/
Logger:2020-03-15 17:27:43.193269 https://youshigerlh.fang.com/
Logger:2020-03-15 17:27:44.191414 https://127305.fang.com/
Logger:2020-03-15 17:27:44.468147 https://128077.fang.com/
Logger:2020-03-15 17:27:44.740976 https://122545.fang.com/
Logger:2020-03-15 17:27:44.991059 https://123631.fang.com/
Logger:2020-03-15 17:27:45.341292 https://yundingliyuanyd.fang.com/
Logger:2020-03-15 17:27:45.655558 https://128029.fang.com/
Logger:2020-03-15 17:27:46.114005 https://126787.fang.com/
Logger:2020-03-15 17:27:46.413475 https://124385.fang.com/
Logger:2020-03-15 17:27:46.778463 https://122815.fang.com/
Logger:2020-03-15 17:27:47.087210 https://123103.fang.com/
Logger:2020-03-15 17:27:47.393179 https://127467.fang.com/
Logger:2020-03-15 17:27:47.692394 https://wadelamazhuangyuanlx.fang.com/
Logger:2020-03-15 17:27:51.413960 https://bj.newhouse.fang.com/house/s/b933/
Logger:2020-03-15 17:27:51.694705 https://124113.fang.com/
Logger:2020-03-15 17:27:53.122696 https://124341.fang.com/
Logger:2020-03-15 17:27:53.498347 https://lvzhouwan8hao010.fang.com/
Logger:2020-03-15 17:27:53.838399 https://changanyunhe.fang.com/
Logger:2020-03-15 17:27:57.172999 https://qingchengguojizhongxin.fang.com/
Logger:2020-03-15 17:27:57.473428 https://123323.fang.com/
Logger:2020-03-15 17:27:59.981938 https://124169.fang.com/
Logger:2020-03-15 17:28:01.802019 https://832421.fang.com/
Logger:2020-03-15 17:28:02.038437 https://707019.fang.com/
Logger:2020-03-15 17:28:02.323498 https://126937.fang.com/
Logger:2020-03-15 17:28:02.607087 https://7283010335.fang.com/
Logger:2020-03-15 17:28:02.953055 https://127853.fang.com/
Logger:2020-03-15 17:28:04.514535 https://126779.fang.com/
Logger:2020-03-15 17:28:04.816622 https://huahandasha010.fang.com/
Logger:2020-03-15 17:28:05.888539 https://778197.fang.com/
Logger:2020-03-15 17:28:06.217863 https://124393.fang.com/
Logger:2020-03-15 17:28:08.910695 https://689793.fang.com/
Logger:2020-03-15 17:28:09.270733 https://794631.fang.com/
Logger:2020-03-15 17:28:09.657281 https://changanyuan010.fang.com/
Logger:2020-03-15 17:28:10.108111 https://shengshishaungfanhy.fang.com/
Logger:2020-03-15 17:28:13.965273 https://bj.newhouse.fang.com/house/s/b934/
Logger:2020-03-15 17:28:14.195549 https://816461.fang.com/
Logger:2020-03-15 17:28:14.434852 https://zongbugongyuanxc.fang.com/
Logger:2020-03-15 17:28:15.051577 https://zhihuijiankangcheng.fang.com/
Logger:2020-03-15 17:28:15.275195 https://longhuxichenguangchang.fang.com/
Logger:2020-03-15 17:28:15.510499 https://127087.fang.com/
Logger:2020-03-15 17:28:15.795543 https://126839.fang.com/
Logger:2020-03-15 17:28:16.155389 https://122869.fang.com/
Logger:2020-03-15 17:28:17.799968 https://127715.fang.com/
Logger:2020-03-15 17:28:19.644612 https://dawlccys0314.fang.com/
Logger:2020-03-15 17:28:19.914328 https://haiyuewangjiao.fang.com/
Logger:2020-03-15 17:28:20.213131 https://788463.fang.com/
Logger:2020-03-15 17:28:20.504829 https://835507.fang.com/
Logger:2020-03-15 17:28:22.772916 https://128153.fang.com/
Logger:2020-03-15 17:28:23.040008 https://126911.fang.com/
Logger:2020-03-15 17:28:23.336355 https://baijinhaimomaddddh.fang.com/
Logger:2020-03-15 17:28:23.617107 https://123373.fang.com/
Logger:2020-03-15 17:28:23.858401 https://710185.fang.com/
Logger:2020-03-15 17:28:24.119453 https://wenhuaduhui.fang.com/
Logger:2020-03-15 17:28:24.358991 https://123797.fang.com/
Logger:2020-03-15 17:28:24.722512 https://835471.fang.com/
Logger:2020-03-15 17:28:28.389842 https://bj.newhouse.fang.com/house/s/b935/
Logger:2020-03-15 17:28:28.659027 https://127453.fang.com/
Logger:2020-03-15 17:28:29.901893 https://124259.fang.com/
Logger:2020-03-15 17:28:30.870231 https://127963.fang.com/
Logger:2020-03-15 17:28:31.201569 https://835521.fang.com/
Logger:2020-03-15 17:28:31.507648 https://127893.fang.com/
Logger:2020-03-15 17:28:31.858036 https://123851.fang.com/
Logger:2020-03-15 17:28:32.141318 https://xinduhuihk.fang.com/
Logger:2020-03-15 17:28:34.167741 https://haibitaijl.fang.com/
Logger:2020-03-15 17:28:34.477561 https://126945.fang.com/
Logger:2020-03-15 17:28:34.714424 https://123035.fang.com/
Logger:2020-03-15 17:28:35.903058 https://123845.fang.com/
Logger:2020-03-15 17:28:36.187495 https://127365.fang.com/
Logger:2020-03-15 17:28:36.465174 https://127159.fang.com/
Logger:2020-03-15 17:28:36.807398 https://huitongzhongxinbj.fang.com/
Logger:2020-03-15 17:28:37.056173 https://127711.fang.com/
Logger:2020-03-15 17:28:37.350315 https://689777.fang.com/
Logger:2020-03-15 17:28:37.684367 https://127913.fang.com/
Logger:2020-03-15 17:28:39.493410 https://127779.fang.com/
Logger:2020-03-15 17:28:40.599352 https://127183.fang.com/
Logger:2020-03-15 17:28:40.869353 https://127171.fang.com/
Logger:2020-03-15 17:28:44.807762 https://bj.newhouse.fang.com/house/s/b936/
Logger:2020-03-15 17:28:45.136341 https://127307.fang.com/
Logger:2020-03-15 17:28:45.498109 https://127895.fang.com/
Logger:2020-03-15 17:28:46.947651 https://797535.fang.com/
Logger:2020-03-15 17:28:47.201597 https://127309.fang.com/
Logger:2020-03-15 17:28:47.640896 https://taoyuanxianggubl.fang.com/
Logger:2020-03-15 17:28:47.972989 https://huakanmoyuan.fang.com/
Logger:2020-03-15 17:28:48.267497 https://langhuibgy.fang.com/
Logger:2020-03-15 17:28:48.554535 https://jingangjiayuan010.fang.com/
Logger:2020-03-15 17:28:48.946937 https://shouertiancheng39jiequ.fang.com/
Logger:2020-03-15 17:28:49.316112 https://baolidadouhui.fang.com/office/
Logger:2020-03-15 17:28:49.573160 https://shouertiancheng010.fang.com/office/
Logger:2020-03-15 17:28:50.699956 https://feicuishuyuan.fang.com/
Logger:2020-03-15 17:28:51.028451 https://zhongxinhrzd.fang.com/
Logger:2020-03-15 17:28:51.420501 https://zhihuigu010.fang.com/
Logger:2020-03-15 17:28:51.697166 https://runlianhangshidai.fang.com/
Logger:2020-03-15 17:28:51.913779 https://weilaizhongxin2010.fang.com/
Logger:2020-03-15 17:28:52.132358 https://runlianhangxidihongshan.fang.com/
Logger:2020-03-15 17:28:52.407644 https://yichengshidaiguangchang010.fang.com/
Logger:2020-03-15 17:28:52.684733 https://huarundasha010.fang.com/
Logger:2020-03-15 17:28:52.907533 https://dongchanganhr.fang.com/
Logger:2020-03-15 17:28:56.445982 https://bj.newhouse.fang.com/house/s/b937/
Logger:2020-03-15 17:28:56.621546 https://fenghuangzhidiguangchang.fang.com/office/
Logger:2020-03-15 17:28:56.842817 https://shangwuzhongxindx.fang.com/
Logger:2020-03-15 17:28:57.115102 https://huarunkunlunzhongxin.fang.com/
Logger:2020-03-15 17:29:00.733639 https://bj.newhouse.fang.com/house/s/b938/
Logger:2020-03-15 17:29:04.498881 https://bj.newhouse.fang.com/house/s/b939/
Logger:2020-03-15 17:29:08.151371 https://bj.newhouse.fang.com/house/s/b940/
