Logger:2020-03-15 23:38:15.379913 https://longhai.newhouse.fang.com/house/s/b91/
Logger:2020-03-15 23:38:15.654201 https://yuntizhonglian.fang.com/
Logger:2020-03-15 23:38:15.993399 https://lhrongchanggongguan.fang.com/
Logger:2020-03-15 23:38:16.365612 https://jiuhaoyuanzl0596.fang.com/
Logger:2020-03-15 23:38:16.731041 https://wenchangsenlin.fang.com/
Logger:2020-03-15 23:38:17.084056 https://jingxiujindi.fang.com/
Logger:2020-03-15 23:38:17.403201 https://lhlanxiwan.fang.com/
Logger:2020-03-15 23:38:19.513250 https://lhwanyiguangchang.fang.com/
Logger:2020-03-15 23:38:19.982004 https://lhyonghongshamenwan1hao.fang.com/
Logger:2020-03-15 23:38:20.527841 https://lijingfuzj0596.fang.com/
Logger:2020-03-15 23:38:20.844974 https://lhzljjyj.fang.com/
Logger:2020-03-15 23:38:21.246975 https://longyuanyaju0596.fang.com/
Logger:2020-03-15 23:38:21.642588 https://lhqsjjsc.fang.com/
Logger:2020-03-15 23:38:21.980218 https://lhmeifuyipin.fang.com/
Logger:2020-03-15 23:38:23.912557 https://lhlianfaxinyuehuating.fang.com/
Logger:2020-03-15 23:38:24.249708 https://lhyhxmwna.fang.com/
Logger:2020-03-15 23:38:24.603731 https://lhshouganglongjiaowan.fang.com/
Logger:2020-03-15 23:38:24.929934 https://taihexiamenwan2.fang.com/
Logger:2020-03-15 23:38:25.266206 https://biguiyuanshanhuhai.fang.com/
Logger:2020-03-15 23:38:25.611895 https://lhglxxjy.fang.com/
Logger:2020-03-15 23:38:25.983866 https://lhmingfaguangchang.fang.com/
Logger:2020-03-15 23:38:29.297872 https://longhai.newhouse.fang.com/house/s/b92/
Logger:2020-03-15 23:38:29.560929 https://sanshengpuyuehai.fang.com/
Logger:2020-03-15 23:38:29.968541 https://lhjiulongxincheng.fang.com/
Logger:2020-03-15 23:38:30.360646 https://yuegangguandi.fang.com/
Logger:2020-03-15 23:38:30.710711 https://lhrxgsh.fang.com/
Logger:2020-03-15 23:38:31.043868 https://xiangluwenquanrenjialh.fang.com/
Logger:2020-03-15 23:38:31.362061 https://lhjinghaiwan.fang.com/
Logger:2020-03-15 23:38:31.778326 https://yiganghuayuancheng.fang.com/
Logger:2020-03-15 23:38:32.881340 https://lhrongxinbanshanyunding.fang.com/
Logger:2020-03-15 23:38:33.207547 https://lqhtlh.fang.com/
Logger:2020-03-15 23:38:34.676946 https://lhlingxiuyuyuan.fang.com/
Logger:2020-03-15 23:38:35.134873 https://lhziyungongguan.fang.com/
Logger:2020-03-15 23:38:35.632707 https://lhdamingtang.fang.com/
Logger:2020-03-15 23:38:35.978749 https://haixiaguijiwanqu.fang.com/
Logger:2020-03-15 23:38:37.183421 https://longhai.newhouse.fang.com/house/2224198500.htm
Logger:2020-03-15 23:38:38.410202 https://jp6530lh.fang.com/
Logger:2020-03-15 23:38:38.725326 https://lhxchsj.fang.com/
Logger:2020-03-15 23:38:39.110354 https://lhgchxs.fang.com/
Logger:2020-03-15 23:38:41.059348 https://lhzhongyunanangongguan.fang.com/
Logger:2020-03-15 23:38:43.881378 https://lhhexinshuiyuntian.fang.com/
Logger:2020-03-15 23:38:44.209510 https://lhhexinshanyuhai.fang.com/
Logger:2020-03-15 23:38:47.774463 https://longhai.newhouse.fang.com/house/s/b93/
Logger:2020-03-15 23:38:48.125524 https://xinghechengguangchanglh.fang.com/
Logger:2020-03-15 23:38:48.544065 https://lhhyhjc.fang.com/
Logger:2020-03-15 23:38:49.088810 https://aozhoufengqingyuanzz.fang.com/
Logger:2020-03-15 23:38:49.416890 https://lhsanshengguojihaianxundangshu.fang.com/
Logger:2020-03-15 23:38:51.160133 https://lhyindahuashanmingyuan.fang.com/
Logger:2020-03-15 23:38:51.471316 https://lhntwgefphw.fang.com/
Logger:2020-03-15 23:38:51.864249 https://lhfthwxc.fang.com/
Logger:2020-03-15 23:38:52.195972 https://mingfazhongyangchenglh.fang.com/
Logger:2020-03-15 23:38:52.539054 https://lhyhylw.fang.com/
Logger:2020-03-15 23:38:52.875534 https://lhfuyaguoji.fang.com/
Logger:2020-03-15 23:38:53.276951 https://lhjyhjha.fang.com/
Logger:2020-03-15 23:38:53.598162 https://lhgangchangxinsugelan.fang.com/
Logger:2020-03-15 23:38:53.973097 https://lhzhongyijianlanhaiguoji.fang.com/
Logger:2020-03-15 23:38:57.106622 https://lhguanglonghaishangshoufu.fang.com/
Logger:2020-03-15 23:38:57.510517 https://lhlongxinjiezuo.fang.com/
Logger:2020-03-15 23:38:57.850586 https://lhlingxiujinjiang.fang.com/
Logger:2020-03-15 23:38:58.198764 https://lhyhyjw.fang.com/
Logger:2020-03-15 23:38:58.527832 https://lhtianxiangshijia.fang.com/
Logger:2020-03-15 23:38:58.981621 https://lhzskdks.fang.com/
Logger:2020-03-15 23:38:59.328826 https://lhxiangyunhaoting.fang.com/
Logger:2020-03-15 23:39:03.015835 https://longhai.newhouse.fang.com/house/s/b94/
Logger:2020-03-15 23:39:03.226083 https://lhbinhaikangqiao.fang.com/
Logger:2020-03-15 23:39:03.551257 https://lhdongfangkangqiao.fang.com/
Logger:2020-03-15 23:39:03.975079 https://lhrongyuhuayuan.fang.com/
Logger:2020-03-15 23:39:07.784956 https://longhai.newhouse.fang.com/house/s/b95/
Logger:2020-03-15 23:39:11.580053 https://longhai.newhouse.fang.com/house/s/b96/
Logger:2020-03-15 23:39:15.054787 https://longhai.newhouse.fang.com/house/s/b97/
