Logger:2020-03-15 23:28:51.224602 https://longyan.newhouse.fang.com/house/s/b91/
Logger:2020-03-15 23:28:51.505191 https://lyhdlz0597.fang.com/
Logger:2020-03-15 23:28:51.851212 https://longdijinyuan.fang.com/
Logger:2020-03-15 23:28:52.284027 https://bgydxsdc.fang.com/
Logger:2020-03-15 23:28:52.618134 https://chengfafujun.fang.com/
Logger:2020-03-15 23:28:54.587075 https://xingxiangjiangshanmingzhu.fang.com/
Logger:2020-03-15 23:28:54.917973 https://jianfaxiyuan0597.fang.com/
Logger:2020-03-15 23:28:55.284629 https://smdxcctc.fang.com/
Logger:2020-03-15 23:28:55.623693 https://mlstc.fang.com/
Logger:2020-03-15 23:28:55.990711 https://rongqiaoguandi0597.fang.com/
Logger:2020-03-15 23:28:56.349789 https://zijinshantiyugongyuan.fang.com/
Logger:2020-03-15 23:28:56.750720 https://ljdsd.fang.com/
Logger:2020-03-15 23:28:57.078988 https://jianfashouyuan.fang.com/
Logger:2020-03-15 23:28:57.443981 https://shuijinglanting.fang.com/
Logger:2020-03-15 23:28:57.753150 https://lyhdwlc.fang.com/
Logger:2020-03-15 23:28:58.116125 https://jiaofalongyanfengjing.fang.com/
Logger:2020-03-15 23:28:58.434902 https://dexingyinxiangtianyue.fang.com/
Logger:2020-03-15 23:28:58.757554 https://rongqiaoyuefu0597.fang.com/
Logger:2020-03-15 23:28:59.100656 https://meilundongjinyuanlongyan.fang.com/
Logger:2020-03-15 23:28:59.596319 https://smdxyx.fang.com/
Logger:2020-03-15 23:29:00.003888 https://yxgyl.fang.com/
Logger:2020-03-15 23:29:04.052839 https://longyan.newhouse.fang.com/house/s/b92/
Logger:2020-03-15 23:29:04.366966 https://longdihuafu.fang.com/
Logger:2020-03-15 23:29:04.699040 https://hdlvzeqyj.fang.com/
Logger:2020-03-15 23:29:05.055123 https://lyguomaotianqinwan.fang.com/
Logger:2020-03-15 23:29:05.361663 https://bgyyf0597.fang.com/
Logger:2020-03-15 23:29:05.718092 https://bgybdyy.fang.com/
Logger:2020-03-15 23:29:06.056187 https://hlbdsf0597.fang.com/
Logger:2020-03-15 23:29:06.453125 https://fljfsyj.fang.com/
Logger:2020-03-15 23:29:06.769317 https://xinjingyongniantianshu.fang.com/
Logger:2020-03-15 23:29:07.066489 https://lymingzhucheng.fang.com/
Logger:2020-03-15 23:29:07.406097 https://ldwhc0597.fang.com/
Logger:2020-03-15 23:29:07.825052 https://smdxygcys.fang.com/
Logger:2020-03-15 23:29:10.084231 https://shijironghua.fang.com/
Logger:2020-03-15 23:29:10.433297 https://yinxiangtianlan.fang.com/
Logger:2020-03-15 23:29:10.786403 https://yangguangchenglinyintianxia.fang.com/
Logger:2020-03-15 23:29:11.201292 https://bgyydf.fang.com/
Logger:2020-03-15 23:29:11.537904 https://chengfadongjun.fang.com/
Logger:2020-03-15 23:29:13.350879 https://longxiangmeidi.fang.com/
Logger:2020-03-15 23:29:13.677093 https://tianyuelianxin.fang.com/
Logger:2020-03-15 23:29:15.550677 https://lyznpjyc.fang.com/
Logger:2020-03-15 23:29:15.817521 https://chengfayajun.fang.com/
Logger:2020-03-15 23:29:19.496623 https://longyan.newhouse.fang.com/house/s/b93/
Logger:2020-03-15 23:29:19.821702 https://ygcty0597.fang.com/
Logger:2020-03-15 23:29:20.165812 https://shuijingzhongyang.fang.com/
Logger:2020-03-15 23:29:21.899101 https://rxzjsxyf.fang.com/
Logger:2020-03-15 23:29:22.216317 https://longtengtianchen.fang.com/
Logger:2020-03-15 23:29:22.535982 https://lvchenglanyuan0597.fang.com/
Logger:2020-03-15 23:29:24.164683 https://hengdizhongyang.fang.com/
Logger:2020-03-15 23:29:24.535306 https://jmxtd.fang.com/
Logger:2020-03-15 23:29:24.852949 https://lywdzx.fang.com/
Logger:2020-03-15 23:29:25.168102 https://xahly.fang.com/
Logger:2020-03-15 23:29:25.554069 https://tianyuechenghq.fang.com/
Logger:2020-03-15 23:29:28.651707 https://xuefujiayuan0597.fang.com/
Logger:2020-03-15 23:29:28.987542 https://longyanjinghuazhongxin.fang.com/
Logger:2020-03-15 23:29:30.612992 https://nsfhc.fang.com/
Logger:2020-03-15 23:29:30.879254 https://fengmaoshangmaocheng.fang.com/
Logger:2020-03-15 23:29:31.191079 https://longtiedasha.fang.com/
Logger:2020-03-15 23:29:33.285241 https://zhonghangzijinyx.fang.com/
Logger:2020-03-15 23:29:33.622410 https://wandaguangchangly0537.fang.com/
Logger:2020-03-15 23:29:33.945284 https://wanbaoguangchanglongyan.fang.com/
Logger:2020-03-15 23:29:37.696040 https://longyan.newhouse.fang.com/house/s/b94/
Logger:2020-03-15 23:29:41.393806 https://longyan.newhouse.fang.com/house/s/b95/
Logger:2020-03-15 23:29:44.963272 https://longyan.newhouse.fang.com/house/s/b96/
