Logger:2020-03-16 08:36:31.179265 https://longnan.newhouse.fang.com/house/s/b91/
Logger:2020-03-16 08:36:33.992976 https://linfengyuanln.fang.com/
Logger:2020-03-16 08:36:34.275861 https://yulongjiayuanerqi.fang.com/
Logger:2020-03-16 08:36:34.636423 https://1548980939.fang.com/
Logger:2020-03-16 08:36:35.407588 https://tianchengyuyuan.fang.com/
Logger:2020-03-16 08:36:35.910752 https://lnlongchengyihao.fang.com/
Logger:2020-03-16 08:36:37.614114 https://fuxigongguan.fang.com/
Logger:2020-03-16 08:36:38.479554 https://longnan.newhouse.fang.com/house/3719182414.htm
Logger:2020-03-16 08:36:41.002343 https://tianshuihengshunjiangshanyue.fang.com/
Logger:2020-03-16 08:36:41.291607 https://lnxinshengdasha.fang.com/
Logger:2020-03-16 08:36:43.134466 https://kunpengdasha.fang.com/
Logger:2020-03-16 08:36:43.501484 https://lnlanshiruizhimingju.fang.com/
Logger:2020-03-16 08:36:45.213294 https://zhaoqingjiayuan.fang.com/
Logger:2020-03-16 08:36:45.954852 https://longnan.newhouse.fang.com/house/3719183696.htm
Logger:2020-03-16 08:36:46.203554 https://zhongjiqingchunli.fang.com/
Logger:2020-03-16 08:36:49.725417 https://dongnanguangchangshangpu.fang.com/
Logger:2020-03-16 08:36:50.021033 https://jingangxinchengshangzhulou.fang.com/
Logger:2020-03-16 08:36:51.729743 https://wanxiangjinjie.fang.com/
Logger:2020-03-16 08:36:52.001137 https://154900.fang.com/
Logger:2020-03-16 08:36:55.714163 https://longnan.newhouse.fang.com/house/s/b92/
Logger:2020-03-16 08:36:59.501847 https://longnan.newhouse.fang.com/house/s/b93/
Logger:2020-03-16 08:37:02.960326 https://longnan.newhouse.fang.com/house/s/b94/
