Logger:2020-03-16 18:51:04.209694 https://longkou.newhouse.fang.com/house/s/b91/
Logger:2020-03-16 18:51:04.561350 https://fenghuangtaibgy0535.fang.com/
Logger:2020-03-16 18:51:04.976523 https://zhongnanxiyuelk.fang.com/
Logger:2020-03-16 18:51:05.498124 https://tianjiaochengxx0535.fang.com/
Logger:2020-03-16 18:51:10.525848 https://longcicheng0535.fang.com/
Logger:2020-03-16 18:51:10.883501 https://xinghaihupan.fang.com/
Logger:2020-03-16 18:51:11.326730 https://guolingxiaozhenrc.fang.com/
Logger:2020-03-16 18:51:11.968949 https://zhengrenzhongyanggongyuan.fang.com/
Logger:2020-03-16 18:51:12.304060 https://wanhaoyidun0535.fang.com/
Logger:2020-03-16 18:51:12.631174 https://wenyayuanns.fang.com/
Logger:2020-03-16 18:51:14.672493 https://haiyifanglk.fang.com/
Logger:2020-03-16 18:51:14.984791 https://xinghaiguojilk.fang.com/
Logger:2020-03-16 18:51:15.283991 https://jinxiuyuanlk.fang.com/
Logger:2020-03-16 18:51:15.668921 https://longchenguoji.fang.com/
Logger:2020-03-16 18:51:16.300307 https://longkourongchuangdonghaiwan.fang.com/
Logger:2020-03-16 18:51:16.634893 https://bihaishangchenglk.fang.com/
Logger:2020-03-16 18:51:17.008384 https://weilanxiangtilk.fang.com/
Logger:2020-03-16 18:51:17.531978 https://gaoerfuweilanhaian.fang.com/
Logger:2020-03-16 18:51:18.343442 https://longshengchuncheng.fang.com/
Logger:2020-03-16 18:51:19.924607 https://haitaiju0535.fang.com/
Logger:2020-03-16 18:51:22.358441 https://longkou.newhouse.fang.com/house/2438786291.htm
Logger:2020-03-16 18:51:26.341922 https://longkou.newhouse.fang.com/house/s/b92/
Logger:2020-03-16 18:51:26.699161 https://bihaishangcheng0535.fang.com/
Logger:2020-03-16 18:51:27.310455 https://yunxihupan.fang.com/
Logger:2020-03-16 18:51:27.757364 https://xinganghuayuan1.fang.com/
Logger:2020-03-16 18:51:29.537319 https://lkjst.fang.com/
Logger:2020-03-16 18:51:32.390170 https://xinghaiguoji0535.fang.com/
Logger:2020-03-16 18:51:32.744187 https://yihaixinyuan0535.fang.com/
Logger:2020-03-16 18:51:33.164571 https://dongfangxingchenglk.fang.com/
Logger:2020-03-16 18:51:35.215767 https://haitaoxindu.fang.com/
Logger:2020-03-16 18:51:35.553869 https://haiyutianchenglk.fang.com/
Logger:2020-03-16 18:51:35.840179 https://longkou.newhouse.fang.com/house/2438803013.htm
Logger:2020-03-16 18:51:36.310027 https://lkwzgjc.fang.com/
Logger:2020-03-16 18:51:39.172679 https://longkourongchuangguolinghaian.fang.com/
Logger:2020-03-16 18:51:39.497759 https://huangchengtianjie.fang.com/
Logger:2020-03-16 18:51:42.209706 https://jinshahaijing.fang.com/
Logger:2020-03-16 18:51:42.722448 https://longzufengjing0535.fang.com/
Logger:2020-03-16 18:51:43.040638 https://shengjingyuan0535.fang.com/
Logger:2020-03-16 18:51:43.405620 https://xsw0535.fang.com/
Logger:2020-03-16 18:51:44.055492 https://hqw0535.fang.com/
Logger:2020-03-16 18:51:44.455757 https://nanshanyangxinyuan.fang.com/
Logger:2020-03-16 18:51:44.883580 https://jinyulanhai0535.fang.com/
Logger:2020-03-16 18:51:48.421224 https://longkou.newhouse.fang.com/house/s/b93/
Logger:2020-03-16 18:51:50.286465 https://yuehaiju0535.fang.com/
Logger:2020-03-16 18:51:50.639141 https://haichengguangchanglz.fang.com/
Logger:2020-03-16 18:51:51.031607 https://yuelongwanld.fang.com/
Logger:2020-03-16 18:51:52.255603 https://longkou.newhouse.fang.com/house/2438797045.htm
Logger:2020-03-16 18:51:53.140769 https://lushanyuan0535.fang.com/
Logger:2020-03-16 18:51:53.582151 https://ouzhouyuan2.fang.com/
Logger:2020-03-16 18:51:54.554325 https://longkouhaijingyihao.fang.com/
Logger:2020-03-16 18:51:54.910946 https://nanshanxihaian.fang.com/
Logger:2020-03-16 18:51:55.290077 https://danlingfukangyuanns.fang.com/
Logger:2020-03-16 18:51:55.618204 https://jinyulanwan20535.fang.com/
Logger:2020-03-16 18:51:55.972252 https://fukangyuandl.fang.com/
Logger:2020-03-16 18:51:56.371192 https://xinduvquht.fang.com/
Logger:2020-03-16 18:51:56.838037 https://sshffang.fang.com/
Logger:2020-03-16 18:51:59.288655 https://longkou.newhouse.fang.com/house/2438789013.htm
Logger:2020-03-16 18:51:59.606178 https://foguangbahaoyuan.fang.com/
Logger:2020-03-16 18:52:02.008273 https://mengmalihaoting0535.fang.com/
Logger:2020-03-16 18:52:04.418358 https://guanhailvdao.fang.com/
Logger:2020-03-16 18:52:05.952509 https://longkou.newhouse.fang.com/house/2438789551.htm
Logger:2020-03-16 18:52:06.260437 https://longkou.newhouse.fang.com/house/2438789421.htm
Logger:2020-03-16 18:52:07.368696 https://longkouyulongwan.fang.com/
Logger:2020-03-16 18:52:10.702980 https://longkou.newhouse.fang.com/house/s/b94/
Logger:2020-03-16 18:52:13.117053 https://longkou.newhouse.fang.com/house/2438789413.htm
Logger:2020-03-16 18:52:13.457770 https://yangguangfudi0535.fang.com/
Logger:2020-03-16 18:52:15.400948 https://songtaohaijing0535.fang.com/
Logger:2020-03-16 18:52:15.770919 https://foguangshanshuihuayuan0535.fang.com/
Logger:2020-03-16 18:52:17.485471 https://yalanwan0535.fang.com/
Logger:2020-03-16 18:52:19.057999 https://huguanghaijinglk.fang.com/
Logger:2020-03-16 18:52:21.569032 https://danlingyutiange.fang.com/
Logger:2020-03-16 18:52:23.332350 https://xinyanghaigongyuan.fang.com/
Logger:2020-03-16 18:52:24.181826 https://longkou.newhouse.fang.com/house/2438788977.htm
Logger:2020-03-16 18:52:24.491977 https://haiyunyuanlk.fang.com/
Logger:2020-03-16 18:52:24.784831 https://longkou.newhouse.fang.com/house/2438797007.htm
Logger:2020-03-16 18:52:26.333567 https://longkou.newhouse.fang.com/house/2438789441.htm
Logger:2020-03-16 18:52:26.691319 https://longkou.newhouse.fang.com/house/2438803087.htm
Logger:2020-03-16 18:52:30.568860 https://longkou.newhouse.fang.com/house/s/b95/
Logger:2020-03-16 18:52:34.250070 https://longkou.newhouse.fang.com/house/s/b96/
Logger:2020-03-16 18:52:37.721619 https://longkou.newhouse.fang.com/house/s/b97/
