Logger:2020-03-16 11:53:09.807574 https://loudi.newhouse.fang.com/house/s/b91/
Logger:2020-03-16 11:53:10.983439 https://heyuegongyuanwt.fang.com/
Logger:2020-03-16 11:53:11.238878 https://wjgjsyzx2.fang.com/
Logger:2020-03-16 11:53:11.692558 https://nanyuanshanghe.fang.com/2/
Logger:2020-03-16 11:53:12.587169 https://smcsgc0738.fang.com/
Logger:2020-03-16 11:53:13.334886 https://tanxiangshan2.fang.com/
Logger:2020-03-16 11:53:13.588740 https://wuzhoujincheng.fang.com/
Logger:2020-03-16 11:53:13.834981 https://guanlanbandao0738.fang.com/
Logger:2020-03-16 11:53:14.151380 https://yuejiangshan2.fang.com/
Logger:2020-03-16 11:53:14.436818 https://xinwaitan0738.fang.com/
Logger:2020-03-16 11:53:14.683907 https://guifuzy.fang.com/
Logger:2020-03-16 11:53:14.948428 https://xuefuchengbh.fang.com/
Logger:2020-03-16 11:53:15.893701 https://yujinghuayuan0738.fang.com/
Logger:2020-03-16 11:53:16.994472 https://huaxiangguifu.fang.com/
Logger:2020-03-16 11:53:17.826400 https://dahanlongcheng0738.fang.com/
Logger:2020-03-16 11:53:18.077061 https://tiandirenhe.fang.com/
Logger:2020-03-16 11:53:18.436287 https://yifangxincheng.fang.com/
Logger:2020-03-16 11:53:18.747766 https://wanyimingcheng.fang.com/
Logger:2020-03-16 11:53:20.020366 https://jinyizitan.fang.com/
Logger:2020-03-16 11:53:20.320557 https://hxxtd0738.fang.com/
Logger:2020-03-16 11:53:20.682104 https://datongqinyuan.fang.com/
Logger:2020-03-16 11:53:24.840919 https://loudi.newhouse.fang.com/house/s/b92/
Logger:2020-03-16 11:53:25.122785 https://huitongguoji.fang.com/
Logger:2020-03-16 11:53:25.447471 https://zhongyanglongting.fang.com/
Logger:2020-03-16 11:53:26.337030 https://zwsjc0738.fang.com/
Logger:2020-03-16 11:53:26.664155 https://huiyingjiangan.fang.com/
Logger:2020-03-16 11:53:26.917478 https://shanshuilvchengjd.fang.com/
Logger:2020-03-16 11:53:27.651513 https://xhzdc0738.fang.com/
Logger:2020-03-16 11:53:28.341704 https://panshangongguan2.fang.com/
Logger:2020-03-16 11:53:29.158483 https://zhongyanghuafusl.fang.com/
Logger:2020-03-16 11:53:29.445713 https://yifuheyuanloudi.fang.com/
Logger:2020-03-16 11:53:30.256545 https://shengshikangcheng0738.fang.com/
Logger:2020-03-16 11:53:31.272826 https://jinyuzhongyang0738.fang.com/
Logger:2020-03-16 11:53:32.291102 https://jhhjsdgc.fang.com/
Logger:2020-03-16 11:53:33.194710 https://longyixingcheng.fang.com/
Logger:2020-03-16 11:53:33.484947 https://yihaogongguamloudi.fang.com/
Logger:2020-03-16 11:53:33.750199 https://meiguiyuanbj.fang.com/
Logger:2020-03-16 11:53:34.015558 https://yiheyuan0738.fang.com/
Logger:2020-03-16 11:53:34.929046 https://kangchenghaoyuan.fang.com/
Logger:2020-03-16 11:53:35.247240 https://panlongwan0738.fang.com/
Logger:2020-03-16 11:53:36.265472 https://jtjhy0738.fang.com/
Logger:2020-03-16 11:53:36.610547 https://shangheshijia.fang.com/
Logger:2020-03-16 11:53:39.940639 https://loudi.newhouse.fang.com/house/s/b93/
Logger:2020-03-16 11:53:40.896083 https://wantianjiayuan.fang.com/
Logger:2020-03-16 11:53:41.201266 https://shuiyuzhongyang2.fang.com/
Logger:2020-03-16 11:53:41.465559 https://kaichengshangyueguangchang.fang.com/
Logger:2020-03-16 11:53:42.318277 https://shanshuimingcheng0738.fang.com/
Logger:2020-03-16 11:53:42.558665 https://jxjrgc.fang.com/
Logger:2020-03-16 11:53:42.871797 https://hongxingdasha0738.fang.com/
Logger:2020-03-16 11:53:43.639785 https://wangfuguoji.fang.com/
Logger:2020-03-16 11:53:44.562275 https://shanghaixingcheng.fang.com/
Logger:2020-03-16 11:53:44.851541 https://xhzgjsmc.fang.com/
Logger:2020-03-16 11:53:45.860881 https://myyggwgy0738.fang.com/
Logger:2020-03-16 11:53:46.134070 https://nanyuanshanghe.fang.com/
Logger:2020-03-16 11:53:46.996761 https://lsmcqsw.fang.com/
Logger:2020-03-16 11:53:47.752740 https://changqingshangyejie.fang.com/
Logger:2020-03-16 11:53:48.727133 https://gongyuanyihaoxd.fang.com/
Logger:2020-03-16 11:53:49.841152 https://lianxinjiayuan0738.fang.com/
Logger:2020-03-16 11:53:50.885360 https://huangjinhuafu.fang.com/
Logger:2020-03-16 11:53:51.652309 https://xsjjcc0738.fang.com/
Logger:2020-03-16 11:53:51.922654 https://zhurenjiayuanhlw.fang.com/
Logger:2020-03-16 11:53:52.176905 https://longwanguoji0738.fang.com/
Logger:2020-03-16 11:53:53.308945 https://xianghuashangyejie.fang.com/
Logger:2020-03-16 11:53:56.532253 https://loudi.newhouse.fang.com/house/s/b94/
Logger:2020-03-16 11:53:57.022941 https://fukangjiayuan0738.fang.com/
Logger:2020-03-16 11:53:58.205815 https://huajianshoujun.fang.com/
Logger:2020-03-16 11:53:59.134316 https://sjwhcsgc.fang.com/
Logger:2020-03-16 11:53:59.419568 https://xinbuxianting.fang.com/
Logger:2020-03-16 11:54:00.203471 https://jitailiyuan.fang.com/
Logger:2020-03-16 11:54:01.195802 https://gyyxy0738.fang.com/
Logger:2020-03-16 11:54:01.477025 https://dahanlongting.fang.com/
Logger:2020-03-16 11:54:01.709405 https://hjzjc0738.fang.com/
Logger:2020-03-16 11:54:02.214055 https://lyjcdsc.fang.com/
Logger:2020-03-16 11:54:02.487323 https://xiannvfeng.fang.com/
Logger:2020-03-16 11:54:03.311119 https://sfhfgwbxj0738.fang.com/
Logger:2020-03-16 11:54:03.546489 https://yangguangdadaoxzy.fang.com/
Logger:2020-03-16 11:54:04.351337 https://fuhoumingdi.fang.com/
Logger:2020-03-16 11:54:05.330758 https://xianghuashounao.fang.com/
Logger:2020-03-16 11:54:06.101686 https://qingshanyijing2.fang.com/
Logger:2020-03-16 11:54:06.367942 https://sssdgc2.fang.com/
Logger:2020-03-16 11:54:07.307428 https://shijigongguanpt.fang.com/
Logger:2020-03-16 11:54:07.605668 https://yipinhengcheng.fang.com/
Logger:2020-03-16 11:54:08.543122 https://jlhqsygc.fang.com/2/
Logger:2020-03-16 11:54:09.727953 https://bcsybxj.fang.com/
Logger:2020-03-16 11:54:13.386166 https://loudi.newhouse.fang.com/house/s/b95/
Logger:2020-03-16 11:54:16.974566 https://loudi.newhouse.fang.com/house/s/b96/
Logger:2020-03-16 11:54:20.581916 https://loudi.newhouse.fang.com/house/s/b97/
Logger:2020-03-16 11:54:24.107487 https://loudi.newhouse.fang.com/house/s/b98/
