Logger:2020-03-17 00:35:44.728647 https://ls.newhouse.fang.com/house/s/b91/
Logger:2020-03-17 00:35:44.952113 https://yipinnanming.fang.com/
Logger:2020-03-17 00:35:45.245265 https://zhongjunjingyuan.fang.com/
Logger:2020-03-17 00:35:46.986662 https://yuelanwanhd0578.fang.com/
Logger:2020-03-17 00:35:47.231951 https://byhjfq.fang.com/
Logger:2020-03-17 00:35:47.482324 https://huixindongjingyuan.fang.com/
Logger:2020-03-17 00:35:47.724633 https://jinghuyuan0578.fang.com/
Logger:2020-03-17 00:35:48.049788 https://tianyuewanzl.fang.com/
Logger:2020-03-17 00:35:48.317098 https://smccjs.fang.com/
Logger:2020-03-17 00:35:48.578349 https://duofuyiquanwan.fang.com/
Logger:2020-03-17 00:35:48.840689 https://yjlkxc.fang.com/
Logger:2020-03-17 00:35:50.303733 https://mingyuexincheng0578.fang.com/
Logger:2020-03-17 00:35:50.539103 https://zhongnanbulage2.fang.com/
Logger:2020-03-17 00:35:50.813401 https://chunfengjiangnanyuanzn.fang.com/
Logger:2020-03-17 00:35:54.428698 https://xiangzhangwan.fang.com/
Logger:2020-03-17 00:35:54.761843 https://bgyhjsd0578.fang.com/
Logger:2020-03-17 00:35:56.684706 https://hsmdxf.fang.com/
Logger:2020-03-17 00:35:56.922028 https://tcjdd.fang.com/
Logger:2020-03-17 00:35:58.593599 https://zhihuichuangyeyuansg.fang.com/
Logger:2020-03-17 00:35:58.874834 https://dongfangshoufu0578.fang.com/
Logger:2020-03-17 00:35:59.139098 https://xinhuguoji2.fang.com/
Logger:2020-03-17 00:36:02.683658 https://ls.newhouse.fang.com/house/s/b92/
Logger:2020-03-17 00:36:04.486833 https://yintaichengls.fang.com/
Logger:2020-03-17 00:36:06.482492 https://songxixinyust.fang.com/
Logger:2020-03-17 00:36:06.753727 https://zhongliangtcyh.fang.com/
Logger:2020-03-17 00:36:07.005055 https://lanchengcjyy.fang.com/
Logger:2020-03-17 00:36:07.238502 https://tzhjzy.fang.com/
Logger:2020-03-17 00:36:07.514691 https://huahongtianyangyunjingting2.fang.com/
Logger:2020-03-17 00:36:07.763053 https://yunshuihuatingzlwg.fang.com/
Logger:2020-03-17 00:36:09.270037 https://fenghuangtai0578.fang.com/
Logger:2020-03-17 00:36:09.511349 https://shiliyunshanxs.fang.com/
Logger:2020-03-17 00:36:09.740736 https://pingchanghuafu.fang.com/
Logger:2020-03-17 00:36:11.629683 https://huahongyunshu.fang.com/
Logger:2020-03-17 00:36:11.941848 https://nanchengyihao.fang.com/
Logger:2020-03-17 00:36:12.205182 https://liwanbandaoysh.fang.com/
Logger:2020-03-17 00:36:12.475420 https://taiyangdaobishuizhuangyuan.fang.com/
Logger:2020-03-17 00:36:12.753677 https://sohulishui.fang.com/
Logger:2020-03-17 00:36:12.983142 https://feicuiwanss.fang.com/
Logger:2020-03-17 00:36:13.235429 https://yundingyihao.fang.com/
Logger:2020-03-17 00:36:13.762021 https://shexiangyihao.fang.com/
Logger:2020-03-17 00:36:14.052201 https://baichuanrunjia.fang.com/
Logger:2020-03-17 00:36:14.293556 https://xinhongguoyuefu20578.fang.com/
Logger:2020-03-17 00:36:17.899944 https://ls.newhouse.fang.com/house/s/b93/
Logger:2020-03-17 00:36:18.185184 https://jiangtaishoufu.fang.com/
Logger:2020-03-17 00:36:18.419561 https://bailumingdi.fang.com/
Logger:2020-03-17 00:36:19.710066 https://bgyfcgg0578.fang.com/
Logger:2020-03-17 00:36:20.893942 https://hrljt.fang.com/
Logger:2020-03-17 00:36:21.146225 https://yujingyuan20578.fang.com/
Logger:2020-03-17 00:36:21.376608 https://yonghuating0578.fang.com/
Logger:2020-03-17 00:36:22.752926 https://zgxgc.fang.com/
Logger:2020-03-17 00:36:23.013265 https://hbxpjy.fang.com/
Logger:2020-03-17 00:36:23.285501 https://cystyl.fang.com/
Logger:2020-03-17 00:36:23.832082 https://huajuyanju.fang.com/
Logger:2020-03-17 00:36:25.284155 https://dejinyuandg.fang.com/
Logger:2020-03-17 00:36:27.358648 https://jtgjxc2.fang.com/
Logger:2020-03-17 00:36:29.042146 https://ouweidasha2.fang.com/
Logger:2020-03-17 00:36:29.260550 https://hhyhmy.fang.com/
Logger:2020-03-17 00:36:29.499919 https://binjiangguojiwj.fang.com/
Logger:2020-03-17 00:36:29.788144 https://tianyanghuahongkcd.fang.com/
Logger:2020-03-17 00:36:30.043466 https://biguiyuanhtjxc.fang.com/
Logger:2020-03-17 00:36:31.924391 https://xinshidaijz.fang.com/
Logger:2020-03-17 00:36:32.167741 https://zhongliangguobintianxia0578.fang.com/
Logger:2020-03-17 00:36:34.250168 https://caifuguoji0578.fang.com/
Logger:2020-03-17 00:36:37.805658 https://ls.newhouse.fang.com/house/s/b94/
Logger:2020-03-17 00:36:37.986217 https://zhrhht.fang.com/
Logger:2020-03-17 00:36:40.093579 https://baiyuegongguan30578.fang.com/
Logger:2020-03-17 00:36:43.732802 https://ls.newhouse.fang.com/house/s/b95/
Logger:2020-03-17 00:36:47.254381 https://ls.newhouse.fang.com/house/s/b96/
Logger:2020-03-17 00:36:50.790960 https://ls.newhouse.fang.com/house/s/b97/
