Logger:2020-03-15 21:38:53.223135 https://luan.newhouse.fang.com/house/s/b91/
Logger:2020-03-15 21:38:53.522879 https://yujingwanhd0564.fang.com/
Logger:2020-03-15 21:38:56.112516 https://tianyuenanhuwr.fang.com/
Logger:2020-03-15 21:38:56.468525 https://gcwfhy.fang.com/
Logger:2020-03-15 21:38:59.651113 https://jaingchengwanrxhl.fang.com/
Logger:2020-03-15 21:39:00.035078 https://changancheng0564.fang.com/
Logger:2020-03-15 21:39:00.352194 https://mgyyd.fang.com/
Logger:2020-03-15 21:39:00.665933 https://ziyufu0564.fang.com/
Logger:2020-03-15 21:39:00.951350 https://xurishangcheng.fang.com/
Logger:2020-03-15 21:39:01.288733 https://yujingtiandigs.fang.com/
Logger:2020-03-15 21:39:01.577007 https://chengshizhiguangbgy.fang.com/
Logger:2020-03-15 21:39:01.880151 https://guanghuachengtg.fang.com/
Logger:2020-03-15 21:39:03.702140 https://zhenxingguoyuefu.fang.com/
Logger:2020-03-15 21:39:04.037795 https://wdyhw.fang.com/
Logger:2020-03-15 21:39:04.371836 https://shuiyundongfangxm.fang.com/
Logger:2020-03-15 21:39:04.656076 https://yipinshangdu.fang.com/
Logger:2020-03-15 21:39:06.713922 https://zdzygybgy.fang.com/
Logger:2020-03-15 21:39:07.296405 https://zijinzhuangyuanqc.fang.com/
Logger:2020-03-15 21:39:09.161919 https://shiguangxiaozhenzxc.fang.com/
Logger:2020-03-15 21:39:09.446167 https://bgytx0564.fang.com/
Logger:2020-03-15 21:39:09.764278 https://longzefudisg.fang.com/
Logger:2020-03-15 21:39:13.668669 https://luan.newhouse.fang.com/house/s/b92/
Logger:2020-03-15 21:39:15.953846 https://chunnuanhuakaibz0564.fang.com/
Logger:2020-03-15 21:39:16.229778 https://huoqiuyulongwan.fang.com/
Logger:2020-03-15 21:39:16.637863 https://guojichengjl0564.fang.com/
Logger:2020-03-15 21:39:17.067710 https://shijichengwd.fang.com/
Logger:2020-03-15 21:39:17.680265 https://yulongwan0564.fang.com/
Logger:2020-03-15 21:39:18.003478 https://longhuwanhy0564.fang.com/
Logger:2020-03-15 21:39:18.324657 https://yunhewanwy0564.fang.com/
Logger:2020-03-15 21:39:18.673787 https://dongfanglanhaihk0564.fang.com/
Logger:2020-03-15 21:39:21.404001 https://bgylongyue.fang.com/
Logger:2020-03-15 21:39:21.723186 https://hxscsgc.fang.com/
Logger:2020-03-15 21:39:22.058212 https://yingbinfujc.fang.com/
Logger:2020-03-15 21:39:22.369455 https://hlyhggzc.fang.com/
Logger:2020-03-15 21:39:22.769743 https://jialixuefu.fang.com/
Logger:2020-03-15 21:39:23.104978 https://fulongwannh.fang.com/
Logger:2020-03-15 21:39:23.426416 https://lishuikangcheng.fang.com/
Logger:2020-03-15 21:39:23.764482 https://shijichengbj.fang.com/
Logger:2020-03-15 21:39:24.127582 https://nanshanjunhs.fang.com/
Logger:2020-03-15 21:39:28.224416 https://xinchengchuntian.fang.com/
Logger:2020-03-15 21:39:30.058738 https://fhhyc.fang.com/
Logger:2020-03-15 21:39:30.382803 https://0564zitangfu.fang.com/
Logger:2020-03-15 21:39:35.294445 https://luan.newhouse.fang.com/house/s/b93/
Logger:2020-03-15 21:39:35.610718 https://kadiyawanft.fang.com/
Logger:2020-03-15 21:39:35.909919 https://hengshengyangguangcheng.fang.com/
Logger:2020-03-15 21:39:38.536806 https://ygblct0564.fang.com/
Logger:2020-03-15 21:39:38.885389 https://jinsenanjunhl.fang.com/
Logger:2020-03-15 21:39:39.340171 https://tcjyhl0564.fang.com/
Logger:2020-03-15 21:39:42.296658 https://dongjinchengbs.fang.com/
Logger:2020-03-15 21:39:42.584327 https://zhenghechengax.fang.com/
Logger:2020-03-15 21:39:42.916610 https://kaixuanmingmenzd.fang.com/
Logger:2020-03-15 21:39:47.032139 https://hailiangguandi.fang.com/
Logger:2020-03-15 21:39:47.468019 https://nyxdc.fang.com/
Logger:2020-03-15 21:39:48.204048 https://hqwhlyc0564.fang.com/
Logger:2020-03-15 21:39:48.517473 https://gongyuanhuafula.fang.com/
Logger:2020-03-15 21:39:48.934198 https://nanshanfuguiyuan.fang.com/
Logger:2020-03-15 21:39:49.257811 https://kaixuanguandizd.fang.com/
Logger:2020-03-15 21:39:52.033790 https://0564yangguangjiaricheng.fang.com/
Logger:2020-03-15 21:39:52.416788 https://hepinghuayuan0564.fang.com/
Logger:2020-03-15 21:39:52.858623 https://dongdu1haoyd.fang.com/
Logger:2020-03-15 21:39:53.227421 https://jialihaoting0564.fang.com/
Logger:2020-03-15 21:39:56.946750 https://taohuayuanlikq.fang.com/
Logger:2020-03-15 21:39:57.598508 https://xihaihuayuan0564.fang.com/
Logger:2020-03-15 21:40:01.467941 https://luan.newhouse.fang.com/house/s/b94/
Logger:2020-03-15 21:40:04.389066 https://luan.newhouse.fang.com/house/2126123062.htm
Logger:2020-03-15 21:40:04.689349 https://xmyourannanshan.fang.com/
Logger:2020-03-15 21:40:05.071472 https://yihaoyuanwx.fang.com/
Logger:2020-03-15 21:40:05.415516 https://zijinfujdd.fang.com/
Logger:2020-03-15 21:40:05.838409 https://danxiagongguanjt.fang.com/
Logger:2020-03-15 21:40:06.197471 https://hengdafeicuihuatingla.fang.com/
Logger:2020-03-15 21:40:10.217835 https://yourannanshanxm.fang.com/
Logger:2020-03-15 21:40:10.547887 https://antianhuafu.fang.com/
Logger:2020-03-15 21:40:10.947817 https://lingxiuchengwr.fang.com/
Logger:2020-03-15 21:40:11.286612 https://yipinmingchengsj.fang.com/
Logger:2020-03-15 21:40:13.729488 https://shuianmingchengty.fang.com/
Logger:2020-03-15 21:40:14.084406 https://meilinwandt.fang.com/
Logger:2020-03-15 21:40:16.395589 https://xinshijieha.fang.com/
Logger:2020-03-15 21:40:21.900652 https://hexiejiayuanhd.fang.com/2/
Logger:2020-03-15 21:40:22.347503 https://shuimuqinghua0564.fang.com/
Logger:2020-03-15 21:40:25.040706 https://mypcxf0564.fang.com/
Logger:2020-03-15 21:40:25.508556 https://0564xuefushangyejie.fang.com/
Logger:2020-03-15 21:40:30.084845 https://longdibinshuicheng.fang.com/
Logger:2020-03-15 21:40:32.338566 https://lianhuashengjingjiayuan.fang.com/
Logger:2020-03-15 21:40:32.666922 https://fanenghaixinsha.fang.com/
Logger:2020-03-15 21:40:36.933810 https://luan.newhouse.fang.com/house/s/b95/
Logger:2020-03-15 21:40:39.447313 https://hcbcgj0564.fang.com/
Logger:2020-03-15 21:40:39.853151 https://hengdajunting0564.fang.com/
Logger:2020-03-15 21:40:42.960430 https://jyblds0564.fang.com/
Logger:2020-03-15 21:40:43.283271 https://lvchenghuayuan0564.fang.com/
Logger:2020-03-15 21:40:43.674135 https://fdfcgg0564.fang.com/
Logger:2020-03-15 21:40:44.043073 https://hengdashoufu0564.fang.com/
Logger:2020-03-15 21:40:44.400158 https://bolinyinxianggy.fang.com/
Logger:2020-03-15 21:40:46.454863 https://nanshangongguanxm.fang.com/
Logger:2020-03-15 21:40:47.107664 https://longhutiandigs.fang.com/
Logger:2020-03-15 21:40:52.209095 https://0564shengshihaoting.fang.com/
Logger:2020-03-15 21:40:52.533269 https://huangjiayuyuan0564.fang.com/
Logger:2020-03-15 21:40:52.857398 https://dongchenghuayuanhy.fang.com/
Logger:2020-03-15 21:40:54.967269 https://hdtzlj.fang.com/
Logger:2020-03-15 21:41:03.300546 https://hengdayuhuzhuangyuanla.fang.com/
Logger:2020-03-15 21:41:03.684287 https://yichengfengjingyh.fang.com/
Logger:2020-03-15 21:41:04.119709 https://xihudidujinyuan.fang.com/
Logger:2020-03-15 21:41:07.334420 https://luan.newhouse.fang.com/house/2125946804.htm
Logger:2020-03-15 21:41:09.974809 https://xingfujiayuankt.fang.com/
Logger:2020-03-15 21:41:12.030278 https://xdsdgc.fang.com/
Logger:2020-03-15 21:41:14.045097 https://hfgjc0564.fang.com/
Logger:2020-03-15 21:41:18.338182 https://luan.newhouse.fang.com/house/s/b96/
Logger:2020-03-15 21:41:21.222366 https://wandaguangchang0564.fang.com/shop/
Logger:2020-03-15 21:41:21.526553 https://huoqiudamingcheng.fang.com/
Logger:2020-03-15 21:41:24.239417 https://anjuyuan0564.fang.com/
Logger:2020-03-15 21:41:26.705290 https://luan.newhouse.fang.com/house/2126151194.htm
Logger:2020-03-15 21:41:27.195491 https://jinchengguojiguangchang0564.fang.com/
Logger:2020-03-15 21:41:27.544555 https://huataixiaoqu0538.fang.com/
Logger:2020-03-15 21:41:27.846746 https://lanjuncheguqc.fang.com/
Logger:2020-03-15 21:41:30.462622 https://luan.newhouse.fang.com/house/2126151178.htm
Logger:2020-03-15 21:41:30.809391 https://tuosikanazx.fang.com/
Logger:2020-03-15 21:41:32.936119 https://surunchengshiguangchang.fang.com/
Logger:2020-03-15 21:41:33.245048 https://caifuguangchanghmc.fang.com/
Logger:2020-03-15 21:41:33.603128 https://guangyuanwenhuadasha.fang.com/
Logger:2020-03-15 21:41:36.440642 https://zijingyuan564.fang.com/
Logger:2020-03-15 21:41:38.357837 https://huishangdashichang.fang.com/
Logger:2020-03-15 21:41:38.717186 https://mengjizhenzonghedashichang.fang.com/
Logger:2020-03-15 21:41:40.491691 https://luan.newhouse.fang.com/house/2126123078.htm
Logger:2020-03-15 21:41:40.819562 https://yijiuyiyihs.fang.com/
Logger:2020-03-15 21:41:41.235448 https://whzygc0564.fang.com/
Logger:2020-03-15 21:41:43.867467 https://luan.newhouse.fang.com/house/2125946404.htm
Logger:2020-03-15 21:41:46.325936 https://wananlianhedashashangwugongyu.fang.com/
Logger:2020-03-15 21:41:50.034749 https://luan.newhouse.fang.com/house/s/b97/
Logger:2020-03-15 21:41:50.265235 https://ronghuishangmaojie.fang.com/
Logger:2020-03-15 21:41:50.693901 https://pengtashangyejie.fang.com/
Logger:2020-03-15 21:41:54.443170 https://luan.newhouse.fang.com/house/s/b98/
Logger:2020-03-15 21:41:58.314156 https://luan.newhouse.fang.com/house/s/b99/
Logger:2020-03-15 21:42:02.021463 https://luan.newhouse.fang.com/house/s/b910/
