Logger:2020-03-15 22:10:19.928827 https://lujiang.newhouse.fang.com/house/s/b91/
Logger:2020-03-15 22:10:20.280973 https://2767102.fang.com/
Logger:2020-03-15 22:10:26.352401 https://176922.fang.com/
Logger:2020-03-15 22:10:26.747029 https://2121362.fang.com/
Logger:2020-03-15 22:10:27.069888 https://baolixihulinyu0551.fang.com/
Logger:2020-03-15 22:10:27.394988 https://ljshijihuafu.fang.com/
Logger:2020-03-15 22:10:32.829570 https://209482.fang.com/
Logger:2020-03-15 22:10:37.669888 https://algy1.fang.com/
Logger:2020-03-15 22:10:37.994021 https://lujydfds.fang.com/
Logger:2020-03-15 22:10:47.058926 https://ljtianrungongguan.fang.com/
Logger:2020-03-15 22:10:47.417437 https://ljwenyuanxuefu.fang.com/
Logger:2020-03-15 22:10:47.783025 https://xichengguihuayuan.fang.com/
Logger:2020-03-15 22:10:48.114215 https://lujiangbiguiyuan.fang.com/
Logger:2020-03-15 22:10:48.487194 https://176920.fang.com/
Logger:2020-03-15 22:10:51.875494 https://lujiangmeidicheng.fang.com/
Logger:2020-03-15 22:10:52.208377 https://xinluguoji.fang.com/
Logger:2020-03-15 22:10:52.515083 https://ljwanghucheng.fang.com/
Logger:2020-03-15 22:10:52.830689 https://hexingshijihuadu.fang.com/
Logger:2020-03-15 22:10:53.131919 https://fudimingdou.fang.com/
Logger:2020-03-15 22:10:53.579685 https://175422.fang.com/
Logger:2020-03-15 22:10:54.063802 https://lujiangzhongxincheng.fang.com/
Logger:2020-03-15 22:10:58.074081 https://lujiang.newhouse.fang.com/house/s/b92/
Logger:2020-03-15 22:10:58.390238 https://hushanyipin.fang.com/
Logger:2020-03-15 22:11:00.913118 https://ljzhongfashijicheng.fang.com/
Logger:2020-03-15 22:11:01.234908 https://heshunxintiandi.fang.com/
Logger:2020-03-15 22:11:01.566098 https://ljshengshilianhua.fang.com/
Logger:2020-03-15 22:11:03.706724 https://zhongrunyanlanshan.fang.com/
Logger:2020-03-15 22:11:04.080763 https://ljxingfushijia.fang.com/
Logger:2020-03-15 22:11:04.489957 https://junyesijihuacheng.fang.com/
Logger:2020-03-15 22:11:04.808025 https://ljhainaguoji.fang.com/
Logger:2020-03-15 22:11:08.759826 https://ljanzhengyulongwan.fang.com/
Logger:2020-03-15 22:11:10.604520 https://ljadlsygc.fang.com/
Logger:2020-03-15 22:11:12.638150 https://ludouhanlinyuan.fang.com/
Logger:2020-03-15 22:11:14.556668 https://wanfuzhuangyuan.fang.com/
Logger:2020-03-15 22:11:15.524080 https://lujiang.newhouse.fang.com/house/2128117566.htm
Logger:2020-03-15 22:11:15.907091 https://ljxinandaguantianxia.fang.com/
Logger:2020-03-15 22:11:17.243882 https://nongchanpinwuliuyuan.fang.com/
Logger:2020-03-15 22:11:18.230327 https://176946.fang.com/
Logger:2020-03-15 22:11:20.998683 https://guanyinqiaoyihao.fang.com/
Logger:2020-03-15 22:11:24.709507 https://lujiang.newhouse.fang.com/house/s/b93/
Logger:2020-03-15 22:11:28.309642 https://lujiang.newhouse.fang.com/house/s/b94/
Logger:2020-03-15 22:11:32.886308 https://lujiang.newhouse.fang.com/house/s/b95/
