Logger:2020-03-16 09:38:41.738747 https://luohe.newhouse.fang.com/house/s/b91/
Logger:2020-03-16 09:38:43.977105 https://jingjiedfjd2.fang.com/
Logger:2020-03-16 09:38:44.280210 https://tianrunfu.fang.com/
Logger:2020-03-16 09:38:44.583398 https://biguiyuanlh0395.fang.com/
Logger:2020-03-16 09:38:44.841923 https://dddfrc.fang.com/
Logger:2020-03-16 09:38:45.201213 https://jinzunfush.fang.com/
Logger:2020-03-16 09:38:45.502655 https://sanzhiyuan.fang.com/
Logger:2020-03-16 09:38:45.796256 https://gongyuanyihaoyuancj.fang.com/
Logger:2020-03-16 09:38:46.369998 https://lvdicheng0395.fang.com/
Logger:2020-03-16 09:38:47.695721 https://huajincheng.fang.com/
Logger:2020-03-16 09:38:48.276264 https://hengdamingdu0395.fang.com/
Logger:2020-03-16 09:38:48.588292 https://yuefuhd0395.fang.com/
Logger:2020-03-16 09:38:48.936841 https://ywhdafzy.fang.com/
Logger:2020-03-16 09:38:49.237775 https://luohe.newhouse.fang.com/house/2520162621.htm
Logger:2020-03-16 09:38:49.490756 https://zhongyanggongyuantw.fang.com/
Logger:2020-03-16 09:38:54.094791 https://luohe.newhouse.fang.com/house/2520779947.htm
Logger:2020-03-16 09:38:54.363344 https://0395binhuguoji.fang.com/
Logger:2020-03-16 09:38:54.939476 https://liuheshijia0395.fang.com/
Logger:2020-03-16 09:38:55.445696 https://chengshihuayuanjy0395.fang.com/
Logger:2020-03-16 09:38:57.088694 https://lhmgstgy.fang.com/
Logger:2020-03-16 09:38:57.363255 https://balidushi0395.fang.com/3/
Logger:2020-03-16 09:39:00.920365 https://luohe.newhouse.fang.com/house/s/b92/
Logger:2020-03-16 09:39:01.179997 https://guiyuanjy0395.fang.com/
Logger:2020-03-16 09:39:02.324168 https://senlinzhuangyuanky.fang.com/
Logger:2020-03-16 09:39:02.589867 https://bojueshanyx.fang.com/
Logger:2020-03-16 09:39:02.959860 https://cjgjgc.fang.com/
Logger:2020-03-16 09:39:03.332348 https://wuyangyihaochengbangjy.fang.com/
Logger:2020-03-16 09:39:03.606160 https://jinselongwan.fang.com/
Logger:2020-03-16 09:39:03.919266 https://jyxcslbd.fang.com/
Logger:2020-03-16 09:39:04.231446 https://wanchengmeisen.fang.com/
Logger:2020-03-16 09:39:04.562149 https://dtfhf.fang.com/
Logger:2020-03-16 09:39:04.845344 https://lhpgsg.fang.com/
Logger:2020-03-16 09:39:05.208247 https://jiatianxiarbk.fang.com/
Logger:2020-03-16 09:39:05.470140 https://xiandaichengtx0395.fang.com/
Logger:2020-03-16 09:39:05.829056 https://jqxzky.fang.com/
Logger:2020-03-16 09:39:06.152885 https://jiangshanyinsh.fang.com/
Logger:2020-03-16 09:39:06.847568 https://lhssf.fang.com/
Logger:2020-03-16 09:39:07.099338 https://changjiantiancheng.fang.com/
Logger:2020-03-16 09:39:07.928407 https://linyingbiguiyuan.fang.com/
Logger:2020-03-16 09:39:08.141605 https://mingyuechengds.fang.com/
Logger:2020-03-16 09:39:08.468220 https://lhcsy.fang.com/
Logger:2020-03-16 09:39:08.960372 https://xwyhsh.fang.com/
Logger:2020-03-16 09:39:12.590191 https://luohe.newhouse.fang.com/house/s/b93/
Logger:2020-03-16 09:39:13.779843 https://lishuiwantx.fang.com/
Logger:2020-03-16 09:39:14.060560 https://guangtianyicheng.fang.com/
Logger:2020-03-16 09:39:14.622928 https://jiulongwan0395.fang.com/
Logger:2020-03-16 09:39:14.888875 https://wencuishuxiangmendi.fang.com/
Logger:2020-03-16 09:39:15.201135 https://qiyezongbugang.fang.com/
Logger:2020-03-16 09:39:15.482054 https://nananchunxiao.fang.com/
Logger:2020-03-16 09:39:16.091287 https://huaqianshucjsh.fang.com/
Logger:2020-03-16 09:39:16.388777 https://wuyangbgy.fang.com/
Logger:2020-03-16 09:39:16.747783 https://tfbyc.fang.com/
Logger:2020-03-16 09:39:21.457777 https://lhhrygfy.fang.com/
Logger:2020-03-16 09:39:21.779903 https://yongjinwanlg0395.fang.com/
Logger:2020-03-16 09:39:22.043404 https://yuejing.fang.com/
Logger:2020-03-16 09:39:22.371459 https://jyehcb.fang.com/
Logger:2020-03-16 09:39:22.652752 https://jinxiucheng0395.fang.com/
Logger:2020-03-16 09:39:23.404926 https://meiguiyuanlc0395.fang.com/
Logger:2020-03-16 09:39:23.723442 https://dongfangmingzhu0395.fang.com/
Logger:2020-03-16 09:39:23.993522 https://cjqyh.fang.com/
Logger:2020-03-16 09:39:24.312479 https://lhzsyf.fang.com/
Logger:2020-03-16 09:39:24.624668 https://fmfry.fang.com/
Logger:2020-03-16 09:39:24.893245 https://dongrunhanyuefu.fang.com/
Logger:2020-03-16 09:39:28.422944 https://luohe.newhouse.fang.com/house/s/b94/
Logger:2020-03-16 09:39:28.748150 https://alpkhy0395.fang.com/
Logger:2020-03-16 09:39:29.169767 https://huafush.fang.com/
Logger:2020-03-16 09:39:29.707466 https://sjgjhy0395.fang.com/
Logger:2020-03-16 09:39:30.232569 https://shuxiangshuiantw.fang.com/
Logger:2020-03-16 09:39:30.513754 https://cjds0395.fang.com/
Logger:2020-03-16 09:39:30.951151 https://xichengtiansheng.fang.com/
Logger:2020-03-16 09:39:31.513918 https://linglonggongguan0395.fang.com/
Logger:2020-03-16 09:39:33.013201 https://junyuefucj0395.fang.com/
Logger:2020-03-16 09:39:33.326033 https://lhxxhy.fang.com/
Logger:2020-03-16 09:39:37.731799 https://waitanxuefucj.fang.com/
Logger:2020-03-16 09:39:37.997475 https://txltx.fang.com/
Logger:2020-03-16 09:39:38.325430 https://yufengcj0395.fang.com/
Logger:2020-03-16 09:39:38.640043 https://wanjingguoji0395.fang.com/
Logger:2020-03-16 09:39:38.991811 https://zongbugangcj.fang.com/
Logger:2020-03-16 09:39:39.250446 https://dongjunhuating0395.fang.com/
Logger:2020-03-16 09:39:41.544908 https://lhsdhf.fang.com/
Logger:2020-03-16 09:39:46.824948 https://zhongyanggongyuanxiangyuantw.fang.com/
Logger:2020-03-16 09:39:51.462838 https://fenghuangchengzr.fang.com/
Logger:2020-03-16 09:39:51.736493 https://xingfugang.fang.com/
Logger:2020-03-16 09:39:56.060715 https://xcfhfky.fang.com/
Logger:2020-03-16 09:39:59.886456 https://luohe.newhouse.fang.com/house/s/b95/
Logger:2020-03-16 09:40:00.415594 https://shimaozhongxinlhyb.fang.com/
Logger:2020-03-16 09:40:05.326046 https://alpkgc.fang.com/
Logger:2020-03-16 09:40:05.888362 https://chengshizhiguang0395.fang.com/
Logger:2020-03-16 09:40:06.185178 https://shengxinhongchang.fang.com/
Logger:2020-03-16 09:40:06.450728 https://gjqpjcc.fang.com/
Logger:2020-03-16 09:40:09.831176 https://lhsly.fang.com/
Logger:2020-03-16 09:40:10.375525 https://suhehaitangwan.fang.com/
Logger:2020-03-16 09:40:14.601377 https://dongfangchenyuansh.fang.com/
Logger:2020-03-16 09:40:14.866921 https://biguiyuanshahelongwan.fang.com/
Logger:2020-03-16 09:40:15.195541 https://changjiancheng.fang.com/
Logger:2020-03-16 09:40:15.489660 https://wuyuelicj.fang.com/
Logger:2020-03-16 09:40:15.796466 https://jianyedjf.fang.com/
Logger:2020-03-16 09:40:16.038350 https://lhstjy.fang.com/
Logger:2020-03-16 09:40:16.427753 https://dongwaitancj.fang.com/
Logger:2020-03-16 09:40:16.716539 https://changjianjingshang.fang.com/
Logger:2020-03-16 09:40:17.015117 https://yuyuan0395.fang.com/
Logger:2020-03-16 09:40:17.314093 https://xinchengjy.fang.com/
Logger:2020-03-16 09:40:17.658097 https://jyhyl0395.fang.com/
Logger:2020-03-16 09:40:18.197026 https://wuyangjianyecheng.fang.com/
Logger:2020-03-16 09:40:23.136628 https://changjianguangchang.fang.com/
Logger:2020-03-16 09:40:26.907916 https://luohe.newhouse.fang.com/house/s/b96/
Logger:2020-03-16 09:40:27.183150 https://wycjgc.fang.com/
Logger:2020-03-16 09:40:27.491408 https://lhgmsa.fang.com/
Logger:2020-03-16 09:40:30.226791 https://longchengguoji0395.fang.com/
Logger:2020-03-16 09:40:30.505414 https://changjianwylgj.fang.com/
Logger:2020-03-16 09:40:30.954703 https://yuehugongguan.fang.com/
Logger:2020-03-16 09:40:31.257486 https://lhsmzx.fang.com/
Logger:2020-03-16 09:40:37.064096 https://moershidai.fang.com/
Logger:2020-03-16 09:40:37.277700 https://lhcygj.fang.com/
Logger:2020-03-16 09:40:38.666335 https://haitangwanrc0395.fang.com/
Logger:2020-03-16 09:40:38.931898 https://lhcqshy.fang.com/
Logger:2020-03-16 09:40:39.326255 https://qifengfuky.fang.com/
Logger:2020-03-16 09:40:39.607439 https://hanlinyuantw.fang.com/
Logger:2020-03-16 09:40:39.879954 https://xiwaitancj.fang.com/
Logger:2020-03-16 09:40:40.174725 https://rcsygc.fang.com/
Logger:2020-03-16 09:40:40.534022 https://ziyuntingcj.fang.com/
Logger:2020-03-16 09:40:40.808492 https://dongchengbulusi.fang.com/
Logger:2020-03-16 09:40:41.053103 https://yuetangfu.fang.com/
Logger:2020-03-16 09:40:41.318350 https://hezhongheyuan.fang.com/
Logger:2020-03-16 09:40:41.602487 https://maxsjg.fang.com/
Logger:2020-03-16 09:40:46.568866 https://mygjjcg.fang.com/
Logger:2020-03-16 09:40:50.161923 https://luohe.newhouse.fang.com/house/s/b97/
Logger:2020-03-16 09:40:51.732366 https://luohe.newhouse.fang.com/house/2520162729.htm
Logger:2020-03-16 09:40:51.998057 https://zhongzhucj.fang.com/
Logger:2020-03-16 09:40:52.577436 https://zhongchenggongguan.fang.com/
Logger:2020-03-16 09:40:53.894075 https://lhylds.fang.com/
Logger:2020-03-16 09:40:54.206324 https://yznjcjjcfg.fang.com/
Logger:2020-03-16 09:40:58.519390 https://junjinghaidegongyuan.fang.com/
Logger:2020-03-16 09:40:58.862931 https://shimaogang.fang.com/
Logger:2020-03-16 09:40:59.129018 https://luoheminshang.fang.com/
Logger:2020-03-16 09:40:59.413300 https://xsbngjdjq0395.fang.com/
Logger:2020-03-16 09:40:59.691003 https://hwgjqyzx.fang.com/
Logger:2020-03-16 09:40:59.947499 https://ywgjsmclh.fang.com/
Logger:2020-03-16 09:41:00.275591 https://bangyouchengshishanshui.fang.com/
Logger:2020-03-16 09:41:02.800199 https://hxgjgc0395.fang.com/
Logger:2020-03-16 09:41:05.058629 https://zheshangdasha0395.fang.com/
Logger:2020-03-16 09:41:05.355788 https://bhgjtl.fang.com/
Logger:2020-03-16 09:41:05.620632 https://xufengjy.fang.com/
Logger:2020-03-16 09:41:05.907453 https://jinjiangjiudiangongyu.fang.com/
Logger:2020-03-16 09:41:06.142064 https://kaixuancheng0395.fang.com/
Logger:2020-03-16 09:41:07.770839 https://yingduguoji.fang.com/
Logger:2020-03-16 09:41:08.005859 https://huataiyipinjiangshan.fang.com/
Logger:2020-03-16 09:41:11.515847 https://luohe.newhouse.fang.com/house/s/b98/
Logger:2020-03-16 09:41:14.921304 https://luohe.newhouse.fang.com/house/s/b99/
Logger:2020-03-16 09:41:18.403057 https://luohe.newhouse.fang.com/house/s/b910/
