Logger:2020-03-16 20:26:15.065546 https://luzhou.newhouse.fang.com/house/s/b91/
Logger:2020-03-16 20:26:16.884870 https://lggjcd.fang.com/
Logger:2020-03-16 20:26:17.259834 https://hengdahuafu0830.fang.com/
Logger:2020-03-16 20:26:17.552135 https://ydhylzx.fang.com/
Logger:2020-03-16 20:26:18.005277 https://jkjmtc0830.fang.com/
Logger:2020-03-16 20:26:18.346981 https://xhjfcc.fang.com/
Logger:2020-03-16 20:26:18.807749 https://luzhou.newhouse.fang.com/house/3213175452.htm
Logger:2020-03-16 20:26:19.120911 https://smcclc.fang.com/
Logger:2020-03-16 20:26:19.472970 https://yuzixizb.fang.com/
Logger:2020-03-16 20:26:20.222970 https://feicuichengrh0830.fang.com/
Logger:2020-03-16 20:26:20.602952 https://lzhengdacheng.fang.com/
Logger:2020-03-16 20:26:20.936033 https://lgsagy0830.fang.com/
Logger:2020-03-16 20:26:21.317340 https://lzhdfcw.fang.com/
Logger:2020-03-16 20:26:21.633488 https://lzhdyjbd.fang.com/
Logger:2020-03-16 20:26:22.027434 https://glctsx.fang.com/
Logger:2020-03-16 20:26:22.352563 https://wcgjzx.fang.com/
Logger:2020-03-16 20:26:22.690227 https://jkbcw.fang.com/
Logger:2020-03-16 20:26:24.549397 https://tianyulongcheng.fang.com/
Logger:2020-03-16 20:26:24.958189 https://ycgjc.fang.com/
Logger:2020-03-16 20:26:25.270710 https://xcqyt.fang.com/
Logger:2020-03-16 20:26:27.626804 https://sxjczx.fang.com/
Logger:2020-03-16 20:26:31.521361 https://luzhou.newhouse.fang.com/house/s/b92/
Logger:2020-03-16 20:26:33.550584 https://ctgyljl.fang.com/
Logger:2020-03-16 20:26:33.971075 https://whjxf.fang.com/
Logger:2020-03-16 20:26:34.258319 https://kyxytd.fang.com/
Logger:2020-03-16 20:26:35.650145 https://hljymz.fang.com/
Logger:2020-03-16 20:26:35.973588 https://hanbigongguanwx.fang.com/
Logger:2020-03-16 20:26:36.323652 https://yhxsj.fang.com/
Logger:2020-03-16 20:26:36.624922 https://zglzjlsjc.fang.com/
Logger:2020-03-16 20:26:36.950976 https://lzyydf.fang.com/
Logger:2020-03-16 20:26:37.260678 https://minjieziyunfu.fang.com/
Logger:2020-03-16 20:26:37.668545 https://tianyuyufu0830.fang.com/
Logger:2020-03-16 20:26:37.974726 https://bgycjsf.fang.com/
Logger:2020-03-16 20:26:38.266945 https://yggyc.fang.com/
Logger:2020-03-16 20:26:38.599571 https://ztwlc.fang.com/
Logger:2020-03-16 20:26:38.993060 https://xdyfgy.fang.com/
Logger:2020-03-16 20:26:39.316351 https://fenghuanghu0830.fang.com/
Logger:2020-03-16 20:26:39.699869 https://cnqpjscptyf.fang.com/
Logger:2020-03-16 20:26:40.342112 https://fenghuangshoufubgy.fang.com/
Logger:2020-03-16 20:26:43.495206 https://yggjc0830.fang.com/
Logger:2020-03-16 20:26:43.785428 https://xssgyc.fang.com/
Logger:2020-03-16 20:26:44.098639 https://luzhoufulihuating.fang.com/
Logger:2020-03-16 20:26:47.374620 https://luzhou.newhouse.fang.com/house/s/b93/
Logger:2020-03-16 20:26:49.980831 https://lvdicheng0830.fang.com/
Logger:2020-03-16 20:26:52.480000 https://sxjwc.fang.com/
Logger:2020-03-16 20:26:53.001606 https://hangfahanlinjun.fang.com/
Logger:2020-03-16 20:26:53.323744 https://jinkejimeitianyue0830.fang.com/
Logger:2020-03-16 20:26:54.620527 https://jialelanbowan.fang.com/
Logger:2020-03-16 20:26:57.003867 https://sxjcml.fang.com/
Logger:2020-03-16 20:26:57.300114 https://mjjcyz.fang.com/
Logger:2020-03-16 20:26:57.620219 https://yuhuaht.fang.com/
Logger:2020-03-16 20:26:57.987828 https://jiuchengyujing.fang.com/
Logger:2020-03-16 20:26:58.422426 https://wanfudaduhui.fang.com/
Logger:2020-03-16 20:27:00.347729 https://tlzyhy.fang.com/
Logger:2020-03-16 20:27:02.479156 https://linlangjinxiushanshui.fang.com/
Logger:2020-03-16 20:27:02.766677 https://yxwq.fang.com/
Logger:2020-03-16 20:27:03.939515 https://huijinze.fang.com/
Logger:2020-03-16 20:27:04.312557 https://lyhg.fang.com/
Logger:2020-03-16 20:27:04.615736 https://lxjn.fang.com/
Logger:2020-03-16 20:27:04.951875 https://shiershu.fang.com/
Logger:2020-03-16 20:27:05.255026 https://guiyuanli0830.fang.com/
Logger:2020-03-16 20:27:05.599260 https://gaoxin.fang.com/
Logger:2020-03-16 20:27:05.957118 https://tianruiyucheng.fang.com/
Logger:2020-03-16 20:27:09.685105 https://luzhou.newhouse.fang.com/house/s/b94/
Logger:2020-03-16 20:27:12.602789 https://balichuntianmeilicheng.fang.com/
Logger:2020-03-16 20:27:12.932906 https://huachenjiayuan0830.fang.com/
Logger:2020-03-16 20:27:14.597290 https://wlnahc.fang.com/
Logger:2020-03-16 20:27:16.977952 https://luzhouxinshengxuefu.fang.com/
Logger:2020-03-16 20:27:17.235230 https://hsblgc2.fang.com/
Logger:2020-03-16 20:27:17.540037 https://gongyuanjinluct.fang.com/
Logger:2020-03-16 20:27:17.882630 https://jxjyps.fang.com/
Logger:2020-03-16 20:27:18.191802 https://luzhou.newhouse.fang.com/house/3214113356.htm
Logger:2020-03-16 20:27:19.872883 https://xdjxhf.fang.com/
Logger:2020-03-16 20:27:20.195021 https://htmszy.fang.com/
Logger:2020-03-16 20:27:22.430064 https://xdjxxf2.fang.com/
Logger:2020-03-16 20:27:22.734182 https://xedgg.fang.com/
Logger:2020-03-16 20:27:23.010496 https://tlglyz.fang.com/
Logger:2020-03-16 20:27:25.744293 https://xdjxyf.fang.com/
Logger:2020-03-16 20:27:28.910664 https://zglzgjysyljdglqy.fang.com/
Logger:2020-03-16 20:27:29.285700 https://lingnashangpin.fang.com/
Logger:2020-03-16 20:27:29.624758 https://yiyangtaihe.fang.com/
Logger:2020-03-16 20:27:31.480172 https://xiangbinzhuangyuan0830.fang.com/
Logger:2020-03-16 20:27:31.772392 https://wanfujinjie.fang.com/
Logger:2020-03-16 20:27:33.131185 https://mswlj.fang.com/
Logger:2020-03-16 20:27:37.145787 https://luzhou.newhouse.fang.com/house/s/b95/
Logger:2020-03-16 20:27:37.450970 https://hqshgc.fang.com/
Logger:2020-03-16 20:27:39.283461 https://xiangyehepan.fang.com/
Logger:2020-03-16 20:27:39.607569 https://cbylzx.fang.com/
Logger:2020-03-16 20:27:42.648262 https://646000.fang.com/
Logger:2020-03-16 20:27:42.960104 https://yfylzx.fang.com/
Logger:2020-03-16 20:27:44.679690 https://lzjkkjc.fang.com/
Logger:2020-03-16 20:27:44.962437 https://binjiangjiayuan0830.fang.com/
Logger:2020-03-16 20:27:46.806786 https://jinsekongjian.fang.com/
Logger:2020-03-16 20:27:47.164935 https://junhaoyuan0830.fang.com/
Logger:2020-03-16 20:27:47.433264 https://hxmklluzhou.fang.com/
Logger:2020-03-16 20:27:50.278057 https://jinnuoyujingshanju.fang.com/
Logger:2020-03-16 20:27:52.935511 https://bashisijiyangguang.fang.com/
Logger:2020-03-16 20:27:53.389641 https://lanxiangyuanyh.fang.com/
Logger:2020-03-16 20:27:53.689553 https://qinyuanchun0830.fang.com/
Logger:2020-03-16 20:27:54.088604 https://litaiyundu.fang.com/
Logger:2020-03-16 20:27:54.499505 https://nanyanghuayuanjy.fang.com/
Logger:2020-03-16 20:27:54.863695 https://lanshangongguan0830.fang.com/
Logger:2020-03-16 20:27:57.475117 https://xingchengxihuayuan.fang.com/
Logger:2020-03-16 20:27:57.816206 https://laiyinhepan0830.fang.com/
Logger:2020-03-16 20:27:59.597079 https://ziyangxinchengnx.fang.com/
Logger:2020-03-16 20:28:04.648242 https://luzhou.newhouse.fang.com/house/s/b96/
Logger:2020-03-16 20:28:08.306459 https://luzhou.newhouse.fang.com/house/s/b97/
Logger:2020-03-16 20:28:12.252737 https://luzhou.newhouse.fang.com/house/s/b98/
