Logger:2020-03-16 19:26:12.237313 https://lvliang.newhouse.fang.com/house/s/b91/
Logger:2020-03-16 19:26:12.605405 https://0358zhongyanggongyuan.fang.com/
Logger:2020-03-16 19:26:12.973386 https://033000lmsj.fang.com/
Logger:2020-03-16 19:26:13.343240 https://jdgjcfzx.fang.com/
Logger:2020-03-16 19:26:13.720262 https://hongtaizicheng0358.fang.com/
Logger:2020-03-16 19:26:14.022424 https://hengdahuafu0358.fang.com/
Logger:2020-03-16 19:26:15.173664 https://llbeichengwangfu.fang.com/
Logger:2020-03-16 19:26:18.443319 https://lvliang.newhouse.fang.com/house/1417783457.htm
Logger:2020-03-16 19:26:20.889174 https://0358htyhy.fang.com/
Logger:2020-03-16 19:26:22.793295 https://yangguangcheng0358.fang.com/
Logger:2020-03-16 19:26:23.220155 https://longfengshangdu0358.fang.com/
Logger:2020-03-16 19:26:23.567225 https://htgc0358.fang.com/
Logger:2020-03-16 19:26:25.711468 https://zitenghuayuan0358.fang.com/
Logger:2020-03-16 19:26:26.010146 https://lvlianggongguan.fang.com/
Logger:2020-03-16 19:26:28.662837 https://lsbhhy.fang.com/
Logger:2020-03-16 19:26:29.235723 https://xinchengyihao0358.fang.com/
Logger:2020-03-16 19:26:29.542920 https://dongshanjunyue.fang.com/
Logger:2020-03-16 19:26:31.675801 https://wanjiguoji0358.fang.com/
Logger:2020-03-16 19:26:34.476694 https://longwanfudi0358.fang.com/
Logger:2020-03-16 19:26:37.482171 https://jztyc0358.fang.com/
Logger:2020-03-16 19:26:40.376303 https://fhss0358.fang.com/
Logger:2020-03-16 19:26:44.391329 https://lvliang.newhouse.fang.com/house/s/b92/
Logger:2020-03-16 19:26:51.191367 https://lvliang.newhouse.fang.com/house/1417786023.htm
Logger:2020-03-16 19:26:53.256087 https://jinduhuayuan0358.fang.com/
Logger:2020-03-16 19:26:53.588376 https://xingfushuian.fang.com/
Logger:2020-03-16 19:26:55.082380 https://thlfy0358.fang.com/
Logger:2020-03-16 19:26:57.347969 https://shuianmingzhu0358.fang.com/
Logger:2020-03-16 19:26:57.763026 https://slfxy.fang.com/
Logger:2020-03-16 19:26:58.079180 https://yulongwan0358.fang.com/
Logger:2020-03-16 19:26:58.664614 https://trjy0358.fang.com/
Logger:2020-03-16 19:26:59.006698 https://bandaosiji.fang.com/
Logger:2020-03-16 19:27:02.850252 https://lvliang.newhouse.fang.com/house/s/b93/
Logger:2020-03-16 19:27:06.385957 https://lvliang.newhouse.fang.com/house/s/b94/
Logger:2020-03-16 19:27:10.205997 https://lvliang.newhouse.fang.com/house/s/b95/
