Logger:2020-03-16 09:14:01.223749 https://ly.newhouse.fang.com/house/s/b91/
Logger:2020-03-16 09:14:01.536955 https://linyuxibl0379.fang.com/
Logger:2020-03-16 09:14:01.911338 https://qingyunfuldzl.fang.com/
Logger:2020-03-16 09:14:02.228255 https://hefengyaxuldzl.fang.com/
Logger:2020-03-16 09:14:02.539036 https://daduhuibl0379.fang.com/
Logger:2020-03-16 09:14:04.171711 https://jiujintaibgy.fang.com/
Logger:2020-03-16 09:14:04.483453 https://luoyangfuld.fang.com/
Logger:2020-03-16 09:14:04.767165 https://wangchenglild.fang.com/
Logger:2020-03-16 09:14:05.064010 https://guofenglongyuekh.fang.com/
Logger:2020-03-16 09:14:05.313489 https://yunhushangjunlyhd.fang.com/
Logger:2020-03-16 09:14:05.715908 https://shuianxindu0379.fang.com/
Logger:2020-03-16 09:14:06.044827 https://lanchenglanyuan0379.fang.com/
Logger:2020-03-16 09:14:06.350207 https://hengdalvzhou0379.fang.com/
Logger:2020-03-16 09:14:06.709560 https://shiyuefujy.fang.com/
Logger:2020-03-16 09:14:06.992717 https://yihaoyuanzl0379.fang.com/
Logger:2020-03-16 09:14:10.333284 https://bojinwanzh.fang.com/
Logger:2020-03-16 09:14:10.601876 https://meilunxiangsong.fang.com/
Logger:2020-03-16 09:14:10.962313 https://heluochenyuan.fang.com/
Logger:2020-03-16 09:14:11.258911 https://wenxingshuishang0379.fang.com/
Logger:2020-03-16 09:14:11.571423 https://shengshixtd.fang.com/
Logger:2020-03-16 09:14:11.930015 https://dingcheng0379.fang.com/
Logger:2020-03-16 09:14:15.240283 https://ly.newhouse.fang.com/house/s/b92/
Logger:2020-03-16 09:14:15.523278 https://zhongyangchengbanghc0379.fang.com/
Logger:2020-03-16 09:14:15.817726 https://tianhongjunyi0379.fang.com/
Logger:2020-03-16 09:14:16.165830 https://wanzhongejia.fang.com/
Logger:2020-03-16 09:14:16.509995 https://tianchenjkld.fang.com/
Logger:2020-03-16 09:14:16.810860 https://shanhechengbgy0379.fang.com/
Logger:2020-03-16 09:14:17.246007 https://yulongfulg.fang.com/
Logger:2020-03-16 09:14:17.578757 https://zhongnanguangchang0379.fang.com/
Logger:2020-03-16 09:14:17.931545 https://yunjintianzhangjy.fang.com/
Logger:2020-03-16 09:14:18.220151 https://longmenyihao.fang.com/
Logger:2020-03-16 09:14:18.563168 https://jinshaguangchang0379.fang.com/
Logger:2020-03-16 09:14:18.875728 https://binhelongfu.fang.com/
Logger:2020-03-16 09:14:19.177729 https://longchengdongwangjy.fang.com/
Logger:2020-03-16 09:14:19.520685 https://qianlongyuyuanyx0379.fang.com/
Logger:2020-03-16 09:14:19.857621 https://yongningshangyuanjy.fang.com/
Logger:2020-03-16 09:14:20.151943 https://junhewanyy.fang.com/
Logger:2020-03-16 09:14:20.479379 https://dachengxiaoyuanjy.fang.com/
Logger:2020-03-16 09:14:20.826350 https://kaiyuanyihao0379.fang.com/
Logger:2020-03-16 09:14:21.717705 https://luoyifujy.fang.com/
Logger:2020-03-16 09:14:22.061420 https://tianyuechengqs.fang.com/
Logger:2020-03-16 09:14:22.313103 https://jianyelongfu.fang.com/
Logger:2020-03-16 09:14:26.030795 https://ly.newhouse.fang.com/house/s/b93/
Logger:2020-03-16 09:14:26.327406 https://junhewan.fang.com/
Logger:2020-03-16 09:14:28.998122 https://yuelongmenst.fang.com/
Logger:2020-03-16 09:14:29.291368 https://huatixiangyurj.fang.com/
Logger:2020-03-16 09:14:29.636890 https://shanshuiwangcheng.fang.com/
Logger:2020-03-16 09:14:29.902452 https://luoyangtaohuayuanlc.fang.com/
Logger:2020-03-16 09:14:30.216544 https://beianguoji.fang.com/
Logger:2020-03-16 09:14:30.560213 https://xingfulilybgy.fang.com/
Logger:2020-03-16 09:14:30.830880 https://zhengshangchengly.fang.com/
Logger:2020-03-16 09:14:31.143595 https://youyichengsl.fang.com/
Logger:2020-03-16 09:14:31.470387 https://jianyelongcheng.fang.com/
Logger:2020-03-16 09:14:32.583825 https://shanshuishangjingwl.fang.com/
Logger:2020-03-16 09:14:34.293331 https://fengshanlongcheng1.fang.com/
Logger:2020-03-16 09:14:36.098975 https://dongfangfudfjd.fang.com/
Logger:2020-03-16 09:14:36.395555 https://zhongyangguangchangzh.fang.com/
Logger:2020-03-16 09:14:37.779130 https://xiangguofuzc.fang.com/
Logger:2020-03-16 09:14:38.060591 https://luoyangjianyeluanzhoufu.fang.com/
Logger:2020-03-16 09:14:38.339517 https://shangchengdfjd.fang.com/
Logger:2020-03-16 09:14:38.636012 https://huayaocheng0379.fang.com/
Logger:2020-03-16 09:14:38.950661 https://ziyuefuyh.fang.com/
Logger:2020-03-16 09:14:40.408179 https://shanshuiwenyuanzhd.fang.com/
Logger:2020-03-16 09:14:44.034620 https://ly.newhouse.fang.com/house/s/b94/
Logger:2020-03-16 09:14:44.284041 https://meiluwanbt.fang.com/
Logger:2020-03-16 09:14:44.627958 https://donghaoziyuan.fang.com/
Logger:2020-03-16 09:14:44.929199 https://jianyezhongzhoufu.fang.com/
Logger:2020-03-16 09:14:45.261825 https://yongjingwanzj0379.fang.com/
Logger:2020-03-16 09:14:45.613268 https://biguiyanyy.fang.com/
Logger:2020-03-16 09:14:45.923841 https://yiheyuandz.fang.com/
Logger:2020-03-16 09:14:46.197054 https://guojichengshiguangchangzd.fang.com/
Logger:2020-03-16 09:14:46.519578 https://jianyechengsx.fang.com/
Logger:2020-03-16 09:14:46.854470 https://yongheshangyuan.fang.com/
Logger:2020-03-16 09:14:47.104984 https://shuianlvzhouzc.fang.com/
Logger:2020-03-16 09:14:48.864777 https://lianxinlongting.fang.com/
Logger:2020-03-16 09:14:52.599570 https://xiyuan0379.fang.com/
Logger:2020-03-16 09:14:52.912729 https://yunfengguoji.fang.com/
Logger:2020-03-16 09:14:53.224423 https://jinheluzhou.fang.com/
Logger:2020-03-16 09:14:55.270814 https://xiyuefuzc.fang.com/
Logger:2020-03-16 09:14:55.505135 https://yiheyuancz.fang.com/
Logger:2020-03-16 09:14:55.848803 https://jianyechenglt0379.fang.com/
Logger:2020-03-16 09:14:56.177233 https://deheyuan0379.fang.com/
Logger:2020-03-16 09:14:56.505398 https://jianyezunfu.fang.com/
Logger:2020-03-16 09:14:56.864234 https://tianzejingyuan.fang.com/
Logger:2020-03-16 09:15:00.122437 https://ly.newhouse.fang.com/house/s/b95/
Logger:2020-03-16 09:15:00.439097 https://panshanlanxixxl.fang.com/
Logger:2020-03-16 09:15:00.717221 https://jiuzhouguangchang.fang.com/
Logger:2020-03-16 09:15:01.077029 https://guobaohongkankr.fang.com/
Logger:2020-03-16 09:15:01.374014 https://lujinyucheng.fang.com/
Logger:2020-03-16 09:15:02.357459 https://rongjinglancui.fang.com/
Logger:2020-03-16 09:15:06.466246 https://shengyulanwan.fang.com/
Logger:2020-03-16 09:15:08.108044 https://dongfangmingzhula.fang.com/
Logger:2020-03-16 09:15:08.498957 https://zhonghongzhuoyuexintiandi.fang.com/
Logger:2020-03-16 09:15:08.781046 https://weilaipaibh.fang.com/
Logger:2020-03-16 09:15:09.102775 https://junshanfudi.fang.com/
Logger:2020-03-16 09:15:10.655485 https://beichenxianglin.fang.com/
Logger:2020-03-16 09:15:11.030108 https://xiangzhihuayuan.fang.com/
Logger:2020-03-16 09:15:11.623325 https://moco1885ly.fang.com/
Logger:2020-03-16 09:15:12.154957 https://banshanxigumm.fang.com/
Logger:2020-03-16 09:15:14.747881 https://yinhewanhp.fang.com/
Logger:2020-03-16 09:15:15.076036 https://zhongyangguangchangls.fang.com/
Logger:2020-03-16 09:15:15.356991 https://shidaitianjingxh.fang.com/
Logger:2020-03-16 09:15:15.716309 https://konggangguoji0379.fang.com/
Logger:2020-03-16 09:15:16.200987 https://songzhoufuwx.fang.com/
Logger:2020-03-16 09:15:16.481444 https://beishawandy.fang.com/
Logger:2020-03-16 09:15:19.781344 https://ly.newhouse.fang.com/house/s/b96/
Logger:2020-03-16 09:15:20.155851 https://sxjssahy.fang.com/
Logger:2020-03-16 09:15:22.580657 https://aerfachengjy.fang.com/
Logger:2020-03-16 09:15:24.064607 https://jiuducheng.fang.com/
Logger:2020-03-16 09:15:24.377198 https://junshanyijing.fang.com/
Logger:2020-03-16 09:15:25.173798 https://yufengyuanjd.fang.com/
Logger:2020-03-16 09:15:25.563895 https://bandaoguojiry.fang.com/
Logger:2020-03-16 09:15:26.001291 https://senlinhuayuanss.fang.com/
Logger:2020-03-16 09:15:26.423679 https://yishuiwanty.fang.com/
Logger:2020-03-16 09:15:27.675072 https://shenglongguangchangly.fang.com/
Logger:2020-03-16 09:15:28.034775 https://feicuizhuangyuan.fang.com/
Logger:2020-03-16 09:15:28.409227 https://tianyubgy0379.fang.com/
Logger:2020-03-16 09:15:29.005901 https://chengshiguangchangmm.fang.com/
Logger:2020-03-16 09:15:30.005264 https://zchjhy1.fang.com/
Logger:2020-03-16 09:15:30.630461 https://lrxhy.fang.com/3/
Logger:2020-03-16 09:15:31.021228 https://xiyuechengwf.fang.com/
Logger:2020-03-16 09:15:31.473983 https://erhaochengbangjy0379.fang.com/
Logger:2020-03-16 09:15:31.833388 https://hubinmeiyuan.fang.com/
Logger:2020-03-16 09:15:32.223453 https://dazhaoguoji.fang.com/
Logger:2020-03-16 09:15:32.690468 https://juzhouyuan.fang.com/
Logger:2020-03-16 09:15:36.282530 https://changshengyaju0379.fang.com/
Logger:2020-03-16 09:15:40.270789 https://ly.newhouse.fang.com/house/s/b97/
Logger:2020-03-16 09:15:41.957862 https://shenglongtianxi.fang.com/
Logger:2020-03-16 09:15:42.319233 https://yinhewanzd.fang.com/
Logger:2020-03-16 09:15:42.726621 https://lidumingdi0379.fang.com/
Logger:2020-03-16 09:15:43.060072 https://changxiamen.fang.com/villa/
Logger:2020-03-16 09:15:43.341257 https://fanhuacheng.fang.com/
Logger:2020-03-16 09:15:43.716714 https://tanggongxincheng.fang.com/
Logger:2020-03-16 09:15:44.028940 https://ruifuxiaozhenzagg.fang.com/
Logger:2020-03-16 09:15:44.294357 https://xiushuichengbangsj.fang.com/
Logger:2020-03-16 09:15:44.544216 https://wzgjgyblc0379.fang.com/
Logger:2020-03-16 09:15:45.981959 https://luoning.newhouse.fang.com/house/2543804317.htm
Logger:2020-03-16 09:15:46.246821 https://mgongguan0379.fang.com/
Logger:2020-03-16 09:15:48.433926 https://fengzeyuanmj.fang.com/
Logger:2020-03-16 09:15:48.887029 https://jinxiuhuayuanmj.fang.com/
Logger:2020-03-16 09:15:49.261733 https://zhiheshidaiguangchang.fang.com/
Logger:2020-03-16 09:15:49.574301 https://guobaohuayuan.fang.com/
Logger:2020-03-16 09:15:49.853009 https://senlinbandaoyyjy.fang.com/
Logger:2020-03-16 09:15:50.146491 https://shenglongchengly.fang.com/
Logger:2020-03-16 09:15:50.521300 https://fenghuangshanlydjq.fang.com/
Logger:2020-03-16 09:15:50.865263 https://shilijiangwanrybgy.fang.com/
Logger:2020-03-16 09:15:52.395827 https://tianchengyipin.fang.com/
Logger:2020-03-16 09:15:56.535517 https://ly.newhouse.fang.com/house/s/b98/
Logger:2020-03-16 09:15:56.866795 https://tengfeihuayuan0379.fang.com/
Logger:2020-03-16 09:15:57.257568 https://dahefu.fang.com/
Logger:2020-03-16 09:15:57.756725 https://xianglongwan.fang.com/
Logger:2020-03-16 09:16:02.928545 https://huayangfengdujy.fang.com/
Logger:2020-03-16 09:16:03.412806 https://yanyangtiandj.fang.com/
Logger:2020-03-16 09:16:03.772248 https://e953.fang.com/
Logger:2020-03-16 09:16:04.140011 https://tangjiexiaozhen.fang.com/
Logger:2020-03-16 09:16:04.516911 https://fenghuangwanbgy0379.fang.com/
Logger:2020-03-16 09:16:05.443605 https://yichuan.newhouse.fang.com/house/3115789165.htm
Logger:2020-03-16 09:16:05.712885 https://xihuatinghs.fang.com/
Logger:2020-03-16 09:16:06.064859 https://heluogucheng.fang.com/
Logger:2020-03-16 09:16:07.700111 https://yongningfumj.fang.com/
Logger:2020-03-16 09:16:08.021667 https://longjianjindu.fang.com/
Logger:2020-03-16 09:16:08.326673 https://binheyouyichenglj.fang.com/
Logger:2020-03-16 09:16:08.694092 https://qingchunliyl.fang.com/
Logger:2020-03-16 09:16:09.011651 https://jinpingyuan.fang.com/
Logger:2020-03-16 09:16:09.305238 https://dazhaoshangyueyuan.fang.com/
Logger:2020-03-16 09:16:09.632788 https://yilinjiayuan1.fang.com/
Logger:2020-03-16 09:16:10.031931 https://yyshuijingcheng.fang.com/
Logger:2020-03-16 09:16:10.343562 https://baihuicheng.fang.com/
Logger:2020-03-16 09:16:14.098667 https://ly.newhouse.fang.com/house/s/b99/
Logger:2020-03-16 09:16:14.481658 https://xiangdiwan0379.fang.com/
Logger:2020-03-16 09:16:14.771904 https://longwanshengjing0379.fang.com/
Logger:2020-03-16 09:16:15.155718 https://yundingshanshe.fang.com/
Logger:2020-03-16 09:16:16.087409 https://tianyuanzhongxin.fang.com/
Logger:2020-03-16 09:16:16.412990 https://xinanyufuhuayuan.fang.com/
Logger:2020-03-16 09:16:16.739229 https://xinanfuxihuayuan.fang.com/
Logger:2020-03-16 09:16:17.056769 https://xiangtihepan.fang.com/
Logger:2020-03-16 09:16:17.398037 https://yuanyanglongcheng.fang.com/
Logger:2020-03-16 09:16:17.745849 https://jianyeguiyuan.fang.com/
Logger:2020-03-16 09:16:18.139212 https://zhuoyuechengzh.fang.com/
Logger:2020-03-16 09:16:18.476026 https://huyushu0379.fang.com/
Logger:2020-03-16 09:16:18.764474 https://luopuqiyuefu.fang.com/
Logger:2020-03-16 09:16:19.127929 https://qianlongshijiayx0379.fang.com/
Logger:2020-03-16 09:16:19.593914 https://meijinghuacheng.fang.com/
Logger:2020-03-16 09:16:19.983049 https://shanshuiyinxiang0379.fang.com/
Logger:2020-03-16 09:16:20.381071 https://yihaozhuangyuan.fang.com/
Logger:2020-03-16 09:16:20.730762 https://biguiyuansx.fang.com/
Logger:2020-03-16 09:16:21.078672 https://yongbangdasha0379.fang.com/office/
Logger:2020-03-16 09:16:21.474245 https://yihaoyuandyt.fang.com/
Logger:2020-03-16 09:16:21.888050 https://yuanjianshuian.fang.com/
Logger:2020-03-16 09:16:25.216991 https://ly.newhouse.fang.com/house/s/b910/
Logger:2020-03-16 09:16:25.502906 https://shangshuyuan0379.fang.com/
Logger:2020-03-16 09:16:25.838595 https://defufuyuan.fang.com/
Logger:2020-03-16 09:16:26.132722 https://heshunguangchang0379.fang.com/
Logger:2020-03-16 09:16:26.419483 https://chanshuihuating.fang.com/
Logger:2020-03-16 09:16:26.780292 https://shuxinyuanhn.fang.com/
Logger:2020-03-16 09:16:27.116427 https://luanchuanyouyibinguanlingyu.fang.com/
Logger:2020-03-16 09:16:27.437640 https://yaweijinchengyy.fang.com/
Logger:2020-03-16 09:16:27.744960 https://jinshanshuian0379.fang.com/
Logger:2020-03-16 09:16:28.054880 https://yaweijindihuayuanmengjin.fang.com/
Logger:2020-03-16 09:16:28.356943 https://xiyuanguoji.fang.com/
Logger:2020-03-16 09:16:28.687597 https://yslmhjl.fang.com/
Logger:2020-03-16 09:16:30.683387 https://xiangshanhuau.fang.com/
Logger:2020-03-16 09:16:31.050726 https://puxilongchengsongxian.fang.com/
Logger:2020-03-16 09:16:31.351884 https://zimaogangtyzb.fang.com/
Logger:2020-03-16 09:16:31.688682 https://dongfanghongwuhaojiefang.fang.com/
Logger:2020-03-16 09:16:31.975912 https://laozhiqinggongshe.fang.com/
Logger:2020-03-16 09:16:32.847865 https://yyyuhengguoji.fang.com/
Logger:2020-03-16 09:16:33.163335 https://mjxtdhtyhy.fang.com/
Logger:2020-03-16 09:16:33.527560 https://xinyimeiguiyuanmengjin.fang.com/
Logger:2020-03-16 09:16:34.021062 https://yyshanshuifudi.fang.com/
Logger:2020-03-16 09:16:37.669680 https://ly.newhouse.fang.com/house/s/b911/
Logger:2020-03-16 09:16:38.397016 https://yyfubangguoji.fang.com/
Logger:2020-03-16 09:16:39.585028 https://tonghenongmaochanyeyuan.fang.com/
Logger:2020-03-16 09:16:39.902860 https://tangliyuan.fang.com/
Logger:2020-03-16 09:16:40.250924 https://tianhuizhongxin.fang.com/
Logger:2020-03-16 09:16:40.601069 https://senlinbandaoysjy.fang.com/
Logger:2020-03-16 09:16:40.950308 https://dongmoyingxiang.fang.com/
Logger:2020-03-16 09:16:42.407363 https://ly.newhouse.fang.com/house/2512696897.htm
Logger:2020-03-16 09:16:42.803474 https://longhailinxi.fang.com/
Logger:2020-03-16 09:16:43.136300 https://julongjiayuan20379.fang.com/
Logger:2020-03-16 09:16:43.422101 https://huaxidumz.fang.com/
Logger:2020-03-16 09:16:44.579166 https://meijingjiayuan0379.fang.com/
Logger:2020-03-16 09:16:44.946021 https://yinghai19cheng.fang.com/
Logger:2020-03-16 09:16:47.849881 https://guobaochenyuanrckr.fang.com/
Logger:2020-03-16 09:16:48.152211 https://meijingcheng.fang.com/
Logger:2020-03-16 09:16:48.671985 https://jinxiulongdu.fang.com/
Logger:2020-03-16 09:16:49.100997 https://mengjinzhongyanghuayuan.fang.com/
Logger:2020-03-16 09:16:49.466933 https://hengtaichuntian.fang.com/
Logger:2020-03-16 09:16:52.161303 https://kejiyuanlyzd.fang.com/
Logger:2020-03-16 09:16:54.571946 https://dongyuecheng.fang.com/
Logger:2020-03-16 09:16:54.874017 https://shangpin1hao.fang.com/
Logger:2020-03-16 09:16:58.143189 https://ly.newhouse.fang.com/house/s/b912/
Logger:2020-03-16 09:16:58.456658 https://hongdongfangguangchangzm.fang.com/
Logger:2020-03-16 09:17:01.165222 https://hongtaiyanghuayuanycxtd.fang.com/
Logger:2020-03-16 09:17:01.471662 https://yuhengqiaojun.fang.com/
Logger:2020-03-16 09:17:02.296087 https://yichuan.newhouse.fang.com/house/3115789121.htm
Logger:2020-03-16 09:17:02.612901 https://lclantingyajun.fang.com/
Logger:2020-03-16 09:17:02.912313 https://mingmenshijia1.fang.com/
Logger:2020-03-16 09:17:03.407376 https://fengyuanmingdisx.fang.com/
Logger:2020-03-16 09:17:05.134854 https://xiangdiyajuxa.fang.com/
Logger:2020-03-16 09:17:05.942252 https://ly.newhouse.fang.com/house/2512774921.htm
Logger:2020-03-16 09:17:06.531785 https://shuianmingjia0379.fang.com/
Logger:2020-03-16 09:17:09.001672 https://guomaodasha0379.fang.com/
Logger:2020-03-16 09:17:10.273533 https://yuehuatai.fang.com/
Logger:2020-03-16 09:17:10.588480 https://hsgc1.fang.com/
Logger:2020-03-16 09:17:10.909740 https://mengjinyuxianghuating.fang.com/
Logger:2020-03-16 09:17:11.176168 https://yyyangguangcheng.fang.com/
Logger:2020-03-16 09:17:11.478927 https://jindingmingyuanxa.fang.com/
Logger:2020-03-16 09:17:11.825788 https://gangqiandasha.fang.com/
Logger:2020-03-16 09:17:12.146939 https://xinanaidingbaohuayuan.fang.com/
Logger:2020-03-16 09:17:12.826371 https://mengjinxinhuayuan.fang.com/
Logger:2020-03-16 09:17:13.098646 https://xaxcgj.fang.com/
Logger:2020-03-16 09:17:16.394960 https://ly.newhouse.fang.com/house/s/b913/
Logger:2020-03-16 09:17:16.728807 https://yyxuefumingdi.fang.com/
Logger:2020-03-16 09:17:17.247103 https://yyjinjiangdasha.fang.com/
Logger:2020-03-16 09:17:17.535567 https://wanchuangshijiecheng.fang.com/
Logger:2020-03-16 09:17:20.786759 https://ruiufuyuan.fang.com/
Logger:2020-03-16 09:17:21.722663 https://ruyang.newhouse.fang.com/house/2545813249.htm
Logger:2020-03-16 09:17:22.404016 https://yyhexiehuayuan.fang.com/
Logger:2020-03-16 09:17:23.295080 https://yichuan.newhouse.fang.com/house/3115789143.htm
Logger:2020-03-16 09:17:24.177570 https://mengjin.newhouse.fang.com/house/2544827575.htm
Logger:2020-03-16 09:17:24.551206 https://yuyuange.fang.com/
Logger:2020-03-16 09:17:24.829906 https://xinjimotianyipin.fang.com/
Logger:2020-03-16 09:17:25.192891 https://sxyulongbandao.fang.com/
Logger:2020-03-16 09:17:25.696491 https://shanshuihuatingat.fang.com/
Logger:2020-03-16 09:17:26.032917 https://tianmingcheng.fang.com/
Logger:2020-03-16 09:17:26.400329 https://stysly.fang.com/
Logger:2020-03-16 09:17:26.743379 https://shijiwangcheng.fang.com/
Logger:2020-03-16 09:17:27.089025 https://zijinfengjingxian.fang.com/
Logger:2020-03-16 09:17:27.383137 https://xiangguofucuiyuanzc.fang.com/
Logger:2020-03-16 09:17:27.764441 https://runchuanlijing.fang.com/
Logger:2020-03-16 09:17:28.114731 https://rongshengzhongxin.fang.com/
Logger:2020-03-16 09:17:28.445651 https://fuyuchenglt.fang.com/
Logger:2020-03-16 09:17:32.321953 https://ly.newhouse.fang.com/house/s/b914/
Logger:2020-03-16 09:17:32.697420 https://daxuekejiyuanly.fang.com/
Logger:2020-03-16 09:17:33.096535 https://shengshitiancheng0379.fang.com/
Logger:2020-03-16 09:17:33.461000 https://xiangdixiaoyuan.fang.com/
Logger:2020-03-16 09:17:33.920190 https://jiahuizhongxingy.fang.com/
Logger:2020-03-16 09:17:34.328230 https://yanglaoshanzhuangbsdt.fang.com/
Logger:2020-03-16 09:17:34.707207 https://xiandaisenlinguojicheng.fang.com/
Logger:2020-03-16 09:17:35.240884 https://dingshengguoji2.fang.com/
Logger:2020-03-16 09:17:35.551113 https://kongganghuafu.fang.com/
Logger:2020-03-16 09:17:35.870994 https://lushe.fang.com/
Logger:2020-03-16 09:17:36.202245 https://jinfeicuimingyuan.fang.com/
Logger:2020-03-16 09:17:36.553560 https://shuxiangyuanzc.fang.com/
Logger:2020-03-16 09:17:38.362089 https://zuoanfu.fang.com/
Logger:2020-03-16 09:17:38.694408 https://hanlinyuan0379.fang.com/
Logger:2020-03-16 09:17:39.042298 https://yuchengshangyelj.fang.com/
Logger:2020-03-16 09:17:39.391629 https://hengshengkejiyuanly.fang.com/
Logger:2020-03-16 09:17:39.691532 https://tianbaohuaqiaoyuan.fang.com/
Logger:2020-03-16 09:17:40.088127 https://longbojunhc.fang.com/
Logger:2020-03-16 09:17:40.929111 https://hnyy.newhouse.fang.com/house/2539793291.htm
Logger:2020-03-16 09:17:41.277273 https://baiyunxiaozhen0379.fang.com/
Logger:2020-03-16 09:17:41.527313 https://jinlanwan0379.fang.com/
Logger:2020-03-16 09:17:44.846439 https://ly.newhouse.fang.com/house/s/b915/
Logger:2020-03-16 09:17:45.111710 https://xiaduchengzm.fang.com/
Logger:2020-03-16 09:17:45.369992 https://chuangzhiguangchang863.fang.com/
Logger:2020-03-16 09:17:45.653014 https://xurihuating20379.fang.com/
Logger:2020-03-16 09:17:47.734822 https://guobaohuayuan.fang.com/office/
Logger:2020-03-16 09:17:48.441969 https://ruyang.newhouse.fang.com/house/2545813247.htm
Logger:2020-03-16 09:17:50.530831 https://f1chuangyizhongxin.fang.com/
Logger:2020-03-16 09:17:51.567560 https://yichuan.newhouse.fang.com/house/3115789155.htm
Logger:2020-03-16 09:17:51.903276 https://kaixuanmingzhu.fang.com/
Logger:2020-03-16 09:17:52.189628 https://fengdanbailulc.fang.com/villa/
Logger:2020-03-16 09:17:52.460377 https://longtenghuayuan0379.fang.com/
Logger:2020-03-16 09:17:53.744660 https://luanchuan.newhouse.fang.com/house/2548832331.htm
Logger:2020-03-16 09:17:54.048171 https://guojizhongxintm.fang.com/
Logger:2020-03-16 09:17:54.617532 https://qilihepanxinan.fang.com/
Logger:2020-03-16 09:17:55.249429 https://luanchuan.newhouse.fang.com/house/2548832309.htm
Logger:2020-03-16 09:17:55.524648 https://yaweijinzun.fang.com/
Logger:2020-03-16 09:17:55.851385 https://fhjy1.fang.com/
Logger:2020-03-16 09:17:56.653833 https://xiangshanxinchengyh.fang.com/
Logger:2020-03-16 09:17:56.930036 https://wanhaiguojiguangchanglf.fang.com/
Logger:2020-03-16 09:17:57.227732 https://kejichuangyiyuanlyzd.fang.com/
Logger:2020-03-16 09:17:59.081642 https://kangchengshierdaoxa.fang.com/
Logger:2020-03-16 09:18:02.476982 https://ly.newhouse.fang.com/house/s/b916/
Logger:2020-03-16 09:18:03.146219 https://ssmy1.fang.com/
Logger:2020-03-16 09:18:05.138449 https://hnxa.newhouse.fang.com/house/2538793221.htm
Logger:2020-03-16 09:18:06.808803 https://hnxa.newhouse.fang.com/house/2538793257.htm
Logger:2020-03-16 09:18:07.221034 https://jiaxuanyinxihupanmj.fang.com/
Logger:2020-03-16 09:18:07.587804 https://lczuoangongguan.fang.com/
Logger:2020-03-16 09:18:08.586533 https://yanshi.newhouse.fang.com/house/2535799061.htm
Logger:2020-03-16 09:18:10.492279 https://luanchuan.newhouse.fang.com/house/2548832307.htm
Logger:2020-03-16 09:18:10.962422 https://luanchuan.newhouse.fang.com/house/2548832305.htm
Logger:2020-03-16 09:18:13.137463 https://linxijunxc.fang.com/
Logger:2020-03-16 09:18:13.534394 https://hnxa.newhouse.fang.com/house/2538793231.htm
Logger:2020-03-16 09:18:14.014203 https://tianzewan.fang.com/
Logger:2020-03-16 09:18:14.422217 https://xiangshanyihao.fang.com/
Logger:2020-03-16 09:18:14.869887 https://xiangshanglidu.fang.com/
Logger:2020-03-16 09:18:15.296866 https://jiudinghuayuan20379.fang.com/
Logger:2020-03-16 09:18:15.674164 https://ningtaijincheng0379.fang.com/
Logger:2020-03-16 09:18:16.094222 https://ruifengyuancyjd.fang.com/
Logger:2020-03-16 09:18:16.350282 https://luoyangzhongdianguanggu.fang.com/
Logger:2020-03-16 09:18:16.642117 https://kaixuanguangchanghy.fang.com/
Logger:2020-03-16 09:18:16.959567 https://huijinzhongxinjl.fang.com/
Logger:2020-03-16 09:18:17.261839 https://tianrunfudi0379.fang.com/
Logger:2020-03-16 09:18:21.480738 https://ly.newhouse.fang.com/house/s/b917/
Logger:2020-03-16 09:18:21.813782 https://kekejufengzeyuan.fang.com/
Logger:2020-03-16 09:18:22.084016 https://luanchuan.newhouse.fang.com/house/2548832335.htm
Logger:2020-03-16 09:18:22.371950 https://xingyidasha.fang.com/
Logger:2020-03-16 09:18:23.261029 https://meijingluyuan.fang.com/
Logger:2020-03-16 09:18:23.540005 https://zhaohuashuijun.fang.com/
Logger:2020-03-16 09:18:23.857343 https://jinhusilongyuanmengjin.fang.com/
Logger:2020-03-16 09:18:24.145006 https://hengbangguiyuanxinan.fang.com/
Logger:2020-03-16 09:18:24.746829 https://yirengangwan.fang.com/
Logger:2020-03-16 09:18:25.049012 https://yyhuafangyuan.fang.com/
Logger:2020-03-16 09:18:25.338455 https://meijinghongcheng2.fang.com/
Logger:2020-03-16 09:18:25.659591 https://yuejingyaju.fang.com/
Logger:2020-03-16 09:18:26.001202 https://xiangtaihuayuan0379.fang.com/
Logger:2020-03-16 09:18:28.018288 https://shengshiyinxiang.fang.com/
Logger:2020-03-16 09:18:28.332735 https://huafangyijing.fang.com/
Logger:2020-03-16 09:18:29.286821 https://yiyuancuidiwan.fang.com/
Logger:2020-03-16 09:18:29.732083 https://mengjinyonglonghuafu.fang.com/
Logger:2020-03-16 09:18:34.290616 https://xslgjjcblc.fang.com/
Logger:2020-03-16 09:18:35.071849 https://yyjinqiaodasha.fang.com/
Logger:2020-03-16 09:18:35.975797 https://yichuan.newhouse.fang.com/house/3115789107.htm
Logger:2020-03-16 09:18:37.918450 https://yyshenganhuacheng.fang.com/
Logger:2020-03-16 09:18:41.803500 https://ly.newhouse.fang.com/house/s/b918/
Logger:2020-03-16 09:18:42.191332 https://yyjinruihuayuan.fang.com/
Logger:2020-03-16 09:18:42.570566 https://yyguomaodasha.fang.com/
Logger:2020-03-16 09:18:42.977565 https://xinyiluomeixiaozhenmengjin.fang.com/
Logger:2020-03-16 09:18:43.333957 https://konggangguojimengjin.fang.com/
Logger:2020-03-16 09:18:45.320454 https://hnxa.newhouse.fang.com/house/2538793245.htm
Logger:2020-03-16 09:18:46.091275 https://hongtaishuianhuayuan.fang.com/
Logger:2020-03-16 09:18:46.345282 https://binhewanjiahuayuan.fang.com/
Logger:2020-03-16 09:18:46.864428 https://xinanshengshiheyuan.fang.com/
Logger:2020-03-16 09:18:47.767601 https://yyzhongjianghuayuan.fang.com/
Logger:2020-03-16 09:18:48.269443 https://wanchuanggongyuanchengbang.fang.com/
Logger:2020-03-16 09:18:49.040828 https://yidongdiyidajie.fang.com/
Logger:2020-03-16 09:18:49.360885 https://yyxinduhuayuan.fang.com/
Logger:2020-03-16 09:18:49.677222 https://yijianglongxiangcheng.fang.com/
Logger:2020-03-16 09:18:50.026405 https://jianrui.fang.com/
Logger:2020-03-16 09:18:50.470182 https://yyshuixiangjiayuan.fang.com/
Logger:2020-03-16 09:18:50.802067 https://wengehuaguoji.fang.com/
Logger:2020-03-16 09:18:51.202114 https://jingyuemingmen.fang.com/
Logger:2020-03-16 09:18:51.551024 https://guangyingxiaoqu.fang.com/
Logger:2020-03-16 09:18:51.886392 https://yuanhongguoji.fang.com/
Logger:2020-03-16 09:18:52.215083 https://yyjinchengyuyuan.fang.com/
Logger:2020-03-16 09:18:55.530399 https://ly.newhouse.fang.com/house/s/b919/
Logger:2020-03-16 09:18:55.800469 https://binheshunanhuayu.fang.com/
Logger:2020-03-16 09:18:56.560367 https://jinyexintiandi.fang.com/
Logger:2020-03-16 09:18:56.846472 https://junkaihuafu.fang.com/
Logger:2020-03-16 09:18:57.194450 https://dinisihuanlecheng0379.fang.com/
Logger:2020-03-16 09:19:00.455903 https://xuandexiangshangongguan.fang.com/
Logger:2020-03-16 09:19:00.763513 https://xiangshangcuiyuan.fang.com/
Logger:2020-03-16 09:19:01.182952 https://yyguohuayuan.fang.com/
Logger:2020-03-16 09:19:01.477607 https://baijiashidaiguangchang.fang.com/
Logger:2020-03-16 09:19:01.795609 https://yyjinshuiwan.fang.com/
Logger:2020-03-16 09:19:02.030569 https://yyyujianyuan.fang.com/
Logger:2020-03-16 09:19:02.317519 https://shijiguangchangshouzuo.fang.com/
Logger:2020-03-16 09:19:02.586218 https://hslgbayjd.fang.com/
Logger:2020-03-16 09:19:02.831137 https://yylumingyuan.fang.com/
Logger:2020-03-16 09:19:05.076487 https://yyjinsuihuating.fang.com/
Logger:2020-03-16 09:19:05.333857 https://jintaishijiyangguang.fang.com/
Logger:2020-03-16 09:19:09.164262 https://ly.newhouse.fang.com/house/s/b920/
Logger:2020-03-16 09:19:12.577476 https://ly.newhouse.fang.com/house/s/b921/
Logger:2020-03-16 09:19:16.030710 https://ly.newhouse.fang.com/house/s/b922/
