Logger:2020-03-16 14:06:53.555385 https://lyg.newhouse.fang.com/house/s/b91/
Logger:2020-03-16 14:06:53.841650 https://youbuhuayuanjh0518.fang.com/
Logger:2020-03-16 14:06:54.093993 https://kongwangshangfu.fang.com/
Logger:2020-03-16 14:06:54.435070 https://hengdayufeng0518.fang.com/
Logger:2020-03-16 14:06:54.759196 https://sijijinhuiguanlan.fang.com/
Logger:2020-03-16 14:06:55.020503 https://xinhaiyungubgy.fang.com/
Logger:2020-03-16 14:06:55.401449 https://tonglidonglu.fang.com/
Logger:2020-03-16 14:06:55.702642 https://guanshanyuanzhubgy.fang.com/
Logger:2020-03-16 14:06:56.013809 https://xinhaiyuanwx.fang.com/
Logger:2020-03-16 14:06:58.373497 https://yuelongfuht.fang.com/
Logger:2020-03-16 14:06:58.662723 https://haishangwuyuehuabl0518.fang.com/
Logger:2020-03-16 14:06:59.002845 https://guojihuayuangd.fang.com/
Logger:2020-03-16 14:06:59.299089 https://jingchengyihaoyuan.fang.com/
Logger:2020-03-16 14:06:59.586285 https://huifengxiaozhentk.fang.com/
Logger:2020-03-16 14:06:59.972263 https://huifengguojitk.fang.com/
Logger:2020-03-16 14:07:00.286454 https://hedianzhuanjiaercun.fang.com/
Logger:2020-03-16 14:07:00.643467 https://hengdalinxijun.fang.com/
Logger:2020-03-16 14:07:00.926666 https://shijichengld0518.fang.com/
Logger:2020-03-16 14:07:01.335619 https://haizhouwuyueguangchang.fang.com/
Logger:2020-03-16 14:07:01.649733 https://guojichengjy0518.fang.com/
Logger:2020-03-16 14:07:01.949954 https://changqingtengml.fang.com/
Logger:2020-03-16 14:07:05.700895 https://lyg.newhouse.fang.com/house/s/b92/
Logger:2020-03-16 14:07:07.167970 https://fenghuangxingcheng.fang.com/
Logger:2020-03-16 14:07:07.475148 https://fuguishijiaxy.fang.com/
Logger:2020-03-16 14:07:07.800279 https://qingqingjiayuanyt.fang.com/
Logger:2020-03-16 14:07:08.096486 https://sjfhc.fang.com/
Logger:2020-03-16 14:07:11.735750 https://henganhuafu.fang.com/
Logger:2020-03-16 14:07:12.698211 https://xinghaihuyihao.fang.com/
Logger:2020-03-16 14:07:13.039264 https://junwangfu0518.fang.com/
Logger:2020-03-16 14:07:13.418249 https://yunshanhuating.fang.com/
Logger:2020-03-16 14:07:15.586449 https://longgangshangyeguangchang.fang.com/
Logger:2020-03-16 14:07:15.905625 https://shanghaizhichun0518.fang.com/
Logger:2020-03-16 14:07:16.250673 https://jinhuiyoubuxuefu.fang.com/
Logger:2020-03-16 14:07:16.659580 https://xcwuyueguangchang.fang.com/
Logger:2020-03-16 14:07:17.169177 https://boyuefucx.fang.com/
Logger:2020-03-16 14:07:17.783533 https://jingchengmingjun.fang.com/
Logger:2020-03-16 14:07:18.240311 https://huitengxintiandi.fang.com/
Logger:2020-03-16 14:07:18.736982 https://ganyubiguiyuan.fang.com/
Logger:2020-03-16 14:07:19.083056 https://pinggaoshuxiangmingdi.fang.com/
Logger:2020-03-16 14:07:19.431125 https://yuntaishandi.fang.com/
Logger:2020-03-16 14:07:19.855988 https://shuxiangyihaofg.fang.com/
Logger:2020-03-16 14:07:20.206052 https://guangxianyuanml.fang.com/
Logger:2020-03-16 14:07:23.960010 https://lyg.newhouse.fang.com/house/s/b93/
Logger:2020-03-16 14:07:24.251230 https://yuejingfudi.fang.com/
Logger:2020-03-16 14:07:24.600296 https://xuefumingyuanzd.fang.com/
Logger:2020-03-16 14:07:24.898534 https://fenghuangyuanzhubgy.fang.com/
Logger:2020-03-16 14:07:25.228641 https://yuehuchuntianxj.fang.com/
Logger:2020-03-16 14:07:25.654519 https://hupanml.fang.com/
Logger:2020-03-16 14:07:25.986640 https://xinchengyihao0518.fang.com/
Logger:2020-03-16 14:07:26.240908 https://yangguangxinchengds0518.fang.com/
Logger:2020-03-16 14:07:26.514176 https://haolaiwufg.fang.com/
Logger:2020-03-16 14:07:28.732281 https://yingyoushuian.fang.com/
Logger:2020-03-16 14:07:29.013490 https://yingxiangxibanya.fang.com/
Logger:2020-03-16 14:07:29.320688 https://lanruolingxiu.fang.com/
Logger:2020-03-16 14:07:29.634828 https://rongshengzhuangyuanfu.fang.com/
Logger:2020-03-16 14:07:32.273769 https://yuhuhaoting0518.fang.com/
Logger:2020-03-16 14:07:32.571017 https://wutongliyz.fang.com/
Logger:2020-03-16 14:07:32.872204 https://sijihuachengds.fang.com/
Logger:2020-03-16 14:07:33.180343 https://shanghaiguangchang0518.fang.com/
Logger:2020-03-16 14:07:33.527415 https://xiyuanhuating0518.fang.com/
Logger:2020-03-16 14:07:33.816684 https://daxuelixy.fang.com/
Logger:2020-03-16 14:07:34.116838 https://qinmenfubl.fang.com/
Logger:2020-03-16 14:07:34.522777 https://fujuxintiandi.fang.com/
Logger:2020-03-16 14:07:37.808002 https://lyg.newhouse.fang.com/house/s/b94/
Logger:2020-03-16 14:07:38.112150 https://dehuishangshufang0518.fang.com/
Logger:2020-03-16 14:07:38.379435 https://sijihuacheng0518.fang.com/
Logger:2020-03-16 14:07:38.689604 https://guojihuayuanhzw.fang.com/
Logger:2020-03-16 14:07:39.049680 https://jiazhoushuianzl.fang.com/
Logger:2020-03-16 14:07:39.345892 https://limayayuan.fang.com/
Logger:2020-03-16 14:07:39.642057 https://yijugongguan.fang.com/
Logger:2020-03-16 14:07:40.020045 https://kongwangshuyuan.fang.com/
Logger:2020-03-16 14:07:40.304286 https://zhongyanghuafugy.fang.com/
Logger:2020-03-16 14:07:40.619442 https://gongyuanli0518.fang.com/
Logger:2020-03-16 14:07:40.932605 https://xiangyikongwang.fang.com/
Logger:2020-03-16 14:07:41.299623 https://jinhefeicuiwan.fang.com/
Logger:2020-03-16 14:07:41.586855 https://xiangguiyuanjf.fang.com/
Logger:2020-03-16 14:07:44.003426 https://xinhaianxishuwan.fang.com/
Logger:2020-03-16 14:07:44.290622 https://kaiyaguojidc.fang.com/
Logger:2020-03-16 14:07:44.586867 https://qianyehuayuancheng.fang.com/
Logger:2020-03-16 14:07:44.904978 https://wandeyuanfb.fang.com/
Logger:2020-03-16 14:07:48.865383 https://xianggelilahuayuan0518.fang.com/
Logger:2020-03-16 14:07:49.225420 https://tiandiguoji.fang.com/
Logger:2020-03-16 14:07:49.562518 https://jingduxuefu.fang.com/
Logger:2020-03-16 14:07:49.886651 https://caifuzhongxinws.fang.com/
Logger:2020-03-16 14:07:53.178844 https://lyg.newhouse.fang.com/house/s/b95/
Logger:2020-03-16 14:07:53.563839 https://yinglunhuiyd.fang.com/
Logger:2020-03-16 14:07:53.969728 https://cangwuchunxiaoxs.fang.com/
Logger:2020-03-16 14:07:54.296898 https://dongchenghaianfs.fang.com/
Logger:2020-03-16 14:07:54.589074 https://shuixiehuadudh.fang.com/
Logger:2020-03-16 14:07:56.837058 https://haianmingzhuxincheng.fang.com/
Logger:2020-03-16 14:07:57.235991 https://yuzhouyihaoyuanzl.fang.com/
Logger:2020-03-16 14:07:57.530222 https://bainashuian.fang.com/
Logger:2020-03-16 14:07:57.817473 https://jinxiufuyuangl.fang.com/
Logger:2020-03-16 14:07:58.129637 https://hanlinfuxs.fang.com/
Logger:2020-03-16 14:07:58.487642 https://cangwujiayuan.fang.com/
Logger:2020-03-16 14:07:58.783897 https://shengshichengds.fang.com/
Logger:2020-03-16 14:08:01.771856 https://yihejiayuanzf.fang.com/
Logger:2020-03-16 14:08:02.057093 https://xihuyinxiang0518.fang.com/
Logger:2020-03-16 14:08:02.427104 https://hujinghuayuan0518.fang.com/
Logger:2020-03-16 14:08:02.709350 https://chuanglianguangchang.fang.com/
Logger:2020-03-16 14:08:03.012573 https://jiangshanhuayuan0518.fang.com/
Logger:2020-03-16 14:08:03.326739 https://ganglongjingshanxiushui.fang.com/
Logger:2020-03-16 14:08:03.664792 https://shifangguoji.fang.com/
Logger:2020-03-16 14:08:03.974963 https://fangyuanjing.fang.com/
Logger:2020-03-16 14:08:08.479915 https://wanfuxinchengmz.fang.com/
Logger:2020-03-16 14:08:12.712588 https://lyg.newhouse.fang.com/house/s/b96/
Logger:2020-03-16 14:08:12.991841 https://yiyunxiaozhen0518.fang.com/
Logger:2020-03-16 14:08:13.282107 https://longyanshanzhuangjb.fang.com/
Logger:2020-03-16 14:08:13.578272 https://tonglidonglu2.fang.com/
Logger:2020-03-16 14:08:13.888443 https://shanhaiguojicaifuguangchang.fang.com/
Logger:2020-03-16 14:08:14.305391 https://dongfangzhizhu.fang.com/
Logger:2020-03-16 14:08:14.664410 https://shanpanjingyuan.fang.com/
Logger:2020-03-16 14:08:16.548367 https://xiangshuwanhuayuan0518.fang.com/
Logger:2020-03-16 14:08:16.910358 https://jingyuzhongyangyf.fang.com/
Logger:2020-03-16 14:08:17.185627 https://huataifengzeyuan.fang.com/
Logger:2020-03-16 14:08:17.477840 https://xiangjianglijing2.fang.com/
Logger:2020-03-16 14:08:17.777039 https://pinggaodizhonghai.fang.com/
Logger:2020-03-16 14:08:18.150043 https://dhwhjf.fang.com/
Logger:2020-03-16 14:08:18.428297 https://yangguoguojizhongxin0518.fang.com/2/
Logger:2020-03-16 14:08:18.720516 https://xiangyifu.fang.com/
Logger:2020-03-16 14:08:18.988799 https://haifenglanqing.fang.com/
Logger:2020-03-16 14:08:19.284049 https://jingduhuafu.fang.com/
Logger:2020-03-16 14:08:19.620109 https://dhyxjn.fang.com/
Logger:2020-03-16 14:08:22.091498 https://fenghuangshangwuhuayuan.fang.com/
Logger:2020-03-16 14:08:22.356821 https://dhsjmd.fang.com/
Logger:2020-03-16 14:08:22.637039 https://meilingdgg.fang.com/
Logger:2020-03-16 14:08:25.974137 https://lyg.newhouse.fang.com/house/s/b97/
Logger:2020-03-16 14:08:26.354095 https://fenghuiguangchang0518.fang.com/
Logger:2020-03-16 14:08:26.620382 https://julonggongguan8.fang.com/
Logger:2020-03-16 14:08:26.879731 https://bxjzhongyangguangchang.fang.com/
Logger:2020-03-16 14:08:27.134009 https://wamshengyihao.fang.com/
Logger:2020-03-16 14:08:27.508061 https://longyuefu0518.fang.com/
Logger:2020-03-16 14:08:28.291911 https://jmlsygc.fang.com/
Logger:2020-03-16 14:08:30.492025 https://qtyjy.fang.com/
Logger:2020-03-16 14:08:30.751371 https://dhtyj.fang.com/
Logger:2020-03-16 14:08:34.464442 https://lyg.newhouse.fang.com/house/s/b98/
Logger:2020-03-16 14:08:38.028864 https://lyg.newhouse.fang.com/house/s/b99/
Logger:2020-03-16 14:08:41.609328 https://lyg.newhouse.fang.com/house/s/b910/
