Logger:2020-03-15 22:17:33.055117 https://macau.newhouse.fang.com/house/s/b91/
Logger:2020-03-15 22:17:33.355376 https://hengqindeguocheng00853.fang.com/
Logger:2020-03-15 22:17:33.737334 https://zitanwenhuazhongxinhq00853.fang.com/
Logger:2020-03-15 22:17:34.088395 https://zhxinghechuanqihuayuan.fang.com/
Logger:2020-03-15 22:17:34.422992 https://112434.fang.com/
Logger:2020-03-15 22:17:37.290456 https://112426.fang.com/
Logger:2020-03-15 22:17:37.711703 https://lianbangguangchang00853.fang.com/
Logger:2020-03-15 22:17:38.061349 https://112372.fang.com/
Logger:2020-03-15 22:17:42.362092 https://k2lizhiwan.fang.com/
Logger:2020-03-15 22:17:45.007105 https://tiejiandashazh.fang.com/
Logger:2020-03-15 22:17:47.720602 https://xiangbinhuayuanay.fang.com/
Logger:2020-03-15 22:17:48.043306 https://zhujiangwanhq.fang.com/
Logger:2020-03-15 22:17:48.422286 https://xingyue00853.fang.com/
Logger:2020-03-15 22:17:48.756014 https://haopo.fang.com/
Logger:2020-03-15 22:17:49.079117 https://xinyumingmen.fang.com/
Logger:2020-03-15 22:17:52.638797 https://jiulongwanlg.fang.com/
Logger:2020-03-15 22:17:52.962919 https://zhonghanghuayuan.fang.com/
Logger:2020-03-15 22:17:53.289025 https://jinfengminghui.fang.com/
Logger:2020-03-15 22:17:55.103659 https://zhongyangguangchanggw.fang.com/
Logger:2020-03-15 22:18:02.842144 https://112430.fang.com/
Logger:2020-03-15 22:18:14.064321 [erro]&&&https://xhsdgjhy.fang.com/
Logger:2020-03-15 22:18:17.721177 https://macau.newhouse.fang.com/house/s/b92/
Logger:2020-03-15 22:18:19.041362 https://xzbwhyj.fang.com/
Logger:2020-03-15 22:18:19.357308 https://tianjinam.fang.com/
Logger:2020-03-15 22:18:19.907481 https://yjlgjhyzh.fang.com/
Logger:2020-03-15 22:18:20.255526 https://qhwhr.fang.com/
Logger:2020-03-15 22:18:20.641035 https://hongshudonganwk.fang.com/
Logger:2020-03-15 22:18:21.083295 https://hengqinwanquyihao.fang.com/
Logger:2020-03-15 22:18:24.380594 https://112410.fang.com/
Logger:2020-03-15 22:18:24.723607 https://hengrongchengshixg.fang.com/
Logger:2020-03-15 22:18:25.083461 https://binhaitianjibgyhf00853.fang.com/
Logger:2020-03-15 22:18:25.553737 https://jinhuiguojiguangchang00853.fang.com/
Logger:2020-03-15 22:18:25.950612 https://112376.fang.com/
Logger:2020-03-15 22:18:27.966102 https://longguangjiulongxi.fang.com/
Logger:2020-03-15 22:18:28.294263 https://hyyyczh.fang.com/
Logger:2020-03-15 22:18:28.674244 https://112404.fang.com/
Logger:2020-03-15 22:18:29.116251 https://shiguangxuhqw.fang.com/
Logger:2020-03-15 22:18:30.437026 https://cuihuxiangshanjzlc00853.fang.com/
Logger:2020-03-15 22:18:34.532053 https://112382.fang.com/
Logger:2020-03-15 22:18:34.847580 https://yijinggongguanzy.fang.com/
Logger:2020-03-15 22:18:36.186032 https://yunshuiguantanghuayuanrc.fang.com/
Logger:2020-03-15 22:18:36.631726 https://shengdongjiangshanfu.fang.com/
Logger:2020-03-15 22:18:39.977913 https://macau.newhouse.fang.com/house/s/b93/
Logger:2020-03-15 22:18:41.283945 https://jiulonghu00853.fang.com/
Logger:2020-03-15 22:18:41.604457 https://yijunxingyuan00853.fang.com/
Logger:2020-03-15 22:18:42.044282 https://banshanting00853.fang.com/
Logger:2020-03-15 22:18:42.381448 https://112400.fang.com/
Logger:2020-03-15 22:18:43.800074 https://zhonghuanguangchangsdbl.fang.com/
Logger:2020-03-15 22:18:44.981876 https://bhzxrh.fang.com/
Logger:2020-03-15 22:18:45.435640 https://fuliupaiparkzh.fang.com/
Logger:2020-03-15 22:18:45.773002 https://haiquanwanhuayuanhd00853.fang.com/
Logger:2020-03-15 22:18:46.113128 https://siyueyunguzh.fang.com/
Logger:2020-03-15 22:18:47.571650 https://huafayuefu00853.fang.com/
Logger:2020-03-15 22:18:49.444444 https://112432.fang.com/
Logger:2020-03-15 22:18:49.722215 https://caifuzhongxinhq.fang.com/
Logger:2020-03-15 22:18:52.614773 https://cuihuyuansr.fang.com/
Logger:2020-03-15 22:18:52.943180 https://112408.fang.com/
Logger:2020-03-15 22:18:53.345247 https://jinrongzhongxinzd00853.fang.com/
Logger:2020-03-15 22:18:54.230275 https://zhenwanguojibgy00853.fang.com/
Logger:2020-03-15 22:18:54.549383 https://shengshiguojiguangchangzy00853.fang.com/
Logger:2020-03-15 22:18:54.928367 https://youyuexianggeli00853.fang.com/
Logger:2020-03-15 22:18:55.325373 https://taihezhongyangguangchangzh.fang.com/
Logger:2020-03-15 22:18:55.667369 https://hengqinwanxiangshijie.fang.com/
Logger:2020-03-15 22:18:58.983617 https://macau.newhouse.fang.com/house/s/b94/
Logger:2020-03-15 22:19:01.446135 https://gelihaian00853.fang.com/
Logger:2020-03-15 22:19:01.779328 https://bokaxinshidai.fang.com/
Logger:2020-03-15 22:19:03.989505 https://112378.fang.com/
Logger:2020-03-15 22:19:06.375209 https://hycfzx00853.fang.com/
Logger:2020-03-15 22:19:08.549347 https://hengdalvzhou00853.fang.com/
Logger:2020-03-15 22:19:08.847588 https://fangdachengdasha.fang.com/
Logger:2020-03-15 22:19:09.206550 https://zhenwanshuzh.fang.com/
Logger:2020-03-15 22:19:09.695527 https://hflyw.fang.com/
Logger:2020-03-15 22:19:10.029466 https://longfujingdu.fang.com/
Logger:2020-03-15 22:19:10.377057 https://jxhsygc.fang.com/
Logger:2020-03-15 22:19:10.844433 https://zaguangchang.fang.com/00853/
Logger:2020-03-15 22:19:11.929530 https://112394.fang.com/
Logger:2020-03-15 22:19:12.260722 https://huchengdajinglhlg00853.fang.com/
Logger:2020-03-15 22:19:13.325961 https://hcdjw00853.fang.com/
Logger:2020-03-15 22:19:15.634139 https://jiulongshanlg.fang.com/
Logger:2020-03-15 22:19:16.535053 https://yyhfzs.fang.com/
Logger:2020-03-15 22:19:16.961151 https://shijichengjd.fang.com/
Logger:2020-03-15 22:19:17.250463 https://wwsly.fang.com/
Logger:2020-03-15 22:19:19.330131 https://diwuyuanwk00853.fang.com/
Logger:2020-03-15 22:19:19.740997 https://112374.fang.com/
Logger:2020-03-15 22:19:23.998291 https://macau.newhouse.fang.com/house/s/b95/
Logger:2020-03-15 22:19:24.279232 https://guanshanhaiay00853.fang.com/
Logger:2020-03-15 22:19:24.780907 https://guangyindaduhui.fang.com/
Logger:2020-03-15 22:19:25.186763 https://gjhyztnd.fang.com/
Logger:2020-03-15 22:19:27.000694 https://qinglvwan1hao.fang.com/
Logger:2020-03-15 22:19:27.351728 https://jiulonghuilg.fang.com/
Logger:2020-03-15 22:19:27.689816 https://tianqingyuekaiguangchang.fang.com/
Logger:2020-03-15 22:19:28.092331 https://haipanshanzy00853.fang.com/
Logger:2020-03-15 22:19:28.408057 https://guiyuxiangshanytlc.fang.com/
Logger:2020-03-15 22:19:29.692208 https://hailunguojizs.fang.com/
Logger:2020-03-15 22:19:30.041800 https://wlggzh.fang.com/
Logger:2020-03-15 22:19:30.484163 https://zhongaochuncheng00853.fang.com/
Logger:2020-03-15 22:19:30.878140 https://putihaizh.fang.com/
Logger:2020-03-15 22:19:31.197313 https://guojiguangchangbl00853.fang.com/
Logger:2020-03-15 22:19:31.522394 https://wtsds.fang.com/
Logger:2020-03-15 22:19:31.974666 https://hengqinguangchangzjht.fang.com/
Logger:2020-03-15 22:19:32.305233 https://112416.fang.com/
Logger:2020-03-15 22:19:34.910715 https://tianchengfengjingay00853.fang.com/
Logger:2020-03-15 22:19:36.447439 https://futongshangwudashays.fang.com/
Logger:2020-03-15 22:19:36.766585 https://guojiguangchangbjd.fang.com/
Logger:2020-03-15 22:19:37.173498 https://yychf.fang.com/
Logger:2020-03-15 22:19:41.246489 https://macau.newhouse.fang.com/house/s/b96/
Logger:2020-03-15 22:19:41.556628 https://xiangshanmeijingay.fang.com/
Logger:2020-03-15 22:19:41.926662 https://huafafengshang00853.fang.com/
Logger:2020-03-15 22:19:42.306790 https://sdgchr00853.fang.com/
Logger:2020-03-15 22:19:42.702313 https://panshanyuhai.fang.com/
Logger:2020-03-15 22:19:43.046424 https://yhfzs.fang.com/
Logger:2020-03-15 22:19:43.379488 https://112386.fang.com/
Logger:2020-03-15 22:19:43.790595 https://baolaikangdasha00853.fang.com/
Logger:2020-03-15 22:19:44.114396 https://jiulongzhongxinsy.fang.com/
Logger:2020-03-15 22:19:44.448011 https://hqzbds00853.fang.com/
Logger:2020-03-15 22:19:44.777168 https://gjswzxhf.fang.com/
Logger:2020-03-15 22:19:46.261570 https://tangjiashu.fang.com/
Logger:2020-03-15 22:19:46.606627 https://shidaiqingcheng00853.fang.com/
Logger:2020-03-15 22:19:46.955661 https://jiuyuewanty.fang.com/
Logger:2020-03-15 22:19:47.358585 https://yishanjunhf00853.fang.com/
Logger:2020-03-15 22:19:49.385527 https://jinsemingduhq00853.fang.com/
Logger:2020-03-15 22:19:50.357103 https://detaihuating00853.fang.com/
Logger:2020-03-15 22:19:50.696263 https://langtingzh.fang.com/
Logger:2020-03-15 22:19:51.189915 https://lhjrzx.fang.com/
Logger:2020-03-15 22:19:51.544529 https://yihaoyuancf00853.fang.com/
Logger:2020-03-15 22:19:52.124243 https://tianjulhzh.fang.com/
Logger:2020-03-15 22:19:56.704393 https://macau.newhouse.fang.com/house/s/b97/
Logger:2020-03-15 22:19:57.011508 https://bhbdrh.fang.com/
Logger:2020-03-15 22:19:58.533622 https://xianghailihlb.fang.com/
Logger:2020-03-15 22:19:59.357479 https://nanwanbeianzs.fang.com/
Logger:2020-03-15 22:19:59.752388 https://yuchengjinwan00853.fang.com/
Logger:2020-03-15 22:20:00.171241 https://shangdonglingyu00853.fang.com/
Logger:2020-03-15 22:20:00.624622 https://lej.fang.com/
Logger:2020-03-15 22:20:01.058674 https://112420.fang.com/
Logger:2020-03-15 22:20:01.454147 https://liyuancf.fang.com/
Logger:2020-03-15 22:20:01.990779 https://nanguangdasha.fang.com/
Logger:2020-03-15 22:20:02.306957 https://junruihd.fang.com/
Logger:2020-03-15 22:20:02.729500 https://shihua66haowk.fang.com/
Logger:2020-03-15 22:20:03.143391 https://jinmaozuobiaohq00853.fang.com/
Logger:2020-03-15 22:20:06.134786 https://zhonganguangchang.fang.com/
Logger:2020-03-15 22:20:06.430029 https://boruiwan.fang.com/
Logger:2020-03-15 22:20:06.903714 https://fulizhongixn00853.fang.com/
Logger:2020-03-15 22:20:07.325587 https://zghrds.fang.com/
Logger:2020-03-15 22:20:09.490304 https://huafaguojihaian.fang.com/
Logger:2020-03-15 22:20:09.938147 https://tianyuefubgu00853.fang.com/
Logger:2020-03-15 22:20:12.544100 https://xhyjy00853.fang.com/2/
Logger:2020-03-15 22:20:13.018866 https://jiajingkangcheng00853.fang.com/
Logger:2020-03-15 22:20:17.173485 https://macau.newhouse.fang.com/house/s/b98/
Logger:2020-03-15 22:20:17.457419 https://wkfczyzh.fang.com/
Logger:2020-03-15 22:20:17.900764 https://112402.fang.com/
Logger:2020-03-15 22:20:18.302713 https://wanquxingzuozh.fang.com/
Logger:2020-03-15 22:20:18.752878 https://chengfengguangchang00853.fang.com/
Logger:2020-03-15 22:20:19.076602 https://guojidashahc00853.fang.com/
Logger:2020-03-15 22:20:19.510405 https://gangzhuaoiscshouzuo.fang.com/
Logger:2020-03-15 22:20:19.853531 https://shidaiguangchangytc00853.fang.com/
Logger:2020-03-15 22:20:21.306141 https://pingshajiuhao00853.fang.com/
Logger:2020-03-15 22:20:21.628274 https://jinghuajiariwan00853.fang.com/
Logger:2020-03-15 22:20:21.976886 https://jiahecheng00853.fang.com/
Logger:2020-03-15 22:20:22.312766 https://wanxiangjunyjl00853.fang.com/
Logger:2020-03-15 22:20:24.033528 https://yuanyangfanhualiht00853.fang.com/
Logger:2020-03-15 22:20:24.439074 https://lfgongguan.fang.com/
Logger:2020-03-15 22:20:26.419944 https://jxgjhc00853.fang.com/
Logger:2020-03-15 22:20:27.473043 https://linglongfuzh.fang.com/
Logger:2020-03-15 22:20:29.669566 https://xiangshengfudi00853.fang.com/
Logger:2020-03-15 22:20:30.070509 https://dongfangrunyuan00853.fang.com/
Logger:2020-03-15 22:20:30.442553 https://jxhwc00853.fang.com/
Logger:2020-03-15 22:20:30.800597 https://dongfangshuwz00853.fang.com/
Logger:2020-03-15 22:20:32.128848 https://xihuayuan00853.fang.com/
Logger:2020-03-15 22:20:36.499111 https://macau.newhouse.fang.com/house/s/b99/
Logger:2020-03-15 22:20:38.413593 https://112414.fang.com/
Logger:2020-03-15 22:20:38.744718 https://112398.fang.com/
Logger:2020-03-15 22:20:39.314183 https://xushengwenhua.fang.com/
Logger:2020-03-15 22:20:39.648481 https://112406.fang.com/
Logger:2020-03-15 22:20:40.000610 https://huxinlihlb.fang.com/
Logger:2020-03-15 22:20:40.466496 https://deruihuayuan00853.fang.com/
Logger:2020-03-15 22:20:40.813180 https://chengfengyayuanjzy.fang.com/
Logger:2020-03-15 22:20:41.255042 https://ziyueshanty00853.fang.com/
Logger:2020-03-15 22:20:41.664865 https://jiangshanhuihy00853.fang.com/
Logger:2020-03-15 22:20:42.637947 https://glbljd.fang.com/
Logger:2020-03-15 22:20:42.971584 https://sbbyyd00853.fang.com/
Logger:2020-03-15 22:20:43.347578 https://yijingmingtingzh.fang.com/
Logger:2020-03-15 22:20:43.680691 https://litengjinliwan.fang.com/
Logger:2020-03-15 22:20:46.556723 https://112380.fang.com/
Logger:2020-03-15 22:20:46.889797 https://xianghaiyihaojz.fang.com/
Logger:2020-03-15 22:20:48.349343 https://tianqibgybl00853.fang.com/
Logger:2020-03-15 22:20:51.521899 https://dcpszxc.fang.com/
Logger:2020-03-15 22:20:51.880775 https://yufengmingmen00853.fang.com/
Logger:2020-03-15 22:20:57.377113 https://jinfengshangpinyuan.fang.com/
Logger:2020-03-15 22:20:57.863035 https://lsdxjgc00853.fang.com/
Logger:2020-03-15 22:21:01.764698 https://macau.newhouse.fang.com/house/s/b910/
Logger:2020-03-15 22:21:01.983116 https://zhpycyyxzgg.fang.com/
Logger:2020-03-15 22:21:04.298609 https://112396.fang.com/
Logger:2020-03-15 22:21:07.979713 https://macau.newhouse.fang.com/house/s/b911/
Logger:2020-03-15 22:21:11.567008 https://macau.newhouse.fang.com/house/s/b912/
Logger:2020-03-15 22:21:15.136895 https://macau.newhouse.fang.com/house/s/b913/
