Logger:2020-03-16 00:41:50.267473 https://maoming.newhouse.fang.com/house/s/b91/
Logger:2020-03-16 00:41:52.066433 https://henglongxincheng.fang.com/
Logger:2020-03-16 00:41:52.316878 https://bgycysf.fang.com/
Logger:2020-03-16 00:41:54.633932 https://lvdisijiyinxiang.fang.com/
Logger:2020-03-16 00:41:54.884446 https://dbwdgc.fang.com/
Logger:2020-03-16 00:41:55.134553 https://hzbgyssmm.fang.com/
Logger:2020-03-16 00:41:55.384212 https://shhsc0668.fang.com/
Logger:2020-03-16 00:41:55.649316 https://mmhdyhc.fang.com/
Logger:2020-03-16 00:41:58.813037 https://bgycshy0668.fang.com/
Logger:2020-03-16 00:42:00.925281 https://mmblth.fang.com/
Logger:2020-03-16 00:42:01.189817 https://caifushengshi.fang.com/
Logger:2020-03-16 00:42:03.463072 https://yuanyangshanshui0668.fang.com/
Logger:2020-03-16 00:42:04.353758 https://nyxdc0668.fang.com/
Logger:2020-03-16 00:42:04.619513 https://baolidongwan0668.fang.com/
Logger:2020-03-16 00:42:04.853425 https://mmbgydmf.fang.com/
Logger:2020-03-16 00:42:05.135059 https://maominghengdawaitanshangzhu.fang.com/
Logger:2020-03-16 00:42:07.946387 https://mmblddh.fang.com/
Logger:2020-03-16 00:42:08.461891 https://yujinghuacheng0668.fang.com/
Logger:2020-03-16 00:42:08.701803 https://hzlyxtd.fang.com/
Logger:2020-03-16 00:42:10.966812 https://lggzylw.fang.com/
Logger:2020-03-16 00:42:11.201071 https://mjrfxdgj.fang.com/
Logger:2020-03-16 00:42:14.465660 https://maoming.newhouse.fang.com/house/s/b92/
Logger:2020-03-16 00:42:16.403419 https://biguiyuansshfhz.fang.com/
Logger:2020-03-16 00:42:17.486033 https://lhcjtx0668.fang.com/
Logger:2020-03-16 00:42:17.736640 https://baolizhgc.fang.com/
Logger:2020-03-16 00:42:17.970782 https://xinyiminjielongshanyuanzhu.fang.com/
Logger:2020-03-16 00:42:18.267059 https://shengjinghuayuan0668.fang.com/
Logger:2020-03-16 00:42:21.157696 https://languangbinhaiyulongwan.fang.com/
Logger:2020-03-16 00:42:22.391086 https://hongfengxincheng.fang.com/
Logger:2020-03-16 00:42:22.641630 https://jyhwc.fang.com/
Logger:2020-03-16 00:42:22.891572 https://ruihengxincheng.fang.com/
Logger:2020-03-16 00:42:23.407120 https://ljgjhc.fang.com/
Logger:2020-03-16 00:42:23.643821 https://huaxundazhai0668.fang.com/
Logger:2020-03-16 00:42:26.056102 https://yifang.fang.com/
Logger:2020-03-16 00:42:26.290443 https://hyslsjbs.fang.com/
Logger:2020-03-16 00:42:26.571834 https://hongfuhaoting.fang.com/
Logger:2020-03-16 00:42:26.836846 https://lgyjbd0668.fang.com/
Logger:2020-03-16 00:42:29.961709 https://panzhoumingmen.fang.com/
Logger:2020-03-16 00:42:30.196119 https://yueximingzhu.fang.com/
Logger:2020-03-16 00:42:30.507864 https://hjmzxc.fang.com/
Logger:2020-03-16 00:42:30.742647 https://xybgyfhc.fang.com/
Logger:2020-03-16 00:42:31.023315 https://bfgc.fang.com/
Logger:2020-03-16 00:42:35.169593 https://maoming.newhouse.fang.com/house/s/b93/
Logger:2020-03-16 00:42:35.357049 https://ygcwlf0668.fang.com/
Logger:2020-03-16 00:42:37.732027 https://mmhlsd.fang.com/
Logger:2020-03-16 00:42:40.059065 https://juzhouyihao.fang.com/
Logger:2020-03-16 00:42:40.309224 https://wncsjhf.fang.com/
Logger:2020-03-16 00:42:42.508105 https://hfmy0668.fang.com/
Logger:2020-03-16 00:42:42.804216 https://jkjmfh.fang.com/
Logger:2020-03-16 00:42:43.257945 https://yjyxy.fang.com/
Logger:2020-03-16 00:42:43.523162 https://gzzlgbyh.fang.com/
Logger:2020-03-16 00:42:43.741494 https://lanjinghuating.fang.com/
Logger:2020-03-16 00:42:45.928790 https://minjiegongyuanmingfu.fang.com/
Logger:2020-03-16 00:42:46.163199 https://jiafu.fang.com/
Logger:2020-03-16 00:42:46.397118 https://haijingmingzhubjsg.fang.com/
Logger:2020-03-16 00:42:46.631437 https://lihaotiancheng.fang.com/
Logger:2020-03-16 00:42:46.912845 https://huijiangmingyuan.fang.com/
Logger:2020-03-16 00:42:47.162563 https://dhmyc.fang.com/
Logger:2020-03-16 00:42:47.413273 https://haipoyutinglt.fang.com/
Logger:2020-03-16 00:42:47.662444 https://cgsjc.fang.com/
Logger:2020-03-16 00:42:47.944267 https://gzbgykxhf.fang.com/
Logger:2020-03-16 00:42:49.798475 https://dongfanglvzhou0668.fang.com/
Logger:2020-03-16 00:42:50.079968 https://maomingmeidizhiyeguangchang.fang.com/
Logger:2020-03-16 00:42:53.954831 https://maoming.newhouse.fang.com/house/s/b94/
Logger:2020-03-16 00:42:54.219674 https://bhwyh.fang.com/
Logger:2020-03-16 00:42:54.454036 https://hjxfl0668.fang.com/
Logger:2020-03-16 00:42:55.266815 https://hfsc0668.fang.com/
Logger:2020-03-16 00:42:55.516977 https://lijingxincheng0668.fang.com/
Logger:2020-03-16 00:42:55.789470 https://xinxingyujinlinfu.fang.com/
Logger:2020-03-16 00:42:56.023791 https://yingjiahuafu.fang.com/
Logger:2020-03-16 00:42:56.242564 https://yujinghaoting0668.fang.com/
Logger:2020-03-16 00:42:58.013909 https://senyuxichengwendu.fang.com/
Logger:2020-03-16 00:43:02.866618 https://fcyy0668.fang.com/
Logger:2020-03-16 00:43:04.794241 https://hybhyy.fang.com/
Logger:2020-03-16 00:43:05.013277 https://jkmdjmjy.fang.com/
Logger:2020-03-16 00:43:05.278545 https://dbbgy.fang.com/
Logger:2020-03-16 00:43:05.497201 https://ygcflgg0668.fang.com/
Logger:2020-03-16 00:43:05.794006 https://tianyuyipin.fang.com/
Logger:2020-03-16 00:43:10.308607 https://zxhjhy.fang.com/
Logger:2020-03-16 00:43:13.595334 https://jxssmj.fang.com/
Logger:2020-03-16 00:43:16.831335 https://sdw1h.fang.com/
Logger:2020-03-16 00:43:17.112471 https://maomingjunmingcheng.fang.com/
Logger:2020-03-16 00:43:17.346945 https://zhhlf.fang.com/
Logger:2020-03-16 00:43:20.029758 https://dongjiangjincheng.fang.com/
Logger:2020-03-16 00:43:24.626776 https://maoming.newhouse.fang.com/house/s/b95/
Logger:2020-03-16 00:43:24.860409 https://yulinjingyuan.fang.com/
Logger:2020-03-16 00:43:25.157176 https://huilongyujinghy.fang.com/2/
Logger:2020-03-16 00:43:25.407117 https://jinyushijia0668.fang.com/
Logger:2020-03-16 00:43:27.123153 https://zlxhw.fang.com/
Logger:2020-03-16 00:43:27.403907 https://hztjyy.fang.com/
Logger:2020-03-16 00:43:27.794743 https://guoxinyihao.fang.com/
Logger:2020-03-16 00:43:28.044423 https://cfsj0668.fang.com/
Logger:2020-03-16 00:43:29.285839 https://mmtyhc.fang.com/
Logger:2020-03-16 00:43:29.551798 https://mjjxyz0668.fang.com/
Logger:2020-03-16 00:43:29.785720 https://haojiang.fang.com/
Logger:2020-03-16 00:43:30.020040 https://shimaoyunting.fang.com/
Logger:2020-03-16 00:43:30.269981 https://mmdxyy.fang.com/
Logger:2020-03-16 00:43:30.551175 https://xydhc.fang.com/
Logger:2020-03-16 00:43:30.785943 https://gqbgy.fang.com/
Logger:2020-03-16 00:43:33.222879 https://qingyuanwan0668.fang.com/
Logger:2020-03-16 00:43:33.473107 https://hefuhaoting0668.fang.com/
Logger:2020-03-16 00:43:33.704537 https://lvjingxincun.fang.com/
Logger:2020-03-16 00:43:35.812697 https://hnsmc.fang.com/
Logger:2020-03-16 00:43:39.365595 https://maoming.newhouse.fang.com/house/s/b96/
Logger:2020-03-16 00:43:42.798633 https://maoming.newhouse.fang.com/house/s/b97/
Logger:2020-03-16 00:43:46.288522 https://maoming.newhouse.fang.com/house/s/b98/
