Logger:2020-03-15 22:02:27.424523 https://mas.newhouse.fang.com/house/s/b91/
Logger:2020-03-15 22:02:27.711771 https://feicuiwanhd.fang.com/
Logger:2020-03-15 22:02:28.175548 https://hanchengshijiabgy.fang.com/
Logger:2020-03-15 22:02:28.515638 https://linyuchunfengjy.fang.com/
Logger:2020-03-15 22:02:42.098683 https://biguiyuanbinjiangshijia.fang.com/
Logger:2020-03-15 22:02:42.471911 https://chengbgyrsh.fang.com/
Logger:2020-03-15 22:02:47.987995 https://guxijinyuaks.fang.com/
Logger:2020-03-15 22:02:59.657274 https://gongyuanshangchengbgy0555.fang.com/
Logger:2020-03-15 22:03:00.085129 https://xihuafuls0555.fang.com/
Logger:2020-03-15 22:03:00.423225 https://dongfangchengch.fang.com/
Logger:2020-03-15 22:03:00.818700 https://haitangwancl.fang.com/
Logger:2020-03-15 22:03:01.176406 https://shenyehuafu0555.fang.com/
Logger:2020-03-15 22:03:11.354490 https://tianyubgy0555.fang.com/
Logger:2020-03-15 22:03:11.681615 https://xindachengxs.fang.com/
Logger:2020-03-15 22:03:13.044886 https://zhenxiujinhuwan.fang.com/
Logger:2020-03-15 22:03:13.434874 https://zhongnanxiyue0555.fang.com/
Logger:2020-03-15 22:03:13.924539 https://senlongyingjun.fang.com/
Logger:2020-03-15 22:03:14.355059 https://weixingtianxi0555.fang.com/
Logger:2020-03-15 22:03:14.729022 https://xinchengjingyue.fang.com/
Logger:2020-03-15 22:03:15.157565 https://xiangshanmeishuyjy.fang.com/
Logger:2020-03-15 22:03:15.565516 https://jinyuefuxc.fang.com/
Logger:2020-03-15 22:03:19.598939 https://mas.newhouse.fang.com/house/s/b92/
Logger:2020-03-15 22:03:19.918120 https://guobinfuzc.fang.com/
Logger:2020-03-15 22:03:29.296977 https://xuefuliht.fang.com/
Logger:2020-03-15 22:03:29.653365 https://zhongyanghuachengwd2.fang.com/
Logger:2020-03-15 22:03:37.756278 https://jiatianxiadt.fang.com/
Logger:2020-03-15 22:03:43.590630 https://xindagongyuanjun.fang.com/
Logger:2020-03-15 22:03:44.234854 https://weixingjiuzhangtai.fang.com/
Logger:2020-03-15 22:03:44.562983 https://junyuehuatinghb.fang.com/
Logger:2020-03-15 22:03:45.014195 https://lanchengtaoranli.fang.com/
Logger:2020-03-15 22:03:54.689605 https://yilanjunyckqc.fang.com/
Logger:2020-03-15 22:03:55.178174 https://changjiangxiankqc0555.fang.com/
Logger:2020-03-15 22:03:55.697764 https://jinselicheng0555.fang.com/
Logger:2020-03-15 22:04:08.566635 https://s9zijinzhuangyuanbgy.fang.com/
Logger:2020-03-15 22:04:08.982202 https://jinyingtiandi0555.fang.com/
Logger:2020-03-15 22:04:14.012355 https://feicuihaotingdt.fang.com/
Logger:2020-03-15 22:04:14.511410 https://longyintaiwx.fang.com/
Logger:2020-03-15 22:04:14.902445 https://jiangwanxinchengmf0555.fang.com/
Logger:2020-03-15 22:04:15.276692 https://weixingtianjing.fang.com/
Logger:2020-03-15 22:04:15.726394 https://binjiangjun.fang.com/
Logger:2020-03-15 22:04:19.877308 https://youyichengsmmf.fang.com/
Logger:2020-03-15 22:04:20.261239 https://aokesiguxiwenhua.fang.com/
Logger:2020-03-15 22:04:24.223405 https://mas.newhouse.fang.com/house/s/b93/
Logger:2020-03-15 22:04:30.991237 https://shangjingyuanjz.fang.com/
Logger:2020-03-15 22:04:31.357308 https://chuntianxuefu.fang.com/
Logger:2020-03-15 22:04:37.074147 https://fenglinjiayuan0555.fang.com/
Logger:2020-03-15 22:04:37.492029 https://hetangyuese0555.fang.com/
Logger:2020-03-15 22:04:37.947514 https://wencuiyuannz.fang.com/
Logger:2020-03-15 22:04:42.908332 https://shanyingshuangchenghuidt.fang.com/
Logger:2020-03-15 22:04:49.039513 https://yangguangweinisidt.fang.com/
Logger:2020-03-15 22:04:52.935980 https://mas.newhouse.fang.com/house/s/b94/
Logger:2020-03-15 22:04:57.720903 https://mas.newhouse.fang.com/house/s/b95/
Logger:2020-03-15 22:05:01.571027 https://mas.newhouse.fang.com/house/s/b96/
