Logger:2020-03-16 20:50:22.483397 https://meishan.newhouse.fang.com/house/s/b91/
Logger:2020-03-16 20:50:22.760615 https://hengdayuefu028.fang.com/
Logger:2020-03-16 20:50:23.076768 https://wanjingjinyuan.fang.com/
Logger:2020-03-16 20:50:26.533810 https://hejinglingfeng028.fang.com/
Logger:2020-03-16 20:50:26.843937 https://wanjingfenghui.fang.com/
Logger:2020-03-16 20:50:27.104911 https://luhuyunjintai.fang.com/
Logger:2020-03-16 20:50:27.401155 https://ldkxgjgg.fang.com/
Logger:2020-03-16 20:50:27.767203 https://meidiyunxijun.fang.com/
Logger:2020-03-16 20:50:28.049384 https://wkzgmzwhc.fang.com/
Logger:2020-03-16 20:50:33.825945 https://lxjsmd.fang.com/
Logger:2020-03-16 20:50:34.137598 https://chunxiguangchang.fang.com/
Logger:2020-03-16 20:50:34.498248 https://xichenggongguan028.fang.com/
Logger:2020-03-16 20:50:39.729162 https://dongpoli.fang.com/
Logger:2020-03-16 20:50:40.017413 https://jhybhy028.fang.com/
Logger:2020-03-16 20:50:40.301557 https://ttbsyt.fang.com/
Logger:2020-03-16 20:50:40.708977 https://jxbjhf.fang.com/
Logger:2020-03-16 20:50:41.230646 https://wanjinghuanlesong.fang.com/
Logger:2020-03-16 20:50:44.135040 https://jiazhouguojicheng.fang.com/
Logger:2020-03-16 20:50:46.454186 https://jiuhaogongguan028.fang.com/
Logger:2020-03-16 20:50:46.794734 https://huafu1918.fang.com/
Logger:2020-03-16 20:50:49.716038 https://yunluxiaozhen.fang.com/
Logger:2020-03-16 20:50:53.346239 https://meishan.newhouse.fang.com/house/s/b92/
Logger:2020-03-16 20:50:53.636881 https://lingditianyu028.fang.com/
Logger:2020-03-16 20:50:53.925488 https://nanhushijia.fang.com/
Logger:2020-03-16 20:50:54.277570 https://ttjrf.fang.com/
Logger:2020-03-16 20:50:54.560781 https://renzhongfenghua.fang.com/
Logger:2020-03-16 20:50:54.869960 https://h.fang.com/
Logger:2020-03-16 20:50:55.262896 https://hlgjzx028.fang.com/
Logger:2020-03-16 20:50:59.426438 https://dxgjgc.fang.com/1/
Logger:2020-03-16 20:50:59.763538 https://biguiyuantianyu028.fang.com/
Logger:2020-03-16 20:51:00.081192 https://jiangkoushuizhen.fang.com/
Logger:2020-03-16 20:51:00.372210 https://xuhuigongyuanxian.fang.com/
Logger:2020-03-16 20:51:00.748693 https://jiangtianyue.fang.com/
Logger:2020-03-16 20:51:01.092746 https://xcyjtf.fang.com/
Logger:2020-03-16 20:51:01.494233 https://rcjlx.fang.com/
Logger:2020-03-16 20:51:01.825779 https://biguiyuanchengyangshoufu.fang.com/
Logger:2020-03-16 20:51:02.077690 https://bjfcc.fang.com/
Logger:2020-03-16 20:51:02.438238 https://yingbinyihao028.fang.com/
Logger:2020-03-16 20:51:02.728458 https://ldltf028.fang.com/
Logger:2020-03-16 20:51:03.000776 https://lingdihuayu.fang.com/2/
Logger:2020-03-16 20:51:03.269048 https://tfhdwhlyc.fang.com/
Logger:2020-03-16 20:51:05.732649 https://qianfengwl.fang.com/
Logger:2020-03-16 20:51:09.659678 https://meishan.newhouse.fang.com/house/s/b93/
Logger:2020-03-16 20:51:10.028279 https://sctfbj.fang.com/
Logger:2020-03-16 20:51:10.373294 https://guanghuihuimingcheng.fang.com/
Logger:2020-03-16 20:51:11.148204 https://wangdamingyuan.fang.com/
Logger:2020-03-16 20:51:11.569742 https://wjcpyz.fang.com/
Logger:2020-03-16 20:51:13.641997 https://bcgsf.fang.com/
Logger:2020-03-16 20:51:13.941198 https://linjiangfengjing.fang.com/
Logger:2020-03-16 20:51:14.277922 https://chuanfalanguangfurongtianfu.fang.com/
Logger:2020-03-16 20:51:14.590686 https://lvzhoujunwfj.fang.com/
Logger:2020-03-16 20:51:14.917297 https://jiutianyichengrc.fang.com/
Logger:2020-03-16 20:51:15.201555 https://wangzu1881.fang.com/
Logger:2020-03-16 20:51:15.592473 https://kailixincheng.fang.com/2/
Logger:2020-03-16 20:51:15.907332 https://baolirenli.fang.com/
Logger:2020-03-16 20:51:17.269234 https://beichengshidai.fang.com/
Logger:2020-03-16 20:51:20.442822 https://beihuchuntian028.fang.com/
Logger:2020-03-16 20:51:20.774446 https://hfzl.fang.com/
Logger:2020-03-16 20:51:21.369378 https://dxgjgc.fang.com/
Logger:2020-03-16 20:51:21.672096 https://ldhnsd.fang.com/
Logger:2020-03-16 20:51:22.016176 https://lufengzonglvdao.fang.com/
Logger:2020-03-16 20:51:22.389170 https://tianfuyuncheng.fang.com/
Logger:2020-03-16 20:51:22.763228 https://guanchiguantianfu.fang.com/
Logger:2020-03-16 20:51:27.005753 https://meishan.newhouse.fang.com/house/s/b94/
Logger:2020-03-16 20:51:27.306948 https://tianfuwankecheng028.fang.com/
Logger:2020-03-16 20:51:29.547579 https://bgyljf.fang.com/
Logger:2020-03-16 20:51:31.755869 https://yuejuntianjiaoxc.fang.com/
Logger:2020-03-16 20:51:32.064630 https://mgsjc.fang.com/
Logger:2020-03-16 20:51:32.445450 https://huayujinxiuhuacheng.fang.com/
Logger:2020-03-16 20:51:32.863355 https://wankerenfeng.fang.com/
Logger:2020-03-16 20:51:35.145204 https://jiangshanlirxrh.fang.com/
Logger:2020-03-16 20:51:35.454405 https://guanlanchengbang.fang.com/
Logger:2020-03-16 20:51:35.796054 https://yongxingbinhuyihao.fang.com/
Logger:2020-03-16 20:51:36.153569 https://jintaiweilaicheng.fang.com/028/
Logger:2020-03-16 20:51:36.509146 https://emeiqilipingzhoushandao.fang.com/
Logger:2020-03-16 20:51:36.790374 https://ldgjf.fang.com/
Logger:2020-03-16 20:51:37.081633 https://yangguang1519.fang.com/
Logger:2020-03-16 20:51:39.643960 https://jinfunanhubinjiang.fang.com/
Logger:2020-03-16 20:51:40.028952 https://msflyst.fang.com/
Logger:2020-03-16 20:51:42.831548 https://longxitai.fang.com/
Logger:2020-03-16 20:51:43.141219 https://hyzymc.fang.com/
Logger:2020-03-16 20:51:43.444889 https://wuyangqingcheng.fang.com/
Logger:2020-03-16 20:51:46.694500 https://wankemengxiangzhiguang.fang.com/
Logger:2020-03-16 20:51:47.029567 https://jtxjp.fang.com/
Logger:2020-03-16 20:51:50.860941 https://meishan.newhouse.fang.com/house/s/b95/
Logger:2020-03-16 20:51:53.501382 https://znxyf.fang.com/
Logger:2020-03-16 20:51:53.826558 https://mjhhyc.fang.com/
Logger:2020-03-16 20:51:56.642211 https://dachengxiaoyuan028.fang.com/
Logger:2020-03-16 20:51:56.949355 https://danlingmeiguishijicheng.fang.com/
Logger:2020-03-16 20:51:57.227186 https://flxc028.fang.com/028/
Logger:2020-03-16 20:52:00.113321 https://thrhjyf.fang.com/
Logger:2020-03-16 20:52:02.779504 https://qjgjsq.fang.com/
Logger:2020-03-16 20:52:05.385996 https://linglongjun028.fang.com/
Logger:2020-03-16 20:52:05.733067 https://lgmsjlf.fang.com/
Logger:2020-03-16 20:52:06.010363 https://tianfuzhongxincheng.fang.com/
Logger:2020-03-16 20:52:07.152138 https://jiangshanmeishulx.fang.com/
Logger:2020-03-16 20:52:09.625961 https://fuditianfuwan.fang.com/
Logger:2020-03-16 20:52:09.932141 https://yuanzhongdaxidi.fang.com/
Logger:2020-03-16 20:52:10.227772 https://jinshachengjinlange.fang.com/
Logger:2020-03-16 20:52:10.528566 https://shenghuacheng028.fang.com/
Logger:2020-03-16 20:52:11.257968 https://xuefuyihao028.fang.com/
Logger:2020-03-16 20:52:11.876282 https://dongfangyinzuo.fang.com/
Logger:2020-03-16 20:52:12.317900 https://longtengyujin028.fang.com/
Logger:2020-03-16 20:52:14.140124 https://hanlintianfu.fang.com/
Logger:2020-03-16 20:52:14.538550 https://nanhubieyuan.fang.com/
Logger:2020-03-16 20:52:18.736005 https://meishan.newhouse.fang.com/house/s/b96/
Logger:2020-03-16 20:52:19.049138 https://kaixinhuafu.fang.com/
Logger:2020-03-16 20:52:19.356527 https://mttflc.fang.com/
Logger:2020-03-16 20:52:19.657720 https://feicuihaitangwan.fang.com/
Logger:2020-03-16 20:52:20.016797 https://mjfclw.fang.com/
Logger:2020-03-16 20:52:20.338665 https://xhyhh.fang.com/
Logger:2020-03-16 20:52:20.756548 https://zhongyanguangchangwj.fang.com/
Logger:2020-03-16 20:52:21.350958 https://gcxfjj.fang.com/
Logger:2020-03-16 20:52:29.120262 https://nanhubieyuancqu.fang.com/
Logger:2020-03-16 20:52:29.574601 https://linyuankancheng.fang.com/
Logger:2020-03-16 20:52:29.893815 https://hongzhouyihao.fang.com/
Logger:2020-03-16 20:52:30.215884 https://rongjinfu.fang.com/
Logger:2020-03-16 20:52:33.051485 https://weilaichengjt028.fang.com/
Logger:2020-03-16 20:52:37.361906 https://wangdaguangchang.fang.com/
Logger:2020-03-16 20:52:37.696992 https://bandaolongwanzx.fang.com/
Logger:2020-03-16 20:52:40.663576 https://renshoujikeyueceng.fang.com/
Logger:2020-03-16 20:52:41.100045 https://wanxianglvting.fang.com/
Logger:2020-03-16 20:52:44.106277 https://ziyinfu.fang.com/
Logger:2020-03-16 20:52:46.831950 https://jyjjgjyx028.fang.com/
Logger:2020-03-16 20:52:47.185821 https://cxgcfsm.fang.com/
Logger:2020-03-16 20:52:49.655351 https://jyjjgjc.fang.com/
Logger:2020-03-16 20:52:53.989163 https://meishan.newhouse.fang.com/house/s/b97/
Logger:2020-03-16 20:52:54.281982 https://jfcyc.fang.com/
Logger:2020-03-16 20:52:54.586603 https://dpyxsj.fang.com/
Logger:2020-03-16 20:52:54.905750 https://hsmdsygc.fang.com/
Logger:2020-03-16 20:52:55.277754 https://youboyuyuan.fang.com/
Logger:2020-03-16 20:52:59.195549 https://zhuimengchengwjgjeq.fang.com/
Logger:2020-03-16 20:52:59.504725 https://hualuxintiandi.fang.com/
Logger:2020-03-16 20:52:59.825460 https://xiangshuigujie.fang.com/
Logger:2020-03-16 20:53:03.091044 https://mdshgc.fang.com/
Logger:2020-03-16 20:53:03.432130 https://jiuxiangshifangwj.fang.com/
Logger:2020-03-16 20:53:05.384441 https://dxfgj.fang.com/
Logger:2020-03-16 20:53:07.892590 https://jhgjqcc.fang.com/
Logger:2020-03-16 20:53:10.745286 https://zyxyh.fang.com/
Logger:2020-03-16 20:53:13.186170 https://wangzu1881.fang.com/office/
Logger:2020-03-16 20:53:13.488465 https://mjshgc.fang.com/
Logger:2020-03-16 20:53:13.778737 https://bdslhgjdjq.fang.com/
Logger:2020-03-16 20:53:14.083849 https://wjpcfqj.fang.com/
Logger:2020-03-16 20:53:14.436320 https://xingzuobiao.fang.com/
Logger:2020-03-16 20:53:14.739506 https://hjgjwjjdc028.fang.com/
Logger:2020-03-16 20:53:17.695750 https://fxjjjcshgc.fang.com/
Logger:2020-03-16 20:53:17.997872 https://tfgjcbc.fang.com/
Logger:2020-03-16 20:53:22.025512 https://meishan.newhouse.fang.com/house/s/b98/
Logger:2020-03-16 20:53:25.846482 https://meishan.newhouse.fang.com/house/s/b99/
Logger:2020-03-16 20:53:29.457320 https://meishan.newhouse.fang.com/house/s/b910/
