Logger:2020-03-16 00:46:49.533341 https://meizhou.newhouse.fang.com/house/s/b91/
Logger:2020-03-16 00:46:51.111110 https://shanhuyihao0753.fang.com/
Logger:2020-03-16 00:46:51.420840 https://ktxbiguiyuan.fang.com/
Logger:2020-03-16 00:46:51.686183 https://mzhdyjbd.fang.com/
Logger:2020-03-16 00:46:52.973584 https://mzflc.fang.com/
Logger:2020-03-16 00:46:53.457816 https://rcayjlt.fang.com/
Logger:2020-03-16 00:46:54.754175 https://mxbiguiyuan.fang.com/
Logger:2020-03-16 00:46:55.003661 https://shiguangmz.fang.com/
Logger:2020-03-16 00:46:56.677545 https://mzbgydwgj.fang.com/
Logger:2020-03-16 00:46:56.974309 https://baoligongyuanyihao0753.fang.com/
Logger:2020-03-16 00:46:57.224938 https://jiangnanhefubl.fang.com/
Logger:2020-03-16 00:46:57.505953 https://ketianxiadongchengsenlinhu.fang.com/
Logger:2020-03-16 00:46:57.874674 https://whktxxfl.fang.com/
Logger:2020-03-16 00:46:58.515269 https://xhwktxhdxz.fang.com/
Logger:2020-03-16 00:46:58.749777 https://mjjyf2.fang.com/
Logger:2020-03-16 00:46:59.015351 https://wxgjgg.fang.com/
Logger:2020-03-16 00:46:59.327079 https://mjjxhf.fang.com/
Logger:2020-03-16 00:46:59.545801 https://jinxiushoufu.fang.com/
Logger:2020-03-16 00:46:59.780471 https://meizhoufuliyanshanhu.fang.com/
Logger:2020-03-16 00:47:00.082171 https://aoyuanboyufu.fang.com/
Logger:2020-03-16 00:47:00.316345 https://bljnhf.fang.com/2/
Logger:2020-03-16 00:47:03.628350 https://meizhou.newhouse.fang.com/house/s/b92/
Logger:2020-03-16 00:47:04.900325 https://luofuyuquanyipin.fang.com/
Logger:2020-03-16 00:47:05.163697 https://xnnjxc.fang.com/
Logger:2020-03-16 00:47:05.397805 https://biguiyuandb.fang.com/
Logger:2020-03-16 00:47:05.674009 https://wandaguangchang0753.fang.com/
Logger:2020-03-16 00:47:06.955145 https://bgymssf.fang.com/
Logger:2020-03-16 00:47:07.220421 https://sgs1h.fang.com/
Logger:2020-03-16 00:47:07.485618 https://liankangcheng.fang.com/
Logger:2020-03-16 00:47:07.720548 https://pybgy.fang.com/
Logger:2020-03-16 00:47:08.532247 https://liankangyazhu.fang.com/
Logger:2020-03-16 00:47:08.782390 https://dsgbgy.fang.com/
Logger:2020-03-16 00:47:09.047750 https://aymjjxyw.fang.com/
Logger:2020-03-16 00:47:09.297691 https://whbgyfhc.fang.com/
Logger:2020-03-16 00:47:11.225423 https://mzwxjs.fang.com/
Logger:2020-03-16 00:47:11.490985 https://yizhanxiyuan0753.fang.com/
Logger:2020-03-16 00:47:11.772585 https://minjiejinyuefu.fang.com/
Logger:2020-03-16 00:47:12.007183 https://yangguangchengwenlangongguan.fang.com/
Logger:2020-03-16 00:47:12.256429 https://yujingwan0753.fang.com/
Logger:2020-03-16 00:47:12.475128 https://sijicheng0753.fang.com/
Logger:2020-03-16 00:47:14.798243 https://ningjiangxincheng.fang.com/
Logger:2020-03-16 00:47:15.032323 https://aytyw.fang.com/
Logger:2020-03-16 00:47:18.663187 https://meizhou.newhouse.fang.com/house/s/b93/
Logger:2020-03-16 00:47:18.881782 https://zhuguangxcyj.fang.com/
Logger:2020-03-16 00:47:20.966347 https://yinxiangtangjie.fang.com/
Logger:2020-03-16 00:47:21.232210 https://yuyuanjiangnan.fang.com/
Logger:2020-03-16 00:47:21.466503 https://zhongnanyajulefenghui.fang.com/
Logger:2020-03-16 00:47:21.700602 https://fengshunhaitangwan.fang.com/
Logger:2020-03-16 00:47:21.934658 https://chuangjiejinrongzhongxin.fang.com/
Logger:2020-03-16 00:47:22.184560 https://yujinghaoting0753.fang.com/
Logger:2020-03-16 00:47:25.632667 https://shuxiangmendi0753.fang.com/
Logger:2020-03-16 00:47:25.882141 https://aymjty0753.fang.com/
Logger:2020-03-16 00:47:26.132081 https://fsjjmjc.fang.com/
Logger:2020-03-16 00:47:28.209716 https://biguiyuanmj0753.fang.com/2/
Logger:2020-03-16 00:47:28.444035 https://rongchuangguandi.fang.com/
Logger:2020-03-16 00:47:31.523754 https://meizhoufengshunbiguiyuan2.fang.com/
Logger:2020-03-16 00:47:31.743176 https://shanshuichengjx.fang.com/
Logger:2020-03-16 00:47:32.008554 https://kjxsj.fang.com/
Logger:2020-03-16 00:47:32.274328 https://gjwanjiangfu.fang.com/
Logger:2020-03-16 00:47:33.791945 https://jingdianmingchengxn.fang.com/
Logger:2020-03-16 00:47:35.213399 https://jysj0753.fang.com/
Logger:2020-03-16 00:47:35.682335 https://thstcthhhl.fang.com/
Logger:2020-03-16 00:47:37.235501 https://mzzyf.fang.com/
Logger:2020-03-16 00:47:41.141760 https://meizhou.newhouse.fang.com/house/s/b94/
Logger:2020-03-16 00:47:41.345168 https://mzhsgjgg.fang.com/
Logger:2020-03-16 00:47:41.583804 https://shijijinjun0753.fang.com/
Logger:2020-03-16 00:47:41.849916 https://dpcnxc.fang.com/
Logger:2020-03-16 00:47:42.099234 https://xingyiguangchang0753.fang.com/
Logger:2020-03-16 00:47:42.334065 https://yongjiangxingfuli.fang.com/
Logger:2020-03-16 00:47:42.568629 https://bishuimingzhuhj.fang.com/
Logger:2020-03-16 00:47:44.161834 https://xingyiguangchang0753.fang.com/shop/
Logger:2020-03-16 00:47:44.395565 https://mzjkysc.fang.com/
Logger:2020-03-16 00:47:46.376702 https://meizhou.newhouse.fang.com/house/2817255402.htm
Logger:2020-03-16 00:47:46.626796 https://yyangguangcheng.fang.com/
Logger:2020-03-16 00:47:46.891689 https://sjzysz.fang.com/
Logger:2020-03-16 00:47:47.172872 https://guanhuacheng0753.fang.com/
Logger:2020-03-16 00:47:47.407573 https://hsdgly.fang.com/
Logger:2020-03-16 00:47:47.672756 https://meixianfeicuiyangguang.fang.com/
Logger:2020-03-16 00:47:49.376511 https://mjjxhf2.fang.com/
Logger:2020-03-16 00:47:49.689082 https://minjiejiangyuyuanzhu.fang.com/
Logger:2020-03-16 00:47:49.923586 https://xhwhjsz.fang.com/
Logger:2020-03-16 00:47:50.306894 https://ytnzhy.fang.com/
Logger:2020-03-16 00:47:50.578123 https://mzyjn.fang.com/
Logger:2020-03-16 00:47:50.875003 https://ktxwns.fang.com/
Logger:2020-03-16 00:47:54.099937 https://meizhou.newhouse.fang.com/house/s/b95/
Logger:2020-03-16 00:47:54.318275 https://huangjiamingdian.fang.com/
Logger:2020-03-16 00:47:54.552198 https://jnyj0753.fang.com/
Logger:2020-03-16 00:47:54.833848 https://mxmeihuacheng.fang.com/
Logger:2020-03-16 00:47:55.270820 https://yunxingjinxiujiangshan.fang.com/
Logger:2020-03-16 00:47:57.255178 https://feicuidongfang0753.fang.com/
Logger:2020-03-16 00:47:59.219354 https://yjdfyd.fang.com/
Logger:2020-03-16 00:47:59.485412 https://hsxingfuli.fang.com/
Logger:2020-03-16 00:47:59.734857 https://longtengyipin.fang.com/
Logger:2020-03-16 00:48:01.418245 https://fslxgmy.fang.com/
Logger:2020-03-16 00:48:03.276732 https://chengtianyurc.fang.com/2/
Logger:2020-03-16 00:48:03.573901 https://tiehanhuahanlin.fang.com/
Logger:2020-03-16 00:48:03.792865 https://zhujianghechuangjiuchonghu.fang.com/
Logger:2020-03-16 00:48:04.027323 https://hanlinhuafu0753.fang.com/
Logger:2020-03-16 00:48:06.365060 https://yijutaoyuanxiaozhen.fang.com/
Logger:2020-03-16 00:48:06.583073 https://linliktx.fang.com/
Logger:2020-03-16 00:48:08.646048 https://gdrhf.fang.com/
Logger:2020-03-16 00:48:08.911150 https://jinxiuguojijjblzx.fang.com/
Logger:2020-03-16 00:48:10.821487 https://zggxydnp.fang.com/
Logger:2020-03-16 00:48:14.117296 https://mzxsht.fang.com/
Logger:2020-03-16 00:48:14.429334 https://luhuzhongyangktx.fang.com/
Logger:2020-03-16 00:48:17.638694 https://meizhou.newhouse.fang.com/house/s/b96/
Logger:2020-03-16 00:48:17.841893 https://ktxsshac.fang.com/
Logger:2020-03-16 00:48:18.373286 https://lishuiwan0753.fang.com/
Logger:2020-03-16 00:48:18.670355 https://wanjiangfu.fang.com/
Logger:2020-03-16 00:48:20.695240 https://shichenghuafu.fang.com/
Logger:2020-03-16 00:48:20.944670 https://meijiangshuian.fang.com/
Logger:2020-03-16 00:48:22.303724 https://zgktx0753.fang.com/
Logger:2020-03-16 00:48:22.538082 https://yinxiangtangjie2.fang.com/
Logger:2020-03-16 00:48:22.835397 https://wanxiangjiangshan0753.fang.com/2/
Logger:2020-03-16 00:48:23.397561 https://zhongyanggongyuanktx.fang.com/
Logger:2020-03-16 00:48:23.631937 https://shuxianghuayuan.fang.com/
Logger:2020-03-16 00:48:23.881477 https://baifuhaoyuan.fang.com/
Logger:2020-03-16 00:48:24.193903 https://shangjiangfu.fang.com/
Logger:2020-03-16 00:48:24.428945 https://jinlanwan0753.fang.com/
Logger:2020-03-16 00:48:25.839836 https://xingfujiayuan0753.fang.com/
Logger:2020-03-16 00:48:26.074201 https://ktxhf.fang.com/
Logger:2020-03-16 00:48:26.324022 https://wjsdgjgc.fang.com/
Logger:2020-03-16 00:48:27.979443 https://donghuicheng0753.fang.com/shop/
Logger:2020-03-16 00:48:30.744971 https://yifumingdu0753.fang.com/
Logger:2020-03-16 00:48:32.562999 https://zhongheguangchang0753.fang.com/
Logger:2020-03-16 00:48:32.828562 https://mzhjxsmc.fang.com/
Logger:2020-03-16 00:48:36.410193 https://meizhou.newhouse.fang.com/house/s/b97/
Logger:2020-03-16 00:48:36.551140 https://ywxsppfc0753.fang.com/
Logger:2020-03-16 00:48:40.117098 https://meizhou.newhouse.fang.com/house/s/b98/
Logger:2020-03-16 00:48:44.656799 https://meizhou.newhouse.fang.com/house/s/b99/
Logger:2020-03-16 00:48:48.155853 https://meizhou.newhouse.fang.com/house/s/b910/
