Logger:2020-03-16 10:26:55.855091 https://mengjin.newhouse.fang.com/house/s/b91/
Logger:2020-03-16 10:26:56.128873 https://heluochenyuan.fang.com/
Logger:2020-03-16 10:26:57.487484 https://dachengxiaoyuanjy.fang.com/
Logger:2020-03-16 10:26:57.868607 https://yunhushangjunlyhd.fang.com/
Logger:2020-03-16 10:26:58.216279 https://shanshuishangjingwl.fang.com/
Logger:2020-03-16 10:26:58.547920 https://dongfangfudfjd.fang.com/
Logger:2020-03-16 10:26:58.882393 https://shangchengdfjd.fang.com/
Logger:2020-03-16 10:26:59.122716 https://senlinhuayuanss.fang.com/
Logger:2020-03-16 10:26:59.563150 https://fengzeyuanmj.fang.com/
Logger:2020-03-16 10:27:04.449060 https://jinxiuhuayuanmj.fang.com/
Logger:2020-03-16 10:27:04.750159 https://zhiheshidaiguangchang.fang.com/
Logger:2020-03-16 10:27:05.036389 https://tengfeihuayuan0379.fang.com/
Logger:2020-03-16 10:27:05.337758 https://yundingshanshe.fang.com/
Logger:2020-03-16 10:27:05.688479 https://shangshuyuan0379.fang.com/
Logger:2020-03-16 10:27:06.021566 https://chanshuihuating.fang.com/
Logger:2020-03-16 10:27:06.334959 https://yaweijindihuayuanmengjin.fang.com/
Logger:2020-03-16 10:27:06.636785 https://laozhiqinggongshe.fang.com/
Logger:2020-03-16 10:27:07.236813 https://xinyimeiguiyuanmengjin.fang.com/
Logger:2020-03-16 10:27:08.141902 https://tonghenongmaochanyeyuan.fang.com/
Logger:2020-03-16 10:27:08.520569 https://guobaochenyuanrckr.fang.com/
Logger:2020-03-16 10:27:08.778114 https://mengjinzhongyanghuayuan.fang.com/
Logger:2020-03-16 10:27:13.042538 https://mengjin.newhouse.fang.com/house/s/b92/
Logger:2020-03-16 10:27:13.331624 https://yupinmingchengmengjin.fang.com/
Logger:2020-03-16 10:27:13.600222 https://mengjinyuxianghuating.fang.com/
Logger:2020-03-16 10:27:13.869224 https://mengjinxinhuayuan.fang.com/
Logger:2020-03-16 10:27:14.119165 https://mengjin.newhouse.fang.com/house/2544827575.htm
Logger:2020-03-16 10:27:14.454405 https://kongganghuafu.fang.com/
Logger:2020-03-16 10:27:14.773266 https://lutongjianyechengmj.fang.com/
Logger:2020-03-16 10:27:15.072380 https://jiaxuanyinxihupanmj.fang.com/
Logger:2020-03-16 10:27:15.387957 https://mengjintangjiexiaozhen.fang.com/
Logger:2020-03-16 10:27:15.735070 https://kekejufengzeyuan.fang.com/
Logger:2020-03-16 10:27:16.011749 https://jinhusilongyuanmengjin.fang.com/
Logger:2020-03-16 10:27:16.453017 https://mengjinhongtaiyanghuayuan.fang.com/
Logger:2020-03-16 10:27:16.738299 https://xslgjjcblc.fang.com/
Logger:2020-03-16 10:27:17.054643 https://mengjinyonglonghuafu.fang.com/
Logger:2020-03-16 10:27:17.340594 https://xinyiluomeixiaozhenmengjin.fang.com/
Logger:2020-03-16 10:27:17.626824 https://konggangguojimengjin.fang.com/
Logger:2020-03-16 10:27:21.495434 https://mengjin.newhouse.fang.com/house/s/b93/
Logger:2020-03-16 10:27:25.256168 https://mengjin.newhouse.fang.com/house/s/b94/
Logger:2020-03-16 10:27:29.233931 https://mengjin.newhouse.fang.com/house/s/b95/
