Logger:2020-03-16 20:23:01.677953 https://mianyang.newhouse.fang.com/house/s/b91/
Logger:2020-03-16 20:23:02.057536 https://yuandameiyu0816.fang.com/2/
Logger:2020-03-16 20:23:02.390680 https://lingdidongyuanyuecheng.fang.com/
Logger:2020-03-16 20:23:02.707826 https://shimaoyunjin0816.fang.com/
Logger:2020-03-16 20:23:03.048915 https://xianhailongwansk.fang.com/
Logger:2020-03-16 20:23:03.436673 https://dyhyly.fang.com/
Logger:2020-03-16 20:23:03.776337 https://yuejinlu16haojz.fang.com/
Logger:2020-03-16 20:23:04.101429 https://tianfujinyuan.fang.com/
Logger:2020-03-16 20:23:04.475428 https://hcglf0816.fang.com/
Logger:2020-03-16 20:23:04.871863 https://changhongshijichengaz.fang.com/
Logger:2020-03-16 20:23:05.194022 https://feivuilongtingfd.fang.com/
Logger:2020-03-16 20:23:05.527129 https://mycbdwdtl.fang.com/3/
Logger:2020-03-16 20:23:05.879187 https://changhongtianyue.fang.com/
Logger:2020-03-16 20:23:06.255592 https://xingfayujingwan.fang.com/
Logger:2020-03-16 20:23:06.579750 https://rongchuangjiuquefu.fang.com/
Logger:2020-03-16 20:23:06.903445 https://nanheguangchang.fang.com/
Logger:2020-03-16 20:23:07.216607 https://yangguangxiyatu.fang.com/2/
Logger:2020-03-16 20:23:07.608559 https://mianzhouli.fang.com/
Logger:2020-03-16 20:23:07.936279 https://beitexiangbinhuafu.fang.com/
Logger:2020-03-16 20:23:09.331731 https://jinshangyunting.fang.com/
Logger:2020-03-16 20:23:11.842752 https://jzyxh.fang.com/
Logger:2020-03-16 20:23:15.530908 https://mianyang.newhouse.fang.com/house/s/b92/
Logger:2020-03-16 20:23:15.817141 https://lantaifuld.fang.com/
Logger:2020-03-16 20:23:16.127838 https://sanduoxinshidai.fang.com/
Logger:2020-03-16 20:23:16.446916 https://mingyuedatanghui.fang.com/
Logger:2020-03-16 20:23:16.829967 https://xingfakongquecheng.fang.com/
Logger:2020-03-16 20:23:21.072760 https://langqinwanerqi.fang.com/
Logger:2020-03-16 20:23:21.441272 https://hdfcw0816.fang.com/
Logger:2020-03-16 20:23:21.840552 https://mianzhoushuijun.fang.com/2/
Logger:2020-03-16 20:23:22.231196 https://xifuheyuan.fang.com/
Logger:2020-03-16 20:23:24.006538 https://langjitianyu.fang.com/
Logger:2020-03-16 20:23:24.330834 https://shangjiangchengfx2.fang.com/
Logger:2020-03-16 20:23:24.721793 https://shenzhounandu.fang.com/
Logger:2020-03-16 20:23:25.097782 https://zhixinliduhuayuancheng0816.fang.com/
Logger:2020-03-16 20:23:25.425127 https://jinhetianfu.fang.com/
Logger:2020-03-16 20:23:25.781088 https://xingfabojingongguan.fang.com/
Logger:2020-03-16 20:23:26.180141 https://jinyangjinling.fang.com/
Logger:2020-03-16 20:23:26.491310 https://changxingxingcheng.fang.com/2/
Logger:2020-03-16 20:23:26.844432 https://binjiangtianyue0816.fang.com/
Logger:2020-03-16 20:23:27.220869 https://zhongyanghuafu0816.fang.com/
Logger:2020-03-16 20:23:27.633529 https://jiangangongguan.fang.com/
Logger:2020-03-16 20:23:28.077405 https://ytbgy.fang.com/
Logger:2020-03-16 20:23:32.229345 https://mianyang.newhouse.fang.com/house/s/b93/
Logger:2020-03-16 20:23:32.625349 https://tczyj.fang.com/
Logger:2020-03-16 20:23:33.035235 https://changhongxiangshujun.fang.com/
Logger:2020-03-16 20:23:33.365374 https://mianzhoufubgy.fang.com/
Logger:2020-03-16 20:23:33.780239 https://zhongliangyufu0816.fang.com/
Logger:2020-03-16 20:23:34.144266 https://longshanjingyuanly.fang.com/
Logger:2020-03-16 20:23:34.532355 https://jyfyh.fang.com/
Logger:2020-03-16 20:23:34.882343 https://nanchengyufeng.fang.com/
Logger:2020-03-16 20:23:35.224436 https://nantingyujing.fang.com/
Logger:2020-03-16 20:23:35.572501 https://sanhuisijigongyuan.fang.com/
Logger:2020-03-16 20:23:38.114254 https://jianglanan.fang.com/
Logger:2020-03-16 20:23:38.513738 https://zhonghenghanlinfu.fang.com/
Logger:2020-03-16 20:23:38.862797 https://lixiangchengbangwq.fang.com/
Logger:2020-03-16 20:23:39.256780 https://changhongguojicheng.fang.com/4/
Logger:2020-03-16 20:23:39.747457 https://youyichengjz.fang.com/
Logger:2020-03-16 20:23:40.454593 https://dongchenxianhaiyuanzi.fang.com/
Logger:2020-03-16 20:23:40.777702 https://zhongyangdadao0816.fang.com/3/
Logger:2020-03-16 20:23:41.142725 https://shengjinglanting0816.fang.com/
Logger:2020-03-16 20:23:41.532464 https://haifuchangxing.fang.com/3/
Logger:2020-03-16 20:23:43.706770 https://binggoutiandijl.fang.com/
Logger:2020-03-16 20:23:44.787126 https://jinyexiangdi.fang.com/
Logger:2020-03-16 20:23:48.655313 https://mianyang.newhouse.fang.com/house/s/b94/
Logger:2020-03-16 20:23:49.007372 https://juxianshanzhuang0816.fang.com/
Logger:2020-03-16 20:23:49.470118 https://xingfabojinhuafu.fang.com/
Logger:2020-03-16 20:23:50.058478 https://biguiyuanshidaizhiguang0816.fang.com/
Logger:2020-03-16 20:23:50.447438 https://chuntianlihd.fang.com/
Logger:2020-03-16 20:23:50.862371 https://yujingmingcheng0816.fang.com/
Logger:2020-03-16 20:23:51.205454 https://sanhuijinfu.fang.com/
Logger:2020-03-16 20:23:51.544582 https://yihaoyuanzl0816.fang.com/
Logger:2020-03-16 20:23:51.886700 https://huachishuyuan.fang.com/
Logger:2020-03-16 20:23:52.270359 https://cbdwandaguangchangguanlan.fang.com/
Logger:2020-03-16 20:23:52.637989 https://junyuehuafuxc.fang.com/
Logger:2020-03-16 20:23:53.003566 https://changhongyunjing.fang.com/
Logger:2020-03-16 20:23:54.835326 https://tianyuld.fang.com/
Logger:2020-03-16 20:23:55.910552 https://tianyuecgsantai.fang.com/
Logger:2020-03-16 20:23:58.276697 https://jiangyucheng0816.fang.com/
Logger:2020-03-16 20:23:58.637034 https://yangguanglijh.fang.com/
Logger:2020-03-16 20:23:58.989050 https://guanlanshengjing.fang.com/
Logger:2020-03-16 20:23:59.428874 https://jihuayunduan.fang.com/
Logger:2020-03-16 20:23:59.988439 https://cbdwandaguangchang0816.fang.com/
Logger:2020-03-16 20:24:00.320181 https://luxitai.fang.com/
Logger:2020-03-16 20:24:00.703153 https://mianzhoushuijun.fang.com/
Logger:2020-03-16 20:24:04.554574 https://mianyang.newhouse.fang.com/house/s/b95/
Logger:2020-03-16 20:24:04.869692 https://zhixinhuayuancheng.fang.com/
Logger:2020-03-16 20:24:07.435225 https://ljsjy.fang.com/
Logger:2020-03-16 20:24:07.770253 https://tianxibgy0816.fang.com/
Logger:2020-03-16 20:24:08.159516 https://nanchengyuefu.fang.com/
Logger:2020-03-16 20:24:08.518555 https://longxiguxf0816.fang.com/
Logger:2020-03-16 20:24:10.744645 https://nanshanyihaoch.fang.com/2/
Logger:2020-03-16 20:24:11.136572 https://yuantaichengsj2.fang.com/
Logger:2020-03-16 20:24:13.950573 https://fuyangguangchang0816.fang.com/
Logger:2020-03-16 20:24:14.271713 https://chunhuihuayuan0816.fang.com/
Logger:2020-03-16 20:24:16.152935 https://wanxiangweiminghupan.fang.com/
Logger:2020-03-16 20:24:18.685251 https://meiguihuacheng0816.fang.com/3/
Logger:2020-03-16 20:24:19.006490 https://wenshaguoji0816.fang.com/
Logger:2020-03-16 20:24:20.655214 https://ruishimingchengzt.fang.com/
Logger:2020-03-16 20:24:20.992835 https://sanhuiyingjun.fang.com/
Logger:2020-03-16 20:24:21.983187 https://yuecuifu.fang.com/
Logger:2020-03-16 20:24:22.328368 https://wanhelongcheng.fang.com/
Logger:2020-03-16 20:24:22.691922 https://hengyuemingcheng.fang.com/
Logger:2020-03-16 20:24:23.023037 https://dongchenlanyue.fang.com/
Logger:2020-03-16 20:24:23.526690 https://kedaguangchang.fang.com/
Logger:2020-03-16 20:24:23.925255 https://zhongyang23jiequtl.fang.com/
Logger:2020-03-16 20:24:27.813081 https://mianyang.newhouse.fang.com/house/s/b96/
Logger:2020-03-16 20:24:28.135822 https://minjieyuejiangfu.fang.com/
Logger:2020-03-16 20:24:28.532734 https://shuianhuaduht0816.fang.com/
Logger:2020-03-16 20:24:30.884421 https://beiletaibeigongguan.fang.com/
Logger:2020-03-16 20:24:31.217466 https://jinlinjunyu.fang.com/2/
Logger:2020-03-16 20:24:31.545389 https://changlinguojiguangchang.fang.com/
Logger:2020-03-16 20:24:34.256376 https://aolinyangguanghf.fang.com/
Logger:2020-03-16 20:24:34.581519 https://emysf.fang.com/
Logger:2020-03-16 20:24:34.923262 https://dianhuiguoji2.fang.com/
Logger:2020-03-16 20:24:35.227124 https://cnxtd0816.fang.com/
Logger:2020-03-16 20:24:35.665613 https://shangmahuijin.fang.com/
Logger:2020-03-16 20:24:36.003644 https://xingfunantingfx.fang.com/
Logger:2020-03-16 20:24:38.001575 https://sanjiangguojilicheng.fang.com/
Logger:2020-03-16 20:24:41.306097 https://yinhechenghy.fang.com/
Logger:2020-03-16 20:24:41.658230 https://taohuayuanhc.fang.com/
Logger:2020-03-16 20:24:41.996253 https://runsenjinzuo.fang.com/
Logger:2020-03-16 20:24:44.930096 https://hkhjhxf.fang.com/2/
Logger:2020-03-16 20:24:45.274476 https://wenquanshijilongcheng.fang.com/
Logger:2020-03-16 20:24:45.686375 https://donganhuating.fang.com/
Logger:2020-03-16 20:24:46.061916 https://donghuyihao0816.fang.com/
Logger:2020-03-16 20:24:46.611046 https://zitongbiguiyuan.fang.com/
Logger:2020-03-16 20:24:50.780238 https://mianyang.newhouse.fang.com/house/s/b97/
Logger:2020-03-16 20:24:51.133254 https://jianganguoji.fang.com/3/
Logger:2020-03-16 20:24:51.466397 https://yangguangfd.fang.com/
Logger:2020-03-16 20:24:51.785653 https://haipolanshanhdd.fang.com/
Logger:2020-03-16 20:24:52.105466 https://shenghuaguojicheng.fang.com/
Logger:2020-03-16 20:24:52.512351 https://dongchenyuting.fang.com/
Logger:2020-03-16 20:24:53.006033 https://huaxiqili.fang.com/
Logger:2020-03-16 20:24:53.285283 https://xdsyct.fang.com/
Logger:2020-03-16 20:24:53.589994 https://qiangduona.fang.com/
Logger:2020-03-16 20:24:55.754741 https://jiaweihuating.fang.com/
Logger:2020-03-16 20:24:56.794367 https://zijiangxincheng.fang.com/3/
Logger:2020-03-16 20:24:57.154404 https://hongyanghuayuan0816.fang.com/
Logger:2020-03-16 20:24:57.460627 https://zhuoxinzhihuinongmaoguangchang.fang.com/
Logger:2020-03-16 20:25:00.128182 https://tianlunchengshiguangchangtlw.fang.com/
Logger:2020-03-16 20:25:00.432406 https://haoxingjinzuo.fang.com/
Logger:2020-03-16 20:25:00.729607 https://basailijing.fang.com/
Logger:2020-03-16 20:25:01.071659 https://shidaiguangchangzr0816.fang.com/2/
Logger:2020-03-16 20:25:01.471128 https://mysqlj.fang.com/
Logger:2020-03-16 20:25:05.552911 https://fanhuaguangchang0816.fang.com/
Logger:2020-03-16 20:25:10.215942 https://wtxyt.fang.com/
Logger:2020-03-16 20:25:10.503389 https://renheyijingsh.fang.com/
Logger:2020-03-16 20:25:14.504901 https://mianyang.newhouse.fang.com/house/s/b98/
Logger:2020-03-16 20:25:14.794169 https://fanhusijin.fang.com/4/
Logger:2020-03-16 20:25:15.172158 https://zhongyuanguangchang0816.fang.com/
Logger:2020-03-16 20:25:15.485319 https://santaibiguiyuan.fang.com/
Logger:2020-03-16 20:25:15.868848 https://shidailongcheng0816.fang.com/
Logger:2020-03-16 20:25:16.195907 https://yipinjiangshan0816.fang.com/
Logger:2020-03-16 20:25:18.327143 https://jiuzhoubeijun.fang.com/
Logger:2020-03-16 20:25:21.835565 https://hlxxc.fang.com/
Logger:2020-03-16 20:25:22.209240 https://shishangtianjiefl.fang.com/
Logger:2020-03-16 20:25:22.503851 https://zizhoufu.fang.com/
Logger:2020-03-16 20:25:26.556156 https://emjsf.fang.com/
Logger:2020-03-16 20:25:26.892362 https://kelagongguan0816.fang.com/
Logger:2020-03-16 20:25:27.190570 https://guomeixiangshuiwan.fang.com/
Logger:2020-03-16 20:25:27.566558 https://jyxsht.fang.com/
Logger:2020-03-16 20:25:30.366923 https://199324.fang.com/
Logger:2020-03-16 20:25:30.672734 https://feiligongguan0816.fang.com/
Logger:2020-03-16 20:25:32.554872 https://xianggecuili.fang.com/
Logger:2020-03-16 20:25:32.890265 https://anjiangguoji.fang.com/
Logger:2020-03-16 20:25:33.198477 https://gongjuefuguiyuan.fang.com/
Logger:2020-03-16 20:25:35.273112 https://scgjgyl.fang.com/2/
Logger:2020-03-16 20:25:36.192758 https://jiangongdasha0816.fang.com/
Logger:2020-03-16 20:25:40.112043 https://mianyang.newhouse.fang.com/house/s/b99/
Logger:2020-03-16 20:25:41.623898 https://tiyanazhuangyuandx.fang.com/
Logger:2020-03-16 20:25:43.839509 https://taoyaunlu0816.fang.com/
Logger:2020-03-16 20:25:44.197522 https://zdgbyh.fang.com/
Logger:2020-03-16 20:25:44.574570 https://blzpgd.fang.com/
Logger:2020-03-16 20:25:44.894657 https://sanhuilingxiu.fang.com/
Logger:2020-03-16 20:25:46.793154 https://shishangrunjiehr0816.fang.com/
Logger:2020-03-16 20:25:48.024575 https://tgxflw.fang.com/
Logger:2020-03-16 20:25:48.395582 https://xibulengdu.fang.com/
Logger:2020-03-16 20:25:50.490345 https://jyvgg.fang.com/
Logger:2020-03-16 20:25:53.093616 https://bodazijinge.fang.com/
Logger:2020-03-16 20:25:55.430193 https://ghssy.fang.com/
Logger:2020-03-16 20:25:55.963763 https://yangmalu2.fang.com/
Logger:2020-03-16 20:25:56.354718 https://nongzipifashichang0816.fang.com/
Logger:2020-03-16 20:25:56.705146 https://dongchenyongxingguoji.fang.com/
Logger:2020-03-16 20:25:58.785600 https://meiguihuachengerqi.fang.com/
Logger:2020-03-16 20:25:59.973599 https://xingfuguangchangrd.fang.com/
Logger:2020-03-16 20:26:00.354291 https://wanguanguojiqichecheng.fang.com/
Logger:2020-03-16 20:26:04.091432 https://mianyang.newhouse.fang.com/house/s/b910/
Logger:2020-03-16 20:26:07.606627 https://mianyang.newhouse.fang.com/house/s/b911/
Logger:2020-03-16 20:26:11.325663 https://mianyang.newhouse.fang.com/house/s/b912/
