Logger:2020-03-15 23:36:51.840198 https://nanan.newhouse.fang.com/house/s/b91/
Logger:2020-03-15 23:36:52.159880 https://112672.fang.com/
Logger:2020-03-15 23:36:52.493986 https://aileguofengsm.fang.com/
Logger:2020-03-15 23:36:52.904888 https://hengdayujingna.fang.com/
Logger:2020-03-15 23:36:53.265466 https://nananbiguiyuan.fang.com/
Logger:2020-03-15 23:36:53.591668 https://jianyuanshijijiayuan.fang.com/
Logger:2020-03-15 23:36:53.980134 https://guojichengmfhc.fang.com/
Logger:2020-03-15 23:36:54.307260 https://boyuefulc0595.fang.com/
Logger:2020-03-15 23:36:56.322440 https://yuechengchuanglinanan.fang.com/
Logger:2020-03-15 23:36:56.608710 https://shengjingwanyc.fang.com/
Logger:2020-03-15 23:36:56.954749 https://zhongyanggongyuanyc.fang.com/
Logger:2020-03-15 23:36:57.356586 https://nabaolixiangbingongguan.fang.com/
Logger:2020-03-15 23:36:57.743022 https://zhuzhaidiwuwanbl.fang.com/
Logger:2020-03-15 23:36:58.106051 https://nananzhongjunbaijingwan.fang.com/
Logger:2020-03-15 23:36:58.524967 https://bihailantian0595.fang.com/
Logger:2020-03-15 23:37:02.821653 https://zhongjunshijiechengna.fang.com/
Logger:2020-03-15 23:37:03.153051 https://yinhexinchengyc.fang.com/
Logger:2020-03-15 23:37:03.487941 https://yingliangyinxiangwuhaona.fang.com/
Logger:2020-03-15 23:37:03.926808 https://huijingchengbs.fang.com/
Logger:2020-03-15 23:37:04.342625 https://nanan.newhouse.fang.com/house/2223190166.htm
Logger:2020-03-15 23:37:04.705680 https://hengdaxinchengna.fang.com/
Logger:2020-03-15 23:37:08.405009 https://nanan.newhouse.fang.com/house/s/b92/
Logger:2020-03-15 23:37:10.757555 https://xixibandao.fang.com/
Logger:2020-03-15 23:37:11.152499 https://112678.fang.com/
Logger:2020-03-15 23:37:11.471645 https://169002.fang.com/
Logger:2020-03-15 23:37:13.765286 https://haiwanguangchangxinmeiju.fang.com/
Logger:2020-03-15 23:37:14.105372 https://yujingwanzj0595.fang.com/
Logger:2020-03-15 23:37:15.137230 https://binjiangshoufu0595.fang.com/
Logger:2020-03-15 23:37:15.552989 https://qkongjianhrd.fang.com/
Logger:2020-03-15 23:37:18.076461 https://shanshuihuayuancheng.fang.com/
Logger:2020-03-15 23:37:19.817312 https://112674.fang.com/
Logger:2020-03-15 23:37:20.557705 https://yujiangshufunanan.fang.com/
Logger:2020-03-15 23:37:22.447733 https://112668.fang.com/
Logger:2020-03-15 23:37:22.741939 https://hailianlijing.fang.com/
Logger:2020-03-15 23:37:23.089010 https://xihuahuayuanchengnanan.fang.com/
Logger:2020-03-15 23:37:23.454731 https://yongjingwanzj0595.fang.com/
Logger:2020-03-15 23:37:23.792455 https://binhaiyujingchengna.fang.com/
Logger:2020-03-15 23:37:24.152492 https://yongjinhefulgws.fang.com/
Logger:2020-03-15 23:37:24.462297 https://lijingxincheng0595.fang.com/
Logger:2020-03-15 23:37:24.926260 https://junyuewanlf0595.fang.com/
Logger:2020-03-15 23:37:26.719853 https://sijikangchengzj.fang.com/2/
Logger:2020-03-15 23:37:29.320144 https://jiayufenghuayz0595.fang.com/
Logger:2020-03-15 23:37:33.017853 https://nanan.newhouse.fang.com/house/s/b93/
Logger:2020-03-15 23:37:33.383593 https://naxxlmjy.fang.com/
Logger:2020-03-15 23:37:33.709721 https://wanxingchengshiguangchangna.fang.com/
Logger:2020-03-15 23:37:34.033854 https://112662.fang.com/
Logger:2020-03-15 23:37:34.354078 https://yijinyuan0595.fang.com/
Logger:2020-03-15 23:37:34.753012 https://xinxinshuiandijing.fang.com/
Logger:2020-03-15 23:37:35.167901 https://112670.fang.com/
Logger:2020-03-15 23:37:36.841314 https://aileyufu.fang.com/
Logger:2020-03-15 23:37:37.784635 https://gongyuanyihaoch.fang.com/
Logger:2020-03-15 23:37:38.187517 https://yongchangzhuangyuandina.fang.com/
Logger:2020-03-15 23:37:38.606423 https://nanantywlc.fang.com/
Logger:2020-03-15 23:37:40.918040 https://fuguishijiawj.fang.com/
Logger:2020-03-15 23:37:41.217259 https://guojixinchengqn.fang.com/
Logger:2020-03-15 23:37:41.622944 https://nananlongrunwanmei.fang.com/
Logger:2020-03-15 23:37:41.956134 https://112682.fang.com/
Logger:2020-03-15 23:37:42.301167 https://lanwanwuhaoyl.fang.com/
Logger:2020-03-15 23:37:44.750409 https://huangjiayushuhf.fang.com/
Logger:2020-03-15 23:37:45.124057 https://nachuangliyuewan.fang.com/
Logger:2020-03-15 23:37:46.059036 https://nanan.newhouse.fang.com/house/2223250702.htm
Logger:2020-03-15 23:37:46.366215 https://meijingjiayuanzjn.fang.com/
Logger:2020-03-15 23:37:47.398270 https://lizhishifengnanan.fang.com/
Logger:2020-03-15 23:37:51.105291 https://nanan.newhouse.fang.com/house/s/b94/
Logger:2020-03-15 23:37:51.364561 https://lswpyj.fang.com/
Logger:2020-03-15 23:37:51.707614 https://xinjingwanhongfa.fang.com/
Logger:2020-03-15 23:37:52.088600 https://zaishengziyuanchanyeyuannanan.fang.com/
Logger:2020-03-15 23:37:52.482176 https://zhonghaoshijihaotingnanan.fang.com/
Logger:2020-03-15 23:37:55.099390 https://chenghuiguojinananqz.fang.com/
Logger:2020-03-15 23:37:55.414623 https://xinyicaifuguangchang.fang.com/
Logger:2020-03-15 23:37:57.288590 https://nacyzyly.fang.com/
Logger:2020-03-15 23:37:57.665694 https://bojinxinyu.fang.com/
Logger:2020-03-15 23:37:58.366816 https://ruianzhongxinchengnanan.fang.com/
Logger:2020-03-15 23:37:59.486514 https://sanshengnanancheng.fang.com/
Logger:2020-03-15 23:37:59.837573 https://shidaiguangchangnl.fang.com/
Logger:2020-03-15 23:38:03.897216 https://nanan.newhouse.fang.com/house/s/b95/
Logger:2020-03-15 23:38:07.465020 https://nanan.newhouse.fang.com/house/s/b96/
Logger:2020-03-15 23:38:10.894128 https://nanan.newhouse.fang.com/house/s/b97/
