Logger:2020-03-16 20:28:16.022744 https://nanchong.newhouse.fang.com/house/s/b91/
Logger:2020-03-16 20:28:16.371812 https://ygjyf.fang.com/
Logger:2020-03-16 20:28:16.738939 https://jkjmjy0817.fang.com/
Logger:2020-03-16 20:28:17.068175 https://bgyystx.fang.com/
Logger:2020-03-16 20:28:20.339124 https://feicuichenght0817.fang.com/
Logger:2020-03-16 20:28:20.761213 https://rcjtf0817.fang.com/
Logger:2020-03-16 20:28:21.497655 https://htbmzg.fang.com/
Logger:2020-03-16 20:28:21.797852 https://htgy1988tz.fang.com/
Logger:2020-03-16 20:28:23.719164 https://slzcf.fang.com/
Logger:2020-03-16 20:28:25.885058 https://bgyty0817.fang.com/
Logger:2020-03-16 20:28:26.592167 https://htyhw.fang.com/
Logger:2020-03-16 20:28:26.903880 https://htfcczjf.fang.com/
Logger:2020-03-16 20:28:27.220805 https://htbsbd.fang.com/
Logger:2020-03-16 20:28:28.116188 https://hongtongnxt.fang.com/
Logger:2020-03-16 20:28:28.411400 https://hongtongzjf.fang.com/shop/
Logger:2020-03-16 20:28:28.932694 https://hongtongfccty.fang.com/shop/
Logger:2020-03-16 20:28:30.136364 https://zhongnanshangjingyue.fang.com/
Logger:2020-03-16 20:28:32.085990 https://lvdisjyx.fang.com/
Logger:2020-03-16 20:28:32.459013 https://nchdyhzy0817.fang.com/
Logger:2020-03-16 20:28:32.900343 https://zncjy.fang.com/
Logger:2020-03-16 20:28:33.350140 https://zncjyys.fang.com/
Logger:2020-03-16 20:28:36.621463 https://nanchong.newhouse.fang.com/house/s/b92/
Logger:2020-03-16 20:28:39.844413 https://zhonghangcheng0817.fang.com/
Logger:2020-03-16 20:28:40.278255 https://jinyuzhongyangshouzuo.fang.com/
Logger:2020-03-16 20:28:40.871897 https://hengdayufeng0817.fang.com/
Logger:2020-03-16 20:28:41.687769 https://hdylt0817.fang.com/
Logger:2020-03-16 20:28:42.068209 https://xinzhicheng0817.fang.com/
Logger:2020-03-16 20:28:42.436925 https://lgxybd.fang.com/
Logger:2020-03-16 20:28:42.784462 https://zhongxinchengyg0817.fang.com/
Logger:2020-03-16 20:28:43.255206 https://xishanmijingyg.fang.com/
Logger:2020-03-16 20:28:43.954460 https://yujingtai0817.fang.com/
Logger:2020-03-16 20:28:44.333575 https://binjiangzuoanhd0817.fang.com/
Logger:2020-03-16 20:28:44.678561 https://hdfyht.fang.com/
Logger:2020-03-16 20:28:45.101431 https://wenshaxiaozhenwj.fang.com/
Logger:2020-03-16 20:28:48.285451 https://zgwdyc0817.fang.com/
Logger:2020-03-16 20:28:48.650474 https://lanruncheng0817.fang.com/
Logger:2020-03-16 20:28:49.003532 https://tianyulongcheng0817.fang.com/
Logger:2020-03-16 20:28:49.416424 https://znmyw0817.fang.com/
Logger:2020-03-16 20:28:49.834115 https://yinglunzhuangyuansh.fang.com/
Logger:2020-03-16 20:28:50.208322 https://zekexingchenglingyunyufu.fang.com/
Logger:2020-03-16 20:28:50.619283 https://xinheyijing.fang.com/
Logger:2020-03-16 20:28:51.116916 https://hlbbsy.fang.com/
Logger:2020-03-16 20:28:54.471720 https://nanchong.newhouse.fang.com/house/s/b93/
Logger:2020-03-16 20:28:54.814824 https://xingxingguojilg0817.fang.com/
Logger:2020-03-16 20:28:55.142824 https://ttjhf.fang.com/
Logger:2020-03-16 20:28:55.514874 https://lgyjbd.fang.com/
Logger:2020-03-16 20:28:55.846001 https://ygstc0817.fang.com/
Logger:2020-03-16 20:28:56.169124 https://lwfht.fang.com/
Logger:2020-03-16 20:28:56.513281 https://ydjshp.fang.com/
Logger:2020-03-16 20:28:58.061685 https://ldrlmd.fang.com/
Logger:2020-03-16 20:28:58.346983 https://hhc0817.fang.com/
Logger:2020-03-16 20:28:59.940849 https://jkjmtc.fang.com/
Logger:2020-03-16 20:29:02.385007 https://dahehuafu0817.fang.com/
Logger:2020-03-16 20:29:02.850761 https://cfhjp.fang.com/
Logger:2020-03-16 20:29:03.914913 https://ylchxc.fang.com/
Logger:2020-03-16 20:29:05.904544 https://shidaiguangchagnsh08172.fang.com/
Logger:2020-03-16 20:29:06.246278 https://ygblz2.fang.com/
Logger:2020-03-16 20:29:06.550944 https://hengdahuafu0817.fang.com/
Logger:2020-03-16 20:29:06.915968 https://nchdc.fang.com/
Logger:2020-03-16 20:29:07.352800 https://mxsyct.fang.com/
Logger:2020-03-16 20:29:07.785219 https://hskxtd.fang.com/
Logger:2020-03-16 20:29:08.130881 https://tianjiaochenglg0817.fang.com/
Logger:2020-03-16 20:29:11.062309 https://yipinjiangchengyg0817.fang.com/
Logger:2020-03-16 20:29:14.784034 https://nanchong.newhouse.fang.com/house/s/b94/
Logger:2020-03-16 20:29:15.149062 https://balimingdu.fang.com/
Logger:2020-03-16 20:29:15.419373 https://honghuayufu2.fang.com/
Logger:2020-03-16 20:29:15.830550 https://ydlhg0817.fang.com/
Logger:2020-03-16 20:29:16.736128 https://zhonghuandaoyh.fang.com/
Logger:2020-03-16 20:29:17.044351 https://hailunbao0817.fang.com/
Logger:2020-03-16 20:29:17.346327 https://xishanhanlin.fang.com/
Logger:2020-03-16 20:29:17.719642 https://shanshuichenghl.fang.com/
Logger:2020-03-16 20:29:18.027774 https://jinxiuguozhou.fang.com/
Logger:2020-03-16 20:29:20.379791 https://ldltf30817.fang.com/
Logger:2020-03-16 20:29:20.821203 https://shanyuchengyh2.fang.com/
Logger:2020-03-16 20:29:21.796567 https://cxwjsh.fang.com/
Logger:2020-03-16 20:29:22.088740 https://binjiangtiandi.fang.com/
Logger:2020-03-16 20:29:24.659623 https://feicuichengtanyueht0817.fang.com/
Logger:2020-03-16 20:29:24.995477 https://fengyashangx.fang.com/
Logger:2020-03-16 20:29:25.512094 https://tfbcyl.fang.com/
Logger:2020-03-16 20:29:25.812293 https://jyjpcs.fang.com/
Logger:2020-03-16 20:29:26.113449 https://ssht0817.fang.com/
Logger:2020-03-16 20:29:26.450592 https://khxhgg2.fang.com/
Logger:2020-03-16 20:29:28.243316 https://hycfc.fang.com/
Logger:2020-03-16 20:29:30.374372 https://huazhoulingjun.fang.com/
Logger:2020-03-16 20:29:34.398579 https://nanchong.newhouse.fang.com/house/s/b95/
Logger:2020-03-16 20:29:34.700179 https://yazhousenlin0817.fang.com/
Logger:2020-03-16 20:29:34.973528 https://kxhzxc.fang.com/
Logger:2020-03-16 20:29:35.322884 https://manchengbadao.fang.com/
Logger:2020-03-16 20:29:35.626072 https://lingditianyu0817.fang.com/
Logger:2020-03-16 20:29:35.930258 https://yggyxf.fang.com/
Logger:2020-03-16 20:29:36.229490 https://langchengyipin.fang.com/
Logger:2020-03-16 20:29:36.608089 https://jhssc.fang.com/
Logger:2020-03-16 20:29:36.940510 https://frszwlcyy.fang.com/
Logger:2020-03-16 20:29:37.743394 https://yuanjinguoji.fang.com/
Logger:2020-03-16 20:29:38.043607 https://wendelanguangweilaicheng.fang.com/
Logger:2020-03-16 20:29:38.409568 https://yzzyf.fang.com/
Logger:2020-03-16 20:29:38.672863 https://zuanshiguangchangml.fang.com/
Logger:2020-03-16 20:29:40.214169 https://banshanfudi.fang.com/
Logger:2020-03-16 20:29:40.591159 https://heyunmingdu.fang.com/
Logger:2020-03-16 20:29:41.253387 https://khbctp.fang.com/
Logger:2020-03-16 20:29:41.549063 https://heruiyuan0817.fang.com/
Logger:2020-03-16 20:29:41.840322 https://wutongshanzhuang0817.fang.com/
Logger:2020-03-16 20:29:42.117545 https://huijinguoji0817.fang.com/
Logger:2020-03-16 20:29:42.412753 https://zhongyangdajing.fang.com/
Logger:2020-03-16 20:29:42.739606 https://jinyucheng0817.fang.com/
Logger:2020-03-16 20:29:46.033776 https://nanchong.newhouse.fang.com/house/s/b96/
Logger:2020-03-16 20:29:46.326143 https://mingyuguangchang0817.fang.com/
Logger:2020-03-16 20:29:46.613279 https://langzhonghuiyx.fang.com/
Logger:2020-03-16 20:29:46.946307 https://youhaoguoji.fang.com/
Logger:2020-03-16 20:29:48.322185 https://handuguoji0817.fang.com/
Logger:2020-03-16 20:29:48.608408 https://jsgyc.fang.com/
Logger:2020-03-16 20:29:48.904581 https://shanghewanyj.fang.com/
Logger:2020-03-16 20:29:50.493596 https://jwblfh.fang.com/
Logger:2020-03-16 20:29:51.113964 https://hbtyf.fang.com/
Logger:2020-03-16 20:29:52.192060 https://zlyhy0817.fang.com/
Logger:2020-03-16 20:29:52.499303 https://liduguoji0817.fang.com/
Logger:2020-03-16 20:29:52.767547 https://khyxt2.fang.com/
Logger:2020-03-16 20:29:53.086696 https://jinxiucheng0817.fang.com/
Logger:2020-03-16 20:29:53.328048 https://hdyltf0817.fang.com/
Logger:2020-03-16 20:29:53.623294 https://binjiangxuefu0817.fang.com/
Logger:2020-03-16 20:29:53.930160 https://xuefushijia0817.fang.com/
Logger:2020-03-16 20:29:54.293390 https://shangpinguoji0817.fang.com/
Logger:2020-03-16 20:29:54.595614 https://hybhw0817.fang.com/
Logger:2020-03-16 20:29:54.899768 https://yrhfyh.fang.com/
Logger:2020-03-16 20:29:55.211999 https://dongfangyuanrengu.fang.com/
Logger:2020-03-16 20:29:55.561698 https://hongtongtanfu.fang.com/
Logger:2020-03-16 20:29:59.506886 https://nanchong.newhouse.fang.com/house/s/b97/
Logger:2020-03-16 20:30:04.672259 https://htfcctx.fang.com/
Logger:2020-03-16 20:30:04.972106 https://xiangbinguoji0817.fang.com/
Logger:2020-03-16 20:30:05.330353 https://mocolijiang.fang.com/
Logger:2020-03-16 20:30:05.619978 https://bjxtd0817.fang.com/
Logger:2020-03-16 20:30:09.648726 https://athjja.fang.com/
Logger:2020-03-16 20:30:10.038683 https://yglyt.fang.com/
Logger:2020-03-16 20:30:10.652361 https://rsshh.fang.com/
Logger:2020-03-16 20:30:11.171970 https://zqcggjlyysdjq.fang.com/
Logger:2020-03-16 20:30:11.472176 https://shidaiguangchangsh0817.fang.com/
Logger:2020-03-16 20:30:11.956906 https://bingolhc.fang.com/
Logger:2020-03-16 20:30:19.472919 https://lzmrhyjd.fang.com/
Logger:2020-03-16 20:30:24.926460 https://lgtjcsy.fang.com/
Logger:2020-03-16 20:30:25.209261 https://jingchenggongguanwf.fang.com/
Logger:2020-03-16 20:30:25.503474 https://ldcsy.fang.com/
Logger:2020-03-16 20:30:25.805729 https://wfjgjgc0817.fang.com/
Logger:2020-03-16 20:30:26.128802 https://yinhe9jiexwc.fang.com/
Logger:2020-03-16 20:30:30.895778 https://wanmeiguangchang.fang.com/
Logger:2020-03-16 20:30:31.237862 https://aolaiguangchang.fang.com/
Logger:2020-03-16 20:30:31.508139 https://junlinjzy.fang.com/
Logger:2020-03-16 20:30:31.780412 https://tccsjsy.fang.com/
Logger:2020-03-16 20:30:35.641582 https://nanchong.newhouse.fang.com/house/s/b98/
Logger:2020-03-16 20:30:39.285648 https://nanchong.newhouse.fang.com/house/s/b99/
Logger:2020-03-16 20:30:43.637017 https://nanchong.newhouse.fang.com/house/s/b910/
