Logger:2020-03-16 13:27:15.434240 https://nanjing.newhouse.fang.com/house/s/b91/
Logger:2020-03-16 13:27:15.716485 https://shidaishangchengnjlh.fang.com/
Logger:2020-03-16 13:27:15.960832 https://zhonghaiyuanshan025.fang.com/
Logger:2020-03-16 13:27:16.250101 https://178504.fang.com/
Logger:2020-03-16 13:27:16.603113 https://weilaichengwk025.fang.com/
Logger:2020-03-16 13:27:16.872394 https://178622.fang.com/
Logger:2020-03-16 13:27:17.152691 https://jinmaoyuejn.fang.com/
Logger:2020-03-16 13:27:17.407960 https://guantanghefubl.fang.com/
Logger:2020-03-16 13:27:17.700178 https://chengnangongguanzh.fang.com/
Logger:2020-03-16 13:27:18.062251 https://jinlinrongyufu.fang.com/
Logger:2020-03-16 13:27:18.429228 https://dongwangfuzszr.fang.com/
Logger:2020-03-16 13:27:18.704528 https://180352.fang.com/
Logger:2020-03-16 13:27:19.008678 https://heyueblrs.fang.com/
Logger:2020-03-16 13:27:19.358742 https://mingyuehuafudj025.fang.com/
Logger:2020-03-16 13:27:19.603096 https://guoxigongguanzj.fang.com/
Logger:2020-03-16 13:27:19.864428 https://huayujiangnan025.fang.com/
Logger:2020-03-16 13:27:20.210502 https://tangyueshanshuiyy.fang.com/
Logger:2020-03-16 13:27:20.521652 https://178422.fang.com/
Logger:2020-03-16 13:27:20.810857 https://zuoanlantingzh025.fang.com/
Logger:2020-03-16 13:27:21.200856 https://beiwaitanshuicheng.fang.com/
Logger:2020-03-16 13:27:21.748349 https://duhuisijidongqu.fang.com/
Logger:2020-03-16 13:27:25.467400 https://nanjing.newhouse.fang.com/house/s/b92/
Logger:2020-03-16 13:27:25.704841 https://zhaoshangmingzhu.fang.com/
Logger:2020-03-16 13:27:25.998022 https://178194.fang.com/
Logger:2020-03-16 13:27:26.348082 https://xingheguoji025.fang.com/
Logger:2020-03-16 13:27:26.663201 https://wuxingguangchangjy.fang.com/
Logger:2020-03-16 13:27:26.968447 https://cuicanruismw.fang.com/
Logger:2020-03-16 13:27:27.293528 https://fenghuaguojijd.fang.com/
Logger:2020-03-16 13:27:27.595749 https://yongcuiyuanmd025.fang.com/
Logger:2020-03-16 13:27:28.029546 https://936070.fang.com/
Logger:2020-03-16 13:27:28.604009 https://zhongnanxiyue.fang.com/
Logger:2020-03-16 13:27:29.171533 https://heizuangongguanlg025.fang.com/
Logger:2020-03-16 13:27:29.832722 https://jianfayangyu025.fang.com/
Logger:2020-03-16 13:27:30.250604 https://tianzhushangjuayjj.fang.com/
Logger:2020-03-16 13:27:30.506957 https://yuanyangshanshui025.fang.com/
Logger:2020-03-16 13:27:30.758245 https://xiyuanfuzj.fang.com/
Logger:2020-03-16 13:27:31.073403 https://shengshibinjiangzy.fang.com/
Logger:2020-03-16 13:27:31.420475 https://shuanghuyihaogongguanhedc.fang.com/
Logger:2020-03-16 13:27:31.733674 https://178606.fang.com/
Logger:2020-03-16 13:27:32.091718 https://lanyuefangshanjuwk.fang.com/
Logger:2020-03-16 13:27:32.446762 https://178822.fang.com/
Logger:2020-03-16 13:27:32.728974 https://jiangpanduhuishangcheng.fang.com/
Logger:2020-03-16 13:27:36.349331 https://nanjing.newhouse.fang.com/house/s/b93/
Logger:2020-03-16 13:27:37.377615 https://jiangpanduhuishangcheng.fang.com/
Logger:2020-03-16 13:27:37.658824 https://ziyuelantingjnkqc.fang.com/
Logger:2020-03-16 13:27:37.942028 https://178322.fang.com/
Logger:2020-03-16 13:27:38.248245 https://xishangongguanhd.fang.com/
Logger:2020-03-16 13:27:38.588299 https://hexijinmaofu.fang.com/
Logger:2020-03-16 13:27:38.859616 https://yuefeng025.fang.com/
Logger:2020-03-16 13:27:39.169786 https://shidaitianyuexh.fang.com/
Logger:2020-03-16 13:27:39.514820 https://yangshenggunjhd.fang.com/
Logger:2020-03-16 13:27:40.082345 https://yuntaitianjingycxh.fang.com/
Logger:2020-03-16 13:27:40.419401 https://178304.fang.com/
Logger:2020-03-16 13:27:40.727616 https://178298.fang.com/
Logger:2020-03-16 13:27:41.012856 https://tangchenggongguanzh.fang.com/
Logger:2020-03-16 13:27:41.347917 https://kongquechenghupanlantinggc.fang.com/
Logger:2020-03-16 13:27:41.681026 https://mohushuyuanrs.fang.com/
Logger:2020-03-16 13:27:41.955329 https://baoliyunxi.fang.com/
Logger:2020-03-16 13:27:42.261512 https://178426.fang.com/
Logger:2020-03-16 13:27:42.645492 https://jinlingyuexc.fang.com/
Logger:2020-03-16 13:27:43.008485 https://duhuixuefu.fang.com/
Logger:2020-03-16 13:27:43.292715 https://zijinzhongxinld2.fang.com/
Logger:2020-03-16 13:27:43.549028 https://duhuisijixiqu.fang.com/
Logger:2020-03-16 13:27:47.432638 https://nanjing.newhouse.fang.com/house/s/b94/
Logger:2020-03-16 13:27:47.708901 https://shijiyayuanzn.fang.com/
Logger:2020-03-16 13:27:48.039017 https://178616.fang.com/
Logger:2020-03-16 13:27:48.342206 https://yajulehuayuangc.fang.com/
Logger:2020-03-16 13:27:48.683330 https://runjinyuanmdjf.fang.com/
Logger:2020-03-16 13:27:49.692637 https://duhuixuefu.fang.com/
Logger:2020-03-16 13:27:50.074571 https://yunduhuildwk.fang.com/
Logger:2020-03-16 13:27:50.358811 https://yuefenghuajdbl.fang.com/
Logger:2020-03-16 13:27:50.613131 https://shangdongyijinghuayuan.fang.com/
Logger:2020-03-16 13:27:52.018372 https://wenquankangyangxiaozhents.fang.com/
Logger:2020-03-16 13:27:53.851511 https://jiangshanhui.fang.com/
Logger:2020-03-16 13:27:54.108827 https://huayujiangnan025.fang.com/
Logger:2020-03-16 13:27:54.379056 https://longchiyufu.fang.com/
Logger:2020-03-16 13:27:54.671317 https://jiuxitaohuayuanrc.fang.com/
Logger:2020-03-16 13:27:54.915621 https://huijinzhongxinsl.fang.com/
Logger:2020-03-16 13:27:55.173008 https://yunshugongguan.fang.com/
Logger:2020-03-16 13:27:55.422306 https://jingyuezjdy.fang.com/
Logger:2020-03-16 13:27:55.748394 https://yuefengfujzy.fang.com/
Logger:2020-03-16 13:27:56.051583 https://zhongnanyuyuanrc.fang.com/
Logger:2020-03-16 13:27:56.354807 https://lingyua5jm.fang.com/
Logger:2020-03-16 13:27:57.493724 https://beikewan.fang.com/
Logger:2020-03-16 13:28:01.169890 https://nanjing.newhouse.fang.com/house/s/b95/
Logger:2020-03-16 13:28:01.445154 https://yongningfu.fang.com/
Logger:2020-03-16 13:28:01.715473 https://178450.fang.com/
Logger:2020-03-16 13:28:02.463430 https://tangshanyuanzhubgy.fang.com/
Logger:2020-03-16 13:28:02.766618 https://shiguangyuefu.fang.com/
Logger:2020-03-16 13:28:03.076789 https://hushanbandaohd.fang.com/
Logger:2020-03-16 13:28:03.374991 https://zhongliangxiangyun025.fang.com/
Logger:2020-03-16 13:28:04.493000 https://yulangongguants.fang.com/
Logger:2020-03-16 13:28:04.760285 https://178784.fang.com/
Logger:2020-03-16 13:28:06.014929 https://179584.fang.com/
Logger:2020-03-16 13:28:06.285206 https://fenghuizhongxin.fang.com/
Logger:2020-03-16 13:28:06.557477 https://yunxijingyuanjzyhy.fang.com/
Logger:2020-03-16 13:28:06.875626 https://178580.fang.com/
Logger:2020-03-16 13:28:07.157907 https://baolizhongxin025.fang.com/
Logger:2020-03-16 13:28:07.422202 https://shuimuyunzhu.fang.com/
Logger:2020-03-16 13:28:07.765289 https://zijunlanyuangzbzs.fang.com/
Logger:2020-03-16 13:28:08.984011 https://zhongnanjinyuan025.fang.com/
Logger:2020-03-16 13:28:09.252312 https://178614.fang.com/
Logger:2020-03-16 13:28:09.511575 https://tangyueshanshuiyy.fang.com/
Logger:2020-03-16 13:28:09.848673 https://yuejiangfu025.fang.com/
Logger:2020-03-16 13:28:11.111295 https://binjiangkqc.fang.com/
Logger:2020-03-16 13:28:14.749562 https://nanjing.newhouse.fang.com/house/s/b96/
Logger:2020-03-16 13:28:16.024152 https://yuelufukgxdkqc.fang.com/
Logger:2020-03-16 13:28:16.329341 https://qinglushangjusy.fang.com/
Logger:2020-03-16 13:28:16.600610 https://178696.fang.com/
Logger:2020-03-16 13:28:18.814730 https://huilingweilaiyc.fang.com/
Logger:2020-03-16 13:28:19.036095 https://moliyueguang.fang.com/
Logger:2020-03-16 13:28:19.394137 https://zixifuyjls.fang.com/
Logger:2020-03-16 13:28:21.181392 https://baolongguangchanggc.fang.com/
Logger:2020-03-16 13:28:21.418762 https://178890.fang.com/
Logger:2020-03-16 13:28:21.678027 https://guojiguangchanggzbzs.fang.com/
Logger:2020-03-16 13:28:23.898088 https://180392.fang.com/
Logger:2020-03-16 13:28:24.204311 https://ziyuefu025.fang.com/
Logger:2020-03-16 13:28:24.448652 https://xinyueshangchenyuanhymd.fang.com/
Logger:2020-03-16 13:28:24.746818 https://yubinfuyjl025.fang.com/
Logger:2020-03-16 13:28:25.094887 https://dongfangwanhuicheng.fang.com/
Logger:2020-03-16 13:28:25.953624 https://yishugchjm.fang.com/
Logger:2020-03-16 13:28:26.227855 https://pinglanfu.fang.com/
Logger:2020-03-16 13:28:26.541049 https://shangshangyueyuanhy.fang.com/
Logger:2020-03-16 13:28:29.870165 https://178192.fang.com/
Logger:2020-03-16 13:28:30.147370 https://180398.fang.com/
Logger:2020-03-16 13:28:31.495806 https://180320.fang.com/
Logger:2020-03-16 13:28:35.234761 https://nanjing.newhouse.fang.com/house/s/b97/
Logger:2020-03-16 13:28:35.544931 https://178870025.fang.com/
Logger:2020-03-16 13:28:35.879090 https://longhuaguojiguangchangdy.fang.com/
Logger:2020-03-16 13:28:36.144366 https://180400.fang.com/
Logger:2020-03-16 13:28:36.412610 https://179578.fang.com/
Logger:2020-03-16 13:28:37.741056 https://180186.fang.com/
Logger:2020-03-16 13:28:38.001360 https://yanjitingchaozh.fang.com/
Logger:2020-03-16 13:28:38.302554 https://longhutianju025.fang.com/
Logger:2020-03-16 13:28:38.616713 https://ludaorongfurs.fang.com/
Logger:2020-03-16 13:28:39.854445 https://shimaotianyu.fang.com/
Logger:2020-03-16 13:28:40.112712 https://lixiangchengld025.fang.com/
Logger:2020-03-16 13:28:40.457789 https://jiangyucheng025.fang.com/
Logger:2020-03-16 13:28:40.858716 https://taohuayuanzhusl.fang.com/
Logger:2020-03-16 13:28:41.364363 https://cuicanbinjiangsm.fang.com/
Logger:2020-03-16 13:28:41.668549 https://zijinjiuhaodmc.fang.com/
Logger:2020-03-16 13:28:42.021605 https://zijinguandizy.fang.com/
Logger:2020-03-16 13:28:42.339754 https://yihejiulinjlhyjxs.fang.com/
Logger:2020-03-16 13:28:44.759281 https://rongqiaoguanlan025.fang.com/
Logger:2020-03-16 13:28:45.009640 https://huaxincheng.fang.com/
Logger:2020-03-16 13:28:45.361669 https://yulongwanjp.fang.com/
Logger:2020-03-16 13:28:46.340052 https://178410.fang.com/
Logger:2020-03-16 13:28:49.887562 https://nanjing.newhouse.fang.com/house/s/b98/
Logger:2020-03-16 13:28:50.252629 https://qidifangzhou.fang.com/
Logger:2020-03-16 13:28:50.927781 https://guanchengdatonglanjun.fang.com/
Logger:2020-03-16 13:28:51.406524 https://jinmaoyueyzj.fang.com/
Logger:2020-03-16 13:28:51.719703 https://mingyuefudj025.fang.com/
Logger:2020-03-16 13:28:52.065779 https://tianximingtingat.fang.com/
Logger:2020-03-16 13:28:52.429805 https://hengdabinjiang.fang.com/
Logger:2020-03-16 13:28:54.495279 https://hefengnanan.fang.com/
Logger:2020-03-16 13:28:55.036826 https://gaokerongjing.fang.com/
Logger:2020-03-16 13:28:55.927405 https://ruifuhrzdnj.fang.com/
Logger:2020-03-16 13:28:56.217671 https://yuedongfu.fang.com/
Logger:2020-03-16 13:28:56.518860 https://yinyuefu.fang.com/
Logger:2020-03-16 13:28:56.814075 https://195320.fang.com/
Logger:2020-03-16 13:28:57.095325 https://lanyueqiyuanwk.fang.com/
Logger:2020-03-16 13:28:57.445344 https://runchenfu.fang.com/
Logger:2020-03-16 13:28:57.702655 https://lvchengshenlan.fang.com/
Logger:2020-03-16 13:28:58.012854 https://178282.fang.com/
Logger:2020-03-16 13:28:58.891512 https://taohuayuanrc.fang.com/
Logger:2020-03-16 13:28:59.328348 https://wandamao025.fang.com/
Logger:2020-03-16 13:28:59.656429 https://qingshuitingbieshu.fang.com/
Logger:2020-03-16 13:28:59.902770 https://taoyuanlizh.fang.com/
Logger:2020-03-16 13:29:03.235878 https://nanjing.newhouse.fang.com/house/s/b99/
Logger:2020-03-16 13:29:11.738108 https://wanhesijiyy025.fang.com/
Logger:2020-03-16 13:29:12.369420 https://taishan7haoyuanln.fang.com/
Logger:2020-03-16 13:29:12.716491 https://lishuiwandaguangchang.fang.com/
Logger:2020-03-16 13:29:13.090491 https://yannandufd.fang.com/
Logger:2020-03-16 13:29:13.396672 https://wolonghuguojishequ.fang.com/
Logger:2020-03-16 13:29:14.485758 https://178720.fang.com/
Logger:2020-03-16 13:29:15.444238 https://shanheshui.fang.com/
Logger:2020-03-16 13:29:15.739404 https://jinlingmeiyuhj.fang.com/
Logger:2020-03-16 13:29:16.050572 https://178526.fang.com/
Logger:2020-03-16 13:29:16.338855 https://jinlunfenghua.fang.com/
Logger:2020-03-16 13:29:16.590172 https://shaugnhuxingcheng.fang.com/
Logger:2020-03-16 13:29:16.897349 https://249866.fang.com/
Logger:2020-03-16 13:29:17.225466 https://chunjianglichenglh025.fang.com/
Logger:2020-03-16 13:29:17.558538 https://yuegonguanzd.fang.com/
Logger:2020-03-16 13:29:17.934579 https://zhongjiaojinlanhui.fang.com/
Logger:2020-03-16 13:29:18.317554 https://wangjingmingfu.fang.com/
Logger:2020-03-16 13:29:18.630744 https://huayangnianjtx025.fang.com/
Logger:2020-03-16 13:29:18.956835 https://guanshanyue025.fang.com/
Logger:2020-03-16 13:29:19.211117 https://liuhaojiequzj025.fang.com/
Logger:2020-03-16 13:29:19.477405 https://mixyuexiangjia.fang.com/
Logger:2020-03-16 13:29:23.062813 https://nanjing.newhouse.fang.com/house/s/b910/
Logger:2020-03-16 13:29:23.317133 https://mixyuexiangjia.fang.com/
Logger:2020-03-16 13:29:23.601372 https://178896.fang.com/
Logger:2020-03-16 13:29:24.851072 https://anpinyuanshewk.fang.com/
Logger:2020-03-16 13:29:25.111333 https://meilinshu.fang.com/
Logger:2020-03-16 13:29:25.625987 https://yishugongguanbjh.fang.com/
Logger:2020-03-16 13:29:25.951111 https://changleduyjl.fang.com/
Logger:2020-03-16 13:29:26.273225 https://qingxiuchengzgtj025.fang.com/
Logger:2020-03-16 13:29:26.638248 https://179488.fang.com/
Logger:2020-03-16 13:29:26.919496 https://shilinyuncheng.fang.com/
Logger:2020-03-16 13:29:27.248651 https://binjiangulivezh.fang.com/
Logger:2020-03-16 13:29:27.570755 https://721458.fang.com/
Logger:2020-03-16 13:29:27.869954 https://yinchengkongquechength.fang.com/
Logger:2020-03-16 13:29:28.715690 https://jinyuguojiwk025.fang.com/
Logger:2020-03-16 13:29:28.945077 https://dafarongyue.fang.com/
Logger:2020-03-16 13:29:29.332042 https://haifushangchengzgdj.fang.com/
Logger:2020-03-16 13:29:29.668169 https://wanxiangtiandir26jiuyue.fang.com/
Logger:2020-03-16 13:29:30.846990 https://guojishequzh2.fang.com/
Logger:2020-03-16 13:29:31.100354 https://boyuefusd025.fang.com/
Logger:2020-03-16 13:29:31.427437 https://xinningfusj.fang.com/
Logger:2020-03-16 13:29:31.763537 https://tongchengyijingyd.fang.com/
Logger:2020-03-16 13:29:35.042765 https://nanjing.newhouse.fang.com/house/s/b911/
Logger:2020-03-16 13:29:35.338018 https://junjinghuating025.fang.com/
Logger:2020-03-16 13:29:35.680060 https://lehuochengcw.fang.com/
Logger:2020-03-16 13:29:36.036189 https://huayangchenghyn025.fang.com/
Logger:2020-03-16 13:29:36.423072 https://yanxitai025.fang.com/
Logger:2020-03-16 13:29:36.705360 https://suningruicheng.fang.com/office/
Logger:2020-03-16 13:29:36.960634 https://changjiangfengjing.fang.com/
Logger:2020-03-16 13:29:37.252853 https://hubinyipinyuan.fang.com/
Logger:2020-03-16 13:29:37.486228 https://zijinjiayuesn.fang.com/
Logger:2020-03-16 13:29:37.760531 https://kinmayc.fang.com/
Logger:2020-03-16 13:29:37.997902 https://xinianzhongxinhyn025.fang.com/
Logger:2020-03-16 13:29:38.276115 https://xingguanglifl.fang.com/
Logger:2020-03-16 13:29:39.080008 https://yueshanyuefumf.fang.com/
Logger:2020-03-16 13:29:39.402103 https://liancheng.fang.com/
Logger:2020-03-16 13:29:39.736209 https://guoxitaizj025.fang.com/
Logger:2020-03-16 13:29:40.037404 https://178428.fang.com/
Logger:2020-03-16 13:29:40.307717 https://yongjingtaizjrx.fang.com/
Logger:2020-03-16 13:29:40.671743 https://shangfengshangshuizy025.fang.com/
Logger:2020-03-16 13:29:41.156410 https://178432.fang.com/
Logger:2020-03-16 13:29:41.526420 https://binrunhuija.fang.com/
Logger:2020-03-16 13:29:41.823668 https://shenglongtianhui.fang.com/
Logger:2020-03-16 13:29:45.810994 https://nanjing.newhouse.fang.com/house/s/b912/
Logger:2020-03-16 13:29:46.070265 https://tianchenxbh.fang.com/
Logger:2020-03-16 13:29:46.428343 https://baijiahu1hao21sj.fang.com/
Logger:2020-03-16 13:29:46.788344 https://lvdihaiyue025.fang.com/
Logger:2020-03-16 13:29:47.121495 https://zixinzhonghuaguangchangzihui.fang.com/3/
Logger:2020-03-16 13:29:47.437660 https://yunqishanzhuang025.fang.com/
Logger:2020-03-16 13:29:47.802632 https://longhaijunjing.fang.com/
Logger:2020-03-16 13:29:48.970505 https://260610.fang.com/
Logger:2020-03-16 13:29:49.248805 https://dijingtianyu025.fang.com/
Logger:2020-03-16 13:29:49.735462 https://jiayushan.fang.com/
Logger:2020-03-16 13:29:50.133396 https://178478.fang.com/
Logger:2020-03-16 13:29:50.451544 https://linjingxiangshanshuyuanty.fang.com/
Logger:2020-03-16 13:29:50.885383 https://yuechenfu.fang.com/
Logger:2020-03-16 13:29:51.163639 https://lingyungewy.fang.com/
Logger:2020-03-16 13:29:51.454860 https://dongjunyuefu.fang.com/
Logger:2020-03-16 13:29:51.776075 https://wuyueguangchangjy.fang.com/
Logger:2020-03-16 13:29:52.044308 https://hechangwanjing.fang.com/
Logger:2020-03-16 13:29:53.228117 https://yepolanshanrj.fang.com/
Logger:2020-03-16 13:29:53.489418 https://shuangzixingjl.fang.com/
Logger:2020-03-16 13:29:53.819535 https://178568.fang.com/
Logger:2020-03-16 13:29:54.100781 https://shidaizhongxinhy.fang.com/
Logger:2020-03-16 13:29:57.331181 https://nanjing.newhouse.fang.com/house/s/b913/
Logger:2020-03-16 13:29:57.684232 https://binjiangziquezr.fang.com/
Logger:2020-03-16 13:29:58.622684 https://178370.fang.com/
Logger:2020-03-16 13:29:58.969794 https://178400.fang.com/
Logger:2020-03-16 13:29:59.221084 https://zhongxinjinghuajd.fang.com/
Logger:2020-03-16 13:29:59.463435 https://178328.fang.com/
Logger:2020-03-16 13:29:59.739696 https://binfenguangchangld025.fang.com/
Logger:2020-03-16 13:30:00.142618 https://chengshijiequyl.fang.com/
Logger:2020-03-16 13:30:00.467787 https://jingcaitiandirc025.fang.com/
Logger:2020-03-16 13:30:00.733039 https://zhongxinchengsl.fang.com/
Logger:2020-03-16 13:30:01.026297 https://huayuxinchengrs.fang.com/
Logger:2020-03-16 13:30:04.928816 https://baimayunzhujh.fang.com/
Logger:2020-03-16 13:30:05.211060 https://guojiguangchangrs025.fang.com/
Logger:2020-03-16 13:30:05.441486 https://taohuayuanlc025.fang.com/
Logger:2020-03-16 13:30:05.687849 https://jinmaoyuedc.fang.com/
Logger:2020-03-16 13:30:06.003975 https://jinxiuhuachengdh025.fang.com/
Logger:2020-03-16 13:30:06.587379 https://jiangwanxinchengmf.fang.com/
Logger:2020-03-16 13:30:06.871656 https://ziweitanggk.fang.com/
Logger:2020-03-16 13:30:07.245617 https://libiaozancheng.fang.com/
Logger:2020-03-16 13:30:07.566802 https://rongshengjuanfeng.fang.com/
Logger:2020-03-16 13:30:07.879945 https://zijinhuafujy.fang.com/
Logger:2020-03-16 13:30:11.761575 https://nanjing.newhouse.fang.com/house/s/b914/
Logger:2020-03-16 13:30:12.025838 https://jinlingyasongju.fang.com/
Logger:2020-03-16 13:30:12.330058 https://yanlanqijinhy.fang.com/
Logger:2020-03-16 13:30:12.699028 https://yihefudizhd.fang.com/
Logger:2020-03-16 13:30:14.502241 https://jingxiulanshanrs.fang.com/
Logger:2020-03-16 13:30:14.771484 https://linglongjunls.fang.com/
Logger:2020-03-16 13:30:15.059755 https://huguangshansebgy.fang.com/
Logger:2020-03-16 13:30:15.495547 https://qianshuiwanzy025.fang.com/
Logger:2020-03-16 13:30:15.812739 https://chengshiguangchangdjzcfy.fang.com/
Logger:2020-03-16 13:30:16.174731 https://jiangshanhuiyueshanfu.fang.com/
Logger:2020-03-16 13:30:16.494874 https://178278.fang.com/
Logger:2020-03-16 13:30:16.770139 https://weilanxingchenyuanzy.fang.com/
Logger:2020-03-16 13:30:17.015481 https://jiangpanguoji.fang.com/
Logger:2020-03-16 13:30:17.365587 https://xiangshucheng.fang.com/
Logger:2020-03-16 13:30:17.728574 https://luyizhuangyuan.fang.com/
Logger:2020-03-16 13:30:17.982935 https://zhonghangyueguangchang.fang.com/
Logger:2020-03-16 13:30:18.345965 https://guojizhongxinmf.fang.com/
Logger:2020-03-16 13:30:18.648145 https://shanshuiyunfang.fang.com/
Logger:2020-03-16 13:30:19.001219 https://longpanhuict.fang.com/
Logger:2020-03-16 13:30:19.257484 https://fulishihao025.fang.com/
Logger:2020-03-16 13:30:19.747174 https://hongyangshiguangshanhu.fang.com/
Logger:2020-03-16 13:30:23.440293 https://nanjing.newhouse.fang.com/house/s/b915/
Logger:2020-03-16 13:30:23.726604 https://yunshenchuhx025.fang.com/
Logger:2020-03-16 13:30:26.982842 https://linjingzunyuanty.fang.com/
Logger:2020-03-16 13:30:27.238134 https://zhongliangsjxy.fang.com/
Logger:2020-03-16 13:30:29.744472 https://jiariguangchanghh.fang.com/
Logger:2020-03-16 13:30:30.011716 https://chengshizhichuangrx.fang.com/
Logger:2020-03-16 13:30:30.316944 https://linglongcuiguhjxh.fang.com/
Logger:2020-03-16 13:30:30.622123 https://duhui09yzzl.fang.com/
Logger:2020-03-16 13:30:30.929260 https://jiangshanyuxhyc.fang.com/
Logger:2020-03-16 13:30:31.214533 https://lvdizhichuang025.fang.com/
Logger:2020-03-16 13:30:31.547647 https://canglonggushanzhuang.fang.com/
Logger:2020-03-16 13:30:31.843855 https://jinxiuyuejiangfu.fang.com/
Logger:2020-03-16 13:30:32.109146 https://178738.fang.com/
Logger:2020-03-16 13:30:32.386362 https://178522.fang.com/
Logger:2020-03-16 13:30:35.416257 https://yongjinyijingfulg.fang.com/
Logger:2020-03-16 13:30:41.434158 https://linjinglanyuanty.fang.com/
Logger:2020-03-16 13:30:41.698450 https://ruyijun.fang.com/
Logger:2020-03-16 13:30:41.945788 https://wankexinghui.fang.com/
Logger:2020-03-16 13:30:42.265968 https://jiulongxinchengfj.fang.com/
Logger:2020-03-16 13:30:42.506289 https://hengtongguoji2.fang.com/
Logger:2020-03-16 13:30:42.740662 https://178548.fang.com/
Logger:2020-03-16 13:30:46.454727 https://nanjing.newhouse.fang.com/house/s/b916/
Logger:2020-03-16 13:30:48.538196 https://longhaofcxc.fang.com/
Logger:2020-03-16 13:30:49.822717 https://178238.fang.com/
Logger:2020-03-16 13:30:50.088031 https://178786025.fang.com/
Logger:2020-03-16 13:30:50.391242 https://binjiangguojiyjl025.fang.com/
Logger:2020-03-16 13:30:50.662470 https://gaoerfuzsgj.fang.com/
Logger:2020-03-16 13:30:52.070704 https://boyunjianbgy.fang.com/
Logger:2020-03-16 13:30:54.235947 https://tianebaohqc025.fang.com/
Logger:2020-03-16 13:30:54.563072 https://shangshuiyunjinht.fang.com/
Logger:2020-03-16 13:30:54.908138 https://fenghuangshanjurh.fang.com/
Logger:2020-03-16 13:30:55.192410 https://bojingwanzjhj.fang.com/
Logger:2020-03-16 13:30:55.412804 https://xijiangyuebl.fang.com/
Logger:2020-03-16 13:30:55.713997 https://jinghefuhlb.fang.com/
Logger:2020-03-16 13:30:56.014203 https://chuangyuanlongyue.fang.com/
Logger:2020-03-16 13:30:56.315390 https://jiuyuesenlinmd.fang.com/
Logger:2020-03-16 13:30:56.874850 https://yihefuts.fang.com/
Logger:2020-03-16 13:30:57.151154 https://hongshulinjxls.fang.com/
Logger:2020-03-16 13:30:57.447362 https://hengdalongjun.fang.com/
Logger:2020-03-16 13:30:57.811388 https://guyinlanyuangzbygc.fang.com/
Logger:2020-03-16 13:30:59.235537 https://cuihushanra.fang.com/
Logger:2020-03-16 13:30:59.499873 https://jinyudongfangwk.fang.com/
Logger:2020-03-16 13:31:03.272736 https://nanjing.newhouse.fang.com/house/s/b917/
Logger:2020-03-16 13:31:03.601893 https://jindingwanruyuan.fang.com/
Logger:2020-03-16 13:31:03.969871 https://yujingwan025.fang.com/
Logger:2020-03-16 13:31:04.742803 https://beijiangjincheng.fang.com/
Logger:2020-03-16 13:31:05.802978 https://puyueheshanxc.fang.com/
Logger:2020-03-16 13:31:06.128096 https://dajigongyuan.fang.com/
Logger:2020-03-16 13:31:06.517103 https://178186.fang.com/
Logger:2020-03-16 13:31:07.335905 https://liangtaixufu.fang.com/
Logger:2020-03-16 13:31:07.587194 https://shidaizhongxinrh025.fang.com/
Logger:2020-03-16 13:31:07.895370 https://zhongshanyifu.fang.com/
Logger:2020-03-16 13:31:08.199596 https://xihualongyuebjcj.fang.com/
Logger:2020-03-16 13:31:09.075214 https://178188.fang.com/
Logger:2020-03-16 13:31:09.381394 https://ximalayazhongxinzd.fang.com/
Logger:2020-03-16 13:31:09.612775 https://xzllhw.fang.com/
Logger:2020-03-16 13:31:10.915315 https://ziyueguangchangjf.fang.com/
Logger:2020-03-16 13:31:11.158685 https://ouzhouchengbgy.fang.com/
Logger:2020-03-16 13:31:11.464863 https://cuiyonghuatingjl.fang.com/
Logger:2020-03-16 13:31:11.793940 https://yangshanhuhuayuanxy.fang.com/
Logger:2020-03-16 13:31:12.087156 https://shouchuanglifang025.fang.com/
Logger:2020-03-16 13:31:13.266046 https://ziyudongfangjp.fang.com/
Logger:2020-03-16 13:31:13.574214 https://wanyuecheng025.fang.com/
Logger:2020-03-16 13:31:17.301251 https://nanjing.newhouse.fang.com/house/s/b918/
Logger:2020-03-16 13:31:17.538617 https://hetianxiapt.fang.com/
Logger:2020-03-16 13:31:17.892626 https://yuegongguanzh.fang.com/
Logger:2020-03-16 13:31:18.227729 https://jiahuixingdaoyz025.fang.com/
Logger:2020-03-16 13:31:18.525931 https://wenlangongguanygc025.fang.com/
Logger:2020-03-16 13:31:18.829162 https://shuijiefangfl.fang.com/
Logger:2020-03-16 13:31:19.136299 https://178534.fang.com/
Logger:2020-03-16 13:31:19.418543 https://junyuehuayuan025.fang.com/
Logger:2020-03-16 13:31:19.800522 https://jingrongshijia.fang.com/
Logger:2020-03-16 13:31:20.116675 https://shidaiguangchangbl025.fang.com/
Logger:2020-03-16 13:31:20.412883 https://1872zhaoshang.fang.com/
Logger:2020-03-16 13:31:21.354409 https://kanglihuafu.fang.com/
Logger:2020-03-16 13:31:21.611677 https://lvdiyunshang.fang.com/
Logger:2020-03-16 13:31:21.828170 https://178456.fang.com/
Logger:2020-03-16 13:31:22.078509 https://tianshengyujing.fang.com/
Logger:2020-03-16 13:31:22.415565 https://yulongwanlixiangcheng.fang.com/
Logger:2020-03-16 13:31:22.675830 https://178462.fang.com/
Logger:2020-03-16 13:31:22.952090 https://maxqiyeyuanzhu.fang.com/
Logger:2020-03-16 13:31:23.195440 https://changfaguangchangnj.fang.com/
Logger:2020-03-16 13:31:23.518575 https://yushanshujl.fang.com/
Logger:2020-03-16 13:31:23.792841 https://dongfangmanyuan.fang.com/
Logger:2020-03-16 13:31:27.561802 https://nanjing.newhouse.fang.com/house/s/b919/
Logger:2020-03-16 13:31:27.835027 https://180404.fang.com/
Logger:2020-03-16 13:31:28.116275 https://jinrongchengnj.fang.com/
Logger:2020-03-16 13:31:28.375624 https://zhonghongwanjiaguangchang.fang.com/
Logger:2020-03-16 13:31:28.690738 https://178640.fang.com/
Logger:2020-03-16 13:31:28.965005 https://chuanglifangpc.fang.com/
Logger:2020-03-16 13:31:29.243260 https://mianhuatangzn.fang.com/
Logger:2020-03-16 13:31:29.502610 https://zhongshanlu99hao.fang.com/shop/
Logger:2020-03-16 13:31:30.733317 https://gongyuanyihaofl.fang.com/
Logger:2020-03-16 13:31:30.983605 https://shijitiancheng025.fang.com/
Logger:2020-03-16 13:31:31.453388 https://njbjzbjdswq.fang.com/
Logger:2020-03-16 13:31:31.705673 https://jinaozhongxinnj.fang.com/
Logger:2020-03-16 13:31:31.923092 https://huichuangzhongxinyd.fang.com/
Logger:2020-03-16 13:31:32.143503 https://haiershyhgggc.fang.com/
Logger:2020-03-16 13:31:32.416771 https://miyi.fang.com/
Logger:2020-03-16 13:31:32.719007 https://yuanfengguoji.fang.com/
Logger:2020-03-16 13:31:32.976276 https://xinglifang.fang.com/
Logger:2020-03-16 13:31:33.239570 https://haitangjizn.fang.com/
Logger:2020-03-16 13:31:33.550737 https://zhongguofugzbnj.fang.com/
Logger:2020-03-16 13:31:33.862935 https://shuimuyongrongfu.fang.com/
Logger:2020-03-16 13:31:34.162144 https://jiujiantangzd025.fang.com/
Logger:2020-03-16 13:31:37.869184 https://nanjing.newhouse.fang.com/house/s/b920/
Logger:2020-03-16 13:31:38.140459 https://feinikesiguojigongyu.fang.com/
Logger:2020-03-16 13:31:38.446677 https://dayuvilla.fang.com/
Logger:2020-03-16 13:31:38.712927 https://suningtanyue.fang.com/
Logger:2020-03-16 13:31:38.984238 https://yongfulongting.fang.com/
Logger:2020-03-16 13:31:39.347231 https://wankecheng025.fang.com/
Logger:2020-03-16 13:31:40.862178 https://guojishequnjhr.fang.com/
Logger:2020-03-16 13:31:41.155429 https://rongqiaoguandi025.fang.com/
Logger:2020-03-16 13:31:42.796004 https://dangdaiwanguofu.fang.com/
Logger:2020-03-16 13:31:43.111161 https://jinmaoguangchangxwh.fang.com/
Logger:2020-03-16 13:31:43.407451 https://yuzhongshanfd.fang.com/
Logger:2020-03-16 13:31:43.745502 https://wanjianggonghexincheng.fang.com/
Logger:2020-03-16 13:31:44.154408 https://lanxijunyc.fang.com/
Logger:2020-03-16 13:31:44.506429 https://wenhuiyuancw.fang.com/
Logger:2020-03-16 13:31:45.579598 https://yanzitai.fang.com/
Logger:2020-03-16 13:31:45.925634 https://moli.fang.com/
Logger:2020-03-16 13:31:46.187931 https://huanlebinjianghqc025.fang.com/
Logger:2020-03-16 13:31:46.440256 https://xingfuchengrd.fang.com/
Logger:2020-03-16 13:31:46.767380 https://jianganjingcheng.fang.com/
Logger:2020-03-16 13:31:47.423625 https://178430.fang.com/
Logger:2020-03-16 13:31:47.688916 https://xiangshanjunmf.fang.com/
Logger:2020-03-16 13:31:51.414992 https://nanjing.newhouse.fang.com/house/s/b921/
Logger:2020-03-16 13:31:51.715146 https://dongpinghu9hao.fang.com/
Logger:2020-03-16 13:31:51.970461 https://178408.fang.com/
Logger:2020-03-16 13:31:52.268664 https://dejishimaoyihao.fang.com/
Logger:2020-03-16 13:31:52.519992 https://fengbinjiayuanfj.fang.com/2/
Logger:2020-03-16 13:31:52.773314 https://178860.fang.com/
Logger:2020-03-16 13:31:53.111456 https://shuijingguangchangcp.fang.com/
Logger:2020-03-16 13:31:53.401633 https://shiguangchunxiaohyyz.fang.com/
Logger:2020-03-16 13:31:55.426217 https://aifeiguojisj.fang.com/
Logger:2020-03-16 13:31:55.679539 https://guoxitaierqizj.fang.com/
Logger:2020-03-16 13:31:56.027652 https://180066.fang.com/
Logger:2020-03-16 13:31:56.335783 https://changjianghui.fang.com/
Logger:2020-03-16 13:31:57.668266 https://shihaowanglaifl.fang.com/
Logger:2020-03-16 13:31:59.177183 https://lantianxinggang.fang.com/
Logger:2020-03-16 13:31:59.445507 https://qilinshanzhuang025.fang.com/
Logger:2020-03-16 13:31:59.817513 https://rongli.fang.com/
Logger:2020-03-16 13:32:00.181497 https://taidaqingzhu.fang.com/
Logger:2020-03-16 13:32:00.498700 https://guigugongguanln.fang.com/
Logger:2020-03-16 13:32:00.758956 https://hetangruifu.fang.com/
Logger:2020-03-16 13:32:01.037238 https://hailunguoji025.fang.com/
Logger:2020-03-16 13:32:01.442165 https://yangguangdijing025.fang.com/
Logger:2020-03-16 13:32:07.200718 https://nanjing.newhouse.fang.com/house/s/b922/
Logger:2020-03-16 13:32:07.471039 https://wuxiangshucy.fang.com/
Logger:2020-03-16 13:32:07.754237 https://dongjunhuafu025.fang.com/
Logger:2020-03-16 13:32:08.156198 https://tianlongwanmy025.fang.com/
Logger:2020-03-16 13:32:08.596029 https://zhenzhuquan9haomf.fang.com/
Logger:2020-03-16 13:32:08.943057 https://qiyuefu.fang.com/
Logger:2020-03-16 13:32:09.239298 https://panjinhuafu.fang.com/
Logger:2020-03-16 13:32:09.527537 https://ziduchenglh025.fang.com/
Logger:2020-03-16 13:32:09.817717 https://zijingweilaicheng.fang.com/
Logger:2020-03-16 13:32:10.229657 https://chengshishangujf.fang.com/
Logger:2020-03-16 13:32:10.501942 https://mingfachengshiguangchang.fang.com/
Logger:2020-03-16 13:32:10.752263 https://wanjingjiayuan025.fang.com/
Logger:2020-03-16 13:32:11.037454 https://banshanxiangbinyuan.fang.com/
Logger:2020-03-16 13:32:11.487322 https://guofudayuan.fang.com/
Logger:2020-03-16 13:32:11.803406 https://jiulicheng.fang.com/
Logger:2020-03-16 13:32:12.900470 https://178540.fang.com/
Logger:2020-03-16 13:32:13.207649 https://qingchuangipark.fang.com/
Logger:2020-03-16 13:32:13.503937 https://yuntingmf.fang.com/
Logger:2020-03-16 13:32:13.809076 https://178878.fang.com/
Logger:2020-03-16 13:32:14.091325 https://foshouhusenlinzhuangyuan.fang.com/
Logger:2020-03-16 13:32:14.353607 https://hanbilou.fang.com/
Logger:2020-03-16 13:32:18.002821 https://nanjing.newhouse.fang.com/house/s/b923/
Logger:2020-03-16 13:32:18.267114 https://180390.fang.com/
Logger:2020-03-16 13:32:20.563010 https://xingfuwanxianghyn.fang.com/
Logger:2020-03-16 13:32:20.810390 https://bjhysgg.fang.com/
Logger:2020-03-16 13:32:21.068660 https://liduguiyuan.fang.com/
Logger:2020-03-16 13:32:21.395744 https://dujiazhongxinjnh.fang.com/
Logger:2020-03-16 13:32:21.642127 https://meilinxiangyihuayuan.fang.com/
Logger:2020-03-16 13:32:21.935301 https://178884.fang.com/
Logger:2020-03-16 13:32:22.214554 https://178536.fang.com/
Logger:2020-03-16 13:32:22.543709 https://mengtiandijx.fang.com/
Logger:2020-03-16 13:32:24.867457 https://feicuixingchenglh.fang.com/
Logger:2020-03-16 13:32:25.114857 https://141300.fang.com/
Logger:2020-03-16 13:32:25.399034 https://fushengtingyuan.fang.com/
Logger:2020-03-16 13:32:25.777023 https://aishangchenghy.fang.com/
Logger:2020-03-16 13:32:26.104148 https://180300.fang.com/
Logger:2020-03-16 13:32:26.411327 https://178350.fang.com/
Logger:2020-03-16 13:32:26.794342 https://dongyagongxiangdasha.fang.com/
Logger:2020-03-16 13:32:27.008793 https://972958.fang.com/
Logger:2020-03-16 13:32:28.331235 https://178570.fang.com/
Logger:2020-03-16 13:32:28.635408 https://178792.fang.com/
Logger:2020-03-16 13:32:28.915627 https://qinhuaiyuanzhu.fang.com/
Logger:2020-03-16 13:32:32.704492 https://nanjing.newhouse.fang.com/house/s/b924/
Logger:2020-03-16 13:32:32.963841 https://zhigunjxl.fang.com/
Logger:2020-03-16 13:32:34.835790 https://132072.fang.com/
Logger:2020-03-16 13:32:35.103075 https://180040.fang.com/
Logger:2020-03-16 13:32:35.444205 https://wanhezundi025.fang.com/
Logger:2020-03-16 13:32:35.700477 https://132102.fang.com/
Logger:2020-03-16 13:32:37.751035 https://linyushanshu.fang.com/
Logger:2020-03-16 13:32:38.004357 https://178518.fang.com/
Logger:2020-03-16 13:32:38.336425 https://senhuxigu.fang.com/
Logger:2020-03-16 13:32:38.639614 https://kejiguangchangky.fang.com/
Logger:2020-03-16 13:32:38.896953 https://mulongyuanshu.fang.com/
Logger:2020-03-16 13:32:39.220101 https://178516.fang.com/
Logger:2020-03-16 13:32:39.523250 https://178198.fang.com/
Logger:2020-03-16 13:32:40.828758 https://linjingziyuanty.fang.com/
Logger:2020-03-16 13:32:41.080097 https://qilinzhihuiyuanszzhtd.fang.com/
Logger:2020-03-16 13:32:41.363330 https://mingduhuayuansn.fang.com/office/
Logger:2020-03-16 13:32:41.597737 https://180130.fang.com/
Logger:2020-03-16 13:32:41.922833 https://qinglinwanhz.fang.com/
Logger:2020-03-16 13:32:42.379655 https://jinshanfu.fang.com/
Logger:2020-03-16 13:32:42.649887 https://178224.fang.com/
Logger:2020-03-16 13:32:42.979005 https://yajulehuayuang.fang.com/
Logger:2020-03-16 13:32:46.606339 https://nanjing.newhouse.fang.com/house/s/b925/
Logger:2020-03-16 13:32:46.917512 https://fuyuanmingju025.fang.com/
Logger:2020-03-16 13:32:48.241926 https://178778.fang.com/
Logger:2020-03-16 13:32:49.086667 https://178770.fang.com/
Logger:2020-03-16 13:32:49.336000 https://shuangfujiayuan.fang.com/
Logger:2020-03-16 13:32:50.617571 https://xianlinguojihc.fang.com/
Logger:2020-03-16 13:32:50.917768 https://jinghumingdu.fang.com/
Logger:2020-03-16 13:32:51.222995 https://fudizhongxin025.fang.com/
Logger:2020-03-16 13:32:51.461314 https://dongjunguangchangtc.fang.com/
Logger:2020-03-16 13:32:51.710692 https://178816.fang.com/
Logger:2020-03-16 13:32:51.987906 https://xingzhihuishangwuhuayuan.fang.com/
Logger:2020-03-16 13:32:52.275136 https://shoujianzhongxin.fang.com/
Logger:2020-03-16 13:32:53.163760 https://180134.fang.com/
Logger:2020-03-16 13:32:53.864885 https://260606.fang.com/
Logger:2020-03-16 13:32:54.126223 https://118604.fang.com/
Logger:2020-03-16 13:32:54.345629 https://zhihuilaoshan.fang.com/
Logger:2020-03-16 13:32:55.814711 https://zongbujidiyzkc.fang.com/
Logger:2020-03-16 13:32:56.073020 https://lejiguangchang.fang.com/
Logger:2020-03-16 13:32:56.377164 https://zhizaoguyjlkjyls.fang.com/
Logger:2020-03-16 13:32:56.608586 https://180156.fang.com/
Logger:2020-03-16 13:32:56.869845 https://shangyejiequhnl.fang.com/
Logger:2020-03-16 13:33:00.686687 https://nanjing.newhouse.fang.com/house/s/b926/
Logger:2020-03-16 13:33:00.919046 https://freeziyoudu.fang.com/
Logger:2020-03-16 13:33:01.727849 https://178736.fang.com/
Logger:2020-03-16 13:33:02.003113 https://nanjingziheguojiguangchang.fang.com/
Logger:2020-03-16 13:33:02.292340 https://heruidashafh.fang.com/
Logger:2020-03-16 13:33:02.543667 https://tangchenghui025.fang.com/
Logger:2020-03-16 13:33:02.772056 https://yueyangguoji.fang.com/
Logger:2020-03-16 13:33:03.035399 https://xingshijiwz.fang.com/
Logger:2020-03-16 13:33:03.299646 https://180202.fang.com/
Logger:2020-03-16 13:33:03.621783 https://178508.fang.com/
Logger:2020-03-16 13:33:03.890141 https://guojibinhejiequ.fang.com/
Logger:2020-03-16 13:33:04.130465 https://qichewujinbolanzhongxinwy.fang.com/
Logger:2020-03-16 13:33:04.338864 https://dexuxiyachen.fang.com/
Logger:2020-03-16 13:33:04.771707 https://zhongyinguangchangnj.fang.com/
Logger:2020-03-16 13:33:05.095839 https://zhengtaizhongxin.fang.com/
Logger:2020-03-16 13:33:05.350201 https://hupoyihaoky.fang.com/
Logger:2020-03-16 13:33:05.593546 https://wanjingqicheshenghuoguangchang.fang.com/
Logger:2020-03-16 13:33:06.790307 https://huanqiumaoyiguangchangnj.fang.com/
Logger:2020-03-16 13:33:07.040672 https://huizezhongxin.fang.com/
Logger:2020-03-16 13:33:07.343862 https://jinshengcaizhiguangchang.fang.com/
Logger:2020-03-16 13:33:07.606204 https://ouyadashangyeguangchang.fang.com/
Logger:2020-03-16 13:33:11.198514 https://nanjing.newhouse.fang.com/house/s/b927/
Logger:2020-03-16 13:33:14.857768 https://hanruizhongxin2.fang.com/
Logger:2020-03-16 13:33:15.078209 https://chuangzhizhongxinrh.fang.com/
Logger:2020-03-16 13:33:15.449143 https://feiermenggongyuja.fang.com/
Logger:2020-03-16 13:33:15.715473 https://fengqingshuian025.fang.com/
Logger:2020-03-16 13:33:16.042555 https://zhihuiyuanhxsm.fang.com/
Logger:2020-03-16 13:33:16.303887 https://kaixuanchengguangchang.fang.com/
Logger:2020-03-16 13:33:19.968100 https://nanjing.newhouse.fang.com/house/s/b928/
Logger:2020-03-16 13:33:23.619328 https://nanjing.newhouse.fang.com/house/s/b929/
Logger:2020-03-16 13:33:27.180798 https://nanjing.newhouse.fang.com/house/s/b930/
