Logger:2020-03-15 23:31:28.320794 https://nanping.newhouse.fang.com/house/s/b91/
Logger:2020-03-15 23:31:28.620034 https://kaixuanchengjy.fang.com/
Logger:2020-03-15 23:31:29.035839 https://yanzhoumingjunxilongwan.fang.com/
Logger:2020-03-15 23:31:30.871148 https://wandaguangchangnp.fang.com/
Logger:2020-03-15 23:31:31.214256 https://hlsdgj.fang.com/
Logger:2020-03-15 23:31:31.548297 https://hengdayujingnp.fang.com/
Logger:2020-03-15 23:31:31.948906 https://hengdashanshuichengwys.fang.com/
Logger:2020-03-15 23:31:33.835781 https://sdxsjj.fang.com/
Logger:2020-03-15 23:31:34.165506 https://biquanjiangyu.fang.com/
Logger:2020-03-15 23:31:34.535097 https://jymjdgc.fang.com/
Logger:2020-03-15 23:31:34.904660 https://lvoujingyuan.fang.com/
Logger:2020-03-15 23:31:35.246781 https://wuyishanbiguiyuan.fang.com/
Logger:2020-03-15 23:31:35.606329 https://wuyiguojixincheng.fang.com/
Logger:2020-03-15 23:31:35.964926 https://sxmdmf.fang.com/
Logger:2020-03-15 23:31:36.870063 https://kaixuanshijia0599.fang.com/
Logger:2020-03-15 23:31:39.285746 https://yujingfeng0599.fang.com/
Logger:2020-03-15 23:31:42.381679 https://sanshanjiangjingtiancheng.fang.com/
Logger:2020-03-15 23:31:42.754325 https://hxmkl0599.fang.com/
Logger:2020-03-15 23:31:46.398660 https://tgatlsxz.fang.com/
Logger:2020-03-15 23:31:48.081059 https://nanping.newhouse.fang.com/house/2218206454.htm
Logger:2020-03-15 23:31:48.346944 https://shanhailanwanguoji.fang.com/
Logger:2020-03-15 23:31:51.663787 https://nanping.newhouse.fang.com/house/s/b92/
Logger:2020-03-15 23:31:51.971783 https://zhengrongcaifuzhongxin.fang.com/
Logger:2020-03-15 23:31:52.342558 https://sdxcfd.fang.com/
Logger:2020-03-15 23:31:52.678715 https://shanshuihuating0559.fang.com/
Logger:2020-03-15 23:31:53.045716 https://xiangshengyujiangwan.fang.com/
Logger:2020-03-15 23:31:53.430780 https://xinchengzhongxinyufeng.fang.com/
Logger:2020-03-15 23:31:55.149962 https://nanping.newhouse.fang.com/house/2218210530.htm
Logger:2020-03-15 23:31:55.479692 https://wuyixinshidaiguangchang.fang.com/
Logger:2020-03-15 23:31:58.651192 [erro]&&&https://nanping.newhouse.fang.com/house/2218210486.htm
Logger:2020-03-15 23:31:58.764849 https://hlsjc0599.fang.com/
Logger:2020-03-15 23:32:02.028571 https://wangjiangyangguangcheng.fang.com/
Logger:2020-03-15 23:32:02.402145 https://wuyishanzhangshuyuan.fang.com/
Logger:2020-03-15 23:32:05.346225 https://yiyibaguangchang.fang.com/
Logger:2020-03-15 23:32:05.660426 https://cuicanbinjiangjy.fang.com/
Logger:2020-03-15 23:32:06.028756 https://zhongyanglingyunp.fang.com/
Logger:2020-03-15 23:32:08.342267 https://shengshiyupinnp.fang.com/
Logger:2020-03-15 23:32:08.660102 https://taixuqimingdu.fang.com/
Logger:2020-03-15 23:32:09.038906 https://wysshanhecheng.fang.com/
Logger:2020-03-15 23:32:09.360038 https://nanping.newhouse.fang.com/house/2218210542.htm
Logger:2020-03-15 23:32:11.145726 https://rcfhhf.fang.com/
Logger:2020-03-15 23:32:11.462709 https://pcjkyy.fang.com/
Logger:2020-03-15 23:32:15.524508 https://nanping.newhouse.fang.com/house/s/b93/
Logger:2020-03-15 23:32:18.226872 https://sxjklsgw.fang.com/
Logger:2020-03-15 23:32:20.424260 https://snhyeq.fang.com/
Logger:2020-03-15 23:32:22.376392 https://ruijingshanzhuangwys.fang.com/
Logger:2020-03-15 23:32:25.249173 https://wuyiyijie.fang.com/
Logger:2020-03-15 23:32:25.594919 https://wuyimingshiyunnp.fang.com/
Logger:2020-03-15 23:32:28.058398 https://jiangnandiyichengyunling.fang.com/
Logger:2020-03-15 23:32:28.442031 https://jiangnandiyicheng.fang.com/
Logger:2020-03-15 23:32:28.772218 https://yulongxian.fang.com/
Logger:2020-03-15 23:32:29.198065 https://jianyangwanshenghuangting.fang.com/
Logger:2020-03-15 23:32:29.625377 https://jianfashanwaishan0599.fang.com/
Logger:2020-03-15 23:32:31.765083 https://nanping.newhouse.fang.com/house/2218210554.htm
Logger:2020-03-15 23:32:32.076549 https://jianyangyangguangli.fang.com/
Logger:2020-03-15 23:32:33.225466 https://binjiangyihaojy.fang.com/
Logger:2020-03-15 23:32:33.565556 https://wuyishanshu.fang.com/
Logger:2020-03-15 23:32:34.009442 https://ronghuajincheng.fang.com/
Logger:2020-03-15 23:32:35.954581 https://nanping.newhouse.fang.com/house/2218209894.htm
Logger:2020-03-15 23:32:37.232211 https://wuyishanwanzhaoguoji.fang.com/
Logger:2020-03-15 23:32:38.790042 https://baihuaxinyuanwsy.fang.com/
Logger:2020-03-15 23:32:42.296434 https://jiangnanshuannp.fang.com/
Logger:2020-03-15 23:32:42.640574 https://sanjiangguojijo.fang.com/
Logger:2020-03-15 23:32:46.276871 https://nanping.newhouse.fang.com/house/s/b94/
Logger:2020-03-15 23:32:46.595532 https://xiangyujiangnandiyicheng.fang.com/
Logger:2020-03-15 23:32:48.406431 https://jianyangyujingwan.fang.com/
Logger:2020-03-15 23:32:48.778443 https://wuyiyinxiang.fang.com/
Logger:2020-03-15 23:32:50.638483 https://nanping.newhouse.fang.com/house/2218209896.htm
Logger:2020-03-15 23:32:52.220973 https://nanping.newhouse.fang.com/house/2218212380.htm
Logger:2020-03-15 23:32:52.622141 https://wuyishanshuianqinghua.fang.com/
Logger:2020-03-15 23:32:59.592087 https://nanping.newhouse.fang.com/house/2218210540.htm
Logger:2020-03-15 23:33:01.704485 https://nanping.newhouse.fang.com/house/2218209830.htm
Logger:2020-03-15 23:33:02.059566 https://mlygxc.fang.com/
Logger:2020-03-15 23:33:02.473428 https://sctthysq.fang.com/
Logger:2020-03-15 23:33:02.842499 https://wanlianlanwanguoji.fang.com/
Logger:2020-03-15 23:33:05.204349 https://nanping.newhouse.fang.com/house/2218210202.htm
Logger:2020-03-15 23:33:05.540530 https://jiangnanhuayuannp.fang.com/
Logger:2020-03-15 23:33:05.902263 https://jiayuanmingcheng0599.fang.com/
Logger:2020-03-15 23:33:07.998461 https://nanping.newhouse.fang.com/house/2218209838.htm
Logger:2020-03-15 23:33:10.952976 https://wuyishandemaotang.fang.com/
Logger:2020-03-15 23:33:11.335952 https://huiwangjiangjingmingyuan.fang.com/
Logger:2020-03-15 23:33:11.744868 https://hlhys.fang.com/
Logger:2020-03-15 23:33:12.068563 https://pmnzy.fang.com/
Logger:2020-03-15 23:33:12.438574 https://riguandongcheng.fang.com/
Logger:2020-03-15 23:33:16.090700 https://nanping.newhouse.fang.com/house/s/b95/
Logger:2020-03-15 23:33:18.238014 https://jiakechong0599.fang.com/
Logger:2020-03-15 23:33:18.651909 https://fengheyuanwys.fang.com/
Logger:2020-03-15 23:33:19.017928 https://fuguihuafu.fang.com/
Logger:2020-03-15 23:33:19.366543 https://jhwlfz.fang.com/
Logger:2020-03-15 23:33:19.800351 https://nanshanshoufuzhuzhaixiaoqu.fang.com/
Logger:2020-03-15 23:33:20.171043 https://xsfgmm.fang.com/
Logger:2020-03-15 23:33:22.275923 https://xtdgc0599.fang.com/
Logger:2020-03-15 23:33:22.615041 https://zhongyangjindinp.fang.com/
Logger:2020-03-15 23:33:22.952894 https://daguochazhen.fang.com/
Logger:2020-03-15 23:33:24.941887 https://nanping.newhouse.fang.com/house/2218195774.htm
Logger:2020-03-15 23:33:25.238609 https://xinyewaitan.fang.com/
Logger:2020-03-15 23:33:25.567820 https://yichenglingshijun.fang.com/
Logger:2020-03-15 23:33:25.920876 https://yongsenhuanguandi.fang.com/
Logger:2020-03-15 23:33:28.067242 https://longshengmeishandasha.fang.com/
Logger:2020-03-15 23:33:28.521987 https://fulindongnan.fang.com/
Logger:2020-03-15 23:33:30.584286 https://jinchengjinxiuhuayuan.fang.com/
Logger:2020-03-15 23:33:30.921590 https://xcgjgg.fang.com/
Logger:2020-03-15 23:33:31.300542 https://jianyangzqbxj.fang.com/
Logger:2020-03-15 23:33:33.138801 https://nanping.newhouse.fang.com/house/2218210224.htm
Logger:2020-03-15 23:33:34.714180 https://hlhxgj.fang.com/
Logger:2020-03-15 23:33:38.404048 https://nanping.newhouse.fang.com/house/s/b96/
Logger:2020-03-15 23:33:41.987558 https://xkgsy.fang.com/
Logger:2020-03-15 23:33:42.420400 https://liantuoyiranjiayuan.fang.com/
Logger:2020-03-15 23:33:43.945906 https://nanping.newhouse.fang.com/house/2218212256.htm
Logger:2020-03-15 23:33:47.751609 https://huihuaguangchang.fang.com/
Logger:2020-03-15 23:33:48.052803 https://tianhongjidihaiyanggongyuan.fang.com/
Logger:2020-03-15 23:33:51.828550 https://nanping.newhouse.fang.com/house/s/b97/
Logger:2020-03-15 23:33:55.295531 https://nanping.newhouse.fang.com/house/s/b98/
Logger:2020-03-15 23:33:58.836158 https://nanping.newhouse.fang.com/house/s/b99/
