Logger:2020-03-16 09:27:29.264417 https://nanyang.newhouse.fang.com/house/s/b91/
Logger:2020-03-16 09:27:30.418105 https://xinxujinghuafu.fang.com/
Logger:2020-03-16 09:27:30.999899 https://nanyangcaifushijia.fang.com/
Logger:2020-03-16 09:27:31.310573 https://zhongliangjiangshanyin.fang.com/
Logger:2020-03-16 09:27:31.596977 https://zhongliangshoufu0377.fang.com/
Logger:2020-03-16 09:27:31.920429 https://bgynysf.fang.com/
Logger:2020-03-16 09:27:32.534087 https://mocoxsj.fang.com/
Logger:2020-03-16 09:27:33.080628 https://clyhyhy.fang.com/
Logger:2020-03-16 09:27:33.367070 https://nyjyyhcb.fang.com/
Logger:2020-03-16 09:27:33.628076 https://neixiangjianyesenlinbandao.fang.com/
Logger:2020-03-16 09:27:33.981728 https://dytyh.fang.com/
Logger:2020-03-16 09:27:34.588258 https://rongyaolongcheng.fang.com/
Logger:2020-03-16 09:27:35.102689 https://jinkejimeiqingzhou.fang.com/
Logger:2020-03-16 09:27:35.683834 https://dengzhoubiguiyuanyunjing.fang.com/
Logger:2020-03-16 09:27:36.052040 https://jianyesenlinbandaofc.fang.com/
Logger:2020-03-16 09:27:36.432366 https://zhongyanggongyuandx.fang.com/
Logger:2020-03-16 09:27:36.939549 https://xixiacaifuxincheng.fang.com/
Logger:2020-03-16 09:27:37.299475 https://jianyexinzhu0377.fang.com/
Logger:2020-03-16 09:27:37.930855 https://dengzhoujianyecheng.fang.com/
Logger:2020-03-16 09:27:38.266030 https://jianyegongyuanli.fang.com/
Logger:2020-03-16 09:27:38.550307 https://guangwudicheng.fang.com/
Logger:2020-03-16 09:27:42.478649 https://nanyang.newhouse.fang.com/house/s/b92/
Logger:2020-03-16 09:27:42.842380 https://shangheyuan0377.fang.com/
Logger:2020-03-16 09:27:43.149377 https://qinghuayuankj.fang.com/
Logger:2020-03-16 09:27:43.412872 https://caifushijia20377.fang.com/
Logger:2020-03-16 09:27:43.694537 https://wzddy.fang.com/
Logger:2020-03-16 09:27:44.024867 https://kaiyueguojizy.fang.com/
Logger:2020-03-16 09:27:44.317709 https://dengzhoudongzhenghuangma.fang.com/
Logger:2020-03-16 09:27:44.637116 https://sqhdyf.fang.com/
Logger:2020-03-16 09:27:44.938020 https://shuiyunlvcheng.fang.com/
Logger:2020-03-16 09:27:45.224200 https://tianyuanxincheng0377.fang.com/
Logger:2020-03-16 09:27:45.826848 https://neixiangbiguiyuantianlufu.fang.com/
Logger:2020-03-16 09:27:46.097603 https://changlvwolongfu.fang.com/
Logger:2020-03-16 09:27:46.357407 https://jianyegongyuanlidz.fang.com/
Logger:2020-03-16 09:27:47.144305 https://xinyejianyesenlinbandao.fang.com/
Logger:2020-03-16 09:27:47.423987 https://xichuanjianyecheng.fang.com/
Logger:2020-03-16 09:27:47.700684 https://caifugongguan0377.fang.com/
Logger:2020-03-16 09:27:47.998046 https://longmenyuanwz.fang.com/
Logger:2020-03-16 09:27:48.269172 https://denghzoucaifujiatianxia.fang.com/
Logger:2020-03-16 09:27:48.559842 https://weilaili.fang.com/
Logger:2020-03-16 09:27:49.307137 https://senlinhuxl.fang.com/
Logger:2020-03-16 09:27:49.625992 https://sainachengbang0377.fang.com/
Logger:2020-03-16 09:27:53.249188 https://nanyang.newhouse.fang.com/house/s/b93/
Logger:2020-03-16 09:27:53.565778 https://sijihuachengdengzhou.fang.com/
Logger:2020-03-16 09:27:53.857469 https://blxxc.fang.com/
Logger:2020-03-16 09:27:54.158000 https://hengdayujingbandaoxx.fang.com/
Logger:2020-03-16 09:27:55.529099 https://zhenpingbiguiyuan.fang.com/
Logger:2020-03-16 09:27:55.796075 https://canglongny.fang.com/
Logger:2020-03-16 09:27:56.108311 https://nyhyc.fang.com/
Logger:2020-03-16 09:27:56.443091 https://yujintaisc.fang.com/
Logger:2020-03-16 09:27:56.997352 https://tianhejiayuan0377.fang.com/
Logger:2020-03-16 09:27:57.830784 https://junlintianxia0377.fang.com/
Logger:2020-03-16 09:27:58.085273 https://sanxinyuanxh.fang.com/
Logger:2020-03-16 09:27:58.406951 https://wanlongcheng0377.fang.com/
Logger:2020-03-16 09:27:58.691692 https://fangchengyuxinkaixuancheng.fang.com/
Logger:2020-03-16 09:27:59.070743 https://xintiandild.fang.com/
Logger:2020-03-16 09:28:03.464650 https://r26zprbkhtx.fang.com/
Logger:2020-03-16 09:28:04.020313 https://sanjieshengshicheng.fang.com/
Logger:2020-03-16 09:28:04.292360 https://longduzhenpin.fang.com/
Logger:2020-03-16 09:28:04.590728 https://neixiangwanlongxintiandi.fang.com/
Logger:2020-03-16 09:28:04.930163 https://nanzhaobiguiyuan.fang.com/
Logger:2020-03-16 09:28:05.940302 https://cldxd.fang.com/
Logger:2020-03-16 09:28:06.260242 https://dongqingyiheyuanzhu.fang.com/
Logger:2020-03-16 09:28:10.211776 https://nanyang.newhouse.fang.com/house/s/b94/
Logger:2020-03-16 09:28:11.653715 https://zhuangyuancheng0377.fang.com/
Logger:2020-03-16 09:28:11.957868 https://xinglongchenghh.fang.com/
Logger:2020-03-16 09:28:12.269809 https://xichuanjindigouwugongyuan.fang.com/
Logger:2020-03-16 09:28:12.551509 https://sheqijianyechuntianli.fang.com/
Logger:2020-03-16 09:28:12.879055 https://meijingyiju.fang.com/
Logger:2020-03-16 09:28:13.192083 https://funiushancaifuzhuangyuan.fang.com/
Logger:2020-03-16 09:28:14.660513 https://dengzhoushijihuayuan.fang.com/
Logger:2020-03-16 09:28:16.239713 https://hlcfc.fang.com/
Logger:2020-03-16 09:28:16.825435 https://guangcaigongyebolancheng.fang.com/
Logger:2020-03-16 09:28:17.074970 https://sanchuanjinrongjie.fang.com/
Logger:2020-03-16 09:28:17.394369 https://denghzoudongbinhuayuan.fang.com/
Logger:2020-03-16 09:28:17.658161 https://jianyebiguiyuanlongyuecheng.fang.com/
Logger:2020-03-16 09:28:21.898355 https://shilihushanjy.fang.com/
Logger:2020-03-16 09:28:23.125124 https://dongzhengyihefu.fang.com/
Logger:2020-03-16 09:28:27.635371 https://dengzhoujianyesenlinbandao.fang.com/
Logger:2020-03-16 09:28:27.949987 https://zxgac.fang.com/
Logger:2020-03-16 09:28:28.246793 https://juchenghaoting.fang.com/
Logger:2020-03-16 09:28:29.210080 https://fcbgyjyylw.fang.com/
Logger:2020-03-16 09:28:29.596874 https://lanchengtaolichunfeng.fang.com/
Logger:2020-03-16 09:28:29.894700 https://meishengguanlan.fang.com/
Logger:2020-03-16 09:28:33.716616 https://nanyang.newhouse.fang.com/house/s/b95/
Logger:2020-03-16 09:28:34.054025 https://scjlt.fang.com/
Logger:2020-03-16 09:28:34.388928 https://zhizunfu.fang.com/
Logger:2020-03-16 09:28:34.726143 https://wanshihuatingjh.fang.com/
Logger:2020-03-16 09:28:35.025654 https://fangchengzhongliangshoufu.fang.com/
Logger:2020-03-16 09:28:35.570401 https://xiangruishoufu.fang.com/
Logger:2020-03-16 09:28:37.210045 https://mgzygyml.fang.com/
Logger:2020-03-16 09:28:38.903524 https://huaqingyuanmeilinmingzhu.fang.com/
Logger:2020-03-16 09:28:39.358312 https://shanchuanhuayuanli.fang.com/
Logger:2020-03-16 09:28:39.684630 https://rangchengshangheyuan.fang.com/
Logger:2020-03-16 09:28:39.964703 https://ndmzbhxc.fang.com/
Logger:2020-03-16 09:28:40.250310 https://xiangsongwanbt.fang.com/
Logger:2020-03-16 09:28:42.305573 https://hanlinhuafu0377.fang.com/
Logger:2020-03-16 09:28:42.653922 https://xxcfxcbygj.fang.com/
Logger:2020-03-16 09:28:42.935105 https://wanshidashenghuoguangchang.fang.com/
Logger:2020-03-16 09:28:43.278776 https://huijingguojich.fang.com/
Logger:2020-03-16 09:28:43.872484 https://dongqingyihefu.fang.com/
Logger:2020-03-16 09:28:44.559724 https://ghmmgj.fang.com/
Logger:2020-03-16 09:28:44.874788 https://dushixinchengcf.fang.com/
Logger:2020-03-16 09:28:49.573229 https://huazhoudaguanyuandengzhou.fang.com/
Logger:2020-03-16 09:28:49.838820 https://shengshiyuyuan.fang.com/
Logger:2020-03-16 09:28:53.848549 https://nanyang.newhouse.fang.com/house/s/b96/
Logger:2020-03-16 09:28:54.140076 https://dongchengyipinhc.fang.com/
Logger:2020-03-16 09:28:54.404420 https://biguiyuanfeicuijun.fang.com/
Logger:2020-03-16 09:28:54.659408 https://shangyiguangchangtianyuecheng.fang.com/
Logger:2020-03-16 09:28:59.108430 https://hongjiangfeicuili.fang.com/
Logger:2020-03-16 09:28:59.993835 https://zjkcyp.fang.com/
Logger:2020-03-16 09:29:00.306790 https://cjxsj.fang.com/
Logger:2020-03-16 09:29:00.590096 https://lixiangcheng0377.fang.com/
Logger:2020-03-16 09:29:00.850029 https://caifuyihaoyuan.fang.com/
Logger:2020-03-16 09:29:01.147201 https://wandaguoji.fang.com/
Logger:2020-03-16 09:29:01.456647 https://yilongcaifushijia.fang.com/
Logger:2020-03-16 09:29:01.725240 https://donghuhuafu.fang.com/
Logger:2020-03-16 09:29:04.324680 https://hcgjyb.fang.com/
Logger:2020-03-16 09:29:04.674024 https://yonghaofu0377.fang.com/
Logger:2020-03-16 09:29:04.924742 https://dengzhoucaifushuxiangrenjia.fang.com/
Logger:2020-03-16 09:29:05.159281 https://shidaichenghh.fang.com/
Logger:2020-03-16 09:29:05.440696 https://dengzhouyujingtianxia.fang.com/
Logger:2020-03-16 09:29:05.740994 https://tianxinyangguangcheng.fang.com/
Logger:2020-03-16 09:29:06.079317 https://shengshibeicheng.fang.com/
Logger:2020-03-16 09:29:06.438549 https://fengzeyuandengzhou.fang.com/
Logger:2020-03-16 09:29:06.719472 https://xintiandijiayuan0377.fang.com/
Logger:2020-03-16 09:29:10.668211 https://nanyang.newhouse.fang.com/house/s/b97/
Logger:2020-03-16 09:29:10.965526 https://jinchuanshengshidenghzou.fang.com/
Logger:2020-03-16 09:29:11.215663 https://dengzhoucaifujiatianxia.fang.com/
Logger:2020-03-16 09:29:11.499400 https://dongzhengmocoxinshijie.fang.com/
Logger:2020-03-16 09:29:11.793230 https://tuanshuijiujing.fang.com/
Logger:2020-03-16 09:29:12.104653 https://dzxrqlxx.fang.com/
Logger:2020-03-16 09:29:12.389034 https://dengzhoushengxiaxixihu.fang.com/
Logger:2020-03-16 09:29:12.922614 https://dengzhouyongtaimingzhu.fang.com/
Logger:2020-03-16 09:29:15.128038 https://junhengshijieli.fang.com/
Logger:2020-03-16 09:29:19.890046 https://lvduyuefu0377.fang.com/
Logger:2020-03-16 09:29:20.202131 https://xinlianlongshengyuan.fang.com/
Logger:2020-03-16 09:29:20.483752 https://xintiandi0377.fang.com/
Logger:2020-03-16 09:29:20.780572 https://dongzhengyihefuyihaoyuan.fang.com/
Logger:2020-03-16 09:29:21.652165 https://dengzhouyuhaoting.fang.com/
Logger:2020-03-16 09:29:21.950375 https://sanchuanyufu.fang.com/
Logger:2020-03-16 09:29:22.520979 https://xinyoutianyue.fang.com/
Logger:2020-03-16 09:29:22.797543 https://changlvyuelongfu.fang.com/
Logger:2020-03-16 09:29:23.384869 https://cswqgg.fang.com/
Logger:2020-03-16 09:29:23.706189 https://yangguangchenglijinggongyuan.fang.com/
Logger:2020-03-16 09:29:24.268997 https://jinchengguoji0377.fang.com/
Logger:2020-03-16 09:29:24.550056 https://xihumeijing0377.fang.com/
Logger:2020-03-16 09:29:28.128984 https://nanyang.newhouse.fang.com/house/s/b98/
Logger:2020-03-16 09:29:30.122551 https://shanshuihaoting0377.fang.com/
Logger:2020-03-16 09:29:30.403097 https://chudoujincheng.fang.com/
Logger:2020-03-16 09:29:30.684657 https://guchengzhongyanghuayuandengzhou.fang.com/
Logger:2020-03-16 09:29:31.060450 https://jianyeshilihushan.fang.com/
Logger:2020-03-16 09:29:31.343838 https://dzdthmzx.fang.com/
Logger:2020-03-16 09:29:31.935642 https://lumingyihefu.fang.com/
Logger:2020-03-16 09:29:32.241102 https://sheqihuazhongcheng.fang.com/
Logger:2020-03-16 09:29:35.801151 https://nanyang.newhouse.fang.com/house/s/b99/
Logger:2020-03-16 09:29:39.296623 https://nanyang.newhouse.fang.com/house/s/b910/
Logger:2020-03-16 09:29:43.149463 https://nanyang.newhouse.fang.com/house/s/b911/
