Logger:2020-03-17 00:07:32.607975 https://nb.newhouse.fang.com/house/s/b91/
Logger:2020-03-17 00:07:32.952093 https://daaishuyuan.fang.com/
Logger:2020-03-17 00:07:33.315972 https://yueshanfuld.fang.com/
Logger:2020-03-17 00:07:33.675676 https://yuhaitianxiahd0574.fang.com/
Logger:2020-03-17 00:07:34.035962 https://lvdihaiwan0574.fang.com/
Logger:2020-03-17 00:07:34.367076 https://fengqichaominglc.fang.com/
Logger:2020-03-17 00:07:34.663301 https://shijibinjiang0574.fang.com/
Logger:2020-03-17 00:07:34.985459 https://mingyuejiangnanlczs.fang.com/
Logger:2020-03-17 00:07:35.351072 https://jinmaoyishucc.fang.com/
Logger:2020-03-17 00:07:35.682424 https://tangyuefu.fang.com/
Logger:2020-03-17 00:07:35.989566 https://feicuidongfangnb.fang.com/
Logger:2020-03-17 00:07:36.307714 https://yihaoyuannb.fang.com/
Logger:2020-03-17 00:07:36.687464 https://jinmaoyuehw.fang.com/
Logger:2020-03-17 00:07:37.015111 https://jinmaofuhs.fang.com/
Logger:2020-03-17 00:07:37.354172 https://haiximingyuefuyz.fang.com/
Logger:2020-03-17 00:07:37.687319 https://jiangshanwanlidb.fang.com/
Logger:2020-03-17 00:07:38.066312 https://jiangwansoho.fang.com/
Logger:2020-03-17 00:07:38.372065 https://dibao.fang.com/
Logger:2020-03-17 00:07:40.510315 https://jianglanfuza.fang.com/
Logger:2020-03-17 00:07:40.884366 https://baolongguangchangfh.fang.com/
Logger:2020-03-17 00:07:41.232359 https://chunjianglichengsklh.fang.com/
Logger:2020-03-17 00:07:44.918366 https://nb.newhouse.fang.com/house/s/b92/
Logger:2020-03-17 00:07:46.930664 https://chunjianglichengsklh.fang.com/
Logger:2020-03-17 00:07:47.446269 https://fanhualiaks.fang.com/
Logger:2020-03-17 00:07:47.747346 https://huanlehaianthepoint.fang.com/
Logger:2020-03-17 00:07:48.070136 https://baolitianyue0574.fang.com/2/
Logger:2020-03-17 00:07:48.390344 https://hudiehaimd.fang.com/
Logger:2020-03-17 00:07:49.005633 https://fengdanjiangninghn.fang.com/
Logger:2020-03-17 00:07:50.933238 https://xiangyuanmancheng.fang.com/
Logger:2020-03-17 00:07:51.326186 https://yujiangdongjunbgy.fang.com/
Logger:2020-03-17 00:07:51.768503 https://langshiqingchengnb.fang.com/
Logger:2020-03-17 00:07:52.381863 https://weilaizhiguangwk0574.fang.com/
Logger:2020-03-17 00:07:52.896996 https://fandizhongxin.fang.com/
Logger:2020-03-17 00:07:53.279520 https://dongchenyipin.fang.com/
Logger:2020-03-17 00:07:53.601657 https://hangzhouwanguojixinchenghs.fang.com/
Logger:2020-03-17 00:07:53.930331 https://xintiandilj2.fang.com/
Logger:2020-03-17 00:07:54.254357 https://boyunfura.fang.com/
Logger:2020-03-17 00:07:54.628754 https://chunjiangmingyue0574.fang.com/
Logger:2020-03-17 00:07:54.984824 https://shanyujiangyuan.fang.com/
Logger:2020-03-17 00:07:55.322859 https://lvyayuanxiang.fang.com/
Logger:2020-03-17 00:07:55.712948 https://tianxiblc.fang.com/
Logger:2020-03-17 00:07:56.129437 https://hufengyayuanby.fang.com/
Logger:2020-03-17 00:07:59.428883 https://nb.newhouse.fang.com/house/s/b93/
Logger:2020-03-17 00:07:59.746034 https://yongjinwanlg.fang.com/
Logger:2020-03-17 00:08:00.154990 https://quanxuelira.fang.com/
Logger:2020-03-17 00:08:00.582803 https://xintiandiza.fang.com/
Logger:2020-03-17 00:08:00.914915 https://binhedao2.fang.com/
Logger:2020-03-17 00:08:01.262016 https://ninghuitai.fang.com/
Logger:2020-03-17 00:08:01.650994 https://xingkonglira.fang.com/
Logger:2020-03-17 00:08:02.168637 https://meiyunhefumdhj.fang.com/
Logger:2020-03-17 00:08:02.796956 https://tianjiezonghetilh.fang.com/
Logger:2020-03-17 00:08:03.127183 https://baishihudongwk.fang.com/
Logger:2020-03-17 00:08:04.737136 https://huayujiangwanzgtj.fang.com/
Logger:2020-03-17 00:08:05.112825 https://gongyuandao0574.fang.com/
Logger:2020-03-17 00:08:05.499813 https://xinghaibianlhjr.fang.com/
Logger:2020-03-17 00:08:05.808950 https://wanxianghuafu.fang.com/2/
Logger:2020-03-17 00:08:06.249770 https://yunjintai0574.fang.com/
Logger:2020-03-17 00:08:06.604709 https://tianjinglhkh.fang.com/
Logger:2020-03-17 00:08:06.921408 https://haishangduhuiwk.fang.com/
Logger:2020-03-17 00:08:07.229622 https://shanshuichenghd0574.fang.com/
Logger:2020-03-17 00:08:07.689356 https://jinmaoyuenn.fang.com/
Logger:2020-03-17 00:08:08.119830 https://taolijunra.fang.com/
Logger:2020-03-17 00:08:11.027498 https://xingyuecheng0574.fang.com/
Logger:2020-03-17 00:08:14.444638 https://nb.newhouse.fang.com/house/s/b94/
Logger:2020-03-17 00:08:14.754442 https://jiangshanyipinls.fang.com/
Logger:2020-03-17 00:08:15.078825 https://guofengxiaozhenhzw.fang.com/
Logger:2020-03-17 00:08:15.398969 https://haiyutianxiazgtj.fang.com/
Logger:2020-03-17 00:08:18.827487 https://wanliyuanzi.fang.com/
Logger:2020-03-17 00:08:19.214446 https://jiangwancheng.fang.com/2/
Logger:2020-03-17 00:08:19.558562 https://huqiyunluzl.fang.com/
Logger:2020-03-17 00:08:19.878670 https://gulouqianmd.fang.com/
Logger:2020-03-17 00:08:20.241021 https://huanlebinhai.fang.com/
Logger:2020-03-17 00:08:20.582687 https://weilaiguangchangwk.fang.com/
Logger:2020-03-17 00:08:20.898427 https://minghufuyj.fang.com/
Logger:2020-03-17 00:08:21.315313 https://xinkaixuanbl.fang.com/
Logger:2020-03-17 00:08:21.697290 https://yulinfuhhdf2.fang.com/
Logger:2020-03-17 00:08:22.051423 https://shuiyinjiangshan.fang.com/
Logger:2020-03-17 00:08:22.565698 https://xiangxieshuian0574.fang.com/
Logger:2020-03-17 00:08:23.008514 https://tangyuecxbl.fang.com/
Logger:2020-03-17 00:08:23.335638 https://ningbowanzh.fang.com/
Logger:2020-03-17 00:08:23.660388 https://hangzhouwanyihaorc.fang.com/
Logger:2020-03-17 00:08:27.036140 https://xishangtaohuayuanhd.fang.com/
Logger:2020-03-17 00:08:27.434392 https://jinyuefu0574.fang.com/
Logger:2020-03-17 00:08:27.754606 https://bolanfuld.fang.com/
Logger:2020-03-17 00:08:31.058449 https://nb.newhouse.fang.com/house/s/b95/
Logger:2020-03-17 00:08:32.492336 https://yinghaichaomd.fang.com/
Logger:2020-03-17 00:08:36.889653 https://yunqililc.fang.com/
Logger:2020-03-17 00:08:38.757143 https://ziyubandaohx0574.fang.com/
Logger:2020-03-17 00:08:39.043340 https://baolitianyue0574.fang.com/
Logger:2020-03-17 00:08:40.797947 https://jiangbinzhichengrc.fang.com/
Logger:2020-03-17 00:08:41.146522 https://huxinbandaozh.fang.com/
Logger:2020-03-17 00:08:41.555271 https://yangguangchengfeiliwan0574.fang.com/
Logger:2020-03-17 00:08:41.989048 https://yaojianghuafuza.fang.com/
Logger:2020-03-17 00:08:42.392903 https://yinleji.fang.com/
Logger:2020-03-17 00:08:42.975374 https://jinlinfuxxw0574.fang.com/
Logger:2020-03-17 00:08:43.339676 https://guiyufenghe.fang.com/
Logger:2020-03-17 00:08:43.646434 https://cilanfurc.fang.com/
Logger:2020-03-17 00:08:45.467907 https://jianglanfuza2.fang.com/
Logger:2020-03-17 00:08:45.782099 https://yueguantingyyjm.fang.com/
Logger:2020-03-17 00:08:46.110249 https://zgtjsyc2.fang.com/
Logger:2020-03-17 00:08:46.405394 https://bswmgy.fang.com/
Logger:2020-03-17 00:08:46.740880 https://124186.fang.com/
Logger:2020-03-17 00:08:47.025208 https://124184.fang.com/
Logger:2020-03-17 00:08:47.329279 https://xinhujinghuayuanyge.fang.com/
Logger:2020-03-17 00:08:47.654475 https://zhonglvcheng.fang.com/
Logger:2020-03-17 00:08:51.372038 https://nb.newhouse.fang.com/house/s/b96/
Logger:2020-03-17 00:08:51.725123 https://wangjiangfuwk.fang.com/
Logger:2020-03-17 00:08:52.180872 https://yuguanshanfl.fang.com/
Logger:2020-03-17 00:08:54.439061 https://huchengdajing.fang.com/
Logger:2020-03-17 00:08:54.878949 https://bandaohuayuanygr.fang.com/
Logger:2020-03-17 00:08:55.195891 https://songjiangfuyge.fang.com/
Logger:2020-03-17 00:08:57.562557 https://haishangguojigy.fang.com/
Logger:2020-03-17 00:08:58.027308 https://yuejiangwan.fang.com/
Logger:2020-03-17 00:09:01.424425 https://jingyuefusd.fang.com/
Logger:2020-03-17 00:09:01.869234 https://fengqiaolizh.fang.com/
Logger:2020-03-17 00:09:02.300092 https://yongshunfulg.fang.com/
Logger:2020-03-17 00:09:02.739459 https://jiangnanrunyuanra.fang.com/
Logger:2020-03-17 00:09:03.136947 https://donglushijia.fang.com/
Logger:2020-03-17 00:09:03.474038 https://ninghai.newhouse.fang.com/house/2036193714.htm
Logger:2020-03-17 00:09:04.196301 https://jinzhoufu.fang.com/
Logger:2020-03-17 00:09:04.470269 https://hupanyueshan0574.fang.com/
Logger:2020-03-17 00:09:04.878138 https://heningfu.fang.com/
Logger:2020-03-17 00:09:05.201276 https://weilanchengshiwk.fang.com/
Logger:2020-03-17 00:09:05.540496 https://shanghuchengzhang.fang.com/
Logger:2020-03-17 00:09:06.005955 https://mingzhouyuanzimd.fang.com/
Logger:2020-03-17 00:09:06.370123 https://xiaofengyinyue.fang.com/
Logger:2020-03-17 00:09:10.100086 https://nb.newhouse.fang.com/house/s/b97/
Logger:2020-03-17 00:09:10.403805 https://xixilofthlha.fang.com/
Logger:2020-03-17 00:09:11.714856 https://ningyuefuhn.fang.com/
Logger:2020-03-17 00:09:13.856684 https://yunduhui.fang.com/
Logger:2020-03-17 00:09:14.179782 https://liuanfenghera.fang.com/
Logger:2020-03-17 00:09:14.467903 https://hushanxingyun.fang.com/
Logger:2020-03-17 00:09:14.858355 https://zhongyangchengzj.fang.com/
Logger:2020-03-17 00:09:15.151589 https://nanshanfurxsd.fang.com/
Logger:2020-03-17 00:09:17.409713 https://zhenhai.newhouse.fang.com/house/2047267228.htm
Logger:2020-03-17 00:09:17.731830 https://xinchangdaoyge.fang.com/
Logger:2020-03-17 00:09:18.156714 https://dachengjunjy0574.fang.com/
Logger:2020-03-17 00:09:18.439931 https://zhongnanyuefu0574.fang.com/
Logger:2020-03-17 00:09:18.749771 https://dachengjunjy0574.fang.com/2/
Logger:2020-03-17 00:09:19.165224 https://dongli.fang.com/
Logger:2020-03-17 00:09:19.488349 https://zhongjiaoyajun.fang.com/
Logger:2020-03-17 00:09:21.034770 https://yulantinghd.fang.com/
Logger:2020-03-17 00:09:21.400764 https://hemujingyuanwj.fang.com/
Logger:2020-03-17 00:09:21.868513 https://baolongtiandinb.fang.com/
Logger:2020-03-17 00:09:22.177686 https://xinshijienb.fang.com/
Logger:2020-03-17 00:09:22.550690 https://hejingfuzj.fang.com/
Logger:2020-03-17 00:09:25.418411 https://zhuoyueweigang0574.fang.com/
Logger:2020-03-17 00:09:29.107916 https://nb.newhouse.fang.com/house/s/b98/
Logger:2020-03-17 00:09:29.440008 https://jiangshanwanli.fang.com/
Logger:2020-03-17 00:09:29.859687 https://heyongjinfuyy.fang.com/
Logger:2020-03-17 00:09:30.208193 https://wankechenglansedongfang.fang.com/
Logger:2020-03-17 00:09:30.571288 https://hengyinboyue.fang.com/
Logger:2020-03-17 00:09:30.873452 https://jiangnanyuanzi0574.fang.com/
Logger:2020-03-17 00:09:31.200543 https://jiuyuelijk.fang.com/
Logger:2020-03-17 00:09:32.742492 https://jiangfengxiaoyuera.fang.com/
Logger:2020-03-17 00:09:33.102781 https://yueshanhu.fang.com/
Logger:2020-03-17 00:09:33.503247 https://yinxianghubin.fang.com/
Logger:2020-03-17 00:09:33.845336 https://changningfu0574.fang.com/
Logger:2020-03-17 00:09:34.235324 https://xishangyunluhjc.fang.com/
Logger:2020-03-17 00:09:34.656187 https://manlehui.fang.com/
Logger:2020-03-17 00:09:35.216280 https://baoyifengjingyuyuan.fang.com/
Logger:2020-03-17 00:09:35.832458 https://langfengjswl.fang.com/
Logger:2020-03-17 00:09:36.482710 https://yongningfurc.fang.com/
Logger:2020-03-17 00:09:37.000769 https://124168.fang.com/
Logger:2020-03-17 00:09:37.705025 https://fenghuangxianzh0574.fang.com/
Logger:2020-03-17 00:09:40.409619 https://cuicanyundismzn.fang.com/
Logger:2020-03-17 00:09:42.828259 https://chunhejingmingra.fang.com/
Logger:2020-03-17 00:09:43.253121 https://fengmingyunlu.fang.com/
Logger:2020-03-17 00:09:46.604292 https://nb.newhouse.fang.com/house/s/b99/
Logger:2020-03-17 00:09:46.910482 https://yaojiangli.fang.com/
Logger:2020-03-17 00:09:49.793479 https://xinhongguangjing.fang.com/
Logger:2020-03-17 00:09:50.173460 https://zhenhailishiguangchang.fang.com/
Logger:2020-03-17 00:09:50.517540 https://manyuejuyy.fang.com/
Logger:2020-03-17 00:09:50.858696 https://tianyixiaozhu.fang.com/
Logger:2020-03-17 00:09:51.268994 https://weilanhaianzy0574.fang.com/
Logger:2020-03-17 00:09:51.660368 https://weilaifengjingliby.fang.com/
Logger:2020-03-17 00:09:51.965551 https://haishangchuanqihzw.fang.com/
Logger:2020-03-17 00:09:52.362489 https://tianyiwanlzwhxz.fang.com/
Logger:2020-03-17 00:09:52.798390 https://hanningfuqdnbkjc.fang.com/
Logger:2020-03-17 00:09:53.144095 https://baolongguangchangnbgx.fang.com/
Logger:2020-03-17 00:09:53.441347 https://yunshanxinyuxslg.fang.com/
Logger:2020-03-17 00:09:53.807149 https://shilichunfeng0574.fang.com/
Logger:2020-03-17 00:09:54.201053 https://jiufengtianchenmd.fang.com/
Logger:2020-03-17 00:09:54.677777 https://ujiaweilaizhongxinld.fang.com/
Logger:2020-03-17 00:09:54.980968 https://zhenhaibaolicheng.fang.com/
Logger:2020-03-17 00:09:55.297121 https://jiutang.fang.com/
Logger:2020-03-17 00:09:56.029162 https://jindihuazhang.fang.com/
Logger:2020-03-17 00:09:56.446047 https://weilaishuianwk.fang.com/
Logger:2020-03-17 00:09:56.861934 https://278728.fang.com/
Logger:2020-03-17 00:10:00.457318 https://nb.newhouse.fang.com/house/s/b910/
Logger:2020-03-17 00:10:00.752527 https://yuejiangfu0574.fang.com/
Logger:2020-03-17 00:10:01.053763 https://lvdizhongxinnb.fang.com/
Logger:2020-03-17 00:10:01.360971 https://tanyuefu.fang.com/
Logger:2020-03-17 00:10:04.346987 https://huizhijiayuan0574.fang.com/
Logger:2020-03-17 00:10:04.621254 https://tangong0574.fang.com/
Logger:2020-03-17 00:10:05.038139 https://xueshilizh.fang.com/
Logger:2020-03-17 00:10:05.388240 https://zijinhuiys.fang.com/
Logger:2020-03-17 00:10:05.784143 https://jindihuazhu.fang.com/
Logger:2020-03-17 00:10:06.075364 https://cixiyuefu.fang.com/
Logger:2020-03-17 00:10:06.456344 https://yangguangyipinhh.fang.com/
Logger:2020-03-17 00:10:06.809442 https://fuyuanli0574.fang.com/
Logger:2020-03-17 00:10:07.119570 https://yundiznld.fang.com/
Logger:2020-03-17 00:10:07.507533 https://disailingli.fang.com/
Logger:2020-03-17 00:10:13.243249 https://xuefumingyuan30574.fang.com/
Logger:2020-03-17 00:10:13.520514 https://dachengshidaijy.fang.com/
Logger:2020-03-17 00:10:16.730884 https://huanlingweilaidalou.fang.com/
Logger:2020-03-17 00:10:17.011134 https://shangningfu.fang.com/
Logger:2020-03-17 00:10:17.310369 https://duhuimingdibgy0574.fang.com/
Logger:2020-03-17 00:10:17.666381 https://hangzhouwanshijicheng.fang.com/
Logger:2020-03-17 00:10:18.070300 https://weilaxiaozhen.fang.com/
Logger:2020-03-17 00:10:21.342704 https://nb.newhouse.fang.com/house/s/b911/
Logger:2020-03-17 00:10:21.674785 https://quanxijiangsm.fang.com/
Logger:2020-03-17 00:10:21.971064 https://lanhujun0574.fang.com/2/
Logger:2020-03-17 00:10:22.304101 https://lanchengminglu.fang.com/
Logger:2020-03-17 00:10:22.628236 https://aochuangzhongxinay.fang.com/
Logger:2020-03-17 00:10:23.071053 https://dongduxiyue.fang.com/
Logger:2020-03-17 00:10:23.380224 https://taoyuanlinh.fang.com/
Logger:2020-03-17 00:10:25.346676 https://xuelinxintiandisdct.fang.com/
Logger:2020-03-17 00:10:26.829710 https://minglanyayuanxl.fang.com/
Logger:2020-03-17 00:10:27.163377 https://wanyuefuhjc.fang.com/
Logger:2020-03-17 00:10:27.595267 https://zichenfu0574.fang.com/
Logger:2020-03-17 00:10:27.909381 https://wutongfubgy0574.fang.com/
Logger:2020-03-17 00:10:28.230569 https://jiangwansijiyuan.fang.com/
Logger:2020-03-17 00:10:28.566667 https://jiachenfu.fang.com/
Logger:2020-03-17 00:10:28.803005 https://chengshifangge.fang.com/
Logger:2020-03-17 00:10:30.396727 https://yinxiangwan.fang.com/
Logger:2020-03-17 00:10:30.724875 https://yindongfang.fang.com/
Logger:2020-03-17 00:10:31.057958 https://yuhubandaofl.fang.com/
Logger:2020-03-17 00:10:31.350206 https://xixilira.fang.com/
Logger:2020-03-17 00:10:31.655360 https://yuehutiandi.fang.com/
Logger:2020-03-17 00:10:31.951567 https://qianhuboting.fang.com/
Logger:2020-03-17 00:10:35.284660 https://nb.newhouse.fang.com/house/s/b912/
Logger:2020-03-17 00:10:36.845476 https://yatangfu.fang.com/
Logger:2020-03-17 00:10:37.117806 https://cxxcwygc.fang.com/
Logger:2020-03-17 00:10:37.438916 https://lryf.fang.com/
Logger:2020-03-17 00:10:37.803937 https://gangningfu.fang.com/
Logger:2020-03-17 00:10:38.062258 https://yuehumeiluzj.fang.com/
Logger:2020-03-17 00:10:38.362419 https://shangshangchengyj2.fang.com/
Logger:2020-03-17 00:10:38.722455 https://1872huayuanfang.fang.com/
Logger:2020-03-17 00:10:38.995764 https://guanshanmingdi.fang.com/
Logger:2020-03-17 00:10:39.282997 https://tinghudujiacun.fang.com/
Logger:2020-03-17 00:10:39.576217 https://jinshangfu0574.fang.com/
Logger:2020-03-17 00:10:39.904293 https://mofangshangyezhongxinfh.fang.com/
Logger:2020-03-17 00:10:40.193519 https://dibowanxl0574.fang.com/
Logger:2020-03-17 00:10:40.446841 https://xinghaigongguanlhjr.fang.com/
Logger:2020-03-17 00:10:40.708142 https://haihuadasha0574.fang.com/
Logger:2020-03-17 00:10:40.964456 https://liangzhutiandi.fang.com/
Logger:2020-03-17 00:10:43.270335 https://ninghai.newhouse.fang.com/house/2036193706.htm
Logger:2020-03-17 00:10:44.728388 https://ninghai.newhouse.fang.com/house/2036190150.htm
Logger:2020-03-17 00:10:45.199128 https://beichenfu.fang.com/
Logger:2020-03-17 00:10:45.740705 https://lvdiguantang.fang.com/
Logger:2020-03-17 00:10:46.132631 https://xingjianlanting.fang.com/
Logger:2020-03-17 00:10:49.707114 https://nb.newhouse.fang.com/house/s/b913/
Logger:2020-03-17 00:10:49.981417 https://diaoyutainb.fang.com/
Logger:2020-03-17 00:10:50.303483 https://cichenfumd.fang.com/
Logger:2020-03-17 00:10:50.559827 https://124240.fang.com/
Logger:2020-03-17 00:10:50.841078 https://xinyuefurazn.fang.com/
Logger:2020-03-17 00:10:51.136276 https://zhongbeixingyuan.fang.com/
Logger:2020-03-17 00:10:51.434490 https://longrunguangchangyybl.fang.com/
Logger:2020-03-17 00:10:53.064146 https://kuantangyayuanhlb.fang.com/
Logger:2020-03-17 00:10:53.328423 https://ningboyangliujungdlc.fang.com/
Logger:2020-03-17 00:10:53.596664 https://xinghuipark.fang.com/
Logger:2020-03-17 00:10:53.842043 https://baolongguangchangyz.fang.com/
Logger:2020-03-17 00:10:54.137261 https://biguiyuanguandi.fang.com/
Logger:2020-03-17 00:10:54.433466 https://wandaguangchangxs.fang.com/
Logger:2020-03-17 00:10:54.738675 https://hhjw0574.fang.com/
Logger:2020-03-17 00:10:57.939089 https://aiqinhaiguojiguangchang.fang.com/
Logger:2020-03-17 00:10:59.744260 https://huajingtingjd.fang.com/
Logger:2020-03-17 00:11:00.022474 https://jiaotongzizaicheng0574.fang.com/
Logger:2020-03-17 00:11:00.292750 https://yuelanting0574.fang.com/
Logger:2020-03-17 00:11:00.557088 https://wanjiyinxiangcheng.fang.com/
Logger:2020-03-17 00:11:00.859277 https://rihuzhongxinsm.fang.com/
Logger:2020-03-17 00:11:01.422728 https://shangjiangyiytown.fang.com/
Logger:2020-03-17 00:11:04.644152 https://nb.newhouse.fang.com/house/s/b914/
Logger:2020-03-17 00:11:06.298683 https://hanfu.fang.com/
Logger:2020-03-17 00:11:06.619864 https://xiangshangangwenhuaguangchang.fang.com/
Logger:2020-03-17 00:11:06.885164 https://wanshangqianjingbgy.fang.com/
Logger:2020-03-17 00:11:07.170395 https://nuodexuefubj.fang.com/
Logger:2020-03-17 00:11:07.496480 https://jingangfu.fang.com/
Logger:2020-03-17 00:11:07.865492 https://gelanchunchen2.fang.com/3/
Logger:2020-03-17 00:11:08.960562 https://guiyusongjiangra.fang.com/
Logger:2020-03-17 00:11:09.259805 https://xingningfujr.fang.com/
Logger:2020-03-17 00:11:09.556004 https://taoliyipin.fang.com/
Logger:2020-03-17 00:11:11.286343 https://daanfenghua.fang.com/
Logger:2020-03-17 00:11:11.576640 https://hemeicheng2.fang.com/
Logger:2020-03-17 00:11:12.851154 https://minghuyufu.fang.com/
Logger:2020-03-17 00:11:13.804604 https://yueqingshangh.fang.com/
Logger:2020-03-17 00:11:15.430297 https://zhongnanlongyue.fang.com/
Logger:2020-03-17 00:11:15.793331 https://longyuefu0574.fang.com/
Logger:2020-03-17 00:11:18.370389 https://shimaoxinan.fang.com/
Logger:2020-03-17 00:11:18.638710 https://huayushuyuanrs0574.fang.com/
Logger:2020-03-17 00:11:18.959813 https://binhaiyihaozn.fang.com/
Logger:2020-03-17 00:11:19.333851 https://yushanghaifd.fang.com/
Logger:2020-03-17 00:11:19.667919 https://yuhutianjingrs.fang.com/
Logger:2020-03-17 00:11:23.583471 https://nb.newhouse.fang.com/house/s/b915/
Logger:2020-03-17 00:11:23.862728 https://haiquanwan0574.fang.com/
Logger:2020-03-17 00:11:28.933176 https://hengdayuhaiwan.fang.com/
Logger:2020-03-17 00:11:29.199463 https://yundingbgy0574.fang.com/
Logger:2020-03-17 00:11:29.447758 https://yunzhuhuayuanzyhy.fang.com/
Logger:2020-03-17 00:11:29.761915 https://smdmw2.fang.com/
Logger:2020-03-17 00:11:30.020267 https://daduhuizl0574.fang.com/
Logger:2020-03-17 00:11:30.279531 https://yangfanguangchang.fang.com/
Logger:2020-03-17 00:11:30.494962 https://feiligongguan0574.fang.com/
Logger:2020-03-17 00:11:30.744324 https://rongyuefudf.fang.com/
Logger:2020-03-17 00:11:31.002597 https://zhongxinguangchanghr.fang.com/
Logger:2020-03-17 00:11:31.273871 https://haiwanhuayuan0574.fang.com/
Logger:2020-03-17 00:11:31.501263 https://guojichuangxinzhongxinxcl.fang.com/
Logger:2020-03-17 00:11:31.789491 https://zhenhaijinseguangchang.fang.com/
Logger:2020-03-17 00:11:32.035833 https://yintaidasha0574.fang.com/
Logger:2020-03-17 00:11:32.252254 https://shengshichangming.fang.com/
Logger:2020-03-17 00:11:34.736650 https://ninghai.newhouse.fang.com/house/2036193406.htm
Logger:2020-03-17 00:11:34.979960 https://haigangchengbl0574.fang.com/
Logger:2020-03-17 00:11:35.249238 https://yongtaihuayuan20574.fang.com/
Logger:2020-03-17 00:11:35.477669 https://tiananyijiequ0574.fang.com/
Logger:2020-03-17 00:11:35.744911 https://jiulonghupanky.fang.com/
Logger:2020-03-17 00:11:39.062079 https://nb.newhouse.fang.com/house/s/b916/
Logger:2020-03-17 00:11:39.360277 https://tianxiwanbgy0574.fang.com/
Logger:2020-03-17 00:11:39.660436 https://bochenfu.fang.com/
Logger:2020-03-17 00:11:40.038451 https://hutang.fang.com/
Logger:2020-03-17 00:11:40.297731 https://wankeruigu.fang.com/
Logger:2020-03-17 00:11:40.567011 https://jiangshanfuhyxh.fang.com/
Logger:2020-03-17 00:11:40.895133 https://yongfengtiandi.fang.com/
Logger:2020-03-17 00:11:41.151446 https://diyichengqw.fang.com/
Logger:2020-03-17 00:11:41.414742 https://boweilibgy.fang.com/
Logger:2020-03-17 00:11:41.759819 https://houchaofura.fang.com/
Logger:2020-03-17 00:11:42.041067 https://yunshanlichi.fang.com/
Logger:2020-03-17 00:11:42.351237 https://chunfengyunzhullsc.fang.com/
Logger:2020-03-17 00:11:42.627498 https://guiyulantinglc0574.fang.com/
Logger:2020-03-17 00:11:42.929690 https://124192.fang.com/
Logger:2020-03-17 00:11:43.188043 https://wuyueshoufu0574.fang.com/
Logger:2020-03-17 00:11:45.427052 https://nb.newhouse.fang.com/house/2011122138.htm
Logger:2020-03-17 00:11:48.411027 https://qiaodengguojibl2.fang.com/
Logger:2020-03-17 00:11:48.744135 https://xiyuehushanfudf.fang.com/
Logger:2020-03-17 00:11:49.003443 https://yunhuizhongxinwk.fang.com/
Logger:2020-03-17 00:11:49.249811 https://qifengshuian.fang.com/
Logger:2020-03-17 00:11:49.572949 https://tianhuaxiyuan.fang.com/
Logger:2020-03-17 00:11:53.250119 https://nb.newhouse.fang.com/house/s/b917/
Logger:2020-03-17 00:11:53.541344 https://yuanshitingnbfl.fang.com/
Logger:2020-03-17 00:11:55.356489 https://baojilanjun20574.fang.com/
Logger:2020-03-17 00:11:55.620809 https://shilichunfengsl.fang.com/
Logger:2020-03-17 00:11:56.749719 https://zhwenshabao.fang.com/
Logger:2020-03-17 00:11:57.005037 https://jsgjgc0574.fang.com/
Logger:2020-03-17 00:11:57.250424 https://zhenhaihuatongjinserongwan.fang.com/
Logger:2020-03-17 00:11:57.490816 https://lehuiin.fang.com/
Logger:2020-03-17 00:11:57.734087 https://shanyucheng0574.fang.com/2/
Logger:2020-03-17 00:12:02.538234 https://xgtyc.fang.com/
Logger:2020-03-17 00:12:02.902305 https://dongchengguandi.fang.com/
Logger:2020-03-17 00:12:03.607420 https://xintiandinw.fang.com/
Logger:2020-03-17 00:12:03.839795 https://heyuefuhd.fang.com/
Logger:2020-03-17 00:12:04.170913 https://wanxiangchengdbxc.fang.com/
Logger:2020-03-17 00:12:04.479042 https://jinyunfura.fang.com/
Logger:2020-03-17 00:12:04.759292 https://junwangfuygc.fang.com/
Logger:2020-03-17 00:12:05.063479 https://changtingyunlu.fang.com/
Logger:2020-03-17 00:12:05.403568 https://yangmingwenquanxiaozhen.fang.com/
Logger:2020-03-17 00:12:05.689870 https://minglugongguanld.fang.com/
Logger:2020-03-17 00:12:06.024906 https://jiufengyihao.fang.com/
Logger:2020-03-17 00:12:06.413866 https://longhujiudaogd.fang.com/
Logger:2020-03-17 00:12:09.733985 https://nb.newhouse.fang.com/house/s/b918/
Logger:2020-03-17 00:12:09.976335 https://gelanxingchen.fang.com/
Logger:2020-03-17 00:12:10.277530 https://gangchengyinxiangbgy.fang.com/
Logger:2020-03-17 00:12:10.571743 https://guiyulantinglc0574.fang.com/
Logger:2020-03-17 00:12:11.756574 https://yongqingfura.fang.com/
Logger:2020-03-17 00:12:13.024183 https://mingyuefuxs0574.fang.com/
Logger:2020-03-17 00:12:13.315441 https://kameiliyawn.fang.com/2/
Logger:2020-03-17 00:12:15.463657 https://jiangnandayuanxy.fang.com/
Logger:2020-03-17 00:12:17.699674 https://ninghai.newhouse.fang.com/house/2036193716.htm
Logger:2020-03-17 00:12:17.970949 https://yueweilaijiayuanlgbgy.fang.com/
Logger:2020-03-17 00:12:18.250232 https://ninghai.newhouse.fang.com/house/2036194004.htm
Logger:2020-03-17 00:12:18.513540 https://ningbogongguan.fang.com/
Logger:2020-03-17 00:12:18.730959 https://zhongchengtaozhuang.fang.com/
Logger:2020-03-17 00:12:19.068013 https://yangguanghaiwan.fang.com/
Logger:2020-03-17 00:12:19.215662 https://xueshilizh2.fang.com/
Logger:2020-03-17 00:12:19.520845 https://yidunzhuangyuan.fang.com/
Logger:2020-03-17 00:12:19.786125 https://nanfangxindu2.fang.com/
Logger:2020-03-17 00:12:20.082325 https://nxyhf0574.fang.com/
Logger:2020-03-17 00:12:20.339612 https://124250.fang.com/
Logger:2020-03-17 00:12:22.339307 https://zjxs.newhouse.fang.com/house/2044196486.htm
Logger:2020-03-17 00:12:22.590590 https://yujinxianggongguan0574.fang.com/
Logger:2020-03-17 00:12:26.156091 https://nb.newhouse.fang.com/house/s/b919/
Logger:2020-03-17 00:12:26.400398 https://nhqcshgc0574.fang.com/
Logger:2020-03-17 00:12:26.641790 https://zhenheruyi.fang.com/
Logger:2020-03-17 00:12:26.899064 https://nitaguoji.fang.com/
Logger:2020-03-17 00:12:28.037065 https://qilixindu.fang.com/
Logger:2020-03-17 00:12:28.256435 https://xiquegongguan.fang.com/
Logger:2020-03-17 00:12:30.833565 https://ninghai.newhouse.fang.com/house/2036190144.htm
Logger:2020-03-17 00:12:31.106889 https://zhongchuangchenghjbwy.fang.com/
Logger:2020-03-17 00:12:31.343218 https://shangjintiandi.fang.com/
Logger:2020-03-17 00:12:32.641747 https://zhenhai.newhouse.fang.com/house/2047267230.htm
Logger:2020-03-17 00:12:32.909031 https://taipingyanghengyedasha.fang.com/
Logger:2020-03-17 00:12:33.152336 https://jinduhuayuan0574.fang.com/
Logger:2020-03-17 00:12:35.379378 https://chengnanyufu2.fang.com/
Logger:2020-03-17 00:12:37.127700 https://ninghai.newhouse.fang.com/house/2036193712.htm
Logger:2020-03-17 00:12:37.514698 https://yaochengongguan.fang.com/
Logger:2020-03-17 00:12:37.736075 https://feicuiyuan0574.fang.com/
Logger:2020-03-17 00:12:38.040260 https://caifuzhongxinnb.fang.com/
Logger:2020-03-17 00:12:38.257678 https://zitingshengyuan0574.fang.com/
Logger:2020-03-17 00:12:38.494047 https://shuangchuangzhongxin.fang.com/
Logger:2020-03-17 00:12:38.708473 https://bandaokangqiao0574.fang.com/
Logger:2020-03-17 00:12:38.968777 https://xingfuli0574.fang.com/
Logger:2020-03-17 00:12:42.580158 https://nb.newhouse.fang.com/house/s/b920/
Logger:2020-03-17 00:12:42.882307 https://donghaimingcheng0574.fang.com/
Logger:2020-03-17 00:12:43.138622 https://mudanyuanjy.fang.com/
Logger:2020-03-17 00:12:43.378979 https://weilaichengzhongke.fang.com/
Logger:2020-03-17 00:12:43.604375 https://xklyhwypc.fang.com/
Logger:2020-03-17 00:12:45.755662 https://cixiciyueyuanlc.fang.com/
Logger:2020-03-17 00:12:46.106723 https://124226.fang.com/
Logger:2020-03-17 00:12:46.349033 https://124216.fang.com/
Logger:2020-03-17 00:12:46.619312 https://yaojiangfuza.fang.com/
Logger:2020-03-17 00:12:46.946435 https://gelanjuntingzj.fang.com/
Logger:2020-03-17 00:12:47.260595 https://haichunxiaosm2.fang.com/
Logger:2020-03-17 00:12:47.712428 https://linwanfu.fang.com/
Logger:2020-03-17 00:12:47.981684 https://baijinwan0574.fang.com/
Logger:2020-03-17 00:12:48.345692 https://danshanfuxs.fang.com/
Logger:2020-03-17 00:12:50.192793 https://753904.fang.com/
Logger:2020-03-17 00:12:50.514942 https://yuechenghyn.fang.com/
Logger:2020-03-17 00:12:50.772262 https://binyuezhongxinwk.fang.com/
Logger:2020-03-17 00:12:51.021533 https://zhishanzhuangyuan.fang.com/
Logger:2020-03-17 00:12:55.344012 https://donghaifuby.fang.com/
Logger:2020-03-17 00:12:55.651191 https://tianlufubgy0574.fang.com/
Logger:2020-03-17 00:12:55.887559 https://jiangwanshijiajd.fang.com/
Logger:2020-03-17 00:12:59.434072 https://nb.newhouse.fang.com/house/s/b921/
Logger:2020-03-17 00:12:59.709360 https://tengshangkaihua.fang.com/
Logger:2020-03-17 00:13:01.588301 https://ninghai.newhouse.fang.com/house/2036190146.htm
Logger:2020-03-17 00:13:01.856592 https://kaiyuanguanlan.fang.com/
Logger:2020-03-17 00:13:02.114857 https://nhzijinhuayuan.fang.com/
Logger:2020-03-17 00:13:02.388168 https://hanlinjiadizhenhai.fang.com/
Logger:2020-03-17 00:13:02.675357 https://yunzhudongansm.fang.com/2/
Logger:2020-03-17 00:13:04.643135 https://jiazhoujinyuan.fang.com/
Logger:2020-03-17 00:13:04.897412 https://shanjiangtingyuan.fang.com/
Logger:2020-03-17 00:13:06.613824 https://hanlinyuansgt0574.fang.com/
Logger:2020-03-17 00:13:06.930999 https://hengtongguangchang.fang.com/
Logger:2020-03-17 00:13:07.217208 https://luhuhuayuan.fang.com/
Logger:2020-03-17 00:13:07.493468 https://yalongpanshan.fang.com/
Logger:2020-03-17 00:13:07.815605 https://skylinesiqialan.fang.com/
Logger:2020-03-17 00:13:08.112811 https://haiyuefung.fang.com/
Logger:2020-03-17 00:13:08.394101 https://jinxinjiayuan0574.fang.com/
Logger:2020-03-17 00:13:10.073566 https://huxihuayuan0574.fang.com/
Logger:2020-03-17 00:13:10.334914 https://520146.fang.com/
Logger:2020-03-17 00:13:12.516075 https://ninghai.newhouse.fang.com/house/2036194960.htm
Logger:2020-03-17 00:13:14.227501 https://zhenhai.newhouse.fang.com/house/2047267232.htm
Logger:2020-03-17 00:13:14.466855 https://bandaohuafu20574.fang.com/
Logger:2020-03-17 00:13:18.051249 https://nb.newhouse.fang.com/house/s/b922/
Logger:2020-03-17 00:13:18.307575 https://shangchenggongguan20574.fang.com/
Logger:2020-03-17 00:13:18.580850 https://xzgjgc0574.fang.com/
Logger:2020-03-17 00:13:18.824158 https://qicaishangyeguangchang.fang.com/
Logger:2020-03-17 00:13:19.080472 https://1235980574.fang.com/
Logger:2020-03-17 00:13:19.334791 https://saililiyuan.fang.com/
Logger:2020-03-17 00:13:19.625090 https://pulifucxhd.fang.com/
Logger:2020-03-17 00:13:19.902316 https://haihufu.fang.com/2/
Logger:2020-03-17 00:13:21.354430 https://nxjyyf0574.fang.com/
Logger:2020-03-17 00:13:21.585769 https://shililanshansyh.fang.com/
Logger:2020-03-17 00:13:22.434541 https://liganglongwan.fang.com/
Logger:2020-03-17 00:13:22.720733 https://dongyuyinzuo.fang.com/
Logger:2020-03-17 00:13:22.915249 https://zhenhai.newhouse.fang.com/house/2047267226.htm
Logger:2020-03-17 00:13:23.156604 https://jinsetiandi.fang.com/
Logger:2020-03-17 00:13:23.446791 https://chaolizhongxin.fang.com/
Logger:2020-03-17 00:13:23.741045 https://hengdahaishangbandao.fang.com/
Logger:2020-03-17 00:13:24.698482 https://yuelinzhongxinnb.fang.com/
Logger:2020-03-17 00:13:24.929823 https://songximingdu.fang.com/
Logger:2020-03-17 00:13:26.256275 https://zhizheyihao.fang.com/
Logger:2020-03-17 00:13:26.488706 https://gxgsszx.fang.com/
Logger:2020-03-17 00:13:27.061122 https://hechuangdashayy.fang.com/
Logger:2020-03-17 00:13:30.280583 https://nb.newhouse.fang.com/house/s/b923/
Logger:2020-03-17 00:13:30.548791 https://xinruizhongxin.fang.com/
Logger:2020-03-17 00:13:32.074709 https://xiangshanfubj.fang.com/
Logger:2020-03-17 00:13:32.298112 https://aolingongguan20574.fang.com/
Logger:2020-03-17 00:13:32.557458 https://rongwanfu2.fang.com/
Logger:2020-03-17 00:13:32.801848 https://qianchenggouji.fang.com/
Logger:2020-03-17 00:13:33.017221 https://danfuyipinyy0574.fang.com/
Logger:2020-03-17 00:13:34.906178 https://yinxiangjiangnan20574.fang.com/
Logger:2020-03-17 00:13:35.120562 https://zhongghaiguojishequ.fang.com/
Logger:2020-03-17 00:13:35.398817 https://huanqiuzhonxin574.fang.com/
Logger:2020-03-17 00:13:35.694052 https://yangguangyayuan0574.fang.com/2/
Logger:2020-03-17 00:13:36.043093 https://binhaijinjielhjr.fang.com/
Logger:2020-03-17 00:13:36.420128 https://msxlj0574.fang.com/
Logger:2020-03-17 00:13:36.897807 https://zhenhaicanghaiguoji.fang.com/
Logger:2020-03-17 00:13:37.299732 https://kangyangxiaozhenyht.fang.com/
Logger:2020-03-17 00:13:37.563027 https://ziyuexinyuan2.fang.com/
Logger:2020-03-17 00:13:37.919074 https://zhenhaishenghuoguangchang.fang.com/
Logger:2020-03-17 00:13:38.159468 https://jiayuejingyuan0574.fang.com/
Logger:2020-03-17 00:13:38.494560 https://chaohuizhongxin.fang.com/
Logger:2020-03-17 00:13:39.794101 https://zhenhaitianhongguoji.fang.com/
Logger:2020-03-17 00:13:40.013534 https://123878.fang.com/
Logger:2020-03-17 00:13:43.240838 https://nb.newhouse.fang.com/house/s/b924/
Logger:2020-03-17 00:13:43.972880 https://xinmeijuguojijiancaicheng.fang.com/
Logger:2020-03-17 00:13:44.180325 https://jinhumingyuan20574.fang.com/
Logger:2020-03-17 00:13:44.413700 https://haishangyudu20574.fang.com/
Logger:2020-03-17 00:13:44.634148 https://xinfengdasha20574.fang.com/
Logger:2020-03-17 00:13:46.786354 https://zhongyanggongguanxs0574.fang.com/
Logger:2020-03-17 00:13:47.053639 https://xinledasha0574.fang.com/
Logger:2020-03-17 00:13:47.257094 https://weilaidao.fang.com/
Logger:2020-03-17 00:13:48.452933 https://fenghuicheng.fang.com/
Logger:2020-03-17 00:13:48.722175 https://guiyuyingyuelc.fang.com/
Logger:2020-03-17 00:13:49.020417 https://liuanxiaofenggdlc.fang.com/
Logger:2020-03-17 00:13:49.325635 https://tianfuyaojiangjr.fang.com/
Logger:2020-03-17 00:13:51.027009 https://yangguanglihh.fang.com/
Logger:2020-03-17 00:13:51.315276 https://yushanhuay0574.fang.com/
Logger:2020-03-17 00:13:52.546986 https://shijishangyeguangchangnbfb.fang.com/
Logger:2020-03-17 00:13:52.780318 https://xinhaiguoji0574.fang.com/
Logger:2020-03-17 00:13:52.997795 https://lianshengguangchangcx.fang.com/
Logger:2020-03-17 00:13:53.225128 https://cixihuanqiuzhongxinjl2.fang.com/
Logger:2020-03-17 00:13:53.443587 https://hongtaidibiao.fang.com/
Logger:2020-03-17 00:13:53.713866 https://ganglongguangchang.fang.com/
Logger:2020-03-17 00:13:53.936290 https://fenghuangguojiguangchangrn.fang.com/shop/
Logger:2020-03-17 00:13:57.150628 https://nb.newhouse.fang.com/house/s/b925/
Logger:2020-03-17 00:13:57.316227 https://dongchengguomaozhongxin.fang.com/
Logger:2020-03-17 00:13:57.548563 https://guojifengqingjiexs0574.fang.com/
Logger:2020-03-17 00:14:01.051231 https://nb.newhouse.fang.com/house/s/b926/
Logger:2020-03-17 00:14:04.490036 https://nb.newhouse.fang.com/house/s/b927/
Logger:2020-03-17 00:14:07.959711 https://nb.newhouse.fang.com/house/s/b928/
