Logger:2020-03-16 14:55:07.327306 https://nc.newhouse.fang.com/house/s/b91/
Logger:2020-03-16 14:55:15.665994 https://baolijinyue.fang.com/
Logger:2020-03-16 14:55:15.966152 https://ligaoyonghuguoji.fang.com/
Logger:2020-03-16 14:55:16.323197 https://fulihuating0791.fang.com/
Logger:2020-03-16 14:55:16.616412 https://wankehongjun0791.fang.com/2/
Logger:2020-03-16 14:55:16.951516 https://jintoubocuizhongyang.fang.com/
Logger:2020-03-16 14:55:17.311588 https://lvdiannanxiaozhen.fang.com/
Logger:2020-03-16 14:55:17.707494 https://zhonghaijincheng0791.fang.com/
Logger:2020-03-16 14:55:18.074512 https://shidaichengjl.fang.com/
Logger:2020-03-16 14:55:18.464511 https://nanchanghengdayuelongtai.fang.com/
Logger:2020-03-16 14:55:18.754692 https://zhonghangcheng2.fang.com/
Logger:2020-03-16 14:55:19.026964 https://hongyangzhongliangshiguangtianyue.fang.com/
Logger:2020-03-16 14:55:19.330153 https://jianglingxinlizhenyuan.fang.com/
Logger:2020-03-16 14:55:19.655283 https://taihejiangnanyuanzi.fang.com/
Logger:2020-03-16 14:55:19.957474 https://baoliheguang.fang.com/
Logger:2020-03-16 14:55:20.291645 https://taohuayuanzhuhx.fang.com/
Logger:2020-03-16 14:55:20.563895 https://meidixinligongyuantianxia.fang.com/
Logger:2020-03-16 14:55:20.858107 https://jiuwantianbai.fang.com/
Logger:2020-03-16 14:55:21.156340 https://wankehaishangmingyue.fang.com/
Logger:2020-03-16 14:55:21.482395 https://banshanguojibl.fang.com/
Logger:2020-03-16 14:55:21.925218 https://zhongdafu.fang.com/
Logger:2020-03-16 14:55:25.730032 https://nc.newhouse.fang.com/house/s/b92/
Logger:2020-03-16 14:55:26.008288 https://zhongdafu.fang.com/
Logger:2020-03-16 14:55:26.372356 https://yuanyangtianzhu0791.fang.com/
Logger:2020-03-16 14:55:26.674588 https://tiankongzhichengwk.fang.com/
Logger:2020-03-16 14:55:26.991657 https://hengdachengnc.fang.com/
Logger:2020-03-16 14:55:27.386638 https://jinlongwanxiaozhen.fang.com/
Logger:2020-03-16 14:55:27.775647 https://shidaizhiguangnchd.fang.com/
Logger:2020-03-16 14:55:28.103706 https://linxifunchd.fang.com/
Logger:2020-03-16 14:55:28.457735 https://baoliyaohujun.fang.com/
Logger:2020-03-16 14:55:28.744967 https://shizhenglvchengguiyujiangnan.fang.com/
Logger:2020-03-16 14:55:29.033238 https://xinliruiyuan.fang.com/
Logger:2020-03-16 14:55:29.327488 https://jianglvdushifangzhou.fang.com/
Logger:2020-03-16 14:55:29.637579 https://meidihuawancheng.fang.com/
Logger:2020-03-16 14:55:29.955728 https://gandianguifu.fang.com/
Logger:2020-03-16 14:55:30.242959 https://nanlvjiafuli.fang.com/
Logger:2020-03-16 14:55:39.618877 https://donghuihouhai.fang.com/
Logger:2020-03-16 14:55:39.971966 https://lushanxihaizx0791.fang.com/
Logger:2020-03-16 14:55:40.230277 https://huarunwanxiangchengyuefu.fang.com/
Logger:2020-03-16 14:55:40.502556 https://qingshanhuwanxianghui.fang.com/
Logger:2020-03-16 14:55:40.822657 https://baolibanshanlaiyinshuian.fang.com/
Logger:2020-03-16 14:55:41.068045 https://wenhualvyouchengwd.fang.com/
Logger:2020-03-16 14:55:44.521760 https://nc.newhouse.fang.com/house/s/b93/
Logger:2020-03-16 14:55:44.839948 https://jinmaoyuejlh.fang.com/
Logger:2020-03-16 14:55:45.176011 https://jdjmzryfh.fang.com/
Logger:2020-03-16 14:55:45.501183 https://laimengduhuihc.fang.com/
Logger:2020-03-16 14:55:45.847259 https://liantaibinjiangzhongxin.fang.com/
Logger:2020-03-16 14:55:46.238227 https://xinlilanwan0791.fang.com/
Logger:2020-03-16 14:55:46.527396 https://xinlidongyuan0791.fang.com/
Logger:2020-03-16 14:55:46.833634 https://rongchuanghongchengtouganjiangfu.fang.com/
Logger:2020-03-16 14:55:47.178653 https://xinlixianghuwan.fang.com/
Logger:2020-03-16 14:55:47.496840 https://rongchuangjiuxitai.fang.com/
Logger:2020-03-16 14:55:47.772102 https://honghaicheng.fang.com/
Logger:2020-03-16 14:55:48.110200 https://huangshengzhongyangduhui.fang.com/
Logger:2020-03-16 14:55:48.438322 https://huaqiaocwanke.fang.com/
Logger:2020-03-16 14:55:48.797367 https://wankejiuli.fang.com/
Logger:2020-03-16 14:55:49.110497 https://jinxiyuechengfl.fang.com/
Logger:2020-03-16 14:55:49.461546 https://mingchengzijinxuan.fang.com/
Logger:2020-03-16 14:55:49.759785 https://fenghuatianchengct.fang.com/
Logger:2020-03-16 14:55:50.082884 https://xinlihongyangfu.fang.com/
Logger:2020-03-16 14:55:50.363135 https://lvdirulexingzhen.fang.com/
Logger:2020-03-16 14:55:50.699315 https://binjiangshangpin0791.fang.com/
Logger:2020-03-16 14:55:51.004457 https://xinlirongyuan.fang.com/
Logger:2020-03-16 14:55:54.738473 https://nc.newhouse.fang.com/house/s/b94/
Logger:2020-03-16 14:55:55.068547 https://yuejingtailg.fang.com/
Logger:2020-03-16 14:55:55.396707 https://guojibolanchengld.fang.com/
Logger:2020-03-16 14:55:56.068921 https://chenyuejiangyuyuan.fang.com/
Logger:2020-03-16 14:55:56.458864 https://honghairunyuan.fang.com/
Logger:2020-03-16 14:55:56.769995 https://ligaojunyubinjiang.fang.com/
Logger:2020-03-16 14:55:57.126084 https://lanhaijiajubl.fang.com/
Logger:2020-03-16 14:55:57.407334 https://rongchuangxuegeting.fang.com/
Logger:2020-03-16 14:55:57.685546 https://hongguyipinzs.fang.com/
Logger:2020-03-16 14:55:58.044624 https://shidaiguangchangxl0791.fang.com/
Logger:2020-03-16 14:55:58.407656 https://200190.fang.com/
Logger:2020-03-16 14:55:58.738729 https://jinkejimeijiulonghu.fang.com/
Logger:2020-03-16 14:55:59.037966 https://chaoyangzhongxinld.fang.com/
Logger:2020-03-16 14:55:59.388010 https://longhuchunjianglicheng.fang.com/
Logger:2020-03-16 14:55:59.653282 https://xiangnanzhongxinld.fang.com/
Logger:2020-03-16 14:55:59.964486 https://zhongyanggongyuanld.fang.com/
Logger:2020-03-16 14:56:00.380337 https://tinglanhuynctjt.fang.com/
Logger:2020-03-16 14:56:00.734439 https://lianfashidaitianjiao.fang.com/
Logger:2020-03-16 14:56:01.059520 https://xinjiancheng.fang.com/
Logger:2020-03-16 14:56:01.448518 https://wankeshiyiqu0791.fang.com/
Logger:2020-03-16 14:56:01.741696 https://zhongxingheyuan0791.fang.com/
Logger:2020-03-16 14:56:05.526570 https://nc.newhouse.fang.com/house/s/b95/
Logger:2020-03-16 14:56:05.812837 https://xinlvmingyuewan.fang.com/
Logger:2020-03-16 14:56:18.962836 https://xinlishuitoujinyaofu.fang.com/
Logger:2020-03-16 14:56:19.386701 https://xingyuehui0791.fang.com/
Logger:2020-03-16 14:56:19.717870 https://longhuchunjiangyueming.fang.com/
Logger:2020-03-16 14:56:20.086829 https://hongfang1951wk.fang.com/
Logger:2020-03-16 14:56:20.411996 https://nanchangzhongdahuangsheng.fang.com/
Logger:2020-03-16 14:56:20.834832 https://jianglingkaka.fang.com/
Logger:2020-03-16 14:56:21.192913 https://200364.fang.com/
Logger:2020-03-16 14:56:21.583869 https://haiyuelongfu.fang.com/
Logger:2020-03-16 14:56:21.857129 https://200430.fang.com/
Logger:2020-03-16 14:56:22.129407 https://200414.fang.com/
Logger:2020-03-16 14:56:22.425610 https://xinlvmingyuefu.fang.com/
Logger:2020-03-16 14:56:22.818521 https://xinlijiangyue.fang.com/
Logger:2020-03-16 14:56:23.299234 https://dongtouxinlitangyue.fang.com/
Logger:2020-03-16 14:56:23.788943 https://xinlicheng0791.fang.com/
Logger:2020-03-16 14:56:24.117047 https://suningguangchang0791.fang.com/
Logger:2020-03-16 14:56:24.461126 https://zhongaobinjiangone.fang.com/
Logger:2020-03-16 14:56:24.764315 https://honghaixiyuan.fang.com/
Logger:2020-03-16 14:56:25.050550 https://biguiyuanzhongjiangwenquancheng.fang.com/
Logger:2020-03-16 14:56:25.403605 https://haiyuemingdi.fang.com/
Logger:2020-03-16 14:56:29.301178 https://nc.newhouse.fang.com/house/s/b96/
Logger:2020-03-16 14:56:29.584421 https://fenghuangxintianlg.fang.com/
Logger:2020-03-16 14:56:29.876640 https://zhonghaihuxinbandao.fang.com/
Logger:2020-03-16 14:56:30.221758 https://nanshuijiuyuefu.fang.com/
Logger:2020-03-16 14:56:30.526941 https://xingtangwanxl.fang.com/
Logger:2020-03-16 14:56:30.826099 https://ligaojunyucheng.fang.com/
Logger:2020-03-16 14:56:31.135272 https://199964.fang.com/
Logger:2020-03-16 14:56:31.536200 https://qianhudaorc.fang.com/
Logger:2020-03-16 14:56:32.100690 https://wankehaishangzhiguang.fang.com/
Logger:2020-03-16 14:56:32.405915 https://xingfuyupin.fang.com/
Logger:2020-03-16 14:56:32.741001 https://zhongdahongyang.fang.com/
Logger:2020-03-16 14:56:33.023222 https://hongyangshiguangli.fang.com/
Logger:2020-03-16 14:56:33.386251 https://huananchengxizhanhuafu.fang.com/
Logger:2020-03-16 14:56:33.699443 https://honghaiqinyuan.fang.com/
Logger:2020-03-16 14:56:33.993626 https://xinliwoyuan.fang.com/
Logger:2020-03-16 14:56:34.265897 https://biguiyuanchengyangshuyuan.fang.com/
Logger:2020-03-16 14:56:34.528195 https://ruishichengjiguangchanghg.fang.com/
Logger:2020-03-16 14:56:34.975998 https://lvdiyuebinjiang.fang.com/
Logger:2020-03-16 14:56:35.234344 https://yulanfuhd0791.fang.com/
Logger:2020-03-16 14:56:35.551501 https://qingxiuchengzgtj0791.fang.com/
Logger:2020-03-16 14:56:53.544360 https://weilaiduhuihm.fang.com/
Logger:2020-03-16 14:56:58.681645 https://nc.newhouse.fang.com/house/s/b97/
Logger:2020-03-16 14:56:58.982776 https://yongjingbandaolg.fang.com/
Logger:2020-03-16 14:56:59.312892 https://yinchengjiangpan.fang.com/
Logger:2020-03-16 14:57:00.677243 https://kaiyuhaidegongyuan.fang.com/
Logger:2020-03-16 14:57:00.959487 https://guomaotianfeng.fang.com/
Logger:2020-03-16 14:57:01.266715 https://jiusongshanheshidaicheng.fang.com/
Logger:2020-03-16 14:57:01.579873 https://yangguangmeiguiyuanzh0791.fang.com/
Logger:2020-03-16 14:57:02.010676 https://feicuihuatinghd0791.fang.com/
Logger:2020-03-16 14:57:15.285206 https://jinbihuafuhd.fang.com/
Logger:2020-03-16 14:57:15.612289 https://baoliwutongyu0791.fang.com/
Logger:2020-03-16 14:57:16.935748 https://qinghuadongan.fang.com/
Logger:2020-03-16 14:57:17.225972 https://jimeiyangguangjk0791.fang.com/
Logger:2020-03-16 14:57:17.610942 https://fanersaigongbt.fang.com/
Logger:2020-03-16 14:57:17.948081 https://hongxingzhongaoguangchang.fang.com/
Logger:2020-03-16 14:57:18.240284 https://hongguhuijing.fang.com/
Logger:2020-03-16 14:57:18.508541 https://lwmsgg.fang.com/
Logger:2020-03-16 14:57:18.917483 https://lanhuyujinglg.fang.com/
Logger:2020-03-16 14:57:19.316424 https://lvziyaochaoyangli.fang.com/
Logger:2020-03-16 14:57:19.613585 https://xjjlyc.fang.com/
Logger:2020-03-16 14:57:19.947729 https://shanglianzhongxin.fang.com/
Logger:2020-03-16 14:57:20.235971 https://binjiangmingzhu0791.fang.com/
Logger:2020-03-16 14:57:23.964987 https://nc.newhouse.fang.com/house/s/b98/
Logger:2020-03-16 14:57:24.247189 https://xihuziquezr.fang.com/
Logger:2020-03-16 14:57:24.538410 https://feicuilongtinghd0791.fang.com/
Logger:2020-03-16 14:57:24.804697 https://tongluowanguangchangnc.fang.com/
Logger:2020-03-16 14:57:25.197645 https://shimaodaguan.fang.com/
Logger:2020-03-16 14:57:25.582660 https://zijincheng0791.fang.com/
Logger:2020-03-16 14:57:29.741491 https://yangguangchenglanguangwenlanfu.fang.com/
Logger:2020-03-16 14:57:30.087565 https://mingyuetaixl.fang.com/
Logger:2020-03-16 14:57:30.434680 https://zhengrongfujk.fang.com/
Logger:2020-03-16 14:57:30.768742 https://biguiyuanzhengrongwantang.fang.com/
Logger:2020-03-16 14:57:31.090922 https://walianggejl.fang.com/
Logger:2020-03-16 14:57:31.463883 https://aixihuyihao0791.fang.com/
Logger:2020-03-16 14:57:31.746205 https://guojijiaoyizhongxinzj.fang.com/
Logger:2020-03-16 14:57:32.010471 https://huangshengxiangongyuan.fang.com/
Logger:2020-03-16 14:57:43.372027 https://rzgqc.fang.com/
Logger:2020-03-16 14:57:43.637348 https://jinkejimeitianchen0791.fang.com/
Logger:2020-03-16 14:57:43.930563 https://zhongyangxiangxie.fang.com/
Logger:2020-03-16 14:57:44.240766 https://huanyutianxiazh0791.fang.com/
Logger:2020-03-16 14:57:44.582826 https://jurenbinjiangyuecheng.fang.com/
Logger:2020-03-16 14:57:44.878997 https://yangguangchengdafaxijiangyue.fang.com/
Logger:2020-03-16 14:57:45.174207 https://zhengrongyuelanwan.fang.com/
Logger:2020-03-16 14:57:49.077763 https://nc.newhouse.fang.com/house/s/b99/
Logger:2020-03-16 14:57:49.383944 https://jincuijinseyuan2.fang.com/
Logger:2020-03-16 14:57:49.646243 https://hongguhafoyuan.fang.com/
Logger:2020-03-16 14:57:49.985373 https://jinmenxiangxinananwy.fang.com/
Logger:2020-03-16 14:57:50.336433 https://linkengogyuan8haolg.fang.com/
Logger:2020-03-16 14:57:50.687457 https://shangfengjingcheng0791.fang.com/
Logger:2020-03-16 14:57:51.009595 https://juhuimingzhu.fang.com/
Logger:2020-03-16 14:57:51.339713 https://runyongtongyuegangcheng.fang.com/
Logger:2020-03-16 14:57:51.650879 https://huiguzhilifang.fang.com/
Logger:2020-03-16 14:57:51.892234 https://taipingyangguangchang0791.fang.com/
Logger:2020-03-16 14:57:52.172527 https://jindiyuanqingniancheng.fang.com/
Logger:2020-03-16 14:57:58.152529 https://jiusongshanheqinheyuan.fang.com/
Logger:2020-03-16 14:57:58.449736 https://xjrchgsjc.fang.com/
Logger:2020-03-16 14:57:58.730939 https://xinlixiyuan.fang.com/
Logger:2020-03-16 14:57:59.094011 https://yongjinwangfulg.fang.com/
Logger:2020-03-16 14:57:59.465973 https://qingshanhuyihaorc.fang.com/
Logger:2020-03-16 14:57:59.794135 https://zhihuihonggu.fang.com/
Logger:2020-03-16 14:58:05.407118 https://longjudongjun.fang.com/
Logger:2020-03-16 14:58:05.758159 https://jiusongkangruiheyuan.fang.com/
Logger:2020-03-16 14:58:06.207974 https://lvchuangzhongxin.fang.com/
Logger:2020-03-16 14:58:06.560993 https://xianhulanjing.fang.com/2/
Logger:2020-03-16 14:58:10.690945 https://nc.newhouse.fang.com/house/s/b910/
Logger:2020-03-16 14:58:11.025051 https://lantianxijunsd.fang.com/
Logger:2020-03-16 14:58:11.345195 https://jiayuanyueshanju.fang.com/
Logger:2020-03-16 14:58:11.649420 https://senkeshangcheng.fang.com/
Logger:2020-03-16 14:58:11.998491 https://zizaitiandihr.fang.com/
Logger:2020-03-16 14:58:12.283685 https://shengshiguangchangxy.fang.com/
Logger:2020-03-16 14:58:12.562937 https://sijihuachenght.fang.com/
Logger:2020-03-16 14:58:12.875140 https://zhongyanggongguanwzts.fang.com/
Logger:2020-03-16 14:58:13.210248 https://xinlizhouyue.fang.com/
Logger:2020-03-16 14:58:13.507423 https://nanchangyuanzith.fang.com/
Logger:2020-03-16 14:58:13.879415 https://yasongjunc.fang.com/
Logger:2020-03-16 14:58:14.201622 https://huabangguanhubieyuan.fang.com/
Logger:2020-03-16 14:58:14.459862 https://xinhongchengdashichang.fang.com/
Logger:2020-03-16 14:58:14.717210 https://shuofengxihuli.fang.com/
Logger:2020-03-16 14:58:15.051280 https://qingyunfuldxl.fang.com/
Logger:2020-03-16 14:58:22.253039 https://xinlishangyuan0791.fang.com/
Logger:2020-03-16 14:58:24.957778 https://bailushuyuanwk.fang.com/
Logger:2020-03-16 14:58:25.259970 https://fangdazhongxin.fang.com/
Logger:2020-03-16 14:58:25.586099 https://xinlichengmingshigongguanld.fang.com/
Logger:2020-03-16 14:58:25.928182 https://qingyungongguan0791.fang.com/
Logger:2020-03-16 14:58:26.274257 https://jinyuhuafu0791.fang.com/
Logger:2020-03-16 14:58:30.008268 https://nc.newhouse.fang.com/house/s/b911/
Logger:2020-03-16 14:58:30.291510 https://jinyuhuafu0791.fang.com/
Logger:2020-03-16 14:58:30.605670 https://pangdalinghang.fang.com/
Logger:2020-03-16 14:58:30.868999 https://huangshengzhongyanggongyuan.fang.com/
Logger:2020-03-16 14:58:31.219029 https://zhenghexian.fang.com/
Logger:2020-03-16 14:58:31.549175 https://yujingchengjl.fang.com/
Logger:2020-03-16 14:58:34.872257 https://meidichengnb.fang.com/
Logger:2020-03-16 14:58:35.296130 https://duhuizhiguangjdzajs.fang.com/
Logger:2020-03-16 14:58:38.190416 https://yunshuhuachengjj.fang.com/
Logger:2020-03-16 14:58:38.596294 https://zhongaotianxi.fang.com/
Logger:2020-03-16 14:58:38.936460 https://dongfangxiangsong.fang.com/
Logger:2020-03-16 14:58:39.236580 https://shimaoapm.fang.com/
Logger:2020-03-16 14:58:39.542761 https://yuejiaguangchanghs.fang.com/
Logger:2020-03-16 14:58:39.960644 https://xjddgjmoma.fang.com/
Logger:2020-03-16 14:58:40.246902 https://rundiguanzhuxinjian.fang.com/
Logger:2020-03-16 14:58:40.525133 https://huanledashijie.fang.com/
Logger:2020-03-16 14:58:41.799724 https://xjlwgj.fang.com/
Logger:2020-03-16 14:58:43.509150 https://xjsjwxc.fang.com/
Logger:2020-03-16 14:58:43.875172 https://hongxingzhongaojiulongduhui.fang.com/
Logger:2020-03-16 14:58:44.203330 https://boyuanxl.fang.com/
Logger:2020-03-16 14:58:44.718915 https://qingshanhudajingygc.fang.com/
Logger:2020-03-16 14:58:48.921670 https://nc.newhouse.fang.com/house/s/b912/
Logger:2020-03-16 14:58:49.233836 https://ziyunfuhr0791.fang.com/
Logger:2020-03-16 14:58:49.586931 https://zhongjunshangcheng0791.fang.com/
Logger:2020-03-16 14:58:53.020781 https://puyueliwk.fang.com/
Logger:2020-03-16 14:58:53.398695 https://xinlilongting.fang.com/
Logger:2020-03-16 14:58:53.664017 https://200434.fang.com/
Logger:2020-03-16 14:58:53.919350 https://lijingwanygc0791.fang.com/
Logger:2020-03-16 14:58:54.325219 https://jiulongjun0791.fang.com/
Logger:2020-03-16 14:59:00.825862 https://banshandieshu.fang.com/
Logger:2020-03-16 14:59:02.182198 https://xinlvmingyuetang.fang.com/
Logger:2020-03-16 14:59:02.491405 https://mingyuanzhongxin.fang.com/
Logger:2020-03-16 14:59:02.740703 https://zhongbangmohoguoji.fang.com/
Logger:2020-03-16 14:59:03.065891 https://chuntianli0791.fang.com/
Logger:2020-03-16 14:59:03.362078 https://anyizhongliangshoufu.fang.com/
Logger:2020-03-16 14:59:03.711107 https://yaotingshuianxiaoqu.fang.com/
Logger:2020-03-16 14:59:08.463395 https://lanchengshilifenghe.fang.com/
Logger:2020-03-16 14:59:08.723741 https://199968.fang.com/
Logger:2020-03-16 14:59:09.020937 https://junyushijialg0791.fang.com/
Logger:2020-03-16 14:59:09.448795 https://199726.fang.com/
Logger:2020-03-16 14:59:09.788848 https://yinglunyipin.fang.com/
Logger:2020-03-16 14:59:10.116011 https://xjxjzx.fang.com/
Logger:2020-03-16 14:59:13.443072 https://nc.newhouse.fang.com/house/s/b913/
Logger:2020-03-16 14:59:13.751249 https://binhuxiaozhenjinxian0791.fang.com/
Logger:2020-03-16 14:59:16.445043 https://jinxian.newhouse.fang.com/house/2332203166.htm
Logger:2020-03-16 14:59:17.026487 https://botaishengmingshunancangli.fang.com/
Logger:2020-03-16 14:59:23.066831 https://yuejiangfumd.fang.com/
Logger:2020-03-16 14:59:23.614407 https://lvziyaomiaojie.fang.com/
Logger:2020-03-16 14:59:23.912569 https://bocuitianxiajk0791.fang.com/
Logger:2020-03-16 14:59:24.289562 https://honghaimanyuan.fang.com/
Logger:2020-03-16 14:59:24.625661 https://chaoyangfenghui.fang.com/
Logger:2020-03-16 14:59:24.994706 https://baolimeidiyunzhu.fang.com/
Logger:2020-03-16 14:59:25.310828 https://binjianglanbowan.fang.com/
Logger:2020-03-16 14:59:25.668913 https://jiangwanhaoting.fang.com/
Logger:2020-03-16 14:59:26.076784 https://dongjiaoziyuanmg.fang.com/
Logger:2020-03-16 14:59:26.446788 https://hengjinjiulongshidaiguangchang.fang.com/
Logger:2020-03-16 14:59:26.792906 https://longyinshan.fang.com/
Logger:2020-03-16 14:59:27.096084 https://jiulongduhuihongxingguangchang.fang.com/
Logger:2020-03-16 14:59:27.442185 https://kaixuanwanzm.fang.com/
Logger:2020-03-16 14:59:27.802165 https://hanganglindao.fang.com/
Logger:2020-03-16 14:59:28.122306 https://longhushidaixb.fang.com/
Logger:2020-03-16 14:59:28.451426 https://200322.fang.com/
Logger:2020-03-16 14:59:28.792513 https://shilichunfenglg.fang.com/
Logger:2020-03-16 14:59:32.276843 https://nc.newhouse.fang.com/house/s/b914/
Logger:2020-03-16 14:59:32.768044 https://mopanshan8hao.fang.com/
Logger:2020-03-16 14:59:33.212868 https://qihaoguangchanglt.fang.com/
Logger:2020-03-16 14:59:33.595956 https://gongyuanyihao0791.fang.com/
Logger:2020-03-16 14:59:34.031624 https://jiuzhouhuafu.fang.com/
Logger:2020-03-16 14:59:34.338728 https://xinchengwuyueguangchangxj.fang.com/
Logger:2020-03-16 14:59:34.707741 https://xinghehui.fang.com/
Logger:2020-03-16 14:59:35.053470 https://jiusongzhongxin.fang.com/
Logger:2020-03-16 14:59:35.312643 https://hongpengfudi.fang.com/
Logger:2020-03-16 14:59:38.573193 https://200436.fang.com/
Logger:2020-03-16 14:59:38.931264 https://200268.fang.com/
Logger:2020-03-16 14:59:39.300098 https://xjssyj.fang.com/
Logger:2020-03-16 14:59:39.689081 https://xjsjwxgc.fang.com/
Logger:2020-03-16 14:59:41.510704 https://jinqilinsjbsbc.fang.com/
Logger:2020-03-16 14:59:41.787999 https://tianrunhuafu.fang.com/
Logger:2020-03-16 14:59:42.067241 https://jinxiubinhujinxian.fang.com/
Logger:2020-03-16 14:59:42.431906 https://200426.fang.com/
Logger:2020-03-16 14:59:42.751907 https://200424.fang.com/
Logger:2020-03-16 14:59:43.143858 https://jinmaozhihuicheng.fang.com/
Logger:2020-03-16 14:59:43.440065 https://huaqinhupanhuayuan.fang.com/
Logger:2020-03-16 14:59:43.846008 https://xingzhouguoji.fang.com/
Logger:2020-03-16 14:59:47.642660 https://nc.newhouse.fang.com/house/s/b915/
Logger:2020-03-16 14:59:53.298976 https://200420.fang.com/
Logger:2020-03-16 14:59:53.621113 https://guomaotianyue0791.fang.com/
Logger:2020-03-16 14:59:54.102848 https://lehuogongyuanchengsj.fang.com/2/
Logger:2020-03-16 14:59:54.611470 https://longsenshanju.fang.com/
Logger:2020-03-16 14:59:54.965074 https://hengtianshishangzhongxin.fang.com/
Logger:2020-03-16 14:59:55.270371 https://guojizhongxinzjn.fang.com/
Logger:2020-03-16 14:59:55.601128 https://shenlanguangchang.fang.com/
Logger:2020-03-16 14:59:55.932213 https://weiweilaitx.fang.com/
Logger:2020-03-16 14:59:56.327185 https://linkongrulecheng.fang.com/
Logger:2020-03-16 14:59:56.634964 https://baolizhongxin0791.fang.com/
Logger:2020-03-16 14:59:56.991036 https://shidaiguangchangcy.fang.com/
Logger:2020-03-16 14:59:57.311219 https://jinrongchanyeyuanldjx.fang.com/
Logger:2020-03-16 14:59:57.735075 https://xiangyixiyuan.fang.com/
Logger:2020-03-16 14:59:58.081149 https://jurenguoji.fang.com/
Logger:2020-03-16 14:59:58.443664 https://xjzshgypbs.fang.com/
Logger:2020-03-16 14:59:58.777784 https://wenquanbandaolsxh.fang.com/
Logger:2020-03-16 14:59:59.121411 https://youshanmeidizhq.fang.com/
Logger:2020-03-16 14:59:59.461487 https://libuhuyihao.fang.com/
Logger:2020-03-16 14:59:59.834489 https://lvdizhongyangguangchang0791.fang.com/
Logger:2020-03-16 15:00:00.136218 https://gongyuanyihaojy0791.fang.com/
Logger:2020-03-16 15:00:03.527807 https://nc.newhouse.fang.com/house/s/b916/
Logger:2020-03-16 15:00:03.871040 https://bandaohaoyuan.fang.com/
Logger:2020-03-16 15:00:04.232100 https://xinlizhongxin.fang.com/
Logger:2020-03-16 15:00:04.521834 https://kaixuanguangchangjinxian0791.fang.com/
Logger:2020-03-16 15:00:04.847962 https://hangtiankechuangguangchang.fang.com/
Logger:2020-03-16 15:00:05.157136 https://ganjianglvdizhongyangguangchang.fang.com/
Logger:2020-03-16 15:00:05.420460 https://kangshengyangguangzundi.fang.com/
Logger:2020-03-16 15:00:05.769651 https://xjyhbs.fang.com/
Logger:2020-03-16 15:00:21.604392 https://jianglvyuhuguoji.fang.com/
Logger:2020-03-16 15:00:21.919880 https://hupanxueyuan.fang.com/
Logger:2020-03-16 15:00:22.220619 https://hengmaoguojixinchengjx.fang.com/
Logger:2020-03-16 15:00:29.544255 https://jinxianzhongshanhuafu.fang.com/
Logger:2020-03-16 15:00:29.870635 https://xjfyls.fang.com/
Logger:2020-03-16 15:00:30.225647 https://huaerjieguangchang.fang.com/
Logger:2020-03-16 15:00:30.582692 https://jinrongzhongxinbn0791.fang.com/
Logger:2020-03-16 15:00:30.935760 https://xianqingoujiyiqi.fang.com/
Logger:2020-03-16 15:00:41.026454 https://binhuxiaozhenjinxian.fang.com/
Logger:2020-03-16 15:00:41.388486 https://200288.fang.com/
Logger:2020-03-16 15:00:41.699323 https://xjhgfs.fang.com/
Logger:2020-03-16 15:00:41.990934 https://longdingchadu.fang.com/shop/
Logger:2020-03-16 15:00:42.451700 https://200432.fang.com/
Logger:2020-03-16 15:00:46.534241 https://nc.newhouse.fang.com/house/s/b917/
Logger:2020-03-16 15:00:54.349829 https://chengtoulouyuguoji0791.fang.com/
Logger:2020-03-16 15:00:54.657004 https://xjddmmxc.fang.com/
Logger:2020-03-16 15:00:55.332861 https://jinxian.newhouse.fang.com/house/2332203158.htm
Logger:2020-03-16 15:00:55.833554 https://xjjygjwqc.fang.com/
Logger:2020-03-16 15:00:56.158651 https://junzhijiajiancaijiajuguangchangxj.fang.com/
Logger:2020-03-16 15:00:56.464941 https://nchzdk.fang.com/
Logger:2020-03-16 15:00:56.813977 https://changlejimaoshichang.fang.com/
Logger:2020-03-16 15:01:03.713075 https://xjlxmoho.fang.com/
Logger:2020-03-16 15:01:04.030979 https://hupoyuanxl.fang.com/
Logger:2020-03-16 15:01:04.499687 https://huarunlinglongfuzr.fang.com/
Logger:2020-03-16 15:01:04.890687 https://waitanjiuhaoxl.fang.com/
Logger:2020-03-16 15:01:29.495206 https://shidaitianjinglf.fang.com/
Logger:2020-03-16 15:01:29.946426 https://yinhuwanxl.fang.com/
Logger:2020-03-16 15:01:30.342690 https://yongjingwanzj0791.fang.com/
Logger:2020-03-16 15:01:30.746578 https://imguangchangjkys.fang.com/
Logger:2020-03-16 15:01:31.062767 https://yuegongguanld.fang.com/
Logger:2020-03-16 15:01:31.436339 https://gongyuanyihaoxl.fang.com/
Logger:2020-03-16 15:01:31.813146 https://jinyuchuanqiwk0791.fang.com/
Logger:2020-03-16 15:01:39.365419 https://xinlijinyuan.fang.com/
Logger:2020-03-16 15:01:39.680563 https://xinliyiyuan.fang.com/
Logger:2020-03-16 15:01:43.393319 https://nc.newhouse.fang.com/house/s/b918/
Logger:2020-03-16 15:01:43.957670 https://yuanyangtianjiao0791.fang.com/
Logger:2020-03-16 15:01:44.428431 https://xinliheyuan.fang.com/
Logger:2020-03-16 15:01:44.859278 https://lanhuguojilg.fang.com/
Logger:2020-03-16 15:01:45.279476 https://yujingtianchenglg.fang.com/
Logger:2020-03-16 15:02:09.708640 https://guomaolanwan.fang.com/
Logger:2020-03-16 15:02:10.034633 https://chuntianlibl0791.fang.com/
Logger:2020-03-16 15:02:10.419119 https://nanchangzhongdajing.fang.com/
Logger:2020-03-16 15:02:10.781285 https://yuelanwanld0791.fang.com/
Logger:2020-03-16 15:02:27.751792 https://lianfajunlan0791.fang.com/
Logger:2020-03-16 15:02:28.093133 https://chengshihuayuanwk0791.fang.com/
Logger:2020-03-16 15:02:38.197175 https://yuelongfuzj.fang.com/
Logger:2020-03-16 15:02:45.263274 https://shidaitianjielf0791.fang.com/
Logger:2020-03-16 15:02:45.583341 https://longanhuayuan0791.fang.com/
Logger:2020-03-16 15:02:45.907473 https://199888.fang.com/
Logger:2020-03-16 15:02:46.389760 https://lingyunfubgy.fang.com/
Logger:2020-03-16 15:02:51.883416 https://yingjiahuicy.fang.com/
Logger:2020-03-16 15:02:52.237515 https://yejianshangjun.fang.com/
Logger:2020-03-16 15:02:52.565700 https://baiyechengwx.fang.com/
Logger:2020-03-16 15:02:53.042360 https://wguangchangwh.fang.com/
Logger:2020-03-16 15:02:58.928114 https://yigongguanjf.fang.com/
Logger:2020-03-16 15:03:02.766704 https://nc.newhouse.fang.com/house/s/b919/
Logger:2020-03-16 15:03:03.017034 https://jurenguangchang.fang.com/
Logger:2020-03-16 15:03:10.113749 https://baohuifengniao.fang.com/
Logger:2020-03-16 15:03:10.452841 https://baishimingdild.fang.com/
Logger:2020-03-16 15:03:10.797933 https://ditiedashayh.fang.com/
Logger:2020-03-16 15:03:11.110728 https://guojihuaduld0791.fang.com/
Logger:2020-03-16 15:03:16.870160 https://shennongdasha.fang.com/
Logger:2020-03-16 15:03:20.463574 https://nc.newhouse.fang.com/house/s/b920/
Logger:2020-03-16 15:03:24.035849 https://nc.newhouse.fang.com/house/s/b921/
Logger:2020-03-16 15:03:27.632178 https://nc.newhouse.fang.com/house/s/b922/
