Logger:2020-03-16 20:41:52.679890 https://neijiang.newhouse.fang.com/house/s/b91/
Logger:2020-03-16 20:41:56.427733 https://smccyf.fang.com/
Logger:2020-03-16 20:41:56.751867 https://zhaoxinzhongxin.fang.com/
Logger:2020-03-16 20:41:57.034912 https://njwsc.fang.com/
Logger:2020-03-16 20:41:57.358116 https://hxyjt2.fang.com/
Logger:2020-03-16 20:41:57.795981 https://fcgjsq.fang.com/
Logger:2020-03-16 20:42:00.416673 https://zygycjk.fang.com/
Logger:2020-03-16 20:42:00.886912 https://sijikangcheng0832.fang.com/
Logger:2020-03-16 20:42:01.203156 https://chuanhuaguangchangjincheng.fang.com/
Logger:2020-03-16 20:42:01.577090 https://bgybyf0832.fang.com/
Logger:2020-03-16 20:42:06.424726 https://jinkeshidaizhongxin.fang.com/
Logger:2020-03-16 20:42:06.764840 https://bgylyf.fang.com/
Logger:2020-03-16 20:42:10.466908 https://cjjyf0832.fang.com/
Logger:2020-03-16 20:42:11.899211 https://htfcht0832.fang.com/
Logger:2020-03-16 20:42:12.196463 https://wsjss.fang.com/
Logger:2020-03-16 20:42:17.553506 https://shijibinjiang0832.fang.com/2/
Logger:2020-03-16 20:42:17.871654 https://feicuigongyuanjk.fang.com/
Logger:2020-03-16 20:42:18.246686 https://bangtaiyiheshangyuan.fang.com/
Logger:2020-03-16 20:42:18.545855 https://njjkgywf.fang.com/
Logger:2020-03-16 20:42:18.844057 https://bangtaitianzhu.fang.com/
Logger:2020-03-16 20:42:28.825891 https://htctgyc.fang.com/
Logger:2020-03-16 20:42:33.608645 https://neijiang.newhouse.fang.com/house/s/b92/
Logger:2020-03-16 20:42:33.882521 https://btgbsy3.fang.com/
Logger:2020-03-16 20:42:34.208554 https://bangtaidaguanfu.fang.com/
Logger:2020-03-16 20:42:34.516325 https://bgytyf0832.fang.com/
Logger:2020-03-16 20:42:39.658377 https://nanhebandao.fang.com/2/
Logger:2020-03-16 20:42:40.974517 https://cydcf.fang.com/
Logger:2020-03-16 20:42:41.257884 https://zxjxf.fang.com/
Logger:2020-03-16 20:42:41.591034 https://tianhexincheng0832.fang.com/
Logger:2020-03-16 20:42:41.975949 https://tcgjsq.fang.com/
Logger:2020-03-16 20:42:42.259191 https://longchengyayuan0832.fang.com/
Logger:2020-03-16 20:42:42.574818 https://muyunfu2.fang.com/
Logger:2020-03-16 20:42:43.910356 https://hxylt.fang.com/
Logger:2020-03-16 20:42:45.315604 https://btzjxf.fang.com/
Logger:2020-03-16 20:42:45.639772 https://tianchengguoji0832.fang.com/
Logger:2020-03-16 20:42:46.949987 https://bangtaitianyu.fang.com/
Logger:2020-03-16 20:42:48.545016 https://btgjsq0832.fang.com/
Logger:2020-03-16 20:42:48.858584 https://ydcnyh.fang.com/
Logger:2020-03-16 20:42:49.215594 https://wdgcnj.fang.com/
Logger:2020-03-16 20:42:49.510842 https://neijiang0832.fang.com/
Logger:2020-03-16 20:42:49.812619 https://lshaf.fang.com/
Logger:2020-03-16 20:42:50.118999 https://jinpenghananshijicheng.fang.com/
Logger:2020-03-16 20:42:54.142639 https://neijiang.newhouse.fang.com/house/s/b93/
Logger:2020-03-16 20:42:54.420948 https://zgxngjqfc.fang.com/
Logger:2020-03-16 20:42:54.660651 https://hengdajincheng0832.fang.com/
Logger:2020-03-16 20:42:56.616473 https://jinkejimeixingchen.fang.com/
Logger:2020-03-16 20:42:57.047324 https://njxcsd.fang.com/
Logger:2020-03-16 20:42:59.796421 https://jkjmtc0832.fang.com/
Logger:2020-03-16 20:43:00.090705 https://wsglyt.fang.com/
Logger:2020-03-16 20:43:00.401880 https://yangguangtianlu.fang.com/
Logger:2020-03-16 20:43:02.074376 https://hstcyx.fang.com/
Logger:2020-03-16 20:43:04.089909 https://btbsgg.fang.com/
Logger:2020-03-16 20:43:04.517764 https://heduguoji.fang.com/
Logger:2020-03-16 20:43:04.838458 https://wuyueguangchangnj.fang.com/
Logger:2020-03-16 20:43:05.145544 https://xiongfeiguojixinchenghongdao.fang.com/
Logger:2020-03-16 20:43:05.509095 https://lftgc.fang.com/
Logger:2020-03-16 20:43:07.725109 https://chuntianjiangyuchenght.fang.com/
Logger:2020-03-16 20:43:08.031289 https://hongchuanglwbd.fang.com/
Logger:2020-03-16 20:43:08.348440 https://chuanhuaguangchangaishangli.fang.com/
Logger:2020-03-16 20:43:08.725706 https://huaangongguan0832.fang.com/
Logger:2020-03-16 20:43:09.038870 https://daqianshangcheng.fang.com/
Logger:2020-03-16 20:43:09.307256 https://jkxfdc.fang.com/
Logger:2020-03-16 20:43:09.597512 https://neijiang.newhouse.fang.com/house/3219212954.htm
Logger:2020-03-16 20:43:13.733100 https://neijiang.newhouse.fang.com/house/s/b94/
Logger:2020-03-16 20:43:13.907696 https://huiyuyipin.fang.com/
Logger:2020-03-16 20:43:14.206819 https://lanjingyuan0832.fang.com/
Logger:2020-03-16 20:43:14.506019 https://bjhlgwzx.fang.com/
Logger:2020-03-16 20:43:14.866059 https://njgjjjsmc.fang.com/
Logger:2020-03-16 20:43:18.551406 https://neijiang.newhouse.fang.com/house/s/b95/
Logger:2020-03-16 20:43:22.086465 https://neijiang.newhouse.fang.com/house/s/b96/
Logger:2020-03-16 20:43:25.681473 https://neijiang.newhouse.fang.com/house/s/b97/
