Logger:2020-03-17 00:53:06.692272 https://ninghai.newhouse.fang.com/house/s/b91/
Logger:2020-03-17 00:53:06.935618 https://xintiandiza.fang.com/
Logger:2020-03-17 00:53:07.173940 https://minghufuyj.fang.com/
Logger:2020-03-17 00:53:09.786987 https://ninghai.newhouse.fang.com/house/2036193714.htm
Logger:2020-03-17 00:53:10.030324 https://taoyuanlinh.fang.com/
Logger:2020-03-17 00:53:10.841129 https://ninghai.newhouse.fang.com/house/2036193706.htm
Logger:2020-03-17 00:53:11.098443 https://ninghai.newhouse.fang.com/house/2036190150.htm
Logger:2020-03-17 00:53:11.372732 https://hhjw0574.fang.com/
Logger:2020-03-17 00:53:11.627027 https://jiaotongzizaicheng0574.fang.com/
Logger:2020-03-17 00:53:11.870396 https://haiwanhuayuan0574.fang.com/
Logger:2020-03-17 00:53:12.774980 https://ninghai.newhouse.fang.com/house/2036193406.htm
Logger:2020-03-17 00:53:13.010326 https://jsgjgc0574.fang.com/
Logger:2020-03-17 00:53:13.300551 https://xgtyc.fang.com/
Logger:2020-03-17 00:53:15.092798 https://ninghai.newhouse.fang.com/house/2036193716.htm
Logger:2020-03-17 00:53:15.321144 https://ninghai.newhouse.fang.com/house/2036194004.htm
Logger:2020-03-17 00:53:15.639293 https://nxyhf0574.fang.com/
Logger:2020-03-17 00:53:15.966417 https://nhqcshgc0574.fang.com/
Logger:2020-03-17 00:53:17.002647 https://ninghai.newhouse.fang.com/house/2036190144.htm
Logger:2020-03-17 00:53:17.908268 https://ninghai.newhouse.fang.com/house/2036193712.htm
Logger:2020-03-17 00:53:18.175509 https://xklyhwypc.fang.com/
Logger:2020-03-17 00:53:19.403224 https://ninghai.newhouse.fang.com/house/2036190146.htm
Logger:2020-03-17 00:53:22.925801 https://ninghai.newhouse.fang.com/house/s/b92/
Logger:2020-03-17 00:53:23.123317 https://nhzijinhuayuan.fang.com/
Logger:2020-03-17 00:53:23.348669 https://huxihuayuan0574.fang.com/
Logger:2020-03-17 00:53:25.079095 https://ninghai.newhouse.fang.com/house/2036194960.htm
Logger:2020-03-17 00:53:26.806463 https://xzgjgc0574.fang.com/
Logger:2020-03-17 00:53:27.076740 https://saililiyuan.fang.com/
Logger:2020-03-17 00:53:27.317090 https://haihufu.fang.com/2/
Logger:2020-03-17 00:53:27.540492 https://nxjyyf0574.fang.com/
Logger:2020-03-17 00:53:28.103948 https://jinsetiandi.fang.com/
Logger:2020-03-17 00:53:28.343351 https://huanqiuzhonxin574.fang.com/
Logger:2020-03-17 00:53:28.586657 https://msxlj0574.fang.com/
Logger:2020-03-17 00:53:30.599273 https://gelanxingchen0574.fang.com/
Logger:2020-03-17 00:53:34.214602 https://ninghai.newhouse.fang.com/house/s/b93/
Logger:2020-03-17 00:53:37.605573 https://ninghai.newhouse.fang.com/house/s/b94/
Logger:2020-03-17 00:53:41.338543 https://ninghai.newhouse.fang.com/house/s/b95/
