Logger:2020-03-16 12:01:46.922026 https://ningxiang.newhouse.fang.com/house/s/b91/
Logger:2020-03-16 12:01:47.184320 https://ludizhongyanghuayuanningxiang.fang.com/
Logger:2020-03-16 12:01:48.893745 https://ningxiang.newhouse.fang.com/house/2726246264.htm
Logger:2020-03-16 12:01:49.171020 https://flmmd.fang.com/
Logger:2020-03-16 12:01:53.439548 https://ningxiang.newhouse.fang.com/house/2726246286.htm
Logger:2020-03-16 12:01:57.404984 https://ningxiang.newhouse.fang.com/house/2726246352.htm
Logger:2020-03-16 12:01:57.647334 https://xflningxiang.fang.com/
Logger:2020-03-16 12:01:57.903642 https://lanyueguyuyuanguojishanzhuangningxiang.fang.com/
Logger:2020-03-16 12:01:58.223749 https://jinsexiaweiyiningxiang.fang.com/
Logger:2020-03-16 12:01:58.483056 https://flmmj.fang.com/
Logger:2020-03-16 12:01:58.744357 https://meidigbf.fang.com/
Logger:2020-03-16 12:01:59.016628 https://ningxianglansegangwanningxiang.fang.com/
Logger:2020-03-16 12:01:59.334777 https://zhengyuanshangfengshangshuiningxiang.fang.com/
Logger:2020-03-16 12:02:01.217777 https://ningxiang.newhouse.fang.com/house/2726246266.htm
Logger:2020-03-16 12:02:03.604355 https://ningxiang.newhouse.fang.com/house/2726246350.htm
Logger:2020-03-16 12:02:07.356362 https://ningxiang.newhouse.fang.com/house/2726246284.htm
Logger:2020-03-16 12:02:07.576770 https://hengdaguojiguangchang.fang.com/
Logger:2020-03-16 12:02:12.949375 https://ningxiang.newhouse.fang.com/house/2726246298.htm
Logger:2020-03-16 12:02:18.083621 https://ningxiang.newhouse.fang.com/house/2726246302.htm
Logger:2020-03-16 12:02:18.337973 https://mingzhujinshawan.fang.com/
Logger:2020-03-16 12:02:18.574350 https://tianqibaichaohuiningxiang.fang.com/
Logger:2020-03-16 12:02:22.409092 https://ningxiang.newhouse.fang.com/house/s/b92/
Logger:2020-03-16 12:02:25.684331 https://ningxiang.newhouse.fang.com/house/2726246366.htm
Logger:2020-03-16 12:02:28.693239 https://ningxiang.newhouse.fang.com/house/2726246344.htm
Logger:2020-03-16 12:02:31.377059 https://ningxiang.newhouse.fang.com/house/2726246364.htm
Logger:2020-03-16 12:02:34.869715 https://ningxiang.newhouse.fang.com/house/2726246296.htm
Logger:2020-03-16 12:02:38.039272 https://ningxiang.newhouse.fang.com/house/2726246354.htm
Logger:2020-03-16 12:02:38.313503 https://biguiyuanshanhuchengningxiang.fang.com/
Logger:2020-03-16 12:02:39.881339 https://ningxiang.newhouse.fang.com/house/2726207806.htm
Logger:2020-03-16 12:02:40.144605 https://zhaojijunchengningxiang.fang.com/
Logger:2020-03-16 12:02:40.411889 https://biguiyuanshanshuitaoyuanningxiang.fang.com/
Logger:2020-03-16 12:02:42.868318 https://ningxiang.newhouse.fang.com/house/2726246306.htm
Logger:2020-03-16 12:02:46.018935 https://yajuleyiyunxiaozhenningxiang.fang.com/
Logger:2020-03-16 12:02:47.281555 https://ningxiang.newhouse.fang.com/house/2726246304.htm
Logger:2020-03-16 12:02:48.945098 https://ningxiang.newhouse.fang.com/house/2726246290.htm
Logger:2020-03-16 12:02:49.728965 https://ningxiang.newhouse.fang.com/house/2726246300.htm
Logger:2020-03-16 12:02:50.524835 https://ningxiang.newhouse.fang.com/house/2726246368.htm
Logger:2020-03-16 12:02:50.736308 https://jinrongjiezhongyanglingyuningxiang.fang.com/
Logger:2020-03-16 12:02:51.711703 https://ningxiang.newhouse.fang.com/house/2726246356.htm
Logger:2020-03-16 12:02:52.522491 https://guanshanyipinningxiang.fang.com/
Logger:2020-03-16 12:02:53.378244 https://ningxiang.newhouse.fang.com/house/2726246242.htm
Logger:2020-03-16 12:02:54.460307 https://ningxiang.newhouse.fang.com/house/2726246288.htm
Logger:2020-03-16 12:02:58.009855 https://ningxiang.newhouse.fang.com/house/s/b93/
Logger:2020-03-16 12:02:58.954323 https://ningxiang.newhouse.fang.com/house/2726246278.htm
Logger:2020-03-16 12:02:59.726221 https://ningxiang.newhouse.fang.com/house/2726246268.htm
Logger:2020-03-16 12:03:00.776455 https://ningxiang.newhouse.fang.com/house/2726246236.htm
Logger:2020-03-16 12:03:01.012778 https://zhongbofuguishijianingxiang.fang.com/
Logger:2020-03-16 12:03:02.100868 https://ningxiang.newhouse.fang.com/house/2726246280.htm
Logger:2020-03-16 12:03:03.233875 https://ningxiang.newhouse.fang.com/house/2726246292.htm
Logger:2020-03-16 12:03:04.246129 https://ningxiang.newhouse.fang.com/house/2726246308.htm
Logger:2020-03-16 12:03:05.031067 https://ningxiang.newhouse.fang.com/house/2726246346.htm
Logger:2020-03-16 12:03:05.791994 https://ningxiang.newhouse.fang.com/house/2726246294.htm
Logger:2020-03-16 12:03:06.740471 https://ningxiang.newhouse.fang.com/house/2726246340.htm
Logger:2020-03-16 12:03:07.625134 https://ningxiang.newhouse.fang.com/house/2726246254.htm
Logger:2020-03-16 12:03:08.374089 https://ningxiang.newhouse.fang.com/house/2726246252.htm
Logger:2020-03-16 12:03:09.636746 https://xiaochengnanguoshuixiangningxiang.fang.com/
Logger:2020-03-16 12:03:10.341865 https://ningxiang.newhouse.fang.com/house/2726246362.htm
Logger:2020-03-16 12:03:11.083837 https://ningxiang.newhouse.fang.com/house/2726246276.htm
Logger:2020-03-16 12:03:11.318210 https://lshsyj.fang.com/
Logger:2020-03-16 12:03:12.131036 https://ningxiang.newhouse.fang.com/house/2726246240.htm
Logger:2020-03-16 12:03:13.495419 https://ningxiang.newhouse.fang.com/house/2726246272.htm
Logger:2020-03-16 12:03:14.201539 https://ningxiang.newhouse.fang.com/house/2726246244.htm
Logger:2020-03-16 12:03:14.831854 https://ningxiang.newhouse.fang.com/house/2726246256.htm
Logger:2020-03-16 12:03:18.437166 https://ningxiang.newhouse.fang.com/house/s/b94/
Logger:2020-03-16 12:03:19.312863 https://ningxiang.newhouse.fang.com/house/2726246234.htm
Logger:2020-03-16 12:03:19.594071 https://miaoshengguojiqiyefuhuagang.fang.com/
Logger:2020-03-16 12:03:19.883297 https://longxiwenquanzhuangyuanningxiang.fang.com/
Logger:2020-03-16 12:03:20.671235 https://ningxiang.newhouse.fang.com/house/2726246348.htm
Logger:2020-03-16 12:03:21.372356 https://ningxiang.newhouse.fang.com/house/2726246246.htm
Logger:2020-03-16 12:03:22.618979 https://ningxiang.newhouse.fang.com/house/2726246270.htm
Logger:2020-03-16 12:03:23.565489 https://ningxiang.newhouse.fang.com/house/2726246250.htm
Logger:2020-03-16 12:03:24.622619 https://ningxiang.newhouse.fang.com/house/2726246342.htm
Logger:2020-03-16 12:03:25.570084 https://ningxiang.newhouse.fang.com/house/2726246360.htm
Logger:2020-03-16 12:03:26.239337 https://ningxiang.newhouse.fang.com/house/2726246238.htm
Logger:2020-03-16 12:03:27.028183 https://ningxiang.newhouse.fang.com/house/2726246282.htm
Logger:2020-03-16 12:03:27.965756 https://ningxiang.newhouse.fang.com/house/2726246248.htm
Logger:2020-03-16 12:03:28.696758 https://ningxiang.newhouse.fang.com/house/2726246258.htm
Logger:2020-03-16 12:03:32.175414 https://ningxiang.newhouse.fang.com/house/s/b95/
Logger:2020-03-16 12:03:35.645174 https://ningxiang.newhouse.fang.com/house/s/b96/
Logger:2020-03-16 12:03:39.551723 https://ningxiang.newhouse.fang.com/house/s/b97/
