Logger:2020-03-15 23:34:02.509732 https://ningde.newhouse.fang.com/house/s/b91/
Logger:2020-03-15 23:34:02.825479 https://jftxxy.fang.com/?from=xflist_xfgg
Logger:2020-03-15 23:34:03.162615 https://nddsgc.fang.com/
Logger:2020-03-15 23:34:03.564081 https://biguiyuantianyuewan.fang.com/
Logger:2020-03-15 23:34:04.014391 https://smccyc.fang.com/
Logger:2020-03-15 23:34:04.344741 https://fasmys.fang.com/
Logger:2020-03-15 23:34:04.699443 https://fudingbaolongshijia.fang.com/
Logger:2020-03-15 23:34:05.246970 https://fdhdwlc.fang.com/
Logger:2020-03-15 23:34:07.016951 https://fdjtyheq.fang.com/
Logger:2020-03-15 23:34:07.350732 https://fdjtgh.fang.com/
Logger:2020-03-15 23:34:07.772290 https://tianxingwananyuan.fang.com/
Logger:2020-03-15 23:34:08.262499 https://shitongxiandaichengnd.fang.com/
Logger:2020-03-15 23:34:08.658426 https://jinhemingyueyaju.fang.com/
Logger:2020-03-15 23:34:09.145285 https://fsgbms.fang.com/
Logger:2020-03-15 23:34:10.831320 https://ndhlyhf.fang.com/
Logger:2020-03-15 23:34:13.116773 https://ndyjw.fang.com/
Logger:2020-03-15 23:34:13.466392 https://tianhumingyuelc.fang.com/
Logger:2020-03-15 23:34:13.861231 https://sanshengpuyueshanhe.fang.com/
Logger:2020-03-15 23:34:14.245543 https://ndbgytj.fang.com/
Logger:2020-03-15 23:34:16.105589 https://ningde.newhouse.fang.com/house/2220173112.htm
Logger:2020-03-15 23:34:16.563359 https://fabgytx.fang.com/
Logger:2020-03-15 23:34:20.481668 https://ningde.newhouse.fang.com/house/s/b92/
Logger:2020-03-15 23:34:20.768840 https://lwjmgc.fang.com/
Logger:2020-03-15 23:34:21.177451 https://youhejiayuan0593.fang.com/
Logger:2020-03-15 23:34:21.525558 https://mfxyl.fang.com/
Logger:2020-03-15 23:34:21.897587 https://fajhwfyj.fang.com/
Logger:2020-03-15 23:34:22.248615 https://fabyqqw.fang.com/
Logger:2020-03-15 23:34:22.660487 https://fdzlbyc.fang.com/
Logger:2020-03-15 23:34:22.997586 https://nddrsj.fang.com/
Logger:2020-03-15 23:34:23.347995 https://lvchengtianhumingyue.fang.com/2/
Logger:2020-03-15 23:34:23.679619 https://fuanbiguiyuan.fang.com/
Logger:2020-03-15 23:34:24.160397 https://shibangsanqianfu.fang.com/
Logger:2020-03-15 23:34:24.515383 https://fuanshimaoyunxi.fang.com/
Logger:2020-03-15 23:34:24.860498 https://tianrunzijinjun.fang.com/
Logger:2020-03-15 23:34:25.177005 https://biguiyuannd.fang.com/
Logger:2020-03-15 23:34:25.596061 https://xpzlyhy.fang.com/
Logger:2020-03-15 23:34:25.942102 https://hairunxiangkaiguanhai.fang.com/
Logger:2020-03-15 23:34:27.892778 https://ruishengzhongyanggongyuan.fang.com/
Logger:2020-03-15 23:34:28.224889 https://fuanzhongbaofuchunjiangnan.fang.com/
Logger:2020-03-15 23:34:28.552015 https://xiapuhuichuanfu.fang.com/
Logger:2020-03-15 23:34:28.979967 https://funingdaoyihao.fang.com/
Logger:2020-03-15 23:34:29.318098 https://lonheqizuond.fang.com/
Logger:2020-03-15 23:34:33.027683 https://ningde.newhouse.fang.com/house/s/b93/
Logger:2020-03-15 23:34:35.498496 https://faslhz.fang.com/
Logger:2020-03-15 23:34:35.912311 https://jingdashengshihuating.fang.com/
Logger:2020-03-15 23:34:40.357806 https://duofuandamingshu.fang.com/
Logger:2020-03-15 23:34:40.707393 https://zhonghetongjiangjingting.fang.com/
Logger:2020-03-15 23:34:41.030534 https://znztssht.fang.com/
Logger:2020-03-15 23:34:41.423515 https://fushengqianlonshoufu.fang.com/
Logger:2020-03-15 23:34:41.746953 https://zjzygyfuan.fang.com/
Logger:2020-03-15 23:34:42.073721 https://pnhxtx.fang.com/
Logger:2020-03-15 23:34:42.390400 https://lijingshuixiang.fang.com/
Logger:2020-03-15 23:34:44.157653 https://xphsc.fang.com/
Logger:2020-03-15 23:34:46.562573 https://gtsspysh.fang.com/
Logger:2020-03-15 23:34:48.759033 https://ndaqhgwgy.fang.com/
Logger:2020-03-15 23:34:49.072788 https://ndxfjysq.fang.com/
Logger:2020-03-15 23:34:50.825188 https://yihaogongguanfd.fang.com/
Logger:2020-03-15 23:34:51.128943 https://hyhdfuan.fang.com/
Logger:2020-03-15 23:34:51.474788 https://xpjyyc.fang.com/
Logger:2020-03-15 23:34:51.741080 https://zrysyhy.fang.com/
Logger:2020-03-15 23:34:52.139815 https://hxctcfuan.fang.com/
Logger:2020-03-15 23:34:52.546236 https://mztgjnmc.fang.com/
Logger:2020-03-15 23:34:53.561556 https://fuantyss.fang.com/
Logger:2020-03-15 23:34:57.272333 https://ningde.newhouse.fang.com/house/s/b94/
Logger:2020-03-15 23:34:57.521666 https://fuanwanchengjinlanwan.fang.com/
Logger:2020-03-15 23:34:58.039299 https://fuanqyyj.fang.com/
Logger:2020-03-15 23:34:58.387989 https://fdmjjlgc.fang.com/
Logger:2020-03-15 23:34:58.705574 https://trgjfuan.fang.com/
Logger:2020-03-15 23:35:03.040320 https://fuanjinruijiayuan.fang.com/
Logger:2020-03-15 23:35:03.369489 https://fuanjsyg.fang.com/
Logger:2020-03-15 23:35:03.721153 https://tianxingyangzhujf.fang.com/
Logger:2020-03-15 23:35:04.076202 https://ndtxmly.fang.com/
Logger:2020-03-15 23:35:04.503063 https://zrtf.fang.com/
Logger:2020-03-15 23:35:08.818778 https://ningde.newhouse.fang.com/house/2219147026.htm
Logger:2020-03-15 23:35:09.210729 https://xiapusanshengbinjiangguoji.fang.com/
Logger:2020-03-15 23:35:09.614641 https://shgjgg.fang.com/
Logger:2020-03-15 23:35:13.235876 https://ningde.newhouse.fang.com/house/s/b95/
Logger:2020-03-15 23:35:16.754603 https://ningde.newhouse.fang.com/house/s/b96/
Logger:2020-03-15 23:35:20.360026 https://ningde.newhouse.fang.com/house/s/b97/
