Logger:2020-03-16 14:49:52.458587 https://njgc.newhouse.fang.com/house/s/b91/
Logger:2020-03-16 14:49:52.729861 https://shuanghuyihaogongguanhedc.fang.com/
Logger:2020-03-16 14:49:53.054991 https://kongquechenghupanlantinggc.fang.com/
Logger:2020-03-16 14:49:53.342223 https://yajulehuayuangc.fang.com/
Logger:2020-03-16 14:49:53.654443 https://zhongnanyuyuanrc.fang.com/
Logger:2020-03-16 14:49:54.018414 https://baolongguangchanggc.fang.com/
Logger:2020-03-16 14:49:54.282748 https://yishugchjm.fang.com/
Logger:2020-03-16 14:49:54.614818 https://pinglanfu.fang.com/
Logger:2020-03-16 14:49:54.969868 https://shaugnhuxingcheng.fang.com/
Logger:2020-03-16 14:49:55.250118 https://qianshuiwanzy025.fang.com/
Logger:2020-03-16 14:49:55.553308 https://longhaofcxc.fang.com/
Logger:2020-03-16 14:49:58.125464 https://shuangfujiayuangc.fang.com/
Logger:2020-03-16 14:50:00.223812 https://jinghefuhlb.fang.com/
Logger:2020-03-16 14:50:00.540965 https://haiershyhgggc.fang.com/
Logger:2020-03-16 14:50:00.864140 https://wanyuechenggc.fang.com/
Logger:2020-03-16 14:50:01.134378 https://meilinxiangyihuayuan.fang.com/
Logger:2020-03-16 14:50:01.484441 https://feicuixingchenglh.fang.com/
Logger:2020-03-16 14:50:01.750773 https://gchuayangnina.fang.com/
Logger:2020-03-16 14:50:02.034015 https://yajulehuayuang.fang.com/
Logger:2020-03-16 14:50:02.294311 https://wanjiaguangchangzh.fang.com/
Logger:2020-03-16 14:50:02.565590 https://dongfangmanyuangc.fang.com/
Logger:2020-03-16 14:50:06.320538 https://njgc.newhouse.fang.com/house/s/b92/
Logger:2020-03-16 14:50:07.533324 https://fuyuanmingjugc.fang.com/
Logger:2020-03-16 14:50:07.822519 https://hubinyipinyuangc.fang.com/
Logger:2020-03-16 14:50:08.083786 https://chengshijiequgc025.fang.com/
Logger:2020-03-16 14:50:14.353017 https://jinghumingdugc025.fang.com/
Logger:2020-03-16 14:50:18.002297 https://njgc.newhouse.fang.com/house/s/b93/
Logger:2020-03-16 14:50:21.580723 https://njgc.newhouse.fang.com/house/s/b94/
Logger:2020-03-16 14:50:25.430382 https://njgc.newhouse.fang.com/house/s/b95/
