Logger:2020-03-16 16:37:59.548144 https://nm.newhouse.fang.com/house/s/b91/
Logger:2020-03-16 16:37:59.978690 https://biguiyuanhhht.fang.com/
Logger:2020-03-16 16:38:01.971882 https://shangyuejufl0471.fang.com/
Logger:2020-03-16 16:38:02.369690 https://lvchengrunyuan.fang.com/
Logger:2020-03-16 16:38:02.783615 https://jindimingjing0471.fang.com/
Logger:2020-03-16 16:38:03.165562 https://runfu.fang.com/
Logger:2020-03-16 16:38:03.517615 https://feicuihuating0471.fang.com/
Logger:2020-03-16 16:38:05.898379 https://hhhthtysg.fang.com/
Logger:2020-03-16 16:38:06.262341 https://zhonghaiboyuefu0471.fang.com/
Logger:2020-03-16 16:38:06.652626 https://zhongduozhongxin.fang.com/
Logger:2020-03-16 16:38:07.123699 https://hhhthdc.fang.com/
Logger:2020-03-16 16:38:07.558053 https://qiushixueyuanli.fang.com/
Logger:2020-03-16 16:38:07.984912 https://hanhaiyihaorc.fang.com/
Logger:2020-03-16 16:38:08.375452 https://zuoyoucheng0471.fang.com/
Logger:2020-03-16 16:38:08.701270 https://yayuanxhl.fang.com/
Logger:2020-03-16 16:38:09.098184 https://yujinghuating0471.fang.com/
Logger:2020-03-16 16:38:11.288506 https://jiangshanfenghuajd0471.fang.com/
Logger:2020-03-16 16:38:11.624606 https://tianfujiuxifu.fang.com/
Logger:2020-03-16 16:38:11.994616 https://fulihuating0471.fang.com/
Logger:2020-03-16 16:38:12.424636 https://dongheshangdeyuanzi.fang.com/
Logger:2020-03-16 16:38:13.382065 https://yilishengtaicheng0471.fang.com/
Logger:2020-03-16 16:38:17.661096 https://nm.newhouse.fang.com/house/s/b92/
Logger:2020-03-16 16:38:18.001233 https://zhongshixiyuefu.fang.com/
Logger:2020-03-16 16:38:18.982068 https://hejingmingdou.fang.com/
Logger:2020-03-16 16:38:19.380074 https://zexinqingcheng.fang.com/
Logger:2020-03-16 16:38:19.758547 https://rongchuangpenghuiyulantianchen.fang.com/
Logger:2020-03-16 16:38:20.155010 https://xianglinjun0471.fang.com/
Logger:2020-03-16 16:38:20.528160 https://yujinghuayuan0471.fang.com/
Logger:2020-03-16 16:38:20.895179 https://dingshenghuafu.fang.com/
Logger:2020-03-16 16:38:24.288346 https://jinrongxiaozhenhd.fang.com/
Logger:2020-03-16 16:38:24.704983 https://yinxiangxinchengsst.fang.com/
Logger:2020-03-16 16:38:25.050541 https://qingcuiythf.fang.com/
Logger:2020-03-16 16:38:25.387628 https://nuodelongwanzhongtie.fang.com/
Logger:2020-03-16 16:38:25.862369 https://huafujiayuan0471.fang.com/
Logger:2020-03-16 16:38:26.229255 https://zhenhuaguangchang0471.fang.com/
Logger:2020-03-16 16:38:26.571169 https://yushuxiangyc.fang.com/
Logger:2020-03-16 16:38:26.923756 https://ronghuahuijh.fang.com/
Logger:2020-03-16 16:38:27.342667 https://tianxichengfl0471.fang.com/
Logger:2020-03-16 16:38:27.683724 https://shengshiguoji.fang.com/
Logger:2020-03-16 16:38:28.050578 https://jinyuezhongxin.fang.com/
Logger:2020-03-16 16:38:28.404261 https://157527.fang.com/
Logger:2020-03-16 16:38:28.823140 https://shangshufang0471.fang.com/
Logger:2020-03-16 16:38:32.747836 https://nm.newhouse.fang.com/house/s/b93/
Logger:2020-03-16 16:38:33.107938 https://shuianxinchao.fang.com/
Logger:2020-03-16 16:38:33.488441 https://xintiandijy.fang.com/
Logger:2020-03-16 16:38:35.825026 https://huashengxiaozhenhl.fang.com/
Logger:2020-03-16 16:38:36.154144 https://jinyouchengpx.fang.com/
Logger:2020-03-16 16:38:36.492239 https://chengfalvyuan.fang.com/
Logger:2020-03-16 16:38:36.935660 https://shunhemancheng.fang.com/
Logger:2020-03-16 16:38:37.328457 https://hhhtxsdfy.fang.com/
Logger:2020-03-16 16:38:37.683685 https://shengjingxincheng0471.fang.com/
Logger:2020-03-16 16:38:38.138446 https://yuantaihanfu.fang.com/
Logger:2020-03-16 16:38:38.553334 https://xiangbinmeijing.fang.com/
Logger:2020-03-16 16:38:38.950037 https://xiangshuhuachengld0471.fang.com/
Logger:2020-03-16 16:38:39.417813 https://donghewanxt.fang.com/
Logger:2020-03-16 16:38:39.877554 https://jiudugongguan0471.fang.com/
Logger:2020-03-16 16:38:40.236561 https://shangdongguojizj.fang.com/
Logger:2020-03-16 16:38:40.599518 https://wanjinyunxi.fang.com/
Logger:2020-03-16 16:38:41.043524 https://huarunzhidixinfuli.fang.com/
Logger:2020-03-16 16:38:43.229489 https://rongchengbaihuijhsjc.fang.com/
Logger:2020-03-16 16:38:43.570559 https://dingshengguoji0471.fang.com/
Logger:2020-03-16 16:38:44.000444 https://hetangyuese0471.fang.com/
Logger:2020-03-16 16:38:44.377158 https://wanjinshuiyuntian.fang.com/
Logger:2020-03-16 16:38:48.100160 https://nm.newhouse.fang.com/house/s/b94/
Logger:2020-03-16 16:38:48.458846 https://xinhuamingzuo.fang.com/
Logger:2020-03-16 16:38:48.904322 https://yangguangyiju0471.fang.com/
Logger:2020-03-16 16:38:51.429126 https://shijichengjh0471.fang.com/
Logger:2020-03-16 16:38:51.868122 https://xingongguan.fang.com/
Logger:2020-03-16 16:38:52.320911 https://sijixiaozhen.fang.com/
Logger:2020-03-16 16:38:52.680950 https://wanjinguanyue.fang.com/
Logger:2020-03-16 16:38:53.047967 https://yindufudi.fang.com/
Logger:2020-03-16 16:38:53.434972 https://huiguzhenyuan.fang.com/
Logger:2020-03-16 16:38:53.863985 https://keyushijiyuan2.fang.com/
Logger:2020-03-16 16:38:57.798209 https://yangguangtiandi0471.fang.com/
Logger:2020-03-16 16:38:58.116970 https://taohuadao0471.fang.com/
Logger:2020-03-16 16:38:58.542557 https://chuanglianlvchengjiuyuefu.fang.com/
Logger:2020-03-16 16:38:58.897116 https://guanshanyue0471.fang.com/
Logger:2020-03-16 16:38:59.258149 https://yongtaicheng0471.fang.com/
Logger:2020-03-16 16:38:59.658660 https://gushuyun.fang.com/
Logger:2020-03-16 16:39:00.169003 https://haidongmancheng0471.fang.com/
Logger:2020-03-16 16:39:00.677667 https://shijichenghexieyuanjh.fang.com/2/
Logger:2020-03-16 16:39:01.034687 https://shijiechengwd.fang.com/
Logger:2020-03-16 16:39:01.490508 https://ldzc0471.fang.com/
Logger:2020-03-16 16:39:01.838812 https://fanghengshangyufu.fang.com/
Logger:2020-03-16 16:39:05.840268 https://nm.newhouse.fang.com/house/s/b95/
Logger:2020-03-16 16:39:06.175383 https://jingangxiaoqu0471.fang.com/
Logger:2020-03-16 16:39:06.611205 https://huafushijiayt0471.fang.com/
Logger:2020-03-16 16:39:08.664680 https://dongfangguojicheng.fang.com/
Logger:2020-03-16 16:39:09.105005 https://shuimunianhua0471.fang.com/2/
Logger:2020-03-16 16:39:11.322634 https://huafuyunxiyt.fang.com/
Logger:2020-03-16 16:39:12.851607 https://jinyuxingcheng.fang.com/
Logger:2020-03-16 16:39:13.850759 https://hailiangmingmen.fang.com/
Logger:2020-03-16 16:39:14.552565 https://guojihuayuanfg.fang.com/
Logger:2020-03-16 16:39:15.338629 https://yunzhongyipin.fang.com/
Logger:2020-03-16 16:39:15.860113 https://shangxue.fang.com/
Logger:2020-03-16 16:39:16.303903 https://caoyuanxiaweiyi.fang.com/
Logger:2020-03-16 16:39:18.473023 https://yuyuan0471.fang.com/
Logger:2020-03-16 16:39:18.884025 https://nanluyazhu.fang.com/
Logger:2020-03-16 16:39:21.437972 https://guanglongyuan.fang.com/
Logger:2020-03-16 16:39:21.874375 https://huamaomingju.fang.com/
Logger:2020-03-16 16:39:22.280293 https://wenlanxuefuylc.fang.com/
Logger:2020-03-16 16:39:22.680192 https://lichengminimall.fang.com/
Logger:2020-03-16 16:39:24.648301 https://xinheyinzuo.fang.com/
Logger:2020-03-16 16:39:27.635112 https://dongmallzhongxinfh.fang.com/
Logger:2020-03-16 16:39:28.011105 https://diegongguan0471.fang.com/
Logger:2020-03-16 16:39:33.449933 https://nm.newhouse.fang.com/house/s/b96/
Logger:2020-03-16 16:39:35.851301 https://hongfanqu0471.fang.com/
Logger:2020-03-16 16:39:36.232437 https://fulichenghhht.fang.com/
Logger:2020-03-16 16:39:36.584007 https://donganguoji.fang.com/
Logger:2020-03-16 16:39:36.960998 https://maidixunhuayuan.fang.com/2/
Logger:2020-03-16 16:39:37.359930 https://juhaicheng.fang.com/
Logger:2020-03-16 16:39:37.777831 https://huiminquwandaguangchanghhht.fang.com/
Logger:2020-03-16 16:39:38.155623 https://shuianxiaozhenwuqu.fang.com/
Logger:2020-03-16 16:39:38.485740 https://ruyiwanys.fang.com/
Logger:2020-03-16 16:39:38.877694 https://yungushuian.fang.com/
Logger:2020-03-16 16:39:39.247509 https://jinniuzuocf.fang.com/
Logger:2020-03-16 16:39:39.634810 https://kunyuanmingju.fang.com/
Logger:2020-03-16 16:39:40.064660 https://chengshiguiguan0471.fang.com/
Logger:2020-03-16 16:39:40.402755 https://daaiguoji.fang.com/
Logger:2020-03-16 16:39:40.743384 https://zhixingguangchangqs.fang.com/
Logger:2020-03-16 16:39:41.069069 https://guojishangmaochengxd.fang.com/
Logger:2020-03-16 16:39:41.478599 https://yulongwanzh.fang.com/
Logger:2020-03-16 16:39:41.878509 https://shaerqinxinqu.fang.com/1/
Logger:2020-03-16 16:39:42.239544 https://teijihuafu.fang.com/
Logger:2020-03-16 16:39:42.604511 https://taoranxiang.fang.com/
Logger:2020-03-16 16:39:45.003465 https://yunzhongyipin2.fang.com/
Logger:2020-03-16 16:39:49.100769 https://nm.newhouse.fang.com/house/s/b97/
Logger:2020-03-16 16:39:50.851787 https://junengaodong.fang.com/
Logger:2020-03-16 16:39:51.309533 https://wutonggongguan0471.fang.com/
Logger:2020-03-16 16:39:51.672567 https://dadongxincheng.fang.com/
Logger:2020-03-16 16:39:52.716857 https://panjiyuan.fang.com/
Logger:2020-03-16 16:39:53.310308 https://fanghengguangchangtw.fang.com/
Logger:2020-03-16 16:39:53.814137 https://lvmengguotaiguangchang.fang.com/
Logger:2020-03-16 16:39:54.161787 https://shuijingcheng0471.fang.com/
Logger:2020-03-16 16:39:54.534357 https://wanshengjiayuan0471.fang.com/
Logger:2020-03-16 16:39:54.886446 https://jinlanwan0471.fang.com/
Logger:2020-03-16 16:39:55.304297 https://boerdunguangchang.fang.com/
Logger:2020-03-16 16:39:55.653566 https://ziyouli.fang.com/
Logger:2020-03-16 16:39:58.068809 https://jinchuanguoji0471.fang.com/
Logger:2020-03-16 16:39:58.498607 https://jiahejiuhao.fang.com/
Logger:2020-03-16 16:39:58.862638 https://tengfeidashald.fang.com/
Logger:2020-03-16 16:39:59.233678 https://lingyu0471.fang.com/
Logger:2020-03-16 16:39:59.632644 https://jinyibaifusiji.fang.com/
Logger:2020-03-16 16:40:00.069026 https://htbj.fang.com/
Logger:2020-03-16 16:40:03.286017 https://zijingshu.fang.com/
Logger:2020-03-16 16:40:03.688918 https://qinqinshangcheng.fang.com/
Logger:2020-03-16 16:40:04.087839 https://shuianqingcheng0471.fang.com/
Logger:2020-03-16 16:40:08.474587 https://nm.newhouse.fang.com/house/s/b98/
Logger:2020-03-16 16:40:08.902513 https://ziyouduty.fang.com/
Logger:2020-03-16 16:40:14.557413 https://taoranyaju.fang.com/
Logger:2020-03-16 16:40:14.931328 https://chengpinjianzhu0471.fang.com/
Logger:2020-03-16 16:40:15.364184 https://lanjue.fang.com/
Logger:2020-03-16 16:40:15.785042 https://xinjiayuanqjht.fang.com/
Logger:2020-03-16 16:40:16.192978 https://nailunguoji.fang.com/
Logger:2020-03-16 16:40:16.604853 https://huameichuangkegongyuan.fang.com/
Logger:2020-03-16 16:40:17.001356 https://wenquanshangu0471.fang.com/
Logger:2020-03-16 16:40:18.757120 https://jinkunhuayuan0471.fang.com/
Logger:2020-03-16 16:40:20.200973 https://xinlingyuxh.fang.com/
Logger:2020-03-16 16:40:20.782198 https://157525.fang.com/
Logger:2020-03-16 16:40:21.145227 https://ligangchengjy.fang.com/
Logger:2020-03-16 16:40:21.554737 https://zongbujidiwm.fang.com/
Logger:2020-03-16 16:40:23.812677 https://yikegongyuan2010.fang.com/
Logger:2020-03-16 16:40:25.248875 https://jinrongshijia0471.fang.com/
Logger:2020-03-16 16:40:25.954787 https://zhuoyuanchanglesoho.fang.com/
Logger:2020-03-16 16:40:26.539213 https://xiangxielangyu.fang.com/
Logger:2020-03-16 16:40:27.040137 https://zhuoyuexincheng.fang.com/
Logger:2020-03-16 16:40:27.413215 https://zhonghuiguoji0471.fang.com/
Logger:2020-03-16 16:40:27.790178 https://jinyuhuanqiuzhongxin.fang.com/
Logger:2020-03-16 16:40:33.435718 https://nm.newhouse.fang.com/house/s/b99/
Logger:2020-03-16 16:40:36.096125 https://zhihaidashalvdi0471.fang.com/
Logger:2020-03-16 16:40:39.591922 https://haowangjiao0471.fang.com/
Logger:2020-03-16 16:40:42.935699 https://baijumingyuan.fang.com/
Logger:2020-03-16 16:40:43.303676 https://jhgjwjjdc.fang.com/
Logger:2020-03-16 16:40:45.004369 https://greenmomasdzx.fang.com/
Logger:2020-03-16 16:40:47.435824 https://fengrunyihao.fang.com/
Logger:2020-03-16 16:40:47.795479 https://shuianxiaozhen.fang.com/
Logger:2020-03-16 16:40:48.254994 https://kaixinguojh.fang.com/
Logger:2020-03-16 16:40:48.616022 https://bodihuayuan.fang.com/
Logger:2020-03-16 16:40:48.991646 https://bilongjiangpan.fang.com/
Logger:2020-03-16 16:40:49.340046 https://shijiqingcheng.fang.com/
Logger:2020-03-16 16:40:49.738965 https://yunzhouxifu.fang.com/
Logger:2020-03-16 16:40:50.034174 https://jintaizhongxin.fang.com/
Logger:2020-03-16 16:40:50.382242 https://jinchengbaihe.fang.com/
Logger:2020-03-16 16:40:50.862451 https://qingxijing.fang.com/
Logger:2020-03-16 16:40:51.238456 https://xuefulingdi.fang.com/
Logger:2020-03-16 16:40:51.598966 https://tianjianchengbgfg0471.fang.com/
Logger:2020-03-16 16:40:52.029713 https://linhejinchuanxintiandi.fang.com/
Logger:2020-03-16 16:40:53.352981 https://guanfengxinjiayuan.fang.com/
Logger:2020-03-16 16:40:57.620393 https://wanzhengguangchang.fang.com/
Logger:2020-03-16 16:41:01.948651 https://nm.newhouse.fang.com/house/s/b910/
Logger:2020-03-16 16:41:04.141744 https://kunheshangyu.fang.com/
Logger:2020-03-16 16:41:05.986987 https://jubaodasha20471.fang.com/
Logger:2020-03-16 16:41:06.305169 https://shuirunjiayuan0471.fang.com/
Logger:2020-03-16 16:41:06.615304 https://jinhewanyinzuo.fang.com/
Logger:2020-03-16 16:41:07.015804 https://taihemingshengxiamenwan.fang.com/
Logger:2020-03-16 16:41:07.365797 https://zhengdaguangchang0471.fang.com/
Logger:2020-03-16 16:41:07.677992 https://taihelingyu.fang.com/
Logger:2020-03-16 16:41:08.001803 https://shangmaochengyf.fang.com/
Logger:2020-03-16 16:41:08.394004 https://guojiqipeichenghm.fang.com/
Logger:2020-03-16 16:41:08.724094 https://langyigongguan.fang.com/
Logger:2020-03-16 16:41:09.072199 https://825407.fang.com/
Logger:2020-03-16 16:41:09.410870 https://jinmaozhongxin0471.fang.com/
Logger:2020-03-16 16:41:13.068450 https://guangshengjiayuan0471.fang.com/
Logger:2020-03-16 16:41:15.533654 https://jinhuaxuefu.fang.com/
Logger:2020-03-16 16:41:16.219855 https://minigongguan0471.fang.com/
Logger:2020-03-16 16:41:16.589523 https://jinfeiliguangchangft.fang.com/
Logger:2020-03-16 16:41:17.000559 https://siweidengkuanyu.fang.com/
Logger:2020-03-16 16:41:19.043346 https://diwudadao0471.fang.com/
Logger:2020-03-16 16:41:19.403008 https://haoxinguangchang0471.fang.com/
Logger:2020-03-16 16:41:22.890030 https://jinhaiyizhongxin.fang.com/
Logger:2020-03-16 16:41:28.831560 https://nm.newhouse.fang.com/house/s/b911/
Logger:2020-03-16 16:41:29.975438 https://tianmamall.fang.com/
Logger:2020-03-16 16:41:30.303518 https://yixinguomaodasha.fang.com/
Logger:2020-03-16 16:41:32.737649 https://ditanjingjizongbudasha.fang.com/
Logger:2020-03-16 16:41:33.154119 https://hailiangguangchang.fang.com/2/
Logger:2020-03-16 16:41:33.530912 https://ruyishangjie.fang.com/
Logger:2020-03-16 16:41:38.555002 https://kaiyuanxiezilou.fang.com/
Logger:2020-03-16 16:41:39.545603 https://hailiangyulecheng.fang.com/
Logger:2020-03-16 16:41:43.240883 https://nm.newhouse.fang.com/house/s/b912/
Logger:2020-03-16 16:41:46.828201 https://nm.newhouse.fang.com/house/s/b913/
Logger:2020-03-16 16:41:50.373060 https://nm.newhouse.fang.com/house/s/b914/
