Logger:2020-03-16 01:13:49.616021 https://nn.newhouse.fang.com/house/s/b91/
Logger:2020-03-16 01:13:49.866175 https://guangyuanhuafu.fang.com/
Logger:2020-03-16 01:13:50.162437 https://jiulonghuafulg.fang.com/
Logger:2020-03-16 01:13:50.428666 https://jiangongcheng.fang.com/
Logger:2020-03-16 01:13:52.556615 https://jinyuejiangnan.fang.com/
Logger:2020-03-16 01:13:52.809970 https://hengdahuafunn.fang.com/
Logger:2020-03-16 01:13:54.200609 https://zhonghaijiuxi.fang.com/
Logger:2020-03-16 01:13:54.465754 https://gongyuanjiarinnzd.fang.com/
Logger:2020-03-16 01:13:54.746975 https://banshanhuafurh.fang.com/
Logger:2020-03-16 01:13:55.043743 https://haluoxuefuzh.fang.com/
Logger:2020-03-16 01:13:55.309694 https://linjiaguangchangwn.fang.com/
Logger:2020-03-16 01:13:55.559246 https://yuejunfenghuaxc.fang.com/
Logger:2020-03-16 01:13:55.840451 https://dadujun.fang.com/
Logger:2020-03-16 01:13:56.178415 https://anjishanyuchengzgtj.fang.com/
Logger:2020-03-16 01:13:56.459903 https://chunfengnananzn0771.fang.com/
Logger:2020-03-16 01:13:56.740738 https://shiliyunchangzs.fang.com/
Logger:2020-03-16 01:13:57.022388 https://guanjiangtaihj.fang.com/
Logger:2020-03-16 01:13:57.334424 https://jiangshanjingyuanygc.fang.com/
Logger:2020-03-16 01:13:57.584794 https://dadugongguan.fang.com/
Logger:2020-03-16 01:13:59.849906 https://fenglingyihaoyuangy.fang.com/
Logger:2020-03-16 01:14:00.130910 https://fengjingwan2.fang.com/shop/
Logger:2020-03-16 01:14:04.022665 https://nn.newhouse.fang.com/house/s/b92/
Logger:2020-03-16 01:14:04.226496 https://nanninghengdaguojizhongxin.fang.com/
Logger:2020-03-16 01:14:04.460062 https://shenghuyuejing.fang.com/
Logger:2020-03-16 01:14:04.726209 https://wandamao.fang.com/
Logger:2020-03-16 01:14:05.084946 https://yujingwanyx.fang.com/
Logger:2020-03-16 01:14:05.351025 https://lantingfuwx.fang.com/
Logger:2020-03-16 01:14:05.616038 https://jiangyuchengyh.fang.com/
Logger:2020-03-16 01:14:05.912845 https://tianjiancheng.fang.com/
Logger:2020-03-16 01:14:06.350316 https://jinjiushijiawxh.fang.com/
Logger:2020-03-16 01:14:06.602152 https://aotelaisinnsc.fang.com/
Logger:2020-03-16 01:14:06.884056 https://datangyinxiang0771.fang.com/
Logger:2020-03-16 01:14:07.180140 https://binjiangxuefuzt.fang.com/
Logger:2020-03-16 01:14:07.493285 https://guangmingchengshi0771.fang.com/
Logger:2020-03-16 01:14:07.774328 https://xiangyuesiji0771.fang.com/
Logger:2020-03-16 01:14:08.430450 https://bocuijiangshansmjk.fang.com/
Logger:2020-03-16 01:14:08.685399 https://dangdaijinyuan.fang.com/
Logger:2020-03-16 01:14:08.950951 https://jinshangcheng0771.fang.com/
Logger:2020-03-16 01:14:09.232449 https://tianchishan.fang.com/
Logger:2020-03-16 01:14:09.513323 https://yuejiangnanwk.fang.com/
Logger:2020-03-16 01:14:09.842086 https://tianlaichengjk0771.fang.com/
Logger:2020-03-16 01:14:10.076000 https://datangshengshi0771.fang.com/
Logger:2020-03-16 01:14:13.876252 https://nn.newhouse.fang.com/house/s/b93/
Logger:2020-03-16 01:14:14.108659 https://longguangtianying0771.fang.com/
Logger:2020-03-16 01:14:14.390534 https://jiulongjunlg0771.fang.com/
Logger:2020-03-16 01:14:14.733512 https://tangyueqingshan.fang.com/
Logger:2020-03-16 01:14:15.014994 https://jiuyuchenglg.fang.com/
Logger:2020-03-16 01:14:15.296190 https://kaixuan1haoshangshuiwan.fang.com/
Logger:2020-03-16 01:14:15.545820 https://zhangtaijunnn.fang.com/
Logger:2020-03-16 01:14:18.664311 https://shanjianqing.fang.com/
Logger:2020-03-16 01:14:18.960766 https://jiangnanyuanzilg.fang.com/
Logger:2020-03-16 01:14:19.242706 https://hanlinjincheng0771.fang.com/
Logger:2020-03-16 01:14:19.563631 https://xiyuanyuefuhr.fang.com/
Logger:2020-03-16 01:14:19.829355 https://zhangtaifu.fang.com/
Logger:2020-03-16 01:14:20.110004 https://tianjianhefu.fang.com/
Logger:2020-03-16 01:14:20.406814 https://jiahecheng0771.fang.com/
Logger:2020-03-16 01:14:20.761745 https://sanqianyue.fang.com/
Logger:2020-03-16 01:14:21.126647 https://eparkweilaicheng.fang.com/
Logger:2020-03-16 01:14:21.360967 https://yuelongtaihd0771.fang.com/
Logger:2020-03-16 01:14:21.644570 https://yonghefuzj.fang.com/
Logger:2020-03-16 01:14:21.941668 https://dongzhanchengshiguangchangrh.fang.com/
Logger:2020-03-16 01:14:22.206588 https://wanxianghuafuhr.fang.com/
Logger:2020-03-16 01:14:22.534788 https://wankecheng0771.fang.com/
Logger:2020-03-16 01:14:26.173709 https://nn.newhouse.fang.com/house/s/b94/
Logger:2020-03-16 01:14:26.407987 https://jiuyuhulg.fang.com/
Logger:2020-03-16 01:14:26.752326 https://jinyuzhongyangwk0771.fang.com/
Logger:2020-03-16 01:14:27.048461 https://jiuxifurc.fang.com/
Logger:2020-03-16 01:14:27.330362 https://yujiangfuayhl.fang.com/
Logger:2020-03-16 01:14:27.611210 https://datangshijiaaj.fang.com/
Logger:2020-03-16 01:14:27.923756 https://yuexijfdh.fang.com/
Logger:2020-03-16 01:14:28.204437 https://fengjingwanjx.fang.com/
Logger:2020-03-16 01:14:28.481960 https://xinwangjiaozt.fang.com/
Logger:2020-03-16 01:14:28.813822 https://feiliwanygc0771.fang.com/
Logger:2020-03-16 01:14:29.141709 https://tangyuefuayhd.fang.com/
Logger:2020-03-16 01:14:29.391304 https://shuiyuelongwanyujianglg.fang.com/
Logger:2020-03-16 01:14:29.703917 https://shengbanglongyue.fang.com/
Logger:2020-03-16 01:14:30.000935 https://tianjunguangchanghj.fang.com/
Logger:2020-03-16 01:14:30.312815 https://guobinyihaohf.fang.com/
Logger:2020-03-16 01:14:30.672332 https://lvdichengnn.fang.com/
Logger:2020-03-16 01:14:30.984489 https://qianlongshoufuyx.fang.com/
Logger:2020-03-16 01:14:31.283909 https://yongjinlanwanlg.fang.com/
Logger:2020-03-16 01:14:33.085900 https://aoyuanyuanzhu.fang.com/
Logger:2020-03-16 01:14:33.414084 https://yunjingshanyuchengzgtj.fang.com/
Logger:2020-03-16 01:14:33.680011 https://yuehujuygrc.fang.com/
Logger:2020-03-16 01:14:37.225505 https://nn.newhouse.fang.com/house/s/b95/
Logger:2020-03-16 01:14:37.491785 https://jiangshanyujing0771.fang.com/
Logger:2020-03-16 01:14:37.834738 https://xingduhuiwk0771.fang.com/
Logger:2020-03-16 01:14:39.131307 https://dongmengguojichengld.fang.com/
Logger:2020-03-16 01:14:39.444488 https://gongyuanyihaobgy0771.fang.com/
Logger:2020-03-16 01:14:39.787401 https://meidixuhuicheng.fang.com/
Logger:2020-03-16 01:14:40.053283 https://weiningshoufu.fang.com/3/
Logger:2020-03-16 01:14:40.334227 https://guoyuejiuquwan.fang.com/
Logger:2020-03-16 01:14:40.714398 https://datangzhenguan.fang.com/
Logger:2020-03-16 01:14:41.058385 https://jinyulanwanwk0771.fang.com/
Logger:2020-03-16 01:14:41.336769 https://zhaoshangyueyuan.fang.com/
Logger:2020-03-16 01:14:41.649237 https://shiguangjigm.fang.com/
Logger:2020-03-16 01:14:41.899815 https://wuxianghuyihaobn.fang.com/
Logger:2020-03-16 01:14:42.227183 https://yuejunjiangshanxc0771.fang.com/
Logger:2020-03-16 01:14:42.540076 https://langyuehushan.fang.com/
Logger:2020-03-16 01:14:42.852086 https://zulongacmall.fang.com/
Logger:2020-03-16 01:14:43.133220 https://xinshijieygld.fang.com/
Logger:2020-03-16 01:14:43.446014 https://longguangtianyao.fang.com/
Logger:2020-03-16 01:14:43.758778 https://shengkecheng.fang.com/
Logger:2020-03-16 01:14:44.071192 https://bocuitianchenjk0771.fang.com/
Logger:2020-03-16 01:14:44.336062 https://datangtianyue.fang.com/
Logger:2020-03-16 01:14:47.622671 https://nn.newhouse.fang.com/house/s/b96/
Logger:2020-03-16 01:14:47.857018 https://shidaichengbgy0771.fang.com/
Logger:2020-03-16 01:14:48.420067 https://fenglingguojichengzgtj.fang.com/
Logger:2020-03-16 01:14:48.660809 https://baishigongguanzl.fang.com/
Logger:2020-03-16 01:14:48.957181 https://zhonghaiyangshu0771.fang.com/
Logger:2020-03-16 01:14:49.238042 https://yunxitai.fang.com/
Logger:2020-03-16 01:14:49.472439 https://yunxingcheng.fang.com/
Logger:2020-03-16 01:14:49.675532 https://junyuewanbl.fang.com/
Logger:2020-03-16 01:14:49.957287 https://diecuifenghj0771.fang.com/
Logger:2020-03-16 01:14:50.206563 https://jiuyufulg.fang.com/
Logger:2020-03-16 01:14:50.504127 https://lingxiuqianchengbl.fang.com/
Logger:2020-03-16 01:14:50.910234 https://dongmengkejichengqdnn.fang.com/
Logger:2020-03-16 01:14:51.196173 https://weiningshoufu.fang.com/
Logger:2020-03-16 01:14:51.477556 https://diwuyuanwk0771.fang.com/
Logger:2020-03-16 01:14:51.711623 https://baonengchengshiguangchang0771.fang.com/
Logger:2020-03-16 01:14:52.039901 https://qihangchengzy.fang.com/
Logger:2020-03-16 01:14:53.367720 https://longgangdonglinjiaguangchangwn.fang.com/
Logger:2020-03-16 01:14:55.898236 https://jiulongfulg0771.fang.com/
Logger:2020-03-16 01:14:56.194997 https://mengxiangxiaozhenjy.fang.com/
Logger:2020-03-16 01:14:56.444939 https://qingxifu.fang.com/
Logger:2020-03-16 01:14:56.747472 https://195472.fang.com/
Logger:2020-03-16 01:15:00.496944 https://nn.newhouse.fang.com/house/s/b97/
Logger:2020-03-16 01:15:00.762149 https://zhangtaihong.fang.com/
Logger:2020-03-16 01:15:01.058956 https://qianlongjiangjingyx.fang.com/
Logger:2020-03-16 01:15:02.995998 https://lianfazhenjing.fang.com/
Logger:2020-03-16 01:15:04.297972 https://binjiangxuefuwmzt.fang.com/
Logger:2020-03-16 01:15:05.923595 https://yuehujuzt.fang.com/
Logger:2020-03-16 01:15:06.189162 https://qianfangbaijing.fang.com/
Logger:2020-03-16 01:15:06.392951 https://195714.fang.com/
Logger:2020-03-16 01:15:06.658331 https://xipailananzgtj0771.fang.com/shop/
Logger:2020-03-16 01:15:06.907781 https://huanyutiandizh0771.fang.com/
Logger:2020-03-16 01:15:07.157684 https://fanghualijhc.fang.com/
Logger:2020-03-16 01:15:07.408118 https://dkguoji.fang.com/
Logger:2020-03-16 01:15:09.079781 https://195466.fang.com/
Logger:2020-03-16 01:15:09.391570 https://195834.fang.com/
Logger:2020-03-16 01:15:09.641506 https://195832.fang.com/
Logger:2020-03-16 01:15:09.891816 https://shangchengshh.fang.com/
Logger:2020-03-16 01:15:10.141804 https://hanlinxuefu0771.fang.com/
Logger:2020-03-16 01:15:10.484981 https://yonghefuay.fang.com/
Logger:2020-03-16 01:15:10.750544 https://yuefushh.fang.com/
Logger:2020-03-16 01:15:11.453897 https://gaotieshidaiguangchang0771.fang.com/
Logger:2020-03-16 01:15:11.674014 https://feicuishiguangzf.fang.com/
Logger:2020-03-16 01:15:15.423667 https://nn.newhouse.fang.com/house/s/b98/
Logger:2020-03-16 01:15:15.657984 https://qinyuan0771.fang.com/
Logger:2020-03-16 01:15:15.923956 https://gongyuanlirh.fang.com/
Logger:2020-03-16 01:15:16.252040 https://kangyuedjh0771.fang.com/
Logger:2020-03-16 01:15:16.579642 https://xibanyaxiaozhentj.fang.com/
Logger:2020-03-16 01:15:21.506648 https://cuihumingdu0771.fang.com/
Logger:2020-03-16 01:15:21.771848 https://jinyuelanwan0771.fang.com/
Logger:2020-03-16 01:15:22.115967 https://gongyuanxifurh.fang.com/
Logger:2020-03-16 01:15:22.381082 https://yushuiyuanzhugd.fang.com/
Logger:2020-03-16 01:15:22.631020 https://wuxiangxuefurh.fang.com/
Logger:2020-03-16 01:15:22.927826 https://tianyucheng0771.fang.com/
Logger:2020-03-16 01:15:23.240751 https://jiulongtailg0771.fang.com/
Logger:2020-03-16 01:15:23.521436 https://linfengyihao.fang.com/
Logger:2020-03-16 01:15:23.803217 https://meiquan1612.fang.com/
Logger:2020-03-16 01:15:24.131274 https://changdao800lixiangjiang.fang.com/
Logger:2020-03-16 01:15:24.396989 https://zhuangmeishanhulq.fang.com/
Logger:2020-03-16 01:15:24.724277 https://huaxiayuanzi.fang.com/
Logger:2020-03-16 01:15:25.114861 https://yongjianghuafurh.fang.com/
Logger:2020-03-16 01:15:25.380384 https://zhihuijiankangchengnnwx.fang.com/
Logger:2020-03-16 01:15:25.645933 https://yinquanyipintianyu.fang.com/
Logger:2020-03-16 01:15:25.942762 https://tanfuyinxiang.fang.com/
Logger:2020-03-16 01:15:29.671318 https://nn.newhouse.fang.com/house/s/b99/
Logger:2020-03-16 01:15:29.936949 https://xichengguojihuaduld0771.fang.com/
Logger:2020-03-16 01:15:30.217409 https://yihaochenggd.fang.com/
Logger:2020-03-16 01:15:30.514205 https://jianfayangxi0771.fang.com/
Logger:2020-03-16 01:15:30.795952 https://ziyunjizn0771.fang.com/
Logger:2020-03-16 01:15:31.076615 https://guantianxiajk0771.fang.com/
Logger:2020-03-16 01:15:31.382980 https://shengbangxiangsong.fang.com/
Logger:2020-03-16 01:15:31.679232 https://bocuishanjk.fang.com/
Logger:2020-03-16 01:15:33.210732 https://jinyueqingshanxxwdt.fang.com/
Logger:2020-03-16 01:15:33.491710 https://tanyueygc0771.fang.com/
Logger:2020-03-16 01:15:33.944940 https://yuenianhuahrzd.fang.com/
Logger:2020-03-16 01:15:34.209778 https://changtaizunfu.fang.com/
Logger:2020-03-16 01:15:34.491560 https://ershisichengboyuhr.fang.com/
Logger:2020-03-16 01:15:35.725403 https://aerbeisi.fang.com/
Logger:2020-03-16 01:15:36.022598 https://yuelanshanrh.fang.com/
Logger:2020-03-16 01:15:36.396980 https://jinyubinjiangwk0771.fang.com/
Logger:2020-03-16 01:15:36.669458 https://fenglingjiangwanzt.fang.com/
Logger:2020-03-16 01:15:38.325240 https://zhongshanfuhrzd.fang.com/
Logger:2020-03-16 01:15:38.575181 https://zhongguojinyuan2.fang.com/
Logger:2020-03-16 01:15:38.825124 https://guojihuafuzh.fang.com/
Logger:2020-03-16 01:15:39.090690 https://yangguangshangdu0771.fang.com/
Logger:2020-03-16 01:15:42.695507 https://nn.newhouse.fang.com/house/s/b910/
Logger:2020-03-16 01:15:42.930562 https://yangguangxian.fang.com/
Logger:2020-03-16 01:15:43.524192 https://guanghuimingdu.fang.com/
Logger:2020-03-16 01:15:43.773720 https://shuangwanziyuntaifz.fang.com/
Logger:2020-03-16 01:15:44.070184 https://guobinxianzl.fang.com/
Logger:2020-03-16 01:15:44.336495 https://taoyuanhuju.fang.com/
Logger:2020-03-16 01:15:44.607744 https://huangchaobeijun.fang.com/
Logger:2020-03-16 01:15:44.888870 https://yunhaiwanlg.fang.com/
Logger:2020-03-16 01:15:47.372656 https://wenlinghuafuyd.fang.com/
Logger:2020-03-16 01:15:47.623241 https://kaixuanyihao0771.fang.com/
Logger:2020-03-16 01:15:47.888919 https://jianfaxiyuan0771.fang.com/
Logger:2020-03-16 01:15:48.216860 https://zhongyangchengzx.fang.com/
Logger:2020-03-16 01:15:48.513013 https://feicuiwanzf.fang.com/
Logger:2020-03-16 01:15:48.946198 https://jiayuanshengjingyz.fang.com/
Logger:2020-03-16 01:15:50.507612 https://shengshijinyue.fang.com/
Logger:2020-03-16 01:15:50.789111 https://wuxiangzhongxinsm.fang.com/
Logger:2020-03-16 01:15:53.388467 https://shuxiangmendirg.fang.com/
Logger:2020-03-16 01:15:53.654089 https://dongfangzunfu.fang.com/
Logger:2020-03-16 01:15:53.950813 https://yipintianxiajy.fang.com/
Logger:2020-03-16 01:15:55.965963 https://baolixinyu0771.fang.com/
Logger:2020-03-16 01:15:56.231700 https://longtingshuian0771.fang.com/
Logger:2020-03-16 01:15:59.768212 https://nn.newhouse.fang.com/house/s/b911/
Logger:2020-03-16 01:16:00.033410 https://xinlipuyuegongguanld.fang.com/
Logger:2020-03-16 01:16:00.324112 https://zhaoshangrongyuan.fang.com/
Logger:2020-03-16 01:16:00.595778 https://jiangshanlufu.fang.com/
Logger:2020-03-16 01:16:00.923410 https://jiuyunzhulg0771.fang.com/
Logger:2020-03-16 01:16:01.173149 https://shengtianxiangshu.fang.com/
Logger:2020-03-16 01:16:01.469953 https://xingguangguangchangzn.fang.com/
Logger:2020-03-16 01:16:01.736272 https://chichengtianyou.fang.com/
Logger:2020-03-16 01:16:02.016700 https://changtaimingcheng.fang.com/
Logger:2020-03-16 01:16:02.282619 https://guanchengshijiaxj.fang.com/
Logger:2020-03-16 01:16:06.626256 https://xingfuyuangl.fang.com/
Logger:2020-03-16 01:16:06.938674 https://xinbanghuafu.fang.com/
Logger:2020-03-16 01:16:07.187927 https://lingxiufusht.fang.com/
Logger:2020-03-16 01:16:07.453904 https://rongzhouwenhuazhongxinfx.fang.com/
Logger:2020-03-16 01:16:08.344587 https://jiangyunchaoyangsd.fang.com/
Logger:2020-03-16 01:16:08.631759 https://laiyinluhurh.fang.com/
Logger:2020-03-16 01:16:08.943999 https://jiangjinghu.fang.com/
Logger:2020-03-16 01:16:09.193871 https://qiuyuelanwangt.fang.com/
Logger:2020-03-16 01:16:09.459615 https://lanyuefu.fang.com/
Logger:2020-03-16 01:16:09.818249 https://gongyuandadaorh.fang.com/
Logger:2020-03-16 01:16:10.100183 https://jiuyuwanlg.fang.com/
Logger:2020-03-16 01:16:13.630416 https://nn.newhouse.fang.com/house/s/b912/
Logger:2020-03-16 01:16:14.130387 https://changqingteng0771.fang.com/
Logger:2020-03-16 01:16:14.614510 https://chuangkeyuanyx.fang.com/
Logger:2020-03-16 01:16:15.129540 https://junhuaxiaozhen.fang.com/
Logger:2020-03-16 01:16:15.582514 https://zhongangguohui.fang.com/
Logger:2020-03-16 01:16:15.926298 https://yulongfu0771.fang.com/
Logger:2020-03-16 01:16:16.176509 https://guhuiyihao.fang.com/
Logger:2020-03-16 01:16:21.553696 https://lianfajunlan.fang.com/
Logger:2020-03-16 01:16:23.256448 https://chunjiangmingyuelc0771.fang.com/
Logger:2020-03-16 01:16:23.553919 https://tianhuiguangchanghj.fang.com/
Logger:2020-03-16 01:16:24.006581 https://qingshanfutc.fang.com/
Logger:2020-03-16 01:16:24.287424 https://qianlongyuyuanyx.fang.com/
Logger:2020-03-16 01:16:26.803968 https://yujingshan0771.fang.com/
Logger:2020-03-16 01:16:27.084740 https://shengtianhui.fang.com/
Logger:2020-03-16 01:16:27.350816 https://yunjinfukg.fang.com/
Logger:2020-03-16 01:16:27.632018 https://xuefuhaoting0771.fang.com/
Logger:2020-03-16 01:16:27.912670 https://laiyinhuayurh.fang.com/
Logger:2020-03-16 01:16:28.225095 https://yangguanglilg.fang.com/
Logger:2020-03-16 01:16:28.491020 https://xishuitaihl.fang.com/2/
Logger:2020-03-16 01:16:28.756220 https://guantangfurh.fang.com/
Logger:2020-03-16 01:16:28.991001 https://jinguanchengxxw.fang.com/shop/
Logger:2020-03-16 01:16:32.558488 https://nn.newhouse.fang.com/house/s/b913/
Logger:2020-03-16 01:16:32.824052 https://guanjiangshubl.fang.com/
Logger:2020-03-16 01:16:34.089378 https://hxlaiyuanlijinghuayuan.fang.com/
Logger:2020-03-16 01:16:34.339338 https://lvdizhongyangguangchang0771.fang.com/
Logger:2020-03-16 01:16:34.667368 https://gongyuanshurh.fang.com/
Logger:2020-03-16 01:16:34.933004 https://gongyuandadaohuafurh.fang.com/
Logger:2020-03-16 01:16:35.214113 https://jingtongruicheng.fang.com/
Logger:2020-03-16 01:16:35.495297 https://longyuxiangtibandao.fang.com/
Logger:2020-03-16 01:16:35.808106 https://mengxiangxiaozhenjy.fang.com/villa/
Logger:2020-03-16 01:16:36.182635 https://fushihuishangyezhongxin.fang.com/
Logger:2020-03-16 01:16:36.398073 https://wuxianglvdizhongxin.fang.com/
Logger:2020-03-16 01:16:36.678740 https://hxshijibinjiang.fang.com/
Logger:2020-03-16 01:16:36.913044 https://longguangguoji.fang.com/
Logger:2020-03-16 01:16:37.131517 https://ezhongxinrh.fang.com/
Logger:2020-03-16 01:16:37.413281 https://longguangshiji.fang.com/
Logger:2020-03-16 01:16:37.647022 https://huafengcheng.fang.com/
Logger:2020-03-16 01:16:37.865758 https://shengtiandongjun.fang.com/
Logger:2020-03-16 01:16:38.271874 https://qingjiangjunzm.fang.com/
Logger:2020-03-16 01:16:38.553057 https://yidingzhongxin.fang.com/
Logger:2020-03-16 01:16:38.818620 https://xiangjiangshu.fang.com/
Logger:2020-03-16 01:16:39.084182 https://hongrishanhu.fang.com/
Logger:2020-03-16 01:16:42.977412 https://nn.newhouse.fang.com/house/s/b914/
Logger:2020-03-16 01:16:44.195999 https://longyinhuayuan3.fang.com/
Logger:2020-03-16 01:16:44.445776 https://yongjiangyuefurh.fang.com/
Logger:2020-03-16 01:16:44.711339 https://ailishegongfz.fang.com/
Logger:2020-03-16 01:16:45.023807 https://jintouzhongxin.fang.com/
Logger:2020-03-16 01:16:46.039845 https://lianheguangchanghrqp.fang.com/
Logger:2020-03-16 01:16:46.258584 https://xingangwannt.fang.com/
Logger:2020-03-16 01:16:46.462474 https://huanlelilg.fang.com/
Logger:2020-03-16 01:16:46.727249 https://gongyuanliwk0771.fang.com/
Logger:2020-03-16 01:16:47.023712 https://jiahecheng0771.fang.com/villa/
Logger:2020-03-16 01:16:47.289273 https://gongyuanzunfurh.fang.com/
Logger:2020-03-16 01:16:49.139145 https://laiyinhupan0771.fang.com/
Logger:2020-03-16 01:16:49.420886 https://dongmengyuanct.fang.com/
Logger:2020-03-16 01:16:49.674209 https://shilanchunxiao.fang.com/
Logger:2020-03-16 01:16:49.939482 https://hujinghuafucj.fang.com/
Logger:2020-03-16 01:16:50.173410 https://lingxiuyifangdjh.fang.com/
Logger:2020-03-16 01:16:50.454592 https://hanlinjiangpanwm.fang.com/
Logger:2020-03-16 01:16:50.688910 https://xinxinchuanqiwf.fang.com/
Logger:2020-03-16 01:16:50.939198 https://shidaiguangchangyx0771.fang.com/
Logger:2020-03-16 01:16:51.157983 https://zhongyangchengcj.fang.com/
Logger:2020-03-16 01:16:51.532526 https://ibchuizhiguangchanghd.fang.com/
Logger:2020-03-16 01:16:55.375344 https://nn.newhouse.fang.com/house/s/b915/
Logger:2020-03-16 01:16:55.578817 https://hxfujingxincheng.fang.com/
Logger:2020-03-16 01:16:55.828456 https://xingzuohjx.fang.com/
Logger:2020-03-16 01:16:56.992197 https://daduyunjin.fang.com/
Logger:2020-03-16 01:16:57.241862 https://hxyujianghuating.fang.com/
Logger:2020-03-16 01:16:57.507426 https://nanninghuanancheng.fang.com/
Logger:2020-03-16 01:16:57.710990 https://one91sy.fang.com/
Logger:2020-03-16 01:16:57.929220 https://lihaiyihaodmgg.fang.com/
Logger:2020-03-16 01:16:58.475994 https://jiuzhouguojigx.fang.com/
Logger:2020-03-16 01:16:58.720234 https://guojizhongxinlg0771.fang.com/
Logger:2020-03-16 01:16:59.000702 https://huarundasha0771.fang.com/
Logger:2020-03-16 01:16:59.235211 https://guojijinrongguangchanghj.fang.com/
Logger:2020-03-16 01:16:59.422559 https://1688diyiguangchang.fang.com/
Logger:2020-03-16 01:16:59.641178 https://195828.fang.com/
Logger:2020-03-16 01:16:59.937982 https://jinghuaguangchangnn.fang.com/
Logger:2020-03-16 01:17:00.172301 https://195826.fang.com/
Logger:2020-03-16 01:17:00.454194 https://jiugebandao.fang.com/
Logger:2020-03-16 01:17:02.593605 https://gongyuanyihaocj.fang.com/
Logger:2020-03-16 01:17:02.906340 https://qihuyuancj.fang.com/
Logger:2020-03-16 01:17:03.453229 https://ailifangwl.fang.com/
Logger:2020-03-16 01:17:03.687787 https://zhongshanxuefucj.fang.com/
Logger:2020-03-16 01:17:07.255672 https://nn.newhouse.fang.com/house/s/b916/
Logger:2020-03-16 01:17:08.754636 https://195612.fang.com/
Logger:2020-03-16 01:17:09.004542 https://fuyaguojizongbujidi.fang.com/
Logger:2020-03-16 01:17:09.223996 https://ronghejinzuo.fang.com/
Logger:2020-03-16 01:17:09.457691 https://195852.fang.com/
Logger:2020-03-16 01:17:09.738743 https://ngxcnczhlyjq.fang.com/
Logger:2020-03-16 01:17:09.973063 https://shangyueguojidjh.fang.com/
Logger:2020-03-16 01:17:10.207844 https://195816.fang.com/
Logger:2020-03-16 01:17:10.472945 https://195848.fang.com/
Logger:2020-03-16 01:17:11.834680 https://chantoujiangnanqiyegongyuan.fang.com/
Logger:2020-03-16 01:17:12.099979 https://yuanxindasha.fang.com/
Logger:2020-03-16 01:17:12.318967 https://jiahecheng0771.fang.com/shop/
Logger:2020-03-16 01:17:13.605704 https://linghangdashatj.fang.com/
Logger:2020-03-16 01:17:13.824926 https://longtengxuefucj.fang.com/
Logger:2020-03-16 01:17:14.075000 https://huilonghuayuanby.fang.com/
Logger:2020-03-16 01:17:14.324816 https://195830.fang.com/
Logger:2020-03-16 01:17:16.121468 https://slsmxc0771.fang.com/
Logger:2020-03-16 01:17:18.583373 https://195820.fang.com/
Logger:2020-03-16 01:17:18.818415 https://195840.fang.com/
Logger:2020-03-16 01:17:19.115104 https://fenglingqilinbao.fang.com/
Logger:2020-03-16 01:17:19.333196 https://zhihuiguangchangyh.fang.com/
Logger:2020-03-16 01:17:22.848994 https://nn.newhouse.fang.com/house/s/b917/
Logger:2020-03-16 01:17:23.083353 https://195844.fang.com/
Logger:2020-03-16 01:17:23.348529 https://195824.fang.com/
Logger:2020-03-16 01:17:23.645824 https://195760.fang.com/
Logger:2020-03-16 01:17:24.051812 https://meidihuicheng.fang.com/
Logger:2020-03-16 01:17:24.317009 https://shibochenghjx.fang.com/
Logger:2020-03-16 01:17:24.551408 https://pingguoyuanhd.fang.com/
Logger:2020-03-16 01:17:24.926704 https://xishuitaihl.fang.com/
Logger:2020-03-16 01:17:30.168317 https://tianheguangchangrs.fang.com/
Logger:2020-03-16 01:17:30.372153 https://fuyaguojijinrongzhongxin.fang.com/
Logger:2020-03-16 01:17:30.559518 https://huarundashagx.fang.com/
Logger:2020-03-16 01:17:34.089796 https://nn.newhouse.fang.com/house/s/b918/
Logger:2020-03-16 01:17:37.527812 https://nn.newhouse.fang.com/house/s/b919/
Logger:2020-03-16 01:17:41.007994 https://nn.newhouse.fang.com/house/s/b920/
