Logger:2020-03-16 15:37:21.489590 https://nongan.newhouse.fang.com/house/s/b91/
Logger:2020-03-16 15:37:21.803361 https://191559.fang.com/
Logger:2020-03-16 15:37:25.388438 https://xinlongyipinhuacheng.fang.com/
Logger:2020-03-16 15:37:25.740824 https://zhongzhengyuhuating.fang.com/
Logger:2020-03-16 15:37:26.041841 https://naxuanzeguiguyihao.fang.com/
Logger:2020-03-16 15:37:28.015194 https://changchunwuyueguangchang.fang.com/
Logger:2020-03-16 15:37:31.563981 https://yishengxiyuehongfu.fang.com/
Logger:2020-03-16 15:37:34.695540 https://nalongdalijingshijicheng.fang.com/
Logger:2020-03-16 15:37:34.992745 https://nashidaizhuangyuan.fang.com/
Logger:2020-03-16 15:37:35.295934 https://namingjiashidaizhuangyuan.fang.com/
Logger:2020-03-16 15:37:35.876900 https://baohelongshanggongyuan.fang.com/
Logger:2020-03-16 15:37:36.230987 https://nafuxiangjiayuan.fang.com/
Logger:2020-03-16 15:37:36.555231 https://zhongguoluhushengtaicheng.fang.com/
Logger:2020-03-16 15:37:36.869384 https://naxinxingyuheyun.fang.com/
Logger:2020-03-16 15:37:37.211469 https://changchunweilaicheng.fang.com/
Logger:2020-03-16 15:37:37.531613 https://najiaheyajushangwuyuan.fang.com/
Logger:2020-03-16 15:37:37.935581 https://nabaoliqiangwei.fang.com/
Logger:2020-03-16 15:37:38.261776 https://nahongshengtaorengongyu.fang.com/
Logger:2020-03-16 15:37:38.539050 https://naxingwangxianggemeidi.fang.com/
Logger:2020-03-16 15:37:38.853194 https://nawenlongjiayuan.fang.com/
Logger:2020-03-16 15:37:39.218884 https://nahongshengyuhailongwan.fang.com/
Logger:2020-03-16 15:37:44.117382 https://nongan.newhouse.fang.com/house/s/b92/
Logger:2020-03-16 15:37:44.389664 https://qingbeijinyuguandi.fang.com/
Logger:2020-03-16 15:37:44.691950 https://luchengmilangongguan.fang.com/
Logger:2020-03-16 15:37:45.052615 https://najinyuchuncheng.fang.com/
Logger:2020-03-16 15:37:46.593520 https://namingjiashidaiguangchang.fang.com/
Logger:2020-03-16 15:37:46.949626 https://nalongtaijiajun.fang.com/
Logger:2020-03-16 15:37:47.247330 https://naguanmawenquanguojijinglaoshengtaicheng.fang.com/
Logger:2020-03-16 15:37:47.563485 https://nakexinju.fang.com/
Logger:2020-03-16 15:37:47.937484 https://nalongdedijing.fang.com/
Logger:2020-03-16 15:37:48.524160 https://nachechegnwandaguangchang.fang.com/
Logger:2020-03-16 15:37:48.840411 https://nazhongmaotiandi.fang.com/
Logger:2020-03-16 15:37:49.145594 https://naguosongxiaozhen.fang.com/
Logger:2020-03-16 15:37:49.861679 https://baolijinxiangbin.fang.com/
Logger:2020-03-16 15:37:51.900600 https://natiananhaoyuan.fang.com/
Logger:2020-03-16 15:37:52.203844 https://changbaishanguojicaifuzhongxin.fang.com/
Logger:2020-03-16 15:37:55.884338 https://nongan.newhouse.fang.com/house/s/b93/
Logger:2020-03-16 15:37:59.716537 https://nongan.newhouse.fang.com/house/s/b94/
Logger:2020-03-16 15:38:03.307797 https://nongan.newhouse.fang.com/house/s/b95/
