Logger:2020-03-16 13:57:25.633668 https://nt.newhouse.fang.com/house/s/b91/
Logger:2020-03-16 13:57:25.907976 https://jinmaofucc.fang.com/
Logger:2020-03-16 13:57:27.300209 https://cuilongwandc.fang.com/
Logger:2020-03-16 13:57:27.573479 https://zhongyanggongyuanyjlwk.fang.com/
Logger:2020-03-16 13:57:27.877710 https://jiulitaoyuanrcsh.fang.com/
Logger:2020-03-16 13:57:35.361644 https://148286.fang.com/
Logger:2020-03-16 13:57:35.644901 https://148362.fang.com/
Logger:2020-03-16 13:57:35.906225 https://chunfengnanan.fang.com/
Logger:2020-03-16 13:57:36.312137 https://ziyunji.fang.com/
Logger:2020-03-16 13:57:36.664202 https://bojingshangyeguangchang.fang.com/
Logger:2020-03-16 13:57:36.933485 https://lvdixinlicheng.fang.com/
Logger:2020-03-16 13:57:37.278515 https://148566.fang.com/
Logger:2020-03-16 13:57:37.634593 https://shidaiyihaorcrr.fang.com/
Logger:2020-03-16 13:57:37.907832 https://boyue0513.fang.com/
Logger:2020-03-16 13:57:38.211047 https://zhuoyueyuechen.fang.com/
Logger:2020-03-16 13:57:38.574124 https://shuianguanlanyuan.fang.com/
Logger:2020-03-16 13:57:38.910204 https://haimenqinyuan.fang.com/
Logger:2020-03-16 13:57:39.186449 https://148418.fang.com/
Logger:2020-03-16 13:57:39.485649 https://rongxinlanchen.fang.com/
Logger:2020-03-16 13:57:39.741926 https://linxijunnthd.fang.com/
Logger:2020-03-16 13:57:40.093066 https://zhongshanbodild.fang.com/
Logger:2020-03-16 13:57:43.930752 https://nt.newhouse.fang.com/house/s/b92/
Logger:2020-03-16 13:57:44.204024 https://aolaibinfenguangchangld.fang.com/
Logger:2020-03-16 13:57:44.490294 https://shidaizhiguangwk0513.fang.com/
Logger:2020-03-16 13:57:44.821396 https://lvchengchengyuan0513.fang.com/
Logger:2020-03-16 13:57:45.309088 https://hefengyasongnt.fang.com/
Logger:2020-03-16 13:57:45.564350 https://yongjingwanzsxc.fang.com/
Logger:2020-03-16 13:57:45.928376 https://haimenguojizs.fang.com/
Logger:2020-03-16 13:57:46.233609 https://linyujunnthd.fang.com/
Logger:2020-03-16 13:57:46.501884 https://yuanchuangdongyue.fang.com/
Logger:2020-03-16 13:57:46.809058 https://huarunyuexi0513.fang.com/
Logger:2020-03-16 13:57:47.148113 https://ziyusijihjhx.fang.com/
Logger:2020-03-16 13:57:47.454332 https://chunxiji.fang.com/
Logger:2020-03-16 13:57:47.744553 https://xingguangyuxingguangtiandicc.fang.com/
Logger:2020-03-16 13:57:47.995845 https://yuanchuangzunyue.fang.com/
Logger:2020-03-16 13:57:48.358874 https://jinxifurs.fang.com/
Logger:2020-03-16 13:57:48.664058 https://148158.fang.com/
Logger:2020-03-16 13:57:52.652388 https://wanxiangrunjie.fang.com/
Logger:2020-03-16 13:57:57.406669 https://148090.fang.com/
Logger:2020-03-16 13:57:57.766749 https://longfu0513.fang.com/
Logger:2020-03-16 13:57:58.111782 https://feicuidongdiwk.fang.com/
Logger:2020-03-16 13:57:58.420957 https://shiguangyuehy.fang.com/
Logger:2020-03-16 13:58:02.334486 https://nt.newhouse.fang.com/house/s/b93/
Logger:2020-03-16 13:58:02.608799 https://feicuixinhuwk.fang.com/
Logger:2020-03-16 13:58:02.916929 https://junlantianyue.fang.com/
Logger:2020-03-16 13:58:03.224145 https://liuanchunfeng0513.fang.com/
Logger:2020-03-16 13:58:03.546288 https://jiuxishu.fang.com/
Logger:2020-03-16 13:58:03.857455 https://147604.fang.com/
Logger:2020-03-16 13:58:04.149631 https://jiangyuhairc.fang.com/
Logger:2020-03-16 13:58:04.442876 https://148642.fang.com/
Logger:2020-03-16 13:58:06.048589 https://fanmaolijd.fang.com/
Logger:2020-03-16 13:58:06.378710 https://jiuzhangtaircrr.fang.com/
Logger:2020-03-16 13:58:06.697815 https://chenyuan2.fang.com/
Logger:2020-03-16 13:58:07.084779 https://wandaguangchangha.fang.com/
Logger:2020-03-16 13:58:11.851029 https://xiouwenlanfuygc.fang.com/
Logger:2020-03-16 13:58:12.133274 https://zhongnanzhongxin.fang.com/
Logger:2020-03-16 13:58:12.405581 https://guojijiankangchengqdld.fang.com/
Logger:2020-03-16 13:58:12.703797 https://feicuigongyuanwk0513.fang.com/
Logger:2020-03-16 13:58:12.965084 https://gongyuanshijirh0513.fang.com/
Logger:2020-03-16 13:58:13.264248 https://yinhaigongguan.fang.com/
Logger:2020-03-16 13:58:13.556525 https://linkengongyuan0513.fang.com/
Logger:2020-03-16 13:58:13.905568 https://yihaozuopinldxgtz.fang.com/
Logger:2020-03-16 13:58:14.184786 https://lvchenglanyuan0513.fang.com/
Logger:2020-03-16 13:58:17.832029 https://nt.newhouse.fang.com/house/s/b94/
Logger:2020-03-16 13:58:18.240934 https://yuanrongxiyue.fang.com/
Logger:2020-03-16 13:58:18.556092 https://haodejiayuecheng.fang.com/
Logger:2020-03-16 13:58:18.887269 https://guanlantai.fang.com/
Logger:2020-03-16 13:58:19.224336 https://guojixingfuwanwz.fang.com/
Logger:2020-03-16 13:58:19.640191 https://jinghaifu.fang.com/
Logger:2020-03-16 13:58:19.953354 https://aotixincheng05132.fang.com/
Logger:2020-03-16 13:58:20.206676 https://shiguangmancheng.fang.com/
Logger:2020-03-16 13:58:20.505913 https://wanhaoxiyuan.fang.com/
Logger:2020-03-16 13:58:20.874888 https://nalanwannd.fang.com/
Logger:2020-03-16 13:58:21.170097 https://shuianmingchengch2.fang.com/
Logger:2020-03-16 13:58:21.450391 https://taolijiangshanbgy.fang.com/
Logger:2020-03-16 13:58:21.715683 https://biguiyuanrd2.fang.com/
Logger:2020-03-16 13:58:22.057724 https://haishangchuanqi.fang.com/
Logger:2020-03-16 13:58:22.364902 https://biguiyuanyungu.fang.com/
Logger:2020-03-16 13:58:22.654170 https://zhongyanggongguanyjlxj.fang.com/
Logger:2020-03-16 13:58:23.011216 https://ruyijiayuanddj.fang.com/
Logger:2020-03-16 13:58:23.242554 https://shuianhuachengch2.fang.com/
Logger:2020-03-16 13:58:23.528789 https://nantong1912.fang.com/
Logger:2020-03-16 13:58:23.842012 https://jiulixiangdish.fang.com/
Logger:2020-03-16 13:58:24.333636 https://guanhaihuafucm.fang.com/
Logger:2020-03-16 13:58:28.198298 https://nt.newhouse.fang.com/house/s/b95/
Logger:2020-03-16 13:58:28.497512 https://niuyueshidai.fang.com/
Logger:2020-03-16 13:58:31.810633 https://beichenyihaoxinyuan.fang.com/
Logger:2020-03-16 13:58:44.034931 https://fuliyuanshiting0513.fang.com/
Logger:2020-03-16 13:58:46.863403 https://zichenfu0513.fang.com/
Logger:2020-03-16 13:58:48.184867 https://nantongyuefu.fang.com/
Logger:2020-03-16 13:58:48.495997 https://fangyuan0513.fang.com/
Logger:2020-03-16 13:58:48.815144 https://tianxibgy0513.fang.com/
Logger:2020-03-16 13:58:49.113410 https://yuanchuangchenyue.fang.com/
Logger:2020-03-16 13:58:52.487357 https://haigangchengtr.fang.com/
Logger:2020-03-16 13:58:52.817437 https://xuefuyajusj.fang.com/
Logger:2020-03-16 13:58:53.085719 https://chongzhoufu.fang.com/
Logger:2020-03-16 13:58:56.613283 https://tianyue0513.fang.com/
Logger:2020-03-16 13:58:58.585041 https://jinzunhuayuandw.fang.com/
Logger:2020-03-16 13:58:58.921108 https://chunxiaoxian.fang.com/
Logger:2020-03-16 13:58:59.200361 https://yuyuanhxyp.fang.com/
Logger:2020-03-16 13:58:59.469670 https://feicuiguanlanxj.fang.com/
Logger:2020-03-16 13:58:59.744947 https://jingyuhaoting.fang.com/
Logger:2020-03-16 13:59:00.090979 https://shuiyunmingju20513.fang.com/
Logger:2020-03-16 13:59:00.433107 https://zhuodianhuayuan.fang.com/
Logger:2020-03-16 13:59:00.707330 https://nanjiaozhuangyuan.fang.com/
Logger:2020-03-16 13:59:04.639810 https://nt.newhouse.fang.com/house/s/b96/
Logger:2020-03-16 13:59:10.521108 https://nanjiaozhuangyuan.fang.com/
Logger:2020-03-16 13:59:10.796384 https://huguangyingyuezn.fang.com/
Logger:2020-03-16 13:59:11.078666 https://xinduhui0513.fang.com/
Logger:2020-03-16 13:59:15.774023 https://haitangbieyuanbgy.fang.com/
Logger:2020-03-16 13:59:16.160989 https://mingduchengsj.fang.com/
Logger:2020-03-16 13:59:16.467170 https://shanglinfush.fang.com/
Logger:2020-03-16 13:59:16.753442 https://shilijiangshanbgy.fang.com/
Logger:2020-03-16 13:59:22.360448 https://jwgjzx0513.fang.com/
Logger:2020-03-16 13:59:22.693513 https://148300.fang.com/
Logger:2020-03-16 13:59:22.974799 https://rudongxiyue.fang.com/
Logger:2020-03-16 13:59:23.257052 https://yurunguangchangha2.fang.com/
Logger:2020-03-16 13:59:30.159568 https://haiyiguoji0513.fang.com/
Logger:2020-03-16 13:59:36.357991 https://xingyuhuafuyr0513.fang.com/
Logger:2020-03-16 13:59:36.626318 https://daxin.fang.com/
Logger:2020-03-16 13:59:36.892566 https://fengdanmingyue.fang.com/
Logger:2020-03-16 13:59:37.260544 https://jiuxiyuanzhu.fang.com/
Logger:2020-03-16 13:59:37.524837 https://tianchenyuanzhulh0513.fang.com/
Logger:2020-03-16 13:59:37.805131 https://jiangjingruiyuan.fang.com/
Logger:2020-03-16 13:59:38.106282 https://xingyuhuafuyrmlf.fang.com/
Logger:2020-03-16 13:59:38.390595 https://yihejiangshanbgy.fang.com/
Logger:2020-03-16 13:59:42.271141 https://nt.newhouse.fang.com/house/s/b97/
Logger:2020-03-16 13:59:42.542433 https://guojigongguanhq.fang.com/
Logger:2020-03-16 13:59:46.576664 https://shimaoyunjin50513.fang.com/
Logger:2020-03-16 13:59:53.994810 https://zhonggangjinzuo.fang.com/
Logger:2020-03-16 13:59:54.299961 https://148166.fang.com/
Logger:2020-03-16 13:59:54.623097 https://changheshidai2.fang.com/
Logger:2020-03-16 13:59:54.893374 https://xiangshenghanlinfu.fang.com/
Logger:2020-03-16 13:59:55.248466 https://yuanrongdidiao.fang.com/
Logger:2020-03-16 14:00:16.107668 https://xinghutiandi.fang.com/
Logger:2020-03-16 14:00:24.639830 https://chunfengli20513.fang.com/
Logger:2020-03-16 14:00:24.905145 https://yuelanwanhx.fang.com/
Logger:2020-03-16 14:00:25.251197 https://jinshilanjun2.fang.com/
Logger:2020-03-16 14:00:42.359395 https://jinhailishuiwan2.fang.com/
Logger:2020-03-16 14:00:42.653606 https://feiligongguanwz.fang.com/
Logger:2020-03-16 14:00:42.931901 https://jinxiufudihtr.fang.com/
Logger:2020-03-16 14:00:43.328803 https://binhuguojixt.fang.com/
Logger:2020-03-16 14:00:43.617031 https://ganghuiguojilingyu.fang.com/
Logger:2020-03-16 14:00:43.944157 https://pengchengguojihuayuan.fang.com/
Logger:2020-03-16 14:00:44.226399 https://zgdbqqjjcgzx2.fang.com/
Logger:2020-03-16 14:00:44.522608 https://hushanyuanzhu.fang.com/
Logger:2020-03-16 14:00:44.850730 https://jiulilanting.fang.com/
Logger:2020-03-16 14:00:50.069782 https://nt.newhouse.fang.com/house/s/b98/
Logger:2020-03-16 14:00:50.646226 https://qilinfurr.fang.com/
Logger:2020-03-16 14:00:51.012286 https://boyuehuizh.fang.com/
Logger:2020-03-16 14:00:51.293499 https://yuanrongzhongxin.fang.com/
Logger:2020-03-16 14:00:51.606656 https://tianlanwansz.fang.com/
Logger:2020-03-16 14:00:51.896880 https://feilijunjs.fang.com/
Logger:2020-03-16 14:01:03.095921 https://gaoerfugongyuzy2.fang.com/
Logger:2020-03-16 14:01:03.365201 https://yueshanghu.fang.com/
Logger:2020-03-16 14:01:03.660411 https://xihuafujdls.fang.com/
Logger:2020-03-16 14:01:03.984598 https://changjiangfuyx.fang.com/
Logger:2020-03-16 14:01:04.300731 https://7xingshoufu2.fang.com/
Logger:2020-03-16 14:01:04.573966 https://shengshimingmenrh.fang.com/
Logger:2020-03-16 14:01:04.817352 https://148220.fang.com/
Logger:2020-03-16 14:01:05.117513 https://148452.fang.com/
Logger:2020-03-16 14:01:15.012069 https://deheyujing.fang.com/villa/
Logger:2020-03-16 14:01:27.193536 https://youjingmeidisj.fang.com/
Logger:2020-03-16 14:01:27.471766 https://523ysjgy.fang.com/
Logger:2020-03-16 14:01:27.768917 https://zbfty.fang.com/
Logger:2020-03-16 14:01:28.079124 https://oushangzhongxincheng.fang.com/
Logger:2020-03-16 14:01:28.355386 https://kejiyuanyx.fang.com/
Logger:2020-03-16 14:01:38.787465 https://jixiangshuianrh.fang.com/
Logger:2020-03-16 14:01:42.872512 https://nt.newhouse.fang.com/house/s/b99/
Logger:2020-03-16 14:01:43.147812 https://mingmenshijiaqsw.fang.com/
Logger:2020-03-16 14:01:50.671648 https://shuguanglanqiaorh.fang.com/
Logger:2020-03-16 14:01:50.920027 https://lvdizhuoyu.fang.com/
Logger:2020-03-16 14:01:56.377435 https://shuangyiguojidasha0513.fang.com/
Logger:2020-03-16 14:02:08.279591 https://147678.fang.com/
Logger:2020-03-16 14:02:08.603719 https://148218.fang.com/
Logger:2020-03-16 14:02:08.940778 https://xinghuwan05132.fang.com/
Logger:2020-03-16 14:02:09.226013 https://haishangmingzhuxh.fang.com/
Logger:2020-03-16 14:02:09.502312 https://hechengbgy.fang.com/
Logger:2020-03-16 14:02:09.871286 https://yundinggongguanld2.fang.com/
Logger:2020-03-16 14:02:10.133628 https://shanshuiguojiaf2.fang.com/
Logger:2020-03-16 14:02:10.448750 https://yijingwanguojihuayuan2.fang.com/
Logger:2020-03-16 14:02:10.707050 https://huyuetianjinggn.fang.com/
Logger:2020-03-16 14:02:11.039197 https://mingrenshijiahb.fang.com/
Logger:2020-03-16 14:02:11.348335 https://gongyuanli0513.fang.com/
Logger:2020-03-16 14:02:18.682757 https://damingfubgy.fang.com/
Logger:2020-03-16 14:02:18.979919 https://xintiandisj.fang.com/
Logger:2020-03-16 14:02:19.306047 https://rencaigongyurh.fang.com/
Logger:2020-03-16 14:02:19.561399 https://kaishunruicheng.fang.com/
Logger:2020-03-16 14:02:36.634690 https://dongfanghuayuancl0513.fang.com/
Logger:2020-03-16 14:02:39.903017 https://nt.newhouse.fang.com/house/s/b910/
Logger:2020-03-16 14:02:40.221136 https://lingxiuchengpf2.fang.com/
Logger:2020-03-16 14:02:48.126982 https://zhongtianrunyuan0513.fang.com/
Logger:2020-03-16 14:02:48.425148 https://chunjiangmingyue0513.fang.com/
Logger:2020-03-16 14:02:55.179081 https://zhongyangguangchang20513.fang.com/
Logger:2020-03-16 14:02:55.492243 https://honghejiadu.fang.com/
Logger:2020-03-16 14:02:55.781512 https://yinhewanms.fang.com/
Logger:2020-03-16 14:02:59.382881 https://limingruijingrh.fang.com/
Logger:2020-03-16 14:02:59.627183 https://fengrunjiayuan0513.fang.com/
Logger:2020-03-16 14:02:59.945331 https://zhongtianguangchang0513.fang.com/
Logger:2020-03-16 14:03:04.704598 https://zghaywgjsmc2.fang.com/
Logger:2020-03-16 14:03:05.019796 https://zhonghuiwenfenggwgc.fang.com/
Logger:2020-03-16 14:03:16.297586 https://deheyujing2.fang.com/
Logger:2020-03-16 14:03:16.596825 https://shangchengsyzx.fang.com/
Logger:2020-03-16 14:03:16.889003 https://zhongxinglanxihui.fang.com/
Logger:2020-03-16 14:03:17.203201 https://yuanchuangziyuetai.fang.com/
Logger:2020-03-16 14:03:17.469508 https://zhonggangcheng0513.fang.com/
Logger:2020-03-16 14:03:21.554522 https://nt.newhouse.fang.com/house/1818148102.htm
Logger:2020-03-16 14:03:25.037205 https://nt.newhouse.fang.com/house/s/b911/
Logger:2020-03-16 14:03:28.636623 https://nt.newhouse.fang.com/house/s/b912/
Logger:2020-03-16 14:03:32.090337 https://nt.newhouse.fang.com/house/s/b913/
