Logger:2020-03-16 16:24:03.676943 https://panjin.newhouse.fang.com/house/s/b91/
Logger:2020-03-16 16:24:05.012225 https://xiaguangfu.fang.com/
Logger:2020-03-16 16:24:05.387222 https://zbstctaijun.fang.com/
Logger:2020-03-16 16:24:05.775185 https://hengdahuafu0427.fang.com/
Logger:2020-03-16 16:24:06.130769 https://tiangehsgg.fang.com/
Logger:2020-03-16 16:24:06.491343 https://dongfangyinzuogongguan0427.fang.com/
Logger:2020-03-16 16:24:12.166650 https://pjlangrunyuan.fang.com/
Logger:2020-03-16 16:24:12.603482 https://jfhuanlesong.fang.com/
Logger:2020-03-16 16:24:13.520572 https://rongshengxiangtirongfu.fang.com/
Logger:2020-03-16 16:24:14.507969 https://guojichengad.fang.com/
Logger:2020-03-16 16:24:14.860627 https://kaixuanchengzj.fang.com/
Logger:2020-03-16 16:24:15.502082 https://jinggongfudi.fang.com/
Logger:2020-03-16 16:24:15.840134 https://shengjinhuadurs.fang.com/
Logger:2020-03-16 16:24:16.159280 https://tangning10haozb.fang.com/
Logger:2020-03-16 16:24:16.522183 https://liaohezuoan.fang.com/
Logger:2020-03-16 16:24:20.229010 https://kangqiaobc.fang.com/
Logger:2020-03-16 16:24:27.626690 https://shuixiechunchengtl.fang.com/
Logger:2020-03-16 16:24:27.949849 https://yongdesihe.fang.com/
Logger:2020-03-16 16:24:28.790272 https://chengshizx.fang.com/
Logger:2020-03-16 16:24:31.699733 https://lskqyufu.fang.com/
Logger:2020-03-16 16:24:32.026858 https://nanhugongyuan.fang.com/
Logger:2020-03-16 16:24:35.877067 https://panjin.newhouse.fang.com/house/s/b92/
Logger:2020-03-16 16:24:36.120417 https://jinshangyangguang.fang.com/
Logger:2020-03-16 16:24:36.433604 https://huafaxincheng0427.fang.com/
Logger:2020-03-16 16:24:38.927606 https://jingangcuiyuan.fang.com/
Logger:2020-03-16 16:24:40.253235 https://zbstcyy.fang.com/
Logger:2020-03-16 16:24:40.599358 https://fywqgjc.fang.com/
Logger:2020-03-16 16:24:42.931457 https://chenxiangyangshengwenhuaxiaozhen.fang.com/
Logger:2020-03-16 16:24:46.588458 https://panjin.newhouse.fang.com/house/s/b93/
Logger:2020-03-16 16:24:50.258117 https://panjin.newhouse.fang.com/house/s/b94/
Logger:2020-03-16 16:24:53.896910 https://panjin.newhouse.fang.com/house/s/b95/
