Logger:2020-03-16 20:38:35.792093 https://panzhihua.newhouse.fang.com/house/s/b91/
Logger:2020-03-16 20:38:36.146146 https://jbbsmytygkydjq.fang.com/
Logger:2020-03-16 20:38:37.973687 https://hengdacheng0812.fang.com/
Logger:2020-03-16 20:38:38.299815 https://jinkejimeiyangguang0812.fang.com/
Logger:2020-03-16 20:38:38.737645 https://hzwxc0812.fang.com/
Logger:2020-03-16 20:38:39.107684 https://zhongyanggongyuan0812.fang.com/
Logger:2020-03-16 20:38:39.454722 https://jinyuyangguangycjh.fang.com/
Logger:2020-03-16 20:38:39.850665 https://gaoyuyufeng.fang.com/
Logger:2020-03-16 20:38:40.155911 https://jintaiguanlanwan.fang.com/
Logger:2020-03-16 20:38:43.186041 https://yintaicheng0812.fang.com/
Logger:2020-03-16 20:38:43.492224 https://jinhaishijicheng.fang.com/
Logger:2020-03-16 20:38:43.822884 https://yujingchenghz.fang.com/
Logger:2020-03-16 20:38:46.369915 https://lingyu0812.fang.com/
Logger:2020-03-16 20:38:46.690100 https://demingputiyuanpzh.fang.com/
Logger:2020-03-16 20:38:47.001722 https://pudayangguang.fang.com/
Logger:2020-03-16 20:38:47.320336 https://174480.fang.com/
Logger:2020-03-16 20:38:47.610496 https://yintaichengtaiyuefu.fang.com/
Logger:2020-03-16 20:38:47.910692 https://meiyuguojikangyangxiaozhenyd.fang.com/
Logger:2020-03-16 20:38:51.321895 https://0812hzzymc.fang.com/
Logger:2020-03-16 20:38:51.598784 https://hsgjsq.fang.com/
Logger:2020-03-16 20:38:51.905028 https://jhsjdh.fang.com/
Logger:2020-03-16 20:38:55.601075 https://panzhihua.newhouse.fang.com/house/s/b92/
Logger:2020-03-16 20:38:55.899943 https://yangguanghuachengld.fang.com/
Logger:2020-03-16 20:38:56.171248 https://ymygkysq.fang.com/
Logger:2020-03-16 20:38:56.442482 https://linyeshuiyunjian.fang.com/
Logger:2020-03-16 20:38:56.785446 https://hongshanguoji.fang.com/
Logger:2020-03-16 20:38:59.704172 https://xinchengjinxiu0812.fang.com/2/
Logger:2020-03-16 20:39:04.463179 https://madelimashang.fang.com/2/
Logger:2020-03-16 20:39:04.769502 https://yintaichengtaiyueju.fang.com/
Logger:2020-03-16 20:39:05.056233 https://lvchengshuijie.fang.com/
Logger:2020-03-16 20:39:05.310168 https://fuguangjincheng2.fang.com/
Logger:2020-03-16 20:39:05.618280 https://yangguangxishanchunxiao.fang.com/
Logger:2020-03-16 20:39:05.905549 https://biguiyuan0812.fang.com/
Logger:2020-03-16 20:39:09.908284 https://panzhihua.newhouse.fang.com/house/s/b93/
Logger:2020-03-16 20:39:14.130985 https://panzhihua.newhouse.fang.com/house/s/b94/
Logger:2020-03-16 20:39:18.009035 https://panzhihua.newhouse.fang.com/house/s/b95/
