Logger:2020-03-16 14:46:41.985254 https://peixian.newhouse.fang.com/house/s/b91/
Logger:2020-03-16 14:46:42.264507 https://zjwhjy.fang.com/
Logger:2020-03-16 14:46:42.583653 https://peigongguanbgy.fang.com/
Logger:2020-03-16 14:46:52.816322 https://gongyuandaoyihao0516.fang.com/
Logger:2020-03-16 14:46:53.181302 https://gefengjiayuan.fang.com/
Logger:2020-03-16 14:47:00.774020 https://dxlxt.fang.com/
Logger:2020-03-16 14:47:01.053243 https://lukazhuangyuanpx.fang.com/
Logger:2020-03-16 14:47:01.335489 https://huayuyuecheng0516.fang.com/
Logger:2020-03-16 14:47:01.669596 https://zjwcy.fang.com/
Logger:2020-03-16 14:47:01.997755 https://lvchenglanyuan0516.fang.com/
Logger:2020-03-16 14:47:02.246076 https://xdsht0516.fang.com/
Logger:2020-03-16 14:47:02.553255 https://huayushangcheng0516.fang.com/
Logger:2020-03-16 14:47:02.897342 https://yulanwanct.fang.com/
Logger:2020-03-16 14:47:03.181550 https://hanchengyuanzhu.fang.com/
Logger:2020-03-16 14:47:03.403032 https://yilongxinhanchengpx.fang.com/
Logger:2020-03-16 14:47:08.422529 https://shimaoyunze.fang.com/
Logger:2020-03-16 14:47:08.761622 https://zjwhy0516.fang.com/
Logger:2020-03-16 14:47:09.047874 https://hanrunfu.fang.com/
Logger:2020-03-16 14:47:09.334091 https://qczyxf.fang.com/
Logger:2020-03-16 14:47:09.660218 https://gxwlc2.fang.com/
Logger:2020-03-16 14:47:09.950442 https://ailunbaopeixian.fang.com/
Logger:2020-03-16 14:47:13.566792 https://peixian.newhouse.fang.com/house/s/b92/
Logger:2020-03-16 14:47:13.779199 https://yujingxincheng0516.fang.com/
Logger:2020-03-16 14:47:14.080437 https://xiyuefuls.fang.com/
Logger:2020-03-16 14:47:14.393556 https://xiangjianghuacheng20516.fang.com/
Logger:2020-03-16 14:47:14.668820 https://jinyuxiangcheng.fang.com/
Logger:2020-03-16 14:47:14.953135 https://qcswq.fang.com/
Logger:2020-03-16 14:47:15.213363 https://lcgjgc.fang.com/
Logger:2020-03-16 14:47:20.366576 https://guojiqichechengzy.fang.com/
Logger:2020-03-16 14:47:23.953057 https://peixian.newhouse.fang.com/house/s/b93/
Logger:2020-03-16 14:47:27.433735 https://peixian.newhouse.fang.com/house/s/b94/
Logger:2020-03-16 14:47:31.243544 https://peixian.newhouse.fang.com/house/s/b95/
