Logger:2020-03-16 20:59:32.084760 https://pengzhou.newhouse.fang.com/house/s/b91/
Logger:2020-03-16 20:59:32.370994 https://tianxizrty.fang.com/
Logger:2020-03-16 20:59:32.657088 https://yuefumxsl.fang.com/
Logger:2020-03-16 20:59:32.992817 https://mdbgygls.fang.com/
Logger:2020-03-16 20:59:33.326923 https://mudanmingvchengpz.fang.com/
Logger:2020-03-16 20:59:33.614215 https://danjunhuanzx.fang.com/
Logger:2020-03-16 20:59:33.873461 https://cxjcgjpengzhou.fang.com/
Logger:2020-03-16 20:59:34.251566 https://pengzhouwoju.fang.com/
Logger:2020-03-16 20:59:34.542504 https://jinxiushangchengpz.fang.com/
Logger:2020-03-16 20:59:34.863644 https://pzhy.fang.com/
Logger:2020-03-16 20:59:35.169825 https://lcmdypengzhou.fang.com/
Logger:2020-03-16 20:59:35.516898 https://tlsjhfpzou.fang.com/
Logger:2020-03-16 20:59:40.260604 https://jiazhaoyejinyuduhui.fang.com/
Logger:2020-03-16 20:59:40.557810 https://xianlinguxiangzx028.fang.com/
Logger:2020-03-16 20:59:40.837062 https://pengzhoujxyijingyuan.fang.com/
Logger:2020-03-16 20:59:41.321086 https://pzshanglinyuan.fang.com/
Logger:2020-03-16 20:59:41.616345 https://pzdsydongshunyuan.fang.com/
Logger:2020-03-16 20:59:41.899610 https://pengzhouhdhy.fang.com/
Logger:2020-03-16 20:59:42.191828 https://beichengshijigongyuanpengzhou.fang.com/
Logger:2020-03-16 20:59:42.497011 https://junyuehaoting028.fang.com/
Logger:2020-03-16 20:59:42.830121 https://lidufuzx.fang.com/
Logger:2020-03-16 20:59:46.975712 https://pengzhou.newhouse.fang.com/house/s/b92/
Logger:2020-03-16 20:59:47.401072 https://pzyiyaogang.fang.com/
Logger:2020-03-16 20:59:47.743119 https://zhixinlidao028.fang.com/
Logger:2020-03-16 20:59:48.075230 https://zjnxsdgcpengzhou.fang.com/
Logger:2020-03-16 20:59:55.434190 https://scgjpzhou.fang.com/
Logger:2020-03-16 20:59:55.729401 https://pengzhoudaotpy.fang.com/
Logger:2020-03-16 20:59:56.047550 https://chengdumengyang.fang.com/
Logger:2020-03-16 21:00:12.777443 https://hljypengz.fang.com/
Logger:2020-03-16 21:00:13.086549 https://yinhegu.fang.com/
Logger:2020-03-16 21:00:13.371786 https://zxtycpz.fang.com/
Logger:2020-03-16 21:00:13.712284 https://shuimojiangshanpz.fang.com/
Logger:2020-03-16 21:00:24.085432 https://qilixiangxipengzhou.fang.com/
Logger:2020-03-16 21:00:39.466531 https://pengzbglgguan.fang.com/
Logger:2020-03-16 21:00:47.331216 https://pengzhousnhypz.fang.com/
Logger:2020-03-16 21:00:47.677354 https://hengchangguizhupz.fang.com/
Logger:2020-03-16 21:00:48.045890 https://hangliccpz.fang.com/
Logger:2020-03-16 21:00:48.424950 https://pengzhoumdwhgc.fang.com/
Logger:2020-03-16 21:00:48.715135 https://xihuancaifuguangchang.fang.com/
Logger:2020-03-16 21:00:49.012306 https://yunjinhuafupengzhou.fang.com/
Logger:2020-03-16 21:00:49.338204 https://hscymd.fang.com/
Logger:2020-03-16 21:00:55.260719 https://ttxtpz.fang.com/
Logger:2020-03-16 21:01:01.691201 https://pengzhou.newhouse.fang.com/house/s/b93/
Logger:2020-03-16 21:01:01.891744 https://lianchenggongguanbm.fang.com/
Logger:2020-03-16 21:01:06.006627 https://pengzhou.newhouse.fang.com/house/s/b94/
Logger:2020-03-16 21:01:09.480676 https://pengzhou.newhouse.fang.com/house/s/b95/
Logger:2020-03-16 21:01:13.120535 https://pengzhou.newhouse.fang.com/house/s/b96/
