Logger:2020-03-17 00:52:26.834895 https://pinghu.newhouse.fang.com/house/s/b91/
Logger:2020-03-17 00:52:27.123082 https://weilanbgy0573.fang.com/
Logger:2020-03-17 00:52:27.373413 https://chunjiangtianxilh2.fang.com/
Logger:2020-03-17 00:52:27.634750 https://shengshibandaoxl.fang.com/
Logger:2020-03-17 00:52:29.650352 https://jiuyuewanhlb0573.fang.com/
Logger:2020-03-17 00:52:29.954552 https://wanjiahuachengbj0573.fang.com/
Logger:2020-03-17 00:52:30.205916 https://linglongwanzy0573.fang.com/
Logger:2020-03-17 00:52:30.460156 https://guojijinkoushangpincheng.fang.com/
Logger:2020-03-17 00:52:30.708500 https://xihechengpinzt.fang.com/
Logger:2020-03-17 00:52:31.008687 https://binhaizhixing2.fang.com/
Logger:2020-03-17 00:52:32.573536 https://mingruifuzz0573.fang.com/
Logger:2020-03-17 00:52:34.656932 https://fanhuadongfucheng0573.fang.com/
Logger:2020-03-17 00:52:36.588760 https://jiulongshanyihao.fang.com/
Logger:2020-03-17 00:52:36.871044 https://yujingwanhdph.fang.com/
Logger:2020-03-17 00:52:37.138291 https://pinghuyihaozy2.fang.com/
Logger:2020-03-17 00:52:37.428513 https://xinchengjinyue2.fang.com/
Logger:2020-03-17 00:52:37.699787 https://yuejunxc.fang.com/
Logger:2020-03-17 00:52:38.008017 https://zhongnanlongyuefu.fang.com/
Logger:2020-03-17 00:52:38.298190 https://cuicantianyuesm20573.fang.com/
Logger:2020-03-17 00:52:41.381937 https://xinyuefuzn0573.fang.com/
Logger:2020-03-17 00:52:41.629275 https://rfgjsygc.fang.com/
Logger:2020-03-17 00:52:45.137932 https://pinghu.newhouse.fang.com/house/s/b92/
Logger:2020-03-17 00:52:45.364285 https://haiyuefurc2.fang.com/
Logger:2020-03-17 00:52:45.636601 https://zichenlhzyph.fang.com/
Logger:2020-03-17 00:52:47.907519 https://xijingchengpinzt.fang.com/
Logger:2020-03-17 00:52:48.201693 https://yunqiwanjd.fang.com/
Logger:2020-03-17 00:52:48.758205 https://haiyuefenghua0573.fang.com/
Logger:2020-03-17 00:52:49.015580 https://fushengtiandi0573.fang.com/
Logger:2020-03-17 00:52:49.259904 https://chunjianglichenglh2.fang.com/
Logger:2020-03-17 00:52:49.564048 https://jiayuemingdujk0573.fang.com/
Logger:2020-03-17 00:52:49.796471 https://mingyuehuating0573.fang.com/
Logger:2020-03-17 00:52:50.072719 https://znzrhsmy2.fang.com/
Logger:2020-03-17 00:52:50.338975 https://jiangnanyuerc2.fang.com/
Logger:2020-03-17 00:52:52.081361 https://hongyuefuzn0573.fang.com/
Logger:2020-03-17 00:52:52.312737 https://manyuewanznph.fang.com/
Logger:2020-03-17 00:52:52.566049 https://heshanyuedd.fang.com/
Logger:2020-03-17 00:52:56.162398 https://pinghu.newhouse.fang.com/house/s/b93/
Logger:2020-03-17 00:52:59.756782 https://pinghu.newhouse.fang.com/house/s/b94/
Logger:2020-03-17 00:53:03.249476 https://pinghu.newhouse.fang.com/house/s/b95/
