Logger:2020-03-15 23:35:23.984802 https://pingtan.newhouse.fang.com/house/s/b91/
Logger:2020-03-15 23:35:24.253110 https://pingtanlanwanzhengrongfu.fang.com/
Logger:2020-03-15 23:35:24.592202 https://dingxinyuehaiwanxl.fang.com/
Logger:2020-03-15 23:35:24.968196 https://dingxinjinhaiwanxl.fang.com/
Logger:2020-03-15 23:35:25.406018 https://yongjinwanpt.fang.com/
Logger:2020-03-15 23:35:25.752100 https://rongxinlanchen0591.fang.com/
Logger:2020-03-15 23:35:26.103658 https://pingtanhengdamingdu.fang.com/
Logger:2020-03-15 23:35:26.421807 https://heyuecaifutianxia.fang.com/
Logger:2020-03-15 23:35:28.352542 https://changfuqilinwan.fang.com/
Logger:2020-03-15 23:35:28.707595 https://ziyufuzh.fang.com/
Logger:2020-03-15 23:35:29.070622 https://feicuilanduay.fang.com/
Logger:2020-03-15 23:35:29.418590 https://pingtanhengdayujingwan.fang.com/
Logger:2020-03-15 23:35:31.385429 https://guojihaianptss.fang.com/
Logger:2020-03-15 23:35:31.771905 https://zhengrongrunhaipingtan.fang.com/
Logger:2020-03-15 23:35:32.132088 https://zhonghuihaiyu.fang.com/
Logger:2020-03-15 23:35:32.487122 https://199668.fang.com/
Logger:2020-03-15 23:35:32.893027 https://zhengrongyuhuwan.fang.com/
Logger:2020-03-15 23:35:33.234962 https://fuchunchengwd.fang.com/
Logger:2020-03-15 23:35:33.556470 https://xhwyh.fang.com/
Logger:2020-03-15 23:35:33.889806 https://rxdwc.fang.com/
Logger:2020-03-15 23:35:34.285785 https://pingtanzhengrongfuguandi.fang.com/
Logger:2020-03-15 23:35:37.600096 https://pingtan.newhouse.fang.com/house/s/b92/
Logger:2020-03-15 23:35:37.833324 https://cuicanxihusm.fang.com/
Logger:2020-03-15 23:35:38.242103 https://hxryc.fang.com/
Logger:2020-03-15 23:35:38.612133 https://pthxc.fang.com/
Logger:2020-03-15 23:35:39.181629 https://zijinfuzh.fang.com/
Logger:2020-03-15 23:35:39.734636 https://binhaijuntianxia.fang.com/
Logger:2020-03-15 23:35:40.319421 https://haitangucheng.fang.com/
Logger:2020-03-15 23:35:40.674471 https://cairunshanhaiguan.fang.com/
Logger:2020-03-15 23:35:41.056450 https://guanchenghaiyuntianhua.fang.com/
Logger:2020-03-15 23:35:41.385249 https://wanbaochengpingtan.fang.com/
Logger:2020-03-15 23:35:41.885534 https://zhongfuguangchangpingtan.fang.com/
Logger:2020-03-15 23:35:44.214343 https://haijingguojiyc.fang.com/
Logger:2020-03-15 23:35:44.733883 https://ruyichengyunzuohx.fang.com/
Logger:2020-03-15 23:35:45.072976 https://wangdabinhaiguoji.fang.com/
Logger:2020-03-15 23:35:45.398152 https://haishengchengpingtan.fang.com/
Logger:2020-03-15 23:35:45.815547 https://pingtanzunjieguangchang.fang.com/
Logger:2020-03-15 23:35:48.349663 https://zhongfuguangchang2.fang.com/
Logger:2020-03-15 23:35:48.704714 https://minghuizhongyangjiequ.fang.com/
Logger:2020-03-15 23:35:52.366333 https://pingtan.newhouse.fang.com/house/s/b93/
Logger:2020-03-15 23:35:55.943512 https://pingtan.newhouse.fang.com/house/s/b94/
Logger:2020-03-15 23:35:59.432076 https://pingtan.newhouse.fang.com/house/s/b95/
