Logger:2020-03-16 09:20:43.337400 https://pingdingshan.newhouse.fang.com/house/s/b91/
Logger:2020-03-16 09:20:43.672796 https://biguiyuan0375.fang.com/
Logger:2020-03-16 09:20:43.958786 https://junruifuhd0375.fang.com/
Logger:2020-03-16 09:20:45.925245 https://hengdamingdu0375.fang.com/
Logger:2020-03-16 09:20:46.337100 https://yihaoyuanzl0375.fang.com/
Logger:2020-03-16 09:20:46.720226 https://jiulongguangchang0375.fang.com/
Logger:2020-03-16 09:20:47.016229 https://xinkaiyuanqt.fang.com/
Logger:2020-03-16 09:20:47.290503 https://guojimingduch.fang.com/
Logger:2020-03-16 09:20:47.546192 https://hclwcy.fang.com/
Logger:2020-03-16 09:20:47.922114 https://yujingbandaohd0375.fang.com/
Logger:2020-03-16 09:20:48.220641 https://linximeidicl.fang.com/
Logger:2020-03-16 09:20:48.493238 https://dadicheng0375.fang.com/
Logger:2020-03-16 09:20:48.811014 https://caihongxiaoqukd0375.fang.com/
Logger:2020-03-16 09:20:49.175164 https://lsxxfc0375.fang.com/
Logger:2020-03-16 09:20:49.490760 https://lingshiguandacheng.fang.com/
Logger:2020-03-16 09:20:49.779754 https://jyctl0375.fang.com/
Logger:2020-03-16 09:20:50.047503 https://yingchengshangwuzhongxin.fang.com/
Logger:2020-03-16 09:20:50.365004 https://guojihuaduld0375.fang.com/
Logger:2020-03-16 09:20:53.154195 https://yulongwanhx0375.fang.com/
Logger:2020-03-16 09:20:53.423894 https://ruixinghua0375yuan.fang.com/
Logger:2020-03-16 09:20:53.755508 https://donghuwf0375.fang.com/3/
Logger:2020-03-16 09:20:57.025809 https://pingdingshan.newhouse.fang.com/house/s/b92/
Logger:2020-03-16 09:20:57.311002 https://yihaogongguanls0375.fang.com/
Logger:2020-03-16 09:20:59.322850 https://yinjiyufu.fang.com/
Logger:2020-03-16 09:20:59.911849 https://jysbc0375.fang.com/
Logger:2020-03-16 09:21:00.474433 https://tianxipdsbgy.fang.com/
Logger:2020-03-16 09:21:01.067951 https://tiananmingjun.fang.com/
Logger:2020-03-16 09:21:01.341096 https://shanghaiyingxiangyh.fang.com/
Logger:2020-03-16 09:21:01.625679 https://guobinfuld0375.fang.com/
Logger:2020-03-16 09:21:01.941353 https://jtxtd.fang.com/
Logger:2020-03-16 09:21:02.290936 https://hssdgc0375.fang.com/
Logger:2020-03-16 09:21:02.562639 https://hongshengguoji0375.fang.com/
Logger:2020-03-16 09:21:02.815356 https://yingguofubgy0375.fang.com/
Logger:2020-03-16 09:21:03.150438 https://biguiyuanjx0375.fang.com/
Logger:2020-03-16 09:21:03.468032 https://ruzhoujianyeguiyuan.fang.com/
Logger:2020-03-16 09:21:03.751274 https://pingxizunfujy.fang.com/
Logger:2020-03-16 09:21:04.016720 https://kaixuanguoji0375.fang.com/
Logger:2020-03-16 09:21:04.607337 https://xihuyinxiang.fang.com/
Logger:2020-03-16 09:21:04.969758 https://xinshijieza0375.fang.com/
Logger:2020-03-16 09:21:05.239668 https://yinghuanghuayuan.fang.com/
Logger:2020-03-16 09:21:05.542855 https://yujingxuefu.fang.com/1/
Logger:2020-03-16 09:21:06.749149 https://wg.newhouse.fang.com/house/2550834195.htm
Logger:2020-03-16 09:21:10.716394 https://pingdingshan.newhouse.fang.com/house/s/b93/
Logger:2020-03-16 09:21:13.139470 https://djhfls0375.fang.com/
Logger:2020-03-16 09:21:13.455132 https://xintiandizj0375.fang.com/
Logger:2020-03-16 09:21:13.739119 https://yunchuangxiaozhen.fang.com/
Logger:2020-03-16 09:21:13.981153 https://wzgjsmc0375.fang.com/
Logger:2020-03-16 09:21:14.298127 https://haojingwan0375.fang.com/
Logger:2020-03-16 09:21:14.600331 https://tonghefuwgjy.fang.com/
Logger:2020-03-16 09:21:14.916550 https://lanchenglijing.fang.com/
Logger:2020-03-16 09:21:15.213828 https://shidaixinchengys.fang.com/
Logger:2020-03-16 09:21:15.518222 https://yanhuxinchengjf0375.fang.com/
Logger:2020-03-16 09:21:15.994090 https://ysgg0375.fang.com/
Logger:2020-03-16 09:21:23.175663 https://jiutianchengjs.fang.com/4/
Logger:2020-03-16 09:21:23.498591 https://bhgmzx.fang.com/
Logger:2020-03-16 09:21:25.193617 https://shengrunguangchangpds.fang.com/
Logger:2020-03-16 09:21:26.460369 https://ydsjrywg0375.fang.com/
Logger:2020-03-16 09:21:26.997285 https://sanheyuanwg0375.fang.com/
Logger:2020-03-16 09:21:27.274551 https://zhongfangrongyu.fang.com/
Logger:2020-03-16 09:21:27.858732 https://fenglinhuayuan0375.fang.com/
Logger:2020-03-16 09:21:28.125851 https://mingzhushijicheng.fang.com/2/
Logger:2020-03-16 09:21:28.903062 https://dijiashangcheng.fang.com/
Logger:2020-03-16 09:21:29.144227 https://longhuyihaogyl0375.fang.com/3/
Logger:2020-03-16 09:21:32.913644 https://pingdingshan.newhouse.fang.com/house/s/b94/
Logger:2020-03-16 09:21:33.215636 https://wg.newhouse.fang.com/house/2550834197.htm
Logger:2020-03-16 09:21:33.770334 https://shijijincheng0375.fang.com/
Logger:2020-03-16 09:21:35.136110 https://ruzhoudashidai0375.fang.com/
Logger:2020-03-16 09:21:35.393765 https://bishuixiangshu.fang.com/
Logger:2020-03-16 09:21:36.009112 https://jygmf.fang.com/
Logger:2020-03-16 09:21:36.279628 https://ssyj0375.fang.com/
Logger:2020-03-16 09:21:37.677400 https://pingtianxia.fang.com/
Logger:2020-03-16 09:21:37.973632 https://yujingshanshui.fang.com/
Logger:2020-03-16 09:21:38.277372 https://chuangtouhuayuan0375.fang.com/
Logger:2020-03-16 09:21:38.522514 https://dongchengguojihy.fang.com/
Logger:2020-03-16 09:21:38.779933 https://wucaichengycsm.fang.com/
Logger:2020-03-16 09:21:39.137451 https://huizeyuan0375.fang.com/4/
Logger:2020-03-16 09:21:39.459916 https://zihechenggmzx0375.fang.com/
Logger:2020-03-16 09:21:39.730247 https://nongboyuanxs0375.fang.com/
Logger:2020-03-16 09:21:40.157044 https://tydts.fang.com/
Logger:2020-03-16 09:21:41.761642 https://huashengguoji0375.fang.com/
Logger:2020-03-16 09:21:42.018897 https://wgsyht.fang.com/
Logger:2020-03-16 09:21:42.340546 https://jyslbdyxf.fang.com/4/
Logger:2020-03-16 09:21:42.574807 https://xinduhuiyl0375.fang.com/
Logger:2020-03-16 09:21:42.844505 https://xibaojinyuan0375.fang.com/
Logger:2020-03-16 09:21:46.539630 https://pingdingshan.newhouse.fang.com/house/s/b95/
Logger:2020-03-16 09:21:47.928954 https://wg.newhouse.fang.com/house/2550834199.htm
Logger:2020-03-16 09:21:48.203256 https://yujinglongting0375.fang.com/
Logger:2020-03-16 09:21:48.759085 https://juchengjianguomen0375.fang.com/
Logger:2020-03-16 09:21:49.204932 https://baiheyuan0375.fang.com/
Logger:2020-03-16 09:21:49.632283 https://caifuguangchanggr.fang.com/
Logger:2020-03-16 09:21:52.376636 https://taibeijinghua.fang.com/
Logger:2020-03-16 09:21:52.661697 https://wg.newhouse.fang.com/house/2550834203.htm
Logger:2020-03-16 09:21:52.992805 https://sanlizhaiyuanth0375.fang.com/
Logger:2020-03-16 09:21:53.660980 https://hongru360gc0375.fang.com/
Logger:2020-03-16 09:21:54.263989 https://longbocheng0375.fang.com/3/
Logger:2020-03-16 09:21:54.556328 https://lanjingguoji0375.fang.com/
Logger:2020-03-16 09:21:54.825336 https://xhyygc0375.fang.com/
Logger:2020-03-16 09:21:55.117130 https://qimaochengbf0375.fang.com/
Logger:2020-03-16 09:21:57.079475 https://yljcjjwjc0375.fang.com/
Logger:2020-03-16 09:21:57.340775 https://ruhangshengzhuangyuandonghu.fang.com/
Logger:2020-03-16 09:21:57.607995 https://wanhuichengmingduhui.fang.com/3/
Logger:2020-03-16 09:21:57.941907 https://longbojinjie0375.fang.com/
Logger:2020-03-16 09:21:58.243087 https://qinghuajiayuan0375.fang.com/2
Logger:2020-03-16 09:21:58.814601 https://wg.newhouse.fang.com/house/2550834193.htm
Logger:2020-03-16 09:21:59.050981 https://shengxihuayuan3.fang.com/
Logger:2020-03-16 09:22:03.069028 https://pingdingshan.newhouse.fang.com/house/s/b96/
Logger:2020-03-16 09:22:04.443486 https://xinchengguoji0375.fang.com/
Logger:2020-03-16 09:22:05.052718 https://jindingdasha0375.fang.com/
Logger:2020-03-16 09:22:05.396643 https://hgywqszgy.fang.com/
Logger:2020-03-16 09:22:05.958753 https://lvzhouwangsongwenhuaguangchang0375.fang.com/
Logger:2020-03-16 09:22:06.443014 https://aqhgwgy0375.fang.com/
Logger:2020-03-16 09:22:07.161638 https://wg.newhouse.fang.com/house/2550834191.htm
Logger:2020-03-16 09:22:07.569578 https://aqhgwzx.fang.com/1/
Logger:2020-03-16 09:22:11.379041 https://pingdingshan.newhouse.fang.com/house/s/b97/
Logger:2020-03-16 09:22:14.995341 https://pingdingshan.newhouse.fang.com/house/s/b98/
Logger:2020-03-16 09:22:18.724071 https://pingdingshan.newhouse.fang.com/house/s/b99/
