Logger:2020-03-16 08:31:07.780226 https://pingliang.newhouse.fang.com/house/s/b91/
Logger:2020-03-16 08:31:08.091905 https://lanyaqinhewan0933.fang.com/
Logger:2020-03-16 08:31:08.404779 https://plxhw.fang.com/
Logger:2020-03-16 08:31:08.779242 https://mingfaouzhoucheng.fang.com/
Logger:2020-03-16 08:31:09.076048 https://shijihuayuanbqu3qi.fang.com/
Logger:2020-03-16 08:31:09.388550 https://jinghailidu0933.fang.com/
Logger:2020-03-16 08:31:09.685278 https://plmxjy.fang.com/
Logger:2020-03-16 08:31:10.013694 https://tianlinlongxinyuan.fang.com/
Logger:2020-03-16 08:31:10.263341 https://pljjmf.fang.com/
Logger:2020-03-16 08:31:15.450800 https://xcrw.fang.com/
Logger:2020-03-16 08:31:15.716869 https://xuanhexinchengbqu.fang.com/
Logger:2020-03-16 08:31:15.966845 https://longhuijiayuan.fang.com/
Logger:2020-03-16 08:31:16.263107 https://yhhypl.fang.com/
Logger:2020-03-16 08:31:24.515266 https://xijingyuanxingangwan.fang.com/
Logger:2020-03-16 08:31:29.863195 https://pingliang.newhouse.fang.com/house/3717189174.htm
Logger:2020-03-16 08:31:30.117683 https://beifangyuan.fang.com/
Logger:2020-03-16 08:31:30.492050 https://pljjfy.fang.com/
Logger:2020-03-16 08:31:38.325522 https://138434.fang.com/
Logger:2020-03-16 08:31:38.652872 https://pinglianghpjy.fang.com/
Logger:2020-03-16 08:31:38.902833 https://plsjhyb.fang.com/
Logger:2020-03-16 08:31:39.137468 https://jjxcpingliang.fang.com/
Logger:2020-03-16 08:31:42.763828 https://pingliang.newhouse.fang.com/house/s/b92/
Logger:2020-03-16 08:31:45.793972 https://plshjy.fang.com/
Logger:2020-03-16 08:31:46.060161 https://138432.fang.com/
Logger:2020-03-16 08:31:46.340902 https://axlw.fang.com/
Logger:2020-03-16 08:31:46.606328 https://jindingshidai0933.fang.com/
Logger:2020-03-16 08:31:47.044263 https://jindingshidaiguangchang.fang.com/
Logger:2020-03-16 08:31:47.325428 https://xinshijishangxiabzuo.fang.com/
Logger:2020-03-16 08:31:47.606044 https://xtgcpl.fang.com/
Logger:2020-03-16 08:31:47.872102 https://xingtaiguangchangshangpu.fang.com/
Logger:2020-03-16 08:31:54.014343 https://xichengguoji0933.fang.com/
Logger:2020-03-16 08:31:54.311158 https://duoyundasha.fang.com/
Logger:2020-03-16 08:31:54.576708 https://hongdaguosheng.fang.com/
Logger:2020-03-16 08:32:00.263623 https://pingliangyiwuguojishangmaocheng.fang.com/
Logger:2020-03-16 08:32:03.906238 https://pingliang.newhouse.fang.com/house/s/b93/
Logger:2020-03-16 08:32:07.529997 https://pingliang.newhouse.fang.com/house/s/b94/
Logger:2020-03-16 08:32:10.997319 https://pingliang.newhouse.fang.com/house/s/b95/
