Logger:2020-03-16 15:13:05.443794 https://pingxiang.newhouse.fang.com/house/s/b91/
Logger:2020-03-16 15:13:05.783399 https://shoufuyihaopx.fang.com/
Logger:2020-03-16 15:13:07.106105 https://jinyutianxia0799.fang.com/
Logger:2020-03-16 15:13:07.445745 https://pxrundafu.fang.com/
Logger:2020-03-16 15:13:07.848715 https://puyueli.fang.com/
Logger:2020-03-16 15:13:08.175831 https://yulongwanrr.fang.com/
Logger:2020-03-16 15:13:08.498958 https://xiyuecheng0799.fang.com/
Logger:2020-03-16 15:13:08.809967 https://chengjikongjianzhanpxld.fang.com/
Logger:2020-03-16 15:13:09.168523 https://hanlinyuefu0799.fang.com/
Logger:2020-03-16 15:13:09.486743 https://xingyeyuefu.fang.com/
Logger:2020-03-16 15:13:10.946760 https://jjjjgchmlj.fang.com/
Logger:2020-03-16 15:13:11.299674 https://zdgjswds.fang.com/
Logger:2020-03-16 15:13:11.646744 https://shuimohuafu0799.fang.com/
Logger:2020-03-16 15:13:11.954919 https://tianrunfurong.fang.com/
Logger:2020-03-16 15:13:12.492846 https://zdssht.fang.com/
Logger:2020-03-16 15:13:12.812101 https://pxysmy.fang.com/
Logger:2020-03-16 15:13:13.163799 https://balichuntiansh.fang.com/
Logger:2020-03-16 15:13:13.552757 https://jingshenghaoting0799.fang.com/
Logger:2020-03-16 15:13:13.885868 https://pxhengdayufu.fang.com/
Logger:2020-03-16 15:13:16.451407 https://hengyidashapx.fang.com/
Logger:2020-03-16 15:13:16.826679 https://xcrdgyf.fang.com/
Logger:2020-03-16 15:13:20.120766 https://pingxiang.newhouse.fang.com/house/s/b92/
Logger:2020-03-16 15:13:20.435481 https://dongfangbali0799.fang.com/
Logger:2020-03-16 15:13:20.769617 https://zhongyanghuafu0799.fang.com/
Logger:2020-03-16 15:13:21.055874 https://zdjty.fang.com/
Logger:2020-03-16 15:13:21.582681 https://gongyuanyihaozhy.fang.com/
Logger:2020-03-16 15:13:21.958424 https://zhaojingyucheng.fang.com/
Logger:2020-03-16 15:13:22.283552 https://xdbinjiangguoji.fang.com/
Logger:2020-03-16 15:13:22.595718 https://yuehutianyu.fang.com/
Logger:2020-03-16 15:13:22.981543 https://biguiyuantaoyuanli.fang.com/
Logger:2020-03-16 15:13:23.301549 https://xiangshanhuafu0799.fang.com/
Logger:2020-03-16 15:13:23.631180 https://jiahegwgy.fang.com/
Logger:2020-03-16 15:13:23.960269 https://mengxiangtianjie.fang.com/
Logger:2020-03-16 15:13:24.377627 https://chengshisenlindh.fang.com/
Logger:2020-03-16 15:13:24.743682 https://jiangshanyujing0799.fang.com/
Logger:2020-03-16 15:13:25.760782 https://yonghuating0799.fang.com/
Logger:2020-03-16 15:13:26.088490 https://kxxgl.fang.com/
Logger:2020-03-16 15:13:26.416680 https://cssf.fang.com/
Logger:2020-03-16 15:13:26.771589 https://slbgytl.fang.com/
Logger:2020-03-16 15:13:27.105714 https://bcyp.fang.com/
Logger:2020-03-16 15:13:27.418844 https://pxcfgg.fang.com/
Logger:2020-03-16 15:13:29.591740 https://quanhuxincheng.fang.com/
Logger:2020-03-16 15:13:32.890920 https://pingxiang.newhouse.fang.com/house/s/b93/
Logger:2020-03-16 15:13:33.171204 https://pxzyc.fang.com/
Logger:2020-03-16 15:13:33.486295 https://nanjian.fang.com/
Logger:2020-03-16 15:13:33.831444 https://pxmjh.fang.com/
Logger:2020-03-16 15:13:34.260095 https://shangwuzhongxinhq.fang.com/
Logger:2020-03-16 15:13:35.955639 https://pxjinrongzhongxin.fang.com/
Logger:2020-03-16 15:13:36.263981 https://yutiangongguan.fang.com/
Logger:2020-03-16 15:13:36.573195 https://xxtyw.fang.com/
Logger:2020-03-16 15:13:36.969095 https://longhuayunjin.fang.com/
Logger:2020-03-16 15:13:37.302913 https://gantieyulongfu.fang.com/
Logger:2020-03-16 15:13:37.593618 https://lxbgy.fang.com/
Logger:2020-03-16 15:13:37.919741 https://pxbhrj.fang.com/
Logger:2020-03-16 15:13:38.538049 https://xinduhuiyj.fang.com/
Logger:2020-03-16 15:13:38.957441 https://ziyunjiayuan0799.fang.com/
Logger:2020-03-16 15:13:39.313363 https://sijihuacheng0799.fang.com/
Logger:2020-03-16 15:13:39.664430 https://rundaguoji0799.fang.com/
Logger:2020-03-16 15:13:39.952695 https://meiguiyuan0799.fang.com/
Logger:2020-03-16 15:13:40.337630 https://anyuanyihao.fang.com/
Logger:2020-03-16 15:13:40.650849 https://xingfulijx0799.fang.com/
Logger:2020-03-16 15:13:40.980006 https://wuchuhuadou.fang.com/
Logger:2020-03-16 15:13:41.319127 https://zhongyangbandaoyx.fang.com/
Logger:2020-03-16 15:13:44.680074 https://pingxiang.newhouse.fang.com/house/s/b94/
Logger:2020-03-16 15:13:44.998252 https://yuehushanzhuang0799.fang.com/
Logger:2020-03-16 15:13:45.365240 https://jinsewaitan0799.fang.com/
Logger:2020-03-16 15:13:45.671453 https://banshanhaoyuankj.fang.com/
Logger:2020-03-16 15:13:46.007885 https://pxsljinshuiwan.fang.com/
Logger:2020-03-16 15:13:46.365940 https://zyhm.fang.com/
Logger:2020-03-16 15:13:46.664144 https://shidaijingdian0799.fang.com/
Logger:2020-03-16 15:13:46.947355 https://pingshuichuntian.fang.com/
Logger:2020-03-16 15:13:47.293012 https://jiarizhuangyuan.fang.com/
Logger:2020-03-16 15:13:49.708967 https://xiguxiaozhen.fang.com/
Logger:2020-03-16 15:13:51.956093 https://dingfengyufu.fang.com/
Logger:2020-03-16 15:13:52.236325 https://wgsxhwqdjc.fang.com/
Logger:2020-03-16 15:13:52.564646 https://feicuichengsjgc.fang.com/
Logger:2020-03-16 15:13:56.025914 https://tianhongguangchang.fang.com/
Logger:2020-03-16 15:13:56.395434 https://enxingyuan.fang.com/
Logger:2020-03-16 15:13:56.696781 https://cuizhuyujing.fang.com/
Logger:2020-03-16 15:14:06.077195 https://yangguanghuayuangd.fang.com/
Logger:2020-03-16 15:14:06.637757 https://zggxpxncpwly.fang.com/
Logger:2020-03-16 15:14:07.948213 https://jianianhuacheng.fang.com/
Logger:2020-03-16 15:14:08.276335 https://slydsc.fang.com/
Logger:2020-03-16 15:14:10.631675 https://cbfhsnmsc.fang.com/
Logger:2020-03-16 15:14:13.923605 https://pingxiang.newhouse.fang.com/house/s/b95/
Logger:2020-03-16 15:14:14.241261 https://shengshifanghua.fang.com/
Logger:2020-03-16 15:14:14.554032 https://huangguanguojimh.fang.com/
Logger:2020-03-16 15:14:14.853269 https://wfshgc.fang.com/
Logger:2020-03-16 15:14:15.174450 https://fldgjshgc0799.fang.com/
Logger:2020-03-16 15:14:15.478143 https://zzqpc.fang.com/
Logger:2020-03-16 15:14:15.824841 https://gxgjwlg.fang.com/
Logger:2020-03-16 15:14:16.138595 https://xcllysc.fang.com/
Logger:2020-03-16 15:14:20.084117 https://pingxiang.newhouse.fang.com/house/s/b96/
Logger:2020-03-16 15:14:23.700813 https://pingxiang.newhouse.fang.com/house/s/b97/
Logger:2020-03-16 15:14:27.414664 https://pingxiang.newhouse.fang.com/house/s/b98/
