Logger:2020-03-16 14:25:13.527084 https://pizhou.newhouse.fang.com/house/s/b91/
Logger:2020-03-16 14:25:13.839292 https://hengdalinxijun0516.fang.com/
Logger:2020-03-16 14:25:14.114550 https://pizhouzythd.fang.com/
Logger:2020-03-16 14:25:14.452609 https://pzhglj.fang.com/
Logger:2020-03-16 14:25:14.833590 https://pzthsajc.fang.com/
Logger:2020-03-16 14:25:15.112885 https://pzdfmj.fang.com/
Logger:2020-03-16 14:25:15.378179 https://ruifenggongguan0516.fang.com/
Logger:2020-03-16 14:25:15.654394 https://biguiyuanfeicuiwan0516.fang.com/
Logger:2020-03-16 14:25:15.989498 https://pizhoubiguiyuan.fang.com/
Logger:2020-03-16 14:25:16.309702 https://pzgjwlc.fang.com/
Logger:2020-03-16 14:25:16.583908 https://pzlcgj.fang.com/
Logger:2020-03-16 14:25:16.910035 https://pizhouzlgbf.fang.com/
Logger:2020-03-16 14:25:17.269075 https://guomeishoufu.fang.com/
Logger:2020-03-16 14:25:17.533368 https://pzhonglidayinhewan.fang.com/
Logger:2020-03-16 14:25:18.873824 https://pizhoumsht.fang.com/
Logger:2020-03-16 14:25:19.174976 https://pzzklhls.fang.com/
Logger:2020-03-16 14:25:21.956534 https://xinsumingyuan.fang.com/
Logger:2020-03-16 14:25:22.228866 https://huichuanjunlinhuafu0516.fang.com/
Logger:2020-03-16 14:25:22.553937 https://pzyaobanggongguan.fang.com/
Logger:2020-03-16 14:25:22.854134 https://pzshuiyunhanfu.fang.com/
Logger:2020-03-16 14:25:23.107456 https://shiliuyunheshoufu.fang.com/
Logger:2020-03-16 14:25:26.946187 https://pizhou.newhouse.fang.com/house/s/b92/
Logger:2020-03-16 14:25:27.189631 https://yuelongwan1.fang.com/
Logger:2020-03-16 14:25:27.489733 https://hongjissht.fang.com/
Logger:2020-03-16 14:25:30.080801 https://pzzhonghuiguangchang.fang.com/
Logger:2020-03-16 14:25:30.343100 https://hdxsw.fang.com/
Logger:2020-03-16 14:25:30.620358 https://pzyuhuafu.fang.com/
Logger:2020-03-16 14:25:30.936555 https://yujingwan0516.fang.com/
Logger:2020-03-16 14:25:31.253663 https://pzxszx.fang.com/
Logger:2020-03-16 14:25:31.523940 https://pizhouyucuiyuan.fang.com/
Logger:2020-03-16 14:25:31.780292 https://hongjiyangguangshangcheng.fang.com/
Logger:2020-03-16 14:25:32.246009 https://pzhldjsw.fang.com/
Logger:2020-03-16 14:25:32.544211 https://xinchenggongyu0516.fang.com/
Logger:2020-03-16 14:25:32.876365 https://pizhouhcdxc.fang.com/
Logger:2020-03-16 14:25:33.120669 https://xylyc.fang.com/
Logger:2020-03-16 14:25:33.396992 https://taipingyanggouwuzhongxin.fang.com/
Logger:2020-03-16 14:25:36.847700 https://pizhou.newhouse.fang.com/house/s/b93/
Logger:2020-03-16 14:25:40.319411 https://pizhou.newhouse.fang.com/house/s/b94/
Logger:2020-03-16 14:25:43.831053 https://pizhou.newhouse.fang.com/house/s/b95/
