Logger:2020-03-16 23:55:55.997680 https://puer.newhouse.fang.com/house/s/b91/
Logger:2020-03-16 23:55:56.284521 https://yuelanshanju.fang.com/
Logger:2020-03-16 23:56:02.039121 https://dingchengguojipuer.fang.com/
Logger:2020-03-16 23:56:02.377231 https://puerjinfuhuayuan.fang.com/
Logger:2020-03-16 23:56:02.755449 https://puerzhongliangyihaoyuan.fang.com/
Logger:2020-03-16 23:56:04.089094 https://puerxiaozhen.fang.com/
Logger:2020-03-16 23:56:04.423162 https://tianbijindao.fang.com/
Logger:2020-03-16 23:56:04.760299 https://jinpuyihao.fang.com/
Logger:2020-03-16 23:56:05.123061 https://xinjinjiangyujingxincheng.fang.com/
Logger:2020-03-16 23:56:05.424000 https://wanghujun.fang.com/
Logger:2020-03-16 23:56:08.731277 https://dongchengjiayuanpe.fang.com/
Logger:2020-03-16 23:56:09.025490 https://pueryinxiang.fang.com/
Logger:2020-03-16 23:56:09.407067 https://gongyuanyihaopuer.fang.com/
Logger:2020-03-16 23:56:09.724887 https://puerzhongxin.fang.com/
Logger:2020-03-16 23:56:10.036055 https://chamagucheng.fang.com/
Logger:2020-03-16 23:56:10.377142 https://puerxitiecheng.fang.com/
Logger:2020-03-16 23:56:10.719266 https://jinchengchayuan.fang.com/
Logger:2020-03-16 23:56:14.653398 https://shidaixindujc.fang.com/
Logger:2020-03-16 23:56:14.988681 https://dongrikauxuancheng.fang.com/
Logger:2020-03-16 23:56:15.283054 https://erqiyangguangxincheng.fang.com/
Logger:2020-03-16 23:56:19.300105 https://lancangxincheng.fang.com/
Logger:2020-03-16 23:56:22.632207 https://puer.newhouse.fang.com/house/s/b92/
Logger:2020-03-16 23:56:22.934504 https://rongyueguangchang.fang.com/
Logger:2020-03-16 23:56:29.918643 https://kaixuancheng0879.fang.com/
Logger:2020-03-16 23:56:34.702478 https://guojishuangbaoxiaozhen.fang.com/
Logger:2020-03-16 23:56:35.056016 https://chuangjishangcheng.fang.com/
Logger:2020-03-16 23:56:35.383100 https://bingyangxiandaicheng.fang.com/
Logger:2020-03-16 23:56:39.457439 https://shenglinhepan.fang.com/
Logger:2020-03-16 23:56:44.216556 https://puerxintiandipuer.fang.com/
Logger:2020-03-16 23:56:49.749038 https://jinsenianhua0879.fang.com/
Logger:2020-03-16 23:56:55.075729 https://puerrenjiayingshanheyuan.fang.com/
Logger:2020-03-16 23:56:58.997775 https://chengshihuayuan0879.fang.com/
Logger:2020-03-16 23:57:02.512968 https://shengjingyuan0879.fang.com/
Logger:2020-03-16 23:57:05.807353 https://chengshihuayuanpe.fang.com/
Logger:2020-03-16 23:57:06.291668 https://baiyunheyuan.fang.com/
Logger:2020-03-16 23:57:11.203804 https://jinxiangguangchang0879.fang.com/
Logger:2020-03-16 23:57:11.698947 https://shijiyangguang0879.fang.com/
Logger:2020-03-16 23:57:14.327517 https://lvyouxiaozhenpx.fang.com/
Logger:2020-03-16 23:57:18.398608 https://ronghuishangye.fang.com/
Logger:2020-03-16 23:57:21.919796 https://lancanglahu.fang.com/
Logger:2020-03-16 23:57:22.229967 https://puerguangchang.fang.com/
Logger:2020-03-16 23:57:26.934035 https://keenxueyuanhuayuan.fang.com/
Logger:2020-03-16 23:57:30.926566 https://puer.newhouse.fang.com/house/s/b93/
Logger:2020-03-16 23:57:35.613569 https://yangguangxincheng0879.fang.com/
Logger:2020-03-16 23:57:38.160926 https://puerxingfutiandi.fang.com/
Logger:2020-03-16 23:57:38.502013 https://jingchengxincheng0879.fang.com/
Logger:2020-03-16 23:57:40.123926 https://yilinshangdu.fang.com/
Logger:2020-03-16 23:57:40.486956 https://baiyunjingyuan.fang.com/
Logger:2020-03-16 23:57:42.130753 https://puershihaoyuanpe.fang.com/
Logger:2020-03-16 23:57:43.932933 https://zhongxinshangwuqu.fang.com/
Logger:2020-03-16 23:57:45.116355 https://mingyuanxiangju.fang.com/
Logger:2020-03-16 23:57:47.709592 https://chunzhiheyuan.fang.com/
Logger:2020-03-16 23:57:48.022807 https://yinxiangjiayuan.fang.com/
Logger:2020-03-16 23:57:49.691251 https://zhenyuanhanirenjia.fang.com/
Logger:2020-03-16 23:57:51.974168 https://dushipinzhi.fang.com/
Logger:2020-03-16 23:57:54.025583 https://nanchengshangjupe.fang.com/
Logger:2020-03-16 23:57:55.890542 https://jinchenlanwan.fang.com/
Logger:2020-03-16 23:57:57.747599 https://gaojiazhai.fang.com/
Logger:2020-03-16 23:57:58.039817 https://159604.fang.com/
Logger:2020-03-16 23:58:00.639874 https://beianyijing.fang.com/
Logger:2020-03-16 23:58:02.789029 https://jiayihuating0879.fang.com/
Logger:2020-03-16 23:58:04.348875 https://diyibaihuope.fang.com/
Logger:2020-03-16 23:58:05.771279 https://dongmengsanguocheng.fang.com/
Logger:2020-03-16 23:58:09.803589 https://puer.newhouse.fang.com/house/s/b94/
Logger:2020-03-16 23:58:11.655166 https://chayuanshangyejie.fang.com/
Logger:2020-03-16 23:58:13.769386 https://huijinhuatingpe.fang.com/
Logger:2020-03-16 23:58:15.273825 https://xiaochenggushi0879.fang.com/
Logger:2020-03-16 23:58:16.521592 https://sitinglujimaoshichangpe.fang.com/
Logger:2020-03-16 23:58:17.664794 https://sanguomaoyicheng.fang.com/
Logger:2020-03-16 23:58:17.989924 https://jiahuhuayuan.fang.com/
Logger:2020-03-16 23:58:19.892211 https://keenpuer.fang.com/
Logger:2020-03-16 23:58:22.508876 https://basaicheng.fang.com/
Logger:2020-03-16 23:58:24.380413 https://wuyishangyechengpuer.fang.com/
Logger:2020-03-16 23:58:28.009829 https://puer.newhouse.fang.com/house/s/b95/
Logger:2020-03-16 23:58:31.885518 https://puer.newhouse.fang.com/house/s/b96/
Logger:2020-03-16 23:58:35.438635 https://puer.newhouse.fang.com/house/s/b97/
