Logger:2020-03-16 16:26:31.824803 https://pulandian.newhouse.fang.com/house/s/b91/
Logger:2020-03-16 16:26:32.133025 https://jinyuewan0411.fang.com/
Logger:2020-03-16 16:26:32.563967 https://gongyuanjiulihrzd0411.fang.com/
Logger:2020-03-16 16:26:32.895016 https://yuheyuan0411.fang.com/
Logger:2020-03-16 16:26:33.262034 https://wjqhy0411.fang.com/
Logger:2020-03-16 16:26:33.586167 https://zhongyangyuefu0411.fang.com/
Logger:2020-03-16 16:26:34.001982 https://zhuoyuejiayuan0411.fang.com/
Logger:2020-03-16 16:26:34.354012 https://pldwkhgc.fang.com/
Logger:2020-03-16 16:26:34.683130 https://pldsnmj.fang.com/
Logger:2020-03-16 16:26:35.531861 https://pldltmj.fang.com/
Logger:2020-03-16 16:26:35.952728 https://bandaojingjie.fang.com/
Logger:2020-03-16 16:26:36.325761 https://pldycyjw.fang.com/
Logger:2020-03-16 16:26:36.667425 https://plddssjw.fang.com/
Logger:2020-03-16 16:26:36.995557 https://pldjpgc.fang.com/
Logger:2020-03-16 16:26:37.420055 https://xinhuaguoji0411.fang.com/
Logger:2020-03-16 16:26:37.746182 https://pldtcp.fang.com/
Logger:2020-03-16 16:26:38.586968 https://pulandian.newhouse.fang.com/house/1624788189.htm
Logger:2020-03-16 16:26:38.904162 https://shiwaijiantang.fang.com/
Logger:2020-03-16 16:26:39.323006 https://pldbsrc.fang.com/
Logger:2020-03-16 16:26:39.651128 https://pulandian.newhouse.fang.com/house/1624786391.htm
Logger:2020-03-16 16:26:39.986815 https://pldrzjy.fang.com/
Logger:2020-03-16 16:26:43.532440 https://pulandian.newhouse.fang.com/house/s/b92/
Logger:2020-03-16 16:26:43.817693 https://pwcsgc0411.fang.com/
Logger:2020-03-16 16:26:45.271078 https://pldxdhpxl.fang.com/
Logger:2020-03-16 16:26:45.574899 https://juyuanfudi.fang.com/
Logger:2020-03-16 16:26:45.878157 https://pldyuetaijiali.fang.com/
Logger:2020-03-16 16:26:47.528349 https://pulandian.newhouse.fang.com/house/1624786393.htm
Logger:2020-03-16 16:26:49.588393 https://pulandian.newhouse.fang.com/house/1624822685.htm
Logger:2020-03-16 16:26:53.149880 https://pulandian.newhouse.fang.com/house/s/b93/
Logger:2020-03-16 16:26:56.866550 https://pulandian.newhouse.fang.com/house/s/b94/
Logger:2020-03-16 16:27:00.329035 https://pulandian.newhouse.fang.com/house/s/b95/
