Logger:2020-03-16 01:12:32.537735 https://puning.newhouse.fang.com/house/s/b91/
Logger:2020-03-16 01:12:32.746810 https://puningbaolihefu.fang.com/
Logger:2020-03-16 01:12:32.996036 https://pnbgyhy.fang.com/
Logger:2020-03-16 01:12:34.735147 https://pbsw.fang.com/
Logger:2020-03-16 01:12:34.953793 https://pnsshf.fang.com/
Logger:2020-03-16 01:12:35.172587 https://pnnfmy.fang.com/
Logger:2020-03-16 01:12:35.406245 https://pnxhc.fang.com/
Logger:2020-03-16 01:12:35.703003 https://phmc.fang.com/
Logger:2020-03-16 01:12:35.937730 https://pnpal.fang.com/
Logger:2020-03-16 01:12:36.303085 https://pnsdzx.fang.com/
Logger:2020-03-16 01:12:36.553105 https://guangmingyihaopn.fang.com/
Logger:2020-03-16 01:12:36.803508 https://yuefushijia0663.fang.com/
Logger:2020-03-16 01:12:37.052863 https://pwshy.fang.com/
Logger:2020-03-16 01:12:37.271604 https://yingtaihuafu.fang.com/
Logger:2020-03-16 01:12:37.630890 https://pnkmflm.fang.com/
Logger:2020-03-16 01:12:41.990127 https://pbmh.fang.com/
Logger:2020-03-16 01:12:42.224523 https://jiarunxincheng0663.fang.com/
Logger:2020-03-16 01:12:42.459226 https://pssht.fang.com/
Logger:2020-03-16 01:12:42.724328 https://wtjrp.fang.com/
Logger:2020-03-16 01:12:42.974744 https://jinrongzhongxinwt.fang.com/
Logger:2020-03-16 01:12:43.255453 https://dijingcheng0663.fang.com/
Logger:2020-03-16 01:12:47.177055 https://puning.newhouse.fang.com/house/s/b92/
Logger:2020-03-16 01:12:47.348678 https://xhmzw.fang.com/2/
Logger:2020-03-16 01:12:47.582557 https://xinghemingzhuwan.fang.com/3/
Logger:2020-03-16 01:12:47.863953 https://yujce.fang.com/
Logger:2020-03-16 01:12:49.026163 https://pnyjysq.fang.com/
Logger:2020-03-16 01:12:49.244860 https://sdjgmyx.fang.com/
Logger:2020-03-16 01:12:50.682020 https://pnhmxc.fang.com/
Logger:2020-03-16 01:12:50.963204 https://pnkyyg.fang.com/
Logger:2020-03-16 01:12:52.833988 https://jixianglihr.fang.com/
Logger:2020-03-16 01:12:53.505704 https://qiaoguangxincheng.fang.com/
Logger:2020-03-16 01:12:53.880617 https://chunxiyuan0663.fang.com/
Logger:2020-03-16 01:12:54.130557 https://pljjj.fang.com/
Logger:2020-03-16 01:12:54.380890 https://psjl.fang.com/
Logger:2020-03-16 01:12:58.403785 https://pcxhy.fang.com/
Logger:2020-03-16 01:12:58.622847 https://pyjn.fang.com/
Logger:2020-03-16 01:13:00.700342 https://xacs.fang.com/
Logger:2020-03-16 01:13:04.256576 https://prdxc.fang.com/
Logger:2020-03-16 01:13:04.475820 https://haoanju0663.fang.com/
Logger:2020-03-16 01:13:07.994105 https://puning.newhouse.fang.com/house/s/b93/
Logger:2020-03-16 01:13:11.506618 https://puning.newhouse.fang.com/house/s/b94/
Logger:2020-03-16 01:13:15.247057 https://puning.newhouse.fang.com/house/s/b95/
