Logger:2020-03-16 09:58:14.992046 https://puyang.newhouse.fang.com/house/s/b91/
Logger:2020-03-16 09:58:17.644775 https://jyshf0393.fang.com/
Logger:2020-03-16 09:58:17.960951 https://zhongyanggongyuan0393.fang.com/
Logger:2020-03-16 09:58:18.289430 https://tianyubgy0393.fang.com/
Logger:2020-03-16 09:58:18.783736 https://sdyhgg.fang.com/
Logger:2020-03-16 09:58:19.097835 https://puyangfulishangyueju.fang.com/
Logger:2020-03-16 09:58:20.637736 https://lzggjzx.fang.com/
Logger:2020-03-16 09:58:20.991181 https://jyslbd0393.fang.com/
Logger:2020-03-16 09:58:21.397335 https://hanlinshijiazy.fang.com/
Logger:2020-03-16 09:58:21.803533 https://junruifuhd0393.fang.com/
Logger:2020-03-16 09:58:22.678284 https://jqshf.fang.com/
Logger:2020-03-16 09:58:22.975803 https://xinglongwanth.fang.com/
Logger:2020-03-16 09:58:23.288003 https://jianyepuyuan.fang.com/
Logger:2020-03-16 09:58:23.631183 https://jyctl0393.fang.com/
Logger:2020-03-16 09:58:28.049453 https://longyuanyihao.fang.com/
Logger:2020-03-16 09:58:28.393837 https://jythf.fang.com/
Logger:2020-03-16 09:58:28.727570 https://zfhfjxgrs.fang.com/
Logger:2020-03-16 09:58:32.642544 https://jianyejingyuan.fang.com/
Logger:2020-03-16 09:58:32.924066 https://zspyzx.fang.com/
Logger:2020-03-16 09:58:33.203045 https://ruyilanyuan2.fang.com/
Logger:2020-03-16 09:58:33.513923 https://lijingshangpin.fang.com/3/
Logger:2020-03-16 09:58:37.422757 https://puyang.newhouse.fang.com/house/s/b92/
Logger:2020-03-16 09:58:40.024914 https://jianyezhenyuehui.fang.com/
Logger:2020-03-16 09:58:42.232817 https://fenghuaxinshidai.fang.com/
Logger:2020-03-16 09:58:42.545642 https://jyyhcb0393.fang.com/
Logger:2020-03-16 09:58:42.904741 https://haitanggongguan0393.fang.com/
Logger:2020-03-16 09:58:43.217126 https://rongyulongfu.fang.com/
Logger:2020-03-16 09:58:45.341161 https://jyxc0393.fang.com/
Logger:2020-03-16 09:58:45.672686 https://xxllxc.fang.com/
Logger:2020-03-16 09:58:46.071227 https://huaxiangsiji0393.fang.com/
Logger:2020-03-16 09:58:46.382423 https://zlpyyhy.fang.com/
Logger:2020-03-16 09:58:46.681053 https://jindiantangsongfu.fang.com/
Logger:2020-03-16 09:58:47.003831 https://hxyxhf.fang.com/
Logger:2020-03-16 09:58:48.605013 https://bgyyf0393.fang.com/
Logger:2020-03-16 09:58:48.878504 https://bgybjsd0393.fang.com/
Logger:2020-03-16 09:58:50.731031 https://shengdonghuayuan.fang.com/
Logger:2020-03-16 09:58:52.724141 https://bgyhjsd0393.fang.com/
Logger:2020-03-16 09:58:57.450485 https://putigongguan.fang.com/
Logger:2020-03-16 09:58:58.047481 https://donghuhuapan.fang.com/
Logger:2020-03-16 09:58:59.963115 https://chunfengshili0393.fang.com/
Logger:2020-03-16 09:59:00.421427 https://taihedongfangjun.fang.com/
Logger:2020-03-16 09:59:00.753180 https://hanlinyuan0393.fang.com/
Logger:2020-03-16 09:59:06.523316 https://puyang.newhouse.fang.com/house/s/b93/
Logger:2020-03-16 09:59:06.783504 https://huaxinyuexiuzhangyuan.fang.com/
Logger:2020-03-16 09:59:07.117335 https://rongyujixiangli.fang.com/
Logger:2020-03-16 09:59:07.415326 https://xiaoyuanfengyasong.fang.com/
Logger:2020-03-16 09:59:11.135526 https://xihuxuefu.fang.com/
Logger:2020-03-16 09:59:18.797660 https://zhengrongyhlt.fang.com/
Logger:2020-03-16 09:59:19.110591 https://jxlczf.fang.com/
Logger:2020-03-16 09:59:23.509866 https://huishenglongxitai.fang.com/
Logger:2020-03-16 09:59:23.815050 https://hfhsdgy.fang.com/
Logger:2020-03-16 09:59:24.113252 https://hdylw0393.fang.com/
Logger:2020-03-16 09:59:24.558262 https://rongshenghuafu0393.fang.com/
Logger:2020-03-16 09:59:25.272144 https://qinghuajiuhaoyuan.fang.com/
Logger:2020-03-16 09:59:25.561789 https://wanjiaxincheng0393.fang.com/
Logger:2020-03-16 09:59:25.901147 https://shuxiangshijia0393.fang.com/
Logger:2020-03-16 09:59:36.644523 https://yxczf.fang.com/
Logger:2020-03-16 09:59:43.984518 https://binhuwan0393.fang.com/
Logger:2020-03-16 09:59:44.316761 https://ryhlg.fang.com/
Logger:2020-03-16 09:59:47.862578 https://donghuwan0393.fang.com/
Logger:2020-03-16 09:59:52.813446 https://zhengdazhongxin0393.fang.com/
Logger:2020-03-16 09:59:53.122008 https://biguiyuanfeicuijun0393.fang.com/
Logger:2020-03-16 09:59:53.405123 https://yqbhh.fang.com/
Logger:2020-03-16 09:59:58.492563 https://puyang.newhouse.fang.com/house/s/b94/
Logger:2020-03-16 10:00:04.552537 https://ryhgyeqteb.fang.com/
Logger:2020-03-16 10:00:04.876652 https://jianyelongchengfu.fang.com/
Logger:2020-03-16 10:00:12.363879 https://jiuchangyuefu.fang.com/
Logger:2020-03-16 10:00:12.717500 https://huifengtaolichunfeng.fang.com/
Logger:2020-03-16 10:00:13.020753 https://yhlhyh.fang.com/
Logger:2020-03-16 10:00:32.533245 https://hbl0393.fang.com/
Logger:2020-03-16 10:00:32.845222 https://jianyechengqf.fang.com/
Logger:2020-03-16 10:00:33.188847 https://hfzygc0393.fang.com/
Logger:2020-03-16 10:00:33.477478 https://fenghuangcheng0393.fang.com/
Logger:2020-03-16 10:00:34.068050 https://tianyoufudi.fang.com/
Logger:2020-03-16 10:00:42.847304 https://tianrunhuating.fang.com/
Logger:2020-03-16 10:00:43.175357 https://jhyht.fang.com/
Logger:2020-03-16 10:00:43.503329 https://jiangnanli.fang.com/
Logger:2020-03-16 10:00:56.405951 https://hengdafeicuihuating0393.fang.com/
Logger:2020-03-16 10:00:56.713144 https://xihuyujingwan.fang.com/
Logger:2020-03-16 10:01:06.818549 https://xinchengguoji0393.fang.com/
Logger:2020-03-16 10:01:07.124741 https://guanhuyufu.fang.com/
Logger:2020-03-16 10:01:18.520414 https://sanyuechunfeng.fang.com/
Logger:2020-03-16 10:01:18.817605 https://yunhetiancheng0393.fang.com/
Logger:2020-03-16 10:01:19.176465 https://junyuelanting0393.fang.com/
Logger:2020-03-16 10:01:25.750366 https://puyang.newhouse.fang.com/house/s/b95/
Logger:2020-03-16 10:01:26.015886 https://zhongyuexincheng.fang.com/
Logger:2020-03-16 10:01:28.787328 https://hflhsz.fang.com/
Logger:2020-03-16 10:01:29.088809 https://longtaixiyuan.fang.com/
Logger:2020-03-16 10:01:29.386306 https://longchengguoji0393.fang.com/
Logger:2020-03-16 10:01:39.029604 https://kaixuanchengyihao.fang.com/
Logger:2020-03-16 10:01:39.310067 https://donghufangzhou.fang.com/
Logger:2020-03-16 10:01:39.653735 https://huiyinanleyufu.fang.com/
Logger:2020-03-16 10:01:46.132071 https://huifengfeicuijun.fang.com/
Logger:2020-03-16 10:01:46.576465 https://haidegongguan0393.fang.com/
Logger:2020-03-16 10:01:49.661353 https://whgjcfygc.fang.com/
Logger:2020-03-16 10:01:56.277499 https://taiheyuefu.fang.com/
Logger:2020-03-16 10:01:56.589926 https://feicuicheng0393.fang.com/
Logger:2020-03-16 10:02:04.590159 https://chengshisenlingongyuan.fang.com/
Logger:2020-03-16 10:02:04.870410 https://dunqiuguangchang.fang.com/
Logger:2020-03-16 10:02:09.671798 https://xinghewan0393.fang.com/
Logger:2020-03-16 10:02:09.949951 https://chengchengxingfuli.fang.com/
Logger:2020-03-16 10:02:10.244740 https://mzlry.fang.com/
Logger:2020-03-16 10:02:20.703645 https://longrunhuafu.fang.com/
Logger:2020-03-16 10:02:29.679098 https://kaizhouchengtouxinyuan.fang.com/
Logger:2020-03-16 10:02:36.346343 https://shjjty.fang.com/
Logger:2020-03-16 10:02:45.224988 https://puyang.newhouse.fang.com/house/s/b96/
Logger:2020-03-16 10:02:45.578655 https://ryzhc.fang.com/
Logger:2020-03-16 10:02:45.875613 https://huayucheng0393.fang.com/
Logger:2020-03-16 10:02:46.140310 https://pysygc.fang.com/
Logger:2020-03-16 10:02:46.595279 https://dongmengjinshuiwan.fang.com/
Logger:2020-03-16 10:02:46.907705 https://yfsdgc.fang.com/
Logger:2020-03-16 10:02:47.220801 https://xiangshuhuacheng0393.fang.com/
Logger:2020-03-16 10:02:47.506395 https://psthy.fang.com/
Logger:2020-03-16 10:02:59.544797 https://lexiangyufu.fang.com/
Logger:2020-03-16 10:03:05.596690 https://jinshuiwan0393.fang.com/
Logger:2020-03-16 10:03:05.909459 https://jianyelongcheng0393.fang.com/
Logger:2020-03-16 10:03:06.221543 https://tianhewanqh.fang.com/
Logger:2020-03-16 10:03:06.518349 https://zhongshenyouyicheng.fang.com/
Logger:2020-03-16 10:03:06.815154 https://ruipulantingxu.fang.com/
Logger:2020-03-16 10:03:07.159255 https://longjiguanyuan0393.fang.com/
Logger:2020-03-16 10:03:18.485317 https://longmenguoji.fang.com/
Logger:2020-03-16 10:03:18.779968 https://sxtfgjsmc.fang.com/
Logger:2020-03-16 10:03:27.006480 https://wzxlgjc.fang.com/
Logger:2020-03-16 10:03:27.304277 https://qichexiaozhenldrp.fang.com/
Logger:2020-03-16 10:03:33.301520 https://pdqyds.fang.com/
Logger:2020-03-16 10:03:43.131398 https://wljjclc.fang.com/
Logger:2020-03-16 10:03:47.154757 https://puyang.newhouse.fang.com/house/s/b97/
Logger:2020-03-16 10:03:50.655103 https://puyang.newhouse.fang.com/house/s/b98/
Logger:2020-03-16 10:03:54.793761 https://puyang.newhouse.fang.com/house/s/b99/
