Logger:2020-03-16 17:18:12.604976 https://qd.newhouse.fang.com/house/s/b91/
Logger:2020-03-16 17:18:12.960142 https://hongdaowanbl.fang.com/
Logger:2020-03-16 17:18:13.438337 https://daguojing.fang.com/
Logger:2020-03-16 17:18:13.936110 https://shijiguandihe.fang.com/
Logger:2020-03-16 17:18:14.338037 https://yinxiangpinqd.fang.com/
Logger:2020-03-16 17:18:14.751765 https://huahaojinyu.fang.com/
Logger:2020-03-16 17:18:15.124829 https://bandaochengbangzz.fang.com/
Logger:2020-03-16 17:18:15.585598 https://jindijinchen.fang.com/
Logger:2020-03-16 17:18:16.001521 https://guihuayuanxj.fang.com/
Logger:2020-03-16 17:18:16.378100 https://zhushanjunrfbgy.fang.com/
Logger:2020-03-16 17:18:16.733219 https://jinmaozhihuiguojicheng.fang.com/
Logger:2020-03-16 17:18:17.101234 https://xiyuanheccc.fang.com/
Logger:2020-03-16 17:18:17.514123 https://feicuichengbgy0532.fang.com/
Logger:2020-03-16 17:18:17.949958 https://fengqilanyueld.fang.com/
Logger:2020-03-16 17:18:18.657536 https://hedazhihuishengtaicheng.fang.com/
Logger:2020-03-16 17:18:19.168201 https://qiangweiguojisd0532.fang.com/
Logger:2020-03-16 17:18:19.570140 https://guojibolanchengzt.fang.com/
Logger:2020-03-16 17:18:20.096310 https://jiayuanhuafu0532.fang.com/
Logger:2020-03-16 17:18:20.542122 https://zhongouguojicheng.fang.com/
Logger:2020-03-16 17:18:20.962968 https://hdbayz.fang.com/
Logger:2020-03-16 17:18:21.357556 https://jinshayuefu.fang.com/
Logger:2020-03-16 17:18:25.230637 https://qd.newhouse.fang.com/house/s/b92/
Logger:2020-03-16 17:18:25.554275 https://hdbayz.fang.com/
Logger:2020-03-16 17:18:25.928263 https://jinshayuefu.fang.com/
Logger:2020-03-16 17:18:26.298264 https://feicuizhiguangwk0532.fang.com/
Logger:2020-03-16 17:18:26.713182 https://tianjiaoguanlanguojishequxx.fang.com/
Logger:2020-03-16 17:18:27.056368 https://guokejiankangkejixiaozhenld.fang.com/
Logger:2020-03-16 17:18:29.700553 https://jinanlijingyy.fang.com/2/
Logger:2020-03-16 17:18:30.092506 https://1230350532.fang.com/
Logger:2020-03-16 17:18:30.434661 https://shuiqinghuaduxj.fang.com/
Logger:2020-03-16 17:18:30.743110 https://hedajunyue.fang.com/
Logger:2020-03-16 17:18:31.185024 https://beichenzhiguangwk0532.fang.com/
Logger:2020-03-16 17:18:31.528174 https://wenmolihx.fang.com/
Logger:2020-03-16 17:18:31.873227 https://yuehaifuqt.fang.com/
Logger:2020-03-16 17:18:32.203952 https://shouchuangxiyuetianhai.fang.com/
Logger:2020-03-16 17:18:32.622898 https://lingxiwanby.fang.com/
Logger:2020-03-16 17:18:32.995913 https://122483.fang.com/
Logger:2020-03-16 17:18:33.383851 https://huafasiji0532.fang.com/
Logger:2020-03-16 17:18:33.820068 https://laikagongyuanblkt.fang.com/
Logger:2020-03-16 17:18:34.181436 https://jinduxinchengyy.fang.com/
Logger:2020-03-16 17:18:34.614937 https://tiantaihuanyueshiguang.fang.com/
Logger:2020-03-16 17:18:35.108624 https://baoliguantang0532.fang.com/
Logger:2020-03-16 17:18:38.913475 https://qd.newhouse.fang.com/house/s/b93/
Logger:2020-03-16 17:18:39.231624 https://lingxiushanlingxiuhaiblyc.fang.com/
Logger:2020-03-16 17:18:39.629156 https://baolitianhui0532.fang.com/
Logger:2020-03-16 17:18:40.087983 https://jiuxiuchengzj.fang.com/
Logger:2020-03-16 17:18:40.442062 https://gangzhonglvgongguanhqw.fang.com/
Logger:2020-03-16 17:18:40.950140 https://zhuoyueweigang0532.fang.com/
Logger:2020-03-16 17:18:41.440434 https://laikagongyuanblkt.fang.com/
Logger:2020-03-16 17:18:41.785075 https://zhushanxiaozhenhx.fang.com/
Logger:2020-03-16 17:18:42.238882 https://baolixiangsong0532.fang.com/
Logger:2020-03-16 17:18:42.650741 https://baolihefu0532.fang.com/
Logger:2020-03-16 17:18:43.500255 https://feicuigongyuanheccc.fang.com/
Logger:2020-03-16 17:18:45.289545 https://languhaishangdongfangheccc.fang.com/
Logger:2020-03-16 17:18:45.651577 https://chuangxinkejichengxha.fang.com/
Logger:2020-03-16 17:18:47.835189 https://tianjiaoyunlu.fang.com/
Logger:2020-03-16 17:18:48.169287 https://xxjzhkkjc.fang.com/
Logger:2020-03-16 17:18:48.532856 https://shangjinyuanzj.fang.com/
Logger:2020-03-16 17:18:48.910397 https://dongfangxuefuheccc.fang.com/
Logger:2020-03-16 17:18:49.323292 https://chunjiangtianjinglh0532.fang.com/
Logger:2020-03-16 17:18:49.784059 https://shunshanfulh0532.fang.com/
Logger:2020-03-16 17:18:50.154683 https://lingshanwanhx.fang.com/
Logger:2020-03-16 17:18:50.586052 https://chenjingduhuityrh.fang.com/
Logger:2020-03-16 17:18:54.293140 https://qd.newhouse.fang.com/house/s/b94/
Logger:2020-03-16 17:18:54.598343 https://yishanbanchengzl.fang.com/2/
Logger:2020-03-16 17:18:54.998273 https://zhuoyuejiayue.fang.com/
Logger:2020-03-16 17:18:55.402193 https://tianyuehaiwanyx.fang.com/
Logger:2020-03-16 17:18:55.770714 https://yuehujinfutyrh.fang.com/
Logger:2020-03-16 17:18:56.131865 https://tianyirenhelongyuehai.fang.com/
Logger:2020-03-16 17:18:56.519786 https://heyuanxj.fang.com/
Logger:2020-03-16 17:18:56.909743 https://baolikechuangzijingge.fang.com/
Logger:2020-03-16 17:18:57.283742 https://huajiexiaozhen.fang.com/
Logger:2020-03-16 17:18:57.805619 https://wanhechengyy0532.fang.com/
Logger:2020-03-16 17:18:58.129281 https://zhongliangxiangyunjs.fang.com/
Logger:2020-03-16 17:18:58.490321 https://yinxiangwanqd.fang.com/
Logger:2020-03-16 17:18:59.002990 https://zhihuizhicheng.fang.com/
Logger:2020-03-16 17:18:59.407951 https://wojiayangguangshangcheng.fang.com/
Logger:2020-03-16 17:18:59.780087 https://shidaigongguanrc.fang.com/
Logger:2020-03-16 17:19:00.154056 https://xinliantiandi.fang.com/
Logger:2020-03-16 17:19:00.611831 https://yuehaiguoji0532.fang.com/
Logger:2020-03-16 17:19:00.982385 https://baoliyunxi0532.fang.com/
Logger:2020-03-16 17:19:01.347988 https://chengshizhiguangwk0532.fang.com/
Logger:2020-03-16 17:19:01.806120 https://zhengyangfuxhyst.fang.com/
Logger:2020-03-16 17:19:02.174106 https://haitangyinyuelc.fang.com/
Logger:2020-03-16 17:19:06.183139 https://qd.newhouse.fang.com/house/s/b95/
Logger:2020-03-16 17:19:06.527218 https://qingtexiaozhen.fang.com/
Logger:2020-03-16 17:19:07.037419 https://yuelongtaihd0532.fang.com/
Logger:2020-03-16 17:19:08.186095 https://laviegongshezs.fang.com/
Logger:2020-03-16 17:19:08.490268 https://yiyunxiaozhenhx.fang.com/
Logger:2020-03-16 17:19:08.883857 https://haixinguanlan.fang.com/
Logger:2020-03-16 17:19:09.328769 https://hudaoshijiahx.fang.com/2/
Logger:2020-03-16 17:19:09.686840 https://jinyuhuafuwk0532.fang.com/
Logger:2020-03-16 17:19:10.140597 https://kunlunfu0532.fang.com/
Logger:2020-03-16 17:19:10.587806 https://lanshanyihaorc.fang.com/
Logger:2020-03-16 17:19:11.026213 https://meizhuhzbgy.fang.com/
Logger:2020-03-16 17:19:12.808467 https://yunzhubgy.fang.com/
Logger:2020-03-16 17:19:13.156581 https://shijichengzn0532.fang.com/
Logger:2020-03-16 17:19:13.701155 https://xinghuichengyx0532.fang.com/
Logger:2020-03-16 17:19:14.101087 https://qdbgylgzg.fang.com/
Logger:2020-03-16 17:19:14.499794 https://gongyuan1872zs0532.fang.com/
Logger:2020-03-16 17:19:15.122134 https://longhuxinyicheng0532.fang.com/
Logger:2020-03-16 17:19:15.432304 https://boguanxinghaihehaiyuanxhyst.fang.com/
Logger:2020-03-16 17:19:15.764415 https://tanglinwanluhao.fang.com/
Logger:2020-03-16 17:19:16.149385 https://gongyuanmeidism.fang.com/
Logger:2020-03-16 17:19:16.519464 https://longhuguangnian0532.fang.com/
Logger:2020-03-16 17:19:20.388385 https://qd.newhouse.fang.com/house/s/b96/
Logger:2020-03-16 17:19:22.360811 https://antushengtonghuaxiaozhen.fang.com/
Logger:2020-03-16 17:19:24.052310 https://feicuichangjiangwk.fang.com/
Logger:2020-03-16 17:19:24.436282 https://yuchenglh.fang.com/
Logger:2020-03-16 17:19:24.771386 https://guojijiankangyangshenggu.fang.com/
Logger:2020-03-16 17:19:25.201770 https://guojigangzbjd.fang.com/
Logger:2020-03-16 17:19:25.493600 https://baiyunshanhuayuan.fang.com/
Logger:2020-03-16 17:19:26.184719 https://rongchuangzhongxin0532.fang.com/
Logger:2020-03-16 17:19:26.546407 https://chunfengnananznhq.fang.com/
Logger:2020-03-16 17:19:26.967280 https://zhongjunlijingfu0532.fang.com/
Logger:2020-03-16 17:19:27.327355 https://hongdaowanrc.fang.com/
Logger:2020-03-16 17:19:27.724820 https://jiankangchengls.fang.com/
Logger:2020-03-16 17:19:28.137227 https://taishanlu99hao.fang.com/
Logger:2020-03-16 17:19:28.472938 https://dayuechengjoyparkyue.fang.com/
Logger:2020-03-16 17:19:28.788614 https://yonghuafuzs0532.fang.com/
Logger:2020-03-16 17:19:29.166628 https://jiangshanyijingjdyz.fang.com/
Logger:2020-03-16 17:19:29.609904 https://feicuiwanbgyxha.fang.com/
Logger:2020-03-16 17:19:30.027184 https://tianjuqdlh.fang.com/
Logger:2020-03-16 17:19:30.368022 https://zhonghaitangyuan.fang.com/
Logger:2020-03-16 17:19:31.559904 https://chunjiangbianlh0532.fang.com/
Logger:2020-03-16 17:19:31.976339 https://lanwanyundongzhongxinls.fang.com/
Logger:2020-03-16 17:19:35.988587 https://qd.newhouse.fang.com/house/s/b97/
Logger:2020-03-16 17:19:36.311347 https://rcr26dhzxhy.fang.com/
Logger:2020-03-16 17:19:36.711924 https://ronggongguanrc0532.fang.com/
Logger:2020-03-16 17:19:37.070455 https://txscxzgqd.fang.com/
Logger:2020-03-16 17:19:37.467394 https://cangmashanguojilvyoudujiaqu.fang.com/
Logger:2020-03-16 17:19:37.812471 https://jimiwanhx.fang.com/
Logger:2020-03-16 17:19:38.279386 https://hongdaowanxc.fang.com/
Logger:2020-03-16 17:19:41.091279 https://dongfangyingduwdqd.fang.com/
Logger:2020-03-16 17:19:41.442692 https://yulongwanxy.fang.com/
Logger:2020-03-16 17:19:43.437429 https://haiwaitantianyu.fang.com/
Logger:2020-03-16 17:19:43.785023 https://bihaifangzhoujiuzhushan.fang.com/
Logger:2020-03-16 17:19:44.152041 https://jindizizaicheng0532.fang.com/
Logger:2020-03-16 17:19:44.531027 https://guojihaiyangzhiquhr.fang.com/
Logger:2020-03-16 17:19:44.978618 https://jimoqingtecheng.fang.com/
Logger:2020-03-16 17:19:45.318254 https://jinkepinglanfu.fang.com/
Logger:2020-03-16 17:19:45.698305 https://biyunwanhyn.fang.com/
Logger:2020-03-16 17:19:46.170004 https://linxishijiazh.fang.com/
Logger:2020-03-16 17:19:46.546996 https://zhengyangzhongxinhx.fang.com/
Logger:2020-03-16 17:19:46.830238 https://yulangongguanlc0532.fang.com/
Logger:2020-03-16 17:19:47.197256 https://shumachengqdta.fang.com/
Logger:2020-03-16 17:19:47.575875 https://shanhaiyinxiangtt.fang.com/
Logger:2020-03-16 17:19:51.454107 https://qd.newhouse.fang.com/house/s/b98/
Logger:2020-03-16 17:19:51.793200 https://qianmuyuanhx.fang.com/
Logger:2020-03-16 17:19:52.578650 https://jiulifenghua.fang.com/
Logger:2020-03-16 17:19:52.978720 https://yuefengjzy0532.fang.com/
Logger:2020-03-16 17:19:53.404580 https://zhongxinchengqd.fang.com/
Logger:2020-03-16 17:19:53.837424 https://jinyueduxhyst.fang.com/
Logger:2020-03-16 17:19:54.201702 https://junxihedc.fang.com/
Logger:2020-03-16 17:19:54.555207 https://gongyuanyihaott.fang.com/
Logger:2020-03-16 17:19:55.045896 https://yxbyf.fang.com/
Logger:2020-03-16 17:19:55.433459 https://mingcuiyaju.fang.com/
Logger:2020-03-16 17:19:55.800854 https://yunyuexiaoyuan.fang.com/
Logger:2020-03-16 17:19:56.391410 https://haiyuemingduld.fang.com/
Logger:2020-03-16 17:19:56.726516 https://longyuebgywh.fang.com/
Logger:2020-03-16 17:19:57.167358 https://taohuayuantt.fang.com/
Logger:2020-03-16 17:19:58.813264 https://longxilsw.fang.com/
Logger:2020-03-16 17:19:59.147924 https://zhonghaihongzhu.fang.com/
Logger:2020-03-16 17:19:59.617190 https://wanhaozhuangyuansf.fang.com/
Logger:2020-03-16 17:19:59.981216 https://hengshanxuefuheccc.fang.com/
Logger:2020-03-16 17:20:00.400095 https://tianyuanzy.fang.com/
Logger:2020-03-16 17:20:04.275527 https://suizhuhuayuanlx.fang.com/
Logger:2020-03-16 17:20:04.679506 https://lanhaiyangguanhaihr.fang.com/
Logger:2020-03-16 17:20:08.627093 https://qd.newhouse.fang.com/house/s/b99/
Logger:2020-03-16 17:20:09.858819 https://huarunzhongxin.fang.com/office/
Logger:2020-03-16 17:20:11.544530 https://shenghuilantingbgy.fang.com/
Logger:2020-03-16 17:20:11.937479 https://guobinfuzl0532.fang.com/
Logger:2020-03-16 17:20:13.646127 https://weilaixingcheng0532.fang.com/
Logger:2020-03-16 17:20:14.001177 https://yunlingsiji.fang.com/
Logger:2020-03-16 17:20:14.824386 https://sanqiandongbl.fang.com/
Logger:2020-03-16 17:20:16.187480 https://dingshihuafuhe.fang.com/
Logger:2020-03-16 17:20:16.579937 https://jiaozhoushaohaixc.fang.com/
Logger:2020-03-16 17:20:20.932620 https://tianluhufy.fang.com/
Logger:2020-03-16 17:20:21.292658 https://cuicantianyuesm0532.fang.com/
Logger:2020-03-16 17:20:21.696489 https://zhongyanghuayuanhe.fang.com/
Logger:2020-03-16 17:20:25.048566 https://changshuishanzhuang.fang.com/villa/
Logger:2020-03-16 17:20:25.417530 https://yuehailanshanqj.fang.com/
Logger:2020-03-16 17:20:25.780528 https://aiweila.fang.com/villa/
Logger:2020-03-16 17:20:26.310112 https://boguanxinghaiyst.fang.com/
Logger:2020-03-16 17:20:26.703213 https://fengtaishijiahx.fang.com/
Logger:2020-03-16 17:20:30.661086 https://aorunhuafu.fang.com/
Logger:2020-03-16 17:20:31.121622 https://caifuzhongxintyrh.fang.com/
Logger:2020-03-16 17:20:31.432789 https://lananlishels.fang.com/
Logger:2020-03-16 17:20:31.891818 https://linghaiyishu.fang.com/villa/
Logger:2020-03-16 17:20:36.354322 https://qd.newhouse.fang.com/house/s/b910/
Logger:2020-03-16 17:20:36.695392 https://hongdaofuhx.fang.com/
Logger:2020-03-16 17:20:37.050433 https://shimaoyunding.fang.com/
Logger:2020-03-16 17:20:37.342683 https://yuchengyy.fang.com/
Logger:2020-03-16 17:20:37.949592 https://huyuetianijingbgy.fang.com/
Logger:2020-03-16 17:20:38.326561 https://jinduxinchengyy.fang.com/
Logger:2020-03-16 17:20:38.733472 https://dongfangwenhuaxiaozhenqd.fang.com/
Logger:2020-03-16 17:20:42.164858 https://xinchengyuefu0532.fang.com/
Logger:2020-03-16 17:20:42.567780 https://shidihaitanglangu.fang.com/
Logger:2020-03-16 17:20:44.170645 https://yongxinhuafu.fang.com/
Logger:2020-03-16 17:20:44.556612 https://lanwanmeishu0532.fang.com/
Logger:2020-03-16 17:20:44.965554 https://guojihangyunzhongxinqd.fang.com/
Logger:2020-03-16 17:20:46.507528 https://shengtaishoufu.fang.com/
Logger:2020-03-16 17:20:46.908286 https://xinghuichengzn.fang.com/
Logger:2020-03-16 17:20:47.229563 https://tiantaihuanyueshiguang.fang.com/
Logger:2020-03-16 17:20:47.645450 https://xhystbgyp.fang.com/
Logger:2020-03-16 17:20:49.003820 https://jinxiutiandizj0532.fang.com/
Logger:2020-03-16 17:20:49.360869 https://tiantaixingfuli.fang.com/
Logger:2020-03-16 17:20:49.779353 https://longyueyungutyrh.fang.com/
Logger:2020-03-16 17:20:50.215225 https://tiankongzhichengtt.fang.com/
Logger:2020-03-16 17:20:51.434991 https://lxzcly.fang.com/
Logger:2020-03-16 17:20:55.789993 https://qd.newhouse.fang.com/house/s/b911/
Logger:2020-03-16 17:20:56.215162 https://wankewangongguan2.fang.com/
Logger:2020-03-16 17:20:58.365340 https://zjsdyy.fang.com/
Logger:2020-03-16 17:20:58.665536 https://chenjingluzhou.fang.com/
Logger:2020-03-16 17:20:59.529745 https://zhongqiyuyuan.fang.com/
Logger:2020-03-16 17:20:59.872539 https://meiguilantingjinjiehe.fang.com/shop/
Logger:2020-03-16 17:21:00.250527 https://hedamingzhu2.fang.com/
Logger:2020-03-16 17:21:02.186393 https://yuejuangongyuanlixc0532.fang.com/
Logger:2020-03-16 17:21:02.527495 https://jimeichangqingjkhl.fang.com/
Logger:2020-03-16 17:21:02.892504 https://taolichunfengqd.fang.com/
Logger:2020-03-16 17:21:03.274595 https://haierdichandongfangwenhua.fang.com/
Logger:2020-03-16 17:21:05.701201 https://xihuhuafuar.fang.com/
Logger:2020-03-16 17:21:06.026448 https://ronghaigongguan.fang.com/
Logger:2020-03-16 17:21:06.441313 https://qianxizhichengar.fang.com/
Logger:2020-03-16 17:21:06.900241 https://jimeiyunjin.fang.com/
Logger:2020-03-16 17:21:07.258443 https://jinyujinyufu.fang.com/
Logger:2020-03-16 17:21:10.251710 https://xinhaiguojichengar.fang.com/
Logger:2020-03-16 17:21:10.698973 https://luqir26jinanshijia.fang.com/
Logger:2020-03-16 17:21:11.140673 https://xinduihuihd0532.fang.com/
Logger:2020-03-16 17:21:11.455702 https://shoufuhedc.fang.com/
Logger:2020-03-16 17:21:11.868530 https://bldghysc.fang.com/
Logger:2020-03-16 17:21:15.961566 https://qd.newhouse.fang.com/house/s/b912/
Logger:2020-03-16 17:21:17.990380 https://taiwushixiaozhenls.fang.com/
Logger:2020-03-16 17:21:18.452232 https://feicuitianchenghe.fang.com/
Logger:2020-03-16 17:21:18.880059 https://lananxinchengls.fang.com/
Logger:2020-03-16 17:21:19.976880 https://cuiyinghuayuanyh.fang.com/
Logger:2020-03-16 17:21:20.379464 https://meiguiyuanxj.fang.com/
Logger:2020-03-16 17:21:20.879120 https://jiatianxiasm.fang.com/
Logger:2020-03-16 17:21:21.259066 https://tianjingtyrh.fang.com/
Logger:2020-03-16 17:21:21.607552 https://konggangxiaozhenjingyunsm.fang.com/
Logger:2020-03-16 17:21:22.024265 https://guanlanguoji0532.fang.com/
Logger:2020-03-16 17:21:23.011655 https://7080zhongxinguangchang.fang.com/office/
Logger:2020-03-16 17:21:23.345416 https://jdhhgdqt.fang.com/
Logger:2020-03-16 17:21:23.679462 https://taolifangfei.fang.com/
Logger:2020-03-16 17:21:24.096270 https://huayuchengqtdd.fang.com/
Logger:2020-03-16 17:21:24.457276 https://yingduyihaorc.fang.com/
Logger:2020-03-16 17:21:24.823293 https://xifuyuanzhuqdlh.fang.com/
Logger:2020-03-16 17:21:25.227936 https://qingdaoxiaozhenwk.fang.com/
Logger:2020-03-16 17:21:25.630915 https://xingyuhuafu0532.fang.com/
Logger:2020-03-16 17:21:27.962521 https://daduhui0532.fang.com/
Logger:2020-03-16 17:21:28.368295 https://wankegongyuandadao0532.fang.com/
Logger:2020-03-16 17:21:29.680636 https://taihejunjq0532.fang.com/
Logger:2020-03-16 17:21:33.569164 https://qd.newhouse.fang.com/house/s/b913/
Logger:2020-03-16 17:21:33.895274 https://yunjingbgy.fang.com/
Logger:2020-03-16 17:21:34.382969 https://yongjinbandaolg0532.fang.com/
Logger:2020-03-16 17:21:34.789611 https://hongxingtianbo0532.fang.com/
Logger:2020-03-16 17:21:35.158654 https://shoufuyihaoay.fang.com/
Logger:2020-03-16 17:21:35.558146 https://tianpulh.fang.com/
Logger:2020-03-16 17:21:35.965574 https://xinanfu.fang.com/
Logger:2020-03-16 17:21:36.370893 https://zhongyanggongyuanzj.fang.com/
Logger:2020-03-16 17:21:36.758855 https://daguantianxiaqd.fang.com/
Logger:2020-03-16 17:21:40.402898 https://zhongyanggongyuanbl0532.fang.com/
Logger:2020-03-16 17:21:40.862656 https://haixinbeijianshanju.fang.com/
Logger:2020-03-16 17:21:41.208713 https://huanengjunfu.fang.com/
Logger:2020-03-16 17:21:41.553062 https://czzljy.fang.com/
Logger:2020-03-16 17:21:41.980475 https://jinghuahaiyuezhw.fang.com/
Logger:2020-03-16 17:21:42.331510 https://xinghewan0532.fang.com/
Logger:2020-03-16 17:21:42.688581 https://leixinhepanyangguang.fang.com/
Logger:2020-03-16 17:21:43.128022 https://qingdaoyuanzi.fang.com/
Logger:2020-03-16 17:21:43.495278 https://darlingzhuangyuanhe.fang.com/
Logger:2020-03-16 17:21:43.878274 https://guangrunxiyue.fang.com/
Logger:2020-03-16 17:21:44.229350 https://qianbaishuhd.fang.com/
Logger:2020-03-16 17:21:45.253360 https://haiyunxianhc.fang.com/
Logger:2020-03-16 17:21:49.271784 https://qd.newhouse.fang.com/house/s/b914/
Logger:2020-03-16 17:21:49.606955 https://youshanmeishu0532.fang.com/
Logger:2020-03-16 17:21:50.046753 https://shanhuwanlx.fang.com/
Logger:2020-03-16 17:21:50.469137 https://haiyuewanld.fang.com/
Logger:2020-03-16 17:21:50.858247 https://yuedongwanct.fang.com/
Logger:2020-03-16 17:21:51.275134 https://dongbuxintiandisg.fang.com/
Logger:2020-03-16 17:21:51.613544 https://xihairuiyuan0532.fang.com/
Logger:2020-03-16 17:21:52.002616 https://haiyushush.fang.com/
Logger:2020-03-16 17:21:52.340403 https://guojicunqx.fang.com/2/
Logger:2020-03-16 17:21:52.739323 https://qingdaoguangchangzt.fang.com/
Logger:2020-03-16 17:21:53.147209 https://longtai.fang.com/
Logger:2020-03-16 17:21:53.350665 https://qisejin.fang.com/
Logger:2020-03-16 17:21:53.676823 https://jiangshanyuekd.fang.com/
Logger:2020-03-16 17:21:54.014036 https://xindulangyue.fang.com/
Logger:2020-03-16 17:21:54.423091 https://shuianxindujzy0532.fang.com/
Logger:2020-03-16 17:21:54.772129 https://822205.fang.com/
Logger:2020-03-16 17:21:55.149119 https://xiyueduxl.fang.com/
Logger:2020-03-16 17:21:55.708624 https://yangguangmeizhenjk.fang.com/
Logger:2020-03-16 17:21:56.077636 https://ziyuefu0532.fang.com/
Logger:2020-03-16 17:21:59.212422 https://qingdaozhongxinzt.fang.com/
Logger:2020-03-16 17:21:59.615870 https://xiangnaigongguanhh.fang.com/
Logger:2020-03-16 17:22:04.243645 https://qd.newhouse.fang.com/house/s/b915/
Logger:2020-03-16 17:22:04.533846 https://ruyuanlbghc.fang.com/
Logger:2020-03-16 17:22:04.913830 https://huarunchengjz.fang.com/
Logger:2020-03-16 17:22:05.323669 https://xizhuyayuan.fang.com/
Logger:2020-03-16 17:22:05.666524 https://hebihuayuan.fang.com/
Logger:2020-03-16 17:22:06.076466 https://zhongyanggongyuanli.fang.com/
Logger:2020-03-16 17:22:08.814238 https://jinxiuwaitanrs0532.fang.com/
Logger:2020-03-16 17:22:09.340128 https://lingshenghuafukj.fang.com/
Logger:2020-03-16 17:22:09.734609 https://fenghuangchengsbjt.fang.com/
Logger:2020-03-16 17:22:10.084636 https://gangduxiangcheng.fang.com/
Logger:2020-03-16 17:22:10.437690 https://hanlinmingyuanay.fang.com/
Logger:2020-03-16 17:22:10.839393 https://haieryunjie.fang.com/
Logger:2020-03-16 17:22:11.172110 https://yunxihe.fang.com/
Logger:2020-03-16 17:22:11.554056 https://weilanchuangxintiandi.fang.com/
Logger:2020-03-16 17:22:11.984904 https://jiayuanblcf.fang.com/
Logger:2020-03-16 17:22:12.344332 https://mengwangshijiahx.fang.com/2/
Logger:2020-03-16 17:22:12.660270 https://tianxiangguoji0532.fang.com/
Logger:2020-03-16 17:22:14.839611 https://yihaofuax.fang.com/
Logger:2020-03-16 17:22:15.220556 https://haixinjunlan.fang.com/
Logger:2020-03-16 17:22:15.546594 https://lanangongguanls.fang.com/
Logger:2020-03-16 17:22:15.928770 https://guojihaianssh.fang.com/
Logger:2020-03-16 17:22:19.918039 https://qd.newhouse.fang.com/house/s/b916/
Logger:2020-03-16 17:22:20.262147 https://qingdaoxinchengshiza.fang.com/
Logger:2020-03-16 17:22:20.582263 https://mingjiakangchengry.fang.com/
Logger:2020-03-16 17:22:20.991200 https://kaiyuanfukd.fang.com/
Logger:2020-03-16 17:22:21.342308 https://lantingxdjd.fang.com/
Logger:2020-03-16 17:22:21.696281 https://wanghailingyuld.fang.com/
Logger:2020-03-16 17:22:22.060262 https://lanchengchunfenglichenguang.fang.com/
Logger:2020-03-16 17:22:22.471193 https://haitianzhongxin.fang.com/
Logger:2020-03-16 17:22:22.759392 https://shijiayuyuan.fang.com/
Logger:2020-03-16 17:22:23.090927 https://xianghaihuiduld.fang.com/
Logger:2020-03-16 17:22:23.431439 https://laiyanglu.fang.com/
Logger:2020-03-16 17:22:23.848324 https://rongxinxifahaiyuexingwan.fang.com/
Logger:2020-03-16 17:22:24.238280 https://k2haitangwan0532.fang.com/
Logger:2020-03-16 17:22:24.690771 https://haixinxiangjiangruiyuan.fang.com/
Logger:2020-03-16 17:22:27.259276 https://kunlunshoufu0532.fang.com/
Logger:2020-03-16 17:22:27.667877 https://jingyuegongguangy.fang.com/
Logger:2020-03-16 17:22:29.947910 https://mingdexiaozhen.fang.com/
Logger:2020-03-16 17:22:30.293983 https://yijingwan0532.fang.com/
Logger:2020-03-16 17:22:30.718890 https://jiayuandushi0532.fang.com/
Logger:2020-03-16 17:22:31.226512 https://xintechenghx.fang.com/
Logger:2020-03-16 17:22:33.743737 https://lishanguoji0532.fang.com/villa/
Logger:2020-03-16 17:22:37.679760 https://qd.newhouse.fang.com/house/s/b917/
Logger:2020-03-16 17:22:39.341183 https://chuangxiangchengkd.fang.com/
Logger:2020-03-16 17:22:39.651327 https://linghaixianglanjunyuyuan.fang.com/
Logger:2020-03-16 17:22:40.038263 https://huahaoyueyuanhqd.fang.com/
Logger:2020-03-16 17:22:40.475094 https://haibolanwanay.fang.com/
Logger:2020-03-16 17:22:42.402847 https://fenghuangxinchenghj.fang.com/
Logger:2020-03-16 17:22:42.782424 https://yupinhuafuhe.fang.com/
Logger:2020-03-16 17:22:43.389798 https://yuanxiongguojiguangchang.fang.com/office/
Logger:2020-03-16 17:22:45.153925 https://xinhuishuian.fang.com/
Logger:2020-03-16 17:22:45.561439 https://daxigu.fang.com/
Logger:2020-03-16 17:22:48.072268 https://fenglinxiaozhen0532.fang.com/villa/
Logger:2020-03-16 17:22:48.486810 https://tiananshumachengqd.fang.com/
Logger:2020-03-16 17:22:48.919347 https://weilanjunzy.fang.com/
Logger:2020-03-16 17:22:49.242274 https://zhongxinchengwk20532.fang.com/
Logger:2020-03-16 17:22:49.630722 https://dongfangshishangzhongxin.fang.com/
Logger:2020-03-16 17:22:50.125388 https://zhongyanggongyuandf.fang.com/
Logger:2020-03-16 17:22:50.565714 https://balichengxy.fang.com/
Logger:2020-03-16 17:22:51.033993 https://wankexingkong0532.fang.com/
Logger:2020-03-16 17:22:51.367092 https://qianyexincheng.fang.com/
Logger:2020-03-16 17:22:51.802898 https://yujingyuanlq.fang.com/
Logger:2020-03-16 17:22:53.670940 https://shanghecheng0532.fang.com/
Logger:2020-03-16 17:22:57.791610 https://qd.newhouse.fang.com/house/s/b918/
Logger:2020-03-16 17:22:58.161595 https://shuijingguangchangqdhd.fang.com/
Logger:2020-03-16 17:22:58.473681 https://yulongrunbang20532.fang.com/
Logger:2020-03-16 17:22:58.869639 https://heguangchenyuebl0532.fang.com/
Logger:2020-03-16 17:22:59.219673 https://rongchuanggongguan.fang.com/
Logger:2020-03-16 17:23:01.022248 https://yiranyuanshu.fang.com/
Logger:2020-03-16 17:23:01.318418 https://heizhuozhongxin.fang.com/
Logger:2020-03-16 17:23:01.608658 https://longyuewanbjcj0532.fang.com/
Logger:2020-03-16 17:23:02.050967 https://jinzunfuqj.fang.com/
Logger:2020-03-16 17:23:02.429596 https://jinyubeianwk.fang.com/
Logger:2020-03-16 17:23:02.786635 https://yuehaidaguantyrh.fang.com/
Logger:2020-03-16 17:23:03.182576 https://shijigongguanhe.fang.com/
Logger:2020-03-16 17:23:05.445375 https://enmashuyuan.fang.com/
Logger:2020-03-16 17:23:05.808478 https://mingchengfudi0532.fang.com/
Logger:2020-03-16 17:23:06.129139 https://jinyuhefu.fang.com/
Logger:2020-03-16 17:23:06.524027 https://xiangsongtyjts.fang.com/
Logger:2020-03-16 17:23:06.881786 https://kuntinghc.fang.com/
Logger:2020-03-16 17:23:07.214781 https://banqiaohuafuyc.fang.com/
Logger:2020-03-16 17:23:07.590353 https://changjiangdonglu88hx.fang.com/
Logger:2020-03-16 17:23:08.010230 https://zhongyanggongguanls.fang.com/
Logger:2020-03-16 17:23:08.459061 https://zgmrsy.fang.com/
Logger:2020-03-16 17:23:12.274051 https://qd.newhouse.fang.com/house/s/b919/
Logger:2020-03-16 17:23:12.602768 https://jinshatanqdyx.fang.com/
Logger:2020-03-16 17:23:13.041662 https://zhongliangshoufu0532.fang.com/
Logger:2020-03-16 17:23:13.396672 https://bailudaowh.fang.com/
Logger:2020-03-16 17:23:13.937259 https://annaxivilla.fang.com/
Logger:2020-03-16 17:23:14.509060 https://hailefult.fang.com/
Logger:2020-03-16 17:23:14.977393 https://ruihailanshan.fang.com/
Logger:2020-03-16 17:23:15.351450 https://jinsehuashanjf.fang.com/
Logger:2020-03-16 17:23:15.780237 https://hanlinhuafu0532.fang.com/
Logger:2020-03-16 17:23:17.652854 https://tianfengshoufu.fang.com/
Logger:2020-03-16 17:23:17.981083 https://yuejundaduhui.fang.com/
Logger:2020-03-16 17:23:18.501733 https://jiangshanmingyuan0532.fang.com/
Logger:2020-03-16 17:23:18.837411 https://ziyuejingyuan.fang.com/
Logger:2020-03-16 17:23:19.199485 https://haitanggongguandx.fang.com/
Logger:2020-03-16 17:23:19.557639 https://lanshanyuefuzr.fang.com/
Logger:2020-03-16 17:23:19.966545 https://tonghuidangdaiyuemom.fang.com/
Logger:2020-03-16 17:23:20.274759 https://changjiangdiyicheng.fang.com/
Logger:2020-03-16 17:23:20.559610 https://pingxiangyuefusj.fang.com/
Logger:2020-03-16 17:23:20.875318 https://mingjiaguojiry.fang.com/
Logger:2020-03-16 17:23:21.175055 https://baidinggongyuld.fang.com/
Logger:2020-03-16 17:23:21.499232 https://yunhaizhenfulxc.fang.com/
Logger:2020-03-16 17:23:25.589378 https://qd.newhouse.fang.com/house/s/b920/
Logger:2020-03-16 17:23:25.960089 https://linshuiyijiaxk.fang.com/
Logger:2020-03-16 17:23:26.354331 https://lanbowanqd.fang.com/
Logger:2020-03-16 17:23:26.707388 https://jiuxichengyf0532.fang.com/
Logger:2020-03-16 17:23:27.078443 https://heizuangongguanlg.fang.com/
Logger:2020-03-16 17:23:27.425472 https://manyuewanzn0532.fang.com/
Logger:2020-03-16 17:23:27.809446 https://chunjiangzichenlh0532.fang.com/
Logger:2020-03-16 17:23:29.227785 https://zhushanxiuguyushu.fang.com/
Logger:2020-03-16 17:23:29.617428 https://beianyihaorc.fang.com/
Logger:2020-03-16 17:23:29.964547 https://dangdaihuafu0532.fang.com/
Logger:2020-03-16 17:23:30.394401 https://chenyuefu.fang.com/
Logger:2020-03-16 17:23:31.228165 https://wenchuangshoufu.fang.com/
Logger:2020-03-16 17:23:31.548837 https://yuehulantinghe.fang.com/
Logger:2020-03-16 17:23:31.940815 https://shangchengyufu.fang.com/
Logger:2020-03-16 17:23:32.357734 https://longjinshujb.fang.com/
Logger:2020-03-16 17:23:32.737900 https://guoxinmoyuewan.fang.com/
Logger:2020-03-16 17:23:33.144791 https://aolinchuntian0532.fang.com/
Logger:2020-03-16 17:23:33.592622 https://xiaogangmingcheng.fang.com/5/
Logger:2020-03-16 17:23:33.988538 https://bixiyuantt.fang.com/
Logger:2020-03-16 17:23:34.332509 https://yunguyihao.fang.com/
Logger:2020-03-16 17:23:34.697864 https://shanshuijiayuanbanshanyushu.fang.com/
Logger:2020-03-16 17:23:38.778048 https://qd.newhouse.fang.com/house/s/b921/
Logger:2020-03-16 17:23:39.117664 https://langyataijiayuan.fang.com/
Logger:2020-03-16 17:23:41.483181 https://mengxiangwangcheng.fang.com/
Logger:2020-03-16 17:23:41.935145 https://shengangcheng0532.fang.com/
Logger:2020-03-16 17:23:43.467346 https://yangguangyihao0532.fang.com/
Logger:2020-03-16 17:23:43.784478 https://ruyijinanhd.fang.com/
Logger:2020-03-16 17:23:44.174011 https://qilingongguanwd.fang.com/
Logger:2020-03-16 17:23:44.605884 https://jingshanglanwanly.fang.com/
Logger:2020-03-16 17:23:44.996848 https://dongfangxiaweiyi0532.fang.com/
Logger:2020-03-16 17:23:45.409297 https://jiaozhouwanshangheyuan.fang.com/
Logger:2020-03-16 17:23:45.935408 https://suhe.fang.com/
Logger:2020-03-16 17:23:46.294448 https://guanhailingyugh.fang.com/
Logger:2020-03-16 17:23:46.671506 https://changqingshanzhuang.fang.com/
Logger:2020-03-16 17:23:47.052960 https://hqyysa.fang.com/
Logger:2020-03-16 17:23:47.574364 https://zichengyudu.fang.com/
Logger:2020-03-16 17:23:48.125273 https://shidiqiangweixian.fang.com/
Logger:2020-03-16 17:23:48.455388 https://yuanzhuhz.fang.com/
Logger:2020-03-16 17:23:49.034389 https://anzhitinglanzgtj.fang.com/
Logger:2020-03-16 17:23:49.473365 https://huashangjinan.fang.com/
Logger:2020-03-16 17:23:49.846878 https://diyicheng0532.fang.com/
Logger:2020-03-16 17:23:50.132120 https://fuxinyuanhjd.fang.com/
Logger:2020-03-16 17:23:54.152621 https://qd.newhouse.fang.com/house/s/b922/
Logger:2020-03-16 17:23:54.477816 https://dushigangwan0532.fang.com/
Logger:2020-03-16 17:23:54.772005 https://zhonghejinan.fang.com/
Logger:2020-03-16 17:23:55.084170 https://qingdaokejichuangxinyuan.fang.com/
Logger:2020-03-16 17:23:55.435635 https://ziyougangwan0532.fang.com/office/
Logger:2020-03-16 17:23:55.717662 https://huiguchanyeyuankc.fang.com/
Logger:2020-03-16 17:23:55.995933 https://baijinguangchang0532.fang.com/
Logger:2020-03-16 17:23:56.295757 https://guojiguangchength.fang.com/
Logger:2020-03-16 17:23:56.576008 https://fuanguoji.fang.com/
Logger:2020-03-16 17:23:56.940040 https://dongfanglongyujkc.fang.com/
Logger:2020-03-16 17:23:57.461711 https://gelinmeijingjd.fang.com/
Logger:2020-03-16 17:23:57.784620 https://jinshatanyihao.fang.com/
Logger:2020-03-16 17:23:58.208680 https://dongfangyuefuheccc.fang.com/
Logger:2020-03-16 17:23:58.526858 https://tonganlu9hao.fang.com/
Logger:2020-03-16 17:23:58.883874 https://jianbangtinghai.fang.com/
Logger:2020-03-16 17:23:59.263443 https://rongmeiguangxingfu.fang.com/
Logger:2020-03-16 17:23:59.611989 https://juzhilezhi.fang.com/
Logger:2020-03-16 17:24:02.116032 https://yujinwankd.fang.com/
Logger:2020-03-16 17:24:02.505986 https://yunxiwanwd.fang.com/
Logger:2020-03-16 17:24:02.965760 https://changyicheng.fang.com/
Logger:2020-03-16 17:24:03.321816 https://xianshanhuachenglc.fang.com/
Logger:2020-03-16 17:24:07.716864 https://qd.newhouse.fang.com/house/s/b923/
Logger:2020-03-16 17:24:08.625944 https://qingdaokejichengqdxx0532.fang.com/
Logger:2020-03-16 17:24:09.240301 https://guanlanwenyuan.fang.com/
Logger:2020-03-16 17:24:11.073422 https://xinqingchuanjiayuan.fang.com/
Logger:2020-03-16 17:24:13.855357 https://xiangxididthe.fang.com/
Logger:2020-03-16 17:24:14.481682 https://shangxidizjlh.fang.com/
Logger:2020-03-16 17:24:15.092798 https://jinfenghuangmingpin.fang.com/
Logger:2020-03-16 17:24:15.413474 https://zhuoyuehuayuan0532.fang.com/
Logger:2020-03-16 17:24:17.519638 https://tianyihaiwan.fang.com/villa/
Logger:2020-03-16 17:24:20.889483 https://fulaidejiangongyuan.fang.com/
Logger:2020-03-16 17:24:23.154834 https://cthlxf.fang.com/
Logger:2020-03-16 17:24:23.532822 https://xiangxixianting.fang.com/
Logger:2020-03-16 17:24:23.913229 https://yinzuozhongxinqd.fang.com/
Logger:2020-03-16 17:24:24.186322 https://jinxiuchengly.fang.com/
Logger:2020-03-16 17:24:24.508573 https://xinyuanjunfu.fang.com/
Logger:2020-03-16 17:24:26.062012 https://hepanjiayuan20532.fang.com/
Logger:2020-03-16 17:24:26.485875 https://shengtaikejiyuandr.fang.com/
Logger:2020-03-16 17:24:28.567217 https://zgmrfd.fang.com/
Logger:2020-03-16 17:24:28.908304 https://longyushangchengpd0532.fang.com/
Logger:2020-03-16 17:24:29.317172 https://bishuimingzhu0532.fang.com/
Logger:2020-03-16 17:24:30.912036 https://xinghuajingyuan5.fang.com/
Logger:2020-03-16 17:24:35.068183 https://qd.newhouse.fang.com/house/s/b924/
Logger:2020-03-16 17:24:35.373092 https://chengshiguangchangjzbl.fang.com/
Logger:2020-03-16 17:24:35.731851 https://mengxiangzhichengzs.fang.com/
Logger:2020-03-16 17:24:36.101539 https://oumeixiexiangli.fang.com/
Logger:2020-03-16 17:24:36.506461 https://guojinzhongxin0532.fang.com/
Logger:2020-03-16 17:24:38.921496 https://pengpaidaomds.fang.com/
Logger:2020-03-16 17:24:39.274060 https://guojizhongxinhx.fang.com/
Logger:2020-03-16 17:24:39.592126 https://huanghaiboyu.fang.com/
Logger:2020-03-16 17:24:41.285446 https://jinguhuayuanfs.fang.com/
Logger:2020-03-16 17:24:41.625045 https://cbdshoufu.fang.com/
Logger:2020-03-16 17:24:41.938243 https://liuhezhuangyuan.fang.com/
Logger:2020-03-16 17:24:42.449860 https://languzhiguangbhkjy.fang.com/
Logger:2020-03-16 17:24:42.791172 https://shuanglonglingyu.fang.com/
Logger:2020-03-16 17:24:43.129193 https://lanhaiguoji0532.fang.com/
Logger:2020-03-16 17:24:43.467430 https://guojiguangchanghe0532.fang.com/
Logger:2020-03-16 17:24:43.839434 https://shangwugongguanrf.fang.com/
Logger:2020-03-16 17:24:45.713611 https://qingdaoxiaozhenwx.fang.com/
Logger:2020-03-16 17:24:45.986918 https://dongfangyingduhaiyuqd.fang.com/
Logger:2020-03-16 17:24:46.303245 https://mengshidai.fang.com/
Logger:2020-03-16 17:24:48.127141 https://taiwanxinyuan.fang.com/
Logger:2020-03-16 17:24:48.529279 https://nuodeguangchang.fang.com/office/
Logger:2020-03-16 17:24:52.460396 https://qd.newhouse.fang.com/house/s/b925/
Logger:2020-03-16 17:24:52.792422 https://lihaiguangchang.fang.com/
Logger:2020-03-16 17:24:53.094656 https://furongyujingguanlan.fang.com/
Logger:2020-03-16 17:24:53.490597 https://hangyundasha0532.fang.com/
Logger:2020-03-16 17:24:53.756886 https://hedajingcheng.fang.com/
Logger:2020-03-16 17:24:54.114928 https://yongxingongguan.fang.com/
Logger:2020-03-16 17:24:54.478026 https://haixinjunhe.fang.com/
Logger:2020-03-16 17:24:54.904146 https://qingdaoyanfachengzk.fang.com/
Logger:2020-03-16 17:24:55.308095 https://zhongxinchengxx.fang.com/
Logger:2020-03-16 17:24:55.668102 https://jingshanyueyuan.fang.com/
Logger:2020-03-16 17:24:56.009231 https://huaqiaoxingfuli.fang.com/
Logger:2020-03-16 17:24:56.438311 https://shengshitaoyuan0532.fang.com/
Logger:2020-03-16 17:24:56.792389 https://laiyingongguan.fang.com/
Logger:2020-03-16 17:24:57.142507 https://121119.fang.com/
Logger:2020-03-16 17:24:57.484634 https://haixinjunsong.fang.com/
Logger:2020-03-16 17:24:59.523651 https://feicuicheng0532.fang.com/
Logger:2020-03-16 17:24:59.924565 https://shanchuanrongyuan.fang.com/
Logger:2020-03-16 17:25:00.420213 https://kangyangzhihuigujd.fang.com/
Logger:2020-03-16 17:25:00.846340 https://gaoshijingyuan.fang.com/
Logger:2020-03-16 17:25:01.223415 https://yihaoyuantt.fang.com/
Logger:2020-03-16 17:25:08.861947 https://shanghaihuayuanpd.fang.com/
Logger:2020-03-16 17:25:12.880776 https://qd.newhouse.fang.com/house/s/b926/
Logger:2020-03-16 17:25:13.179261 https://ronghejiayuan0532.fang.com/
Logger:2020-03-16 17:25:13.521526 https://chengshiyangguanghuayuan.fang.com/
Logger:2020-03-16 17:25:13.917467 https://fengyuemingbang.fang.com/
Logger:2020-03-16 17:25:14.320391 https://qidonghanfu.fang.com/
Logger:2020-03-16 17:25:14.672077 https://wanhengsijihuacheng.fang.com/
Logger:2020-03-16 17:25:14.999205 https://konggangguojizhongxinsc.fang.com/
Logger:2020-03-16 17:25:15.296604 https://yuejun.fang.com/
Logger:2020-03-16 17:25:15.741418 https://haixinxuefuli.fang.com/
Logger:2020-03-16 17:25:18.778421 https://zhengbeimingcheng.fang.com/
Logger:2020-03-16 17:25:21.756245 https://chenjingqianshantyrh.fang.com/
Logger:2020-03-16 17:25:23.649250 https://lvsegongyuanzd.fang.com/
Logger:2020-03-16 17:25:24.665952 https://jinmohuafu.fang.com/
Logger:2020-03-16 17:25:24.994042 https://guangsharuifu.fang.com/
Logger:2020-03-16 17:25:27.527420 https://yuanxiangshuhe.fang.com/villa/
Logger:2020-03-16 17:25:31.469403 https://jinfuhuayuanqd.fang.com/
Logger:2020-03-16 17:25:31.873330 https://taiquanmeiyu0532.fang.com/
Logger:2020-03-16 17:25:32.312119 https://haieryungu.fang.com/
Logger:2020-03-16 17:25:32.580924 https://qingdaozhongxindashazt.fang.com/office/
Logger:2020-03-16 17:25:33.074742 https://ocenawegjhysq.fang.com/
Logger:2020-03-16 17:25:34.443272 https://jinglingongguangy.fang.com/
Logger:2020-03-16 17:25:38.776192 https://qd.newhouse.fang.com/house/s/b927/
Logger:2020-03-16 17:25:39.162929 https://xinjingyuan0532.fang.com/
Logger:2020-03-16 17:25:39.524979 https://lantingfudixd0532.fang.com/
Logger:2020-03-16 17:25:39.843117 https://yijingjiayuan0532.fang.com/
Logger:2020-03-16 17:25:40.240081 https://maxshangwuhongwan.fang.com/
Logger:2020-03-16 17:25:40.534404 https://ltxh1h.fang.com/
Logger:2020-03-16 17:25:43.247365 https://yangguang1haowj.fang.com/
Logger:2020-03-16 17:25:43.626351 https://qinghuafenghuangyuan.fang.com/
Logger:2020-03-16 17:25:44.083579 https://shuxiangjiayuanxc.fang.com/
Logger:2020-03-16 17:25:44.419879 https://zhongjieshidaiguangchang.fang.com/
Logger:2020-03-16 17:25:44.740064 https://lanwanwangguzsj.fang.com/
Logger:2020-03-16 17:25:45.054683 https://tianjuhuafu.fang.com/
Logger:2020-03-16 17:25:49.933730 https://yayuanlhc.fang.com/
Logger:2020-03-16 17:25:50.344225 https://jiuyangjnh.fang.com/
Logger:2020-03-16 17:25:50.669194 https://dongchengmingjun0532.fang.com/
Logger:2020-03-16 17:25:51.039204 https://guojidashahf.fang.com/office/
Logger:2020-03-16 17:25:51.317461 https://shangheulingyu.fang.com/
Logger:2020-03-16 17:25:53.570094 https://mingshifudish.fang.com/
Logger:2020-03-16 17:25:53.907412 https://renminlushangyeguangchang.fang.com/shop/
Logger:2020-03-16 17:25:54.240670 https://fengheguangchang0532.fang.com/
Logger:2020-03-16 17:25:54.583194 https://pinshuohuanian.fang.com/
Logger:2020-03-16 17:25:58.670512 https://qd.newhouse.fang.com/house/s/b928/
Logger:2020-03-16 17:25:59.081411 https://shunningguojijinrongzhongxin.fang.com/
Logger:2020-03-16 17:25:59.389621 https://zhongdekejiyuan.fang.com/
Logger:2020-03-16 17:26:00.885418 https://zhongfangfuzhuangcheng.fang.com/
Logger:2020-03-16 17:26:01.202531 https://guojiguangchangwl.fang.com/
Logger:2020-03-16 17:26:01.594878 https://chanyeyuanzycx.fang.com/
Logger:2020-03-16 17:26:02.899344 https://shenlanzhongxin.fang.com/
Logger:2020-03-16 17:26:05.552011 https://meiguitingyuan.fang.com/villa/
Logger:2020-03-16 17:26:06.029777 https://haiyitiancheng0532.fang.com/
Logger:2020-03-16 17:26:06.356071 https://dongshanfuhx.fang.com/
Logger:2020-03-16 17:26:07.768516 https://haiyibanshan.fang.com/
Logger:2020-03-16 17:26:08.077225 https://tingyunshanzhuanglx.fang.com/
Logger:2020-03-16 17:26:09.477777 https://binhai1hao0532.fang.com/
Logger:2020-03-16 17:26:09.883663 https://haianwankecheng.fang.com/
Logger:2020-03-16 17:26:13.199936 https://hanbilouqd2.fang.com/
Logger:2020-03-16 17:26:14.569805 https://lingxiushanblyc.fang.com/
Logger:2020-03-16 17:26:14.946072 https://haishangjianianhuaqd.fang.com/
Logger:2020-03-16 17:26:15.319370 https://yuehuguangchangheccc.fang.com/
Logger:2020-03-16 17:26:15.872860 https://ruixiangfujiayuan.fang.com/
Logger:2020-03-16 17:26:16.184013 https://tangdaohaian.fang.com/
Logger:2020-03-16 17:26:16.698676 https://blschy.fang.com/
Logger:2020-03-16 17:26:20.381403 https://qd.newhouse.fang.com/house/s/b929/
Logger:2020-03-16 17:26:20.738304 https://jimogucheng.fang.com/
Logger:2020-03-16 17:26:21.131766 https://zhongyangmeidirj.fang.com/
Logger:2020-03-16 17:26:21.585545 https://shilijintanbgy.fang.com/
Logger:2020-03-16 17:26:21.993453 https://yongjiaxinju.fang.com/
Logger:2020-03-16 17:26:24.730101 https://qiyinglils.fang.com/
Logger:2020-03-16 17:26:25.096910 https://lanwanmingduzz.fang.com/
Logger:2020-03-16 17:26:27.397995 https://zhengyanggongguanjr.fang.com/
Logger:2020-03-16 17:26:28.839127 https://lukaduobao.fang.com/
Logger:2020-03-16 17:26:29.177707 https://wankexinghui0532.fang.com/
Logger:2020-03-16 17:26:29.526249 https://dongliyuan0532.fang.com/
Logger:2020-03-16 17:26:29.904213 https://ruiyuanshuian.fang.com/
Logger:2020-03-16 17:26:30.257290 https://yudongxinfu.fang.com/
Logger:2020-03-16 17:26:30.654900 https://yihaoyuanpd.fang.com/
Logger:2020-03-16 17:26:31.050617 https://zijinggongguan0532.fang.com/
Logger:2020-03-16 17:26:31.340392 https://shuxiangpanchengyst.fang.com/
Logger:2020-03-16 17:26:31.743275 https://quanyuanshanzhuang.fang.com/
Logger:2020-03-16 17:26:32.303262 https://tianyiheting.fang.com/
Logger:2020-03-16 17:26:32.653455 https://shishangchuangyichanyeyuanqd.fang.com/
Logger:2020-03-16 17:26:33.799950 https://hedajingchengshangye.fang.com/
Logger:2020-03-16 17:26:34.193445 https://lanshanwanlanyu.fang.com/
Logger:2020-03-16 17:26:38.661466 https://qd.newhouse.fang.com/house/s/b930/
Logger:2020-03-16 17:26:39.043413 https://konggangxincheng0532.fang.com/
Logger:2020-03-16 17:26:40.663592 https://zhongjieshidaigongguan.fang.com/
Logger:2020-03-16 17:26:40.959779 https://guoxinjinrongzhongxin.fang.com/
Logger:2020-03-16 17:26:41.265987 https://jinduhuafuhr.fang.com/
Logger:2020-03-16 17:26:41.712816 https://jingdonghuafujd.fang.com/
Logger:2020-03-16 17:26:42.089083 https://hushangyipin.fang.com/
Logger:2020-03-16 17:26:42.504964 https://dexinlonghu.fang.com/
Logger:2020-03-16 17:26:43.017645 https://bandaolanwan.fang.com/
Logger:2020-03-16 17:26:43.407984 https://kechuangld.fang.com/
Logger:2020-03-16 17:26:43.664295 https://huashangjindi.fang.com/
Logger:2020-03-16 17:26:44.095113 https://lishenghuayuan0532.fang.com/
Logger:2020-03-16 17:26:44.454153 https://jindugongguansh.fang.com/
Logger:2020-03-16 17:26:46.448922 https://chenjinglangyue.fang.com/
Logger:2020-03-16 17:26:46.766267 https://yuquanjingyuan.fang.com/
Logger:2020-03-16 17:26:47.145553 https://dongfanghuatinglh.fang.com/
Logger:2020-03-16 17:26:47.575404 https://ruichanglu88.fang.com/
Logger:2020-03-16 17:26:49.173601 https://wenquanyangguang.fang.com/
Logger:2020-03-16 17:26:51.639778 https://aorunmoxiangyuan.fang.com/
Logger:2020-03-16 17:26:51.947482 https://dongfanghaijing0532.fang.com/
Logger:2020-03-16 17:26:54.612411 https://zhumengxiaozhen.fang.com/
Logger:2020-03-16 17:26:58.511208 https://qd.newhouse.fang.com/house/s/b931/
Logger:2020-03-16 17:26:58.884266 https://ziyuanguangchangbd.fang.com/
Logger:2020-03-16 17:26:59.257455 https://wenquanbieshublh.fang.com/
Logger:2020-03-16 17:27:01.381000 https://yujingyuanlsd.fang.com/
Logger:2020-03-16 17:27:01.759156 https://shanshuijiayuanhd.fang.com/
Logger:2020-03-16 17:27:02.084786 https://huishenglantingxhyst.fang.com/
Logger:2020-03-16 17:27:03.693264 https://xinchengguoji0532.fang.com/
Logger:2020-03-16 17:27:04.002428 https://xiangjiangmingzhu0532.fang.com/
Logger:2020-03-16 17:27:04.332524 https://shengshihaotingshop.fang.com/
Logger:2020-03-16 17:27:04.634544 https://httdzx.fang.com/
Logger:2020-03-16 17:27:05.011212 https://kaifengr26xinduhui.fang.com/
Logger:2020-03-16 17:27:07.422141 https://jinxiushanzhuangsl.fang.com/
Logger:2020-03-16 17:27:09.608000 https://guihejiayuefu.fang.com/
Logger:2020-03-16 17:27:10.705650 https://yameihuayuanyaju.fang.com/
Logger:2020-03-16 17:27:12.123569 https://tianchenghuayuancf.fang.com/
Logger:2020-03-16 17:27:12.437204 https://huatinglijing0532.fang.com/
Logger:2020-03-16 17:27:12.766308 https://zhongxinchenghd0532.fang.com/
Logger:2020-03-16 17:27:13.274955 https://ssgjhapyh.fang.com/
Logger:2020-03-16 17:27:13.664151 https://hengchengjiayuan.fang.com/
Logger:2020-03-16 17:27:15.032839 https://kechuangdashabl.fang.com/
Logger:2020-03-16 17:27:16.381914 https://jiaozhouhuijinghuayuan.fang.com/
Logger:2020-03-16 17:27:20.396826 https://qd.newhouse.fang.com/house/s/b932/
Logger:2020-03-16 17:27:21.825034 https://jinglangongguan2.fang.com/
Logger:2020-03-16 17:27:24.000527 https://fuguixinyuan.fang.com/
Logger:2020-03-16 17:27:24.376253 https://qdgjythzzx.fang.com/
Logger:2020-03-16 17:27:25.135222 https://qihanyuanxx.fang.com/
Logger:2020-03-16 17:27:25.562081 https://zhongyangguangchangwx.fang.com/
Logger:2020-03-16 17:27:25.872249 https://nanshanhaiyue0532.fang.com/2/
Logger:2020-03-16 17:27:26.152152 https://121995.fang.com/
Logger:2020-03-16 17:27:26.493026 https://fenghuangmeiguishuhx.fang.com/
Logger:2020-03-16 17:27:26.851069 https://sddxzmgjcyy.fang.com/
Logger:2020-03-16 17:27:27.240031 https://nanshanlanyu.fang.com/
Logger:2020-03-16 17:27:27.546795 https://zhongguoshudu.fang.com/
Logger:2020-03-16 17:27:27.866568 https://zhongliangdayuefenghuali.fang.com/
Logger:2020-03-16 17:27:28.155763 https://sanheyuan0532.fang.com/
Logger:2020-03-16 17:27:28.486877 https://hongjinfang.fang.com/
Logger:2020-03-16 17:27:30.100181 https://yongtaishuiyunjian.fang.com/
Logger:2020-03-16 17:27:30.497150 https://zhongxinbangongrc.fang.com/
Logger:2020-03-16 17:27:30.838347 https://123039.fang.com/
Logger:2020-03-16 17:27:31.215680 https://lanwanzhigu.fang.com/
Logger:2020-03-16 17:27:32.707680 https://aorunguoji.fang.com/
Logger:2020-03-16 17:27:32.995478 https://chengyanggongguan.fang.com/
Logger:2020-03-16 17:27:36.626252 https://qd.newhouse.fang.com/house/s/b933/
Logger:2020-03-16 17:27:36.942264 https://dongjiakoushangyeguangchang.fang.com/
Logger:2020-03-16 17:27:37.226522 https://xihongshi.fang.com/
Logger:2020-03-16 17:27:37.563601 https://donganshangjie.fang.com/
Logger:2020-03-16 17:27:37.884743 https://shangpinguangchang.fang.com/
Logger:2020-03-16 17:27:38.159008 https://jinjianglidu0532.fang.com/shop/
Logger:2020-03-16 17:27:38.474165 https://yirongkailai.fang.com/
Logger:2020-03-16 17:27:38.749158 https://hechuanglongwan.fang.com/
Logger:2020-03-16 17:27:40.766288 https://znclxfhlsyj.fang.com/
Logger:2020-03-16 17:27:41.126738 https://shouzuohlwz.fang.com/
Logger:2020-03-16 17:27:41.500264 https://guojifengqingjielb.fang.com/
Logger:2020-03-16 17:27:41.804436 https://jinridasha0532.fang.com/
Logger:2020-03-16 17:27:42.106628 https://haodecaifushangmaowuliuchengpd.fang.com/
Logger:2020-03-16 17:27:42.475642 https://zjgjgy0532.fang.com/
Logger:2020-03-16 17:27:42.849641 https://bfgjzhwlgzggx.fang.com/
Logger:2020-03-16 17:27:43.127208 https://guojiguangchangjm.fang.com/
Logger:2020-03-16 17:27:44.606128 https://jinrongdashaht0532.fang.com/
Logger:2020-03-16 17:27:44.906439 https://wanliandasha0532.fang.com/
Logger:2020-03-16 17:27:47.170525 https://121949.fang.com/
Logger:2020-03-16 17:27:48.619240 https://jinrongdashaht.fang.com/
Logger:2020-03-16 17:27:50.087817 https://122015.fang.com/
Logger:2020-03-16 17:27:53.999299 https://qd.newhouse.fang.com/house/s/b934/
Logger:2020-03-16 17:27:54.351370 https://xfrxmslt.fang.com/
Logger:2020-03-16 17:27:54.718410 https://hxlyl7h.fang.com/
Logger:2020-03-16 17:27:55.024148 https://chunjianglichenglh0532.fang.com/
Logger:2020-03-16 17:27:55.423041 https://wankeweilaicheng.fang.com/
Logger:2020-03-16 17:27:55.873845 https://yingangtyrh.fang.com/
Logger:2020-03-16 17:27:56.320266 https://shuyuanyihaott.fang.com/
Logger:2020-03-16 17:27:58.486941 https://huanghoudaozy0532.fang.com/2/
Logger:2020-03-16 17:27:58.870127 https://jingchenyuanzhu.fang.com/
Logger:2020-03-16 17:27:59.263100 https://xixiangyuebl.fang.com/
Logger:2020-03-16 17:27:59.710408 https://jinshatanhd.fang.com/
Logger:2020-03-16 17:28:00.112315 https://jiuliqingchuanlh0532.fang.com/
Logger:2020-03-16 17:28:00.763847 https://zhonghaijiutang.fang.com/
Logger:2020-03-16 17:28:01.177428 https://xinduhui1907.fang.com/
Logger:2020-03-16 17:28:02.575422 https://qd.newhouse.fang.com/house/2411121731.htm
Logger:2020-03-16 17:28:02.882014 https://shiguangyinxiangtt.fang.com/
Logger:2020-03-16 17:28:03.342296 https://yeyudongshankd.fang.com/
Logger:2020-03-16 17:28:03.686438 https://haixinjunyi.fang.com/
Logger:2020-03-16 17:28:04.093463 https://boguanyipinyst.fang.com/
Logger:2020-03-16 17:28:04.518973 https://feicuitaibgy.fang.com/
Logger:2020-03-16 17:28:04.888980 https://dishengshanzhuanghx.fang.com/2/
Logger:2020-03-16 17:28:08.655374 https://qd.newhouse.fang.com/house/s/b935/
Logger:2020-03-16 17:28:08.975036 https://guojihuaduld0532.fang.com/
Logger:2020-03-16 17:28:10.252967 https://zhonghaiyuhu.fang.com/
Logger:2020-03-16 17:28:10.569047 https://mengwangshijiahx.fang.com/
Logger:2020-03-16 17:28:12.927454 https://lanyuegongguanty.fang.com/
Logger:2020-03-16 17:28:14.310336 https://jiaonanlhbhyt.fang.com/
Logger:2020-03-16 17:28:14.620043 https://fulinyuan0532.fang.com/3/
Logger:2020-03-16 17:28:16.123040 https://luofuguanhai.fang.com/
Logger:2020-03-16 17:28:18.203909 https://jinkeyuyuan0532.fang.com/
Logger:2020-03-16 17:28:18.613995 https://dongzhushoufuqs.fang.com/
Logger:2020-03-16 17:28:19.009934 https://yuehaigongguanwd.fang.com/
Logger:2020-03-16 17:28:21.156650 https://huahaoyueyuanwc.fang.com/
Logger:2020-03-16 17:28:21.572242 https://guhefengqing.fang.com/1/
Logger:2020-03-16 17:28:21.949198 https://yanguanglijaj.fang.com/
Logger:2020-03-16 17:28:22.278324 https://huarunmaxgongyu.fang.com/
Logger:2020-03-16 17:28:23.585476 https://haichenyuyuan.fang.com/
Logger:2020-03-16 17:28:23.989979 https://yinfengguli.fang.com/
Logger:2020-03-16 17:28:26.602708 https://shuianhuating0532.fang.com/
Logger:2020-03-16 17:28:26.964183 https://qinhaiwanct.fang.com/
Logger:2020-03-16 17:28:27.301278 https://haiduyuefu.fang.com/
Logger:2020-03-16 17:28:30.445134 https://tingyuansfrc.fang.com/
Logger:2020-03-16 17:28:34.293190 https://qd.newhouse.fang.com/house/s/b936/
Logger:2020-03-16 17:28:34.551467 https://songchengfudi.fang.com/
Logger:2020-03-16 17:28:35.048639 https://jsgxyqd.fang.com/
Logger:2020-03-16 17:28:35.338929 https://guojihangyunzhongxin.fang.com/shop/
Logger:2020-03-16 17:28:35.649033 https://caifudidai.fang.com/office/
Logger:2020-03-16 17:28:35.952245 https://chuangyezhongxinhx.fang.com/
Logger:2020-03-16 17:28:36.358803 https://liqunjindingguangchang.fang.com/
Logger:2020-03-16 17:28:36.721452 https://chuangyexiaozhen.fang.com/
Logger:2020-03-16 17:28:40.534939 https://qd.newhouse.fang.com/house/s/b937/
Logger:2020-03-16 17:28:44.066175 https://qd.newhouse.fang.com/house/s/b938/
Logger:2020-03-16 17:28:47.632161 https://qd.newhouse.fang.com/house/s/b939/
