Logger:2020-03-16 12:34:13.941711 https://qhd.newhouse.fang.com/house/s/b91/
Logger:2020-03-16 12:34:14.667734 https://napanyunqishu.fang.com/?from=xflist_xfgg
Logger:2020-03-16 12:34:15.601235 https://dexianhuafuzy0335.fang.com/?from=xflist_xfgg
Logger:2020-03-16 12:34:16.345288 https://yuanyangkunyu.fang.com/
Logger:2020-03-16 12:34:18.052713 https://weilanhaianhm.fang.com/
Logger:2020-03-16 12:34:18.977236 https://beidaihekongquecheng.fang.com/
Logger:2020-03-16 12:34:22.793993 https://yufubgy.fang.com/
Logger:2020-03-16 12:34:23.402448 https://houhaizjbgy.fang.com/
Logger:2020-03-16 12:34:24.075608 https://dexiangongguanzy0335.fang.com/
Logger:2020-03-16 12:34:25.097831 https://haolaiwumofacheng.fang.com/
Logger:2020-03-16 12:34:25.826926 https://zaishuiyifang0335.fang.com/
Logger:2020-03-16 12:34:26.134095 https://wandaguangchangqhd.fang.com/
Logger:2020-03-16 12:34:26.484122 https://wanxiangchengbh.fang.com/
Logger:2020-03-16 12:34:26.817273 https://jiuhaobieshu0335.fang.com/
Logger:2020-03-16 12:34:27.275036 https://kongquechengcl.fang.com/
Logger:2020-03-16 12:34:28.295277 https://jinmenghaiwanno1.fang.com/
Logger:2020-03-16 12:34:28.638399 https://tanghedonganjs.fang.com/
Logger:2020-03-16 12:34:28.971467 https://jiulitaoyuan.fang.com/
Logger:2020-03-16 12:34:31.491726 https://yfnlgjsjq.fang.com/
Logger:2020-03-16 12:34:33.170235 https://xiangyilanwan0335.fang.com/
Logger:2020-03-16 12:34:33.764677 https://anshanglanwan.fang.com/
Logger:2020-03-16 12:34:37.337089 https://qhd.newhouse.fang.com/house/s/b92/
Logger:2020-03-16 12:34:37.615344 https://shijianhai.fang.com/
Logger:2020-03-16 12:34:37.986352 https://daihehaigongyuan.fang.com/
Logger:2020-03-16 12:34:40.382943 https://shanhaijingwan.fang.com/
Logger:2020-03-16 12:34:40.653217 https://jingangyuwan.fang.com/
Logger:2020-03-16 12:34:42.753646 https://fulijinxi.fang.com/
Logger:2020-03-16 12:34:43.052835 https://shiguanghaiwanwk.fang.com/
Logger:2020-03-16 12:34:43.378926 https://jinlonghexi.fang.com/
Logger:2020-03-16 12:34:43.767886 https://haibinshengjingbdh.fang.com/
Logger:2020-03-16 12:34:44.074066 https://weilaichengwk0335.fang.com/2/
Logger:2020-03-16 12:34:45.673825 https://fuliheyuan.fang.com/
Logger:2020-03-16 12:34:45.956067 https://xiangdilanting.fang.com/
Logger:2020-03-16 12:34:46.270191 https://jingyafangtingbgy.fang.com/
Logger:2020-03-16 12:34:46.561449 https://shanhaiyaju.fang.com/
Logger:2020-03-16 12:34:46.930425 https://haibitai.fang.com/
Logger:2020-03-16 12:34:47.245582 https://shanhaitongwan.fang.com/
Logger:2020-03-16 12:34:47.604621 https://longzechenghx.fang.com/
Logger:2020-03-16 12:34:47.947734 https://fenghuangchengxl.fang.com/
Logger:2020-03-16 12:34:48.268881 https://hetangbl.fang.com/
Logger:2020-03-16 12:34:48.589984 https://shijigangwan.fang.com/shop/
Logger:2020-03-16 12:34:48.903182 https://zijinwan0335.fang.com/
Logger:2020-03-16 12:34:52.704017 https://qhd.newhouse.fang.com/house/s/b93/
Logger:2020-03-16 12:34:52.995201 https://xingguangdadao0335.fang.com/
Logger:2020-03-16 12:34:53.349297 https://maoyezhongxin0335.fang.com/
Logger:2020-03-16 12:34:53.770128 https://lanjunhuafu0335.fang.com/
Logger:2020-03-16 12:34:54.053370 https://tangquanshoulingstjh.fang.com/
Logger:2020-03-16 12:34:54.360548 https://yibeilan.fang.com/
Logger:2020-03-16 12:34:54.747543 https://guanchaobl.fang.com/
Logger:2020-03-16 12:34:55.132519 https://daiheshoulingjh.fang.com/
Logger:2020-03-16 12:34:57.457264 https://xiangxihaixl.fang.com/
Logger:2020-03-16 12:34:57.758496 https://shanhaiyihao.fang.com/
Logger:2020-03-16 12:35:00.864150 https://shuiyinchangcheng.fang.com/
Logger:2020-03-16 12:35:04.210200 https://weinisishuicheng0335.fang.com/
Logger:2020-03-16 12:35:07.897335 https://lndgjqcwhcycyy.fang.com/
Logger:2020-03-16 12:35:08.762065 https://jinmaoguoji0335.fang.com/
Logger:2020-03-16 12:35:09.012353 https://yuefuhd0335.fang.com/
Logger:2020-03-16 12:35:12.284637 https://shengqinxiyuan.fang.com/
Logger:2020-03-16 12:35:12.573839 https://anaya.fang.com/
Logger:2020-03-16 12:35:12.954805 https://haoyuecheng.fang.com/
Logger:2020-03-16 12:35:13.258071 https://xingtongxincheng.fang.com/
Logger:2020-03-16 12:35:13.592146 https://shoufubgy.fang.com/
Logger:2020-03-16 12:35:14.043892 https://zijinjiafu.fang.com/
Logger:2020-03-16 12:35:18.040201 https://qhd.newhouse.fang.com/house/s/b94/
Logger:2020-03-16 12:35:18.325500 https://qinhuangbandaofl.fang.com/
Logger:2020-03-16 12:35:18.725368 https://zhongyangmeishubw.fang.com/
Logger:2020-03-16 12:35:19.026562 https://xichenghuayu.fang.com/
Logger:2020-03-16 12:35:19.286908 https://fengqingshuian0335.fang.com/
Logger:2020-03-16 12:35:19.590097 https://dongdaihejzy0335.fang.com/
Logger:2020-03-16 12:35:20.206407 https://kongquewangfu.fang.com/
Logger:2020-03-16 12:35:20.526550 https://gongyuanli0335.fang.com/
Logger:2020-03-16 12:35:26.584344 https://shihewanjy.fang.com/
Logger:2020-03-16 12:35:26.926429 https://qinhuangbandao.fang.com/
Logger:2020-03-16 12:35:30.301401 https://mihasixiaozhenwk.fang.com/
Logger:2020-03-16 12:35:30.642523 https://hepanshangcheng.fang.com/
Logger:2020-03-16 12:35:30.963629 https://hengdachengqhd.fang.com/
Logger:2020-03-16 12:35:31.261832 https://taihexiaozhen.fang.com/
Logger:2020-03-16 12:35:31.572038 https://changli.newhouse.fang.com/house/1343820785.htm
Logger:2020-03-16 12:35:32.567339 https://tianchengyishu.fang.com/
Logger:2020-03-16 12:35:32.948345 https://weilaichengzy0335.fang.com/
Logger:2020-03-16 12:35:33.220630 https://shanhuhai.fang.com/
Logger:2020-03-16 12:35:33.491902 https://xinhongshengshi0335.fang.com/
Logger:2020-03-16 12:35:33.824014 https://tanghemingzhu.fang.com/
Logger:2020-03-16 12:35:35.608243 https://xinguangshanshui.fang.com/
Logger:2020-03-16 12:35:39.290354 https://qhd.newhouse.fang.com/house/s/b95/
Logger:2020-03-16 12:35:39.587558 https://zhiaijiayuanlt.fang.com/
Logger:2020-03-16 12:35:40.127159 https://qlyjlw.fang.com/
Logger:2020-03-16 12:35:40.392444 https://zhongyanggongyuan0335.fang.com/
Logger:2020-03-16 12:35:42.545645 https://zilanxiangjun.fang.com/
Logger:2020-03-16 12:35:42.838861 https://bailudao.fang.com/
Logger:2020-03-16 12:35:43.238833 https://taifengshoufuql.fang.com/
Logger:2020-03-16 12:35:44.733829 https://changli.newhouse.fang.com/house/1343820777.htm
Logger:2020-03-16 12:35:46.756381 https://changli.newhouse.fang.com/house/1343820771.htm
Logger:2020-03-16 12:35:47.049597 https://bdhkqcsyh.fang.com/
Logger:2020-03-16 12:35:47.404684 https://yudaiwan.fang.com/
Logger:2020-03-16 12:35:49.737445 https://jieshimingzhu.fang.com/
Logger:2020-03-16 12:35:51.963486 https://jiyadarc.fang.com/
Logger:2020-03-16 12:35:53.865364 https://xiangbinxiaozhen0335.fang.com/
Logger:2020-03-16 12:35:56.165247 https://huaduyijun.fang.com/
Logger:2020-03-16 12:35:56.460422 https://ytcmombjhagy.fang.com/
Logger:2020-03-16 12:35:56.773626 https://rongshengjiankanggu.fang.com/
Logger:2020-03-16 12:35:57.379999 https://qhdyudingxinju.fang.com/
Logger:2020-03-16 12:35:58.574764 https://daihewanjy.fang.com/
Logger:2020-03-16 12:35:58.925826 https://yihaogongguan0335.fang.com/
Logger:2020-03-16 12:35:59.212060 https://haitianyi.fang.com/
Logger:2020-03-16 12:36:03.462718 https://qhd.newhouse.fang.com/house/s/b96/
Logger:2020-03-16 12:36:03.757899 https://qlhdhy.fang.com/
Logger:2020-03-16 12:36:04.097030 https://qhdxianglongbandao.fang.com/
Logger:2020-03-16 12:36:04.334357 https://liyuandijing.fang.com/
Logger:2020-03-16 12:36:05.002569 https://donggangjiayuan0335.fang.com/
Logger:2020-03-16 12:36:05.478377 https://wantongguangchang0335.fang.com/
Logger:2020-03-16 12:36:05.784478 https://binhaixincheng0335.fang.com/
Logger:2020-03-16 12:36:06.873632 https://hongyiguojicheng0335.fang.com/
Logger:2020-03-16 12:36:07.407177 https://hongdushoufu.fang.com/
Logger:2020-03-16 12:36:10.348305 https://hanlinyuan0335.fang.com/
Logger:2020-03-16 12:36:10.697401 https://heyayuan0335.fang.com/
Logger:2020-03-16 12:36:10.954646 https://jinmenghaiwan8hao.fang.com/
Logger:2020-03-16 12:36:11.297772 https://heyuan20335.fang.com/
Logger:2020-03-16 12:36:11.617872 https://yinghaigongguan.fang.com/
Logger:2020-03-16 12:36:11.926048 https://kongquetingyuan.fang.com/
Logger:2020-03-16 12:36:12.253203 https://haiyunxingcheng.fang.com/
Logger:2020-03-16 12:36:12.599247 https://bodu.fang.com/
Logger:2020-03-16 12:36:12.903433 https://guojigongguanhm0335.fang.com/
Logger:2020-03-16 12:36:13.202715 https://haiyunxinyuan.fang.com/
Logger:2020-03-16 12:36:13.602563 https://qhdjinhuiyuan.fang.com/
Logger:2020-03-16 12:36:13.914728 https://daqinzuoanql.fang.com/
Logger:2020-03-16 12:36:18.538359 https://qhd.newhouse.fang.com/house/s/b97/
Logger:2020-03-16 12:36:18.858503 https://qianshuiwan0335.fang.com/villa/
Logger:2020-03-16 12:36:19.195601 https://mingxinglangyue.fang.com/
Logger:2020-03-16 12:36:19.489814 https://yulongwan20335.fang.com/
Logger:2020-03-16 12:36:22.172362 https://huayuhai0335.fang.com/
Logger:2020-03-16 12:36:22.563317 https://guyuyihao.fang.com/
Logger:2020-03-16 12:36:22.972261 https://linhaitingtao.fang.com/
Logger:2020-03-16 12:36:23.321289 https://budinggongyu.fang.com/
Logger:2020-03-16 12:36:23.696302 https://songshizhuangyuan.fang.com/
Logger:2020-03-16 12:36:24.117160 https://langtaosha1hao.fang.com/
Logger:2020-03-16 12:36:24.470248 https://aojinglanwan2.fang.com/
Logger:2020-03-16 12:36:25.948262 https://cldongshanhuafu.fang.com/
Logger:2020-03-16 12:36:26.264455 https://tanghetingyuan.fang.com/
Logger:2020-03-16 12:36:26.637449 https://yanghezuoan.fang.com/3/
Logger:2020-03-16 12:36:26.938612 https://jinshameidi0335.fang.com/
Logger:2020-03-16 12:36:28.866455 https://cltaianshengshi.fang.com/
Logger:2020-03-16 12:36:30.290646 https://clshengmushidai.fang.com/
Logger:2020-03-16 12:36:30.622788 https://binhaiwan.fang.com/
Logger:2020-03-16 12:36:30.936916 https://diyiguanjmhw.fang.com/
Logger:2020-03-16 12:36:32.626441 https://cljinxiebali.fang.com/
Logger:2020-03-16 12:36:32.922636 https://feichanghai.fang.com/
Logger:2020-03-16 12:36:36.266659 https://qhd.newhouse.fang.com/house/s/b98/
Logger:2020-03-16 12:36:36.526962 https://shangfengshangshuilingdi.fang.com/
Logger:2020-03-16 12:36:41.253362 https://ytcmomabjhagy.fang.com/
Logger:2020-03-16 12:36:42.178842 https://tangqianle.fang.com/
Logger:2020-03-16 12:36:42.512993 https://bandaosiji0335.fang.com/
Logger:2020-03-16 12:36:44.005999 https://clliuheshangcherng.fang.com/
Logger:2020-03-16 12:36:44.289230 https://xiaduhaian.fang.com/
Logger:2020-03-16 12:36:46.119338 https://changli.newhouse.fang.com/house/1343820779.htm
Logger:2020-03-16 12:36:46.465414 https://yuhailongwan.fang.com/
Logger:2020-03-16 12:36:46.781572 https://bohaiyuyuan0335.fang.com/
Logger:2020-03-16 12:36:48.765259 https://cldongfangguojicheng.fang.com/
Logger:2020-03-16 12:36:50.435800 https://haikuohaigongguan.fang.com/
Logger:2020-03-16 12:36:53.906469 https://longhuayuan0335.fang.com/
Logger:2020-03-16 12:36:55.852264 https://cljinhamingcheng.fang.com/
Logger:2020-03-16 12:36:58.619925 https://cljieshimeiyu.fang.com/
Logger:2020-03-16 12:36:58.919060 https://yuanshihai.fang.com/
Logger:2020-03-16 12:37:01.110198 https://changli.newhouse.fang.com/house/1343834295.htm
Logger:2020-03-16 12:37:03.382161 https://binhaiguoji0335.fang.com/
Logger:2020-03-16 12:37:06.529756 https://daiheguojibh.fang.com/
Logger:2020-03-16 12:37:07.993784 https://cljinzeyayuan.fang.com/
Logger:2020-03-16 12:37:11.440599 https://cllanjunhuafu.fang.com/
Logger:2020-03-16 12:37:14.853432 https://qhd.newhouse.fang.com/house/s/b99/
Logger:2020-03-16 12:37:17.078480 https://wenhuaxingcheng.fang.com/
Logger:2020-03-16 12:37:19.852106 https://changli.newhouse.fang.com/house/1343834297.htm
Logger:2020-03-16 12:37:22.369362 https://clruijinglongwan.fang.com/
Logger:2020-03-16 12:37:24.941446 https://clxinglongyinzuo.fang.com/
Logger:2020-03-16 12:37:27.185443 https://changli.newhouse.fang.com/house/1343820783.htm
Logger:2020-03-16 12:37:29.445435 https://clbisitexiaohzen.fang.com/
Logger:2020-03-16 12:37:29.908202 https://dongdaihewanch.fang.com/
Logger:2020-03-16 12:37:30.282219 https://shengqinbeiyuan.fang.com/
Logger:2020-03-16 12:37:30.697048 https://longchenghuafu0335.fang.com/
Logger:2020-03-16 12:37:34.666430 https://qhd.newhouse.fang.com/house/s/b910/
Logger:2020-03-16 12:37:38.462275 https://qhd.newhouse.fang.com/house/s/b911/
Logger:2020-03-16 12:37:41.910127 https://qhd.newhouse.fang.com/house/s/b912/
