Logger:2020-03-16 13:19:34.108360 https://qianxi.newhouse.fang.com/house/s/b91/
Logger:2020-03-16 13:19:34.361683 https://qianxijinxiuguandirs.fang.com/
Logger:2020-03-16 13:19:34.667891 https://shengtaijiayuan0315.fang.com/
Logger:2020-03-16 13:19:35.020950 https://jinqiaoguojiqx.fang.com/
Logger:2020-03-16 13:19:35.421896 https://qxdonghuwan.fang.com/
Logger:2020-03-16 13:19:35.919515 https://qianxifengzeyujing.fang.com/
Logger:2020-03-16 13:19:36.227691 https://shuixiehuacheng0315.fang.com/
Logger:2020-03-16 13:19:36.533872 https://qianxidonghuwan.fang.com/
Logger:2020-03-16 13:19:37.559129 https://tianxiwanbgy0315.fang.com/
Logger:2020-03-16 13:19:37.924189 https://jinxidonghuwan.fang.com/4/
Logger:2020-03-16 13:19:38.236372 https://qianxihuayanyipinhuafu.fang.com/
Logger:2020-03-16 13:19:38.523549 https://qianxishanshuimeijubieshu.fang.com/
Logger:2020-03-16 13:19:38.840739 https://qianximeilishan.fang.com/
Logger:2020-03-16 13:19:39.115965 https://qianxishijilongting.fang.com/
Logger:2020-03-16 13:19:40.659873 https://qianxisanfuhaoting.fang.com/
Logger:2020-03-16 13:19:40.951089 https://qxtailonghualinyuan.fang.com/
Logger:2020-03-16 13:19:41.566445 https://shengshigongyuanqx.fang.com/
Logger:2020-03-16 13:19:41.965342 https://baoshengchang.fang.com/
Logger:2020-03-16 13:19:42.256562 https://qxshanshuimeiju.fang.com/
Logger:2020-03-16 13:19:42.580739 https://qianxihaidehuayuan.fang.com/
Logger:2020-03-16 13:19:42.930759 https://qianxirongxinyijing.fang.com/
Logger:2020-03-16 13:19:46.384550 https://qianxi.newhouse.fang.com/house/s/b92/
Logger:2020-03-16 13:19:47.943349 https://qianxiqianxiguangchang.fang.com/
Logger:2020-03-16 13:19:48.221648 https://lanshuijunqx.fang.com/
Logger:2020-03-16 13:19:51.994532 https://qianxi.newhouse.fang.com/house/s/b93/
Logger:2020-03-16 13:19:55.738497 https://qianxi.newhouse.fang.com/house/s/b94/
Logger:2020-03-16 13:19:59.124438 https://qianxi.newhouse.fang.com/house/s/b95/
