Logger:2020-03-16 08:19:49.090106 https://qianxinan.newhouse.fang.com/house/s/b91/
Logger:2020-03-16 08:19:49.324009 https://hualianchenggz.fang.com/
Logger:2020-03-16 08:19:49.573873 https://shuimuqinghua2.fang.com/
Logger:2020-03-16 08:19:49.878568 https://xingyiguojishengtaicheng.fang.com/
Logger:2020-03-16 08:19:50.362822 https://feiyanghuafu.fang.com/
Logger:2020-03-16 08:19:50.644006 https://jinzhoutiyuchengzg.fang.com/
Logger:2020-03-16 08:19:50.893997 https://donghuyihao0859.fang.com/
Logger:2020-03-16 08:19:51.190753 https://laimengdijing.fang.com/
Logger:2020-03-16 08:19:54.139242 https://cuizhuyuan2.fang.com/
Logger:2020-03-16 08:19:54.389520 https://lushanbieyuansx.fang.com/
Logger:2020-03-16 08:19:54.639162 https://xingyishangcheng.fang.com/
Logger:2020-03-16 08:19:54.905417 https://jinzhoushijia.fang.com/
Logger:2020-03-16 08:19:55.170249 https://yichengshanshui2.fang.com/
Logger:2020-03-16 08:19:55.420754 https://wjzhongyanggongyuancheng.fang.com/
Logger:2020-03-16 08:19:55.654582 https://donghuxinchengqg.fang.com/
Logger:2020-03-16 08:19:55.935774 https://dingshangchenggf.fang.com/
Logger:2020-03-16 08:19:56.170065 https://nanchengshuixiangjy.fang.com/
Logger:2020-03-16 08:19:56.420435 https://wanxinguangchang.fang.com/
Logger:2020-03-16 08:19:56.654474 https://wanhedadi.fang.com/
Logger:2020-03-16 08:19:56.998673 https://jfdyhxy.fang.com/
Logger:2020-03-16 08:19:58.638179 https://wanfengchengqg.fang.com/
Logger:2020-03-16 08:20:02.928361 https://qianxinan.newhouse.fang.com/house/s/b92/
Logger:2020-03-16 08:20:03.194401 https://anlongshangcheng.fang.com/
Logger:2020-03-16 08:20:03.471273 https://shengdijunyuan.fang.com/
Logger:2020-03-16 08:20:11.089445 https://zhongyanglijing0859.fang.com/
Logger:2020-03-16 08:20:11.341886 https://xingrenshangcheng.fang.com/
Logger:2020-03-16 08:20:11.623682 https://xingrencaifuzhongxin.fang.com/
Logger:2020-03-16 08:20:15.136622 https://shujingguoji.fang.com/
Logger:2020-03-16 08:20:16.764111 https://huijingyuanhd.fang.com/
Logger:2020-03-16 08:20:17.045260 https://xindouhuixs.fang.com/
Logger:2020-03-16 08:20:18.513259 https://qianxinan.newhouse.fang.com/house/3317153470.htm
Logger:2020-03-16 08:20:25.467619 https://shengjingtianyuanzz.fang.com/
Logger:2020-03-16 08:20:29.109374 https://daxiagu.fang.com/
Logger:2020-03-16 08:20:29.390344 https://cuidiwanyq.fang.com/
Logger:2020-03-16 08:20:30.764692 https://xiangwanbeian.fang.com/
Logger:2020-03-16 08:20:31.014460 https://wanfengjunfu.fang.com/
Logger:2020-03-16 08:20:31.249298 https://xingfuhuayuanbt.fang.com/
Logger:2020-03-16 08:20:31.545585 https://99kelachengjx.fang.com/
Logger:2020-03-16 08:20:31.811745 https://jiuhuayuan0859.fang.com/
Logger:2020-03-16 08:20:32.046194 https://shuijingwan2.fang.com/
Logger:2020-03-16 08:20:32.279786 https://haitianmingcheng.fang.com/
Logger:2020-03-16 08:20:32.610092 https://sanjiacunqy.fang.com/
Logger:2020-03-16 08:20:37.247816 https://qianxinan.newhouse.fang.com/house/s/b93/
Logger:2020-03-16 08:20:37.466467 https://fengmaoguangchang.fang.com/
Logger:2020-03-16 08:20:37.762928 https://furuiyaxuan.fang.com/
Logger:2020-03-16 08:20:39.808957 https://chengshiguangchangah.fang.com/
Logger:2020-03-16 08:20:40.137322 https://qinglongyinxiangjgy.fang.com/
Logger:2020-03-16 08:20:43.026947 https://huijinzhongxin0859.fang.com/
Logger:2020-03-16 08:20:43.308173 https://xiangbinhuayuanrh.fang.com/
Logger:2020-03-16 08:20:43.589314 https://borongtianjie.fang.com/
Logger:2020-03-16 08:20:43.857614 https://jiehexinyuan.fang.com/
Logger:2020-03-16 08:20:44.123442 https://qianlongguzhen.fang.com/
Logger:2020-03-16 08:20:44.389164 https://jinqiaobaihui.fang.com/
Logger:2020-03-16 08:20:44.639040 https://xiangruidasha0859.fang.com/
Logger:2020-03-16 08:20:44.919784 https://mjsppfwlc.fang.com/
Logger:2020-03-16 08:20:45.154103 https://jindouqianlong.fang.com/
Logger:2020-03-16 08:20:45.388926 https://jinyuanyaju0859.fang.com/
Logger:2020-03-16 08:20:45.623201 https://guojishangmaoc.fang.com/
Logger:2020-03-16 08:20:45.888710 https://xrsfgjsmc.fang.com/
Logger:2020-03-16 08:20:46.122624 https://hongkangxiaoqu.fang.com/
Logger:2020-03-16 08:20:46.372565 https://bandaohuachenghx.fang.com/
Logger:2020-03-16 08:20:46.622607 https://zhexingshangmaoblc.fang.com/
Logger:2020-03-16 08:20:46.888142 https://dibiaoguangchang0859.fang.com/
Logger:2020-03-16 08:20:50.574698 https://qianxinan.newhouse.fang.com/house/s/b94/
Logger:2020-03-16 08:20:50.762590 https://fuyuanjinan.fang.com/
Logger:2020-03-16 08:20:50.996874 https://ngclgc.fang.com/
Logger:2020-03-16 08:20:54.575734 https://qianxinan.newhouse.fang.com/house/s/b95/
Logger:2020-03-16 08:20:58.003831 https://qianxinan.newhouse.fang.com/house/s/b96/
Logger:2020-03-16 08:21:01.622574 https://qianxinan.newhouse.fang.com/house/s/b97/
