Logger:2020-03-16 01:49:03.557038 https://qiandongnan.newhouse.fang.com/house/s/b91/
Logger:2020-03-16 01:49:03.791313 https://changchishanyucheng.fang.com/
Logger:2020-03-16 01:49:04.103740 https://klwlc0855.fang.com/
Logger:2020-03-16 01:49:04.385492 https://hengdachengkl.fang.com/
Logger:2020-03-16 01:49:04.656273 https://xijiangyuekl.fang.com/
Logger:2020-03-16 01:49:04.934600 https://biguiyuankl.fang.com/
Logger:2020-03-16 01:49:07.168446 https://changdaguojiguangchangdaqiantianzhu.fang.com/
Logger:2020-03-16 01:49:07.419119 https://xiangshanbieyuan0855.fang.com/
Logger:2020-03-16 01:49:07.684448 https://longyuangongguan.fang.com/
Logger:2020-03-16 01:49:07.965167 https://yujingtianxiayx.fang.com/
Logger:2020-03-16 01:49:09.730384 https://weilaichengnanhu.fang.com/
Logger:2020-03-16 01:49:11.308812 https://fulaiminggekl.fang.com/
Logger:2020-03-16 01:49:11.573937 https://glsehdy.fang.com/
Logger:2020-03-16 01:49:11.807975 https://huakaishangcheng.fang.com/
Logger:2020-03-16 01:49:12.042804 https://yiyunmeizhenklzh.fang.com/
Logger:2020-03-16 01:49:12.308614 https://zhongyangchenghw.fang.com/
Logger:2020-03-16 01:49:13.747607 https://biguiyuanjiangwanyihao.fang.com/
Logger:2020-03-16 01:49:13.981908 https://gongyuanyihaoyuefuerqi.fang.com/
Logger:2020-03-16 01:49:16.403210 https://guojixinchengjq0855.fang.com/
Logger:2020-03-16 01:49:16.668773 https://klfldnf0855.fang.com/
Logger:2020-03-16 01:49:16.887471 https://honghucheng.fang.com/
Logger:2020-03-16 01:49:20.168807 https://qiandongnan.newhouse.fang.com/house/s/b92/
Logger:2020-03-16 01:49:21.798402 https://junjiguangchang.fang.com/
Logger:2020-03-16 01:49:23.157061 https://dadichuncheng.fang.com/
Logger:2020-03-16 01:49:23.438459 https://xingfulizx.fang.com/
Logger:2020-03-16 01:49:23.672667 https://hongxiangeastcity.fang.com/
Logger:2020-03-16 01:49:26.172431 https://tianhechengkl0855.fang.com/
Logger:2020-03-16 01:49:26.406985 https://chengshizhixinhh.fang.com/
Logger:2020-03-16 01:49:26.672587 https://shidaichengkl.fang.com/
Logger:2020-03-16 01:49:28.515893 https://miaojiawan.fang.com/
Logger:2020-03-16 01:49:28.740342 https://wanguochengkw.fang.com/
Logger:2020-03-16 01:49:28.974237 https://yipingjiangshan.fang.com/
Logger:2020-03-16 01:49:30.813775 https://guihuayuan0855.fang.com/
Logger:2020-03-16 01:49:31.063797 https://fengjingmingyuan0855.fang.com/
Logger:2020-03-16 01:49:32.407148 https://hudiegukl.fang.com/
Logger:2020-03-16 01:49:34.584017 https://runfengmingdu.fang.com/
Logger:2020-03-16 01:49:36.193420 https://xiandaihuayuan0855.fang.com/3/
Logger:2020-03-16 01:49:36.427820 https://bandaomeishudh.fang.com/
Logger:2020-03-16 01:49:36.682782 https://chengshihuayuanjl0855.fang.com/
Logger:2020-03-16 01:49:38.323021 https://yidongxincheng0855.fang.com/
Logger:2020-03-16 01:49:39.833620 https://lyjdkl.fang.com/
Logger:2020-03-16 01:49:41.396087 https://guojiguangchangqj.fang.com/
Logger:2020-03-16 01:49:44.667259 https://qiandongnan.newhouse.fang.com/house/s/b93/
Logger:2020-03-16 01:49:46.448090 https://qilongpanshanhuating2.fang.com/
Logger:2020-03-16 01:49:46.666787 https://xiangfengtingyuan.fang.com/
Logger:2020-03-16 01:49:48.724343 https://guojichengzl.fang.com/
Logger:2020-03-16 01:49:48.958274 https://xintiandi0855.fang.com/
Logger:2020-03-16 01:49:51.598232 https://wenshameishu.fang.com/
Logger:2020-03-16 01:49:53.494494 https://wuyangyihao.fang.com/
Logger:2020-03-16 01:49:53.740150 https://jiariguangchangkl.fang.com/
Logger:2020-03-16 01:49:55.849321 https://jingweiguojiqichecheng.fang.com/
Logger:2020-03-16 01:49:57.895032 https://huilongwanwt0855.fang.com/
Logger:2020-03-16 01:50:00.115540 https://zhenlongwanrk.fang.com/
Logger:2020-03-16 01:50:00.396726 https://qingshuiwanhx0855.fang.com/
Logger:2020-03-16 01:50:02.386513 https://congjiangyihao.fang.com/
Logger:2020-03-16 01:50:02.621257 https://yijinggaoshan.fang.com/
Logger:2020-03-16 01:50:04.646123 https://babilunxincheng.fang.com/
Logger:2020-03-16 01:50:04.880443 https://huafumingchengsb.fang.com/
Logger:2020-03-16 01:50:06.510068 https://hongyuanju0855.fang.com/
Logger:2020-03-16 01:50:06.732788 https://xijiangxijie.fang.com/
Logger:2020-03-16 01:50:06.998753 https://xiaoshangpinchengklyw.fang.com/
Logger:2020-03-16 01:50:08.552117 https://gtnzsygcywxspc.fang.com/
Logger:2020-03-16 01:50:08.850739 https://kaiyuanxinchenghw0855.fang.com/
Logger:2020-03-16 01:50:12.115909 https://qiandongnan.newhouse.fang.com/house/s/b94/
Logger:2020-03-16 01:50:12.271367 https://zhongxinchengkl0855.fang.com/
Logger:2020-03-16 01:50:16.312964 https://qiandongnan.newhouse.fang.com/house/s/b95/
Logger:2020-03-16 01:50:20.147141 https://qiandongnan.newhouse.fang.com/house/s/b96/
Logger:2020-03-16 01:50:24.039736 https://qiandongnan.newhouse.fang.com/house/s/b97/
