Logger:2020-03-16 01:52:35.326884 https://qiannan.newhouse.fang.com/house/s/b91/
Logger:2020-03-16 01:52:36.879835 https://duyunhengdabinhezuoan.fang.com/
Logger:2020-03-16 01:52:38.813119 https://guangnatixilinbi.fang.com/
Logger:2020-03-16 01:52:40.500036 https://weilaichengzijingdonglai.fang.com/
Logger:2020-03-16 01:52:42.598971 https://feichengguoji.fang.com/
Logger:2020-03-16 01:52:45.032398 https://xiwangjianqiaoxiaozhen.fang.com/
Logger:2020-03-16 01:52:45.266237 https://bgyfhc0854.fang.com/
Logger:2020-03-16 01:52:45.545295 https://shuianmingmen.fang.com/
Logger:2020-03-16 01:52:47.936237 https://xhwhzht.fang.com/
Logger:2020-03-16 01:52:48.186177 https://jianjiangbandaotf.fang.com/
Logger:2020-03-16 01:52:49.051698 https://bjh0854.fang.com/
Logger:2020-03-16 01:52:49.318016 https://nanzhouguoji.fang.com/
Logger:2020-03-16 01:52:49.630447 https://nzgjsn.fang.com/
Logger:2020-03-16 01:52:50.489405 https://shangchengyipin20854.fang.com/
Logger:2020-03-16 01:52:52.520350 https://rancgj0854.fang.com/
Logger:2020-03-16 01:52:52.800813 https://qixingweilaicheng.fang.com/
Logger:2020-03-16 01:52:53.066996 https://yunshanmeilu.fang.com/
Logger:2020-03-16 01:52:53.300696 https://beichengcaifu.fang.com/
Logger:2020-03-16 01:52:55.584812 https://xuefuyayuan0854.fang.com/
Logger:2020-03-16 01:52:55.849875 https://juwangjiayuan.fang.com/
Logger:2020-03-16 01:52:56.700746 https://bgybjh.fang.com/
Logger:2020-03-16 01:53:00.412359 https://qiannan.newhouse.fang.com/house/s/b92/
Logger:2020-03-16 01:53:00.614722 https://jiulongwan0854.fang.com/
Logger:2020-03-16 01:53:00.896263 https://qlhf0854.fang.com/
Logger:2020-03-16 01:53:01.130226 https://hsbgy0854.fang.com/
Logger:2020-03-16 01:53:03.188083 https://0854huanqiuzhongxin.fang.com/
Logger:2020-03-16 01:53:05.483122 https://hsfcc0854.fang.com/
Logger:2020-03-16 01:53:05.764263 https://huigufenglin0854.fang.com/
Logger:2020-03-16 01:53:07.248471 https://huiyuewan.fang.com/
Logger:2020-03-16 01:53:07.498518 https://yurongjiangshanfu.fang.com/
Logger:2020-03-16 01:53:07.748179 https://zuoanyangguang0854.fang.com/
Logger:2020-03-16 01:53:09.054214 https://kbzygy0854.fang.com/
Logger:2020-03-16 01:53:09.319448 https://scxfli.fang.com/
Logger:2020-03-16 01:53:09.569388 https://beibuyinxiang.fang.com/
Logger:2020-03-16 01:53:12.241264 https://xiangxieshuian0854.fang.com/
Logger:2020-03-16 01:53:12.552130 https://qxwxyh.fang.com/
Logger:2020-03-16 01:53:14.991774 https://ghyfw0854.fang.com/
Logger:2020-03-16 01:53:17.304446 https://fengqingyuanhj.fang.com/
Logger:2020-03-16 01:53:17.569977 https://jlw0854.fang.com/
Logger:2020-03-16 01:53:17.866138 https://houdeddh.fang.com/
Logger:2020-03-16 01:53:18.397632 https://jsmz0854.fang.com/
Logger:2020-03-16 01:53:18.647735 https://tsgydd.fang.com/
Logger:2020-03-16 01:53:22.273614 https://qiannan.newhouse.fang.com/house/s/b93/
Logger:2020-03-16 01:53:22.538466 https://xichengguojicy.fang.com/
Logger:2020-03-16 01:53:25.537758 https://lcgywf.fang.com/
Logger:2020-03-16 01:53:25.772650 https://qlmec0854.fang.com/
Logger:2020-03-16 01:53:27.599772 https://xinchengtianjie.fang.com/
Logger:2020-03-16 01:53:27.866051 https://xianggelilays.fang.com/
Logger:2020-03-16 01:53:28.458942 https://yunduguoji0854.fang.com/
Logger:2020-03-16 01:53:28.743008 https://zthdg.fang.com/
Logger:2020-03-16 01:53:28.992586 https://143424.fang.com/
Logger:2020-03-16 01:53:29.258602 https://shuianlvzhou0854.fang.com/2/
Logger:2020-03-16 01:53:29.554997 https://mzyc0854.fang.com/
Logger:2020-03-16 01:53:31.398268 https://smhp.fang.com/
Logger:2020-03-16 01:53:33.413419 https://beibuxincheng0854.fang.com/
Logger:2020-03-16 01:53:33.710817 https://nanjunshoufu.fang.com/
Logger:2020-03-16 01:53:33.960168 https://bbxcylxz.fang.com/
Logger:2020-03-16 01:53:34.225736 https://ylty.fang.com/
Logger:2020-03-16 01:53:34.460759 https://bojueyangguangli.fang.com/
Logger:2020-03-16 01:53:37.403282 https://huadujiayuan0854.fang.com/
Logger:2020-03-16 01:53:37.673896 https://mmsdgc.fang.com/
Logger:2020-03-16 01:53:37.892447 https://jfgjsmwlc0854.fang.com/
Logger:2020-03-16 01:53:38.157822 https://143428.fang.com/
Logger:2020-03-16 01:53:41.758644 https://qiannan.newhouse.fang.com/house/s/b94/
Logger:2020-03-16 01:53:41.961540 https://ddsygcatlgwgy.fang.com/
Logger:2020-03-16 01:53:43.617869 https://gjsmcyf.fang.com/
Logger:2020-03-16 01:53:43.851703 https://jtxspc.fang.com/
Logger:2020-03-16 01:53:46.201999 https://qilongpanshanhuating.fang.com/
Logger:2020-03-16 01:53:46.435921 https://yunshanyue.fang.com/
Logger:2020-03-16 01:53:46.703855 https://143418.fang.com/
Logger:2020-03-16 01:53:46.953741 https://bgyzttlyh.fang.com/
Logger:2020-03-16 01:53:47.188060 https://tianyuan2013.fang.com/
Logger:2020-03-16 01:53:47.484917 https://donglaishangcheng0854.fang.com/
Logger:2020-03-16 01:53:47.891021 https://liboguzhen0854.fang.com/
Logger:2020-03-16 01:53:50.656034 https://xingfulidy.fang.com/
Logger:2020-03-16 01:53:50.922099 https://nanjiaoguangchang.fang.com/
Logger:2020-03-16 01:53:51.171741 https://bgywasf0854.fang.com/
Logger:2020-03-16 01:53:53.333823 https://fuquancuilongwan.fang.com/
Logger:2020-03-16 01:53:53.552523 https://nanzhouguojixingan.fang.com/
Logger:2020-03-16 01:53:55.052337 https://shuiangongguang0854.fang.com/
Logger:2020-03-16 01:53:55.317729 https://143432.fang.com/
Logger:2020-03-16 01:53:58.145904 https://longyaodongfang0854.fang.com/
Logger:2020-03-16 01:53:58.395127 https://mengshidaiguangchanghj.fang.com/
Logger:2020-03-16 01:54:00.053388 https://jianqiaohuangjia.fang.com/
Logger:2020-03-16 01:54:03.275882 https://qiannan.newhouse.fang.com/house/s/b95/
Logger:2020-03-16 01:54:05.302462 https://ztgjstcbaijinggu.fang.com/
Logger:2020-03-16 01:54:06.771391 https://caifuzhongxinsc0854.fang.com/
Logger:2020-03-16 01:54:09.709590 https://ztgjstc.fang.com/
Logger:2020-03-16 01:54:11.818467 https://ztgjstcyqgslz.fang.com/
Logger:2020-03-16 01:54:13.441946 https://yysmc0854.fang.com/
Logger:2020-03-16 01:54:13.698701 https://143422.fang.com/
Logger:2020-03-16 01:54:13.959327 https://zhgc0854.fang.com/
Logger:2020-03-16 01:54:16.255446 https://shengaosuytlgxz.fang.com/
Logger:2020-03-16 01:54:16.505583 https://qlcsgc0854.fang.com/
Logger:2020-03-16 01:54:19.303418 https://duyunguomaoguangchang.fang.com/
Logger:2020-03-16 01:54:19.537738 https://cxyjsc0854.fang.com/
Logger:2020-03-16 01:54:19.802880 https://nzgjgcgwzx.fang.com/
Logger:2020-03-16 01:54:20.037152 https://xdhgjgwgc.fang.com/
Logger:2020-03-16 01:54:23.599182 https://ydsygc0854.fang.com/
Logger:2020-03-16 01:54:24.399241 https://yuhuahusdgy.fang.com/
Logger:2020-03-16 01:54:24.670251 https://jinhengxingcszht.fang.com/1/
Logger:2020-03-16 01:54:26.076269 https://dtgjc0854.fang.com/
Logger:2020-03-16 01:54:26.279756 https://143420.fang.com/
Logger:2020-03-16 01:54:26.529188 https://143452.fang.com/
Logger:2020-03-16 01:54:30.137711 https://qiannan.newhouse.fang.com/house/s/b96/
Logger:2020-03-16 01:54:33.678673 https://qiannan.newhouse.fang.com/house/s/b97/
Logger:2020-03-16 01:54:37.177750 https://qiannan.newhouse.fang.com/house/s/b98/
