Logger:2020-03-16 13:14:10.032364 https://qianan.newhouse.fang.com/house/s/b91/
Logger:2020-03-16 13:14:12.200552 https://jingyuefu.fang.com/
Logger:2020-03-16 13:14:12.525646 https://shangdongshuijunbocheng.fang.com/
Logger:2020-03-16 13:14:13.127037 https://qiananbiguiyuan.fang.com/
Logger:2020-03-16 13:14:13.415266 https://qaxbljy.fang.com/
Logger:2020-03-16 13:14:13.693557 https://xingyuanyihaogongguan2.fang.com/
Logger:2020-03-16 13:14:13.981750 https://tianyangchengqa.fang.com/
Logger:2020-03-16 13:14:14.321866 https://guanhujingyuan0315.fang.com/
Logger:2020-03-16 13:14:14.679883 https://lidujingyuan0315.fang.com/2/
Logger:2020-03-16 13:14:14.954191 https://qajghy.fang.com/
Logger:2020-03-16 13:14:15.229413 https://qajhgc.fang.com/
Logger:2020-03-16 13:14:15.535594 https://qachenxijiayuan.fang.com/
Logger:2020-03-16 13:14:17.320818 https://qazxsj.fang.com/
Logger:2020-03-16 13:14:17.745681 https://qaargg.fang.com/
Logger:2020-03-16 13:14:18.017996 https://zttygqzlydjq.fang.com/
Logger:2020-03-16 13:14:18.522603 https://binhuyuecheng2.fang.com/
Logger:2020-03-16 13:14:18.814821 https://chenxijiayuanqa.fang.com/
Logger:2020-03-16 13:14:19.084110 https://qasdsj.fang.com/
Logger:2020-03-16 13:14:20.717730 https://118351.fang.com/
Logger:2020-03-16 13:14:20.990031 https://zhongxiaoqiyeyuanfd.fang.com/
Logger:2020-03-16 13:14:21.320120 https://hujinghuayuan1.fang.com/
Logger:2020-03-16 13:14:25.157895 https://qianan.newhouse.fang.com/house/s/b92/
Logger:2020-03-16 13:14:25.468066 https://118349.fang.com/
Logger:2020-03-16 13:14:25.809147 https://xibanyazhuangyuan0315.fang.com/
Logger:2020-03-16 13:14:26.137233 https://gusuyuanyq0315.fang.com/
Logger:2020-03-16 13:14:26.539200 https://qalxcsj.fang.com/
Logger:2020-03-16 13:14:26.813465 https://guangchangjunfu0315.fang.com/
Logger:2020-03-16 13:14:30.182447 https://gusuyuanyq.fang.com/
Logger:2020-03-16 13:14:30.502588 https://qaxbyzy.fang.com/
Logger:2020-03-16 13:14:30.772831 https://tianyangguangchang.fang.com/
Logger:2020-03-16 13:14:31.052084 https://shishanggouwujiezj.fang.com/
Logger:2020-03-16 13:14:31.321365 https://mingzhuhuayuanqa.fang.com/
Logger:2020-03-16 13:14:32.216017 https://qianan.newhouse.fang.com/house/1326789247.htm
Logger:2020-03-16 13:14:32.492232 https://yixiuyuan2.fang.com/
Logger:2020-03-16 13:14:35.857230 https://jiafengyuan2.fang.com/
Logger:2020-03-16 13:14:39.119503 https://qianan.newhouse.fang.com/house/s/b93/
Logger:2020-03-16 13:14:43.380148 https://qianan.newhouse.fang.com/house/s/b94/
Logger:2020-03-16 13:14:46.542645 https://qianan.newhouse.fang.com/house/s/b95/
