Logger:2020-03-15 22:44:06.173519 https://qianjiang.newhouse.fang.com/house/s/b91/
Logger:2020-03-15 22:44:06.457841 https://biguiyuanqj.fang.com/
Logger:2020-03-15 22:44:06.726043 https://qianjianghengdamingdu.fang.com/
Logger:2020-03-15 22:44:07.031860 https://shangjunxindubh.fang.com/
Logger:2020-03-15 22:44:07.360239 https://shanshuimingchengqjgj.fang.com/
Logger:2020-03-15 22:44:07.614378 https://zhuangyuanfu023.fang.com/
Logger:2020-03-15 22:44:07.936530 https://yangguangguojiql.fang.com/
Logger:2020-03-15 22:44:08.213823 https://bhdzjy.fang.com/
Logger:2020-03-15 22:44:08.524917 https://jindunhuafu.fang.com/
Logger:2020-03-15 22:44:08.809156 https://psstyn023.fang.com/
Logger:2020-03-15 22:44:09.190884 https://jzsjhc023.fang.com/
Logger:2020-03-15 22:44:09.454902 https://wlsgjsmc.fang.com/
Logger:2020-03-15 22:44:09.768749 https://qianzhoufuza.fang.com/
Logger:2020-03-15 22:44:10.214620 https://jiangpanrenjiazx.fang.com/2/
Logger:2020-03-15 22:44:10.580705 https://qzqmjdsg.fang.com/
Logger:2020-03-15 22:44:10.966265 https://jpsts023.fang.com/
Logger:2020-03-15 22:44:11.359284 https://banshanguojihs.fang.com/
Logger:2020-03-15 22:44:11.667509 https://feichengshidaifx.fang.com/
Logger:2020-03-15 22:44:11.934067 https://jyzgc.fang.com/
Logger:2020-03-15 22:44:15.465939 https://qianjiang.newhouse.fang.com/house/s/b92/
Logger:2020-03-15 22:44:18.956982 https://qianjiang.newhouse.fang.com/house/s/b93/
Logger:2020-03-15 22:44:22.406203 https://qianjiang.newhouse.fang.com/house/s/b94/
