Logger:2020-03-16 14:25:47.654819 https://qidong.newhouse.fang.com/house/s/b91/
Logger:2020-03-16 14:25:47.920078 https://longxinjiayuan30513.fang.com/?from=xflist_xfgg
Logger:2020-03-16 14:25:53.637817 https://jiangjingyihao.fang.com/?from=xflist_xfgg
Logger:2020-03-16 14:25:53.919031 https://hend.fang.com/
Logger:2020-03-16 14:25:54.296021 https://dhsjw.fang.com/
Logger:2020-03-16 14:25:54.558359 https://xiouwenlanfu.fang.com/
Logger:2020-03-16 14:25:56.784397 https://qidongxinchengwuyueguangchang.fang.com/
Logger:2020-03-16 14:25:57.236156 https://shchangdao.fang.com/
Logger:2020-03-16 14:25:58.824905 https://shiliwaitan.fang.com/
Logger:2020-03-16 14:25:59.416324 https://175140.fang.com/
Logger:2020-03-16 14:25:59.716520 https://yinzhouchengshiyipin.fang.com/
Logger:2020-03-16 14:25:59.978820 https://feicuiyayuanxo.fang.com/
Logger:2020-03-16 14:26:00.282008 https://yinzhouhuangjiaxuefu.fang.com/
Logger:2020-03-16 14:26:00.602152 https://qdlc.fang.com/
Logger:2020-03-16 14:26:00.935261 https://daaicheng123.fang.com/
Logger:2020-03-16 14:26:01.157708 https://yangguangchenghaiyuefu.fang.com/
Logger:2020-03-16 14:26:01.587516 https://qidong.newhouse.fang.com/house/2051217744.htm
Logger:2020-03-16 14:26:04.762023 https://yulongyuan0513.fang.com/
Logger:2020-03-16 14:26:05.025319 https://qdxinmenghuayuan.fang.com/
Logger:2020-03-16 14:26:07.408942 https://yifengshangcheng123.fang.com/
Logger:2020-03-16 14:26:07.694180 https://longhaohaijingwan3.fang.com/
Logger:2020-03-16 14:26:11.341422 https://qidong.newhouse.fang.com/house/s/b92/
Logger:2020-03-16 14:26:13.739045 https://wanheyipin.fang.com/
Logger:2020-03-16 14:26:13.958488 https://yongheyushanghai.fang.com/
Logger:2020-03-16 14:26:17.012285 https://lvdaojiangwancheng.fang.com/
Logger:2020-03-16 14:26:20.301491 https://qdhygc.fang.com/
Logger:2020-03-16 14:26:20.629576 https://qdtuanjiexincun.fang.com/
Logger:2020-03-16 14:26:23.953718 https://1751320513.fang.com/
Logger:2020-03-16 14:26:26.755225 https://175136.fang.com/
Logger:2020-03-16 14:26:28.854603 https://175144.fang.com/
Logger:2020-03-16 14:26:29.185686 https://rongchuanghaishangtaoyuan123.fang.com/
Logger:2020-03-16 14:26:29.430033 https://175164.fang.com/
Logger:2020-03-16 14:26:29.687406 https://yinzhouifcjinrongzhongxin.fang.com/
Logger:2020-03-16 14:26:32.491842 https://qidongxinlecheng.fang.com/
Logger:2020-03-16 14:26:32.804050 https://xinpengjinmingyaju.fang.com/
Logger:2020-03-16 14:26:33.069337 https://shangzhishanghaihuafu.fang.com/
Logger:2020-03-16 14:26:33.327653 https://qdqinghuayuan.fang.com/
Logger:2020-03-16 14:26:38.111808 https://qidong.newhouse.fang.com/house/2051251972.htm
Logger:2020-03-16 14:26:40.478477 https://zhongxinhuayuan0513.fang.com/
Logger:2020-03-16 14:26:40.755777 https://175138.fang.com/
Logger:2020-03-16 14:26:40.980174 https://hdbs.fang.com/
Logger:2020-03-16 14:26:41.262379 https://feicuiyihao0513.fang.com/
Logger:2020-03-16 14:26:44.477778 https://qidong.newhouse.fang.com/house/s/b93/
Logger:2020-03-16 14:26:44.775979 https://175148.fang.com/
Logger:2020-03-16 14:26:45.038278 https://175162.fang.com/
Logger:2020-03-16 14:26:45.355430 https://175146.fang.com/
Logger:2020-03-16 14:26:46.634077 https://175156.fang.com/
Logger:2020-03-16 14:26:47.851752 https://175142.fang.com/
Logger:2020-03-16 14:26:48.130045 https://175168.fang.com/
Logger:2020-03-16 14:26:48.479072 https://1751520513.fang.com/
Logger:2020-03-16 14:26:50.803879 https://175160.fang.com/
Logger:2020-03-16 14:26:53.027940 https://1751840513.fang.com/
Logger:2020-03-16 14:26:54.344383 https://175158.fang.com/
Logger:2020-03-16 14:26:55.978013 https://175154.fang.com/
Logger:2020-03-16 14:26:57.261611 https://longxiyihao0513.fang.com/
Logger:2020-03-16 14:26:57.480992 https://shdfygsyj.fang.com/
Logger:2020-03-16 14:26:57.796225 https://1751880513.fang.com/
Logger:2020-03-16 14:26:58.050469 https://qdshanghaizhuangyuan.fang.com/
Logger:2020-03-16 14:26:59.324069 https://yidunlanting.fang.com/
Logger:2020-03-16 14:27:01.646847 https://yujinglanting20513.fang.com/
Logger:2020-03-16 14:27:04.787446 https://guoruiyingtai.fang.com/
Logger:2020-03-16 14:27:05.103600 https://xiangxieshuianqd.fang.com/
Logger:2020-03-16 14:27:07.084333 https://qidongyujingwan.fang.com/
Logger:2020-03-16 14:27:10.330617 https://qidong.newhouse.fang.com/house/s/b94/
Logger:2020-03-16 14:27:10.729550 https://yuedaoguanhu.fang.com/
Logger:2020-03-16 14:27:11.048762 https://yinghaihuashu0513.fang.com/
Logger:2020-03-16 14:27:11.339917 https://lvsigangchenggy.fang.com/
Logger:2020-03-16 14:27:11.647095 https://yinghaihuashuqd.fang.com/
Logger:2020-03-16 14:27:11.929340 https://haiyuefuygc.fang.com/
Logger:2020-03-16 14:27:12.228578 https://qmxzygc.fang.com/
Logger:2020-03-16 14:27:14.442616 https://haishangtaiyuanrc.fang.com/villa/
Logger:2020-03-16 14:27:14.677987 https://qidong.newhouse.fang.com/house/1839193146.htm
Logger:2020-03-16 14:27:14.934343 https://hongtaileyixiaozhen.fang.com/
Logger:2020-03-16 14:27:15.239486 https://hongxingshenghuoxiaozhen.fang.com/
Logger:2020-03-16 14:27:19.386437 https://shililanyuan.fang.com/
Logger:2020-03-16 14:27:19.738449 https://168lehuoshangjie.fang.com/
Logger:2020-03-16 14:27:20.000790 https://banbutanggongyuandao.fang.com/
Logger:2020-03-16 14:27:20.275014 https://shengheshengxinmeiguiyuan.fang.com/
Logger:2020-03-16 14:27:20.525345 https://yifengshangcheng.fang.com/
Logger:2020-03-16 14:27:22.991746 https://ygchyf2.fang.com/villa/
Logger:2020-03-16 14:27:23.227117 https://banghaoshishangguangchang.fang.com/
Logger:2020-03-16 14:27:23.478481 https://hygjjjgwgc.fang.com/
Logger:2020-03-16 14:27:25.484080 https://qidong.newhouse.fang.com/house/1839194968.htm
Logger:2020-03-16 14:27:27.757018 https://yanjiezxhy.fang.com/shop/
Logger:2020-03-16 14:27:31.311530 https://qidong.newhouse.fang.com/house/s/b95/
Logger:2020-03-16 14:27:31.521927 https://zhongchenghebinhuayuan.fang.com/
Logger:2020-03-16 14:27:31.792240 https://yuehusiji.fang.com/
Logger:2020-03-16 14:27:33.115663 https://cthbc20513.fang.com/
Logger:2020-03-16 14:27:33.415863 https://ludichangdaoqd.fang.com/villa/
Logger:2020-03-16 14:27:36.164507 https://qidong.newhouse.fang.com/house/2050175014.htm
Logger:2020-03-16 14:27:39.615276 https://qidong.newhouse.fang.com/house/s/b96/
Logger:2020-03-16 14:27:43.002262 https://qidong.newhouse.fang.com/house/s/b97/
Logger:2020-03-16 14:27:46.557703 https://qidong.newhouse.fang.com/house/s/b98/
