Logger:2020-03-16 19:06:21.398288 https://qihe.newhouse.fang.com/house/s/b91/
Logger:2020-03-16 19:06:21.721391 https://yangguangyipinqh.fang.com/
Logger:2020-03-16 19:06:22.357691 https://mudanhuafuhm.fang.com/
Logger:2020-03-16 19:06:22.738712 https://yujingyuandh.fang.com/
Logger:2020-03-16 19:06:23.142768 https://guanlanfudirc2.fang.com/
Logger:2020-03-16 19:06:23.474841 https://xinchengxiyue0534.fang.com/
Logger:2020-03-16 19:06:26.490003 https://baolicheng20534.fang.com/
Logger:2020-03-16 19:06:26.843065 https://qingheyuandh.fang.com/
Logger:2020-03-16 19:06:27.348703 https://yongjingwanzj0534.fang.com/
Logger:2020-03-16 19:06:27.693365 https://baihexinchenglc.fang.com/
Logger:2020-03-16 19:06:28.056903 https://caifuzhongxinqh.fang.com/
Logger:2020-03-16 19:06:29.174600 https://aohaikangchengsd.fang.com/
Logger:2020-03-16 19:06:31.161574 https://jibeijunyx.fang.com/
Logger:2020-03-16 19:06:31.479711 https://gjgefwqxzrs.fang.com/
Logger:2020-03-16 19:06:33.389470 https://liangshixiaoqu0534.fang.com/
Logger:2020-03-16 19:06:33.812312 https://dongmengguojishengtaicheng.fang.com/
Logger:2020-03-16 19:06:34.472590 https://yongquanfulg.fang.com/
Logger:2020-03-16 19:06:36.389338 https://dahuashangjun.fang.com/
Logger:2020-03-16 19:06:36.737355 https://xinchengyuejun0534.fang.com/
Logger:2020-03-16 19:06:37.147247 https://jinshanjunfu.fang.com/
Logger:2020-03-16 19:06:37.510489 https://qixinyuan0534.fang.com/2/
Logger:2020-03-16 19:06:41.846689 https://qihe.newhouse.fang.com/house/s/b92/
Logger:2020-03-16 19:06:42.145889 https://aohaiqinghuafusd.fang.com/
Logger:2020-03-16 19:06:42.487974 https://quanduhuibgy.fang.com/
Logger:2020-03-16 19:06:44.606114 https://andehu.fang.com/
Logger:2020-03-16 19:06:44.954183 https://ziweigongguan0534.fang.com/
Logger:2020-03-16 19:06:45.256381 https://yinfenggongguan20534.fang.com/
Logger:2020-03-16 19:06:45.572568 https://dahuaqijun.fang.com/
Logger:2020-03-16 19:06:47.728899 https://qinghegongguan20534.fang.com/
Logger:2020-03-16 19:06:49.937749 https://yuanxinshoufuqh.fang.com/
Logger:2020-03-16 19:06:50.241930 https://zhuewenhuaxiaozhen.fang.com/
Logger:2020-03-16 19:06:50.831356 https://changaodasha.fang.com/
Logger:2020-03-16 19:06:52.311040 https://qijiantianqingyuan.fang.com/
Logger:2020-03-16 19:06:56.412444 https://qihe.newhouse.fang.com/house/s/b93/
Logger:2020-03-16 19:06:59.937788 https://qihe.newhouse.fang.com/house/s/b94/
Logger:2020-03-16 19:07:03.468309 https://qihe.newhouse.fang.com/house/s/b95/
