Logger:2020-03-15 22:43:33.125262 https://qijiang.newhouse.fang.com/house/s/b91/
Logger:2020-03-15 22:43:33.392509 https://hengdashijimenghuancheng.fang.com/
Logger:2020-03-15 22:43:33.745527 https://phkctlwgc.fang.com/
Logger:2020-03-15 22:43:34.062678 https://gongyuanxuefurc.fang.com/
Logger:2020-03-15 22:43:34.386682 https://jinlanwanay.fang.com/
Logger:2020-03-15 22:43:34.750227 https://feiliyundiygc.fang.com/
Logger:2020-03-15 22:43:35.053416 https://fdshdyn.fang.com/
Logger:2020-03-15 22:43:35.352650 https://kangdecheng.fang.com/
Logger:2020-03-15 22:43:35.633863 https://qianshantianyu.fang.com/
Logger:2020-03-15 22:43:35.993241 https://yujingjiangwanyfqj.fang.com/
Logger:2020-03-15 22:43:36.283760 https://bandaoguojiqs023.fang.com/
Logger:2020-03-15 22:43:36.572435 https://banshanguojirr.fang.com/
Logger:2020-03-15 22:43:36.837725 https://hsgjrgj2.fang.com/
Logger:2020-03-15 22:43:37.203746 https://yonglihaoting2.fang.com/
Logger:2020-03-15 22:43:37.476735 https://dxsdqhynf.fang.com/
Logger:2020-03-15 22:43:37.768845 https://chenghuisuiyuan.fang.com/
Logger:2020-03-15 22:43:38.067125 https://qianshanmeianqj.fang.com/
Logger:2020-03-15 22:43:38.433074 https://rzjsc2.fang.com/
Logger:2020-03-15 22:43:38.683431 https://dfxtd023.fang.com/
Logger:2020-03-15 22:43:38.996078 https://mygjgc.fang.com/
Logger:2020-03-15 22:43:39.318590 https://heishanmangu2.fang.com/
Logger:2020-03-15 22:43:42.889992 https://qijiang.newhouse.fang.com/house/s/b92/
Logger:2020-03-15 22:43:43.182578 https://atjlydjq.fang.com/
Logger:2020-03-15 22:43:43.440929 https://chongbaoyunlu023.fang.com/
Logger:2020-03-15 22:43:43.742989 https://rqjxjs.fang.com/
Logger:2020-03-15 22:43:44.128915 https://yinhaixincheng.fang.com/3/
Logger:2020-03-15 22:43:44.404192 https://longhuitianchi.fang.com/
Logger:2020-03-15 22:43:44.730903 https://jianshanguoji.fang.com/
Logger:2020-03-15 22:43:44.992244 https://mingyueqingquanqs.fang.com/
Logger:2020-03-15 22:43:45.292614 https://hongxingguojiguangchangqj.fang.com/
Logger:2020-03-15 22:43:45.619735 https://qingfengyashui3.fang.com/
Logger:2020-03-15 22:43:45.904973 https://qianshanmeilin.fang.com/
Logger:2020-03-15 22:43:48.867376 https://jinxiutiantaidyx.fang.com/
Logger:2020-03-15 22:43:50.628312 https://baiyunmeizhen.fang.com/
Logger:2020-03-15 22:43:51.055783 https://yishanjunll.fang.com/
Logger:2020-03-15 22:43:51.395888 https://hstsrj2.fang.com/
Logger:2020-03-15 22:43:51.637275 https://hsqsl.fang.com/
Logger:2020-03-15 22:43:55.252953 https://qijiang.newhouse.fang.com/house/s/b93/
Logger:2020-03-15 22:43:58.893240 https://qijiang.newhouse.fang.com/house/s/b94/
Logger:2020-03-15 22:44:02.378731 https://qijiang.newhouse.fang.com/house/s/b95/
