Logger:2020-03-16 18:55:15.147517 https://qingzhou.newhouse.fang.com/house/s/b91/
Logger:2020-03-16 18:55:15.443661 https://qyzf.fang.com/
Logger:2020-03-16 18:55:16.043446 https://taihuachengdayihuafu.fang.com/
Logger:2020-03-16 18:55:16.479743 https://qingzhouhuaduwenyuan.fang.com/
Logger:2020-03-16 18:55:16.858733 https://xlqzf.fang.com/
Logger:2020-03-16 18:55:17.184857 https://qzhaitianchenyun.fang.com/
Logger:2020-03-16 18:55:17.533923 https://qingzhouxthy.fang.com/
Logger:2020-03-16 18:55:17.946728 https://qzfgxsy.fang.com/
Logger:2020-03-16 18:55:18.271871 https://qzjiahuaxs.fang.com/
Logger:2020-03-16 18:55:25.764556 https://qingzhouqfj.fang.com/
Logger:2020-03-16 18:55:26.049797 https://qingzhoulongyuan1.fang.com/
Logger:2020-03-16 18:55:26.514205 https://qzthc.fang.com/
Logger:2020-03-16 18:55:27.378453 https://qzdfyy.fang.com/
Logger:2020-03-16 18:55:33.074593 https://qzyxhl.fang.com/
Logger:2020-03-16 18:55:33.541809 https://qingzhoushxc.fang.com/
Logger:2020-03-16 18:55:34.142203 https://qingzhoujialeyuan.fang.com/
Logger:2020-03-16 18:55:41.000660 https://qzyunmensty.fang.com/
Logger:2020-03-16 18:55:51.412056 https://qingzhouxinshijihuayuan.fang.com/
Logger:2020-03-16 18:55:54.110969 https://qzyxcy.fang.com/
Logger:2020-03-16 18:55:54.460037 https://qingzhoupingzhangfu.fang.com/
Logger:2020-03-16 18:55:54.870938 https://qingzhouzyhf.fang.com/
Logger:2020-03-16 18:56:03.597377 https://qingzhou.newhouse.fang.com/house/s/b92/
Logger:2020-03-16 18:56:03.941490 https://199883.fang.com/
Logger:2020-03-16 18:56:08.116993 https://fuyingjiayuanqz.fang.com/
Logger:2020-03-16 18:56:13.142729 https://qingzhouronglijiayuan.fang.com/
Logger:2020-03-16 18:56:13.570200 https://qzjxqc.fang.com/
Logger:2020-03-16 18:56:13.886355 https://luxixincheng.fang.com/
Logger:2020-03-16 18:56:14.216456 https://tianjiayuanqz.fang.com/
Logger:2020-03-16 18:56:15.756653 https://qingzhoujxjn.fang.com/
Logger:2020-03-16 18:56:16.119683 https://qzyijingyuan.fang.com/
Logger:2020-03-16 18:56:16.486700 https://qzshengshihuadu.fang.com/
Logger:2020-03-16 18:56:17.636389 https://qingzhouhdgj.fang.com/
Logger:2020-03-16 18:56:18.204868 https://qzgcdfd.fang.com/
Logger:2020-03-16 18:56:18.534985 https://haitianlijingdongqu.fang.com/
Logger:2020-03-16 18:56:24.241904 https://qingzhouhaotingqz.fang.com/
Logger:2020-03-16 18:56:24.599979 https://qzsxmd.fang.com/
Logger:2020-03-16 18:56:28.602653 https://qingzhousjhjhy.fang.com/
Logger:2020-03-16 18:56:34.336156 https://qingzhouczmd.fang.com/
Logger:2020-03-16 18:56:34.656300 https://qzrxgjc.fang.com/
Logger:2020-03-16 18:56:38.651928 https://qzzcsjxc.fang.com/
Logger:2020-03-16 18:56:38.983967 https://huadujiayuanqz.fang.com/
Logger:2020-03-16 18:56:39.367594 https://qingzhoussht.fang.com/
Logger:2020-03-16 18:56:45.300196 https://qingzhou.newhouse.fang.com/house/s/b93/
Logger:2020-03-16 18:56:45.539556 https://qzlsfgy.fang.com/
Logger:2020-03-16 18:56:45.899593 https://qingzhouhtcszr.fang.com/
Logger:2020-03-16 18:56:49.637754 https://jiahuayuanyuan.fang.com/
Logger:2020-03-16 18:56:50.048615 https://qzhongdexiandaiwuliucheng.fang.com/
Logger:2020-03-16 18:56:50.401056 https://qingzhoulehuojiequ.fang.com/
Logger:2020-03-16 18:56:54.701933 https://qingzhouyjlc.fang.com/
Logger:2020-03-16 18:56:54.997933 https://qzqyfjeq.fang.com/
Logger:2020-03-16 18:56:57.507064 https://qzjhjy.fang.com/
Logger:2020-03-16 18:56:57.812251 https://qingzhoujydhy.fang.com/
Logger:2020-03-16 18:56:59.135867 https://qzjngj.fang.com/
Logger:2020-03-16 18:57:03.845402 https://qingzhou.newhouse.fang.com/house/s/b94/
Logger:2020-03-16 18:57:09.027080 https://qingzhou.newhouse.fang.com/house/s/b95/
Logger:2020-03-16 18:57:13.479488 https://qingzhou.newhouse.fang.com/house/s/b96/
