Logger:2020-03-16 08:29:39.452006 https://qingyang.newhouse.fang.com/house/s/b91/
Logger:2020-03-16 08:29:39.701463 https://wanhuiguojiguangchang.fang.com/
Logger:2020-03-16 08:29:40.108028 https://kejiaoyuan.fang.com/
Logger:2020-03-16 08:29:40.513805 https://dongchengjinxiu.fang.com/
Logger:2020-03-16 08:29:40.817959 https://dijingyuan0934.fang.com/
Logger:2020-03-16 08:29:41.130430 https://zyfhdj.fang.com/
Logger:2020-03-16 08:29:41.583404 https://ziyurunyuan.fang.com/
Logger:2020-03-16 08:29:41.864668 https://jinyunxinyuan.fang.com/
Logger:2020-03-16 08:29:42.130587 https://jinxiucheng0934.fang.com/
Logger:2020-03-16 08:29:46.818221 https://yijuxincheng0934.fang.com/
Logger:2020-03-16 08:29:47.131106 https://hjhybq.fang.com/
Logger:2020-03-16 08:29:47.396923 https://xhwhds.fang.com/
Logger:2020-03-16 08:29:47.646560 https://xingleyuan.fang.com/
Logger:2020-03-16 08:29:47.906351 https://yijinghuayuan0934.fang.com/
Logger:2020-03-16 08:29:49.687226 https://jinjiangmingdu.fang.com/
Logger:2020-03-16 08:29:51.342484 https://dongshuyipin.fang.com/
Logger:2020-03-16 08:29:51.639307 https://yinlongjiayuan0934.fang.com/
Logger:2020-03-16 08:29:51.982951 https://hdjsgj.fang.com/
Logger:2020-03-16 08:29:52.279879 https://kangrunjiayuan0934.fang.com/
Logger:2020-03-16 08:29:52.560940 https://huayunmingyuan.fang.com/
Logger:2020-03-16 08:29:52.827049 https://binhexingcheng.fang.com/
Logger:2020-03-16 08:29:56.731840 https://qingyang.newhouse.fang.com/house/s/b92/
Logger:2020-03-16 08:29:57.044776 https://tianrunxincheng.fang.com/
Logger:2020-03-16 08:29:57.325440 https://dfljxtd.fang.com/
Logger:2020-03-16 08:29:57.560169 https://shidaihuating0934.fang.com/
Logger:2020-03-16 08:29:59.577557 https://xinhewan0934.fang.com/
Logger:2020-03-16 08:29:59.952424 https://heshengjiayuan.fang.com/
Logger:2020-03-16 08:30:00.233607 https://fengchengguoji0934.fang.com/
Logger:2020-03-16 08:30:00.570550 https://cuizhumingyuan.fang.com/
Logger:2020-03-16 08:30:00.835356 https://youshanmeidi0934.fang.com/
Logger:2020-03-16 08:30:07.115183 https://zhongyuanshimao.fang.com/
Logger:2020-03-16 08:30:07.365123 https://haoxinjiayuan0934.fang.com/
Logger:2020-03-16 08:30:07.630685 https://nanjunyihao.fang.com/
Logger:2020-03-16 08:30:07.922161 https://sohogongshe.fang.com/
Logger:2020-03-16 08:30:08.250151 https://qjxhyxq.fang.com/
Logger:2020-03-16 08:30:08.530674 https://dgzhsc.fang.com/
Logger:2020-03-16 08:30:08.811900 https://yishengyuan0934.fang.com/
Logger:2020-03-16 08:30:11.460629 https://dongaojiayuan0934.fang.com/
Logger:2020-03-16 08:30:11.772507 https://yangguangmingdu0934.fang.com/
Logger:2020-03-16 08:30:14.702960 https://zhenningxinyuan.fang.com/
Logger:2020-03-16 08:30:14.983971 https://hongxinliyuan.fang.com/
Logger:2020-03-16 08:30:22.560233 https://qingyang.newhouse.fang.com/house/3718180246.htm
Logger:2020-03-16 08:30:31.779855 https://qingyang.newhouse.fang.com/house/s/b93/
Logger:2020-03-16 08:30:32.014375 https://xingqinjuyuan.fang.com/
Logger:2020-03-16 08:30:32.294831 https://huaxingjie.fang.com/
Logger:2020-03-16 08:30:40.577469 https://jinfulai.fang.com/
Logger:2020-03-16 08:30:40.842559 https://wenxinyuan0934.fang.com/
Logger:2020-03-16 08:30:41.139364 https://jdxly.fang.com/
Logger:2020-03-16 08:30:41.467412 https://taihuaxinju.fang.com/
Logger:2020-03-16 08:30:47.858344 https://qingyang.newhouse.fang.com/house/3718173884.htm
Logger:2020-03-16 08:30:52.782520 https://hxgjsmc0934.fang.com/
Logger:2020-03-16 08:30:53.094893 https://sdgjspc.fang.com/
Logger:2020-03-16 08:30:53.360456 https://fuyuanshangsha0934.fang.com/
Logger:2020-03-16 08:30:56.919540 https://qingyang.newhouse.fang.com/house/s/b94/
Logger:2020-03-16 08:31:00.626019 https://qingyang.newhouse.fang.com/house/s/b95/
Logger:2020-03-16 08:31:04.216570 https://qingyang.newhouse.fang.com/house/s/b96/
