Logger:2020-03-16 00:33:36.193573 https://qingyuan.newhouse.fang.com/house/s/b91/
Logger:2020-03-16 00:33:36.397200 https://zhongyikejixiaozhenfl.fang.com/
Logger:2020-03-16 00:33:36.652700 https://sijishangjing.fang.com/
Logger:2020-03-16 00:33:38.528768 https://dingfengshangjing0763.fang.com/
Logger:2020-03-16 00:33:40.601808 https://wuzhouguojiguangchang0763.fang.com/
Logger:2020-03-16 00:33:40.835672 https://yingdefulijinxihuayuan.fang.com/
Logger:2020-03-16 00:33:41.117204 https://fengchengmingzhu.fang.com/
Logger:2020-03-16 00:33:41.382463 https://ouyachuntianhuayuan.fang.com/
Logger:2020-03-16 00:33:41.736403 https://xinyashanhuchengbgy.fang.com/
Logger:2020-03-16 00:33:42.032843 https://baolihuayuan0763.fang.com/
Logger:2020-03-16 00:33:42.361611 https://sdxianghaibian.fang.com/
Logger:2020-03-16 00:33:42.619018 https://baolichunxiao.fang.com/
Logger:2020-03-16 00:33:42.977621 https://huanlesongbgy.fang.com/
Logger:2020-03-16 00:33:43.743537 https://hengdayinhucheng.fang.com/
Logger:2020-03-16 00:33:44.118327 https://baolitianhui.fang.com/
Logger:2020-03-16 00:33:46.232480 https://zhihuiweilaichengbgy.fang.com/
Logger:2020-03-16 00:33:46.482502 https://qingyuanyajunyjl.fang.com/
Logger:2020-03-16 00:33:48.466722 https://bgyjyc0763.fang.com/
Logger:2020-03-16 00:33:48.732545 https://blzhongyanggongguan.fang.com/
Logger:2020-03-16 00:33:50.829405 https://yunxibgy.fang.com/
Logger:2020-03-16 00:33:51.064110 https://zhuangyuanfubgy.fang.com/
Logger:2020-03-16 00:33:54.787576 https://qingyuan.newhouse.fang.com/house/s/b92/
Logger:2020-03-16 00:33:55.006565 https://donghuashoufubgy.fang.com/
Logger:2020-03-16 00:33:56.833913 https://feicuiwanxl.fang.com/
Logger:2020-03-16 00:33:57.099960 https://biguiyuanyunjing0763.fang.com/
Logger:2020-03-16 00:33:57.365038 https://shilijiangwanbgy0763.fang.com/
Logger:2020-03-16 00:33:57.646220 https://shidaizhuzuo.fang.com/
Logger:2020-03-16 00:33:57.927405 https://hemingzhoubgy.fang.com/
Logger:2020-03-16 00:33:59.798266 https://xinlilongwan0763.fang.com/
Logger:2020-03-16 00:34:00.110621 https://tianchenwanbgy.fang.com/
Logger:2020-03-16 00:34:00.701176 https://yangshanshoufubgy.fang.com/
Logger:2020-03-16 00:34:01.044844 https://chengshiguangchangqingyuanjzy.fang.com/
Logger:2020-03-16 00:34:01.372893 https://bgyjs1h.fang.com/
Logger:2020-03-16 00:34:01.654078 https://yuquansijihd.fang.com/
Logger:2020-03-16 00:34:01.962621 https://chunfenglingnanrc.fang.com/
Logger:2020-03-16 00:34:02.416284 https://ysbgy.fang.com/
Logger:2020-03-16 00:34:02.634338 https://guangqingguojizhongxinld.fang.com/
Logger:2020-03-16 00:34:02.899901 https://yujingwanay.fang.com/
Logger:2020-03-16 00:34:03.369260 https://shidaihuacheng0763.fang.com/
Logger:2020-03-16 00:34:03.649768 https://rongchuangqingchengshoufu.fang.com/
Logger:2020-03-16 00:34:05.853035 https://rongchuanglanyuetai.fang.com/
Logger:2020-03-16 00:34:06.180967 https://shidaiqingcheng0763.fang.com/
Logger:2020-03-16 00:34:09.437930 https://qingyuan.newhouse.fang.com/house/s/b93/
Logger:2020-03-16 00:34:09.702808 https://juntingdao0763.fang.com/
Logger:2020-03-16 00:34:09.952748 https://shuijingwanwh.fang.com/
Logger:2020-03-16 00:34:10.203231 https://haoyuanmeiju.fang.com/
Logger:2020-03-16 00:34:10.468251 https://aoyuanyufeng0763.fang.com/
Logger:2020-03-16 00:34:10.765526 https://qianlongyujingyx0763.fang.com/
Logger:2020-03-16 00:34:11.031331 https://jinhaiwanhaoting.fang.com/
Logger:2020-03-16 00:34:11.296849 https://chwtsf.fang.com/
Logger:2020-03-16 00:34:11.624365 https://zhongyanggongguanjl.fang.com/
Logger:2020-03-16 00:34:11.937373 https://xinduhuayuan0763.fang.com/
Logger:2020-03-16 00:34:12.155988 https://aolinbasi.fang.com/
Logger:2020-03-16 00:34:12.405360 https://yg100myxz.fang.com/
Logger:2020-03-16 00:34:15.423032 https://jinfenghuafu.fang.com/
Logger:2020-03-16 00:34:15.719709 https://foganghuafu.fang.com/
Logger:2020-03-16 00:34:15.985318 https://jlhhy0763.fang.com/
Logger:2020-03-16 00:34:16.266826 https://tianhulidu0763.fang.com/
Logger:2020-03-16 00:34:16.532258 https://qingquanchengbgy.fang.com/
Logger:2020-03-16 00:34:16.819930 https://lvyinhuafuly.fang.com/
Logger:2020-03-16 00:34:18.733465 https://junhaoyuan0763.fang.com/
Logger:2020-03-16 00:34:18.983799 https://yinyesenyugongyuan.fang.com/
Logger:2020-03-16 00:34:19.218441 https://shidaishuian0763.fang.com/
Logger:2020-03-16 00:34:23.374981 https://qingyuan.newhouse.fang.com/house/s/b94/
Logger:2020-03-16 00:34:26.592957 https://wanhaoboyayuan.fang.com/
Logger:2020-03-16 00:34:26.952656 https://yuelongfutbsz.fang.com/
Logger:2020-03-16 00:34:27.202694 https://dongchengshuianmj.fang.com/
Logger:2020-03-16 00:34:27.530277 https://qyhaijingjie.fang.com/
Logger:2020-03-16 00:34:27.780225 https://weigangbandaocn.fang.com/
Logger:2020-03-16 00:34:28.030158 https://dijingwanzw.fang.com/
Logger:2020-03-16 00:34:28.639390 https://xinghuitiancheng.fang.com/
Logger:2020-03-16 00:34:28.936153 https://dchfhy0763.fang.com/
Logger:2020-03-16 00:34:29.202078 https://yufenglanwanhuayuan.fang.com/
Logger:2020-03-16 00:34:29.470644 https://qyshidaitangguo.fang.com/
Logger:2020-03-16 00:34:29.767145 https://shanhufengjinghf.fang.com/
Logger:2020-03-16 00:34:32.500808 https://chengshihuayuanrx.fang.com/
Logger:2020-03-16 00:34:32.771814 https://julongyajulanwan0763.fang.com/
Logger:2020-03-16 00:34:33.037767 https://zuanshijiangjing.fang.com/
Logger:2020-03-16 00:34:33.505997 https://jinbaolishijiecheng.fang.com/
Logger:2020-03-16 00:34:33.787822 https://hxxcyj.fang.com/
Logger:2020-03-16 00:34:34.021779 https://jiaribandaobgy.fang.com/
Logger:2020-03-16 00:34:34.287566 https://chaonanweigangtianyue.fang.com/
Logger:2020-03-16 00:34:34.532030 https://jiulongfulg0763.fang.com/
Logger:2020-03-16 00:34:34.813295 https://yingdebiguiyuan0763.fang.com/
Logger:2020-03-16 00:34:38.556168 https://qingyuan.newhouse.fang.com/house/s/b95/
Logger:2020-03-16 00:34:38.867868 https://mingdexingfuli.fang.com/
Logger:2020-03-16 00:34:39.196175 https://yssj0763.fang.com/
Logger:2020-03-16 00:34:39.492003 https://rongchuanghubinshoufu.fang.com/
Logger:2020-03-16 00:34:39.897686 https://gelingongguanjd0763.fang.com/
Logger:2020-03-16 00:34:40.195145 https://sdmj0763.fang.com/
Logger:2020-03-16 00:34:40.444393 https://jinshijihaoyuan.fang.com/
Logger:2020-03-16 00:34:42.542900 https://lingnanshangpinjh.fang.com/
Logger:2020-03-16 00:34:43.105265 https://qingyun0763.fang.com/
Logger:2020-03-16 00:34:43.448971 https://beibuwankecheng0763.fang.com/
Logger:2020-03-16 00:34:43.751621 https://jinbitianxiahd.fang.com/
Logger:2020-03-16 00:34:44.613614 https://biguiyuanbandaoyihao.fang.com/
Logger:2020-03-16 00:34:44.894273 https://hailunwanhlb0763.fang.com/
Logger:2020-03-16 00:34:45.176125 https://shidailingfeng0763.fang.com/
Logger:2020-03-16 00:34:45.441534 https://xinhuaxiaozhen.fang.com/
Logger:2020-03-16 00:34:45.737823 https://dongfangtiancheng0763.fang.com/
Logger:2020-03-16 00:34:47.659972 https://fuqianghuayuan0763.fang.com/
Logger:2020-03-16 00:34:47.878448 https://fengchenglidu.fang.com/
Logger:2020-03-16 00:34:48.487175 https://shizihuyjht.fang.com/
Logger:2020-03-16 00:34:48.790403 https://hanqinghuafu.fang.com/
Logger:2020-03-16 00:34:49.055625 https://jingyeyongjingyuan.fang.com/
Logger:2020-03-16 00:34:52.803859 https://qingyuan.newhouse.fang.com/house/s/b96/
Logger:2020-03-16 00:34:53.022122 https://xinyejuncheng.fang.com/
Logger:2020-03-16 00:34:54.272128 https://tianhe1haohgc.fang.com/
Logger:2020-03-16 00:34:54.568618 https://hailunchuntian0763.fang.com/
Logger:2020-03-16 00:34:54.802938 https://fcpjyh0763.fang.com/
Logger:2020-03-16 00:34:56.333826 https://longyuesijidf.fang.com/
Logger:2020-03-16 00:34:56.606910 https://heyuanml.fang.com/
Logger:2020-03-16 00:34:56.872529 https://jingyuefuzj.fang.com/
Logger:2020-03-16 00:34:57.121963 https://feilaihuyihao.fang.com/
Logger:2020-03-16 00:34:57.371670 https://huiyingshijihuayuan.fang.com/
Logger:2020-03-16 00:34:59.090423 https://baishunhuafu0763.fang.com/
Logger:2020-03-16 00:34:59.382184 https://binjiangshangpin.fang.com/
Logger:2020-03-16 00:35:02.865737 https://bojueyuan.fang.com/
Logger:2020-03-16 00:35:03.147592 https://yihuju0763.fang.com/
Logger:2020-03-16 00:35:05.154641 https://htxlydjq.fang.com/
Logger:2020-03-16 00:35:05.436413 https://xinduguangchang.fang.com/
Logger:2020-03-16 00:35:05.701387 https://xhsoho0763.fang.com/
Logger:2020-03-16 00:35:05.966950 https://tiananzhigu.fang.com/
Logger:2020-03-16 00:35:06.217293 https://datangjingdian.fang.com/
Logger:2020-03-16 00:35:07.920007 https://guojishequmlh0763.fang.com/
Logger:2020-03-16 00:35:08.294526 https://wuzhoushijichengwl.fang.com/
Logger:2020-03-16 00:35:12.137369 https://qingyuan.newhouse.fang.com/house/s/b97/
Logger:2020-03-16 00:35:12.528661 https://qisechengbangxl.fang.com/
Logger:2020-03-16 00:35:12.830520 https://lzbgy.fang.com/
Logger:2020-03-16 00:35:14.517516 https://qychengshihuayuan.fang.com/
Logger:2020-03-16 00:35:14.783158 https://qxhcxc.fang.com/
Logger:2020-03-16 00:35:15.111126 https://bgyxz0763.fang.com/
Logger:2020-03-16 00:35:15.423554 https://kaixuandouhui.fang.com/
Logger:2020-03-16 00:35:15.704737 https://xiangzhanglinyu.fang.com/
Logger:2020-03-16 00:35:15.986614 https://qyhlwenhuali.fang.com/
Logger:2020-03-16 00:35:16.236141 https://yunxijiulihlb.fang.com/
Logger:2020-03-16 00:35:16.563949 https://gongyuandadizh.fang.com/
Logger:2020-03-16 00:35:16.813849 https://tianyuhuafuyy.fang.com/
Logger:2020-03-16 00:35:17.079720 https://wbzx0763.fang.com/
Logger:2020-03-16 00:35:17.361189 https://hongjingjiayuan0763.fang.com/
Logger:2020-03-16 00:35:17.610538 https://xlfcfh.fang.com/
Logger:2020-03-16 00:35:20.250051 https://yulinyuan0763.fang.com/
Logger:2020-03-16 00:35:20.484378 https://fuyucheng.fang.com/
Logger:2020-03-16 00:35:20.739588 https://slcwhblc.fang.com/
Logger:2020-03-16 00:35:21.020771 https://haiqinwanhlb.fang.com/
Logger:2020-03-16 00:35:21.255091 https://yujinggongguanygc0763.fang.com/
Logger:2020-03-16 00:35:21.521409 https://cnwgxtd.fang.com/
Logger:2020-03-16 00:35:25.191662 https://qingyuan.newhouse.fang.com/house/s/b98/
Logger:2020-03-16 00:35:25.410359 https://zhengshenghuafu0763.fang.com/
Logger:2020-03-16 00:35:25.660301 https://henghehuafu.fang.com/
Logger:2020-03-16 00:35:25.925908 https://kaiyanggongguan.fang.com/
Logger:2020-03-16 00:35:26.175806 https://yuejingtainy.fang.com/
Logger:2020-03-16 00:35:26.441366 https://jiangpanhaoyuan.fang.com/
Logger:2020-03-16 00:35:26.675687 https://longchengyufeng.fang.com/
Logger:2020-03-16 00:35:26.941701 https://zhaofenghuafu.fang.com/
Logger:2020-03-16 00:35:27.175648 https://zhonglundonghaian.fang.com/
Logger:2020-03-16 00:35:27.456751 https://rccfty.fang.com/
Logger:2020-03-16 00:35:29.817681 https://zhonghenghuayuan.fang.com/
Logger:2020-03-16 00:35:30.068354 https://dongfangmingzhuzk.fang.com/
Logger:2020-03-16 00:35:30.333919 https://yunshanshiyi0763.fang.com/
Logger:2020-03-16 00:35:30.614368 https://jiazhouhuayuan0763.fang.com/
Logger:2020-03-16 00:35:32.317582 https://zhenhaimingju.fang.com/
Logger:2020-03-16 00:35:34.144784 https://banshanjun.fang.com/
Logger:2020-03-16 00:35:34.380556 https://chengshichuntian0763.fang.com/
Logger:2020-03-16 00:35:34.677320 https://weigangxingyuess.fang.com/
Logger:2020-03-16 00:35:34.911639 https://jiangnanyujing0763.fang.com/
Logger:2020-03-16 00:35:35.177718 https://hujingwanhm.fang.com/
Logger:2020-03-16 00:35:35.412256 https://shengliyayuan.fang.com/
Logger:2020-03-16 00:35:38.691885 https://qingyuan.newhouse.fang.com/house/s/b99/
Logger:2020-03-16 00:35:38.894950 https://weigangbandaoyd.fang.com/
Logger:2020-03-16 00:35:39.144428 https://wanhaojinhailicheng.fang.com/
Logger:2020-03-16 00:35:39.396481 https://yueguihu.fang.com/
Logger:2020-03-16 00:35:39.677877 https://futaixinghaian.fang.com/
Logger:2020-03-16 00:35:39.943123 https://yifengyaju0763.fang.com/
Logger:2020-03-16 00:35:40.209081 https://hongtaijiayuan0763.fang.com/
Logger:2020-03-16 00:35:40.458616 https://flsaht.fang.com/
Logger:2020-03-16 00:35:40.755384 https://junyuechengcj.fang.com/
Logger:2020-03-16 00:35:41.005402 https://qxqxkxm.fang.com/
Logger:2020-03-16 00:35:41.240375 https://zhonghuanpinyue.fang.com/
Logger:2020-03-16 00:35:41.474366 https://sijishunjingyuan.fang.com/
Logger:2020-03-16 00:35:43.489112 https://baoshengxiyue.fang.com/
Logger:2020-03-16 00:35:45.182418 https://bxjy0763.fang.com/
Logger:2020-03-16 00:35:47.157828 https://hongjingxinchengml.fang.com/
Logger:2020-03-16 00:35:47.407769 https://jiulongwanjdl.fang.com/
Logger:2020-03-16 00:35:47.751435 https://datangjinghua.fang.com/
Logger:2020-03-16 00:35:47.986327 https://nanshanhuijing.fang.com/
Logger:2020-03-16 00:35:48.251320 https://yilongwan0763.fang.com/
Logger:2020-03-16 00:35:48.513321 https://fenghuayaju.fang.com/
Logger:2020-03-16 00:35:48.794483 https://qyjmxz.fang.com/
Logger:2020-03-16 00:35:52.653951 https://qingyuan.newhouse.fang.com/house/s/b910/
Logger:2020-03-16 00:35:54.443411 https://lingfenglh.fang.com/
Logger:2020-03-16 00:35:54.740976 https://hefuhupangongguan.fang.com/
Logger:2020-03-16 00:35:57.552054 https://pingfengxuan.fang.com/
Logger:2020-03-16 00:35:57.833237 https://jiangwanmingzhu0763.fang.com/
Logger:2020-03-16 00:35:59.504717 https://qingyuanhengdayuxigu.fang.com/
Logger:2020-03-16 00:35:59.739770 https://jiaoyanghuating0763.fang.com/
Logger:2020-03-16 00:36:00.005021 https://yushuiwancf.fang.com/
Logger:2020-03-16 00:36:00.301404 https://kaixuanmeiyu.fang.com/
Logger:2020-03-16 00:36:01.105110 https://mjthnzsc.fang.com/
Logger:2020-03-16 00:36:01.401197 https://biguiyuanxggj.fang.com/
Logger:2020-03-16 00:36:01.667229 https://huayueguangchang0763.fang.com/
Logger:2020-03-16 00:36:03.443701 https://qingxinshangwudasha.fang.com/
Logger:2020-03-16 00:36:04.458614 https://qingyuan.newhouse.fang.com/house/2829210244.htm
Logger:2020-03-16 00:36:06.051842 https://qingyuan.newhouse.fang.com/house/2829037360.htm
Logger:2020-03-16 00:36:06.286070 https://fujingtianxia0763.fang.com/
Logger:2020-03-16 00:36:09.944225 https://qingyuan.newhouse.fang.com/house/s/b911/
Logger:2020-03-16 00:36:13.531563 https://qingyuan.newhouse.fang.com/house/s/b912/
Logger:2020-03-16 00:36:17.154634 https://qingyuan.newhouse.fang.com/house/s/b913/
