Logger:2020-03-16 08:22:52.138737 https://qingzhen.newhouse.fang.com/house/s/b91/
Logger:2020-03-16 08:22:52.404299 https://chamaguzhenbgy.fang.com/
Logger:2020-03-16 08:22:52.685775 https://chuntangfusjgz.fang.com/
Logger:2020-03-16 08:22:52.935424 https://hengteshanyuhu.fang.com/
Logger:2020-03-16 08:22:53.216607 https://dongyuanlangyue.fang.com/
Logger:2020-03-16 08:22:53.560809 https://yihaodayuan0851.fang.com/
Logger:2020-03-16 08:22:53.841459 https://luhugong0851.fang.com/
Logger:2020-03-16 08:22:54.107357 https://zhonghuanguojiyuehu.fang.com/
Logger:2020-03-16 08:22:54.357254 https://gyqzxcwygc.fang.com/
Logger:2020-03-16 08:22:54.653768 https://qzyikunshangpin.fang.com/
Logger:2020-03-16 08:22:54.903714 https://languangyongjinwan0851.fang.com/
Logger:2020-03-16 08:22:55.200609 https://xuefuli.fang.com/
Logger:2020-03-16 08:22:59.548379 https://zhonghuanguoji0851.fang.com/
Logger:2020-03-16 08:22:59.923141 https://qzyuanxingyujinghuafu.fang.com/
Logger:2020-03-16 08:23:00.203711 https://zhongyangdajiehf.fang.com/
Logger:2020-03-16 08:23:02.323694 https://qzzhongyanggongyuan.fang.com/
Logger:2020-03-16 08:23:02.620973 https://qingzhenshengshijiangnan.fang.com/
Logger:2020-03-16 08:23:05.372582 https://fengwujun.fang.com/
Logger:2020-03-16 08:23:05.669519 https://wanggoushengtaichenglmd.fang.com/
Logger:2020-03-16 08:23:05.950635 https://chengshiguangchanghf0851.fang.com/
Logger:2020-03-16 08:23:06.263457 https://qingzhenzhutoudaduhui.fang.com/
Logger:2020-03-16 08:23:10.153122 https://qingzhen.newhouse.fang.com/house/s/b92/
Logger:2020-03-16 08:23:11.378210 https://qzyinheshiji.fang.com/
Logger:2020-03-16 08:23:11.612576 https://shiguangguizhou.fang.com/
Logger:2020-03-16 08:23:11.893713 https://lugongguan.fang.com/
Logger:2020-03-16 08:23:12.190520 https://qzhonghuguoji.fang.com/
Logger:2020-03-16 08:23:14.544520 https://sanjiaohuayuan20851.fang.com/
Logger:2020-03-16 08:23:14.810018 https://qzjunyueguoji.fang.com/
Logger:2020-03-16 08:23:18.592111 https://qingzhen.newhouse.fang.com/house/s/b93/
Logger:2020-03-16 08:23:21.918906 https://qingzhen.newhouse.fang.com/house/s/b94/
Logger:2020-03-16 08:23:25.387593 https://qingzhen.newhouse.fang.com/house/s/b95/
