Logger:2020-03-16 01:34:51.483618 https://qinzhou.newhouse.fang.com/house/s/b91/
Logger:2020-03-16 01:34:51.764916 https://zdbjyh.fang.com/
Logger:2020-03-16 01:34:52.031096 https://jiangshanmeidith.fang.com/
Logger:2020-03-16 01:34:52.265421 https://lvdijiaotouzhongyanggongyuan.fang.com/
Logger:2020-03-16 01:34:52.499002 https://hengdaxuefu.fang.com/
Logger:2020-03-16 01:34:52.870091 https://qzhdyjbd.fang.com/
Logger:2020-03-16 01:34:53.448091 https://hedalvzhouqz.fang.com/
Logger:2020-03-16 01:34:53.729485 https://haihuichuntian.fang.com/
Logger:2020-03-16 01:34:53.963417 https://songjiangningyuedongyuan.fang.com/
Logger:2020-03-16 01:34:54.245255 https://zhongliangqinzhoufu.fang.com/
Logger:2020-03-16 01:34:55.619883 https://jinzhongmeishuwan.fang.com/
Logger:2020-03-16 01:34:56.415919 https://guangdayuehuyundi.fang.com/
Logger:2020-03-16 01:34:56.781168 https://tjyjgd.fang.com/
Logger:2020-03-16 01:34:58.921953 https://yangguangchengfeiliwan0777.fang.com/
Logger:2020-03-16 01:34:59.171227 https://qinjianghuafu.fang.com/
Logger:2020-03-16 01:34:59.593045 https://jingdongshili.fang.com/
Logger:2020-03-16 01:34:59.890403 https://anzhoufubgy.fang.com/
Logger:2020-03-16 01:35:00.155369 https://binhaijiangyuhu.fang.com/
Logger:2020-03-16 01:35:00.452175 https://huafayihao.fang.com/
Logger:2020-03-16 01:35:00.734118 https://alglh.fang.com/
Logger:2020-03-16 01:35:01.655710 https://wuyueguangchangxc0777.fang.com/
Logger:2020-03-16 01:35:04.912072 https://qinzhou.newhouse.fang.com/house/s/b92/
Logger:2020-03-16 01:35:05.130770 https://zhengyuanjidizunfu.fang.com/
Logger:2020-03-16 01:35:05.396332 https://mjlyw.fang.com/
Logger:2020-03-16 01:35:08.006096 https://zyqingshuiwan.fang.com/
Logger:2020-03-16 01:35:08.256035 https://beibuwanguojihaiwancheng.fang.com/
Logger:2020-03-16 01:35:08.506352 https://qzbgy.fang.com/
Logger:2020-03-16 01:35:08.756656 https://tianrunyihao.fang.com/
Logger:2020-03-16 01:35:09.053440 https://renhechuntiancr.fang.com/
Logger:2020-03-16 01:35:11.192843 https://tianxiwanbgy0777.fang.com/
Logger:2020-03-16 01:35:13.626917 https://guomaochengshihuayuan0777.fang.com/
Logger:2020-03-16 01:35:13.876193 https://xfbbwmz.fang.com/
Logger:2020-03-16 01:35:14.172930 https://jinganghuayuan0777.fang.com/
Logger:2020-03-16 01:35:14.438891 https://tflhmd.fang.com/
Logger:2020-03-16 01:35:14.720146 https://tianluhuht.fang.com/
Logger:2020-03-16 01:35:15.001476 https://yipinliyuan.fang.com/
Logger:2020-03-16 01:35:15.283270 https://kangqiaoxinghuili.fang.com/
Logger:2020-03-16 01:35:17.210656 https://binhaishanyushu.fang.com/
Logger:2020-03-16 01:35:17.444543 https://qinyuangq.fang.com/
Logger:2020-03-16 01:35:17.742068 https://ningyuehuayuan0777.fang.com/
Logger:2020-03-16 01:35:18.273161 https://kangqiao1209xh.fang.com/
Logger:2020-03-16 01:35:18.507867 https://pubeibiguiyuan.fang.com/
Logger:2020-03-16 01:35:21.762479 https://qinzhou.newhouse.fang.com/house/s/b93/
Logger:2020-03-16 01:35:23.086391 https://julongruyicheng.fang.com/
Logger:2020-03-16 01:35:24.882852 https://shidaichengsy.fang.com/
Logger:2020-03-16 01:35:25.133330 https://zhangtaihongqz.fang.com/
Logger:2020-03-16 01:35:25.367544 https://bshgcgd.fang.com/
Logger:2020-03-16 01:35:25.617733 https://tianhefudi.fang.com/
Logger:2020-03-16 01:35:25.913847 https://jiankaidayuan.fang.com/
Logger:2020-03-16 01:35:26.164547 https://bascy.fang.com/
Logger:2020-03-16 01:35:26.382908 https://dongfanghlb.fang.com/
Logger:2020-03-16 01:35:28.717181 https://lingshanbgy.fang.com/
Logger:2020-03-16 01:35:30.607360 https://aolinhuafuhy.fang.com/
Logger:2020-03-16 01:35:31.595051 https://bailihuating.fang.com/3/
Logger:2020-03-16 01:35:33.431113 https://wanjinyuefu.fang.com/
Logger:2020-03-16 01:35:36.071822 https://dushichuantian.fang.com/
Logger:2020-03-16 01:35:36.352595 https://btfjw0777.fang.com/
Logger:2020-03-16 01:35:36.625382 https://guantianxiayt.fang.com/
Logger:2020-03-16 01:35:36.906810 https://qilixiangxi.fang.com/
Logger:2020-03-16 01:35:38.562629 https://pubeichenhuachengshiguangchang.fang.com/
Logger:2020-03-16 01:35:38.828662 https://jiahualangyuan.fang.com/
Logger:2020-03-16 01:35:40.846904 https://lihaoyuansy0777.fang.com/
Logger:2020-03-16 01:35:41.128149 https://dongfangyunzx.fang.com/
Logger:2020-03-16 01:35:44.333930 https://qinzhou.newhouse.fang.com/house/s/b94/
Logger:2020-03-16 01:35:46.200240 https://qzssxc.fang.com/
Logger:2020-03-16 01:35:46.450838 https://ytjttx.fang.com/
Logger:2020-03-16 01:35:48.043569 https://yudiwanhj.fang.com/
Logger:2020-03-16 01:35:48.277877 https://longyuefu.fang.com/
Logger:2020-03-16 01:35:48.544197 https://yuanfenglinhuyihao.fang.com/
Logger:2020-03-16 01:35:48.809520 https://henghuihuayuan0777.fang.com/
Logger:2020-03-16 01:35:49.043885 https://jinwanbuxingjie.fang.com/
Logger:2020-03-16 01:35:50.668452 https://jxshgd.fang.com/
Logger:2020-03-16 01:35:52.563611 https://bailizunpinhr.fang.com/
Logger:2020-03-16 01:35:54.876792 https://dubangguojisg.fang.com/
Logger:2020-03-16 01:35:55.173596 https://yxqltx0777.fang.com/
Logger:2020-03-16 01:35:56.767667 https://xingfulihj0777.fang.com/
Logger:2020-03-16 01:35:57.095482 https://jinyuangjc.fang.com/
Logger:2020-03-16 01:35:57.329440 https://wanronghuafu.fang.com/
Logger:2020-03-16 01:35:57.610128 https://yangfanguoji.fang.com/
Logger:2020-03-16 01:35:57.847352 https://jinhuanghuayuan.fang.com/
Logger:2020-03-16 01:35:58.144141 https://qinjianglijing.fang.com/
Logger:2020-03-16 01:35:58.393588 https://fenghuiguangchang0777.fang.com/
Logger:2020-03-16 01:35:58.617420 https://binhaihuadu.fang.com/
Logger:2020-03-16 01:35:58.851496 https://julongguoji0777.fang.com/
Logger:2020-03-16 01:36:02.112115 https://qinzhou.newhouse.fang.com/house/s/b95/
Logger:2020-03-16 01:36:02.284005 https://xingfujiayuan0777.fang.com/
Logger:2020-03-16 01:36:02.518072 https://haiyanggongyu0777.fang.com/
Logger:2020-03-16 01:36:02.737038 https://crsmgc.fang.com/
Logger:2020-03-16 01:36:03.049253 https://beibuwanzhongxin.fang.com/
Logger:2020-03-16 01:36:04.298537 https://qzyihaiguoji.fang.com/
Logger:2020-03-16 01:36:04.552815 https://wanheshichang.fang.com/
Logger:2020-03-16 01:36:04.802728 https://shengtianhuafu.fang.com/
Logger:2020-03-16 01:36:05.036945 https://shilichunfeng.fang.com/
Logger:2020-03-16 01:36:05.333524 https://sknsc.fang.com/
Logger:2020-03-16 01:36:05.583138 https://zgdmqzncpdsc.fang.com/
Logger:2020-03-16 01:36:09.352197 https://qinzhou.newhouse.fang.com/house/s/b96/
Logger:2020-03-16 01:36:12.898321 https://qinzhou.newhouse.fang.com/house/s/b97/
Logger:2020-03-16 01:36:16.485746 https://qinzhou.newhouse.fang.com/house/s/b98/
