Logger:2020-03-16 21:03:42.427761 https://qionglai.newhouse.fang.com/house/s/b91/
Logger:2020-03-16 21:03:42.749221 https://xinchengjinyuehuafu.fang.com/
Logger:2020-03-16 21:03:43.042694 https://shanglinjunqionglai.fang.com/
Logger:2020-03-16 21:03:48.722784 https://boshengkangjunqionglai.fang.com/
Logger:2020-03-16 21:03:49.025921 https://nandingyihao.fang.com/
Logger:2020-03-16 21:03:49.301185 https://028tianxiwanbgy.fang.com/
Logger:2020-03-16 21:03:49.602418 https://jiaheshouzuoqionglai.fang.com/
Logger:2020-03-16 21:03:56.483039 https://hengyubeichengyihao.fang.com/
Logger:2020-03-16 21:03:56.993748 https://qlyuefu.fang.com/
Logger:2020-03-16 21:03:57.310141 https://yufuqionglai.fang.com/
Logger:2020-03-16 21:03:57.599167 https://bdzyyhtc.fang.com/
Logger:2020-03-16 21:03:57.847018 https://qionglaiguanlanguoji.fang.com/
Logger:2020-03-16 21:03:58.201134 https://xinhaitianchengqionglai.fang.com/
Logger:2020-03-16 21:03:58.467357 https://weihonglafei1987.fang.com/
Logger:2020-03-16 21:03:58.760638 https://xinchengjinyueshijia.fang.com/
Logger:2020-03-16 21:03:59.062523 https://rongxinfeicuiwanqionglai.fang.com/
Logger:2020-03-16 21:04:07.114976 https://kaixiangmoerguoji.fang.com/
Logger:2020-03-16 21:04:11.304426 https://chengtaikaixinshangpin.fang.com/
Logger:2020-03-16 21:04:11.663466 https://qlfeicuiwanyuanzhu.fang.com/
Logger:2020-03-16 21:04:11.991640 https://fenghuangqihy.fang.com/
Logger:2020-03-16 21:04:12.279591 https://yinglunbandao.fang.com/
Logger:2020-03-16 21:04:16.159140 https://qionglai.newhouse.fang.com/house/s/b92/
Logger:2020-03-16 21:04:16.827166 https://languangcocoshidaiqionglai.fang.com/
Logger:2020-03-16 21:04:17.101435 https://qianjiangfenghuanchengbqu.fang.com/
Logger:2020-03-16 21:04:17.370712 https://xingxingnanhejun.fang.com/
Logger:2020-03-16 21:04:21.569914 https://dingshengnanyuanqionglai.fang.com/
Logger:2020-03-16 21:04:21.943490 https://xibinji.fang.com/
Logger:2020-03-16 21:04:28.291814 https://ruiyunyihaocunzhuang.fang.com/
Logger:2020-03-16 21:04:28.599049 https://gaoyunanting.fang.com/
Logger:2020-03-16 21:04:36.006499 https://shifangguojiqionglai.fang.com/
Logger:2020-03-16 21:04:36.908131 https://hainingxiandaicheng.fang.com/
Logger:2020-03-16 21:04:37.218287 https://shangyuanqionglai.fang.com/
Logger:2020-03-16 21:04:37.537788 https://weihongbailandi.fang.com/
Logger:2020-03-16 21:04:37.968634 https://qlshuyuan.fang.com/
Logger:2020-03-16 21:04:44.416517 https://yenvguodu.fang.com/
Logger:2020-03-16 21:04:44.676814 https://yuhangsanzhoushengjing.fang.com/
Logger:2020-03-16 21:04:44.962052 https://haibochuntianzuanshiguangchang.fang.com/
Logger:2020-03-16 21:04:50.017545 https://dongchengshangduqionglai.fang.com/
Logger:2020-03-16 21:04:50.370564 https://caifuduhui.fang.com/
Logger:2020-03-16 21:04:50.733626 https://nanchengmeiyuqionglai.fang.com/
Logger:2020-03-16 21:04:51.086014 https://haibochuntianzuanshiguangchangql.fang.com/
Logger:2020-03-16 21:04:51.550799 https://simafuqionglai.fang.com/
Logger:2020-03-16 21:04:55.361288 https://qionglai.newhouse.fang.com/house/s/b93/
Logger:2020-03-16 21:04:55.617602 https://qionglaidongchengshangdu.fang.com/
Logger:2020-03-16 21:04:55.975644 https://youmeixiangziql.fang.com/
Logger:2020-03-16 21:04:56.302947 https://wanyumodengshidaiguangchang.fang.com/
Logger:2020-03-16 21:05:00.123170 https://gaoyuchengnantiandi.fang.com/
Logger:2020-03-16 21:05:03.668220 https://qionglai.newhouse.fang.com/house/s/b94/
Logger:2020-03-16 21:05:07.340130 https://qionglai.newhouse.fang.com/house/s/b95/
Logger:2020-03-16 21:05:10.799373 https://qionglai.newhouse.fang.com/house/s/b96/
