Logger:2020-03-16 10:36:27.168337 https://qiqihaer.newhouse.fang.com/house/s/b91/
Logger:2020-03-16 10:36:27.481018 https://wandaguangchang0452.fang.com/
Logger:2020-03-16 10:36:27.808812 https://hengdamingdu0452.fang.com/
Logger:2020-03-16 10:36:28.464908 https://shuijinghuating.fang.com/
Logger:2020-03-16 10:36:28.792954 https://jinseshijiajh.fang.com/
Logger:2020-03-16 10:36:29.386565 https://jhwsf.fang.com/
Logger:2020-03-16 10:36:29.886508 https://guanlanshidaiml.fang.com/
Logger:2020-03-16 10:36:30.214969 https://zijinhuafu0452.fang.com/
Logger:2020-03-16 10:36:34.780870 https://beijingyihaoyuan.fang.com/
Logger:2020-03-16 10:36:35.390193 https://hyxdh.fang.com/
Logger:2020-03-16 10:36:35.640260 https://nanshanhuaxi.fang.com/
Logger:2020-03-16 10:36:36.030533 https://jinrongjie0452.fang.com/
Logger:2020-03-16 10:36:36.342959 https://liantongmingyuan.fang.com/
Logger:2020-03-16 10:36:36.967811 https://mingrenyajumx.fang.com/
Logger:2020-03-16 10:36:37.280238 https://jiuhaoguandicxy.fang.com/
Logger:2020-03-16 10:36:39.108148 https://xiangjianghuayuan0452.fang.com/
Logger:2020-03-16 10:36:39.779861 https://jindihupan0452.fang.com/
Logger:2020-03-16 10:36:40.045428 https://dongduhui0452.fang.com/
Logger:2020-03-16 10:36:40.357636 https://gongyuanshangpin.fang.com/
Logger:2020-03-16 10:36:41.017963 https://beijiangjingdian.fang.com/
Logger:2020-03-16 10:36:41.611365 https://xsjgc0452.fang.com/
Logger:2020-03-16 10:36:45.279838 https://qiqihaer.newhouse.fang.com/house/s/b92/
Logger:2020-03-16 10:36:45.498756 https://nanbuwan.fang.com/
Logger:2020-03-16 10:36:46.092301 https://hengdadijing0452.fang.com/
Logger:2020-03-16 10:36:50.063410 https://qiqihaer.newhouse.fang.com/house/s/b93/
Logger:2020-03-16 10:36:53.764006 https://qiqihaer.newhouse.fang.com/house/s/b94/
Logger:2020-03-16 10:36:57.242719 https://qiqihaer.newhouse.fang.com/house/s/b95/
