Logger:2020-03-16 19:03:11.454801 https://qixia.newhouse.fang.com/house/s/b91/
Logger:2020-03-16 19:03:11.766897 https://huafumingdu0535.fang.com/
Logger:2020-03-16 19:03:12.304032 https://zhongbeijinlingshijia0535.fang.com/
Logger:2020-03-16 19:03:12.850797 https://mingjunxiaoqu0535.fang.com/
Logger:2020-03-16 19:03:14.817278 https://qxswty.fang.com/
Logger:2020-03-16 19:03:15.164356 https://shidaichengst0535.fang.com/
Logger:2020-03-16 19:03:15.482486 https://zhongyanghuayuanqx.fang.com/
Logger:2020-03-16 19:03:15.831604 https://yihaoyuanzq.fang.com/
Logger:2020-03-16 19:03:16.183324 https://shanshuiyidu.fang.com/
Logger:2020-03-16 19:03:18.595061 https://hagjcqx.fang.com/
Logger:2020-03-16 19:03:18.985014 https://qxdsxfmw.fang.com/
Logger:2020-03-16 19:03:19.301640 https://qixia.newhouse.fang.com/house/2454820675.htm
Logger:2020-03-16 19:03:19.632428 https://qxtcsm.fang.com/
Logger:2020-03-16 19:03:20.199537 https://qsxfl.fang.com/
Logger:2020-03-16 19:03:20.503723 https://qxxsl.fang.com/
Logger:2020-03-16 19:03:21.902975 https://qxtktc.fang.com/
Logger:2020-03-16 19:03:25.460659 https://qxzbjl.fang.com/
Logger:2020-03-16 19:03:25.864597 https://qixia.newhouse.fang.com/house/2454820685.htm
Logger:2020-03-16 19:03:27.997995 https://aswqac.fang.com/
Logger:2020-03-16 19:03:29.647337 https://qixia.newhouse.fang.com/house/2454820681.htm
Logger:2020-03-16 19:03:31.264102 https://qingquanyangguangcheng0535.fang.com/
Logger:2020-03-16 19:03:35.380360 https://qixia.newhouse.fang.com/house/s/b92/
Logger:2020-03-16 19:03:35.678562 https://qqygqx.fang.com/
Logger:2020-03-16 19:03:36.030716 https://fuguijiayuan0535.fang.com/
Logger:2020-03-16 19:03:37.865492 https://huaguangmingyuan2.fang.com/
Logger:2020-03-16 19:03:40.004543 https://guojiguangchang0535.fang.com/
Logger:2020-03-16 19:03:40.351700 https://qixia.newhouse.fang.com/house/2454820683.htm
Logger:2020-03-16 19:03:40.680401 https://qxgjgc.fang.com/
Logger:2020-03-16 19:03:41.283760 https://qxaswq.fang.com/
Logger:2020-03-16 19:03:41.632760 https://qxhsxfmw.fang.com/
Logger:2020-03-16 19:03:42.117351 https://fengcaishanshgc.fang.com/
Logger:2020-03-16 19:03:42.458463 https://qxhgmw.fang.com/
Logger:2020-03-16 19:03:44.202448 https://fcsqx.fang.com/
Logger:2020-03-16 19:03:44.500217 https://qixia.newhouse.fang.com/house/2454820679.htm
Logger:2020-03-16 19:03:48.237813 https://qixia.newhouse.fang.com/house/s/b93/
Logger:2020-03-16 19:03:51.682774 https://qixia.newhouse.fang.com/house/s/b94/
Logger:2020-03-16 19:03:55.655612 https://qixia.newhouse.fang.com/house/s/b95/
