Logger:2020-03-16 11:26:35.922190 https://qj.newhouse.fang.com/house/s/b91/
Logger:2020-03-16 11:26:36.172131 https://yujinghaoting0728.fang.com/
Logger:2020-03-16 11:26:36.453710 https://shijiyayuanzn0728.fang.com/
Logger:2020-03-16 11:26:36.750570 https://shengshilongcheng0728.fang.com/
Logger:2020-03-16 11:26:37.062547 https://yipinzs.fang.com/
Logger:2020-03-16 11:26:37.312489 https://shengshidongcheng.fang.com/
Logger:2020-03-16 11:26:37.609293 https://luchengxiyuan.fang.com/
Logger:2020-03-16 11:26:37.874943 https://lehuochuntian.fang.com/
Logger:2020-03-16 11:26:38.747564 https://qianjiangbiguiyuan0728.fang.com/
Logger:2020-03-16 11:26:39.000795 https://slhpld.fang.com/
Logger:2020-03-16 11:26:39.297613 https://zhanghuaguoji.fang.com/
Logger:2020-03-16 11:26:39.563708 https://jinxiuqiancheng0728.fang.com/
Logger:2020-03-16 11:26:39.860520 https://shijijinchengzn0728.fang.com/
Logger:2020-03-16 11:26:40.125960 https://jinqiaojunzr.fang.com/
Logger:2020-03-16 11:26:40.422334 https://shijichengzn0728.fang.com/
Logger:2020-03-16 11:26:40.703517 https://jinqiaoguangchang0728.fang.com/
Logger:2020-03-16 11:26:40.969461 https://kangxinjiayuan0728.fang.com/
Logger:2020-03-16 11:26:41.250726 https://jinjiangxingcheng.fang.com/
Logger:2020-03-16 11:26:41.551290 https://stlxcqj.fang.com/
Logger:2020-03-16 11:26:42.519426 https://mingzhushijia0728.fang.com/
Logger:2020-03-16 11:26:42.800574 https://shuianshangpin0728.fang.com/
Logger:2020-03-16 11:26:46.729299 https://qj.newhouse.fang.com/house/s/b92/
Logger:2020-03-16 11:26:48.995791 https://wanheguoji0728.fang.com/
Logger:2020-03-16 11:26:49.277411 https://stbhw.fang.com/
Logger:2020-03-16 11:26:49.558158 https://jiachunqiuzz.fang.com/
Logger:2020-03-16 11:26:49.825265 https://yangguangshuian0728.fang.com/
Logger:2020-03-16 11:26:50.137720 https://ljcqt.fang.com/
Logger:2020-03-16 11:26:50.388352 https://rszxc.fang.com/
Logger:2020-03-16 11:26:52.434742 https://xinshidaiguangchangml.fang.com/
Logger:2020-03-16 11:26:54.402310 https://lijingyuanhy.fang.com/
Logger:2020-03-16 11:26:56.371061 https://xcshgc0728.fang.com/
Logger:2020-03-16 11:26:57.905553 https://shidaitianjiert.fang.com/
Logger:2020-03-16 11:26:59.608443 https://sijimeinongmaochengqjdsc.fang.com/
Logger:2020-03-16 11:26:59.889050 https://gcjhc0728.fang.com/
Logger:2020-03-16 11:27:00.186422 https://zhongyanggongyuanzs.fang.com/2/
Logger:2020-03-16 11:27:00.452105 https://shangmaochengxy.fang.com/
Logger:2020-03-16 11:27:03.484583 https://atlsstc128.fang.com/
Logger:2020-03-16 11:27:03.765270 https://qipeichengjy0728.fang.com/
Logger:2020-03-16 11:27:07.347293 https://qj.newhouse.fang.com/house/s/b93/
Logger:2020-03-16 11:27:10.989695 https://qj.newhouse.fang.com/house/s/b94/
Logger:2020-03-16 11:27:14.488869 https://qj.newhouse.fang.com/house/s/b95/
