Logger:2020-03-16 14:50:29.502530 https://quanshan.newhouse.fang.com/house/s/b91/
Logger:2020-03-16 14:50:29.766780 https://yuxianshengdeshidai.fang.com/
Logger:2020-03-16 14:50:30.181671 https://kunlunyuhr0516.fang.com/
Logger:2020-03-16 14:50:30.557667 https://boyuefuzh0516.fang.com/
Logger:2020-03-16 14:50:30.856865 https://duhuixingchen.fang.com/
Logger:2020-03-16 14:50:31.128202 https://feicuitiandiwk.fang.com/shop/
Logger:2020-03-16 14:50:31.451313 https://shangheyuanxs.fang.com/
Logger:2020-03-16 14:50:34.836220 https://haiyuenanshan.fang.com/
Logger:2020-03-16 14:50:35.125446 https://wujiang0516.fang.com/
Logger:2020-03-16 14:50:35.412721 https://jiuxi0516.fang.com/
Logger:2020-03-16 14:50:35.721850 https://lixiangchengld0516.fang.com/3/
Logger:2020-03-16 14:50:36.019055 https://quanshanyurunxincheng.fang.com/
Logger:2020-03-16 14:50:36.304292 https://qshaieryanlangongguan.fang.com/
Logger:2020-03-16 14:50:36.535715 https://qsshengshikongquecheng.fang.com/
Logger:2020-03-16 14:50:36.802982 https://huaihaishidaigongguan.fang.com/
Logger:2020-03-16 14:50:37.078264 https://yunzhumdjk.fang.com/
Logger:2020-03-16 14:50:37.341585 https://hdbinhezuoan.fang.com/
Logger:2020-03-16 14:50:37.595874 https://qscuihuyujing.fang.com/
Logger:2020-03-16 14:50:37.942953 https://qsbhyjw.fang.com/
Logger:2020-03-16 14:50:42.865739 https://qsqingyingge.fang.com/
Logger:2020-03-16 14:50:43.211814 https://yunlongguandi.fang.com/
Logger:2020-03-16 14:50:47.569238 https://quanshan.newhouse.fang.com/house/s/b92/
Logger:2020-03-16 14:50:47.857386 https://xingxiushenghuoguangchangxingchen.fang.com/
Logger:2020-03-16 14:50:48.115695 https://xinghushangyuan0516.fang.com/
Logger:2020-03-16 14:50:48.367022 https://xzynqcbly.fang.com/
Logger:2020-03-16 14:50:50.723718 https://qsrongshenghuayucheng.fang.com/
Logger:2020-03-16 14:50:52.246675 https://qshmfjy.fang.com/
Logger:2020-03-16 14:50:52.744312 https://qswankehuaihaitiandi.fang.com/
Logger:2020-03-16 14:50:52.994642 https://qszdqsy.fang.com/
Logger:2020-03-16 14:50:53.310854 https://qsxinyuanjingcheng.fang.com/
Logger:2020-03-16 14:50:53.585102 https://xinshengguangchang2.fang.com/
Logger:2020-03-16 14:50:53.910194 https://quanshanyuxianshengdeshequ.fang.com/
Logger:2020-03-16 14:50:54.189447 https://rongchuanghuaihaiyihao.fang.com/
Logger:2020-03-16 14:50:54.443766 https://rongshengguangchang.fang.com/
Logger:2020-03-16 14:50:54.711052 https://qsdongnanjun.fang.com/
Logger:2020-03-16 14:50:57.890545 https://qssenlingongguan.fang.com/
Logger:2020-03-16 14:50:58.162818 https://qskaiyuanfeicuiwan.fang.com/
Logger:2020-03-16 14:50:58.418134 https://yunlongfushangye.fang.com/
Logger:2020-03-16 14:51:00.163508 https://huaihaiyihaoliuzhangtaircgr.fang.com/
Logger:2020-03-16 14:51:00.435775 https://weilaiguangchangrs.fang.com/
Logger:2020-03-16 14:51:00.755922 https://quanshanrongchuangyulangongguan.fang.com/
Logger:2020-03-16 14:51:01.042114 https://qsjinyuhuating.fang.com/
Logger:2020-03-16 14:51:04.784104 https://quanshan.newhouse.fang.com/house/s/b93/
Logger:2020-03-16 14:51:05.023464 https://qswanyuecheng.fang.com/
Logger:2020-03-16 14:51:05.348594 https://qskaiyuanyunlonggu.fang.com/
Logger:2020-03-16 14:51:07.716260 https://qsspsdyf.fang.com/
Logger:2020-03-16 14:51:07.999545 https://qsxiexinxinshang.fang.com/
Logger:2020-03-16 14:51:08.263795 https://qsxichengjinghua.fang.com/
Logger:2020-03-16 14:51:08.572968 https://quanshan.newhouse.fang.com/house/1852284158.htm
Logger:2020-03-16 14:51:08.898123 https://quanshanrongshengcheng.fang.com/
Logger:2020-03-16 14:51:09.195303 https://qsfhyy.fang.com/
Logger:2020-03-16 14:51:09.499490 https://mdgongyuantianxia.fang.com/
Logger:2020-03-16 14:51:09.838583 https://wkfctd.fang.com/
Logger:2020-03-16 14:51:10.109899 https://qsshuixiechuntian.fang.com/
Logger:2020-03-16 14:51:13.572594 https://quanshan.newhouse.fang.com/house/s/b94/
Logger:2020-03-16 14:51:17.668636 https://quanshan.newhouse.fang.com/house/s/b95/
Logger:2020-03-16 14:51:21.257090 https://quanshan.newhouse.fang.com/house/s/b96/
