Logger:2020-03-17 00:33:59.791371 https://quzhou.newhouse.fang.com/house/s/b91/
Logger:2020-03-17 00:34:00.016793 https://hengshengmingyuan.fang.com/
Logger:2020-03-17 00:34:00.263152 https://beilinlanyuewan.fang.com/
Logger:2020-03-17 00:34:00.547350 https://jiangwanbandaobgy.fang.com/
Logger:2020-03-17 00:34:00.805658 https://yuemanwanzngh.fang.com/
Logger:2020-03-17 00:34:01.029060 https://lanchengjianglangshanjuxiaozhen.fang.com/
Logger:2020-03-17 00:34:01.325267 https://buyangxinganghuafu.fang.com/
Logger:2020-03-17 00:34:01.634441 https://baiyuechengjhzl.fang.com/
Logger:2020-03-17 00:34:04.277413 https://longtianheyuan2.fang.com/2/
Logger:2020-03-17 00:34:04.524709 https://dongfangjunzc.fang.com/
Logger:2020-03-17 00:34:06.930273 https://zhichengshuxiangyuan.fang.com/
Logger:2020-03-17 00:34:07.163655 https://rcgjcgtywcf.fang.com/
Logger:2020-03-17 00:34:07.468869 https://tianyuanfuhd.fang.com/
Logger:2020-03-17 00:34:07.700249 https://dexinjunchen.fang.com/
Logger:2020-03-17 00:34:07.965504 https://longyoulctlcf.fang.com/
Logger:2020-03-17 00:34:08.197882 https://yunlanfu.fang.com/
Logger:2020-03-17 00:34:08.721482 https://zhichengwenhuayuan.fang.com/
Logger:2020-03-17 00:34:08.962836 https://jiangshanyinbgy.fang.com/
Logger:2020-03-17 00:34:09.203193 https://huajianyuexszj.fang.com/
Logger:2020-03-17 00:34:10.636401 https://yihaoyuanzlrx.fang.com/
Logger:2020-03-17 00:34:12.179231 https://beilinjinyufu.fang.com/
Logger:2020-03-17 00:34:15.388692 https://quzhou.newhouse.fang.com/house/s/b92/
Logger:2020-03-17 00:34:15.623062 https://zhichenglanwan.fang.com/
Logger:2020-03-17 00:34:15.877339 https://dnsdctr.fang.com/
Logger:2020-03-17 00:34:16.150608 https://xingyuewanjsbl.fang.com/
Logger:2020-03-17 00:34:17.612697 https://huadajinmaofu.fang.com/
Logger:2020-03-17 00:34:17.847070 https://xixiyuanzhubgy.fang.com/
Logger:2020-03-17 00:34:18.087430 https://longdujinchenghd.fang.com/
Logger:2020-03-17 00:34:18.324791 https://qsdgc.fang.com/
Logger:2020-03-17 00:34:18.620999 https://guantangfuxszj.fang.com/
Logger:2020-03-17 00:34:18.846422 https://xiangtigongguanzl20570.fang.com/
Logger:2020-03-17 00:34:20.278565 https://nanyuemingchenghd.fang.com/
Logger:2020-03-17 00:34:20.524925 https://zijinghuayuanck.fang.com/
Logger:2020-03-17 00:34:20.802164 https://jiangshanjunzc0570.fang.com/
Logger:2020-03-17 00:34:21.057517 https://meiguiyuanyh0570.fang.com/
Logger:2020-03-17 00:34:21.311801 https://kaihuaguojinbinjiangyihao.fang.com/
Logger:2020-03-17 00:34:23.747324 https://shanglinmingshu.fang.com/
Logger:2020-03-17 00:34:24.041537 https://ygwhcyy.fang.com/
Logger:2020-03-17 00:34:24.338703 https://zunyujinyuan.fang.com/
Logger:2020-03-17 00:34:24.592070 https://binjiangyihaogj.fang.com/
Logger:2020-03-17 00:34:24.864339 https://hanlinfuxs0570.fang.com/
Logger:2020-03-17 00:34:25.118617 https://yunxixinyuxszj.fang.com/
Logger:2020-03-17 00:34:28.944381 https://quzhou.newhouse.fang.com/house/s/b93/
Logger:2020-03-17 00:34:30.053415 https://yuehaitangxs.fang.com/
Logger:2020-03-17 00:34:30.339693 https://gjxhc.fang.com/
Logger:2020-03-17 00:34:30.594046 https://kaihuamingtaifenghuangtai.fang.com/
Logger:2020-03-17 00:34:34.639190 https://jingchengxh.fang.com/
Logger:2020-03-17 00:34:34.881500 https://beilinyuquanwan.fang.com/
Logger:2020-03-17 00:34:37.009849 https://daduhuihd.fang.com/
Logger:2020-03-17 00:34:37.267155 https://zhongyuanjiangshanfu.fang.com/
Logger:2020-03-17 00:34:37.535400 https://yangguangmingduas.fang.com/
Logger:2020-03-17 00:34:39.071304 https://hongdingmingzuo.fang.com/
Logger:2020-03-17 00:34:40.957246 https://zhongshangguangchangcs.fang.com/
Logger:2020-03-17 00:34:41.185677 https://guojinshanshuiyunju.fang.com/
Logger:2020-03-17 00:34:43.724842 https://guanghecjy.fang.com/
Logger:2020-03-17 00:34:43.957302 https://jiangshanfuzc.fang.com/
Logger:2020-03-17 00:34:45.580925 https://jiangnanligh.fang.com/
Logger:2020-03-17 00:34:45.818242 https://banshanbandaoqt.fang.com/
Logger:2020-03-17 00:34:46.052614 https://zhongliangshiguangli.fang.com/
Logger:2020-03-17 00:34:46.364859 https://jiangshanyuechenghuafu.fang.com/
Logger:2020-03-17 00:34:46.597158 https://quzhouhongdiwangfu.fang.com/
Logger:2020-03-17 00:34:46.837515 https://huafeizhuangyuan.fang.com/
Logger:2020-03-17 00:34:48.336506 https://yunxixiaozhen.fang.com/
Logger:2020-03-17 00:34:51.731465 https://quzhou.newhouse.fang.com/house/s/b94/
Logger:2020-03-17 00:34:52.053594 https://hongdingshoufu.fang.com/
Logger:2020-03-17 00:34:52.356795 https://bonayayuan.fang.com/
Logger:2020-03-17 00:34:52.793624 https://sanheliqz.fang.com/
Logger:2020-03-17 00:34:53.088834 https://mengjiedasha.fang.com/
Logger:2020-03-17 00:34:53.323165 https://dongfangguangchang0570.fang.com/
Logger:2020-03-17 00:34:53.553585 https://zggssbly.fang.com/
Logger:2020-03-17 00:34:53.793948 https://qzktgjqpc.fang.com/
Logger:2020-03-17 00:34:54.051217 https://runchengmeilinyinxiang.fang.com/
Logger:2020-03-17 00:34:55.929224 https://guoyuefuxs.fang.com/
Logger:2020-03-17 00:34:56.173540 https://yujiangnanwg.fang.com/
Logger:2020-03-17 00:34:56.414894 https://beilintangyuewan.fang.com/
Logger:2020-03-17 00:34:58.351758 https://jiurungongguan.fang.com/
Logger:2020-03-17 00:35:00.177828 https://dexinwangchen.fang.com/
Logger:2020-03-17 00:35:00.427161 https://hongdidachengxujiangfu.fang.com/
Logger:2020-03-17 00:35:08.212334 https://yinhushanzhuang0570.fang.com/
Logger:2020-03-17 00:35:09.635570 https://hdgzclygg.fang.com/
Logger:2020-03-17 00:35:11.832649 https://hmwangjiangyuan.fang.com/
Logger:2020-03-17 00:35:12.073006 https://hongdiyipinguangchang.fang.com/
Logger:2020-03-17 00:35:12.289459 https://meiguiyuanslx.fang.com/
Logger:2020-03-17 00:35:12.518877 https://dongfangguangchangzc.fang.com/
Logger:2020-03-17 00:35:16.220910 https://quzhou.newhouse.fang.com/house/s/b95/
Logger:2020-03-17 00:35:16.458275 https://xichenghuayuan0570.fang.com/
Logger:2020-03-17 00:35:18.009126 https://yinxiangxicheng.fang.com/
Logger:2020-03-17 00:35:18.878800 https://qzbojinfudi.fang.com/
Logger:2020-03-17 00:35:19.133163 https://meilidongchengyy.fang.com/
Logger:2020-03-17 00:35:19.422388 https://songzhenmingyuanba.fang.com/
Logger:2020-03-17 00:35:19.658714 https://longtianheyuan.fang.com/
Logger:2020-03-17 00:35:19.929987 https://feicuiyuanhd0570.fang.com/
Logger:2020-03-17 00:35:20.175357 https://qzxinnongdu.fang.com/
Logger:2020-03-17 00:35:21.821926 https://wolonggongguanjw.fang.com/
Logger:2020-03-17 00:35:22.052348 https://ganghuiguangchang0570.fang.com/
Logger:2020-03-17 00:35:22.308663 https://shiliangximeiguiyuan.fang.com/
Logger:2020-03-17 00:35:22.545033 https://hehuaguangchang.fang.com/
Logger:2020-03-17 00:35:22.871162 https://lysmc.fang.com/
Logger:2020-03-17 00:35:23.105493 https://jiayixinchengly.fang.com/
Logger:2020-03-17 00:35:23.343897 https://jinrongdashaqz.fang.com/
Logger:2020-03-17 00:35:23.609188 https://dgxyz.fang.com/
Logger:2020-03-17 00:35:25.491112 https://quzhou.newhouse.fang.com/house/2018153170.htm
Logger:2020-03-17 00:35:25.763386 https://lystdzswcyy.fang.com/
Logger:2020-03-17 00:35:26.659984 https://drlyzxnfcp.fang.com/
Logger:2020-03-17 00:35:26.906326 https://rongjinguangchang.fang.com/
Logger:2020-03-17 00:35:30.447851 https://quzhou.newhouse.fang.com/house/s/b96/
Logger:2020-03-17 00:35:30.606469 https://qznongshangcheng.fang.com/
Logger:2020-03-17 00:35:34.192870 https://quzhou.newhouse.fang.com/house/s/b97/
Logger:2020-03-17 00:35:37.693510 https://quzhou.newhouse.fang.com/house/s/b98/
Logger:2020-03-17 00:35:41.247958 https://quzhou.newhouse.fang.com/house/s/b99/
