Logger:2020-03-15 23:12:24.337557 https://qz.newhouse.fang.com/house/s/b91/
Logger:2020-03-15 23:12:24.752371 https://baolicheng0595.fang.com/
Logger:2020-03-15 23:12:25.122486 https://xingguangyaoguangchang0595.fang.com/
Logger:2020-03-15 23:12:25.534130 https://xuhuichengss.fang.com/
Logger:2020-03-15 23:12:25.950085 https://tanyuejmygc.fang.com/
Logger:2020-03-15 23:12:26.289110 https://longhuchunjiangyueming0595.fang.com/
Logger:2020-03-15 23:12:26.601988 https://chengshiguangchangyz.fang.com/
Logger:2020-03-15 23:12:28.833757 https://qz.newhouse.fang.com/house/2215168714.htm
Logger:2020-03-15 23:12:32.326541 https://sijiyangguangzj0595.fang.com/
Logger:2020-03-15 23:12:34.453555 https://chengshizhiguangwk0595.fang.com/
Logger:2020-03-15 23:12:34.803573 https://mendidhw.fang.com/
Logger:2020-03-15 23:12:35.229155 https://xiangxielijingbh.fang.com/
Logger:2020-03-15 23:12:35.600557 https://tianxiwanbgy0595.fang.com/
Logger:2020-03-15 23:12:35.996036 https://hengdayujingwan0595.fang.com/
Logger:2020-03-15 23:12:39.594532 https://hengdayujing0595.fang.com/
Logger:2020-03-15 23:12:41.296218 https://gongyuanlibgy0595.fang.com/
Logger:2020-03-15 23:12:44.150642 https://jinlingxiaocheng.fang.com/
Logger:2020-03-15 23:12:44.494757 https://jiatianxialh.fang.com/
Logger:2020-03-15 23:12:44.866726 https://fenghuangdaobgy0595.fang.com/
Logger:2020-03-15 23:12:45.285935 https://aileguofengsm.fang.com/
Logger:2020-03-15 23:12:45.697914 https://rongchuangjiangnanfu.fang.com/
Logger:2020-03-15 23:12:49.463781 https://qz.newhouse.fang.com/house/s/b92/
Logger:2020-03-15 23:12:52.013632 https://hongshuwanjh.fang.com/
Logger:2020-03-15 23:12:52.455908 https://jinjiangxintangbaolongshijia2.fang.com/
Logger:2020-03-15 23:12:52.935560 https://zhongjuntianjing.fang.com/
Logger:2020-03-15 23:12:53.290611 https://xizangchengtou.fang.com/
Logger:2020-03-15 23:12:57.494036 https://shuimuchuntianzc.fang.com/
Logger:2020-03-15 23:12:57.916739 https://shengshichengpin.fang.com/
Logger:2020-03-15 23:12:58.265337 https://zhonghangcheng0595.fang.com/
Logger:2020-03-15 23:12:58.608473 https://xinghechengsmbgybl.fang.com/
Logger:2020-03-15 23:12:59.149613 https://kaiyuangongguanxt.fang.com/
Logger:2020-03-15 23:13:01.432512 https://biguiyuanss.fang.com/
Logger:2020-03-15 23:13:01.790834 https://hengdayujingna.fang.com/
Logger:2020-03-15 23:13:02.136423 https://zhgjgefsz.fang.com/
Logger:2020-03-15 23:13:02.566267 https://bdkangchengmeishu.fang.com/
Logger:2020-03-15 23:13:02.923312 https://lijingwanny.fang.com/
Logger:2020-03-15 23:13:05.442401 https://yufenghuayuanbj.fang.com/
Logger:2020-03-15 23:13:05.773521 https://longyuewanjf.fang.com/
Logger:2020-03-15 23:13:06.186383 https://cuicantianchengsm0595.fang.com/
Logger:2020-03-15 23:13:06.526513 https://fajinyuzhongxing.fang.com/
Logger:2020-03-15 23:13:09.059054 https://yzchengshiguangchang.fang.com/
Logger:2020-03-15 23:13:09.405337 https://shieryandhw.fang.com/
Logger:2020-03-15 23:13:13.391575 https://qz.newhouse.fang.com/house/s/b93/
Logger:2020-03-15 23:13:13.725612 https://yunjingsmdt.fang.com/
Logger:2020-03-15 23:13:17.481883 https://jinsewaitanzh.fang.com/
Logger:2020-03-15 23:13:17.820939 https://yujiangdijingbx.fang.com/
Logger:2020-03-15 23:13:18.233445 https://sijihuachengzj0595.fang.com/
Logger:2020-03-15 23:13:19.537940 https://zimaofusm.fang.com/
Logger:2020-03-15 23:13:19.957241 https://haishanghaiss0595.fang.com/
Logger:2020-03-15 23:13:20.621612 https://qingyuanchunxiaony.fang.com/
Logger:2020-03-15 23:13:20.944786 https://wgcmomadd0595.fang.com/
Logger:2020-03-15 23:13:21.295847 https://guangmingchengzj.fang.com/
Logger:2020-03-15 23:13:21.641921 https://wuhuatiancheng.fang.com/
Logger:2020-03-15 23:13:22.066163 https://kadiyagongguanqzht.fang.com/
Logger:2020-03-15 23:13:22.381457 https://jinjiangyinrc.fang.com/
Logger:2020-03-15 23:13:22.822246 https://chunjianglichenglh0595.fang.com/
Logger:2020-03-15 23:13:23.241125 https://manyuewanzn0595.fang.com/
Logger:2020-03-15 23:13:23.692806 https://yunchengsm.fang.com/
Logger:2020-03-15 23:13:24.069416 https://baolichengna.fang.com/
Logger:2020-03-15 23:13:24.458264 https://yuhuwanls.fang.com/
Logger:2020-03-15 23:13:24.840306 https://yujingjiayuan.fang.com/
Logger:2020-03-15 23:13:25.195293 https://haixiayihao.fang.com/
Logger:2020-03-15 23:13:25.545730 https://axlizhiyufeng.fang.com/
Logger:2020-03-15 23:13:29.549690 https://qz.newhouse.fang.com/house/s/b94/
Logger:2020-03-15 23:13:32.588106 https://jinyanghujun.fang.com/
Logger:2020-03-15 23:13:33.007024 https://jianyuanshijijiayuan.fang.com/
Logger:2020-03-15 23:13:33.322180 https://guojichengmfhc.fang.com/
Logger:2020-03-15 23:13:33.628127 https://wankechengqz.fang.com/
Logger:2020-03-15 23:13:34.155490 https://citong1hao.fang.com/
Logger:2020-03-15 23:13:36.142494 https://yujintaizj.fang.com/
Logger:2020-03-15 23:13:36.494415 https://cuicanxinchengjjsm.fang.com/
Logger:2020-03-15 23:13:37.828442 https://citongchengli.fang.com/
Logger:2020-03-15 23:13:38.246234 https://yujingwanzhongyu.fang.com/
Logger:2020-03-15 23:13:38.704690 https://bfhc.fang.com/
Logger:2020-03-15 23:13:39.055753 https://yuelongtaihdss.fang.com/
Logger:2020-03-15 23:13:41.786031 https://haigangchengzh.fang.com/
Logger:2020-03-15 23:13:42.237825 https://zhongyangmingmenbj.fang.com/
Logger:2020-03-15 23:13:42.598849 https://lanwanyuetingzj.fang.com/
Logger:2020-03-15 23:13:42.912017 https://chengyangyipinbgyws.fang.com/
Logger:2020-03-15 23:13:45.771430 https://yushuxiangdibh.fang.com/
Logger:2020-03-15 23:13:46.228238 https://shuimolantingcj.fang.com/
Logger:2020-03-15 23:13:47.494536 https://binjianghuangguan.fang.com/
Logger:2020-03-15 23:13:47.811986 https://dingshengshangcheng.fang.com/
Logger:2020-03-15 23:13:48.211208 https://shanghaojiayuan0595.fang.com/
Logger:2020-03-15 23:13:51.879425 https://qz.newhouse.fang.com/house/s/b95/
Logger:2020-03-15 23:13:52.171300 https://shijiechengat595.fang.com/
Logger:2020-03-15 23:13:52.518778 https://zhongyangtianchengjf0595.fang.com/
Logger:2020-03-15 23:13:52.924042 https://aotizhongxinsh.fang.com/
Logger:2020-03-15 23:13:53.266087 https://axjinshashuian.fang.com/
Logger:2020-03-15 23:13:55.562571 https://shieryandhw.fang.com/2/
Logger:2020-03-15 23:13:56.051280 https://dingshengjinling.fang.com/
Logger:2020-03-15 23:13:56.440536 https://hqxsj.fang.com/
Logger:2020-03-15 23:13:56.769314 https://axyonglongguojicheng.fang.com/
Logger:2020-03-15 23:13:57.069736 https://yongjinfulg0595.fang.com/
Logger:2020-03-15 23:13:57.395878 https://citongchunxiaony.fang.com/
Logger:2020-03-15 23:14:03.706559 https://hualinchuntianxx.fang.com/
Logger:2020-03-15 23:14:04.049707 https://longjingwanjf.fang.com/
Logger:2020-03-15 23:14:04.424780 https://zhonghangshangcheng.fang.com/
Logger:2020-03-15 23:14:04.817190 https://gelinchuntianjs.fang.com/
Logger:2020-03-15 23:14:05.368780 https://lijingfuzj2.fang.com/
Logger:2020-03-15 23:14:05.778308 https://qzzrbjjbf.fang.com/
Logger:2020-03-15 23:14:06.122503 https://wandaguangchangax.fang.com/
Logger:2020-03-15 23:14:08.466851 https://jialinguangchang.fang.com/
Logger:2020-03-15 23:14:08.917673 https://shangyuefufj.fang.com/
Logger:2020-03-15 23:14:09.388921 https://yunjingfuzj.fang.com/
Logger:2020-03-15 23:14:13.451823 https://qz.newhouse.fang.com/house/s/b96/
Logger:2020-03-15 23:14:13.749033 https://bdpshanyunhai.fang.com/
Logger:2020-03-15 23:14:14.383885 https://dushiguangchanghd0595.fang.com/
Logger:2020-03-15 23:14:14.696526 https://jinyuzhongyangsswk.fang.com/
Logger:2020-03-15 23:14:15.071341 https://jinjiangyunfu.fang.com/
Logger:2020-03-15 23:14:15.488497 https://yufubjzygy.fang.com/
Logger:2020-03-15 23:14:15.938300 https://huanqiuguangchangqs.fang.com/
Logger:2020-03-15 23:14:16.342218 https://shengjingwanyc.fang.com/
Logger:2020-03-15 23:14:22.806298 https://kaixuanguoji0595.fang.com/
Logger:2020-03-15 23:14:23.109452 https://axdingshengshangxuelingdi.fang.com/
Logger:2020-03-15 23:14:23.498403 https://shengshalazunhu.fang.com/
Logger:2020-03-15 23:14:23.870314 https://dehuayoushanmeidi.fang.com/
Logger:2020-03-15 23:14:26.868086 https://kangqiaoxuefucj.fang.com/
Logger:2020-03-15 23:14:27.277999 https://axshengshijinyuan.fang.com/
Logger:2020-03-15 23:14:28.637316 https://qingnianshequbj.fang.com/
Logger:2020-03-15 23:14:31.979801 https://baoshanhuayuan.fang.com/
Logger:2020-03-15 23:14:32.385717 https://zjsjkceq.fang.com/
Logger:2020-03-15 23:14:32.785987 https://hengdashoufuss.fang.com/
Logger:2020-03-15 23:14:34.968647 https://julongxiaozhen.fang.com/
Logger:2020-03-15 23:14:35.320661 https://haishangshijiesm.fang.com/
Logger:2020-03-15 23:14:35.696256 https://yuechengwk.fang.com/
Logger:2020-03-15 23:14:39.627530 https://qz.newhouse.fang.com/house/s/b97/
Logger:2020-03-15 23:14:40.051434 https://zhongjunguangchang0595.fang.com/
Logger:2020-03-15 23:14:40.443322 https://feiliwanjjygc.fang.com/
Logger:2020-03-15 23:14:41.072247 https://taiguguangchangdhw.fang.com/3/
Logger:2020-03-15 23:14:41.478662 https://xiangbinyunchengblsm.fang.com/
Logger:2020-03-15 23:14:41.835742 https://tianjunyipin.fang.com/
Logger:2020-03-15 23:14:44.814762 https://zhongyanggongyuanyc.fang.com/
Logger:2020-03-15 23:14:46.145224 https://baolongshijiajj.fang.com/
Logger:2020-03-15 23:14:46.544160 https://xintianchengshiguangchang.fang.com/
Logger:2020-03-15 23:14:46.917137 https://feicuilongtinghd0595.fang.com/
Logger:2020-03-15 23:14:49.827266 https://haiwanguojihs.fang.com/
Logger:2020-03-15 23:14:50.226204 https://sijigongyuanss.fang.com/
Logger:2020-03-15 23:14:50.802326 https://dingshengdaguan.fang.com/
Logger:2020-03-15 23:14:51.161847 https://shengshilingshu.fang.com/
Logger:2020-03-15 23:14:51.520206 https://yufukangcheng.fang.com/
Logger:2020-03-15 23:14:51.933171 https://zhuzhaidiwuwanbl.fang.com/
Logger:2020-03-15 23:14:54.618636 https://huiyuetaibgy.fang.com/
Logger:2020-03-15 23:14:54.957780 https://longjinggezj.fang.com/
Logger:2020-03-15 23:14:55.295727 https://gojixinchenght.fang.com/8/
Logger:2020-03-15 23:14:55.702634 https://haiyuefu0595.fang.com/
Logger:2020-03-15 23:14:56.084571 https://hengdamingduss.fang.com/
Logger:2020-03-15 23:14:59.404979 https://qz.newhouse.fang.com/house/s/b98/
Logger:2020-03-15 23:14:59.719828 https://fulinxintiandi.fang.com/
Logger:2020-03-15 23:15:00.260392 https://zhongjuntianfeng0595.fang.com/
Logger:2020-03-15 23:15:00.746834 https://zhongjunshangchengqz.fang.com/
Logger:2020-03-15 23:15:02.157177 https://nananzhongjunbaijingwan.fang.com/
Logger:2020-03-15 23:15:02.493278 https://cuicantianchengnasm.fang.com/
Logger:2020-03-15 23:15:02.923140 https://xixibandaona.fang.com/
Logger:2020-03-15 23:15:03.245391 https://bihailantian0595.fang.com/
Logger:2020-03-15 23:15:05.422708 https://sanjiesifangdhw.fang.com/
Logger:2020-03-15 23:15:05.856919 https://taiheguojiguangchang.fang.com/
Logger:2020-03-15 23:15:06.195011 https://wanshangchengshihuayuan.fang.com/
Logger:2020-03-15 23:15:06.616916 https://zhongjunshijiechengna.fang.com/
Logger:2020-03-15 23:15:06.935564 https://mingshihuafuny.fang.com/
Logger:2020-03-15 23:15:07.360329 https://yinhexinchengyc.fang.com/
Logger:2020-03-15 23:15:07.762266 https://ziyuntaiwd.fang.com/
Logger:2020-03-15 23:15:08.114287 https://ssygclizigongguan.fang.com/
Logger:2020-03-15 23:15:10.059068 https://yuefuygc.fang.com/
Logger:2020-03-15 23:15:10.577021 https://guobinyihaoyuan.fang.com/
Logger:2020-03-15 23:15:11.349602 https://yingliangyinxiangwuhaona.fang.com/
Logger:2020-03-15 23:15:11.726631 https://wanzhaoshanzhuang.fang.com/
Logger:2020-03-15 23:15:12.113596 https://jiangbinfengwu.fang.com/
Logger:2020-03-15 23:15:15.467009 https://qz.newhouse.fang.com/house/s/b99/
Logger:2020-03-15 23:15:15.769143 https://guojihuayuanhl0595.fang.com/
Logger:2020-03-15 23:15:16.124223 https://wanmeilongrun.fang.com/
Logger:2020-03-15 23:15:16.498060 https://xinanliss.fang.com/
Logger:2020-03-15 23:15:16.965365 https://haixixingchengzr2.fang.com/
Logger:2020-03-15 23:15:17.332442 https://huijingchengbs.fang.com/
Logger:2020-03-15 23:15:19.774527 https://shishijixiangmeishu.fang.com/
Logger:2020-03-15 23:15:23.207767 https://mctxsf.fang.com/
Logger:2020-03-15 23:15:23.579438 https://shengshismart.fang.com/
Logger:2020-03-15 23:15:23.914911 https://axjunyuehuating.fang.com/
Logger:2020-03-15 23:15:24.398473 https://nanan.newhouse.fang.com/house/2223190166.htm
Logger:2020-03-15 23:15:24.724568 https://haijingguoji0595.fang.com/
Logger:2020-03-15 23:15:26.063511 https://shishijinhuicheng.fang.com/
Logger:2020-03-15 23:15:26.380671 https://yuhuayuandhw.fang.com/
Logger:2020-03-15 23:15:26.731661 https://hengdaxinchengna.fang.com/
Logger:2020-03-15 23:15:28.476412 https://yayuanhd0595.fang.com/
Logger:2020-03-15 23:15:28.895788 https://shimaoyunxi.fang.com/
Logger:2020-03-15 23:15:30.090494 https://xinghuwan.fang.com/
Logger:2020-03-15 23:15:30.459961 https://motianchengsm.fang.com/
Logger:2020-03-15 23:15:32.586188 https://yunjingtaizj0595.fang.com/
Logger:2020-03-15 23:15:32.964952 https://wankelucheng0595.fang.com/
Logger:2020-03-15 23:15:36.786901 https://qz.newhouse.fang.com/house/s/b910/
Logger:2020-03-15 23:15:38.996968 https://donghaitaiheguangchang.fang.com/
Logger:2020-03-15 23:15:39.357551 https://meiyafanglin.fang.com/
Logger:2020-03-15 23:15:39.779448 https://jinjiangyuncheng.fang.com/
Logger:2020-03-15 23:15:40.254045 https://zijinchengjq.fang.com/
Logger:2020-03-15 23:15:40.785549 https://junyuewan.fang.com/
Logger:2020-03-15 23:15:42.404984 https://axtieguanyinshanzhuang.fang.com/
Logger:2020-03-15 23:15:45.155960 https://yujingtianxiabh.fang.com/
Logger:2020-03-15 23:15:45.494008 https://nanyiguangchang.fang.com/
Logger:2020-03-15 23:15:48.292697 https://guofengzimaosm.fang.com/
Logger:2020-03-15 23:15:50.150329 https://guanyuewanlg.fang.com/
Logger:2020-03-15 23:15:50.736191 https://dajiangshengshihl.fang.com/
Logger:2020-03-15 23:15:51.086318 https://baolongshijiaxt.fang.com/
Logger:2020-03-15 23:15:53.243272 https://yuefughxj.fang.com/
Logger:2020-03-15 23:15:55.958526 https://fenghuangchengws0595.fang.com/
Logger:2020-03-15 23:15:58.301345 https://zhengrongfuss.fang.com/
Logger:2020-03-15 23:16:01.287056 https://xiaomishidai.fang.com/
Logger:2020-03-15 23:16:01.637117 https://youshanmeidi0595.fang.com/
Logger:2020-03-15 23:16:02.082924 https://zuoanyingjun.fang.com/
Logger:2020-03-15 23:16:04.474445 https://xiangbinguoji.fang.com/
Logger:2020-03-15 23:16:04.821543 https://169002.fang.com/
Logger:2020-03-15 23:16:08.650693 https://qz.newhouse.fang.com/house/s/b911/
Logger:2020-03-15 23:16:10.846124 https://yujingwanygc0595.fang.com/
Logger:2020-03-15 23:16:11.183905 https://haiwanguangchangxinmeiju.fang.com/
Logger:2020-03-15 23:16:13.848896 https://huaqiaochengjl.fang.com/
Logger:2020-03-15 23:16:14.459804 https://xingjinhaoyuan.fang.com/
Logger:2020-03-15 23:16:16.588785 https://jiayufuyz.fang.com/
Logger:2020-03-15 23:16:16.949934 https://lianjieshanshuiyuecheng.fang.com/
Logger:2020-03-15 23:16:17.276190 https://guofengjlsm.fang.com/
Logger:2020-03-15 23:16:17.599327 https://axchabohuixuefuyihao.fang.com/
Logger:2020-03-15 23:16:18.041145 https://shanglinyuanay.fang.com/
Logger:2020-03-15 23:16:19.633572 https://dingshengtianxi.fang.com/
Logger:2020-03-15 23:16:20.167405 https://gaotiechengjj.fang.com/
Logger:2020-03-15 23:16:22.238168 https://yinheguangchangyg.fang.com/
Logger:2020-03-15 23:16:22.635041 https://xintiandimj.fang.com/
Logger:2020-03-15 23:16:23.000065 https://axyuekeyangguang.fang.com/
Logger:2020-03-15 23:16:25.406326 https://binjiangshoufu0595.fang.com/
Logger:2020-03-15 23:16:25.732492 https://guojichengmingfahuarun.fang.com/
Logger:2020-03-15 23:16:26.147346 https://yinlingguojizhongxin.fang.com/
Logger:2020-03-15 23:16:28.019291 https://huifengdi1cheng.fang.com/
Logger:2020-03-15 23:16:28.364368 https://xinxinluomajiayuannanan.fang.com/
Logger:2020-03-15 23:16:28.707797 https://chengxinshoufuzlry.fang.com/
Logger:2020-03-15 23:16:32.599025 https://qz.newhouse.fang.com/house/s/b912/
Logger:2020-03-15 23:16:34.437192 https://tianyueyihaoyuan.fang.com/
Logger:2020-03-15 23:16:35.739219 https://axshibangqingshuiwan.fang.com/
Logger:2020-03-15 23:16:38.379405 https://axbl.fang.com/
Logger:2020-03-15 23:16:38.765950 https://donghuajingdianlb.fang.com/
Logger:2020-03-15 23:16:39.117996 https://shijixingchengha.fang.com/
Logger:2020-03-15 23:16:39.413208 https://xinyihaoyuan.fang.com/
Logger:2020-03-15 23:16:39.711041 https://qkongjianhrd.fang.com/
Logger:2020-03-15 23:16:42.282004 https://wenlingongguan0595.fang.com/
Logger:2020-03-15 23:16:42.624652 https://jiulonggongguankf.fang.com/
Logger:2020-03-15 23:16:42.934998 https://caifuguangchang0595.fang.com/
Logger:2020-03-15 23:16:43.272131 https://haogongguan.fang.com/
Logger:2020-03-15 23:16:45.447764 https://quangang.newhouse.fang.com/house/2234267196.htm
Logger:2020-03-15 23:16:45.750011 https://jiaxianglingyu.fang.com/
Logger:2020-03-15 23:16:46.093088 https://shanshuihuayuancheng.fang.com/
Logger:2020-03-15 23:16:46.419153 https://axshijihaoting.fang.com/
Logger:2020-03-15 23:16:48.312354 https://baoshannanxigu.fang.com/
Logger:2020-03-15 23:16:48.776694 https://taoranjujlxz2.fang.com/
Logger:2020-03-15 23:16:49.117768 https://jialongshangdu.fang.com/
Logger:2020-03-15 23:16:49.527705 https://longenshangcheng.fang.com/
Logger:2020-03-15 23:16:50.101675 https://axlongwanshengshi.fang.com/
Logger:2020-03-15 23:16:53.830001 https://qz.newhouse.fang.com/house/s/b913/
Logger:2020-03-15 23:16:54.145833 https://yujingyuanbj.fang.com/
Logger:2020-03-15 23:16:54.492913 https://baolongchengshiguangchangyc.fang.com/
Logger:2020-03-15 23:16:54.883448 https://donghaidashass.fang.com/
Logger:2020-03-15 23:16:55.226568 https://baishengyuan0595.fang.com/
Logger:2020-03-15 23:16:55.572610 https://axhenghewanmei.fang.com/
Logger:2020-03-15 23:16:55.944146 https://taobaocheng.fang.com/
Logger:2020-03-15 23:16:58.678208 https://axjinxiujiayuan.fang.com/
Logger:2020-03-15 23:16:58.996940 https://kyssgc0595.fang.com/
Logger:2020-03-15 23:17:00.899738 https://yangguangchengshihuayuanha.fang.com/
Logger:2020-03-15 23:17:01.239803 https://yujiangshufunanan.fang.com/
Logger:2020-03-15 23:17:01.616017 https://fbxintiandi2.fang.com/
Logger:2020-03-15 23:17:01.964025 https://axhongqiaosijigongyuan.fang.com/
Logger:2020-03-15 23:17:04.015812 https://yongchengjinrongdasha.fang.com/
Logger:2020-03-15 23:17:05.767151 https://hailianlijing.fang.com/
Logger:2020-03-15 23:17:07.493564 https://xihuahuayuanchengnanan.fang.com/
Logger:2020-03-15 23:17:09.602819 https://axdexinhuayuan.fang.com/
Logger:2020-03-15 23:17:10.015776 https://zhongnantianyue.fang.com/
Logger:2020-03-15 23:17:11.708521 https://jinyubinjingjjwk0595.fang.com/
Logger:2020-03-15 23:17:12.099532 https://hengdahuafuqzha.fang.com/
Logger:2020-03-15 23:17:13.307786 https://yongjingwanzj0595.fang.com/
Logger:2020-03-15 23:17:16.915512 https://qz.newhouse.fang.com/house/s/b914/
Logger:2020-03-15 23:17:18.512925 https://jingyuanhezhu.fang.com/
Logger:2020-03-15 23:17:18.907806 https://pxwdgc.fang.com/
Logger:2020-03-15 23:17:20.582249 https://yujiangdijingyueliangwanbx.fang.com/
Logger:2020-03-15 23:17:23.830401 https://binhaixincheng0595.fang.com/
Logger:2020-03-15 23:17:24.190403 https://tianyuzj.fang.com/
Logger:2020-03-15 23:17:24.611946 https://169022.fang.com/
Logger:2020-03-15 23:17:24.958540 https://feiligongyuanygc.fang.com/
Logger:2020-03-15 23:17:25.306609 https://taoyuanshanzhuang0595.fang.com/
Logger:2020-03-15 23:17:27.872806 https://shijigongguanzj.fang.com/
Logger:2020-03-15 23:17:28.318618 https://cuicantianxinasm.fang.com/
Logger:2020-03-15 23:17:30.474179 https://binhaiyujingchengna.fang.com/
Logger:2020-03-15 23:17:32.797216 https://biguiyuanyc0595.fang.com/
Logger:2020-03-15 23:17:33.108347 https://zhongxinchengzw.fang.com/
Logger:2020-03-15 23:17:33.543224 https://hahuaerguoji.fang.com/
Logger:2020-03-15 23:17:33.862330 https://donghuyuechengzh.fang.com/
Logger:2020-03-15 23:17:34.174405 https://feiligongguandtygc.fang.com/
Logger:2020-03-15 23:17:34.524981 https://huangjinhaianzj.fang.com/
Logger:2020-03-15 23:17:35.011690 https://xijiangyuebgy0595.fang.com/
Logger:2020-03-15 23:17:35.338824 https://yongjinhefulgws.fang.com/
Logger:2020-03-15 23:17:35.665412 https://yuejingfuzz.fang.com/
Logger:2020-03-15 23:17:39.522844 https://qz.newhouse.fang.com/house/s/b915/
Logger:2020-03-15 23:17:39.937067 https://lijingxincheng0595.fang.com/
Logger:2020-03-15 23:17:40.491597 https://taiheguangchang0595.fang.com/
Logger:2020-03-15 23:17:42.947681 https://longhuachengxj.fang.com/
Logger:2020-03-15 23:17:43.278758 https://pingguogongyuan.fang.com/
Logger:2020-03-15 23:17:43.706614 https://biguiyuannanan.fang.com/
Logger:2020-03-15 23:17:44.073456 https://longxihuacheng.fang.com/
Logger:2020-03-15 23:17:44.409566 https://mingyajuza.fang.com/
Logger:2020-03-15 23:17:44.823459 https://sijilijingzj.fang.com/
Logger:2020-03-15 23:17:45.183504 https://axyufumingzhu.fang.com/
Logger:2020-03-15 23:17:47.021687 https://cuicanyihao.fang.com/
Logger:2020-03-15 23:17:48.004358 https://keshanoujingdiyuan.fang.com/
Logger:2020-03-15 23:17:48.397304 https://boyuefulc.fang.com/
Logger:2020-03-15 23:17:48.754351 https://haxianghaoxincheng.fang.com/
Logger:2020-03-15 23:17:51.626636 https://julongjunyueshanzhuang.fang.com/
Logger:2020-03-15 23:17:54.021731 https://longhuguanchen.fang.com/
Logger:2020-03-15 23:17:54.472970 https://taiheguangchangss.fang.com/
Logger:2020-03-15 23:17:54.811070 https://feicuiwanyl.fang.com/
Logger:2020-03-15 23:17:55.179323 https://jinlongchengjj.fang.com/
Logger:2020-03-15 23:17:55.527944 https://lanhujun0595.fang.com/
Logger:2020-03-15 23:17:57.407512 https://fulinguoji.fang.com/
Logger:2020-03-15 23:18:00.687400 https://qz.newhouse.fang.com/house/s/b916/
Logger:2020-03-15 23:18:01.115473 https://xingfuwanss.fang.com/
Logger:2020-03-15 23:18:04.107957 https://meiyulanshan.fang.com/
Logger:2020-03-15 23:18:04.512033 https://junyuewanlf.fang.com/
Logger:2020-03-15 23:18:04.875061 https://lanjunguoji0595.fang.com/
Logger:2020-03-15 23:18:05.288006 https://axsanyuanshangcheng.fang.com/
Logger:2020-03-15 23:18:05.577184 https://axlanxiguoji.fang.com/
Logger:2020-03-15 23:18:07.834693 https://huguangshanshe0595.fang.com/
Logger:2020-03-15 23:18:09.280984 https://fuguishijia2.fang.com/
Logger:2020-03-15 23:18:12.392699 https://wanxingchengshiguangchangna.fang.com/
Logger:2020-03-15 23:18:12.735889 https://chgjgjdmzc.fang.com/
Logger:2020-03-15 23:18:13.149440 https://daduhuirb.fang.com/
Logger:2020-03-15 23:18:15.938681 https://huayuanchenghc.fang.com/
Logger:2020-03-15 23:18:16.323695 https://guojichengjx.fang.com/
Logger:2020-03-15 23:18:16.676793 https://hongshengmingdi.fang.com/
Logger:2020-03-15 23:18:17.083701 https://blcsgcyc0595.fang.com/
Logger:2020-03-15 23:18:20.067931 https://fuancaifuyihao.fang.com/
Logger:2020-03-15 23:18:20.619032 https://yujingtianxiassbh.fang.com/
Logger:2020-03-15 23:18:23.233377 https://sshongweishoufu.fang.com/
Logger:2020-03-15 23:18:23.616910 https://yijinyuan0595.fang.com/
Logger:2020-03-15 23:18:23.950147 https://axlonghuchuntian.fang.com/
Logger:2020-03-15 23:18:27.715391 https://qz.newhouse.fang.com/house/s/b917/
Logger:2020-03-15 23:18:28.099383 https://shangduhuating.fang.com/
Logger:2020-03-15 23:18:28.508250 https://dhbdpsyh.fang.com/
Logger:2020-03-15 23:18:30.082467 https://xinlishuitoudibowan.fang.com/
Logger:2020-03-15 23:18:30.661900 https://wuyueguangchangjjxc.fang.com/
Logger:2020-03-15 23:18:31.041439 https://sijilanwanld.fang.com/
Logger:2020-03-15 23:18:31.431919 https://lujingshanzhuangzh.fang.com/
Logger:2020-03-15 23:18:31.774926 https://sskaixuanmingmen.fang.com/
Logger:2020-03-15 23:18:34.267404 https://xinxinshuiandijing.fang.com/
Logger:2020-03-15 23:18:34.631430 https://axwanchengyihao.fang.com/
Logger:2020-03-15 23:18:35.032039 https://jjbyxq.fang.com/
Logger:2020-03-15 23:18:35.409036 https://zhongjunshangcheng.fang.com/
Logger:2020-03-15 23:18:35.735246 https://aileyufu.fang.com/
Logger:2020-03-15 23:18:37.683453 https://wanxiangxiangzhiwan.fang.com/
Logger:2020-03-15 23:18:39.720238 https://kelagongguanwd.fang.com/
Logger:2020-03-15 23:18:40.187294 https://longchengshengshi.fang.com/
Logger:2020-03-15 23:18:40.786747 https://jdnanyangguoji.fang.com/
Logger:2020-03-15 23:18:41.215565 https://baoyetoujia.fang.com/
Logger:2020-03-15 23:18:43.157984 https://gongyuanyihaoch.fang.com/
Logger:2020-03-15 23:18:44.384138 https://tianchenwanby.fang.com/
Logger:2020-03-15 23:18:44.728517 https://taoyuanhuatingyc.fang.com/
Logger:2020-03-15 23:18:48.563452 https://qz.newhouse.fang.com/house/s/b918/
Logger:2020-03-15 23:18:49.439522 https://yongchangzhuangyuandina.fang.com/
Logger:2020-03-15 23:18:49.746725 https://haishangyintanyl.fang.com/
Logger:2020-03-15 23:18:51.724873 https://nanantywlc.fang.com/
Logger:2020-03-15 23:18:52.094903 https://fuguishijiawj.fang.com/
Logger:2020-03-15 23:18:52.564620 https://guojixinchengqn.fang.com/
Logger:2020-03-15 23:18:54.851781 https://guojichengyf.fang.com/
Logger:2020-03-15 23:18:57.761268 https://hepingguangchang0595.fang.com/
Logger:2020-03-15 23:18:58.160205 https://diyichengmn.fang.com/
Logger:2020-03-15 23:18:59.167851 https://quangang.newhouse.fang.com/house/2234267202.htm
Logger:2020-03-15 23:18:59.470333 https://hongshanfudd.fang.com/
Logger:2020-03-15 23:19:01.362864 https://chuangliyuecheng.fang.com/
Logger:2020-03-15 23:19:04.217660 https://lanwanwuhaoyl.fang.com/
Logger:2020-03-15 23:19:04.634475 https://yschengshihuayuan.fang.com/
Logger:2020-03-15 23:19:07.661100 https://milanguangchangbd0595.fang.com/
Logger:2020-03-15 23:19:08.081549 https://pikeaolinyangguang.fang.com/
Logger:2020-03-15 23:19:08.428504 https://junyuejiangshan.fang.com/
Logger:2020-03-15 23:19:08.861344 https://xintiandiyz.fang.com/
Logger:2020-03-15 23:19:09.164558 https://wenquandujiaqutm.fang.com/
Logger:2020-03-15 23:19:11.364646 https://huigangxinchengha.fang.com/
Logger:2020-03-15 23:19:11.694819 https://jinxiujiayuanha.fang.com/
Logger:2020-03-15 23:19:15.060062 https://qz.newhouse.fang.com/house/s/b919/
Logger:2020-03-15 23:19:15.417169 https://shililanshan0595.fang.com/
Logger:2020-03-15 23:19:17.610901 https://anxiwanxinglongshanshuiwan.fang.com/
Logger:2020-03-15 23:19:17.994511 https://hanlinfudiqs0595.fang.com/
Logger:2020-03-15 23:19:18.444525 https://nachuangliyuewan.fang.com/
Logger:2020-03-15 23:19:19.882322 https://jinjiang.newhouse.fang.com/house/2237155026.htm
Logger:2020-03-15 23:19:20.368021 https://wanhongyihaohg.fang.com/
Logger:2020-03-15 23:19:20.727140 https://binjiangfumomadd.fang.com/
Logger:2020-03-15 23:19:22.929644 https://shengshimini.fang.com/
Logger:2020-03-15 23:19:23.257731 https://fuyuanju0595.fang.com/
Logger:2020-03-15 23:19:25.327220 https://jinwangshoufu.fang.com/
Logger:2020-03-15 23:19:25.725536 https://quanbeizhongyangcheng.fang.com/
Logger:2020-03-15 23:19:26.124876 https://guojiguangchanghx.fang.com/
Logger:2020-03-15 23:19:27.910363 https://nanan.newhouse.fang.com/house/2223250702.htm
Logger:2020-03-15 23:19:30.076141 https://huian.newhouse.fang.com/house/2225190208.htm
Logger:2020-03-15 23:19:30.517962 https://meijingjiayuanzjn.fang.com/
Logger:2020-03-15 23:19:32.514393 https://huian.newhouse.fang.com/house/2225190226.htm
Logger:2020-03-15 23:19:35.239510 https://tianxinggehjgj.fang.com/
Logger:2020-03-15 23:19:38.195524 https://lizhishifengnanan.fang.com/
Logger:2020-03-15 23:19:38.491769 https://lswpyj.fang.com/
Logger:2020-03-15 23:19:40.925049 https://xinjingwanhongfa.fang.com/
Logger:2020-03-15 23:19:44.675554 https://qz.newhouse.fang.com/house/s/b920/
Logger:2020-03-15 23:19:46.196992 https://jinjiang.newhouse.fang.com/house/2237155032.htm
Logger:2020-03-15 23:19:46.512113 https://zaishengziyuanchanyeyuannanan.fang.com/
Logger:2020-03-15 23:19:46.922059 https://zhonghaoshijihaotingnanan.fang.com/
Logger:2020-03-15 23:19:47.243736 https://donglijlxz.fang.com/
Logger:2020-03-15 23:19:47.570941 https://wenhuaguangchangwx.fang.com/
Logger:2020-03-15 23:19:47.917981 https://bywdongfangxiaweiyi.fang.com/
Logger:2020-03-15 23:19:50.688145 https://hadxhy.fang.com/
Logger:2020-03-15 23:19:51.806255 https://quangang.newhouse.fang.com/house/2234267182.htm
Logger:2020-03-15 23:19:55.474407 https://shidaiguangchangts0595.fang.com/
Logger:2020-03-15 23:20:03.736055 https://axxuefumingcheng.fang.com/
Logger:2020-03-15 23:20:08.951416 https://shishi.newhouse.fang.com/house/2227197768.htm
Logger:2020-03-15 23:20:15.670738 https://liandajiayuanha.fang.com/
Logger:2020-03-15 23:20:15.994310 https://xinyicaifuguangchang.fang.com/
Logger:2020-03-15 23:20:18.950926 https://axdahualvzhou.fang.com/
Logger:2020-03-15 23:20:21.544158 https://axhaixiamincheng.fang.com/
Logger:2020-03-15 23:20:21.872852 https://caifujinlongcheng.fang.com/
Logger:2020-03-15 23:20:28.287747 https://jqshijijunyuan.fang.com/
Logger:2020-03-15 23:20:32.454572 https://fenyangguojiguangchang.fang.com/
Logger:2020-03-15 23:20:32.786675 https://axhongqiaobinjiangxincheng.fang.com/
Logger:2020-03-15 23:20:37.949280 https://axjinyulongwan.fang.com/
Logger:2020-03-15 23:20:46.111690 https://qz.newhouse.fang.com/house/s/b921/
Logger:2020-03-15 23:20:46.483330 https://nacyzyly.fang.com/
Logger:2020-03-15 23:20:49.085263 https://hajiaxinhuayuancheng.fang.com/
Logger:2020-03-15 23:20:51.583178 https://xufenghuayuangc.fang.com/
Logger:2020-03-15 23:20:52.079814 https://axdeyuanyihaogongguan.fang.com/
Logger:2020-03-15 23:20:52.388848 https://axfujiaguangchang.fang.com/
Logger:2020-03-15 23:20:56.565866 https://meiyulanshanjun.fang.com/
Logger:2020-03-15 23:20:57.012148 https://axdongchenglijing.fang.com/
Logger:2020-03-15 23:20:58.951762 https://shishi.newhouse.fang.com/house/2227197528.htm
Logger:2020-03-15 23:21:00.663804 https://bojinxinyu.fang.com/
Logger:2020-03-15 23:21:00.989462 https://jinqianyulongtingyc.fang.com/
Logger:2020-03-15 23:21:04.080453 https://linjiangjingdianyc.fang.com/
Logger:2020-03-15 23:21:04.638960 https://shengshijunhaoyongchun.fang.com/
Logger:2020-03-15 23:21:04.965127 https://yangguanghaotingyc.fang.com/
Logger:2020-03-15 23:21:08.365284 https://ruianzhongxinchengnanan.fang.com/
Logger:2020-03-15 23:21:08.834803 https://hatangchenglijing.fang.com/
Logger:2020-03-15 23:21:11.685726 https://axdahuasanjianghaoyuan.fang.com/
Logger:2020-03-15 23:21:14.723973 https://sanshengnanancheng.fang.com/
Logger:2020-03-15 23:21:17.393262 https://hameiyuan92.fang.com/
Logger:2020-03-15 23:21:17.710491 https://dibiaoguojiyc.fang.com/
Logger:2020-03-15 23:21:18.076789 https://axyuantaiwanchegnyihao.fang.com/
Logger:2020-03-15 23:21:21.391039 https://qz.newhouse.fang.com/house/s/b922/
Logger:2020-03-15 23:21:24.467962 https://axlongfengducheng.fang.com/
Logger:2020-03-15 23:21:26.855861 https://yongchun.newhouse.fang.com/house/2230207602.htm
Logger:2020-03-15 23:21:27.224479 https://axyujinhaoting.fang.com/
Logger:2020-03-15 23:21:30.134121 https://axzhongguochabohui.fang.com/
Logger:2020-03-15 23:21:30.564011 https://axhanlinyuan.fang.com/
Logger:2020-03-15 23:21:30.909020 https://lazxgc.fang.com/
Logger:2020-03-15 23:21:33.891058 https://shidaiguangchangnl.fang.com/
Logger:2020-03-15 23:21:40.898414 https://jzyfazhanzhongxin.fang.com/
Logger:2020-03-15 23:21:48.532067 https://axqingshuiyanwenquandujiashanzhuang.fang.com/
Logger:2020-03-15 23:21:54.355708 https://axlanximingzhu.fang.com/
Logger:2020-03-15 23:21:54.779569 https://axhuhuidasha.fang.com/
Logger:2020-03-15 23:21:57.854822 https://huafenghuangjiayushu.fang.com/
Logger:2020-03-15 23:21:58.373368 https://taoyuanmingzhuyc.fang.com/
Logger:2020-03-15 23:21:58.820467 https://axfengguantianxia.fang.com/
Logger:2020-03-15 23:21:59.112762 https://axdonghuajingdian.fang.com/
Logger:2020-03-15 23:21:59.677463 https://shidaiguangchangyz.fang.com/
Logger:2020-03-15 23:22:02.920808 https://ysjinsexincheng.fang.com/
Logger:2020-03-15 23:22:05.125857 https://axlongtengdasha.fang.com/
Logger:2020-03-15 23:22:06.888620 https://yuzhengzhiyeshidaiguangchang.fang.com/
Logger:2020-03-15 23:22:07.278512 https://axlongenbohuishangcheng.fang.com/
Logger:2020-03-15 23:22:11.151136 https://qz.newhouse.fang.com/house/s/b923/
Logger:2020-03-15 23:22:11.622441 https://yulongwanjjsm.fang.com/
Logger:2020-03-15 23:22:11.992535 https://wandaguangchangjj.fang.com/
Logger:2020-03-15 23:22:12.397406 https://baolongchengshiguangchangjj.fang.com/
Logger:2020-03-15 23:22:12.737544 https://shoufuyihaojjzl.fang.com/
Logger:2020-03-15 23:22:13.089569 https://zhongyangxuefubj.fang.com/
Logger:2020-03-15 23:22:13.439654 https://jingwanguojisy.fang.com/
Logger:2020-03-15 23:22:13.871149 https://yujingwanjj.fang.com/
Logger:2020-03-15 23:22:14.207446 https://ssshijijiayuan.fang.com/
Logger:2020-03-15 23:22:14.550968 https://ouzhouchengss.fang.com/
Logger:2020-03-15 23:22:14.837776 https://ssdongganghuayuan.fang.com/
Logger:2020-03-15 23:22:16.078457 https://ssshichengdiyuan.fang.com/
Logger:2020-03-15 23:22:16.386597 https://fujinghuayuanha.fang.com/
Logger:2020-03-15 23:22:20.122187 https://qz.newhouse.fang.com/house/s/b924/
Logger:2020-03-15 23:22:23.693459 https://qz.newhouse.fang.com/house/s/b925/
Logger:2020-03-15 23:22:27.205111 https://qz.newhouse.fang.com/house/s/b926/
