Logger:2020-03-16 14:42:54.772085 https://rudong.newhouse.fang.com/house/s/b91/
Logger:2020-03-16 14:42:56.143416 https://chenyuan2.fang.com/
Logger:2020-03-16 14:42:56.592280 https://biguiyuanrd2.fang.com/
Logger:2020-03-16 14:42:57.929710 https://shuianhuachengch2.fang.com/
Logger:2020-03-16 14:42:58.195926 https://haigangchengtr.fang.com/
Logger:2020-03-16 14:42:58.471189 https://feicuiguanlanxj.fang.com/
Logger:2020-03-16 14:42:58.815269 https://shuiyunmingju20513.fang.com/
Logger:2020-03-16 14:42:59.075572 https://nanjiaozhuangyuan.fang.com/
Logger:2020-03-16 14:43:03.317226 https://jinhulvyuan.fang.com/
Logger:2020-03-16 14:43:03.607481 https://shilijiangshanbgy.fang.com/
Logger:2020-03-16 14:43:03.958535 https://rudongxiyue.fang.com/
Logger:2020-03-16 14:43:04.228787 https://haiyiguoji0513.fang.com/
Logger:2020-03-16 14:43:04.539954 https://xingyuhuafuyr0513.fang.com/
Logger:2020-03-16 14:43:07.158948 https://changheshidai2.fang.com/
Logger:2020-03-16 14:43:07.536973 https://xiangshenghanlinfu.fang.com/
Logger:2020-03-16 14:43:08.817552 https://yuelanwanhx.fang.com/
Logger:2020-03-16 14:43:09.142642 https://jinxiufudihtr.fang.com/
Logger:2020-03-16 14:43:09.421926 https://ganghuiguojilingyu.fang.com/
Logger:2020-03-16 14:43:10.745354 https://qilinfurr.fang.com/
Logger:2020-03-16 14:43:11.026602 https://deheyujing.fang.com/villa/
Logger:2020-03-16 14:43:11.263967 https://oushangzhongxincheng.fang.com/
Logger:2020-03-16 14:43:14.943168 https://rudong.newhouse.fang.com/house/s/b92/
Logger:2020-03-16 14:43:15.173553 https://mingmenshijiaqsw.fang.com/
Logger:2020-03-16 14:43:15.569448 https://xintiandisj.fang.com/
Logger:2020-03-16 14:43:15.911537 https://lingxiuchengpf2.fang.com/
Logger:2020-03-16 14:43:16.216790 https://zhongtianrunyuan0513.fang.com/
Logger:2020-03-16 14:43:17.593099 https://zhongyangguangchang20513.fang.com/
Logger:2020-03-16 14:43:17.936118 https://yinhewanms.fang.com/
Logger:2020-03-16 14:43:18.259294 https://fengrunjiayuan0513.fang.com/
Logger:2020-03-16 14:43:18.556495 https://zhongtianguangchang0513.fang.com/
Logger:2020-03-16 14:43:19.809149 https://zhonghuiwenfenggwgc.fang.com/
Logger:2020-03-16 14:43:20.097403 https://deheyujing2.fang.com/
Logger:2020-03-16 14:43:22.515866 https://shangchengsyzx.fang.com/
Logger:2020-03-16 14:43:26.122266 https://rudong.newhouse.fang.com/house/s/b93/
Logger:2020-03-16 14:43:29.684761 https://rudong.newhouse.fang.com/house/s/b94/
Logger:2020-03-16 14:43:33.104575 https://rudong.newhouse.fang.com/house/s/b95/
