Logger:2020-03-16 14:33:45.368827 https://rugao.newhouse.fang.com/house/s/b91/
Logger:2020-03-16 14:33:45.623146 https://lyhyh0513.fang.com/
Logger:2020-03-16 14:33:45.917359 https://xingyuhuafurg.fang.com/
Logger:2020-03-16 14:33:46.187638 https://yongxinchangjiangfu.fang.com/
Logger:2020-03-16 14:33:46.521784 https://147256.fang.com/
Logger:2020-03-16 14:33:46.821939 https://zhongfangjindichengbang.fang.com/
Logger:2020-03-16 14:33:47.105181 https://shuihuiluyuanrg.fang.com/
Logger:2020-03-16 14:33:47.381505 https://yujinxinhechengrg.fang.com/
Logger:2020-03-16 14:33:47.722573 https://ruyizhichengyy.fang.com/
Logger:2020-03-16 14:33:48.052647 https://yxxyf0513.fang.com/
Logger:2020-03-16 14:33:48.297032 https://zhongnanjiangbinyue.fang.com/
Logger:2020-03-16 14:33:48.615142 https://zhongnaxiyue.fang.com/
Logger:2020-03-16 14:33:48.898385 https://shuxiangyuan0513.fang.com/
Logger:2020-03-16 14:33:49.230495 https://rgjyzyc.fang.com/
Logger:2020-03-16 14:33:49.516731 https://binjiangshuguangzhixing.fang.com/
Logger:2020-03-16 14:33:49.793995 https://jikeshijichengrg.fang.com/
Logger:2020-03-16 14:33:50.047311 https://ruyihuafu.fang.com/
Logger:2020-03-16 14:33:50.391476 https://zhongjunyongjingwan.fang.com/
Logger:2020-03-16 14:33:50.693624 https://languangyongjinyuan20513.fang.com/
Logger:2020-03-16 14:33:50.976825 https://helanxiaozhenrg.fang.com/
Logger:2020-03-16 14:33:51.267130 https://jiangzhongshijichengrg.fang.com/
Logger:2020-03-16 14:33:54.637033 https://rugao.newhouse.fang.com/house/s/b92/
Logger:2020-03-16 14:33:54.921274 https://wenyayuan0513.fang.com/
Logger:2020-03-16 14:33:55.193625 https://langshixihuafu.fang.com/
Logger:2020-03-16 14:33:55.464818 https://boshimingdild.fang.com/
Logger:2020-03-16 14:33:55.788977 https://zhongliangyihaoyuan0513.fang.com/
Logger:2020-03-16 14:33:56.078178 https://meihuagongguan.fang.com/
Logger:2020-03-16 14:33:56.309558 https://huipuxinshiji20513.fang.com/
Logger:2020-03-16 14:33:56.613744 https://liduhuafu0513.fang.com/
Logger:2020-03-16 14:33:56.955871 https://shanghaihuayuan30513.fang.com/
Logger:2020-03-16 14:33:57.211186 https://wanhaozhenpinrg.fang.com/
Logger:2020-03-16 14:33:59.754387 https://yixinhuayuan20513.fang.com/
Logger:2020-03-16 14:34:01.651268 https://sannongguojichengrg.fang.com/
Logger:2020-03-16 14:34:01.887637 https://shuijinghuayuan20513.fang.com/
Logger:2020-03-16 14:34:02.179854 https://147274.fang.com/
Logger:2020-03-16 14:34:02.470120 https://yulongwanrg.fang.com/
Logger:2020-03-16 14:34:02.775304 https://ruijinghuafu.fang.com/
Logger:2020-03-16 14:34:03.046536 https://donggaofu.fang.com/
Logger:2020-03-16 14:34:03.397654 https://zhongjiaomeiluchengrg.fang.com/
Logger:2020-03-16 14:34:03.734696 https://baishengyuan20513.fang.com/
Logger:2020-03-16 14:34:04.022936 https://jiangnanrunyuan0513.fang.com/
Logger:2020-03-16 14:34:04.374982 https://jinxinhuayuan20513.fang.com/
Logger:2020-03-16 14:34:08.312449 https://rugao.newhouse.fang.com/house/s/b93/
Logger:2020-03-16 14:34:08.576783 https://huafumingtingrg.fang.com/
Logger:2020-03-16 14:34:08.838042 https://rghaotianhuayuan.fang.com/
Logger:2020-03-16 14:34:11.546829 https://jianchengliyuan0513.fang.com/
Logger:2020-03-16 14:34:11.871927 https://jinshuiyuanrg.fang.com/
Logger:2020-03-16 14:34:12.156204 https://jiangchengguojirg.fang.com/
Logger:2020-03-16 14:34:12.454368 https://wuyaojiayuan.fang.com/
Logger:2020-03-16 14:34:12.740603 https://shengshijiayuan0513.fang.com/
Logger:2020-03-16 14:34:13.975300 https://hdhswns0513.fang.com/
Logger:2020-03-16 14:34:14.266521 https://lvdizhongshanbodi2.fang.com/
Logger:2020-03-16 14:34:14.553751 https://hurunjinyulanwan.fang.com/
Logger:2020-03-16 14:34:14.824068 https://jiulongxipan.fang.com/
Logger:2020-03-16 14:34:15.149159 https://rgshijitaoyuan.fang.com/
Logger:2020-03-16 14:34:17.532783 https://yuxianhuayuanrg.fang.com/
Logger:2020-03-16 14:34:19.329975 https://chunyingxian2.fang.com/
Logger:2020-03-16 14:34:19.621234 https://cuihuwanrg.fang.com/
Logger:2020-03-16 14:34:21.329625 https://panlongju0513.fang.com/
Logger:2020-03-16 14:34:21.616857 https://yuanshenglangyuan.fang.com/
Logger:2020-03-16 14:34:21.882148 https://xihushuyuan.fang.com/
Logger:2020-03-16 14:34:24.812351 https://aotixinchengrg.fang.com/
Logger:2020-03-16 14:34:25.947273 https://jixiangyuan0513.fang.com/
Logger:2020-03-16 14:34:29.268431 https://rugao.newhouse.fang.com/house/s/b94/
Logger:2020-03-16 14:34:29.522708 https://jinghuajinshuihuatingrg.fang.com/
Logger:2020-03-16 14:34:29.814965 https://dingchangmingdi.fang.com/
Logger:2020-03-16 14:34:30.095213 https://jiuqiangxingfuwan.fang.com/
Logger:2020-03-16 14:34:30.421304 https://lanwanjingtianrg.fang.com/
Logger:2020-03-16 14:34:30.706541 https://runzejiayuan0513.fang.com/
Logger:2020-03-16 14:34:31.001788 https://jrxjy.fang.com/
Logger:2020-03-16 14:34:33.117123 https://minghaohefurg.fang.com/
Logger:2020-03-16 14:34:33.447211 https://jinshuitingyuan.fang.com/
Logger:2020-03-16 14:34:33.715536 https://weigexiushuitingrg.fang.com/
Logger:2020-03-16 14:34:34.059615 https://hongyuehuating20513.fang.com/
Logger:2020-03-16 14:34:37.311872 https://chaiwanruyiwan.fang.com/
Logger:2020-03-16 14:34:37.666945 https://wenhuahaoting0513.fang.com/
Logger:2020-03-16 14:34:40.297932 https://xuefuyajurg.fang.com/
Logger:2020-03-16 14:34:40.584117 https://shijitaoyuan0513.fang.com/
Logger:2020-03-16 14:34:40.845460 https://fuyuanyaju0513.fang.com/
Logger:2020-03-16 14:34:41.103726 https://huaanhaoting0513.fang.com/
Logger:2020-03-16 14:34:43.208097 https://dushihuatingrg.fang.com/
Logger:2020-03-16 14:34:45.372307 https://longyuanyueshuiyuan0513.fang.com/
Logger:2020-03-16 14:34:45.688505 https://rghszy.fang.com/
Logger:2020-03-16 14:34:45.968712 https://jinyahuafu.fang.com/
Logger:2020-03-16 14:34:49.644878 https://rugao.newhouse.fang.com/house/s/b95/
Logger:2020-03-16 14:34:49.852322 https://huaerdengfu.fang.com/
Logger:2020-03-16 14:34:50.244275 https://wanchengxintiandirg.fang.com/
Logger:2020-03-16 14:34:50.544509 https://linglongxuan.fang.com/
Logger:2020-03-16 14:34:50.804827 https://albbrgcyd.fang.com/
Logger:2020-03-16 14:34:51.113986 https://yuanshengyujingyuanrg.fang.com/
Logger:2020-03-16 14:34:51.415168 https://147270.fang.com/
Logger:2020-03-16 14:34:55.074353 https://rugao.newhouse.fang.com/house/s/b96/
Logger:2020-03-16 14:34:58.531106 https://rugao.newhouse.fang.com/house/s/b97/
Logger:2020-03-16 14:35:02.070637 https://rugao.newhouse.fang.com/house/s/b98/
