Logger:2020-03-16 10:06:21.702641 https://ruzhou.newhouse.fang.com/house/s/b91/
Logger:2020-03-16 10:06:22.312223 https://ruchengxiaoyuan.fang.com/?from=xflist_xfgg
Logger:2020-03-16 10:06:23.631866 https://ruzhouxinyuanwandaguangchang.fang.com/?from=xflist_xfgg
Logger:2020-03-16 10:06:23.949871 https://dongshanruyuan.fang.com/
Logger:2020-03-16 10:06:28.590435 https://wjjzf.fang.com/
Logger:2020-03-16 10:06:30.764017 https://ruzhoujianyegongyuanli.fang.com/
Logger:2020-03-16 10:06:32.936058 https://xinyuanwsgg.fang.com/
Logger:2020-03-16 10:06:33.212332 https://jianyeguiyuan0375.fang.com/
Logger:2020-03-16 10:06:33.533692 https://jsjtltdy.fang.com/
Logger:2020-03-16 10:06:34.044579 https://kaidejiuhaoyuan.fang.com/
Logger:2020-03-16 10:06:35.718935 https://lvzhouzijun.fang.com/
Logger:2020-03-16 10:06:36.055739 https://kdgjgc.fang.com/
Logger:2020-03-16 10:06:36.391588 https://wanjimingjia.fang.com/
Logger:2020-03-16 10:06:38.192197 https://gongyuanshoufu0375.fang.com/
Logger:2020-03-16 10:06:38.669395 https://jinyuhuafu0375.fang.com/
Logger:2020-03-16 10:06:38.944695 https://834255.fang.com/
Logger:2020-03-16 10:06:39.256049 https://ruzhoulongfu.fang.com/
Logger:2020-03-16 10:06:39.531721 https://yanggaungruiyuan.fang.com/
Logger:2020-03-16 10:06:39.827875 https://chyxs.fang.com/
Logger:2020-03-16 10:06:40.129698 https://lvzhouwangsongwenhuaguangchang.fang.com/
Logger:2020-03-16 10:06:40.676393 https://tianweijgy.fang.com/
Logger:2020-03-16 10:06:45.834413 https://ruzhou.newhouse.fang.com/house/s/b92/
Logger:2020-03-16 10:06:51.193010 https://qidehuafu.fang.com/
Logger:2020-03-16 10:06:51.550703 https://xifenglin.fang.com/
Logger:2020-03-16 10:06:51.847692 https://donghusongcheng.fang.com/2/
Logger:2020-03-16 10:06:52.146103 https://malsf.fang.com/
Logger:2020-03-16 10:06:53.604142 https://wenquanshuizhen.fang.com/
Logger:2020-03-16 10:06:53.875954 https://juchengjianguomen.fang.com/
Logger:2020-03-16 10:06:54.112094 https://jzcjty.fang.com/
Logger:2020-03-16 10:06:54.434080 https://mltxc.fang.com/
Logger:2020-03-16 10:06:54.719643 https://shengzhuangyuandonghu.fang.com/
Logger:2020-03-16 10:07:00.766719 https://jiangsyh.fang.com/
Logger:2020-03-16 10:07:01.070279 https://hejiayuan0375.fang.com/
Logger:2020-03-16 10:07:01.623948 https://minshengmeiluyuan.fang.com/
Logger:2020-03-16 10:07:01.927784 https://xinyuanshuianmingju.fang.com/
Logger:2020-03-16 10:07:02.209478 https://changruigydyh.fang.com/
Logger:2020-03-16 10:07:02.510407 https://jsbhl.fang.com/
Logger:2020-03-16 10:07:02.790331 https://ruzhoudashidai.fang.com/
Logger:2020-03-16 10:07:03.042667 https://tianzewan0375.fang.com/
Logger:2020-03-16 10:07:03.299017 https://shengxihuayuan.fang.com/
Logger:2020-03-16 10:07:08.460466 https://jsyhlgf.fang.com/2/
Logger:2020-03-16 10:07:08.739744 https://shengzhuangyuanzhongyuan.fang.com/
Logger:2020-03-16 10:07:13.732262 https://ruzhou.newhouse.fang.com/house/s/b93/
Logger:2020-03-16 10:07:18.450088 https://kxplws.fang.com/
Logger:2020-03-16 10:07:18.699686 https://lzfhc.fang.com/
Logger:2020-03-16 10:07:19.074938 https://chunheguomao2.fang.com/
Logger:2020-03-16 10:07:19.433910 https://baolongshozuo.fang.com/
Logger:2020-03-16 10:07:19.700003 https://ruilongbanshanbandao.fang.com/
Logger:2020-03-16 10:07:23.555265 https://ruzhou.newhouse.fang.com/house/s/b94/
Logger:2020-03-16 10:07:27.302490 https://ruzhou.newhouse.fang.com/house/s/b95/
Logger:2020-03-16 10:07:31.015976 https://ruzhou.newhouse.fang.com/house/s/b96/
