Logger:2020-03-16 18:29:43.900665 https://rz.newhouse.fang.com/house/s/b91/
Logger:2020-03-16 18:29:44.212512 https://dongzeyuan0633.fang.com/
Logger:2020-03-16 18:29:44.522684 https://jimeijingzhijk.fang.com/
Logger:2020-03-16 18:29:44.845818 https://kcsxxc.fang.com/
Logger:2020-03-16 18:29:45.182111 https://huatingys.fang.com/
Logger:2020-03-16 18:29:45.482837 https://yuehuwanat.fang.com/
Logger:2020-03-16 18:29:45.769080 https://xingyeccsj.fang.com/
Logger:2020-03-16 18:29:46.133633 https://jinxiuwenhua0633.fang.com/
Logger:2020-03-16 18:29:46.640267 https://jiangshanyubgy.fang.com/
Logger:2020-03-16 18:29:46.930490 https://yihejiayuangx.fang.com/
Logger:2020-03-16 18:29:47.228332 https://feicuitaoyuanbgy.fang.com/
Logger:2020-03-16 18:29:48.934974 https://beihaijinhua.fang.com/
Logger:2020-03-16 18:29:49.274706 https://xinchengli.fang.com/
Logger:2020-03-16 18:29:49.584541 https://shangjingxincheng.fang.com/
Logger:2020-03-16 18:29:49.924706 https://jshybslh.fang.com/
Logger:2020-03-16 18:29:52.761311 https://jinhualingyu.fang.com/
Logger:2020-03-16 18:29:55.426949 https://haiyuefu0633.fang.com/
Logger:2020-03-16 18:29:55.731163 https://feicuichengat.fang.com/
Logger:2020-03-16 18:29:57.242430 https://jinxiuhuafudr.fang.com/
Logger:2020-03-16 18:29:57.652831 https://jinxiulanyuandr.fang.com/
Logger:2020-03-16 18:29:57.926089 https://hupanmingdixy.fang.com/
Logger:2020-03-16 18:30:07.804700 https://rz.newhouse.fang.com/house/s/b92/
Logger:2020-03-16 18:30:14.524529 https://wcxf.fang.com/
Logger:2020-03-16 18:30:14.876629 https://dalianhuayuanxy.fang.com/5/
Logger:2020-03-16 18:30:15.161337 https://youranjuat.fang.com/
Logger:2020-03-16 18:30:15.457491 https://kailaihuayuanxy.fang.com/
Logger:2020-03-16 18:30:15.742718 https://yuanshanrongshu.fang.com/
Logger:2020-03-16 18:30:16.054852 https://shanganglongyue.fang.com/
Logger:2020-03-16 18:30:16.645510 https://yihaoyuangf.fang.com/
Logger:2020-03-16 18:30:16.927462 https://balimingcheng.fang.com/
Logger:2020-03-16 18:30:17.218881 https://donghaianyihao.fang.com/
Logger:2020-03-16 18:30:20.547164 https://antaiweilaicheng.fang.com/
Logger:2020-03-16 18:30:20.883277 https://shengshihuafuxy.fang.com/
Logger:2020-03-16 18:30:37.576151 https://hanlinfudixy.fang.com/
Logger:2020-03-16 18:30:37.844421 https://shidaiguangchangjh0633.fang.com/
Logger:2020-03-16 18:30:38.119943 https://antaimingzhu.fang.com/
Logger:2020-03-16 18:30:38.478980 https://drtianyuefubgy.fang.com/
Logger:2020-03-16 18:30:38.774231 https://huaxinxincheng0633.fang.com/
Logger:2020-03-16 18:30:39.018235 https://donganshijialh.fang.com/
Logger:2020-03-16 18:30:43.790166 https://chengshiyinxiangct.fang.com/
Logger:2020-03-16 18:30:44.112304 https://antaihuafu0633.fang.com/
Logger:2020-03-16 18:30:44.414590 https://yuanzhu0633.fang.com/
Logger:2020-03-16 18:30:48.156189 https://rz.newhouse.fang.com/house/s/b93/
Logger:2020-03-16 18:30:48.430426 https://rmhqf.fang.com/
Logger:2020-03-16 18:30:48.681792 https://helanxincheng.fang.com/
Logger:2020-03-16 18:30:52.195639 https://youshanmeijuat.fang.com/
Logger:2020-03-16 18:30:52.450129 https://laidunxiaozhen.fang.com/
Logger:2020-03-16 18:30:52.724395 https://zhongyanglvcheng.fang.com/
Logger:2020-03-16 18:30:53.003336 https://lixiangzhichengrglc.fang.com/
Logger:2020-03-16 18:30:53.308552 https://gaoxinyayuanxy.fang.com/
Logger:2020-03-16 18:30:53.598725 https://shuxiangtanyue.fang.com/
Logger:2020-03-16 18:30:59.116511 https://shanshuilongting.fang.com/
Logger:2020-03-16 18:30:59.445179 https://jinyuhuating0633.fang.com/
Logger:2020-03-16 18:30:59.723435 https://xldgc.fang.com/
Logger:2020-03-16 18:31:04.793485 https://shanyuluolan.fang.com/
Logger:2020-03-16 18:31:05.078713 https://zhongguobeichaxiaozhen.fang.com/
Logger:2020-03-16 18:31:05.319140 https://flcgg.fang.com/
Logger:2020-03-16 18:31:05.639213 https://bailuwan0633.fang.com/
Logger:2020-03-16 18:31:08.135656 https://jinganghuafu0633.fang.com/
Logger:2020-03-16 18:31:08.424396 https://taihewanbangcheng.fang.com/
Logger:2020-03-16 18:31:08.771979 https://hugangzhongxin.fang.com/
Logger:2020-03-16 18:31:09.139992 https://jiahehuayuandr.fang.com/
Logger:2020-03-16 18:31:09.413261 https://taiyanggongguanxy.fang.com/
Logger:2020-03-16 18:31:13.513823 https://rz.newhouse.fang.com/house/s/b94/
Logger:2020-03-16 18:31:13.805584 https://yuejuanyipin.fang.com/
Logger:2020-03-16 18:31:14.121283 https://guihuayuanlq.fang.com/
Logger:2020-03-16 18:31:14.514209 https://datanghuafu.fang.com/
Logger:2020-03-16 18:31:14.849820 https://shuxianghepancx.fang.com/
Logger:2020-03-16 18:31:15.212848 https://jinyulanting0633.fang.com/
Logger:2020-03-16 18:31:15.535983 https://atgjgc.fang.com/
Logger:2020-03-16 18:31:20.747021 https://yihaixincheng.fang.com/
Logger:2020-03-16 18:31:21.163998 https://haiyunguangchang0633.fang.com/
Logger:2020-03-16 18:31:21.612797 https://yushengpuyuan.fang.com/
Logger:2020-03-16 18:31:21.996340 https://yihaiyijia.fang.com/
Logger:2020-03-16 18:31:22.402810 https://huashangguoji20633.fang.com/
Logger:2020-03-16 18:31:22.715312 https://aiqingfanghuali.fang.com/
Logger:2020-03-16 18:31:23.039003 https://panlongwan0633.fang.com/
Logger:2020-03-16 18:31:23.354160 https://jiaoshouhuayuan0633.fang.com/
Logger:2020-03-16 18:31:23.738132 https://wenhuayuan0633.fang.com/
Logger:2020-03-16 18:31:24.098191 https://jinhuajinyuan.fang.com/
Logger:2020-03-16 18:31:24.412362 https://dongchenghuafu0633.fang.com/
Logger:2020-03-16 18:31:24.713556 https://riguangyaju.fang.com/
Logger:2020-03-16 18:31:27.304376 https://huadiyuanjing.fang.com/
Logger:2020-03-16 18:31:27.697324 https://jinshafeicuigongguanbgy.fang.com/
Logger:2020-03-16 18:31:31.685682 https://rz.newhouse.fang.com/house/s/b95/
Logger:2020-03-16 18:31:31.934016 https://shangdongqu20633.fang.com/
Logger:2020-03-16 18:31:32.319016 https://haitianyishuat.fang.com/
Logger:2020-03-16 18:31:33.504309 https://beiliguangchangra.fang.com/
Logger:2020-03-16 18:31:36.727094 https://lanhaixinchengat.fang.com/
Logger:2020-03-16 18:31:37.067173 https://txharf.fang.com/
Logger:2020-03-16 18:31:37.414244 https://ruifuyuanys.fang.com/
Logger:2020-03-16 18:31:39.744896 https://yingshiguangchangsft.fang.com/
Logger:2020-03-16 18:31:43.261719 https://shenghejiayuanshengmeiju.fang.com/2/
Logger:2020-03-16 18:31:44.660415 https://jingxiumeiquanxiaozhen.fang.com/
Logger:2020-03-16 18:31:45.012448 https://haiquanshujh.fang.com/
Logger:2020-03-16 18:31:48.763377 https://rz.newhouse.fang.com/house/s/b96/
Logger:2020-03-16 18:31:52.531106 https://rz.newhouse.fang.com/house/s/b97/
Logger:2020-03-16 18:31:56.090214 https://rz.newhouse.fang.com/house/s/b98/
