Logger:2020-03-16 10:03:58.434260 https://sanmenxia.newhouse.fang.com/house/s/b91/
Logger:2020-03-16 10:03:58.709009 https://jianyecheng0398.fang.com/
Logger:2020-03-16 10:03:58.989597 https://xinqusenlinbandaojy.fang.com/
Logger:2020-03-16 10:03:59.291690 https://jyzf.fang.com/
Logger:2020-03-16 10:03:59.635214 https://jinyuehuating0398.fang.com/
Logger:2020-03-16 10:03:59.934863 https://mingzhujiayuan0398.fang.com/
Logger:2020-03-16 10:04:00.578793 https://shuxiangyuanbf.fang.com/
Logger:2020-03-16 10:04:05.099608 https://jqgfy.fang.com/
Logger:2020-03-16 10:04:05.612437 https://hongruncheng.fang.com/
Logger:2020-03-16 10:04:09.811034 https://jytq.fang.com/
Logger:2020-03-16 10:04:10.396454 https://shengtangjiangshanyue2.fang.com/
Logger:2020-03-16 10:04:10.687627 https://jianyeguiyuan0398.fang.com/
Logger:2020-03-16 10:04:11.079249 https://binhewanzl.fang.com/
Logger:2020-03-16 10:04:11.385449 https://luxiangshanchajun.fang.com/
Logger:2020-03-16 10:04:15.681617 https://junjingyuyuan.fang.com/
Logger:2020-03-16 10:04:15.962291 https://shangheyuan0398.fang.com/
Logger:2020-03-16 10:04:17.935410 https://yindimanbu.fang.com/
Logger:2020-03-16 10:04:18.205412 https://yihaochengbang0398.fang.com/
Logger:2020-03-16 10:04:19.536781 https://bofengjiuxitai.fang.com/
Logger:2020-03-16 10:04:20.052602 https://lingbaojyyhcb.fang.com/
Logger:2020-03-16 10:04:23.466867 https://tehyx.fang.com/
Logger:2020-03-16 10:04:27.290594 https://sanmenxia.newhouse.fang.com/house/s/b92/
Logger:2020-03-16 10:04:27.557769 https://haiyangshijicheng.fang.com/
Logger:2020-03-16 10:04:30.125214 https://hexiyuan0398.fang.com/
Logger:2020-03-16 10:04:30.643283 https://bgywlc.fang.com/
Logger:2020-03-16 10:04:30.975452 https://bjyszf.fang.com/
Logger:2020-03-16 10:04:31.268114 https://bofengmingzuan.fang.com/
Logger:2020-03-16 10:04:31.702347 https://anheyuan0398.fang.com/
Logger:2020-03-16 10:04:31.999698 https://ruidehuafu.fang.com/
Logger:2020-03-16 10:04:32.334280 https://tianhechenghy.fang.com/
Logger:2020-03-16 10:04:32.631086 https://xiaoshangongguan.fang.com/
Logger:2020-03-16 10:04:38.120006 https://yangguangli0398.fang.com/
Logger:2020-03-16 10:04:38.401227 https://xtzyf.fang.com/
Logger:2020-03-16 10:04:38.758261 https://jyszslbd.fang.com/
Logger:2020-03-16 10:04:40.546260 https://shijiechenghf.fang.com/
Logger:2020-03-16 10:04:40.854134 https://zhonghaiguoji0398.fang.com/
Logger:2020-03-16 10:04:41.154384 https://chuntiancheng.fang.com/
Logger:2020-03-16 10:04:41.544545 https://gyswqg.fang.com/
Logger:2020-03-16 10:04:41.886154 https://anxxzfa.fang.com/
Logger:2020-03-16 10:04:42.132401 https://tianewan0398.fang.com/
Logger:2020-03-16 10:04:42.501962 https://zhongyanggongyuan0398.fang.com/
Logger:2020-03-16 10:04:45.094915 https://lianmengxincheng0398.fang.com/
Logger:2020-03-16 10:04:49.123370 https://sanmenxia.newhouse.fang.com/house/s/b93/
Logger:2020-03-16 10:04:53.160353 https://zhonghangshangdongfu.fang.com/
Logger:2020-03-16 10:04:56.176516 https://junjingfuyuan.fang.com/
Logger:2020-03-16 10:04:56.510027 https://hangkecheng.fang.com/
Logger:2020-03-16 10:04:56.777997 https://wbxil.fang.com/
Logger:2020-03-16 10:04:58.549974 https://jindunyuan0398.fang.com/
Logger:2020-03-16 10:04:58.835017 https://zlglyt.fang.com/
Logger:2020-03-16 10:04:59.136509 https://kelagongguan0398.fang.com/
Logger:2020-03-16 10:05:02.356029 https://tianeguojiguangchang.fang.com/
Logger:2020-03-16 10:05:07.033847 https://cmjy0398.fang.com/
Logger:2020-03-16 10:05:11.382406 https://jingkaihuating.fang.com/
Logger:2020-03-16 10:05:11.705978 https://jycsgc.fang.com/
Logger:2020-03-16 10:05:12.293165 https://hebinhuayuan0398.fang.com/
Logger:2020-03-16 10:05:16.035900 https://sanmenxia.newhouse.fang.com/house/s/b94/
Logger:2020-03-16 10:05:19.669137 https://sanmenxia.newhouse.fang.com/house/s/b95/
Logger:2020-03-16 10:05:24.886840 https://sanmenxia.newhouse.fang.com/house/s/b96/
