Logger:2020-03-15 23:29:48.662410 https://sanming.newhouse.fang.com/house/s/b91/
Logger:2020-03-15 23:29:48.978525 https://swbsjsm.fang.com/
Logger:2020-03-15 23:29:49.295756 https://youxitaihehongyusm.fang.com/
Logger:2020-03-15 23:29:49.710179 https://biguiyuan0598sm.fang.com/
Logger:2020-03-15 23:29:50.177952 https://zhongyangjiayuansm.fang.com/
Logger:2020-03-15 23:29:50.595805 https://meilunkaiyuelanshan.fang.com/
Logger:2020-03-15 23:29:50.985213 https://haiyizhongyanglingyu.fang.com/
Logger:2020-03-15 23:29:51.326777 https://shangshudi.fang.com/
Logger:2020-03-15 23:29:51.704324 https://shaxianshidaiguangchang.fang.com/
Logger:2020-03-15 23:29:52.044492 https://smfeicuicheng.fang.com/
Logger:2020-03-15 23:29:53.654057 https://hongyuhuayuan.fang.com/2/
Logger:2020-03-15 23:29:56.430510 https://xijiangyuesanming.fang.com/
Logger:2020-03-15 23:29:56.844890 https://wandaguangchangsanming.fang.com/
Logger:2020-03-15 23:29:57.146150 https://xdtrj.fang.com/
Logger:2020-03-15 23:29:59.260578 https://dqw0598.fang.com/
Logger:2020-03-15 23:30:02.243739 https://jianfayongjun.fang.com/
Logger:2020-03-15 23:30:02.602780 https://smshc.fang.com/
Logger:2020-03-15 23:30:02.959891 https://tianyuelongtingsm.fang.com/
Logger:2020-03-15 23:30:03.277012 https://yihaoyuanzl0598.fang.com/3/
Logger:2020-03-15 23:30:03.612359 https://qzyj0598.fang.com/
Logger:2020-03-15 23:30:11.041903 https://sanming.newhouse.fang.com/house/2214188972.htm
Logger:2020-03-15 23:30:14.346425 https://sanming.newhouse.fang.com/house/s/b92/
Logger:2020-03-15 23:30:14.634455 https://smjscsgc.fang.com/
Logger:2020-03-15 23:30:21.906884 https://lsxy0598.fang.com/
Logger:2020-03-15 23:30:22.273898 https://guanlanyuansm.fang.com/
Logger:2020-03-15 23:30:27.223094 https://sanming.newhouse.fang.com/house/2214191658.htm
Logger:2020-03-15 23:30:27.537224 https://kclj0598.fang.com/
Logger:2020-03-15 23:30:27.829444 https://sxypjs.fang.com/
Logger:2020-03-15 23:30:28.141638 https://jingumingzhusm.fang.com/
Logger:2020-03-15 23:30:28.560556 https://smrdssyy.fang.com/
Logger:2020-03-15 23:30:33.810174 https://smhyzamd.fang.com/
Logger:2020-03-15 23:30:38.200157 https://jshf0598.fang.com/
Logger:2020-03-15 23:30:38.503393 https://shuxiangshijiasanming.fang.com/
Logger:2020-03-15 23:30:42.358236 https://jfyj0598sm.fang.com/
Logger:2020-03-15 23:30:44.107555 https://sanming.newhouse.fang.com/house/2214194212.htm
Logger:2020-03-15 23:30:44.471852 https://heanharlandsm.fang.com/
Logger:2020-03-15 23:30:44.820871 https://banshanyujing123.fang.com/
Logger:2020-03-15 23:30:45.204899 https://smbslt.fang.com/
Logger:2020-03-15 23:30:48.619950 https://jinselantingya.fang.com/
Logger:2020-03-15 23:30:48.913117 https://jinhewansm.fang.com/
Logger:2020-03-15 23:30:52.627763 https://dadiyonglongguojicheng.fang.com/
Logger:2020-03-15 23:30:55.667702 https://yglj0598.fang.com/
Logger:2020-03-15 23:30:58.967903 https://sanming.newhouse.fang.com/house/s/b93/
Logger:2020-03-15 23:31:02.002599 https://sanming.newhouse.fang.com/house/2214191168.htm
Logger:2020-03-15 23:31:04.266367 https://mryj0598.fang.com/
Logger:2020-03-15 23:31:04.577598 https://ruidushanshuiyuyuansm.fang.com/
Logger:2020-03-15 23:31:07.111509 https://jlw0932.fang.com/
Logger:2020-03-15 23:31:07.450596 https://haiyizuoanmingduerqi.fang.com/
Logger:2020-03-15 23:31:07.760766 https://mzjt.fang.com/
Logger:2020-03-15 23:31:08.141737 https://jyhtsm.fang.com/
Logger:2020-03-15 23:31:09.846687 https://gljya.fang.com/
Logger:2020-03-15 23:31:10.302510 https://sanmingchangshengjiayuan.fang.com/
Logger:2020-03-15 23:31:12.267789 https://sanming.newhouse.fang.com/house/2214189190.htm
Logger:2020-03-15 23:31:12.568994 https://yamxqdgjc.fang.com/
Logger:2020-03-15 23:31:12.870217 https://yaazf.fang.com/
Logger:2020-03-15 23:31:13.225062 https://sanmingmingchengnongfuchanpinpifashichang.fang.com/
Logger:2020-03-15 23:31:16.867531 https://sanming.newhouse.fang.com/house/s/b94/
Logger:2020-03-15 23:31:20.555645 https://sanming.newhouse.fang.com/house/s/b95/
Logger:2020-03-15 23:31:24.321975 https://sanming.newhouse.fang.com/house/s/b96/
