Logger:2020-03-16 08:54:45.183864 https://sanya.newhouse.fang.com/house/s/b91/
Logger:2020-03-16 08:54:45.511500 https://8haowenquangongguanhtw.fang.com/
Logger:2020-03-16 08:54:45.826595 https://senlindujiagongyuanwk0898.fang.com/
Logger:2020-03-16 08:54:46.154667 https://hupandujiagongyuanwk.fang.com/
Logger:2020-03-16 08:54:46.686058 https://hengdayufusy.fang.com/
Logger:2020-03-16 08:54:46.998149 https://wkhsddhza0898.fang.com/
Logger:2020-03-16 08:54:47.279332 https://184694.fang.com/
Logger:2020-03-16 08:54:51.888114 https://sanyahengdameilizhiguan.fang.com/
Logger:2020-03-16 08:54:52.216361 https://zhihuicheng0898.fang.com/
Logger:2020-03-16 08:54:52.543823 https://fudiludao.fang.com/
Logger:2020-03-16 08:54:52.840520 https://haitangyijing.fang.com/
Logger:2020-03-16 08:54:53.200544 https://shimeiwanjiulihr0898.fang.com/
Logger:2020-03-16 08:54:53.559099 https://haiyunfubjcj.fang.com/
Logger:2020-03-16 08:54:53.887340 https://hongtangwangr.fang.com/
Logger:2020-03-16 08:54:54.262059 https://haitangluhuzj.fang.com/
Logger:2020-03-16 08:54:54.590344 https://qingshuiwanyjl.fang.com/
Logger:2020-03-16 08:54:54.912784 https://sanyataiyangchengdx.fang.com/
Logger:2020-03-16 08:54:55.272580 https://longmuwanyihaozgtj.fang.com/
Logger:2020-03-16 08:54:55.591720 https://shenzhoubandaozxtf0898.fang.com/
Logger:2020-03-16 08:54:55.919846 https://haitangchaominglc.fang.com/
Logger:2020-03-16 08:54:56.250070 https://jiazhaoyehaitangsiji.fang.com/
Logger:2020-03-16 08:54:59.967727 https://sanya.newhouse.fang.com/house/s/b92/
Logger:2020-03-16 08:55:00.311050 https://baoliyuefu0898.fang.com/
Logger:2020-03-16 08:55:00.607699 https://banshanxiangxie.fang.com/
Logger:2020-03-16 08:55:00.920597 https://shanshuimingchengwzs0898.fang.com/
Logger:2020-03-16 08:55:01.295188 https://haitangwanrc.fang.com/
Logger:2020-03-16 08:55:01.623042 https://haitanghuazhu0898.fang.com/
Logger:2020-03-16 08:55:01.919847 https://biguiyuanhaitangshengshi.fang.com/
Logger:2020-03-16 08:55:02.201623 https://yihaitang.fang.com/
Logger:2020-03-16 08:55:08.012635 https://sywhslmkgy.fang.com/
Logger:2020-03-16 08:55:08.293342 https://tianyuehupan.fang.com/
Logger:2020-03-16 08:55:08.606388 https://183936.fang.com/
Logger:2020-03-16 08:55:08.902704 https://184592.fang.com/
Logger:2020-03-16 08:55:09.246243 https://haitanggjhabl.fang.com/
Logger:2020-03-16 08:55:09.543454 https://yzwhksdhy.fang.com/
Logger:2020-03-16 08:55:09.855472 https://184762.fang.com/
Logger:2020-03-16 08:55:10.215517 https://haishangdijinghd.fang.com/
Logger:2020-03-16 08:55:10.558470 https://yunhaitaisy.fang.com/
Logger:2020-03-16 08:55:10.873463 https://hainanhengdaqiziwan.fang.com/
Logger:2020-03-16 08:55:20.365765 https://fuliwan.fang.com/
Logger:2020-03-16 08:55:20.685971 https://yishanhusy.fang.com/
Logger:2020-03-16 08:55:21.030227 https://shanghugongdianbgy.fang.com/
Logger:2020-03-16 08:55:24.669792 https://sanya.newhouse.fang.com/house/s/b93/
Logger:2020-03-16 08:55:24.934968 https://989344.fang.com/
Logger:2020-03-16 08:55:25.263016 https://sanyawanln.fang.com/
Logger:2020-03-16 08:55:25.640106 https://hpjrtd.fang.com/
Logger:2020-03-16 08:55:32.716185 https://184092.fang.com/
Logger:2020-03-16 08:55:33.013454 https://haitangwanggm.fang.com/
Logger:2020-03-16 08:55:33.294585 https://dongdudasha0898.fang.com/
Logger:2020-03-16 08:55:33.575456 https://gongyuan88hao0898.fang.com/
Logger:2020-03-16 08:55:33.966189 https://zhongguotiejianshuxiangxiaozhen.fang.com/
Logger:2020-03-16 08:55:34.278382 https://zonglvtansy.fang.com/
Logger:2020-03-16 08:55:34.637660 https://yalongfuhh.fang.com/
Logger:2020-03-16 08:55:34.993520 https://yikangyayuan.fang.com/
Logger:2020-03-16 08:55:35.273971 https://yalongwanyihaosy.fang.com/
Logger:2020-03-16 08:55:35.586741 https://haishangdaduhuibgy.fang.com/
Logger:2020-03-16 08:55:35.857037 https://anayasanyadeshan.fang.com/1/
Logger:2020-03-16 08:55:36.185293 https://donghaianbgy.fang.com/
Logger:2020-03-16 08:55:36.529355 https://xingyusy.fang.com/
Logger:2020-03-16 08:55:36.856689 https://yueliangwanfl.fang.com/
Logger:2020-03-16 08:55:37.184844 https://boyashanquan.fang.com/
Logger:2020-03-16 08:55:37.482217 https://riyuewanrc0898.fang.com/
Logger:2020-03-16 08:55:37.793949 https://changjitingtang.fang.com/
Logger:2020-03-16 08:55:41.388733 https://sanya.newhouse.fang.com/house/s/b94/
Logger:2020-03-16 08:55:41.701197 https://tianjiaohaitangwan.fang.com/
Logger:2020-03-16 08:55:41.967288 https://longxiwanxinbandao.fang.com/
Logger:2020-03-16 08:55:42.295480 https://184760.fang.com/
Logger:2020-03-16 08:55:42.591574 https://bandao1haobl.fang.com/
Logger:2020-03-16 08:55:42.982108 https://taoranwanhtw.fang.com/
Logger:2020-03-16 08:55:43.342126 https://changdaolanwan0898.fang.com/
Logger:2020-03-16 08:55:43.669444 https://yangshengguhd.fang.com/
Logger:2020-03-16 08:55:44.028736 https://xiangshuiwan1hao.fang.com/
Logger:2020-03-16 08:55:44.326157 https://yuelanwanld.fang.com/
Logger:2020-03-16 08:55:44.731695 https://junhejuntai.fang.com/
Logger:2020-03-16 08:55:45.044120 https://naxiangshansy0898.fang.com/villa/
Logger:2020-03-16 08:55:45.340925 https://kongquechengsy0898.fang.com/
Logger:2020-03-16 08:55:45.638287 https://gaofuxiaozhenzjlc.fang.com/
Logger:2020-03-16 08:55:45.950426 https://xijunqpl.fang.com/
Logger:2020-03-16 08:55:46.280861 https://boaojinwanrc.fang.com/
Logger:2020-03-16 08:55:46.577295 https://yinhaihtw.fang.com/
Logger:2020-03-16 08:55:46.890126 https://longxihaian.fang.com/
Logger:2020-03-16 08:55:47.248979 https://25duhaiwanyihaojp.fang.com/
Logger:2020-03-16 08:55:47.545738 https://jibeixiang.fang.com/
Logger:2020-03-16 08:55:55.388051 https://gongyuanhupan.fang.com/
Logger:2020-03-16 08:55:59.376419 https://sanya.newhouse.fang.com/house/s/b95/
Logger:2020-03-16 08:55:59.694060 https://nanxinyuecheng.fang.com/
Logger:2020-03-16 08:56:03.653160 https://yueputi.fang.com/
Logger:2020-03-16 08:56:03.949821 https://shangdonghaianzh.fang.com/
Logger:2020-03-16 08:56:04.278370 https://184600.fang.com/
Logger:2020-03-16 08:56:04.653276 https://fenghuanghuating0898.fang.com/
Logger:2020-03-16 08:56:04.996419 https://hairunyuanzhlmw.fang.com/
Logger:2020-03-16 08:56:08.044258 https://sanya.newhouse.fang.com/house/3011184584.htm
Logger:2020-03-16 08:56:08.325442 https://sanyajunbgy.fang.com/
Logger:2020-03-16 08:56:08.653883 https://qiwasongbgy.fang.com/
Logger:2020-03-16 08:56:08.950879 https://jinshatanbgy0898.fang.com/
Logger:2020-03-16 08:56:09.278342 https://hengdayuhaitianxia.fang.com/
Logger:2020-03-16 08:56:09.653810 https://haitanghuakai.fang.com/
Logger:2020-03-16 08:56:16.404506 https://qingfenghaitangchangtan.fang.com/
Logger:2020-03-16 08:56:16.732803 https://zhongyanghaiantc.fang.com/
Logger:2020-03-16 08:56:22.169210 https://jingyuanchengsy.fang.com/
Logger:2020-03-16 08:56:22.512897 https://zuanshihaian.fang.com/
Logger:2020-03-16 08:56:22.809685 https://xiangshuiwanxhl.fang.com/
Logger:2020-03-16 08:56:23.137732 https://zhongliangsanyadayuezhongxin.fang.com/
Logger:2020-03-16 08:56:23.465854 https://tinglanhaianhj.fang.com/
Logger:2020-03-16 08:56:23.746962 https://luminghai.fang.com/
Logger:2020-03-16 08:56:27.356067 https://sanya.newhouse.fang.com/house/s/b96/
Logger:2020-03-16 08:56:27.652886 https://aozhouchengzt.fang.com/
Logger:2020-03-16 08:56:27.981026 https://xiangshuiwanhr.fang.com/
Logger:2020-03-16 08:56:28.261708 https://longtangdaguan.fang.com/
Logger:2020-03-16 08:56:28.574681 https://lunenggongguanhtw.fang.com/
Logger:2020-03-16 08:56:28.857990 https://bainianyuechenghtw.fang.com/
Logger:2020-03-16 08:56:29.263761 https://zhaonanyelinyihao.fang.com/
Logger:2020-03-16 08:56:29.576742 https://jinxiulanwanhndf.fang.com/
Logger:2020-03-16 08:56:29.889174 https://lanhaiwanhy.fang.com/
Logger:2020-03-16 08:56:30.248152 https://changlejucj.fang.com/
Logger:2020-03-16 08:56:30.545070 https://baijinwanpx0898.fang.com/
Logger:2020-03-16 08:56:30.857133 https://shuimoyulin.fang.com/
Logger:2020-03-16 08:56:31.154343 https://junyu.fang.com/
Logger:2020-03-16 08:56:31.467080 https://fenghuangdao0898.fang.com/
Logger:2020-03-16 08:56:31.872961 https://rongchuangyichibanhai.fang.com/
Logger:2020-03-16 08:56:32.185022 https://aolinpikehuayuansyxhl.fang.com/
Logger:2020-03-16 08:56:32.528696 https://yalongwanby.fang.com/
Logger:2020-03-16 08:56:32.794181 https://267698.fang.com/
Logger:2020-03-16 08:56:33.090982 https://jinyuan0898.fang.com/
Logger:2020-03-16 08:56:33.387787 https://haitangfuwangzb.fang.com/
Logger:2020-03-16 08:56:33.763102 https://sanyalanyuan.fang.com/
Logger:2020-03-16 08:56:37.795900 https://sanya.newhouse.fang.com/house/s/b97/
Logger:2020-03-16 08:56:40.371700 https://longxiwanbobolihaian.fang.com/
Logger:2020-03-16 08:56:40.886985 https://shifenyalongwan.fang.com/
Logger:2020-03-16 08:56:41.780295 https://fenghuanghaiancp.fang.com/
Logger:2020-03-16 08:56:42.233309 https://bailuhudujiaqujsz.fang.com/
Logger:2020-03-16 08:56:42.561356 https://guojiahaiancaifuzhongxinbl.fang.com/
Logger:2020-03-16 08:56:43.045771 https://shimeishanzhuang.fang.com/
Logger:2020-03-16 08:56:43.452183 https://liuyiwanggong.fang.com/
Logger:2020-03-16 08:56:43.889365 https://nanguoqiaochenghhqsw.fang.com/
Logger:2020-03-16 08:56:44.310943 https://qinyuanchuncheng.fang.com/
Logger:2020-03-16 08:56:44.685856 https://donghefuwan.fang.com/
Logger:2020-03-16 08:56:44.998597 https://tiancinanwan0898.fang.com/
Logger:2020-03-16 08:56:45.341951 https://nanyanwanhk0898.fang.com/
Logger:2020-03-16 08:56:45.654780 https://nufanghaism.fang.com/
Logger:2020-03-16 08:56:46.404199 https://haitangyuese0898.fang.com/
Logger:2020-03-16 08:56:47.076025 https://lixianghaianhk0898.fang.com/
Logger:2020-03-16 08:56:47.419585 https://dizhonghaiwansy.fang.com/
Logger:2020-03-16 08:56:58.390522 https://yulingulw.fang.com/
Logger:2020-03-16 08:56:58.671419 https://hongkunshanhaishu2.fang.com/
Logger:2020-03-16 08:56:58.968925 https://183932.fang.com/
Logger:2020-03-16 08:56:59.249413 https://wenquan1haolqw0898.fang.com/
Logger:2020-03-16 08:57:03.017420 https://sanya.newhouse.fang.com/house/s/b98/
Logger:2020-03-16 08:57:03.282718 https://banlingwenquan.fang.com/
Logger:2020-03-16 08:57:03.595438 https://xianggeliyp.fang.com/
Logger:2020-03-16 08:57:03.907688 https://xinghuihaijingwan.fang.com/
Logger:2020-03-16 08:57:04.267445 https://qingshuiwyq0898.fang.com/
Logger:2020-03-16 08:57:04.564056 https://nanyanwanjt0898.fang.com/
Logger:2020-03-16 08:57:07.297790 https://184084.fang.com/
Logger:2020-03-16 08:57:15.403397 https://lvzhonghaiwn.fang.com/
Logger:2020-03-16 08:57:15.731452 https://972958.fang.com/
Logger:2020-03-16 08:57:16.012627 https://184752.fang.com/
Logger:2020-03-16 08:57:16.340730 https://jiabaohuayuan0898.fang.com/2/
Logger:2020-03-16 08:57:16.653102 https://shangshuiyushujl.fang.com/
Logger:2020-03-16 08:57:16.903613 https://heguihuayuan0898.fang.com/
Logger:2020-03-16 08:57:17.231137 https://meilinghu0898.fang.com/
Logger:2020-03-16 08:57:17.528049 https://shanhuwan0898.fang.com/
Logger:2020-03-16 08:57:17.841057 https://yefenghaianba0898.fang.com/
Logger:2020-03-16 08:57:18.137189 https://948072.fang.com/
Logger:2020-03-16 08:57:18.450069 https://dongfanghaijun.fang.com/
Logger:2020-03-16 08:57:18.699494 https://taiyangguwenquanchengxl0898.fang.com/
Logger:2020-03-16 08:57:19.043542 https://yongqiaoshangcheng.fang.com/
Logger:2020-03-16 08:57:19.309486 https://taiytangchengfd.fang.com/
Logger:2020-03-16 08:57:22.859982 https://sanya.newhouse.fang.com/house/s/b99/
Logger:2020-03-16 08:57:23.094271 https://caifuhaiwangongguan.fang.com/
Logger:2020-03-16 08:57:23.453561 https://guofangjiayuan0898.fang.com/
Logger:2020-03-16 08:57:23.766458 https://yueliangwanhj0898.fang.com/
Logger:2020-03-16 08:57:24.078414 https://shuianmingdu.fang.com/
Logger:2020-03-16 08:57:24.406752 https://zhenzhuhuayuan0898.fang.com/
Logger:2020-03-16 08:57:24.672718 https://haidongfang20898.fang.com/
Logger:2020-03-16 08:57:24.968829 https://970360.fang.com/
Logger:2020-03-16 08:57:30.421215 https://haitangboyue.fang.com/
Logger:2020-03-16 08:57:30.733093 https://baijinhaian0898.fang.com/
Logger:2020-03-16 08:57:31.045560 https://zhongyangdadao0898.fang.com/
Logger:2020-03-16 08:57:31.295460 https://184744.fang.com/
Logger:2020-03-16 08:57:31.873448 https://wanjuanshanjx.fang.com/
Logger:2020-03-16 08:57:33.248580 https://184604.fang.com/
Logger:2020-03-16 08:57:33.529308 https://shanshuiqingchengzd.fang.com/
Logger:2020-03-16 08:57:33.795313 https://huatianmeiling.fang.com/
Logger:2020-03-16 08:57:34.154762 https://269252.fang.com/
Logger:2020-03-16 08:57:34.435720 https://xinghaiyuansy.fang.com/
Logger:2020-03-16 08:57:34.760811 https://taoyuanjuyupin.fang.com/
Logger:2020-03-16 08:57:35.057690 https://zxbayzfqgc.fang.com/
Logger:2020-03-16 08:57:35.354041 https://tlbylxnyfz.fang.com/
Logger:2020-03-16 08:57:38.935011 https://sanya.newhouse.fang.com/house/s/b910/
Logger:2020-03-16 08:57:39.246967 https://caifugangwan0898.fang.com/
Logger:2020-03-16 08:57:39.544130 https://941122.fang.com/
Logger:2020-03-16 08:57:40.891585 https://lvzhoudaowzs.fang.com/
Logger:2020-03-16 08:57:41.219631 https://nanguoyulin.fang.com/
Logger:2020-03-16 08:57:41.500815 https://184742.fang.com/
Logger:2020-03-16 08:57:41.766376 https://yangguangyulinwzs.fang.com/
Logger:2020-03-16 08:57:42.063913 https://xintiandiwy.fang.com/
Logger:2020-03-16 08:57:42.297959 https://caihongxiaozhenyg.fang.com/
Logger:2020-03-16 08:57:48.156066 https://lanhaiwanhz.fang.com/
Logger:2020-03-16 08:57:48.437158 https://haishengyiqingyuan.fang.com/
Logger:2020-03-16 08:57:48.733939 https://184560.fang.com/
Logger:2020-03-16 08:57:53.654196 https://nandaokangchengds0898.fang.com/
Logger:2020-03-16 08:57:53.951000 https://tianshanlitian0898.fang.com/
Logger:2020-03-16 08:57:54.247805 https://shuiantanyueylw.fang.com/
Logger:2020-03-16 08:57:59.423500 https://hongtangyuehaizl.fang.com/
Logger:2020-03-16 08:57:59.718052 https://shibahuayuanby.fang.com/
Logger:2020-03-16 08:58:00.025924 https://boaojingdian.fang.com/
Logger:2020-03-16 08:58:00.298186 https://yangguangjinrongguangchang.fang.com/
Logger:2020-03-16 08:58:03.857348 https://sanya.newhouse.fang.com/house/s/b911/
Logger:2020-03-16 08:58:07.453370 https://sanya.newhouse.fang.com/house/s/b912/
Logger:2020-03-16 08:58:10.999481 https://sanya.newhouse.fang.com/house/s/b913/
