Logger:2020-03-16 21:01:17.402432 https://scjt.newhouse.fang.com/house/s/b91/
Logger:2020-03-16 21:01:28.158505 https://hzmzjintang.fang.com/
Logger:2020-03-16 21:01:28.445480 https://moxiangjuscjt.fang.com/
Logger:2020-03-16 21:01:34.731068 https://yujingbandaohd028.fang.com/
Logger:2020-03-16 21:01:35.114042 https://pengshengjinyuewan.fang.com/
Logger:2020-03-16 21:01:40.128168 https://shuichengyinxiang1028.fang.com/
Logger:2020-03-16 21:01:40.431357 https://heyuyinxiang.fang.com/
Logger:2020-03-16 21:01:40.920050 https://jinshanjunjintang.fang.com/
Logger:2020-03-16 21:01:58.521797 https://zhongguohuiguanjintang.fang.com/
Logger:2020-03-16 21:01:58.840904 https://zdjyjs.fang.com/
Logger:2020-03-16 21:01:59.145143 https://028lgjxxjgjsq.fang.com/
Logger:2020-03-16 21:01:59.412079 https://huaikouxintiandi.fang.com/
Logger:2020-03-16 21:01:59.686091 https://lvzhouguojijintang.fang.com/
Logger:2020-03-16 21:02:00.031167 https://rzjwtjintang.fang.com/
Logger:2020-03-16 21:02:00.345364 https://weilaijiequls028.fang.com/
Logger:2020-03-16 21:02:00.640603 https://xwwlc028.fang.com/
Logger:2020-03-16 21:02:08.666802 https://jintanghhsdc.fang.com/
Logger:2020-03-16 21:02:09.039561 https://zhongguojienenglangyuan.fang.com/
Logger:2020-03-16 21:02:09.383328 https://hxshcjintang.fang.com/
Logger:2020-03-16 21:02:09.961782 https://zlhgjsq.fang.com/
Logger:2020-03-16 21:02:10.277863 https://jtjrzx.fang.com/
Logger:2020-03-16 21:02:13.599851 https://scjt.newhouse.fang.com/house/s/b92/
Logger:2020-03-16 21:02:13.882600 https://ltcsgc028.fang.com/
Logger:2020-03-16 21:02:14.191774 https://jgsp028.fang.com/
Logger:2020-03-16 21:02:14.480003 https://lgglxinjin.fang.com/
Logger:2020-03-16 21:02:14.805307 https://jinshanguojijintang.fang.com/
Logger:2020-03-16 21:02:15.130194 https://hezgcjintang.fang.com/
Logger:2020-03-16 21:02:15.388503 https://kmxzjintang.fang.com/
Logger:2020-03-16 21:02:15.652836 https://hyojjintang.fang.com/
Logger:2020-03-16 21:02:16.003857 https://jinduhuafu028.fang.com/
Logger:2020-03-16 21:02:31.819407 https://yidunxiaozhen2.fang.com/
Logger:2020-03-16 21:02:40.736170 https://028ysgjyhjq.fang.com/
Logger:2020-03-16 21:02:41.053359 https://028jinrirunling.fang.com/
Logger:2020-03-16 21:02:49.944287 https://blsajc028.fang.com/
Logger:2020-03-16 21:02:50.284898 https://taikangboguanjintang.fang.com/
Logger:2020-03-16 21:02:50.602675 https://xingdaoguoji2028.fang.com/
Logger:2020-03-16 21:02:50.874712 https://ctrc028.fang.com/
Logger:2020-03-16 21:02:51.183316 https://lgsfyc.fang.com/
Logger:2020-03-16 21:02:58.258137 https://chengtouruncheng028.fang.com/
Logger:2020-03-16 21:02:58.537391 https://xdstscla028.fang.com/
Logger:2020-03-16 21:02:58.899424 https://jinhaianxingyuewan.fang.com/
Logger:2020-03-16 21:02:59.204360 https://dcsdjintang.fang.com/
Logger:2020-03-16 21:03:03.924032 https://scjt.newhouse.fang.com/house/s/b93/
Logger:2020-03-16 21:03:04.224244 https://jintangguanlanguoji.fang.com/
Logger:2020-03-16 21:03:08.548036 https://liujinshuixiezghg.fang.com/
Logger:2020-03-16 21:03:08.851188 https://jymlsjcjintang.fang.com/
Logger:2020-03-16 21:03:09.162745 https://hdcfgcjintang.fang.com/
Logger:2020-03-16 21:03:13.788087 https://yplfjingtang.fang.com/
Logger:2020-03-16 21:03:14.095296 https://jintangchenggongyuedu.fang.com/
Logger:2020-03-16 21:03:14.401478 https://lrghct.fang.com/
Logger:2020-03-16 21:03:14.696656 https://jintangrjld.fang.com/
Logger:2020-03-16 21:03:15.081291 https://gzdfwns.fang.com/
Logger:2020-03-16 21:03:15.403428 https://zhgc028.fang.com/
Logger:2020-03-16 21:03:22.204923 https://jintangjinheyuan.fang.com/
Logger:2020-03-16 21:03:26.921937 https://htcxjy028.fang.com/
Logger:2020-03-16 21:03:30.652643 https://scjt.newhouse.fang.com/house/s/b94/
Logger:2020-03-16 21:03:34.137375 https://scjt.newhouse.fang.com/house/s/b95/
Logger:2020-03-16 21:03:37.770829 https://scjt.newhouse.fang.com/house/s/b96/
