Logger:2020-03-16 18:59:54.990901 https://sdcl.newhouse.fang.com/house/s/b91/
Logger:2020-03-16 18:59:55.292235 https://sdcl.newhouse.fang.com/house/2449793147.htm
Logger:2020-03-16 18:59:58.723144 https://yixuanguoji.fang.com/
Logger:2020-03-16 18:59:59.043313 https://sdcl.newhouse.fang.com/house/2449793165.htm
Logger:2020-03-16 18:59:59.444240 https://mshtsdcl.fang.com/
Logger:2020-03-16 19:00:20.895736 https://shengtangyuyuancl.fang.com/
Logger:2020-03-16 19:00:21.221998 https://ouzhouhuayuansdcl.fang.com/
Logger:2020-03-16 19:00:21.558541 https://jindihuayuan01.fang.com/
Logger:2020-03-16 19:00:22.005375 https://tongyuanlingshijun.fang.com/
Logger:2020-03-16 19:00:31.254224 https://yundeshanzhuang.fang.com/
Logger:2020-03-16 19:00:31.572796 https://dinghengbanshancl.fang.com/
Logger:2020-03-16 19:00:31.920360 https://yateerliangchrng.fang.com/
Logger:2020-03-16 19:00:38.443501 https://sdcl.newhouse.fang.com/house/2449793143.htm
Logger:2020-03-16 19:00:38.738787 https://hailisc.fang.com/
Logger:2020-03-16 19:00:39.054906 https://sdcl.newhouse.fang.com/house/2449793163.htm
Logger:2020-03-16 19:00:39.359184 https://sdcl.newhouse.fang.com/house/2449793159.htm
Logger:2020-03-16 19:00:39.754304 https://cldongfangjubaocheng.fang.com/
Logger:2020-03-16 19:00:40.092939 https://clhengxinbasaixiaozhen.fang.com/
Logger:2020-03-16 19:00:40.469476 https://shengtangshanhecheng.fang.com/
Logger:2020-03-16 19:00:40.823467 https://xiangfujinyuansdcl.fang.com/
Logger:2020-03-16 19:00:48.803819 https://sdcl.newhouse.fang.com/house/s/b92/
Logger:2020-03-16 19:00:52.185810 https://sdcl.newhouse.fang.com/house/s/b93/
Logger:2020-03-16 19:00:57.265386 https://sdcl.newhouse.fang.com/house/s/b94/
