Logger:2020-03-16 18:58:33.959878 https://sdjy.newhouse.fang.com/house/s/b91/
Logger:2020-03-16 18:58:34.276031 https://hepanchunfenglc.fang.com/
Logger:2020-03-16 18:58:34.668581 https://shidaizhiguangwk0531.fang.com/
Logger:2020-03-16 18:58:35.117842 https://motianchengjnsm.fang.com/
Logger:2020-03-16 18:58:35.508312 https://weilaichenglg.fang.com/
Logger:2020-03-16 18:58:35.901318 https://chengbofurc.fang.com/
Logger:2020-03-16 18:58:39.070383 https://zhenghuashuiyuefu.fang.com/
Logger:2020-03-16 18:58:39.386539 https://beianxinchengdh.fang.com/
Logger:2020-03-16 18:58:40.010793 https://huaxinxiandaicheng.fang.com/
Logger:2020-03-16 18:58:42.442864 https://zhtyf.fang.com/
Logger:2020-03-16 18:58:42.838244 https://jinhaifuyuansj.fang.com/
Logger:2020-03-16 18:58:43.272084 https://longyutianchengbn.fang.com/
Logger:2020-03-16 18:58:43.823644 https://zhhslc.fang.com/
Logger:2020-03-16 18:58:44.134658 https://xijiangyuexs0531.fang.com/
Logger:2020-03-16 18:58:44.583046 https://zhizaoxiaozhen.fang.com/
Logger:2020-03-16 18:58:44.905229 https://xintiandizh0531.fang.com/
Logger:2020-03-16 18:58:45.219377 https://jnlcbhhy.fang.com/
Logger:2020-03-16 18:58:47.345634 https://mingshichengjy0531.fang.com/
Logger:2020-03-16 18:58:49.416538 https://thwxxt.fang.com/
Logger:2020-03-16 18:58:49.816485 https://jnjhsz.fang.com/
Logger:2020-03-16 18:58:51.686896 https://jnzhgjsq.fang.com/
Logger:2020-03-16 18:58:55.551818 https://sdjy.newhouse.fang.com/house/s/b92/
Logger:2020-03-16 18:58:56.069195 https://jnwhzyhy.fang.com/
Logger:2020-03-16 18:58:59.849133 https://sdjy.newhouse.fang.com/house/s/b93/
Logger:2020-03-16 18:59:04.367451 https://sdjy.newhouse.fang.com/house/s/b94/
Logger:2020-03-16 18:59:09.329177 https://sdjy.newhouse.fang.com/house/s/b95/
