Logger:2020-03-16 18:59:14.022073 https://sdsh.newhouse.fang.com/house/s/b91/
Logger:2020-03-16 18:59:14.316794 https://beiwei37.fang.com/
Logger:2020-03-16 18:59:19.963760 https://tianboshhx.fang.com/
Logger:2020-03-16 18:59:20.397755 https://gongyuanshangchengshbgy.fang.com/
Logger:2020-03-16 18:59:26.482177 https://zhongzaifenghuangcheng0531.fang.com/
Logger:2020-03-16 18:59:26.948285 https://baoqingxingfuli0531.fang.com/
Logger:2020-03-16 18:59:27.361145 https://sanfashanghemingjun.fang.com/
Logger:2020-03-16 18:59:27.993481 https://sdshzhongyanghuafu.fang.com/
Logger:2020-03-16 18:59:28.319197 https://changqingyishu.fang.com/
Logger:2020-03-16 18:59:28.750069 https://xinlongdijingcheng.fang.com/
Logger:2020-03-16 18:59:29.186911 https://xinlongshengjingcheng.fang.com/
Logger:2020-03-16 18:59:32.279241 https://yudusanqitianxiangyuan.fang.com/
Logger:2020-03-16 18:59:32.901647 https://baohengshuimuqinghua.fang.com/
Logger:2020-03-16 18:59:36.300613 https://taihemingdu0531.fang.com/
Logger:2020-03-16 18:59:37.010265 https://wenquanguoji0531.fang.com/
Logger:2020-03-16 18:59:37.399720 https://baihehuayuanshlc.fang.com/
Logger:2020-03-16 18:59:38.010452 https://hangmenyouyicheng.fang.com/
Logger:2020-03-16 18:59:38.359515 https://jiayuanyiju.fang.com/
Logger:2020-03-16 18:59:42.728803 https://sdsh.newhouse.fang.com/house/s/b92/
Logger:2020-03-16 18:59:47.007652 https://sdsh.newhouse.fang.com/house/s/b93/
Logger:2020-03-16 18:59:50.789480 https://sdsh.newhouse.fang.com/house/s/b94/
