Logger:2020-03-16 18:41:15.503310 https://sg.newhouse.fang.com/house/s/b91/
Logger:2020-03-16 18:41:15.826516 https://balongguoji.fang.com/
Logger:2020-03-16 18:41:16.132412 https://kanuodaobeidao.fang.com/
Logger:2020-03-16 18:41:18.337716 https://junengjiayuan.fang.com/
Logger:2020-03-16 18:41:18.720730 https://chunfengjiangnanhxlc.fang.com/
Logger:2020-03-16 18:41:20.621705 https://xinchengmingzhu0536.fang.com/
Logger:2020-03-16 18:41:23.156707 https://yujingmingduzy.fang.com/
Logger:2020-03-16 18:41:24.772660 https://baililantingfh.fang.com/
Logger:2020-03-16 18:41:25.228377 https://ziguiyuandrlc.fang.com/
Logger:2020-03-16 18:41:25.908983 https://jinxiudongchengqfy.fang.com/
Logger:2020-03-16 18:41:28.206746 https://cszghx.fang.com/
Logger:2020-03-16 18:41:28.810052 https://wnsxzcm.fang.com/
Logger:2020-03-16 18:41:29.234940 https://mzfeshy.fang.com/
Logger:2020-03-16 18:41:29.606881 https://feicuihuafubgy0536.fang.com/
Logger:2020-03-16 18:41:29.954875 https://chunjianghuayuedrlc.fang.com/
Logger:2020-03-16 18:41:31.839543 https://tlhyzy.fang.com/
Logger:2020-03-16 18:41:34.217893 https://qhzyt.fang.com/
Logger:2020-03-16 18:41:34.850411 https://zijinfutt.fang.com/
Logger:2020-03-16 18:41:35.220494 https://sjhczn.fang.com/
Logger:2020-03-16 18:41:39.753717 https://zywsy.fang.com/
Logger:2020-03-16 18:41:40.450255 https://jianqiaocheng.fang.com/
Logger:2020-03-16 18:41:44.066608 https://sg.newhouse.fang.com/house/s/b92/
Logger:2020-03-16 18:41:44.665518 https://drlchty.fang.com/1/
Logger:2020-03-16 18:41:45.001542 https://xichengshoufu20536.fang.com/
Logger:2020-03-16 18:41:45.425407 https://junenghuafu0536.fang.com/
Logger:2020-03-16 18:41:45.818386 https://hrhfsg.fang.com/
Logger:2020-03-16 18:41:47.906654 https://yydrlv.fang.com/
Logger:2020-03-16 18:41:49.510356 https://lingshijun0536.fang.com/2/
Logger:2020-03-16 18:41:49.833103 https://xingfulith0536.fang.com/
Logger:2020-03-16 18:41:50.248079 https://xfdjsg.fang.com/2/
Logger:2020-03-16 18:41:50.587118 https://ylydrlv.fang.com/
Logger:2020-03-16 18:41:52.890479 https://sgwlc.fang.com/
Logger:2020-03-16 18:41:53.222581 https://drlcdgy.fang.com/
Logger:2020-03-16 18:41:53.631645 https://zhengyanghuayuan0536.fang.com/
Logger:2020-03-16 18:41:53.954021 https://twsxzbjzy.fang.com/
Logger:2020-03-16 18:41:55.766952 https://baihegongyuwh.fang.com/
Logger:2020-03-16 18:41:57.778890 https://dongyushengjing.fang.com/
Logger:2020-03-16 18:42:03.100257 https://wanhuadingxiangyuan.fang.com/
Logger:2020-03-16 18:42:05.244987 https://yinglungongguan.fang.com/
Logger:2020-03-16 18:42:08.337239 https://shengtaijiayuan0536.fang.com/
Logger:2020-03-16 18:42:08.680451 https://dongjinghuayuanct.fang.com/
Logger:2020-03-16 18:42:10.711982 https://ctbxswds0536.fang.com/
Logger:2020-03-16 18:42:15.762958 https://sg.newhouse.fang.com/house/s/b93/
Logger:2020-03-16 18:42:16.026645 https://qfyzx0536.fang.com/
Logger:2020-03-16 18:42:16.318583 https://yinhaihuayuanzy.fang.com/
Logger:2020-03-16 18:42:16.657920 https://shengtangyuefu.fang.com/
Logger:2020-03-16 18:42:18.744733 https://haidegongguan0536.fang.com/2/
Logger:2020-03-16 18:42:23.712706 https://taorantingct.fang.com/
Logger:2020-03-16 18:42:27.335505 https://sg.newhouse.fang.com/house/s/b94/
Logger:2020-03-16 18:42:30.784282 https://sg.newhouse.fang.com/house/s/b95/
Logger:2020-03-16 18:42:34.643159 https://sg.newhouse.fang.com/house/s/b96/
