Logger:2020-03-15 17:47:13.918314 https://sh.newhouse.fang.com/house/s/b91/
Logger:2020-03-15 17:47:14.208245 https://sijiduhui.fang.com/
Logger:2020-03-15 17:47:14.583367 https://qingtenggongyuanwk.fang.com/
Logger:2020-03-15 17:47:19.574417 https://126250.fang.com/
Logger:2020-03-15 17:47:19.863535 https://shanghaichangtan.fang.com/
Logger:2020-03-15 17:47:20.194032 https://yangxi.fang.com/
Logger:2020-03-15 17:47:20.533583 https://wankeqichen.fang.com/
Logger:2020-03-15 17:47:20.894188 https://hongqiaogongguanzs.fang.com/
Logger:2020-03-15 17:47:21.194420 https://binjianggongyuanzhixing.fang.com/
Logger:2020-03-15 17:47:21.524144 https://geyayuanzh.fang.com/
Logger:2020-03-15 17:47:21.854315 https://duhuicqujd.fang.com/
Logger:2020-03-15 17:47:22.183500 https://yongjinfuyz.fang.com/
Logger:2020-03-15 17:47:22.493515 https://dongyuanbiguiyuan.fang.com/
Logger:2020-03-15 17:47:22.778851 https://binjiangyuefuzq.fang.com/
Logger:2020-03-15 17:47:23.053420 https://guangmingjiuyin.fang.com/
Logger:2020-03-15 17:47:23.373548 https://luolanfeilipf.fang.com/
Logger:2020-03-15 17:47:23.787853 https://chunjiangtianyuelh.fang.com/
Logger:2020-03-15 17:47:24.053483 https://wanguofumomaddsh.fang.com/shop/
Logger:2020-03-15 17:47:24.293277 https://hongqiaojinmaoyue.fang.com/
Logger:2020-03-15 17:47:24.663550 https://xiruihuisc.fang.com/
Logger:2020-03-15 17:47:24.963893 https://yiyunsijihfzs.fang.com/
Logger:2020-03-15 17:47:28.753696 https://sh.newhouse.fang.com/house/s/b92/
Logger:2020-03-15 17:47:29.074346 https://xiruihuisc.fang.com/
Logger:2020-03-15 17:47:29.344203 https://yiyunsijihfzs.fang.com/
Logger:2020-03-15 17:47:29.613522 https://xiangxieguojizgtj.fang.com/
Logger:2020-03-15 17:47:30.263566 https://xindalanzun.fang.com/
Logger:2020-03-15 17:47:30.768863 https://131430.fang.com/
Logger:2020-03-15 17:47:31.013637 https://130406.fang.com/
Logger:2020-03-15 17:47:31.313662 https://jinganying.fang.com/
Logger:2020-03-15 17:47:31.628514 https://131340.fang.com/
Logger:2020-03-15 17:47:31.883426 https://shanghaichengyuanlc.fang.com/
Logger:2020-03-15 17:47:32.214044 https://chengkaiyunwai.fang.com/
Logger:2020-03-15 17:47:32.523305 https://chengkaiyuxuan.fang.com/
Logger:2020-03-15 17:47:32.893362 https://xingjiangwansg.fang.com/
Logger:2020-03-15 17:47:33.465403 https://130866.fang.com/
Logger:2020-03-15 17:47:34.654029 https://kailihaihuafu.fang.com/
Logger:2020-03-15 17:47:35.033581 https://baoliyunshang021.fang.com/
Logger:2020-03-15 17:47:35.343677 https://yueshanbandaoxcsk.fang.com/villa/
Logger:2020-03-15 17:47:36.224007 https://130914.fang.com/
Logger:2020-03-15 17:47:36.553442 https://yulantingshhd.fang.com/
Logger:2020-03-15 17:47:37.513958 https://jinyuefuzh.fang.com/
Logger:2020-03-15 17:47:37.833539 https://jinmaofuxchk.fang.com/
Logger:2020-03-15 17:47:41.723735 https://sh.newhouse.fang.com/house/s/b93/
Logger:2020-03-15 17:47:41.983462 https://131076.fang.com/
Logger:2020-03-15 17:47:42.283599 https://jiazhaoye8hao021.fang.com/
Logger:2020-03-15 17:47:42.643558 https://shangheyazhuzy.fang.com/
Logger:2020-03-15 17:47:43.884298 https://zhongxingluyihao.fang.com/
Logger:2020-03-15 17:47:44.163602 https://jinyulanwanluyushuwk.fang.com/
Logger:2020-03-15 17:47:44.443385 https://xijiaoduhuiwk.fang.com/
Logger:2020-03-15 17:47:44.844929 https://fengminghaishang.fang.com/
Logger:2020-03-15 17:47:45.173631 https://yuzhoufu.fang.com/
Logger:2020-03-15 17:47:45.538630 https://131376.fang.com/
Logger:2020-03-15 17:47:46.133399 https://131144.fang.com/
Logger:2020-03-15 17:47:46.400451 https://gongyuan2040.fang.com/
Logger:2020-03-15 17:47:46.754581 https://huolizhongxinfdwk.fang.com/
Logger:2020-03-15 17:47:46.984142 https://suhewan.fang.com/2/
Logger:2020-03-15 17:47:47.373502 https://lanmeijuntingtr.fang.com/villa/
Logger:2020-03-15 17:47:47.703723 https://131342.fang.com/
Logger:2020-03-15 17:47:47.963591 https://shangbinjiangjr.fang.com/
Logger:2020-03-15 17:47:48.203579 https://131370.fang.com/
Logger:2020-03-15 17:47:48.683605 https://zhenrufuzh.fang.com/
Logger:2020-03-15 17:47:48.994152 https://linglonggongguanbl.fang.com/
Logger:2020-03-15 17:47:49.353470 https://yayuangongguanfd.fang.com/
Logger:2020-03-15 17:47:53.164219 https://sh.newhouse.fang.com/house/s/b94/
Logger:2020-03-15 17:47:53.453714 https://unicitytiankongzhichengwk.fang.com/
Logger:2020-03-15 17:47:53.803650 https://zhongjianyuelanshan.fang.com/
Logger:2020-03-15 17:47:54.093909 https://gzblcylhy.fang.com/
Logger:2020-03-15 17:47:54.513768 https://xiruixiangyunzlsc.fang.com/
Logger:2020-03-15 17:47:54.843708 https://jianbangguochenfu.fang.com/
Logger:2020-03-15 17:47:55.164293 https://fengminghaishang.fang.com/
Logger:2020-03-15 17:47:55.464143 https://chunjiangtianxilh021.fang.com/
Logger:2020-03-15 17:47:55.753933 https://feicuiyabinliwk.fang.com/
Logger:2020-03-15 17:47:56.044452 https://fenghuangchengbgy021.fang.com/
Logger:2020-03-15 17:47:56.433827 https://yijingyuanhuajing.fang.com/
Logger:2020-03-15 17:47:56.923444 https://sheshan1haobd.fang.com/
Logger:2020-03-15 17:47:57.358647 https://gongyuanchengshidh.fang.com/
Logger:2020-03-15 17:47:57.713530 https://pudongnanjunbgy.fang.com/
Logger:2020-03-15 17:47:58.003522 https://131096.fang.com/
Logger:2020-03-15 17:47:58.304136 https://dongyuanpuyue021.fang.com/
Logger:2020-03-15 17:47:58.618041 https://131420.fang.com/
Logger:2020-03-15 17:47:58.853952 https://131376.fang.com/
Logger:2020-03-15 17:47:59.118422 https://130840.fang.com/
Logger:2020-03-15 17:47:59.443737 https://huidelizh.fang.com/
Logger:2020-03-15 17:47:59.733478 https://tongjijingcui.fang.com/
Logger:2020-03-15 17:48:03.613829 https://sh.newhouse.fang.com/house/s/b95/
Logger:2020-03-15 17:48:04.043816 https://189358.fang.com/
Logger:2020-03-15 17:48:04.493776 https://langyuefuzj.fang.com/
Logger:2020-03-15 17:48:05.028640 https://jinganfuxiqu.fang.com/
Logger:2020-03-15 17:48:05.603543 https://xiangongyuanxc.fang.com/
Logger:2020-03-15 17:48:06.135070 https://tianyuejuntingrhxc.fang.com/
Logger:2020-03-15 17:48:06.591734 https://jinganmushe.fang.com/
Logger:2020-03-15 17:48:07.073695 https://yunluli.fang.com/
Logger:2020-03-15 17:48:07.589667 https://jinxiusijidh.fang.com/
Logger:2020-03-15 17:48:07.918264 https://lujinshanghaipai.fang.com/
Logger:2020-03-15 17:48:08.383771 https://bojuewanryg.fang.com/
Logger:2020-03-15 17:48:08.753889 https://guojizhuqufh.fang.com/
Logger:2020-03-15 17:48:09.123925 https://zijin9haodmc.fang.com/
Logger:2020-03-15 17:48:09.533827 https://biyunyiling.fang.com/
Logger:2020-03-15 17:48:09.913558 https://lingyuegongguanbl.fang.com/
Logger:2020-03-15 17:48:10.263454 https://tianyuesheshangm.fang.com/
Logger:2020-03-15 17:48:10.698708 https://molisihuayuan.fang.com/
Logger:2020-03-15 17:48:11.043476 https://haojingyuanwt.fang.com/
Logger:2020-03-15 17:48:11.323961 https://binjianghuafuhd.fang.com/
Logger:2020-03-15 17:48:11.674232 https://xiruilisc.fang.com/
Logger:2020-03-15 17:48:11.983504 https://shijijiangwanrx.fang.com/
Logger:2020-03-15 17:48:15.293962 https://sh.newhouse.fang.com/house/s/b96/
Logger:2020-03-15 17:48:15.743770 https://ruishijintingat.fang.com/
Logger:2020-03-15 17:48:16.113872 https://jinganfu.fang.com/
Logger:2020-03-15 17:48:16.593597 https://dachengxiaoyuanth.fang.com/
Logger:2020-03-15 17:48:16.983799 https://lanting021.fang.com/
Logger:2020-03-15 17:48:17.314025 https://chengshizhixingbh.fang.com/
Logger:2020-03-15 17:48:17.693732 https://tianyueyuanhj.fang.com/
Logger:2020-03-15 17:48:18.093754 https://shuiyuetang.fang.com/
Logger:2020-03-15 17:48:18.814482 https://xiyuefenghuasc.fang.com/
Logger:2020-03-15 17:48:19.113702 https://feicuibinjiangwk.fang.com/
Logger:2020-03-15 17:48:19.503467 https://jingdian1733ch.fang.com/
Logger:2020-03-15 17:48:20.298472 https://gongyuanyuefublxy.fang.com/
Logger:2020-03-15 17:48:20.723879 https://guangyuzhu.fang.com/
Logger:2020-03-15 17:48:22.123518 https://songblsc.fang.com/
Logger:2020-03-15 17:48:22.435555 https://hongqiaoyunwk.fang.com/
Logger:2020-03-15 17:48:22.693875 https://haiyuehongqiaojinmaoyue.fang.com/
Logger:2020-03-15 17:48:22.967809 https://nanqiaojinyunzl.fang.com/
Logger:2020-03-15 17:48:23.343910 https://jinshanfugm.fang.com/
Logger:2020-03-15 17:48:25.994089 https://guiyuyunxi.fang.com/
Logger:2020-03-15 17:48:26.313768 https://131316.fang.com/
Logger:2020-03-15 17:48:26.654648 https://125996.fang.com/
Logger:2020-03-15 17:48:29.943675 https://sh.newhouse.fang.com/house/s/b97/
Logger:2020-03-15 17:48:30.273662 https://125996.fang.com/
Logger:2020-03-15 17:48:30.673767 https://dongtanhuayuanlhjhm.fang.com/
Logger:2020-03-15 17:48:31.034251 https://yiyunhu.fang.com/
Logger:2020-03-15 17:48:31.358410 https://shangchengyuanzixdth.fang.com/
Logger:2020-03-15 17:48:31.703797 https://tongrunjinsejuyuan.fang.com/
Logger:2020-03-15 17:48:32.143520 https://shangnanjiayuan.fang.com/
Logger:2020-03-15 17:48:32.423851 https://changchengyifu.fang.com/
Logger:2020-03-15 17:48:32.883810 https://lvtingshangchengjingyue.fang.com/
Logger:2020-03-15 17:48:33.333623 https://jiangshanmeichen.fang.com/
Logger:2020-03-15 17:48:33.838717 https://haiheyuan021.fang.com/
Logger:2020-03-15 17:48:34.123456 https://weilaipaihfhc.fang.com/
Logger:2020-03-15 17:48:34.523703 https://dongshanghaild.fang.com/shop/
Logger:2020-03-15 17:48:34.773716 https://waitanzhongxinld2.fang.com/
Logger:2020-03-15 17:48:37.063496 https://jinmaoyuenq.fang.com/
Logger:2020-03-15 17:48:37.323468 https://shanshuishijianglrc.fang.com/
Logger:2020-03-15 17:48:37.683468 https://sailaweihrzd.fang.com/
Logger:2020-03-15 17:48:39.703676 https://030778021.fang.com/
Logger:2020-03-15 17:48:40.098475 https://meidichengshxth.fang.com/
Logger:2020-03-15 17:48:40.793407 https://meilanchengzjjd.fang.com/
Logger:2020-03-15 17:48:41.113722 https://yunluzhicheng.fang.com/
Logger:2020-03-15 17:48:45.453827 https://sh.newhouse.fang.com/house/s/b98/
Logger:2020-03-15 17:48:45.804041 https://jinchengfu021.fang.com/
Logger:2020-03-15 17:48:46.263918 https://haishangyuanzith.fang.com/
Logger:2020-03-15 17:48:46.623731 https://lijianghuayuanaqu.fang.com/3/
Logger:2020-03-15 17:48:46.898593 https://lanyuanhlb.fang.com/
Logger:2020-03-15 17:48:47.273586 https://zhongxinbgy021.fang.com/
Logger:2020-03-15 17:48:47.503593 https://xintiandiyipinyuan.fang.com/
Logger:2020-03-15 17:48:52.803583 https://126698.fang.com/
Logger:2020-03-15 17:48:53.083707 https://127052.fang.com/
Logger:2020-03-15 17:48:55.477018 https://126116.fang.com/
Logger:2020-03-15 17:48:55.834250 https://jiufenglizh.fang.com/
Logger:2020-03-15 17:48:56.523656 https://shangduli.fang.com/
Logger:2020-03-15 17:48:56.883453 https://shilijiangwan021.fang.com/
Logger:2020-03-15 17:48:57.213701 https://guangmingshu.fang.com/
Logger:2020-03-15 17:48:57.553711 https://130878.fang.com/
Logger:2020-03-15 17:48:57.893631 https://patiouxiangyuan.fang.com/villa/
Logger:2020-03-15 17:48:59.163867 https://weinisigongguandy.fang.com/
Logger:2020-03-15 17:48:59.503702 https://xingguangyaoguangchangsh.fang.com/
Logger:2020-03-15 17:48:59.823424 https://131402.fang.com/
Logger:2020-03-15 17:49:00.293415 https://131126.fang.com/
Logger:2020-03-15 17:49:03.023953 https://126704.fang.com/
Logger:2020-03-15 17:49:06.893829 https://sh.newhouse.fang.com/house/s/b99/
Logger:2020-03-15 17:49:07.233996 https://fudunjiequfd.fang.com/
Logger:2020-03-15 17:49:07.533571 https://131182.fang.com/
Logger:2020-03-15 17:49:07.833808 https://longhuxingtu021.fang.com/
Logger:2020-03-15 17:49:08.103608 https://shxthgefsq.fang.com/
Logger:2020-03-15 17:49:08.853363 https://fengmingmeigu.fang.com/
Logger:2020-03-15 17:49:09.253659 https://shengongguanfd.fang.com/
Logger:2020-03-15 17:49:09.573851 https://huayuanchengzs021.fang.com/shop/
Logger:2020-03-15 17:49:09.893701 https://xiuyunlild.fang.com/shop/
Logger:2020-03-15 17:49:10.203659 https://126684.fang.com/
Logger:2020-03-15 17:49:10.553620 https://130514.fang.com/
Logger:2020-03-15 17:49:10.973952 https://268388.fang.com/
Logger:2020-03-15 17:49:17.954119 https://130642.fang.com/
Logger:2020-03-15 17:49:18.273897 https://125998.fang.com/
Logger:2020-03-15 17:49:20.868972 https://126924.fang.com/
Logger:2020-03-15 17:49:21.203644 https://212838.fang.com/
Logger:2020-03-15 17:49:21.453412 https://xinweilaiyuehu.fang.com/
Logger:2020-03-15 17:49:21.743745 https://126928.fang.com/
Logger:2020-03-15 17:49:22.023748 https://xuhuiqiaogaozongheti.fang.com/
Logger:2020-03-15 17:49:22.303593 https://dafangli.fang.com/
Logger:2020-03-15 17:49:22.586301 https://131020.fang.com/
Logger:2020-03-15 17:49:25.883656 https://sh.newhouse.fang.com/house/s/b910/
Logger:2020-03-15 17:49:26.163810 https://131382.fang.com/
Logger:2020-03-15 17:49:28.913637 https://130856.fang.com/
Logger:2020-03-15 17:49:29.253581 https://guozhanwankezhongxin.fang.com/
Logger:2020-03-15 17:49:29.533393 https://131358.fang.com/
Logger:2020-03-15 17:49:29.903463 https://130708.fang.com/
Logger:2020-03-15 17:49:30.293706 https://shanghaipingjinzhongxin.fang.com/
Logger:2020-03-15 17:49:30.563860 https://131100.fang.com/
Logger:2020-03-15 17:49:30.843746 https://wanjinzhongxin.fang.com/
Logger:2020-03-15 17:49:31.133431 https://wutonggongguan2.fang.com/
Logger:2020-03-15 17:49:31.413601 https://dushihuayuanrh.fang.com/
Logger:2020-03-15 17:49:31.853688 https://hupantianxia.fang.com/
Logger:2020-03-15 17:49:32.664136 https://dihuayuanbh.fang.com/
Logger:2020-03-15 17:49:34.073730 https://weinisigongguandy.fang.com/3/
Logger:2020-03-15 17:49:34.454087 https://130374.fang.com/
Logger:2020-03-15 17:49:34.743804 https://055662.fang.com/
Logger:2020-03-15 17:49:35.093785 https://haishangwanluju.fang.com/
Logger:2020-03-15 17:49:35.383925 https://baihuiyuan021.fang.com/
Logger:2020-03-15 17:49:35.764011 https://senlanyigongguan.fang.com/
Logger:2020-03-15 17:49:36.053386 https://xijiaojinmaofu.fang.com/
Logger:2020-03-15 17:49:36.393507 https://langxiangzhenyuandh.fang.com/
Logger:2020-03-15 17:49:40.607200 https://sh.newhouse.fang.com/house/s/b911/
Logger:2020-03-15 17:49:40.893679 https://langxiangzhenyuandh.fang.com/
Logger:2020-03-15 17:49:41.223659 https://qinshuiwanfenghua.fang.com/
Logger:2020-03-15 17:49:41.543660 https://dishuiliananljz.fang.com/
Logger:2020-03-15 17:49:41.973604 https://jinrongjia.fang.com/
Logger:2020-03-15 17:49:42.493580 https://jinxiuli021.fang.com/
Logger:2020-03-15 17:49:42.823851 https://dongfangyueyaoqt.fang.com/
Logger:2020-03-15 17:49:43.313780 https://biboxuefu.fang.com/
Logger:2020-03-15 17:49:43.673563 https://yunjingdongfang.fang.com/
Logger:2020-03-15 17:49:44.023769 https://dongyuechengpf.fang.com/
Logger:2020-03-15 17:49:44.373800 https://jingantianyu.fang.com/
Logger:2020-03-15 17:49:44.673820 https://shengshiyulongwan.fang.com/
Logger:2020-03-15 17:49:45.013567 https://shanghailijingdc.fang.com/
Logger:2020-03-15 17:49:45.513664 https://fushenshidaigongguan.fang.com/
Logger:2020-03-15 17:49:45.913407 https://jinxiuyitingljz.fang.com/
Logger:2020-03-15 17:49:46.263276 https://yishengyuzhonghuan.fang.com/
Logger:2020-03-15 17:49:46.773954 https://jingcuimingdiqt.fang.com/
Logger:2020-03-15 17:49:48.224115 https://tianhuiyuelu.fang.com/
Logger:2020-03-15 17:49:48.743561 https://huangduhuayuan.fang.com/3/
Logger:2020-03-15 17:49:49.143383 https://aisengongguan.fang.com/
Logger:2020-03-15 17:49:49.558326 https://ruiheshanghaiyinxiang.fang.com/
Logger:2020-03-15 17:49:53.603534 https://sh.newhouse.fang.com/house/s/b912/
Logger:2020-03-15 17:49:57.263474 https://jianbang16qu.fang.com/2/
Logger:2020-03-15 17:49:57.624023 https://fenghuangjingyuan.fang.com/
Logger:2020-03-15 17:49:58.048784 https://yangjiangtangdungongguan.fang.com/
Logger:2020-03-15 17:49:58.334139 https://wenjingyuanbs.fang.com/
Logger:2020-03-15 17:49:58.798906 https://zhaoshangzhucheng.fang.com/
Logger:2020-03-15 17:49:59.233794 https://haishangfenghua.fang.com/
Logger:2020-03-15 17:49:59.841524 https://haishangmingzhujh.fang.com/
Logger:2020-03-15 17:50:00.263244 https://gubeitianyujkxh.fang.com/
Logger:2020-03-15 17:50:00.634271 https://zijingnanyuan.fang.com/3/
Logger:2020-03-15 17:50:00.963775 https://gaoshanglingyu2.fang.com/
Logger:2020-03-15 17:50:01.273554 https://chengzhonggongyuanjr.fang.com/
Logger:2020-03-15 17:50:01.684034 https://mingtianhuacheng.fang.com/3/
Logger:2020-03-15 17:50:01.983552 https://puyuemengdixc.fang.com/
Logger:2020-03-15 17:50:02.403644 https://shanghaiyuanzithxd.fang.com/
Logger:2020-03-15 17:50:02.773288 https://tianyuebljd.fang.com/
Logger:2020-03-15 17:50:03.033664 https://jiulu.fang.com/
Logger:2020-03-15 17:50:03.394012 https://bohe.fang.com/
Logger:2020-03-15 17:50:03.673633 https://lvbaojinting.fang.com/
Logger:2020-03-15 17:50:04.023301 https://panguyuanfu.fang.com/
Logger:2020-03-15 17:50:04.363675 https://gubeishangjun.fang.com/
Logger:2020-03-15 17:50:08.263879 https://sh.newhouse.fang.com/house/s/b913/
Logger:2020-03-15 17:50:08.507891 https://tianyuebljd.fang.com/
Logger:2020-03-15 17:50:08.954111 https://jiulu.fang.com/
Logger:2020-03-15 17:50:09.286290 https://xingmaodikd.fang.com/
Logger:2020-03-15 17:50:09.614100 https://wufangyuan021.fang.com/
Logger:2020-03-15 17:50:09.983793 https://dshxygc.fang.com/3/
Logger:2020-03-15 17:50:10.413669 https://yueshanpuyuanxcsk.fang.com/
Logger:2020-03-15 17:50:10.943641 https://hengwenpuyue.fang.com/
Logger:2020-03-15 17:50:11.224343 https://wangyuanhaoting.fang.com/
Logger:2020-03-15 17:50:11.574195 https://yonghefu.fang.com/
Logger:2020-03-15 17:50:11.923876 https://binjiangyipinyuan.fang.com/
Logger:2020-03-15 17:50:12.234300 https://cuihutiandiruiyuan.fang.com/
Logger:2020-03-15 17:50:22.034828 https://dongfangchengshihaoting.fang.com/
Logger:2020-03-15 17:50:22.334674 https://hebinyuansl.fang.com/3/
Logger:2020-03-15 17:50:22.624364 https://yangminghuayuan021.fang.com/
Logger:2020-03-15 17:50:22.923976 https://xiangyuanlidu.fang.com/
Logger:2020-03-15 17:50:23.243731 https://jiayuting.fang.com/
Logger:2020-03-15 17:50:23.544034 https://jianguodonglizh.fang.com/
Logger:2020-03-15 17:50:23.833561 https://dongjiaoluolanbieshu.fang.com/
Logger:2020-03-15 17:50:24.204278 https://fuxinglongyu.fang.com/
Logger:2020-03-15 17:50:33.014261 https://hubintiandi.fang.com/
Logger:2020-03-15 17:50:39.704242 https://sh.newhouse.fang.com/house/s/b914/
Logger:2020-03-15 17:50:40.034875 https://beishangwan.fang.com/
Logger:2020-03-15 17:50:40.553681 https://lingangshoufu.fang.com/
Logger:2020-03-15 17:50:40.984188 https://dongchenyuanzhu.fang.com/
Logger:2020-03-15 17:50:41.444162 https://kangbomingdi.fang.com/
Logger:2020-03-15 17:50:41.721622 https://dongfangyicheng.fang.com/
Logger:2020-03-15 17:50:42.034249 https://jingankangxinjiayuan.fang.com/
Logger:2020-03-15 17:50:42.394218 https://gongyuanqiaozhu.fang.com/
Logger:2020-03-15 17:50:42.843754 https://yangguangxingqi8mingting.fang.com/
Logger:2020-03-15 17:50:43.224034 https://luofeishudh.fang.com/
Logger:2020-03-15 17:50:43.744158 https://haiyuexuandi.fang.com/
Logger:2020-03-15 17:50:44.012099 https://gubeijinyingfu.fang.com/2/
Logger:2020-03-15 17:50:44.343900 https://tiandiyuyuanhf.fang.com/
Logger:2020-03-15 17:50:44.817031 https://taifumingdi.fang.com/
Logger:2020-03-15 17:50:45.138048 https://boshiwaitanjiezj.fang.com/
Logger:2020-03-15 17:50:45.473836 https://tianjiancuiyuan.fang.com/
Logger:2020-03-15 17:50:45.794020 https://haiyuerongting.fang.com/
Logger:2020-03-15 17:50:46.044118 https://huangpuwanlc.fang.com/
Logger:2020-03-15 17:50:46.383823 https://yibinjiang.fang.com/
Logger:2020-03-15 17:50:46.693847 https://bolinyingxiangatxz.fang.com/
Logger:2020-03-15 17:50:47.474146 https://yuqinyuan021.fang.com/2/
Logger:2020-03-15 17:50:50.743876 https://sh.newhouse.fang.com/house/s/b915/
Logger:2020-03-15 17:51:28.147267 https://dongshiqutj.fang.com/
Logger:2020-03-15 17:51:29.009060 https://sheshanxiyue.fang.com/
Logger:2020-03-15 17:51:29.604885 https://yunzhushenlan.fang.com/
Logger:2020-03-15 17:51:30.027776 https://yingtingmingshu.fang.com/
Logger:2020-03-15 17:51:30.910057 https://hongqiaozijungongguangzb.fang.com/
Logger:2020-03-15 17:51:31.341142 https://fenghelijingshangcheng.fang.com/
Logger:2020-03-15 17:51:31.867117 https://fenghuangchengtianjing.fang.com/
Logger:2020-03-15 17:51:32.306101 https://baolinfengjingyuan.fang.com/
Logger:2020-03-15 17:51:34.632560 https://789628.fang.com/
Logger:2020-03-15 17:51:35.074180 https://shanghaiwanhaoting.fang.com/2/
Logger:2020-03-15 17:51:35.442144 https://guojibingjiangcheng.fang.com/
Logger:2020-03-15 17:51:35.879282 https://yujingwyc.fang.com/
Logger:2020-03-15 17:51:36.258341 https://dachengjunjy.fang.com/
Logger:2020-03-15 17:51:36.771649 https://qinheyuan2.fang.com/
Logger:2020-03-15 17:51:37.123948 https://feilegongyuandh.fang.com/
Logger:2020-03-15 17:51:37.526669 https://dongyuangubeishanggongguan.fang.com/
Logger:2020-03-15 17:51:37.853256 https://dahaoshanlinbieshu.fang.com/
Logger:2020-03-15 17:51:38.632400 https://chengshilvzhoujw021.fang.com/5/
Logger:2020-03-15 17:51:39.041062 https://pujiangkunting.fang.com/2/
Logger:2020-03-15 17:51:39.439290 https://nanjiaoshoufuyd.fang.com/
Logger:2020-03-15 17:51:43.196190 https://sh.newhouse.fang.com/house/s/b916/
Logger:2020-03-15 17:51:43.780376 https://kidmallxm.fang.com/
Logger:2020-03-15 17:51:44.068867 https://sheshanyuanzilj.fang.com/
Logger:2020-03-15 17:51:44.491126 https://qiantanhouyuanjb.fang.com/
Logger:2020-03-15 17:51:45.023696 https://sheshanyutingjb.fang.com/
Logger:2020-03-15 17:51:45.445876 https://yuhushangyuanxh021.fang.com/
Logger:2020-03-15 17:51:49.306342 https://kangchengjindilz.fang.com/
Logger:2020-03-15 17:51:49.744825 https://tianheqiantanshidai.fang.com/
Logger:2020-03-15 17:51:50.265488 https://lianzhongduyuehui.fang.com/
Logger:2020-03-15 17:51:53.676991 https://xinyijiating.fang.com/
Logger:2020-03-15 17:51:54.121022 https://junyugongguan021.fang.com/
Logger:2020-03-15 17:51:54.438165 https://guanhuyujing.fang.com/
Logger:2020-03-15 17:51:54.787065 https://huafagongguan.fang.com/
Logger:2020-03-15 17:51:55.163992 https://haishanggongyuanss.fang.com/
Logger:2020-03-15 17:51:55.541978 https://huayuanli2021.fang.com/
Logger:2020-03-15 17:51:58.736354 https://131208.fang.com/
Logger:2020-03-15 17:51:59.053274 https://lvbojingyuan.fang.com/
Logger:2020-03-15 17:51:59.504827 https://binjiangtianditj.fang.com/
Logger:2020-03-15 17:51:59.776146 https://linglongyuefuzyhr.fang.com/
Logger:2020-03-15 17:52:19.505925 https://zonglvtangaoerfu.fang.com/
Logger:2020-03-15 17:52:20.379874 https://xingfuliyc.fang.com/
Logger:2020-03-15 17:52:24.152944 https://sh.newhouse.fang.com/house/s/b917/
Logger:2020-03-15 17:52:29.669339 https://shuixielanting021.fang.com/
Logger:2020-03-15 17:52:30.185603 https://mindehuayuan.fang.com/2/
Logger:2020-03-15 17:52:30.529019 https://fenghuangchengtianyue.fang.com/
Logger:2020-03-15 17:52:30.932572 https://xinchengshangpin.fang.com/
Logger:2020-03-15 17:52:35.534654 https://lanhuwan.fang.com/
Logger:2020-03-15 17:52:35.853021 https://tangchenyipin.fang.com/
Logger:2020-03-15 17:52:36.185142 https://binjiangkaixuanmen.fang.com/
Logger:2020-03-15 17:52:36.586721 https://binjiang18jlc.fang.com/
Logger:2020-03-15 17:52:36.953844 https://dongtingyulongshu.fang.com/
Logger:2020-03-15 17:52:37.289649 https://feicuibinjiangwk2.fang.com/
Logger:2020-03-15 17:52:37.596047 https://changtaixijiaobieshu.fang.com/
Logger:2020-03-15 17:52:38.818358 https://yipinmanchengpx.fang.com/5/
Logger:2020-03-15 17:52:39.206864 https://shangshanghaith.fang.com/
Logger:2020-03-15 17:52:39.599906 https://131408.fang.com/
Logger:2020-03-15 17:52:40.002203 https://wentongshilijian.fang.com/
Logger:2020-03-15 17:52:40.358438 https://jiayubgy.fang.com/
Logger:2020-03-15 17:52:40.791695 https://yongxianfuyz.fang.com/
Logger:2020-03-15 17:52:41.549302 https://aiduobangby.fang.com/
Logger:2020-03-15 17:52:41.899476 https://qiuyuelangtingshangdongqu.fang.com/
Logger:2020-03-15 17:52:42.355600 https://yinheliwan.fang.com/2/
Logger:2020-03-15 17:52:45.989105 https://sh.newhouse.fang.com/house/s/b918/
Logger:2020-03-15 17:52:46.285373 https://xijiaochenzhang.fang.com/
Logger:2020-03-15 17:52:52.805705 https://sheshandongjun.fang.com/
Logger:2020-03-15 17:52:53.266407 https://daxueli021.fang.com/
Logger:2020-03-15 17:52:53.726791 https://jiajingtianchengyy.fang.com/
Logger:2020-03-15 17:52:54.048527 https://nidelanguandi.fang.com/
Logger:2020-03-15 17:52:54.583779 https://yuechenghuating.fang.com/
Logger:2020-03-15 17:52:54.912671 https://shengyushijia.fang.com/
Logger:2020-03-15 17:52:55.288280 https://zhongyangguangchangld021.fang.com/
Logger:2020-03-15 17:52:55.665021 https://xinyuehuating021.fang.com/
Logger:2020-03-15 17:52:56.015661 https://baolongchengshiguangchangfx.fang.com/
Logger:2020-03-15 17:52:56.280581 https://huanqiuzhongxinshfl.fang.com/
Logger:2020-03-15 17:52:56.534286 https://guojidashalt021.fang.com/
Logger:2020-03-15 17:52:56.865185 https://pudongxinghewan.fang.com/
Logger:2020-03-15 17:52:57.288116 https://daningjinmaofu.fang.com/
Logger:2020-03-15 17:52:57.729578 https://jiataowan.fang.com/
Logger:2020-03-15 17:52:58.136983 https://heisenlinzy.fang.com/
Logger:2020-03-15 17:52:58.480639 https://jinganyihaojlc.fang.com/
Logger:2020-03-15 17:52:58.863607 https://gongyuanshijirh.fang.com/
Logger:2020-03-15 17:52:59.238888 https://jinchen.fang.com/
Logger:2020-03-15 17:52:59.746863 https://hupantianxia.fang.com/newhouse/
Logger:2020-03-15 17:53:03.939543 https://sh.newhouse.fang.com/house/s/b919/
Logger:2020-03-15 17:53:04.246126 https://longdejingyuan021.fang.com/
Logger:2020-03-15 17:53:04.671889 https://hongkangzhaohuiyuan.fang.com/
Logger:2020-03-15 17:53:05.012810 https://huaihaimingdi.fang.com/
Logger:2020-03-15 17:53:05.500882 https://haitangwanzj.fang.com/villa/
Logger:2020-03-15 17:53:06.368989 https://tianqinyushebl.fang.com/
Logger:2020-03-15 17:53:06.834539 https://gubeione.fang.com/
Logger:2020-03-15 17:53:07.487974 https://hongqiaorongjing.fang.com/
Logger:2020-03-15 17:53:08.001283 https://xianggelihuayuanlz.fang.com/villa/
Logger:2020-03-15 17:53:08.881453 https://dongchenyuanzhu.fang.com/villa/
Logger:2020-03-15 17:53:10.922503 https://131404.fang.com/
Logger:2020-03-15 17:53:11.342345 https://beichengshidaizt.fang.com/
Logger:2020-03-15 17:53:11.730301 https://shengshihuiting.fang.com/
Logger:2020-03-15 17:53:12.077942 https://fengxianfuliwandaguangchang.fang.com/
Logger:2020-03-15 17:53:12.452845 https://bocuiting.fang.com/
Logger:2020-03-15 17:53:12.764455 https://antingyushu.fang.com/
Logger:2020-03-15 17:53:13.195496 https://waigangyihao.fang.com/
Logger:2020-03-15 17:53:13.662415 https://130274.fang.com/
Logger:2020-03-15 17:53:13.996944 https://bijiasuohuayuanxiaozhen.fang.com/
Logger:2020-03-15 17:53:14.465524 https://jymxgcgy.fang.com/
Logger:2020-03-15 17:53:14.946837 https://yupinyuanlin.fang.com/
Logger:2020-03-15 17:53:19.081369 https://sh.newhouse.fang.com/house/s/b920/
Logger:2020-03-15 17:53:19.496944 https://shqpwandamao.fang.com/
Logger:2020-03-15 17:53:23.561295 https://yuanzhujiangnan.fang.com/
Logger:2020-03-15 17:53:23.960716 https://hushanxiangsongwan.fang.com/
Logger:2020-03-15 17:53:24.426827 https://126630.fang.com/
Logger:2020-03-15 17:53:24.801523 https://dongyawutongshu.fang.com/
Logger:2020-03-15 17:53:25.099641 https://chengshiguangchangyz021.fang.com/
Logger:2020-03-15 17:53:25.358535 https://leyixiaozhenht.fang.com/
Logger:2020-03-15 17:53:25.664546 https://sheshanzhidipml.fang.com/
Logger:2020-03-15 17:53:26.059720 https://shangheshangwuyuan.fang.com/office/
Logger:2020-03-15 17:53:30.433497 https://130472.fang.com/
Logger:2020-03-15 17:53:30.829502 https://shidaiguangchangzy021.fang.com/
Logger:2020-03-15 17:53:31.127746 https://hongjingdongbaqu.fang.com/
Logger:2020-03-15 17:53:31.382792 https://huanchuangzhongxin.fang.com/
Logger:2020-03-15 17:53:31.699011 https://taihemingdu021.fang.com/
Logger:2020-03-15 17:53:31.977625 https://liancheng1hao.fang.com/
Logger:2020-03-15 17:53:32.247207 https://baolongchengshiguangchangqp.fang.com/
Logger:2020-03-15 17:53:32.550044 https://xinghewansh.fang.com/
Logger:2020-03-15 17:53:33.109504 https://jinxiuyulan.fang.com/
Logger:2020-03-15 17:53:33.477338 https://junting021.fang.com/
Logger:2020-03-15 17:53:33.830125 https://dongjiaobieshuhs.fang.com/
Logger:2020-03-15 17:53:37.340883 https://sh.newhouse.fang.com/house/s/b921/
Logger:2020-03-15 17:53:37.640713 https://jinchenyishu.fang.com/
Logger:2020-03-15 17:53:38.059983 https://feilijiadi.fang.com/
Logger:2020-03-15 17:53:38.425892 https://linglongfangjf.fang.com/
Logger:2020-03-15 17:53:38.875786 https://xianyihaohy.fang.com/
Logger:2020-03-15 17:53:39.179758 https://yangguangli021.fang.com/
Logger:2020-03-15 17:53:39.545136 https://sheshanshuianmingdi.fang.com/
Logger:2020-03-15 17:53:40.024388 https://yulanbocui.fang.com/
Logger:2020-03-15 17:53:40.382610 https://senlinhaishangcmsx.fang.com/
Logger:2020-03-15 17:53:41.192339 https://kaixuanhui021.fang.com/
Logger:2020-03-15 17:53:41.509801 https://guojigongyuzh.fang.com/3/
Logger:2020-03-15 17:53:41.935707 https://xingshangwan.fang.com/
Logger:2020-03-15 17:53:42.522332 https://antingxinzhen.fang.com/
Logger:2020-03-15 17:53:43.140154 https://meiguiyuantr.fang.com/
Logger:2020-03-15 17:53:43.563240 https://jiangpanyuting.fang.com/
Logger:2020-03-15 17:53:44.199665 https://yuanyangxiadu.fang.com/
Logger:2020-03-15 17:53:44.660582 https://guangfuhuihs.fang.com/
Logger:2020-03-15 17:53:45.340923 https://meiguigongguangzbrchq.fang.com/
Logger:2020-03-15 17:53:45.780338 https://pujianghuaqiaocheng.fang.com/8/
Logger:2020-03-15 17:53:46.116387 https://liuhebieshu.fang.com/
Logger:2020-03-15 17:53:46.442817 https://yipinmancheng.fang.com/4/
Logger:2020-03-15 17:53:50.532171 https://sh.newhouse.fang.com/house/s/b922/
Logger:2020-03-15 17:53:50.907174 https://jindihuayunzk.fang.com/
Logger:2020-03-15 17:53:51.256792 https://yuelaichengdd.fang.com/
Logger:2020-03-15 17:54:00.660890 https://longwan021.fang.com/
Logger:2020-03-15 17:54:02.075450 https://tanxiangwansh.fang.com/
Logger:2020-03-15 17:54:06.347252 https://089198.fang.com/
Logger:2020-03-15 17:54:06.802424 https://kaididimeixun.fang.com/
Logger:2020-03-15 17:54:07.142034 https://baodiyuanshu.fang.com/
Logger:2020-03-15 17:54:07.704790 https://yujiangjinduby.fang.com/2/
Logger:2020-03-15 17:54:08.175938 https://jinqiuyushang.fang.com/
Logger:2020-03-15 17:54:08.638306 https://beichengtianjielh021.fang.com/
Logger:2020-03-15 17:54:08.986799 https://jinghuagongguanzf.fang.com/
Logger:2020-03-15 17:54:09.293041 https://meixili.fang.com/
Logger:2020-03-15 17:54:09.892399 https://zhujiajiaoxinchengzxtf.fang.com/
Logger:2020-03-15 17:54:15.238369 https://caifuhaijinggongguanghs.fang.com/
Logger:2020-03-15 17:54:15.754613 https://wutongguoji.fang.com/
Logger:2020-03-15 17:54:16.074645 https://rongyuesijidf.fang.com/
Logger:2020-03-15 17:54:16.453520 https://131162.fang.com/
Logger:2020-03-15 17:54:22.287456 https://dongfanghuajingyuan.fang.com/
Logger:2020-03-15 17:54:22.669729 https://764770.fang.com/
Logger:2020-03-15 17:54:23.089101 https://xjswqc2gjqsh.fang.com/
Logger:2020-03-15 17:54:26.789402 https://sh.newhouse.fang.com/house/s/b923/
Logger:2020-03-15 17:54:27.255549 https://yinxiangganggu.fang.com/
Logger:2020-03-15 17:54:27.599990 https://waitanzhongxinld.fang.com/
Logger:2020-03-15 17:54:27.856132 https://longhutianlang021.fang.com/
Logger:2020-03-15 17:54:28.235893 https://huiguyk.fang.com/
Logger:2020-03-15 17:54:28.671904 https://dongfangyidecheng.fang.com/
Logger:2020-03-15 17:54:29.001142 https://mingyuehaotinghw.fang.com/
Logger:2020-03-15 17:54:29.568121 https://aiqinhaizz.fang.com/
Logger:2020-03-15 17:54:29.869757 https://hejingwanjingfeng.fang.com/
Logger:2020-03-15 17:54:30.206127 https://d9kongjiannf.fang.com/
Logger:2020-03-15 17:54:31.957327 https://hongqiaoshangwuguangchangrz.fang.com/
Logger:2020-03-15 17:54:32.369802 https://guojizhongxinyuegongguanzj.fang.com/
Logger:2020-03-15 17:54:32.667392 https://guojizhongxinztnd.fang.com/
Logger:2020-03-15 17:54:33.005427 https://xingtiandiyh.fang.com/
Logger:2020-03-15 17:54:33.416553 https://131058.fang.com/
Logger:2020-03-15 17:54:33.883049 https://127090.fang.com/
Logger:2020-03-15 17:54:34.470371 https://bairunshidai.fang.com/
Logger:2020-03-15 17:54:34.798572 https://feicuigongyuanwk.fang.com/shop/
Logger:2020-03-15 17:54:35.092471 https://tianyuguojiguangchangsn.fang.com/
Logger:2020-03-15 17:54:35.524585 https://lanyunwenhuazhongxin.fang.com/
Logger:2020-03-15 17:54:35.874817 https://131180.fang.com/
Logger:2020-03-15 17:54:39.908040 https://sh.newhouse.fang.com/house/s/b924/
Logger:2020-03-15 17:54:40.233530 https://yuyangdongshouan.fang.com/
Logger:2020-03-15 17:54:41.905988 https://yangyuncun.fang.com/
Logger:2020-03-15 17:54:42.170652 https://tongjichuangyuan.fang.com/
Logger:2020-03-15 17:54:42.446222 https://nanjiaoyipin.fang.com/
Logger:2020-03-15 17:54:42.886993 https://tianheshangyeguangchang.fang.com/
Logger:2020-03-15 17:54:43.338548 https://baolongchengshiguangchangjd.fang.com/
Logger:2020-03-15 17:54:43.604780 https://yipinmanchengpx.fang.com/shop/
Logger:2020-03-15 17:54:43.898652 https://zhonghuanqiyeguangchanghy.fang.com/
Logger:2020-03-15 17:54:44.237829 https://haomengxianggu.fang.com/
Logger:2020-03-15 17:54:44.492496 https://fushenshangyezhongxin.fang.com/
Logger:2020-03-15 17:54:44.868755 https://mofangxingtiandi.fang.com/
Logger:2020-03-15 17:54:45.204149 https://shanghuihaoting.fang.com/3/
Logger:2020-03-15 17:54:45.566464 https://changfengruishijingting.fang.com/
Logger:2020-03-15 17:54:46.150529 https://taohuayuanrc021.fang.com/
Logger:2020-03-15 17:54:47.231108 https://kechuangyuanzh.fang.com/
Logger:2020-03-15 17:54:47.494503 https://dongjiaoyihao.fang.com/
Logger:2020-03-15 17:54:47.901315 https://gubeizhongyanggongyuan.fang.com/
Logger:2020-03-15 17:54:48.249415 https://jiangyuemingtingqt.fang.com/
Logger:2020-03-15 17:54:48.672722 https://zhongshanxuelinyuan.fang.com/
Logger:2020-03-15 17:54:49.052485 https://gongyuanyihaoyy.fang.com/
Logger:2020-03-15 17:54:53.222264 https://sh.newhouse.fang.com/house/s/b925/
Logger:2020-03-15 17:54:53.520344 https://xinxijiaols.fang.com/
Logger:2020-03-15 17:54:53.953165 https://shangfengmingdi021.fang.com/
Logger:2020-03-15 17:54:54.297019 https://sheshandongziyuan.fang.com/
Logger:2020-03-15 17:54:54.663765 https://jiutingzhongxin.fang.com/
Logger:2020-03-15 17:54:55.016212 https://huatingmingyuanlz.fang.com/
Logger:2020-03-15 17:54:55.507830 https://yuehushanzhuang.fang.com/
Logger:2020-03-15 17:54:56.030443 https://fulizhongxinhq.fang.com/
Logger:2020-03-15 17:54:56.415433 https://jinlingguoji021.fang.com/villa/
Logger:2020-03-15 17:54:56.856236 https://yiwanliting.fang.com/
Logger:2020-03-15 17:54:57.282296 https://jiuxi021.fang.com/
Logger:2020-03-15 17:54:57.674535 https://hongzhaojinting.fang.com/
Logger:2020-03-15 17:54:58.089950 https://chenganruiyuan.fang.com/
Logger:2020-03-15 17:54:58.451075 https://sheshanyipin.fang.com/
Logger:2020-03-15 17:55:55.132960 https://zhengrongguoling.fang.com/
Logger:2020-03-15 17:55:56.064471 https://pinzunguoji021.fang.com/
Logger:2020-03-15 17:56:02.553243 https://130718.fang.com/
Logger:2020-03-15 17:56:02.826847 https://xianghewanggong.fang.com/
Logger:2020-03-15 17:56:03.099496 https://shanghaitingqianth.fang.com/
Logger:2020-03-15 17:56:03.559288 https://jbxlmzqht.fang.com/
Logger:2020-03-15 17:56:03.828759 https://huatingshoufu.fang.com/
Logger:2020-03-15 17:56:07.815396 https://sh.newhouse.fang.com/house/s/b926/
Logger:2020-03-15 17:56:08.057470 https://wkxgzdhcxm.fang.com/
Logger:2020-03-15 17:56:08.353847 https://jingangongguanlc021.fang.com/
Logger:2020-03-15 17:56:08.610832 https://qianshan.fang.com/
Logger:2020-03-15 17:56:15.422014 https://131416.fang.com/
Logger:2020-03-15 17:56:15.805662 https://anlanxijiao.fang.com/
Logger:2020-03-15 17:56:24.951987 https://shanghaijingyuanzd.fang.com/
Logger:2020-03-15 17:56:25.306169 https://xiangyubinjiangyuefu.fang.com/
Logger:2020-03-15 17:56:25.625658 https://shengdezhuangyuan.fang.com/
Logger:2020-03-15 17:56:26.093554 https://126762.fang.com/
Logger:2020-03-15 17:56:26.389948 https://yulantianyuelx.fang.com/
Logger:2020-03-15 17:56:26.679666 https://yifangzhongxin021.fang.com/
Logger:2020-03-15 17:56:26.907632 https://mingdechuanqiyijingting.fang.com/
Logger:2020-03-15 17:56:27.179891 https://zhongjuntianlong.fang.com/
Logger:2020-03-15 17:56:27.531053 https://yulonggongtingjdy.fang.com/
Logger:2020-03-15 17:56:27.966211 https://huixiange.fang.com/villa/
Logger:2020-03-15 17:56:28.299260 https://sheshanyuanzidongyuanlj.fang.com/
Logger:2020-03-15 17:56:28.652561 https://huting.fang.com/
Logger:2020-03-15 17:56:28.916589 https://longhutianju021.fang.com/
Logger:2020-03-15 17:56:29.173356 https://haiyangkejigangshcx.fang.com/
Logger:2020-03-15 17:56:29.399328 https://jingyuanmingshu.fang.com/villa/
Logger:2020-03-15 17:56:32.695304 https://sh.newhouse.fang.com/house/s/b927/
Logger:2020-03-15 17:56:32.949039 https://jiayutianhui.fang.com/
Logger:2020-03-15 17:56:33.224487 https://131390.fang.com/
Logger:2020-03-15 17:56:47.964384 https://bandaojunwang.fang.com/
Logger:2020-03-15 17:56:48.402009 https://dongfanghuigu.fang.com/
Logger:2020-03-15 17:56:48.644157 https://zhujingmingyuan.fang.com/
Logger:2020-03-15 17:56:48.917506 https://binjiangzhongxinljz.fang.com/
Logger:2020-03-15 17:56:54.636201 https://guojigaoerfushequlh.fang.com/
Logger:2020-03-15 17:56:54.940941 https://leyaji.fang.com/
Logger:2020-03-15 17:56:55.150616 https://126776.fang.com/
Logger:2020-03-15 17:56:55.424771 https://huataishangwuzhongxin.fang.com/
Logger:2020-03-15 17:56:59.052990 https://131012.fang.com/
Logger:2020-03-15 17:56:59.396880 https://tiandiqingchunlisd.fang.com/2/
Logger:2020-03-15 17:56:59.629488 https://yueyaolanyuanqt.fang.com/office/
Logger:2020-03-15 17:56:59.879387 https://guojizhongxinxhl.fang.com/
Logger:2020-03-15 17:57:06.755961 https://yudaocaifugongguan.fang.com/
Logger:2020-03-15 17:57:07.052760 https://126706.fang.com/
Logger:2020-03-15 17:57:07.421340 https://haiwanyishu.fang.com/
Logger:2020-03-15 17:57:07.895461 https://jialibuyecheng.fang.com/
Logger:2020-03-15 17:57:08.117510 https://yufengshangdu.fang.com/
Logger:2020-03-15 17:57:08.382514 https://tongyongyushu.fang.com/
Logger:2020-03-15 17:57:11.610389 https://sh.newhouse.fang.com/house/s/b928/
Logger:2020-03-15 17:57:11.860474 https://133shijieguangchang.fang.com/
Logger:2020-03-15 17:57:48.497972 https://shijixingchengzy.fang.com/villa/
Logger:2020-03-15 17:57:49.197441 https://shangyeguangchangblcm.fang.com/
Logger:2020-03-15 17:57:53.174677 https://131372.fang.com/
Logger:2020-03-15 17:57:53.478358 https://guojiguangchangsd.fang.com/
Logger:2020-03-15 17:57:53.784461 https://gongyuanyangshujf.fang.com/
Logger:2020-03-15 17:57:54.044735 https://jialongguoji.fang.com/
Logger:2020-03-15 17:57:54.358276 https://hongxingguojiguangchangxh.fang.com/
Logger:2020-03-15 17:57:54.676159 https://125842.fang.com/
Logger:2020-03-15 17:57:55.025685 https://longxitaizz.fang.com/
Logger:2020-03-15 17:57:58.925249 https://131350.fang.com/
Logger:2020-03-15 17:57:59.338700 https://126392.fang.com/
Logger:2020-03-15 17:57:59.695348 https://130710.fang.com/
Logger:2020-03-15 17:58:00.088197 https://longhuawankezhongxin.fang.com/
Logger:2020-03-15 17:58:00.471017 https://131352.fang.com/
Logger:2020-03-15 17:58:00.812511 https://baolongchengshiguangchangqb.fang.com/
Logger:2020-03-15 17:58:01.281459 https://zhongjinxinzuo.fang.com/
Logger:2020-03-15 17:58:01.553527 https://kuailechengtz.fang.com/
Logger:2020-03-15 17:58:01.840774 https://manhadunld.fang.com/office/
Logger:2020-03-15 17:58:02.172244 https://caifuguangchangjfgj.fang.com/shop/
Logger:2020-03-15 17:58:05.921725 https://sh.newhouse.fang.com/house/s/b929/
Logger:2020-03-15 17:58:06.244361 https://lianggangzhuangshichengsh.fang.com/shop/
Logger:2020-03-15 17:58:06.551880 https://baolongchenghq.fang.com/
Logger:2020-03-15 17:58:06.893350 https://130984.fang.com/
Logger:2020-03-15 17:58:07.378676 https://senlinli021.fang.com/
Logger:2020-03-15 17:58:07.638960 https://jinrongzhongxinjzy.fang.com/
Logger:2020-03-15 17:58:07.928919 https://yihaoguangchangzt.fang.com/
Logger:2020-03-15 17:58:08.221130 https://qixinhongdiancheng.fang.com/
Logger:2020-03-15 17:58:08.478876 https://ditelvcaifutiandi.fang.com/office/
Logger:2020-03-15 17:58:08.824067 https://wanlishangyeguangchanghs.fang.com/
Logger:2020-03-15 17:58:11.578958 https://933584.fang.com/
Logger:2020-03-15 17:58:11.894876 https://jinqiaoguojiyz.fang.com/shop/
Logger:2020-03-15 17:58:12.206066 https://ziyingge.fang.com/
Logger:2020-03-15 17:58:12.630536 https://dashaytld.fang.com/
Logger:2020-03-15 17:58:12.913943 https://caifuzhongxinyy021.fang.com/
Logger:2020-03-15 17:58:13.239034 https://senlanmeihuan.fang.com/
Logger:2020-03-15 17:58:13.528554 https://jiatiandicr.fang.com/
Logger:2020-03-15 17:58:13.816248 https://hongqiaoshidaiguangchang.fang.com/
Logger:2020-03-15 17:58:14.122515 https://caizhilingdi.fang.com/
Logger:2020-03-15 17:58:14.475019 https://131380.fang.com/
Logger:2020-03-15 17:58:14.797938 https://senlin1haoxtxtdp.fang.com/
Logger:2020-03-15 17:58:18.066594 https://sh.newhouse.fang.com/house/s/b930/
Logger:2020-03-15 17:58:18.362685 https://fankechengbao.fang.com/
Logger:2020-03-15 17:58:18.704926 https://127012.fang.com/
Logger:2020-03-15 17:58:19.077437 https://131346.fang.com/
Logger:2020-03-15 17:58:19.425927 https://131378.fang.com/
Logger:2020-03-15 17:58:19.755122 https://tongjiyixiandasha.fang.com/
Logger:2020-03-15 17:58:20.056773 https://130470.fang.com/
Logger:2020-03-15 17:58:20.627522 https://044418.fang.com/
Logger:2020-03-15 17:58:21.091402 https://xinhuanguangchangsh.fang.com/
Logger:2020-03-15 17:58:21.397981 https://130544.fang.com/
Logger:2020-03-15 17:58:21.749939 https://hengduguangchang.fang.com/
Logger:2020-03-15 17:58:22.100460 https://hongxingguojiguangchangjs.fang.com/
Logger:2020-03-15 17:58:23.609561 https://hongfanggq.fang.com/
Logger:2020-03-15 17:58:23.919134 https://pinggaoshimaozhongxin.fang.com/
Logger:2020-03-15 17:58:24.208558 https://131356.fang.com/
Logger:2020-03-15 17:58:24.547516 https://125920021.fang.com/
Logger:2020-03-15 17:58:24.912332 https://xihongqiaoyihaotodhood.fang.com/
Logger:2020-03-15 17:58:25.197368 https://130714.fang.com/
Logger:2020-03-15 17:58:25.553380 https://xiantangshangyebuxingjie.fang.com/
Logger:2020-03-15 17:58:30.090864 https://131374.fang.com/
Logger:2020-03-15 17:58:32.283771 https://131368.fang.com/
Logger:2020-03-15 17:58:35.650813 https://sh.newhouse.fang.com/house/s/b931/
Logger:2020-03-15 17:58:36.169058 https://wanxiangqiyezhongxin.fang.com/
Logger:2020-03-15 17:58:36.415295 https://mofangshequ.fang.com/
Logger:2020-03-15 17:58:36.652459 https://binfenguangchangld.fang.com/
Logger:2020-03-15 17:58:37.034007 https://manhadunld.fang.com/shop/
Logger:2020-03-15 17:58:37.320025 https://jiadingbaolongzhongxin.fang.com/
Logger:2020-03-15 17:58:37.599793 https://shangyingguangchang021.fang.com/
Logger:2020-03-15 17:58:37.828592 https://shidaiguangchangyf021.fang.com/
Logger:2020-03-15 17:58:38.088841 https://jiatianxiajf.fang.com/shop/
Logger:2020-03-15 17:58:38.378820 https://caifuguangchangzmsj.fang.com/
Logger:2020-03-15 17:58:38.648772 https://guojishangwuguangchangxy.fang.com/
Logger:2020-03-15 17:58:38.908861 https://131344.fang.com/
Logger:2020-03-15 17:58:39.195320 https://guojishangwuguangchangxy.fang.com/
Logger:2020-03-15 17:58:39.458894 https://shangwuzhongxindy.fang.com/
Logger:2020-03-15 17:58:42.113700 https://130458.fang.com/
Logger:2020-03-15 17:58:42.464519 https://131348.fang.com/
Logger:2020-03-15 17:58:42.816179 https://jinrongjierongyuezhongxin.fang.com/
Logger:2020-03-15 17:58:43.074897 https://130640.fang.com/
Logger:2020-03-15 17:58:43.367594 https://xinminwankezhongxin.fang.com/
Logger:2020-03-15 17:58:43.703749 https://125796.fang.com/
Logger:2020-03-15 17:58:43.928883 https://mlgjsyjsh.fang.com/
Logger:2020-03-15 17:58:47.648694 https://sh.newhouse.fang.com/house/s/b932/
Logger:2020-03-15 17:58:47.899063 https://binjiangzhongxinyy.fang.com/
Logger:2020-03-15 17:58:48.161175 https://11jiequsct.fang.com/office/
Logger:2020-03-15 17:58:50.104061 https://131280.fang.com/
Logger:2020-03-15 17:58:50.513598 https://linglongfangjf.fang.com/shop/
Logger:2020-03-15 17:58:50.799218 https://fengxianjidixiangmuhy.fang.com/
Logger:2020-03-15 17:58:51.039030 https://changxingkechuangzhongxintazgsh.fang.com/
Logger:2020-03-15 17:58:52.726279 https://zhongdianxinxigang.fang.com/
Logger:2020-03-15 17:58:53.054397 https://shidaiguangchanglhtdswe.fang.com/
Logger:2020-03-15 17:58:53.293904 https://jinrongjierongtaizhongxin.fang.com/
Logger:2020-03-15 17:58:53.548218 https://131438.fang.com/
Logger:2020-03-15 17:58:53.998637 https://yuetingrhxc.fang.com/
Logger:2020-03-15 17:58:54.407544 https://xiuyunlild.fang.com/
Logger:2020-03-15 17:58:55.949129 https://yujingwanhd021.fang.com/
Logger:2020-03-15 17:58:56.289307 https://bingjiangyihaoyuanrc.fang.com/2/
Logger:2020-03-15 17:58:56.618860 https://sheshanshoufuhd.fang.com/
Logger:2020-03-15 17:58:56.979162 https://xinhualianaolaiwan.fang.com/
Logger:2020-03-15 17:58:57.338845 https://jindixiyue.fang.com/
Logger:2020-03-15 17:58:57.698966 https://tianyuebinjiangsc.fang.com/
Logger:2020-03-15 17:58:58.008612 https://sheshanjiulihr2.fang.com/
Logger:2020-03-15 17:58:58.338879 https://zhenshuianyuan.fang.com/
Logger:2020-03-15 17:59:02.494062 https://sh.newhouse.fang.com/house/s/b933/
Logger:2020-03-15 17:59:02.787684 https://yulanyayuanyj.fang.com/
Logger:2020-03-15 17:59:03.218842 https://biyuntiandh.fang.com/
Logger:2020-03-15 17:59:03.544545 https://lingguanyihaoyuanrc.fang.com/
Logger:2020-03-15 17:59:03.938842 https://lvditiancheng.fang.com/
Logger:2020-03-15 17:59:04.328717 https://shuangduhuijd.fang.com/
Logger:2020-03-15 17:59:04.853781 https://jindixiwan.fang.com/
Logger:2020-03-15 17:59:05.269144 https://yongjingwanzj.fang.com/
Logger:2020-03-15 17:59:06.148573 https://huizhigongyu.fang.com/
Logger:2020-03-15 17:59:09.109537 https://pandahuating.fang.com/
Logger:2020-03-15 17:59:09.424957 https://11jiequsct.fang.com/
Logger:2020-03-15 17:59:09.772112 https://yihaoyuanljz.fang.com/
Logger:2020-03-15 17:59:10.283814 https://dongfangyipinqt.fang.com/
Logger:2020-03-15 17:59:10.692859 https://rongchuangyihaofu.fang.com/
Logger:2020-03-15 17:59:11.048601 https://tianpuyazhulh.fang.com/
Logger:2020-03-15 17:59:11.466414 https://bailanjingshe.fang.com/
Logger:2020-03-15 17:59:11.814661 https://binjiangyueygc.fang.com/
Logger:2020-03-15 17:59:12.155511 https://jinrongjierongfu.fang.com/
Logger:2020-03-15 17:59:12.448635 https://tanyue101ygc.fang.com/
Logger:2020-03-15 17:59:12.858993 https://hongqiaoshijiajd.fang.com/
Logger:2020-03-15 17:59:13.168967 https://hongqiaoyuefuxy.fang.com/
Logger:2020-03-15 17:59:16.909500 https://sh.newhouse.fang.com/house/s/b934/
Logger:2020-03-15 17:59:17.237297 https://zhongjuntianjing2021.fang.com/
Logger:2020-03-15 17:59:17.628917 https://yueshanjinglixcsk.fang.com/
Logger:2020-03-15 17:59:18.031095 https://lvditiancheng.fang.com/villa/
Logger:2020-03-15 17:59:18.428768 https://yiyunwanxiaochengxh.fang.com/3/
Logger:2020-03-15 17:59:18.794947 https://jinxiuxianzj.fang.com/
Logger:2020-03-15 17:59:19.187329 https://yueshanmingyuexcsk.fang.com/
Logger:2020-03-15 17:59:22.885773 https://xiyueqinglangsc.fang.com/
Logger:2020-03-15 17:59:23.378437 https://xihongqiaoyihao.fang.com/
Logger:2020-03-15 17:59:27.851264 https://yipinlanwanhy.fang.com/
Logger:2020-03-15 17:59:28.159139 https://qianlongguangchangfs021.fang.com/
Logger:2020-03-15 17:59:32.768890 https://shijizhimenronglianjiayuan.fang.com/
Logger:2020-03-15 17:59:33.058921 https://sanxianghaishangzj.fang.com/
Logger:2020-03-15 17:59:33.459009 https://madeliyangfangxjzy.fang.com/
Logger:2020-03-15 17:59:40.058768 https://boluokegongguanxl.fang.com/
Logger:2020-03-15 17:59:40.638777 https://junyuefuzn.fang.com/
Logger:2020-03-15 17:59:41.177282 https://mengzhixingjb.fang.com/
Logger:2020-03-15 17:59:41.518659 https://mengzhiyuehuatingjb.fang.com/
Logger:2020-03-15 17:59:41.949192 https://meiguigongguanbgy.fang.com/
Logger:2020-03-15 17:59:42.324300 https://zhuoyueweigang021.fang.com/
Logger:2020-03-15 17:59:42.628966 https://jiahemeiyuan.fang.com/
Logger:2020-03-15 17:59:46.475398 https://sh.newhouse.fang.com/house/s/b935/
Logger:2020-03-15 17:59:46.803874 https://dingxiangliyz.fang.com/
Logger:2020-03-15 17:59:47.139515 https://dongyuangongguan021.fang.com/
Logger:2020-03-15 17:59:47.508846 https://rongxinbojue.fang.com/
Logger:2020-03-15 17:59:47.908789 https://feiligongguanbl.fang.com/shop/
Logger:2020-03-15 17:59:48.188664 https://zhongyanggongyuanat.fang.com/
Logger:2020-03-15 17:59:48.567531 https://yuelinyayuan.fang.com/
Logger:2020-03-15 17:59:48.948469 https://haishangyijiequ.fang.com/
Logger:2020-03-15 17:59:49.318584 https://yipinguoji021.fang.com/
Logger:2020-03-15 17:59:49.558740 https://haishangjinjiesx.fang.com/shop/
Logger:2020-03-15 17:59:49.828487 https://zgshjrkjzxsj.fang.com/
Logger:2020-03-15 17:59:50.103632 https://lanbaogongguan.fang.com/shop/
Logger:2020-03-15 17:59:50.498800 https://yidongzhidi.fang.com/
Logger:2020-03-15 17:59:50.928939 https://126226.fang.com/
Logger:2020-03-15 17:59:51.208688 https://126220.fang.com/
Logger:2020-03-15 17:59:54.559046 https://126218.fang.com/
Logger:2020-03-15 17:59:54.908734 https://126222.fang.com/
Logger:2020-03-15 17:59:55.351212 https://shztgdkjy.fang.com/
Logger:2020-03-15 17:59:55.615733 https://126224.fang.com/
Logger:2020-03-15 18:00:11.139783 https://126228.fang.com/
Logger:2020-03-15 18:00:11.414954 https://zhongxinguangchang2.fang.com/
Logger:2020-03-15 18:00:14.672726 https://sh.newhouse.fang.com/house/s/b936/
Logger:2020-03-15 18:00:14.870040 https://diweishenghuoguangchang.fang.com/
Logger:2020-03-15 18:00:15.109354 https://yj1940wccyyq.fang.com/
Logger:2020-03-15 18:00:15.368773 https://qiyejiayuansc.fang.com/
Logger:2020-03-15 18:00:17.989472 https://qiyejiayuansc.fang.com/shop/
Logger:2020-03-15 18:00:21.509938 https://sh.newhouse.fang.com/house/s/b937/
Logger:2020-03-15 18:00:25.389945 https://sh.newhouse.fang.com/house/s/b938/
Logger:2020-03-15 18:00:29.240177 https://sh.newhouse.fang.com/house/s/b939/
