Logger:2020-03-16 00:52:57.803243 https://shanwei.newhouse.fang.com/house/s/b91/
Logger:2020-03-16 00:52:59.554811 https://hongjingyuanyujingyihao.fang.com/
Logger:2020-03-16 00:52:59.773509 https://jindingwanbl.fang.com/
Logger:2020-03-16 00:53:00.164043 https://shanweiwanxiangtiandi.fang.com/
Logger:2020-03-16 00:53:04.653361 https://longguangjiulongfu0660.fang.com/
Logger:2020-03-16 00:53:04.856437 https://bllgg0660.fang.com/
Logger:2020-03-16 00:53:05.137622 https://biguiyuandonghuicheng.fang.com/
Logger:2020-03-16 00:53:07.492332 https://bgyxz0660.fang.com/
Logger:2020-03-16 00:53:09.174303 https://hfyjhf.fang.com/
Logger:2020-03-16 00:53:09.408099 https://hdylwsw.fang.com/
Logger:2020-03-16 00:53:09.643025 https://biguiyuanlf.fang.com/
Logger:2020-03-16 00:53:09.892928 https://huahuixindulf.fang.com/
Logger:2020-03-16 00:53:11.627020 https://jieshibandaobiguiyuan.fang.com/
Logger:2020-03-16 00:53:13.976296 https://swhdpqsf.fang.com/
Logger:2020-03-16 00:53:15.663883 https://binjianghuachenglf.fang.com/
Logger:2020-03-16 00:53:18.609818 https://shidaichengbgy0660.fang.com/
Logger:2020-03-16 00:53:20.765770 https://shanweidongshenghuating.fang.com/
Logger:2020-03-16 00:53:21.000092 https://yongyuehaoyuan.fang.com/
Logger:2020-03-16 00:53:21.265697 https://ssldzx0660.fang.com/
Logger:2020-03-16 00:53:21.469281 https://xinghewansw.fang.com/
Logger:2020-03-16 00:53:23.468783 https://ganglongcheng0660.fang.com/
Logger:2020-03-16 00:53:26.985167 https://shanwei.newhouse.fang.com/house/s/b92/
Logger:2020-03-16 00:53:27.203496 https://huayaoshoufu.fang.com/
Logger:2020-03-16 00:53:27.438244 https://biguiyuanlh.fang.com/
Logger:2020-03-16 00:53:27.687710 https://yajuleshanhaijun.fang.com/
Logger:2020-03-16 00:53:29.756387 https://shanweidiyicheng.fang.com/
Logger:2020-03-16 00:53:31.677806 https://hxjsw0660.fang.com/
Logger:2020-03-16 00:53:33.958476 https://shangyuemingting2.fang.com/
Logger:2020-03-16 00:53:35.913381 https://huafufenghuangchengbgy.fang.com/
Logger:2020-03-16 00:53:36.163888 https://tianluanshanhf.fang.com/
Logger:2020-03-16 00:53:36.398072 https://sdsahf.fang.com/
Logger:2020-03-16 00:53:36.637266 https://huaxiayangguangsw.fang.com/
Logger:2020-03-16 00:53:36.902828 https://lufengbiguiyuantianxiwan.fang.com/
Logger:2020-03-16 00:53:37.168391 https://hxdfmz.fang.com/
Logger:2020-03-16 00:53:37.403403 https://delongyichengzhongxinw.fang.com/
Logger:2020-03-16 00:53:40.507362 https://swwsgc.fang.com/
Logger:2020-03-16 00:53:40.726153 https://blhdgg0660.fang.com/
Logger:2020-03-16 00:53:43.022913 https://xinchenghuyue.fang.com/
Logger:2020-03-16 00:53:43.491032 https://shanweijunlinxincheng.fang.com/
Logger:2020-03-16 00:53:43.732977 https://shanweiyihao.fang.com/
Logger:2020-03-16 00:53:43.982199 https://zhengshenghuafu.fang.com/
Logger:2020-03-16 00:53:45.691847 https://hfxhw.fang.com/
Logger:2020-03-16 00:53:48.940456 https://shanwei.newhouse.fang.com/house/s/b93/
Logger:2020-03-16 00:53:49.143533 https://haifenglongyuandasha.fang.com/
Logger:2020-03-16 00:53:49.378318 https://xinghewan0660.fang.com/2/
Logger:2020-03-16 00:53:49.596580 https://lfbgylcyh.fang.com/
Logger:2020-03-16 00:53:49.878145 https://ruichenghuayuan0660.fang.com/
Logger:2020-03-16 00:53:51.876801 https://qihangguoji.fang.com/
Logger:2020-03-16 00:53:52.454520 https://fujiamingcheng.fang.com/
Logger:2020-03-16 00:53:52.664618 https://fenghuangyihao.fang.com/
Logger:2020-03-16 00:53:52.976718 https://yujingzhongyanglf.fang.com/
Logger:2020-03-16 00:53:55.443069 https://zjdwysdmd.fang.com/
Logger:2020-03-16 00:53:55.693045 https://lianfenghuayuan0660.fang.com/
Logger:2020-03-16 00:53:58.176374 https://huatailou.fang.com/
Logger:2020-03-16 00:54:00.285251 https://shijimingmen2.fang.com/
Logger:2020-03-16 00:54:02.111752 https://fuliyuexi.fang.com/
Logger:2020-03-16 00:54:05.723394 https://shanwei.newhouse.fang.com/house/s/b94/
Logger:2020-03-16 00:54:09.213970 https://shanwei.newhouse.fang.com/house/s/b95/
Logger:2020-03-16 00:54:12.704328 https://shanwei.newhouse.fang.com/house/s/b96/
