Logger:2020-03-17 00:49:59.123050 https://shangyu.newhouse.fang.com/house/s/b91/
Logger:2020-03-17 00:49:59.370345 https://yuefengli.fang.com/
Logger:2020-03-17 00:49:59.660567 https://wanyuecheng0575.fang.com/
Logger:2020-03-17 00:49:59.895937 https://tyyqls.fang.com/
Logger:2020-03-17 00:50:00.200124 https://gltj.fang.com/
Logger:2020-03-17 00:50:00.432542 https://donglinfu.fang.com/
Logger:2020-03-17 00:50:00.724722 https://yashajinchenfu.fang.com/
Logger:2020-03-17 00:50:05.586756 https://hefengyayuan0575.fang.com/
Logger:2020-03-17 00:50:05.919866 https://kangyedongyuefu.fang.com/
Logger:2020-03-17 00:50:06.176138 https://lcsyjnl.fang.com/
Logger:2020-03-17 00:50:06.438480 https://yunxiwangfu.fang.com/
Logger:2020-03-17 00:50:08.117985 https://glbyf.fang.com/
Logger:2020-03-17 00:50:08.372283 https://bldgj0575.fang.com/
Logger:2020-03-17 00:50:08.623618 https://shiliudichan.fang.com/
Logger:2020-03-17 00:50:08.896859 https://feicuiyufu.fang.com/
Logger:2020-03-17 00:50:09.164174 https://haiyuetj.fang.com/
Logger:2020-03-17 00:50:10.694093 https://zxyjy0575.fang.com/
Logger:2020-03-17 00:50:12.213985 https://qingyuefu.fang.com/
Logger:2020-03-17 00:50:12.513228 https://lccszg.fang.com/
Logger:2020-03-17 00:50:12.760560 https://jiangyuchengys.fang.com/
Logger:2020-03-17 00:50:15.389543 https://wandaguangchangsy0575.fang.com/
Logger:2020-03-17 00:50:20.554672 https://shangyu.newhouse.fang.com/house/s/b92/
Logger:2020-03-17 00:50:20.816015 https://jiangnanshoufu0575.fang.com/
Logger:2020-03-17 00:50:21.123195 https://jinchangyuefu.fang.com/
Logger:2020-03-17 00:50:22.593266 https://yonghuajingyuan.fang.com/
Logger:2020-03-17 00:50:22.827634 https://haidejingyuanjw.fang.com/
Logger:2020-03-17 00:50:24.538048 https://tianfengxincheng0575.fang.com/3/
Logger:2020-03-17 00:50:24.824294 https://wolongtianxiangnanyuan.fang.com/
Logger:2020-03-17 00:50:25.099539 https://ruizejiayuan0575.fang.com/
Logger:2020-03-17 00:50:25.363808 https://shimaoyuntu20575.fang.com/
Logger:2020-03-17 00:50:25.598206 https://xinkangjiayuan0575.fang.com/
Logger:2020-03-17 00:50:26.893796 https://wolongdongfangjun.fang.com/
Logger:2020-03-17 00:50:28.817611 https://wlwcf.fang.com/
Logger:2020-03-17 00:50:30.898045 https://longshanmeiguiyuanlc.fang.com/
Logger:2020-03-17 00:50:32.408961 https://jinlanyuefu0575.fang.com/
Logger:2020-03-17 00:50:34.450535 https://xinyuewangfu.fang.com/
Logger:2020-03-17 00:50:36.994693 https://longshanwangfusy.fang.com/
Logger:2020-03-17 00:50:37.242032 https://biyunfu.fang.com/
Logger:2020-03-17 00:50:37.474409 https://longshanguandi0575.fang.com/
Logger:2020-03-17 00:50:37.763636 https://yukunguoji.fang.com/
Logger:2020-03-17 00:50:38.017993 https://bjxintiandi.fang.com/
Logger:2020-03-17 00:50:38.256318 https://jiayuehuayuan20575.fang.com/
Logger:2020-03-17 00:50:41.805822 https://shangyu.newhouse.fang.com/house/s/b93/
Logger:2020-03-17 00:50:44.280203 https://hywlsq.fang.com/
Logger:2020-03-17 00:50:44.553502 https://guanlanguoji0575.fang.com/
Logger:2020-03-17 00:50:46.005588 https://shangyuwanjindasha.fang.com/
Logger:2020-03-17 00:50:47.554482 https://jysygc0575.fang.com/
Logger:2020-03-17 00:50:47.795840 https://kfxtd.fang.com/
Logger:2020-03-17 00:50:48.003243 https://hongxiangshengfu.fang.com/
Logger:2020-03-17 00:50:51.492953 https://shangyu.newhouse.fang.com/house/s/b94/
Logger:2020-03-17 00:50:54.956642 https://shangyu.newhouse.fang.com/house/s/b95/
Logger:2020-03-17 00:50:58.578994 https://shangyu.newhouse.fang.com/house/s/b96/
