Logger:2020-03-16 19:59:29.431667 https://shangluo.newhouse.fang.com/house/s/b91/
Logger:2020-03-16 19:59:29.827038 https://yangguangtingyuansl.fang.com/
Logger:2020-03-16 19:59:30.198037 https://sljiangnanshijicheng.fang.com/
Logger:2020-03-16 19:59:36.246115 https://sldongchengxiaoqu.fang.com/
Logger:2020-03-16 19:59:36.548338 https://qingheyuanym.fang.com/
Logger:2020-03-16 19:59:40.019489 https://daduhuiyuhugongguan.fang.com/
Logger:2020-03-16 19:59:40.421993 https://shangzhoujingbinyihao.fang.com/
Logger:2020-03-16 19:59:40.801484 https://hengfengtianyi.fang.com/
Logger:2020-03-16 19:59:41.342038 https://jingchengshangchengxiaoqu.fang.com/
Logger:2020-03-16 19:59:41.746784 https://jaljyq.fang.com/
Logger:2020-03-16 19:59:42.030544 https://sljinshanshengjingsanqi.fang.com/
Logger:2020-03-16 19:59:42.359700 https://yicuiyuan0914.fang.com/
Logger:2020-03-16 19:59:42.775600 https://zmsjc.fang.com/
Logger:2020-03-16 19:59:43.129641 https://jygjc0914.fang.com/
Logger:2020-03-16 19:59:43.430869 https://sldanfengshoufu.fang.com/
Logger:2020-03-16 19:59:50.442500 https://jinyuansanhao.fang.com/
Logger:2020-03-16 19:59:50.810515 https://jinanxiaoqusz.fang.com/
Logger:2020-03-16 19:59:53.492854 https://binhewanty.fang.com/
Logger:2020-03-16 19:59:57.761680 https://shangshangluodanjiangxiaozhen.fang.com/
Logger:2020-03-16 20:00:03.247420 https://dongshengdasha0914.fang.com/
Logger:2020-03-16 20:00:17.496169 https://sljiangnanxincheng.fang.com/
Logger:2020-03-16 20:00:22.286922 https://shangluo.newhouse.fang.com/house/s/b92/
Logger:2020-03-16 20:00:22.604078 https://shangzhouquanxingziyuan.fang.com/
Logger:2020-03-16 20:00:22.911283 https://shangjunxincheng.fang.com/
Logger:2020-03-16 20:00:33.355076 https://dfsfyhl.fang.com/
Logger:2020-03-16 20:00:40.596364 https://jxxtdjxj.fang.com/
Logger:2020-03-16 20:00:47.626172 https://sjcjwhtj.fang.com/
Logger:2020-03-16 20:00:47.944322 https://gongyuantianxiahl.fang.com/
Logger:2020-03-16 20:00:48.638378 https://shidailingyu0914.fang.com/
Logger:2020-03-16 20:00:48.942545 https://yumenxiaowu0914.fang.com/
Logger:2020-03-16 20:00:49.319812 https://xiyuanmingju0914.fang.com/
Logger:2020-03-16 20:00:56.136277 https://jaljsq.fang.com/
Logger:2020-03-16 20:00:56.474202 https://hengtongyuanxq.fang.com/
Logger:2020-03-16 20:00:56.875096 https://shangluojiangbinyihao.fang.com/
Logger:2020-03-16 20:00:57.300000 https://rcgjeqyhl.fang.com/
Logger:2020-03-16 20:00:57.768705 https://cgsdgj.fang.com/
Logger:2020-03-16 20:00:58.141240 https://jinshanshengjingerqi.fang.com/
Logger:2020-03-16 20:00:58.535227 https://zijindongcheng.fang.com/
Logger:2020-03-16 20:00:58.948635 https://fangtiancaifumingyuan.fang.com/
Logger:2020-03-16 20:00:59.325313 https://dongxingss.fang.com/
Logger:2020-03-16 20:00:59.735260 https://huianjiayuandfx.fang.com/
Logger:2020-03-16 20:01:00.117240 https://dfcysl.fang.com/
Logger:2020-03-16 20:01:03.998607 https://shangluo.newhouse.fang.com/house/s/b93/
Logger:2020-03-16 20:01:04.416999 https://dfwncjhgg.fang.com/
Logger:2020-03-16 20:01:04.846370 https://slhengtongyuan.fang.com/
Logger:2020-03-16 20:01:05.254279 https://xhsybxj.fang.com/
Logger:2020-03-16 20:01:05.649224 https://quanxingziyuanershangjun.fang.com/
Logger:2020-03-16 20:01:06.143186 https://dfshangmaocheng.fang.com/
Logger:2020-03-16 20:01:06.524129 https://shagnjunchengjiwanhaotianguojidasha.fang.com/
Logger:2020-03-16 20:01:13.838355 https://kkssshsq.fang.com/
Logger:2020-03-16 20:01:17.589507 https://shangluo.newhouse.fang.com/house/s/b94/
Logger:2020-03-16 20:01:21.526952 https://shangluo.newhouse.fang.com/house/s/b95/
Logger:2020-03-16 20:01:25.169140 https://shangluo.newhouse.fang.com/house/s/b96/
