Logger:2020-03-16 09:44:32.575071 https://shangqiu.newhouse.fang.com/house/s/b91/
Logger:2020-03-16 09:44:32.841133 https://zhongtang0370.fang.com/
Logger:2020-03-16 09:44:33.122478 https://yongjingtaizy.fang.com/
Logger:2020-03-16 09:44:33.481066 https://tongxinfu0370.fang.com/
Logger:2020-03-16 09:44:33.796066 https://skhxtb.fang.com/
Logger:2020-03-16 09:44:34.124194 https://sqhxmkl.fang.com/
Logger:2020-03-16 09:44:34.577649 https://xinhuatianjie.fang.com/
Logger:2020-03-16 09:44:35.201984 https://hdjunruifu.fang.com/
Logger:2020-03-16 09:44:35.811215 https://hengdamingdu2.fang.com/
Logger:2020-03-16 09:44:36.123642 https://zhongshengruifu.fang.com/
Logger:2020-03-16 09:44:36.498553 https://aiqinhaigouwugongyuan.fang.com/
Logger:2020-03-16 09:44:36.780354 https://shangdingguoji0370.fang.com/
Logger:2020-03-16 09:44:40.110902 https://shunxinmantingfang.fang.com/
Logger:2020-03-16 09:44:40.447385 https://ganghuihuayuan0370.fang.com/
Logger:2020-03-16 09:44:40.883098 https://longzelvzhou.fang.com/
Logger:2020-03-16 09:44:41.156877 https://guoanfujs.fang.com/
Logger:2020-03-16 09:44:41.448312 https://jyyihaochengbang.fang.com/
Logger:2020-03-16 09:44:43.024912 https://guoancheng.fang.com/
Logger:2020-03-16 09:44:43.326957 https://xinchengmingzhu0370.fang.com/
Logger:2020-03-16 09:44:43.596029 https://manyuwanldzn.fang.com/
Logger:2020-03-16 09:44:43.907082 https://guanlanyihao0370.fang.com/
Logger:2020-03-16 09:44:47.919956 https://shangqiu.newhouse.fang.com/house/s/b92/
Logger:2020-03-16 09:44:49.668849 https://zhechengshanghaigongguan.fang.com/3/
Logger:2020-03-16 09:44:49.961067 https://tianhuwanjk2.fang.com/
Logger:2020-03-16 09:44:50.206308 https://tongxintianshu.fang.com/
Logger:2020-03-16 09:44:51.509948 https://xinhuacheng0370.fang.com/
Logger:2020-03-16 09:44:51.825675 https://xifuhaitang.fang.com/
Logger:2020-03-16 09:44:52.117991 https://zjyjt0370.fang.com/
Logger:2020-03-16 09:44:52.464065 https://zhongjunlijingfu.fang.com/
Logger:2020-03-16 09:44:52.775349 https://tianlusqbgy.fang.com/
Logger:2020-03-16 09:44:53.072325 https://zhenyuehuijy.fang.com/
Logger:2020-03-16 09:44:55.160374 https://shangqiuldltf.fang.com/
Logger:2020-03-16 09:44:55.457285 https://hdmhxf.fang.com/
Logger:2020-03-16 09:44:55.803195 https://heshunqinyuanchun0370.fang.com/
Logger:2020-03-16 09:44:57.766716 https://yuelongfu.fang.com/
Logger:2020-03-16 09:44:58.079232 https://tianhushangpinjs.fang.com/
Logger:2020-03-16 09:44:58.391493 https://juranzhijianl.fang.com/
Logger:2020-03-16 09:44:58.688737 https://nanhugongguansq.fang.com/
Logger:2020-03-16 09:44:59.002842 https://ycsmqhy.fang.com/
Logger:2020-03-16 09:44:59.320709 https://mingjintianxiash.fang.com/
Logger:2020-03-16 09:45:00.066677 https://guanhuyihao0370.fang.com/
Logger:2020-03-16 09:45:00.381739 https://shanshuishangjingjysbc.fang.com/6/
Logger:2020-03-16 09:45:05.447201 https://shangqiu.newhouse.fang.com/house/s/b93/
Logger:2020-03-16 09:45:05.790663 https://lidafujingjiayuan.fang.com/
Logger:2020-03-16 09:45:06.087469 https://xiayijingduzixiangshan.fang.com/
Logger:2020-03-16 09:45:06.855635 https://longchengyuyuan0370.fang.com/
Logger:2020-03-16 09:45:07.167610 https://beichenxintiandi2.fang.com/
Logger:2020-03-16 09:45:10.346764 https://oushanghuayuan0370.fang.com/2/
Logger:2020-03-16 09:45:10.639553 https://yctrc.fang.com/
Logger:2020-03-16 09:45:11.046218 https://mingmenchengyueyuan.fang.com/
Logger:2020-03-16 09:45:11.342608 https://gongyuanlisqjy.fang.com/
Logger:2020-03-16 09:45:11.781943 https://shengshiguanlan0370.fang.com/
Logger:2020-03-16 09:45:12.097258 https://ydsygc.fang.com/
Logger:2020-03-16 09:45:12.425305 https://zhongliangyihaoyuan0370.fang.com/
Logger:2020-03-16 09:45:12.897730 https://yongchengjianyelianmengxincheng.fang.com/
Logger:2020-03-16 09:45:13.241517 https://biguiyuantz1.fang.com/
Logger:2020-03-16 09:45:18.613060 https://suixianbiguiyuan.fang.com/
Logger:2020-03-16 09:45:18.939133 https://zhengqiangyipinxuefu.fang.com/
Logger:2020-03-16 09:45:19.215130 https://lvjinlanyuan.fang.com/
Logger:2020-03-16 09:45:19.653993 https://dhsdmc.fang.com/
Logger:2020-03-16 09:45:24.953218 https://yuchengbojuechengbang.fang.com/
Logger:2020-03-16 09:45:25.292075 https://sqlvchengchengyuan.fang.com/
Logger:2020-03-16 09:45:25.688657 https://shangqiujianyenanhushangyuan.fang.com/
Logger:2020-03-16 09:45:30.018174 https://shangqiu.newhouse.fang.com/house/s/b94/
Logger:2020-03-16 09:45:30.300943 https://suixianhaigangcheng.fang.com/
Logger:2020-03-16 09:45:31.839390 https://tianmingxingfulijy.fang.com/
Logger:2020-03-16 09:45:32.167393 https://hanlinfudi0370.fang.com/
Logger:2020-03-16 09:45:32.465857 https://xiuhushuangxiwan.fang.com/
Logger:2020-03-16 09:45:32.776003 https://suzhouhuayuan.fang.com/3/
Logger:2020-03-16 09:45:33.279642 https://shangjinhuacheng.fang.com/
Logger:2020-03-16 09:45:33.640887 https://zlronghuacheng.fang.com/
Logger:2020-03-16 09:45:34.280688 https://jinzunfu.fang.com/
Logger:2020-03-16 09:45:34.677403 https://fengjing1haozhongshanfu.fang.com/3/
Logger:2020-03-16 09:45:34.975839 https://yongchengzhuangyuanfudi.fang.com/
Logger:2020-03-16 09:45:36.137242 https://yilongcheng.fang.com/
Logger:2020-03-16 09:45:36.517604 https://jianyegongyuanlisuixian.fang.com/
Logger:2020-03-16 09:45:36.795011 https://ycjbdgc.fang.com/2/
Logger:2020-03-16 09:45:37.075306 https://sumuguoji.fang.com/
Logger:2020-03-16 09:45:41.462507 https://jianyechengyuan.fang.com/
Logger:2020-03-16 09:45:41.793607 https://jianyexingfuli.fang.com/
Logger:2020-03-16 09:45:42.137962 https://minquanbiguiyuan.fang.com/
Logger:2020-03-16 09:45:42.714944 https://sqsdgj.fang.com/
Logger:2020-03-16 09:45:43.346508 https://ganlanchengsq.fang.com/
Logger:2020-03-16 09:45:43.612894 https://ronghuyihao0370.fang.com/
Logger:2020-03-16 09:45:48.112306 https://shangqiu.newhouse.fang.com/house/s/b95/
Logger:2020-03-16 09:45:48.428861 https://lvchenglanyuan0370.fang.com/
Logger:2020-03-16 09:45:48.743025 https://liangyuanquguangchangwd.fang.com/
Logger:2020-03-16 09:45:49.308121 https://xuefuyayuan0370.fang.com/
Logger:2020-03-16 09:45:51.337552 https://qiaodengqingyu.fang.com/
Logger:2020-03-16 09:45:51.673434 https://dingshangguojiyizhoucheng.fang.com/
Logger:2020-03-16 09:45:51.971906 https://yuchengshuimuqinghua.fang.com/
Logger:2020-03-16 09:45:52.362438 https://gongyuanshangchengbgy0370.fang.com/
Logger:2020-03-16 09:45:52.887635 https://shlcth.fang.com/
Logger:2020-03-16 09:45:53.226822 https://jinguimingyuan.fang.com/
Logger:2020-03-16 09:45:53.523752 https://ycfjgj.fang.com/
Logger:2020-03-16 09:45:53.835708 https://yongchengyucuihaoting.fang.com/
Logger:2020-03-16 09:45:56.739490 https://shenhuochengshichuntian.fang.com/
Logger:2020-03-16 09:45:57.067610 https://haitangmingyuan.fang.com/
Logger:2020-03-16 09:45:57.647539 https://xiangtiyayuan0370.fang.com/
Logger:2020-03-16 09:45:57.961571 https://biguiyuanguidefu.fang.com/
Logger:2020-03-16 09:46:05.315345 https://yygongguan.fang.com/
Logger:2020-03-16 09:46:05.643215 https://yinjirongfu.fang.com/
Logger:2020-03-16 09:46:06.212177 https://jyjunlanwan.fang.com/
Logger:2020-03-16 09:46:06.493561 https://qixingshangcheng.fang.com/
Logger:2020-03-16 09:46:06.869040 https://jyxbsy.fang.com/
Logger:2020-03-16 09:46:11.321528 https://shangqiu.newhouse.fang.com/house/s/b96/
Logger:2020-03-16 09:46:11.654583 https://hongshan.fang.com/
Logger:2020-03-16 09:46:11.951389 https://jiangshanshangpin.fang.com/
Logger:2020-03-16 09:46:12.328590 https://dongfangbali0370.fang.com/
Logger:2020-03-16 09:46:12.655081 https://jiulongguojihuayuan.fang.com/2/
Logger:2020-03-16 09:46:13.253019 https://jiurongyihaoyuan.fang.com/
Logger:2020-03-16 09:46:13.534592 https://qinghuaxuefu.fang.com/
Logger:2020-03-16 09:46:13.854445 https://yujinghuafu0370.fang.com/
Logger:2020-03-16 09:46:19.067518 https://suizhoujinzunfu.fang.com/
Logger:2020-03-16 09:46:19.380695 https://shangqiulvdicheng.fang.com/
Logger:2020-03-16 09:46:19.701657 https://shangqiujianyetianzhu.fang.com/
Logger:2020-03-16 09:46:20.025013 https://binhutaoyuan.fang.com/
Logger:2020-03-16 09:46:20.354310 https://biguiyuantyf.fang.com/
Logger:2020-03-16 09:46:20.699957 https://jinxiuhuating0370.fang.com/
Logger:2020-03-16 09:46:21.030476 https://yuchengjianyecheng.fang.com/
Logger:2020-03-16 09:46:21.619254 https://biguiyuannl0370.fang.com/
Logger:2020-03-16 09:46:21.914421 https://guanhuchenfuzj.fang.com/
Logger:2020-03-16 09:46:22.269733 https://guoanyuefu.fang.com/
Logger:2020-03-16 09:46:22.632897 https://jiangnanhuayuan0370.fang.com/
Logger:2020-03-16 09:46:22.911022 https://zhechengjianyechuntianli.fang.com/
Logger:2020-03-16 09:46:28.145642 https://herunhuayangnianhua.fang.com/
Logger:2020-03-16 09:46:32.183037 https://shangqiu.newhouse.fang.com/house/s/b97/
Logger:2020-03-16 09:46:32.779477 https://hengkunjinyufu.fang.com/
Logger:2020-03-16 09:46:35.416732 https://shengshihuating0370.fang.com/
Logger:2020-03-16 09:46:35.732290 https://guojichengjx0370.fang.com/
Logger:2020-03-16 09:46:36.047108 https://lvsechengbang.fang.com/
Logger:2020-03-16 09:46:36.369289 https://wanjingtianzhu.fang.com/
Logger:2020-03-16 09:46:36.668914 https://xinyoutianrunfu.fang.com/
Logger:2020-03-16 09:46:37.267007 https://wanyangshoufu.fang.com/
Logger:2020-03-16 09:46:37.621383 https://xiyuanxiaozhen.fang.com/
Logger:2020-03-16 09:46:37.932736 https://jindinghuafu0370.fang.com/
Logger:2020-03-16 09:46:38.245174 https://ycspgj.fang.com/
Logger:2020-03-16 09:46:38.542333 https://shidaizhongxindh.fang.com/
Logger:2020-03-16 09:46:38.840402 https://ycshct.fang.com/
Logger:2020-03-16 09:46:43.216425 https://ycsdc.fang.com/
Logger:2020-03-16 09:46:43.513275 https://ycydxz.fang.com/
Logger:2020-03-16 09:46:43.774182 https://zzsmsc.fang.com/
Logger:2020-03-16 09:46:44.047988 https://dfsnys.fang.com/
Logger:2020-03-16 09:46:44.375256 https://ychhgj.fang.com/
Logger:2020-03-16 09:46:44.688166 https://ycyhjy.fang.com/
Logger:2020-03-16 09:46:44.995030 https://huayuanlijy.fang.com/
Logger:2020-03-16 09:46:49.741675 https://zhenghongyuefu.fang.com/
Logger:2020-03-16 09:46:54.415452 https://shangqiu.newhouse.fang.com/house/s/b98/
Logger:2020-03-16 09:46:57.881246 https://yongjinghefuzbd.fang.com/
Logger:2020-03-16 09:46:58.194370 https://jingdujiurufu.fang.com/
Logger:2020-03-16 09:46:58.497022 https://zhongxinguoanhuafu.fang.com/
Logger:2020-03-16 09:47:00.130987 https://minquanjianyechuntianli.fang.com/
Logger:2020-03-16 09:47:00.437537 https://ninglingjianyechuntianli.fang.com/
Logger:2020-03-16 09:47:00.933379 https://xintiandiyy.fang.com/
Logger:2020-03-16 09:47:01.276053 https://biguiyuanmulanjun.fang.com/
Logger:2020-03-16 09:47:01.674497 https://hongtaimingjun.fang.com/
Logger:2020-03-16 09:47:04.186102 https://lvdichengyuan.fang.com/
Logger:2020-03-16 09:47:04.748503 https://fenghuangwanxc.fang.com/
Logger:2020-03-16 09:47:05.110291 https://wanbaoshoufu.fang.com/
Logger:2020-03-16 09:47:05.392312 https://sqjianyezongbugang.fang.com/
Logger:2020-03-16 09:47:05.958835 https://getiancheng.fang.com/
Logger:2020-03-16 09:47:07.767588 https://tianrungongguanxy.fang.com/
Logger:2020-03-16 09:47:08.076800 https://yubihuazhang0370.fang.com/
Logger:2020-03-16 09:47:08.389227 https://jingchenghuayuansdl.fang.com/
Logger:2020-03-16 09:47:13.984438 https://huashengjinjie.fang.com/
Logger:2020-03-16 09:47:14.307438 https://dongfangmingjun0370.fang.com/
Logger:2020-03-16 09:47:14.659619 https://fdtskn.fang.com/
Logger:2020-03-16 09:47:14.974555 https://juntaiwenting.fang.com/
Logger:2020-03-16 09:47:19.346632 https://shangqiu.newhouse.fang.com/house/s/b99/
Logger:2020-03-16 09:47:19.646205 https://sqjyctl.fang.com/
Logger:2020-03-16 09:47:21.107238 https://yajuleguojihuayuan0370.fang.com/
Logger:2020-03-16 09:47:21.794467 https://xinglinjun0370.fang.com/
Logger:2020-03-16 09:47:22.154032 https://meiguiyuanga.fang.com/
Logger:2020-03-16 09:47:29.583915 https://lantinggongguanjr.fang.com/
Logger:2020-03-16 09:47:30.208082 https://xingfulizcjy.fang.com/
Logger:2020-03-16 09:47:30.802043 https://yinglunmingdi0370.fang.com/
Logger:2020-03-16 09:47:31.098496 https://wuzhouguojibolancheng1.fang.com/
Logger:2020-03-16 09:47:31.676953 https://jindadiyanlanguandi.fang.com/
Logger:2020-03-16 09:47:36.424628 https://longtinggongguan.fang.com/
Logger:2020-03-16 09:47:36.728702 https://qianshuyuan.fang.com/
Logger:2020-03-16 09:47:36.981432 https://tianzeyuan0370.fang.com/
Logger:2020-03-16 09:47:38.386537 https://ninglingaiqinhai.fang.com/
Logger:2020-03-16 09:47:38.866691 https://xinchengguojicuiyuan.fang.com/
Logger:2020-03-16 09:47:39.990645 https://shangdongyuanzhu.fang.com/
Logger:2020-03-16 09:47:40.294929 https://yihaogongguan0370.fang.com/
Logger:2020-03-16 09:47:40.577200 https://huijingjiangnan.fang.com/
Logger:2020-03-16 09:47:41.189371 https://ycjylmxc.fang.com/
Logger:2020-03-16 09:47:41.461938 https://shuxinyuanjd.fang.com/
Logger:2020-03-16 09:47:41.779170 https://shuichenghuayuan0370.fang.com/
Logger:2020-03-16 09:47:45.682831 https://shangqiu.newhouse.fang.com/house/s/b910/
Logger:2020-03-16 09:47:45.988697 https://yczyjy0370.fang.com/
Logger:2020-03-16 09:47:46.285502 https://shuiyunmingcheng0370.fang.com/
Logger:2020-03-16 09:47:46.738774 https://hujingyuan0370.fang.com/
Logger:2020-03-16 09:47:47.024086 https://suizhouyinxiang.fang.com/
Logger:2020-03-16 09:47:47.371121 https://fzwlc.fang.com/
Logger:2020-03-16 09:47:47.705550 https://jbdgc.fang.com/
Logger:2020-03-16 09:47:47.980775 https://rongheyijushengtaicheng.fang.com/
Logger:2020-03-16 09:47:48.281969 https://ydgjspc0370.fang.com/
Logger:2020-03-16 09:47:48.628445 https://biguiyuanyingtianfu.fang.com/
Logger:2020-03-16 09:47:48.950953 https://lianmengxiyuan.fang.com/
Logger:2020-03-16 09:47:54.175241 https://zyjhgjsmc.fang.com/
Logger:2020-03-16 09:47:54.923354 https://mayigongfangwj.fang.com/
Logger:2020-03-16 09:47:56.245016 https://shdsyy.fang.com/
Logger:2020-03-16 09:47:58.592493 https://zhongyangchengbang.fang.com/
Logger:2020-03-16 09:47:58.848309 https://xinyouweilaichengjy.fang.com/
Logger:2020-03-16 09:47:59.158252 https://yfgjsyblc.fang.com/
Logger:2020-03-16 09:47:59.486002 https://ycmmsj.fang.com/
Logger:2020-03-16 09:48:00.051746 https://yczysjc.fang.com/
Logger:2020-03-16 09:48:01.244062 https://shidaiguangchanghj0370.fang.com/
Logger:2020-03-16 09:48:01.568164 https://ronghushangyuanhj.fang.com/
Logger:2020-03-16 09:48:05.425889 https://shangqiu.newhouse.fang.com/house/s/b911/
Logger:2020-03-16 09:48:07.530989 https://ycydht.fang.com/
Logger:2020-03-16 09:48:07.813559 https://binfenguangchanghc.fang.com/2/
Logger:2020-03-16 09:48:08.104354 https://donggangguoji.fang.com/
Logger:2020-03-16 09:48:08.391875 https://yfgc.fang.com/2/
Logger:2020-03-16 09:48:08.727009 https://jsgmds.fang.com/
Logger:2020-03-16 09:48:08.987721 https://yczymm.fang.com/
Logger:2020-03-16 09:48:10.889958 https://xinzhujysh.fang.com/
Logger:2020-03-16 09:48:15.705298 https://shuianbeijunbysm.fang.com/
Logger:2020-03-16 09:48:16.002763 https://zongbujingjigangsfq.fang.com/
Logger:2020-03-16 09:48:16.297260 https://ycjhgjgc.fang.com/
Logger:2020-03-16 09:48:16.829469 https://ycqcc.fang.com/
Logger:2020-03-16 09:48:17.110652 https://ycysgj.fang.com/
Logger:2020-03-16 09:48:17.408341 https://dfgj0370.fang.com/
Logger:2020-03-16 09:48:17.740672 https://wxnfcpwlzx.fang.com/
Logger:2020-03-16 09:48:18.022112 https://ycsdgj.fang.com/
Logger:2020-03-16 09:48:21.678033 https://shangqiu.newhouse.fang.com/house/s/b912/
Logger:2020-03-16 09:48:25.173804 https://shangqiu.newhouse.fang.com/house/s/b913/
Logger:2020-03-16 09:48:28.850083 https://shangqiu.newhouse.fang.com/house/s/b914/
