Logger:2020-03-16 15:11:38.260125 https://shangrao.newhouse.fang.com/house/s/b91/
Logger:2020-03-16 15:11:38.573287 https://xsftqsw.fang.com/
Logger:2020-03-16 15:11:39.068506 https://srybyhy.fang.com/
Logger:2020-03-16 15:11:42.744350 https://ytslfh.fang.com/
Logger:2020-03-16 15:11:43.143339 https://hdmdjt.fang.com/
Logger:2020-03-16 15:11:43.600107 https://slzxsgpark.fang.com/
Logger:2020-03-16 15:11:44.106752 https://xlsrdbw.fang.com/
Logger:2020-03-16 15:11:44.433877 https://rszbjd.fang.com/
Logger:2020-03-16 15:11:44.778954 https://flyst0793.fang.com/
Logger:2020-03-16 15:11:45.049231 https://srflxxyj.fang.com/
Logger:2020-03-16 15:11:46.462225 https://srfcht.fang.com/
Logger:2020-03-16 15:11:46.820206 https://srxjyh.fang.com/
Logger:2020-03-16 15:11:47.143353 https://srbkyty.fang.com/
Logger:2020-03-16 15:11:47.482446 https://bjzlgyyh.fang.com/
Logger:2020-03-16 15:11:47.862616 https://gtwlc.fang.com/
Logger:2020-03-16 15:11:48.206320 https://srldc.fang.com/
Logger:2020-03-16 15:11:48.565871 https://boyueduhuijkay.fang.com/
Logger:2020-03-16 15:11:48.834153 https://srhdmd.fang.com/
Logger:2020-03-16 15:11:49.261013 https://hhgtwxc.fang.com/
Logger:2020-03-16 15:11:49.550237 https://skbjsj.fang.com/
Logger:2020-03-16 15:11:51.500947 https://shangrao.newhouse.fang.com/house/2318138220.htm
Logger:2020-03-16 15:11:55.633227 https://shangrao.newhouse.fang.com/house/s/b92/
Logger:2020-03-16 15:11:55.953370 https://zlgbjz.fang.com/
Logger:2020-03-16 15:11:56.380254 https://jiulonghuwh.fang.com/
Logger:2020-03-16 15:11:56.711000 https://srjzac3q.fang.com/
Logger:2020-03-16 15:11:57.062070 https://srxzyh.fang.com/
Logger:2020-03-16 15:11:58.867798 https://ksys.newhouse.fang.com/house/1856267266.htm
Logger:2020-03-16 15:11:59.297822 https://rsyxf.fang.com/
Logger:2020-03-16 15:11:59.637122 https://zhongyanggongyuanyuhongys.fang.com/
Logger:2020-03-16 15:11:59.999141 https://srxzyc.fang.com/
Logger:2020-03-16 15:12:00.398623 https://guojijinli.fang.com/
Logger:2020-03-16 15:12:04.136114 https://srlttl.fang.com/
Logger:2020-03-16 15:12:04.495599 https://languangyjw.fang.com/
Logger:2020-03-16 15:12:04.860673 https://fanersaihc.fang.com/
Logger:2020-03-16 15:12:11.786145 https://srcaf.fang.com/
Logger:2020-03-16 15:12:12.168946 https://srxcwy.fang.com/
Logger:2020-03-16 15:12:12.503077 https://gfdttyc.fang.com/
Logger:2020-03-16 15:12:12.814229 https://srhxxj.fang.com/
Logger:2020-03-16 15:12:18.271932 https://srxybs.fang.com/
Logger:2020-03-16 15:12:18.633399 https://jinyumingduyudingys.fang.com/
Logger:2020-03-16 15:12:21.154398 https://jkgxgg.fang.com/
Logger:2020-03-16 15:12:21.452144 https://wanlishidai.fang.com/
Logger:2020-03-16 15:12:24.754164 https://shangrao.newhouse.fang.com/house/s/b93/
Logger:2020-03-16 15:12:25.085829 https://srwdgc0793.fang.com/
Logger:2020-03-16 15:12:25.472816 https://shangjinmingdu.fang.com/
Logger:2020-03-16 15:12:25.809945 https://ybhjgg0793.fang.com/2/
Logger:2020-03-16 15:12:26.119085 https://yshyzlsf.fang.com/
Logger:2020-03-16 15:12:26.587915 https://ksys.newhouse.fang.com/house/1856267264.htm
Logger:2020-03-16 15:12:29.133438 https://srwzgjsyc0793.fang.com/
Logger:2020-03-16 15:12:29.439587 https://fujinhuating0793.fang.com/
Logger:2020-03-16 15:12:29.735792 https://aolinzhizun.fang.com/3/
Logger:2020-03-16 15:12:30.779219 https://ksys.newhouse.fang.com/house/1856267272.htm
Logger:2020-03-16 15:12:31.122312 https://wanliujiangnanyushan.fang.com/
Logger:2020-03-16 15:12:31.420505 https://xinjiangfubn.fang.com/
Logger:2020-03-16 15:12:31.730700 https://srybgc.fang.com/
Logger:2020-03-16 15:12:32.041465 https://hzysw.fang.com/
Logger:2020-03-16 15:12:32.416573 https://ybmggg.fang.com/
Logger:2020-03-16 15:12:32.732721 https://boshengzyxy.fang.com/
Logger:2020-03-16 15:12:33.060881 https://jsjkyxt.fang.com/
Logger:2020-03-16 15:12:33.337134 https://hhsrf.fang.com/
Logger:2020-03-16 15:12:33.664231 https://xjmz0793.fang.com/
Logger:2020-03-16 15:12:35.070433 https://gfzlgbxa.fang.com/
Logger:2020-03-16 15:12:35.386588 https://xsjxbjsf.fang.com/
Logger:2020-03-16 15:12:39.456637 https://shangrao.newhouse.fang.com/house/s/b94/
Logger:2020-03-16 15:12:39.723470 https://jinyemingcheng.fang.com/
Logger:2020-03-16 15:12:40.063196 https://gzaxzgyy.fang.com/
Logger:2020-03-16 15:12:40.397775 https://caifuyuanyushan.fang.com/
Logger:2020-03-16 15:12:43.420900 https://huayundongfangjiayuanyushan.fang.com/
Logger:2020-03-16 15:12:43.688185 https://ksys.newhouse.fang.com/house/1856267268.htm
Logger:2020-03-16 15:12:43.990461 https://dcgjyushan.fang.com/
Logger:2020-03-16 15:12:44.384426 https://dongfangyufuyushan.fang.com/
Logger:2020-03-16 15:12:44.680138 https://zitengyajuyushan.fang.com/
Logger:2020-03-16 15:12:44.997261 https://lianghonggongguanyushan.fang.com/
Logger:2020-03-16 15:12:48.019136 https://ksys.newhouse.fang.com/house/1856267258.htm
Logger:2020-03-16 15:12:48.388190 https://ksys.newhouse.fang.com/house/1856267260.htm
Logger:2020-03-16 15:12:48.779138 https://nongzijiayuanys.fang.com/
Logger:2020-03-16 15:12:49.057403 https://srzlytsf.fang.com/
Logger:2020-03-16 15:12:49.336666 https://ncpjycsr.fang.com/
Logger:2020-03-16 15:12:53.302090 https://shangrao.newhouse.fang.com/house/s/b95/
Logger:2020-03-16 15:12:57.084950 https://shangrao.newhouse.fang.com/house/s/b96/
Logger:2020-03-16 15:13:00.661652 https://shangrao.newhouse.fang.com/house/s/b97/
