Logger:2020-03-16 00:58:38.224280 https://shaoguan.newhouse.fang.com/house/s/b91/
Logger:2020-03-16 00:58:38.457881 https://baonenggongguansg.fang.com/
Logger:2020-03-16 00:58:38.739065 https://bgyxczg0751.fang.com/
Logger:2020-03-16 00:58:46.441003 https://qianlongyuyuan0751.fang.com/
Logger:2020-03-16 00:58:46.706895 https://hengdachengsg.fang.com/
Logger:2020-03-16 00:58:46.972129 https://blsgyxhy.fang.com/
Logger:2020-03-16 00:58:47.206447 https://baolizishan.fang.com/
Logger:2020-03-16 00:58:47.472091 https://sgbaolidaduhui.fang.com/
Logger:2020-03-16 00:58:47.768895 https://kaixuanhuafu.fang.com/
Logger:2020-03-16 00:58:48.050694 https://qianlonghuafu0751.fang.com/
Logger:2020-03-16 00:58:48.315562 https://fulicheng0751.fang.com/
Logger:2020-03-16 00:58:48.633661 https://biguiyuanlc.fang.com/
Logger:2020-03-16 00:58:48.899719 https://bldwhy.fang.com/
Logger:2020-03-16 00:58:50.755814 https://nxtywhy.fang.com/
Logger:2020-03-16 00:58:53.396541 https://nxsyhhj.fang.com/
Logger:2020-03-16 00:58:55.942092 https://qjljjy.fang.com/
Logger:2020-03-16 00:58:56.176829 https://sgbndxwlc.fang.com/
Logger:2020-03-16 00:58:59.135386 https://rybgy.fang.com/
Logger:2020-03-16 00:58:59.432138 https://taiyangchengbgy.fang.com/
Logger:2020-03-16 00:58:59.776125 https://biguiyuansg.fang.com/
Logger:2020-03-16 00:59:00.057462 https://sgyxln.fang.com/
Logger:2020-03-16 00:59:03.297392 https://shaoguan.newhouse.fang.com/house/s/b92/
Logger:2020-03-16 00:59:03.515814 https://004844.fang.com/
Logger:2020-03-16 00:59:03.828162 https://nanxiongbiguiyuan.fang.com/
Logger:2020-03-16 00:59:08.818139 https://yuhuayuan0751.fang.com/
Logger:2020-03-16 00:59:10.297516 https://bgyfhtj.fang.com/
Logger:2020-03-16 00:59:10.589300 https://chengshihuafu0751.fang.com/
Logger:2020-03-16 00:59:12.139625 https://sgqjbgy.fang.com/
Logger:2020-03-16 00:59:12.467160 https://shahutianshanghong.fang.com/
Logger:2020-03-16 00:59:12.722375 https://chuangzhicheng.fang.com/
Logger:2020-03-16 00:59:13.238222 https://yinxingyuan0751.fang.com/
Logger:2020-03-16 00:59:16.143444 https://jiangpanhuayuan0751.fang.com/3/
Logger:2020-03-16 00:59:16.362192 https://flsyj0751.fang.com/
Logger:2020-03-16 00:59:17.799344 https://sgwybgy.fang.com/
Logger:2020-03-16 00:59:18.080972 https://huizhanhuacheng.fang.com/
Logger:2020-03-16 00:59:18.377336 https://guojimingchengdf.fang.com/
Logger:2020-03-16 00:59:18.641995 https://lingxiuguoji0751.fang.com/
Logger:2020-03-16 00:59:20.359647 https://gsywlc.fang.com/
Logger:2020-03-16 00:59:20.586160 https://sgzhuangyuanhuafu.fang.com/
Logger:2020-03-16 00:59:20.851088 https://bishuihuachengnf.fang.com/
Logger:2020-03-16 00:59:21.100952 https://danxiaxincheng.fang.com/
Logger:2020-03-16 00:59:21.929325 https://nanxiongzichenfu.fang.com/
Logger:2020-03-16 00:59:25.194454 https://shaoguan.newhouse.fang.com/house/s/b93/
Logger:2020-03-16 00:59:25.443676 https://shixingbiguiyuan.fang.com/
Logger:2020-03-16 00:59:25.694161 https://zhengdeyuelongshan.fang.com/
Logger:2020-03-16 00:59:28.469533 https://jiangjinghuafu0751.fang.com/
Logger:2020-03-16 00:59:30.772758 https://xiongzhouyipin.fang.com/
Logger:2020-03-16 00:59:31.085375 https://huayuguangchang0751.fang.com/
Logger:2020-03-16 00:59:31.335005 https://meijingyuan0751.fang.com/
Logger:2020-03-16 00:59:31.569052 https://nxyangguangli.fang.com/
Logger:2020-03-16 00:59:31.787914 https://xfbgylyf.fang.com/
Logger:2020-03-16 00:59:32.085237 https://kaiyuehaot.fang.com/
Logger:2020-03-16 00:59:32.319188 https://shengshihuating0751.fang.com/
Logger:2020-03-16 00:59:34.005935 https://jinjihuayuan0751.fang.com/
Logger:2020-03-16 00:59:35.914329 https://xiongzhoujiayuan.fang.com/
Logger:2020-03-16 00:59:36.164282 https://shahulvzhou.fang.com/
Logger:2020-03-16 00:59:36.414624 https://wylhzygy.fang.com/
Logger:2020-03-16 00:59:37.872252 https://yonglecheng.fang.com/
Logger:2020-03-16 00:59:38.419040 https://qjdcyy.fang.com/
Logger:2020-03-16 00:59:38.684560 https://rhbgy0751.fang.com/
Logger:2020-03-16 00:59:38.918879 https://hengfuhuacheng.fang.com/
Logger:2020-03-16 00:59:39.153199 https://wybgyhlf2.fang.com/
Logger:2020-03-16 00:59:41.043634 https://bgyqjf.fang.com/
Logger:2020-03-16 00:59:44.292611 https://shaoguan.newhouse.fang.com/house/s/b94/
Logger:2020-03-16 00:59:44.511310 https://dongfangjiayuan0751.fang.com/
Logger:2020-03-16 00:59:44.782897 https://sgmingrixingcheng.fang.com/
Logger:2020-03-16 00:59:45.064408 https://190178.fang.com/
Logger:2020-03-16 00:59:45.313631 https://baoxinyiju.fang.com/
Logger:2020-03-16 00:59:45.678313 https://pingshixinchengsg.fang.com/
Logger:2020-03-16 00:59:47.584506 https://shahuyujing.fang.com/
Logger:2020-03-16 00:59:47.819189 https://zhonghengpinyuewan.fang.com/
Logger:2020-03-16 00:59:49.381079 https://sanjiangziyuan.fang.com/
Logger:2020-03-16 00:59:49.646658 https://nxjlhy.fang.com/
Logger:2020-03-16 00:59:49.881202 https://lihuayaju.fang.com/
Logger:2020-03-16 00:59:50.130848 https://wantongcheng0751.fang.com/
Logger:2020-03-16 00:59:50.349086 https://zhengshenghuafu0751.fang.com/
Logger:2020-03-16 00:59:50.648357 https://wymmsj.fang.com/
Logger:2020-03-16 00:59:51.007605 https://jinsejiangwan0751.fang.com/
Logger:2020-03-16 00:59:51.273244 https://yuheyuansg.fang.com/
Logger:2020-03-16 00:59:51.569971 https://djlsdxc.fang.com/
Logger:2020-03-16 00:59:51.835915 https://hongdahuayuan0751.fang.com/
Logger:2020-03-16 00:59:52.116717 https://nantianhaoting.fang.com/
Logger:2020-03-16 00:59:52.351037 https://jingjianghuayuan0751.fang.com/
Logger:2020-03-16 00:59:52.592932 https://sgmrc.fang.com/
Logger:2020-03-16 00:59:55.851721 https://shaoguan.newhouse.fang.com/house/s/b95/
Logger:2020-03-16 00:59:56.117301 https://yunfengshiyi.fang.com/
Logger:2020-03-16 00:59:56.882051 https://fujinwan.fang.com/
Logger:2020-03-16 00:59:57.116854 https://kangqiaoyuan0751.fang.com/
Logger:2020-03-16 00:59:59.039131 https://changchengshijia.fang.com/
Logger:2020-03-16 00:59:59.289789 https://liwanhuafu.fang.com/
Logger:2020-03-16 00:59:59.523347 https://shaoguankaixuancheng.fang.com/
Logger:2020-03-16 00:59:59.773786 https://xinghetianjiao.fang.com/
Logger:2020-03-16 01:00:02.101212 https://wyzlgbyh.fang.com/
Logger:2020-03-16 01:00:02.350791 https://xiangzhangyaju.fang.com/
Logger:2020-03-16 01:00:02.579654 https://wutongxiangan.fang.com/
Logger:2020-03-16 01:00:02.813888 https://shixingyuanhehongjing.fang.com/
Logger:2020-03-16 01:00:03.438805 https://wyjsyp.fang.com/
Logger:2020-03-16 01:00:03.699159 https://sghongyeyoushanmeidi.fang.com/
Logger:2020-03-16 01:00:09.123713 https://xiongzhoumingyuan.fang.com/
Logger:2020-03-16 01:00:09.373034 https://fuchunshanju0751.fang.com/
Logger:2020-03-16 01:00:14.484449 https://shunjingjiayuan.fang.com/
Logger:2020-03-16 01:00:14.766390 https://longzhoudao.fang.com/
Logger:2020-03-16 01:00:15.031277 https://sxsdxc.fang.com/
Logger:2020-03-16 01:00:16.787286 https://rongshanhuafu0751.fang.com/
Logger:2020-03-16 01:00:17.115335 https://zonglvwanjfx.fang.com/
Logger:2020-03-16 01:00:20.412117 https://shaoguan.newhouse.fang.com/house/s/b96/
Logger:2020-03-16 01:00:20.626164 https://dongchengyaju.fang.com/
Logger:2020-03-16 01:00:20.860034 https://xhxlstygy.fang.com/
Logger:2020-03-16 01:00:22.375734 https://xjhjcjjgc.fang.com/
Logger:2020-03-16 01:00:22.625242 https://dongshanhuacheng.fang.com/
Logger:2020-03-16 01:00:29.051661 https://hnncpjyzx.fang.com/
Logger:2020-03-16 01:00:29.504672 https://sgwbhc.fang.com/
Logger:2020-03-16 01:00:29.754438 https://zhonghaishangwudaxia.fang.com/
Logger:2020-03-16 01:00:31.240911 https://ruyuanxiaozhen.fang.com/
Logger:2020-03-16 01:00:33.341525 https://sghjgc.fang.com/
Logger:2020-03-16 01:00:33.654297 https://bgyhlf0751.fang.com/
Logger:2020-03-16 01:00:33.904240 https://zhujiyihaosx.fang.com/
Logger:2020-03-16 01:00:37.022010 https://jinxiuhuacheng0751.fang.com/
Logger:2020-03-16 01:00:39.474514 https://guojisenlindao.fang.com/
Logger:2020-03-16 01:00:39.709280 https://zhonghuadongyuanyh.fang.com/3/
Logger:2020-03-16 01:00:41.991494 https://lzdfsal.fang.com/
Logger:2020-03-16 01:00:45.101378 https://furonglijing0751.fang.com/
Logger:2020-03-16 01:00:45.366501 https://xingheshidairy.fang.com/
Logger:2020-03-16 01:01:07.302202 https://bilvhu.fang.com/
Logger:2020-03-16 01:01:07.521368 https://mingzhuchengyh.fang.com/
Logger:2020-03-16 01:01:25.609385 https://bainiandongjiesg.fang.com/
Logger:2020-03-16 01:01:28.850393 https://shaoguan.newhouse.fang.com/house/s/b97/
Logger:2020-03-16 01:01:41.663201 https://caifuguangchang.fang.com/
Logger:2020-03-16 01:01:43.553308 https://hcwhgc.fang.com/
Logger:2020-03-16 01:01:48.892344 https://sgsmgc.fang.com/
Logger:2020-03-16 01:01:52.462321 https://shaoguan.newhouse.fang.com/house/s/b98/
Logger:2020-03-16 01:01:56.233148 https://shaoguan.newhouse.fang.com/house/s/b99/
Logger:2020-03-16 01:01:59.688665 https://shaoguan.newhouse.fang.com/house/s/b910/
