Logger:2020-03-16 11:54:27.884382 https://shaoyang.newhouse.fang.com/house/s/b91/
Logger:2020-03-16 11:54:28.151668 https://longhuht.fang.com/
Logger:2020-03-16 11:54:28.456851 https://zhongyangchenghs.fang.com/
Logger:2020-03-16 11:54:28.748104 https://jdsjc0739.fang.com/
Logger:2020-03-16 11:54:29.127100 https://huifumingyuan3.fang.com/
Logger:2020-03-16 11:54:30.011691 https://qdtyf.fang.com/
Logger:2020-03-16 11:54:30.270000 https://bgybqf1.fang.com/
Logger:2020-03-16 11:54:30.581210 https://ydsjc0739.fang.com/
Logger:2020-03-16 11:54:30.947189 https://wugangbiguiyuan.fang.com/
Logger:2020-03-16 11:54:31.245913 https://jiangnanshijiajx.fang.com/
Logger:2020-03-16 11:54:31.516800 https://syhengdahuafu.fang.com/
Logger:2020-03-16 11:54:31.847876 https://bsfhc.fang.com/
Logger:2020-03-16 11:54:32.181026 https://biguiyuannanchengshoufu.fang.com/
Logger:2020-03-16 11:54:32.489241 https://jiulongchengxt.fang.com/
Logger:2020-03-16 11:54:32.779471 https://biguiyuansy0739.fang.com/
Logger:2020-03-16 11:54:33.049697 https://runchenghy.fang.com/
Logger:2020-03-16 11:54:33.420715 https://wugangshanshuiyicheng.fang.com/
Logger:2020-03-16 11:54:33.665058 https://qiandaonanyuan.fang.com/
Logger:2020-03-16 11:54:33.937320 https://huangguanshijicheng.fang.com/
Logger:2020-03-16 11:54:34.207564 https://yangguanggongyuanli.fang.com/
Logger:2020-03-16 11:54:34.558624 https://xihuchuntian0739.fang.com/
Logger:2020-03-16 11:54:37.840898 https://shaoyang.newhouse.fang.com/house/s/b92/
Logger:2020-03-16 11:54:38.121095 https://chengnanyihao0739.fang.com/
Logger:2020-03-16 11:54:38.396401 https://shaoyangbubugaoxintiandi.fang.com/
Logger:2020-03-16 11:54:38.699589 https://kaiyue1haoyjw0739.fang.com/
Logger:2020-03-16 11:54:39.535311 https://zhanhuiguojishidaiguangchang.fang.com/
Logger:2020-03-16 11:54:39.786663 https://qiandaodayuan.fang.com/
Logger:2020-03-16 11:54:40.049977 https://xagjc.fang.com/
Logger:2020-03-16 11:54:40.398004 https://zcdyc.fang.com/
Logger:2020-03-16 11:54:41.888061 https://longhuibiguiyuan.fang.com/
Logger:2020-03-16 11:54:42.101446 https://hexinglanwan.fang.com/
Logger:2020-03-16 11:54:42.388678 https://baiyunxiaozhen0739.fang.com/
Logger:2020-03-16 11:54:43.207525 https://chenheshijiajhd.fang.com/
Logger:2020-03-16 11:54:43.494719 https://kangqiaomingmen.fang.com/
Logger:2020-03-16 11:54:43.762050 https://qiandaohefu.fang.com/
Logger:2020-03-16 11:54:44.007347 https://sdbiguiyuan.fang.com/
Logger:2020-03-16 11:54:44.276663 https://ziweishangcheng.fang.com/
Logger:2020-03-16 11:54:44.598766 https://zhongliangyihaoyuan0739.fang.com/
Logger:2020-03-16 11:54:44.869085 https://zhongchigongguan.fang.com/
Logger:2020-03-16 11:54:45.161261 https://bandaocheng.fang.com/
Logger:2020-03-16 11:54:45.950151 https://mingrenguojihuayuanjy0739.fang.com/
Logger:2020-03-16 11:54:46.330134 https://xinshaoyongcuiyijing.fang.com/
Logger:2020-03-16 11:54:50.110066 https://shaoyang.newhouse.fang.com/house/s/b93/
Logger:2020-03-16 11:54:51.132331 https://xiangshandao.fang.com/
Logger:2020-03-16 11:54:52.050830 https://yuhuayuanyg.fang.com/
Logger:2020-03-16 11:54:52.957435 https://longhugongguanss.fang.com/
Logger:2020-03-16 11:54:53.720405 https://tongjiangjiayuan0739.fang.com/
Logger:2020-03-16 11:54:53.991719 https://suiningbiguiyuan0739.fang.com/
Logger:2020-03-16 11:54:54.925141 https://txjyj.fang.com/
Logger:2020-03-16 11:54:55.183450 https://shijihaoting0739.fang.com/
Logger:2020-03-16 11:54:55.970345 https://balixinchengbj.fang.com/
Logger:2020-03-16 11:54:56.989660 https://xinyuecheng0739.fang.com/
Logger:2020-03-16 11:54:57.259987 https://yujingchengfx.fang.com/
Logger:2020-03-16 11:54:57.511261 https://dahantianxi.fang.com/
Logger:2020-03-16 11:54:57.807431 https://huijingguoji0739.fang.com/
Logger:2020-03-16 11:54:58.571387 https://liankelongyuan.fang.com/
Logger:2020-03-16 11:54:58.830763 https://xfthy0739.fang.com/
Logger:2020-03-16 11:54:59.088005 https://guangshamingdu.fang.com/
Logger:2020-03-16 11:54:59.902866 https://wantianguangchang.fang.com/
Logger:2020-03-16 11:55:00.203022 https://jutaihuafushs.fang.com/
Logger:2020-03-16 11:55:01.685101 https://yujingchengshiguangchang.fang.com/
Logger:2020-03-16 11:55:01.925414 https://wyzyt.fang.com/
Logger:2020-03-16 11:55:04.277166 https://jianganjingyuan0739.fang.com/
Logger:2020-03-16 11:55:08.551730 https://shaoyang.newhouse.fang.com/house/s/b94/
Logger:2020-03-16 11:55:08.817976 https://guojishangyeguangchangsy.fang.com/
Logger:2020-03-16 11:55:09.101218 https://bqfdxy.fang.com/
Logger:2020-03-16 11:55:09.369501 https://guojishangmaochengjlw.fang.com/
Logger:2020-03-16 11:55:13.702906 https://fangdaguihuacheng.fang.com/
Logger:2020-03-16 11:55:13.993131 https://zcygl.fang.com/
Logger:2020-03-16 11:55:15.743448 https://jinxiuhuafu0739.fang.com/
Logger:2020-03-16 11:55:16.015763 https://mdpark.fang.com/
Logger:2020-03-16 11:55:16.280013 https://dahanhanyuan0739.fang.com/
Logger:2020-03-16 11:55:16.578216 https://bjsdc.fang.com/
Logger:2020-03-16 11:55:20.484764 https://yuezhongxindh.fang.com/
Logger:2020-03-16 11:55:20.741120 https://shijichengyl.fang.com/
Logger:2020-03-16 11:55:24.105080 https://yuankezygc.fang.com/
Logger:2020-03-16 11:55:27.494014 https://ncpwlzxxxn.fang.com/
Logger:2020-03-16 11:55:27.801192 https://zhonghuanguoji0739.fang.com/
Logger:2020-03-16 11:55:28.077491 https://baodianxinchengzt.fang.com/
Logger:2020-03-16 11:55:28.375655 https://wenxingjiayuan.fang.com/
Logger:2020-03-16 11:55:30.755289 https://wyzyfjj.fang.com/
Logger:2020-03-16 11:55:31.037535 https://zirimingyuan.fang.com/
Logger:2020-03-16 11:55:31.332785 https://jinpengjiayuanfh.fang.com/2/
Logger:2020-03-16 11:55:31.629949 https://shundecheng.fang.com/
Logger:2020-03-16 11:55:35.459745 https://shaoyang.newhouse.fang.com/house/s/b95/
Logger:2020-03-16 11:55:35.743987 https://chenxiyifang.fang.com/
Logger:2020-03-16 11:55:36.021278 https://jikejinjie.fang.com/
Logger:2020-03-16 11:55:36.323394 https://zhongyashidaiguangchang.fang.com/
Logger:2020-03-16 11:55:36.624588 https://jiayuanhf.fang.com/
Logger:2020-03-16 11:55:38.820725 https://shaoxinfu.fang.com/
Logger:2020-03-16 11:55:39.165789 https://bainazhongxinguangchang.fang.com/
Logger:2020-03-16 11:55:39.533838 https://xianggangtongluowanguangchang.fang.com/
Logger:2020-03-16 11:55:39.839986 https://zhichengtongledashijie.fang.com/
Logger:2020-03-16 11:55:40.101287 https://rendianguoji.fang.com/
Logger:2020-03-16 11:55:40.412455 https://zhuosongyuecheng.fang.com/
Logger:2020-03-16 11:55:40.664823 https://caifuguangchangjy0739.fang.com/
Logger:2020-03-16 11:55:44.420752 https://jindianchengznwj.fang.com/
Logger:2020-03-16 11:55:44.673089 https://jycssl.fang.com/
Logger:2020-03-16 11:55:48.395142 https://shaoyang.newhouse.fang.com/house/s/b96/
Logger:2020-03-16 11:55:51.945602 https://shaoyang.newhouse.fang.com/house/s/b97/
Logger:2020-03-16 11:55:55.520080 https://shaoyang.newhouse.fang.com/house/s/b98/
