Logger:2020-03-15 23:41:07.454369 https://shishi.newhouse.fang.com/house/s/b91/
Logger:2020-03-15 23:41:07.757188 https://sssmmotiancheng.fang.com/
Logger:2020-03-15 23:41:08.140212 https://bdkangchengmeishu.fang.com/
Logger:2020-03-15 23:41:08.481251 https://fajinyuzhongxing.fang.com/
Logger:2020-03-15 23:41:08.858273 https://184144.fang.com/
Logger:2020-03-15 23:41:09.192270 https://wuhuatiancheng.fang.com/
Logger:2020-03-15 23:41:11.992359 https://184160.fang.com/
Logger:2020-03-15 23:41:12.298012 https://184170.fang.com/
Logger:2020-03-15 23:41:12.678406 https://bdpshanyunhai.fang.com/
Logger:2020-03-15 23:41:13.012540 https://hengdashoufuss.fang.com/
Logger:2020-03-15 23:41:15.588457 https://1841640595.fang.com/
Logger:2020-03-15 23:41:15.889664 https://ssygclizigongguan.fang.com/
Logger:2020-03-15 23:41:16.227758 https://sshengdamingdu.fang.com/
Logger:2020-03-15 23:41:17.973711 https://shishijixiangmeishu.fang.com/
Logger:2020-03-15 23:41:18.365176 https://shishijinhuicheng.fang.com/
Logger:2020-03-15 23:41:18.712247 https://xingjinhaoyuan.fang.com/
Logger:2020-03-15 23:41:21.290531 https://sslongxihuacheng.fang.com/
Logger:2020-03-15 23:41:21.653780 https://dingshengtianxi.fang.com/
Logger:2020-03-15 23:41:22.008830 https://sszhongjuntianyu.fang.com/
Logger:2020-03-15 23:41:24.462640 https://zhongjunhjha.fang.com/
Logger:2020-03-15 23:41:24.936801 https://184152.fang.com/
Logger:2020-03-15 23:41:28.539331 https://shishi.newhouse.fang.com/house/s/b92/
Logger:2020-03-15 23:41:28.912867 https://184154.fang.com/
Logger:2020-03-15 23:41:29.252752 https://sszhongjunshangcheng.fang.com/
Logger:2020-03-15 23:41:29.661172 https://1841620595.fang.com/
Logger:2020-03-15 23:41:30.015231 https://184146.fang.com/
Logger:2020-03-15 23:41:30.507881 https://shishiwankejinyuzhongyang.fang.com/
Logger:2020-03-15 23:41:32.063519 https://fuancaifuyihao.fang.com/
Logger:2020-03-15 23:41:32.395137 https://sstaiheguangchang.fang.com/
Logger:2020-03-15 23:41:32.769137 https://sshongweishoufu.fang.com/
Logger:2020-03-15 23:41:33.085886 https://184150.fang.com/
Logger:2020-03-15 23:41:33.461973 https://sskaixuanmingmen.fang.com/
Logger:2020-03-15 23:41:33.801105 https://jdnanyangguoji.fang.com/
Logger:2020-03-15 23:41:34.129188 https://xinyihaoyuan0595.fang.com/
Logger:2020-03-15 23:41:34.524348 https://hongshanfudd.fang.com/
Logger:2020-03-15 23:41:34.967182 https://milanguangchangbd0595.fang.com/
Logger:2020-03-15 23:41:37.168470 https://184148.fang.com/
Logger:2020-03-15 23:41:39.374407 https://ssbhyujingtianxia.fang.com/
Logger:2020-03-15 23:41:42.683902 https://ssjinwangshoufu.fang.com/
Logger:2020-03-15 23:41:43.039367 https://wxxiangzhiwan.fang.com/
Logger:2020-03-15 23:41:44.869183 https://jinjiangyunfu0595.fang.com/
Logger:2020-03-15 23:41:45.851869 https://shishi.newhouse.fang.com/house/2227197768.htm
Logger:2020-03-15 23:41:49.379627 https://shishi.newhouse.fang.com/house/s/b93/
Logger:2020-03-15 23:41:51.518331 https://jinjiangyuncheng0595.fang.com/
Logger:2020-03-15 23:41:55.716872 https://shishi.newhouse.fang.com/house/2227197528.htm
Logger:2020-03-15 23:41:55.991162 https://ssshijijiayuan.fang.com/
Logger:2020-03-15 23:41:58.484700 https://ouzhouchengss.fang.com/
Logger:2020-03-15 23:41:58.769901 https://ssdongganghuayuan.fang.com/
Logger:2020-03-15 23:41:59.159266 https://ssshichengdiyuan.fang.com/
Logger:2020-03-15 23:42:03.042365 https://shishi.newhouse.fang.com/house/s/b94/
Logger:2020-03-15 23:42:06.522014 https://shishi.newhouse.fang.com/house/s/b95/
Logger:2020-03-15 23:42:10.031872 https://shishi.newhouse.fang.com/house/s/b96/
