Logger:2020-03-16 11:10:03.334813 https://shiyan.newhouse.fang.com/house/s/b91/
Logger:2020-03-16 11:10:12.865153 https://hengdacheng0719.fang.com/
Logger:2020-03-16 11:10:13.119735 https://yunyangxintiandi.fang.com/
Logger:2020-03-16 11:10:13.435917 https://dongchengguojihuayuanxa.fang.com/
Logger:2020-03-16 11:10:13.820883 https://guojichenghc.fang.com/
Logger:2020-03-16 11:10:14.200305 https://linghangchengzr.fang.com/
Logger:2020-03-16 11:10:14.592762 https://wandaguangchang0719.fang.com/
Logger:2020-03-16 11:10:15.018843 https://yangguangqigu.fang.com/
Logger:2020-03-16 11:10:15.368934 https://dayangwuzhou.fang.com/
Logger:2020-03-16 11:10:15.884076 https://huaxiagongguancb.fang.com/
Logger:2020-03-16 11:10:16.164209 https://shijichengbq.fang.com/
Logger:2020-03-16 11:10:16.512725 https://tianjingangjh.fang.com/
Logger:2020-03-16 11:10:16.864932 https://sifangxinchengxl.fang.com/
Logger:2020-03-16 11:10:18.287521 https://gcmlf.fang.com/
Logger:2020-03-16 11:10:18.584396 https://zhongyuehuitc.fang.com/
Logger:2020-03-16 11:10:18.902470 https://fhxj.fang.com/2/
Logger:2020-03-16 11:10:19.205245 https://guojilvsongshicheng.fang.com/
Logger:2020-03-16 11:10:19.523400 https://junlintianxia0719.fang.com/
Logger:2020-03-16 11:10:19.852179 https://hanjianghuayuan0719.fang.com/
Logger:2020-03-16 11:10:20.185378 https://yulongge.fang.com/
Logger:2020-03-16 11:10:20.490087 https://guanyugd.fang.com/
Logger:2020-03-16 11:10:24.216111 https://shiyan.newhouse.fang.com/house/s/b92/
Logger:2020-03-16 11:10:24.497305 https://zhenyangguifu.fang.com/
Logger:2020-03-16 11:10:24.840962 https://jiuzhoulongcheng.fang.com/
Logger:2020-03-16 11:10:25.153389 https://jinselizan.fang.com/
Logger:2020-03-16 11:10:25.465833 https://shanshuilongcheng.fang.com/3/
Logger:2020-03-16 11:10:25.903213 https://shidaijingdiantl.fang.com/
Logger:2020-03-16 11:10:26.200017 https://xinglicheng.fang.com/
Logger:2020-03-16 11:10:26.496821 https://kaixuanhuangjing.fang.com/
Logger:2020-03-16 11:10:30.874348 https://wyxtd0719.fang.com/
Logger:2020-03-16 11:10:31.139571 https://xinshijiejh.fang.com/
Logger:2020-03-16 11:10:31.498890 https://shangdongyipin0719.fang.com/
Logger:2020-03-16 11:10:31.842520 https://minshengguoji0719.fang.com/
Logger:2020-03-16 11:10:32.170567 https://skhyc.fang.com/
Logger:2020-03-16 11:10:32.420509 https://daohetianxia.fang.com/
Logger:2020-03-16 11:10:32.717337 https://shanghaimingdu.fang.com/
Logger:2020-03-16 11:10:33.045362 https://hanchengtiandi.fang.com/
Logger:2020-03-16 11:10:33.404651 https://dongchenghuafu0719.fang.com/
Logger:2020-03-16 11:10:33.685874 https://lufugong.fang.com/
Logger:2020-03-16 11:10:33.983096 https://dameishengcheng.fang.com/
Logger:2020-03-16 11:10:34.341929 https://dameishengchengcanglongshuyuan0719.fang.com/
Logger:2020-03-16 11:10:34.639178 https://lanshanjungr.fang.com/
Logger:2020-03-16 11:10:38.356608 https://shiyan.newhouse.fang.com/house/s/b93/
Logger:2020-03-16 11:10:38.653413 https://yunyangguojiyuan0719.fang.com/
Logger:2020-03-16 11:10:38.982088 https://sfxcjy.fang.com/
Logger:2020-03-16 11:10:39.232152 https://fssqlyc.fang.com/
Logger:2020-03-16 11:10:39.528551 https://wolongcheng.fang.com/
Logger:2020-03-16 11:10:39.844675 https://dongzhengguoji.fang.com/3/
Logger:2020-03-16 11:10:40.187909 https://waitanyihao0719.fang.com/
Logger:2020-03-16 11:10:40.485291 https://shengshiguangchangbb.fang.com/
Logger:2020-03-16 11:10:40.875760 https://taishanlvgu.fang.com/
Logger:2020-03-16 11:10:41.140809 https://kaixuancheng0719.fang.com/
Logger:2020-03-16 11:10:41.468882 https://weilaicheng0719.fang.com/
Logger:2020-03-16 11:10:41.718823 https://dongfnagyipin0719.fang.com/
Logger:2020-03-16 11:10:42.031266 https://zhongfangxiangshanyuan0719.fang.com/
Logger:2020-03-16 11:10:43.312210 https://sygjjrzx0719.fang.com/
Logger:2020-03-16 11:10:43.624637 https://gongyuanhai0719.fang.com/
Logger:2020-03-16 11:10:44.937426 https://shijichengnb.fang.com/
Logger:2020-03-16 11:10:45.327333 https://shanghailujinzuo.fang.com/
Logger:2020-03-16 11:10:45.787499 https://chaoyanglijing0719.fang.com/
Logger:2020-03-16 11:10:46.120364 https://dameishengchengjijiaguangchang0719.fang.com/
Logger:2020-03-16 11:10:46.370271 https://jiuhaogongguanhl.fang.com/
Logger:2020-03-16 11:10:46.669695 https://qxxhw.fang.com/
Logger:2020-03-16 11:10:50.378458 https://shiyan.newhouse.fang.com/house/s/b94/
Logger:2020-03-16 11:10:50.878339 https://dongfangguojiyuan.fang.com/
Logger:2020-03-16 11:10:51.143903 https://yangguangxiangshanjun.fang.com/
Logger:2020-03-16 11:10:51.409464 https://jinxiuhanlin.fang.com/
Logger:2020-03-16 11:10:51.675529 https://sfxcbsy.fang.com/
Logger:2020-03-16 11:10:52.018695 https://lanshanjunyg.fang.com/
Logger:2020-03-16 11:10:52.284259 https://tianlaigu0719.fang.com/
Logger:2020-03-16 11:10:52.565441 https://shendinglanwan.fang.com/
Logger:2020-03-16 11:10:52.877867 https://dongchengzhiguang.fang.com/
Logger:2020-03-16 11:10:53.159051 https://lanbaowanhy.fang.com/
Logger:2020-03-16 11:10:53.476556 https://dczgxdc.fang.com/
Logger:2020-03-16 11:10:53.789252 https://sfxcdslj.fang.com/
Logger:2020-03-16 11:10:55.257841 https://shiyan.newhouse.fang.com/house/2613136468.htm
Logger:2020-03-16 11:10:55.522947 https://jingangwangzuo.fang.com/
Logger:2020-03-16 11:10:58.288205 https://yanlanshanjd.fang.com/
Logger:2020-03-16 11:11:08.059719 https://panshanlinyu.fang.com/2/
Logger:2020-03-16 11:11:08.340865 https://huijingyuantl.fang.com/
Logger:2020-03-16 11:11:08.622050 https://yangguagnjinyuan.fang.com/
Logger:2020-03-16 11:11:09.075066 https://lanshanjunyg.fang.com/3/
Logger:2020-03-16 11:11:09.309386 https://dhsjgc0719.fang.com/
Logger:2020-03-16 11:11:10.637699 https://qiruitiancheng.fang.com/
Logger:2020-03-16 11:11:14.535581 https://shiyan.newhouse.fang.com/house/s/b95/
Logger:2020-03-16 11:11:14.843229 https://sfxcsfh.fang.com/
Logger:2020-03-16 11:11:15.155656 https://bolanshanglongchengerqi0719.fang.com/
Logger:2020-03-16 11:11:15.935873 https://qianshuiwandc.fang.com/
Logger:2020-03-16 11:11:16.185861 https://hxqsw0719.fang.com/
Logger:2020-03-16 11:11:16.420135 https://sycsgjsmc.fang.com/
Logger:2020-03-16 11:11:16.778915 https://jingangshanggu.fang.com/
Logger:2020-03-16 11:11:17.069552 https://bcsmwly.fang.com/
Logger:2020-03-16 11:11:18.692350 https://sybgjqcmyc.fang.com/
Logger:2020-03-16 11:11:18.957891 https://huichengdasha0719.fang.com/
Logger:2020-03-16 11:11:19.316698 https://hanlinshijiaxy.fang.com/
Logger:2020-03-16 11:11:19.582527 https://lasmwlc.fang.com/
Logger:2020-03-16 11:11:19.832645 https://changjiangwangzuo.fang.com/
Logger:2020-03-16 11:11:20.093867 https://qjjydc0719.fang.com/
Logger:2020-03-16 11:11:23.934378 https://shiyan.newhouse.fang.com/house/s/b96/
Logger:2020-03-16 11:11:27.621008 https://shiyan.newhouse.fang.com/house/s/b97/
Logger:2020-03-16 11:11:31.764228 https://shiyan.newhouse.fang.com/house/s/b98/
