Logger:2020-03-16 01:02:03.506096 https://shunde.newhouse.fang.com/house/s/b91/
Logger:2020-03-16 01:02:03.709097 https://kanggesi.fang.com/
Logger:2020-03-16 01:02:03.959759 https://biguiyuanyuegongguanbaoli.fang.com/
Logger:2020-03-16 01:02:04.240977 https://mingyuehuafudj.fang.com/
Logger:2020-03-16 01:02:04.506189 https://mingyuebandaodj.fang.com/
Logger:2020-03-16 01:02:04.798816 https://jiulongjunlg.fang.com/
Logger:2020-03-16 01:02:05.079999 https://yianhaojingwan.fang.com/
Logger:2020-03-16 01:02:06.970109 https://languangbiguiyuanjinlongwan.fang.com/
Logger:2020-03-16 01:02:07.266198 https://160486.fang.com/
Logger:2020-03-16 01:02:07.532340 https://shundeweilaicheng757.fang.com/
Logger:2020-03-16 01:02:07.798085 https://shuimuqinghuabgymd.fang.com/
Logger:2020-03-16 01:02:09.975505 https://taohuimingriliujinwan.fang.com/
Logger:2020-03-16 01:02:10.271693 https://rongguibiguiyuanfang.fang.com/
Logger:2020-03-16 01:02:10.521553 https://sdwkjybj.fang.com/
Logger:2020-03-16 01:02:18.526756 https://jzyjinyutianxia.fang.com/
Logger:2020-03-16 01:02:18.807464 https://sdcanglonghuafu.fang.com/
Logger:2020-03-16 01:02:29.414245 https://rongchuangbinjiangyuefu.fang.com/
Logger:2020-03-16 01:02:29.648563 https://liyuanxtd.fang.com/
Logger:2020-03-16 01:02:29.929749 https://baolizhongyanggongguanfang.fang.com/
Logger:2020-03-16 01:02:30.210975 https://yundihqc757.fang.com/
Logger:2020-03-16 01:02:30.476494 https://qingyuexhyjl757.fang.com/
Logger:2020-03-16 01:02:34.329961 https://shunde.newhouse.fang.com/house/s/b92/
Logger:2020-03-16 01:02:37.594815 https://shunde.newhouse.fang.com/house/2831160374.htm
Logger:2020-03-16 01:02:39.423016 https://sdmeidihuawancheng.fang.com/
Logger:2020-03-16 01:02:39.719793 https://jianqiaojunzjyjl757.fang.com/
Logger:2020-03-16 01:02:42.606355 https://huaxiaxinchengqiqu.fang.com/2/
Logger:2020-03-16 01:02:43.731184 https://shunde.newhouse.fang.com/house/2831160370.htm
Logger:2020-03-16 01:02:43.996744 https://guipanjunlanmdhn.fang.com/
Logger:2020-03-16 01:02:47.148725 https://shunde.newhouse.fang.com/house/2831160380.htm
Logger:2020-03-16 01:02:47.383003 https://bocuitianxiajk0757.fang.com/
Logger:2020-03-16 01:02:47.617323 https://meidixijiangfu.fang.com/
Logger:2020-03-16 01:02:47.851642 https://yuelihrzd757.fang.com/
Logger:2020-03-16 01:02:48.133179 https://meidiyihaogongguan.fang.com/
Logger:2020-03-16 01:02:48.508192 https://shundetpygj.fang.com/
Logger:2020-03-16 01:02:48.763428 https://bilongwanzhxy.fang.com/
Logger:2020-03-16 01:02:49.028526 https://hengfurongyueyuan.fang.com/
Logger:2020-03-16 01:02:49.325965 https://longguangtianying757.fang.com/
Logger:2020-03-16 01:02:49.575938 https://weimeizhenanhuafu.fang.com/
Logger:2020-03-16 01:02:49.809591 https://hejingtianluan123.fang.com/
Logger:2020-03-16 01:02:50.075572 https://hengdajiangwansd757.fang.com/
Logger:2020-03-16 01:02:50.356820 https://lihongliyuexuan.fang.com/
Logger:2020-03-16 01:02:50.610237 https://mdlcfengqilanting.fang.com/
Logger:2020-03-16 01:02:54.328086 https://shunde.newhouse.fang.com/house/s/b93/
Logger:2020-03-16 01:02:54.547152 https://polytheface0757.fang.com/
Logger:2020-03-16 01:02:57.352026 https://longyuejiangshan757.fang.com/
Logger:2020-03-16 01:02:57.633210 https://jhyoubudadao.fang.com/
Logger:2020-03-16 01:02:57.867530 https://shenyecheng0757.fang.com/
Logger:2020-03-16 01:02:58.211634 https://baolitianhuan757.fang.com/
Logger:2020-03-16 01:02:58.461382 https://sdyongjingxianzh.fang.com/
Logger:2020-03-16 01:03:09.958094 https://klbjsghy.fang.com/
Logger:2020-03-16 01:03:12.163204 https://yiyunguoji0757.fang.com/
Logger:2020-03-16 01:03:12.444388 https://tianbaohaoting757.fang.com/
Logger:2020-03-16 01:03:12.730805 https://huayixinghaowan.fang.com/
Logger:2020-03-16 01:03:13.277770 https://chuangzhiguwl.fang.com/
Logger:2020-03-16 01:03:13.512517 https://mcityshunde.fang.com/
Logger:2020-03-16 01:03:13.793095 https://wdshangwudasha.fang.com/
Logger:2020-03-16 01:03:15.788435 https://shundehuaqiaochengtianehu.fang.com/
Logger:2020-03-16 01:03:31.086028 https://jinyuxuefuwksd.fang.com/
Logger:2020-03-16 01:03:31.304073 https://taiheyuanzi.fang.com/
Logger:2020-03-16 01:03:31.539059 https://160494.fang.com/
Logger:2020-03-16 01:03:31.772672 https://jiulongfulgsd.fang.com/
Logger:2020-03-16 01:03:32.054305 https://lujinjiangshanyunzhujh.fang.com/
Logger:2020-03-16 01:03:34.334561 https://zhongjiaochengwanyuefu.fang.com/
Logger:2020-03-16 01:03:38.029354 https://shunde.newhouse.fang.com/house/s/b94/
Logger:2020-03-16 01:03:38.497993 https://zzf0757.fang.com/
Logger:2020-03-16 01:03:41.772797 https://boaochengsd.fang.com/
Logger:2020-03-16 01:03:42.053635 https://zhonghaiwanjingongguan.fang.com/
Logger:2020-03-16 01:03:42.319082 https://wankexingduhui.fang.com/
Logger:2020-03-16 01:03:44.454479 https://shundezizaicheng.fang.com/
Logger:2020-03-16 01:03:46.038166 https://yunlugongguanzh757.fang.com/
Logger:2020-03-16 01:03:46.299924 https://haijundagongguan.fang.com/
Logger:2020-03-16 01:03:46.518622 https://zhongyixintiandi757.fang.com/
Logger:2020-03-16 01:03:46.752979 https://yunkongjianbgysd.fang.com/
Logger:2020-03-16 01:03:47.049817 https://tianjunhuilj.fang.com/
Logger:2020-03-16 01:03:49.736686 https://kanggesihuayuan.fang.com/
Logger:2020-03-16 01:03:50.017842 https://jinxigongguanzh757.fang.com/
Logger:2020-03-16 01:03:50.283358 https://yuzhoulangtingwan.fang.com/
Logger:2020-03-16 01:03:50.548967 https://fcjwwk.fang.com/
Logger:2020-03-16 01:03:52.662449 https://zhongjiaohanchengmd.fang.com/
Logger:2020-03-16 01:03:54.442778 https://jindicuiyuan757.fang.com/
Logger:2020-03-16 01:03:54.677098 https://xinshimingfu757.fang.com/
Logger:2020-03-16 01:03:57.427152 https://wanxiangjunyglsd.fang.com/
Logger:2020-03-16 01:03:57.660811 https://tongmengtianxiadj2.fang.com/
Logger:2020-03-16 01:03:59.535326 https://sdhaidegongyuan.fang.com/
Logger:2020-03-16 01:04:03.521458 https://shunde.newhouse.fang.com/house/s/b95/
Logger:2020-03-16 01:04:03.724266 https://haipomingxuan2.fang.com/
Logger:2020-03-16 01:04:03.989756 https://zhonghaixinchengyihao.fang.com/
Logger:2020-03-16 01:04:06.007534 https://wanjinshijiazh.fang.com/
Logger:2020-03-16 01:04:06.242354 https://upcityql.fang.com/
Logger:2020-03-16 01:04:06.491841 https://ruijinghuayuan0757.fang.com/
Logger:2020-03-16 01:04:06.789068 https://taohuiguangchang757.fang.com/
Logger:2020-03-16 01:04:07.069933 https://foaowan0757.fang.com/
Logger:2020-03-16 01:04:07.304152 https://bailigongyuanli.fang.com/
Logger:2020-03-16 01:04:07.570100 https://lbmilangongguan.fang.com/
Logger:2020-03-16 01:04:09.669744 https://rongchuangwangjiangfu.fang.com/
Logger:2020-03-16 01:04:09.950464 https://yicuijinshenghuayuan2.fang.com/
Logger:2020-03-16 01:04:10.201124 https://suningguangchanghd.fang.com/
Logger:2020-03-16 01:04:14.673967 https://biguiyuanshuixiangfanghua.fang.com/
Logger:2020-03-16 01:04:14.970799 https://rongshengwenbofu.fang.com/
Logger:2020-03-16 01:04:16.444638 https://guotongguangchang.fang.com/
Logger:2020-03-16 01:04:19.690704 https://zgdeguogang.fang.com/
Logger:2020-03-16 01:04:19.956192 https://haipomingxuan.fang.com/
Logger:2020-03-16 01:04:21.492215 https://shunde.newhouse.fang.com/house/2831160376.htm
Logger:2020-03-16 01:04:23.631615 https://binjiangshoufu757.fang.com/
Logger:2020-03-16 01:04:23.866631 https://honghuicheng.fang.com/
Logger:2020-03-16 01:04:27.860093 https://shunde.newhouse.fang.com/house/s/b96/
Logger:2020-03-16 01:04:28.345016 https://shunde.newhouse.fang.com/house/2831160378.htm
Logger:2020-03-16 01:04:31.241851 https://160520.fang.com/
Logger:2020-03-16 01:04:33.109761 https://sdxnyqcxz757.fang.com/
Logger:2020-03-16 01:04:33.656465 https://junlanjiangshanmd0757.fang.com/
Logger:2020-03-16 01:04:33.905784 https://biguiyuanzuanshiwan.fang.com/
Logger:2020-03-16 01:04:34.203010 https://longhucjmc.fang.com/
Logger:2020-03-16 01:04:37.079422 https://shunde.newhouse.fang.com/house/2832287106.htm
Logger:2020-03-16 01:04:37.313513 https://bgyhuarunxczg.fang.com/
Logger:2020-03-16 01:04:37.548159 https://meijiepanhaiyufenghuayuanfang.fang.com/
Logger:2020-03-16 01:04:39.687921 https://shunde.newhouse.fang.com/house/2832183030.htm
Logger:2020-03-16 01:04:39.922196 https://zhenyuanrc.fang.com/
Logger:2020-03-16 01:04:40.172639 https://baolidongwanshunde.fang.com/
Logger:2020-03-16 01:04:40.484564 https://jinditianxihuayuan0757.fang.com/
Logger:2020-03-16 01:04:40.756579 https://xinchenggongguanzh.fang.com/
Logger:2020-03-16 01:04:41.022381 https://rongchuangyufu757.fang.com/
Logger:2020-03-16 01:04:41.255979 https://shidaixingyingyudao0757.fang.com/
Logger:2020-03-16 01:04:41.552784 https://zhihuijiabgy.fang.com/
Logger:2020-03-16 01:04:41.834686 https://sdjiahaoyayuan.fang.com/
Logger:2020-03-16 01:04:43.318708 https://shunde.newhouse.fang.com/house/2832288148.htm
Logger:2020-03-16 01:04:44.911366 https://shundeyslsw.fang.com/
Logger:2020-03-16 01:04:48.637731 https://shunde.newhouse.fang.com/house/s/b97/
Logger:2020-03-16 01:04:48.872176 https://gfyjyfang.fang.com/
Logger:2020-03-16 01:04:49.106370 https://chuangyidashazdh.fang.com/
Logger:2020-03-16 01:04:50.215525 https://shunde.newhouse.fang.com/house/2832288094.htm
Logger:2020-03-16 01:04:52.600859 https://shunde.newhouse.fang.com/house/2831160368.htm
Logger:2020-03-16 01:04:52.834993 https://julongfengduguangchang.fang.com/
Logger:2020-03-16 01:04:54.880852 https://shunde.newhouse.fang.com/house/2832288888.htm
Logger:2020-03-16 01:04:56.558755 https://yzgc.fang.com/
Logger:2020-03-16 01:04:58.152850 https://shunde.newhouse.fang.com/house/2832288930.htm
Logger:2020-03-16 01:05:01.913191 https://shunde.newhouse.fang.com/house/s/b98/
Logger:2020-03-16 01:05:05.373436 https://shunde.newhouse.fang.com/house/s/b99/
Logger:2020-03-16 01:05:08.773820 https://shunde.newhouse.fang.com/house/s/b910/
