Logger:2020-03-16 14:41:36.092579 https://shuyang.newhouse.fang.com/house/s/b91/
Logger:2020-03-16 14:41:36.420687 https://yangguangchuntian0527.fang.com/
Logger:2020-03-16 14:41:36.708916 https://wandajxc.fang.com/
Logger:2020-03-16 14:41:37.050034 https://syshuchengtianxia.fang.com/
Logger:2020-03-16 14:41:37.342238 https://nanhuyinry.fang.com/
Logger:2020-03-16 14:41:37.636435 https://xinchengbgy.fang.com/
Logger:2020-03-16 14:41:37.913693 https://hongxingtianbo0527.fang.com/
Logger:2020-03-16 14:41:38.259770 https://syxcssygc.fang.com/
Logger:2020-03-16 14:41:38.558968 https://dongfanggongguansy.fang.com/
Logger:2020-03-16 14:41:39.868497 https://fuyuanyuefu.fang.com/
Logger:2020-03-16 14:41:40.169658 https://jingtaiyayuan527.fang.com/
Logger:2020-03-16 14:41:40.552633 https://sydongfangxiandaicheng.fang.com/
Logger:2020-03-16 14:41:40.838868 https://jinlingfuhm.fang.com/
Logger:2020-03-16 14:41:41.155097 https://lijingyuan0527.fang.com/
Logger:2020-03-16 14:41:41.432321 https://sychaoyangxincheng.fang.com/
Logger:2020-03-16 14:41:43.475814 https://fuyuanjingdu.fang.com/
Logger:2020-03-16 14:41:46.471835 https://jiadehuayuan0527.fang.com/
Logger:2020-03-16 14:41:46.730149 https://huifengziyuan.fang.com/3/
Logger:2020-03-16 14:41:51.062570 https://syfujingnanhujun.fang.com/
Logger:2020-03-16 14:41:51.361718 https://ruyizhuangyuannh.fang.com/
Logger:2020-03-16 14:41:52.599449 https://lijinghuating527.fang.com/
Logger:2020-03-16 14:41:56.322448 https://shuyang.newhouse.fang.com/house/s/b92/
Logger:2020-03-16 14:41:56.541891 https://dijingtianyue.fang.com/
Logger:2020-03-16 14:41:56.794185 https://wendinghuiyuan.fang.com/
Logger:2020-03-16 14:41:57.092423 https://biguiyuanqiaochutang.fang.com/
Logger:2020-03-16 14:41:57.353720 https://datangyuanzi.fang.com/
Logger:2020-03-16 14:41:57.620974 https://shangyeguangchangxcs.fang.com/
Logger:2020-03-16 14:41:57.871304 https://fuyuanyingbinfu.fang.com/
Logger:2020-03-16 14:41:58.185505 https://syyurunguangchang.fang.com/
Logger:2020-03-16 14:41:58.462746 https://xiyuan20527.fang.com/
Logger:2020-03-16 14:41:58.724022 https://sylzdsygc.fang.com/
Logger:2020-03-16 14:42:02.254578 https://shuyang.newhouse.fang.com/house/s/b93/
Logger:2020-03-16 14:42:05.693424 https://shuyang.newhouse.fang.com/house/s/b94/
Logger:2020-03-16 14:42:09.189069 https://shuyang.newhouse.fang.com/house/s/b95/
