Logger:2020-03-16 15:30:03.944725 https://siping.newhouse.fang.com/house/s/b91/
Logger:2020-03-16 15:30:10.693956 https://haiyin9hao.fang.com/
Logger:2020-03-16 15:30:11.107437 https://sphdsf.fang.com/
Logger:2020-03-16 15:30:11.434565 https://lantianhuafu.fang.com/
Logger:2020-03-16 15:30:21.140940 https://gongzhulinglingxiushijia.fang.com/
Logger:2020-03-16 15:30:21.592731 https://shangdongyihao2.fang.com/
Logger:2020-03-16 15:30:27.254917 https://longtenghuayuansq.fang.com/
Logger:2020-03-16 15:30:36.739671 https://huayucheng0434.fang.com/
Logger:2020-03-16 15:30:37.254361 https://xiximingdi.fang.com/
Logger:2020-03-16 15:30:43.807856 https://xintiandisl.fang.com/
Logger:2020-03-16 15:30:48.080124 https://qianxuzhuangyuanfudi.fang.com/
Logger:2020-03-16 15:30:48.400857 https://shundadongyuefu.fang.com/
Logger:2020-03-16 15:30:49.981610 https://juzhanxingfuli.fang.com/
Logger:2020-03-16 15:30:50.648951 https://guanhulongtingyuan.fang.com/
Logger:2020-03-16 15:30:50.960119 https://huayuchengxiheyuan.fang.com/
Logger:2020-03-16 15:30:59.172117 https://jinyuhuafu0434.fang.com/
Logger:2020-03-16 15:30:59.787514 https://diwujunjz.fang.com/
Logger:2020-03-16 15:31:05.936842 https://baihehuayuan0434.fang.com/
Logger:2020-03-16 15:31:06.231108 https://shenaosijixincheng.fang.com/
Logger:2020-03-16 15:31:06.842441 https://huayimingzhu0434.fang.com/
Logger:2020-03-16 15:31:07.135185 https://fengyidongjun.fang.com/
Logger:2020-03-16 15:31:13.017990 https://siping.newhouse.fang.com/house/s/b92/
Logger:2020-03-16 15:31:13.352977 https://ruixiangjinshuihuacheng.fang.com/
Logger:2020-03-16 15:31:13.671126 https://yangguangshoufu.fang.com/
Logger:2020-03-16 15:31:14.035158 https://dyjzwxsds.fang.com/
Logger:2020-03-16 15:31:14.391219 https://zhichengzhongyanggongyuan.fang.com/4/
Logger:2020-03-16 15:31:14.982646 https://shijichengxy2.fang.com/
Logger:2020-03-16 15:31:15.431570 https://zijinchenghy.fang.com/
Logger:2020-03-16 15:31:15.766702 https://jinyuheyuan.fang.com/
Logger:2020-03-16 15:31:16.111759 https://jinxiumingzhu0434.fang.com/
Logger:2020-03-16 15:31:16.531637 https://fubangshidaixincheng.fang.com/
Logger:2020-03-16 15:31:20.086726 https://gongzhuling.newhouse.fang.com/house/1725832279.htm
Logger:2020-03-16 15:31:20.394938 https://longtengguojigongyu.fang.com/
Logger:2020-03-16 15:31:20.693305 https://hengdawenhualvyoucheng0434.fang.com/
Logger:2020-03-16 15:31:21.037263 https://jiazhouwandy.fang.com/
Logger:2020-03-16 15:31:21.822144 https://wandaguangchangsp.fang.com/
Logger:2020-03-16 15:31:22.158450 https://dongfangmingzhujy.fang.com/
Logger:2020-03-16 15:31:23.419283 https://jiuzhoudiwujun.fang.com/3/
Logger:2020-03-16 15:31:27.683995 https://ziweigongguan0434.fang.com/
Logger:2020-03-16 15:31:31.204756 https://aishangxiangxieli.fang.com/
Logger:2020-03-16 15:31:33.692905 https://fumindongchengshangpin.fang.com/
Logger:2020-03-16 15:31:34.011058 https://tianlichengzhongyang.fang.com/
Logger:2020-03-16 15:31:37.760330 https://siping.newhouse.fang.com/house/s/b93/
Logger:2020-03-16 15:31:40.379656 https://sipingbaihuodalou.fang.com/
Logger:2020-03-16 15:31:40.668037 https://gongzhuling.newhouse.fang.com/house/1725832267.htm
Logger:2020-03-16 15:31:41.218564 https://boerduoguangchang.fang.com/
Logger:2020-03-16 15:31:44.635350 https://gongzhuling.newhouse.fang.com/house/1725832271.htm
Logger:2020-03-16 15:31:45.099111 https://pingguoshequ0434.fang.com/
Logger:2020-03-16 15:31:46.711622 https://gongzhuling.newhouse.fang.com/house/1725832273.htm
Logger:2020-03-16 15:31:47.051712 https://gongzhuling.newhouse.fang.com/house/1725832277.htm
Logger:2020-03-16 15:31:47.367866 https://spdygj.fang.com/
Logger:2020-03-16 15:31:49.355128 https://baojieyihao.fang.com/
Logger:2020-03-16 15:31:49.680840 https://daguojizhongxinw.fang.com/
Logger:2020-03-16 15:31:49.989038 https://fengzewanxiang.fang.com/
Logger:2020-03-16 15:31:50.947195 https://gongzhuling.newhouse.fang.com/house/1725832269.htm
Logger:2020-03-16 15:31:54.795864 https://baotaishangyeguangchang.fang.com/
Logger:2020-03-16 15:31:58.983644 https://siping.newhouse.fang.com/house/s/b94/
Logger:2020-03-16 15:32:02.727474 https://siping.newhouse.fang.com/house/s/b95/
Logger:2020-03-16 15:32:06.744750 https://siping.newhouse.fang.com/house/s/b96/
