Logger:2020-03-16 15:36:08.909859 https://songyuan.newhouse.fang.com/house/s/b91/
Logger:2020-03-16 15:36:09.221628 https://songyuanzhongxincheng.fang.com/
Logger:2020-03-16 15:36:09.526812 https://feidazijinwan.fang.com/
Logger:2020-03-16 15:36:09.880902 https://zhongdongpasadina.fang.com/
Logger:2020-03-16 15:36:10.220007 https://boerduoxiaozhensy.fang.com/
Logger:2020-03-16 15:36:10.582775 https://dongfangsainasx.fang.com/
Logger:2020-03-16 15:36:10.891587 https://binjiang1hao.fang.com/
Logger:2020-03-16 15:36:15.915820 https://wanlonghuayuansy.fang.com/
Logger:2020-03-16 15:36:16.493611 https://fayavillage.fang.com/
Logger:2020-03-16 15:36:17.650013 https://bolinsiji.fang.com/
Logger:2020-03-16 15:36:17.953888 https://guangyuhualongxuefu.fang.com/
Logger:2020-03-16 15:36:18.256862 https://wyfhy.fang.com/
Logger:2020-03-16 15:36:18.637771 https://xueyuanmingcheng.fang.com/
Logger:2020-03-16 15:36:19.023778 https://jixiangyuanhy.fang.com/
Logger:2020-03-16 15:36:19.355918 https://jinyuguoji0438.fang.com/
Logger:2020-03-16 15:36:19.729514 https://kangtingyayuan.fang.com/
Logger:2020-03-16 15:36:20.146203 https://lanxijunyt.fang.com/
Logger:2020-03-16 15:36:20.731639 https://sulidehuayuanxiaozhen.fang.com/
Logger:2020-03-16 15:36:21.071728 https://huayangrunyangguoji.fang.com/
Logger:2020-03-16 15:36:22.245370 https://alpkhy0438.fang.com/
Logger:2020-03-16 15:36:22.640319 https://zhongyanggongguansy.fang.com/
Logger:2020-03-16 15:36:26.959955 https://songyuan.newhouse.fang.com/house/s/b92/
Logger:2020-03-16 15:36:28.579212 https://yijukangjun.fang.com/
Logger:2020-03-16 15:36:30.801609 https://shengshihuachenggy.fang.com/
Logger:2020-03-16 15:36:31.149681 https://weiyenahuayuan0438.fang.com/
Logger:2020-03-16 15:36:33.124114 https://dingfengshidai.fang.com/
Logger:2020-03-16 15:36:33.430266 https://ningjiangwanwc.fang.com/
Logger:2020-03-16 15:36:33.786314 https://shijixincheng0438.fang.com/
Logger:2020-03-16 15:36:34.383282 https://lvyeshangcheng.fang.com/
Logger:2020-03-16 15:36:34.779263 https://jinganjiayuan.fang.com/
Logger:2020-03-16 15:36:35.094380 https://dingjihuating.fang.com/
Logger:2020-03-16 15:36:40.997716 https://bdnddh.fang.com/
Logger:2020-03-16 15:36:42.278036 https://lingchengyipin.fang.com/
Logger:2020-03-16 15:36:46.811996 https://songyuan.newhouse.fang.com/house/s/b93/
Logger:2020-03-16 15:36:50.399281 https://songyuan.newhouse.fang.com/house/s/b94/
Logger:2020-03-16 15:36:55.186351 https://songyuan.newhouse.fang.com/house/s/b95/
