Logger:2020-03-16 14:08:45.286448 https://sq.newhouse.fang.com/house/s/b91/
Logger:2020-03-16 14:08:47.513536 https://hengdahuafu0527.fang.com/
Logger:2020-03-16 14:08:47.828685 https://feicuihuatinghd0527.fang.com/
Logger:2020-03-16 14:08:48.138854 https://xianghemingdi0527.fang.com/
Logger:2020-03-16 14:08:48.438016 https://xiandaichenghx0527.fang.com/
Logger:2020-03-16 14:08:48.779105 https://mengduhuayuanyh.fang.com/
Logger:2020-03-16 14:08:49.157130 https://zhongoumingcheng.fang.com/
Logger:2020-03-16 14:08:49.494227 https://jiatianxiahuayuan.fang.com/
Logger:2020-03-16 14:08:49.800374 https://yinxiang99.fang.com/
Logger:2020-03-16 14:08:50.087646 https://yuchenglt.fang.com/
Logger:2020-03-16 14:08:50.474644 https://yunhetianxi.fang.com/
Logger:2020-03-16 14:08:50.869550 https://yunhelanwan0527.fang.com/
Logger:2020-03-16 14:08:51.133844 https://wutonggongguan0527.fang.com/
Logger:2020-03-16 14:08:51.429015 https://shuiruntiancheng.fang.com/
Logger:2020-03-16 14:08:51.734235 https://xinchenghh.fang.com/
Logger:2020-03-16 14:08:52.066349 https://pinfenghuafu.fang.com/
Logger:2020-03-16 14:08:52.385483 https://biguiyuan0527.fang.com/
Logger:2020-03-16 14:08:52.700614 https://jinsuhuafu.fang.com/
Logger:2020-03-16 14:08:53.040704 https://yipinshangju.fang.com/
Logger:2020-03-16 14:08:53.347882 https://jinseweinisi.fang.com/
Logger:2020-03-16 14:08:53.692960 https://guojihuayuanjd0527.fang.com/
Logger:2020-03-16 14:08:56.992133 https://sq.newhouse.fang.com/house/s/b92/
Logger:2020-03-16 14:08:58.648744 https://jinyingguojihuayuan0527.fang.com/
Logger:2020-03-16 14:08:58.966850 https://shuimuqinghuaxc.fang.com/
Logger:2020-03-16 14:08:59.287992 https://shengshijingyuan0527.fang.com/
Logger:2020-03-16 14:08:59.596167 https://xinchengyuejun.fang.com/
Logger:2020-03-16 14:09:02.315924 https://dijinghaoyuan0527.fang.com/
Logger:2020-03-16 14:09:02.640088 https://zhongdashanghaicheng.fang.com/
Logger:2020-03-16 14:09:02.965156 https://shuimuqinghuahl.fang.com/
Logger:2020-03-16 14:09:03.308237 https://lvdiyipin0527.fang.com/
Logger:2020-03-16 14:09:03.621444 https://taihexiangfu.fang.com/
Logger:2020-03-16 14:09:03.947551 https://hanlinhuafuzy.fang.com/
Logger:2020-03-16 14:09:04.234758 https://xinxinjiayuandk.fang.com/
Logger:2020-03-16 14:09:04.542934 https://xingyuecheng0527.fang.com/
Logger:2020-03-16 14:09:04.923915 https://suzhouyihaokh.fang.com/
Logger:2020-03-16 14:09:05.252075 https://guchumingyuanky.fang.com/
Logger:2020-03-16 14:09:05.542261 https://shangyangchenght.fang.com/
Logger:2020-03-16 14:09:05.906330 https://gelinshangjunpr.fang.com/
Logger:2020-03-16 14:09:06.257390 https://yunhechuntian.fang.com/
Logger:2020-03-16 14:09:06.608409 https://shuijingchengly.fang.com/
Logger:2020-03-16 14:09:06.913611 https://shengshijiayuan0527.fang.com/
Logger:2020-03-16 14:09:07.291581 https://jiaheyiyuan0527.fang.com/
Logger:2020-03-16 14:09:10.595785 https://sq.newhouse.fang.com/house/s/b93/
Logger:2020-03-16 14:09:10.999741 https://lantianyuan0527.fang.com/
Logger:2020-03-16 14:09:11.260962 https://zhongdedujiacun.fang.com/
Logger:2020-03-16 14:09:12.634326 https://yuyuan0527.fang.com/
Logger:2020-03-16 14:09:12.940512 https://mingzhoujiayuan0527.fang.com/
Logger:2020-03-16 14:09:14.221086 https://shanshuiyunfang0527.fang.com/
Logger:2020-03-16 14:09:14.614992 https://yujiangshanhf.fang.com/
Logger:2020-03-16 14:09:14.922211 https://lijingwanhuating.fang.com/
Logger:2020-03-16 14:09:15.254354 https://jianqiaowanbgy.fang.com/
Logger:2020-03-16 14:09:15.536568 https://jiangshanyipin0527.fang.com/
Logger:2020-03-16 14:09:15.868680 https://yadianchengzg.fang.com/
Logger:2020-03-16 14:09:16.200747 https://hupanchuntianjt.fang.com/
Logger:2020-03-16 14:09:16.474059 https://manhadunwr.fang.com/
Logger:2020-03-16 14:09:17.753637 https://xingfuxuefu.fang.com/
Logger:2020-03-16 14:09:18.138563 https://ruijingmingdu.fang.com/
Logger:2020-03-16 14:09:18.512563 https://hanlinguoji0527.fang.com/
Logger:2020-03-16 14:09:21.801844 https://meiyudc.fang.com/
Logger:2020-03-16 14:09:25.076005 https://taiwushiguangchang.fang.com/
Logger:2020-03-16 14:09:25.425071 https://jiangshanchunxiaoqb.fang.com/
Logger:2020-03-16 14:09:25.712303 https://sijihuatingws.fang.com/
Logger:2020-03-16 14:09:25.992553 https://xinshanghaidashijie0527.fang.com/
Logger:2020-03-16 14:09:29.717630 https://sq.newhouse.fang.com/house/s/b94/
Logger:2020-03-16 14:09:30.115523 https://jinguihuayuanky.fang.com/
Logger:2020-03-16 14:09:30.387795 https://guojiguangchangzh.fang.com/
Logger:2020-03-16 14:09:30.710931 https://wanhegongguan.fang.com/
Logger:2020-03-16 14:09:30.995170 https://feicuilanwan0527.fang.com/
Logger:2020-03-16 14:09:31.327281 https://feicuichenght.fang.com/2/
Logger:2020-03-16 14:09:34.896733 https://jingshangjiayuan0527.fang.com/
Logger:2020-03-16 14:09:35.193937 https://fenghuangmeidiwc.fang.com/
Logger:2020-03-16 14:09:35.502183 https://lijingwangb.fang.com/
Logger:2020-03-16 14:09:35.815311 https://taihuhuayuan0527.fang.com/
Logger:2020-03-16 14:09:36.109488 https://gongyuanyihaojy0527.fang.com/
Logger:2020-03-16 14:09:36.414733 https://shanghaiwan0527.fang.com/
Logger:2020-03-16 14:09:36.696917 https://xinghubandao.fang.com/
Logger:2020-03-16 14:09:37.031066 https://dongfangyipinhy.fang.com/
Logger:2020-03-16 14:09:37.320250 https://shiwaitaoyuan0527.fang.com/
Logger:2020-03-16 14:09:37.597508 https://huayumingchengsh.fang.com/
Logger:2020-03-16 14:09:37.882745 https://longtingguoji0527.fang.com/
Logger:2020-03-16 14:09:39.828539 https://mingheyajufj.fang.com/
Logger:2020-03-16 14:09:40.136715 https://wanxiangchengshiguangchanghd.fang.com/
Logger:2020-03-16 14:09:40.422985 https://shangdongyihaoml.fang.com/
Logger:2020-03-16 14:09:40.682280 https://junyueguojihuayuan0527.fang.com/
Logger:2020-03-16 14:09:43.976488 https://sq.newhouse.fang.com/house/s/b95/
Logger:2020-03-16 14:09:44.459198 https://xinghaiwan0527.fang.com/
Logger:2020-03-16 14:09:44.830197 https://yuhulanqiao.fang.com/2/
Logger:2020-03-16 14:09:45.102431 https://guojixingchengzh0527.fang.com/3/
Logger:2020-03-16 14:09:45.440572 https://xiandaichengzy0527.fang.com/
Logger:2020-03-16 14:09:45.737731 https://binhechenghk.fang.com/
Logger:2020-03-16 14:09:46.281319 https://yurunguangchang0527.fang.com/
Logger:2020-03-16 14:09:46.628423 https://yinhuguangchang.fang.com/
Logger:2020-03-16 14:09:46.950486 https://mingfujd.fang.com/
Logger:2020-03-16 14:09:47.290576 https://wangzuyayuan.fang.com/
Logger:2020-03-16 14:09:47.584836 https://shengshijiayuan20527.fang.com/
Logger:2020-03-16 14:09:47.935887 https://hongrunshengjing.fang.com/
Logger:2020-03-16 14:09:49.973400 https://qbmswgc.fang.com/
Logger:2020-03-16 14:09:50.243677 https://jinjiayuan0527.fang.com/
Logger:2020-03-16 14:09:53.037246 https://fanhuali0527.fang.com/
Logger:2020-03-16 14:09:53.375343 https://bailinggongyu0527.fang.com/
Logger:2020-03-16 14:09:55.718073 https://shangyeguangchanghm.fang.com/
Logger:2020-03-16 14:09:56.305461 https://yinxiangchengjs.fang.com/
Logger:2020-03-16 14:09:56.552799 https://zqsegwzx.fang.com/
Logger:2020-03-16 14:09:59.673451 https://yuefulantingys.fang.com/
Logger:2020-03-16 14:10:00.018568 https://hengchangyangguangli.fang.com/
Logger:2020-03-16 14:10:03.822423 https://sq.newhouse.fang.com/house/s/b96/
Logger:2020-03-16 14:10:04.095663 https://junyumingcheng.fang.com/
Logger:2020-03-16 14:10:04.433716 https://ziyuecheng.fang.com/
Logger:2020-03-16 14:10:04.737902 https://hafogongyuanjw.fang.com/
Logger:2020-03-16 14:10:05.039097 https://huangjiajingyuanhh.fang.com/
Logger:2020-03-16 14:10:05.516858 https://kangqiaoliwan.fang.com/
Logger:2020-03-16 14:10:10.057702 https://wolongwan.fang.com/
Logger:2020-03-16 14:10:10.343906 https://shimaoguangchangzf.fang.com/
Logger:2020-03-16 14:10:14.376120 https://huarunjingcheng0527.fang.com/
Logger:2020-03-16 14:10:18.897024 https://xiangshuiwanzgsc.fang.com/
Logger:2020-03-16 14:10:19.209270 https://yujinglongting0527.fang.com/
Logger:2020-03-16 14:10:19.473483 https://jinsejiayuan0527.fang.com/
Logger:2020-03-16 14:10:19.772682 https://shuiyunxuan0527.fang.com/
Logger:2020-03-16 14:10:20.068889 https://shurenhuayuan.fang.com/
Logger:2020-03-16 14:10:20.429924 https://mingshijiayuanzt.fang.com/3/
Logger:2020-03-16 14:10:20.746121 https://jinxiujiangnan0527.fang.com/
Logger:2020-03-16 14:10:21.040291 https://guojihuayuanpd.fang.com/
Logger:2020-03-16 14:10:21.314558 https://yinhehuayuan0527.fang.com/
Logger:2020-03-16 14:10:21.642723 https://shidaimingyuan0527.fang.com/
Logger:2020-03-16 14:10:21.969805 https://jinhuayuyuan.fang.com/
Logger:2020-03-16 14:10:22.262057 https://xiwangcheng.fang.com/
Logger:2020-03-16 14:10:25.942177 https://sq.newhouse.fang.com/house/s/b97/
Logger:2020-03-16 14:10:26.261324 https://yunhelongting.fang.com/
Logger:2020-03-16 14:10:29.813863 https://suningguangchang0527.fang.com/
Logger:2020-03-16 14:10:30.108033 https://zijinmingmen0527.fang.com/
Logger:2020-03-16 14:10:30.549852 https://jinshuiwancx.fang.com/
Logger:2020-03-16 14:10:30.882961 https://pujianghuayuan0527.fang.com/
Logger:2020-03-16 14:10:31.203103 https://chengshizhixingly.fang.com/
Logger:2020-03-16 14:10:31.512315 https://langxiudongcheng.fang.com/
Logger:2020-03-16 14:10:31.803529 https://beidouqixinghuayuan.fang.com/
Logger:2020-03-16 14:10:32.100703 https://xintiandidc0527.fang.com/
Logger:2020-03-16 14:10:35.899541 https://mingshijiayuanzt.fang.com/2/
Logger:2020-03-16 14:10:36.276531 https://jingdianjiayuan0527.fang.com/
Logger:2020-03-16 14:10:40.990920 https://yujingshanzhuangzijinyuan.fang.com/
Logger:2020-03-16 14:10:41.355979 https://jinpengguoji0527.fang.com/
Logger:2020-03-16 14:10:41.643175 https://shangchengguoji0527.fang.com/
Logger:2020-03-16 14:10:41.960327 https://gjgwgy.fang.com/
Logger:2020-03-16 14:10:46.284759 https://shuiyunchengys.fang.com/
Logger:2020-03-16 14:10:50.174353 https://guomaozhongxin0527.fang.com/
Logger:2020-03-16 14:10:53.667010 https://shengdeshangwudasha.fang.com/
Logger:2020-03-16 14:10:54.024054 https://hdnjqcc.fang.com/
Logger:2020-03-16 14:10:57.445901 https://sq.newhouse.fang.com/house/1815072796.htm
Logger:2020-03-16 14:11:01.104114 https://sq.newhouse.fang.com/house/s/b98/
Logger:2020-03-16 14:11:01.318577 https://wuzhoucheng0527.fang.com/
Logger:2020-03-16 14:11:01.613757 https://zijinyihao.fang.com/
Logger:2020-03-16 14:11:01.936930 https://binhuyihao0527.fang.com/
Logger:2020-03-16 14:11:02.249082 https://caifudashahb.fang.com/
Logger:2020-03-16 14:11:05.874383 https://sq.newhouse.fang.com/house/s/b99/
Logger:2020-03-16 14:11:09.436860 https://sq.newhouse.fang.com/house/s/b910/
Logger:2020-03-16 14:11:14.080443 https://sq.newhouse.fang.com/house/s/b911/
