Logger:2020-03-16 00:30:46.287310 https://st.newhouse.fang.com/house/s/b91/
Logger:2020-03-16 00:30:46.506089 https://xinghaihuayuan0754.fang.com/
Logger:2020-03-16 00:30:46.802913 https://haijingtianfei.fang.com/
Logger:2020-03-16 00:30:47.052119 https://135644.fang.com/
Logger:2020-03-16 00:30:47.333303 https://mixcby.fang.com/
Logger:2020-03-16 00:30:47.611483 https://huangjinhaian0754.fang.com/
Logger:2020-03-16 00:30:47.908345 https://262244.fang.com/
Logger:2020-03-16 00:30:48.158444 https://xiyuehuayuan0754.fang.com/
Logger:2020-03-16 00:30:48.455035 https://tianyuewan0754.fang.com/
Logger:2020-03-16 00:30:48.695246 https://haiquanwan.fang.com/
Logger:2020-03-16 00:30:49.007717 https://yihuacheng.fang.com/
Logger:2020-03-16 00:30:49.257701 https://jinbijiangwan.fang.com/
Logger:2020-03-16 00:30:49.507553 https://yuhaishangpin.fang.com/
Logger:2020-03-16 00:30:49.773157 https://jiangnanxingyu.fang.com/
Logger:2020-03-16 00:30:50.132404 https://shijihaian0754.fang.com/
Logger:2020-03-16 00:30:50.398700 https://xihaianlg.fang.com/
Logger:2020-03-16 00:30:53.460181 https://jinzhouhuayuan0754.fang.com/
Logger:2020-03-16 00:30:54.431520 https://tianhemingmenda.fang.com/
Logger:2020-03-16 00:30:54.716673 https://jinxiuxinghemingxuan.fang.com/
Logger:2020-03-16 00:30:54.966706 https://tianhemingting.fang.com/
Logger:2020-03-16 00:30:55.216703 https://waitanwanhd.fang.com/
Logger:2020-03-16 00:30:59.128119 https://st.newhouse.fang.com/house/s/b92/
Logger:2020-03-16 00:30:59.330774 [erro]&&&https://baolihefu.fang.com/
Logger:2020-03-16 00:30:59.393275 [erro]&&&https://biguiyuangr.fang.com/
Logger:2020-03-16 00:30:59.440133 [erro]&&&https://yuhaitianyun.fang.com/
Logger:2020-03-16 00:30:59.502621 [erro]&&&https://yuhaijiayuan0754.fang.com/2/
Logger:2020-03-16 00:30:59.549476 [erro]&&&https://xiangyuguangchang0754.fang.com/
Logger:2020-03-16 00:30:59.596709 [erro]&&&https://linyublyh.fang.com/
Logger:2020-03-16 00:30:59.690769 https://huanyutianxiazh0754.fang.com/
Logger:2020-03-16 00:30:59.908807 [erro]&&&https://shanhaihaoting.fang.com/
Logger:2020-03-16 00:30:59.955670 [erro]&&&https://shengshimingmenbgy.fang.com/
Logger:2020-03-16 00:31:00.018099 [erro]&&&https://junhaohuayuan0754.fang.com/
Logger:2020-03-16 00:31:00.065027 [erro]&&&https://shidaiwanst.fang.com/
Logger:2020-03-16 00:31:00.128176 [erro]&&&https://xinghucheng0754.fang.com/
Logger:2020-03-16 00:31:00.190387 [erro]&&&https://135662.fang.com/
Logger:2020-03-16 00:31:00.253125 [erro]&&&https://haungshanmingyuan.fang.com/
Logger:2020-03-16 00:31:00.346124 [erro]&&&https://fenghuahuayuan0754.fang.com/
Logger:2020-03-16 00:31:00.393013 [erro]&&&https://xinhuaxiguangchang.fang.com/
Logger:2020-03-16 00:31:00.455472 [erro]&&&https://tianjingyaju.fang.com/
Logger:2020-03-16 00:31:00.502792 [erro]&&&https://ruihuayuan0754.fang.com/
Logger:2020-03-16 00:31:00.549293 [erro]&&&https://sijiyuangr.fang.com/
Logger:2020-03-16 00:31:00.596547 [erro]&&&https://shangwuzhongxinsj.fang.com/
Logger:2020-03-16 00:31:04.190100 https://st.newhouse.fang.com/house/s/b93/
Logger:2020-03-16 00:31:04.408829 https://yueshuiwan.fang.com/
Logger:2020-03-16 00:31:04.711416 https://haiwanyicheng.fang.com/
Logger:2020-03-16 00:31:06.898819 https://shidaimingzhujunting.fang.com/
Logger:2020-03-16 00:31:07.226448 https://huayuechuntian.fang.com/
Logger:2020-03-16 00:31:07.460768 https://guoshayunwan.fang.com/
Logger:2020-03-16 00:31:07.757573 https://junyuehaiwan.fang.com/
Logger:2020-03-16 00:31:08.023134 https://yinduguoji.fang.com/
Logger:2020-03-16 00:31:08.257941 https://jiuliyiyuanhr.fang.com/
Logger:2020-03-16 00:31:10.085148 https://135654.fang.com/
Logger:2020-03-16 00:31:10.382003 https://shengfengjiayuan0754.fang.com/
Logger:2020-03-16 00:31:10.632090 https://jinzimingbang.fang.com/
Logger:2020-03-16 00:31:10.866898 https://dayuecheng0754.fang.com/
Logger:2020-03-16 00:31:11.178640 https://qinghuaxiyuan.fang.com/
Logger:2020-03-16 00:31:13.628284 https://jinfengjingxi.fang.com/
Logger:2020-03-16 00:31:13.877863 https://juntingmingzhu.fang.com/
Logger:2020-03-16 00:31:14.112305 https://135612.fang.com/
Logger:2020-03-16 00:31:14.400409 https://qinghuachengdongqu.fang.com/
Logger:2020-03-16 00:31:14.650556 https://huiyuechuntian.fang.com/
Logger:2020-03-16 00:31:14.915382 https://135616.fang.com/
Logger:2020-03-16 00:31:15.165323 https://wukuangdeyuan.fang.com/
Logger:2020-03-16 00:31:18.971765 https://st.newhouse.fang.com/house/s/b94/
Logger:2020-03-16 00:31:19.190464 https://dijingyuanyq.fang.com/
Logger:2020-03-16 00:31:19.440405 https://yileyaju.fang.com/
Logger:2020-03-16 00:31:19.706109 https://134834.fang.com/
Logger:2020-03-16 00:31:19.972178 https://zhongxinhuating0754.fang.com/
Logger:2020-03-16 00:31:20.221559 https://guihexincheng.fang.com/
Logger:2020-03-16 00:31:25.208117 https://shangdonghuafu.fang.com/
Logger:2020-03-16 00:31:25.473455 https://chaotinghuafu.fang.com/
Logger:2020-03-16 00:31:25.738800 https://jingangguangchang.fang.com/
Logger:2020-03-16 00:31:25.989278 https://huangchenguyue.fang.com/
Logger:2020-03-16 00:31:26.285545 https://shenyuanmeiyu.fang.com/
Logger:2020-03-16 00:31:26.551323 https://hepingguangchang0754.fang.com/
Logger:2020-03-16 00:31:28.822591 https://yulongwan0754.fang.com/
Logger:2020-03-16 00:31:29.072394 https://xinyuechuntian.fang.com/
Logger:2020-03-16 00:31:31.239898 https://junyuenanwan.fang.com/
Logger:2020-03-16 00:31:31.490474 https://tianlanguoji.fang.com/
Logger:2020-03-16 00:31:31.755840 https://shangpinyihao0754.fang.com/
Logger:2020-03-16 00:31:32.005985 https://jinouyuan.fang.com/3/
Logger:2020-03-16 00:31:32.318489 https://xintiandiwx0754.fang.com/
Logger:2020-03-16 00:31:32.567765 https://fuyishidai.fang.com/2/
Logger:2020-03-16 00:31:32.833724 https://minghuihuayuan0754.fang.com/
Logger:2020-03-16 00:31:36.667425 https://st.newhouse.fang.com/house/s/b95/
Logger:2020-03-16 00:31:36.870178 https://lishuiyaxuan.fang.com/
Logger:2020-03-16 00:31:37.136078 https://huangchengjunhui.fang.com/
Logger:2020-03-16 00:31:37.416571 https://weidunmingyuan.fang.com/
Logger:2020-03-16 00:31:37.666470 https://yutonghuayuan.fang.com/
Logger:2020-03-16 00:31:37.932790 https://jingxihuayuan.fang.com/
Logger:2020-03-16 00:31:38.197631 https://xinchengzhongxinlt.fang.com/
Logger:2020-03-16 00:31:38.447748 https://heyueli0754.fang.com/
Logger:2020-03-16 00:31:38.697852 https://yikela0754.fang.com/
Logger:2020-03-16 00:31:38.948050 https://haishangchuanqi0754.fang.com/
Logger:2020-03-16 00:31:41.552788 https://yangguanghuafulg.fang.com/
Logger:2020-03-16 00:31:41.834192 https://futianlijd.fang.com/
Logger:2020-03-16 00:31:43.661172 https://binjianghuayuan20754.fang.com/
Logger:2020-03-16 00:31:45.354603 https://longyuebgy0754.fang.com/
Logger:2020-03-16 00:31:45.604544 https://zhongguanmingzhu.fang.com/
Logger:2020-03-16 00:31:45.917709 https://haiwanshangjing.fang.com/
Logger:2020-03-16 00:31:46.167445 https://135650.fang.com/
Logger:2020-03-16 00:31:48.029395 https://hongtaihuafu0754.fang.com/
Logger:2020-03-16 00:31:48.264057 https://shanhaihui.fang.com/
Logger:2020-03-16 00:31:48.529217 https://tianyuwan.fang.com/
Logger:2020-03-16 00:31:48.778953 https://haiyuechengbh.fang.com/
Logger:2020-03-16 00:31:52.778847 https://st.newhouse.fang.com/house/s/b96/
Logger:2020-03-16 00:31:53.060262 https://fengdixinyue.fang.com/
Logger:2020-03-16 00:31:53.465764 https://135672.fang.com/
Logger:2020-03-16 00:31:53.903534 https://135642.fang.com/
Logger:2020-03-16 00:31:56.141241 https://haixuanmingzhu.fang.com/
Logger:2020-03-16 00:31:57.867607 https://jinhemingdi0754.fang.com/
Logger:2020-03-16 00:31:58.149465 https://jinhuangshidai.fang.com/
Logger:2020-03-16 00:32:01.918781 https://yongjinghaoting.fang.com/2/
Logger:2020-03-16 00:32:02.168913 https://heshayuepai.fang.com/
Logger:2020-03-16 00:32:02.402633 https://yundingbgy0754.fang.com/
Logger:2020-03-16 00:32:02.684372 https://wanjialou0754.fang.com/
Logger:2020-03-16 00:32:02.928351 https://xianghuwan.fang.com/
Logger:2020-03-16 00:32:03.177598 https://134958.fang.com/
Logger:2020-03-16 00:32:06.690976 https://tianxiwanbgy0754.fang.com/
Logger:2020-03-16 00:32:06.972133 https://shenghuihuayuan.fang.com/
Logger:2020-03-16 00:32:07.315429 https://1349480754.fang.com/
Logger:2020-03-16 00:32:07.581508 https://pingjishangyuan0754.fang.com/
Logger:2020-03-16 00:32:07.815934 https://baokeweigang.fang.com/
Logger:2020-03-16 00:32:08.096495 https://guanhaiju.fang.com/
Logger:2020-03-16 00:32:08.393298 https://haiyihuijing.fang.com/
Logger:2020-03-16 00:32:08.649150 https://dongshengxinshijie.fang.com/
Logger:2020-03-16 00:32:12.604571 https://st.newhouse.fang.com/house/s/b97/
Logger:2020-03-16 00:32:12.901556 https://lvdizhongxinyd.fang.com/
Logger:2020-03-16 00:32:13.150798 https://jindonghaikczx.fang.com/
Logger:2020-03-16 00:32:13.385062 https://huarundasha0754.fang.com/
Logger:2020-03-16 00:32:15.360568 https://huajunyajing.fang.com/
Logger:2020-03-16 00:32:16.943982 https://yunhaibgy.fang.com/
Logger:2020-03-16 00:32:17.256383 https://bihailantian0754.fang.com/
Logger:2020-03-16 00:32:17.506745 https://135638.fang.com/
Logger:2020-03-16 00:32:17.740644 https://kaishunhuayuan.fang.com/
Logger:2020-03-16 00:32:17.974964 https://bandaoyijinghaian.fang.com/
Logger:2020-03-16 00:32:18.272048 https://haishanghai0754.fang.com/
Logger:2020-03-16 00:32:18.506129 https://yinxiangbandao.fang.com/
Logger:2020-03-16 00:32:18.771651 https://135606.fang.com/
Logger:2020-03-16 00:32:19.521687 https://chaoyangbaonengcheng.fang.com/
Logger:2020-03-16 00:32:19.803424 https://135664.fang.com/
Logger:2020-03-16 00:32:21.865389 https://hongshuwandy.fang.com/2/
Logger:2020-03-16 00:32:22.130835 https://yangguangyufu.fang.com/
Logger:2020-03-16 00:32:22.395794 https://xuefuyihaobgy0754.fang.com/
Logger:2020-03-16 00:32:25.682715 https://jinfenglongxi.fang.com/
Logger:2020-03-16 00:32:25.917629 https://yundingshuian.fang.com/
Logger:2020-03-16 00:32:26.151808 https://xiangyuxintian.fang.com/
Logger:2020-03-16 00:32:29.990949 https://st.newhouse.fang.com/house/s/b98/
Logger:2020-03-16 00:32:33.037610 https://donghuiyaju.fang.com/
Logger:2020-03-16 00:32:34.692777 https://yujingyuanhh.fang.com/
Logger:2020-03-16 00:32:34.927096 https://diecuimeilu.fang.com/
Logger:2020-03-16 00:32:35.270765 https://fuchunhuating.fang.com/
Logger:2020-03-16 00:32:36.067528 https://134850.fang.com/
Logger:2020-03-16 00:32:36.364257 https://134832.fang.com/
Logger:2020-03-16 00:32:36.599095 https://135668.fang.com/
Logger:2020-03-16 00:32:36.817275 https://134460.fang.com/
Logger:2020-03-16 00:32:37.083592 https://135618.fang.com/
Logger:2020-03-16 00:32:37.332778 https://jinhuiyuan0754.fang.com/
Logger:2020-03-16 00:32:37.629953 https://260398.fang.com/
Logger:2020-03-16 00:32:37.863903 https://tianhechengghcby.fang.com/
Logger:2020-03-16 00:32:38.083025 https://135678.fang.com/
Logger:2020-03-16 00:32:38.379406 https://megongyubk.fang.com/
Logger:2020-03-16 00:32:38.629347 https://shumaguangchangbnh.fang.com/
Logger:2020-03-16 00:32:38.864169 https://135658.fang.com/
Logger:2020-03-16 00:32:39.082873 https://253056.fang.com/
Logger:2020-03-16 00:32:40.779016 https://135622.fang.com/
Logger:2020-03-16 00:32:41.014098 https://135576.fang.com/
Logger:2020-03-16 00:32:41.263357 https://135608.fang.com/
Logger:2020-03-16 00:32:45.115772 https://st.newhouse.fang.com/house/s/b99/
Logger:2020-03-16 00:32:45.365713 https://135646.fang.com/
Logger:2020-03-16 00:32:45.600787 https://kechuangjinrongchengstgj.fang.com/
Logger:2020-03-16 00:32:45.834960 https://guoxinyijing.fang.com/
Logger:2020-03-16 00:32:46.069215 https://134802.fang.com/
Logger:2020-03-16 00:32:46.334569 https://134876.fang.com/
Logger:2020-03-16 00:32:47.911986 https://135620.fang.com/
Logger:2020-03-16 00:32:48.131279 https://tianyushanzhuang.fang.com/
Logger:2020-03-16 00:32:48.381379 https://135628.fang.com/
Logger:2020-03-16 00:32:48.584861 https://huamaoxuan.fang.com/
Logger:2020-03-16 00:32:48.849833 https://277224.fang.com/
Logger:2020-03-16 00:32:49.084226 https://135640.fang.com/
Logger:2020-03-16 00:32:49.334284 https://134848.fang.com/
Logger:2020-03-16 00:32:49.571663 https://247316.fang.com/
Logger:2020-03-16 00:32:51.102552 https://135598.fang.com/
Logger:2020-03-16 00:32:51.336871 https://qiyunge.fang.com/
Logger:2020-03-16 00:32:51.618102 https://134852.fang.com/
Logger:2020-03-16 00:32:51.852890 https://134818.fang.com/
Logger:2020-03-16 00:32:54.366486 https://chaoshangzhongxindasha.fang.com/
Logger:2020-03-16 00:32:54.632079 https://baixihuafu.fang.com/
Logger:2020-03-16 00:32:56.966721 https://134630.fang.com/
Logger:2020-03-16 00:33:00.944321 https://st.newhouse.fang.com/house/s/b910/
Logger:2020-03-16 00:33:01.147840 https://249524.fang.com/
Logger:2020-03-16 00:33:01.428514 https://hailiuxuan.fang.com/
Logger:2020-03-16 00:33:01.678455 https://135560.fang.com/
Logger:2020-03-16 00:33:01.897153 https://135626.fang.com/
Logger:2020-03-16 00:33:03.506710 https://134964.fang.com/
Logger:2020-03-16 00:33:03.771711 https://135624.fang.com/
Logger:2020-03-16 00:33:03.990845 https://134462.fang.com/
Logger:2020-03-16 00:33:04.225067 https://135632.fang.com/
Logger:2020-03-16 00:33:04.490980 https://xingfumofang0754.fang.com/
Logger:2020-03-16 00:33:07.329076 https://135634.fang.com/
Logger:2020-03-16 00:33:09.680753 https://haiyunhuating0754.fang.com/
Logger:2020-03-16 00:33:09.930528 https://135604.fang.com/
Logger:2020-03-16 00:33:10.164889 https://haoxingshijidasha.fang.com/
Logger:2020-03-16 00:33:10.383410 https://jinhuahaoting.fang.com/
Logger:2020-03-16 00:33:10.664138 https://128624.fang.com/
Logger:2020-03-16 00:33:10.898802 https://280062.fang.com/
Logger:2020-03-16 00:33:12.592032 https://135648.fang.com/
Logger:2020-03-16 00:33:14.701052 https://dongtaichengshihuayuan.fang.com/
Logger:2020-03-16 00:33:17.079059 https://xingfulihrzx.fang.com/
Logger:2020-03-16 00:33:17.376165 https://wanhaonanwan.fang.com/
Logger:2020-03-16 00:33:21.053855 https://st.newhouse.fang.com/house/s/b911/
Logger:2020-03-16 00:33:21.256934 https://jinzishijia.fang.com/
Logger:2020-03-16 00:33:21.553221 https://biguiyuanst.fang.com/
Logger:2020-03-16 00:33:21.819542 https://xinhewan0754.fang.com/
Logger:2020-03-16 00:33:22.069052 https://135590.fang.com/
Logger:2020-03-16 00:33:25.614763 https://st.newhouse.fang.com/house/s/b912/
Logger:2020-03-16 00:33:29.074199 https://st.newhouse.fang.com/house/s/b913/
Logger:2020-03-16 00:33:32.616379 https://st.newhouse.fang.com/house/s/b914/
