Logger:2020-03-16 20:39:21.651325 https://suining.newhouse.fang.com/house/s/b91/
Logger:2020-03-16 20:39:22.035895 https://lvdisuining1958.fang.com/
Logger:2020-03-16 20:39:22.358288 https://zhixinlifu.fang.com/
Logger:2020-03-16 20:39:22.650506 https://shehongjinkejimeijiayue.fang.com/
Logger:2020-03-16 20:39:25.178983 https://jinkejimeijiayue.fang.com/
Logger:2020-03-16 20:39:25.507095 https://jinkemeihuwanxiangshan.fang.com/
Logger:2020-03-16 20:39:25.852986 https://snjiangshanyuanzhu.fang.com/
Logger:2020-03-16 20:39:26.173695 https://jinkejimeitianchen.fang.com/
Logger:2020-03-16 20:39:27.343915 https://zhixinanjuyiducheng.fang.com/
Logger:2020-03-16 20:39:29.364236 https://suiningjinrongshangyezhongxin.fang.com/
Logger:2020-03-16 20:39:29.732287 https://fulaimeidi.fang.com/
Logger:2020-03-16 20:39:30.042495 https://linjiangxuefu.fang.com/
Logger:2020-03-16 20:39:30.323719 https://biguiyuanfengqitai.fang.com/
Logger:2020-03-16 20:39:30.647382 https://snbiguiyuantianyu.fang.com/
Logger:2020-03-16 20:39:31.142085 https://biguiyuanhedongyunzhu.fang.com/
Logger:2020-03-16 20:39:31.440246 https://weikaguojigongguan.fang.com/
Logger:2020-03-16 20:39:31.733926 https://biguiyuanzhonghuanyihaosn.fang.com/
Logger:2020-03-16 20:39:32.050084 https://zhenghuangfeicuiwan.fang.com/
Logger:2020-03-16 20:39:32.403138 https://rongchuangjiuyuefu.fang.com/
Logger:2020-03-16 20:39:32.731757 https://xinzeziyunyihao.fang.com/
Logger:2020-03-16 20:39:33.020784 https://luohubandao.fang.com/
Logger:2020-03-16 20:39:36.852770 https://suining.newhouse.fang.com/house/s/b92/
Logger:2020-03-16 20:39:37.198497 https://snjkcspla.fang.com/
Logger:2020-03-16 20:39:37.498282 https://bangtaihedongyuanzi.fang.com/
Logger:2020-03-16 20:39:37.805888 https://kaidalafeigongguan.fang.com/
Logger:2020-03-16 20:39:38.115060 https://guoshengnanchengjun.fang.com/
Logger:2020-03-16 20:39:38.428223 https://yuanshengfenghuangcheng.fang.com/
Logger:2020-03-16 20:39:38.813193 https://zhongliangshoufu0825.fang.com/
Logger:2020-03-16 20:39:39.125593 https://longtengziyujiangshan.fang.com/
Logger:2020-03-16 20:39:39.410637 https://rongxingshidaibinjiang.fang.com/
Logger:2020-03-16 20:39:39.691122 https://sntianebao.fang.com/
Logger:2020-03-16 20:39:40.051351 https://jiangnanfudi0825.fang.com/
Logger:2020-03-16 20:39:40.419362 https://zhenghuangjinyuxiangjiang.fang.com/
Logger:2020-03-16 20:39:50.782188 https://bangtaidonghushangyuan.fang.com/
Logger:2020-03-16 20:39:51.097346 https://zhongtielanpojiangchen.fang.com/
Logger:2020-03-16 20:39:51.438433 https://zhenghuangjinyumingdi.fang.com/
Logger:2020-03-16 20:39:54.677385 https://huaxiangwangjiangshan.fang.com/
Logger:2020-03-16 20:39:54.975038 https://dingshengshidai0825.fang.com/
Logger:2020-03-16 20:39:57.296160 https://chengnanhuafuqingshe.fang.com/
Logger:2020-03-16 20:39:57.577792 https://zhixinyiducheng.fang.com/2/
Logger:2020-03-16 20:39:59.929949 https://zhaoxinanjufu.fang.com/
Logger:2020-03-16 20:40:00.208212 https://baoliyangshenggu.fang.com/
Logger:2020-03-16 20:40:04.112293 https://suining.newhouse.fang.com/house/s/b93/
Logger:2020-03-16 20:40:04.412491 https://kaibanglingxiugongguan.fang.com/
Logger:2020-03-16 20:40:04.804522 https://shangmeiguoji0825.fang.com/
Logger:2020-03-16 20:40:05.102432 https://jiangwanguoji001.fang.com/
Logger:2020-03-16 20:40:06.267328 https://zhenghuangfeicuigongyuan.fang.com/
Logger:2020-03-16 20:40:06.636903 https://zxydrhhyjt.fang.com/
Logger:2020-03-16 20:40:10.873317 https://gsjqj.fang.com/
Logger:2020-03-16 20:40:11.218422 https://yucaitianjiaofu.fang.com/
Logger:2020-03-16 20:40:11.515626 https://shahejincheng.fang.com/
Logger:2020-03-16 20:40:14.260076 https://ziyuzhongyang.fang.com/2/
Logger:2020-03-16 20:40:16.912761 https://xiyingmen0825.fang.com/
Logger:2020-03-16 20:40:17.209980 https://dayingbiguiyuan.fang.com/
Logger:2020-03-16 20:40:17.544072 https://jingchenfu.fang.com/
Logger:2020-03-16 20:40:19.636114 https://yueshu.fang.com/
Logger:2020-03-16 20:40:26.800792 https://huataitaihemeidinanqu.fang.com/
Logger:2020-03-16 20:40:34.991826 https://zijinshanzhuang0825.fang.com/
Logger:2020-03-16 20:40:35.308522 https://zhixinyiduchengsn.fang.com/
Logger:2020-03-16 20:40:35.796732 https://shanyuhumingmen.fang.com/
Logger:2020-03-16 20:40:38.550063 https://renhemingdu.fang.com/
Logger:2020-03-16 20:40:40.583142 https://longhushangyuan.fang.com/2/
Logger:2020-03-16 20:40:43.865406 https://xinzeshubeifudi.fang.com/
Logger:2020-03-16 20:40:47.725228 https://suining.newhouse.fang.com/house/s/b94/
Logger:2020-03-16 20:40:50.031010 https://yongminxiangxiecheng.fang.com/
Logger:2020-03-16 20:40:50.377685 https://longlinghuafudeyangmianzhu.fang.com/
Logger:2020-03-16 20:40:50.659837 https://hanlinyujin.fang.com/
Logger:2020-03-16 20:40:53.687125 https://bomanguojigongyumz.fang.com/
Logger:2020-03-16 20:40:53.964343 https://shuntianshangmei.fang.com/2/
Logger:2020-03-16 20:40:54.237679 https://shuangfakangchenghuafu.fang.com/
Logger:2020-03-16 20:40:57.119681 https://minjiejinxiuyuanzhu.fang.com/
Logger:2020-03-16 20:41:00.821193 https://suining.newhouse.fang.com/house/s/b95/
Logger:2020-03-16 20:41:04.575225 https://suining.newhouse.fang.com/house/s/b96/
Logger:2020-03-16 20:41:08.211004 https://suining.newhouse.fang.com/house/s/b97/
