Logger:2020-03-16 11:15:05.091074 https://suizhou.newhouse.fang.com/house/s/b91/
Logger:2020-03-16 11:15:05.354155 https://shuianxingchenggss.fang.com/
Logger:2020-03-16 11:15:05.625941 https://hdmd0722.fang.com/
Logger:2020-03-16 11:15:05.939774 https://qixinghuayuan0722.fang.com/
Logger:2020-03-16 11:15:06.224455 https://szgongyuanyh.fang.com/
Logger:2020-03-16 11:15:06.503500 https://qianqianshuian.fang.com/
Logger:2020-03-16 11:15:06.774777 https://cwhf0722.fang.com/
Logger:2020-03-16 11:15:07.065710 https://qinghexingyuan.fang.com/
Logger:2020-03-16 11:15:07.353634 https://biguiyuan0722.fang.com/
Logger:2020-03-16 11:15:07.618480 https://szyunhaitiandi.fang.com/
Logger:2020-03-16 11:15:07.940161 https://yujingyuanjlw.fang.com/
Logger:2020-03-16 11:15:08.223682 https://xiandaichengxwj.fang.com/
Logger:2020-03-16 11:15:08.514802 https://szsjhy.fang.com/
Logger:2020-03-16 11:15:08.816181 https://yingbinhuayuan0722.fang.com/
Logger:2020-03-16 11:15:09.094505 https://banshanlinyu.fang.com/
Logger:2020-03-16 11:15:09.363727 https://shuianguojicl.fang.com/
Logger:2020-03-16 11:15:09.728746 https://handongzhizunhy.fang.com/
Logger:2020-03-16 11:15:09.999582 https://szyx072.fang.com/
Logger:2020-03-16 11:15:10.287293 https://senyuanrongyuzhongyang.fang.com/
Logger:2020-03-16 11:15:10.548889 https://jintaiguoji0722.fang.com/
Logger:2020-03-16 11:15:10.863934 https://huilongwan0722.fang.com/
Logger:2020-03-16 11:15:15.041432 https://suizhou.newhouse.fang.com/house/s/b92/
Logger:2020-03-16 11:15:15.303888 https://shangcgj0722.fang.com/
Logger:2020-03-16 11:15:15.549975 https://szsuiyuanjiashu.fang.com/
Logger:2020-03-16 11:15:15.990690 https://flc0722.fang.com/
Logger:2020-03-16 11:15:16.263281 https://huayuanshengshisx.fang.com/
Logger:2020-03-16 11:15:16.566615 https://xinlishan.fang.com/
Logger:2020-03-16 11:15:16.822843 https://chengdonggguojisz.fang.com/
Logger:2020-03-16 11:15:17.106872 https://szshijiweilaicheng.fang.com/
Logger:2020-03-16 11:15:17.443871 https://dongfanghaotingsz.fang.com/
Logger:2020-03-16 11:15:17.726938 https://xinchengdaziran.fang.com/
Logger:2020-03-16 11:15:17.997562 https://gy1978.fang.com/
Logger:2020-03-16 11:15:18.277469 https://jiliangjiayuansz.fang.com/
Logger:2020-03-16 11:15:18.620531 https://028286.fang.com/
Logger:2020-03-16 11:15:18.899936 https://ktyd0722.fang.com/
Logger:2020-03-16 11:15:19.171158 https://dimingshijia.fang.com/
Logger:2020-03-16 11:15:19.452072 https://sagj2.fang.com/
Logger:2020-03-16 11:15:19.833702 https://dfyj0722.fang.com/
Logger:2020-03-16 11:15:20.163312 https://ftxsjyp.fang.com/
Logger:2020-03-16 11:15:20.461378 https://szhongxinggjgc.fang.com/
Logger:2020-03-16 11:15:20.879387 https://jinyulongwan0722.fang.com/
Logger:2020-03-16 11:15:23.990623 https://khhyc.fang.com/
Logger:2020-03-16 11:15:27.224860 https://suizhou.newhouse.fang.com/house/s/b93/
Logger:2020-03-16 11:15:27.459179 https://szcsy0722.fang.com/
Logger:2020-03-16 11:15:27.749399 https://nanyuanxincun0722.fang.com/
Logger:2020-03-16 11:15:28.000628 https://wangchengjiayuan0722.fang.com/
Logger:2020-03-16 11:15:30.098449 https://dslt.fang.com/
Logger:2020-03-16 11:15:30.379979 https://jxy0722.fang.com/
Logger:2020-03-16 11:15:34.222569 https://suizhou.newhouse.fang.com/house/s/b94/
Logger:2020-03-16 11:15:38.028183 https://suizhou.newhouse.fang.com/house/s/b95/
Logger:2020-03-16 11:15:41.526627 https://suizhou.newhouse.fang.com/house/s/b96/
