Logger:2020-03-17 00:27:24.174709 https://sx.newhouse.fang.com/house/s/b91/
Logger:2020-03-17 00:27:24.476926 https://junruifuhd.fang.com/
Logger:2020-03-17 00:27:24.735252 https://yujingwanhd0575.fang.com/
Logger:2020-03-17 00:27:25.021486 https://binjiangyufu.fang.com/
Logger:2020-03-17 00:27:25.333608 https://jinghujinmaoyishu.fang.com/
Logger:2020-03-17 00:27:25.609871 https://daduhuiwk0575.fang.com/
Logger:2020-03-17 00:27:25.866185 https://weilaichenghd0575.fang.com/
Logger:2020-03-17 00:27:26.089626 https://181700.fang.com/
Logger:2020-03-17 00:27:26.438691 https://wankefangtanali.fang.com/
Logger:2020-03-17 00:27:26.698999 https://yangguangchengbiguiyuanxiyuan.fang.com/
Logger:2020-03-17 00:27:26.947292 https://daaishuyuanxiaozhen.fang.com/
Logger:2020-03-17 00:27:27.191681 https://shangyuecheng0575.fang.com/
Logger:2020-03-17 00:27:29.433640 https://zhonghaijiuyuefu.fang.com/
Logger:2020-03-17 00:27:29.693970 https://shaoxingyihaoyuanrc.fang.com/
Logger:2020-03-17 00:27:32.521381 https://jianhuyihaoyuan.fang.com/
Logger:2020-03-17 00:27:32.883411 https://baonengguandufenglin.fang.com/
Logger:2020-03-17 00:27:33.154728 https://xiangshengdiyangfu.fang.com/
Logger:2020-03-17 00:27:33.395085 https://jinhuiyoubuguanlan.fang.com/
Logger:2020-03-17 00:27:33.662327 https://biguiyuanrongshenghuafu.fang.com/
Logger:2020-03-17 00:27:33.971501 https://xinchanghengdayuelongfu.fang.com/
Logger:2020-03-17 00:27:35.754730 https://zhanjingjinlinfuxs.fang.com/
Logger:2020-03-17 00:27:39.424912 https://sx.newhouse.fang.com/house/s/b92/
Logger:2020-03-17 00:27:40.650657 https://didanghuyihaobl.fang.com/
Logger:2020-03-17 00:27:40.994756 https://xiangshengyunxi.fang.com/
Logger:2020-03-17 00:27:41.241054 https://xiangshengjiangnandayuan.fang.com/
Logger:2020-03-17 00:27:41.487436 https://dajiajingjie.fang.com/
Logger:2020-03-17 00:27:41.739762 https://181686.fang.com/
Logger:2020-03-17 00:27:42.048895 https://gongyuan20200575.fang.com/
Logger:2020-03-17 00:27:42.338118 https://weilaiyue.fang.com/
Logger:2020-03-17 00:27:42.594471 https://shangxianfuxs.fang.com/
Logger:2020-03-17 00:27:42.931576 https://yunhechenzhangbgy.fang.com/
Logger:2020-03-17 00:27:43.284587 https://longhuzhongtianchunjiangtianjing.fang.com/
Logger:2020-03-17 00:27:43.552869 https://wudirongchuangbinhuwan.fang.com/
Logger:2020-03-17 00:27:43.822149 https://tanyuanzsygc.fang.com/
Logger:2020-03-17 00:27:44.163236 https://xiangshenglanguangbaimajun.fang.com/
Logger:2020-03-17 00:27:44.431562 https://wenxiangfu.fang.com/
Logger:2020-03-17 00:27:44.711768 https://languangheyongjinshijia.fang.com/
Logger:2020-03-17 00:27:44.967124 https://wankejunwang0575.fang.com/
Logger:2020-03-17 00:27:45.334105 https://puyueygcyl.fang.com/
Logger:2020-03-17 00:27:45.633304 https://dajiayingjiangnan.fang.com/
Logger:2020-03-17 00:27:45.913554 https://shuiyunlanwan0575.fang.com/
Logger:2020-03-17 00:27:46.183876 https://biguiyuanjunyue.fang.com/
Logger:2020-03-17 00:27:49.983708 https://sx.newhouse.fang.com/house/s/b93/
Logger:2020-03-17 00:27:50.252947 https://yugongguan0575.fang.com/
Logger:2020-03-17 00:27:50.496296 https://shijijiangwan.fang.com/
Logger:2020-03-17 00:27:50.783526 https://lvdisijiyinxiang0575.fang.com/
Logger:2020-03-17 00:27:51.075744 https://songduguangyujinzhoufu.fang.com/
Logger:2020-03-17 00:27:51.352050 https://languangyongjinwangfu.fang.com/
Logger:2020-03-17 00:27:51.613348 https://zhongguotiejianhuayujiangnan.fang.com/
Logger:2020-03-17 00:27:53.626920 https://jinyuehuafu0575.fang.com/
Logger:2020-03-17 00:27:54.739941 https://haiyuechuanqi.fang.com/
Logger:2020-03-17 00:27:55.013254 https://yuanlongchengyl.fang.com/
Logger:2020-03-17 00:27:56.021556 https://hengyujinyuan.fang.com/
Logger:2020-03-17 00:27:56.369582 https://yuexianfu.fang.com/
Logger:2020-03-17 00:27:56.667827 https://181916.fang.com/
Logger:2020-03-17 00:27:57.781848 https://yuezhoufurc.fang.com/
Logger:2020-03-17 00:27:59.302740 https://feicuigongguan0575.fang.com/
Logger:2020-03-17 00:27:59.543096 https://tangyuexc.fang.com/
Logger:2020-03-17 00:27:59.755561 https://jiayuanguangchang0575.fang.com/
Logger:2020-03-17 00:28:00.027875 https://yuanlonghuazhu.fang.com/
Logger:2020-03-17 00:28:00.367886 https://dayuefuts.fang.com/
Logger:2020-03-17 00:28:00.651166 https://guanyuechengpinzt.fang.com/
Logger:2020-03-17 00:28:00.917416 https://cuicanmingyuesm.fang.com/
Logger:2020-03-17 00:28:04.912728 https://sx.newhouse.fang.com/house/s/b94/
Logger:2020-03-17 00:28:05.509171 https://xuefuxinchenglc.fang.com/
Logger:2020-03-17 00:28:05.800353 https://changjiangyueling.fang.com/
Logger:2020-03-17 00:28:06.078610 https://xijiangwangfuxm.fang.com/
Logger:2020-03-17 00:28:06.331932 https://yulantingzjhd.fang.com/
Logger:2020-03-17 00:28:06.664043 https://yuanyangyuefuchenzhang.fang.com/
Logger:2020-03-17 00:28:06.941344 https://zhelvqunxianfuxs.fang.com/
Logger:2020-03-17 00:28:07.286378 https://yijing0575.fang.com/
Logger:2020-03-17 00:28:07.629461 https://baolongguangchang0575.fang.com/
Logger:2020-03-17 00:28:08.236878 https://181464.fang.com/
Logger:2020-03-17 00:28:08.516088 https://yuanlongziweifu.fang.com/
Logger:2020-03-17 00:28:10.384134 https://weilaichengxs0575.fang.com/
Logger:2020-03-17 00:28:10.632427 https://zhongmaofuzj.fang.com/
Logger:2020-03-17 00:28:10.899736 https://wandasquare0575.fang.com/
Logger:2020-03-17 00:28:11.156052 https://shengzhouhengdayuefu.fang.com/
Logger:2020-03-17 00:28:11.464202 https://shimaoyuntu0575.fang.com/
Logger:2020-03-17 00:28:11.733525 https://bailufenglinjc.fang.com/
Logger:2020-03-17 00:28:11.942922 https://boliwan.fang.com/
Logger:2020-03-17 00:28:12.222175 https://qinyejianhuxuefu.fang.com/
Logger:2020-03-17 00:28:12.551321 https://yuelongfu0575.fang.com/
Logger:2020-03-17 00:28:12.857518 https://baoyedabanlvyuan.fang.com/
Logger:2020-03-17 00:28:17.604814 https://sx.newhouse.fang.com/house/s/b95/
Logger:2020-03-17 00:28:17.850122 https://xingshangjingting.fang.com/
Logger:2020-03-17 00:28:18.139387 https://chengshizhixingbj.fang.com/
Logger:2020-03-17 00:28:18.394714 https://tianzefuyl.fang.com/
Logger:2020-03-17 00:28:18.645992 https://dijingxiandaicheng.fang.com/
Logger:2020-03-17 00:28:21.441553 https://002732.fang.com/
Logger:2020-03-17 00:28:21.739712 https://sijiyuanby.fang.com/
Logger:2020-03-17 00:28:22.001057 https://jinghuzhixing.fang.com/
Logger:2020-03-17 00:28:22.250348 https://keqiaocaihongfuqj.fang.com/
Logger:2020-03-17 00:28:22.510694 https://byyxl.fang.com/
Logger:2020-03-17 00:28:22.784942 https://yinhuwanwl.fang.com/
Logger:2020-03-17 00:28:23.047258 https://tianjihaiyue.fang.com/
Logger:2020-03-17 00:28:23.360420 https://biguiyuanqiantangfu.fang.com/
Logger:2020-03-17 00:28:23.601765 https://binhuli.fang.com/
Logger:2020-03-17 00:28:23.873050 https://dadixichengmeiyuan.fang.com/
Logger:2020-03-17 00:28:24.132312 https://jingduhuayuan0575.fang.com/
Logger:2020-03-17 00:28:24.408574 https://fengzeyuanlz.fang.com/
Logger:2020-03-17 00:28:24.650924 https://yonglihuizhuji.fang.com/
Logger:2020-03-17 00:28:24.961095 https://xiangshengyujiangwan0575.fang.com/
Logger:2020-03-17 00:28:25.292245 https://scyangguangli.fang.com/
Logger:2020-03-17 00:28:25.592461 https://junyuelongshanzd.fang.com/
Logger:2020-03-17 00:28:29.241687 https://sx.newhouse.fang.com/house/s/b96/
Logger:2020-03-17 00:28:29.492006 https://puyangriver1hao.fang.com/
Logger:2020-03-17 00:28:29.814155 https://ziyuecheng0575.fang.com/
Logger:2020-03-17 00:28:30.104337 https://shangduhuiyl.fang.com/
Logger:2020-03-17 00:28:30.412555 https://mengxiangxiaocheng.fang.com/
Logger:2020-03-17 00:28:30.650875 https://guangchengshangyeguangchang.fang.com/
Logger:2020-03-17 00:28:30.901243 https://tianzefuyl2.fang.com/2/
Logger:2020-03-17 00:28:31.131588 https://jinchangxianghuyinyue.fang.com/
Logger:2020-03-17 00:28:31.430831 https://feicuiyufu0575.fang.com/
Logger:2020-03-17 00:28:31.682151 https://mingyuefuxs.fang.com/
Logger:2020-03-17 00:28:34.074752 https://yinxiangfengqiao.fang.com/
Logger:2020-03-17 00:28:34.315138 https://wdrcajy.fang.com/
Logger:2020-03-17 00:28:34.592384 https://xindayinjun.fang.com/
Logger:2020-03-17 00:28:34.874612 https://huaqinbowan.fang.com/
Logger:2020-03-17 00:28:35.128894 https://tianchengheby.fang.com/
Logger:2020-03-17 00:28:35.368254 https://jinchangxianghuyin.fang.com/
Logger:2020-03-17 00:28:35.690435 https://xiangximingyuansx.fang.com/
Logger:2020-03-17 00:28:35.980655 https://shuangyuefu.fang.com/
Logger:2020-03-17 00:28:36.225960 https://yurunxyhf.fang.com/
Logger:2020-03-17 00:28:36.483310 https://shengzhouguanheshengshifu.fang.com/
Logger:2020-03-17 00:28:36.775490 https://kaixuandasha0575.fang.com/
Logger:2020-03-17 00:28:40.658103 https://sx.newhouse.fang.com/house/s/b97/
Logger:2020-03-17 00:28:42.284752 https://zhuji.newhouse.fang.com/house/2027193496.htm
Logger:2020-03-17 00:28:42.530096 https://jinyuyuanhf.fang.com/
Logger:2020-03-17 00:28:42.822314 https://zijingshoufu.fang.com/
Logger:2020-03-17 00:28:43.038735 https://tianyuechengcy.fang.com/
Logger:2020-03-17 00:28:43.287071 https://duocaicheng.fang.com/
Logger:2020-03-17 00:28:44.133805 https://0575jczy.fang.com/
Logger:2020-03-17 00:28:45.467239 https://yulianghujc.fang.com/
Logger:2020-03-17 00:28:45.717607 https://yuanlongxindouhui.fang.com/
Logger:2020-03-17 00:28:47.010112 https://yuanshengyunjinzhongxin2.fang.com/
Logger:2020-03-17 00:28:47.252464 https://xiangshengjinchenfuzj.fang.com/
Logger:2020-03-17 00:28:47.592595 https://jinchangshilibailu.fang.com/
Logger:2020-03-17 00:28:47.856888 https://wuyueguangchangszxc.fang.com/
Logger:2020-03-17 00:28:48.127123 https://lclsmgy.fang.com/
Logger:2020-03-17 00:28:53.056934 https://yuxiangyuan0575.fang.com/
Logger:2020-03-17 00:28:53.487826 https://mingjuefutg.fang.com/
Logger:2020-03-17 00:28:53.730177 https://shaoxingjianhuyinxiang.fang.com/
Logger:2020-03-17 00:28:54.525038 https://meiguiyuanlt.fang.com/
Logger:2020-03-17 00:28:54.826244 https://longshanwangfu.fang.com/
Logger:2020-03-17 00:28:55.071546 https://jiangwanyihaobgy.fang.com/
Logger:2020-03-17 00:28:55.337873 https://yuanlongdadouhui.fang.com/
Logger:2020-03-17 00:28:58.991098 https://sx.newhouse.fang.com/house/s/b98/
Logger:2020-03-17 00:29:00.308537 https://xiangshengyjbay.fang.com/
Logger:2020-03-17 00:29:00.564850 https://xinhongshangdongfu.fang.com/
Logger:2020-03-17 00:29:00.849090 https://shijigongguanzh.fang.com/
Logger:2020-03-17 00:29:03.428190 https://haibomingyuan.fang.com/
Logger:2020-03-17 00:29:03.767325 https://taolichunfenglc0575.fang.com/
Logger:2020-03-17 00:29:04.002653 https://yinshuwan.fang.com/
Logger:2020-03-17 00:29:06.168904 https://hrstarsquare.fang.com/
Logger:2020-03-17 00:29:06.408218 https://chenxixinyuxs.fang.com/
Logger:2020-03-17 00:29:06.703477 https://dushiyangguanghuayuan0575.fang.com/
Logger:2020-03-17 00:29:08.072790 https://zhuji.newhouse.fang.com/house/2027193500.htm
Logger:2020-03-17 00:29:08.344082 https://yujiangshan.fang.com/
Logger:2020-03-17 00:29:08.668215 https://wangjianghuating.fang.com/
Logger:2020-03-17 00:29:08.989351 https://dongzezhuangyuan.fang.com/
Logger:2020-03-17 00:29:09.259591 https://xuefumingyuanzj.fang.com/
Logger:2020-03-17 00:29:09.560827 https://yuexincheng0575.fang.com/
Logger:2020-03-17 00:29:11.521581 https://jinghuzhongxin.fang.com/
Logger:2020-03-17 00:29:11.817784 https://wenzeyuanzhuji123.fang.com/
Logger:2020-03-17 00:29:12.051123 https://yukunguojiguangchangsy.fang.com/
Logger:2020-03-17 00:29:12.277547 https://longyuehuating.fang.com/
Logger:2020-03-17 00:29:12.520908 https://zhujilianxiangkejicheng.fang.com/
Logger:2020-03-17 00:29:16.095346 https://sx.newhouse.fang.com/house/s/b99/
Logger:2020-03-17 00:29:16.351624 https://qilijinwan.fang.com/
Logger:2020-03-17 00:29:16.577053 https://huaxiachengzj.fang.com/
Logger:2020-03-17 00:29:18.068069 https://huayangnongmaocheng.fang.com/
Logger:2020-03-17 00:29:18.335314 https://jieliyayuanzhj.fang.com/
Logger:2020-03-17 00:29:18.603631 https://buyechengzj.fang.com/
Logger:2020-03-17 00:29:18.847940 https://jianhuyihao.fang.com/
Logger:2020-03-17 00:29:20.582325 https://zizaitiandijd.fang.com/
Logger:2020-03-17 00:29:20.833627 https://binjiangyuelongfuwg.fang.com/
Logger:2020-03-17 00:29:21.147788 https://lvdihaiwan0575.fang.com/
Logger:2020-03-17 00:29:21.402120 https://rongxinzhaoshangxingwangxuan.fang.com/
Logger:2020-03-17 00:29:21.660416 https://jiangshanglanting.fang.com/
Logger:2020-03-17 00:29:21.936732 https://zizaichengjd0575.fang.com/
Logger:2020-03-17 00:29:22.275773 https://lantingyinxiang0575.fang.com/
Logger:2020-03-17 00:29:22.536074 https://hongxingtianbo0575.fang.com/
Logger:2020-03-17 00:29:22.801364 https://xiangshengjuncity.fang.com/
Logger:2020-03-17 00:29:23.047747 https://bgcitygarden.fang.com/
Logger:2020-03-17 00:29:23.360867 https://yutingshan.fang.com/
Logger:2020-03-17 00:29:23.630147 https://qianjiangcaihongshu.fang.com/
Logger:2020-03-17 00:29:23.884502 https://biguiyuanzj.fang.com/
Logger:2020-03-17 00:29:24.178678 https://zhongyangmeishuzhuji.fang.com/
Logger:2020-03-17 00:29:27.784034 https://sx.newhouse.fang.com/house/s/b910/
Logger:2020-03-17 00:29:28.016414 https://xinlidibowan0575.fang.com/
Logger:2020-03-17 00:29:28.300652 https://zhujihuachengxintiandi.fang.com/
Logger:2020-03-17 00:29:31.309645 https://tianqiaofuyl.fang.com/
Logger:2020-03-17 00:29:31.625757 https://zanchengshoufuzl.fang.com/
Logger:2020-03-17 00:29:31.910993 https://0575flbd.fang.com/
Logger:2020-03-17 00:29:32.162353 https://tianchengjinshangzhuji.fang.com/
Logger:2020-03-17 00:29:32.447559 https://yuxinfu.fang.com/
Logger:2020-03-17 00:29:32.723857 https://mengxiangcheng0575.fang.com/
Logger:2020-03-17 00:29:32.988113 https://eastjunyuan.fang.com/
Logger:2020-03-17 00:29:34.872072 https://junhuishangpinjzy0575.fang.com/
Logger:2020-03-17 00:29:35.194211 https://cangyuanshidaidd.fang.com/
Logger:2020-03-17 00:29:35.445539 https://bailuxiangxi.fang.com/
Logger:2020-03-17 00:29:35.697864 https://jiayuehuayuan0575.fang.com/
Logger:2020-03-17 00:29:35.958167 https://0575hlyuyuan.fang.com/
Logger:2020-03-17 00:29:36.277313 https://baolongguangchang20575.fang.com/
Logger:2020-03-17 00:29:36.499760 https://wanchengyuefu.fang.com/
Logger:2020-03-17 00:29:36.771033 https://jiangnanjingyuan0575.fang.com/
Logger:2020-03-17 00:29:37.024315 https://jiayuanhuyingjiangnan.fang.com/
Logger:2020-03-17 00:29:37.307600 https://xiangximingyuanshengzhou.fang.com/
Logger:2020-03-17 00:29:37.558926 https://fengzejingyuan.fang.com/
Logger:2020-03-17 00:29:41.169267 https://sx.newhouse.fang.com/house/s/b911/
Logger:2020-03-17 00:29:41.419593 https://hongjingzhuangyuan.fang.com/
Logger:2020-03-17 00:29:41.706789 https://0575taojuyuan.fang.com/
Logger:2020-03-17 00:29:41.948143 https://hdxscityscity.fang.com/
Logger:2020-03-17 00:29:42.253327 https://tianyuefu0575.fang.com/
Logger:2020-03-17 00:29:42.487743 https://huacitysxmd.fang.com/
Logger:2020-03-17 00:29:42.829826 https://xiangshengyunshang.fang.com/
Logger:2020-03-17 00:29:43.053187 https://lvchengxintiandizhuji.fang.com/
Logger:2020-03-17 00:29:43.289591 https://mingfengzhenyuan.fang.com/
Logger:2020-03-17 00:29:45.008955 https://rixingjiayuan.fang.com/
Logger:2020-03-17 00:29:45.327145 https://jinxiuheshanrd.fang.com/
Logger:2020-03-17 00:29:45.608394 https://jryjs0575.fang.com/
Logger:2020-03-17 00:29:45.860677 https://dragonshanht.fang.com/
Logger:2020-03-17 00:29:46.124014 https://hongchengruidongyuan.fang.com/
Logger:2020-03-17 00:29:46.414195 https://djycenterhuafu.fang.com/
Logger:2020-03-17 00:29:46.659550 https://ruoyezizhuyuan.fang.com/
Logger:2020-03-17 00:29:46.914856 https://langzhenmingyuan.fang.com/
Logger:2020-03-17 00:29:47.163192 https://tianmulangyuanyangshenggu.fang.com/
Logger:2020-03-17 00:29:47.458430 https://yijingyuanzhj.fang.com/
Logger:2020-03-17 00:29:47.686833 https://zhongyinguojidasha.fang.com/
Logger:2020-03-17 00:29:47.958097 https://yipinxingzewan.fang.com/
Logger:2020-03-17 00:29:51.832700 https://sx.newhouse.fang.com/house/s/b912/
Logger:2020-03-17 00:29:52.112991 https://bindushidaids.fang.com/
Logger:2020-03-17 00:29:52.418134 https://lvchenghuiyuan2.fang.com/
Logger:2020-03-17 00:29:52.669462 https://geidayp.fang.com/
Logger:2020-03-17 00:29:52.922826 https://xinlongcaifuguangchang.fang.com/
Logger:2020-03-17 00:29:53.234992 https://fengchengmingyuan0575.fang.com/
Logger:2020-03-17 00:29:53.487316 https://xinqingniangongyuwj.fang.com/
Logger:2020-03-17 00:29:53.743589 https://zhujiduocaicheng.fang.com/
Logger:2020-03-17 00:29:53.989930 https://yongxinguangchang0575.fang.com/
Logger:2020-03-17 00:29:54.291123 https://zhongguoqingfangchengchuangyiyuan.fang.com/
Logger:2020-03-17 00:29:54.554419 https://yangguanglongtingqy.fang.com/
Logger:2020-03-17 00:29:54.792826 https://guojiwaducfzx.fang.com/
Logger:2020-03-17 00:29:55.050093 https://longhudasha0575.fang.com/
Logger:2020-03-17 00:29:55.325356 https://kongquecehnghanxiuyuefu.fang.com/
Logger:2020-03-17 00:29:55.564755 https://zhongjinmlsj.fang.com/
Logger:2020-03-17 00:29:55.817080 https://huichengyayuanzhuji.fang.com/
Logger:2020-03-17 00:29:56.051414 https://wxwlnzhuangyuan.fang.com/
Logger:2020-03-17 00:29:56.356599 https://longcuiyuan2.fang.com/
Logger:2020-03-17 00:29:56.600944 https://jingongguan.fang.com/
Logger:2020-03-17 00:29:56.832327 https://dongwangshidaiguangchang.fang.com/
Logger:2020-03-17 00:29:57.073679 https://weilihuoli.fang.com/
Logger:2020-03-17 00:30:01.217637 https://sx.newhouse.fang.com/house/s/b913/
Logger:2020-03-17 00:30:03.600220 https://zhonghuidasha0575.fang.com/
Logger:2020-03-17 00:30:03.858572 https://xinnongdu.fang.com/
Logger:2020-03-17 00:30:04.106866 https://yanghutaoyuan.fang.com/
Logger:2020-03-17 00:30:04.369164 https://shengzhouxiangximingyuan.fang.com/
Logger:2020-03-17 00:30:06.579282 https://182082.fang.com/
Logger:2020-03-17 00:30:06.829581 https://hongdagongguan.fang.com/
Logger:2020-03-17 00:30:07.145774 https://dkcitykt.fang.com/
Logger:2020-03-17 00:30:07.417010 https://lyzhenyuan.fang.com/
Logger:2020-03-17 00:30:07.712262 https://xhgarden.fang.com/
Logger:2020-03-17 00:30:07.944599 https://changfashangye.fang.com/
Logger:2020-03-17 00:30:08.178971 https://songdujinkeshanghui.fang.com/
Logger:2020-03-17 00:30:08.424316 https://huanleshijie.fang.com/
Logger:2020-03-17 00:30:08.734528 https://0575yongyujuaht.fang.com/
Logger:2020-03-17 00:30:08.985856 https://baiyuechengjr.fang.com/
Logger:2020-03-17 00:30:09.223237 https://baoyingchengyuan.fang.com/
Logger:2020-03-17 00:30:09.489508 https://huanqiuwanhaozhongxin.fang.com/
Logger:2020-03-17 00:30:10.896743 https://hlgjqpypc.fang.com/
Logger:2020-03-17 00:30:11.176951 https://henlongqipeicheng.fang.com/
Logger:2020-03-17 00:30:11.398389 https://xinjiexzy.fang.com/
Logger:2020-03-17 00:30:14.988753 https://sx.newhouse.fang.com/house/s/b914/
Logger:2020-03-17 00:30:18.502354 https://sx.newhouse.fang.com/house/s/b915/
Logger:2020-03-17 00:30:22.248334 https://sx.newhouse.fang.com/house/s/b916/
