Logger:2020-03-16 19:55:31.175894 https://sxyulin.newhouse.fang.com/house/s/b91/
Logger:2020-03-16 19:55:31.467263 https://xiangongyuanli.fang.com/
Logger:2020-03-16 19:55:31.817287 https://hehuiyayuan.fang.com/
Logger:2020-03-16 19:55:32.141497 https://minghuihuaxiacheng.fang.com/
Logger:2020-03-16 19:55:32.528467 https://dongchengjun0912.fang.com/
Logger:2020-03-16 19:55:32.823678 https://taolitianxialg.fang.com/
Logger:2020-03-16 19:55:33.283995 https://taolinshuyuan.fang.com/
Logger:2020-03-16 19:55:33.776709 https://wenchangheshunjiayuan2.fang.com/
Logger:2020-03-16 19:55:41.519064 https://juweijinshuian.fang.com/
Logger:2020-03-16 19:55:41.899615 https://zixihuating.fang.com/
Logger:2020-03-16 19:55:47.396860 https://shanmeizhuangyuanfu.fang.com/
Logger:2020-03-16 19:55:47.715009 https://zhongliangshoufu20912.fang.com/
Logger:2020-03-16 19:55:53.298162 https://gaoxinyufu.fang.com/
Logger:2020-03-16 19:55:53.904514 https://zhenglinxiaoqu.fang.com/
Logger:2020-03-16 19:55:54.317676 https://yangguangchengpuyue0912.fang.com/
Logger:2020-03-16 19:55:58.779274 https://yulinyihaoyuan2.fang.com/
Logger:2020-03-16 19:56:05.842482 https://detongyonghejiayuan.fang.com/
Logger:2020-03-16 19:56:06.167470 https://jingchengongyu0912.fang.com/
Logger:2020-03-16 19:56:06.525511 https://linghangxingchen.fang.com/
Logger:2020-03-16 19:56:06.843660 https://yihejiayuan0912.fang.com/
Logger:2020-03-16 19:56:07.166798 https://yangguangzijun2.fang.com/
Logger:2020-03-16 19:56:11.138268 https://sxyulin.newhouse.fang.com/house/s/b92/
Logger:2020-03-16 19:56:16.734648 https://shengxianghuating.fang.com/
Logger:2020-03-16 19:56:23.237476 https://ycyjsy.fang.com/
Logger:2020-03-16 19:56:23.802048 https://yixinchunfengtangyue.fang.com/
Logger:2020-03-16 19:56:24.107149 https://detongxinshidai.fang.com/
Logger:2020-03-16 19:56:24.498914 https://jiuxibandao.fang.com/
Logger:2020-03-16 19:56:24.803775 https://gaokefudi.fang.com/
Logger:2020-03-16 19:56:30.623977 https://gaoxinhuafu.fang.com/
Logger:2020-03-16 19:56:31.165749 https://yinlianguangchang0912.fang.com/
Logger:2020-03-16 19:56:31.500894 https://xigangjintiancheng.fang.com/
Logger:2020-03-16 19:56:31.826024 https://xuefujiayuan0912.fang.com/
Logger:2020-03-16 19:56:32.138212 https://linzhouhuafu.fang.com/
Logger:2020-03-16 19:56:32.466270 https://changhehuating.fang.com/
Logger:2020-03-16 19:56:38.458457 https://yanchangtianhecheng.fang.com/
Logger:2020-03-16 19:56:38.783724 https://gaokeguangchang0912.fang.com/
Logger:2020-03-16 19:56:42.416065 https://sxyulin.newhouse.fang.com/house/s/b93/
Logger:2020-03-16 19:56:46.017375 https://sxyulin.newhouse.fang.com/house/s/b94/
Logger:2020-03-16 19:56:49.571317 https://sxyulin.newhouse.fang.com/house/s/b95/
