Logger:2020-03-16 15:39:52.076252 https://sy.newhouse.fang.com/house/s/b91/
Logger:2020-03-16 15:39:52.433297 https://hepingzhimenzh.fang.com/
Logger:2020-03-16 15:39:52.883100 https://rongchuangcheng024.fang.com/
Logger:2020-03-16 15:39:53.405506 https://wangjingfuzh024.fang.com/
Logger:2020-03-16 15:39:53.784999 https://gongyuanjiulihrzd024.fang.com/
Logger:2020-03-16 15:39:54.217812 https://kongquechengsy.fang.com/
Logger:2020-03-16 15:39:54.531525 https://shangyejinrongzhongxinhq.fang.com/
Logger:2020-03-16 15:39:54.877247 https://yanlanshanchenlinjianlh.fang.com/
Logger:2020-03-16 15:39:55.198864 https://shenyangwenhualvyouchenghd.fang.com/
Logger:2020-03-16 15:39:55.580873 https://shoukairuyuan024.fang.com/
Logger:2020-03-16 15:39:56.010706 https://beiouyunzhuzr.fang.com/
Logger:2020-03-16 15:39:56.373391 https://lvyinxiaozhenhd.fang.com/
Logger:2020-03-16 15:39:56.793305 https://guanlanyihaorc024.fang.com/
Logger:2020-03-16 15:39:57.164817 https://tianewanhd.fang.com/
Logger:2020-03-16 15:39:57.494935 https://banshanhuafuzh.fang.com/
Logger:2020-03-16 15:39:57.978647 https://jiuzhouyufeng.fang.com/
Logger:2020-03-16 15:39:58.320213 https://shengjingxuefufy.fang.com/
Logger:2020-03-16 15:39:58.667574 https://huaxixiangyunzl.fang.com/
Logger:2020-03-16 15:39:59.044368 https://yuetanshanjd.fang.com/
Logger:2020-03-16 15:39:59.462759 https://feicuizhenyuanwk.fang.com/
Logger:2020-03-16 15:40:00.002721 https://155921.fang.com/
Logger:2020-03-16 15:40:03.408266 https://sy.newhouse.fang.com/house/s/b92/
Logger:2020-03-16 15:40:03.889570 https://yuetanshanjd.fang.com/
Logger:2020-03-16 15:40:04.284521 https://feicuizhenyuanwk.fang.com/
Logger:2020-03-16 15:40:04.696410 https://155921.fang.com/
Logger:2020-03-16 15:40:05.397373 https://zhonghaicheng024.fang.com/
Logger:2020-03-16 15:40:05.860902 https://shengjingchenyuanrc.fang.com/
Logger:2020-03-16 15:40:06.305704 https://weilaiyueygc024.fang.com/
Logger:2020-03-16 15:40:06.725189 https://bochenfuxh.fang.com/
Logger:2020-03-16 15:40:07.186866 https://huizhishangdu.fang.com/
Logger:2020-03-16 15:40:07.599404 https://155837.fang.com/
Logger:2020-03-16 15:40:07.990354 https://yunfengyuanzhulh024.fang.com/
Logger:2020-03-16 15:40:08.330105 https://shengjingjuntinghd.fang.com/
Logger:2020-03-16 15:40:08.850765 https://xiyuedajingsc.fang.com/
Logger:2020-03-16 15:40:09.239790 https://shenyangshidaixinchenghd.fang.com/
Logger:2020-03-16 15:40:09.576865 https://xinghuiyunjinyx024.fang.com/
Logger:2020-03-16 15:40:10.019184 https://xinlichengld024.fang.com/
Logger:2020-03-16 15:40:10.389205 https://manronggongguan.fang.com/
Logger:2020-03-16 15:40:10.852821 https://fanglinhuifu.fang.com/
Logger:2020-03-16 15:40:11.238767 https://jiuzhouyufu.fang.com/
Logger:2020-03-16 15:40:11.763400 https://dachengyinxiangbgy.fang.com/
Logger:2020-03-16 15:40:13.454515 https://wankechengxd024.fang.com/
Logger:2020-03-16 15:40:17.439816 https://sy.newhouse.fang.com/house/s/b93/
Logger:2020-03-16 15:40:17.825398 https://tangyueblzl.fang.com/
Logger:2020-03-16 15:40:22.415735 https://jiuzhouyufu.fang.com/
Logger:2020-03-16 15:40:22.811677 https://baoliyunxi024.fang.com/
Logger:2020-03-16 15:40:23.251199 https://jindichensong.fang.com/
Logger:2020-03-16 15:40:25.427809 https://155589.fang.com/
Logger:2020-03-16 15:40:25.779695 https://guofengshengjingsm2.fang.com/
Logger:2020-03-16 15:40:31.735652 https://heguangchenyuebl024.fang.com/
Logger:2020-03-16 15:40:32.222344 https://dongmingshangmao.fang.com/
Logger:2020-03-16 15:40:32.685107 https://feicuixinduhuiwk.fang.com/
Logger:2020-03-16 15:40:33.092914 https://shidaifenghuajd.fang.com/
Logger:2020-03-16 15:40:33.499840 https://longhegu.fang.com/2/
Logger:2020-03-16 15:40:33.953610 https://dahemingzhuxl.fang.com/
Logger:2020-03-16 15:40:34.313238 https://mingqingceqj.fang.com/
Logger:2020-03-16 15:40:34.709149 https://haidegongyuanbl024.fang.com/
Logger:2020-03-16 15:40:35.156469 https://yiconghuayuan024.fang.com/
Logger:2020-03-16 15:40:35.539416 https://wanxiangfuhrzd.fang.com/
Logger:2020-03-16 15:40:35.915922 https://changanlihrzd.fang.com/
Logger:2020-03-16 15:40:36.307918 https://ershisichenghr024.fang.com/
Logger:2020-03-16 15:40:36.807652 https://jimeitianchengjk024.fang.com/
Logger:2020-03-16 15:40:37.212559 https://moligongguanbl024.fang.com/
Logger:2020-03-16 15:40:41.289918 https://sy.newhouse.fang.com/house/s/b94/
Logger:2020-03-16 15:40:41.689953 https://nanyuefuah.fang.com/
Logger:2020-03-16 15:40:42.154201 https://zhongdeguojishequwk.fang.com/
Logger:2020-03-16 15:40:42.502230 https://jimeishangjingjkzn.fang.com/
Logger:2020-03-16 15:40:42.905153 https://pujiangyupin.fang.com/
Logger:2020-03-16 15:40:43.246299 https://guofuyihaoth.fang.com/
Logger:2020-03-16 15:40:43.647478 https://binjiangzuoanhd.fang.com/
Logger:2020-03-16 15:40:44.183614 https://ziyunfuyuelihrzd.fang.com/
Logger:2020-03-16 15:40:47.446940 https://yuqintingyuexuanjs.fang.com/
Logger:2020-03-16 15:40:47.831910 https://xinyuefuxf.fang.com/
Logger:2020-03-16 15:40:48.188603 https://shenbeishidaiguangchang.fang.com/
Logger:2020-03-16 15:40:48.775033 https://heyueznxh.fang.com/
Logger:2020-03-16 15:40:49.145082 https://junyuanyuecheng.fang.com/
Logger:2020-03-16 15:40:49.526024 https://fengshanggongguanzr.fang.com/
Logger:2020-03-16 15:40:49.886737 https://jiangshanyunzhujh.fang.com/
Logger:2020-03-16 15:40:50.353276 https://pujiangyujingwan024.fang.com/3/
Logger:2020-03-16 15:40:50.779068 https://sijihuachengdajiawk.fang.com/
Logger:2020-03-16 15:40:51.223878 https://bahaoyuanhrzd.fang.com/
Logger:2020-03-16 15:40:54.356667 https://155813.fang.com/
Logger:2020-03-16 15:40:54.708696 https://yueshiguang024.fang.com/
Logger:2020-03-16 15:40:55.178041 https://yihuaxincheng.fang.com/
Logger:2020-03-16 15:40:58.570838 https://sy.newhouse.fang.com/house/s/b95/
Logger:2020-03-16 15:40:58.935911 https://yuxiangmingju.fang.com/
Logger:2020-03-16 15:40:59.657559 https://yuanshitingsyfl.fang.com/
Logger:2020-03-16 15:41:00.134253 https://xuhuigongyuan024.fang.com/
Logger:2020-03-16 15:41:00.479372 https://zhongliangjinyun024.fang.com/
Logger:2020-03-16 15:41:00.960926 https://shengyuefufl024.fang.com/
Logger:2020-03-16 15:41:01.387038 https://feicuizhiguangwksf.fang.com/
Logger:2020-03-16 15:41:01.791982 https://hehongguangchang.fang.com/
Logger:2020-03-16 15:41:02.157967 https://yuexihrzd.fang.com/
Logger:2020-03-16 15:41:02.504124 https://guofengrunchengsk.fang.com/
Logger:2020-03-16 15:41:03.085434 https://meiguiwangl.fang.com/
Logger:2020-03-16 15:41:03.490355 https://yidalifengqingxiaozhen.fang.com/
Logger:2020-03-16 15:41:04.024925 https://yonghefuxh.fang.com/
Logger:2020-03-16 15:41:04.434911 https://yiyunwenquanxiaozhenfy.fang.com/
Logger:2020-03-16 15:41:04.875254 https://ifcfl.fang.com/
Logger:2020-03-16 15:41:05.338007 https://yuefuxintiandi.fang.com/
Logger:2020-03-16 15:41:05.683319 https://yuqinfu.fang.com/
Logger:2020-03-16 15:41:06.056076 https://wuyueguangchangxc024.fang.com/
Logger:2020-03-16 15:41:06.448043 https://yuechengdajingjd.fang.com/
Logger:2020-03-16 15:41:06.942053 https://heyuemingdirs.fang.com/
Logger:2020-03-16 15:41:08.301933 https://shoufuweilaichengwk.fang.com/
Logger:2020-03-16 15:41:11.987679 https://sy.newhouse.fang.com/house/s/b96/
Logger:2020-03-16 15:41:12.288872 https://meidihantang.fang.com/
Logger:2020-03-16 15:41:12.858780 https://kunhulishe.fang.com/
Logger:2020-03-16 15:41:13.208942 https://xinkaixuanhrzd.fang.com/
Logger:2020-03-16 15:41:13.517125 https://shangyuechengzn024.fang.com/
Logger:2020-03-16 15:41:13.858288 https://balihuayuanjs.fang.com/
Logger:2020-03-16 15:41:14.335946 https://yiyunlanhuify.fang.com/
Logger:2020-03-16 15:41:14.695013 https://yushuilanwanzgtj.fang.com/
Logger:2020-03-16 15:41:19.065708 https://oneworldshijiecheng.fang.com/
Logger:2020-03-16 15:41:19.487542 https://mingrizhiguangwk.fang.com/
Logger:2020-03-16 15:41:19.903103 https://shidaiyuelongwan.fang.com/
Logger:2020-03-16 15:41:20.296392 https://yonganjiayuanzgc.fang.com/
Logger:2020-03-16 15:41:20.710248 https://xiangzhangshuwj.fang.com/
Logger:2020-03-16 15:41:21.055325 https://huizhishangdao.fang.com/
Logger:2020-03-16 15:41:21.390785 https://wankechengzl.fang.com/
Logger:2020-03-16 15:41:21.741903 https://zhaoshangxicheng.fang.com/
Logger:2020-03-16 15:41:22.155796 https://hepingshanghecheng.fang.com/
Logger:2020-03-16 15:41:22.530822 https://rongshenghuafu024.fang.com/
Logger:2020-03-16 15:41:22.964517 https://huizhishangyue.fang.com/
Logger:2020-03-16 15:41:23.375347 https://feicuichenghr024.fang.com/
Logger:2020-03-16 15:41:23.886973 https://junruifuhd024.fang.com/
Logger:2020-03-16 15:41:27.200950 https://sy.newhouse.fang.com/house/s/b97/
Logger:2020-03-16 15:41:27.790407 https://shengjingonewd.fang.com/
Logger:2020-03-16 15:41:28.209385 https://zijinggongguanbl2024.fang.com/
Logger:2020-03-16 15:41:28.533942 https://huanyutianxiazh024.fang.com/
Logger:2020-03-16 15:41:28.981910 https://huizhishangjun.fang.com/
Logger:2020-03-16 15:41:29.425679 https://jinxiuguandirs024.fang.com/
Logger:2020-03-16 15:41:29.756794 https://jimeiwanxiang.fang.com/
Logger:2020-03-16 15:41:30.219133 https://shangyuejufl024.fang.com/
Logger:2020-03-16 15:41:30.628874 https://feicuichengxifuhrzd.fang.com/
Logger:2020-03-16 15:41:31.109109 https://jiuliyihelh.fang.com/
Logger:2020-03-16 15:41:31.558907 https://baolidaduhui024.fang.com/
Logger:2020-03-16 15:41:31.966401 https://huizhanyihao.fang.com/
Logger:2020-03-16 15:41:32.553385 https://longhutianyi.fang.com/
Logger:2020-03-16 15:41:32.915417 https://hanyuefumd.fang.com/
Logger:2020-03-16 15:41:33.294924 https://zhongliangshoufu024.fang.com/
Logger:2020-03-16 15:41:33.784533 https://jindiyuefeng.fang.com/
Logger:2020-03-16 15:41:34.281651 https://gongyuanyinxiangbgy.fang.com/
Logger:2020-03-16 15:41:34.668587 https://jinlinheyuanxxw.fang.com/
Logger:2020-03-16 15:41:35.078496 https://shenyangguoruicheng.fang.com/
Logger:2020-03-16 15:41:35.658673 https://shenhejinchengwk.fang.com/
Logger:2020-03-16 15:41:36.136397 https://daduhuigongyuan.fang.com/
Logger:2020-03-16 15:41:39.486872 https://sy.newhouse.fang.com/house/s/b98/
Logger:2020-03-16 15:41:39.845922 https://jindifenghui.fang.com/
Logger:2020-03-16 15:41:40.491649 https://yahuaxiangsong.fang.com/
Logger:2020-03-16 15:41:40.884579 https://yongjingwanzs024.fang.com/
Logger:2020-03-16 15:41:41.244657 https://meididongtang.fang.com/
Logger:2020-03-16 15:41:41.611738 https://yuehujunyx.fang.com/
Logger:2020-03-16 15:41:42.040267 https://laiyinchengdfyz.fang.com/
Logger:2020-03-16 15:41:44.138712 https://lvdijianqiao2.fang.com/
Logger:2020-03-16 15:41:44.557542 https://yihuanianjd024.fang.com/
Logger:2020-03-16 15:41:44.888255 https://guoruixiyue.fang.com/
Logger:2020-03-16 15:41:45.284276 https://jiuxishuzn.fang.com/
Logger:2020-03-16 15:41:45.645288 https://daheyuanzhulx.fang.com/
Logger:2020-03-16 15:41:47.057241 https://kunpengfuyt.fang.com/
Logger:2020-03-16 15:41:47.455255 https://yuexianghuzt.fang.com/
Logger:2020-03-16 15:41:47.851154 https://wukuangxinli.fang.com/
Logger:2020-03-16 15:41:48.189294 https://zhengxuanyuetang.fang.com/
Logger:2020-03-16 15:41:48.866558 https://beitangguojiwenquanxiaozhen.fang.com/
Logger:2020-03-16 15:41:49.263172 https://yiyunlanwanfy.fang.com/
Logger:2020-03-16 15:41:49.722957 https://biguiyuansy.fang.com/
Logger:2020-03-16 15:41:50.217617 https://jiusongdayuanxsc.fang.com/
Logger:2020-03-16 15:41:50.983598 https://xiangtilanshanrs.fang.com/2/
Logger:2020-03-16 15:41:54.783091 https://sy.newhouse.fang.com/house/s/b99/
Logger:2020-03-16 15:41:55.144119 https://guojixinchengyg100024.fang.com/
Logger:2020-03-16 15:41:55.610864 https://wanxiangyunxihrzd.fang.com/
Logger:2020-03-16 15:41:55.935016 https://shangdonghuashuzf.fang.com/
Logger:2020-03-16 15:41:56.324015 https://xijiangyueytc.fang.com/
Logger:2020-03-16 15:41:56.651766 https://linxijunhd024.fang.com/
Logger:2020-03-16 15:41:57.046712 https://runshanfuzh.fang.com/
Logger:2020-03-16 15:41:57.386359 https://ronggongguan024.fang.com/
Logger:2020-03-16 15:41:57.805624 https://gfchqjrzx.fang.com/
Logger:2020-03-16 15:41:58.192783 https://lijinggongguan.fang.com/
Logger:2020-03-16 15:41:58.890885 https://155673.fang.com/
Logger:2020-03-16 15:41:59.244942 https://xingyuewanfl.fang.com/
Logger:2020-03-16 15:41:59.941508 https://manrongshoufu.fang.com/
Logger:2020-03-16 15:42:00.311623 https://dongyuebieshuxh.fang.com/
Logger:2020-03-16 15:42:00.624777 https://zhonghengguangchang024.fang.com/
Logger:2020-03-16 15:42:00.902030 https://changanlihrzd2.fang.com/
Logger:2020-03-16 15:42:01.198208 https://yuzhouguangchang024.fang.com/
Logger:2020-03-16 15:42:01.625095 https://shijixuefu.fang.com/
Logger:2020-03-16 15:42:05.685989 https://yuanyangyangshan.fang.com/
Logger:2020-03-16 15:42:06.088866 https://guanlantingyj.fang.com/
Logger:2020-03-16 15:42:06.508313 https://sijibandaofl.fang.com/
Logger:2020-03-16 15:42:10.249365 https://sy.newhouse.fang.com/house/s/b910/
Logger:2020-03-16 15:42:12.936455 https://xiyuedaguansc.fang.com/
Logger:2020-03-16 15:42:13.277542 https://shenyangyuhujunhd.fang.com/
Logger:2020-03-16 15:42:14.996141 https://jinrongzhongxinms.fang.com/
Logger:2020-03-16 15:42:16.365009 https://shenyangguojishejigu.fang.com/
Logger:2020-03-16 15:42:16.665191 https://zuanshishanzs024.fang.com/
Logger:2020-03-16 15:42:20.893838 https://shenyangzhizaoyuanzngk.fang.com/
Logger:2020-03-16 15:42:21.220610 https://156097.fang.com/
Logger:2020-03-16 15:42:21.706310 https://dongyuechengshangyexh.fang.com/
Logger:2020-03-16 15:42:23.066999 https://zhongyangguangchanghd024.fang.com/
Logger:2020-03-16 15:42:23.463939 https://quanyunshoufuhf.fang.com/
Logger:2020-03-16 15:42:24.928007 https://feicuisijiwk024.fang.com/
Logger:2020-03-16 15:42:25.411745 https://shuanglongyuanzhulh024.fang.com/
Logger:2020-03-16 15:42:25.808683 https://hengdalvzhousy.fang.com/
Logger:2020-03-16 15:42:27.245741 https://yajulehuayuansy.fang.com/
Logger:2020-03-16 15:42:27.713455 https://guoaoxincheng.fang.com/
Logger:2020-03-16 15:42:28.067092 https://shengjingshijiahd.fang.com/
Logger:2020-03-16 15:42:28.387301 https://leikaiboting.fang.com/
Logger:2020-03-16 15:42:28.795355 https://wandagongyuanone.fang.com/
Logger:2020-03-16 15:42:29.156395 https://yasongdayuan.fang.com/
Logger:2020-03-16 15:42:29.496449 https://guojiwenquanxiaozhenhd.fang.com/
Logger:2020-03-16 15:42:33.254203 https://sy.newhouse.fang.com/house/s/b911/
Logger:2020-03-16 15:42:33.760849 https://meilidujs.fang.com/
Logger:2020-03-16 15:42:34.120828 https://yuanxiangshu024.fang.com/
Logger:2020-03-16 15:42:34.463484 https://zhonghuanguangchangnh.fang.com/
Logger:2020-03-16 15:42:36.668085 https://shanshuiguojixf.fang.com/
Logger:2020-03-16 15:42:37.068020 https://minghuixsj.fang.com/
Logger:2020-03-16 15:42:37.431043 https://milansong.fang.com/
Logger:2020-03-16 15:42:37.835100 https://feicuibinjiangwk024.fang.com/
Logger:2020-03-16 15:42:38.232537 https://yuelongtaihd024.fang.com/
Logger:2020-03-16 15:42:38.633431 https://shidaiqichengzj.fang.com/
Logger:2020-03-16 15:42:39.044361 https://hengdamingdusy.fang.com/
Logger:2020-03-16 15:42:39.466682 https://hongshuwanwj.fang.com/
Logger:2020-03-16 15:42:39.866188 https://huanhuaxihf.fang.com/
Logger:2020-03-16 15:42:40.261161 https://zhongdonghepingshoufuhf.fang.com/
Logger:2020-03-16 15:42:40.599265 https://letianshengyuan.fang.com/
Logger:2020-03-16 15:42:41.139978 https://xijiangtianyuehd.fang.com/
Logger:2020-03-16 15:42:41.528509 https://shunshanfulh024.fang.com/
Logger:2020-03-16 15:42:41.897485 https://fuchengmingzhu.fang.com/
Logger:2020-03-16 15:42:42.344290 https://qishanshuyuan.fang.com/
Logger:2020-03-16 15:42:42.720979 https://jiuliqingchuanlh024.fang.com/
Logger:2020-03-16 15:42:43.082653 https://meidishengtang.fang.com/
Logger:2020-03-16 15:42:46.904962 https://sy.newhouse.fang.com/house/s/b912/
Logger:2020-03-16 15:42:47.314909 https://taihelongting.fang.com/
Logger:2020-03-16 15:42:47.871376 https://ruifuhrzd.fang.com/
Logger:2020-03-16 15:42:48.199565 https://meiyutiancheng024.fang.com/
Logger:2020-03-16 15:42:48.621862 https://tianchenyuanzhulh024.fang.com/
Logger:2020-03-16 15:42:49.134504 https://jiulongwanqx.fang.com/
Logger:2020-03-16 15:42:49.508535 https://sijishangdonghd.fang.com/
Logger:2020-03-16 15:42:49.854242 https://hanlinshijiady.fang.com/
Logger:2020-03-16 15:42:50.311087 https://cuidiwanbld.fang.com/3/
Logger:2020-03-16 15:42:50.693059 https://xinjiapohuayuan024.fang.com/
Logger:2020-03-16 15:42:51.131847 https://wucaiyangguangcheng.fang.com/
Logger:2020-03-16 15:42:51.592303 https://meidicheng024.fang.com/
Logger:2020-03-16 15:42:52.121513 https://gyhdswqhy.fang.com/
Logger:2020-03-16 15:42:52.602162 https://guojichengay.fang.com/
Logger:2020-03-16 15:42:53.009117 https://huaqiangcheng.fang.com/
Logger:2020-03-16 15:42:53.401079 https://xuefuxinchengfj.fang.com/
Logger:2020-03-16 15:42:53.903802 https://xiangyulanximh.fang.com/
Logger:2020-03-16 15:42:54.493798 https://jinxiuhuachengmf.fang.com/
Logger:2020-03-16 15:42:54.915881 https://sanhaoyuanwhj.fang.com/3/
Logger:2020-03-16 15:42:55.303843 https://zhongyeshanghejun.fang.com/
Logger:2020-03-16 15:42:55.783602 https://changdiwan.fang.com/
Logger:2020-03-16 15:42:59.158974 https://sy.newhouse.fang.com/house/s/b913/
Logger:2020-03-16 15:42:59.539984 https://guanghechengsc.fang.com/
Logger:2020-03-16 15:43:00.073564 https://diyicheng024.fang.com/
Logger:2020-03-16 15:43:00.470283 https://yishengyihaogongguan.fang.com/
Logger:2020-03-16 15:43:00.879019 https://xuefuyihaozlhy.fang.com/
Logger:2020-03-16 15:43:01.245077 https://lubanshangpin.fang.com/
Logger:2020-03-16 15:43:01.655946 https://huafudanjun.fang.com/
Logger:2020-03-16 15:43:02.014873 https://binhewan024.fang.com/
Logger:2020-03-16 15:43:02.440290 https://jinlangyihaomy.fang.com/
Logger:2020-03-16 15:43:02.854196 https://jinlangyihaomy.fang.com/
Logger:2020-03-16 15:43:03.192268 https://jingyuetaihr024.fang.com/
Logger:2020-03-16 15:43:03.545360 https://baoshiyueshu.fang.com/
Logger:2020-03-16 15:43:03.916878 https://yangguangchengpuyue.fang.com/
Logger:2020-03-16 15:43:04.334844 https://meidijunlan.fang.com/
Logger:2020-03-16 15:43:04.651963 https://yunshangtiancheng.fang.com/
Logger:2020-03-16 15:43:05.029976 https://shuiankangchengbn.fang.com/
Logger:2020-03-16 15:43:06.443600 https://hongfayingli.fang.com/
Logger:2020-03-16 15:43:08.236798 https://banshanhu.fang.com/
Logger:2020-03-16 15:43:08.609803 https://yinhechengbgy.fang.com/
Logger:2020-03-16 15:43:09.149677 https://zhongjinheyuyayuanhy.fang.com/
Logger:2020-03-16 15:43:09.544161 https://senlinlirx.fang.com/
Logger:2020-03-16 15:43:12.947473 https://sy.newhouse.fang.com/house/s/b914/
Logger:2020-03-16 15:43:13.337427 https://sihaiziyoujia.fang.com/
Logger:2020-03-16 15:43:13.736471 https://xingfuyangguang.fang.com/
Logger:2020-03-16 15:43:17.027740 https://mumianhuagl.fang.com/
Logger:2020-03-16 15:43:17.463589 https://xinghewansy.fang.com/
Logger:2020-03-16 15:43:17.930030 https://changbaifuhh.fang.com/
Logger:2020-03-16 15:43:18.292470 https://huixinshanzhuang.fang.com/
Logger:2020-03-16 15:43:18.655174 https://waitansanhao.fang.com/
Logger:2020-03-16 15:43:19.055112 https://changyuanlzm.fang.com/
Logger:2020-03-16 15:43:19.512866 https://yijingyuyuanss024.fang.com/
Logger:2020-03-16 15:43:19.927479 https://hongyashengnuoyuan.fang.com/
Logger:2020-03-16 15:43:24.596595 https://guangshalvyuan.fang.com/
Logger:2020-03-16 15:43:25.061335 https://xingfulihr024.fang.com/
Logger:2020-03-16 15:43:25.482985 https://shengjinglvzhours.fang.com/
Logger:2020-03-16 15:43:25.890936 https://youyishidaiguangchang.fang.com/
Logger:2020-03-16 15:43:27.307780 https://longhutianpu024.fang.com/
Logger:2020-03-16 15:43:27.696800 https://haiyikangchengma.fang.com/
Logger:2020-03-16 15:43:31.281489 https://zhongyanggongyuanyr.fang.com/
Logger:2020-03-16 15:43:31.704964 https://shuidiaogechengys.fang.com/
Logger:2020-03-16 15:43:32.090476 https://quanyuncunlcsy.fang.com/
Logger:2020-03-16 15:43:32.583182 https://chengyanghuashuyx.fang.com/
Logger:2020-03-16 15:43:36.888962 https://sy.newhouse.fang.com/house/s/b915/
Logger:2020-03-16 15:43:37.283099 https://tangxuanshangchengrc.fang.com/
Logger:2020-03-16 15:43:37.684014 https://jiangnanjiadiby.fang.com/
Logger:2020-03-16 15:43:40.577141 https://youbuhupanjh.fang.com/
Logger:2020-03-16 15:43:41.116774 https://yuefengjzy024.fang.com/
Logger:2020-03-16 15:43:41.503737 https://shenyangketingze.fang.com/
Logger:2020-03-16 15:43:41.951535 https://guojihuayuands024.fang.com/
Logger:2020-03-16 15:43:42.426835 https://xihuafuwk.fang.com/
Logger:2020-03-16 15:43:42.991550 https://baodimingmen.fang.com/
Logger:2020-03-16 15:43:43.393326 https://xihufengjingsl.fang.com/
Logger:2020-03-16 15:43:46.653043 https://xinhuwan.fang.com/
Logger:2020-03-16 15:43:47.210130 https://haiyuxiangtingld024.fang.com/
Logger:2020-03-16 15:43:47.677834 https://yipintianchengfb.fang.com/
Logger:2020-03-16 15:43:48.112670 https://ruishifengqingxiaozhen024.fang.com/3/
Logger:2020-03-16 15:43:48.550550 https://taocichenggongguan.fang.com/
Logger:2020-03-16 15:43:48.814845 https://xianlinjinguxh.fang.com/
Logger:2020-03-16 15:43:49.226742 https://meidishidaichengsy.fang.com/
Logger:2020-03-16 15:43:49.625680 https://wanshouli024.fang.com/
Logger:2020-03-16 15:43:50.004858 https://yunmizhihuizhiguang.fang.com/
Logger:2020-03-16 15:43:52.595439 https://fanmeichangchunjue.fang.com/
Logger:2020-03-16 15:43:52.993363 https://dongyuechengxh.fang.com/
Logger:2020-03-16 15:43:57.017821 https://sy.newhouse.fang.com/house/s/b916/
Logger:2020-03-16 15:43:57.353894 https://shilijinchengty.fang.com/
Logger:2020-03-16 15:44:00.137121 https://hunhewan024.fang.com/
Logger:2020-03-16 15:44:00.471271 https://ruyuanxdwk.fang.com/
Logger:2020-03-16 15:44:00.810367 https://daxuejingdian.fang.com/
Logger:2020-03-16 15:44:01.133473 https://lijinchengtinglanjunkd.fang.com/
Logger:2020-03-16 15:44:01.605243 https://xiwangguangchang.fang.com/
Logger:2020-03-16 15:44:01.981862 https://tiexitanfujd.fang.com/
Logger:2020-03-16 15:44:03.631308 https://guowanghu.fang.com/
Logger:2020-03-16 15:44:04.075930 https://longyuebgy024.fang.com/
Logger:2020-03-16 15:44:04.407106 https://lanjinghh.fang.com/
Logger:2020-03-16 15:44:04.776145 https://aolinpikehuayuanbg.fang.com/
Logger:2020-03-16 15:44:05.263811 https://hongshijun.fang.com/
Logger:2020-03-16 15:44:05.590020 https://hupowansc.fang.com/
Logger:2020-03-16 15:44:05.963449 https://jiangnanyihaoby.fang.com/
Logger:2020-03-16 15:44:11.349014 https://boshiwanyihaopj.fang.com/
Logger:2020-03-16 15:44:11.692389 https://huizhanguangchangay.fang.com/
Logger:2020-03-16 15:44:12.056902 https://meifuxiawan.fang.com/
Logger:2020-03-16 15:44:12.462854 https://tianhuiguojigongyu.fang.com/
Logger:2020-03-16 15:44:12.862744 https://yuxibgy024.fang.com/
Logger:2020-03-16 15:44:13.240811 https://baoliguantang024.fang.com/
Logger:2020-03-16 15:44:17.283980 https://sy.newhouse.fang.com/house/s/b917/
Logger:2020-03-16 15:44:17.745869 https://qishiheyue.fang.com/
Logger:2020-03-16 15:44:18.154694 https://jiuruxigu.fang.com/
Logger:2020-03-16 15:44:18.511735 https://shanyushubl.fang.com/
Logger:2020-03-16 15:44:18.869775 https://daxianggongyubld.fang.com/
Logger:2020-03-16 15:44:19.286128 https://yuantianjuss.fang.com/
Logger:2020-03-16 15:44:19.654159 https://ziyunjizn024.fang.com/
Logger:2020-03-16 15:44:20.026132 https://lanwanbandaofh.fang.com/
Logger:2020-03-16 15:44:21.119707 https://leikaiboyuan.fang.com/
Logger:2020-03-16 15:44:21.475725 https://jiazhaoyezhongxin024.fang.com/
Logger:2020-03-16 15:44:21.848731 https://shenbeiyihaogd.fang.com/
Logger:2020-03-16 15:44:23.891706 https://156063.fang.com/
Logger:2020-03-16 15:44:26.853350 https://hongfengtingyuanby.fang.com/
Logger:2020-03-16 15:44:27.296131 https://milachuntian.fang.com/
Logger:2020-03-16 15:44:27.709026 https://wanxiangchenguang.fang.com/
Logger:2020-03-16 15:44:28.077313 https://longhuyuanfu.fang.com/
Logger:2020-03-16 15:44:28.533600 https://shangjingxinshijie.fang.com/
Logger:2020-03-16 15:44:29.013288 https://feicuibieshuwk.fang.com/
Logger:2020-03-16 15:44:29.420076 https://xiangdaoyuanshusz.fang.com/
Logger:2020-03-16 15:44:29.972434 https://feicuishuyuancjwk.fang.com/
Logger:2020-03-16 15:44:30.361394 https://guolinggongguanyg100.fang.com/
Logger:2020-03-16 15:44:33.750787 https://sy.newhouse.fang.com/house/s/b918/
Logger:2020-03-16 15:44:34.162175 https://saigeweilafl.fang.com/
Logger:2020-03-16 15:44:37.789352 https://huaerjiezhongyanggongguan.fang.com/
Logger:2020-03-16 15:44:38.129134 https://lulinchunyu.fang.com/
Logger:2020-03-16 15:44:38.974469 https://jinghuamingdi0410.fang.com/
Logger:2020-03-16 15:44:39.342481 https://shangjingxinshijie.fang.com/
Logger:2020-03-16 15:44:39.862381 https://shijiajinchengwk.fang.com/
Logger:2020-03-16 15:44:40.316489 https://yonghefuxh2.fang.com/
Logger:2020-03-16 15:44:40.667113 https://jiangnanshidai.fang.com/
Logger:2020-03-16 15:44:41.085008 https://chengkaizhongxinartsy.fang.com/
Logger:2020-03-16 15:44:41.494906 https://liwanshangpin.fang.com/
Logger:2020-03-16 15:44:41.843591 https://xingfuchengkb.fang.com/
Logger:2020-03-16 15:44:42.251909 https://156063.fang.com/
Logger:2020-03-16 15:44:42.621919 https://gelunbumlc.fang.com/
Logger:2020-03-16 15:44:42.992996 https://jiahuaguojidasha.fang.com/
Logger:2020-03-16 15:44:43.301041 https://feicuibieshuwk.fang.com/
Logger:2020-03-16 15:44:43.703314 https://mingzhuwanpanxsj.fang.com/
Logger:2020-03-16 15:44:44.115258 https://yupinbgy.fang.com/
Logger:2020-03-16 15:44:44.493217 https://qinghebandao.fang.com/
Logger:2020-03-16 15:44:48.672107 https://yidajiushu.fang.com/
Logger:2020-03-16 15:44:51.324047 https://buyangguoji.fang.com/
Logger:2020-03-16 15:44:55.336354 https://sy.newhouse.fang.com/house/s/b919/
Logger:2020-03-16 15:44:55.698394 https://xuhuichenyu.fang.com/
Logger:2020-03-16 15:44:56.033468 https://ythlc.fang.com/
Logger:2020-03-16 15:44:56.367985 https://zhongliangguangchang024.fang.com/shop/
Logger:2020-03-16 15:44:56.723850 https://shanshuiyuanzhujc.fang.com/
Logger:2020-03-16 15:44:57.023047 https://huafuxintiandi024.fang.com/shop/
Logger:2020-03-16 15:44:57.406990 https://chunshuguangchang.fang.com/
Logger:2020-03-16 15:44:57.823331 https://caifuxingzuoqy.fang.com/
Logger:2020-03-16 15:44:58.128553 https://xintiandihf024.fang.com/
Logger:2020-03-16 15:44:58.606760 https://156101.fang.com/
Logger:2020-03-16 15:44:58.970788 https://huaerjietj.fang.com/
Logger:2020-03-16 15:44:59.388731 https://shangshuixigujl.fang.com/
Logger:2020-03-16 15:45:04.927250 https://ycsszhygc.fang.com/
Logger:2020-03-16 15:45:05.246404 https://huaqiangguangchang024.fang.com/
Logger:2020-03-16 15:45:05.509249 https://huaqiangguangchang024.fang.com/
Logger:2020-03-16 15:45:05.768537 https://chengshiguangchangxg.fang.com/office/
Logger:2020-03-16 15:45:06.039831 https://jializhongxinqiyeguangchangsy.fang.com/office/
Logger:2020-03-16 15:45:11.723699 https://mingshishoufu.fang.com/
Logger:2020-03-16 15:45:13.813993 https://fengshengshangwuxsj.fang.com/
Logger:2020-03-16 15:45:14.122169 https://jinyushangchengst.fang.com/
Logger:2020-03-16 15:45:14.488225 https://fenghuangguoji024.fang.com/
Logger:2020-03-16 15:45:18.020175 https://sy.newhouse.fang.com/house/s/b920/
Logger:2020-03-16 15:45:24.076295 https://shenghexiangqs.fang.com/
Logger:2020-03-16 15:45:24.436296 https://yijingyuanssh.fang.com/
Logger:2020-03-16 15:45:24.777420 https://tianqinwanhf.fang.com/
Logger:2020-03-16 15:45:25.183485 https://lvsejiayuan024.fang.com/
Logger:2020-03-16 15:45:25.689747 https://yuejingxsj.fang.com/
Logger:2020-03-16 15:45:25.976983 https://xintiandihf024.fang.com/office/
Logger:2020-03-16 15:45:26.252242 https://ruijingshidaiqipeiguangchang.fang.com/
Logger:2020-03-16 15:45:26.602307 https://tangxuanyingjunsanqijiajing.fang.com/
Logger:2020-03-16 15:45:26.906571 https://jinronggangsygg.fang.com/
Logger:2020-03-16 15:45:27.172980 https://huaqiangguangchang024.fang.com/
Logger:2020-03-16 15:45:27.437284 https://huaqiangguangchang024.fang.com/
Logger:2020-03-16 15:45:27.726498 https://huiminxinju.fang.com/
Logger:2020-03-16 15:45:28.121473 https://yalishandacheng.fang.com/
Logger:2020-03-16 15:45:28.477131 https://moershijiexlfs.fang.com/
Logger:2020-03-16 15:45:28.807860 https://taiheguojidasha024.fang.com/
Logger:2020-03-16 15:45:29.105023 https://dashabzuohr.fang.com/office/
Logger:2020-03-16 15:45:29.443119 https://yishengyihaogongguan.fang.com/shop/
Logger:2020-03-16 15:45:29.727382 https://huaerjieguangchangtj.fang.com/
Logger:2020-03-16 15:45:30.073434 https://hongyunzhongxin.fang.com/
Logger:2020-03-16 15:45:30.370886 https://tianlicheng0410.fang.com/
Logger:2020-03-16 15:45:34.286996 https://sy.newhouse.fang.com/house/s/b921/
Logger:2020-03-16 15:45:34.652497 https://hongyunzhongxin.fang.com/
Logger:2020-03-16 15:45:35.093237 https://tianlicheng0410.fang.com/
Logger:2020-03-16 15:45:35.426346 https://jinrongzhongxinhj.fang.com/office/
Logger:2020-03-16 15:45:35.731529 https://jinrongdashafj.fang.com/
Logger:2020-03-16 15:45:36.261972 https://juranxinyuan.fang.com/
Logger:2020-03-16 15:45:36.619051 https://jinshixiaozhen.fang.com/
Logger:2020-03-16 15:45:36.953123 https://yihaoguandi.fang.com/
Logger:2020-03-16 15:45:37.271308 https://yushanfuys.fang.com/
Logger:2020-03-16 15:45:37.573049 https://daduhuigongyuan2.fang.com/
Logger:2020-03-16 15:45:41.554717 https://xinrongdasa.fang.com/
Logger:2020-03-16 15:45:41.931928 https://155679.fang.com/
Logger:2020-03-16 15:45:42.324463 https://xingfuwenquanxiaozhen.fang.com/
Logger:2020-03-16 15:45:42.767249 https://jindingguanlan.fang.com/
Logger:2020-03-16 15:45:43.082407 https://wankechengcj.fang.com/
Logger:2020-03-16 15:45:43.370798 https://haifuwaitanzgsd024.fang.com/
Logger:2020-03-16 15:45:43.703156 https://mingjingguoji.fang.com/
Logger:2020-03-16 15:45:44.128693 https://yijiashangfu.fang.com/
Logger:2020-03-16 15:45:44.530633 https://guojiruanjianyuansy.fang.com/
Logger:2020-03-16 15:45:44.829817 https://zgbfjkspcyy.fang.com/
Logger:2020-03-16 15:45:45.147965 https://hnldgxzbcyy.fang.com/
Logger:2020-03-16 15:45:49.109798 https://sy.newhouse.fang.com/house/s/b922/
Logger:2020-03-16 15:45:49.413548 https://024binfenjiequ.fang.com/
Logger:2020-03-16 15:45:49.749759 https://gongyuanyinxiangbgy.fang.com/shop/
Logger:2020-03-16 15:45:50.017900 https://wenhuazhongxinbl.fang.com/
Logger:2020-03-16 15:45:50.293172 https://huanqiujinrongzhongxin024.fang.com/office/
Logger:2020-03-16 15:45:53.524660 https://meiguixiaozhen024.fang.com/
Logger:2020-03-16 15:45:54.054726 https://ouyafeiguojiwenquandujiaquhz.fang.com/
Logger:2020-03-16 15:45:54.389801 https://sfcshy1.fang.com/
Logger:2020-03-16 15:45:54.700608 https://dongfangdashapj.fang.com/
Logger:2020-03-16 15:45:55.016364 https://zhongyangguandihy.fang.com/
Logger:2020-03-16 15:45:55.342129 https://yingxinchaifuguangchang.fang.com/
Logger:2020-03-16 15:45:55.740313 https://shenyangyijingyuyuan.fang.com/shop/
Logger:2020-03-16 15:45:56.284857 https://jinshanjunjing.fang.com/
Logger:2020-03-16 15:45:56.571057 https://fenglingyiran.fang.com/
Logger:2020-03-16 15:45:59.825552 https://zhongjiaguangchang.fang.com/
Logger:2020-03-16 15:46:00.141705 https://wanxiangshoufu.fang.com/
Logger:2020-03-16 15:46:00.501781 https://tianshuijiayuan.fang.com/
Logger:2020-03-16 15:46:00.791896 https://mingfaguangchang024.fang.com/
Logger:2020-03-16 15:46:01.084510 https://156159.fang.com/
Logger:2020-03-16 15:46:01.377290 https://bojueshijia024.fang.com/
Logger:2020-03-16 15:46:04.196720 https://daxidi024.fang.com/
Logger:2020-03-16 15:46:10.236404 https://sy.newhouse.fang.com/house/s/b923/
Logger:2020-03-16 15:46:10.889455 https://156163.fang.com/
Logger:2020-03-16 15:46:11.283444 https://yuanlinyaju.fang.com/
Logger:2020-03-16 15:46:17.282178 https://156115.fang.com/
Logger:2020-03-16 15:46:17.614261 https://fenghuangjiayuan024.fang.com/
Logger:2020-03-16 15:46:18.247590 https://zjzx1.fang.com/
Logger:2020-03-16 15:46:18.520836 https://zongbujididb.fang.com/
Logger:2020-03-16 15:46:19.817127 https://wufengdashichangsy.fang.com/
Logger:2020-03-16 15:46:21.151751 https://shangwulousygjfzfzc.fang.com/
Logger:2020-03-16 15:46:26.200490 https://jiankangkejixiaozhenct.fang.com/
Logger:2020-03-16 15:46:26.509043 https://fenghuashuianjs.fang.com/
Logger:2020-03-16 15:46:26.847110 https://jingukejiyuansy.fang.com/
Logger:2020-03-16 15:46:29.950471 https://balichuntianshangyexiaozhen.fang.com/2/
Logger:2020-03-16 15:46:31.247522 https://zhichenggongguan024.fang.com/
Logger:2020-03-16 15:46:31.535846 https://syatxsl.fang.com/
Logger:2020-03-16 15:46:31.828064 https://xinhongguojicheng0410.fang.com/
Logger:2020-03-16 15:46:32.196044 https://atgjznzzcyy.fang.com/
Logger:2020-03-16 15:46:33.595401 https://xjhxmkljjjcqjblzx.fang.com/
Logger:2020-03-16 15:46:33.952447 https://yhylxc.fang.com/
Logger:2020-03-16 15:46:34.274584 https://zhufengtingyuan.fang.com/
Logger:2020-03-16 15:46:34.908575 https://shengshitaoyan0410.fang.com/
Logger:2020-03-16 15:46:38.694300 https://sy.newhouse.fang.com/house/s/b924/
Logger:2020-03-16 15:46:39.136629 https://fengqingshuian.fang.com/
Logger:2020-03-16 15:46:39.427849 https://zijinchengzt.fang.com/
Logger:2020-03-16 15:46:40.273648 https://tieling.newhouse.fang.com/house/1615182327.htm
Logger:2020-03-16 15:46:43.847238 https://linshanyaju.fang.com/
Logger:2020-03-16 15:46:46.406634 https://longxianghuayuan0410.fang.com/
Logger:2020-03-16 15:46:46.694585 https://xintiandi0410.fang.com/
Logger:2020-03-16 15:46:47.089099 https://jiahechengyd.fang.com/
Logger:2020-03-16 15:46:47.366398 https://jinwanshangcheng0410.fang.com/
Logger:2020-03-16 15:46:47.674533 https://diwudadao0410.fang.com/
Logger:2020-03-16 15:46:48.066452 https://jiataicheng.fang.com/
Logger:2020-03-16 15:46:48.372823 https://yifangyuan0410.fang.com/
Logger:2020-03-16 15:46:49.125753 https://caihonghuayuan0410.fang.com/
Logger:2020-03-16 15:46:53.727305 https://yushandibao.fang.com/
Logger:2020-03-16 15:46:54.045040 https://shidaiguangchanghn.fang.com/
Logger:2020-03-16 15:46:54.323831 https://mingqigongyuanqr.fang.com/
Logger:2020-03-16 15:46:54.608070 https://ruibaozhongxin.fang.com/
Logger:2020-03-16 15:47:00.589311 https://shijihuating0410.fang.com/
Logger:2020-03-16 15:47:01.087977 https://dongchengyangguang.fang.com/
Logger:2020-03-16 15:47:01.436051 https://yuhufengjingxq.fang.com/
Logger:2020-03-16 15:47:10.040996 https://xingyuehuating0410.fang.com/
Logger:2020-03-16 15:47:14.275966 https://sy.newhouse.fang.com/house/s/b925/
Logger:2020-03-16 15:47:14.628024 https://guangxingdasha024.fang.com/
Logger:2020-03-16 15:47:14.939682 https://xinhaodasha024.fang.com/
Logger:2020-03-16 15:47:15.271766 https://dijinghaoting0410.fang.com/
Logger:2020-03-16 15:47:15.577784 https://kaixuancheng0410.fang.com/
Logger:2020-03-16 15:47:15.908081 https://sufuteruanjianyuan.fang.com/
Logger:2020-03-16 15:47:16.207257 https://zhongshanliuan.fang.com/
Logger:2020-03-16 15:47:16.584254 https://fenghuanghuayuan0410.fang.com/
Logger:2020-03-16 15:47:17.009625 https://shangmaozhongxindbqp.fang.com/office/
Logger:2020-03-16 15:47:19.998728 https://hengyuanshijia.fang.com/
Logger:2020-03-16 15:47:20.319843 https://shilifanghuaxiaoyuan.fang.com/
Logger:2020-03-16 15:47:22.840124 https://shifuguangchanghl.fang.com/office/
Logger:2020-03-16 15:47:23.218154 https://xindizhongxinsy.fang.com/
Logger:2020-03-16 15:47:24.939579 https://qiyeguangchangbzuojl.fang.com/
Logger:2020-03-16 15:47:25.244763 https://zhidiguangchangbyk.fang.com/office/
Logger:2020-03-16 15:47:25.510053 https://shangyezhongxinxsj.fang.com/
Logger:2020-03-16 15:47:29.367051 https://sy.newhouse.fang.com/house/s/b926/
Logger:2020-03-16 15:47:32.900351 https://sy.newhouse.fang.com/house/s/b927/
Logger:2020-03-16 15:47:36.453923 https://sy.newhouse.fang.com/house/s/b928/
