Logger:2020-03-15 23:59:01.939322 https://sz.newhouse.fang.com/house/s/b91/
Logger:2020-03-15 23:59:02.320367 https://xingchengwk.fang.com/
Logger:2020-03-15 23:59:02.696338 https://135438.fang.com/
Logger:2020-03-15 23:59:03.159008 https://tianjiantianjiaonanyuan.fang.com/
Logger:2020-03-15 23:59:03.547967 https://yunfengdz.fang.com/
Logger:2020-03-15 23:59:04.005743 https://hengyulongcheng.fang.com/
Logger:2020-03-15 23:59:04.451699 https://hechengjiaye.fang.com/
Logger:2020-03-15 23:59:04.800201 https://shuianhzw.fang.com/
Logger:2020-03-15 23:59:05.131756 https://wanjinxianhuatingzh.fang.com/
Logger:2020-03-15 23:59:05.466859 https://erqiyujingjiayuan.fang.com/
Logger:2020-03-15 23:59:05.816923 https://137474.fang.com/
Logger:2020-03-15 23:59:06.176002 https://xinshijiedashajzy.fang.com/
Logger:2020-03-15 23:59:06.484179 https://zhuohongxingchen.fang.com/
Logger:2020-03-15 23:59:06.900136 https://jinzhongqilingongguan.fang.com/
Logger:2020-03-15 23:59:07.283113 https://hengmingone.fang.com/
Logger:2020-03-15 23:59:08.556678 https://tianluanhu.fang.com/
Logger:2020-03-15 23:59:09.001493 https://feicuiyangguang.fang.com/
Logger:2020-03-15 23:59:09.334596 https://longhuchunjiangtianxi.fang.com/
Logger:2020-03-15 23:59:09.801448 https://0135392.fang.com/
Logger:2020-03-15 23:59:10.197489 https://xinghedandiszd.fang.com/
Logger:2020-03-15 23:59:10.854768 https://137256.fang.com/
Logger:2020-03-15 23:59:14.614911 https://sz.newhouse.fang.com/house/s/b92/
Logger:2020-03-15 23:59:14.916253 https://shuangziwanpy.fang.com/
Logger:2020-03-15 23:59:15.200435 https://yangguangyuehai.fang.com/
Logger:2020-03-15 23:59:15.653224 https://tiangudalou.fang.com/
Logger:2020-03-15 23:59:16.023097 https://135124.fang.com/
Logger:2020-03-15 23:59:16.384537 https://134746.fang.com/
Logger:2020-03-15 23:59:16.769057 https://836906.fang.com/
Logger:2020-03-15 23:59:17.215898 https://135280.fang.com/
Logger:2020-03-15 23:59:17.668651 https://longhuajinmaofu.fang.com/
Logger:2020-03-15 23:59:18.032199 https://jiatianxiahyn.fang.com/
Logger:2020-03-15 23:59:18.469505 https://135196.fang.com/
Logger:2020-03-15 23:59:18.951199 https://zhengdachengqcd.fang.com/
Logger:2020-03-15 23:59:19.414894 https://gongyuanjiulihuayuanhrzd.fang.com/
Logger:2020-03-15 23:59:19.922153 https://jiulongtailg.fang.com/
Logger:2020-03-15 23:59:20.479986 https://yujingbanshanhuayuanjj.fang.com/
Logger:2020-03-15 23:59:20.847982 https://zhuoyuezhonghuan0755.fang.com/
Logger:2020-03-15 23:59:25.733897 https://huaidefengjing.fang.com/
Logger:2020-03-15 23:59:26.206632 https://xinghetiandi.fang.com/
Logger:2020-03-15 23:59:26.567343 https://xiangbinyuanbl.fang.com/
Logger:2020-03-15 23:59:26.932372 https://yianduhuizhongyangwuqu.fang.com/
Logger:2020-03-15 23:59:27.320955 https://heyaxuansgjwk.fang.com/
Logger:2020-03-15 23:59:31.121548 https://sz.newhouse.fang.com/house/s/b93/
Logger:2020-03-15 23:59:31.405831 https://tianhuicheng0755.fang.com/
Logger:2020-03-15 23:59:31.779610 https://xinyicheng0755.fang.com/
Logger:2020-03-15 23:59:32.148682 https://songheruiyuan.fang.com/
Logger:2020-03-15 23:59:32.580485 https://153956.fang.com/
Logger:2020-03-15 23:59:32.938527 https://banshanyuehaihuayuan.fang.com/
Logger:2020-03-15 23:59:33.313074 https://jiuyufulg0755.fang.com/
Logger:2020-03-15 23:59:33.741414 https://baonengcheng.fang.com/
Logger:2020-03-15 23:59:34.147321 https://yunzhumjh.fang.com/
Logger:2020-03-15 23:59:34.489406 https://077182.fang.com/
Logger:2020-03-15 23:59:35.141711 https://080690.fang.com/
Logger:2020-03-15 23:59:35.565624 https://weilanchengjzy.fang.com/
Logger:2020-03-15 23:59:36.690423 https://kejiyuanqdxx.fang.com/
Logger:2020-03-15 23:59:36.978722 https://chengshiguangchangjzy.fang.com/5/
Logger:2020-03-15 23:59:37.398571 https://dijingtai0755.fang.com/
Logger:2020-03-15 23:59:37.780100 https://yantianchengshiguangchanglingyunjzy.fang.com/
Logger:2020-03-15 23:59:38.120147 https://luyuanyunxi.fang.com/
Logger:2020-03-15 23:59:38.475054 https://xinghechuanqi.fang.com/
Logger:2020-03-15 23:59:38.932691 https://134916.fang.com/
Logger:2020-03-15 23:59:39.350168 https://huaqiangwanhui.fang.com/
Logger:2020-03-15 23:59:42.422090 https://meijingguangchanglj.fang.com/
Logger:2020-03-15 23:59:46.093654 https://sz.newhouse.fang.com/house/s/b94/
Logger:2020-03-15 23:59:46.474254 https://fangzhigucangfu.fang.com/
Logger:2020-03-15 23:59:46.842339 https://jdlczyzzy.fang.com/
Logger:2020-03-15 23:59:47.219385 https://977596.fang.com/
Logger:2020-03-15 23:59:47.651158 https://135398.fang.com/
Logger:2020-03-15 23:59:48.063110 https://zhongchenghuayuansct.fang.com/
Logger:2020-03-15 23:59:48.420172 https://0135422.fang.com/
Logger:2020-03-15 23:59:48.745431 https://qianhaishuangyue.fang.com/
Logger:2020-03-15 23:59:49.161289 https://yuehaicheng0755.fang.com/
Logger:2020-03-15 23:59:49.562327 https://biguiyuanxinhaitianyu.fang.com/
Logger:2020-03-15 23:59:49.935876 https://077410.fang.com/
Logger:2020-03-15 23:59:50.547894 https://kejidashayt.fang.com/
Logger:2020-03-15 23:59:50.833131 https://137834.fang.com/
Logger:2020-03-15 23:59:51.260987 https://134924.fang.com/
Logger:2020-03-15 23:59:51.662373 https://137860.fang.com/
Logger:2020-03-15 23:59:51.999551 https://994872.fang.com/
Logger:2020-03-15 23:59:52.343087 https://shimaoyuewanyihao.fang.com/
Logger:2020-03-15 23:59:52.731507 https://baolijindingwan.fang.com/
Logger:2020-03-15 23:59:53.061625 https://137852.fang.com/
Logger:2020-03-15 23:59:53.377778 https://135482.fang.com/
Logger:2020-03-15 23:59:53.775889 https://126502.fang.com/
Logger:2020-03-15 23:59:57.681584 https://sz.newhouse.fang.com/house/s/b95/
Logger:2020-03-15 23:59:57.994746 https://137428.fang.com/
Logger:2020-03-15 23:59:58.384371 https://137290.fang.com/
Logger:2020-03-15 23:59:58.743392 https://134940.fang.com/
Logger:2020-03-16 00:00:09.955253 https://134972.fang.com/
Logger:2020-03-16 00:00:10.332269 https://137542.fang.com/
Logger:2020-03-16 00:00:10.679370 https://137438.fang.com/
Logger:2020-03-16 00:00:11.090207 https://qinchengda.fang.com/office/
Logger:2020-03-16 00:00:11.377209 https://135322.fang.com/
Logger:2020-03-16 00:00:11.733348 https://hengdacheng0755.fang.com/
Logger:2020-03-16 00:00:12.108381 https://xinbaoxuanvlifang.fang.com/
Logger:2020-03-16 00:00:12.506280 https://135316.fang.com/
Logger:2020-03-16 00:00:13.126294 https://hainagongguanxja.fang.com/
Logger:2020-03-16 00:00:13.525510 https://xsjlhlsyy.fang.com/
Logger:2020-03-16 00:00:13.873542 https://shanhaishangchengkde.fang.com/2/
Logger:2020-03-16 00:00:14.314090 https://baijingwansm.fang.com/
Logger:2020-03-16 00:00:14.693384 https://yulongwanyayuansm.fang.com/
Logger:2020-03-16 00:00:15.084006 https://xiangshazhongyangzx.fang.com/
Logger:2020-03-16 00:00:15.475493 https://yujingfengjj.fang.com/
Logger:2020-03-16 00:00:15.927284 https://huaruncheng.fang.com/
Logger:2020-03-16 00:00:16.428456 https://zhongxinchenggm.fang.com/
Logger:2020-03-16 00:00:20.500059 https://sz.newhouse.fang.com/house/s/b96/
Logger:2020-03-16 00:00:20.866084 https://xilongshanjs.fang.com/
Logger:2020-03-16 00:00:21.239949 https://yujinglongtingjj.fang.com/
Logger:2020-03-16 00:00:21.625916 https://dayuechengzl.fang.com/
Logger:2020-03-16 00:00:21.999917 https://hongshuhuafu.fang.com/
Logger:2020-03-16 00:00:22.386990 https://honghuayazhu.fang.com/
Logger:2020-03-16 00:00:22.753015 https://qianhaidongan.fang.com/
Logger:2020-03-16 00:00:23.113205 https://137666.fang.com/
Logger:2020-03-16 00:00:23.493189 https://bolintianrui.fang.com/
Logger:2020-03-16 00:00:23.964927 https://haofangtianji.fang.com/
Logger:2020-03-16 00:00:24.296085 https://wanxitzw.fang.com/
Logger:2020-03-16 00:00:24.590295 https://tianehupantf.fang.com/
Logger:2020-03-16 00:00:25.002152 https://junyufulj.fang.com/
Logger:2020-03-16 00:00:25.375185 https://heanlihh.fang.com/
Logger:2020-03-16 00:00:25.849193 https://shixiahuayuan.fang.com/
Logger:2020-03-16 00:00:26.207115 https://manjinghuayunlang.fang.com/
Logger:2020-03-16 00:00:26.680848 https://jinzunfuxdth.fang.com/
Logger:2020-03-16 00:00:27.105751 https://bandaochengbangpuyu.fang.com/
Logger:2020-03-16 00:00:27.477822 https://longguangjiuzuan.fang.com/
Logger:2020-03-16 00:00:27.873276 https://linghangcheng.fang.com/5/
Logger:2020-03-16 00:00:28.374935 https://mingduhuayuanhb.fang.com/
Logger:2020-03-16 00:00:32.188145 https://sz.newhouse.fang.com/house/s/b97/
Logger:2020-03-16 00:00:32.508794 https://chuangzhitequfh.fang.com/
Logger:2020-03-16 00:00:32.821956 https://fenghuangtianyu.fang.com/
Logger:2020-03-16 00:00:33.230394 https://shishanghuiguhd.fang.com/
Logger:2020-03-16 00:00:33.573476 https://yunxijinting.fang.com/
Logger:2020-03-16 00:00:33.922178 https://longyuandaguanlh.fang.com/
Logger:2020-03-16 00:00:34.281216 https://runkehuafu.fang.com/
Logger:2020-03-16 00:00:34.738025 https://taiziwanzssk.fang.com/
Logger:2020-03-16 00:00:35.839994 https://gongyuanshijirh0755.fang.com/
Logger:2020-03-16 00:00:36.168637 https://qianhaiwanhf.fang.com/
Logger:2020-03-16 00:00:36.520273 https://leshanglinjudg.fang.com/
Logger:2020-03-16 00:00:42.872894 https://zhaoshangzhonghuan.fang.com/
Logger:2020-03-16 00:00:43.238868 https://zhongsengongyuanhuafu2.fang.com/
Logger:2020-03-16 00:00:43.638308 https://shenyezhongcheng2.fang.com/
Logger:2020-03-16 00:00:44.036360 https://zhongxingongguansct.fang.com/
Logger:2020-03-16 00:00:44.456993 https://furunleting.fang.com/
Logger:2020-03-16 00:00:44.810957 https://zhuonengopus.fang.com/
Logger:2020-03-16 00:00:45.194930 https://haijingjiejiayuan.fang.com/2/
Logger:2020-03-16 00:00:45.672192 https://shengnaweigxy.fang.com/
Logger:2020-03-16 00:00:46.113767 https://huizhibaisheng.fang.com/
Logger:2020-03-16 00:00:46.471398 https://zhongxinguangchanglh.fang.com/3/
Logger:2020-03-16 00:00:50.491109 https://sz.newhouse.fang.com/house/s/b98/
Logger:2020-03-16 00:00:50.868104 https://yunluguojishequbgy.fang.com/
Logger:2020-03-16 00:00:51.319893 https://yiwanfu.fang.com/
Logger:2020-03-16 00:00:51.692640 https://fenghuangguojigongguanbgy.fang.com/
Logger:2020-03-16 00:00:52.040218 https://yujingzhongyangjj.fang.com/
Logger:2020-03-16 00:00:52.519054 https://hengyushenzhenwan.fang.com/
Logger:2020-03-16 00:00:52.812266 https://taifengbeiyuehui.fang.com/
Logger:2020-03-16 00:00:53.171296 https://yinlinggongguan.fang.com/
Logger:2020-03-16 00:00:53.569751 https://shijidashags.fang.com/
Logger:2020-03-16 00:00:53.885549 https://nantaiyunchuanggu.fang.com/
Logger:2020-03-16 00:00:54.159958 https://shenzhenwan1hao.fang.com/
Logger:2020-03-16 00:00:54.554937 https://xintianebao.fang.com/
Logger:2020-03-16 00:00:56.441009 https://dehongtianxiahuafu.fang.com/
Logger:2020-03-16 00:00:56.894105 https://jixiangyuefukd.fang.com/
Logger:2020-03-16 00:00:57.250735 https://jiaxinyunfeng.fang.com/
Logger:2020-03-16 00:00:57.617753 https://jinshanghuayuan0755.fang.com/
Logger:2020-03-16 00:00:58.110495 https://yujingyufenggongguanbcl.fang.com/
Logger:2020-03-16 00:00:58.485592 https://xiyueshan0755.fang.com/
Logger:2020-03-16 00:00:58.879129 https://shiyuecheng.fang.com/
Logger:2020-03-16 00:00:59.243172 https://jiufangguangchangyj.fang.com/
Logger:2020-03-16 00:01:04.154309 https://xincaiyuan0755.fang.com/
Logger:2020-03-16 00:01:07.870982 https://sz.newhouse.fang.com/house/s/b99/
Logger:2020-03-16 00:01:08.240993 https://mingjuguangchang.fang.com/
Logger:2020-03-16 00:01:08.617984 https://duhuizhongyangya.fang.com/3/
Logger:2020-03-16 00:01:09.054278 https://youyicheng0755.fang.com/
Logger:2020-03-16 00:01:09.424894 https://qianhaixinjiyuanfc.fang.com/
Logger:2020-03-16 00:01:09.889150 https://yunxiaogongguanmjh.fang.com/
Logger:2020-03-16 00:01:10.490592 https://jinshunxingyuan.fang.com/
Logger:2020-03-16 00:01:10.890315 https://sijiyangguangzj0755.fang.com/
Logger:2020-03-16 00:01:11.341523 https://yunjingguojizl.fang.com/
Logger:2020-03-16 00:01:12.499409 https://shenzhenwanruifuhr.fang.com/
Logger:2020-03-16 00:01:12.893894 https://hualianchengshizhongxin.fang.com/
Logger:2020-03-16 00:01:13.187015 https://jingjiayuanzz.fang.com/
Logger:2020-03-16 00:01:13.570093 https://duhuishoufujhl.fang.com/
Logger:2020-03-16 00:01:13.948126 https://chuangxingongyuanzhl.fang.com/
Logger:2020-03-16 00:01:14.262279 https://ronghuzhongxincheng.fang.com/
Logger:2020-03-16 00:01:14.713282 https://guangchanghjtc.fang.com/
Logger:2020-03-16 00:01:15.019497 https://chengshizhiguanghd2.fang.com/office/
Logger:2020-03-16 00:01:15.284747 https://xiangyunguojizl0755.fang.com/
Logger:2020-03-16 00:01:15.673700 https://feicuidongwanay.fang.com/
Logger:2020-03-16 00:01:16.131451 https://menggongyuanrh.fang.com/
Logger:2020-03-16 00:01:16.423122 https://baoshutai.fang.com/
Logger:2020-03-16 00:01:21.264146 https://sz.newhouse.fang.com/house/s/b910/
Logger:2020-03-16 00:01:21.564462 https://yueqianshanyayuan.fang.com/
Logger:2020-03-16 00:01:21.966094 https://hongfaqiancheng.fang.com/
Logger:2020-03-16 00:01:22.317154 https://qianhaijializhongxin.fang.com/
Logger:2020-03-16 00:01:22.623378 https://135038.fang.com/
Logger:2020-03-16 00:01:22.984370 https://qianhaihui.fang.com/
Logger:2020-03-16 00:01:23.415099 https://yongheyuanjc.fang.com/
Logger:2020-03-16 00:01:23.768734 https://anhongjitianyao.fang.com/
Logger:2020-03-16 00:01:24.117683 https://longhutianlanglou.fang.com/
Logger:2020-03-16 00:01:24.437864 https://zhongyangguangchangsz.fang.com/
Logger:2020-03-16 00:01:27.064848 https://shenyeshangcheng.fang.com/
Logger:2020-03-16 00:01:27.382540 https://jinlingswy.fang.com/
Logger:2020-03-16 00:01:27.895681 https://xiaojudanjf.fang.com/
Logger:2020-03-16 00:01:28.413811 https://huashenglongyue.fang.com/
Logger:2020-03-16 00:01:29.064259 https://yifangzhongxinjiuyu.fang.com/
Logger:2020-03-16 00:01:29.413331 https://xinhaicheng0755.fang.com/
Logger:2020-03-16 00:01:29.920967 https://huizhanwannanan.fang.com/
Logger:2020-03-16 00:01:30.386146 https://qianhaiyihaot1zy.fang.com/
Logger:2020-03-16 00:01:30.716263 https://jianxintianchen.fang.com/
Logger:2020-03-16 00:01:31.017457 https://zhihuidasharc.fang.com/
Logger:2020-03-16 00:01:31.459280 https://zhaobangjibihuchuntian.fang.com/
Logger:2020-03-16 00:01:35.414337 https://sz.newhouse.fang.com/house/s/b911/
Logger:2020-03-16 00:01:35.955052 https://dazuheshan.fang.com/
Logger:2020-03-16 00:01:36.271205 https://yueduhuitfh.fang.com/
Logger:2020-03-16 00:01:37.737013 https://taifuguangchangsy.fang.com/
Logger:2020-03-16 00:01:38.029232 https://qinggucyanvalley.fang.com/
Logger:2020-03-16 00:01:38.363017 https://huizhanwanzhonggang.fang.com/
Logger:2020-03-16 00:01:38.697151 https://banshangongguanhj.fang.com/
Logger:2020-03-16 00:01:39.050159 https://huarunwanxiangfu.fang.com/
Logger:2020-03-16 00:01:39.375832 https://donglinghuayuansy.fang.com/
Logger:2020-03-16 00:01:39.977731 https://tianfuhuafu.fang.com/
Logger:2020-03-16 00:01:40.645473 https://jinyujiayuanjzy.fang.com/
Logger:2020-03-16 00:01:40.966614 https://tanglangcheng.fang.com/
Logger:2020-03-16 00:01:41.319669 https://shimaoshengangguojizhongxin.fang.com/
Logger:2020-03-16 00:01:41.669420 https://xiwantianfu.fang.com/
Logger:2020-03-16 00:01:42.013502 https://jzyelf.fang.com/
Logger:2020-03-16 00:01:42.335489 https://yueshanhuhd.fang.com/
Logger:2020-03-16 00:01:42.766375 https://caifucheng.fang.com/
Logger:2020-03-16 00:01:43.073515 https://sangtailongyue.fang.com/
Logger:2020-03-16 00:01:43.387712 https://chuanqidonghumingyuan.fang.com/
Logger:2020-03-16 00:01:43.720812 https://yulongshanyj.fang.com/
Logger:2020-03-16 00:01:44.104913 https://shunheyayuan0755.fang.com/
Logger:2020-03-16 00:01:48.632945 https://sz.newhouse.fang.com/house/s/b912/
Logger:2020-03-16 00:01:48.907219 https://hegushanhuicheng2.fang.com/
Logger:2020-03-16 00:01:49.243313 https://tiananyungu.fang.com/2/
Logger:2020-03-16 00:01:49.631341 https://shidaiguangchangqhzy.fang.com/
Logger:2020-03-16 00:01:49.966057 https://263796.fang.com/
Logger:2020-03-16 00:01:50.464316 https://ziyuanyuandasha.fang.com/
Logger:2020-03-16 00:01:50.728552 https://pengzhanhui.fang.com/
Logger:2020-03-16 00:01:51.114556 https://zhengzhanyiyuan.fang.com/
Logger:2020-03-16 00:01:52.441796 https://tianyueguangchangzhl.fang.com/
Logger:2020-03-16 00:01:55.000326 https://835716.fang.com/
Logger:2020-03-16 00:01:58.316090 https://lianjianjunyufugongyu.fang.com/
Logger:2020-03-16 00:01:58.580358 https://yichengzhongxinhuayuanhry.fang.com/
Logger:2020-03-16 00:01:59.144834 https://kanglicheng.fang.com/
Logger:2020-03-16 00:02:01.594447 https://xintiandiyy0755.fang.com/2/
Logger:2020-03-16 00:02:01.896697 https://qianhaizhongxinhr.fang.com/
Logger:2020-03-16 00:02:02.274697 https://xiaoxingxingbld.fang.com/
Logger:2020-03-16 00:02:02.571565 https://linghangcheng.fang.com/3/
Logger:2020-03-16 00:02:02.894867 https://qiaochengyihao.fang.com/
Logger:2020-03-16 00:02:03.143216 https://lingyuguangchangjh.fang.com/
Logger:2020-03-16 00:02:03.564077 https://tianyueygc.fang.com/
Logger:2020-03-16 00:02:03.982958 https://wenhuachenghyxd.fang.com/
Logger:2020-03-16 00:02:08.133351 https://sz.newhouse.fang.com/house/s/b913/
Logger:2020-03-16 00:02:08.414054 https://chengshiquanjinghetinghl.fang.com/
Logger:2020-03-16 00:02:11.387148 https://xinganxian0755.fang.com/2/
Logger:2020-03-16 00:02:11.716311 https://wankeyunchengjinjie.fang.com/
Logger:2020-03-16 00:02:11.997534 https://junhaomixpark.fang.com/
Logger:2020-03-16 00:02:12.305341 https://lanjungongguan.fang.com/
Logger:2020-03-16 00:02:12.694270 https://lingyubgy0755.fang.com/
Logger:2020-03-16 00:02:13.688605 https://135460.fang.com/
Logger:2020-03-16 00:02:13.960391 https://mingzhugongguanzt.fang.com/
Logger:2020-03-16 00:02:14.244914 https://yuefuguangchangtqjf.fang.com/
Logger:2020-03-16 00:02:14.523468 https://guangmingxuanmf.fang.com/
Logger:2020-03-16 00:02:14.850212 https://137196.fang.com/
Logger:2020-03-16 00:02:15.174382 https://shidaijxhh.fang.com/
Logger:2020-03-16 00:02:15.448610 https://fujizhididasha.fang.com/
Logger:2020-03-16 00:02:15.744844 https://hengbangyifeng.fang.com/
Logger:2020-03-16 00:02:16.060016 https://haiwanyihaosdj.fang.com/
Logger:2020-03-16 00:02:16.330313 https://changchengdashazd.fang.com/
Logger:2020-03-16 00:02:16.605660 https://hanshanyuehaicheng.fang.com/
Logger:2020-03-16 00:02:16.914890 https://shenzhenwangongguancm.fang.com/
Logger:2020-03-16 00:02:17.237950 https://shenzhenzhongxin.fang.com/
Logger:2020-03-16 00:02:17.640933 https://zhongzhouwan.fang.com/
Logger:2020-03-16 00:02:21.500140 https://sz.newhouse.fang.com/house/s/b914/
Logger:2020-03-16 00:02:21.773410 https://zhenwanhui.fang.com/
Logger:2020-03-16 00:02:22.131002 https://shanyuqinghuihuayuan.fang.com/
Logger:2020-03-16 00:02:22.650669 https://137866.fang.com/
Logger:2020-03-16 00:02:22.959351 https://qianhaiguanyi.fang.com/
Logger:2020-03-16 00:02:23.285479 https://yingjunnianhua.fang.com/3/
Logger:2020-03-16 00:02:23.678428 https://kaixuanwanhuayuan.fang.com/
Logger:2020-03-16 00:02:24.010682 https://jinghualingfeng2.fang.com/
Logger:2020-03-16 00:02:24.340437 https://shennandao68haowk.fang.com/
Logger:2020-03-16 00:02:24.629714 https://chuangxiangdasha0755.fang.com/
Logger:2020-03-16 00:02:26.709556 https://wanghaigongguanfy.fang.com/
Logger:2020-03-16 00:02:27.037270 https://yilonghuating.fang.com/
Logger:2020-03-16 00:02:27.380516 https://songmaoyucheng.fang.com/
Logger:2020-03-16 00:02:27.715687 https://huizhidashazh.fang.com/
Logger:2020-03-16 00:02:27.987902 https://chuanqishanglinshf.fang.com/2/
Logger:2020-03-16 00:02:28.389591 https://qianhaizhongxinsm.fang.com/
Logger:2020-03-16 00:02:28.705705 https://qianhaijinrongzhongxin.fang.com/
Logger:2020-03-16 00:02:28.999961 https://meishawan.fang.com/
Logger:2020-03-16 00:02:29.359050 https://135458.fang.com/
Logger:2020-03-16 00:02:31.695937 https://270480.fang.com/
Logger:2020-03-16 00:02:32.032039 https://zhaoshangdongan0755.fang.com/
Logger:2020-03-16 00:02:35.889496 https://sz.newhouse.fang.com/house/s/b915/
Logger:2020-03-16 00:02:36.373167 https://yujingcuifenght.fang.com/
Logger:2020-03-16 00:02:36.698361 https://262044.fang.com/
Logger:2020-03-16 00:02:37.032430 https://xingdumeishatiandi.fang.com/
Logger:2020-03-16 00:02:37.319127 https://qiaochengfang.fang.com/
Logger:2020-03-16 00:02:37.654265 https://xingyaoguangchangahj.fang.com/
Logger:2020-03-16 00:02:37.976368 https://135188.fang.com/
Logger:2020-03-16 00:02:38.374480 https://hongshan6979.fang.com/
Logger:2020-03-16 00:02:38.652632 https://huijinguangchangzx.fang.com/
Logger:2020-03-16 00:02:38.936002 https://shidaiparkfc.fang.com/
Logger:2020-03-16 00:02:39.272149 https://135418.fang.com/
Logger:2020-03-16 00:02:40.767183 https://xinmenggongyuanrh.fang.com/
Logger:2020-03-16 00:02:41.059400 https://huizhanwandongcheng2.fang.com/
Logger:2020-03-16 00:02:41.315943 https://137182.fang.com/
Logger:2020-03-16 00:02:41.654951 https://281512.fang.com/
Logger:2020-03-16 00:02:42.117913 https://137262.fang.com/
Logger:2020-03-16 00:02:42.741310 https://137846.fang.com/
Logger:2020-03-16 00:02:43.091825 https://137208.fang.com/
Logger:2020-03-16 00:02:43.418501 https://saigeecozhongxin.fang.com/
Logger:2020-03-16 00:02:43.799073 https://137740.fang.com/
Logger:2020-03-16 00:02:44.113264 https://xintiandifl.fang.com/
Logger:2020-03-16 00:02:48.795769 https://sz.newhouse.fang.com/house/s/b916/
Logger:2020-03-16 00:02:49.045099 https://134988.fang.com/
Logger:2020-03-16 00:02:49.441039 https://difudashazd.fang.com/
Logger:2020-03-16 00:02:49.803964 https://137660.fang.com/
Logger:2020-03-16 00:02:50.148088 https://lifangzhongxinhr.fang.com/
Logger:2020-03-16 00:02:50.631857 https://baodeyungu0755.fang.com/
Logger:2020-03-16 00:02:52.807149 https://guojizhongxindh.fang.com/
Logger:2020-03-16 00:02:54.872803 https://yuefuhuayuan.fang.com/
Logger:2020-03-16 00:02:55.175922 https://rongyuhuafujrjhf.fang.com/
Logger:2020-03-16 00:02:58.240622 https://junhuashidaijunhuatiandi.fang.com/
Logger:2020-03-16 00:02:58.698929 https://137874.fang.com/
Logger:2020-03-16 00:02:59.255998 https://haixiangge.fang.com/
Logger:2020-03-16 00:02:59.804528 https://137870.fang.com/
Logger:2020-03-16 00:03:00.237176 https://jixiangli0755.fang.com/
Logger:2020-03-16 00:03:00.745274 https://397302.fang.com/
Logger:2020-03-16 00:03:05.775005 https://tianzhuhuafuyy.fang.com/
Logger:2020-03-16 00:03:06.081900 https://dongfangshengshihuayuan.fang.com/2/
Logger:2020-03-16 00:03:09.137927 https://137856.fang.com/
Logger:2020-03-16 00:03:09.557807 https://mingyuefu0755.fang.com/
Logger:2020-03-16 00:03:10.058617 https://wushifuhs.fang.com/
Logger:2020-03-16 00:03:10.366264 https://137868.fang.com/
Logger:2020-03-16 00:03:13.917734 https://sz.newhouse.fang.com/house/s/b917/
Logger:2020-03-16 00:03:14.266801 https://haiyishijiath.fang.com/
Logger:2020-03-16 00:03:14.609883 https://137864.fang.com/
Logger:2020-03-16 00:03:14.905941 https://xinyilijingyuyuan.fang.com/
Logger:2020-03-16 00:03:15.212249 https://sankeluwan.fang.com/
Logger:2020-03-16 00:03:15.605261 https://137880.fang.com/
Logger:2020-03-16 00:03:15.906393 https://yijinyuan0755.fang.com/
Logger:2020-03-16 00:03:16.286433 https://135550.fang.com/
Logger:2020-03-16 00:03:16.640761 https://pingjishangyuan.fang.com/
Logger:2020-03-16 00:03:17.049638 https://qianhailongting.fang.com/
Logger:2020-03-16 00:03:17.393717 https://dongguanjunfu.fang.com/
Logger:2020-03-16 00:03:20.037193 https://baotaiyayuan0755.fang.com/
Logger:2020-03-16 00:03:20.533866 https://taobolich.fang.com/
Logger:2020-03-16 00:03:20.916394 https://huichengmingyuan.fang.com/
Logger:2020-03-16 00:03:21.253907 https://yupinluanshanhuayuan.fang.com/
Logger:2020-03-16 00:03:21.624109 https://135266.fang.com/
Logger:2020-03-16 00:03:21.984117 https://zhuoyuexingyuan.fang.com/
Logger:2020-03-16 00:03:22.406986 https://jinxiuhuatian.fang.com/
Logger:2020-03-16 00:03:22.766025 https://137368.fang.com/
Logger:2020-03-16 00:03:23.231474 https://banshanbanhai0755.fang.com/
Logger:2020-03-16 00:03:23.533666 https://jinrizhongxin.fang.com/
Logger:2020-03-16 00:03:27.342994 https://sz.newhouse.fang.com/house/s/b918/
Logger:2020-03-16 00:03:27.670830 https://lejunyrd.fang.com/
Logger:2020-03-16 00:03:28.550501 https://076136.fang.com/
Logger:2020-03-16 00:03:29.008412 https://zhuoyuejiulong.fang.com/
Logger:2020-03-16 00:03:29.359654 https://137426.fang.com/
Logger:2020-03-16 00:03:29.789814 https://hechenghuayuan0755.fang.com/
Logger:2020-03-16 00:03:30.125384 https://137684.fang.com/
Logger:2020-03-16 00:03:30.542269 https://137314.fang.com/
Logger:2020-03-16 00:03:30.867544 https://137832.fang.com/
Logger:2020-03-16 00:03:31.189601 https://137838.fang.com/
Logger:2020-03-16 00:03:33.229729 https://jiuyumingyuan.fang.com/
Logger:2020-03-16 00:03:33.561338 https://shijianguchuangyidasha.fang.com/
Logger:2020-03-16 00:03:33.851214 https://shanhaisijicheng.fang.com/3/
Logger:2020-03-16 00:03:34.166302 https://134704.fang.com/
Logger:2020-03-16 00:03:34.489473 https://135328.fang.com/
Logger:2020-03-16 00:03:34.864472 https://137764.fang.com/
Logger:2020-03-16 00:03:36.613728 https://137246.fang.com/
Logger:2020-03-16 00:03:36.907027 https://chuntiandashajx.fang.com/
Logger:2020-03-16 00:03:37.172896 https://247204.fang.com/
Logger:2020-03-16 00:03:37.525602 https://shuixielanwanlm.fang.com/
Logger:2020-03-16 00:03:37.878342 https://runjiasukongjian.fang.com/
Logger:2020-03-16 00:03:41.597249 https://sz.newhouse.fang.com/house/s/b919/
Logger:2020-03-16 00:03:41.881426 https://311422.fang.com/
Logger:2020-03-16 00:03:42.271382 https://137434.fang.com/
Logger:2020-03-16 00:03:42.573132 https://yicuimingting.fang.com/
Logger:2020-03-16 00:03:42.878332 https://haifuyihao.fang.com/
Logger:2020-03-16 00:03:43.130717 https://135286.fang.com/
Logger:2020-03-16 00:03:43.516643 https://1368262.fang.com/
Logger:2020-03-16 00:03:47.865662 https://tianxiwanlj.fang.com/
Logger:2020-03-16 00:03:48.424169 https://jindishiji.fang.com/
Logger:2020-03-16 00:03:48.793720 https://jiazhaoyejinshawan.fang.com/
Logger:2020-03-16 00:03:49.313327 https://fenghuangzhigudasha.fang.com/
Logger:2020-03-16 00:03:49.789056 https://fangdacheng.fang.com/
Logger:2020-03-16 00:03:50.202948 https://longhuazhongxinsc.fang.com/
Logger:2020-03-16 00:03:50.607864 https://289012.fang.com/
Logger:2020-03-16 00:03:51.158351 https://laimengduhui.fang.com/
Logger:2020-03-16 00:03:51.640417 https://137202.fang.com/
Logger:2020-03-16 00:03:51.975607 https://rongdeguojiecc.fang.com/
Logger:2020-03-16 00:03:52.255846 https://137752.fang.com/
Logger:2020-03-16 00:03:52.633885 https://1355522.fang.com/
Logger:2020-03-16 00:03:53.040726 https://135334.fang.com/
Logger:2020-03-16 00:03:54.556430 https://137822.fang.com/
Logger:2020-03-16 00:03:58.454192 https://sz.newhouse.fang.com/house/s/b920/
Logger:2020-03-16 00:04:00.146307 https://yanhuafuzc.fang.com/
Logger:2020-03-16 00:04:00.755369 https://sungangzhongxinhrzd.fang.com/
Logger:2020-03-16 00:04:01.652014 https://137778.fang.com/
Logger:2020-03-16 00:04:01.943215 https://137776.fang.com/
Logger:2020-03-16 00:04:02.210475 https://yunxihuayuanmjh.fang.com/
Logger:2020-03-16 00:04:02.501696 https://134806.fang.com/
Logger:2020-03-16 00:04:02.872728 https://tyswdsaz.fang.com/
Logger:2020-03-16 00:04:03.135080 https://137430.fang.com/
Logger:2020-03-16 00:04:03.388324 https://yishangzhongxin.fang.com/
Logger:2020-03-16 00:04:05.319235 https://137824.fang.com/
Logger:2020-03-16 00:04:07.820473 https://137748.fang.com/
Logger:2020-03-16 00:04:09.624667 https://135432.fang.com/
Logger:2020-03-16 00:04:13.075409 https://930988.fang.com/
Logger:2020-03-16 00:04:13.428507 https://137346.fang.com/
Logger:2020-03-16 00:04:15.809277 https://137446.fang.com/
Logger:2020-03-16 00:04:16.129500 https://137406.fang.com/
Logger:2020-03-16 00:04:16.410684 https://137546.fang.com/
Logger:2020-03-16 00:04:18.254011 https://137272.fang.com/
Logger:2020-03-16 00:04:19.269398 https://137826.fang.com/
Logger:2020-03-16 00:04:21.921509 https://137394.fang.com/
Logger:2020-03-16 00:04:25.575749 https://sz.newhouse.fang.com/house/s/b921/
Logger:2020-03-16 00:04:28.888873 https://137348.fang.com/
Logger:2020-03-16 00:04:29.185678 https://137742.fang.com/
Logger:2020-03-16 00:04:29.462963 https://zhaoshanglingxi.fang.com/
Logger:2020-03-16 00:04:29.775389 https://zhidigongguanhz.fang.com/
Logger:2020-03-16 00:04:31.166848 https://zhlyx.fang.com/
Logger:2020-03-16 00:04:32.479761 https://137858.fang.com/
Logger:2020-03-16 00:04:32.709358 https://qianhaidashahr.fang.com/
Logger:2020-03-16 00:04:32.928597 https://jinlitongjinrongzhongxin.fang.com/
Logger:2020-03-16 00:04:33.162979 https://hanjingzhongxin.fang.com/
Logger:2020-03-16 00:04:33.475497 https://yagangyihao.fang.com/
Logger:2020-03-16 00:04:33.745674 https://chuangyigongyuanhq.fang.com/
Logger:2020-03-16 00:04:33.964224 https://haiyuanchengsz.fang.com/
Logger:2020-03-16 00:04:34.198532 https://chanyeyuancxzhg.fang.com/
Logger:2020-03-16 00:04:34.433532 https://fengchuangshidai.fang.com/
Logger:2020-03-16 00:04:34.714469 https://zhongguohuarundasha.fang.com/
Logger:2020-03-16 00:04:35.010815 https://huarundasha0755.fang.com/
Logger:2020-03-16 00:04:35.245395 https://kejijinrongchengns.fang.com/
Logger:2020-03-16 00:04:38.692686 https://sz.newhouse.fang.com/house/s/b922/
Logger:2020-03-16 00:04:42.134902 https://sz.newhouse.fang.com/house/s/b923/
Logger:2020-03-16 00:04:45.567849 https://sz.newhouse.fang.com/house/s/b924/
