Logger:2020-03-16 01:05:12.226013 https://taishan.newhouse.fang.com/house/s/b91/
Logger:2020-03-16 01:05:12.444685 https://tianji0750.fang.com/?from=xflist_xfgg
Logger:2020-03-16 01:05:12.683828 https://hengdamingdu0750.fang.com/
Logger:2020-03-16 01:05:12.996593 https://taishanwandaguangchang.fang.com/
Logger:2020-03-16 01:05:13.308600 https://zhongyanggongguanbl0750.fang.com/
Logger:2020-03-16 01:05:13.648604 https://hhgjc0750.fang.com/
Logger:2020-03-16 01:05:13.898292 https://dongfanghuating0750.fang.com/
Logger:2020-03-16 01:05:14.210755 https://yitongfengqingshangcheng.fang.com/
Logger:2020-03-16 01:05:14.492646 https://taishanyajulehuayuan.fang.com/
Logger:2020-03-16 01:05:23.591405 https://jiayuhuayuan0750.fang.com/
Logger:2020-03-16 01:05:26.512140 https://biguiyuanxinghuyunjing.fang.com/
Logger:2020-03-16 01:05:28.767878 https://yaodongmingzhuqy.fang.com/
Logger:2020-03-16 01:05:32.095771 https://ronghuishijiabgy.fang.com/
Logger:2020-03-16 01:05:49.846314 https://junjingwanhaotingts.fang.com/
Logger:2020-03-16 01:05:50.189983 https://longtenghaoyuan0750.fang.com/
Logger:2020-03-16 01:05:54.995358 https://jinhaiwan0750.fang.com/3/
Logger:2020-03-16 01:05:55.245402 https://dongfangmingcheng2.fang.com/
Logger:2020-03-16 01:05:58.143980 https://taishanyajuleyubinfu.fang.com/
Logger:2020-03-16 01:05:58.424938 https://xiyuetaijh.fang.com/
Logger:2020-03-16 01:06:04.508496 https://liufufeicuimingzhu.fang.com/
Logger:2020-03-16 01:06:04.767616 https://whsdgc0750.fang.com/
Logger:2020-03-16 01:06:09.228195 https://taishan.newhouse.fang.com/house/s/b92/
Logger:2020-03-16 01:06:13.594624 https://minjieyuefu.fang.com/
Logger:2020-03-16 01:06:13.860429 https://tsbgy0750.fang.com/
Logger:2020-03-16 01:06:14.110557 https://bbght.fang.com/
Logger:2020-03-16 01:06:14.376247 https://yuefengjjw.fang.com/
Logger:2020-03-16 01:06:14.655089 https://dongfanghuacheng0750.fang.com/
Logger:2020-03-16 01:06:15.717340 https://shengshihuayuanbgy.fang.com/
Logger:2020-03-16 01:06:15.989896 https://yuequanmingfu.fang.com/
Logger:2020-03-16 01:06:16.270487 https://fujutianxi.fang.com/
Logger:2020-03-16 01:06:16.489900 https://huigangwan.fang.com/
Logger:2020-03-16 01:06:16.730429 https://shimaoyuquanshili.fang.com/
Logger:2020-03-16 01:06:16.980026 https://jinfuhuayuan20750.fang.com/
Logger:2020-03-16 01:06:17.246033 https://taishanyhwqc.fang.com/
Logger:2020-03-16 01:06:17.511150 https://bixiangyuan.fang.com/
Logger:2020-03-16 01:06:17.745470 https://yihaogongguan0750.fang.com/
Logger:2020-03-16 01:06:17.996150 https://tshjdhy.fang.com/
Logger:2020-03-16 01:06:18.308326 https://minjieyufu.fang.com/
Logger:2020-03-16 01:06:18.635884 https://hengdafeicuihuating0750.fang.com/
Logger:2020-03-16 01:06:18.854584 https://kaixuanhaoting0750.fang.com/
Logger:2020-03-16 01:06:19.245699 https://bihuaxuan.fang.com/
Logger:2020-03-16 01:06:21.475428 https://shidaimingting.fang.com/
Logger:2020-03-16 01:06:25.179169 https://taishan.newhouse.fang.com/house/s/b93/
Logger:2020-03-16 01:06:27.287879 https://lwljh.fang.com/
Logger:2020-03-16 01:06:27.538113 https://changdachangguangchang.fang.com/
Logger:2020-03-16 01:06:30.692886 https://longxianghuayuants.fang.com/
Logger:2020-03-16 01:06:31.011040 https://fjtyl.fang.com/
Logger:2020-03-16 01:06:31.241905 https://wenhuayashi.fang.com/
Logger:2020-03-16 01:06:34.779085 https://guanghaixincheng2.fang.com/
Logger:2020-03-16 01:06:35.060547 https://wohuazhonghuanguangchang2.fang.com/
Logger:2020-03-16 01:06:35.325753 https://fjtfl.fang.com/
Logger:2020-03-16 01:06:35.560067 https://mmyjhy.fang.com/
Logger:2020-03-16 01:06:35.794754 https://dfyjy0750.fang.com/
Logger:2020-03-16 01:06:48.381131 https://yongyahuating.fang.com/
Logger:2020-03-16 01:06:50.416307 https://yuhailianhua.fang.com/
Logger:2020-03-16 01:06:50.650898 https://fenghuangfu.fang.com/
Logger:2020-03-16 01:06:52.445297 https://qianxiyuanxidasha.fang.com/
Logger:2020-03-16 01:06:52.710668 https://xiangxinhaoting.fang.com/
Logger:2020-03-16 01:06:52.975851 https://renheyayuan.fang.com/
Logger:2020-03-16 01:06:53.257034 https://hongmuyishuzhanlancheng0750.fang.com/
Logger:2020-03-16 01:06:54.976067 https://huicuiqiaocheng.fang.com/
Logger:2020-03-16 01:06:55.194078 https://aiqinjuqx0750.fang.com/
Logger:2020-03-16 01:06:58.676347 https://dongfanghaoyuan2.fang.com/
Logger:2020-03-16 01:07:02.274118 https://taishan.newhouse.fang.com/house/s/b94/
Logger:2020-03-16 01:07:02.461649 https://duanfenzhencuijinyuan.fang.com/
Logger:2020-03-16 01:07:02.711446 https://haibinhuafu.fang.com/
Logger:2020-03-16 01:07:02.992828 https://bihuayuan20750.fang.com/
Logger:2020-03-16 01:07:04.257712 https://hybhw.fang.com/
Logger:2020-03-16 01:07:06.594593 https://liufushanzhuang2.fang.com/
Logger:2020-03-16 01:07:08.654389 https://djxfgc.fang.com/2/
Logger:2020-03-16 01:07:10.247763 https://jinbihuayuan0750a.fang.com/
Logger:2020-03-16 01:07:13.817043 https://taishan.newhouse.fang.com/house/s/b95/
Logger:2020-03-16 01:07:17.219817 https://taishan.newhouse.fang.com/house/s/b96/
Logger:2020-03-16 01:07:20.630957 https://taishan.newhouse.fang.com/house/s/b97/
