Logger:2020-03-16 14:29:10.911086 https://taixing.newhouse.fang.com/house/s/b91/
Logger:2020-03-16 14:29:11.225206 https://taixinghengdayuefu.fang.com/
Logger:2020-03-16 14:29:11.510477 https://yulonghuayuan0523.fang.com/
Logger:2020-03-16 14:29:11.765758 https://langyuehepan.fang.com/
Logger:2020-03-16 14:29:12.013135 https://shanghaihuayuantx.fang.com/
Logger:2020-03-16 14:29:12.332243 https://shuiankangcheng0523.fang.com/
Logger:2020-03-16 14:29:12.741149 https://huangqiaojiayuanguangchangtx.fang.com/
Logger:2020-03-16 14:29:13.008434 https://guantangfuxs0523.fang.com/
Logger:2020-03-16 14:29:13.265781 https://xinchengyuefu0523.fang.com/
Logger:2020-03-16 14:29:15.618452 https://taixing.newhouse.fang.com/house/2048184508.htm
Logger:2020-03-16 14:29:15.951561 https://guoyuhuafutx.fang.com/
Logger:2020-03-16 14:29:17.309927 https://taixing.newhouse.fang.com/house/1837187762.htm
Logger:2020-03-16 14:29:17.567281 https://hefuxiangjingyuan.fang.com/
Logger:2020-03-16 14:29:17.819563 https://yuquangongguantx.fang.com/
Logger:2020-03-16 14:29:18.112806 https://jiayuanweinisishuichengtx.fang.com/
Logger:2020-03-16 14:29:18.375112 https://taixingsainagongguantx.fang.com/
Logger:2020-03-16 14:29:18.641364 https://xiangshengjunchengtx.fang.com/
Logger:2020-03-16 14:29:18.925635 https://runheyanlanwan.fang.com/
Logger:2020-03-16 14:29:21.004044 https://rongchuangyuyuan0523.fang.com/
Logger:2020-03-16 14:29:21.290278 https://changjiangguojihuayuantx.fang.com/
Logger:2020-03-16 14:29:21.618401 https://txshangdongyipin.fang.com/
Logger:2020-03-16 14:29:25.301549 https://taixing.newhouse.fang.com/house/s/b92/
Logger:2020-03-16 14:29:25.578831 https://xcwygc0523.fang.com/
Logger:2020-03-16 14:29:25.919931 https://taoyuanfunanyuan.fang.com/
Logger:2020-03-16 14:29:26.217141 https://txhengyuancheng.fang.com/
Logger:2020-03-16 14:29:26.501374 https://jingxiugongguantx.fang.com/
Logger:2020-03-16 14:29:26.794591 https://runhuayuefutx.fang.com/
Logger:2020-03-16 14:29:27.958487 https://taixing.newhouse.fang.com/house/2048184506.htm
Logger:2020-03-16 14:29:28.243714 https://txmeianqiting.fang.com/
Logger:2020-03-16 14:29:28.507997 https://suyuanhuayuanerqi.fang.com/
Logger:2020-03-16 14:29:28.793208 https://ziyudongfangtx.fang.com/
Logger:2020-03-16 14:29:29.103378 https://huichuangchengtaixing.fang.com/
Logger:2020-03-16 14:29:29.395629 https://junyuzhongyangtx.fang.com/
Logger:2020-03-16 14:29:29.695792 https://xinweijinsejiayuantx.fang.com/
Logger:2020-03-16 14:29:29.948118 https://mingrungongguantx.fang.com/
Logger:2020-03-16 14:29:30.256294 https://huangqiaodongjinhuayuantx.fang.com/
Logger:2020-03-16 14:29:30.535620 https://xiangshnegweilaichengtx.fang.com/
Logger:2020-03-16 14:29:30.833749 https://biguiyuantx0523.fang.com/
Logger:2020-03-16 14:29:35.539198 https://taixing.newhouse.fang.com/house/1837191344.htm
Logger:2020-03-16 14:29:35.847384 https://jiayuanxintianditx.fang.com/
Logger:2020-03-16 14:29:36.088691 https://xiangshengxiyuantx.fang.com/
Logger:2020-03-16 14:29:36.340018 https://xinnengyuanxinshijieguangchang.fang.com/
Logger:2020-03-16 14:29:40.334333 https://taixing.newhouse.fang.com/house/s/b93/
Logger:2020-03-16 14:29:40.599660 https://xinnengyuanshuimuqinghuatx.fang.com/
Logger:2020-03-16 14:29:40.869900 https://longshneghuayuantx.fang.com/
Logger:2020-03-16 14:29:45.998181 https://zhongxingheyuantx.fang.com/
Logger:2020-03-16 14:29:46.270453 https://huangjiashuianhuayuanshequ.fang.com/
Logger:2020-03-16 14:29:49.037051 https://oujinghuadutaixing.fang.com/
Logger:2020-03-16 14:29:51.000799 https://yuyetianyihuafu.fang.com/
Logger:2020-03-16 14:29:51.266089 https://xinglongyihaotx.fang.com/
Logger:2020-03-16 14:29:51.525395 https://jinyuhuafutx.fang.com/
Logger:2020-03-16 14:29:51.790729 https://qinghuayuantx.fang.com/
Logger:2020-03-16 14:29:52.237490 https://biyunshangyeguangchangjs.fang.com/
Logger:2020-03-16 14:29:52.491810 https://junwangfutx.fang.com/
Logger:2020-03-16 14:29:54.777694 https://taizhoumingfaguojiguangchang.fang.com/
Logger:2020-03-16 14:29:55.038039 https://jiafuguojichengtaiixng.fang.com/
Logger:2020-03-16 14:29:55.339192 https://xingtaihuatingtx.fang.com/
Logger:2020-03-16 14:29:55.614456 https://yangguangwujitx.fang.com/
Logger:2020-03-16 14:29:55.871806 https://lingxiujiayuantx.fang.com/
Logger:2020-03-16 14:29:56.123095 https://xiangjingyuantx.fang.com/
Logger:2020-03-16 14:29:56.373426 https://xinnengyuanyangguangyipin.fang.com/
Logger:2020-03-16 14:29:56.648730 https://yutinghuafutx.fang.com/
Logger:2020-03-16 14:29:57.613110 https://zhonghaiguojishequtaixing.fang.com/
Logger:2020-03-16 14:30:01.523648 https://taixing.newhouse.fang.com/house/s/b94/
Logger:2020-03-16 14:30:01.759056 https://biyunshangyeguangchangtx.fang.com/
Logger:2020-03-16 14:30:01.997435 https://dushijiangnantx.fang.com/
Logger:2020-03-16 14:30:05.791231 https://xinjiahuayuantx.fang.com/
Logger:2020-03-16 14:30:06.051535 https://guanglingxingfuhuayuantx.fang.com/
Logger:2020-03-16 14:30:13.987342 https://xianhewangongyutx.fang.com/
Logger:2020-03-16 14:30:14.262570 https://linglonggongyutx.fang.com/
Logger:2020-03-16 14:30:21.100278 https://hongqiaoshangyeguangchangtx.fang.com/
Logger:2020-03-16 14:30:21.357663 https://jinshnegjiayuantx.fang.com/
Logger:2020-03-16 14:30:25.020827 https://xinduhuachenglijingyuan.fang.com/
Logger:2020-03-16 14:30:26.874873 https://taixing.newhouse.fang.com/house/2048184512.htm
Logger:2020-03-16 14:30:33.917988 https://taifengguojishangmaochengtx.fang.com/
Logger:2020-03-16 14:30:34.161337 https://luolanlingshu0523.fang.com/
Logger:2020-03-16 14:30:34.432612 https://txqiyuan.fang.com/
Logger:2020-03-16 14:30:34.731811 https://jincuiyuantx.fang.com/
Logger:2020-03-16 14:30:34.981144 https://jiajingyuantx.fang.com/
Logger:2020-03-16 14:30:35.293309 https://lianhuajiayuan0523.fang.com/
Logger:2020-03-16 14:30:35.559596 https://taiixnghuichuangcheng.fang.com/
Logger:2020-03-16 14:30:35.838892 https://ruitaiguangchangtx.fang.com/
Logger:2020-03-16 14:30:39.570866 https://hongxingmeikailongjiudiangongyutx.fang.com/
Logger:2020-03-16 14:30:42.640696 https://taixinghuaxinshangmaocheng.fang.com/
Logger:2020-03-16 14:30:46.431512 https://taixing.newhouse.fang.com/house/s/b95/
Logger:2020-03-16 14:30:46.663928 https://yingxingshangyejietx.fang.com/
Logger:2020-03-16 14:30:46.915254 https://xinghejiayuantx.fang.com/
Logger:2020-03-16 14:30:47.164552 https://tianchengxuefujiayuantx.fang.com/
Logger:2020-03-16 14:30:50.230350 https://qiangxihuayuantaixing.fang.com/
Logger:2020-03-16 14:30:50.479683 https://taixingfuhuanggongyu.fang.com/
Logger:2020-03-16 14:30:50.723032 https://xindijiajingyuantx.fang.com/
Logger:2020-03-16 14:30:50.952418 https://xiangshengjiangshanyue.fang.com/
Logger:2020-03-16 14:30:51.316487 https://taixinglongfu.fang.com/
Logger:2020-03-16 14:30:54.919842 https://taixing.newhouse.fang.com/house/s/b96/
Logger:2020-03-16 14:30:58.360643 https://taixing.newhouse.fang.com/house/s/b97/
Logger:2020-03-16 14:31:01.875240 https://taixing.newhouse.fang.com/house/s/b98/
