Logger:2020-03-16 19:07:34.332867 https://taiyuan.newhouse.fang.com/house/s/b91/
Logger:2020-03-16 19:07:34.807916 https://dangdaizhumoma.fang.com/
Logger:2020-03-16 19:07:35.194833 https://haitangguangchangdear.fang.com/
Logger:2020-03-16 19:07:35.643751 https://tianyuetyhx.fang.com/
Logger:2020-03-16 19:07:36.066617 https://193583.fang.com/
Logger:2020-03-16 19:07:36.524339 https://guojishequzh0351.fang.com/
Logger:2020-03-16 19:07:38.593439 https://dangdaichengmoma.fang.com/
Logger:2020-03-16 19:07:38.965448 https://zitenggongguansd.fang.com/
Logger:2020-03-16 19:07:39.403553 https://youshanmeijuncx.fang.com/
Logger:2020-03-16 19:07:39.946079 https://longruidongting.fang.com/
Logger:2020-03-16 19:07:43.801067 https://hongxingtianbo.fang.com/
Logger:2020-03-16 19:07:44.437357 https://yujingwantyhd.fang.com/
Logger:2020-03-16 19:07:44.904574 https://shidaitianjihh.fang.com/
Logger:2020-03-16 19:07:45.264646 https://yangguanglingyu0351.fang.com/
Logger:2020-03-16 19:07:45.697204 https://taiyuanfurc.fang.com/
Logger:2020-03-16 19:07:46.078725 https://fuliyipin.fang.com/
Logger:2020-03-16 19:07:46.452790 https://xihulinyubl0351.fang.com/
Logger:2020-03-16 19:07:46.831789 https://bahaoyuanflc.fang.com/
Logger:2020-03-16 19:07:47.278506 https://kunlunyuhr0351.fang.com/
Logger:2020-03-16 19:07:47.706362 https://tangyue0351.fang.com/
Logger:2020-03-16 19:07:48.058414 https://yuanyangshangjun.fang.com/
Logger:2020-03-16 19:07:52.145850 https://taiyuan.newhouse.fang.com/house/s/b92/
Logger:2020-03-16 19:07:52.476897 https://tangyue0351.fang.com/
Logger:2020-03-16 19:07:52.831024 https://193427.fang.com/
Logger:2020-03-16 19:07:53.195971 https://linyujuntyhd.fang.com/
Logger:2020-03-16 19:07:53.651900 https://hongxingtianboty.fang.com/
Logger:2020-03-16 19:07:54.264812 https://jinbitianxiatyhd.fang.com/
Logger:2020-03-16 19:07:54.732563 https://xuhuijiangshan0351.fang.com/
Logger:2020-03-16 19:07:55.283671 https://193641.fang.com/
Logger:2020-03-16 19:07:57.185622 https://193881.fang.com/
Logger:2020-03-16 19:07:57.553727 https://taoyuanlibgy0351.fang.com/
Logger:2020-03-16 19:07:57.947252 https://jiuxitaibgy0351.fang.com/
Logger:2020-03-16 19:07:58.426939 https://tianjutylh.fang.com/
Logger:2020-03-16 19:07:58.785451 https://yihaogongguanbl0351.fang.com/
Logger:2020-03-16 19:07:59.175137 https://fenghuangchengtybgy.fang.com/
Logger:2020-03-16 19:07:59.580972 https://yuhuzhuangyuanhd0351.fang.com/
Logger:2020-03-16 19:07:59.948243 https://jinzunfuth.fang.com/
Logger:2020-03-16 19:08:00.386101 https://haidegongyuanbl0351.fang.com/
Logger:2020-03-16 19:08:00.854943 https://huamanshuygc0351.fang.com/
Logger:2020-03-16 19:08:01.227709 https://yuefutyhd.fang.com/
Logger:2020-03-16 19:08:01.652743 https://wanhesijiyy0351.fang.com/
Logger:2020-03-16 19:08:02.060654 https://ziyuhuafuhx.fang.com/
Logger:2020-03-16 19:08:05.812895 https://taiyuan.newhouse.fang.com/house/s/b93/
Logger:2020-03-16 19:08:06.146981 https://binhefutyhd.fang.com/
Logger:2020-03-16 19:08:06.500036 https://tianchentyhd.fang.com/
Logger:2020-03-16 19:08:06.944854 https://193441.fang.com/
Logger:2020-03-16 19:08:07.328826 https://193725.fang.com/
Logger:2020-03-16 19:08:07.693428 https://tianlutanghongxitai.fang.com/
Logger:2020-03-16 19:08:08.030709 https://tianlangmeiyujy.fang.com/
Logger:2020-03-16 19:08:08.512875 https://yingxihuayuanjj.fang.com/
Logger:2020-03-16 19:08:08.899859 https://zhongzhengjiuhao.fang.com/
Logger:2020-03-16 19:08:09.249052 https://bingzhoufuygc.fang.com/
Logger:2020-03-16 19:08:09.711311 https://dongshanqingqd.fang.com/
Logger:2020-03-16 19:08:10.145146 https://xijiangyuebl0351.fang.com/
Logger:2020-03-16 19:08:10.562105 https://lantinghui0351.fang.com/
Logger:2020-03-16 19:08:12.602614 https://dangdaiguangchangmoma.fang.com/
Logger:2020-03-16 19:08:13.197061 https://193617.fang.com/
Logger:2020-03-16 19:08:13.874801 https://hongxingtianrun.fang.com/
Logger:2020-03-16 19:08:14.493679 https://wandazhongxinty.fang.com/
Logger:2020-03-16 19:08:14.917610 https://waitanyihaorc.fang.com/
Logger:2020-03-16 19:08:15.352389 https://guofenglangyuesk.fang.com/
Logger:2020-03-16 19:08:15.812642 https://baolidongjun0351.fang.com/
Logger:2020-03-16 19:08:16.290392 https://jinxichengfl.fang.com/
Logger:2020-03-16 19:08:21.357276 https://taiyuan.newhouse.fang.com/house/s/b94/
Logger:2020-03-16 19:08:21.721267 https://hengdaqingyunchengst.fang.com/
Logger:2020-03-16 19:08:25.526405 https://fengxiwanyd.fang.com/
Logger:2020-03-16 19:08:25.979502 https://nuodeyichenyunzhuty.fang.com/
Logger:2020-03-16 19:08:26.350543 https://ziyubanshanhx.fang.com/
Logger:2020-03-16 19:08:27.448629 https://wanjingjiayuan.fang.com/
Logger:2020-03-16 19:08:27.924073 https://jindiyingzeshangpinbl.fang.com/
Logger:2020-03-16 19:08:28.462669 https://nuodechengzgzt.fang.com/
Logger:2020-03-16 19:08:29.049116 https://shangdeyuansm.fang.com/
Logger:2020-03-16 19:08:29.511464 https://dongdingyingzeli.fang.com/
Logger:2020-03-16 19:08:29.875448 https://guojiguangchangzc0351.fang.com/
Logger:2020-03-16 19:08:30.316267 https://yangguanglansheng.fang.com/
Logger:2020-03-16 19:08:30.828935 https://yuanzhongyuanwd.fang.com/
Logger:2020-03-16 19:08:31.208227 https://193469.fang.com/
Logger:2020-03-16 19:08:31.644087 https://193463.fang.com/
Logger:2020-03-16 19:08:32.007154 https://193623.fang.com/
Logger:2020-03-16 19:08:34.461641 https://qingxiujiayuanzgtj.fang.com/
Logger:2020-03-16 19:08:34.853612 https://tairuicheng.fang.com/
Logger:2020-03-16 19:08:35.243550 https://guojixueyuansc.fang.com/
Logger:2020-03-16 19:08:38.410718 https://taiyuanguangchanglc.fang.com/
Logger:2020-03-16 19:08:38.791740 https://tianrunyuanyh.fang.com/
Logger:2020-03-16 19:08:43.040483 https://taiyuan.newhouse.fang.com/house/s/b95/
Logger:2020-03-16 19:08:43.452388 https://yuanfulvdu.fang.com/
Logger:2020-03-16 19:08:43.879453 https://yingzeshijicheng.fang.com/
Logger:2020-03-16 19:08:44.256902 https://hepingli0351.fang.com/
Logger:2020-03-16 19:08:44.668025 https://tianxigongguanfl.fang.com/
Logger:2020-03-16 19:08:45.107643 https://yujinghuafuxj.fang.com/
Logger:2020-03-16 19:08:47.740398 https://193661.fang.com/
Logger:2020-03-16 19:08:48.630095 https://kaixunmenhrzh.fang.com/
Logger:2020-03-16 19:08:50.455671 https://junyuefufl.fang.com/
Logger:2020-03-16 19:08:50.805411 https://wankeruyuan0351.fang.com/
Logger:2020-03-16 19:08:51.210328 https://rongchuangzhongxin0351.fang.com/
Logger:2020-03-16 19:08:51.608272 https://xinlichengtyld.fang.com/
Logger:2020-03-16 19:08:52.040821 https://moligongguanbl0351.fang.com/
Logger:2020-03-16 19:08:52.484604 https://tianxichengfl.fang.com/
Logger:2020-03-16 19:08:52.940023 https://xinduhuiwk0351.fang.com/
Logger:2020-03-16 19:08:55.955295 https://lanwanchuanqitywk.fang.com/
Logger:2020-03-16 19:08:57.256816 https://huanlesong2.fang.com/
Logger:2020-03-16 19:08:57.643462 https://wuyueshoufu.fang.com/
Logger:2020-03-16 19:08:58.078262 https://xiangyunfujt.fang.com/
Logger:2020-03-16 19:08:59.755393 https://zonglvxiyuan.fang.com/
Logger:2020-03-16 19:09:00.120379 https://fulihuating0351.fang.com/
Logger:2020-03-16 19:09:03.846437 https://taiyuan.newhouse.fang.com/house/s/b96/
Logger:2020-03-16 19:09:04.485436 https://yuexiangxingtily0351.fang.com/
Logger:2020-03-16 19:09:04.846195 https://zijingtianchengty.fang.com/
Logger:2020-03-16 19:09:05.274007 https://shangzhihuayuandaojd.fang.com/
Logger:2020-03-16 19:09:08.064445 https://langyuewanbgy.fang.com/
Logger:2020-03-16 19:09:08.425365 https://yongjinwangfulg0351.fang.com/
Logger:2020-03-16 19:09:08.803711 https://huarunzhongxinyuefu.fang.com/
Logger:2020-03-16 19:09:09.176759 https://chengshihuayuanbgy0351.fang.com/
Logger:2020-03-16 19:09:09.619509 https://juruixingcheng2.fang.com/
Logger:2020-03-16 19:09:09.971585 https://jingfengxiaoyuan.fang.com/
Logger:2020-03-16 19:09:10.340363 https://guojiwenquanchength.fang.com/
Logger:2020-03-16 19:09:10.787411 https://huarundasha0351.fang.com/
Logger:2020-03-16 19:09:11.104528 https://xuefuyihaoyuanrc.fang.com/
Logger:2020-03-16 19:09:11.490570 https://shangyuejufl0351.fang.com/
Logger:2020-03-16 19:09:12.514095 https://xinhewanty.fang.com/2/
Logger:2020-03-16 19:09:12.961892 https://shuanghucheng.fang.com/
Logger:2020-03-16 19:09:13.320488 https://huayutangzgtj.fang.com/
Logger:2020-03-16 19:09:13.780134 https://193635.fang.com/
Logger:2020-03-16 19:09:16.389114 https://193473.fang.com/
Logger:2020-03-16 19:09:16.801362 https://tianebaohqc0351.fang.com/
Logger:2020-03-16 19:09:17.141615 https://binhetianjityhd.fang.com/
Logger:2020-03-16 19:09:21.103838 https://taiyuan.newhouse.fang.com/house/s/b97/
Logger:2020-03-16 19:09:22.910519 https://binheshidaiguangchang.fang.com/
Logger:2020-03-16 19:09:25.405383 https://lantianchuanqi.fang.com/
Logger:2020-03-16 19:09:25.739412 https://193477.fang.com/
Logger:2020-03-16 19:09:26.161129 https://dongruichuangyijie.fang.com/
Logger:2020-03-16 19:09:26.530921 https://shanshuichengtyhd.fang.com/
Logger:2020-03-16 19:09:29.274584 https://xihulinyu68haobl.fang.com/
Logger:2020-03-16 19:09:29.673594 https://gongyuandadaowk0351.fang.com/
Logger:2020-03-16 19:09:32.270187 https://chenglingyufl.fang.com/
Logger:2020-03-16 19:09:32.634384 https://fulishan0351.fang.com/
Logger:2020-03-16 19:09:33.067624 https://193531.fang.com/
Logger:2020-03-16 19:09:34.714874 https://192815.fang.com/
Logger:2020-03-16 19:09:35.056889 https://xiyuejufl.fang.com/
Logger:2020-03-16 19:09:35.385888 https://guojijinrongzhongxinly.fang.com/
Logger:2020-03-16 19:09:35.750952 https://tianyichengyj.fang.com/
Logger:2020-03-16 19:09:36.248577 https://huadingtaifugongguan.fang.com/
Logger:2020-03-16 19:09:36.649685 https://luomahuayuanht.fang.com/
Logger:2020-03-16 19:09:37.118430 https://193723.fang.com/
Logger:2020-03-16 19:09:37.601138 https://193653.fang.com/
Logger:2020-03-16 19:09:37.969193 https://192813.fang.com/
Logger:2020-03-16 19:09:38.308303 https://nengyuandashahrzd.fang.com/
Logger:2020-03-16 19:09:42.163124 https://taiyuan.newhouse.fang.com/house/s/b98/
Logger:2020-03-16 19:09:42.571698 https://193913.fang.com/
Logger:2020-03-16 19:09:42.915939 https://daduhuihx0351.fang.com/
Logger:2020-03-16 19:09:43.249114 https://193919.fang.com/
Logger:2020-03-16 19:09:43.633024 https://bingzhoudijinghs.fang.com/
Logger:2020-03-16 19:09:44.257428 https://193801.fang.com/
Logger:2020-03-16 19:09:46.681157 https://193883.fang.com/
Logger:2020-03-16 19:09:54.023300 https://193489.fang.com/
Logger:2020-03-16 19:09:54.556245 https://haierdichanxuefu.fang.com/
Logger:2020-03-16 19:09:54.973125 https://taiyuanxiaozhenwk.fang.com/
Logger:2020-03-16 19:09:56.953681 https://tanghuaiyuancy.fang.com/
Logger:2020-03-16 19:09:58.742893 https://xingkongdtwk.fang.com/
Logger:2020-03-16 19:09:59.253546 https://hengdajiangwanty.fang.com/
Logger:2020-03-16 19:09:59.626580 https://meilishan0351.fang.com/
Logger:2020-03-16 19:10:00.005073 https://787743.fang.com/
Logger:2020-03-16 19:10:00.434233 https://zylw.fang.com/
Logger:2020-03-16 19:10:00.748394 https://jiajinglongyuan.fang.com/
Logger:2020-03-16 19:10:01.137999 https://chengshizhiguangwk0351.fang.com/
Logger:2020-03-16 19:10:01.583436 https://zhongzhengjincheng.fang.com/
Logger:2020-03-16 19:10:02.055893 https://shieryuancheng.fang.com/
Logger:2020-03-16 19:10:02.486757 https://shilichengkz.fang.com/
Logger:2020-03-16 19:10:07.496738 https://taiyuan.newhouse.fang.com/house/s/b99/
Logger:2020-03-16 19:10:07.897656 https://chunhejingmingwk.fang.com/
Logger:2020-03-16 19:10:13.646012 https://yqyjgg.fang.com/
Logger:2020-03-16 19:10:13.983176 https://fenhewanyg.fang.com/
Logger:2020-03-16 19:10:14.439898 https://guanshanyuanzi.fang.com/
Logger:2020-03-16 19:10:14.810499 https://wankeziyuan.fang.com/
Logger:2020-03-16 19:10:19.593082 https://dongshanyayuan.fang.com/
Logger:2020-03-16 19:10:20.287857 https://changqingtengjj.fang.com/
Logger:2020-03-16 19:10:23.377906 https://yuntequ.fang.com/
Logger:2020-03-16 19:10:26.976970 https://193511.fang.com/
Logger:2020-03-16 19:10:27.325105 https://feicuijinyanghuwk.fang.com/
Logger:2020-03-16 19:10:35.403323 https://shandingzhuangyuanld.fang.com/
Logger:2020-03-16 19:10:40.950427 https://xiaomiguojicheng.fang.com/
Logger:2020-03-16 19:10:41.325199 https://dongchenxiangrui.fang.com/
Logger:2020-03-16 19:10:41.768507 https://guotouzanchengty.fang.com/
Logger:2020-03-16 19:10:42.225296 https://zhongzechunjing.fang.com/
Logger:2020-03-16 19:10:42.662119 https://lantingxiyuan0351.fang.com/
Logger:2020-03-16 19:10:43.115094 https://nuodeqinghuali.fang.com/
Logger:2020-03-16 19:10:43.461147 https://huanlesongfd.fang.com/
Logger:2020-03-16 19:10:43.809303 https://yihetiancheng.fang.com/
Logger:2020-03-16 19:10:44.268994 https://hengdacheng0351.fang.com/
Logger:2020-03-16 19:10:48.225340 https://taiyuan.newhouse.fang.com/house/s/b910/
Logger:2020-03-16 19:10:48.561372 https://zhongyanggongyuanwk0351.fang.com/
Logger:2020-03-16 19:10:51.598667 https://heshengyulongcheng0351.fang.com/
Logger:2020-03-16 19:10:52.031132 https://qingyunchengst.fang.com/
Logger:2020-03-16 19:10:52.399107 https://chengshangchengst.fang.com/
Logger:2020-03-16 19:10:52.774387 https://guangxingdianfengguoji.fang.com/
Logger:2020-03-16 19:10:53.131355 https://yingzemeidi.fang.com/
Logger:2020-03-16 19:10:53.523307 https://wulongwanxiaoqu.fang.com/
Logger:2020-03-16 19:10:55.500153 https://haitangjiayuan.fang.com/
Logger:2020-03-16 19:10:58.565436 https://wenpaiyuan.fang.com/
Logger:2020-03-16 19:10:59.014557 https://waitangongguanrc.fang.com/
Logger:2020-03-16 19:10:59.496241 https://wenquanyishutskn.fang.com/
Logger:2020-03-16 19:11:00.793684 https://quanjingjinyanghu.fang.com/
Logger:2020-03-16 19:11:01.471471 https://sainayangguang0351.fang.com/
Logger:2020-03-16 19:11:01.872145 https://wenjinshijia0351.fang.com/
Logger:2020-03-16 19:11:02.248699 https://fuliwan0351.fang.com/
Logger:2020-03-16 19:11:05.327372 https://longhujunfw.fang.com/
Logger:2020-03-16 19:11:06.306710 https://haierzhongxin.fang.com/
Logger:2020-03-16 19:11:06.771326 https://longchengtianyue.fang.com/
Logger:2020-03-16 19:11:07.191368 https://xiangtanyihao.fang.com/
Logger:2020-03-16 19:11:07.629197 https://huayudongqu.fang.com/
Logger:2020-03-16 19:11:11.389386 https://taiyuan.newhouse.fang.com/house/s/b911/
Logger:2020-03-16 19:11:14.463759 https://jinlinyayuan.fang.com/
Logger:2020-03-16 19:11:14.875771 https://fudonggongguan.fang.com/
Logger:2020-03-16 19:11:15.261680 https://laifuhuayuan0351.fang.com/
Logger:2020-03-16 19:11:15.708561 https://gongyuanshidaichengnh.fang.com/
Logger:2020-03-16 19:11:17.521088 https://meidixinlingyu.fang.com/
Logger:2020-03-16 19:11:18.937369 https://modengshidaihd.fang.com/
Logger:2020-03-16 19:11:20.071379 https://guangdianxinjing.fang.com/
Logger:2020-03-16 19:11:20.414422 https://fenghuangyuan0351.fang.com/
Logger:2020-03-16 19:11:20.773084 https://runjingyuanzhu.fang.com/
Logger:2020-03-16 19:11:21.139763 https://changfenggongguanwk.fang.com/
Logger:2020-03-16 19:11:29.093934 https://lantingyuhucheng.fang.com/
Logger:2020-03-16 19:11:29.699345 https://lufugongguanld.fang.com/
Logger:2020-03-16 19:11:30.103221 https://huihejunyt.fang.com/
Logger:2020-03-16 19:11:33.699298 https://jinyulanwanyqwk.fang.com/
Logger:2020-03-16 19:11:34.086829 https://shangangmingzhu.fang.com/
Logger:2020-03-16 19:11:34.440949 https://yanhuchengst.fang.com/
Logger:2020-03-16 19:11:35.069778 https://maoyetiandity.fang.com/
Logger:2020-03-16 19:11:35.883294 https://guoshishanty.fang.com/
Logger:2020-03-16 19:11:36.373170 https://dongshanguojifd.fang.com/2/
Logger:2020-03-16 19:11:39.287344 https://longyunxiangdi.fang.com/
Logger:2020-03-16 19:11:42.717469 https://taiyuan.newhouse.fang.com/house/s/b912/
Logger:2020-03-16 19:11:46.768073 https://zhongyangguangchangld0351.fang.com/
Logger:2020-03-16 19:11:49.380024 https://qingxu.newhouse.fang.com/house/1422803683.htm
Logger:2020-03-16 19:11:49.699858 https://yangqu.newhouse.fang.com/house/1423825281.htm
Logger:2020-03-16 19:11:50.058479 https://lvdichengty.fang.com/
Logger:2020-03-16 19:11:50.544927 https://feicuigongyuantywk.fang.com/
Logger:2020-03-16 19:11:50.890979 https://qinxianmenzz.fang.com/
Logger:2020-03-16 19:11:51.297901 https://jinyanghuyihao.fang.com/
Logger:2020-03-16 19:11:58.636545 https://shuangxichengcs.fang.com/
Logger:2020-03-16 19:11:59.014538 https://wankezijunzgtj.fang.com/
Logger:2020-03-16 19:11:59.439399 https://jianqiaochengdy.fang.com/
Logger:2020-03-16 19:12:00.986887 https://banshanzhongting.fang.com/
Logger:2020-03-16 19:12:04.095070 https://zhonghuanyihao.fang.com/
Logger:2020-03-16 19:12:04.634631 https://chaoyangyihao0351.fang.com/
Logger:2020-03-16 19:12:04.960360 https://taiyuanfenghuangcheng.fang.com/
Logger:2020-03-16 19:12:05.498675 https://yuquanshanju.fang.com/
Logger:2020-03-16 19:12:11.211632 https://jinshengyuan0351.fang.com/
Logger:2020-03-16 19:12:15.737651 https://chengnandushijiayuan.fang.com/
Logger:2020-03-16 19:12:16.209790 https://tianxigongguan.fang.com/
Logger:2020-03-16 19:12:16.577774 https://senlinhu1hao.fang.com/
Logger:2020-03-16 19:12:17.920440 https://yuhejunjingzc.fang.com/
Logger:2020-03-16 19:12:21.518105 https://taiyuan.newhouse.fang.com/house/s/b913/
Logger:2020-03-16 19:12:24.666283 https://yuhejunjingzc.fang.com/
Logger:2020-03-16 19:12:26.030153 https://yangguangshangdu0351.fang.com/
Logger:2020-03-16 19:12:29.007841 https://ruyixiaoqu0351.fang.com/
Logger:2020-03-16 19:12:30.729136 https://kangdaxinkongjian.fang.com/
Logger:2020-03-16 19:12:33.214764 https://shenglixincheng0351.fang.com/
Logger:2020-03-16 19:12:34.214741 https://chaoyangjiayuan0351.fang.com/
Logger:2020-03-16 19:12:36.258049 https://chaoyanghuafu0351.fang.com/
Logger:2020-03-16 19:12:36.725803 https://193455.fang.com/
Logger:2020-03-16 19:12:38.931394 https://longkanghuatingqingniancheng.fang.com/
Logger:2020-03-16 19:12:41.873869 https://taoxingfu.fang.com/
Logger:2020-03-16 19:12:42.229950 https://shanxiguojijinrongzhongxin.fang.com/
Logger:2020-03-16 19:12:44.994766 https://qxlafeigongguankj.fang.com/
Logger:2020-03-16 19:12:46.142358 https://yanglaotiyanzhongxinst.fang.com/
Logger:2020-03-16 19:12:46.526320 https://huakangyuefu.fang.com/
Logger:2020-03-16 19:12:46.926280 https://dongrunguojixincheng.fang.com/
Logger:2020-03-16 19:12:47.357099 https://zhongyanggongyuanjt.fang.com/
Logger:2020-03-16 19:12:49.528522 https://longwanxieyi.fang.com/
Logger:2020-03-16 19:12:49.975945 https://banshanyunluld.fang.com/
Logger:2020-03-16 19:12:52.600108 https://dongrunzhiyu.fang.com/
Logger:2020-03-16 19:12:52.995051 https://rongding5hao.fang.com/
Logger:2020-03-16 19:12:56.757922 https://taiyuan.newhouse.fang.com/house/s/b914/
Logger:2020-03-16 19:12:57.110979 https://jinxiumingdi0351.fang.com/
Logger:2020-03-16 19:13:00.807111 https://longchengyihao2.fang.com/
Logger:2020-03-16 19:13:01.261143 https://gongyuanmeidi20351.fang.com/
Logger:2020-03-16 19:13:01.687811 https://taiyuanwenxingyuan.fang.com/
Logger:2020-03-16 19:13:02.324070 https://qxhdhf.fang.com/
Logger:2020-03-16 19:13:02.728045 https://qinhaiguoji.fang.com/
Logger:2020-03-16 19:13:03.056146 https://shanglinxuan.fang.com/
Logger:2020-03-16 19:13:05.604944 https://shidaimall0351.fang.com/
Logger:2020-03-16 19:13:06.060723 https://changfengshijiguangchang.fang.com/
Logger:2020-03-16 19:13:06.778517 https://yijiashangdongcheng.fang.com/
Logger:2020-03-16 19:13:07.117117 https://guoyacheng.fang.com/
Logger:2020-03-16 19:13:07.490147 https://193871.fang.com/
Logger:2020-03-16 19:13:09.218750 https://rongxingtiancheng.fang.com/
Logger:2020-03-16 19:13:11.342069 https://193663.fang.com/
Logger:2020-03-16 19:13:11.686225 https://yunjinshengzhiyeguangchang.fang.com/
Logger:2020-03-16 19:13:13.960182 https://senlinhaityhd.fang.com/
Logger:2020-03-16 19:13:14.437907 https://wankelanshanty.fang.com/
Logger:2020-03-16 19:13:17.896465 https://xifuguojizgtj.fang.com/
Logger:2020-03-16 19:13:21.039930 https://tianebaoht.fang.com/
Logger:2020-03-16 19:13:21.419820 https://tiandinghuafu.fang.com/
Logger:2020-03-16 19:13:25.204132 https://taiyuan.newhouse.fang.com/house/s/b915/
Logger:2020-03-16 19:13:25.538238 https://193581.fang.com/
Logger:2020-03-16 19:13:25.892357 https://sanqiandu.fang.com/
Logger:2020-03-16 19:13:26.322197 https://wutongyuan0351.fang.com/
Logger:2020-03-16 19:13:26.737031 https://fenghuangchengwy.fang.com/
Logger:2020-03-16 19:13:27.091194 https://longwanqinghuai.fang.com/
Logger:2020-03-16 19:13:29.490100 https://boxitanuo.fang.com/
Logger:2020-03-16 19:13:29.875306 https://neichengjiuhao.fang.com/
Logger:2020-03-16 19:13:32.701938 https://fanhuashengshiyangguang.fang.com/
Logger:2020-03-16 19:13:33.029029 https://changfengziyuecheng.fang.com/
Logger:2020-03-16 19:13:33.389188 https://193933.fang.com/
Logger:2020-03-16 19:13:33.816590 https://longjingyishu.fang.com/
Logger:2020-03-16 19:13:34.869412 https://yangguangli0351.fang.com/
Logger:2020-03-16 19:13:35.220321 https://jiashiyuan0351.fang.com/
Logger:2020-03-16 19:13:35.634249 https://jinbangyijia0351.fang.com/
Logger:2020-03-16 19:13:36.070047 https://wangfumishu.fang.com/
Logger:2020-03-16 19:13:36.402161 https://193613.fang.com/
Logger:2020-03-16 19:13:36.742429 https://193513.fang.com/
Logger:2020-03-16 19:13:39.165419 https://rongxingtianshun.fang.com/
Logger:2020-03-16 19:13:41.633794 https://guohaiguangchangty.fang.com/
Logger:2020-03-16 19:13:43.201143 https://bocuiyuantywk.fang.com/
Logger:2020-03-16 19:13:46.860362 https://taiyuan.newhouse.fang.com/house/s/b916/
Logger:2020-03-16 19:13:47.275250 https://shengjinguoji.fang.com/
Logger:2020-03-16 19:13:50.136752 https://xiaweiyibeian.fang.com/
Logger:2020-03-16 19:13:54.084346 https://lidunshanty.fang.com/
Logger:2020-03-16 19:13:54.438471 https://jixiangjunyue.fang.com/
Logger:2020-03-16 19:13:56.505425 https://senhaiwan0351.fang.com/2/
Logger:2020-03-16 19:13:56.841526 https://jiaxingyuan0351.fang.com/
Logger:2020-03-16 19:13:57.201601 https://linyulanting.fang.com/
Logger:2020-03-16 19:13:58.264966 https://xingguangdadao5mi2.fang.com/
Logger:2020-03-16 19:14:00.835664 https://dongfangjinxiucheng.fang.com/
Logger:2020-03-16 19:14:01.517728 https://tianheguangchang0351.fang.com/
Logger:2020-03-16 19:14:02.087795 https://zuanshijieqund.fang.com/
Logger:2020-03-16 19:14:04.667176 https://laiyinxiangxie.fang.com/
Logger:2020-03-16 19:14:05.085135 https://193429.fang.com/
Logger:2020-03-16 19:14:06.047318 https://wulongwan.fang.com/6/
Logger:2020-03-16 19:14:06.388402 https://juxingtequ.fang.com/
Logger:2020-03-16 19:14:06.802720 https://193519.fang.com/
Logger:2020-03-16 19:14:07.145805 https://yangguangshangdong0351.fang.com/
Logger:2020-03-16 19:14:09.893545 https://193607.fang.com/
Logger:2020-03-16 19:14:10.233197 https://xiangheyuan0351.fang.com/
Logger:2020-03-16 19:14:10.765849 https://yixiangdasha0351.fang.com/
Logger:2020-03-16 19:14:14.121709 https://taiyuan.newhouse.fang.com/house/s/b917/
Logger:2020-03-16 19:14:14.869707 https://193699.fang.com/
Logger:2020-03-16 19:14:15.198874 https://wandagongguanty.fang.com/
Logger:2020-03-16 19:14:15.687804 https://banshanloft.fang.com/
Logger:2020-03-16 19:14:16.066948 https://wenjinyuanhb.fang.com/
Logger:2020-03-16 19:14:16.447447 https://wangfu0351.fang.com/
Logger:2020-03-16 19:14:16.796549 https://taigucheng.fang.com/2/
Logger:2020-03-16 19:14:17.246923 https://gongyuanwuhao.fang.com/
Logger:2020-03-16 19:14:17.638633 https://193695.fang.com/
Logger:2020-03-16 19:14:21.081193 https://lafeixiangxie.fang.com/
Logger:2020-03-16 19:14:21.548450 https://binheguoling.fang.com/
Logger:2020-03-16 19:14:21.938407 https://longchengbandao.fang.com/2/
Logger:2020-03-16 19:14:25.834852 https://dushiguangchang.fang.com/
Logger:2020-03-16 19:14:26.161977 https://shuimuyuntianhh.fang.com/
Logger:2020-03-16 19:14:30.910380 https://wangjingyuan0351.fang.com/
Logger:2020-03-16 19:14:34.876221 https://haojingyangguangli.fang.com/
Logger:2020-03-16 19:14:37.093828 https://fudonggongyuan6dong.fang.com/
Logger:2020-03-16 19:14:37.552748 https://pengchengjiayuan0351.fang.com/
Logger:2020-03-16 19:14:40.195389 https://dongjingyuan0351.fang.com/
Logger:2020-03-16 19:14:40.561005 https://yangguanghuacheng0351.fang.com/
Logger:2020-03-16 19:14:43.112836 https://dongfangyaju.fang.com/
Logger:2020-03-16 19:14:47.160575 https://taiyuan.newhouse.fang.com/house/s/b918/
Logger:2020-03-16 19:14:50.561192 https://193523.fang.com/
Logger:2020-03-16 19:14:53.247545 https://nanhanshengdu.fang.com/
Logger:2020-03-16 19:14:56.710481 https://dongrunguojixincheng.fang.com/4/
Logger:2020-03-16 19:14:57.229094 https://xiangyuelanxi.fang.com/3/
Logger:2020-03-16 19:14:59.256620 https://beimeichuangyicaifuzhongxin.fang.com/
Logger:2020-03-16 19:14:59.579725 https://guojijinrongzhongxinjw.fang.com/
Logger:2020-03-16 19:15:01.362279 https://huayubaihuagu.fang.com/
Logger:2020-03-16 19:15:03.414829 https://wanjingcheng0351.fang.com/
Logger:2020-03-16 19:15:03.772814 https://fenglinsiji0351.fang.com/
Logger:2020-03-16 19:15:06.049860 https://fengxiwanjinjie.fang.com/
Logger:2020-03-16 19:15:09.197705 https://gongyuanlifh.fang.com/
Logger:2020-03-16 19:15:09.655497 https://sanqianducc.fang.com/
Logger:2020-03-16 19:15:09.993577 https://xinjinshijia0351.fang.com/
Logger:2020-03-16 19:15:10.334516 https://wankezhongxinty.fang.com/
Logger:2020-03-16 19:15:13.321593 https://192785.fang.com/
Logger:2020-03-16 19:15:16.768136 https://yihaihuayuan0351.fang.com/
Logger:2020-03-16 19:15:17.126726 https://jinqiaojun.fang.com/
Logger:2020-03-16 19:15:17.494778 https://guojiguangchangjz.fang.com/
Logger:2020-03-16 19:15:17.889721 https://shidaitequ.fang.com/
Logger:2020-03-16 19:15:19.570895 https://xiaoheyihaoyuan.fang.com/
Logger:2020-03-16 19:15:23.442707 https://taiyuan.newhouse.fang.com/house/s/b919/
Logger:2020-03-16 19:15:23.805774 https://huajingtiandi.fang.com/
Logger:2020-03-16 19:15:24.203751 https://xdgjjrzx.fang.com/
Logger:2020-03-16 19:15:24.656498 https://193655.fang.com/
Logger:2020-03-16 19:15:24.993596 https://193593.fang.com/
Logger:2020-03-16 19:15:25.356434 https://193625.fang.com/
Logger:2020-03-16 19:15:25.775297 https://193675.fang.com/
Logger:2020-03-16 19:15:26.145324 https://beiyangjingyuan.fang.com/
Logger:2020-03-16 19:15:26.527377 https://zijinfang0351.fang.com/
Logger:2020-03-16 19:15:26.895318 https://xuhaiyinzuo.fang.com/
Logger:2020-03-16 19:15:30.144174 https://binhehuating0351.fang.com/
Logger:2020-03-16 19:15:32.693632 https://xinhaoguoji.fang.com/
Logger:2020-03-16 19:15:39.806861 https://guojishangwuzhongxinsx.fang.com/
Logger:2020-03-16 19:15:42.771103 https://hengshiguangchang.fang.com/
Logger:2020-03-16 19:15:45.186530 https://193485.fang.com/
Logger:2020-03-16 19:15:46.423999 https://193687.fang.com/
Logger:2020-03-16 19:15:46.766045 https://taihuadasha0351.fang.com/
Logger:2020-03-16 19:15:48.667487 https://dongyueguangchang.fang.com/
Logger:2020-03-16 19:15:49.176365 https://milanguojity.fang.com/
Logger:2020-03-16 19:15:49.968457 https://haowangjiao0351.fang.com/
Logger:2020-03-16 19:15:50.401921 https://193903.fang.com/
Logger:2020-03-16 19:15:54.033914 https://taiyuan.newhouse.fang.com/house/s/b920/
Logger:2020-03-16 19:15:54.665739 https://zuanshiwangpu.fang.com/
Logger:2020-03-16 19:15:57.670668 https://193705.fang.com/
Logger:2020-03-16 19:16:00.191310 https://diyidadao0351.fang.com/
Logger:2020-03-16 19:16:00.534565 https://guangxindasha0351.fang.com/
Logger:2020-03-16 19:16:01.028726 https://gangaozhongxinty.fang.com/
Logger:2020-03-16 19:16:03.413302 https://193487.fang.com/
Logger:2020-03-16 19:16:03.736434 https://juxinguoji.fang.com/
Logger:2020-03-16 19:16:04.041617 https://chuntianguangchangshangye.fang.com/
Logger:2020-03-16 19:16:07.369716 https://193793.fang.com/
Logger:2020-03-16 19:16:09.673948 https://193795.fang.com/
Logger:2020-03-16 19:16:10.015036 https://huangjinmatou.fang.com/
Logger:2020-03-16 19:16:10.368134 https://shangdefengguoji.fang.com/
Logger:2020-03-16 19:16:10.774199 https://putiandasha0351.fang.com/
Logger:2020-03-16 19:16:11.127279 https://heguangchenyuebl0351.fang.com/
Logger:2020-03-16 19:16:11.482266 https://wankechengty.fang.com/
Logger:2020-03-16 19:16:11.940282 https://jnylw.fang.com/
Logger:2020-03-16 19:16:12.880744 https://qinghuayuanqingxu.fang.com/3/
Logger:2020-03-16 19:16:13.205900 https://maoyezhongxin0351.fang.com/
Logger:2020-03-16 19:16:17.024253 https://taiyuan.newhouse.fang.com/house/s/b921/
Logger:2020-03-16 19:16:20.802308 https://taiyuan.newhouse.fang.com/house/s/b922/
Logger:2020-03-16 19:16:24.289866 https://taiyuan.newhouse.fang.com/house/s/b923/
