Logger:2020-03-16 14:11:17.709692 https://taizhou.newhouse.fang.com/house/s/b91/
Logger:2020-03-16 14:11:18.013877 https://biguiyuanlinghujuntz.fang.com/
Logger:2020-03-16 14:11:18.363979 https://fengchengxiangtaifu.fang.com/
Logger:2020-03-16 14:11:18.654202 https://yijuchengmh.fang.com/
Logger:2020-03-16 14:11:18.990266 https://xingweiyuan.fang.com/
Logger:2020-03-16 14:11:19.361273 https://jiulongshoufu.fang.com/
Logger:2020-03-16 14:11:19.625566 https://dongrunshoufu.fang.com/
Logger:2020-03-16 14:11:19.898835 https://shanglinyuansy.fang.com/
Logger:2020-03-16 14:11:23.054394 https://shimaocuicanyangsong.fang.com/
Logger:2020-03-16 14:11:23.374573 https://jiangyanjinxiujiangcheng.fang.com/
Logger:2020-03-16 14:11:23.609943 https://tiandiyuanyunjinxiangdu.fang.com/
Logger:2020-03-16 14:11:23.956057 https://zijingcheng0523.fang.com/
Logger:2020-03-16 14:11:24.249234 https://kaiershangdong.fang.com/
Logger:2020-03-16 14:11:24.582350 https://baolongshijia0523.fang.com/
Logger:2020-03-16 14:11:24.890526 https://jingjianghengdayujingbandao.fang.com/
Logger:2020-03-16 14:11:25.188722 https://yihaogongguanjzy.fang.com/
Logger:2020-03-16 14:11:25.475953 https://rongchuangyulanhuayuan.fang.com/
Logger:2020-03-16 14:11:25.805072 https://taixinghengdayuefu.fang.com/
Logger:2020-03-16 14:11:26.102240 https://yulonghuayuan0523.fang.com/
Logger:2020-03-16 14:11:26.372549 https://shijijiayuan0523.fang.com/
Logger:2020-03-16 14:11:26.673711 https://meiguiyuanjt0523.fang.com/
Logger:2020-03-16 14:11:30.625188 https://taizhou.newhouse.fang.com/house/s/b92/
Logger:2020-03-16 14:11:30.938303 https://huarunguojishequ.fang.com/
Logger:2020-03-16 14:11:31.338233 https://huihongjingyunhuayuan.fang.com/
Logger:2020-03-16 14:11:31.629499 https://taiheguangchangxb.fang.com/
Logger:2020-03-16 14:11:31.886802 https://jintongtaohuayuan0523.fang.com/
Logger:2020-03-16 14:11:32.217880 https://tianyimingdiyy.fang.com/
Logger:2020-03-16 14:11:32.521069 https://shijichengld0523.fang.com/
Logger:2020-03-16 14:11:32.910029 https://zhoushanhuishuizt.fang.com/
Logger:2020-03-16 14:11:33.245133 https://langyuehepan.fang.com/
Logger:2020-03-16 14:11:33.542337 https://biguiyuanguanlantianjing.fang.com/
Logger:2020-03-16 14:11:33.836620 https://jintonghaitangwan.fang.com/
Logger:2020-03-16 14:11:35.158057 https://zhongtiexiyuan.fang.com/
Logger:2020-03-16 14:11:35.415326 https://yuchengxinfengshang.fang.com/
Logger:2020-03-16 14:11:35.781349 https://xingkaizuanshihuayuanxh.fang.com/
Logger:2020-03-16 14:11:36.086560 https://huazetianxia0523.fang.com/
Logger:2020-03-16 14:11:36.411725 https://tianluhuyihao.fang.com/
Logger:2020-03-16 14:11:36.687982 https://taizhoufuxc.fang.com/
Logger:2020-03-16 14:11:37.055937 https://zijinhuafu0523.fang.com/
Logger:2020-03-16 14:11:37.362117 https://shiditaizhoujunlantingan.fang.com/
Logger:2020-03-16 14:11:37.640374 https://tianyihuafuyy.fang.com/
Logger:2020-03-16 14:11:37.947552 https://wenlvheyuan.fang.com/
Logger:2020-03-16 14:11:41.263682 https://taizhou.newhouse.fang.com/house/s/b93/
Logger:2020-03-16 14:11:41.538945 https://shanghaihuayuantx.fang.com/
Logger:2020-03-16 14:11:41.876118 https://jufengyuanjl.fang.com/
Logger:2020-03-16 14:11:42.186251 https://jiangjunyipin.fang.com/
Logger:2020-03-16 14:11:42.519321 https://jynyyy.fang.com/
Logger:2020-03-16 14:11:42.844453 https://shuiankangcheng0523.fang.com/
Logger:2020-03-16 14:11:43.134676 https://huangqiaojiayuanguangchangtx.fang.com/
Logger:2020-03-16 14:11:43.417918 https://zyhyjy.fang.com/
Logger:2020-03-16 14:11:43.740093 https://huyuetianjingbgy.fang.com/
Logger:2020-03-16 14:11:44.070173 https://guantangfuxs0523.fang.com/
Logger:2020-03-16 14:11:44.325491 https://junyuewan0523.fang.com/
Logger:2020-03-16 14:11:44.604774 https://xinchengyuefu0523.fang.com/
Logger:2020-03-16 14:11:44.900950 https://maoyetiandi.fang.com/
Logger:2020-03-16 14:11:45.214149 https://jinxiulongwanzj.fang.com/
Logger:2020-03-16 14:11:45.513351 https://nanyunjiayuan0523.fang.com/
Logger:2020-03-16 14:11:45.813554 https://jingfankangcheng.fang.com/
Logger:2020-03-16 14:11:46.248346 https://guoyuhuafutx.fang.com/
Logger:2020-03-16 14:11:46.523610 https://xiziyuyuanxh.fang.com/
Logger:2020-03-16 14:11:52.365980 https://zizaichengjj.fang.com/
Logger:2020-03-16 14:11:55.323069 https://taixing.newhouse.fang.com/house/1837187762.htm
Logger:2020-03-16 14:11:55.639262 https://hefuxiangjingyuan.fang.com/
Logger:2020-03-16 14:11:58.918451 https://taizhou.newhouse.fang.com/house/s/b94/
Logger:2020-03-16 14:11:59.277491 https://yuquangongguantx.fang.com/
Logger:2020-03-16 14:11:59.577689 https://guojiguangchangtzmf.fang.com/
Logger:2020-03-16 14:12:00.037522 https://biguiyuanfenghuangtai.fang.com/
Logger:2020-03-16 14:12:00.302748 https://fengchengfubgy.fang.com/
Logger:2020-03-16 14:12:00.630870 https://xiangzhangwanhs.fang.com/
Logger:2020-03-16 14:12:01.030801 https://bgyfcj0523.fang.com/
Logger:2020-03-16 14:12:01.338976 https://jintongguiyuan.fang.com/
Logger:2020-03-16 14:12:04.624232 https://taixingsainagongguantx.fang.com/
Logger:2020-03-16 14:12:04.960289 https://shijixincheng0523.fang.com/
Logger:2020-03-16 14:12:05.340272 https://ronghushijia2.fang.com/
Logger:2020-03-16 14:12:16.570234 [erro]&&&https://xiangshengjunchengtx.fang.com/
Logger:2020-03-16 14:12:16.712849 https://runheyanlanwan.fang.com/
Logger:2020-03-16 14:12:17.011077 https://sanzixingchengxh.fang.com/
Logger:2020-03-16 14:12:18.291625 https://tianbaolingxiuchengxh.fang.com/
Logger:2020-03-16 14:12:18.562944 https://jyhxf.fang.com/
Logger:2020-03-16 14:12:18.933907 https://jinduyuyuanjingjiang.fang.com/
Logger:2020-03-16 14:12:19.191219 https://rongchuangyuyuan0523.fang.com/
Logger:2020-03-16 14:12:19.490418 https://biguiyuanguantangyuan.fang.com/
Logger:2020-03-16 14:12:21.457192 https://jiameilongyuan.fang.com/
Logger:2020-03-16 14:12:21.765333 https://yangguangjiayuan0523.fang.com/
Logger:2020-03-16 14:12:25.082501 https://taizhou.newhouse.fang.com/house/s/b95/
Logger:2020-03-16 14:12:25.559183 https://jinxiuhuachengdh0523.fang.com/
Logger:2020-03-16 14:12:25.865399 https://changjiangguojihuayuantx.fang.com/
Logger:2020-03-16 14:12:26.179524 https://zhongtianyuyuan.fang.com/
Logger:2020-03-16 14:12:26.523603 https://xsjyh.fang.com/
Logger:2020-03-16 14:12:26.785902 https://zhongnanshijicheng0523.fang.com/
Logger:2020-03-16 14:12:27.087097 https://txshangdongyipin.fang.com/
Logger:2020-03-16 14:12:27.361426 https://xcwygc0523.fang.com/
Logger:2020-03-16 14:12:27.720439 https://taoyuanfunanyuan.fang.com/
Logger:2020-03-16 14:12:27.991676 https://dongfangbalicheng0523.fang.com/
Logger:2020-03-16 14:12:28.311849 https://longqichengnandayuan2.fang.com/
Logger:2020-03-16 14:12:28.617073 https://biguiyuanzuanshiwan0523.fang.com/
Logger:2020-03-16 14:12:28.934193 https://weilaichengxs2.fang.com/
Logger:2020-03-16 14:12:29.218394 https://xinghuwanxh.fang.com/
Logger:2020-03-16 14:12:29.506665 https://qinghuayuanzt.fang.com/
Logger:2020-03-16 14:12:29.794916 https://jymhjy2.fang.com/
Logger:2020-03-16 14:12:30.105022 https://jyjhly.fang.com/
Logger:2020-03-16 14:12:30.409209 https://xingganghuayuanyr.fang.com/
Logger:2020-03-16 14:12:30.688462 https://chunjianghuayuanxh.fang.com/
Logger:2020-03-16 14:12:30.953752 https://xidiyangguang.fang.com/
Logger:2020-03-16 14:12:34.370612 https://weinisichengjy.fang.com/
Logger:2020-03-16 14:12:37.643854 https://taizhou.newhouse.fang.com/house/s/b96/
Logger:2020-03-16 14:12:37.940106 https://jiuyuanshangjun.fang.com/
Logger:2020-03-16 14:12:38.224337 https://fenghuanghetai.fang.com/
Logger:2020-03-16 14:12:38.553460 https://dongfangbalixh.fang.com/
Logger:2020-03-16 14:12:38.835667 https://huangjiashuian.fang.com/
Logger:2020-03-16 14:12:39.117911 https://zhongyuanbinjiangyihao.fang.com/
Logger:2020-03-16 14:12:39.383202 https://fenghuanggongyuxh.fang.com/
Logger:2020-03-16 14:12:39.688425 https://txhengyuancheng.fang.com/
Logger:2020-03-16 14:12:39.975659 https://xinghaiwenquangongguanxh.fang.com/
Logger:2020-03-16 14:12:40.257862 https://dongfangyuefu.fang.com/
Logger:2020-03-16 14:12:40.604933 https://jingxiugongguantx.fang.com/
Logger:2020-03-16 14:12:40.973013 https://runhuayuefutx.fang.com/
Logger:2020-03-16 14:12:41.741921 https://fengyayuanxh.fang.com/
Logger:2020-03-16 14:12:42.013166 https://jyymgjhy.fang.com/
Logger:2020-03-16 14:12:43.623857 https://taixing.newhouse.fang.com/house/2048184506.htm
Logger:2020-03-16 14:12:43.935025 https://yinglaidaqifachengxh.fang.com/
Logger:2020-03-16 14:12:44.275148 https://guanlanwanxh.fang.com/
Logger:2020-03-16 14:12:44.557393 https://zhongtianchengshijingyuan.fang.com/
Logger:2020-03-16 14:12:48.050017 https://shuirunxinduxh.fang.com/
Logger:2020-03-16 14:12:48.344272 https://tianganghuayuan0523.fang.com/
Logger:2020-03-16 14:12:48.662379 https://suyuanhuayuanerqi.fang.com/
Logger:2020-03-16 14:12:51.921660 https://taizhou.newhouse.fang.com/house/s/b97/
Logger:2020-03-16 14:12:52.213878 https://oujinghuadu.fang.com/
Logger:2020-03-16 14:12:52.499115 https://huichuangchengtaixing.fang.com/
Logger:2020-03-16 14:12:52.802304 https://junyuzhongyangtx.fang.com/
Logger:2020-03-16 14:12:53.079563 https://xinweijinsejiayuantx.fang.com/
Logger:2020-03-16 14:12:56.674969 https://mingrungongguantx.fang.com/
Logger:2020-03-16 14:12:56.963172 https://huangqiaodongjinhuayuantx.fang.com/
Logger:2020-03-16 14:12:57.289300 https://yingwucaifuguangchangxh.fang.com/
Logger:2020-03-16 14:12:57.700201 https://yuyuan0523.fang.com/
Logger:2020-03-16 14:12:58.333506 https://huayuanbandao.fang.com/
Logger:2020-03-16 14:12:59.004753 https://biguiyuantx0523.fang.com/
Logger:2020-03-16 14:13:02.569175 https://shuiandijing0523.fang.com/
Logger:2020-03-16 14:13:03.158631 https://guojihuayuanwt.fang.com/
Logger:2020-03-16 14:13:03.527611 https://rongchuangyulangongguan0523.fang.com/
Logger:2020-03-16 14:13:03.986384 https://dongfangxiaozhen.fang.com/
Logger:2020-03-16 14:13:04.329508 https://huangtingyuyuan.fang.com/
Logger:2020-03-16 14:13:04.642666 https://dahuajinxiuguoji0523.fang.com/
Logger:2020-03-16 14:13:05.148277 https://jiangnanyipin0523.fang.com/
Logger:2020-03-16 14:13:05.552196 https://fenghuangzhuangyuan0523.fang.com/
Logger:2020-03-16 14:13:05.885304 https://meianxiting.fang.com/
Logger:2020-03-16 14:13:06.346110 https://xinduhuiss0523.fang.com/
Logger:2020-03-16 14:13:10.157916 https://taizhou.newhouse.fang.com/house/s/b98/
Logger:2020-03-16 14:13:10.433138 https://xinduhuiss0523.fang.com/
Logger:2020-03-16 14:13:10.739319 https://shuianhaoting0523.fang.com/
Logger:2020-03-16 14:13:11.062455 https://wenquangongguanxhw.fang.com/
Logger:2020-03-16 14:13:13.401198 https://junanshijicheng.fang.com/
Logger:2020-03-16 14:13:13.660580 https://yunshuyihao.fang.com/
Logger:2020-03-16 14:13:13.932817 https://qiyuan0523.fang.com/
Logger:2020-03-16 14:13:14.287826 https://huaqiaochengchunshuiantz.fang.com/
Logger:2020-03-16 14:13:14.590061 https://jiayuanxintianditx.fang.com/
Logger:2020-03-16 14:13:14.904241 https://yiyunwanzy.fang.com/
Logger:2020-03-16 14:13:15.193457 https://lanyueshoufu.fang.com/
Logger:2020-03-16 14:13:15.601349 https://xiangximeidi.fang.com/
Logger:2020-03-16 14:13:15.933488 https://wanjiamingchengxh.fang.com/
Logger:2020-03-16 14:13:16.378272 https://yulanyuanjt.fang.com/
Logger:2020-03-16 14:13:16.717327 https://taiheguojicheng.fang.com/
Logger:2020-03-16 14:13:17.053460 https://xiangshengxiyuantx.fang.com/
Logger:2020-03-16 14:13:17.341657 https://haideguojixh.fang.com/
Logger:2020-03-16 14:13:17.624933 https://dongfangmingzhuxh.fang.com/
Logger:2020-03-16 14:13:17.935101 https://taiheyushuiwan.fang.com/
Logger:2020-03-16 14:13:20.493226 https://shyxh.fang.com/
Logger:2020-03-16 14:13:20.779460 https://jyjgdjlw.fang.com/
Logger:2020-03-16 14:13:24.053702 https://taizhou.newhouse.fang.com/house/s/b99/
Logger:2020-03-16 14:13:24.364869 https://feicuihuafu.fang.com/
Logger:2020-03-16 14:13:24.714932 https://xhguojigongyu.fang.com/
Logger:2020-03-16 14:13:24.987225 https://xinghewantd.fang.com/
Logger:2020-03-16 14:13:25.284452 https://yangziyinglunhuayuan.fang.com/
Logger:2020-03-16 14:13:25.832979 https://hongqiaochengshihuayuan2.fang.com/
Logger:2020-03-16 14:13:26.155122 https://xinnengyuanshuimuqinghuatx.fang.com/
Logger:2020-03-16 14:13:26.429346 https://yushuhuating.fang.com/
Logger:2020-03-16 14:13:26.681707 https://jylsjd.fang.com/
Logger:2020-03-16 14:13:26.983900 https://changjiangshoufu2.fang.com/
Logger:2020-03-16 14:13:27.295030 https://longshneghuayuantx.fang.com/
Logger:2020-03-16 14:13:29.050372 https://yuchengmingshu0523.fang.com/
Logger:2020-03-16 14:13:29.307682 https://guojigongyuerqixh.fang.com/
Logger:2020-03-16 14:13:29.652722 https://mingliuguoji0523.fang.com/
Logger:2020-03-16 14:13:29.920009 https://zhongxingheyuantx.fang.com/
Logger:2020-03-16 14:13:30.235165 https://kaixuanguojiguangchang2.fang.com/
Logger:2020-03-16 14:13:30.487489 https://xingyeguoji0523.fang.com/
Logger:2020-03-16 14:13:30.799655 https://jiazhongmiungyuan.fang.com/
Logger:2020-03-16 14:13:31.139747 https://jinrunhuafuxh.fang.com/
Logger:2020-03-16 14:13:33.384740 https://tianciyuan0523.fang.com/
Logger:2020-03-16 14:13:33.677996 https://yujingyuan0523.fang.com/
Logger:2020-03-16 14:13:36.927298 https://taizhou.newhouse.fang.com/house/s/b910/
Logger:2020-03-16 14:13:37.224467 https://yujingyuan0523.fang.com/
Logger:2020-03-16 14:13:40.112741 https://xinshijieguangchangxny.fang.com/
Logger:2020-03-16 14:13:42.027618 https://xinglongyihaotx.fang.com/
Logger:2020-03-16 14:13:42.292908 https://jinyuhuafutx.fang.com/
Logger:2020-03-16 14:13:44.359718 https://qinghuayuantx.fang.com/
Logger:2020-03-16 14:13:44.664902 https://yangguangyipinxny.fang.com/
Logger:2020-03-16 14:13:44.964137 https://hongshuwanxh.fang.com/
Logger:2020-03-16 14:13:45.258313 https://binjiangguojijingjiang.fang.com/
Logger:2020-03-16 14:13:45.579494 https://biyunshangyeguangchangjs.fang.com/
Logger:2020-03-16 14:13:45.861700 https://junwangfutx.fang.com/
Logger:2020-03-16 14:13:46.399262 https://jiafuguojichengtaiixng.fang.com/
Logger:2020-03-16 14:13:46.686534 https://tianzeshuianxh.fang.com/
Logger:2020-03-16 14:13:46.962754 https://runhuiguojiguangchang.fang.com/
Logger:2020-03-16 14:13:47.235026 https://xingtaihuatingtx.fang.com/
Logger:2020-03-16 14:13:50.487325 https://yangguangwujitx.fang.com/
Logger:2020-03-16 14:13:53.567087 https://jinshuiwanxh.fang.com/
Logger:2020-03-16 14:13:53.847374 https://dechijinjun2.fang.com/
Logger:2020-03-16 14:13:54.534537 https://lingxiujiayuantx.fang.com/
Logger:2020-03-16 14:13:54.885560 https://mazhoufu2.fang.com/
Logger:2020-03-16 14:13:55.145863 https://dingxinshuianhuafu0523.fang.com/
Logger:2020-03-16 14:13:58.937719 https://taizhou.newhouse.fang.com/house/s/b911/
Logger:2020-03-16 14:13:59.241948 https://xiangjingyuantx.fang.com/
Logger:2020-03-16 14:13:59.538114 https://yutinghuafutx.fang.com/
Logger:2020-03-16 14:13:59.813415 https://htscgj.fang.com/
Logger:2020-03-16 14:14:00.127575 https://ygtdshgc.fang.com/
Logger:2020-03-16 14:14:00.413814 https://zixingcheng20523.fang.com/
Logger:2020-03-16 14:14:00.721989 https://fuhaiguangchangjingjiang.fang.com/
Logger:2020-03-16 14:14:03.098628 https://zhonghaiguojishequtaixing.fang.com/
Logger:2020-03-16 14:14:03.343933 https://biyunshangyeguangchangtx.fang.com/
Logger:2020-03-16 14:14:06.463624 https://wanduwujinjidianbolancheng.fang.com/
Logger:2020-03-16 14:14:06.737853 https://dushijiangnantx.fang.com/
Logger:2020-03-16 14:14:08.762475 https://xinjiahuayuantx.fang.com/
Logger:2020-03-16 14:14:09.116489 https://guanglingxingfuhuayuantx.fang.com/
Logger:2020-03-16 14:14:09.395743 https://xianhewangongyutx.fang.com/
Logger:2020-03-16 14:14:09.710900 https://meiguiyuanxinghua.fang.com/
Logger:2020-03-16 14:14:09.966217 https://chengnanshijiguangchang.fang.com/
Logger:2020-03-16 14:14:10.343208 https://linglonggongyutx.fang.com/
Logger:2020-03-16 14:14:10.623462 https://hongqiaoshangyeguangchangtx.fang.com/
Logger:2020-03-16 14:14:10.901714 https://jinshnegjiayuantx.fang.com/
Logger:2020-03-16 14:14:12.653029 https://xinduhuachenglijingyuan.fang.com/
Logger:2020-03-16 14:14:13.001098 https://jinsejiayuanjingjiang.fang.com/
Logger:2020-03-16 14:14:16.234448 https://taizhou.newhouse.fang.com/house/s/b912/
Logger:2020-03-16 14:14:18.739780 https://taixing.newhouse.fang.com/house/2048184512.htm
Logger:2020-03-16 14:14:19.018043 https://jyhdqcc.fang.com/1/
Logger:2020-03-16 14:14:19.299249 https://taifengguojishangmaochengtx.fang.com/
Logger:2020-03-16 14:14:19.577548 https://luolanlingshu0523.fang.com/
Logger:2020-03-16 14:14:22.138653 https://jincuiyuantx.fang.com/
Logger:2020-03-16 14:14:22.378057 https://jiajingyuantx.fang.com/
Logger:2020-03-16 14:14:22.969431 https://lianhuajiayuan0523.fang.com/
Logger:2020-03-16 14:14:23.323526 https://taiixnghuichuangcheng.fang.com/
Logger:2020-03-16 14:14:25.412933 https://ruitaiguangchangtx.fang.com/
Logger:2020-03-16 14:14:25.699128 https://hongxingmeikailongjiudiangongyutx.fang.com/
Logger:2020-03-16 14:14:28.359012 https://taixinghuaxinshangmaocheng.fang.com/
Logger:2020-03-16 14:14:28.627342 https://yingxingshangyejietx.fang.com/
Logger:2020-03-16 14:14:31.379931 https://xinghejiayuantx.fang.com/
Logger:2020-03-16 14:14:31.657190 https://lehuozhongxincheng.fang.com/
Logger:2020-03-16 14:14:31.955392 https://jiaheliyuan2.fang.com/
Logger:2020-03-16 14:14:32.275535 https://tianchengxuefujiayuantx.fang.com/
Logger:2020-03-16 14:14:32.724379 https://wenfengshangyejiexh.fang.com/
Logger:2020-03-16 14:14:34.919463 https://qiangxihuayuantaixing.fang.com/
Logger:2020-03-16 14:14:35.179809 https://taixingfuhuanggongyu.fang.com/
Logger:2020-03-16 14:14:35.448048 https://xindijiajingyuantx.fang.com/
Logger:2020-03-16 14:14:39.472283 https://taizhou.newhouse.fang.com/house/s/b913/
Logger:2020-03-16 14:14:39.672782 https://tianhelidujingjiang.fang.com/
Logger:2020-03-16 14:14:39.950046 https://biguiyuantz.fang.com/
Logger:2020-03-16 14:14:40.261176 https://jinxiujiangcheng2.fang.com/
Logger:2020-03-16 14:14:40.548440 https://guobin1haoyg.fang.com/
Logger:2020-03-16 14:14:40.896472 https://xinfuyuan0523.fang.com/
Logger:2020-03-16 14:14:41.181710 https://xiangshengjiangshanyue.fang.com/
Logger:2020-03-16 14:14:41.474925 https://taixinglongfu.fang.com/
Logger:2020-03-16 14:14:41.748239 https://jyslht.fang.com/
Logger:2020-03-16 14:14:42.050388 https://fengchengyiyuan.fang.com/
Logger:2020-03-16 14:14:42.343637 https://quuexiandaoyihao.fang.com/
Logger:2020-03-16 14:14:46.174396 https://taizhou.newhouse.fang.com/house/s/b914/
Logger:2020-03-16 14:14:49.734903 https://taizhou.newhouse.fang.com/house/s/b915/
Logger:2020-03-16 14:14:53.426953 https://taizhou.newhouse.fang.com/house/s/b916/
