Logger:2020-03-16 14:37:16.994693 https://tc.newhouse.fang.com/house/s/b91/
Logger:2020-03-16 14:37:17.291898 https://tianjingwanjf.fang.com/
Logger:2020-03-16 14:37:17.567204 https://feiliyundi0512.fang.com/
Logger:2020-03-16 14:37:17.876377 https://yuejiangnanrq0512.fang.com/
Logger:2020-03-16 14:37:18.155588 https://jianfayangzhu0512.fang.com/
Logger:2020-03-16 14:37:18.421875 https://feicuichengshijd.fang.com/
Logger:2020-03-16 14:37:18.697182 https://tianjinghuafu.fang.com/
Logger:2020-03-16 14:37:20.688854 https://xiangdongdaoyx.fang.com/
Logger:2020-03-16 14:37:20.971056 https://yueyuan0512.fang.com/
Logger:2020-03-16 14:37:21.252304 https://taicangwenhualvyouchenghd.fang.com/
Logger:2020-03-16 14:37:23.602052 https://longyuelanting.fang.com/
Logger:2020-03-16 14:37:23.863319 https://zsbgyyysj.fang.com/
Logger:2020-03-16 14:37:24.166507 https://jincanghuafu.fang.com/
Logger:2020-03-16 14:37:25.746282 https://tongyuejinyuan.fang.com/
Logger:2020-03-16 14:37:26.218020 https://xzxhzj.fang.com/
Logger:2020-03-16 14:37:26.492286 https://gefxc.fang.com/
Logger:2020-03-16 14:37:26.894211 https://yunlantianjing.fang.com/
Logger:2020-03-16 14:37:27.159534 https://fuyouchengtc.fang.com/
Logger:2020-03-16 14:37:27.577383 https://xianyuanzhu.fang.com/
Logger:2020-03-16 14:37:27.852688 https://ljjylbsgc.fang.com/
Logger:2020-03-16 14:37:28.189746 https://duhuizhiguang.fang.com/
Logger:2020-03-16 14:37:31.986587 https://tc.newhouse.fang.com/house/s/b92/
Logger:2020-03-16 14:37:32.253903 https://taicangyuanzi.fang.com/
Logger:2020-03-16 14:37:32.555067 https://jiayuandushi0512.fang.com/
Logger:2020-03-16 14:37:32.899147 https://znjyf.fang.com/
Logger:2020-03-16 14:37:33.166505 https://xijingyuanhlb.fang.com/
Logger:2020-03-16 14:37:33.428730 https://jianfayangyu20512.fang.com/
Logger:2020-03-16 14:37:33.701032 https://feicuiboyuewk.fang.com/
Logger:2020-03-16 14:37:34.030121 https://hsiahangshiguang.fang.com/
Logger:2020-03-16 14:37:34.306382 https://nuodinggongguan0512.fang.com/
Logger:2020-03-16 14:37:34.595607 https://048144.fang.com/
Logger:2020-03-16 14:37:34.897799 https://shuiyundongfanghuayuan.fang.com/
Logger:2020-03-16 14:37:35.207971 https://feicuiguanlan.fang.com/
Logger:2020-03-16 14:37:35.529187 https://yuqinting0512.fang.com/
Logger:2020-03-16 14:37:37.710276 https://yaluzhenyuan.fang.com/
Logger:2020-03-16 14:37:37.993518 https://longyuetianjing.fang.com/
Logger:2020-03-16 14:37:38.287767 https://heshengbanhai.fang.com/
Logger:2020-03-16 14:37:38.649765 https://yhht0512.fang.com/
Logger:2020-03-16 14:37:38.936994 https://jinxiuchaoyangwz.fang.com/
Logger:2020-03-16 14:37:39.212258 https://ldhytj0512.fang.com/
Logger:2020-03-16 14:37:39.511458 https://yrxyhf0512.fang.com/
Logger:2020-03-16 14:37:42.113496 https://yunyuetianjing.fang.com/
Logger:2020-03-16 14:37:45.640063 https://tc.newhouse.fang.com/house/s/b93/
Logger:2020-03-16 14:37:45.988156 https://binjianghuating.fang.com/
Logger:2020-03-16 14:37:46.237466 https://jinghudianjinshangwuguangchang.fang.com/
Logger:2020-03-16 14:37:46.531678 https://xingzhubgy.fang.com/
Logger:2020-03-16 14:37:49.310245 https://114886.fang.com/
Logger:2020-03-16 14:37:49.604457 https://banhuyayuan.fang.com/
Logger:2020-03-16 14:37:49.890692 https://795628.fang.com/
Logger:2020-03-16 14:37:50.241829 https://hynxfwx.fang.com/
Logger:2020-03-16 14:37:50.514024 https://yysay.fang.com/
Logger:2020-03-16 14:37:51.701846 https://gongyuanfuwy.fang.com/
Logger:2020-03-16 14:37:51.940210 https://jinzhutianyihuayuan.fang.com/
Logger:2020-03-16 14:37:52.209493 https://wanhesijiyy0512.fang.com/
Logger:2020-03-16 14:37:52.572518 https://yiyunyuefu.fang.com/
Logger:2020-03-16 14:37:52.826873 https://binjiangmingdu.fang.com/
Logger:2020-03-16 14:37:53.090133 https://ronghehuafu.fang.com/
Logger:2020-03-16 14:37:55.425884 https://hupanxiangyunhuayuan.fang.com/
Logger:2020-03-16 14:37:55.811852 https://heshengjingcui.fang.com/
Logger:2020-03-16 14:37:56.077142 https://yysay.fang.com/0512/
Logger:2020-03-16 14:37:56.357392 https://yujiangnan0512.fang.com/
Logger:2020-03-16 14:37:59.440189 https://manyuelanting.fang.com/
Logger:2020-03-16 14:37:59.785274 https://yanzhoufu.fang.com/
Logger:2020-03-16 14:38:03.323800 https://tc.newhouse.fang.com/house/s/b94/
Logger:2020-03-16 14:38:06.974989 https://tc.newhouse.fang.com/house/s/b95/
Logger:2020-03-16 14:38:10.584333 https://tc.newhouse.fang.com/house/s/b96/
