Logger:2020-03-16 18:43:57.654873 https://tengzhou.newhouse.fang.com/house/s/b91/
Logger:2020-03-16 18:43:58.017671 https://blhdgy2.fang.com/
Logger:2020-03-16 18:43:58.434028 https://runhengdiyichengtz.fang.com/
Logger:2020-03-16 18:43:58.757165 https://jinhewantz.fang.com/
Logger:2020-03-16 18:43:59.217012 https://chengjiandatongguojitz.fang.com/
Logger:2020-03-16 18:44:01.747025 https://xinjiameiguiyuan.fang.com/
Logger:2020-03-16 18:44:02.151732 https://tzrongchengguoji.fang.com/
Logger:2020-03-16 18:44:02.632952 https://wentiankejiguangchangsanqitz.fang.com/
Logger:2020-03-16 18:44:02.973582 https://tengtoulongquanshoufutz.fang.com/
Logger:2020-03-16 18:44:03.289736 https://tengtourenhetianditz.fang.com/
Logger:2020-03-16 18:44:03.667725 https://tengshangaotihuayuantz.fang.com/
Logger:2020-03-16 18:44:03.996966 https://datongtianditz.fang.com/
Logger:2020-03-16 18:44:05.809448 https://bishuiyuntianzhongyangchengtz.fang.com/
Logger:2020-03-16 18:44:06.471087 https://antaihuayuantz.fang.com/
Logger:2020-03-16 18:44:07.099406 https://xingmengguojishangchengtz.fang.com/
Logger:2020-03-16 18:44:07.536238 https://xiangsheshuijuntz.fang.com/
Logger:2020-03-16 18:44:07.852438 https://lvchengtz.fang.com/
Logger:2020-03-16 18:44:08.150803 https://huilonghexiekangchengtz.fang.com/
Logger:2020-03-16 18:44:09.149208 https://tiankelaizhuangyuanfutz.fang.com/
Logger:2020-03-16 18:44:09.462881 https://ruidamingjun.fang.com/
Logger:2020-03-16 18:44:09.797033 https://runhengxiangshuwan.fang.com/
Logger:2020-03-16 18:44:13.761756 https://tengzhou.newhouse.fang.com/house/s/b92/
Logger:2020-03-16 18:44:14.089155 https://wanlongguangc.fang.com/
Logger:2020-03-16 18:44:15.933095 https://shangshanxiyuan.fang.com/
Logger:2020-03-16 18:44:17.500158 https://chengjianqinghuayuantz.fang.com/
Logger:2020-03-16 18:44:17.698664 https://chengjiandongchengguojitz.fang.com/
Logger:2020-03-16 18:44:18.814170 https://zhongwanguojiguangchangtz.fang.com/
Logger:2020-03-16 18:44:19.181232 https://junchenglongquanwantz.fang.com/
Logger:2020-03-16 18:44:20.737053 https://zhongfangtixiangjuntz.fang.com/
Logger:2020-03-16 18:44:21.088839 https://sanshengxingshangchengtz.fang.com/
Logger:2020-03-16 18:44:23.619044 https://xingtengqingshuiwan.fang.com/
Logger:2020-03-16 18:44:23.950081 https://deyijunruichengtz.fang.com/
Logger:2020-03-16 18:44:24.329217 https://chengjianweinisi.fang.com/
Logger:2020-03-16 18:44:24.965546 https://yifenghejiayuantz.fang.com/
Logger:2020-03-16 18:44:26.819586 https://meimingguangchangtz.fang.com/
Logger:2020-03-16 18:44:27.157256 https://zhenaishangchengtz.fang.com/
Logger:2020-03-16 18:44:28.165542 https://moxiangshengfutz.fang.com/
Logger:2020-03-16 18:44:30.479584 https://shunchizhongyanggongguantz.fang.com/
Logger:2020-03-16 18:44:32.940577 https://jianbangguojicaifuzhongxinyiqitz.fang.com/
Logger:2020-03-16 18:44:35.951835 https://beidayanglou.fang.com/
Logger:2020-03-16 18:44:36.341792 https://yangguangguojitz.fang.com/
Logger:2020-03-16 18:44:38.566095 https://jinyuanzsdsj.fang.com/
Logger:2020-03-16 18:44:42.332537 https://tengzhou.newhouse.fang.com/house/s/b93/
Logger:2020-03-16 18:44:42.718504 https://yiheguojiguangchangtz.fang.com/
Logger:2020-03-16 18:44:43.774621 https://tengzhou.newhouse.fang.com/house/2430790175.htm
Logger:2020-03-16 18:44:44.959463 https://shimaoshipincheng.fang.com/
Logger:2020-03-16 18:44:45.291646 https://sanshengxingshangcheng.fang.com/shop/
Logger:2020-03-16 18:44:45.608798 https://hancuiyuantz.fang.com/
Logger:2020-03-16 18:44:45.944938 https://binjiangguojihuayuansanqitz.fang.com/
Logger:2020-03-16 18:44:49.694692 https://tengzhou.newhouse.fang.com/house/s/b94/
Logger:2020-03-16 18:44:53.105762 https://tengzhou.newhouse.fang.com/house/s/b95/
Logger:2020-03-16 18:44:56.493861 https://tengzhou.newhouse.fang.com/house/s/b96/
