Logger:2020-03-16 08:28:13.077272 https://tianshui.newhouse.fang.com/house/s/b91/
Logger:2020-03-16 08:28:13.342808 https://tianshuizhongxinft.fang.com/
Logger:2020-03-16 08:28:13.655216 https://dongfangzunyu0938.fang.com/
Logger:2020-03-16 08:28:13.920383 https://heshigongguanqd.fang.com/
Logger:2020-03-16 08:28:15.591861 https://dongyuguangchang0938.fang.com/
Logger:2020-03-16 08:28:15.857814 https://tswdgc2.fang.com/
Logger:2020-03-16 08:28:16.154946 https://yuerongwan0938.fang.com/
Logger:2020-03-16 08:28:16.420230 https://shangzhenyinxiang.fang.com/
Logger:2020-03-16 08:28:16.669732 https://jialangyuan.fang.com/
Logger:2020-03-16 08:28:16.935294 https://maijixiaozhentq.fang.com/
Logger:2020-03-16 08:28:18.310013 https://tqpgxz.fang.com/
Logger:2020-03-16 08:28:22.871392 https://shanghejun0938.fang.com/2/
Logger:2020-03-16 08:28:23.152631 https://zlyhy0938.fang.com/
Logger:2020-03-16 08:28:23.449885 https://shangheyasongbl0938.fang.com/
Logger:2020-03-16 08:28:25.826819 https://tianhemeijun.fang.com/
Logger:2020-03-16 08:28:26.124332 https://bojinfengfanqd.fang.com/
Logger:2020-03-16 08:28:30.404315 https://biguiyuan0938.fang.com/
Logger:2020-03-16 08:28:30.716291 https://ydxgjy.fang.com/
Logger:2020-03-16 08:28:30.981853 https://xinchengguojigg.fang.com/
Logger:2020-03-16 08:28:31.231831 https://chengshilongtingcy.fang.com/
Logger:2020-03-16 08:28:31.497356 https://tswdgc.fang.com/
Logger:2020-03-16 08:28:35.403258 https://tianshui.newhouse.fang.com/house/s/b92/
Logger:2020-03-16 08:28:35.637045 https://hupanyaju0938.fang.com/
Logger:2020-03-16 08:28:37.121058 https://lchysg2.fang.com/
Logger:2020-03-16 08:28:41.310851 https://shidailidu0938.fang.com/
Logger:2020-03-16 08:28:41.560750 https://qinzhoufubgy.fang.com/
Logger:2020-03-16 08:28:45.823870 https://baolitangyue0938.fang.com/
Logger:2020-03-16 08:28:46.074570 https://minghaojiayuan0938.fang.com/
Logger:2020-03-16 08:28:46.355753 https://jinshuiyuants.fang.com/
Logger:2020-03-16 08:28:46.605694 https://zhengdadongfangmingcheng.fang.com/
Logger:2020-03-16 08:28:46.934144 https://mingzhuyuan0938.fang.com/
Logger:2020-03-16 08:28:47.215338 https://jiashengshidai.fang.com/
Logger:2020-03-16 08:28:47.496575 https://jinrunyuefuhs.fang.com/
Logger:2020-03-16 08:28:52.796502 https://hengqingmingcheng.fang.com/
Logger:2020-03-16 08:28:53.123827 https://hengshengyaju.fang.com/
Logger:2020-03-16 08:28:54.904897 https://fudiruifu.fang.com/
Logger:2020-03-16 08:28:55.154965 https://yytlcf.fang.com/
Logger:2020-03-16 08:28:55.420128 https://gongyuanhuafu0938.fang.com/
Logger:2020-03-16 08:28:55.795723 https://lijinghuayuants.fang.com/
Logger:2020-03-16 08:28:56.060671 https://wendingmingyuan.fang.com/
Logger:2020-03-16 08:28:56.310545 https://hfwyy.fang.com/
Logger:2020-03-16 08:28:56.576556 https://shangshangzhaits0938.fang.com/
Logger:2020-03-16 08:29:00.749646 https://tianshui.newhouse.fang.com/house/s/b93/
Logger:2020-03-16 08:29:01.015476 https://hantingmingyuantx.fang.com/
Logger:2020-03-16 08:29:01.296687 https://jinyishengshieyang.fang.com/
Logger:2020-03-16 08:29:01.577153 https://ziyurunyuanhs.fang.com/
Logger:2020-03-16 08:29:02.483340 https://kaiyuanguoji0938.fang.com/
Logger:2020-03-16 08:29:02.889341 https://tljsw.fang.com/
Logger:2020-03-16 08:29:03.154903 https://yemaohuayuan.fang.com/
Logger:2020-03-16 08:29:08.640380 https://huashiyaju.fang.com/
Logger:2020-03-16 08:29:08.937829 https://jingyuanchengqz.fang.com/
Logger:2020-03-16 08:29:10.406049 https://lancuixuantingls.fang.com/
Logger:2020-03-16 08:29:10.639827 https://hongshengshangcheng.fang.com/
Logger:2020-03-16 08:29:10.885875 https://ningyuanxincheng.fang.com/
Logger:2020-03-16 08:29:11.209818 https://jia54kela.fang.com/
Logger:2020-03-16 08:29:11.503015 https://zhongbangshangcheng.fang.com/
Logger:2020-03-16 08:29:11.747545 https://ygsdgc0938.fang.com/
Logger:2020-03-16 08:29:16.652638 https://jiashuianxiaozhen.fang.com/
Logger:2020-03-16 08:29:16.918201 https://hszyly.fang.com/
Logger:2020-03-16 08:29:18.058961 https://jinrunhuafuhs.fang.com/
Logger:2020-03-16 08:29:18.339739 https://ggzjsmc.fang.com/2/
Logger:2020-03-16 08:29:18.590268 https://yutongnanyuanhaoting.fang.com/
Logger:2020-03-16 08:29:18.886487 https://zjsmcgg.fang.com/
Logger:2020-03-16 08:29:22.136483 https://tianshui.newhouse.fang.com/house/s/b94/
Logger:2020-03-16 08:29:22.354457 https://dongyudasha0938.fang.com/
Logger:2020-03-16 08:29:22.589289 https://fumingdongfangyujingcheng.fang.com/
Logger:2020-03-16 08:29:22.841846 https://ssjyjyxzc.fang.com/
Logger:2020-03-16 08:29:23.091415 https://jxyxyjj.fang.com/
Logger:2020-03-16 08:29:24.785616 https://ssxcxcxj.fang.com/
Logger:2020-03-16 08:29:28.419439 https://tianshui.newhouse.fang.com/house/s/b95/
Logger:2020-03-16 08:29:32.278155 https://tianshui.newhouse.fang.com/house/s/b96/
Logger:2020-03-16 08:29:35.793212 https://tianshui.newhouse.fang.com/house/s/b97/
