Logger:2020-03-16 11:25:45.675855 https://tianmen.newhouse.fang.com/house/s/b91/
Logger:2020-03-16 11:25:45.941406 https://shangkunbeihusiji.fang.com/
Logger:2020-03-16 11:25:46.238210 https://zhongguoyuanziguofu.fang.com/
Logger:2020-03-16 11:25:46.488548 https://xuefuchuntian0728.fang.com/
Logger:2020-03-16 11:25:46.784956 https://xihuyuyuan0728.fang.com/
Logger:2020-03-16 11:25:47.081762 https://xinlongyulongwan.fang.com/
Logger:2020-03-16 11:25:50.449630 https://huahonggongyuantianxia.fang.com/
Logger:2020-03-16 11:25:53.652422 https://huaxixincheng.fang.com/
Logger:2020-03-16 11:25:53.964385 https://yihaoyuanzi.fang.com/
Logger:2020-03-16 11:25:56.513635 https://hanlinshuimuqinghua.fang.com/
Logger:2020-03-16 11:25:56.826207 https://biguiyuantm.fang.com/
Logger:2020-03-16 11:25:58.566624 https://shijichenghw.fang.com/
Logger:2020-03-16 11:26:00.614476 https://mingmen0728.fang.com/
Logger:2020-03-16 11:26:00.916047 https://chutianshijicheng.fang.com/
Logger:2020-03-16 11:26:01.328568 https://shenghuochengze.fang.com/
Logger:2020-03-16 11:26:01.641038 https://kaixuanmen0728.fang.com/
Logger:2020-03-16 11:26:01.953423 https://tmxhgg.fang.com/
Logger:2020-03-16 11:26:02.325260 https://biguiyuanjiuxi.fang.com/
Logger:2020-03-16 11:26:02.653264 https://fuliyuanshiting0728.fang.com/
Logger:2020-03-16 11:26:02.950452 https://rgongguan.fang.com/
Logger:2020-03-16 11:26:03.262495 https://huataiyayuan0728.fang.com/
Logger:2020-03-16 11:26:06.982172 https://tianmen.newhouse.fang.com/house/s/b92/
Logger:2020-03-16 11:26:07.263733 https://jiangnanxiaocheng.fang.com/
Logger:2020-03-16 11:26:07.591358 https://nandehuijingwan.fang.com/
Logger:2020-03-16 11:26:07.857590 https://xihuxintiandi0728.fang.com/
Logger:2020-03-16 11:26:08.091996 https://huiqiaochenggn.fang.com/
Logger:2020-03-16 11:26:08.403667 https://tianxihuayuan0728.fang.com/
Logger:2020-03-16 11:26:08.669290 https://yangguangchenghm.fang.com/
Logger:2020-03-16 11:26:09.965809 https://haihengxihuwenyuan.fang.com/
Logger:2020-03-16 11:26:10.231361 https://zhuangyuanfu0728.fang.com/
Logger:2020-03-16 11:26:13.609660 https://xihuyangguangyihao.fang.com/
Logger:2020-03-16 11:26:13.890978 https://taiziwanbl.fang.com/
Logger:2020-03-16 11:26:14.140724 https://bishuiyuanhuapanli.fang.com/
Logger:2020-03-16 11:26:14.437558 https://zhihuidongchengwt.fang.com/
Logger:2020-03-16 11:26:14.765042 https://xinlongzhongyanggongyuan.fang.com/
Logger:2020-03-16 11:26:15.046224 https://tianmenchengtianguojichecheng0728.fang.com/
Logger:2020-03-16 11:26:21.131873 https://xdfwjjdjcc.fang.com/
Logger:2020-03-16 11:26:24.795970 https://tianmen.newhouse.fang.com/house/s/b93/
Logger:2020-03-16 11:26:28.373177 https://tianmen.newhouse.fang.com/house/s/b94/
Logger:2020-03-16 11:26:32.219941 https://tianmen.newhouse.fang.com/house/s/b95/
