Logger:2020-03-16 16:21:17.291170 https://tieling.newhouse.fang.com/house/s/b91/
Logger:2020-03-16 16:21:17.611344 https://sijibandaofl.fang.com/
Logger:2020-03-16 16:21:17.968391 https://fanmeichangchunjue.fang.com/
Logger:2020-03-16 16:21:18.255664 https://hongshijun.fang.com/
Logger:2020-03-16 16:21:20.795307 https://gelunbumlc.fang.com/
Logger:2020-03-16 16:21:21.148526 https://jinghuamingdi0410.fang.com/
Logger:2020-03-16 16:21:24.062925 https://ythlc.fang.com/
Logger:2020-03-16 16:21:24.371102 https://shanshuiyuanzhujc.fang.com/
Logger:2020-03-16 16:21:24.773404 https://ycsszhygc.fang.com/
Logger:2020-03-16 16:21:25.875566 https://mingshishoufu.fang.com/
Logger:2020-03-16 16:21:26.242553 https://jinyushangchengst.fang.com/
Logger:2020-03-16 16:21:26.585659 https://tianlicheng0410.fang.com/
Logger:2020-03-16 16:21:27.023591 https://juranxinyuan.fang.com/
Logger:2020-03-16 16:21:27.332732 https://jindingguanlan.fang.com/
Logger:2020-03-16 16:21:27.649879 https://sfcshy1.fang.com/
Logger:2020-03-16 16:21:28.007211 https://zhongyangguandihy.fang.com/
Logger:2020-03-16 16:21:31.410104 https://yingxinchaifuguangchang.fang.com/
Logger:2020-03-16 16:21:31.747209 https://jinshanjunjing.fang.com/
Logger:2020-03-16 16:21:32.093385 https://fenglingyiran.fang.com/
Logger:2020-03-16 16:21:32.509375 https://tianshuijiayuan.fang.com/
Logger:2020-03-16 16:21:32.836466 https://yuanlinyaju.fang.com/
Logger:2020-03-16 16:21:36.182575 https://tieling.newhouse.fang.com/house/s/b92/
Logger:2020-03-16 16:21:36.501764 https://zjzx1.fang.com/
Logger:2020-03-16 16:21:36.883242 https://xinhongguojicheng0410.fang.com/
Logger:2020-03-16 16:21:37.170509 https://yhylxc.fang.com/
Logger:2020-03-16 16:21:37.520438 https://zhufengtingyuan.fang.com/
Logger:2020-03-16 16:21:37.850106 https://shengshitaoyan0410.fang.com/
Logger:2020-03-16 16:21:38.171247 https://fengqingshuian.fang.com/
Logger:2020-03-16 16:21:41.542102 https://tieling.newhouse.fang.com/house/1615182327.htm
Logger:2020-03-16 16:21:41.889204 https://linshanyaju.fang.com/
Logger:2020-03-16 16:21:43.417273 https://longxianghuayuan0410.fang.com/
Logger:2020-03-16 16:21:43.693529 https://xintiandi0410.fang.com/
Logger:2020-03-16 16:21:45.749507 https://jiahechengyd.fang.com/
Logger:2020-03-16 16:21:47.878687 https://jinwanshangcheng0410.fang.com/
Logger:2020-03-16 16:21:48.181578 https://diwudadao0410.fang.com/
Logger:2020-03-16 16:21:48.721704 https://yifangyuan0410.fang.com/
Logger:2020-03-16 16:21:49.102365 https://caihonghuayuan0410.fang.com/
Logger:2020-03-16 16:21:49.439467 https://shijihuating0410.fang.com/
Logger:2020-03-16 16:21:49.735648 https://dongchengyangguang.fang.com/
Logger:2020-03-16 16:21:50.038391 https://yuhufengjingxq.fang.com/
Logger:2020-03-16 16:21:50.333612 https://xingyuehuating0410.fang.com/
Logger:2020-03-16 16:21:50.732912 https://dijinghaoting0410.fang.com/
Logger:2020-03-16 16:21:54.421620 https://tieling.newhouse.fang.com/house/s/b93/
Logger:2020-03-16 16:21:57.990013 https://kaixuancheng0410.fang.com/
Logger:2020-03-16 16:21:59.944051 https://zhongshanliuan.fang.com/
Logger:2020-03-16 16:22:00.264931 https://fenghuanghuayuan0410.fang.com/
Logger:2020-03-16 16:22:00.729733 https://hengyuanshijia.fang.com/
Logger:2020-03-16 16:22:04.800126 https://tieling.newhouse.fang.com/house/s/b94/
Logger:2020-03-16 16:22:08.512889 https://tieling.newhouse.fang.com/house/s/b95/
Logger:2020-03-16 16:22:12.116744 https://tieling.newhouse.fang.com/house/s/b96/
