Logger:2020-03-15 20:22:14.502216 https://tj.newhouse.fang.com/house/s/b91/
Logger:2020-03-15 20:22:14.744424 https://kaixuanmen022.fang.com/
Logger:2020-03-15 20:22:15.021760 https://gulangshuizhen.fang.com/
Logger:2020-03-15 20:22:15.369832 https://nankaichenyuan.fang.com/
Logger:2020-03-15 20:22:15.684988 https://dongjingzczr.fang.com/
Logger:2020-03-15 20:22:16.048041 https://geguwanshoufuhh.fang.com/
Logger:2020-03-15 20:22:16.335586 https://tianjinghqcbgy.fang.com/
Logger:2020-03-15 20:22:16.671731 https://yuehugongguantjhd.fang.com/
Logger:2020-03-15 20:22:16.960926 https://zuoanlantingzh022.fang.com/
Logger:2020-03-15 20:22:17.234193 https://jinmaofu022.fang.com/
Logger:2020-03-15 20:22:17.596236 https://xihuafuwk022.fang.com/
Logger:2020-03-15 20:22:17.918011 https://lujinzancheng.fang.com/
Logger:2020-03-15 20:22:18.240748 https://jingweichengshilvzhou.fang.com/2/
Logger:2020-03-15 20:22:18.603777 https://nankai1911.fang.com/
Logger:2020-03-15 20:22:18.908960 https://jinnanxinchengtj.fang.com/
Logger:2020-03-15 20:22:19.354650 https://jinxiuxuefurs022.fang.com/
Logger:2020-03-15 20:22:19.681501 https://yingshundasha.fang.com/
Logger:2020-03-15 20:22:19.940881 https://ssgjgczy.fang.com/
Logger:2020-03-15 20:22:20.263022 https://fenghuangzhuangyuantjhd.fang.com/
Logger:2020-03-15 20:22:20.610094 https://nanboone.fang.com/
Logger:2020-03-15 20:22:20.899341 https://wankepinpaiguan.fang.com/
Logger:2020-03-15 20:22:24.941627 https://tj.newhouse.fang.com/house/s/b92/
Logger:2020-03-15 20:22:25.226864 https://songjiangzhixingshenghuyuan.fang.com/
Logger:2020-03-15 20:22:25.549003 https://gongyuanyuemomadd.fang.com/
Logger:2020-03-15 20:22:25.806985 https://tianshanshangyejie.fang.com/
Logger:2020-03-15 20:22:27.787202 https://lixiangchenghk022.fang.com/
Logger:2020-03-15 20:22:28.142833 https://hengdayuefu022.fang.com/
Logger:2020-03-15 20:22:28.666397 https://rongchuangcheng.fang.com/
Logger:2020-03-15 20:22:29.023477 https://gediaoqiyuan.fang.com/
Logger:2020-03-15 20:22:29.293793 https://jiyeyushu.fang.com/
Logger:2020-03-15 20:22:29.620997 https://lianfajinli.fang.com/
Logger:2020-03-15 20:22:29.894191 https://gongyuandaguan022.fang.com/
Logger:2020-03-15 20:22:30.176478 https://zhongjiancheng022.fang.com/
Logger:2020-03-15 20:22:31.568044 https://dahegongguansc.fang.com/
Logger:2020-03-15 20:22:32.028771 https://weilaicheng022.fang.com/
Logger:2020-03-15 20:22:32.368861 https://zhonghaijincheng022.fang.com/
Logger:2020-03-15 20:22:32.783293 https://jinshanghuahyn.fang.com/
Logger:2020-03-15 20:22:33.195485 https://yishujiajd.fang.com/
Logger:2020-03-15 20:22:33.703130 https://haihegongguanzj.fang.com/
Logger:2020-03-15 20:22:33.992394 https://huayujinjunzgtj022.fang.com/
Logger:2020-03-15 20:22:34.263302 https://hanlingongguanhp.fang.com/
Logger:2020-03-15 20:22:34.531551 https://jiuhefu.fang.com/
Logger:2020-03-15 20:22:37.810857 https://tj.newhouse.fang.com/house/s/b93/
Logger:2020-03-15 20:22:38.125018 https://guangdongdashafl.fang.com/
Logger:2020-03-15 20:22:38.342435 https://fuliaidingbao022.fang.com/
Logger:2020-03-15 20:22:38.567512 https://weilaicheng022.fang.com/
Logger:2020-03-15 20:22:38.838222 https://jinmendayuanzh.fang.com/
Logger:2020-03-15 20:22:39.243706 https://cuiweilangezfls.fang.com/
Logger:2020-03-15 20:22:39.535561 https://tianfangtiantai.fang.com/
Logger:2020-03-15 20:22:39.832512 https://yueguangnian.fang.com/
Logger:2020-03-15 20:22:40.059861 https://xiyuetaitdy.fang.com/
Logger:2020-03-15 20:22:42.017367 https://jinhaiyuncheng.fang.com/
Logger:2020-03-15 20:22:42.563866 https://jiatianxiahyn022.fang.com/
Logger:2020-03-15 20:22:42.941830 https://jimeiyongyangyxjk.fang.com/
Logger:2020-03-15 20:22:43.330788 https://yuandacheng.fang.com/
Logger:2020-03-15 20:22:43.606821 https://zhonghaijincheng022.fang.com/
Logger:2020-03-15 20:22:43.895028 https://tianchenghuajing.fang.com/
Logger:2020-03-15 20:22:44.145664 https://guangchangzgtj.fang.com/
Logger:2020-03-15 20:22:44.465473 https://jimeitianchengjk.fang.com/
Logger:2020-03-15 20:22:44.732748 https://sijihui022.fang.com/
Logger:2020-03-15 20:22:45.011009 https://beidaziyuanyuefu.fang.com/
Logger:2020-03-15 20:22:45.392933 https://yunhejiajing.fang.com/
Logger:2020-03-15 20:22:45.658192 https://guofengyasongsm.fang.com/
Logger:2020-03-15 20:22:48.928040 https://tj.newhouse.fang.com/house/s/b94/
Logger:2020-03-15 20:22:49.161002 https://datangyinxiangdongjing.fang.com/
Logger:2020-03-15 20:22:49.445278 https://jinmenhufl.fang.com/
Logger:2020-03-15 20:22:49.775367 https://lichengshoufuxz.fang.com/
Logger:2020-03-15 20:22:51.088078 https://fuxingxintiandizh.fang.com/
Logger:2020-03-15 20:22:51.301139 https://zhongyangyunzhujhc.fang.com/
Logger:2020-03-15 20:22:51.632215 https://jinhuichengyoubuxuefu.fang.com/
Logger:2020-03-15 20:22:51.924434 https://chengshiguangchangzx.fang.com/
Logger:2020-03-15 20:22:52.277068 https://binhaidaduhuiwk.fang.com/
Logger:2020-03-15 20:22:56.084523 https://fulixinchengtj.fang.com/
Logger:2020-03-15 20:22:56.552283 https://jindichanghuwan.fang.com/
Logger:2020-03-15 20:22:57.218984 https://hailanchenghyjr.fang.com/
Logger:2020-03-15 20:22:57.492072 https://dongjun022.fang.com/
Logger:2020-03-15 20:22:57.832212 https://tianyuebgy022.fang.com/
Logger:2020-03-15 20:22:58.105473 https://taolichunfenglc022.fang.com/
Logger:2020-03-15 20:22:58.382736 https://lvdibeichenfu.fang.com/
Logger:2020-03-15 20:22:58.719863 https://gongyuanchengzh.fang.com/
Logger:2020-03-15 20:22:59.063659 https://gediaopingyuan.fang.com/
Logger:2020-03-15 20:22:59.350746 https://yongxiangfu.fang.com/
Logger:2020-03-15 20:22:59.676830 https://binxilu5hao.fang.com/
Logger:2020-03-15 20:22:59.950184 https://zhongchuchengbang.fang.com/
Logger:2020-03-15 20:23:03.704813 https://tj.newhouse.fang.com/house/s/b95/
Logger:2020-03-15 20:23:03.953766 https://jinmenzhengrongfu.fang.com/
Logger:2020-03-15 20:23:04.351621 https://hanyuefumdxh.fang.com/
Logger:2020-03-15 20:23:04.634944 https://xuhuigongyuandadao.fang.com/
Logger:2020-03-15 20:23:04.914191 https://wankezitai2022.fang.com/
Logger:2020-03-15 20:23:05.272933 https://zhengrongzique.fang.com/
Logger:2020-03-15 20:23:05.551288 https://yubinfuyayueyjl.fang.com/
Logger:2020-03-15 20:23:05.857023 https://wankexilu022.fang.com/
Logger:2020-03-15 20:23:06.246978 https://ljtyc.fang.com/
Logger:2020-03-15 20:23:06.561143 https://xihupantdy.fang.com/
Logger:2020-03-15 20:23:06.830453 https://yuechengdajingjd022.fang.com/
Logger:2020-03-15 20:23:07.108211 https://zhongbeixiangyun.fang.com/
Logger:2020-03-15 20:23:07.429010 https://hejinglingfeng022.fang.com/
Logger:2020-03-15 20:23:07.714717 https://feicuijiahehqcwk.fang.com/
Logger:2020-03-15 20:23:08.009080 https://qilinshidiwkxz.fang.com/
Logger:2020-03-15 20:23:08.365077 https://baodeyunwan.fang.com/
Logger:2020-03-15 20:23:08.674294 https://badachuguancheng.fang.com/
Logger:2020-03-15 20:23:08.976190 https://longzhoudao188hao.fang.com/
Logger:2020-03-15 20:23:09.302287 https://yuejunfenghuaxc022.fang.com/
Logger:2020-03-15 20:23:09.595499 https://wanketiandi2022.fang.com/
Logger:2020-03-15 20:23:09.865913 https://guanlan022.fang.com/
Logger:2020-03-15 20:23:13.593459 https://tj.newhouse.fang.com/house/s/b96/
Logger:2020-03-15 20:23:13.864347 https://junlanwanlj.fang.com/
Logger:2020-03-15 20:23:14.147357 https://minhexiangwankeli.fang.com/
Logger:2020-03-15 20:23:17.123952 https://aotigongyuan101.fang.com/
Logger:2020-03-15 20:23:18.002636 https://liuhemingzhu.fang.com/
Logger:2020-03-15 20:23:18.269919 https://lanyuerxjd.fang.com/
Logger:2020-03-15 20:23:18.855522 https://beichenzhengrongfu.fang.com/
Logger:2020-03-15 20:23:19.190707 https://feicuidadaowk.fang.com/
Logger:2020-03-15 20:23:19.486839 https://zgbfbditsmgc.fang.com/
Logger:2020-03-15 20:23:19.759186 https://chengshizhiguangbdwk.fang.com/
Logger:2020-03-15 20:23:20.024504 https://zhuoyueyunmen.fang.com/
Logger:2020-03-15 20:23:20.375024 https://diejingyuantdy.fang.com/
Logger:2020-03-15 20:23:20.651310 https://haiyuchengjn.fang.com/
Logger:2020-03-15 20:23:20.981434 https://biguiyuanzhongxin022.fang.com/
Logger:2020-03-15 20:23:21.289572 https://dajingjdxc.fang.com/
Logger:2020-03-15 20:23:21.651608 https://feicuiwantjhd.fang.com/
Logger:2020-03-15 20:23:21.900055 https://nankaifu.fang.com/
Logger:2020-03-15 20:23:22.185602 https://guofengjintangsm.fang.com/
Logger:2020-03-15 20:23:22.645090 https://kunqifu.fang.com/
Logger:2020-03-15 20:23:23.026591 https://dijinghd022.fang.com/
Logger:2020-03-15 20:23:23.299943 https://beikenshan2.fang.com/
Logger:2020-03-15 20:23:27.075911 https://tj.newhouse.fang.com/house/s/b97/
Logger:2020-03-15 20:23:27.289339 https://beikenshan2.fang.com/
Logger:2020-03-15 20:23:27.560613 https://haiheyuanrh.fang.com/
Logger:2020-03-15 20:23:27.921680 https://yuanyangjiangong.fang.com/
Logger:2020-03-15 20:23:28.191924 https://wuyueguangchangbh022.fang.com/
Logger:2020-03-15 20:23:28.482192 https://yunjingtaizj.fang.com/
Logger:2020-03-15 20:23:28.864454 https://tianjinchengyuanlc.fang.com/
Logger:2020-03-15 20:23:29.149177 https://jinxiuxiangjiangshuicheng.fang.com/
Logger:2020-03-15 20:23:29.463279 https://yongjinbandaolg022.fang.com/
Logger:2020-03-15 20:23:29.741585 https://yubinfuyjl022.fang.com/
Logger:2020-03-15 20:23:30.078632 https://xiangshuwanhr022.fang.com/
Logger:2020-03-15 20:23:30.536456 https://biguiyuanyunhu.fang.com/
Logger:2020-03-15 20:23:30.815961 https://ximalayayg100.fang.com/
Logger:2020-03-15 20:23:31.117238 https://tiantaximalayayg100.fang.com/
Logger:2020-03-15 20:23:31.330621 https://xingyaowuzhourc.fang.com/
Logger:2020-03-15 20:23:31.605924 https://122275.fang.com/
Logger:2020-03-15 20:23:31.858173 https://wutongdadao022.fang.com/
Logger:2020-03-15 20:23:32.198846 https://zhonghuanyunzhujh.fang.com/
Logger:2020-03-15 20:23:32.549800 https://tinghuxiaozhenjrj.fang.com/2/
Logger:2020-03-15 20:23:32.914878 https://yuejunyangzhuxc.fang.com/
Logger:2020-03-15 20:23:33.255623 https://heshanzhengyuanzhengyuan.fang.com/
Logger:2020-03-15 20:23:36.544118 https://tj.newhouse.fang.com/house/s/b98/
Logger:2020-03-15 20:23:36.784559 https://jiuliqingchuanlh022.fang.com/
Logger:2020-03-15 20:23:37.063954 https://chunximingyuelc.fang.com/
Logger:2020-03-15 20:23:37.417930 https://jinxiulichengzj.fang.com/
Logger:2020-03-15 20:23:37.705199 https://xinlongyuan3.fang.com/
Logger:2020-03-15 20:23:37.989478 https://yangguanghaianlg.fang.com/
Logger:2020-03-15 20:23:38.393990 https://jinketianhu.fang.com/
Logger:2020-03-15 20:23:38.706563 https://wuqiandaorc.fang.com/
Logger:2020-03-15 20:23:39.201180 https://jingruihanlin.fang.com/
Logger:2020-03-15 20:23:39.474644 https://yuanyangkunting.fang.com/
Logger:2020-03-15 20:23:39.780816 https://xuefuyihaoyc.fang.com/
Logger:2020-03-15 20:23:40.151849 https://rongchuangzhongxin.fang.com/
Logger:2020-03-15 20:23:40.440608 https://122441.fang.com/
Logger:2020-03-15 20:23:40.729925 https://dayunhefu.fang.com/
Logger:2020-03-15 20:23:41.064380 https://jinghu1haolf.fang.com/
Logger:2020-03-15 20:23:41.343629 https://tianyuehaihesc.fang.com/
Logger:2020-03-15 20:23:41.673753 https://wenlanfuygc022.fang.com/
Logger:2020-03-15 20:23:42.039772 https://xiyuecuitingsc.fang.com/
Logger:2020-03-15 20:23:42.454089 https://shengjinghuating022.fang.com/
Logger:2020-03-15 20:23:42.838351 https://baolitianhui022.fang.com/
Logger:2020-03-15 20:23:43.239353 https://hongxingtianbobh.fang.com/
Logger:2020-03-15 20:23:46.921749 https://tj.newhouse.fang.com/house/s/b99/
Logger:2020-03-15 20:23:47.207982 https://xinlixihugongguanld.fang.com/
Logger:2020-03-15 20:23:47.603924 https://chengningfu.fang.com/
Logger:2020-03-15 20:23:47.897141 https://huaqiaochengtj.fang.com/
Logger:2020-03-15 20:23:48.261405 https://xinbeijingbandaosc.fang.com/
Logger:2020-03-15 20:23:48.508679 https://yunhujianjh022.fang.com/
Logger:2020-03-15 20:23:48.792736 https://yuejunduhuixcxh.fang.com/
Logger:2020-03-15 20:23:49.122831 https://guojihuayuanyjl022.fang.com/
Logger:2020-03-15 20:23:51.659668 https://yunhechenyuanrc.fang.com/
Logger:2020-03-15 20:23:51.942501 https://xipaiguoyinzgtj.fang.com/
Logger:2020-03-15 20:23:52.242053 https://zjstsfq.fang.com/
Logger:2020-03-15 20:23:52.729276 https://duchengtaxy.fang.com/
Logger:2020-03-15 20:23:53.021561 https://hongkunlixiangwan022.fang.com/
Logger:2020-03-15 20:23:53.287945 https://xiruilichenglhsc.fang.com/
Logger:2020-03-15 20:23:53.597747 https://shiguanghaibgy.fang.com/
Logger:2020-03-15 20:23:53.877056 https://yueqianfengjd.fang.com/
Logger:2020-03-15 20:23:54.136814 https://annaxixiaozhenza.fang.com/
Logger:2020-03-15 20:23:54.460181 https://yunheparkbgy.fang.com/
Logger:2020-03-15 20:23:54.680620 https://yuhechenyuanrc.fang.com/
Logger:2020-03-15 20:23:54.941884 https://yashigegongyu.fang.com/
Logger:2020-03-15 20:23:55.194171 https://hepingyinrcxh.fang.com/
Logger:2020-03-15 20:23:58.777512 https://tj.newhouse.fang.com/house/s/b910/
Logger:2020-03-15 20:23:58.996970 https://haixifu.fang.com/
Logger:2020-03-15 20:23:59.289181 https://longhuzichen022.fang.com/
Logger:2020-03-15 20:23:59.597139 https://tianzhuchunqiuyy022.fang.com/
Logger:2020-03-15 20:23:59.908904 https://huaqiaochengchunshuiantj.fang.com/
Logger:2020-03-15 20:24:00.230695 https://baolidongjun022.fang.com/
Logger:2020-03-15 20:24:00.488610 https://quyangfujkbgyfl.fang.com/
Logger:2020-03-15 20:24:00.863525 https://datangshengshi022.fang.com/
Logger:2020-03-15 20:24:01.171823 https://tianjinqiangweiguojisd.fang.com/
Logger:2020-03-15 20:24:01.468097 https://fengxiwutong.fang.com/
Logger:2020-03-15 20:24:03.140505 https://qiyunwansm.fang.com/
Logger:2020-03-15 20:24:03.528687 https://boyufubgy.fang.com/
Logger:2020-03-15 20:24:05.014270 https://lizefubgy.fang.com/
Logger:2020-03-15 20:24:06.248098 https://hejingyufeng.fang.com/
Logger:2020-03-15 20:24:06.575547 https://linhujunyc.fang.com/
Logger:2020-03-15 20:24:06.893742 https://haiyuxiangsongld.fang.com/
Logger:2020-03-15 20:24:07.269776 https://jindizhenyue.fang.com/
Logger:2020-03-15 20:24:10.901957 https://yuyongfuay.fang.com/
Logger:2020-03-15 20:24:11.187181 https://tianyilvhai.fang.com/
Logger:2020-03-15 20:24:12.508154 https://yunjinshijia.fang.com/
Logger:2020-03-15 20:24:13.010322 https://shangdongjinmaofu.fang.com/
Logger:2020-03-15 20:24:16.688142 https://tj.newhouse.fang.com/house/s/b911/
Logger:2020-03-15 20:24:16.928094 https://baoliheyuan.fang.com/
Logger:2020-03-15 20:24:17.249755 https://chunjianglichenglh022.fang.com/
Logger:2020-03-15 20:24:17.522026 https://bocuiwanjk.fang.com/
Logger:2020-03-15 20:24:17.810921 https://jintailiwan.fang.com/
Logger:2020-03-15 20:24:18.220498 https://xihutaijrjbgy.fang.com/
Logger:2020-03-15 20:24:18.497215 https://xiyuewan022.fang.com/
Logger:2020-03-15 20:24:18.770001 https://shangdongwanzj.fang.com/
Logger:2020-03-15 20:24:19.086186 https://jinwantianxizs.fang.com/
Logger:2020-03-15 20:24:19.412277 https://rongchuangjingyuan022.fang.com/
Logger:2020-03-15 20:24:22.124395 https://jinmenshoufuzl.fang.com/
Logger:2020-03-15 20:24:22.504460 https://haojingwan022.fang.com/
Logger:2020-03-15 20:24:22.936563 https://tianyuefenghua.fang.com/3/
Logger:2020-03-15 20:24:27.978033 https://wanhesijiyy022.fang.com/
Logger:2020-03-15 20:24:30.408694 https://yongjingfuzj.fang.com/
Logger:2020-03-15 20:24:33.316432 https://hairunfuzh.fang.com/
Logger:2020-03-15 20:24:36.278536 https://lixianghaibgylg.fang.com/
Logger:2020-03-15 20:24:38.042145 https://haitangyazhusd.fang.com/
Logger:2020-03-15 20:24:39.761858 https://xingheparkbgy.fang.com/
Logger:2020-03-15 20:24:40.062343 https://sijifenghuazj022.fang.com/
Logger:2020-03-15 20:24:42.612940 https://shanyushuhk022.fang.com/
Logger:2020-03-15 20:24:47.010893 https://tj.newhouse.fang.com/house/s/b912/
Logger:2020-03-15 20:24:47.375412 https://zhaoshanggongyuan1872022.fang.com/
Logger:2020-03-15 20:24:47.768095 https://jinrongjiejinyuefu022.fang.com/
Logger:2020-03-15 20:24:48.245952 https://sanyuanyinghuajun.fang.com/2/
Logger:2020-03-15 20:24:49.962889 https://tangguwanliuhaoxhjr.fang.com/
Logger:2020-03-15 20:24:50.442221 https://jinyufubgy.fang.com/
Logger:2020-03-15 20:24:50.919848 https://xinhengjinyuan.fang.com/
Logger:2020-03-15 20:24:51.264469 https://yujingcheng022.fang.com/
Logger:2020-03-15 20:24:51.874410 https://yongtailijun.fang.com/
Logger:2020-03-15 20:24:53.409996 https://ziyubandaohx.fang.com/
Logger:2020-03-15 20:24:56.741543 https://junyuefu2022.fang.com/
Logger:2020-03-15 20:24:57.416316 https://jinmenxihu.fang.com/
Logger:2020-03-15 20:24:58.202064 https://yongjinwanlg022.fang.com/
Logger:2020-03-15 20:24:59.572308 https://jindiguangchanghx.fang.com/
Logger:2020-03-15 20:24:59.848412 https://furonggongguanlg022.fang.com/
Logger:2020-03-15 20:25:00.304550 https://chenjingwanzj.fang.com/
Logger:2020-03-15 20:25:00.797048 https://tianyubgy022.fang.com/
Logger:2020-03-15 20:25:01.258081 https://yuejunshoufuxc.fang.com/
Logger:2020-03-15 20:25:01.688005 https://gushangjiangnan.fang.com/4/
Logger:2020-03-15 20:25:02.206384 https://tianshanlongxi.fang.com/
Logger:2020-03-15 20:25:04.110260 https://zhongguancunxinshijie.fang.com/
Logger:2020-03-15 20:25:09.525257 https://tj.newhouse.fang.com/house/s/b913/
Logger:2020-03-15 20:25:10.064556 https://zhongjianjinyuan.fang.com/
Logger:2020-03-15 20:25:13.319749 https://zhujing022.fang.com/
Logger:2020-03-15 20:25:14.423368 https://heyuehuiweijie.fang.com/
Logger:2020-03-15 20:25:15.124133 https://junshanfutz.fang.com/
Logger:2020-03-15 20:25:17.116926 https://guangminglu8haoxhxc.fang.com/
Logger:2020-03-15 20:25:17.488847 https://xiangongguanhh.fang.com/
Logger:2020-03-15 20:25:17.810939 https://binhaizhongxinrc.fang.com/
Logger:2020-03-15 20:25:18.190393 https://yuechengdisandadaobdzy.fang.com/
Logger:2020-03-15 20:25:23.156597 https://xinhualianshijia.fang.com/
Logger:2020-03-15 20:25:23.535586 https://lianshangshenghuo.fang.com/
Logger:2020-03-15 20:25:23.786997 https://yihaiguanlan.fang.com/
Logger:2020-03-15 20:25:25.514111 https://chunxiyunfenglc.fang.com/
Logger:2020-03-15 20:25:27.125747 https://122763.fang.com/
Logger:2020-03-15 20:25:27.364487 https://rongchuangzhongxin022.fang.com/shop/
Logger:2020-03-15 20:25:28.867505 https://patioujh.fang.com/
Logger:2020-03-15 20:25:29.132765 https://jybhyshgc.fang.com/
Logger:2020-03-15 20:25:29.396562 https://jinzuoyihaoshangyejie.fang.com/
Logger:2020-03-15 20:25:29.640227 https://gediaosongjian.fang.com/
Logger:2020-03-15 20:25:29.957425 https://lujinyuehu.fang.com/
Logger:2020-03-15 20:25:30.213693 https://gaoerfuxiaozhensj.fang.com/2/
Logger:2020-03-15 20:25:33.506816 https://tj.newhouse.fang.com/house/s/b914/
Logger:2020-03-15 20:25:33.879895 https://tianfangyiwan.fang.com/
Logger:2020-03-15 20:25:34.153087 https://huaxixiaozhenhd022.fang.com/
Logger:2020-03-15 20:25:34.484872 https://gongyuanshijirh022.fang.com/
Logger:2020-03-15 20:25:34.760188 https://yongxiangyuanyx.fang.com/
Logger:2020-03-15 20:25:35.072056 https://chenheyuan.fang.com/
Logger:2020-03-15 20:25:35.373755 https://lingshijuntf.fang.com/
Logger:2020-03-15 20:25:35.733792 https://ziyundongjt.fang.com/
Logger:2020-03-15 20:25:36.022021 https://wanxinchengtf.fang.com/
Logger:2020-03-15 20:25:36.330229 https://taishan7haoln022.fang.com/
Logger:2020-03-15 20:25:36.747552 https://tianhuanbgyzj.fang.com/
Logger:2020-03-15 20:25:37.054277 https://heyuhaitdc.fang.com/
Logger:2020-03-15 20:25:37.321119 https://rongshenghuafu022.fang.com/
Logger:2020-03-15 20:25:37.639268 https://yuehepingzh.fang.com/
Logger:2020-03-15 20:25:37.890596 https://yuexink.fang.com/
Logger:2020-03-15 20:25:38.186804 https://haishangwuyuehuabl022.fang.com/
Logger:2020-03-15 20:25:38.466057 https://meijiangyihaoyuanrc.fang.com/
Logger:2020-03-15 20:25:40.530976 https://wandaguangchangtjbh.fang.com/
Logger:2020-03-15 20:25:40.804512 https://yunheshangyuanbgy2.fang.com/
Logger:2020-03-15 20:25:41.067816 https://youbuhupanjh022.fang.com/
Logger:2020-03-15 20:25:41.391941 https://guanlanyayuan022.fang.com/
Logger:2020-03-15 20:25:44.640911 https://tj.newhouse.fang.com/house/s/b915/
Logger:2020-03-15 20:25:44.971991 https://rongchuang181.fang.com/
Logger:2020-03-15 20:25:45.232293 https://zhongshanlutf.fang.com/
Logger:2020-03-15 20:25:45.567409 https://gongyuanli022.fang.com/
Logger:2020-03-15 20:25:47.431446 https://shidaihuijb.fang.com/
Logger:2020-03-15 20:25:47.699684 https://wankeyunshan022.fang.com/
Logger:2020-03-15 20:25:48.091636 https://yujingwanhd022.fang.com/
Logger:2020-03-15 20:25:48.377870 https://jingjilingshu.fang.com/
Logger:2020-03-15 20:25:48.789943 https://feicuilanwanls.fang.com/
Logger:2020-03-15 20:25:49.100024 https://jinxiulixmj.fang.com/
Logger:2020-03-15 20:25:50.396579 https://nuodezhongxinzt.fang.com/
Logger:2020-03-15 20:25:52.064266 https://xinchengyuefu022.fang.com/
Logger:2020-03-15 20:25:52.451738 https://xiruifusc.fang.com/
Logger:2020-03-15 20:25:52.760178 https://hubinguangchangfd.fang.com/
Logger:2020-03-15 20:25:53.327659 https://xinchenggangdongfu.fang.com/
Logger:2020-03-15 20:25:53.640822 https://cuicangongyuansm.fang.com/
Logger:2020-03-15 20:25:53.962310 https://guojichengzgtj.fang.com/
Logger:2020-03-15 20:25:54.261560 https://binlvjingxi.fang.com/
Logger:2020-03-15 20:25:54.606637 https://xiangyongjiuhe.fang.com/
Logger:2020-03-15 20:25:54.925783 https://jiangnanyi.fang.com/
Logger:2020-03-15 20:25:55.190077 https://gediaolinquan.fang.com/
Logger:2020-03-15 20:25:58.703017 https://tj.newhouse.fang.com/house/s/b916/
Logger:2020-03-15 20:26:00.208988 https://nanhuwanzm.fang.com/
Logger:2020-03-15 20:26:00.489731 https://yujiangtai.fang.com/
Logger:2020-03-15 20:26:00.828824 https://yuejungongyuanxc.fang.com/
Logger:2020-03-15 20:26:01.153954 https://jingyuefutf.fang.com/
Logger:2020-03-15 20:26:01.542990 https://tianfangjinyuan.fang.com/
Logger:2020-03-15 20:26:01.892977 https://rongtaicheng.fang.com/
Logger:2020-03-15 20:26:02.257205 https://qingguoqingcheng022.fang.com/
Logger:2020-03-15 20:26:04.110469 https://jinhaiwanjkzh.fang.com/
Logger:2020-03-15 20:26:04.384171 https://monaidehubgy2.fang.com/
Logger:2020-03-15 20:26:04.793369 https://chaoyanglingyu.fang.com/
Logger:2020-03-15 20:26:13.035011 https://meianyingjuntf.fang.com/
Logger:2020-03-15 20:26:15.008463 https://hainafuzj.fang.com/
Logger:2020-03-15 20:26:15.270713 https://jijingmingjunjb.fang.com/
Logger:2020-03-15 20:26:16.670203 https://feiligongyuanygc022.fang.com/
Logger:2020-03-15 20:26:16.935493 https://yuzhouyuefu.fang.com/
Logger:2020-03-15 20:26:17.248656 https://bafangguanyuan.fang.com/
Logger:2020-03-15 20:26:17.632828 https://meishujindao.fang.com/
Logger:2020-03-15 20:26:18.023768 https://xinhumeilizhou.fang.com/
Logger:2020-03-15 20:26:18.339623 https://saishangyishuwt.fang.com/
Logger:2020-03-15 20:26:18.743584 https://yixihubgy.fang.com/
Logger:2020-03-15 20:26:22.556094 https://tj.newhouse.fang.com/house/s/b917/
Logger:2020-03-15 20:26:22.840848 https://xuefugongguanzh.fang.com/
Logger:2020-03-15 20:26:23.158997 https://nanyuan022.fang.com/
Logger:2020-03-15 20:26:23.582520 https://huilingdunhaishanghuayuan.fang.com/2/
Logger:2020-03-15 20:26:23.875950 https://chengongguanjq.fang.com/
Logger:2020-03-15 20:26:24.191142 https://jiahehuating022.fang.com/
Logger:2020-03-15 20:26:27.341397 https://lvdaodantingcf.fang.com/
Logger:2020-03-15 20:26:27.643589 https://heshengjiayuan022.fang.com/
Logger:2020-03-15 20:26:29.084430 https://kechuanghuigutjyq.fang.com/
Logger:2020-03-15 20:26:29.391608 https://rongchuangrongyuan.fang.com/
Logger:2020-03-15 20:26:29.732710 https://rongchuangyuyuan022.fang.com/
Logger:2020-03-15 20:26:31.583312 https://jinxiudajia.fang.com/
Logger:2020-03-15 20:26:34.423929 https://yasongjutj.fang.com/
Logger:2020-03-15 20:26:34.714154 https://beianzhongxinrh.fang.com/
Logger:2020-03-15 20:26:35.063414 https://xihaianrx.fang.com/
Logger:2020-03-15 20:26:35.380565 https://yiyingli2.fang.com/
Logger:2020-03-15 20:26:35.743594 https://jinyuyuecheng.fang.com/
Logger:2020-03-15 20:26:36.132658 https://tianhechengbh.fang.com/
Logger:2020-03-15 20:26:40.117777 https://yongjinxiangsonglg.fang.com/
Logger:2020-03-15 20:26:40.466843 https://tianchengboyuetb.fang.com/
Logger:2020-03-15 20:26:40.765045 https://fuhaigongyu.fang.com/
Logger:2020-03-15 20:26:44.483380 https://tj.newhouse.fang.com/house/s/b918/
Logger:2020-03-15 20:26:44.792586 https://zhongjianyuefu.fang.com/
Logger:2020-03-15 20:26:45.114001 https://hongkunsongquanxiaozhen.fang.com/
Logger:2020-03-15 20:26:47.390786 https://wanchengjuhao.fang.com/
Logger:2020-03-15 20:26:47.791714 https://qianlongxuefu.fang.com/
Logger:2020-03-15 20:26:48.218032 https://shangdongjinmaoyue.fang.com/
Logger:2020-03-15 20:26:48.507266 https://yiconghuayuan022.fang.com/zhuzhai/
Logger:2020-03-15 20:26:48.830409 https://rongchuangzhenyuan022.fang.com/
Logger:2020-03-15 20:26:49.240923 https://quanyuncuntj.fang.com/
Logger:2020-03-15 20:26:49.597968 https://feicuibandao022.fang.com/
Logger:2020-03-15 20:26:49.913125 https://wanghaigongfu.fang.com/
Logger:2020-03-15 20:26:50.224294 https://zijinfuljth.fang.com/
Logger:2020-03-15 20:26:52.509602 https://guantangyipin.fang.com/
Logger:2020-03-15 20:26:52.951856 https://liuheguojitf.fang.com/
Logger:2020-03-15 20:26:56.309633 https://wanghaiguoji.fang.com/
Logger:2020-03-15 20:26:56.603846 https://huayuantangyue.fang.com/
Logger:2020-03-15 20:26:56.917056 https://ruijinghuayuan2022.fang.com/
Logger:2020-03-15 20:26:57.208624 https://yuejungongguanxc022.fang.com/
Logger:2020-03-15 20:26:57.570659 https://jizhouchenyuan.fang.com/
Logger:2020-03-15 20:26:57.860934 https://chongdeyuantf.fang.com/3/
Logger:2020-03-15 20:27:00.879815 https://tianjizhujing.fang.com/
Logger:2020-03-15 20:27:04.234517 https://tj.newhouse.fang.com/house/s/b919/
Logger:2020-03-15 20:27:04.521308 https://beininggongyuantf.fang.com/
Logger:2020-03-15 20:27:04.774628 https://shenhugongguan.fang.com/
Logger:2020-03-15 20:27:05.103253 https://xinliyihaozj.fang.com/
Logger:2020-03-15 20:27:05.523151 https://tianfangtiantuo.fang.com/3/
Logger:2020-03-15 20:27:05.833400 https://xinchenghexingfu.fang.com/
Logger:2020-03-15 20:27:07.961964 https://hongshanyihaoyuan.fang.com/
Logger:2020-03-15 20:27:08.276047 https://haoyuerqygc.fang.com/
Logger:2020-03-15 20:27:08.560285 https://guojiguangchangbchx.fang.com/
Logger:2020-03-15 20:27:08.856538 https://wutonggongguanxc.fang.com/
Logger:2020-03-15 20:27:09.127234 https://jwcslzbh.fang.com/
Logger:2020-03-15 20:27:09.469017 https://yinxiangjiayuanbc.fang.com/
Logger:2020-03-15 20:27:09.695829 https://yulongwanbx022.fang.com/
Logger:2020-03-15 20:27:10.024969 https://huayuanxitang.fang.com/
Logger:2020-03-15 20:27:10.362025 https://rongqiaorongyu.fang.com/
Logger:2020-03-15 20:27:10.660227 https://118yuanshuxh.fang.com/
Logger:2020-03-15 20:27:10.952979 https://jinfuguojiwt.fang.com/
Logger:2020-03-15 20:27:11.280313 https://tangquanshijiaxy022.fang.com/
Logger:2020-03-15 20:27:11.635984 https://pinyuejiangnan.fang.com/
Logger:2020-03-15 20:27:14.970213 https://hupanjiayuan022.fang.com/
Logger:2020-03-15 20:27:15.289158 https://dongxuxinyuhu.fang.com/
Logger:2020-03-15 20:27:18.802390 https://tj.newhouse.fang.com/house/s/b920/
Logger:2020-03-15 20:27:19.031150 https://quanshangwenhua.fang.com/
Logger:2020-03-15 20:27:19.317463 https://guojigongyudd.fang.com/office/
Logger:2020-03-15 20:27:19.542991 https://hetaiyuan022.fang.com/
Logger:2020-03-15 20:27:22.254759 https://270bh.fang.com/
Logger:2020-03-15 20:27:22.622943 https://yuxiyuan022.fang.com/
Logger:2020-03-15 20:27:22.991930 https://hainingwan.fang.com/
Logger:2020-03-15 20:27:23.337665 https://yuefenghuaxc.fang.com/
Logger:2020-03-15 20:27:23.704636 https://nankaihuafu.fang.com/
Logger:2020-03-15 20:27:23.970312 https://jiameiwanmk.fang.com/
Logger:2020-03-15 20:27:24.300933 https://xingheguoji022.fang.com/
Logger:2020-03-15 20:27:24.596111 https://rongqiaofangyuan.fang.com/
Logger:2020-03-15 20:27:24.857452 https://tangguwanyihaojr.fang.com/
Logger:2020-03-15 20:27:25.152707 https://yuhuzhuangyuan022.fang.com/
Logger:2020-03-15 20:27:26.803345 https://herongguangchang.fang.com/
Logger:2020-03-15 20:27:27.100592 https://dongli1haoyuyuan.fang.com/
Logger:2020-03-15 20:27:28.940302 https://lanqishu.fang.com/
Logger:2020-03-15 20:27:30.440622 https://haiershijigongguan.fang.com/
Logger:2020-03-15 20:27:30.701878 https://dingfuhui.fang.com/
Logger:2020-03-15 20:27:31.799990 https://tinghubgy.fang.com/
Logger:2020-03-15 20:27:32.150898 https://binhaihu.fang.com/
Logger:2020-03-15 20:27:35.808654 https://tj.newhouse.fang.com/house/s/b921/
Logger:2020-03-15 20:27:36.037043 https://sijibinjiangwk.fang.com/
Logger:2020-03-15 20:27:36.286376 https://hanlanyuan.fang.com/
Logger:2020-03-15 20:27:36.585620 https://yijingheshu.fang.com/
Logger:2020-03-15 20:27:36.872298 https://zhongjianjiutangfu.fang.com/
Logger:2020-03-15 20:27:39.739826 https://chengtouxiyue.fang.com/
Logger:2020-03-15 20:27:40.047923 https://boyaxuanzy.fang.com/
Logger:2020-03-15 20:27:40.302857 https://lanwnazhuangyuan.fang.com/
Logger:2020-03-15 20:27:43.949790 https://rongqiaoguanlan022.fang.com/
Logger:2020-03-15 20:27:44.230237 https://yuexinyuansw.fang.com/
Logger:2020-03-15 20:27:44.543291 https://chunjiangyueminglh022.fang.com/
Logger:2020-03-15 20:27:44.783165 https://youshanjunsc.fang.com/
Logger:2020-03-15 20:27:45.073873 https://yibotangyuefu.fang.com/
Logger:2020-03-15 20:27:45.340160 https://kunlunyu022.fang.com/
Logger:2020-03-15 20:27:45.640083 https://lananmingyuan.fang.com/
Logger:2020-03-15 20:27:46.946991 https://yuehuogongyu.fang.com/
Logger:2020-03-15 20:27:47.180264 https://fuxingxiyuan022.fang.com/
Logger:2020-03-15 20:27:47.482455 https://fuguogaoyin.fang.com/
Logger:2020-03-15 20:27:47.755724 https://yufangyuan022.fang.com/
Logger:2020-03-15 20:27:48.020674 https://fuxinglingyu.fang.com/
Logger:2020-03-15 20:27:48.248268 https://gelanxiaozhen.fang.com/3/
Logger:2020-03-15 20:27:52.068657 https://tj.newhouse.fang.com/house/s/b922/
Logger:2020-03-15 20:27:55.865243 https://chunxishuyuan.fang.com/
Logger:2020-03-15 20:27:56.139148 https://lanyuezhongxinyt.fang.com/
Logger:2020-03-15 20:27:56.420411 https://shehuishanxiyuan.fang.com/
Logger:2020-03-15 20:27:56.731579 https://mingyuewanny.fang.com/
Logger:2020-03-15 20:27:57.030778 https://baolongchengbh.fang.com/
Logger:2020-03-15 20:27:57.439900 https://tangwangfu.fang.com/
Logger:2020-03-15 20:27:57.773054 https://mingshihuatingny.fang.com/
Logger:2020-03-15 20:27:58.084431 https://hongcheng.fang.com/
Logger:2020-03-15 20:27:58.383630 https://yashilanting022.fang.com/
Logger:2020-03-15 20:27:58.708807 https://dexianhuafuzy.fang.com/
Logger:2020-03-15 20:27:58.968210 https://fuhaoxinkaimen.fang.com/
Logger:2020-03-15 20:27:59.223812 https://zhihuichengzh.fang.com/
Logger:2020-03-15 20:27:59.501105 https://yuegongguanzj.fang.com/
Logger:2020-03-15 20:27:59.842999 https://tinghuxiaozhengaocengjrj.fang.com/
Logger:2020-03-15 20:28:00.144113 https://shengyaoyuegongguan.fang.com/
Logger:2020-03-15 20:28:00.410401 https://mingyuehuatingny.fang.com/
Logger:2020-03-15 20:28:03.074034 https://tianfanglishan.fang.com/
Logger:2020-03-15 20:28:03.325444 https://jinqiaoshangjie.fang.com/
Logger:2020-03-15 20:28:03.537794 https://tianfangyijing.fang.com/
Logger:2020-03-15 20:28:03.806618 https://qinfengyutingjb.fang.com/
Logger:2020-03-15 20:28:07.241053 https://tj.newhouse.fang.com/house/s/b923/
Logger:2020-03-15 20:28:07.640964 https://aiqinghuayuanli.fang.com/
Logger:2020-03-15 20:28:07.894286 https://tianbaofuyuan.fang.com/
Logger:2020-03-15 20:28:08.195481 https://tiananlongyuan.fang.com/
Logger:2020-03-15 20:28:08.502671 https://meijianggongguan.fang.com/
Logger:2020-03-15 20:28:08.753546 https://jiantoujingyuan.fang.com/
Logger:2020-03-15 20:28:09.017984 https://junjingxuefudh.fang.com/
Logger:2020-03-15 20:28:09.328011 https://hanjunhaotingtd022.fang.com/2/
Logger:2020-03-15 20:28:11.319312 https://hetangyuese022.fang.com/
Logger:2020-03-15 20:28:11.592657 https://hesongmingdiaj.fang.com/
Logger:2020-03-15 20:28:11.972442 https://gongyuanyuefu022.fang.com/
Logger:2020-03-15 20:28:12.299567 https://beiwei38shu.fang.com/
Logger:2020-03-15 20:28:12.739390 https://jinchengshanshuishu.fang.com/
Logger:2020-03-15 20:28:13.068100 https://hongxijunshangjieyy.fang.com/
Logger:2020-03-15 20:28:13.283384 https://zhongliangdadao.fang.com/shop/
Logger:2020-03-15 20:28:13.555656 https://linggangfubgy.fang.com/
Logger:2020-03-15 20:28:13.832272 https://yuejunnianhuaxc.fang.com/
Logger:2020-03-15 20:28:14.062516 https://tianjizhigu022.fang.com/
Logger:2020-03-15 20:28:16.359734 https://qilifenghuasg.fang.com/
Logger:2020-03-15 20:28:16.709922 https://nuodezhongxintj.fang.com/office/
Logger:2020-03-15 20:28:18.594183 https://yuanjingshangyi.fang.com/
Logger:2020-03-15 20:28:21.826997 https://tj.newhouse.fang.com/house/s/b924/
Logger:2020-03-15 20:28:22.079279 https://huafajingruiyuetiandi.fang.com/
Logger:2020-03-15 20:28:22.487849 https://jinhaiyuanzith.fang.com/
Logger:2020-03-15 20:28:22.872819 https://yuetang.fang.com/
Logger:2020-03-15 20:28:23.109187 https://xinduhuiwk022.fang.com/
Logger:2020-03-15 20:28:25.267532 https://yiheyishu.fang.com/
Logger:2020-03-15 20:28:25.597641 https://zhongjiaoxiangsong022.fang.com/
Logger:2020-03-15 20:28:25.880745 https://yiliguojishengtaidao.fang.com/
Logger:2020-03-15 20:28:26.250253 https://bohulinqijun.fang.com/
Logger:2020-03-15 20:28:26.639519 https://feicuilanwan022.fang.com/
Logger:2020-03-15 20:28:26.896819 https://fulizhongxintj022.fang.com/
Logger:2020-03-15 20:28:28.444667 https://bolongwanht.fang.com/
Logger:2020-03-15 20:28:28.845108 https://xinghehuayuantj.fang.com/
Logger:2020-03-15 20:28:29.098021 https://junhuyuan.fang.com/
Logger:2020-03-15 20:28:29.376238 https://xiangtimingdihh.fang.com/
Logger:2020-03-15 20:28:29.683411 https://shangjingrunyuan.fang.com/
Logger:2020-03-15 20:28:30.002559 https://caihongyuantf.fang.com/
Logger:2020-03-15 20:28:30.291745 https://yuelanwanxhl.fang.com/
Logger:2020-03-15 20:28:30.652823 https://yuehaimingzhu.fang.com/
Logger:2020-03-15 20:28:30.981944 https://jiangnanchengba.fang.com/
Logger:2020-03-15 20:28:31.345304 https://tfghgbyy.fang.com/
Logger:2020-03-15 20:28:34.735229 https://tj.newhouse.fang.com/house/s/b925/
Logger:2020-03-15 20:28:35.002514 https://daduhuibgy.fang.com/
Logger:2020-03-15 20:28:36.772013 https://xiangbincheng022.fang.com/
Logger:2020-03-15 20:28:37.029182 https://tjnhxcwygc.fang.com/
Logger:2020-03-15 20:28:37.252717 https://yuegongguan022.fang.com/
Logger:2020-03-15 20:28:37.577372 https://guojizhongxinbl.fang.com/
Logger:2020-03-15 20:28:46.329848 https://xinjiayuanhj.fang.com/
Logger:2020-03-15 20:28:49.431476 https://ddessd.fang.com/
Logger:2020-03-15 20:28:49.786352 https://yataiyongyangfu.fang.com/
Logger:2020-03-15 20:28:50.045070 https://shiguanglimomadd.fang.com/
Logger:2020-03-15 20:28:50.304324 https://dongjiangguoji.fang.com/
Logger:2020-03-15 20:28:50.559775 https://hujingzhongxin.fang.com/
Logger:2020-03-15 20:28:50.854990 https://ronglifang.fang.com/
Logger:2020-03-15 20:28:51.125284 https://meiyuxincheng.fang.com/
Logger:2020-03-15 20:28:51.385622 https://mujinduhuisdtj.fang.com/
Logger:2020-03-15 20:28:53.827659 https://nankaizhongxinjrj.fang.com/shop/
Logger:2020-03-15 20:28:54.596758 https://shidaifengjing.fang.com/
Logger:2020-03-15 20:28:54.894995 https://guangxiangongguan.fang.com/
Logger:2020-03-15 20:28:55.144295 https://yuexingjiajuguangchang022.fang.com/
Logger:2020-03-15 20:28:55.351693 https://chengyuehui.fang.com/
Logger:2020-03-15 20:28:55.560139 https://youyiguangchangys.fang.com/shop/
Logger:2020-03-15 20:28:59.302937 https://tj.newhouse.fang.com/house/s/b926/
Logger:2020-03-15 20:28:59.534272 https://shanshuichenghd022.fang.com/
Logger:2020-03-15 20:28:59.922633 https://lanwanguangchang2.fang.com/
Logger:2020-03-15 20:29:00.323523 https://jingjinxincheng.fang.com/villa/
Logger:2020-03-15 20:29:00.722412 https://shangheyinrc.fang.com/
Logger:2020-03-15 20:29:00.999015 https://tianxibgy022.fang.com/
Logger:2020-03-15 20:29:01.312318 https://linxidiwkzx.fang.com/
Logger:2020-03-15 20:29:01.887309 https://guangangxigulinyuan.fang.com/
Logger:2020-03-15 20:29:02.318376 https://xiangbohaoting.fang.com/
Logger:2020-03-15 20:29:02.706052 https://shuimuqinghuayc.fang.com/
Logger:2020-03-15 20:29:03.194334 https://shidaiguangchanghk.fang.com/
Logger:2020-03-15 20:29:03.518425 https://huaxiayuehaibgy.fang.com/
Logger:2020-03-15 20:29:03.908674 https://huayue022.fang.com/
Logger:2020-03-15 20:29:04.204516 https://xinghechuanqi022.fang.com/
Logger:2020-03-15 20:29:04.538376 https://gelinfudi.fang.com/
Logger:2020-03-15 20:29:04.778806 https://donghuxiaozhen.fang.com/
Logger:2020-03-15 20:29:07.596600 https://huafuyxhx.fang.com/
Logger:2020-03-15 20:29:08.035930 https://taihefu.fang.com/
Logger:2020-03-15 20:29:08.327152 https://xiyuefeng.fang.com/
Logger:2020-03-15 20:29:10.319692 https://xiyuegongguansc.fang.com/
Logger:2020-03-15 20:29:10.624844 https://bohaidujiacun.fang.com/
Logger:2020-03-15 20:29:13.982072 https://tj.newhouse.fang.com/house/s/b927/
Logger:2020-03-15 20:29:14.222344 https://jinshalongdigongfu.fang.com/
Logger:2020-03-15 20:29:14.540493 https://jingjisanshibadong.fang.com/
Logger:2020-03-15 20:29:14.859720 https://milanyangguang2022.fang.com/
Logger:2020-03-15 20:29:15.151581 https://lvzhouwan8hao.fang.com/
Logger:2020-03-15 20:29:15.580886 https://mingfaguangchangbh.fang.com/
Logger:2020-03-15 20:29:15.951487 https://guangheyuantf.fang.com/
Logger:2020-03-15 20:29:16.226793 https://xinghelingyu.fang.com/
Logger:2020-03-15 20:29:16.549924 https://lvdiqianhouyuan.fang.com/
Logger:2020-03-15 20:29:16.808194 https://kanhaixuan.fang.com/
Logger:2020-03-15 20:29:17.190731 https://junjingguangchanghs.fang.com/
Logger:2020-03-15 20:29:17.434164 https://huatangmingdiht.fang.com/
Logger:2020-03-15 20:29:17.736355 https://nanhu9hao.fang.com/
Logger:2020-03-15 20:29:19.511827 https://antianxinyu.fang.com/
Logger:2020-03-15 20:29:20.460002 https://tinghailanshan.fang.com/
Logger:2020-03-15 20:29:20.777121 https://jianqiaojun.fang.com/
Logger:2020-03-15 20:29:21.124272 https://yongyanggongguan.fang.com/
Logger:2020-03-15 20:29:25.945689 https://binhaixingherongyu.fang.com/
Logger:2020-03-15 20:29:28.729654 https://yatailangongguan.fang.com/
Logger:2020-03-15 20:29:29.093718 https://shenzhenwan022.fang.com/
Logger:2020-03-15 20:29:29.350587 https://chaoyanghuayuan3022.fang.com/
Logger:2020-03-15 20:29:32.652608 https://tj.newhouse.fang.com/house/s/b928/
Logger:2020-03-15 20:29:32.939516 https://zijinzhuangyuan2.fang.com/
Logger:2020-03-15 20:29:33.292651 https://dongnanzhongxinheyueju.fang.com/
Logger:2020-03-15 20:29:34.244027 https://blockjiequbl.fang.com/
Logger:2020-03-15 20:29:34.567773 https://binjiangguoji022.fang.com/
Logger:2020-03-15 20:29:34.896449 https://chenyue.fang.com/
Logger:2020-03-15 20:29:35.123337 https://beitangguzhen.fang.com/
Logger:2020-03-15 20:29:35.447487 https://yizhongxinbgy.fang.com/
Logger:2020-03-15 20:29:35.690819 https://rongtaiguangchang.fang.com/
Logger:2020-03-15 20:29:36.629894 https://shangganghuafu.fang.com/
Logger:2020-03-15 20:29:37.557056 https://yuheyuan022.fang.com/
Logger:2020-03-15 20:29:42.642365 https://longzexinyuan.fang.com/
Logger:2020-03-15 20:29:43.126071 https://shiwudongdfl.fang.com/
Logger:2020-03-15 20:29:43.493324 https://guanganghushanghs.fang.com/
Logger:2020-03-15 20:29:43.782588 https://kejijinrongdashatj.fang.com/office/
Logger:2020-03-15 20:29:44.208144 https://jxjwf022.fang.com/
Logger:2020-03-15 20:29:44.446502 https://jinhaiyunzhu.fang.com/
Logger:2020-03-15 20:29:44.739718 https://youyihuafu.fang.com/
Logger:2020-03-15 20:29:44.997321 https://xingguanghui022.fang.com/
Logger:2020-03-15 20:29:45.226740 https://meidiyunxifutj.fang.com/
Logger:2020-03-15 20:29:45.469056 https://chenfengjiayuan.fang.com/
Logger:2020-03-15 20:29:49.105303 https://tj.newhouse.fang.com/house/s/b929/
Logger:2020-03-15 20:29:49.332695 https://jingjinxiongyuan.fang.com/
Logger:2020-03-15 20:29:49.583980 https://boshidunxiaozhen.fang.com/shop/
Logger:2020-03-15 20:29:49.809462 https://tianbojinjiehx.fang.com/
Logger:2020-03-15 20:29:50.066734 https://kunlundashabl.fang.com/
Logger:2020-03-15 20:29:50.338003 https://xiyuehuisc.fang.com/
Logger:2020-03-15 20:29:51.915834 https://maobutianjiefh.fang.com/shop/
Logger:2020-03-15 20:29:52.146218 https://fudiguangchangyc.fang.com/
Logger:2020-03-15 20:29:52.455391 https://hesongfubd.fang.com/
Logger:2020-03-15 20:29:52.802462 https://xinyijiezn.fang.com/
Logger:2020-03-15 20:29:54.259070 https://jixianzhuangyuancheng.fang.com/
Logger:2020-03-15 20:29:54.519377 https://lushuidaodishang.fang.com/
Logger:2020-03-15 20:29:54.776772 https://wanlehuihx.fang.com/
Logger:2020-03-15 20:29:54.992452 https://gangdongxintiandi.fang.com/office/
Logger:2020-03-15 20:29:55.240557 https://dongaoguangchang022.fang.com/
Logger:2020-03-15 20:29:55.466910 https://jingjinzhihuiguangchang.fang.com/
Logger:2020-03-15 20:29:55.696377 https://haiwancaifuzhongxin.fang.com/
Logger:2020-03-15 20:29:58.213935 https://shijinbieshu.fang.com/
Logger:2020-03-15 20:29:58.482234 https://miansangongyu.fang.com/
Logger:2020-03-15 20:30:00.798766 https://yigongguantad.fang.com/
Logger:2020-03-15 20:30:01.049017 https://hongkanheyuan.fang.com/
Logger:2020-03-15 20:30:08.352178 https://tj.newhouse.fang.com/house/s/b930/
Logger:2020-03-15 20:30:08.588602 https://121325.fang.com/
Logger:2020-03-15 20:30:08.884014 https://xiangshuliyb.fang.com/
Logger:2020-03-15 20:30:09.191231 https://haiyuemingdi022.fang.com/
Logger:2020-03-15 20:30:09.442519 https://fengshangguojidy.fang.com/
Logger:2020-03-15 20:30:09.719778 https://hepingzhongxinjrj.fang.com/office/
Logger:2020-03-15 20:30:10.005206 https://weilaihuihf022.fang.com/
Logger:2020-03-15 20:30:10.253600 https://121279.fang.com/
Logger:2020-03-15 20:30:10.492917 https://yuejingwan022.fang.com/
Logger:2020-03-15 20:30:10.738262 https://haiganghuayuanht.fang.com/
Logger:2020-03-15 20:30:11.118208 https://aiweinuosenlin.fang.com/
Logger:2020-03-15 20:30:11.489202 https://ouzhu1898tdy.fang.com/
Logger:2020-03-15 20:30:11.831379 https://hongxingchengshiguangchang022.fang.com/
Logger:2020-03-15 20:30:12.072177 https://youlongyihaitingyuan.fang.com/
Logger:2020-03-15 20:30:12.427229 https://nanaoyajujc.fang.com/
Logger:2020-03-15 20:30:12.684581 https://fudiguangchangyc.fang.com/2/
Logger:2020-03-15 20:30:27.001154 https://halanzhuangyuan.fang.com/
Logger:2020-03-15 20:30:27.315314 https://jingjinguojichengzj.fang.com/
Logger:2020-03-15 20:30:27.622527 https://meilishan022.fang.com/
Logger:2020-03-15 20:30:27.864888 https://shiguangxiaozhenbgy022.fang.com/
Logger:2020-03-15 20:30:28.140250 https://hcjnkjy.fang.com/
Logger:2020-03-15 20:30:31.371688 https://tj.newhouse.fang.com/house/s/b931/
Logger:2020-03-15 20:30:36.270054 https://longtingyuan2022.fang.com/
Logger:2020-03-15 20:30:36.583250 https://nankaizhongxinjrj.fang.com/office/
Logger:2020-03-15 20:30:36.832526 https://tongyongluyuan.fang.com/
Logger:2020-03-15 20:30:37.137919 https://huadingdashahh.fang.com/
Logger:2020-03-15 20:30:37.357843 https://pingshuhuafu.fang.com/
Logger:2020-03-15 20:30:43.562148 https://bozhiyuyuan022.fang.com/
Logger:2020-03-15 20:30:43.885901 https://shengshigong.fang.com/
Logger:2020-03-15 20:30:44.257118 https://guojihuiguanrw.fang.com/
Logger:2020-03-15 20:30:47.774942 https://xiangshuwanwanxiangshangjie.fang.com/shop/
Logger:2020-03-15 20:30:48.103106 https://xiyuanguangchangzh.fang.com/
Logger:2020-03-15 20:30:48.378402 https://weiniduredian.fang.com/
Logger:2020-03-15 20:30:48.593524 https://zefengmingyuan.fang.com/
Logger:2020-03-15 20:30:48.925635 https://tianjinhaitangwanhuayuan.fang.com/
Logger:2020-03-15 20:30:49.197153 https://yunhexiaozhen.fang.com/
Logger:2020-03-15 20:30:49.411248 https://wangguqiyejiequzsj.fang.com/
Logger:2020-03-15 20:30:49.657589 https://jinrongzhongxinpatd.fang.com/
Logger:2020-03-15 20:30:49.857056 https://xinchengcaizhizhongxin.fang.com/
Logger:2020-03-15 20:30:50.094420 https://zhenglouwan.fang.com/
Logger:2020-03-15 20:30:50.361777 https://tianjinjiezj.fang.com/
Logger:2020-03-15 20:30:50.691903 https://tftthzjp.fang.com/
Logger:2020-03-15 20:30:53.919768 https://tj.newhouse.fang.com/house/s/b932/
Logger:2020-03-15 20:30:54.135191 https://jinjieyinxiang.fang.com/
Logger:2020-03-15 20:30:54.394497 https://jixianhuafuyushu.fang.com/
Logger:2020-03-15 20:31:01.001835 https://kuangshiguoji.fang.com/
Logger:2020-03-15 20:31:01.272197 https://hechangfu022.fang.com/
Logger:2020-03-15 20:31:01.557433 https://121277.fang.com/
Logger:2020-03-15 20:31:04.748667 https://wenquanzhuangyuanyh.fang.com/
Logger:2020-03-15 20:31:05.061829 https://jixiantanghuagongguan.fang.com/
Logger:2020-03-15 20:31:05.295110 https://xinyegongguan.fang.com/
Logger:2020-03-15 20:31:10.364401 https://pinsuozhongxin.fang.com/
Logger:2020-03-15 20:31:11.276895 https://yuelihongjie.fang.com/
Logger:2020-03-15 20:31:14.583129 https://nankaikejichengqd.fang.com/
Logger:2020-03-15 20:31:14.853054 https://jixianqinyuanlanshan.fang.com/
Logger:2020-03-15 20:31:19.800486 https://121265.fang.com/
Logger:2020-03-15 20:31:20.037851 https://yonghefuyz.fang.com/
Logger:2020-03-15 20:31:20.327873 https://junyueguangchanghs.fang.com/
Logger:2020-03-15 20:31:20.616103 https://zhongjieshangyeguangchang.fang.com/
Logger:2020-03-15 20:31:20.841500 https://laimengguojigongguan.fang.com/
Logger:2020-03-15 20:31:22.392350 https://jixianzhidaozhuangyuan.fang.com/
Logger:2020-03-15 20:31:22.797288 https://yinheparkbgy.fang.com/
Logger:2020-03-15 20:31:23.087554 https://zhongjianjinyuan.fang.com/shop/
Logger:2020-03-15 20:31:26.868997 https://tj.newhouse.fang.com/house/s/b933/
Logger:2020-03-15 20:31:27.102454 https://xintiannanjiehx.fang.com/shop/
Logger:2020-03-15 20:31:27.383657 https://zhongjiaocgu.fang.com/
Logger:2020-03-15 20:31:27.634984 https://hualianguojiguangchangdd.fang.com/
Logger:2020-03-15 20:31:27.922359 https://huichuandashatb.fang.com/
Logger:2020-03-15 20:31:28.410055 https://jijingfengge.fang.com/shop/
Logger:2020-03-15 20:31:28.690306 https://guojiguangchangtq.fang.com/office/
Logger:2020-03-15 20:31:28.900742 https://duoweishiguangsc.fang.com/
Logger:2020-03-15 20:31:29.128064 https://hexingdasha022.fang.com/
Logger:2020-03-15 20:31:29.364431 https://jianfadasha022.fang.com/
Logger:2020-03-15 20:31:29.675653 https://jixianhuajingjiayuan.fang.com/
Logger:2020-03-15 20:31:29.922991 https://jxxhjy022.fang.com/
Logger:2020-03-15 20:31:31.142791 https://plgxmgf.fang.com/
Logger:2020-03-15 20:31:34.352527 https://cwhg.fang.com/
Logger:2020-03-15 20:31:34.631381 https://jixianlongfuyihao.fang.com/
Logger:2020-03-15 20:31:36.040118 https://zehuazhongxinyx.fang.com/
Logger:2020-03-15 20:31:39.506151 https://guojizhongxinbl.fang.com/shop/
Logger:2020-03-15 20:31:39.664726 https://ruifengguangchang.fang.com/
Logger:2020-03-15 20:31:39.875193 https://wcjhkxdd.fang.com/
Logger:2020-03-15 20:31:42.326800 https://zimaotiancheng.fang.com/
Logger:2020-03-15 20:31:42.600690 https://chengshiguangchangsx.fang.com/
Logger:2020-03-15 20:31:46.259975 https://tj.newhouse.fang.com/house/s/b934/
Logger:2020-03-15 20:31:46.476397 https://fengqingshangyejiemlf.fang.com/
Logger:2020-03-15 20:31:46.683349 https://jiahuimoerguangchang.fang.com/
Logger:2020-03-15 20:31:46.968951 https://guojibandaosc.fang.com/
Logger:2020-03-15 20:31:47.445924 https://yichengyuefujd.fang.com/
Logger:2020-03-15 20:31:49.672546 https://yichengruifujd.fang.com/
Logger:2020-03-15 20:31:49.972743 https://zysmbbbkj.fang.com/
Logger:2020-03-15 20:31:50.240028 https://datangyinxiang.fang.com/
Logger:2020-03-15 20:31:50.630983 https://jinlu.fang.com/
Logger:2020-03-15 20:31:50.975230 https://jingjidingyuanhx.fang.com/
Logger:2020-03-15 20:31:51.299364 https://yuanxionglanyuan.fang.com/
Logger:2020-03-15 20:31:51.620017 https://yujingbandaohd022.fang.com/
Logger:2020-03-15 20:31:51.964600 https://cuijinhumeishudao.fang.com/
Logger:2020-03-15 20:31:52.295718 https://tianbaizhongxin.fang.com/
Logger:2020-03-15 20:31:52.607389 https://caifuxingyuan022.fang.com/
Logger:2020-03-15 20:31:52.898120 https://guojiqiyedadaobh.fang.com/
Logger:2020-03-15 20:31:54.666390 https://guojiguangchangxh022.fang.com/
Logger:2020-03-15 20:31:54.873861 https://nuodezhongxintj.fang.com/shop/
Logger:2020-03-15 20:31:58.088174 https://tj.newhouse.fang.com/house/s/b935/
Logger:2020-03-15 20:32:01.766195 https://tj.newhouse.fang.com/house/s/b936/
Logger:2020-03-15 20:32:05.553793 https://tj.newhouse.fang.com/house/s/b937/
