Logger:2020-03-16 16:48:39.276156 https://tl.newhouse.fang.com/house/s/b91/
Logger:2020-03-16 16:48:39.642173 https://tanxiangwantl.fang.com/
Logger:2020-03-16 16:48:40.012184 https://biguiyuantl.fang.com/
Logger:2020-03-16 16:48:40.453006 https://beijingguanzhu.fang.com/
Logger:2020-03-16 16:48:42.543090 https://alitanyinhewan.fang.com/
Logger:2020-03-16 16:48:42.889441 https://xiwangyueshengwan.fang.com/
Logger:2020-03-16 16:48:43.245999 https://taifengyuexitai.fang.com/
Logger:2020-03-16 16:48:45.521803 https://longtingguojicd.fang.com/
Logger:2020-03-16 16:48:45.921733 https://jiahehuijingwan.fang.com/
Logger:2020-03-16 16:48:47.945423 https://fenghuangchenggx.fang.com/
Logger:2020-03-16 16:48:48.417397 https://tongliaoxianggelila.fang.com/
Logger:2020-03-16 16:48:50.586726 https://xihumingdutl.fang.com/
Logger:2020-03-16 16:48:52.958958 https://zhongxinguojiyalongwan.fang.com/
Logger:2020-03-16 16:48:53.340918 https://dongjunsylw.fang.com/
Logger:2020-03-16 16:49:00.305120 https://yongmaoshuiantl.fang.com/
Logger:2020-03-16 16:49:03.698607 https://dayuexincheng0475.fang.com/
Logger:2020-03-16 16:49:04.025740 https://tljinxiuzhonghua.fang.com/
Logger:2020-03-16 16:49:04.358852 https://tongliaowandaguangchang.fang.com/
Logger:2020-03-16 16:49:04.682979 https://chengtlfl.fang.com/
Logger:2020-03-16 16:49:05.623820 https://tianciliangyuanty0475.fang.com/
Logger:2020-03-16 16:49:07.881900 https://heshuoyuefutl.fang.com/
Logger:2020-03-16 16:49:11.980899 https://tl.newhouse.fang.com/house/s/b92/
Logger:2020-03-16 16:49:12.312343 https://chengshizhixingtl.fang.com/
Logger:2020-03-16 16:49:12.662596 https://wanlichengtl.fang.com/
Logger:2020-03-16 16:49:13.104445 https://zhongxinguojitl.fang.com/
Logger:2020-03-16 16:49:13.462456 https://mengtaidashatl.fang.com/
Logger:2020-03-16 16:49:15.252834 https://shuianguandiyd.fang.com/
Logger:2020-03-16 16:49:15.584471 https://tongliaofulishangyueju.fang.com/
Logger:2020-03-16 16:49:15.935530 https://zgtjbieshu.fang.com/
Logger:2020-03-16 16:49:18.669414 https://jhqhytl.fang.com/
Logger:2020-03-16 16:49:20.470491 https://ziyungongguanlx.fang.com/
Logger:2020-03-16 16:49:20.816550 https://ruixiangfujh.fang.com/
Logger:2020-03-16 16:49:22.894403 https://tianxijh.fang.com/
Logger:2020-03-16 16:49:23.267019 https://akadiyatl.fang.com/
Logger:2020-03-16 16:49:23.611321 https://tlkailiguoji.fang.com/
Logger:2020-03-16 16:49:23.942436 https://wuzhouchengtl.fang.com/
Logger:2020-03-16 16:49:24.359321 https://huitongguojijx.fang.com/
Logger:2020-03-16 16:49:24.702440 https://taihexincheng0475.fang.com/
Logger:2020-03-16 16:49:25.043745 https://zhongyangguangchangzq.fang.com/
Logger:2020-03-16 16:49:25.627103 https://yimeihuatingth.fang.com/
Logger:2020-03-16 16:49:26.020996 https://gaoerfudushihuayuan.fang.com/
Logger:2020-03-16 16:49:26.357121 https://wangfujingkeq.fang.com/
Logger:2020-03-16 16:49:33.704310 https://tl.newhouse.fang.com/house/s/b93/
Logger:2020-03-16 16:49:33.947629 https://fuyadongju.fang.com/
Logger:2020-03-16 16:49:34.301682 https://fujinghuatingxg.fang.com/
Logger:2020-03-16 16:49:36.826787 https://huaxiadashatl.fang.com/
Logger:2020-03-16 16:49:38.906063 https://taihexincheng0475.fang.com/
Logger:2020-03-16 16:49:39.247192 https://qiaohonggang.fang.com/
Logger:2020-03-16 16:49:39.575356 https://huanlehean.fang.com/
Logger:2020-03-16 16:49:42.926369 https://meiyuhuafu.fang.com/
Logger:2020-03-16 16:49:46.643693 https://tl.newhouse.fang.com/house/s/b94/
Logger:2020-03-16 16:49:50.156170 https://tl.newhouse.fang.com/house/s/b95/
Logger:2020-03-16 16:49:54.043699 https://tl.newhouse.fang.com/house/s/b96/
