Logger:2020-03-17 00:49:25.499995 https://tongxiang.newhouse.fang.com/house/s/b91/
Logger:2020-03-17 00:49:25.861029 https://feicuitianyufuwk2.fang.com/
Logger:2020-03-17 00:49:26.168205 https://yonghuafuzs20573.fang.com/
Logger:2020-03-17 00:49:28.031224 https://yongjingwanzs0573.fang.com/
Logger:2020-03-17 00:49:30.126576 https://guojishequtx0573.fang.com/
Logger:2020-03-17 00:49:30.401840 https://tianchenyuanzhulh20573.fang.com/2/
Logger:2020-03-17 00:49:30.653168 https://fengminggongguanbgytx.fang.com/
Logger:2020-03-17 00:49:32.403516 https://wenxinghuayuanhlb0573.fang.com/
Logger:2020-03-17 00:49:32.668817 https://tianchenyuanzhulh2.fang.com/
Logger:2020-03-17 00:49:32.946072 https://wuzhenyayuanlc3.fang.com/
Logger:2020-03-17 00:49:33.193373 https://zygyld.fang.com/
Logger:2020-03-17 00:49:33.766880 https://lvchenglanyuanwz.fang.com/
Logger:2020-03-17 00:49:34.021199 https://zijinshoufufm.fang.com/
Logger:2020-03-17 00:49:34.487952 https://liuanchunfenghs.fang.com/
Logger:2020-03-17 00:49:34.736270 https://fanhualibgy20573.fang.com/
Logger:2020-03-17 00:49:34.980615 https://xsgyf0573.fang.com/
Logger:2020-03-17 00:49:35.207982 https://lvchengpuyuan.fang.com/
Logger:2020-03-17 00:49:35.628857 https://jnggzt.fang.com/
Logger:2020-03-17 00:49:35.900130 https://yangguangchengchongdefubgy.fang.com/
Logger:2020-03-17 00:49:36.161431 https://xiangxilanyuan20573.fang.com/
Logger:2020-03-17 00:49:36.424727 https://jinyulantingrz2.fang.com/
Logger:2020-03-17 00:49:40.138927 https://tongxiang.newhouse.fang.com/house/s/b92/
Logger:2020-03-17 00:49:42.426690 https://ronganfutx0573.fang.com/
Logger:2020-03-17 00:49:42.674010 https://dayuefujx0573.fang.com/
Logger:2020-03-17 00:49:42.921348 https://yunheyujingbgy2.fang.com/
Logger:2020-03-17 00:49:43.188674 https://wanjuanfenghuarajd.fang.com/
Logger:2020-03-17 00:49:43.916727 https://youyouxiangzhoujy.fang.com/
Logger:2020-03-17 00:49:44.164059 https://feihuyuxigongguan0573.fang.com/
Logger:2020-03-17 00:49:44.414353 https://youyoujingyuan0573.fang.com/
Logger:2020-03-17 00:49:44.690653 https://liuanxiaofengkd0573.fang.com/
Logger:2020-03-17 00:49:45.023724 https://saimiaowanyuleyuanwz.fang.com/
Logger:2020-03-17 00:49:48.676950 https://tongxiang.newhouse.fang.com/house/s/b93/
Logger:2020-03-17 00:49:52.202519 https://tongxiang.newhouse.fang.com/house/s/b94/
Logger:2020-03-17 00:49:55.689233 https://tongxiang.newhouse.fang.com/house/s/b95/
