Logger:2020-03-15 21:42:06.574277 https://tongling.newhouse.fang.com/house/s/b91/
Logger:2020-03-15 21:42:07.234493 https://hengdayufu0562.fang.com/
Logger:2020-03-15 21:42:10.702811 https://fuandelinshijia.fang.com/
Logger:2020-03-15 21:42:12.066241 https://tuojidyfd.fang.com/
Logger:2020-03-15 21:42:12.487126 https://tgypjs.fang.com/
Logger:2020-03-15 21:42:12.871296 https://yanlangongguanjdd.fang.com/
Logger:2020-03-15 21:42:16.304913 https://tongdutiandigs.fang.com/
Logger:2020-03-15 21:42:16.760708 https://huayuancuihuwan.fang.com/
Logger:2020-03-15 21:42:17.188550 https://tlshidaimingmen.fang.com/
Logger:2020-03-15 21:42:17.613414 https://longshanhuyuandk.fang.com/
Logger:2020-03-15 21:42:20.130316 https://huayujiangnan0562.fang.com/
Logger:2020-03-15 21:42:20.497124 https://tongguanxianlonghuayuan.fang.com/
Logger:2020-03-15 21:42:20.890375 https://tlhuaikuangdongfanglanhai.fang.com/
Logger:2020-03-15 21:42:23.080132 https://tuojijiangshanjun.fang.com/
Logger:2020-03-15 21:42:23.402269 https://tlbinjiangyihaoyuan.fang.com/
Logger:2020-03-15 21:42:23.753368 https://tlxyhf.fang.com/
Logger:2020-03-15 21:42:24.180224 https://gydbqyh.fang.com/
Logger:2020-03-15 21:42:24.539268 https://wenyishilichunfeng.fang.com/
Logger:2020-03-15 21:42:26.071359 https://hengdalvzhou0562.fang.com/
Logger:2020-03-15 21:42:26.535544 https://wuyueguangchangtl.fang.com/
Logger:2020-03-15 21:42:26.889110 https://cuicanjiangnan.fang.com/
Logger:2020-03-15 21:42:31.562817 https://tongling.newhouse.fang.com/house/s/b92/
Logger:2020-03-15 21:42:31.871031 https://longzhangtaijdd.fang.com/
Logger:2020-03-15 21:42:33.634289 https://yilongshoufu.fang.com/
Logger:2020-03-15 21:42:34.012037 https://zongyangbiguiyuan.fang.com/
Logger:2020-03-15 21:42:35.360408 https://jinsenianhua0562.fang.com/
Logger:2020-03-15 21:42:35.732789 https://guotaiminancheng.fang.com/
Logger:2020-03-15 21:42:36.089353 https://tonglingbiguiyuan.fang.com/
Logger:2020-03-15 21:42:41.290195 https://biguiyuanyuexihu.fang.com/
Logger:2020-03-15 21:42:41.642538 https://longhumingcheng.fang.com/
Logger:2020-03-15 21:42:43.932025 https://fuanjiayuanyh.fang.com/
Logger:2020-03-15 21:42:44.364900 https://biguiyuantongguanle.fang.com/
Logger:2020-03-15 21:42:44.777763 https://jiangdufuhy.fang.com/
Logger:2020-03-15 21:42:45.327295 https://yuyetianyihuafu0562.fang.com/
Logger:2020-03-15 21:42:45.694800 https://tonghuahongyujiaxi.fang.com/
Logger:2020-03-15 21:42:46.101264 https://yihaoyuanzl0562.fang.com/
Logger:2020-03-15 21:42:46.519146 https://tianjingyuyuan.fang.com/
Logger:2020-03-15 21:42:49.698221 https://shengshimingzhu0562.fang.com/
Logger:2020-03-15 21:42:50.067234 https://jinseyanghuwan.fang.com/
Logger:2020-03-15 21:42:51.700259 https://tuojidingyuanguandi.fang.com/
Logger:2020-03-15 21:42:52.075322 https://runcheng0562.fang.com/
Logger:2020-03-15 21:42:52.380440 https://wuyuehuafutl.fang.com/
Logger:2020-03-15 21:42:56.128620 https://tongling.newhouse.fang.com/house/s/b93/
Logger:2020-03-15 21:42:58.332196 https://peidelasatld.fang.com/
Logger:2020-03-15 21:42:58.714175 https://xifengmingchengml.fang.com/
Logger:2020-03-15 21:43:01.140052 https://sijijinyuan.fang.com/
Logger:2020-03-15 21:43:01.430273 https://yingjianghuayuantg.fang.com/
Logger:2020-03-15 21:43:03.541627 https://yongquanfuguicheng.fang.com/
Logger:2020-03-15 21:43:06.517106 https://lanshanfurxhl.fang.com/
Logger:2020-03-15 21:43:06.895091 https://shijixinchengtg.fang.com/
Logger:2020-03-15 21:43:07.263106 https://dingyuanhuatingtj.fang.com/
Logger:2020-03-15 21:43:10.758719 https://mingmenhuafucm.fang.com/
Logger:2020-03-15 21:43:14.321476 https://tongling.newhouse.fang.com/house/s/b94/
Logger:2020-03-15 21:43:17.776737 https://tongling.newhouse.fang.com/house/s/b95/
Logger:2020-03-15 21:43:21.371572 https://tongling.newhouse.fang.com/house/s/b96/
