Logger:2020-03-16 15:35:44.452830 https://tonghua.newhouse.fang.com/house/s/b91/
Logger:2020-03-16 15:35:44.776669 https://thblllxg.fang.com/
Logger:2020-03-16 15:35:45.149182 https://houdezaiwuhuayuan.fang.com/
Logger:2020-03-16 15:35:45.741633 https://hongkanglicheng.fang.com/
Logger:2020-03-16 15:35:46.078695 https://guilinshanshuichengthx.fang.com/
Logger:2020-03-16 15:35:46.376867 https://jiangnanxiaozhen0435.fang.com/
Logger:2020-03-16 15:35:46.735447 https://lanjueguoji.fang.com/
Logger:2020-03-16 15:35:47.042264 https://huaxiangjiayuanth.fang.com/
Logger:2020-03-16 15:35:47.633681 https://yujingshoufuth.fang.com/
Logger:2020-03-16 15:35:49.894391 https://tonghua.newhouse.fang.com/house/1714189475.htm
Logger:2020-03-16 15:35:50.254939 https://yujingwanthx.fang.com/
Logger:2020-03-16 15:35:50.558031 https://lijingrenjia0435.fang.com/
Logger:2020-03-16 15:35:50.830937 https://jisenbailichength.fang.com/
Logger:2020-03-16 15:35:51.211932 https://thyangguangyicheng.fang.com/
Logger:2020-03-16 15:35:51.523086 https://thdayuchengbang.fang.com/
Logger:2020-03-16 15:35:51.903069 https://jdgwgcth.fang.com/
Logger:2020-03-16 15:35:52.210032 https://longwanhuiguanth.fang.com/
Logger:2020-03-16 15:35:52.533975 https://guimingxiyuan.fang.com/
Logger:2020-03-16 15:35:53.108040 https://wantongmingyuan.fang.com/
Logger:2020-03-16 15:35:57.049974 https://tonghua.newhouse.fang.com/house/s/b92/
Logger:2020-03-16 15:36:01.025311 https://tonghua.newhouse.fang.com/house/s/b93/
Logger:2020-03-16 15:36:04.812935 https://tonghua.newhouse.fang.com/house/s/b94/
