Logger:2020-03-16 19:58:37.891372 https://tongchuan.newhouse.fang.com/house/s/b91/
Logger:2020-03-16 19:58:38.217322 https://yongzhaohuating.fang.com/
Logger:2020-03-16 19:58:38.601294 https://xinqugongyuanyihao.fang.com/
Logger:2020-03-16 19:58:42.206263 https://feicuigongguan0919.fang.com/
Logger:2020-03-16 19:58:42.515436 https://zhongliangyihaoyuan0919.fang.com/
Logger:2020-03-16 19:58:42.791620 https://hongxiangyijing.fang.com/
Logger:2020-03-16 19:58:43.188600 https://xinquyihaoguangchang.fang.com/
Logger:2020-03-16 19:58:43.508086 https://yujinlanting.fang.com/
Logger:2020-03-16 19:58:43.826269 https://longjiguanyuan0919.fang.com/
Logger:2020-03-16 19:58:44.317957 https://baihuagongyuanyihao.fang.com/
Logger:2020-03-16 19:58:44.784782 https://lingdiweilaichengwuqi.fang.com/
Logger:2020-03-16 19:58:46.271365 https://tianlaishenghuoguangchang.fang.com/
Logger:2020-03-16 19:58:49.668542 https://zhengyangfu.fang.com/
Logger:2020-03-16 19:58:49.992675 https://qicaiguoji.fang.com/
Logger:2020-03-16 19:58:52.829175 https://datangyangshengxiaozhen.fang.com/
Logger:2020-03-16 19:58:53.136359 https://xingfuli0919.fang.com/
Logger:2020-03-16 19:58:53.443541 https://yinglunxiaozhen0919.fang.com/
Logger:2020-03-16 19:58:53.752710 https://hailinyuyuan2qi.fang.com/
Logger:2020-03-16 19:58:54.113759 https://zhengdahuating.fang.com/
Logger:2020-03-16 19:58:54.436948 https://yajufurongli.fang.com/
Logger:2020-03-16 19:58:54.836026 https://haitianhuafu.fang.com/
Logger:2020-03-16 19:58:58.625194 https://tongchuan.newhouse.fang.com/house/s/b92/
Logger:2020-03-16 19:58:58.973262 https://taiwushigongguan.fang.com/
Logger:2020-03-16 19:59:03.135982 https://jingguan360.fang.com/
Logger:2020-03-16 19:59:03.447180 https://dexinjiayuantc.fang.com/
Logger:2020-03-16 19:59:03.904720 https://zhongyijia0919.fang.com/
Logger:2020-03-16 19:59:04.451368 https://jinyangxuefu.fang.com/
Logger:2020-03-16 19:59:04.838333 https://longjixuefucheng.fang.com/
Logger:2020-03-16 19:59:08.089018 https://zhongyanggongyuan0919.fang.com/
Logger:2020-03-16 19:59:08.447428 https://xinghewanlj.fang.com/
Logger:2020-03-16 19:59:08.718664 https://tcxingfuhuayuan.fang.com/
Logger:2020-03-16 19:59:11.429811 https://shangyemingcheng.fang.com/
Logger:2020-03-16 19:59:11.795825 https://shuijingdao.fang.com/
Logger:2020-03-16 19:59:12.101009 https://tongchuanxingfujiayuan.fang.com/
Logger:2020-03-16 19:59:12.434658 https://baihuaguoji.fang.com/
Logger:2020-03-16 19:59:12.807663 https://guojijiequlc.fang.com/
Logger:2020-03-16 19:59:13.137814 https://fangzaoyazhu.fang.com/
Logger:2020-03-16 19:59:13.446994 https://shuangchengguoji0919.fang.com/
Logger:2020-03-16 19:59:13.738170 https://zhengyangshangmaocheng.fang.com/shop/
Logger:2020-03-16 19:59:14.057070 https://xinduhuilj.fang.com/
Logger:2020-03-16 19:59:14.337419 https://meijiahuashangyezhongxin.fang.com/
Logger:2020-03-16 19:59:14.641607 https://haitianhuafushangpu.fang.com/
Logger:2020-03-16 19:59:18.422087 https://tongchuan.newhouse.fang.com/house/s/b93/
Logger:2020-03-16 19:59:22.060888 https://tongchuan.newhouse.fang.com/house/s/b94/
Logger:2020-03-16 19:59:25.547516 https://tongchuan.newhouse.fang.com/house/s/b95/
