Logger:2020-03-16 14:51:24.855484 https://tongshan.newhouse.fang.com/house/s/b91/
Logger:2020-03-16 14:51:25.164583 https://huangojiequ.fang.com/
Logger:2020-03-16 14:51:25.453861 https://heguangchengyueblwk.fang.com/
Logger:2020-03-16 14:51:25.762017 https://bojingwanzj0516.fang.com/
Logger:2020-03-16 14:51:26.077142 https://qingyunfuyc.fang.com/
Logger:2020-03-16 14:51:26.387332 https://jiaoshanfu.fang.com/
Logger:2020-03-16 14:51:26.654635 https://meiditianyu.fang.com/
Logger:2020-03-16 14:51:26.937878 https://shidaizhiguangblwk.fang.com/
Logger:2020-03-16 14:51:27.239034 https://zhixiangchengyc.fang.com/
Logger:2020-03-16 14:51:27.604057 https://yongcuiyuanmd.fang.com/
Logger:2020-03-16 14:51:27.876370 https://xiaochenggushi0516.fang.com/
Logger:2020-03-16 14:51:28.171578 https://jinmaofuch.fang.com/
Logger:2020-03-16 14:51:28.536563 https://wutonggongguan0516.fang.com/
Logger:2020-03-16 14:51:29.977707 https://yihaojiequ0516.fang.com/
Logger:2020-03-16 14:51:30.241003 https://huyushuld.fang.com/2/
Logger:2020-03-16 14:51:30.529287 https://qianxicheng0516.fang.com/
Logger:2020-03-16 14:51:30.876345 https://zimaoguangchang.fang.com/
Logger:2020-03-16 14:51:31.123642 https://huijingchengzj.fang.com/
Logger:2020-03-16 14:51:31.397908 https://huajianxitang.fang.com/
Logger:2020-03-16 14:51:31.687134 https://shidaizhiguangjingchengblwk.fang.com/
Logger:2020-03-16 14:51:31.989361 https://yinshanguanhuyj.fang.com/
Logger:2020-03-16 14:51:35.637566 https://tongshan.newhouse.fang.com/house/s/b92/
Logger:2020-03-16 14:51:35.922833 https://shengyeheyuan.fang.com/
Logger:2020-03-16 14:51:36.203053 https://tsypmj.fang.com/
Logger:2020-03-16 14:51:36.546177 https://fenglinxuefu.fang.com/
Logger:2020-03-16 14:51:42.939076 https://fenglintianxia.fang.com/3/
Logger:2020-03-16 14:51:43.299071 https://longyaoshanju.fang.com/
Logger:2020-03-16 14:51:43.596316 https://xiyuefuzbd.fang.com/
Logger:2020-03-16 14:51:43.904451 https://zhonghenanyuan.fang.com/
Logger:2020-03-16 14:51:44.180712 https://xinduhuiwk20516.fang.com/
Logger:2020-03-16 14:51:44.435069 https://lanchenglanyuan0516.fang.com/
Logger:2020-03-16 14:51:44.875888 https://nianhuagutaoyuanchanjing.fang.com/
Logger:2020-03-16 14:51:45.138182 https://xiyuezbd.fang.com/
Logger:2020-03-16 14:51:51.397441 https://shanshuiwenyuanht.fang.com/
Logger:2020-03-16 14:51:51.731565 https://hyhycq.fang.com/
Logger:2020-03-16 14:51:52.022733 https://fenghuangyuanzhu0516.fang.com/
Logger:2020-03-16 14:51:52.303015 https://fenghuiylh.fang.com/
Logger:2020-03-16 14:51:52.582236 https://tsgjyj.fang.com/
Logger:2020-03-16 14:51:52.829582 https://chunqiujiulifu.fang.com/
Logger:2020-03-16 14:51:53.154739 https://shangshuipuyuan.fang.com/
Logger:2020-03-16 14:51:53.462881 https://jiangshanyu.fang.com/
Logger:2020-03-16 14:51:53.696281 https://tsfltx.fang.com/
Logger:2020-03-16 14:51:57.293633 https://tongshan.newhouse.fang.com/house/s/b93/
Logger:2020-03-16 14:51:57.581861 https://tsjllq.fang.com/
Logger:2020-03-16 14:51:57.836181 https://tsbxrsyl.fang.com/
Logger:2020-03-16 14:51:58.053599 https://whmjts.fang.com/
Logger:2020-03-16 14:51:58.340832 https://huyuetianjing123.fang.com/
Logger:2020-03-16 14:51:58.578196 https://runfujiayuan0516.fang.com/
Logger:2020-03-16 14:51:58.890397 https://sfyjtongshan.fang.com/
Logger:2020-03-16 14:51:59.892722 https://wtkcts.fang.com/
Logger:2020-03-16 14:52:00.136028 https://cfwts.fang.com/
Logger:2020-03-16 14:52:00.391384 https://fryts.fang.com/
Logger:2020-03-16 14:52:01.274982 https://fhhyts.fang.com/
Logger:2020-03-16 14:52:01.549250 https://chhycq.fang.com/
Logger:2020-03-16 14:52:01.810550 https://zhihuixiaozhenwy2.fang.com/
Logger:2020-03-16 14:52:02.054895 https://yrtycts.fang.com/
Logger:2020-03-16 14:52:02.353135 https://tsgxc.fang.com/
Logger:2020-03-16 14:52:04.561190 https://tongshan.newhouse.fang.com/house/1853282610.htm
Logger:2020-03-16 14:52:04.807574 https://yunjingtaizj0516.fang.com/
Logger:2020-03-16 14:52:05.092811 https://tshrzdylhyf.fang.com/
Logger:2020-03-16 14:52:09.481055 https://tongshan.newhouse.fang.com/house/s/b94/
Logger:2020-03-16 14:52:13.248988 https://tongshan.newhouse.fang.com/house/s/b95/
Logger:2020-03-16 14:52:16.916175 https://tongshan.newhouse.fang.com/house/s/b96/
