Logger:2020-03-16 01:58:02.103038 https://tongren.newhouse.fang.com/house/s/b91/
Logger:2020-03-16 01:58:02.321078 https://qingtaiyuan.fang.com/
Logger:2020-03-16 01:58:02.563860 https://jiaoyuyuanqucd.fang.com/
Logger:2020-03-16 01:58:02.814542 https://wanhexingcheng.fang.com/
Logger:2020-03-16 01:58:03.389874 https://tongdashanyun.fang.com/
Logger:2020-03-16 01:58:04.189188 https://zhongtianyujing.fang.com/
Logger:2020-03-16 01:58:05.877008 https://mingjiahuigjgc.fang.com/
Logger:2020-03-16 01:58:07.345415 https://jinxiutianditd.fang.com/
Logger:2020-03-16 01:58:07.579072 https://sjsdtj.fang.com/
Logger:2020-03-16 01:58:09.394851 https://jinjiangyipin.fang.com/
Logger:2020-03-16 01:58:09.629502 https://jianghuamingdu.fang.com/
Logger:2020-03-16 01:58:10.973232 https://nyqsw.fang.com/
Logger:2020-03-16 01:58:11.222588 https://jinjiangyudu.fang.com/
Logger:2020-03-16 01:58:11.580057 https://yulongwanym.fang.com/
Logger:2020-03-16 01:58:11.860857 https://zhihuishengtaichengtrgr.fang.com/
Logger:2020-03-16 01:58:12.689505 https://wanfuchengbs.fang.com/
Logger:2020-03-16 01:58:12.938848 https://tianhongshangcheng.fang.com/
Logger:2020-03-16 01:58:14.445600 https://yujingyangguangshanzhuang.fang.com/2/
Logger:2020-03-16 01:58:16.023801 https://tongren.newhouse.fang.com/house/3312182732.htm
Logger:2020-03-16 01:58:18.435208 https://xyxygg.fang.com/
Logger:2020-03-16 01:58:19.258017 https://jintongguojincc.fang.com/
Logger:2020-03-16 01:58:23.219199 https://tongren.newhouse.fang.com/house/s/b92/
Logger:2020-03-16 01:58:23.961291 https://yidunxiaozhen0856.fang.com/
Logger:2020-03-16 01:58:25.234177 https://wanfucheng0856.fang.com/
Logger:2020-03-16 01:58:25.499032 https://hgs6h.fang.com/
Logger:2020-03-16 01:58:25.748973 https://gongyuandao1hao.fang.com/
Logger:2020-03-16 01:58:26.046154 https://baorunguoji0856.fang.com/
Logger:2020-03-16 01:58:26.280812 https://jianghuaguoji.fang.com/
Logger:2020-03-16 01:58:28.108103 https://shijihuafu0856.fang.com/
Logger:2020-03-16 01:58:28.342636 https://shuxiangmingyuanhf.fang.com/
Logger:2020-03-16 01:58:28.623294 https://jinpengguoji0856.fang.com/
Logger:2020-03-16 01:58:30.826389 https://jinlinbandaodt.fang.com/
Logger:2020-03-16 01:58:31.670173 https://rlgjc.fang.com/
Logger:2020-03-16 01:58:31.888509 https://xichengyudu.fang.com/
Logger:2020-03-16 01:58:32.201128 https://xngjsmc.fang.com/
Logger:2020-03-16 01:58:32.434896 https://jinlinbandao0856.fang.com/
Logger:2020-03-16 01:58:33.878577 https://bandaohaoyuanjt.fang.com/
Logger:2020-03-16 01:58:35.378229 https://stsdtj.fang.com/
Logger:2020-03-16 01:58:37.018464 https://mingchengshijia.fang.com/3/
Logger:2020-03-16 01:58:38.251873 https://huafujiyuan.fang.com/
Logger:2020-03-16 01:58:38.501847 https://xiangyuesijixy.fang.com/
Logger:2020-03-16 01:58:40.372264 https://jiayihuayuanqt.fang.com/2/
Logger:2020-03-16 01:58:44.000056 https://tongren.newhouse.fang.com/house/s/b93/
Logger:2020-03-16 01:58:45.483566 https://baishengtaoyuan.fang.com/
Logger:2020-03-16 01:58:45.718467 https://xiaohahagjsmc.fang.com/
Logger:2020-03-16 01:58:45.952204 https://fxcsc.fang.com/
Logger:2020-03-16 01:58:46.782690 https://mdzygg.fang.com/
Logger:2020-03-16 01:58:48.685573 https://shanghuidashatr.fang.com/
Logger:2020-03-16 01:58:50.266412 https://jinyuanncc.fang.com/
Logger:2020-03-16 01:58:53.781701 https://tongren.newhouse.fang.com/house/s/b94/
Logger:2020-03-16 01:58:57.237248 https://tongren.newhouse.fang.com/house/s/b95/
Logger:2020-03-16 01:59:00.798111 https://tongren.newhouse.fang.com/house/s/b96/
