Logger:2020-03-15 22:07:46.138223 https://tongcheng.newhouse.fang.com/house/s/b91/
Logger:2020-03-15 22:07:46.534140 https://wutongguojiguangchang.fang.com/
Logger:2020-03-15 22:07:46.870202 https://jseyg.fang.com/
Logger:2020-03-15 22:07:47.233232 https://shanghejiayuan0556.fang.com/
Logger:2020-03-15 22:07:50.497324 https://tongchengshidaiguangchang.fang.com/
Logger:2020-03-15 22:07:50.880299 https://jinruimingcheng.fang.com/
Logger:2020-03-15 22:07:52.764841 https://fenghuangshanzhuang0556.fang.com/
Logger:2020-03-15 22:07:53.117429 https://tzsjhc.fang.com/
Logger:2020-03-15 22:07:55.817232 https://xianlonghuqilixiangxi.fang.com/
Logger:2020-03-15 22:07:56.221151 https://jinxingzhongyangcheng.fang.com/
Logger:2020-03-15 22:07:56.541300 https://jiuyangchuntian.fang.com/
Logger:2020-03-15 22:07:56.934314 https://xiangshangongguan.fang.com/
Logger:2020-03-15 22:07:58.341566 https://hrltsf.fang.com/
Logger:2020-03-15 22:07:58.754048 https://xsjdfc.fang.com/
Logger:2020-03-15 22:08:01.686298 https://tianhongzhonghuanyinzuo.fang.com/
Logger:2020-03-15 22:08:02.298172 https://shanshuilongcheng0556.fang.com/
Logger:2020-03-15 22:08:02.780880 https://longshanhuiyun.fang.com/
Logger:2020-03-15 22:08:06.758975 https://jiuyanghuayangnianhua.fang.com/
Logger:2020-03-15 22:08:07.271596 https://guzhenlideyuanzi.fang.com/
Logger:2020-03-15 22:08:10.645789 https://yinxinggongyuerqi.fang.com/
Logger:2020-03-15 22:08:10.998843 https://jinhengguojigongguan.fang.com/
Logger:2020-03-15 22:08:14.677595 https://tongcheng.newhouse.fang.com/house/s/b92/
Logger:2020-03-15 22:08:15.036347 https://yuananwenduyipin.fang.com/
Logger:2020-03-15 22:08:15.473730 https://tongchengqhmd.fang.com/
Logger:2020-03-15 22:08:15.858198 https://tcssjy.fang.com/
Logger:2020-03-15 22:08:16.261702 https://xiangyuannongmaochengjufujiayuan.fang.com/
Logger:2020-03-15 22:08:16.728211 https://tcstgj.fang.com/
Logger:2020-03-15 22:08:17.107836 https://tongchengjinyuanhuafu.fang.com/
Logger:2020-03-15 22:08:17.476332 https://yidiheyahui.fang.com/
Logger:2020-03-15 22:08:17.844935 https://xijiaoyujing.fang.com/
Logger:2020-03-15 22:08:18.244866 https://tongchengsymd.fang.com/
Logger:2020-03-15 22:08:18.571996 https://tongchengrenjia.fang.com/
Logger:2020-03-15 22:08:19.011321 https://wanxinlixiangcheng.fang.com/
Logger:2020-03-15 22:08:19.362344 https://ssjxqc.fang.com/
Logger:2020-03-15 22:08:19.766263 https://tongchengguojijiajucheng.fang.com/
Logger:2020-03-15 22:08:20.149362 https://wendumingjun.fang.com/
Logger:2020-03-15 22:08:20.612179 https://jinpingguoqingniancheng.fang.com/
Logger:2020-03-15 22:08:21.013099 https://shengyunxintiandi.fang.com/
Logger:2020-03-15 22:08:21.477858 https://guoyumingcheng.fang.com/
Logger:2020-03-15 22:08:21.900425 https://drfsyj.fang.com/
Logger:2020-03-15 22:08:22.242587 https://tongchengyudu.fang.com/
Logger:2020-03-15 22:08:24.534854 https://hongrunjiadi.fang.com/
Logger:2020-03-15 22:08:27.818949 https://tongcheng.newhouse.fang.com/house/s/b93/
Logger:2020-03-15 22:08:28.123234 https://hongrundushihuating.fang.com/
Logger:2020-03-15 22:08:28.486360 https://hepingshangcheng.fang.com/
Logger:2020-03-15 22:08:28.826451 https://wdxjk.fang.com/
Logger:2020-03-15 22:08:29.128641 https://henggaoguangchang.fang.com/
Logger:2020-03-15 22:08:32.700825 https://tongcheng.newhouse.fang.com/house/s/b94/
Logger:2020-03-15 22:08:36.357204 https://tongcheng.newhouse.fang.com/house/s/b95/
Logger:2020-03-15 22:08:39.979150 https://tongcheng.newhouse.fang.com/house/s/b96/
