Logger:2020-03-16 12:12:16.974492 https://ts.newhouse.fang.com/house/s/b91/
Logger:2020-03-16 12:12:17.306605 https://gengyangxindu.fang.com/
Logger:2020-03-16 12:12:17.615815 https://lanyuefuxc.fang.com/
Logger:2020-03-16 12:12:17.986786 https://xinchengruifu.fang.com/
Logger:2020-03-16 12:12:18.446554 https://shijixueting.fang.com/
Logger:2020-03-16 12:12:18.787642 https://yuhaitianxiahd0315.fang.com/
Logger:2020-03-16 12:12:19.060946 https://tangchengyilingyi.fang.com/
Logger:2020-03-16 12:12:19.464849 https://dachengjunjy0315.fang.com/
Logger:2020-03-16 12:12:19.825864 https://jiayujinghuyz.fang.com/
Logger:2020-03-16 12:12:23.178895 https://1887990315.fang.com/
Logger:2020-03-16 12:12:23.505022 https://weilaichengwk0315.fang.com/
Logger:2020-03-16 12:12:23.819182 https://meiyuxtd.fang.com/
Logger:2020-03-16 12:12:24.171309 https://feicuilanshanwk.fang.com/
Logger:2020-03-16 12:12:26.791267 https://fenghuangxi.fang.com/
Logger:2020-03-16 12:12:27.559176 https://huanyihaorc.fang.com/
Logger:2020-03-16 12:12:27.859416 https://tangtingyihaorc.fang.com/
Logger:2020-03-16 12:12:28.183506 https://fenghuangfuyz.fang.com/
Logger:2020-03-16 12:12:28.571469 https://fenghuangchengbgy0315.fang.com/
Logger:2020-03-16 12:12:30.479364 https://taohuayuanhd.fang.com/
Logger:2020-03-16 12:12:30.782555 https://bohaihaoting.fang.com/
Logger:2020-03-16 12:12:32.744305 https://jingtangchengjijiayuan.fang.com/
Logger:2020-03-16 12:12:36.018546 https://ts.newhouse.fang.com/house/s/b92/
Logger:2020-03-16 12:12:36.262977 https://yuhailanwan.fang.com/
Logger:2020-03-16 12:12:38.496953 https://jingdianwengehua.fang.com/
Logger:2020-03-16 12:12:38.833056 https://gongyuandadaomywk.fang.com/
Logger:2020-03-16 12:12:39.188092 https://tangsongguojizgtj.fang.com/
Logger:2020-03-16 12:12:39.500232 https://jinkejimeijunts.fang.com/
Logger:2020-03-16 12:12:39.818381 https://junxitaihe.fang.com/
Logger:2020-03-16 12:12:40.173431 https://mingshiyaju0315.fang.com/
Logger:2020-03-16 12:12:40.485597 https://chuangyejiast.fang.com/
Logger:2020-03-16 12:12:40.795805 https://wuyueguangchangts.fang.com/
Logger:2020-03-16 12:12:41.162822 https://kaixuangongguanfc.fang.com/
Logger:2020-03-16 12:12:41.431067 https://fengnandachengfuhh.fang.com/
Logger:2020-03-16 12:12:41.774194 https://guantangdijing.fang.com/
Logger:2020-03-16 12:12:44.733234 https://wanrunfu.fang.com/
Logger:2020-03-16 12:12:45.009494 https://feicuiguantangwk.fang.com/
Logger:2020-03-16 12:12:45.314677 https://tangshanwutongdadao.fang.com/
Logger:2020-03-16 12:12:45.634821 https://jinanhongbao.fang.com/
Logger:2020-03-16 12:12:45.985924 https://caofeidianfulicheng.fang.com/
Logger:2020-03-16 12:12:46.288074 https://zhongjiancheng.fang.com/
Logger:2020-03-16 12:12:47.932674 https://runtangyuefu.fang.com/
Logger:2020-03-16 12:12:49.592234 https://haiyuxinjuzgtj.fang.com/
Logger:2020-03-16 12:12:52.940278 https://ts.newhouse.fang.com/house/s/b93/
Logger:2020-03-16 12:12:55.062647 https://jinyufu0315.fang.com/
Logger:2020-03-16 12:12:55.347837 https://tianyuewanbgy.fang.com/
Logger:2020-03-16 12:12:57.522021 https://zhongjianfu.fang.com/
Logger:2020-03-16 12:12:57.824256 https://guohuayuanxhl.fang.com/
Logger:2020-03-16 12:12:58.167326 https://fulishihaots.fang.com/
Logger:2020-03-16 12:13:00.133036 https://rongshengxinchengxitangshangyuan.fang.com/
Logger:2020-03-16 12:13:01.832534 https://dieshanyuanyihao.fang.com/
Logger:2020-03-16 12:13:02.733081 https://jingtangchengjijiayuan.fang.com/
Logger:2020-03-16 12:13:03.032311 https://gongyuanyijing.fang.com/
Logger:2020-03-16 12:13:04.012740 https://rongshengbiguiyuanjiuxitai.fang.com/
Logger:2020-03-16 12:13:04.288953 https://nanhuchunxiaolc.fang.com/
Logger:2020-03-16 12:13:04.625051 https://jingyuefu.fang.com/
Logger:2020-03-16 12:13:04.970175 https://maohuatangyu.fang.com/
Logger:2020-03-16 12:13:05.941498 https://fengrunwankejinyuhuafu.fang.com/
Logger:2020-03-16 12:13:08.694134 https://fenghuangdaduhui.fang.com/
Logger:2020-03-16 12:13:08.971399 https://guohuayuanzongbudaguanxhl.fang.com/
Logger:2020-03-16 12:13:09.851063 https://shangdongshuijunbocheng.fang.com/
Logger:2020-03-16 12:13:10.167193 https://jinxiuhuayuanrs0315.fang.com/2/
Logger:2020-03-16 12:13:12.366348 https://qianxijinxiuguandirs.fang.com/
Logger:2020-03-16 12:13:12.714380 https://shengtaijiayuan0315.fang.com/
Logger:2020-03-16 12:13:17.374956 https://ts.newhouse.fang.com/house/s/b94/
Logger:2020-03-16 12:13:17.634218 https://hongbaotianxi.fang.com/
Logger:2020-03-16 12:13:17.922489 https://yuhailanwan.fang.com/
Logger:2020-03-16 12:13:20.867584 https://jingpanxueyuan.fang.com/
Logger:2020-03-16 12:13:21.176741 https://lanwanxiaozhenlc.fang.com/
Logger:2020-03-16 12:13:21.474943 https://binhaishoufu0315.fang.com/
Logger:2020-03-16 12:13:22.771555 https://laweina.fang.com/
Logger:2020-03-16 12:13:23.172402 https://hanwenfuhh.fang.com/
Logger:2020-03-16 12:13:23.465618 https://gangchengchunyi.fang.com/
Logger:2020-03-16 12:13:23.772835 https://yihaoyuanxsw.fang.com/
Logger:2020-03-16 12:13:24.188684 https://shengyuefufl.fang.com/
Logger:2020-03-16 12:13:24.490875 https://tianyuwanrg.fang.com/
Logger:2020-03-16 12:13:26.459640 https://yuefu0315.fang.com/
Logger:2020-03-16 12:13:26.777757 https://tanggongguanal.fang.com/
Logger:2020-03-16 12:13:28.151083 https://shuianmingdu0315.fang.com/
Logger:2020-03-16 12:13:28.437360 https://xintiandilugang21qudong.fang.com/
Logger:2020-03-16 12:13:28.738554 https://yutianwanruncheng.fang.com/
Logger:2020-03-16 12:13:29.098594 https://gongyuansijirh.fang.com/
Logger:2020-03-16 12:13:29.428708 https://beiwei39duzy.fang.com/
Logger:2020-03-16 12:13:32.398720 https://jinyanglanwan.fang.com/
Logger:2020-03-16 12:13:32.706912 https://shuishanlanyuan.fang.com/
Logger:2020-03-16 12:13:36.383062 https://ts.newhouse.fang.com/house/s/b95/
Logger:2020-03-16 12:13:36.661319 https://langyuejuht.fang.com/
Logger:2020-03-16 12:13:36.949584 https://xiangshuwanerhaoyuan.fang.com/
Logger:2020-03-16 12:13:37.295620 https://hengdahuafuts.fang.com/
Logger:2020-03-16 12:13:39.967472 https://qiananbiguiyuan.fang.com/
Logger:2020-03-16 12:13:40.261686 https://gongyuanyihaobgy0315.fang.com/
Logger:2020-03-16 12:13:40.519039 https://nanhucbd.fang.com/
Logger:2020-03-16 12:13:40.835194 https://jinxiuyueshanrs.fang.com/
Logger:2020-03-16 12:13:41.154298 https://nanhujindi.fang.com/
Logger:2020-03-16 12:13:41.482420 https://yuefuqiangcheng.fang.com/
Logger:2020-03-16 12:13:41.810542 https://longzeguoji.fang.com/
Logger:2020-03-16 12:13:44.190209 https://wankejunwang0315.fang.com/
Logger:2020-03-16 12:13:45.996383 https://jinyushanshu.fang.com/
Logger:2020-03-16 12:13:46.331447 https://jinxiuyufurs.fang.com/
Logger:2020-03-16 12:13:47.983073 https://tianchengjinxiuluannan.fang.com/
Logger:2020-03-16 12:13:48.229371 https://tangfudayuanyihaoyuanzhw.fang.com/
Logger:2020-03-16 12:13:48.504634 https://shuishanyuecheng.fang.com/
Logger:2020-03-16 12:13:50.561133 https://lansegangwan20315.fang.com/
Logger:2020-03-16 12:13:52.857039 https://shijiyuting.fang.com/
Logger:2020-03-16 12:13:54.449772 https://xingfujiayuanhy0315.fang.com/
Logger:2020-03-16 12:13:54.713056 https://yijingmeishu0315.fang.com/
Logger:2020-03-16 12:13:58.729323 https://ts.newhouse.fang.com/house/s/b96/
Logger:2020-03-16 12:13:59.102320 https://tianshangxihujs.fang.com/
Logger:2020-03-16 12:13:59.420475 https://yuyuan0315.fang.com/
Logger:2020-03-16 12:14:00.547418 https://qaxbljy.fang.com/
Logger:2020-03-16 12:14:00.843663 https://xingyuanyihaogongguan2.fang.com/
Logger:2020-03-16 12:14:03.140519 https://nanhuxiangshuwan.fang.com/
Logger:2020-03-16 12:14:03.685024 https://zuoanjinglin.fang.com/
Logger:2020-03-16 12:14:06.106546 https://tianyangchengqa.fang.com/
Logger:2020-03-16 12:14:06.667048 https://jinqiaoguojiqx.fang.com/
Logger:2020-03-16 12:14:06.913431 https://tianehuzhuangyuanfc.fang.com/
Logger:2020-03-16 12:14:07.235526 https://guanhujingyuan0315.fang.com/
Logger:2020-03-16 12:14:07.639488 https://shengshijingyuanlaoting.fang.com/
Logger:2020-03-16 12:14:09.401774 https://shidaizhongxin0315.fang.com/
Logger:2020-03-16 12:14:09.682001 https://fenghuanghupan.fang.com/
Logger:2020-03-16 12:14:10.010162 https://xinhualianguangchang0315.fang.com/
Logger:2020-03-16 12:14:12.262080 https://tixiangjun0315.fang.com/
Logger:2020-03-16 12:14:12.545364 https://xinyuekexiaozhen.fang.com/
Logger:2020-03-16 12:14:12.856528 https://xinshijiezhongxints.fang.com/
Logger:2020-03-16 12:14:13.161710 https://juntianxiahs.fang.com/
Logger:2020-03-16 12:14:15.953248 https://jingyuelanwanxs.fang.com/
Logger:2020-03-16 12:14:18.489420 https://jidongxitangjy.fang.com/
Logger:2020-03-16 12:14:22.204526 https://ts.newhouse.fang.com/house/s/b97/
Logger:2020-03-16 12:14:22.694172 https://shuguangdasha.fang.com/
Logger:2020-03-16 12:14:22.997395 https://wxfsy.fang.com/
Logger:2020-03-16 12:14:23.240716 https://lidujingyuan0315.fang.com/2/
Logger:2020-03-16 12:14:25.557548 https://ytmljy.fang.com/
Logger:2020-03-16 12:14:25.863693 https://shuiyuehuatinglaoting.fang.com/
Logger:2020-03-16 12:14:26.148930 https://qajghy.fang.com/
Logger:2020-03-16 12:14:26.426189 https://wankedaduhui79hao.fang.com/
Logger:2020-03-16 12:14:26.697487 https://nanhuyihao.fang.com/
Logger:2020-03-16 12:14:27.046571 https://yuejingfuht.fang.com/
Logger:2020-03-16 12:14:27.344769 https://hongbaotianyi.fang.com/
Logger:2020-03-16 12:14:28.658217 https://yonghuafubgy.fang.com/
Logger:2020-03-16 12:14:30.652882 https://jinshanyihao.fang.com/
Logger:2020-03-16 12:14:30.994966 https://hengdaxueting.fang.com/shop/
Logger:2020-03-16 12:14:31.251281 https://qingkeyuants.fang.com/
Logger:2020-03-16 12:14:31.515573 https://xuanyuan.fang.com/
Logger:2020-03-16 12:14:32.111025 https://qajhgc.fang.com/
Logger:2020-03-16 12:14:32.447082 https://shengshijingwanlaoting.fang.com/
Logger:2020-03-16 12:14:32.717358 https://molixincheng.fang.com/
Logger:2020-03-16 12:14:33.025566 https://shiboguangchang.fang.com/
Logger:2020-03-16 12:14:33.332753 https://fengchengguomao.fang.com/
Logger:2020-03-16 12:14:37.014905 https://ts.newhouse.fang.com/house/s/b98/
Logger:2020-03-16 12:14:37.296160 https://letaizhongxin0315.fang.com/2/
Logger:2020-03-16 12:14:37.595355 https://wutongfu.fang.com/
Logger:2020-03-16 12:14:37.908472 https://zhongyuandaguanlh.fang.com/
Logger:2020-03-16 12:14:38.241580 https://yuhushengyuan.fang.com/2/
Logger:2020-03-16 12:14:38.520877 https://xinyehuafu.fang.com/
Logger:2020-03-16 12:14:38.776194 https://yanshanyihaoyuanzl.fang.com/
Logger:2020-03-16 12:14:39.152175 https://jinyumingdi.fang.com/
Logger:2020-03-16 12:14:39.463312 https://tangshanwanzn.fang.com/
Logger:2020-03-16 12:14:39.770534 https://ytschf.fang.com/
Logger:2020-03-16 12:14:40.036778 https://jiankangchengsj.fang.com/
Logger:2020-03-16 12:14:40.362935 https://qachenxijiayuan.fang.com/
Logger:2020-03-16 12:14:40.631188 https://lutaifulicheng.fang.com/
Logger:2020-03-16 12:14:42.604908 https://qxdonghuwan.fang.com/
Logger:2020-03-16 12:14:42.880172 https://mancheng0315.fang.com/
Logger:2020-03-16 12:14:43.270172 https://shanghechengluannan.fang.com/
Logger:2020-03-16 12:14:43.542399 https://lzbgy0315.fang.com/
Logger:2020-03-16 12:14:45.752526 https://qianxifengzeyujing.fang.com/
Logger:2020-03-16 12:14:46.085634 https://qazxsj.fang.com/
Logger:2020-03-16 12:14:46.440690 https://jindingshangzuo0315.fang.com/
Logger:2020-03-16 12:14:46.668093 https://tangchengyilingyi.fang.com/shop/
Logger:2020-03-16 12:14:49.876455 https://ts.newhouse.fang.com/house/s/b99/
Logger:2020-03-16 12:14:50.142796 https://donghuishenghuoguangchang.fang.com/
Logger:2020-03-16 12:14:50.427979 https://zgbbwjjdjszx.fang.com/
Logger:2020-03-16 12:14:51.943003 https://jinxiuguandirs0315.fang.com/
Logger:2020-03-16 12:14:52.245144 https://yuanyangxincheng.fang.com/
Logger:2020-03-16 12:14:52.527395 https://lijingshengyuan.fang.com/3/
Logger:2020-03-16 12:14:53.578594 https://xingchengshidai.fang.com/
Logger:2020-03-16 12:14:53.886763 https://jinshanwenhui.fang.com/
Logger:2020-03-16 12:14:54.149057 https://lantinghuafu0315.fang.com/
Logger:2020-03-16 12:14:54.497132 https://rongchenghuafu0315.fang.com/
Logger:2020-03-16 12:14:54.770363 https://rongyu0315.fang.com/
Logger:2020-03-16 12:14:55.098485 https://sandaomingzhu.fang.com/
Logger:2020-03-16 12:14:55.358833 https://fenghuanglingxiu0315.fang.com/
Logger:2020-03-16 12:14:55.681924 https://fenghuangjinjieth.fang.com/
Logger:2020-03-16 12:14:55.934249 https://xtdmyjxsj.fang.com/
Logger:2020-03-16 12:14:56.186574 https://yujingjiayuanlt.fang.com/
Logger:2020-03-16 12:14:56.456852 https://zhongtiechengji.fang.com/
Logger:2020-03-16 12:14:57.994764 https://biguiyuanfengjinghg.fang.com/
Logger:2020-03-16 12:15:00.844153 https://qaargg.fang.com/
Logger:2020-03-16 12:15:01.154285 https://zttygqzlydjq.fang.com/
Logger:2020-03-16 12:15:04.245018 https://binhuyuecheng2.fang.com/
Logger:2020-03-16 12:15:07.980025 https://ts.newhouse.fang.com/house/s/b910/
Logger:2020-03-16 12:15:09.579785 https://mengshidaihm.fang.com/
Logger:2020-03-16 12:15:09.834065 https://zgtcblzxts.fang.com/
Logger:2020-03-16 12:15:10.088428 https://shiboguangchangshangye.fang.com/
Logger:2020-03-16 12:15:10.337750 https://guoshengshangmaocheng.fang.com/
Logger:2020-03-16 12:15:10.601013 https://guojiwujinchengts.fang.com/
Logger:2020-03-16 12:15:10.865306 https://fenghuangshoufubgy0315.fang.com/
Logger:2020-03-16 12:15:11.173482 https://longyuedongfangbgy.fang.com/
Logger:2020-03-16 12:15:11.465700 https://boyongyipin.fang.com/
Logger:2020-03-16 12:15:11.805826 https://wanbangyuecheng.fang.com/
Logger:2020-03-16 12:15:12.133913 https://tsbgyfhxc.fang.com/
Logger:2020-03-16 12:15:12.458088 https://nandichunxiao.fang.com/
Logger:2020-03-16 12:15:12.788186 https://tangshili.fang.com/
Logger:2020-03-16 12:15:14.264258 https://beijingyuanzi0315.fang.com/
Logger:2020-03-16 12:15:14.552487 https://jinshanshenghe.fang.com/
Logger:2020-03-16 12:15:14.788810 https://meilunhuafu.fang.com/
Logger:2020-03-16 12:15:15.106020 https://ytfhcc.fang.com/
Logger:2020-03-16 12:15:17.709041 https://yurenmatoudf.fang.com/2/
Logger:2020-03-16 12:15:19.787438 https://dongfangchenqu.fang.com/
Logger:2020-03-16 12:15:20.104612 https://chenxijiayuanqa.fang.com/
Logger:2020-03-16 12:15:20.398803 https://dingwangdaguan.fang.com/
Logger:2020-03-16 12:15:24.076004 https://ts.newhouse.fang.com/house/s/b911/
Logger:2020-03-16 12:15:25.384503 https://fuliyuan0315.fang.com/
Logger:2020-03-16 12:15:25.674690 https://binhaiyuntian.fang.com/
Logger:2020-03-16 12:15:26.024791 https://qasdsj.fang.com/
Logger:2020-03-16 12:15:27.875844 https://xiangyunzhuangyuan.fang.com/
Logger:2020-03-16 12:15:28.142117 https://hepanhuayuandf.fang.com/
Logger:2020-03-16 12:15:28.446275 https://zhengtongshoujun.fang.com/
Logger:2020-03-16 12:15:28.796376 https://lantingyihaoyuan.fang.com/
Logger:2020-03-16 12:15:29.122465 https://zhongxiaoqiyeyuanfd.fang.com/
Logger:2020-03-16 12:15:29.400721 https://lxjdlc.fang.com/
Logger:2020-03-16 12:15:29.675030 https://ytsxxtd.fang.com/
Logger:2020-03-16 12:15:29.997163 https://hujinghuayuan1.fang.com/
Logger:2020-03-16 12:15:30.270394 https://heisenlintangshanzy.fang.com/
Logger:2020-03-16 12:15:30.556629 https://ythjsd.fang.com/2/
Logger:2020-03-16 12:15:30.799979 https://lantingzuoan.fang.com/
Logger:2020-03-16 12:15:32.598167 https://feichengjinruiguoji.fang.com/
Logger:2020-03-16 12:15:32.861464 https://nanhuxiangshuwanshangye.fang.com/
Logger:2020-03-16 12:15:33.122764 https://changshengzhixing.fang.com/
Logger:2020-03-16 12:15:35.349840 https://zhengtongwutongjun.fang.com/
Logger:2020-03-16 12:15:35.651076 https://xaifuhui0315.fang.com/
Logger:2020-03-16 12:15:35.990093 https://boruihuafuft.fang.com/
Logger:2020-03-16 12:15:39.259386 https://ts.newhouse.fang.com/house/s/b912/
Logger:2020-03-16 12:15:39.548611 https://shuixiehuacheng0315.fang.com/
Logger:2020-03-16 12:15:41.666946 https://zhonghuanguangchang.fang.com/office/
Logger:2020-03-16 12:15:41.949152 https://shizijinjiert.fang.com/
Logger:2020-03-16 12:15:42.191504 https://qianxidonghuwan.fang.com/
Logger:2020-03-16 12:15:43.962766 https://jiarunshuijinghuayuanluannan.fang.com/
Logger:2020-03-16 12:15:46.263647 https://yangguangdashahs.fang.com/
Logger:2020-03-16 12:15:46.587744 https://lxztlzyh.fang.com/
Logger:2020-03-16 12:15:46.865999 https://xiangshuihuayuan0315.fang.com/
Logger:2020-03-16 12:15:48.511596 https://fujingyuan0315.fang.com/
Logger:2020-03-16 12:15:48.770946 https://wankexinduhui0315.fang.com/
Logger:2020-03-16 12:15:50.208057 https://jinxiutiancheng0315.fang.com/
Logger:2020-03-16 12:15:50.577108 https://ruianyuan0315.fang.com/
Logger:2020-03-16 12:15:50.874318 https://ruigong.fang.com/
Logger:2020-03-16 12:15:51.179503 https://gengyangjinyuan.fang.com/
Logger:2020-03-16 12:15:51.632249 https://gengyangxincheng.fang.com/
Logger:2020-03-16 12:15:51.998316 https://rongheshuijun.fang.com/
Logger:2020-03-16 12:15:52.291486 https://fengchengshengshi.fang.com/
Logger:2020-03-16 12:15:52.652518 https://qinghuiyayuan.fang.com/
Logger:2020-03-16 12:15:52.937800 https://tianxiwanbgy0315.fang.com/
Logger:2020-03-16 12:15:54.070725 https://ytfllz.fang.com/
Logger:2020-03-16 12:15:57.596294 https://ts.newhouse.fang.com/house/s/b913/
Logger:2020-03-16 12:16:00.190355 https://junhechenyuefu.fang.com/
Logger:2020-03-16 12:16:00.470604 https://xinwenhuaguangchang.fang.com/
Logger:2020-03-16 12:16:02.105264 https://zunfubgy.fang.com/2/
Logger:2020-03-16 12:16:04.468940 https://jinshanyihao.fang.com/2/
Logger:2020-03-16 12:16:04.801020 https://xibanyazhuangyuan0315.fang.com/
Logger:2020-03-16 12:16:05.123158 https://fenghuangchenghy0315.fang.com/
Logger:2020-03-16 12:16:05.453274 https://gusuyuanyq0315.fang.com/
Logger:2020-03-16 12:16:07.129824 https://zhongzhouguoji0315.fang.com/
Logger:2020-03-16 12:16:07.402103 https://jinxidonghuwan.fang.com/4/
Logger:2020-03-16 12:16:07.949639 https://qianxihuayanyipinhuafu.fang.com/
Logger:2020-03-16 12:16:08.232883 https://yunheshuian.fang.com/
Logger:2020-03-16 12:16:08.556048 https://ytwtjy.fang.com/
Logger:2020-03-16 12:16:10.897755 https://188839.fang.com/
Logger:2020-03-16 12:16:11.185939 https://hehuashengshi.fang.com/2/
Logger:2020-03-16 12:16:11.488169 https://huamingyihao.fang.com/
Logger:2020-03-16 12:16:11.811302 https://jinshuiwan0315.fang.com/
Logger:2020-03-16 12:16:12.150383 https://yutianlzxc.fang.com/
Logger:2020-03-16 12:16:15.081518 https://qalxcsj.fang.com/
Logger:2020-03-16 12:16:18.009684 https://guangchangjunfu0315.fang.com/
Logger:2020-03-16 12:16:18.645982 https://longyunguojiluannan.fang.com/
Logger:2020-03-16 12:16:22.391002 https://ts.newhouse.fang.com/house/s/b914/
Logger:2020-03-16 12:16:24.683862 https://beihe9hao.fang.com/
Logger:2020-03-16 12:16:28.078714 https://shuiyuehuafulaoting.fang.com/
Logger:2020-03-16 12:16:28.389856 https://shuiyunmingjult.fang.com/
Logger:2020-03-16 12:16:28.659183 https://xiushuimingju0315.fang.com/
Logger:2020-03-16 12:16:28.937391 https://puyuefenghua.fang.com/
Logger:2020-03-16 12:16:29.209702 https://daxuechengsyzx.fang.com/
Logger:2020-03-16 12:16:31.258182 https://lzgc0315.fang.com/
Logger:2020-03-16 12:16:31.505523 https://rongshengshangye.fang.com/
Logger:2020-03-16 12:16:34.769789 https://188861.fang.com/
Logger:2020-03-16 12:16:35.075016 https://wanxiangtiancheng0315.fang.com/
Logger:2020-03-16 12:16:36.386466 https://yhqzlyx.fang.com/
Logger:2020-03-16 12:16:36.648762 https://ytydhy.fang.com/
Logger:2020-03-16 12:16:37.216287 https://qianxishanshuimeijubieshu.fang.com/
Logger:2020-03-16 12:16:37.483574 https://fudaoguoji.fang.com/
Logger:2020-03-16 12:16:37.787715 https://xiangtixintiandi.fang.com/
Logger:2020-03-16 12:16:38.049059 https://guyejiangnanxiaozhen.fang.com/
Logger:2020-03-16 12:16:39.254792 https://ythmxy.fang.com/
Logger:2020-03-16 12:16:39.509135 https://gusuyuanyq.fang.com/
Logger:2020-03-16 12:16:39.780404 https://lxjwmy.fang.com/
Logger:2020-03-16 12:16:40.113548 https://qaxbyzy.fang.com/
Logger:2020-03-16 12:16:43.921360 https://ts.newhouse.fang.com/house/s/b915/
Logger:2020-03-16 12:16:46.025678 https://188793.fang.com/
Logger:2020-03-16 12:16:46.333877 https://qianximeilishan.fang.com/
Logger:2020-03-16 12:16:46.648058 https://ytjwyc.fang.com/
Logger:2020-03-16 12:16:46.923276 https://xingangguojiguangchang.fang.com/
Logger:2020-03-16 12:16:47.198540 https://qianxishijilongting.fang.com/
Logger:2020-03-16 12:16:49.347815 https://cthchjy.fang.com/
Logger:2020-03-16 12:16:49.569198 https://qianxisanfuhaoting.fang.com/
Logger:2020-03-16 12:16:49.896367 https://qxtailonghualinyuan.fang.com/
Logger:2020-03-16 12:16:50.211526 https://jshpofficezx.fang.com/
Logger:2020-03-16 12:16:50.484749 https://131839.fang.com/
Logger:2020-03-16 12:16:50.777964 https://luhaixincheng.fang.com/
Logger:2020-03-16 12:16:52.894303 https://zhonghongyipinluannan.fang.com/
Logger:2020-03-16 12:16:53.171600 https://tianyangguangchang.fang.com/
Logger:2020-03-16 12:16:53.637662 https://nxy2q.fang.com/
Logger:2020-03-16 12:16:55.052835 https://yttyxq.fang.com/
Logger:2020-03-16 12:16:55.357021 https://shengshigongyuanqx.fang.com/
Logger:2020-03-16 12:16:55.677165 https://baoshengchang.fang.com/
Logger:2020-03-16 12:16:55.967388 https://qxshanshuimeiju.fang.com/
Logger:2020-03-16 12:16:56.268620 https://huayangerwan.fang.com/
Logger:2020-03-16 12:16:56.900935 https://tongluowanluannan.fang.com/
Logger:2020-03-16 12:17:00.542196 https://ts.newhouse.fang.com/house/s/b916/
Logger:2020-03-16 12:17:02.137925 https://jindinglingxiu0315.fang.com/
Logger:2020-03-16 12:17:04.706058 https://qianxihaidehuayuan.fang.com/
Logger:2020-03-16 12:17:05.017220 https://qianxirongxinyijing.fang.com/
Logger:2020-03-16 12:17:05.368240 https://qianxiqianxiguangchang.fang.com/
Logger:2020-03-16 12:17:05.660496 https://lanshuijunqx.fang.com/
Logger:2020-03-16 12:17:05.975624 https://shishanggouwujiezj.fang.com/
Logger:2020-03-16 12:17:06.260851 https://zhonghongjiancaicheng.fang.com/
Logger:2020-03-16 12:17:07.688071 https://131861.fang.com/
Logger:2020-03-16 12:17:07.973287 https://mingzhuhuayuanqa.fang.com/
Logger:2020-03-16 12:17:09.467273 https://qianan.newhouse.fang.com/house/1326789247.htm
Logger:2020-03-16 12:17:11.466924 https://yixiuyuan2.fang.com/
Logger:2020-03-16 12:17:11.725234 https://jiafengyuan2.fang.com/
Logger:2020-03-16 12:17:12.087265 https://xinshidaiqichegc.fang.com/
Logger:2020-03-16 12:17:16.049665 https://ts.newhouse.fang.com/house/s/b917/
Logger:2020-03-16 12:17:19.548348 https://ts.newhouse.fang.com/house/s/b918/
Logger:2020-03-16 12:17:23.354124 https://ts.newhouse.fang.com/house/s/b919/
