Logger:2020-03-17 00:23:28.779428 https://tz.newhouse.fang.com/house/s/b91/
Logger:2020-03-17 00:23:29.073641 https://wenlingfu.fang.com/
Logger:2020-03-17 00:23:29.307060 https://xijiangyue0576.fang.com/
Logger:2020-03-17 00:23:29.584276 https://yuefuznyy.fang.com/
Logger:2020-03-17 00:23:32.160385 https://guangyubiguiyuan.fang.com/
Logger:2020-03-17 00:23:32.432700 https://manyuewan0576.fang.com/
Logger:2020-03-17 00:23:34.927009 https://manyuewantz.fang.com/
Logger:2020-03-17 00:23:35.156439 https://xiyue0576.fang.com/
Logger:2020-03-17 00:23:35.443601 https://xianchenfubgy.fang.com/
Logger:2020-03-17 00:23:35.702907 https://taizhouyihao.fang.com/
Logger:2020-03-17 00:23:35.946257 https://tianjingyufufy.fang.com/
Logger:2020-03-17 00:23:36.232576 https://jiangnanlizx.fang.com/
Logger:2020-03-17 00:23:36.503800 https://yuehaicheng.fang.com/
Logger:2020-03-17 00:23:36.805991 https://chengshitiandihd.fang.com/
Logger:2020-03-17 00:23:38.523361 https://ningjiangmingyue.fang.com/
Logger:2020-03-17 00:23:38.774690 https://puyueygczl.fang.com/
Logger:2020-03-17 00:23:40.890073 https://hhzhongyangshoufu.fang.com/
Logger:2020-03-17 00:23:41.111503 https://jinguangdashayuhuan.fang.com/
Logger:2020-03-17 00:23:41.354789 https://guobintaiwx.fang.com/
Logger:2020-03-17 00:23:41.591197 https://zlxtgglh.fang.com/
Logger:2020-03-17 00:23:41.865422 https://wankecheng0576.fang.com/
Logger:2020-03-17 00:23:45.520643 https://tz.newhouse.fang.com/house/s/b92/
Logger:2020-03-17 00:23:45.765032 https://binjiangyuebgydj.fang.com/
Logger:2020-03-17 00:23:46.012372 https://gongyuanshoufuzl.fang.com/
Logger:2020-03-17 00:23:46.304546 https://boyuefuzl.fang.com/
Logger:2020-03-17 00:23:46.546939 https://hanlanyuanwltx.fang.com/
Logger:2020-03-17 00:23:46.787289 https://wendingyuan0576.fang.com/
Logger:2020-03-17 00:23:47.022663 https://shanhaiwangfu.fang.com/
Logger:2020-03-17 00:23:47.338823 https://tianjunxiyuehj.fang.com/
Logger:2020-03-17 00:23:47.571158 https://wanjingjiayuanwl.fang.com/
Logger:2020-03-17 00:23:47.826475 https://huajingmingyuan0576.fang.com/
Logger:2020-03-17 00:23:48.072816 https://tianshengzhongxin.fang.com/
Logger:2020-03-17 00:23:48.357096 https://hehejiayuanyl.fang.com/
Logger:2020-03-17 00:23:48.583493 https://zljiuhaoyuan.fang.com/
Logger:2020-03-17 00:23:48.797889 https://jiangnanyihao0576.fang.com/
Logger:2020-03-17 00:23:49.056228 https://chengshizhiguangwx.fang.com/
Logger:2020-03-17 00:23:49.309550 https://jiuzhangtaibgy.fang.com/
Logger:2020-03-17 00:23:51.340076 https://xiangzhangyuan0576.fang.com/
Logger:2020-03-17 00:23:51.634332 https://xiangxieshuian0576.fang.com/
Logger:2020-03-17 00:23:51.868662 https://jiulongyuanxxsz.fang.com/
Logger:2020-03-17 00:23:52.139972 https://wanjiazhixing.fang.com/
Logger:2020-03-17 00:23:54.099694 https://taiheyuan0576.fang.com/
Logger:2020-03-17 00:23:57.331103 https://tz.newhouse.fang.com/house/s/b93/
Logger:2020-03-17 00:23:57.574397 https://santaibaishawanyihao.fang.com/
Logger:2020-03-17 00:23:57.799828 https://tianxiyihaohx.fang.com/
Logger:2020-03-17 00:23:58.078093 https://yuhuanguojifamencheng.fang.com/
Logger:2020-03-17 00:23:58.391249 https://taizhouxingguangyaoguangchang.fang.com/
Logger:2020-03-17 00:23:58.611624 https://senranyufu.fang.com/
Logger:2020-03-17 00:23:58.855010 https://guobinfuxs.fang.com/
Logger:2020-03-17 00:23:59.153174 https://yangfanlongyue.fang.com/
Logger:2020-03-17 00:23:59.431473 https://jiangshanyipin0576.fang.com/
Logger:2020-03-17 00:23:59.667844 https://shuangxichunxiaoxh.fang.com/
Logger:2020-03-17 00:23:59.923139 https://jinqingfuznpy.fang.com/
Logger:2020-03-17 00:24:00.223311 https://lhssyp.fang.com/
Logger:2020-03-17 00:24:00.451732 https://chengnanshoufu.fang.com/
Logger:2020-03-17 00:24:00.721020 https://cuipingchunxiao.fang.com/
Logger:2020-03-17 00:24:00.946378 https://guanlanfubgy.fang.com/
Logger:2020-03-17 00:24:04.167760 https://oujueyuan.fang.com/
Logger:2020-03-17 00:24:04.445018 https://dejiagongguanld.fang.com/
Logger:2020-03-17 00:24:04.718323 https://jiangnanshu.fang.com/
Logger:2020-03-17 00:24:04.953702 https://linhaigongguan.fang.com/
Logger:2020-03-17 00:24:05.201032 https://yangfanboyue.fang.com/
Logger:2020-03-17 00:24:05.465331 https://weilaichenghhmd.fang.com/
Logger:2020-03-17 00:24:09.068691 https://tz.newhouse.fang.com/house/s/b94/
Logger:2020-03-17 00:24:09.311999 https://daguojingbl0576.fang.com/
Logger:2020-03-17 00:24:09.582323 https://jinlinfuxs.fang.com/
Logger:2020-03-17 00:24:09.863598 https://yujingbandaohd0576.fang.com/
Logger:2020-03-17 00:24:10.100906 https://jiulongchunxiaoxhbj.fang.com/
Logger:2020-03-17 00:24:10.390156 https://lingnanjiayuanwl.fang.com/
Logger:2020-03-17 00:24:12.335908 https://yintaichengwl.fang.com/
Logger:2020-03-17 00:24:12.621146 https://baojiyufu.fang.com/
Logger:2020-03-17 00:24:12.906414 https://jiangnanyinxiangwl.fang.com/
Logger:2020-03-17 00:24:13.140797 https://jinyufudj.fang.com/
Logger:2020-03-17 00:24:16.458879 https://linhai.newhouse.fang.com/house/2027194326.htm
Logger:2020-03-17 00:24:16.738134 https://chunjianghaoting0576.fang.com/
Logger:2020-03-17 00:24:17.892089 https://tianxijiadi.fang.com/
Logger:2020-03-17 00:24:18.141421 https://jiaolanhui.fang.com/
Logger:2020-03-17 00:24:18.401682 https://tangchenmingduyuhuan.fang.com/
Logger:2020-03-17 00:24:20.260751 https://wuyueguangchangxc0576.fang.com/
Logger:2020-03-17 00:24:20.573870 https://baolongguangchangwlzj.fang.com/
Logger:2020-03-17 00:24:20.864125 https://shanhaishiliwk.fang.com/
Logger:2020-03-17 00:24:21.110477 https://tianlanqingchun.fang.com/
Logger:2020-03-17 00:24:21.361810 https://guanjunmingyuan.fang.com/
Logger:2020-03-17 00:24:23.904016 https://lianhuaxiaozhenlc.fang.com/
Logger:2020-03-17 00:24:27.537243 https://tz.newhouse.fang.com/house/s/b95/
Logger:2020-03-17 00:24:27.766654 https://yuejingyuan0576.fang.com/
Logger:2020-03-17 00:24:27.992026 https://tengdazhongxin.fang.com/
Logger:2020-03-17 00:24:28.259311 https://jiuxiyishugs.fang.com/
Logger:2020-03-17 00:24:28.505653 https://shuxiangyipin.fang.com/
Logger:2020-03-17 00:24:28.731092 https://zysgg.fang.com/
Logger:2020-03-17 00:24:30.626010 https://xihuyunzhuangdx.fang.com/
Logger:2020-03-17 00:24:30.861392 https://jinlinfuhx.fang.com/
Logger:2020-03-17 00:24:31.158555 https://xianyuanfudi.fang.com/
Logger:2020-03-17 00:24:31.428832 https://jinpanfuwx.fang.com/
Logger:2020-03-17 00:24:31.656222 https://yongningshoufuzl.fang.com/
Logger:2020-03-17 00:24:31.932484 https://xizihuayuan0576.fang.com/
Logger:2020-03-17 00:24:32.206750 https://lctxf.fang.com/
Logger:2020-03-17 00:24:32.448105 https://yintaihui.fang.com/
Logger:2020-03-17 00:24:32.707411 https://boyaxuefu.fang.com/
Logger:2020-03-17 00:24:33.026557 https://fulixilu.fang.com/
Logger:2020-03-17 00:24:33.311837 https://zhongliangxiangtigongguanwl.fang.com/
Logger:2020-03-17 00:24:33.556179 https://yangguangxingcheng.fang.com/
Logger:2020-03-17 00:24:33.803556 https://lvdikangsheng.fang.com/
Logger:2020-03-17 00:24:34.049820 https://jinyuyuan0576.fang.com/
Logger:2020-03-17 00:24:34.335057 https://yulanhuayuanwl.fang.com/
Logger:2020-03-17 00:24:37.557439 https://tz.newhouse.fang.com/house/s/b96/
Logger:2020-03-17 00:24:37.858673 https://yuhuanqingniandasha.fang.com/
Logger:2020-03-17 00:24:38.122967 https://hongrunzhongxin.fang.com/
Logger:2020-03-17 00:24:40.685109 https://yibanghaoting.fang.com/
Logger:2020-03-17 00:24:42.468339 https://yuhuan.newhouse.fang.com/house/2045196534.htm
Logger:2020-03-17 00:24:44.323337 https://longxishoufu.fang.com/
Logger:2020-03-17 00:24:45.718646 https://xiangxiwangfu.fang.com/
Logger:2020-03-17 00:24:45.961953 https://haochengjinzuo.fang.com/
Logger:2020-03-17 00:24:48.166057 https://fengyudashayuhuan.fang.com/
Logger:2020-03-17 00:24:48.444392 https://jiangshanfuxs.fang.com/
Logger:2020-03-17 00:24:48.697635 https://hupanyihao0576.fang.com/
Logger:2020-03-17 00:24:49.541379 https://weilaiyuexs.fang.com/
Logger:2020-03-17 00:24:49.831601 https://yutingyihao.fang.com/
Logger:2020-03-17 00:24:50.082929 https://shijiguangchangtianxixs.fang.com/
Logger:2020-03-17 00:24:50.317341 https://haitanghuayuanlc.fang.com/
Logger:2020-03-17 00:24:50.568656 https://jinsexuefuwx.fang.com/
Logger:2020-03-17 00:24:52.405759 https://zhongshenghaoting.fang.com/
Logger:2020-03-17 00:24:52.660034 https://zhongyanggongyuanhh0576.fang.com/
Logger:2020-03-17 00:24:54.434332 https://yangfanlongting.fang.com/
Logger:2020-03-17 00:24:54.686651 https://yulanguangchang.fang.com/2/
Logger:2020-03-17 00:24:55.034683 https://judinghongdu.fang.com/
Logger:2020-03-17 00:24:58.875455 https://tz.newhouse.fang.com/house/s/b97/
Logger:2020-03-17 00:24:59.106855 https://wuyueguangchang0576.fang.com/
Logger:2020-03-17 00:24:59.404032 https://wuyueguangchangyh.fang.com/
Logger:2020-03-17 00:24:59.708180 https://wenchangdity.fang.com/
Logger:2020-03-17 00:24:59.984442 https://jiangshanyuexs.fang.com/
Logger:2020-03-17 00:25:00.240756 https://zhixinyuanshuwl.fang.com/
Logger:2020-03-17 00:25:00.464205 https://jingduyuefu0576.fang.com/
Logger:2020-03-17 00:25:00.782348 https://daduhuizs.fang.com/
Logger:2020-03-17 00:25:01.037623 https://hdxjy.fang.com/
Logger:2020-03-17 00:25:01.332834 https://yongjingfuhlb.fang.com/
Logger:2020-03-17 00:25:01.582167 https://yaodatianxi.fang.com/
Logger:2020-03-17 00:25:01.898345 https://jinyuehuayuan0576.fang.com/
Logger:2020-03-17 00:25:02.432933 https://yihaogongguanjy.fang.com/
Logger:2020-03-17 00:25:02.770032 https://xuefuyihaohhdf.fang.com/
Logger:2020-03-17 00:25:03.015358 https://yulongwanwx.fang.com/
Logger:2020-03-17 00:25:03.267701 https://shangjungongguanxc0576.fang.com/
Logger:2020-03-17 00:25:03.541962 https://donghaotingwl.fang.com/
Logger:2020-03-17 00:25:03.792284 https://haipujiayuanwl.fang.com/
Logger:2020-03-17 00:25:04.013706 https://fengyunfujr.fang.com/
Logger:2020-03-17 00:25:06.589770 https://linhai.newhouse.fang.com/house/2027187526.htm
Logger:2020-03-17 00:25:07.299871 https://yuelongfujd.fang.com/
Logger:2020-03-17 00:25:10.545189 https://tz.newhouse.fang.com/house/s/b98/
Logger:2020-03-17 00:25:10.835443 https://rongyuanshangjun.fang.com/
Logger:2020-03-17 00:25:12.691498 https://guodarongyuan.fang.com/
Logger:2020-03-17 00:25:12.967745 https://shuguangxinyuan0576.fang.com/
Logger:2020-03-17 00:25:13.229009 https://binjiangyihao0576.fang.com/
Logger:2020-03-17 00:25:13.479340 https://yujinghaoting0576.fang.com/
Logger:2020-03-17 00:25:13.712758 https://zeguodayuan.fang.com/
Logger:2020-03-17 00:25:13.997037 https://wxjscylh.fang.com/
Logger:2020-03-17 00:25:14.228336 https://yangguangshoufu0576.fang.com/
Logger:2020-03-17 00:25:14.560489 https://taizhouhanlinfubgy.fang.com/
Logger:2020-03-17 00:25:14.911509 https://lanyunchuntian.fang.com/
Logger:2020-03-17 00:25:16.388600 https://taoyueshu.fang.com/
Logger:2020-03-17 00:25:16.682812 https://binhechengyuandt.fang.com/
Logger:2020-03-17 00:25:16.913154 https://jinshawanhd.fang.com/
Logger:2020-03-17 00:25:17.148526 https://shuguangxinchengwl.fang.com/
Logger:2020-03-17 00:25:17.384928 https://huaxinjiayuan0576.fang.com/
Logger:2020-03-17 00:25:17.671169 https://fangshuyuanylgc.fang.com/
Logger:2020-03-17 00:25:19.628889 https://tz.newhouse.fang.com/house/2020003604.htm
Logger:2020-03-17 00:25:19.877225 https://boaobeianhc.fang.com/
Logger:2020-03-17 00:25:20.118579 https://baiaogongguanzx.fang.com/
Logger:2020-03-17 00:25:20.423805 https://shijihuatingyuhuan.fang.com/
Logger:2020-03-17 00:25:24.295447 https://tz.newhouse.fang.com/house/s/b99/
Logger:2020-03-17 00:25:24.540750 https://guoxinshangpin.fang.com/
Logger:2020-03-17 00:25:25.555074 https://biguiyuansbe.fang.com/
Logger:2020-03-17 00:25:25.841313 https://ldcaifudasha.fang.com/
Logger:2020-03-17 00:25:27.898808 https://linhai.newhouse.fang.com/house/2027187524.htm
Logger:2020-03-17 00:25:28.152087 https://xinhaihuayuanwl.fang.com/
Logger:2020-03-17 00:25:28.479256 https://jinganggongyuyuhuan.fang.com/
Logger:2020-03-17 00:25:28.730579 https://linhaizy.fang.com/
Logger:2020-03-17 00:25:29.019775 https://bojinhaianbj0576.fang.com/
Logger:2020-03-17 00:25:29.241217 https://xuhuigongyuan0576.fang.com/
Logger:2020-03-17 00:25:29.497488 https://wanhuacheng0576.fang.com/
Logger:2020-03-17 00:25:29.752806 https://wenglingbiguiyuan.fang.com/
Logger:2020-03-17 00:25:30.061017 https://lhlcmgy.fang.com/
Logger:2020-03-17 00:25:30.327313 https://xingrunfenghuangli.fang.com/
Logger:2020-03-17 00:25:30.558691 https://jinseyangguangwx.fang.com/
Logger:2020-03-17 00:25:30.821946 https://fengxiangfuzh.fang.com/
Logger:2020-03-17 00:25:31.097212 https://zuanshiwanbgy0576.fang.com/
Logger:2020-03-17 00:25:31.349571 https://baiyunshanzhuang.fang.com/
Logger:2020-03-17 00:25:31.617859 https://wuyueguangchangxjxc.fang.com/
Logger:2020-03-17 00:25:33.604545 https://dongfanghuafu0576.fang.com/
Logger:2020-03-17 00:25:35.939256 https://nxjywl.fang.com/
Logger:2020-03-17 00:25:39.158643 https://tz.newhouse.fang.com/house/s/b910/
Logger:2020-03-17 00:25:41.177243 https://haotingyuankysz.fang.com/
Logger:2020-03-17 00:25:43.824163 https://tz.newhouse.fang.com/house/2019201126.htm
Logger:2020-03-17 00:25:44.085464 https://nanguanyinmdyc.fang.com/
Logger:2020-03-17 00:25:44.316891 https://bishuijiayuan0576.fang.com/
Logger:2020-03-17 00:25:44.570167 https://guobin1haozl0576.fang.com/
Logger:2020-03-17 00:25:44.793569 https://duqiaofubgy.fang.com/
Logger:2020-03-17 00:25:45.080850 https://shijixinchenghx.fang.com/
Logger:2020-03-17 00:25:45.321158 https://yangguangxuefu0576.fang.com/
Logger:2020-03-17 00:25:45.611424 https://ylwhy0576.fang.com/
Logger:2020-03-17 00:25:45.864758 https://xinheshoufuyihao.fang.com/
Logger:2020-03-17 00:25:46.143002 https://junlinchengbang.fang.com/
Logger:2020-03-17 00:25:46.415257 https://caihongyihao.fang.com/
Logger:2020-03-17 00:25:46.650620 https://zeguoyihaoyuandt.fang.com/
Logger:2020-03-17 00:25:46.882980 https://puyuefuss0576.fang.com/
Logger:2020-03-17 00:25:47.112398 https://bandaomingyuanasd.fang.com/
Logger:2020-03-17 00:25:47.420585 https://dushiyihao0576.fang.com/
Logger:2020-03-17 00:25:47.660899 https://zscsgc.fang.com/
Logger:2020-03-17 00:25:47.920248 https://lijingzhongyanggongguan.fang.com/
Logger:2020-03-17 00:25:48.164621 https://shijichengdw.fang.com/
Logger:2020-03-17 00:25:48.472758 https://chumenyihaodt.fang.com/
Logger:2020-03-17 00:25:52.551835 https://tz.newhouse.fang.com/house/s/b911/
Logger:2020-03-17 00:25:52.806133 https://jiulongshoufuzl.fang.com/
Logger:2020-03-17 00:25:53.057461 https://jinglongzhongxin.fang.com/
Logger:2020-03-17 00:25:54.809819 https://linhaiwxhy.fang.com/
Logger:2020-03-17 00:25:55.068083 https://jiangnanshijia0576.fang.com/
Logger:2020-03-17 00:25:55.350328 https://jkcchengshiketing.fang.com/
Logger:2020-03-17 00:25:55.582707 https://tianheshuianfy.fang.com/
Logger:2020-03-17 00:25:55.823099 https://chunjiangmingyuan0756.fang.com/
Logger:2020-03-17 00:25:56.110340 https://nonggangchengzg.fang.com/
Logger:2020-03-17 00:25:58.923769 https://ltsagc.fang.com/
Logger:2020-03-17 00:25:59.536150 https://huadongguangchang.fang.com/
Logger:2020-03-17 00:25:59.792446 https://lhzydj.fang.com/
Logger:2020-03-17 00:26:00.099623 https://zhongshengjunting.fang.com/
Logger:2020-03-17 00:26:00.342017 https://lhlcdsd.fang.com/
Logger:2020-03-17 00:26:02.413433 https://dongchenfura.fang.com/
Logger:2020-03-17 00:26:02.643818 https://xuefuyihaozl.fang.com/
Logger:2020-03-17 00:26:02.999908 https://jiangnanningxigq.fang.com/
Logger:2020-03-17 00:26:03.231281 https://haishangjiayuanwl.fang.com/
Logger:2020-03-17 00:26:03.482616 https://xflwx.fang.com/
Logger:2020-03-17 00:26:03.721934 https://yujinghuatingch.fang.com/
Logger:2020-03-17 00:26:04.025122 https://tianqinwan0576.fang.com/
Logger:2020-03-17 00:26:07.224562 https://tz.newhouse.fang.com/house/s/b912/
Logger:2020-03-17 00:26:08.908059 https://sanmenchunjianghuayuan.fang.com/
Logger:2020-03-17 00:26:09.140474 https://yangguangaiqinhai.fang.com/
Logger:2020-03-17 00:26:09.425675 https://yuechengyuyuan.fang.com/
Logger:2020-03-17 00:26:10.920718 https://banshanyihao0576.fang.com/
Logger:2020-03-17 00:26:11.166050 https://wlytc0576.fang.com/
Logger:2020-03-17 00:26:11.403454 https://yhlwgj.fang.com/
Logger:2020-03-17 00:26:11.629777 https://gtgjzx.fang.com/
Logger:2020-03-17 00:26:11.901052 https://shengshixuefujd.fang.com/
Logger:2020-03-17 00:26:13.859856 https://xianyijuyf.fang.com/
Logger:2020-03-17 00:26:14.089243 https://hchblhy.fang.com/
Logger:2020-03-17 00:26:16.301281 https://xianggelilayuyuan.fang.com/
Logger:2020-03-17 00:26:16.605506 https://wlbinhaiwanhuayuan.fang.com/
Logger:2020-03-17 00:26:16.857792 https://jinglongyayuan.fang.com/
Logger:2020-03-17 00:26:18.579188 https://edcshy.fang.com/
Logger:2020-03-17 00:26:18.810610 https://xinhezhenxinshangdasha2.fang.com/
Logger:2020-03-17 00:26:19.078851 https://caifuzhongxinlvdi.fang.com/
Logger:2020-03-17 00:26:19.391055 https://qinjiangyihao.fang.com/
Logger:2020-03-17 00:26:19.620402 https://ziguiyuan0576.fang.com/
Logger:2020-03-17 00:26:21.871380 https://lvjingmingyuan.fang.com/
Logger:2020-03-17 00:26:22.157639 https://yhhjha.fang.com/
Logger:2020-03-17 00:26:26.176863 https://tz.newhouse.fang.com/house/s/b913/
Logger:2020-03-17 00:26:28.184535 https://wanshengshangsha.fang.com/
Logger:2020-03-17 00:26:28.413916 https://hexiejiayuan0576.fang.com/
Logger:2020-03-17 00:26:28.707132 https://guojigongguanwjs.fang.com/
Logger:2020-03-17 00:26:28.975375 https://dhyjywl.fang.com/
Logger:2020-03-17 00:26:29.207755 https://shangpinnanjun.fang.com/
Logger:2020-03-17 00:26:29.480073 https://shitangshoufu.fang.com/
Logger:2020-03-17 00:26:29.694452 https://jinsehuafulh.fang.com/
Logger:2020-03-17 00:26:30.067492 https://hongfulijing0576.fang.com/
Logger:2020-03-17 00:26:30.315816 https://zcswzxbd.fang.com/
Logger:2020-03-17 00:26:30.558179 https://lhgcgg.fang.com/
Logger:2020-03-17 00:26:32.560827 https://dtmgywl.fang.com/
Logger:2020-03-17 00:26:32.927803 https://hujingmingyuanzy.fang.com/
Logger:2020-03-17 00:26:33.794519 https://yhyunqishanzhuang.fang.com/
Logger:2020-03-17 00:26:34.017887 https://wxjssd.fang.com/
Logger:2020-03-17 00:26:36.043510 https://chunjianghuayuan0576.fang.com/
Logger:2020-03-17 00:26:38.574696 https://jiangnanjinyuan.fang.com/
Logger:2020-03-17 00:26:39.537121 https://binjiangyuanlhyq.fang.com/
Logger:2020-03-17 00:26:41.497918 https://hubinjinyuanjiafu.fang.com/
Logger:2020-03-17 00:26:41.736281 https://huamuchengtz.fang.com/
Logger:2020-03-17 00:26:44.074982 https://linhai.newhouse.fang.com/house/2027187548.htm
Logger:2020-03-17 00:26:48.404432 https://tz.newhouse.fang.com/house/s/b914/
Logger:2020-03-17 00:26:48.640811 https://mingxihuayuan.fang.com/
Logger:2020-03-17 00:26:48.906107 https://citengyuan.fang.com/
Logger:2020-03-17 00:26:49.149412 https://hfgjxcc.fang.com/
Logger:2020-03-17 00:26:49.424671 https://lhthxy.fang.com/
Logger:2020-03-17 00:26:51.061335 https://helanmingyuan.fang.com/
Logger:2020-03-17 00:26:51.318648 https://jdcfds.fang.com/
Logger:2020-03-17 00:26:51.550983 https://mingdudasha0576.fang.com/
Logger:2020-03-17 00:26:54.574893 https://qswxq.fang.com/
Logger:2020-03-17 00:26:54.809311 https://linhai.newhouse.fang.com/house/2027187538.htm
Logger:2020-03-17 00:26:55.049624 https://meiguiyuandt.fang.com/
Logger:2020-03-17 00:26:55.314956 https://guojifamenchengyh.fang.com/
Logger:2020-03-17 00:26:57.240761 https://wenling.newhouse.fang.com/house/2026196494.htm
Logger:2020-03-17 00:26:57.466196 https://xijingmingyuanwl.fang.com/
Logger:2020-03-17 00:26:57.690594 https://lhsyg.fang.com/
Logger:2020-03-17 00:26:57.997736 https://haichenguojiguangchang.fang.com/
Logger:2020-03-17 00:26:58.284009 https://bdzcswzx.fang.com/
Logger:2020-03-17 00:26:58.562259 https://yulongwanhongsen.fang.com/
Logger:2020-03-17 00:26:58.799592 https://jchaijingmingyuan.fang.com/
Logger:2020-03-17 00:26:59.049922 https://jinhaiwangy.fang.com/
Logger:2020-03-17 00:26:59.294307 https://dhshuijingyuan.fang.com/
Logger:2020-03-17 00:27:02.863775 https://tz.newhouse.fang.com/house/s/b915/
Logger:2020-03-17 00:27:04.603066 https://linhai.newhouse.fang.com/house/2027187546.htm
Logger:2020-03-17 00:27:04.853434 https://lhlinyadongdianao.fang.com/
Logger:2020-03-17 00:27:05.089808 https://jiahongmingyuan.fang.com/
Logger:2020-03-17 00:27:07.177180 https://linhai.newhouse.fang.com/house/2027199578.htm
Logger:2020-03-17 00:27:08.738046 https://linhai.newhouse.fang.com/house/2027187540.htm
Logger:2020-03-17 00:27:08.983392 https://bdtwsmc.fang.com/
Logger:2020-03-17 00:27:09.217764 https://hhhjy.fang.com/
Logger:2020-03-17 00:27:09.444141 https://lhwfjy.fang.com/
Logger:2020-03-17 00:27:09.721374 https://lhhbhf.fang.com/
Logger:2020-03-17 00:27:09.956745 https://hongweigongyu0576.fang.com/
Logger:2020-03-17 00:27:13.518259 https://tz.newhouse.fang.com/house/s/b916/
Logger:2020-03-17 00:27:17.004914 https://tz.newhouse.fang.com/house/s/b917/
Logger:2020-03-17 00:27:20.590340 https://tz.newhouse.fang.com/house/s/b918/
