Logger:2020-03-16 16:27:03.933056 https://wafangdian.newhouse.fang.com/house/s/b91/
Logger:2020-03-16 16:27:04.308979 https://zysnc.fang.com/
Logger:2020-03-16 16:27:04.715546 https://hyfhjy2.fang.com/
Logger:2020-03-16 16:27:05.075091 https://jshy0411.fang.com/
Logger:2020-03-16 16:27:05.710420 https://txxyw2.fang.com/
Logger:2020-03-16 16:27:06.100622 https://yzgjc2.fang.com/
Logger:2020-03-16 16:27:07.479958 https://txryyp2.fang.com/
Logger:2020-03-16 16:27:07.809049 https://longtengmeijun2.fang.com/
Logger:2020-03-16 16:27:08.117793 https://huafushijicheng.fang.com/
Logger:2020-03-16 16:27:08.608459 https://wanchengxiuxianguangchang.fang.com/
Logger:2020-03-16 16:27:09.070262 https://xztyc.fang.com/
Logger:2020-03-16 16:27:09.455192 https://wfdjxy.fang.com/3/
Logger:2020-03-16 16:27:11.255048 https://xywwqha.fang.com/
Logger:2020-03-16 16:27:11.596204 https://hongduxijing2.fang.com/
Logger:2020-03-16 16:27:11.972573 https://fuguijiarizhuangyuan.fang.com/
Logger:2020-03-16 16:27:12.279715 https://ycctgd2.fang.com/
Logger:2020-03-16 16:27:12.586864 https://wfdycctgd.fang.com/
Logger:2020-03-16 16:27:12.929200 https://zakj2.fang.com/
Logger:2020-03-16 16:27:16.627534 https://wafangdian.newhouse.fang.com/house/s/b92/
Logger:2020-03-16 16:27:20.147400 https://wafangdian.newhouse.fang.com/house/s/b93/
Logger:2020-03-16 16:27:24.017773 https://wafangdian.newhouse.fang.com/house/s/b94/
