Logger:2020-03-16 08:59:54.293348 https://wanning.newhouse.fang.com/house/s/b91/
Logger:2020-03-16 08:59:54.544021 https://baleiyuyijing.fang.com/
Logger:2020-03-16 08:59:54.949934 https://shimeichunshu0898.fang.com/
Logger:2020-03-16 08:59:55.246248 https://bandao1haobl0898.fang.com/
Logger:2020-03-16 08:59:55.637264 https://yuelongzhuangwn.fang.com/
Logger:2020-03-16 08:59:55.871800 https://zhonghaishenzhoubandao.fang.com/
Logger:2020-03-16 08:59:56.199149 https://guoruichengwn0898.fang.com/
Logger:2020-03-16 08:59:56.545090 https://zhongtaishenhzoubandao.fang.com/
Logger:2020-03-16 08:59:56.795740 https://shimeiwanjiulihr.fang.com/
Logger:2020-03-16 09:00:01.153303 https://shimeishanzhuang123.fang.com/
Logger:2020-03-16 09:00:01.479631 https://wanninghuayuanhysm.fang.com/
Logger:2020-03-16 09:00:09.704969 https://wanning.newhouse.fang.com/house/3015258014.htm
Logger:2020-03-16 09:00:09.985041 https://biguiyuanshanhugongdian.fang.com/
Logger:2020-03-16 09:00:10.262368 https://cuizhuyuan0898.fang.com/
Logger:2020-03-16 09:00:10.611948 https://feicuiyuefu.fang.com/
Logger:2020-03-16 09:00:10.935812 https://haiyunxuan20898.fang.com/
Logger:2020-03-16 09:00:11.293834 https://hainanzhenyuan.fang.com/
Logger:2020-03-16 09:00:11.715423 https://shanhaihewan.fang.com/
Logger:2020-03-16 09:00:12.081997 https://qixinghaianga.fang.com/
Logger:2020-03-16 09:00:12.355725 https://rongchuangriyuewan.fang.com/
Logger:2020-03-16 09:00:17.690150 https://wanningjinshouzhi.fang.com/
Logger:2020-03-16 09:00:21.344780 https://wanning.newhouse.fang.com/house/s/b92/
Logger:2020-03-16 09:00:29.042345 https://baoanxinglongyelinwan.fang.com/
Logger:2020-03-16 09:00:29.277747 https://wanxushangyeguangchang2.fang.com/
Logger:2020-03-16 09:00:29.559388 https://shimeishanzhuang0898.fang.com/
Logger:2020-03-16 09:00:29.922338 https://wnlyszd.fang.com/
Logger:2020-03-16 09:00:30.234433 https://huayahuanlecheng.fang.com/
Logger:2020-03-16 09:00:30.515938 https://wanningjintainanyanwan.fang.com/
Logger:2020-03-16 09:00:30.765290 https://rongshengxiangshuiwann.fang.com/
Logger:2020-03-16 09:00:31.060591 https://qingfengyelinwann.fang.com/
Logger:2020-03-16 09:00:33.888347 https://mumianshanzhuangwannign.fang.com/
Logger:2020-03-16 09:00:34.184216 https://shanquanhaiwanning.fang.com/
Logger:2020-03-16 09:00:34.450304 https://nanyangyinxiang.fang.com/
Logger:2020-03-16 09:00:39.032706 https://rongchuangboao.fang.com/
Logger:2020-03-16 09:00:42.148407 https://wanningbandoaguanhaiyuan.fang.com/
Logger:2020-03-16 09:00:48.766334 https://wanningwanzihuayuan.fang.com/
Logger:2020-03-16 09:00:49.020365 https://wanchengchuntian.fang.com/
Logger:2020-03-16 09:00:51.860670 https://wanning.newhouse.fang.com/house/3015258018.htm
Logger:2020-03-16 09:00:52.156502 https://shimeibandao.fang.com/
Logger:2020-03-16 09:00:52.469457 https://huarunshimeiwann.fang.com/
Logger:2020-03-16 09:00:52.753619 https://wanninglvzhonghai.fang.com/
Logger:2020-03-16 09:00:53.034110 https://wanning.newhouse.fang.com/house/3015258026.htm
Logger:2020-03-16 09:00:56.626274 https://wanning.newhouse.fang.com/house/s/b93/
Logger:2020-03-16 09:00:56.872898 https://xqwqdjjdgy.fang.com/
Logger:2020-03-16 09:00:57.173145 https://batiyazn20898.fang.com/
Logger:2020-03-16 09:00:57.489593 https://huanlechenghy.fang.com/
Logger:2020-03-16 09:00:57.788621 https://jintainanyanwan1.fang.com/
Logger:2020-03-16 09:00:59.164361 https://wanning.newhouse.fang.com/house/3015258004.htm
Logger:2020-03-16 09:00:59.429411 https://wnygxy.fang.com/
Logger:2020-03-16 09:00:59.748944 https://dongaoxidi.fang.com/
Logger:2020-03-16 09:01:00.014339 https://guanlanhudi.fang.com/
Logger:2020-03-16 09:01:00.233747 https://zhongnanbatiya.fang.com/
Logger:2020-03-16 09:01:00.490528 https://feicuihuayuan1.fang.com/
Logger:2020-03-16 09:01:02.331412 https://wanning.newhouse.fang.com/house/3015258020.htm
Logger:2020-03-16 09:01:02.612551 https://wnwanxiangwenquanjiayuan.fang.com/
Logger:2020-03-16 09:01:04.652791 https://wanning.newhouse.fang.com/house/3015257998.htm
Logger:2020-03-16 09:01:04.949528 https://guanlanhuguanyue.fang.com/
Logger:2020-03-16 09:01:05.183849 https://wanninghaihangxinagshuwan.fang.com/
Logger:2020-03-16 09:01:06.191220 https://wanninglongxigu.fang.com/
Logger:2020-03-16 09:01:07.053779 https://wanningshijitaoyuan.fang.com/
Logger:2020-03-16 09:01:07.976363 https://wannignlongqiyuanzhongyuan.fang.com/
Logger:2020-03-16 09:01:09.072296 https://guiruihupanhuayuan.fang.com/
Logger:2020-03-16 09:01:09.357923 https://rongchuangguanlanhugongyuanyihao.fang.com/
Logger:2020-03-16 09:01:12.964406 https://wanning.newhouse.fang.com/house/s/b94/
Logger:2020-03-16 09:01:13.183558 https://xinghuahaiancheng.fang.com/
Logger:2020-03-16 09:01:13.419818 https://xinglongfengqingjie.fang.com/
Logger:2020-03-16 09:01:14.971420 https://wanning.newhouse.fang.com/house/3015258008.htm
Logger:2020-03-16 09:01:15.236285 https://wnyangshneghuayuan.fang.com/
Logger:2020-03-16 09:01:15.489862 https://nanguoweinisichengn.fang.com/
Logger:2020-03-16 09:01:18.970954 https://wanning.newhouse.fang.com/house/s/b95/
Logger:2020-03-16 09:01:22.434630 https://wanning.newhouse.fang.com/house/s/b96/
Logger:2020-03-16 09:01:25.983503 https://wanning.newhouse.fang.com/house/s/b97/
