Logger:2020-03-15 22:42:08.806434 https://wanzhou.newhouse.fang.com/house/s/b91/
Logger:2020-03-15 22:42:09.065783 https://wanzhouhengdayujingbandao.fang.com/
Logger:2020-03-15 22:42:09.350069 https://nanbinshangyuanhc.fang.com/
Logger:2020-03-15 22:42:09.707331 https://gaotielijingyh.fang.com/
Logger:2020-03-15 22:42:09.956604 https://bishuilantianyh.fang.com/
Logger:2020-03-15 22:42:10.226881 https://jiangchengyipinws.fang.com/1/
Logger:2020-03-15 22:42:10.628719 https://howlc.fang.com/
Logger:2020-03-15 22:42:11.095153 https://binjiangxuefuxj.fang.com/
Logger:2020-03-15 22:42:11.371117 https://chazhuangyinxiang.fang.com/
Logger:2020-03-15 22:42:11.658385 https://shidaiguangchangxm023.fang.com/
Logger:2020-03-15 22:42:11.912731 https://zongyuewanshanguoji.fang.com/
Logger:2020-03-15 22:42:12.195910 https://xingguangshangyuanhc.fang.com/
Logger:2020-03-15 22:42:12.491667 https://tianshengbieyuanhc.fang.com/
Logger:2020-03-15 22:42:12.790835 https://oupengtianjing.fang.com/
Logger:2020-03-15 22:42:13.044854 https://yulanfuwz.fang.com/
Logger:2020-03-15 22:42:13.346004 https://xiangshanyuanxr.fang.com/
Logger:2020-03-15 22:42:13.595337 https://jiangnantiandizh.fang.com/
Logger:2020-03-15 22:42:13.847661 https://chengshijingdianhc.fang.com/
Logger:2020-03-15 22:42:14.145025 https://tianshengtianchenghc.fang.com/
Logger:2020-03-15 22:42:14.497385 https://haichengbocuijianganjk.fang.com/
Logger:2020-03-15 22:42:14.829853 https://jinxioujiangnanhc.fang.com/
Logger:2020-03-15 22:42:18.862129 https://wanzhou.newhouse.fang.com/house/s/b92/
Logger:2020-03-15 22:42:19.085275 https://qinshuitai.fang.com/
Logger:2020-03-15 22:42:19.345660 https://jinyuewansh.fang.com/
Logger:2020-03-15 22:42:19.681710 https://xuelinshangchengyh.fang.com/
Logger:2020-03-15 22:42:19.939989 https://lanhubianyc.fang.com/
Logger:2020-03-15 22:42:20.240695 https://binhutiandigr.fang.com/
Logger:2020-03-15 22:42:20.602736 https://aoyuanyufeng023.fang.com/
Logger:2020-03-15 22:42:21.027431 https://lijinglanwan023.fang.com/
Logger:2020-03-15 22:42:21.305692 https://yuejianghaoting.fang.com/
Logger:2020-03-15 22:42:21.598949 https://jinchengyuanshan.fang.com/
Logger:2020-03-15 22:42:21.841252 https://modengshidaihs023.fang.com/
Logger:2020-03-15 22:42:22.188289 https://tianshuiyijinghs.fang.com/
Logger:2020-03-15 22:42:22.484498 https://zhongyueshanshui.fang.com/
Logger:2020-03-15 22:42:22.964570 https://caifuguangchangsx.fang.com/
Logger:2020-03-15 22:42:23.243484 https://binhuxiaoyue.fang.com/
Logger:2020-03-15 22:42:23.549279 https://shidaiyinxiangjh.fang.com/
Logger:2020-03-15 22:42:23.835572 https://laiyinbandaotxh.fang.com/
Logger:2020-03-15 22:42:24.109838 https://zhibeiyipin0718.fang.com/
Logger:2020-03-15 22:42:24.397071 https://wzgjqcjdmyc.fang.com/
Logger:2020-03-15 22:42:24.698306 https://chengshiguangchangfr.fang.com/
Logger:2020-03-15 22:42:25.014627 https://jxzqgc.fang.com/
Logger:2020-03-15 22:42:29.067811 https://wanzhou.newhouse.fang.com/house/s/b93/
Logger:2020-03-15 22:42:30.287342 https://guantianxiajk023.fang.com/
Logger:2020-03-15 22:42:30.595172 https://changjiangzhixinghc.fang.com/
Logger:2020-03-15 22:42:33.987521 https://beibinshangyuanhc.fang.com/
Logger:2020-03-15 22:42:34.274754 https://wanshanguoji.fang.com/
Logger:2020-03-15 22:42:34.542076 https://yipinjiangnankf.fang.com/
Logger:2020-03-15 22:42:34.801307 https://tongmengwanxj.fang.com/
Logger:2020-03-15 22:42:35.062608 https://keyouxingcheng.fang.com/
Logger:2020-03-15 22:42:35.344444 https://wanhuicheng.fang.com/
Logger:2020-03-15 22:42:35.599425 https://yixinguangchang023.fang.com/
Logger:2020-03-15 22:42:35.844711 https://yunshuijianyc.fang.com/
Logger:2020-03-15 22:42:36.116536 https://yangguangmanting.fang.com/
Logger:2020-03-15 22:42:36.428656 https://cuihulanjunha.fang.com/
Logger:2020-03-15 22:42:36.692949 https://tianzihukd.fang.com/
Logger:2020-03-15 22:42:36.974198 https://xingduhuihs.fang.com/
Logger:2020-03-15 22:42:37.251176 https://lanshanjunls.fang.com/
Logger:2020-03-15 22:42:37.542401 https://014718.fang.com/
Logger:2020-03-15 22:42:37.800681 https://wanzhouzhongxincb.fang.com/
Logger:2020-03-15 22:42:38.057034 https://beibinxian.fang.com/
Logger:2020-03-15 22:42:38.292405 https://yhwschxmklwz.fang.com/
Logger:2020-03-15 22:42:38.577560 https://nanshanlvtinghc.fang.com/
Logger:2020-03-15 22:42:42.141163 https://wanzhou.newhouse.fang.com/house/s/b94/
Logger:2020-03-15 22:42:42.316693 https://nanshanyulinjx.fang.com/
Logger:2020-03-15 22:42:44.308324 https://linhaiyuntian.fang.com/
Logger:2020-03-15 22:42:44.542696 https://ruishangchenghs.fang.com/
Logger:2020-03-15 22:42:44.848878 https://czcgcyq.fang.com/
Logger:2020-03-15 22:42:48.394714 https://wanzhou.newhouse.fang.com/house/s/b95/
Logger:2020-03-15 22:42:51.944577 https://wanzhou.newhouse.fang.com/house/s/b96/
Logger:2020-03-15 22:42:55.381688 https://wanzhou.newhouse.fang.com/house/s/b97/
