Logger:2020-03-16 17:56:30.434442 https://weihai.newhouse.fang.com/house/s/b91/
Logger:2020-03-16 17:56:30.791456 https://yuefuyuan0631.fang.com/?from=xflist_xfgg
Logger:2020-03-16 17:56:31.119614 https://taihejiayuanwd.fang.com/?from=xflist_xfgg
Logger:2020-03-16 17:56:31.539431 https://guihuayuanghlt.fang.com/
Logger:2020-03-16 17:56:31.950625 https://zhenghongshanyu.fang.com/
Logger:2020-03-16 17:56:32.315659 https://yuhuzhuangyuanhd0631.fang.com/
Logger:2020-03-16 17:56:32.653726 https://yuhaibandaohd.fang.com/
Logger:2020-03-16 17:56:33.634786 https://weihaihengdatianyue.fang.com/
Logger:2020-03-16 17:56:33.985845 https://baolimingzhucx.fang.com/
Logger:2020-03-16 17:56:34.391807 https://wangfugongguan0631.fang.com/
Logger:2020-03-16 17:56:35.012689 https://haishangdijinghd0631.fang.com/
Logger:2020-03-16 17:56:35.438948 https://chunjiangbianlh0631.fang.com/
Logger:2020-03-16 17:56:35.785950 https://feicuigongyuan0631.fang.com/
Logger:2020-03-16 17:56:36.181891 https://yujingyuanzl.fang.com/
Logger:2020-03-16 17:56:36.563979 https://longhutianpujh.fang.com/
Logger:2020-03-16 17:56:36.939891 https://jinhaitanyihao.fang.com/
Logger:2020-03-16 17:56:37.298560 https://wandaguangchangwh0631.fang.com/
Logger:2020-03-16 17:56:37.660569 https://feicuihuatinghd0631.fang.com/
Logger:2020-03-16 17:56:38.090419 https://jiulongwanhf.fang.com/
Logger:2020-03-16 17:56:38.514876 https://yuehaijinfutyrh.fang.com/
Logger:2020-03-16 17:56:38.817952 https://zizaixiangbin.fang.com/
Logger:2020-03-16 17:56:44.735560 https://weihai.newhouse.fang.com/house/s/b92/
Logger:2020-03-16 17:56:45.080678 https://weihaiwanjiulihr.fang.com/
Logger:2020-03-16 17:57:08.545071 https://yinghuahuhf.fang.com/
Logger:2020-03-16 17:57:09.966365 https://yuelantinghd.fang.com/
Logger:2020-03-16 17:57:11.304236 https://zhongnanxiyue0631.fang.com/
Logger:2020-03-16 17:57:11.655298 https://xiangtaizichen.fang.com/
Logger:2020-03-16 17:57:11.941568 https://shuiyunkangqiaowg.fang.com/
Logger:2020-03-16 17:57:12.249301 https://fulicheng0631.fang.com/
Logger:2020-03-16 17:57:12.570689 https://nxhgjlydjq.fang.com/
Logger:2020-03-16 17:57:13.016057 https://xinyuechunhui.fang.com/
Logger:2020-03-16 17:57:13.360098 https://haishijiecq.fang.com/
Logger:2020-03-16 17:57:16.461523 https://junyuefubgy0631.fang.com/
Logger:2020-03-16 17:57:17.659475 https://dushifengjingst.fang.com/
Logger:2020-03-16 17:57:17.962400 https://yuejungongguanxc.fang.com/
Logger:2020-03-16 17:57:18.333954 https://banshanlinyusn.fang.com/
Logger:2020-03-16 17:57:18.710984 https://yipinnanshan.fang.com/
Logger:2020-03-16 17:57:21.389412 https://dongfangchenghh.fang.com/
Logger:2020-03-16 17:57:21.847584 https://shengtaichengwzh.fang.com/
Logger:2020-03-16 17:57:22.211611 https://langqinwan0631.fang.com/
Logger:2020-03-16 17:57:22.574150 https://nanhaiwanrc.fang.com/
Logger:2020-03-16 17:57:22.919336 https://chunfenghaian.fang.com/
Logger:2020-03-16 17:57:30.887780 https://weihai.newhouse.fang.com/house/s/b93/
Logger:2020-03-16 17:57:31.177890 https://tinghailinjulc.fang.com/
Logger:2020-03-16 17:57:31.523933 https://rongchengbiguiyuanwutongfu.fang.com/
Logger:2020-03-16 17:57:31.837119 https://shichangmingdu.fang.com/
Logger:2020-03-16 17:57:32.229850 https://guanlanyuexd2.fang.com/
Logger:2020-03-16 17:57:32.590339 https://manyuewanzn0631.fang.com/
Logger:2020-03-16 17:57:32.970324 https://feicuihuafuctbgy.fang.com/
Logger:2020-03-16 17:57:33.332407 https://yajule0631.fang.com/
Logger:2020-03-16 17:57:33.712872 https://panluxueyuanga.fang.com/
Logger:2020-03-16 17:57:36.553799 https://taoyuanlizblc.fang.com/
Logger:2020-03-16 17:57:38.108089 https://yundingyangguangjd.fang.com/
Logger:2020-03-16 17:57:38.490028 https://shijiayuanzihr.fang.com/
Logger:2020-03-16 17:57:38.856122 https://haijingyihaohx.fang.com/
Logger:2020-03-16 17:57:46.917140 https://zhongguoyuanzitjky.fang.com/
Logger:2020-03-16 17:57:47.302099 https://xintiandimg.fang.com/
Logger:2020-03-16 17:57:47.663140 https://wztyctgy.fang.com/
Logger:2020-03-16 17:57:52.149172 https://taolichunfenglc0631.fang.com/
Logger:2020-03-16 17:57:52.538171 https://xiangheyuan0631.fang.com/3/
Logger:2020-03-16 17:57:55.405789 https://nxhwldjxzydhy.fang.com/
Logger:2020-03-16 17:57:58.960490 https://zhijiaojiayuan.fang.com/
Logger:2020-03-16 17:57:59.274560 https://xiangtinghaian.fang.com/
Logger:2020-03-16 17:58:03.105726 https://weihai.newhouse.fang.com/house/s/b94/
Logger:2020-03-16 17:58:03.451800 https://haiyunjudujiacun.fang.com/
Logger:2020-03-16 17:58:03.742024 https://yulinhainc.fang.com/
Logger:2020-03-16 17:58:04.076130 https://dingxindasha0631.fang.com/
Logger:2020-03-16 17:58:04.453826 https://dingshengguangchangct.fang.com/
Logger:2020-03-16 17:58:04.765948 https://jiangnanchengba0631.fang.com/
Logger:2020-03-16 17:58:05.447154 https://chunfengli0631.fang.com/
Logger:2020-03-16 17:58:07.759577 https://yunxiyuanshangshu.fang.com/
Logger:2020-03-16 17:58:08.129611 https://shanghaidagongguan.fang.com/
Logger:2020-03-16 17:58:08.475276 https://fenghuanghu.fang.com/
Logger:2020-03-16 17:58:08.845286 https://yunshanjun.fang.com/
Logger:2020-03-16 17:58:09.170463 https://wanxiangyipin.fang.com/
Logger:2020-03-16 17:58:09.570347 https://baojilanjun0631.fang.com/
Logger:2020-03-16 17:58:12.304283 https://qifengtaibgy0631.fang.com/
Logger:2020-03-16 17:58:12.636921 https://yilongwan0631.fang.com/
Logger:2020-03-16 17:58:12.970961 https://huayuexinchength.fang.com/
Logger:2020-03-16 17:58:13.337979 https://yuruncheng0631.fang.com/
Logger:2020-03-16 17:58:13.699050 https://baiduchengqdl96h.fang.com/
Logger:2020-03-16 17:58:14.034684 https://yuelanmingdilq.fang.com/
Logger:2020-03-16 17:58:14.371549 https://feicuijunbgy0631.fang.com/
Logger:2020-03-16 17:58:14.718709 https://bihaitaoyuan.fang.com/
Logger:2020-03-16 17:58:18.361638 https://weihai.newhouse.fang.com/house/s/b95/
Logger:2020-03-16 17:58:18.688318 https://guojibinhaichengly.fang.com/
Logger:2020-03-16 17:58:18.991627 https://kaixuanshanhaiyiyuan.fang.com/
Logger:2020-03-16 17:58:19.390597 https://xinhejiayuan0631.fang.com/
Logger:2020-03-16 17:58:19.702762 https://yuehuwanwj.fang.com/
Logger:2020-03-16 17:58:20.008649 https://weidengxiaozhenxd.fang.com/
Logger:2020-03-16 17:58:20.328470 https://lanxibao.fang.com/6/
Logger:2020-03-16 17:58:23.399631 https://longshanhuyuanzhu.fang.com/
Logger:2020-03-16 17:58:23.725758 https://guanhuyueshanjh.fang.com/
Logger:2020-03-16 17:58:24.033737 https://tianyicheng0631.fang.com/
Logger:2020-03-16 17:58:24.404730 https://gongyuanyihaoss.fang.com/
Logger:2020-03-16 17:58:27.433675 https://fengheyayuansl.fang.com/
Logger:2020-03-16 17:58:27.758849 https://mingliuchengsdw.fang.com/
Logger:2020-03-16 17:58:28.091038 https://dongziyuan0631.fang.com/
Logger:2020-03-16 17:58:30.119249 https://hejingdongchengly.fang.com/
Logger:2020-03-16 17:58:30.537544 https://fengqinghaianwh.fang.com/
Logger:2020-03-16 17:58:30.869678 https://shanshuimingdusd.fang.com/
Logger:2020-03-16 17:58:31.180823 https://zizailanwan.fang.com/
Logger:2020-03-16 17:58:32.787725 https://quanlefang0631.fang.com/
Logger:2020-03-16 17:58:33.134897 https://kangyangxiaozhenwg.fang.com/
Logger:2020-03-16 17:58:33.495819 https://guanyunshanju.fang.com/
Logger:2020-03-16 17:58:37.483710 https://weihai.newhouse.fang.com/house/s/b96/
Logger:2020-03-16 17:58:40.251537 https://dijinghaianbyw.fang.com/
Logger:2020-03-16 17:58:40.711309 https://jinyuehuafu.fang.com/
Logger:2020-03-16 17:58:41.088379 https://yuexindingyuan.fang.com/
Logger:2020-03-16 17:58:42.368672 https://delongxinyuan.fang.com/
Logger:2020-03-16 17:58:43.228583 https://hupantianyuanmclc.fang.com/
Logger:2020-03-16 17:58:43.656968 https://ygzxdscyy.fang.com/
Logger:2020-03-16 17:58:44.030960 https://tangquanchunjuxy.fang.com/
Logger:2020-03-16 17:58:44.383989 https://junlanwan.fang.com/
Logger:2020-03-16 17:58:44.701218 https://fengshanyujingsm.fang.com/
Logger:2020-03-16 17:58:45.114223 https://wangfudayuan.fang.com/
Logger:2020-03-16 17:58:45.489221 https://haiyantaicq.fang.com/
Logger:2020-03-16 17:58:45.830368 https://shijixinchengsd.fang.com/
Logger:2020-03-16 17:58:46.199061 https://dahugongguanhh.fang.com/
Logger:2020-03-16 17:58:47.417887 https://tianzefuxt.fang.com/
Logger:2020-03-16 17:58:47.738006 https://dongjunyueshan.fang.com/
Logger:2020-03-16 17:58:48.144466 https://jiulongmingzhu.fang.com/
Logger:2020-03-16 17:58:48.555344 https://haijinghuayuanyt3.fang.com/
Logger:2020-03-16 17:58:48.965247 https://hxshchthy.fang.com/
Logger:2020-03-16 17:58:49.297358 https://henghejiayuan.fang.com/
Logger:2020-03-16 17:58:49.652493 https://wutongxuefu.fang.com/
Logger:2020-03-16 17:58:53.561105 https://weihai.newhouse.fang.com/house/s/b97/
Logger:2020-03-16 17:58:54.005372 https://shidaoyihaohy.fang.com/
Logger:2020-03-16 17:58:54.592801 https://haijinggecs.fang.com/
Logger:2020-03-16 17:58:55.082492 https://baolongjutf.fang.com/
Logger:2020-03-16 17:58:55.440546 https://laiyinxiaozhengyc.fang.com/
Logger:2020-03-16 17:58:56.320843 https://xuefuhuayuansw.fang.com/
Logger:2020-03-16 17:58:56.666942 https://haiyuefuzl.fang.com/
Logger:2020-03-16 17:58:57.012476 https://guanhaiyihaoxhy.fang.com/
Logger:2020-03-16 17:58:57.398394 https://guojiwujinchengwh.fang.com/
Logger:2020-03-16 17:58:58.278556 https://rongchengjiangnanlilc.fang.com/
Logger:2020-03-16 17:58:58.590778 https://shijijiayuansd.fang.com/
Logger:2020-03-16 17:58:58.937974 https://hongshuwan0631.fang.com/
Logger:2020-03-16 17:58:59.311522 https://hengbaotianxi.fang.com/
Logger:2020-03-16 17:59:00.396621 https://weihai.newhouse.fang.com/house/2417162421.htm
Logger:2020-03-16 17:59:00.720392 https://dsypyy.fang.com/
Logger:2020-03-16 17:59:02.963010 https://jinhaiyueting.fang.com/
Logger:2020-03-16 17:59:03.355921 https://banshanbandao0631.fang.com/
Logger:2020-03-16 17:59:03.776531 https://shanshuicheng20631.fang.com/
Logger:2020-03-16 17:59:08.241569 https://lanwangongguan.fang.com/
Logger:2020-03-16 17:59:08.582620 https://dxgghj.fang.com/
Logger:2020-03-16 17:59:12.429551 https://bihefurd.fang.com/
Logger:2020-03-16 17:59:16.847530 https://weihai.newhouse.fang.com/house/s/b98/
Logger:2020-03-16 17:59:18.645220 https://laiyinbieshu.fang.com/
Logger:2020-03-16 17:59:22.839468 https://haishanggongyuanerhaogongguan.fang.com/
Logger:2020-03-16 17:59:23.198469 https://hanghaishengdu.fang.com/
Logger:2020-03-16 17:59:23.565701 https://yipinlianhuacheng.fang.com/1/
Logger:2020-03-16 17:59:23.881901 https://yongxingyuanhs.fang.com/
Logger:2020-03-16 17:59:24.189231 https://haixinguanlan0631.fang.com/
Logger:2020-03-16 17:59:24.493418 https://tianfuyayuan.fang.com/
Logger:2020-03-16 17:59:25.137695 https://jinxiushancheng0631.fang.com/
Logger:2020-03-16 17:59:25.546633 https://oulefang.fang.com/
Logger:2020-03-16 17:59:25.909629 https://yihaiguojilt.fang.com/
Logger:2020-03-16 17:59:26.303575 https://haiyunshan.fang.com/
Logger:2020-03-16 17:59:26.717584 https://alwgjlydjq.fang.com/
Logger:2020-03-16 17:59:27.087578 https://bhysyshyp.fang.com/
Logger:2020-03-16 17:59:27.510454 https://feicuichengnh.fang.com/
Logger:2020-03-16 17:59:27.872498 https://bihaipengcheng.fang.com/
Logger:2020-03-16 17:59:28.270968 https://pengdayayuan.fang.com/
Logger:2020-03-16 17:59:28.581751 https://bihailanwan0631.fang.com/
Logger:2020-03-16 17:59:33.926418 https://weihaifuwan.fang.com/
Logger:2020-03-16 17:59:36.707475 https://guoling7.fang.com/
Logger:2020-03-16 17:59:37.010272 https://haiwangongguanss.fang.com/
Logger:2020-03-16 17:59:44.194617 https://weihai.newhouse.fang.com/house/s/b99/
Logger:2020-03-16 17:59:46.142523 https://yangguanghuayuanht.fang.com/
Logger:2020-03-16 17:59:51.526017 https://hupanlinju.fang.com/
Logger:2020-03-16 17:59:56.372926 https://haijiaoxiaozhen.fang.com/
Logger:2020-03-16 17:59:56.775438 https://shanhaili.fang.com/
Logger:2020-03-16 17:59:57.092577 https://tianebao0631.fang.com/
Logger:2020-03-16 17:59:57.435571 https://wsbthjhy.fang.com/
Logger:2020-03-16 17:59:57.771672 https://yangguangtiandi0631.fang.com/
Logger:2020-03-16 17:59:58.126722 https://yulanhuayuanjc.fang.com/
Logger:2020-03-16 17:59:58.482303 https://xingangcheng0631.fang.com/
Logger:2020-03-16 17:59:58.765135 https://tianhaiguoji.fang.com/
Logger:2020-03-16 18:00:13.203421 https://dfhjhw.fang.com/
Logger:2020-03-16 18:00:13.573795 https://bishuiyuntian0631.fang.com/
Logger:2020-03-16 18:00:13.882974 https://sjnhxtd.fang.com/
Logger:2020-03-16 18:00:14.193616 https://163015.fang.com/
Logger:2020-03-16 18:00:14.534704 https://zhongyangshangwuqu0631.fang.com/
Logger:2020-03-16 18:00:22.486574 https://furunyuan0631.fang.com/
Logger:2020-03-16 18:00:28.289528 https://weihai.newhouse.fang.com/house/s/b910/
Logger:2020-03-16 18:00:33.106609 https://weihai.newhouse.fang.com/house/s/b911/
Logger:2020-03-16 18:00:38.915278 https://weihai.newhouse.fang.com/house/s/b912/
