Logger:2020-03-16 19:48:32.902498 https://weinan.newhouse.fang.com/house/s/b91/
Logger:2020-03-16 19:48:33.517852 https://xwrzjhyc.fang.com/
Logger:2020-03-16 19:48:34.097861 https://hongfanrenhefu.fang.com/
Logger:2020-03-16 19:48:34.640428 https://hengtianshoufu.fang.com/
Logger:2020-03-16 19:48:35.090792 https://shangshangguofengjiuhaoyuan.fang.com/
Logger:2020-03-16 19:48:35.593215 https://baolijinyuehefu.fang.com/
Logger:2020-03-16 19:48:36.246978 https://wnwkc.fang.com/
Logger:2020-03-16 19:48:36.710275 https://biguiyuanfeicuichuanqi.fang.com/
Logger:2020-03-16 19:48:37.080324 https://weinanfulicheng.fang.com/
Logger:2020-03-16 19:48:37.437838 https://xdchengshizhiguang.fang.com/
Logger:2020-03-16 19:48:37.835786 https://meijunssgf.fang.com/1/
Logger:2020-03-16 19:48:38.236211 https://junruifuhd0913.fang.com/
Logger:2020-03-16 19:48:38.642670 https://hengdayujingbd.fang.com/
Logger:2020-03-16 19:48:39.015394 https://xindayangshuyuanfengshu.fang.com/2/
Logger:2020-03-16 19:48:39.385407 https://huashengyukongjian.fang.com/
Logger:2020-03-16 19:48:42.127127 https://xinzhouhuashengcheng.fang.com/
Logger:2020-03-16 19:48:42.534967 https://xindayuanzhu.fang.com/
Logger:2020-03-16 19:48:42.866082 https://wnbgyfcsd.fang.com/
Logger:2020-03-16 19:48:43.198751 https://weinanbaonenghuafu.fang.com/
Logger:2020-03-16 19:48:43.661357 https://huashanchengzh.fang.com/
Logger:2020-03-16 19:48:44.010424 https://duocaikangcheng.fang.com/
Logger:2020-03-16 19:48:47.798563 https://weinan.newhouse.fang.com/house/s/b92/
Logger:2020-03-16 19:48:48.148335 https://dyjcy.fang.com/
Logger:2020-03-16 19:48:48.621717 https://changandonglu.fang.com/
Logger:2020-03-16 19:48:49.179223 https://biguiyuanfeicuihuafu.fang.com/
Logger:2020-03-16 19:48:49.652697 https://wnzhzyhf.fang.com/
Logger:2020-03-16 19:48:50.073593 https://biguiyuanyihaogongguan.fang.com/
Logger:2020-03-16 19:48:50.611147 https://hbgybhxf.fang.com/
Logger:2020-03-16 19:48:51.280361 https://zhsdh2.fang.com/
Logger:2020-03-16 19:48:51.676223 https://slyfgj.fang.com/
Logger:2020-03-16 19:48:52.044240 https://hcmmsy.fang.com/
Logger:2020-03-16 19:48:52.531936 https://haixingguoji.fang.com/
Logger:2020-03-16 19:48:52.941440 https://dongfujingyuan.fang.com/
Logger:2020-03-16 19:48:53.377301 https://wankedijianbinhesiji.fang.com/
Logger:2020-03-16 19:48:53.777227 https://fupinglvdixinlicheng.fang.com/
Logger:2020-03-16 19:48:54.196106 https://xiangshanfu.fang.com/
Logger:2020-03-16 19:48:55.959879 https://shifengxingfuli.fang.com/
Logger:2020-03-16 19:48:56.297992 https://lvshuidongcheng.fang.com/
Logger:2020-03-16 19:48:57.796383 https://fpljthzjf.fang.com/
Logger:2020-03-16 19:48:58.198307 https://dalipanshihuayuan.fang.com/
Logger:2020-03-16 19:48:58.538403 https://xdms1988.fang.com/
Logger:2020-03-16 19:48:58.863175 https://shanshuiguanyuan.fang.com/
Logger:2020-03-16 19:49:02.175814 https://weinan.newhouse.fang.com/house/s/b93/
Logger:2020-03-16 19:49:02.609662 https://chengshiyx.fang.com/
Logger:2020-03-16 19:49:02.949028 https://fushilai.fang.com/
Logger:2020-03-16 19:49:03.300981 https://puchenggongyuantianxia.fang.com/
Logger:2020-03-16 19:49:03.629062 https://yaoshanxuefu.fang.com/
Logger:2020-03-16 19:49:03.996081 https://caizijiayuan0913.fang.com/
Logger:2020-03-16 19:49:04.363134 https://meiyuegongguan.fang.com/
Logger:2020-03-16 19:49:04.679746 https://hongjiziyuguandi.fang.com/
Logger:2020-03-16 19:49:04.976994 https://haixingmanxiangjun.fang.com/
Logger:2020-03-16 19:49:05.345975 https://hhyxxz.fang.com/
Logger:2020-03-16 19:49:05.690070 https://fuyuechengqz.fang.com/
Logger:2020-03-16 19:49:06.019759 https://haiyantianque.fang.com/
Logger:2020-03-16 19:49:06.296047 https://zhongyanggongguanhb.fang.com/
Logger:2020-03-16 19:49:06.645118 https://fbiguiyuanfeicuihaoting.fang.com/
Logger:2020-03-16 19:49:06.945271 https://zhenwanfu.fang.com/
Logger:2020-03-16 19:49:09.292083 https://xindabeijingcheng.fang.com/
Logger:2020-03-16 19:49:09.607322 https://dlljgy.fang.com/
Logger:2020-03-16 19:49:11.879672 https://zhongyangcheng0913.fang.com/
Logger:2020-03-16 19:49:12.217768 https://xinrunlvshuixiangdi.fang.com/
Logger:2020-03-16 19:49:12.595755 https://minshengjingyuanta.fang.com/
Logger:2020-03-16 19:49:12.911954 https://jiuxitingyuan.fang.com/
Logger:2020-03-16 19:49:16.628241 https://weinan.newhouse.fang.com/house/s/b94/
Logger:2020-03-16 19:49:16.944523 https://fupinglongjitanfu.fang.com/
Logger:2020-03-16 19:49:17.275503 https://wnhfgc.fang.com/
Logger:2020-03-16 19:49:17.623201 https://dlbgytzsf.fang.com/
Logger:2020-03-16 19:49:17.957271 https://gongyuanshengshigm.fang.com/
Logger:2020-03-16 19:49:18.330273 https://tianjiuyipin.fang.com/
Logger:2020-03-16 19:49:18.685381 https://qzsgf.fang.com/
Logger:2020-03-16 19:49:19.013609 https://0913hbyhrf.fang.com/
Logger:2020-03-16 19:49:19.307673 https://youhehuafuhb.fang.com/
Logger:2020-03-16 19:49:19.767439 https://haoxingdongfuguoji.fang.com/
Logger:2020-03-16 19:49:20.052674 https://hcljgy0913.fang.com/
Logger:2020-03-16 19:49:22.861639 https://sdydfd0913.fang.com/
Logger:2020-03-16 19:49:23.168761 https://mingzefang.fang.com/
Logger:2020-03-16 19:49:23.515974 https://wnywgjsmc.fang.com/
Logger:2020-03-16 19:49:23.824158 https://shidaixincheng0913.fang.com/
Logger:2020-03-16 19:49:24.152018 https://biguiyuanhuafu.fang.com/
Logger:2020-03-16 19:49:24.488088 https://shijihuacheng0913.fang.com/
Logger:2020-03-16 19:49:24.856104 https://qinzhenggongguan.fang.com/
Logger:2020-03-16 19:49:25.145441 https://huamaoxiyuan.fang.com/
Logger:2020-03-16 19:49:25.456725 https://xingfuli0913.fang.com/
Logger:2020-03-16 19:49:25.778314 https://bskxhf.fang.com/
Logger:2020-03-16 19:49:29.423153 https://weinan.newhouse.fang.com/house/s/b95/
Logger:2020-03-16 19:49:29.727851 https://xihezhongyanggongyuan.fang.com/
Logger:2020-03-16 19:49:30.042129 https://xiangbinchengtz.fang.com/
Logger:2020-03-16 19:49:32.288361 https://tianlailtj.fang.com/
Logger:2020-03-16 19:49:32.672367 https://chsaxc.fang.com/
Logger:2020-03-16 19:49:32.998461 https://hxgjgcaqhgwgy.fang.com/
Logger:2020-03-16 19:49:35.440057 https://xrzijincheng.fang.com/
Logger:2020-03-16 19:49:37.695183 https://fsgytx.fang.com/
Logger:2020-03-16 19:49:41.068562 https://xdsy0913.fang.com/
Logger:2020-03-16 19:49:41.383688 https://puchenglongjiguanyuan.fang.com/
Logger:2020-03-16 19:49:41.730044 https://shengzelongyuefu.fang.com/
Logger:2020-03-16 19:49:42.033232 https://xuefuyayuanhy.fang.com/
Logger:2020-03-16 19:49:42.428249 https://haixingcheng.fang.com/
Logger:2020-03-16 19:49:42.747887 https://gaoxinhuayuanrc.fang.com/
Logger:2020-03-16 19:49:43.074921 https://zqlgzf.fang.com/
Logger:2020-03-16 19:49:43.404116 https://hanchenglvdicheng.fang.com/
Logger:2020-03-16 19:49:43.788049 https://meilinjun.fang.com/
Logger:2020-03-16 19:49:44.121124 https://shangyeguangchangqzh.fang.com/
Logger:2020-03-16 19:49:44.456821 https://haotingjiayuan0913.fang.com/
Logger:2020-03-16 19:49:44.791875 https://lijintai.fang.com/
Logger:2020-03-16 19:49:45.174366 https://hscnf.fang.com/
Logger:2020-03-16 19:49:48.991315 https://weinan.newhouse.fang.com/house/s/b96/
Logger:2020-03-16 19:49:49.292671 https://shangchengguoji0913.fang.com/
Logger:2020-03-16 19:49:49.606830 https://yihewenxuan.fang.com/
Logger:2020-03-16 19:49:49.935985 https://xindajiuxi.fang.com/
Logger:2020-03-16 19:49:50.271054 https://xindayangshuyuan.fang.com/
Logger:2020-03-16 19:49:50.651136 https://gyyh0913.fang.com/
Logger:2020-03-16 19:49:51.469575 https://gongyuantianxiahr.fang.com/
Logger:2020-03-16 19:49:51.842578 https://haixingshuianxincheng.fang.com/2/
Logger:2020-03-16 19:49:52.158818 https://huaiyaxihegongguan.fang.com/
Logger:2020-03-16 19:49:52.469860 https://hanchengshoufubgy.fang.com/
Logger:2020-03-16 19:49:52.795988 https://heweinanchengjun.fang.com/
Logger:2020-03-16 19:49:53.124191 https://0913nsgg.fang.com/
Logger:2020-03-16 19:49:53.455264 https://pcblggyiqi.fang.com/
Logger:2020-03-16 19:49:53.769109 https://hengchangjinguiyuan.fang.com/
Logger:2020-03-16 19:49:56.400995 https://tongzhouhuafu.fang.com/
Logger:2020-03-16 19:49:56.718351 https://jiatianxiagq.fang.com/
Logger:2020-03-16 19:49:57.026528 https://guangyunyunfu2.fang.com/
Logger:2020-03-16 19:49:57.338693 https://puchengyingbindasha.fang.com/
Logger:2020-03-16 19:49:57.643917 https://donghubandao0913.fang.com/
Logger:2020-03-16 19:49:57.985891 https://yingtailongchen.fang.com/
Logger:2020-03-16 19:49:58.300779 https://jingzhuangsohowdgc.fang.com/
Logger:2020-03-16 19:50:02.101848 https://weinan.newhouse.fang.com/house/s/b97/
Logger:2020-03-16 19:50:09.705638 https://hangyunjiayuan0913.fang.com/
Logger:2020-03-16 19:50:10.066718 https://runzezhenpin2.fang.com/
Logger:2020-03-16 19:50:16.571511 https://weilixingzuo.fang.com/
Logger:2020-03-16 19:50:21.552295 https://liyuege.fang.com/
Logger:2020-03-16 19:50:27.579500 https://jinruiguoji0913.fang.com/
Logger:2020-03-16 19:50:27.894678 https://weinanfengyeli.fang.com/
Logger:2020-03-16 19:50:28.310560 https://gongyuanyinxiangrc.fang.com/
Logger:2020-03-16 19:50:28.647428 https://zijinhongfu.fang.com/
Logger:2020-03-16 19:50:28.980573 https://wenqushangyuan.fang.com/
Logger:2020-03-16 19:50:29.296652 https://huibanghuafu.fang.com/
Logger:2020-03-16 19:50:29.746449 https://chengchenghuibangzhongyanggongguan.fang.com/
Logger:2020-03-16 19:50:30.097194 https://xinghuadasha0913.fang.com/
Logger:2020-03-16 19:50:32.217967 https://weinantaihefu.fang.com/
Logger:2020-03-16 19:50:32.534813 https://maduxincheng.fang.com/
Logger:2020-03-16 19:50:32.913762 https://langjuntd.fang.com/
Logger:2020-03-16 19:50:33.250899 https://dltongzhoufu.fang.com/
Logger:2020-03-16 19:50:33.653807 https://jiequmhd.fang.com/
Logger:2020-03-16 19:50:34.119270 https://baihuaxigu0913.fang.com/
Logger:2020-03-16 19:50:34.451853 https://biguiyuanfcgg.fang.com/
Logger:2020-03-16 19:50:34.752969 https://0913tzxyyf.fang.com/
Logger:2020-03-16 19:50:38.396712 https://weinan.newhouse.fang.com/house/s/b98/
Logger:2020-03-16 19:50:38.721816 https://heweihuizeyuanshangpingfang.fang.com/
Logger:2020-03-16 19:50:39.098808 https://boyuehuafu0913.fang.com/
Logger:2020-03-16 19:50:39.423940 https://dltongzhouli.fang.com/
Logger:2020-03-16 19:50:39.722625 https://hyqxl.fang.com/
Logger:2020-03-16 19:50:40.057672 https://wthhswzx.fang.com/
Logger:2020-03-16 19:50:40.453286 https://haorunxindu.fang.com/
Logger:2020-03-16 19:50:40.829267 https://meisongxinfucheng.fang.com/
Logger:2020-03-16 19:50:41.185315 https://wllyy.fang.com/
Logger:2020-03-16 19:50:41.694330 https://wanyuanyinxiang.fang.com/
Logger:2020-03-16 19:50:42.030389 https://yifengyuan0913.fang.com/
Logger:2020-03-16 19:50:42.481265 https://weinanwandaguangchang.fang.com/
Logger:2020-03-16 19:50:42.812374 https://wenhaoguoji.fang.com/
Logger:2020-03-16 19:50:43.167049 https://gaoxinyunjing.fang.com/
Logger:2020-03-16 19:50:46.521851 https://xiangjinghuayuan0913.fang.com/
Logger:2020-03-16 19:50:46.894845 https://kaiyuehuating0913.fang.com/
Logger:2020-03-16 19:50:47.250666 https://hczhxc.fang.com/
Logger:2020-03-16 19:50:51.770235 https://qzltc.fang.com/
Logger:2020-03-16 19:50:52.319766 https://yaohongyipinguoji.fang.com/
Logger:2020-03-16 19:50:52.781978 https://shengshiqinjin.fang.com/
Logger:2020-03-16 19:50:53.100284 https://letianguojigc.fang.com/
Logger:2020-03-16 19:50:56.341993 https://weinan.newhouse.fang.com/house/s/b99/
Logger:2020-03-16 19:50:56.669118 https://tongguangucheng.fang.com/
Logger:2020-03-16 19:50:57.043153 https://xzmcjdgy.fang.com/
Logger:2020-03-16 19:50:58.949144 https://gqjtx.fang.com/shop/
Logger:2020-03-16 19:50:59.279297 https://xzcsc.fang.com/shop/
Logger:2020-03-16 19:50:59.646251 https://gxggxfl.fang.com/
Logger:2020-03-16 19:51:04.141059 https://guangsoho.fang.com/
Logger:2020-03-16 19:51:04.458781 https://lxsmc0913.fang.com/
Logger:2020-03-16 19:51:04.726055 https://rundianxincheng.fang.com/
Logger:2020-03-16 19:51:06.532583 https://rclxyj.fang.com/
Logger:2020-03-16 19:51:06.878657 https://xinzhoushidaigc.fang.com/
Logger:2020-03-16 19:51:07.269610 https://qwhbc.fang.com/
Logger:2020-03-16 19:51:07.550385 https://xdshuyuanxingjie.fang.com/
Logger:2020-03-16 19:51:07.837689 https://dahongshichanggz.fang.com/
Logger:2020-03-16 19:51:09.873649 https://qipeiwujinjidiancheng.fang.com/
Logger:2020-03-16 19:51:13.025985 https://guangdanongzicheng.fang.com/
Logger:2020-03-16 19:51:15.909679 https://xrsamj.fang.com/
Logger:2020-03-16 19:51:16.228826 https://zhy0913.fang.com/
Logger:2020-03-16 19:51:16.541653 https://jiudongyanglou3q.fang.com/
Logger:2020-03-16 19:51:16.899646 https://xindagongguan.fang.com/
Logger:2020-03-16 19:51:19.716794 https://tianxianghuafu.fang.com/
Logger:2020-03-16 19:51:23.327737 https://weinan.newhouse.fang.com/house/s/b910/
Logger:2020-03-16 19:51:23.678731 https://jingzhuangsohoxdgc.fang.com/
Logger:2020-03-16 19:51:27.361161 https://weinan.newhouse.fang.com/house/s/b911/
Logger:2020-03-16 19:51:30.950438 https://weinan.newhouse.fang.com/house/s/b912/
Logger:2020-03-16 19:51:34.453908 https://weinan.newhouse.fang.com/house/s/b913/
