Logger:2020-03-17 00:46:13.130571 https://wenling.newhouse.fang.com/house/s/b91/
Logger:2020-03-17 00:46:13.368953 https://wanjingjiayuanwl.fang.com/
Logger:2020-03-17 00:46:13.908567 https://jiulongyuanxxsz.fang.com/
Logger:2020-03-17 00:46:14.248580 https://taiheyuan0576.fang.com/
Logger:2020-03-17 00:46:14.548779 https://oujueyuan.fang.com/
Logger:2020-03-17 00:46:15.602957 https://lingnanjiayuanwl.fang.com/
Logger:2020-03-17 00:46:15.831347 https://yintaichengwl.fang.com/
Logger:2020-03-17 00:46:16.083705 https://jiangnanyinxiangwl.fang.com/
Logger:2020-03-17 00:46:16.362967 https://chunjianghaoting.fang.com/
Logger:2020-03-17 00:46:16.602284 https://bdmywenling.fang.com/
Logger:2020-03-17 00:46:16.842684 https://xizihuayuan0576.fang.com/
Logger:2020-03-17 00:46:17.114914 https://yulanhuayuanwl.fang.com/
Logger:2020-03-17 00:46:17.412143 https://wenlingmxhy.fang.com/
Logger:2020-03-17 00:46:17.661450 https://xiangxiwangfu.fang.com/
Logger:2020-03-17 00:46:17.890867 https://hupanyihao0576.fang.com/
Logger:2020-03-17 00:46:18.177118 https://zhixinyuanshuwl.fang.com/
Logger:2020-03-17 00:46:18.603929 https://donghaotingwl.fang.com/
Logger:2020-03-17 00:46:18.985957 https://haipujiayuanwl.fang.com/
Logger:2020-03-17 00:46:19.371875 https://bgyfeicuiwan.fang.com/
Logger:2020-03-17 00:46:19.614270 https://shuguangxinchengwl.fang.com/
Logger:2020-03-17 00:46:19.845650 https://xinhaihuayuanwl.fang.com/
Logger:2020-03-17 00:46:23.924695 https://wenling.newhouse.fang.com/house/s/b92/
Logger:2020-03-17 00:46:24.378482 https://nxjywl.fang.com/
Logger:2020-03-17 00:46:24.735526 https://haotingyuankysz.fang.com/
Logger:2020-03-17 00:46:24.996866 https://jkcchengshiketing.fang.com/
Logger:2020-03-17 00:46:25.290086 https://haishangjiayuanwl.fang.com/
Logger:2020-03-17 00:46:25.718896 https://qingshuiwanxq.fang.com/
Logger:2020-03-17 00:46:25.955304 https://hchblhy.fang.com/
Logger:2020-03-17 00:46:26.198644 https://wlbinhaiwanhuayuan.fang.com/
Logger:2020-03-17 00:46:26.442989 https://edcshy.fang.com/
Logger:2020-03-17 00:46:26.732218 https://tlcjhy.fang.com/
Logger:2020-03-17 00:46:26.973541 https://wanshengshangsha.fang.com/
Logger:2020-03-17 00:46:27.199971 https://dhyjywl.fang.com/
Logger:2020-03-17 00:46:27.440316 https://jnjywl.fang.com/
Logger:2020-03-17 00:46:27.725527 https://dtmgywl.fang.com/
Logger:2020-03-17 00:46:30.021440 https://citengyuan.fang.com/
Logger:2020-03-17 00:46:30.266768 https://ylwhywl.fang.com/
Logger:2020-03-17 00:46:30.512107 https://hfgjxcc.fang.com/
Logger:2020-03-17 00:46:30.797336 https://jdcfds.fang.com/
Logger:2020-03-17 00:46:31.032723 https://mingdudasha0576.fang.com/
Logger:2020-03-17 00:46:31.872434 https://wenling.newhouse.fang.com/house/2026196494.htm
Logger:2020-03-17 00:46:32.120769 https://xijingmingyuanwl.fang.com/
Logger:2020-03-17 00:46:35.891682 https://wenling.newhouse.fang.com/house/s/b93/
Logger:2020-03-17 00:46:36.073196 https://jchaijingmingyuan.fang.com/
Logger:2020-03-17 00:46:36.313597 https://jinhaiwangy.fang.com/
Logger:2020-03-17 00:46:36.559895 https://dhshuijingyuan.fang.com/
Logger:2020-03-17 00:46:36.811265 https://jiahongmingyuan.fang.com/
Logger:2020-03-17 00:46:37.114453 https://bdtwsmc.fang.com/
Logger:2020-03-17 00:46:38.040932 https://hongweigongyu0576.fang.com/
Logger:2020-03-17 00:46:41.577538 https://wenling.newhouse.fang.com/house/s/b94/
Logger:2020-03-17 00:46:45.178870 https://wenling.newhouse.fang.com/house/s/b95/
Logger:2020-03-17 00:46:48.789222 https://wenling.newhouse.fang.com/house/s/b96/
