Logger:2020-03-16 17:33:06.519292 https://wf.newhouse.fang.com/house/s/b91/
Logger:2020-03-16 17:33:07.023322 https://rutaizhengrongfu.fang.com/?from=xflist_xfgg
Logger:2020-03-16 17:33:07.466105 https://zexinyunzhu.fang.com/?from=xflist_xfgg
Logger:2020-03-16 17:33:08.060075 https://daguantianxiazj.fang.com/
Logger:2020-03-16 17:33:10.829273 https://rongchuangronggongguan0536.fang.com/
Logger:2020-03-16 17:33:11.194293 https://taoyuanjinmaoyue.fang.com/
Logger:2020-03-16 17:33:11.597808 https://zhongfangaiyuecheng.fang.com/
Logger:2020-03-16 17:33:12.118609 https://xinlichengld0536.fang.com/
Logger:2020-03-16 17:33:13.201735 https://xuefushenghuocheng.fang.com/
Logger:2020-03-16 17:33:13.616308 https://dijingguoji0536.fang.com/
Logger:2020-03-16 17:33:14.012280 https://ziruiyuan0536.fang.com/
Logger:2020-03-16 17:33:14.502936 https://shengshixiangxieli.fang.com/
Logger:2020-03-16 17:33:14.947239 https://baolihaitang0536.fang.com/
Logger:2020-03-16 17:33:15.379615 https://shimaocuicangongyuan.fang.com/
Logger:2020-03-16 17:33:15.787258 https://jinmaxiyuan.fang.com/
Logger:2020-03-16 17:33:16.293205 https://zjytjyy.fang.com/
Logger:2020-03-16 17:33:16.691141 https://lanxixuefu.fang.com/
Logger:2020-03-16 17:33:17.061150 https://biguiyuantaolidongfang.fang.com/
Logger:2020-03-16 17:33:17.428330 https://zhongnanxiyue0536.fang.com/
Logger:2020-03-16 17:33:17.824662 https://shimaoyuntu0536.fang.com/
Logger:2020-03-16 17:33:18.255549 https://baoliyuefuzn.fang.com/
Logger:2020-03-16 17:33:21.964235 https://wf.newhouse.fang.com/house/s/b92/
Logger:2020-03-16 17:33:22.294367 https://baoliyuefuzn.fang.com/
Logger:2020-03-16 17:33:22.776508 https://shangchengzhuofu.fang.com/
Logger:2020-03-16 17:33:23.138057 https://zhongnanlongyue0536.fang.com/
Logger:2020-03-16 17:33:23.704585 https://wutongyubl0536.fang.com/
Logger:2020-03-16 17:33:24.101985 https://boguanxian.fang.com/
Logger:2020-03-16 17:33:27.096540 https://shangchengguoji0536.fang.com/
Logger:2020-03-16 17:33:27.507438 https://zhongliangyiheyazhu.fang.com/
Logger:2020-03-16 17:33:27.880441 https://dayougongguan.fang.com/
Logger:2020-03-16 17:33:28.395653 https://wantegongguan.fang.com/
Logger:2020-03-16 17:33:28.846438 https://geerlvcheng.fang.com/
Logger:2020-03-16 17:33:29.236377 https://gongyuandaoyihaolf.fang.com/
Logger:2020-03-16 17:33:29.790882 https://jinmayiyuan.fang.com/
Logger:2020-03-16 17:33:30.160729 https://wenhuaweilaizhiguangxk.fang.com/
Logger:2020-03-16 17:33:30.595524 https://derunboyue.fang.com/
Logger:2020-03-16 17:33:31.028420 https://ctjyf.fang.com/
Logger:2020-03-16 17:33:31.409558 https://lvdicheng0536.fang.com/
Logger:2020-03-16 17:33:31.771431 https://shengfeimanbu.fang.com/
Logger:2020-03-16 17:33:32.764341 https://yinlingguoji0536.fang.com/
Logger:2020-03-16 17:33:33.189487 https://zhongyeweifanggongguan.fang.com/
Logger:2020-03-16 17:33:33.665338 https://taoyuanligelc.fang.com/
Logger:2020-03-16 17:33:37.079315 https://wf.newhouse.fang.com/house/s/b93/
Logger:2020-03-16 17:33:37.458453 https://ziyugongguan0536.fang.com/
Logger:2020-03-16 17:33:37.880381 https://dongmingxuefuzy.fang.com/
Logger:2020-03-16 17:33:38.279883 https://tianxiwfbgy.fang.com/
Logger:2020-03-16 17:33:38.945048 https://jindinghuafu.fang.com/
Logger:2020-03-16 17:33:39.988921 https://weifangximalayayg100.fang.com/
Logger:2020-03-16 17:33:40.327015 https://bangtaitianpu.fang.com/
Logger:2020-03-16 17:33:40.708035 https://biguiyuanfenghuangtai0536.fang.com/
Logger:2020-03-16 17:33:41.106395 https://napaxigujq.fang.com/
Logger:2020-03-16 17:33:41.541229 https://xinlidibowan0536.fang.com/
Logger:2020-03-16 17:33:41.868785 https://luhongtaihualantingxu.fang.com/
Logger:2020-03-16 17:33:42.746438 https://lushangshoufu0536.fang.com/
Logger:2020-03-16 17:33:43.109977 https://ruilongwan0536.fang.com/
Logger:2020-03-16 17:33:45.055798 https://yuyuan0536.fang.com/
Logger:2020-03-16 17:33:45.399496 https://boyuyihao.fang.com/
Logger:2020-03-16 17:33:45.762553 https://gtdzy.fang.com/
Logger:2020-03-16 17:33:46.139517 https://guojishequzy.fang.com/
Logger:2020-03-16 17:33:46.496564 https://hengxinchongwenhu.fang.com/
Logger:2020-03-16 17:33:49.664837 https://jinkejimeitianchen0536.fang.com/
Logger:2020-03-16 17:33:49.987982 https://fengxiangfubjy.fang.com/
Logger:2020-03-16 17:33:52.601800 https://jinqingguihuayuan.fang.com/
Logger:2020-03-16 17:33:56.310971 https://wf.newhouse.fang.com/house/s/b94/
Logger:2020-03-16 17:33:56.630123 https://shijiabieyuanzjy.fang.com/
Logger:2020-03-16 17:33:56.976184 https://shangwuzhongxinjqgj.fang.com/
Logger:2020-03-16 17:33:58.835864 https://shijichengxt.fang.com/
Logger:2020-03-16 17:34:01.172668 https://luchengtianyuanmuge.fang.com/
Logger:2020-03-16 17:34:01.560670 https://aiqinhaimh.fang.com/
Logger:2020-03-16 17:34:03.005412 https://dongfangtianyun.fang.com/
Logger:2020-03-16 17:34:04.465993 https://jiayoumingyuan.fang.com/
Logger:2020-03-16 17:34:07.831674 https://jinluanyujingcheng.fang.com/
Logger:2020-03-16 17:34:10.019580 https://yangguanghaianzjy.fang.com/
Logger:2020-03-16 17:34:11.569309 https://guojichengaw.fang.com/
Logger:2020-03-16 17:34:11.962280 https://jinkeliyuedongfang0536.fang.com/
Logger:2020-03-16 17:34:12.311062 https://zhonglianglongxitai.fang.com/
Logger:2020-03-16 17:34:12.685086 https://jinqingyuhuayuanqz.fang.com/
Logger:2020-03-16 17:34:13.016200 https://biguiyuanjiayu.fang.com/
Logger:2020-03-16 17:34:14.986195 https://boyu7hao.fang.com/
Logger:2020-03-16 17:34:18.348175 https://jqyhy.fang.com/
Logger:2020-03-16 17:34:18.772041 https://boyuefubgy0536.fang.com/
Logger:2020-03-16 17:34:19.144141 https://dayoushijia.fang.com/
Logger:2020-03-16 17:34:19.544275 https://zhongyiheyuan.fang.com/
Logger:2020-03-16 17:34:19.969788 https://dongfangmingjunha.fang.com/
Logger:2020-03-16 17:34:24.541401 https://wf.newhouse.fang.com/house/s/b95/
Logger:2020-03-16 17:34:24.931854 https://lishuifangzhou.fang.com/
Logger:2020-03-16 17:34:25.340760 https://fengdanyihaoyuan.fang.com/
Logger:2020-03-16 17:34:27.014444 https://zichenmingjun.fang.com/
Logger:2020-03-16 17:34:29.512725 https://chengshiguangchanggx0536.fang.com/
Logger:2020-03-16 17:34:30.001242 https://shijizunpinjz.fang.com/
Logger:2020-03-16 17:34:30.469189 https://fenghuashangpinhx.fang.com/
Logger:2020-03-16 17:34:30.807214 https://deruntianhe.fang.com/
Logger:2020-03-16 17:34:31.165269 https://yushangyuanha.fang.com/
Logger:2020-03-16 17:34:31.505648 https://shanhechengbd.fang.com/
Logger:2020-03-16 17:34:34.282747 https://hejiayuyuan.fang.com/
Logger:2020-03-16 17:34:34.569972 https://meiguoxiaozhen.fang.com/
Logger:2020-03-16 17:34:34.954942 https://fengqiyihaoyuan.fang.com/
Logger:2020-03-16 17:34:35.305058 https://tulanduo0536.fang.com/
Logger:2020-03-16 17:34:37.757317 https://meiguigongguanhx.fang.com/
Logger:2020-03-16 17:34:38.127890 https://beichenbailuwan.fang.com/
Logger:2020-03-16 17:34:38.473964 https://jingtaiyuan0536.fang.com/
Logger:2020-03-16 17:34:38.921349 https://qingfengmingyuemingyueyuanlc.fang.com/
Logger:2020-03-16 17:34:39.243403 https://jindihuixianfu.fang.com/
Logger:2020-03-16 17:34:39.587623 https://basaixiaozhenhx.fang.com/
Logger:2020-03-16 17:34:40.030438 https://hengxinlingfeng.fang.com/
Logger:2020-03-16 17:34:43.326230 https://wf.newhouse.fang.com/house/s/b96/
Logger:2020-03-16 17:34:43.765020 https://yateerweifangyuanzi.fang.com/
Logger:2020-03-16 17:34:44.134034 https://chenlongtianxicheng.fang.com/
Logger:2020-03-16 17:34:44.561894 https://hanxiangyuan20536.fang.com/
Logger:2020-03-16 17:34:44.920171 https://hengxinyufeng.fang.com/
Logger:2020-03-16 17:34:46.000168 https://dongfangfengjingyuan.fang.com/2/
Logger:2020-03-16 17:34:46.367228 https://yangguangjiarihx.fang.com/
Logger:2020-03-16 17:34:46.832317 https://jinzhuanchengxiyuan.fang.com/
Logger:2020-03-16 17:34:47.249130 https://hybljrzx.fang.com/
Logger:2020-03-16 17:34:47.581242 https://junwangfubt.fang.com/
Logger:2020-03-16 17:34:48.026052 https://hengxinyuyuan0536.fang.com/
Logger:2020-03-16 17:34:48.406093 https://dongfangzhizhuhx.fang.com/
Logger:2020-03-16 17:34:48.998126 https://shuiyunhuatingcf.fang.com/
Logger:2020-03-16 17:34:49.353173 https://hengxintianyue.fang.com/
Logger:2020-03-16 17:34:49.953225 https://pulanfangcheng.fang.com/
Logger:2020-03-16 17:34:50.340572 https://zhongtaicheng.fang.com/
Logger:2020-03-16 17:34:53.755231 https://lixiangxiaozhenhx.fang.com/
Logger:2020-03-16 17:34:54.167129 https://lanchengjinxiutaolichunfeng.fang.com/
Logger:2020-03-16 17:34:54.501234 https://baliyihao0536.fang.com/
Logger:2020-03-16 17:34:54.874336 https://chengfarunyuan.fang.com/
Logger:2020-03-16 17:34:55.896007 https://luhonggongyuanshiji.fang.com/
Logger:2020-03-16 17:34:59.683451 https://wf.newhouse.fang.com/house/s/b97/
Logger:2020-03-16 17:35:05.897098 https://dongjin1hao.fang.com/
Logger:2020-03-16 17:35:06.260101 https://fenghuangjiayuanha.fang.com/
Logger:2020-03-16 17:35:11.136127 https://yixianglanwan.fang.com/
Logger:2020-03-16 17:35:11.497162 https://binhaihongrunfu.fang.com/
Logger:2020-03-16 17:35:11.872245 https://lrzchf.fang.com/
Logger:2020-03-16 17:35:12.216266 https://hejiacuiyuan.fang.com/
Logger:2020-03-16 17:35:12.634599 https://hejiaxingheyuan.fang.com/
Logger:2020-03-16 17:35:12.967688 https://qixingguoji.fang.com/
Logger:2020-03-16 17:35:13.317754 https://beidajincheng.fang.com/
Logger:2020-03-16 17:35:13.823453 https://guanlanfuha.fang.com/
Logger:2020-03-16 17:35:14.223931 https://shangjunguoji.fang.com/
Logger:2020-03-16 17:35:14.556009 https://taiwushixz.fang.com/
Logger:2020-03-16 17:35:14.982866 https://bishuilantian.fang.com/
Logger:2020-03-16 17:35:15.412507 https://hazcgg.fang.com/
Logger:2020-03-16 17:35:15.791428 https://huaanfeicuimingjun.fang.com/
Logger:2020-03-16 17:35:17.879039 https://ehoguojishequzx.fang.com/
Logger:2020-03-16 17:35:21.826245 https://fudishijiabh.fang.com/
Logger:2020-03-16 17:35:22.269163 https://bhl6789h.fang.com/
Logger:2020-03-16 17:35:22.637315 https://yulanli0536.fang.com/
Logger:2020-03-16 17:35:26.066810 https://rundixinyuecheng.fang.com/
Logger:2020-03-16 17:35:29.458122 https://wf.newhouse.fang.com/house/s/b98/
Logger:2020-03-16 17:35:31.577784 https://qingfengmingyueqingfengyuanlc.fang.com/
Logger:2020-03-16 17:35:33.235483 https://fcjfzy.fang.com/
Logger:2020-03-16 17:35:34.986465 https://xiashanfengqidi.fang.com/
Logger:2020-03-16 17:35:36.114579 https://qhwzy.fang.com/
Logger:2020-03-16 17:35:37.291423 https://minshengpuyueli.fang.com/
Logger:2020-03-16 17:35:37.627640 https://hengxinmishuichunfeng.fang.com/
Logger:2020-03-16 17:35:37.962107 https://199957.fang.com/
Logger:2020-03-16 17:35:38.354054 https://syhlf.fang.com/
Logger:2020-03-16 17:35:38.776959 https://tinganfengjingha.fang.com/
Logger:2020-03-16 17:35:39.161951 https://hxjsyg.fang.com/
Logger:2020-03-16 17:35:40.671116 https://wutongxiaoyuan.fang.com/
Logger:2020-03-16 17:35:41.061300 https://aochenghuayuan0536.fang.com/
Logger:2020-03-16 17:35:41.432065 https://dongfangtaiyangcheng0536.fang.com/
Logger:2020-03-16 17:35:41.840104 https://tangningjun.fang.com/
Logger:2020-03-16 17:35:44.096896 https://199835.fang.com/
Logger:2020-03-16 17:35:44.414033 https://yiweilaicaifuzhongxin.fang.com/
Logger:2020-03-16 17:35:44.726295 https://huachengmingzuo.fang.com/
Logger:2020-03-16 17:35:47.582580 https://yuejunqingyunfu.fang.com/
Logger:2020-03-16 17:35:48.072777 https://shundazhongyangguojigm.fang.com/
Logger:2020-03-16 17:35:48.401934 https://jinyuhaofu.fang.com/
Logger:2020-03-16 17:35:52.087496 https://wf.newhouse.fang.com/house/s/b99/
Logger:2020-03-16 17:35:52.404626 https://weifangyuanzi.fang.com/
Logger:2020-03-16 17:35:52.789194 https://ctawgg.fang.com/
Logger:2020-03-16 17:35:53.115080 https://jinrunxinchengct.fang.com/
Logger:2020-03-16 17:35:53.448110 https://futingdadi.fang.com/
Logger:2020-03-16 17:35:54.057516 https://zhuohe6hao.fang.com/
Logger:2020-03-16 17:35:54.469005 https://sailuogongguan0536.fang.com/
Logger:2020-03-16 17:35:54.910549 https://shanshuishengchengchangyi.fang.com/
Logger:2020-03-16 17:35:55.211777 https://xintianguojihx.fang.com/
Logger:2020-03-16 17:35:57.333030 https://klqcfcyds.fang.com/
Logger:2020-03-16 17:35:57.680089 https://qyzf.fang.com/
Logger:2020-03-16 17:35:57.994734 https://yjbwhcymxxz.fang.com/
Logger:2020-03-16 17:35:58.316386 https://anqiu.newhouse.fang.com/house/2444793393.htm
Logger:2020-03-16 17:35:58.796140 https://pingkuotai.fang.com/
Logger:2020-03-16 17:35:59.389563 https://shuiantianyuchangyi.fang.com/
Logger:2020-03-16 17:35:59.693704 https://shuimujinghuaanqiu.fang.com/
Logger:2020-03-16 17:36:00.021863 https://hengxinxuefu.fang.com/
Logger:2020-03-16 17:36:00.525481 https://meiguigongguanws.fang.com/
Logger:2020-03-16 17:36:01.009150 https://hengdabinhezuoan0536.fang.com/
Logger:2020-03-16 17:36:01.322312 https://baotongluhao.fang.com/2/
Logger:2020-03-16 17:36:01.638468 https://beijinggongguan0536.fang.com/
Logger:2020-03-16 17:36:05.325767 https://wf.newhouse.fang.com/house/s/b910/
Logger:2020-03-16 17:36:05.712704 https://zhongxiangguoji.fang.com/
Logger:2020-03-16 17:36:07.885018 https://taihuachengdayihuafu.fang.com/
Logger:2020-03-16 17:36:08.218339 https://qingzhouhuaduwenyuan.fang.com/
Logger:2020-03-16 17:36:08.606257 https://jinzunhuafu0536.fang.com/
Logger:2020-03-16 17:36:09.063064 https://yinglunhuayuan0536.fang.com/
Logger:2020-03-16 17:36:09.406630 https://xinhechengxiaozhen.fang.com/
Logger:2020-03-16 17:36:09.806797 https://weitingfu.fang.com/
Logger:2020-03-16 17:36:10.156883 https://anqiu.newhouse.fang.com/house/2444793389.htm
Logger:2020-03-16 17:36:12.865873 https://jinkehuafu.fang.com/
Logger:2020-03-16 17:36:13.216115 https://hengyiziyuan.fang.com/
Logger:2020-03-16 17:36:13.631047 https://huijinyuan20536.fang.com/
Logger:2020-03-16 17:36:15.969307 https://xlqzf.fang.com/
Logger:2020-03-16 17:36:16.273491 https://jinxiuhechengsj.fang.com/
Logger:2020-03-16 17:36:16.645461 https://qzhaitianchenyun.fang.com/
Logger:2020-03-16 17:36:17.056910 https://jingyiyuan0536.fang.com/
Logger:2020-03-16 17:36:23.369399 https://qingzhouxthy.fang.com/
Logger:2020-03-16 17:36:23.763346 https://tiantaijindadixindicheng.fang.com/
Logger:2020-03-16 17:36:24.128370 https://shuxiangmendihx.fang.com/
Logger:2020-03-16 17:36:25.989391 https://ziyulanting0536.fang.com/
Logger:2020-03-16 17:36:26.326521 https://jindijinyuan.fang.com/
Logger:2020-03-16 17:36:30.000012 https://wf.newhouse.fang.com/house/s/b911/
Logger:2020-03-16 17:36:30.376600 https://jinyuyuan0536.fang.com/
Logger:2020-03-16 17:36:30.740597 https://zhonghexiangbinhuayuan.fang.com/
Logger:2020-03-16 17:36:31.177938 https://shuxiangyuanbs.fang.com/
Logger:2020-03-16 17:36:31.557134 https://sscsj.fang.com/
Logger:2020-03-16 17:36:31.967525 https://wanghoujiayuan.fang.com/
Logger:2020-03-16 17:36:34.391162 https://shuiqingmuhua0536.fang.com/
Logger:2020-03-16 17:36:34.942711 https://hycxy.fang.com/
Logger:2020-03-16 17:36:35.312455 https://shengjitianshuiyuan.fang.com/
Logger:2020-03-16 17:36:35.743233 https://fenglinyijing0536.fang.com/
Logger:2020-03-16 17:36:36.124279 https://shanggongguanhr.fang.com/
Logger:2020-03-16 17:36:36.455326 https://zongbujidiwf.fang.com/
Logger:2020-03-16 17:36:36.901135 https://fengxiangxiaozhendy.fang.com/
Logger:2020-03-16 17:36:37.183391 https://taolichunfengthlc.fang.com/
Logger:2020-03-16 17:36:39.535867 https://xiafei6hao.fang.com/
Logger:2020-03-16 17:36:39.894500 https://fangyuanguojijz.fang.com/
Logger:2020-03-16 17:36:40.304562 https://zhongyangyuyuanss.fang.com/
Logger:2020-03-16 17:36:40.676121 https://huguangshanshexc.fang.com/
Logger:2020-03-16 17:36:41.032166 https://huaxidijh.fang.com/
Logger:2020-03-16 17:36:41.457030 https://hrhtw.fang.com/
Logger:2020-03-16 17:36:41.806213 https://yabowenyihaogongguan.fang.com/
Logger:2020-03-16 17:36:45.120913 https://wf.newhouse.fang.com/house/s/b912/
Logger:2020-03-16 17:36:45.454037 https://zhaotuanjiayuan.fang.com/
Logger:2020-03-16 17:36:45.931346 https://2hanlinyuan0536.fang.com/
Logger:2020-03-16 17:36:46.239538 https://jindingshijia0536.fang.com/
Logger:2020-03-16 17:36:46.605613 https://shimaozhongxin.fang.com/
Logger:2020-03-16 17:36:49.443844 https://jinhexinyuan.fang.com/
Logger:2020-03-16 17:36:52.515489 https://xiangtiwanhz.fang.com/
Logger:2020-03-16 17:36:53.144823 https://qzfgxsy.fang.com/
Logger:2020-03-16 17:36:54.476980 https://sdcl.newhouse.fang.com/house/2449793147.htm
Logger:2020-03-16 17:36:54.803131 https://changyiwenchanghuayuan.fang.com/
Logger:2020-03-16 17:36:55.176907 https://zhonghuachabocheng.fang.com/
Logger:2020-03-16 17:36:56.751913 https://shanshuiyuanzhu2.fang.com/
Logger:2020-03-16 17:36:57.106531 https://qzjiahuaxs.fang.com/
Logger:2020-03-16 17:36:58.618581 https://yixuanguoji.fang.com/
Logger:2020-03-16 17:37:00.533742 https://xintaishangyejiebh.fang.com/
Logger:2020-03-16 17:37:00.940654 https://yinzuowendujiudian.fang.com/
Logger:2020-03-16 17:37:01.240719 https://qingzhouqfj.fang.com/
Logger:2020-03-16 17:37:01.604706 https://jiajingyipinfu.fang.com/
Logger:2020-03-16 17:37:02.017601 https://lanxijingjiedc.fang.com/
Logger:2020-03-16 17:37:02.382527 https://ouzhouxiaozhen0536.fang.com/
Logger:2020-03-16 17:37:02.798422 https://bonazhuangyuan.fang.com/
Logger:2020-03-16 17:37:06.410098 https://wf.newhouse.fang.com/house/s/b913/
Logger:2020-03-16 17:37:06.785678 https://qingzhoulongyuan1.fang.com/
Logger:2020-03-16 17:37:07.097310 https://0536yihaogongguan.fang.com/
Logger:2020-03-16 17:37:07.399565 https://yuelanwanjh.fang.com/
Logger:2020-03-16 17:37:09.245045 https://pingandasha0536.fang.com/
Logger:2020-03-16 17:37:10.349108 https://chengshiyinxiang0536.fang.com/
Logger:2020-03-16 17:37:10.683204 https://taiheyayuan.fang.com/
Logger:2020-03-16 17:37:11.042234 https://anqiu.newhouse.fang.com/house/2444791193.htm
Logger:2020-03-16 17:37:11.358925 https://hengxinbaotongyuyuan.fang.com/
Logger:2020-03-16 17:37:11.772818 https://xinghewanxs0536.fang.com/
Logger:2020-03-16 17:37:13.492969 https://huafumingcheng.fang.com/
Logger:2020-03-16 17:37:13.812116 https://yangguangxinduaj.fang.com/
Logger:2020-03-16 17:37:14.778120 https://anqiu.newhouse.fang.com/house/2444791197.htm
Logger:2020-03-16 17:37:15.126774 https://dongdingguoji.fang.com/
Logger:2020-03-16 17:37:15.448439 https://longshanxiaozhen.fang.com/
Logger:2020-03-16 17:37:15.796508 https://shangshuimingdi.fang.com/
Logger:2020-03-16 17:37:16.091136 https://guojihuayuanxd.fang.com/
Logger:2020-03-16 17:37:16.460150 https://jinqinggongguan.fang.com/
Logger:2020-03-16 17:37:16.794293 https://zaishuiyifangha.fang.com/
Logger:2020-03-16 17:37:19.256313 https://jinsejiayuan0536.fang.com/
Logger:2020-03-16 17:37:22.002611 https://lanhaiguoji0536.fang.com/
Logger:2020-03-16 17:37:25.348819 https://wf.newhouse.fang.com/house/s/b914/
Logger:2020-03-16 17:37:26.477797 https://jinsejiayuan0536.fang.com/
Logger:2020-03-16 17:37:27.317431 https://lanhaiguoji0536.fang.com/
Logger:2020-03-16 17:37:27.786192 https://sdcl.newhouse.fang.com/house/2449793165.htm
Logger:2020-03-16 17:37:28.109290 https://runyuancj.fang.com/
Logger:2020-03-16 17:37:31.282932 https://maojiegongguan.fang.com/
Logger:2020-03-16 17:37:33.051662 https://mshtsdcl.fang.com/
Logger:2020-03-16 17:37:33.410788 https://shidaihuayuandz.fang.com/
Logger:2020-03-16 17:37:33.741864 https://yldytcy.fang.com/
Logger:2020-03-16 17:37:34.071494 https://xiangsongwan0536.fang.com/
Logger:2020-03-16 17:37:34.463445 https://zhongyilanchengtaohuayuan.fang.com/
Logger:2020-03-16 17:37:36.734869 https://binhai87hao.fang.com/
Logger:2020-03-16 17:37:37.057643 https://feicuiwanbgy0536.fang.com/
Logger:2020-03-16 17:37:37.509048 https://huamanlizf.fang.com/
Logger:2020-03-16 17:37:40.234141 https://changqingtengguojihuayuan.fang.com/
Logger:2020-03-16 17:37:40.604842 https://lafeihuayuanfh.fang.com/
Logger:2020-03-16 17:37:41.060263 https://hxmhwl.fang.com/
Logger:2020-03-16 17:37:41.385388 https://xinjingyuanxf.fang.com/
Logger:2020-03-16 17:37:43.757752 https://xinyiyuanxf.fang.com/
Logger:2020-03-16 17:37:44.123745 https://guihehuafu.fang.com/
Logger:2020-03-16 17:37:44.475830 https://yulongwan0536.fang.com/
Logger:2020-03-16 17:37:47.883222 https://wf.newhouse.fang.com/house/s/b915/
Logger:2020-03-16 17:37:50.248866 https://shengtangyuyuancl.fang.com/
Logger:2020-03-16 17:37:50.559071 https://shulinyuan0536.fang.com/
Logger:2020-03-16 17:37:50.880706 https://ouzhouhuayuansdcl.fang.com/
Logger:2020-03-16 17:37:52.240068 https://wangshengheyuan.fang.com/
Logger:2020-03-16 17:37:52.857384 https://qzthc.fang.com/
Logger:2020-03-16 17:37:55.387960 https://ruichengruijingwan.fang.com/
Logger:2020-03-16 17:37:57.673769 https://tianyuefu0536.fang.com/
Logger:2020-03-16 17:37:58.866230 https://jinyuhuafuchangyi.fang.com/
Logger:2020-03-16 17:37:59.187197 https://qinghuayuandc.fang.com/
Logger:2020-03-16 17:37:59.508338 https://shijihaiwang.fang.com/
Logger:2020-03-16 17:38:04.313815 https://xiyuanhuafu0536.fang.com/
Logger:2020-03-16 17:38:06.824598 https://shengshijiayuanghy.fang.com/
Logger:2020-03-16 17:38:07.138749 https://yangguangshuianlq.fang.com/
Logger:2020-03-16 17:38:07.538848 https://anqiu.newhouse.fang.com/house/2444793377.htm
Logger:2020-03-16 17:38:07.824795 https://hailianjiangyuefu.fang.com/
Logger:2020-03-16 17:38:08.925035 https://anqiu.newhouse.fang.com/house/2444791205.htm
Logger:2020-03-16 17:38:09.237190 https://fcjxhylq.fang.com/
Logger:2020-03-16 17:38:09.550394 https://jiushengdasha.fang.com/
Logger:2020-03-16 17:38:17.465281 https://cbcyf.fang.com/
Logger:2020-03-16 17:38:17.845465 https://anqiu.newhouse.fang.com/house/2444793379.htm
Logger:2020-03-16 17:38:21.149835 https://wf.newhouse.fang.com/house/s/b916/
Logger:2020-03-16 17:38:21.433044 https://anqiu.newhouse.fang.com/house/2444793371.htm
Logger:2020-03-16 17:38:21.776860 https://jkwfzhkjc.fang.com/
Logger:2020-03-16 17:38:24.288395 https://qzdfyy.fang.com/
Logger:2020-03-16 17:38:25.727135 https://juntaihuayuan0536.fang.com/
Logger:2020-03-16 17:38:26.037303 https://anqiu.newhouse.fang.com/house/2444793375.htm
Logger:2020-03-16 17:38:27.486401 https://jinghongmingyuancy.fang.com/
Logger:2020-03-16 17:38:30.407631 https://hantingjiayuan.fang.com/
Logger:2020-03-16 17:38:30.743738 https://anqiu.newhouse.fang.com/house/2444793385.htm
Logger:2020-03-16 17:38:34.332817 https://qzyxhl.fang.com/
Logger:2020-03-16 17:38:34.716792 https://qingzhoushxc.fang.com/
Logger:2020-03-16 17:38:36.502160 https://qingzhoujialeyuan.fang.com/
Logger:2020-03-16 17:38:38.359498 https://tianfushijicheng.fang.com/
Logger:2020-03-16 17:38:41.723672 https://yinhehuayuankr.fang.com/
Logger:2020-03-16 17:38:42.088592 https://jindihuayuan01.fang.com/
Logger:2020-03-16 17:38:42.482271 https://dongfangmingzhuchangyi.fang.com/
Logger:2020-03-16 17:38:42.806403 https://tongyuanlingshijun.fang.com/
Logger:2020-03-16 17:38:43.216340 https://qzyunmensty.fang.com/
Logger:2020-03-16 17:38:45.896380 https://anqiu.newhouse.fang.com/house/2444791203.htm
Logger:2020-03-16 17:38:46.379090 https://qingzhouxinshijihuayuan.fang.com/
Logger:2020-03-16 17:38:48.319401 https://caifuguangchangxtd.fang.com/
Logger:2020-03-16 17:38:51.948373 https://wf.newhouse.fang.com/house/s/b917/
Logger:2020-03-16 17:38:53.495382 https://yijinghaotinglinqu.fang.com/
Logger:2020-03-16 17:38:53.949170 https://yundeshanzhuang.fang.com/
Logger:2020-03-16 17:38:54.328156 https://lcwftlcf.fang.com/
Logger:2020-03-16 17:38:54.679216 https://fanersailiduhd.fang.com/
Logger:2020-03-16 17:38:55.063722 https://zhigongjiayuanbh.fang.com/
Logger:2020-03-16 17:38:55.740911 https://qushanguoji.fang.com/
Logger:2020-03-16 17:38:56.125880 https://qzyxcy.fang.com/
Logger:2020-03-16 17:38:59.319750 https://binhulvcheng.fang.com/
Logger:2020-03-16 17:38:59.778104 https://lanyuewan0536.fang.com/
Logger:2020-03-16 17:39:00.961222 https://xianganhuayuan0536.fang.com/
Logger:2020-03-16 17:39:02.827567 https://qingzhoupingzhangfu.fang.com/
Logger:2020-03-16 17:39:03.134713 https://jiazhaoye8hao0536.fang.com/
Logger:2020-03-16 17:39:03.478726 https://qingzhouzyhf.fang.com/
Logger:2020-03-16 17:39:05.456561 https://199883.fang.com/
Logger:2020-03-16 17:39:05.851082 https://zhongyanghuafuxs0536.fang.com/
Logger:2020-03-16 17:39:06.247595 https://hawqxztyl.fang.com/
Logger:2020-03-16 17:39:06.560317 https://laiyinmingdu.fang.com/
Logger:2020-03-16 17:39:10.430732 https://hxyxq0536.fang.com/
Logger:2020-03-16 17:39:10.763842 https://fenghuangchengshiguangchang.fang.com/
Logger:2020-03-16 17:39:12.124529 https://anqiu.newhouse.fang.com/house/2444791201.htm
Logger:2020-03-16 17:39:15.823557 https://wf.newhouse.fang.com/house/s/b918/
Logger:2020-03-16 17:39:16.183825 https://anqiu.newhouse.fang.com/house/2444793387.htm
Logger:2020-03-16 17:39:16.494992 https://yipinshijialinqu.fang.com/
Logger:2020-03-16 17:39:16.875043 https://binhaiguiguan.fang.com/
Logger:2020-03-16 17:39:18.885663 https://xingyuanguojicheng.fang.com/
Logger:2020-03-16 17:39:19.296272 https://anqiu.newhouse.fang.com/house/2444793373.htm
Logger:2020-03-16 17:39:22.480727 https://hdlqtyc.fang.com/
Logger:2020-03-16 17:39:22.858276 https://sanyoumeiguiyuan.fang.com/
Logger:2020-03-16 17:39:25.615343 https://wenhuayuan0536.fang.com/
Logger:2020-03-16 17:39:31.473305 https://hongruidasha0536.fang.com/
Logger:2020-03-16 17:39:31.818404 https://dinghengbanshancl.fang.com/
Logger:2020-03-16 17:39:32.160503 https://fuyingjiayuanqz.fang.com/
Logger:2020-03-16 17:39:35.003815 https://boaojingpin.fang.com/
Logger:2020-03-16 17:39:37.216394 https://wenhuayuan20536.fang.com/
Logger:2020-03-16 17:39:37.675143 https://shanshuiwenyuanlq.fang.com/
Logger:2020-03-16 17:39:37.967399 https://wanhuacheng0536.fang.com/
Logger:2020-03-16 17:39:40.309199 https://jindaohuafu.fang.com/
Logger:2020-03-16 17:39:42.157594 https://leganghuayuanxs0536.fang.com/
Logger:2020-03-16 17:39:44.775143 https://yateerliangchrng.fang.com/
Logger:2020-03-16 17:39:45.090304 https://dingshengyuansylq.fang.com/
Logger:2020-03-16 17:39:47.833121 https://qingzhouronglijiayuan.fang.com/
Logger:2020-03-16 17:39:51.510917 https://wf.newhouse.fang.com/house/s/b919/
Logger:2020-03-16 17:39:51.811008 https://anqiu.newhouse.fang.com/house/2444791195.htm
Logger:2020-03-16 17:39:54.146566 https://qzjxqc.fang.com/
Logger:2020-03-16 17:39:54.418905 https://luxixincheng.fang.com/
Logger:2020-03-16 17:39:58.782153 https://yihediyicheng.fang.com/shop/
Logger:2020-03-16 17:39:59.260981 https://tianjiayuanqz.fang.com/
Logger:2020-03-16 17:40:02.904564 https://sdcl.newhouse.fang.com/house/2449793143.htm
Logger:2020-03-16 17:40:03.215238 https://lantingyuanlinqu.fang.com/
Logger:2020-03-16 17:40:03.560359 https://changyishanshuiyuanzhu.fang.com/
Logger:2020-03-16 17:40:03.889471 https://hengdingxinduhuichangyi.fang.com/
Logger:2020-03-16 17:40:04.222543 https://hailisc.fang.com/
Logger:2020-03-16 17:40:07.042838 https://qingzhoujxjn.fang.com/
Logger:2020-03-16 17:40:09.716490 https://lancuihuwenquandjc.fang.com/
Logger:2020-03-16 17:40:10.014238 https://xianglongyuyuan.fang.com/
Logger:2020-03-16 17:40:10.292459 [erro]&&&https://yihejiayuanlinqu.fang.com/
Logger:2020-03-16 17:40:14.762365 https://lansejingjizongbuwf.fang.com/
Logger:2020-03-16 17:40:18.774884 https://sdcl.newhouse.fang.com/house/2449793163.htm
Logger:2020-03-16 17:40:21.092586 https://qzyijingyuan.fang.com/
Logger:2020-03-16 17:40:21.404694 https://qzshengshihuadu.fang.com/
Logger:2020-03-16 17:40:23.401667 https://qingzhouhdgj.fang.com/
Logger:2020-03-16 17:40:23.734364 https://changyishangpinguoji.fang.com/
Logger:2020-03-16 17:40:27.393000 https://wf.newhouse.fang.com/house/s/b920/
Logger:2020-03-16 17:40:27.676234 https://anqiu.newhouse.fang.com/house/2444793397.htm
Logger:2020-03-16 17:40:27.972586 https://qzgcdfd.fang.com/
Logger:2020-03-16 17:40:28.274781 https://haitianlijingdongqu.fang.com/
Logger:2020-03-16 17:40:30.668416 https://sdcl.newhouse.fang.com/house/2449793159.htm
Logger:2020-03-16 17:40:31.095594 https://cldongfangjubaocheng.fang.com/
Logger:2020-03-16 17:40:33.046547 https://qingzhouhaotingqz.fang.com/
Logger:2020-03-16 17:40:35.677993 https://qzsxmd.fang.com/
Logger:2020-03-16 17:40:35.989146 https://yingdaguojichangyi.fang.com/
Logger:2020-03-16 17:40:36.355184 https://jxfhht01.fang.com/
Logger:2020-03-16 17:40:37.544633 https://huafuhuating.fang.com/
Logger:2020-03-16 17:40:37.880733 https://xinyouwendingyuan.fang.com/
Logger:2020-03-16 17:40:41.927013 https://qingzhousjhjhy.fang.com/
Logger:2020-03-16 17:40:42.610768 https://qingzhouczmd.fang.com/
Logger:2020-03-16 17:40:45.093610 https://cyshanqianyujingyuan.fang.com/
Logger:2020-03-16 17:40:47.220829 https://longdashangyegc.fang.com/
Logger:2020-03-16 17:40:49.668582 https://zhongyangdadaochangyi.fang.com/
Logger:2020-03-16 17:40:50.972356 https://anqiu.newhouse.fang.com/house/2444793383.htm
Logger:2020-03-16 17:40:51.302624 https://qzrxgjc.fang.com/
Logger:2020-03-16 17:40:56.158350 https://huatianguojidasha0536.fang.com/
Logger:2020-03-16 17:40:56.543671 https://anqiu.newhouse.fang.com/house/2444793391.htm
Logger:2020-03-16 17:41:00.154020 https://wf.newhouse.fang.com/house/s/b921/
Logger:2020-03-16 17:41:00.546597 https://shimaozhongxin0536.fang.com/
Logger:2020-03-16 17:41:00.823819 https://changyijialejiazhongyangshangwuqu.fang.com/
Logger:2020-03-16 17:41:02.940061 https://qzzcsjxc.fang.com/
Logger:2020-03-16 17:41:03.235271 https://huadujiayuanqz.fang.com/
Logger:2020-03-16 17:41:05.570463 https://qingzhoussht.fang.com/
Logger:2020-03-16 17:41:07.513120 https://qzlsfgy.fang.com/
Logger:2020-03-16 17:41:08.416847 https://qushanhuayuan.fang.com/
Logger:2020-03-16 17:41:10.460296 https://shijidashaxt.fang.com/
Logger:2020-03-16 17:41:12.082166 https://sanyoulijinyuan.fang.com/2/
Logger:2020-03-16 17:41:12.381328 https://anqiu.newhouse.fang.com/house/2444793381.htm
Logger:2020-03-16 17:41:12.997717 https://sanshengdashachangyi.fang.com/
Logger:2020-03-16 17:41:13.317823 https://shengtangshanhecheng.fang.com/
Logger:2020-03-16 17:41:13.658091 https://dingjiguoji.fang.com/
Logger:2020-03-16 17:41:14.291622 https://qingzhouhtcszr.fang.com/
Logger:2020-03-16 17:41:16.268591 https://jiahuayuanyuan.fang.com/
Logger:2020-03-16 17:41:19.384248 https://yupinxhyg.fang.com/
Logger:2020-03-16 17:41:21.855788 https://qzhongdexiandaiwuliucheng.fang.com/
Logger:2020-03-16 17:41:22.231331 https://wanjibohaimingzhu.fang.com/
Logger:2020-03-16 17:41:24.386530 https://qingzhoulehuojiequ.fang.com/
Logger:2020-03-16 17:41:26.615855 https://qingzhouyjlc.fang.com/
Logger:2020-03-16 17:41:30.669518 https://wf.newhouse.fang.com/house/s/b922/
Logger:2020-03-16 17:41:32.784477 https://guotaidashalinqu.fang.com/
Logger:2020-03-16 17:41:34.914630 https://hupanlongchengxtd.fang.com/
Logger:2020-03-16 17:41:35.273740 https://shundazhujiangdijing.fang.com/
Logger:2020-03-16 17:41:36.855464 https://qzqyfjeq.fang.com/
Logger:2020-03-16 17:41:37.773795 https://qzjhjy.fang.com/
Logger:2020-03-16 17:41:39.768002 https://zhongbaihuanqiu.fang.com/
Logger:2020-03-16 17:41:41.675412 https://qingzhoujydhy.fang.com/
Logger:2020-03-16 17:41:43.557275 https://qzjngj.fang.com/
Logger:2020-03-16 17:41:43.886423 https://qiangweixiguzj.fang.com/
Logger:2020-03-16 17:41:46.451748 https://linqu.newhouse.fang.com/house/2446791321.htm
Logger:2020-03-16 17:41:47.981355 https://jindushijia0536.fang.com/
Logger:2020-03-16 17:41:50.110593 https://xinghecheng0536.fang.com/
Logger:2020-03-16 17:41:50.505661 https://yangguang1000536.fang.com/3/
Logger:2020-03-16 17:41:54.531541 https://yiliyangguang0536.fang.com/
Logger:2020-03-16 17:41:54.906569 https://tianlilongshu.fang.com/
Logger:2020-03-16 17:41:55.255603 https://hanxiangyuan0536.fang.com/
Logger:2020-03-16 17:41:55.699918 https://pangtingyte.fang.com/
Logger:2020-03-16 17:41:56.097882 https://guojixinchengdf.fang.com/
Logger:2020-03-16 17:41:56.463874 https://yangguangchengcl.fang.com/
Logger:2020-03-16 17:41:56.927634 https://xinggongguandc.fang.com/
Logger:2020-03-16 17:42:00.619473 https://wf.newhouse.fang.com/house/s/b923/
Logger:2020-03-16 17:42:03.407239 https://jinyuhuangting.fang.com/
Logger:2020-03-16 17:42:03.744808 https://hantanggongguan.fang.com/
Logger:2020-03-16 17:42:05.594002 https://shiboguojisahngwudasha.fang.com/
Logger:2020-03-16 17:42:06.451745 https://xiangtishuian.fang.com/
Logger:2020-03-16 17:42:08.908650 https://yinghailanjun.fang.com/
Logger:2020-03-16 17:42:10.289699 https://shundeju.fang.com/
Logger:2020-03-16 17:42:10.697619 https://yinquanguangchang.fang.com/
Logger:2020-03-16 17:42:12.824066 https://yinhehuayuancquhx.fang.com/
Logger:2020-03-16 17:42:13.865029 https://shijihuanqiuzhongxin.fang.com/
Logger:2020-03-16 17:42:15.867870 https://bailihuayuan.fang.com/
Logger:2020-03-16 17:42:17.113055 https://jinyuguojidasha.fang.com/
Logger:2020-03-16 17:42:17.439182 https://wfshysywhjq.fang.com/
Logger:2020-03-16 17:42:17.764312 https://yuanjiayuan.fang.com/
Logger:2020-03-16 17:42:19.862874 https://taihuazhongxin.fang.com/
Logger:2020-03-16 17:42:22.462818 https://huahaixiandaicheng.fang.com/
Logger:2020-03-16 17:42:22.840766 https://baihuidashichang.fang.com/
Logger:2020-03-16 17:42:23.183849 https://zkgjqrscpjyzx.fang.com/
Logger:2020-03-16 17:42:25.246158 https://shengshiyihaogongguan.fang.com/
Logger:2020-03-16 17:42:25.635083 https://qingpengguoji0536.fang.com/
Logger:2020-03-16 17:42:25.993797 https://yueheloushangyejie.fang.com/
Logger:2020-03-16 17:42:29.879119 https://wf.newhouse.fang.com/house/s/b924/
Logger:2020-03-16 17:42:30.167454 https://xygjswds.fang.com/
Logger:2020-03-16 17:42:30.517885 https://dsfhqyqds.fang.com/
Logger:2020-03-16 17:42:30.853987 https://taihuachegang.fang.com/
Logger:2020-03-16 17:42:31.185109 https://xiangfujinyuansdcl.fang.com/
Logger:2020-03-16 17:42:33.320734 https://shangmaochengyh.fang.com/
Logger:2020-03-16 17:42:35.629271 https://ycwfgjzhwlc.fang.com/
Logger:2020-03-16 17:42:35.959359 https://shangwuzhongxinjb.fang.com/
Logger:2020-03-16 17:42:38.182637 https://guojidashalh.fang.com/
Logger:2020-03-16 17:42:40.394554 https://linqu.newhouse.fang.com/house/2446791315.htm
Logger:2020-03-16 17:42:43.414921 https://linqu.newhouse.fang.com/house/2446791309.htm
Logger:2020-03-16 17:42:43.720105 https://linqu.newhouse.fang.com/house/2446791313.htm
Logger:2020-03-16 17:42:47.311935 https://wf.newhouse.fang.com/house/s/b925/
Logger:2020-03-16 17:42:50.886349 https://wf.newhouse.fang.com/house/s/b926/
Logger:2020-03-16 17:42:54.341367 https://wf.newhouse.fang.com/house/s/b927/
