Logger:2020-03-16 11:28:53.742801 https://whhn.newhouse.fang.com/house/s/b91/
Logger:2020-03-16 11:28:54.039564 https://hengdashidaixinchengwh.fang.com/
Logger:2020-03-16 11:28:54.373509 https://lantingfenghua.fang.com/
Logger:2020-03-16 11:28:54.670996 https://wuhanyongjintianfulg.fang.com/
Logger:2020-03-16 11:28:55.030617 https://junyueguanlantr.fang.com/
Logger:2020-03-16 11:28:55.398830 https://fenghuangwanbgy027.fang.com/
Logger:2020-03-16 11:28:55.715791 https://zhongchengfengjingwanhf.fang.com/
Logger:2020-03-16 11:28:56.015478 https://huangchengbgy.fang.com/2/
Logger:2020-03-16 11:28:56.387883 https://xingyuewan027.fang.com/
Logger:2020-03-16 11:28:56.687627 https://hangchenglidu.fang.com/
Logger:2020-03-16 11:28:59.096987 https://hannangongguanjs.fang.com/
Logger:2020-03-16 11:28:59.441954 https://lvdichengwh027.fang.com/
Logger:2020-03-16 11:28:59.691439 https://boyuezhongxin027.fang.com/
Logger:2020-03-16 11:28:59.945728 https://daxuechengjinjie.fang.com/
Logger:2020-03-16 11:29:03.121030 https://whhn.newhouse.fang.com/house/2630267922.htm
Logger:2020-03-16 11:29:05.128113 https://whhn.newhouse.fang.com/house/2630267930.htm
Logger:2020-03-16 11:29:05.459249 https://whhn.newhouse.fang.com/house/2630267932.htm
Logger:2020-03-16 11:29:09.080671 https://whhn.newhouse.fang.com/house/s/b92/
Logger:2020-03-16 11:29:12.632372 https://whhn.newhouse.fang.com/house/s/b93/
Logger:2020-03-16 11:29:16.075896 https://whhn.newhouse.fang.com/house/s/b94/
