Logger:2020-03-16 14:23:26.496501 https://wj.newhouse.fang.com/house/s/b91/
Logger:2020-03-16 14:23:26.854470 https://taihulangfeng.fang.com/
Logger:2020-03-16 14:23:27.225459 https://dayunhefu0512.fang.com/
Logger:2020-03-16 14:23:27.517677 https://bandaoyinxianghuayuan.fang.com/
Logger:2020-03-16 14:23:28.029308 https://sijichunxiao.fang.com/
Logger:2020-03-16 14:23:28.346523 https://jinlinyunjingxxw.fang.com/
Logger:2020-03-16 14:23:28.635718 https://xinchengshilijinxiu.fang.com/
Logger:2020-03-16 14:23:29.043626 https://jinlinfuxxw0512.fang.com/
Logger:2020-03-16 14:23:29.381690 https://lianfatangsong.fang.com/
Logger:2020-03-16 14:23:29.739733 https://zhongyanggongyuancheng0512.fang.com/
Logger:2020-03-16 14:23:30.151631 https://feicuigongyuanwk0512.fang.com/
Logger:2020-03-16 14:23:30.472773 https://yongzefuyz.fang.com/
Logger:2020-03-16 14:23:30.770974 https://wangyuewanyashe.fang.com/
Logger:2020-03-16 14:23:31.097178 https://lvdiyunshu.fang.com/
Logger:2020-03-16 14:23:31.433202 https://shengzeyuyuan.fang.com/
Logger:2020-03-16 14:23:31.877016 https://yunxisijiting.fang.com/
Logger:2020-03-16 14:23:32.227078 https://wuyuexihuayayuan.fang.com/
Logger:2020-03-16 14:23:32.557195 https://huxinxianjzy.fang.com/
Logger:2020-03-16 14:23:32.858419 https://wuyuelinliguangchang.fang.com/
Logger:2020-03-16 14:23:33.128704 https://wanheyuehuayuansz.fang.com/
Logger:2020-03-16 14:23:33.392960 https://xcwyyjblf.fang.com/
Logger:2020-03-16 14:23:37.116997 https://wj.newhouse.fang.com/house/s/b92/
Logger:2020-03-16 14:23:37.424216 https://lvdizhongxin0512.fang.com/
Logger:2020-03-16 14:23:37.655557 https://mingmenfuzl20512.fang.com/
Logger:2020-03-16 14:23:37.958746 https://hetangyueyuan.fang.com/
Logger:2020-03-16 14:23:38.297878 https://ziyunjizn0512.fang.com/
Logger:2020-03-16 14:23:38.640978 https://zhongliangbenyuan.fang.com/
Logger:2020-03-16 14:23:39.240337 https://taihudonganhuayuanld.fang.com/
Logger:2020-03-16 14:23:39.796830 https://yunhemingzhuzl.fang.com/
Logger:2020-03-16 14:23:40.117970 https://taiyanghudahuayuan0512.fang.com/
Logger:2020-03-16 14:23:40.496956 https://suzhouwanyihao.fang.com/
Logger:2020-03-16 14:23:40.821090 https://wksgxsjfjsygc.fang.com/
Logger:2020-03-16 14:23:41.128345 https://shanghumingzhu0512.fang.com/
Logger:2020-03-16 14:23:41.467360 https://guanhuchuntian.fang.com/
Logger:2020-03-16 14:23:41.825435 https://jiuyahuayuan.fang.com/
Logger:2020-03-16 14:23:42.107730 https://wuyuejinyuan.fang.com/
Logger:2020-03-16 14:23:42.419811 https://yunjingtaizj0512.fang.com/
Logger:2020-03-16 14:23:42.770873 https://yingchunshangyeguangchangwy.fang.com/
Logger:2020-03-16 14:23:43.029182 https://yuelanwanzr0512.fang.com/
Logger:2020-03-16 14:23:43.395238 https://haomenfudi0512.fang.com/
Logger:2020-03-16 14:23:43.729308 https://jinshuianshangwuguangchang.fang.com/
Logger:2020-03-16 14:23:44.032539 https://mingzhuchengxh0512.fang.com/
Logger:2020-03-16 14:23:48.232305 https://wj.newhouse.fang.com/house/s/b93/
Logger:2020-03-16 14:23:48.509521 https://yueweilailangting.fang.com/
Logger:2020-03-16 14:23:48.850617 https://tianhongguojihuayuan.fang.com/
Logger:2020-03-16 14:23:49.136878 https://deerguangchang.fang.com/
Logger:2020-03-16 14:23:49.464965 https://huabangguoji0512.fang.com/office/
Logger:2020-03-16 14:23:49.750246 https://langshitaihulujunsz.fang.com/
Logger:2020-03-16 14:23:50.041422 https://guofengyunyuehuayuan.fang.com/
Logger:2020-03-16 14:23:50.322671 https://zhaoshangyongyayuan.fang.com/
Logger:2020-03-16 14:23:50.664818 https://fuduhuayuan0512.fang.com/
Logger:2020-03-16 14:23:50.991916 https://daxizhuangyuan.fang.com/
Logger:2020-03-16 14:23:51.370902 https://dahushangpindd.fang.com/
Logger:2020-03-16 14:23:51.682077 https://huyuetianjinghuayuan.fang.com/
Logger:2020-03-16 14:23:52.002220 https://lingxiuzongbuhuayuan.fang.com/
Logger:2020-03-16 14:23:52.238546 https://xiangbinjie.fang.com/
Logger:2020-03-16 14:23:53.823338 https://wanbaoguangchang.fang.com/
Logger:2020-03-16 14:23:54.080661 https://guanlantianjinghuayuanbgy.fang.com/
Logger:2020-03-16 14:23:54.333939 https://binfentaolihuayuan.fang.com/
Logger:2020-03-16 14:23:54.709933 https://yipingefanhuali.fang.com/
Logger:2020-03-16 14:23:55.148760 https://nanhujingyuan.fang.com/
Logger:2020-03-16 14:23:55.408109 https://julonggemh.fang.com/
Logger:2020-03-16 14:23:55.705303 https://jiangnandaogm.fang.com/
Logger:2020-03-16 14:24:00.335883 https://wj.newhouse.fang.com/house/s/b94/
Logger:2020-03-16 14:24:00.581271 https://nuogeyajiudianja.fang.com/
Logger:2020-03-16 14:24:00.844564 https://jiuyuwanlg0512.fang.com/
Logger:2020-03-16 14:24:01.174700 https://guanlanshu0512.fang.com/
Logger:2020-03-16 14:24:01.472842 https://lixinguomaozhongxin.fang.com/
Logger:2020-03-16 14:24:01.732148 https://shangwuzhongxinthdp.fang.com/
Logger:2020-03-16 14:24:02.134073 https://xintiandihd2.fang.com/
Logger:2020-03-16 14:24:02.372469 https://shengmeishangwanqu.fang.com/
Logger:2020-03-16 14:24:02.635770 https://xingyueguangchang.fang.com/
Logger:2020-03-16 14:24:02.905010 https://jingangruimingdasha.fang.com/
Logger:2020-03-16 14:24:03.139441 https://jinganghubinzhongxin.fang.com/
Logger:2020-03-16 14:24:03.394700 https://daoguhulianwangchanyeyuan.fang.com/
Logger:2020-03-16 14:24:04.984490 https://wj.newhouse.fang.com/house/1825286276.htm
Logger:2020-03-16 14:24:05.272711 https://fushijuzh.fang.com/
Logger:2020-03-16 14:24:05.645682 https://suzhouoneld.fang.com/
Logger:2020-03-16 14:24:06.461497 https://wj.newhouse.fang.com/house/1825286032.htm
Logger:2020-03-16 14:24:07.799916 https://wj.newhouse.fang.com/house/1825286218.htm
Logger:2020-03-16 14:24:08.091179 https://biguiyuanty0512.fang.com/
Logger:2020-03-16 14:24:08.986795 https://wj.newhouse.fang.com/house/1825286508.htm
Logger:2020-03-16 14:24:09.767694 https://wj.newhouse.fang.com/house/1825286506.htm
Logger:2020-03-16 14:24:11.398289 https://wj.newhouse.fang.com/house/1825286114.htm
Logger:2020-03-16 14:24:15.937148 https://wj.newhouse.fang.com/house/s/b95/
Logger:2020-03-16 14:24:16.785912 https://wj.newhouse.fang.com/house/1825286422.htm
Logger:2020-03-16 14:24:18.591088 https://wj.newhouse.fang.com/house/1825286278.htm
Logger:2020-03-16 14:24:20.744324 https://wj.newhouse.fang.com/house/1825286768.htm
Logger:2020-03-16 14:24:21.102360 https://wj.newhouse.fang.com/house/1825286216.htm
Logger:2020-03-16 14:24:21.954050 https://wj.newhouse.fang.com/house/1825286454.htm
Logger:2020-03-16 14:24:22.849655 https://wj.newhouse.fang.com/house/1825286536.htm
Logger:2020-03-16 14:24:23.585686 https://wj.newhouse.fang.com/house/1825286504.htm
Logger:2020-03-16 14:24:25.406861 https://wj.newhouse.fang.com/house/1825286770.htm
Logger:2020-03-16 14:24:26.300424 https://wj.newhouse.fang.com/house/1825286714.htm
Logger:2020-03-16 14:24:28.930388 https://wj.newhouse.fang.com/house/1825286742.htm
Logger:2020-03-16 14:24:29.717320 https://wj.newhouse.fang.com/house/1825286196.htm
Logger:2020-03-16 14:24:30.726583 https://wj.newhouse.fang.com/house/1825286568.htm
Logger:2020-03-16 14:24:35.198620 https://wj.newhouse.fang.com/house/1825286620.htm
Logger:2020-03-16 14:24:37.160372 https://wj.newhouse.fang.com/house/1825286636.htm
Logger:2020-03-16 14:24:38.145737 https://wj.newhouse.fang.com/house/1825286226.htm
Logger:2020-03-16 14:24:39.352508 https://wj.newhouse.fang.com/house/1825286328.htm
Logger:2020-03-16 14:24:41.280386 https://wj.newhouse.fang.com/house/1825286384.htm
Logger:2020-03-16 14:24:43.481505 https://wj.newhouse.fang.com/house/1825286458.htm
Logger:2020-03-16 14:24:45.165989 https://wj.newhouse.fang.com/house/1825286074.htm
Logger:2020-03-16 14:24:46.816582 https://wj.newhouse.fang.com/house/1825286130.htm
Logger:2020-03-16 14:24:50.813847 https://wj.newhouse.fang.com/house/s/b96/
Logger:2020-03-16 14:24:51.001344 https://wj.newhouse.fang.com/house/1825286452.htm
Logger:2020-03-16 14:24:52.226070 https://wj.newhouse.fang.com/house/1825286112.htm
Logger:2020-03-16 14:24:53.246339 https://wj.newhouse.fang.com/house/1825286224.htm
Logger:2020-03-16 14:24:54.792204 https://wj.newhouse.fang.com/house/1825286180.htm
Logger:2020-03-16 14:24:56.244319 https://wj.newhouse.fang.com/house/1825286050.htm
Logger:2020-03-16 14:24:57.628651 https://wj.newhouse.fang.com/house/1825286800.htm
Logger:2020-03-16 14:24:59.239307 https://wj.newhouse.fang.com/house/1825286014.htm
Logger:2020-03-16 14:24:59.493628 https://daoguguojizhongxin.fang.com/
Logger:2020-03-16 14:25:03.057094 https://wj.newhouse.fang.com/house/s/b97/
Logger:2020-03-16 14:25:06.565708 https://wj.newhouse.fang.com/house/s/b98/
Logger:2020-03-16 14:25:09.996530 https://wj.newhouse.fang.com/house/s/b99/
