Logger:2020-03-16 16:49:57.805447 https://wlcb.newhouse.fang.com/house/s/b91/
Logger:2020-03-16 16:49:58.397869 https://wulanchabuhengdajunting.fang.com/
Logger:2020-03-16 16:50:03.582355 https://zhongduoyushu.fang.com/
Logger:2020-03-16 16:50:12.999257 https://haixinhuafu.fang.com/
Logger:2020-03-16 16:50:14.740606 https://wlcbjnwdgc.fang.com/
Logger:2020-03-16 16:50:19.120311 https://fuliwan0474.fang.com/
Logger:2020-03-16 16:50:19.485325 https://zhongbanghuangyuan2.fang.com/
Logger:2020-03-16 16:50:19.827398 https://jinyayuan0474.fang.com/
Logger:2020-03-16 16:50:23.214302 https://wulanchabuhengdamingdu.fang.com/
Logger:2020-03-16 16:50:24.117080 https://zhongduoyuxi.fang.com/
Logger:2020-03-16 16:50:27.954635 https://bgyyhld3.fang.com/
Logger:2020-03-16 16:50:28.280728 https://hetaishudu.fang.com/
Logger:2020-03-16 16:50:29.588187 https://lvdi2.fang.com/
Logger:2020-03-16 16:50:29.919343 https://tianchengyinxiang.fang.com/
Logger:2020-03-16 16:50:34.203006 https://shanshuiwenyuan0474.fang.com/
Logger:2020-03-16 16:50:38.548222 https://judexincheng.fang.com/
Logger:2020-03-16 16:50:42.645866 https://xintianjiaocheng.fang.com/
Logger:2020-03-16 16:50:45.061097 https://chahaeryinzuoguangchang.fang.com/
Logger:2020-03-16 16:50:45.488724 https://runyuan0474.fang.com/
Logger:2020-03-16 16:50:49.993950 https://baijinhanfu.fang.com/
Logger:2020-03-16 16:50:52.193023 https://banshanyicheng.fang.com/
Logger:2020-03-16 16:50:55.840139 https://wlcb.newhouse.fang.com/house/s/b92/
Logger:2020-03-16 16:50:56.199947 https://wxrhf.fang.com/
Logger:2020-03-16 16:50:58.224798 https://judexincheng.fang.com/2/
Logger:2020-03-16 16:50:58.569831 https://jzhf0474.fang.com/
Logger:2020-03-16 16:50:58.908926 https://hongshanjunhongxingmeikailong.fang.com/3/
Logger:2020-03-16 16:50:59.249866 https://feilizhuangyuan0474.fang.com/
Logger:2020-03-16 16:50:59.621967 https://shijixinyuan0474.fang.com/
Logger:2020-03-16 16:50:59.924159 https://ningchenghuafu0474.fang.com/
Logger:2020-03-16 16:51:00.318090 https://chengnanlingxiu.fang.com/
Logger:2020-03-16 16:51:00.635018 https://lixiangzhicheng0474.fang.com/
Logger:2020-03-16 16:51:01.017801 https://ehsjgc.fang.com/
Logger:2020-03-16 16:51:03.513560 https://tcyzj.fang.com/
Logger:2020-03-16 16:51:05.846731 https://guanrongmingmen.fang.com/
Logger:2020-03-16 16:51:06.184940 https://rongkexingyu.fang.com/
Logger:2020-03-16 16:51:08.587493 https://wangjingguoji.fang.com/
Logger:2020-03-16 16:51:08.920573 https://wanfuhaoting0474.fang.com/
Logger:2020-03-16 16:51:09.278617 https://xylj0474.fang.com/
Logger:2020-03-16 16:51:09.593786 https://jinyibaifusiji0474.fang.com/
Logger:2020-03-16 16:51:10.112702 https://jhsysc0471.fang.com/
Logger:2020-03-16 16:51:12.250534 https://wfmzsjc.fang.com/
Logger:2020-03-16 16:51:12.573714 https://tianjiaohuating0474.fang.com/
Logger:2020-03-16 16:51:16.915082 https://wlcb.newhouse.fang.com/house/s/b93/
Logger:2020-03-16 16:51:17.291528 https://wbsjjy.fang.com/1/
Logger:2020-03-16 16:51:19.718005 https://ouzhoucheng0474.fang.com/
Logger:2020-03-16 16:51:22.021227 https://wanhengjiayuan0474.fang.com/
Logger:2020-03-16 16:51:24.003461 https://jtfy.fang.com/
Logger:2020-03-16 16:51:25.960379 https://hyzygc.fang.com/
Logger:2020-03-16 16:51:26.444617 https://jueshijun.fang.com/1/
Logger:2020-03-16 16:51:28.213546 https://jinhuiyayuan.fang.com/
Logger:2020-03-16 16:51:30.255023 https://shicaicheng.fang.com/
Logger:2020-03-16 16:51:30.603039 https://jjqcztgc.fang.com/
Logger:2020-03-16 16:51:32.941803 https://xiadouyuanshu.fang.com/
Logger:2020-03-16 16:51:33.309166 https://weiduolihuafu.fang.com/
Logger:2020-03-16 16:51:33.838754 https://shidaiguangchang0474.fang.com/
Logger:2020-03-16 16:51:36.891517 https://bihaiyuxiuyuan.fang.com/
Logger:2020-03-16 16:51:37.283426 https://awhy0474.fang.com/
Logger:2020-03-16 16:51:37.654333 https://wenjingshangyuan2.fang.com/
Logger:2020-03-16 16:51:37.976221 https://plwszy.fang.com/
Logger:2020-03-16 16:51:38.292421 https://ssjn0474.fang.com/
Logger:2020-03-16 16:51:38.705310 https://cfzx0474.fang.com/
Logger:2020-03-16 16:51:41.810797 https://longwanguoji0474.fang.com/
Logger:2020-03-16 16:51:42.235689 https://bhyjxf.fang.com/
Logger:2020-03-16 16:51:45.898530 https://wlcb.newhouse.fang.com/house/s/b94/
Logger:2020-03-16 16:51:46.220034 https://whzygc.fang.com/
Logger:2020-03-16 16:51:49.431147 https://shenteguangchang.fang.com/
Logger:2020-03-16 16:51:49.763261 https://ylcjdj0474.fang.com/
Logger:2020-03-16 16:51:50.129280 https://xtjxhc2.fang.com/2/
Logger:2020-03-16 16:51:50.452113 https://bolanjun0474.fang.com/
Logger:2020-03-16 16:51:50.990790 https://xfjy0474.fang.com/
Logger:2020-03-16 16:51:53.137842 https://hushanxincheng.fang.com/
Logger:2020-03-16 16:51:55.434700 https://shengshijiayuan0474.fang.com/
Logger:2020-03-16 16:51:55.870075 https://xilinwandongfangxintiandi.fang.com/
Logger:2020-03-16 16:51:56.344804 https://wdlgc0474.fang.com/
Logger:2020-03-16 16:51:56.769704 https://jingduyufu0474.fang.com/
Logger:2020-03-16 16:52:00.098469 https://ylcbwjy.fang.com/
Logger:2020-03-16 16:52:02.167986 https://bhjy0474.fang.com/
Logger:2020-03-16 16:52:03.544381 https://yangguanghuacheng0474.fang.com/
Logger:2020-03-16 16:52:03.888498 https://kdsgc.fang.com/
Logger:2020-03-16 16:52:04.943592 https://jingshihuafu.fang.com/
Logger:2020-03-16 16:52:07.958934 https://fangzhengkangcheng.fang.com/
Logger:2020-03-16 16:52:08.339915 https://liduxingfuli.fang.com/
Logger:2020-03-16 16:52:08.971276 https://lvdaoguoji.fang.com/
Logger:2020-03-16 16:52:10.863973 https://gaotiexinchengchunfengli.fang.com/
Logger:2020-03-16 16:52:14.727284 https://wlcb.newhouse.fang.com/house/s/b95/
Logger:2020-03-16 16:52:18.734930 https://shenyuguoji0474.fang.com/
Logger:2020-03-16 16:52:19.115112 https://ylcxhdf.fang.com/
Logger:2020-03-16 16:52:19.448684 https://fuchengyuan0474.fang.com/
Logger:2020-03-16 16:52:27.201190 https://hafoyangguang.fang.com/
Logger:2020-03-16 16:52:28.896369 https://xindexiaoqu0474.fang.com/
Logger:2020-03-16 16:52:30.945772 https://ylcjhxy0474.fang.com/
Logger:2020-03-16 16:52:31.262903 https://yhjy0474.fang.com/
Logger:2020-03-16 16:52:31.659412 https://dangdaijingdian.fang.com/
Logger:2020-03-16 16:52:32.022209 https://jinxiuyuan0474.fang.com/
Logger:2020-03-16 16:52:32.426130 https://yinhaixinyuan.fang.com/
Logger:2020-03-16 16:52:34.967777 https://zjxsppfsc.fang.com/
Logger:2020-03-16 16:52:37.178286 https://ningxiangyuan0474.fang.com/
Logger:2020-03-16 16:52:37.520380 https://jininggucheng.fang.com/
Logger:2020-03-16 16:52:39.808820 https://xyxq0474.fang.com/
Logger:2020-03-16 16:52:40.855057 https://zuochegj.fang.com/
Logger:2020-03-16 16:52:42.981951 https://hfszl.fang.com/
Logger:2020-03-16 16:52:43.334255 https://xuefukaixuancheng.fang.com/
Logger:2020-03-16 16:52:45.732608 https://jingchengyinzuo.fang.com/
Logger:2020-03-16 16:52:46.388837 https://sijifengshang.fang.com/
Logger:2020-03-16 16:52:47.023722 https://yijingmingyuan0474.fang.com/
Logger:2020-03-16 16:52:50.323269 https://wlcb.newhouse.fang.com/house/s/b96/
Logger:2020-03-16 16:52:50.631405 https://tdgj0474.fang.com/
Logger:2020-03-16 16:52:51.546671 https://tianxiangyuan0474.fang.com/
Logger:2020-03-16 16:52:51.883737 https://yishengguoji0474.fang.com/
Logger:2020-03-16 16:52:53.769387 https://gjsmc0474.fang.com/
Logger:2020-03-16 16:52:54.116456 https://menghaojiayuan.fang.com/
Logger:2020-03-16 16:52:56.109586 https://hlypgc.fang.com/
Logger:2020-03-16 16:52:58.873083 https://jjsmgc.fang.com/
Logger:2020-03-16 16:53:00.670730 https://jqsz0474.fang.com/
Logger:2020-03-16 16:53:00.985064 https://lidufanhuali.fang.com/
Logger:2020-03-16 16:53:01.342783 https://jzxfljy.fang.com/
Logger:2020-03-16 16:53:03.106241 https://shangwuzhongxinlxgj.fang.com/
Logger:2020-03-16 16:53:03.401571 https://llgwzx0474.fang.com/
Logger:2020-03-16 16:53:03.732619 https://wszbgy.fang.com/
Logger:2020-03-16 16:53:05.461192 https://bfqccyy.fang.com/
Logger:2020-03-16 16:53:07.074288 https://xflzhsmc.fang.com/
Logger:2020-03-16 16:53:07.819567 https://sxxwhgc.fang.com/
Logger:2020-03-16 16:53:09.439798 https://glszzxq.fang.com/
Logger:2020-03-16 16:53:10.082301 https://jingmengjiayuan.fang.com/
Logger:2020-03-16 16:53:13.873041 https://wlcb.newhouse.fang.com/house/s/b97/
Logger:2020-03-16 16:53:17.461340 https://wlcb.newhouse.fang.com/house/s/b98/
Logger:2020-03-16 16:53:20.931621 https://wlcb.newhouse.fang.com/house/s/b99/
