Logger:2020-03-16 10:48:21.292387 https://wuhan.newhouse.fang.com/house/s/b91/
Logger:2020-03-16 10:48:21.591873 https://yipinlanyuezj.fang.com/
Logger:2020-03-16 10:48:21.924822 https://guangguweilaichenghc.fang.com/
Logger:2020-03-16 10:48:22.305187 https://binjiangjinmaofu.fang.com/
Logger:2020-03-16 10:48:22.750783 https://kejilvyouchenghd.fang.com/
Logger:2020-03-16 10:48:23.069527 https://dongyuanlangyue027.fang.com/
Logger:2020-03-16 10:48:23.531675 https://jinkecheng027.fang.com/
Logger:2020-03-16 10:48:23.938929 https://dushiqinyuanct.fang.com/
Logger:2020-03-16 10:48:24.322303 https://tcjlc.fang.com/
Logger:2020-03-16 10:48:24.866738 https://jiangshanheyuezs.fang.com/
Logger:2020-03-16 10:48:25.385277 https://qianshanlingyunxh.fang.com/
Logger:2020-03-16 10:48:25.819510 https://tianzongshidaicheng.fang.com/
Logger:2020-03-16 10:48:26.129118 https://153778.fang.com/
Logger:2020-03-16 10:48:26.538323 https://shuixiangxiaozhenlt.fang.com/
Logger:2020-03-16 10:48:26.933966 https://shidaixinshijie.fang.com/
Logger:2020-03-16 10:48:27.221597 https://yuananhqc027.fang.com/
Logger:2020-03-16 10:48:27.635535 https://yueliangwanyihao.fang.com/
Logger:2020-03-16 10:48:28.001246 https://shuxianghuafuzs027.fang.com/
Logger:2020-03-16 10:48:28.379265 https://chengtoudaqiaolongcheng.fang.com/
Logger:2020-03-16 10:48:28.688935 https://wanhesijiyy027.fang.com/
Logger:2020-03-16 10:48:29.055329 https://jinxiuxiangjiangwh027.fang.com/
Logger:2020-03-16 10:48:32.740578 https://wuhan.newhouse.fang.com/house/s/b92/
Logger:2020-03-16 10:48:33.059390 https://wanhesijiyy027.fang.com/
Logger:2020-03-16 10:48:33.483433 https://jinxiuxiangjiangwh027.fang.com/
Logger:2020-03-16 10:48:33.821129 https://qingjiangshanshui.fang.com/
Logger:2020-03-16 10:48:34.201033 https://donghujinmaofu.fang.com/
Logger:2020-03-16 10:48:34.533622 https://169220.fang.com/
Logger:2020-03-16 10:48:34.898736 https://nanyimingyuehuafu.fang.com/
Logger:2020-03-16 10:48:35.267318 https://pengpaichengasjk.fang.com/
Logger:2020-03-16 10:48:35.643308 https://haodacuihuyayuan.fang.com/
Logger:2020-03-16 10:48:36.026172 https://156216.fang.com/
Logger:2020-03-16 10:48:36.339954 https://154438.fang.com/
Logger:2020-03-16 10:48:36.657933 https://hangtianfubinjiangyuankqc.fang.com/
Logger:2020-03-16 10:48:37.086664 https://tiejianjiangyuchengzg.fang.com/
Logger:2020-03-16 10:48:37.452714 https://bossspaceqyjly.fang.com/
Logger:2020-03-16 10:48:37.770140 https://kongquechengwenjinzl.fang.com/2/
Logger:2020-03-16 10:48:38.105594 https://39dajiezy.fang.com/
Logger:2020-03-16 10:48:38.466185 https://mingshigongguanny.fang.com/
Logger:2020-03-16 10:48:38.815798 https://cuihulijy.fang.com/
Logger:2020-03-16 10:48:39.152066 https://heshigongguanjdbl027.fang.com/
Logger:2020-03-16 10:48:39.559329 https://wudijinxiuhuafu.fang.com/
Logger:2020-03-16 10:48:40.040719 https://yujiangyipinqingshanzun.fang.com/
Logger:2020-03-16 10:48:43.748102 https://wuhan.newhouse.fang.com/house/s/b93/
Logger:2020-03-16 10:48:44.081311 https://yujiangyipinqingshanzun.fang.com/
Logger:2020-03-16 10:48:44.448818 https://mingyuehuafu027.fang.com/
Logger:2020-03-16 10:48:44.811330 https://nuodeyiduwh.fang.com/
Logger:2020-03-16 10:48:45.173010 https://155090027.fang.com/
Logger:2020-03-16 10:48:45.554982 https://156592.fang.com/
Logger:2020-03-16 10:48:45.895297 https://hengdashidaixinchengwh.fang.com/
Logger:2020-03-16 10:48:46.262853 https://langtingyuanzhuyz.fang.com/
Logger:2020-03-16 10:48:46.573644 https://biguiyuanyunjing.fang.com/
Logger:2020-03-16 10:48:47.048095 https://guangguxiangyunzl.fang.com/
Logger:2020-03-16 10:48:47.380771 https://wuhanrongchuangcheng.fang.com/
Logger:2020-03-16 10:48:47.763994 https://zhiyuchengzgtj.fang.com/
Logger:2020-03-16 10:48:48.171013 https://donghuchengfxhy.fang.com/
Logger:2020-03-16 10:48:48.514195 https://puyuemendixc027.fang.com/
Logger:2020-03-16 10:48:50.029236 https://jiazhaoyeyuefu.fang.com/
Logger:2020-03-16 10:48:50.437933 https://jinyuguojiwk027.fang.com/
Logger:2020-03-16 10:48:53.372317 https://baolitingruiyuejiangtai.fang.com/
Logger:2020-03-16 10:48:53.720350 https://xiangyuhuajingwhmh.fang.com/
Logger:2020-03-16 10:48:54.087045 https://xinghejiuzhoubl.fang.com/
Logger:2020-03-16 10:48:54.419700 https://lantingdajing.fang.com/
Logger:2020-03-16 10:48:54.993650 https://jinxiushuangchengzj.fang.com/
Logger:2020-03-16 10:48:58.765414 https://wuhan.newhouse.fang.com/house/s/b94/
Logger:2020-03-16 10:48:59.098807 https://156452.fang.com/
Logger:2020-03-16 10:48:59.416803 https://binjiangtiandidh.fang.com/3/
Logger:2020-03-16 10:48:59.750539 https://baoliheguangchenyue.fang.com/
Logger:2020-03-16 10:49:00.147669 https://yuejiangshidaijd.fang.com/
Logger:2020-03-16 10:49:00.466101 https://xiyuejfjm.fang.com/
Logger:2020-03-16 10:49:00.811058 https://xingfuwanxianghk.fang.com/
Logger:2020-03-16 10:49:01.114601 https://rongshenghuating.fang.com/
Logger:2020-03-16 10:49:01.496059 https://tianzongyujingwan.fang.com/
Logger:2020-03-16 10:49:01.829430 https://junyuncunwh.fang.com/
Logger:2020-03-16 10:49:02.205810 https://tianwaitianxiaozhenxd.fang.com/
Logger:2020-03-16 10:49:02.588307 https://zhongnanxiyue027.fang.com/
Logger:2020-03-16 10:49:02.967019 https://bogongguanzj.fang.com/
Logger:2020-03-16 10:49:03.299660 https://yangshidaibcjd.fang.com/
Logger:2020-03-16 10:49:03.700168 https://zimaohuanqiugongguan.fang.com/
Logger:2020-03-16 10:49:04.034303 https://lantingfenghua.fang.com/
Logger:2020-03-16 10:49:04.397455 https://fuxiaochengzn.fang.com/
Logger:2020-03-16 10:49:04.791919 https://changjiangqingniancheng.fang.com/
Logger:2020-03-16 10:49:05.156578 https://longhujiangchengzb.fang.com/
Logger:2020-03-16 10:49:05.506720 https://daduhuibl027.fang.com/
Logger:2020-03-16 10:49:05.833896 https://xinlicheng027.fang.com/
Logger:2020-03-16 10:49:09.598287 https://wuhan.newhouse.fang.com/house/s/b95/
Logger:2020-03-16 10:49:10.005736 https://qingnengzhengrongfu.fang.com/
Logger:2020-03-16 10:49:10.359350 https://shijiechengchuangshijie.fang.com/
Logger:2020-03-16 10:49:10.691749 https://jiangyueyunzhujh.fang.com/
Logger:2020-03-16 10:49:12.672415 https://wandaguangchangyujiangyl.fang.com/
Logger:2020-03-16 10:49:13.054352 https://yipinlanhuizj.fang.com/
Logger:2020-03-16 10:49:13.389186 https://donghuguojifd.fang.com/
Logger:2020-03-16 10:49:13.784413 https://rongchuangzhongxinwh.fang.com/
Logger:2020-03-16 10:49:14.116478 https://rongchuangyijiangyuan.fang.com/
Logger:2020-03-16 10:49:14.448763 https://gongyuanshijirh027.fang.com/
Logger:2020-03-16 10:49:14.749863 https://yajuleguojihuayuanwh.fang.com/
Logger:2020-03-16 10:49:15.124459 https://huayangnianjiangshan027.fang.com/
Logger:2020-03-16 10:49:15.431962 https://mingyuejiangwandjdc.fang.com/
Logger:2020-03-16 10:49:18.073387 https://luoyulu95haorc.fang.com/
Logger:2020-03-16 10:49:18.430120 https://100fenghuangjieyg.fang.com/
Logger:2020-03-16 10:49:18.731389 https://yipinlanjunzj.fang.com/
Logger:2020-03-16 10:49:19.076793 https://wudihuafashiguang.fang.com/
Logger:2020-03-16 10:49:19.347776 https://ezhouhengdashoufu.fang.com/
Logger:2020-03-16 10:49:19.742245 https://huayangnianhuahaoyuan.fang.com/
Logger:2020-03-16 10:49:20.066293 https://xinyinghuaxiangcheng.fang.com/
Logger:2020-03-16 10:49:20.448161 https://yipinlantingzj.fang.com/
Logger:2020-03-16 10:49:25.377880 https://wuhan.newhouse.fang.com/house/s/b96/
Logger:2020-03-16 10:49:25.696188 https://155654.fang.com/
Logger:2020-03-16 10:49:30.089050 https://rongqiaotianyu.fang.com/
Logger:2020-03-16 10:49:33.401749 https://xinshidaizc.fang.com/
Logger:2020-03-16 10:49:33.782057 https://fanyuechengshangyejie.fang.com/
Logger:2020-03-16 10:49:34.052275 https://baolixiangsong.fang.com/
Logger:2020-03-16 10:49:34.414705 https://guangguchenglh.fang.com/
Logger:2020-03-16 10:49:34.896846 https://wuhanxiyuan.fang.com/
Logger:2020-03-16 10:49:35.401385 https://shilichunfenggg.fang.com/
Logger:2020-03-16 10:49:35.780239 https://lixiangchengshiwkbl.fang.com/
Logger:2020-03-16 10:49:36.151616 https://hanjiangwanxsj.fang.com/
Logger:2020-03-16 10:49:36.491751 https://xinliyayuan027.fang.com/
Logger:2020-03-16 10:49:36.791851 https://wangjiangfurc027.fang.com/
Logger:2020-03-16 10:49:37.096499 https://mhmlh.fang.com/2/
Logger:2020-03-16 10:49:37.475460 https://wucaichengwk.fang.com/
Logger:2020-03-16 10:49:37.844801 https://niubinkailuyuan.fang.com/
Logger:2020-03-16 10:49:38.176738 https://hfzchzysf.fang.com/2/
Logger:2020-03-16 10:49:38.589045 https://xinghe2049.fang.com/
Logger:2020-03-16 10:49:38.921705 https://binhushangchengzr.fang.com/
Logger:2020-03-16 10:49:39.254212 https://huayuxuhuixingkong.fang.com/
Logger:2020-03-16 10:49:39.588929 https://xingguangchengzj.fang.com/
Logger:2020-03-16 10:49:43.298857 https://wuhan.newhouse.fang.com/house/s/b97/
Logger:2020-03-16 10:49:43.591257 https://chunjianglichengdhgxlh027.fang.com/
Logger:2020-03-16 10:49:47.231592 https://lejianchengdy.fang.com/
Logger:2020-03-16 10:49:47.608818 https://jinyushijiazs027.fang.com/
Logger:2020-03-16 10:49:48.000431 https://feicuizhongxinrunxi.fang.com/
Logger:2020-03-16 10:49:48.308698 https://lantingshijia.fang.com/
Logger:2020-03-16 10:49:48.590593 https://linhuyifang.fang.com/
Logger:2020-03-16 10:49:57.000922 https://guangchangtianyujzy.fang.com/
Logger:2020-03-16 10:49:57.351401 https://zhonghaishangjing.fang.com/
Logger:2020-03-16 10:49:57.699855 https://hycyd.fang.com/2/
Logger:2020-03-16 10:49:58.206002 https://rongchuangjiuxitai027.fang.com/
Logger:2020-03-16 10:49:58.522422 https://ziquetaizr.fang.com/
Logger:2020-03-16 10:50:00.590255 https://dongyuanyuejing.fang.com/
Logger:2020-03-16 10:50:00.903899 https://biyuntianhyn.fang.com/
Logger:2020-03-16 10:50:01.266074 https://wankecheng2027.fang.com/
Logger:2020-03-16 10:50:01.600169 https://junyuefuwddj.fang.com/
Logger:2020-03-16 10:50:01.963820 https://wuhanyongjintianfulg.fang.com/
Logger:2020-03-16 10:50:02.359171 https://nuodeyiyuanwh.fang.com/
Logger:2020-03-16 10:50:02.675858 https://155802.fang.com/
Logger:2020-03-16 10:50:02.979768 https://lixiangxingguangblwklt.fang.com/
Logger:2020-03-16 10:50:03.311244 https://junyueguanlantr.fang.com/
Logger:2020-03-16 10:50:08.547198 https://wuhan.newhouse.fang.com/house/s/b98/
Logger:2020-03-16 10:50:08.864550 https://junyueguanlantr.fang.com/
Logger:2020-03-16 10:50:09.211580 https://junlanbandaomd.fang.com/
Logger:2020-03-16 10:50:09.560487 https://huabohuitaolichunfeng.fang.com/
Logger:2020-03-16 10:50:09.862739 https://yuexiuyuefuhf.fang.com/
Logger:2020-03-16 10:50:19.855005 https://lingyuehuafu.fang.com/
Logger:2020-03-16 10:50:20.141848 https://156304.fang.com/
Logger:2020-03-16 10:50:32.320040 https://changjiangshouximh.fang.com/
Logger:2020-03-16 10:50:32.669272 https://jiangyuefu027.fang.com/
Logger:2020-03-16 10:50:33.050506 https://rongqiaofangyuan027.fang.com/
Logger:2020-03-16 10:50:33.429517 https://yulongxuhuibandao.fang.com/
Logger:2020-03-16 10:50:33.748566 https://gongyuan1872zs.fang.com/
Logger:2020-03-16 10:50:34.082661 https://jindiyuehaiwan.fang.com/
Logger:2020-03-16 10:50:34.458546 https://shanhaiguanwh.fang.com/
Logger:2020-03-16 10:50:34.795072 https://yinyuefuhy.fang.com/
Logger:2020-03-16 10:50:35.096147 https://yunfengyuanzhujflh.fang.com/
Logger:2020-03-16 10:50:35.411553 https://beichenyuefenghuajd.fang.com/
Logger:2020-03-16 10:50:35.779098 https://shuyuanshijiaelt.fang.com/
Logger:2020-03-16 10:50:38.074604 https://jinmaoyueyl.fang.com/
Logger:2020-03-16 10:50:38.440169 https://guofengshangguanskgm.fang.com/
Logger:2020-03-16 10:50:38.900624 https://dahuajinxiushidai.fang.com/
Logger:2020-03-16 10:50:42.764780 https://wuhan.newhouse.fang.com/house/s/b99/
Logger:2020-03-16 10:50:45.926823 https://shuiyunchangzhouwdrc.fang.com/
Logger:2020-03-16 10:50:46.225731 https://rongchuangzhigu.fang.com/
Logger:2020-03-16 10:50:46.546123 https://yuanyangguiyuanmax.fang.com/
Logger:2020-03-16 10:50:46.848230 https://ligaoyonghuwan.fang.com/
Logger:2020-03-16 10:50:47.177401 https://bairuijingbinjiangshenghuoqu.fang.com/
Logger:2020-03-16 10:50:47.482120 https://youbuhupanjh027.fang.com/
Logger:2020-03-16 10:50:47.813778 https://wankehouhai.fang.com/
Logger:2020-03-16 10:50:48.161774 https://baoliaishangli027.fang.com/
Logger:2020-03-16 10:50:49.524849 https://xixiyuejufl027.fang.com/
Logger:2020-03-16 10:50:49.844275 https://156376.fang.com/
Logger:2020-03-16 10:50:50.144885 https://haipoyuguan.fang.com/
Logger:2020-03-16 10:50:50.461637 https://zhongguojiankangguwh.fang.com/
Logger:2020-03-16 10:50:50.797959 https://guanlanfurc.fang.com/
Logger:2020-03-16 10:50:51.176560 https://chunjiangbianlh027.fang.com/
Logger:2020-03-16 10:50:51.506830 https://xinduhuiwk027.fang.com/
Logger:2020-03-16 10:50:51.842957 https://jinqiaogongguanzt.fang.com/
Logger:2020-03-16 10:50:52.206016 https://ditieshidaiyunshangcheng.fang.com/
Logger:2020-03-16 10:50:52.538329 https://dangdaihuaqiaocheng.fang.com/
Logger:2020-03-16 10:50:55.840416 https://wudijinyushoufu.fang.com/
Logger:2020-03-16 10:50:56.155211 https://hanlinshangyuan027.fang.com/
Logger:2020-03-16 10:51:00.132919 https://wuhan.newhouse.fang.com/house/s/b910/
Logger:2020-03-16 10:51:00.437127 https://jiangnandayuandx.fang.com/
Logger:2020-03-16 10:51:00.763387 https://changjiangchengnd.fang.com/
Logger:2020-03-16 10:51:01.184151 https://wuhan1890rc.fang.com/
Logger:2020-03-16 10:51:01.518267 https://lujingshidaicheng.fang.com/
Logger:2020-03-16 10:51:01.851017 https://156370.fang.com/
Logger:2020-03-16 10:51:02.153217 https://liantouzhongxin027.fang.com/
Logger:2020-03-16 10:51:02.533767 https://wanweitiandiwdwk.fang.com/
Logger:2020-03-16 10:51:02.851228 https://jiangyuelanyuan.fang.com/
Logger:2020-03-16 10:51:03.227676 https://hanjiangfuhlb.fang.com/
Logger:2020-03-16 10:51:03.634487 https://tianfubinjiangjr.fang.com/
Logger:2020-03-16 10:51:03.989743 https://gongyuanhuafudh.fang.com/
Logger:2020-03-16 10:51:04.353863 https://waitanqihao.fang.com/
Logger:2020-03-16 10:51:07.619991 https://guanghechuanggu.fang.com/
Logger:2020-03-16 10:51:08.010296 https://dongfangjunwl.fang.com/
Logger:2020-03-16 10:51:08.318129 https://yunxibgy027.fang.com/
Logger:2020-03-16 10:51:08.670455 https://pengpaichenghk.fang.com/
Logger:2020-03-16 10:51:11.537247 https://panlongwanmeiyuanhd.fang.com/
Logger:2020-03-16 10:51:11.858412 https://huashanjunlt.fang.com/
Logger:2020-03-16 10:51:12.202843 https://mingyueyufudjdc.fang.com/
Logger:2020-03-16 10:51:12.519720 https://155068.fang.com/
Logger:2020-03-16 10:51:16.488655 https://wuhan.newhouse.fang.com/house/s/b911/
Logger:2020-03-16 10:51:16.778885 https://shangjingyuefu.fang.com/
Logger:2020-03-16 10:51:17.167718 https://changjiangkaixuancheng.fang.com/
Logger:2020-03-16 10:51:17.533007 https://155098.fang.com/
Logger:2020-03-16 10:51:17.848253 https://heshengjiayuanjt.fang.com/
Logger:2020-03-16 10:51:18.182694 https://hanyuefuyx.fang.com/
Logger:2020-03-16 10:51:18.526819 https://yuexiuboyuefu.fang.com/
Logger:2020-03-16 10:51:18.830790 https://154578.fang.com/
Logger:2020-03-16 10:51:19.134002 https://xihuafuls027.fang.com/
Logger:2020-03-16 10:51:19.452484 https://hongxingtianbo027.fang.com/
Logger:2020-03-16 10:51:19.900021 https://155600.fang.com/
Logger:2020-03-16 10:51:20.246065 https://dongfangjingshijieguanyy.fang.com/
Logger:2020-03-16 10:51:20.577949 https://xuhuijiangshanjing.fang.com/
Logger:2020-03-16 10:51:20.945848 https://zizaichengjd027.fang.com/
Logger:2020-03-16 10:51:21.323833 https://rongqiaoxingyu.fang.com/
Logger:2020-03-16 10:51:21.657457 https://yuxibinjiangwpwk.fang.com/
Logger:2020-03-16 10:51:21.944438 https://jinrongjiejinyuefu.fang.com/
Logger:2020-03-16 10:51:22.321999 https://hanchengpuanct.fang.com/
Logger:2020-03-16 10:51:22.655229 https://meiqiaofulizhongxingg.fang.com/
Logger:2020-03-16 10:51:22.989424 https://fengqitinglanlcjd.fang.com/
Logger:2020-03-16 10:51:23.318659 https://feicuiguojiwk.fang.com/
Logger:2020-03-16 10:51:27.316175 https://wuhan.newhouse.fang.com/house/s/b912/
Logger:2020-03-16 10:51:27.617327 https://haishanghaifd.fang.com/
Logger:2020-03-16 10:51:27.937013 https://jinyushidaiwk.fang.com/
Logger:2020-03-16 10:51:28.299132 https://jiangxiafu.fang.com/
Logger:2020-03-16 10:51:28.661636 https://guojijinronghuiyx.fang.com/
Logger:2020-03-16 10:51:31.141444 https://kelagongguanbgy.fang.com/
Logger:2020-03-16 10:51:31.521909 https://shimaolongwan.fang.com/
Logger:2020-03-16 10:51:31.857391 https://tianfubandaojr.fang.com/
Logger:2020-03-16 10:51:32.137108 https://yinghedangdaichengwh.fang.com/
Logger:2020-03-16 10:51:32.442600 https://zhongjianfudixingchengxingyue.fang.com/
Logger:2020-03-16 10:51:32.806143 https://jindiguangchangjdzzc.fang.com/
Logger:2020-03-16 10:51:33.090343 https://tangxunhuyihaozj.fang.com/2/
Logger:2020-03-16 10:51:33.410415 https://xidigangcityon.fang.com/
Logger:2020-03-16 10:51:33.757877 https://shahujiuxi.fang.com/
Logger:2020-03-16 10:51:34.200067 https://boyishangkunyunfeng.fang.com/
Logger:2020-03-16 10:51:34.532116 https://xinanshoufuas.fang.com/
Logger:2020-03-16 10:51:35.026853 https://aoyuanbinjiangguoji.fang.com/
Logger:2020-03-16 10:51:35.391100 https://jiaotouhuayuan.fang.com/
Logger:2020-03-16 10:51:35.694919 https://feicuiyuntaiwk.fang.com/
Logger:2020-03-16 10:51:36.055596 https://154898027.fang.com/
Logger:2020-03-16 10:51:36.404699 https://shangduguojixh.fang.com/
Logger:2020-03-16 10:51:40.199871 https://wuhan.newhouse.fang.com/house/s/b913/
Logger:2020-03-16 10:51:40.503035 https://wanganheyu.fang.com/
Logger:2020-03-16 10:51:40.837631 https://153242.fang.com/
Logger:2020-03-16 10:51:41.176250 https://lvdi606.fang.com/
Logger:2020-03-16 10:51:41.518744 https://weilaichenghf.fang.com/
Logger:2020-03-16 10:51:41.846448 https://ziduchenglh027.fang.com/
Logger:2020-03-16 10:51:42.143253 https://hanyuetaiwd.fang.com/
Logger:2020-03-16 10:51:42.469189 https://tanghuguanzhutj.fang.com/
Logger:2020-03-16 10:51:42.926836 https://dangdaijingmomwh.fang.com/
Logger:2020-03-16 10:51:43.256073 https://donghugaoxinchunjianglichenglh.fang.com/shop/
Logger:2020-03-16 10:51:43.542586 https://luojiaguojielt.fang.com/
Logger:2020-03-16 10:51:43.922672 https://hancityzongbuyihao.fang.com/
Logger:2020-03-16 10:51:44.226372 https://156428.fang.com/
Logger:2020-03-16 10:51:44.511321 https://155804.fang.com/
Logger:2020-03-16 10:51:44.809780 https://xinghuwanjijunyigongguan.fang.com/
Logger:2020-03-16 10:51:45.239967 https://gelingelinjdzh.fang.com/
Logger:2020-03-16 10:51:45.632301 https://feicuihuatinghd027.fang.com/
Logger:2020-03-16 10:51:45.983224 https://yujingwanhd027.fang.com/
Logger:2020-03-16 10:51:46.420612 https://kunyufu027.fang.com/
Logger:2020-03-16 10:51:46.779266 https://bandaolanwan027.fang.com/
Logger:2020-03-16 10:51:47.189282 https://wanxiangchengxingfulihrzd.fang.com/
Logger:2020-03-16 10:51:51.138216 https://wuhan.newhouse.fang.com/house/s/b914/
Logger:2020-03-16 10:51:51.454812 https://baohetaihe.fang.com/
Logger:2020-03-16 10:51:51.866938 https://xingfushidai.fang.com/5/
Logger:2020-03-16 10:51:52.169992 https://fuxinghuiyuhongqiaocheng.fang.com/2/
Logger:2020-03-16 10:51:52.471232 https://tianxiananhuwan.fang.com/
Logger:2020-03-16 10:51:52.818265 https://jinyinguoji.fang.com/
Logger:2020-03-16 10:52:00.204420 https://lvdichengwh.fang.com/
Logger:2020-03-16 10:52:03.556717 https://yujiangyipinqingshanyin.fang.com/
Logger:2020-03-16 10:52:03.890509 https://guangguxiangyunyueshuzl.fang.com/
Logger:2020-03-16 10:52:05.239364 https://dagongguanzj027.fang.com/
Logger:2020-03-16 10:52:07.469339 https://youyouchengwhaj.fang.com/
Logger:2020-03-16 10:52:07.840035 https://tianhuilongcheng.fang.com/
Logger:2020-03-16 10:52:10.136623 https://guangguzhixingzj.fang.com/
Logger:2020-03-16 10:52:17.571050 https://yishanlongjun.fang.com/
Logger:2020-03-16 10:52:17.890488 https://hexielibbt.fang.com/
Logger:2020-03-16 10:52:18.240714 https://yuejingtaixc.fang.com/
Logger:2020-03-16 10:52:18.684955 https://binjiangjinrongchengzxtf.fang.com/
Logger:2020-03-16 10:52:19.036606 https://yijiangjingchengzs.fang.com/
Logger:2020-03-16 10:52:19.415765 https://qianluwanhlb.fang.com/
Logger:2020-03-16 10:52:19.880306 https://fenghuangwanbgy027.fang.com/
Logger:2020-03-16 10:52:20.242504 https://yangzuoygc.fang.com/
Logger:2020-03-16 10:52:24.348877 https://wuhan.newhouse.fang.com/house/s/b915/
Logger:2020-03-16 10:52:24.670167 https://yinhushidaijt.fang.com/
Logger:2020-03-16 10:52:25.027833 https://jiangjingwan027.fang.com/
Logger:2020-03-16 10:52:25.378984 https://mingshanzhudd.fang.com/villa/
Logger:2020-03-16 10:52:25.701316 https://fuxingwaitanzhongxin.fang.com/
Logger:2020-03-16 10:52:27.520002 https://shijizhongxin027.fang.com/
Logger:2020-03-16 10:52:27.808697 https://wutonghuayuan027.fang.com/
Logger:2020-03-16 10:52:28.154833 https://xintiandijn.fang.com/
Logger:2020-03-16 10:52:28.502257 https://taolijunxc027.fang.com/
Logger:2020-03-16 10:52:28.919394 https://huaxingrongcheng.fang.com/
Logger:2020-03-16 10:52:29.261972 https://zhongjianyipin027.fang.com/
Logger:2020-03-16 10:52:31.943009 https://yujinshanshu.fang.com/
Logger:2020-03-16 10:52:32.364723 https://155572.fang.com/
Logger:2020-03-16 10:52:32.670800 https://wandayuhugongyu.fang.com/
Logger:2020-03-16 10:52:33.986139 https://154504.fang.com/
Logger:2020-03-16 10:52:35.465461 https://wuxingliiec.fang.com/office/
Logger:2020-03-16 10:52:35.795884 https://hanbeixiyuan.fang.com/
Logger:2020-03-16 10:52:36.163713 https://guangguzhongxinchengld.fang.com/
Logger:2020-03-16 10:52:36.478764 https://gongyuanlilj.fang.com/
Logger:2020-03-16 10:52:36.812472 https://sixinzhiguangct.fang.com/
Logger:2020-03-16 10:52:37.226084 https://xingyuefengyx.fang.com/
Logger:2020-03-16 10:52:41.140921 https://wuhan.newhouse.fang.com/house/s/b916/
Logger:2020-03-16 10:52:41.442937 https://mingzhuhuayuanjr.fang.com/
Logger:2020-03-16 10:52:41.825401 https://hailunguoji027.fang.com/
Logger:2020-03-16 10:52:42.237253 https://xinwuchangbl.fang.com/
Logger:2020-03-16 10:52:42.553145 https://hanyuefukunjing.fang.com/
Logger:2020-03-16 10:52:42.889070 https://fengzeyuanwf.fang.com/
Logger:2020-03-16 10:52:43.219891 https://tajianguandi.fang.com/
Logger:2020-03-16 10:52:43.536409 https://xingfuwan027.fang.com/
Logger:2020-03-16 10:52:43.885383 https://dangdaiyungu.fang.com/
Logger:2020-03-16 10:52:44.283832 https://lixiangchengpl.fang.com/
Logger:2020-03-16 10:52:46.678043 https://nuozhanxingzuo.fang.com/
Logger:2020-03-16 10:52:47.012186 https://baijinkezi.fang.com/
Logger:2020-03-16 10:52:47.389504 https://bohulanannd.fang.com/
Logger:2020-03-16 10:52:47.720991 https://lvdiguobozhongxin2.fang.com/
Logger:2020-03-16 10:52:48.009809 https://zhiyinhuyuanzith.fang.com/villa/
Logger:2020-03-16 10:52:48.342683 https://lanyuanctlc.fang.com/
Logger:2020-03-16 10:52:50.742371 https://lanhaiyuanfh.fang.com/3/
Logger:2020-03-16 10:52:51.120139 https://jinsechengshiwk.fang.com/
Logger:2020-03-16 10:52:51.591276 https://jiangyu.fang.com/
Logger:2020-03-16 10:52:51.925879 https://huashanjunlt.fang.com/villa/
Logger:2020-03-16 10:52:52.305025 https://lantingshenghuigd.fang.com/
Logger:2020-03-16 10:52:56.270206 https://wuhan.newhouse.fang.com/house/s/b917/
Logger:2020-03-16 10:52:56.557247 https://changqingchengdtsd.fang.com/
Logger:2020-03-16 10:52:56.921290 https://yipinhongtaiyuejiangfuzj.fang.com/
Logger:2020-03-16 10:52:57.238808 https://wanxiangguojity.fang.com/2/
Logger:2020-03-16 10:52:57.523786 https://jiabaixiandaicheng.fang.com/
Logger:2020-03-16 10:52:57.889021 https://dongfangcheng027.fang.com/3/
Logger:2020-03-16 10:52:59.809998 https://guoboxinchengwh.fang.com/
Logger:2020-03-16 10:53:00.171430 https://wankeyuncheng027.fang.com/
Logger:2020-03-16 10:53:00.504789 https://hangtianshoufu0711.fang.com/
Logger:2020-03-16 10:53:00.855962 https://fanyuecheng.fang.com/
Logger:2020-03-16 10:53:01.213792 https://yunhaiyuanfhgj.fang.com/
Logger:2020-03-16 10:53:01.602002 https://jiazhoujujun2.fang.com/
Logger:2020-03-16 10:53:01.951667 https://baolicheng027.fang.com/
Logger:2020-03-16 10:53:02.378586 https://guangguruiyuanlt.fang.com/
Logger:2020-03-16 10:53:02.725654 https://junhuitiandi.fang.com/
Logger:2020-03-16 10:53:03.074587 https://qingjiangjinchengqn.fang.com/
Logger:2020-03-16 10:53:03.439767 https://weilaihuihf.fang.com/
Logger:2020-03-16 10:53:03.769409 https://dongchenghuafuzs.fang.com/
Logger:2020-03-16 10:53:04.170428 https://zhongjianyujingxingchengtianyu.fang.com/
Logger:2020-03-16 10:53:04.469047 https://cjszwhzx.fang.com/
Logger:2020-03-16 10:53:04.859310 https://beichenweilanchengshi.fang.com/
Logger:2020-03-16 10:53:08.669767 https://wuhan.newhouse.fang.com/house/s/b918/
Logger:2020-03-16 10:53:09.029226 https://guangguyuecheng.fang.com/
Logger:2020-03-16 10:53:09.340498 https://hanzhengzhongxinld.fang.com/
Logger:2020-03-16 10:53:09.671146 https://jinchengzghj.fang.com/
Logger:2020-03-16 10:53:10.047637 https://kongquechenghangtianfubc.fang.com/
Logger:2020-03-16 10:53:10.428787 https://gangwanjiangcheng.fang.com/
Logger:2020-03-16 10:53:10.768646 https://vgongguanbhyh.fang.com/
Logger:2020-03-16 10:53:11.074501 https://wanjunbeiangongguan.fang.com/
Logger:2020-03-16 10:53:14.842243 https://yajulehuayuan027.fang.com/villa/
Logger:2020-03-16 10:53:15.255727 https://hankoujunlt.fang.com/
Logger:2020-03-16 10:53:15.555858 https://wenquanchengbgy.fang.com/
Logger:2020-03-16 10:53:15.985009 https://tianzongyufu.fang.com/
Logger:2020-03-16 10:53:16.283489 https://mengxiangtequwhkt.fang.com/
Logger:2020-03-16 10:53:18.582603 https://hanlingongguan027.fang.com/
Logger:2020-03-16 10:53:18.909541 https://wuhan.newhouse.fang.com/house/2610155442.htm
Logger:2020-03-16 10:53:19.268439 https://baolichengsohozhongxin.fang.com/
Logger:2020-03-16 10:53:19.623439 https://fuxinghuafufengjingfxhy.fang.com/
Logger:2020-03-16 10:53:19.982798 https://baolishangcheng027.fang.com/
Logger:2020-03-16 10:53:20.409315 https://fuqiangtianhuiyuan.fang.com/
Logger:2020-03-16 10:53:20.748514 https://huangpuwanlc027.fang.com/
Logger:2020-03-16 10:53:21.090741 https://wuhantiandiyunting.fang.com/2/
Logger:2020-03-16 10:53:24.689703 https://wuhan.newhouse.fang.com/house/s/b919/
Logger:2020-03-16 10:53:25.040973 https://zhongyangshenghuoqusx.fang.com/
Logger:2020-03-16 10:53:25.373668 https://yuyangshoufuwdrc.fang.com/
Logger:2020-03-16 10:53:28.291368 https://xibeihuyihao.fang.com/
Logger:2020-03-16 10:53:28.624913 https://xinhankoutr.fang.com/
Logger:2020-03-16 10:53:29.018859 https://zhongyangshenghuoqubrj.fang.com/6/
Logger:2020-03-16 10:53:29.386229 https://huafazhongchenghui.fang.com/
Logger:2020-03-16 10:53:29.733035 https://daduhuij12bl.fang.com/
Logger:2020-03-16 10:53:31.923835 https://yydfjsjggy.fang.com/
Logger:2020-03-16 10:53:32.272247 https://jinxiujiangcheng027.fang.com/
Logger:2020-03-16 10:53:32.574324 https://lingjiaohuyihaoyh.fang.com/
Logger:2020-03-16 10:53:32.890827 https://ditiefuxingcheng.fang.com/
Logger:2020-03-16 10:53:33.252923 https://huashengchengshoufu.fang.com/
Logger:2020-03-16 10:53:33.589804 https://nsggzmg.fang.com/
Logger:2020-03-16 10:53:33.856583 https://lanshenggongyuan.fang.com/
Logger:2020-03-16 10:53:34.193988 https://moshuihubianwl.fang.com/
Logger:2020-03-16 10:53:34.556948 https://guangguh.fang.com/office/
Logger:2020-03-16 10:53:34.826690 https://zhongfaqianbaihuijd.fang.com/
Logger:2020-03-16 10:53:35.174160 https://shengtaichengqianyuewan52shubgy.fang.com/
Logger:2020-03-16 10:53:37.396475 https://zhongliangxiangyunditiexiaozhen.fang.com/
Logger:2020-03-16 10:53:39.886452 https://yunshuiwanwy.fang.com/
Logger:2020-03-16 10:53:43.875691 https://wuhan.newhouse.fang.com/house/s/b920/
Logger:2020-03-16 10:53:44.258563 https://shilixinchengygc.fang.com/
Logger:2020-03-16 10:53:44.595104 https://nanguozhongxin.fang.com/
Logger:2020-03-16 10:53:44.976526 https://xiangxielanxixcj.fang.com/
Logger:2020-03-16 10:53:45.467373 https://jianqiaochengsanhe.fang.com/
Logger:2020-03-16 10:53:45.809964 https://huanhuhuayuanjy.fang.com/3/
Logger:2020-03-16 10:53:46.194088 https://hongshangongguan027.fang.com/
Logger:2020-03-16 10:53:46.508543 https://baoyexingyufu.fang.com/
Logger:2020-03-16 10:53:46.832698 https://binjiangzhongxinlt.fang.com/
Logger:2020-03-16 10:53:47.158728 https://cbdchushijia.fang.com/
Logger:2020-03-16 10:53:47.515221 https://huarunzhidigongyuanli.fang.com/
Logger:2020-03-16 10:53:47.833219 https://yushuilanwanxh.fang.com/
Logger:2020-03-16 10:53:48.179548 https://jiulongwanwb.fang.com/
Logger:2020-03-16 10:53:48.578273 https://wutongyuanyuelifangzgtj.fang.com/
Logger:2020-03-16 10:53:48.908092 https://tianxichushijia.fang.com/
Logger:2020-03-16 10:53:49.227871 https://wuhanchuangyitiandi.fang.com/
Logger:2020-03-16 10:53:49.502881 https://guojichengxuefulind.fang.com/
Logger:2020-03-16 10:53:49.876147 https://ligaoyonghuanian.fang.com/
Logger:2020-03-16 10:53:50.179479 https://tianyuezhongxinbl.fang.com/
Logger:2020-03-16 10:53:50.445256 https://huijinzhongxingg.fang.com/
Logger:2020-03-16 10:53:50.702848 https://155744.fang.com/
Logger:2020-03-16 10:53:54.538911 https://wuhan.newhouse.fang.com/house/s/b921/
Logger:2020-03-16 10:53:54.905202 https://ouyadayunting.fang.com/
Logger:2020-03-16 10:53:55.235648 https://guanggukejigang.fang.com/
Logger:2020-03-16 10:53:55.597462 https://mimikongjianjsgw.fang.com/
Logger:2020-03-16 10:53:55.902756 https://wanjiguojiguangchang.fang.com/
Logger:2020-03-16 10:53:56.299210 https://156178.fang.com/
Logger:2020-03-16 10:53:56.660897 https://wanxianghuirunfu.fang.com/
Logger:2020-03-16 10:53:56.994764 https://baolijiangjin.fang.com/
Logger:2020-03-16 10:53:57.378837 https://huafawaitanhui.fang.com/
Logger:2020-03-16 10:53:57.703813 https://guomaozhongxindh.fang.com/
Logger:2020-03-16 10:53:58.060307 https://shengguanshangchengdt.fang.com/
Logger:2020-03-16 10:53:58.394561 https://xinhankousohoyy.fang.com/
Logger:2020-03-16 10:53:58.797271 https://boruigongguanld.fang.com/
Logger:2020-03-16 10:53:59.231264 https://qingchuanfuchangjianghuibgy.fang.com/
Logger:2020-03-16 10:53:59.563133 https://baolixinghejiuzhou.fang.com/
Logger:2020-03-16 10:53:59.881975 https://jhtyhlsloft.fang.com/
Logger:2020-03-16 10:54:00.341133 https://yuexiuyijing.fang.com/
Logger:2020-03-16 10:54:00.676967 https://wuhanyuanzickth.fang.com/
Logger:2020-03-16 10:54:00.979399 https://lvdimeihu.fang.com/
Logger:2020-03-16 10:54:03.960439 https://tianxiwanbgy027.fang.com/
Logger:2020-03-16 10:54:04.387447 https://hankoupai.fang.com/
Logger:2020-03-16 10:54:08.221191 https://wuhan.newhouse.fang.com/house/s/b922/
Logger:2020-03-16 10:54:08.645057 https://qianxicheng.fang.com/
Logger:2020-03-16 10:54:09.041419 https://155710.fang.com/
Logger:2020-03-16 10:54:09.371775 https://xinhuashangshuiwan.fang.com/
Logger:2020-03-16 10:54:09.739548 https://xinchengyangguangguojiguangchang.fang.com/
Logger:2020-03-16 10:54:10.140750 https://mingqizuotf.fang.com/
Logger:2020-03-16 10:54:10.505712 https://shuyuanshijiaelt.fang.com/villa/
Logger:2020-03-16 10:54:10.849197 https://chuangxintiandigg027.fang.com/
Logger:2020-03-16 10:54:11.271202 https://taizihanfu.fang.com/
Logger:2020-03-16 10:54:11.593431 https://jinxiuchangjiangsm.fang.com/
Logger:2020-03-16 10:54:12.024991 https://tianxiangshangfuboshu.fang.com/
Logger:2020-03-16 10:54:12.346833 https://hzwgzyst.fang.com/villa/
Logger:2020-03-16 10:54:12.698289 https://aolinpikehuayuanml.fang.com/5/
Logger:2020-03-16 10:54:13.044074 https://panlongzhengrongfu.fang.com/
Logger:2020-03-16 10:54:13.363410 https://junyueguanlantr.fang.com/villa/
Logger:2020-03-16 10:54:13.776972 https://jiadilongshu.fang.com/
Logger:2020-03-16 10:54:14.084952 https://jinzhugangwan.fang.com/2/
Logger:2020-03-16 10:54:16.469509 https://jinqiaojingyuanzgzt.fang.com/
Logger:2020-03-16 10:54:16.787173 https://dongjingshengtaichengbgy.fang.com/
Logger:2020-03-16 10:54:17.153605 https://mokaxiaozhendx.fang.com/
Logger:2020-03-16 10:54:17.503799 https://shidaiguangchangzh.fang.com/
Logger:2020-03-16 10:54:21.387303 https://wuhan.newhouse.fang.com/house/s/b923/
Logger:2020-03-16 10:54:23.768145 https://lianhujinchengbdzy.fang.com/villa/
Logger:2020-03-16 10:54:24.139408 https://xingyuechengtangsong.fang.com/5/
Logger:2020-03-16 10:54:24.431674 https://chengtouxiushuiqingcheng.fang.com/
Logger:2020-03-16 10:54:27.081148 https://tianzongnandefu.fang.com/
Logger:2020-03-16 10:54:27.353213 https://changhuiyijingyuan.fang.com/
Logger:2020-03-16 10:54:27.700695 https://hanyangxinghuiyunjin.fang.com/
Logger:2020-03-16 10:54:28.018447 https://guangguxuefu.fang.com/
Logger:2020-03-16 10:54:28.350923 https://guanggulongshanhuzc.fang.com/
Logger:2020-03-16 10:54:28.668948 https://guanggulibc.fang.com/office/
Logger:2020-03-16 10:54:31.427490 https://yujingguojilf.fang.com/
Logger:2020-03-16 10:54:31.780054 https://bhmswhjt.fang.com/villa/
Logger:2020-03-16 10:54:32.044840 https://whgjsszxys.fang.com/
Logger:2020-03-16 10:54:32.409401 https://lanyueyunxiwk.fang.com/
Logger:2020-03-16 10:54:33.027493 https://hongtulimxtq.fang.com/
Logger:2020-03-16 10:54:33.427271 https://wenshabandaoxj.fang.com/
Logger:2020-03-16 10:54:33.805822 https://longtinghuafu027.fang.com/
Logger:2020-03-16 10:54:34.202998 https://zhuoershenghuochenghkb.fang.com/
Logger:2020-03-16 10:54:34.568423 https://huanletianjihqc.fang.com/
Logger:2020-03-16 10:54:34.884647 https://langshiyuefuhb.fang.com/
Logger:2020-03-16 10:54:36.837054 https://baixiucheng.fang.com/
Logger:2020-03-16 10:54:40.799857 https://wuhan.newhouse.fang.com/house/s/b924/
Logger:2020-03-16 10:54:41.133978 https://lianbangshenghuoquml.fang.com/2/
Logger:2020-03-16 10:54:41.482522 https://qingqingjiayuan027.fang.com/
Logger:2020-03-16 10:54:43.749558 https://zhongjiaoxiangsong027.fang.com/
Logger:2020-03-16 10:54:44.322382 https://guanhuyuan027wh.fang.com/
Logger:2020-03-16 10:54:46.143385 https://qianchuanzhongliangshoufu.fang.com/
Logger:2020-03-16 10:54:46.461023 https://guocaiguanglifang.fang.com/
Logger:2020-03-16 10:54:46.825886 https://huafafengshang027.fang.com/
Logger:2020-03-16 10:54:47.189035 https://mldmjrdmfq.fang.com/3/
Logger:2020-03-16 10:54:48.615207 https://1818zhongxin.fang.com/office/
Logger:2020-03-16 10:54:48.922070 https://zhongliangtianxiyihao.fang.com/
Logger:2020-03-16 10:54:49.239609 https://hujingyayuan027.fang.com/
Logger:2020-03-16 10:54:49.579911 https://tianzongyunhuwan.fang.com/
Logger:2020-03-16 10:54:50.804071 https://156048.fang.com/
Logger:2020-03-16 10:54:51.171909 https://qinghuayuanhr.fang.com/
Logger:2020-03-16 10:54:52.966794 https://154768.fang.com/
Logger:2020-03-16 10:54:55.110078 https://zhihuichangjiangqingniancheng.fang.com/
Logger:2020-03-16 10:54:55.515129 https://zhigutiancheng.fang.com/
Logger:2020-03-16 10:54:58.547439 https://156028.fang.com/
Logger:2020-03-16 10:54:59.449799 https://ruanjianxinchengwh.fang.com/
Logger:2020-03-16 10:54:59.729719 https://dechenghongshu.fang.com/
Logger:2020-03-16 10:55:03.825697 https://wuhan.newhouse.fang.com/house/s/b925/
Logger:2020-03-16 10:55:04.161216 https://ggcxcyjd.fang.com/
Logger:2020-03-16 10:55:04.508153 https://xingguangtiandihy.fang.com/
Logger:2020-03-16 10:55:04.856056 https://aohaishuianxingcheng027.fang.com/
Logger:2020-03-16 10:55:05.176163 https://jiuzhoutongjiankangcheng.fang.com/
Logger:2020-03-16 10:55:05.607516 https://jinxiuxiangjiangsanshieryuan.fang.com/
Logger:2020-03-16 10:55:06.142974 https://xianghexiyingmen.fang.com/
Logger:2020-03-16 10:55:06.444317 https://xingangguangchanggr.fang.com/
Logger:2020-03-16 10:55:14.232764 https://zhiyinbandao.fang.com/
Logger:2020-03-16 10:55:14.579767 https://shimaozhongxinxd.fang.com/
Logger:2020-03-16 10:55:14.835919 https://chanyechuangxinjididhgx.fang.com/
Logger:2020-03-16 10:55:15.085648 https://yushuijinyuan.fang.com/
Logger:2020-03-16 10:55:15.405613 https://yongliguojidasha.fang.com/
Logger:2020-03-16 10:55:21.702317 https://rongchuanglanandaguan.fang.com/
Logger:2020-03-16 10:55:22.030207 https://guojizhongxingzb.fang.com/
Logger:2020-03-16 10:55:22.324554 https://xinchangjiangzhongxinht.fang.com/
Logger:2020-03-16 10:55:22.557202 https://renminwuhanguojiqichecheng.fang.com/
Logger:2020-03-16 10:55:22.887118 https://guangguzhongxinchengld.fang.com/shop/
Logger:2020-03-16 10:55:23.142504 https://nanhuyihaozj.fang.com/shop/
Logger:2020-03-16 10:55:23.415266 https://xinhankouyy.fang.com/shop/
Logger:2020-03-16 10:55:24.841902 https://jingyueyuandj.fang.com/shop/
Logger:2020-03-16 10:55:28.726347 https://wuhan.newhouse.fang.com/house/s/b926/
Logger:2020-03-16 10:55:29.060169 https://dljnhbcyygg.fang.com/
Logger:2020-03-16 10:55:29.327435 https://bohutianxia.fang.com/1/shop/
Logger:2020-03-16 10:55:29.616156 https://wulianganggg.fang.com/
Logger:2020-03-16 10:55:29.896528 https://pinganyuyuan.fang.com/
Logger:2020-03-16 10:55:35.005890 https://qingniangongshe027.fang.com/
Logger:2020-03-16 10:55:35.355049 https://yijingtianchen.fang.com/
Logger:2020-03-16 10:55:35.715960 https://napaxigu027.fang.com/
Logger:2020-03-16 10:55:36.126656 https://zhaoshangyuewang.fang.com/villa/
Logger:2020-03-16 10:55:36.481809 https://yuhuyihaowd.fang.com/
Logger:2020-03-16 10:55:36.814330 https://guanggudayuecheng.fang.com/
Logger:2020-03-16 10:55:37.133845 https://zijunlanyuangzb.fang.com/
Logger:2020-03-16 10:55:37.466192 https://fengqiyueminglc.fang.com/
Logger:2020-03-16 10:55:37.939047 https://wanjingshuianwk027.fang.com/
Logger:2020-03-16 10:55:44.333391 https://wansongjiulizh.fang.com/
Logger:2020-03-16 10:55:44.675484 https://xuhuiduhuishan.fang.com/
Logger:2020-03-16 10:55:45.023610 https://liantoubandao.fang.com/villa/
Logger:2020-03-16 10:55:45.346558 https://yuejiangshidaiyuefengjd.fang.com/
Logger:2020-03-16 10:55:45.698858 https://yuexiuxingyuewanpan.fang.com/
Logger:2020-03-16 10:55:46.092471 https://guanggupengpaicheng.fang.com/
Logger:2020-03-16 10:55:46.532977 https://niubinkaicity.fang.com/2/
Logger:2020-03-16 10:55:50.615433 https://wuhan.newhouse.fang.com/house/s/b927/
Logger:2020-03-16 10:55:51.023550 https://xingangchangjiangfu.fang.com/
Logger:2020-03-16 10:55:51.404158 https://dingxiuguojicheng.fang.com/
Logger:2020-03-16 10:55:51.734110 https://jiangnananctlt.fang.com/
Logger:2020-03-16 10:56:00.373528 https://shidijunlantingan.fang.com/villa/
Logger:2020-03-16 10:56:00.644384 https://binhuyihao.fang.com/
Logger:2020-03-16 10:56:04.248487 https://ftianxia.fang.com/
Logger:2020-03-16 10:56:04.579695 https://yixihubgy027.fang.com/
Logger:2020-03-16 10:56:05.896740 https://zhongyangzhixing.fang.com/
Logger:2020-03-16 10:56:06.216117 https://linkongxiangting.fang.com/
Logger:2020-03-16 10:56:06.682668 https://zhongchengfengjingwanhf.fang.com/
Logger:2020-03-16 10:56:06.996808 https://moshuihubianwl.fang.com/villa/
Logger:2020-03-16 10:56:07.379095 https://hongshudongfanglf.fang.com/
Logger:2020-03-16 10:56:07.711911 https://yangchunhupanzgtj.fang.com/
Logger:2020-03-16 10:56:08.074150 https://guangguqingnianhui.fang.com/
Logger:2020-03-16 10:56:08.468808 https://taolichunfenglc027.fang.com/
Logger:2020-03-16 10:56:08.886595 https://huafazhongchengyue.fang.com/
Logger:2020-03-16 10:56:09.230171 https://lianbangshenghuoquml.fang.com/
Logger:2020-03-16 10:56:09.566727 https://xuefuyihaoshouzuobgy.fang.com/
Logger:2020-03-16 10:56:09.862901 https://feicuijiuxiwk2.fang.com/villa/
Logger:2020-03-16 10:56:10.241053 https://mingshichengsh.fang.com/
Logger:2020-03-16 10:56:14.068458 https://wuhan.newhouse.fang.com/house/s/b928/
Logger:2020-03-16 10:56:14.401320 https://guojichengdy.fang.com/1/
Logger:2020-03-16 10:56:14.777718 https://jyhyhy027.fang.com/
Logger:2020-03-16 10:56:15.227510 https://xinyuancanglongshijia.fang.com/
Logger:2020-03-16 10:56:15.533656 https://taolidongfangbgy.fang.com/
Logger:2020-03-16 10:56:15.845536 https://qingnianshuo027.fang.com/
Logger:2020-03-16 10:56:16.243258 https://huafasiji027.fang.com/
Logger:2020-03-16 10:56:21.424205 https://toutiaozhongxindx.fang.com/
Logger:2020-03-16 10:56:21.705390 https://hepingzhongxinwdrc.fang.com/
Logger:2020-03-16 10:56:30.610728 https://154528027.fang.com/
Logger:2020-03-16 10:56:30.992749 https://feicuijiuxiwk.fang.com/
Logger:2020-03-16 10:56:31.339558 https://hcityht.fang.com/
Logger:2020-03-16 10:56:31.733003 https://dahudingbang.fang.com/
Logger:2020-03-16 10:56:32.111994 https://jinshawanxl027.fang.com/
Logger:2020-03-16 10:56:32.447791 https://jiazhoujujun.fang.com/
Logger:2020-03-16 10:56:32.799128 https://hongsongxingfuli.fang.com/
Logger:2020-03-16 10:56:33.182028 https://wanyingguoji027.fang.com/
Logger:2020-03-16 10:56:33.537270 https://xingdouhuiyh.fang.com/
Logger:2020-03-16 10:56:33.930957 https://biguiyuanbilecheng.fang.com/
Logger:2020-03-16 10:56:37.938661 https://fangyuan.fang.com/
Logger:2020-03-16 10:56:38.314822 https://erqixingcheng.fang.com/
Logger:2020-03-16 10:56:42.152396 https://wuhan.newhouse.fang.com/house/s/b929/
Logger:2020-03-16 10:56:42.456217 https://guanggushijichengas.fang.com/
Logger:2020-03-16 10:56:42.773612 https://yuejianggongguan.fang.com/
Logger:2020-03-16 10:56:43.121950 https://huazhongguojiguangchang.fang.com/
Logger:2020-03-16 10:56:43.467906 https://zhongjianzhongfazhixing.fang.com/
Logger:2020-03-16 10:56:43.740403 https://longyuehuafu.fang.com/
Logger:2020-03-16 10:56:44.122753 https://xinjieguangchanghk.fang.com/
Logger:2020-03-16 10:56:44.469393 https://ylxhbdutd.fang.com/shop/
Logger:2020-03-16 10:56:44.770110 https://kaideyuehu.fang.com/
Logger:2020-03-16 10:56:45.200021 https://shengjingtiandishengjingguoji.fang.com/
Logger:2020-03-16 10:56:45.536686 https://hanzhengjie1haoxiyue.fang.com/
Logger:2020-03-16 10:56:50.290271 https://nanhujiuxi.fang.com/
Logger:2020-03-16 10:56:50.604476 https://yideguangguxianfeng.fang.com/
Logger:2020-03-16 10:56:50.953082 https://huangchengbgy.fang.com/2/
Logger:2020-03-16 10:56:51.322082 https://yunqioyd.fang.com/
Logger:2020-03-16 10:56:51.622628 https://xiandaichengloftbbt.fang.com/
Logger:2020-03-16 10:56:51.972883 https://155648.fang.com/
Logger:2020-03-16 10:56:52.336037 https://hailinkangqiaoguandi.fang.com/
Logger:2020-03-16 10:56:52.731289 https://meidiyajuleyunzhu.fang.com/
Logger:2020-03-16 10:56:53.063774 https://yonghaofu.fang.com/
Logger:2020-03-16 10:56:53.415984 https://yihaoyuanjyh.fang.com/
Logger:2020-03-16 10:56:58.268847 https://wuhan.newhouse.fang.com/house/s/b930/
Logger:2020-03-16 10:56:58.645544 https://xingyuewan027.fang.com/
Logger:2020-03-16 10:56:59.012024 https://yuehusijihj.fang.com/
Logger:2020-03-16 10:56:59.390778 https://tianyuyoungshidai.fang.com/
Logger:2020-03-16 10:56:59.785584 https://xihaianls.fang.com/
Logger:2020-03-16 10:57:00.107685 https://huayangnianhuajun027.fang.com/
Logger:2020-03-16 10:57:00.473448 https://xiangshuhuachengld027.fang.com/shop/
Logger:2020-03-16 10:57:00.762031 https://zhuangyuanfu027.fang.com/
Logger:2020-03-16 10:57:01.118766 https://linkenguojichengxcj.fang.com/
Logger:2020-03-16 10:57:01.439808 https://aomenjiayuanzh.fang.com/shop/
Logger:2020-03-16 10:57:01.690008 https://xinchengjinjun027.fang.com/
Logger:2020-03-16 10:57:02.005922 https://132988.fang.com/
Logger:2020-03-16 10:57:02.403750 https://hangchenglidu.fang.com/
Logger:2020-03-16 10:57:02.739800 https://zhongfayinxianghsxc.fang.com/
Logger:2020-03-16 10:57:03.123263 https://guochuangguanggushangchengshangyu.fang.com/
Logger:2020-03-16 10:57:06.991731 https://jiangchengzhimen.fang.com/
Logger:2020-03-16 10:57:07.302168 https://qingnengxiyuetai.fang.com/
Logger:2020-03-16 10:57:07.607496 https://jiangnanchunchengyujing.fang.com/2/
Logger:2020-03-16 10:57:07.924766 https://huihuangshidai.fang.com/
Logger:2020-03-16 10:57:08.302585 https://mulanshuitian.fang.com/
Logger:2020-03-16 10:57:08.635996 https://xinyelongcheng.fang.com/
Logger:2020-03-16 10:57:12.551402 https://wuhan.newhouse.fang.com/house/s/b931/
Logger:2020-03-16 10:57:12.903985 https://penghuwan027.fang.com/
Logger:2020-03-16 10:57:13.299815 https://guangguzhixingzj.fang.com/shop/
Logger:2020-03-16 10:57:13.604875 https://hannangongguanjs.fang.com/
Logger:2020-03-16 10:57:13.889216 https://087406.fang.com/
Logger:2020-03-16 10:57:14.209472 https://niubinkaicity.fang.com/
Logger:2020-03-16 10:57:14.537465 https://xinjieguangchanghk.fang.com/shop/
Logger:2020-03-16 10:57:14.888080 https://guangmingfu2.fang.com/
Logger:2020-03-16 10:57:15.233611 https://jinxiuchangjiangsm.fang.com/shop/
Logger:2020-03-16 10:57:15.470967 https://wankezhongxingg.fang.com/
Logger:2020-03-16 10:57:15.792682 https://shilixingkongns.fang.com/
Logger:2020-03-16 10:57:16.219725 https://wankegaoerfuxian.fang.com/
Logger:2020-03-16 10:57:16.485477 https://jingkaiyoubc.fang.com/
Logger:2020-03-16 10:57:16.779340 https://zhongjianyipinxinyuan.fang.com/
Logger:2020-03-16 10:57:17.195347 https://jinghanchengshigc.fang.com/shop/
Logger:2020-03-16 10:57:17.481514 https://longyueshangchengwj.fang.com/
Logger:2020-03-16 10:57:17.809807 https://konggangzhongxin.fang.com/villa/
Logger:2020-03-16 10:57:18.152473 https://moshuiwanbh.fang.com/
Logger:2020-03-16 10:57:18.611694 https://konggangzhongxin.fang.com/
Logger:2020-03-16 10:57:18.993579 https://gezhoubataiyangcheng.fang.com/
Logger:2020-03-16 10:57:19.279474 https://siqianyuanth.fang.com/
Logger:2020-03-16 10:57:23.547932 https://wuhan.newhouse.fang.com/house/s/b932/
Logger:2020-03-16 10:57:23.879530 https://chuangkeguangchang.fang.com/
Logger:2020-03-16 10:57:29.522149 https://156226.fang.com/
Logger:2020-03-16 10:57:33.472843 https://156146.fang.com/
Logger:2020-03-16 10:57:33.778886 https://hanjinyangguangcheng.fang.com/
Logger:2020-03-16 10:57:34.107688 https://yanchuangzhongxinwh.fang.com/
Logger:2020-03-16 10:57:34.392633 https://hankouzhongxinld.fang.com/office/
Logger:2020-03-16 10:57:34.725686 https://binjiangxinchengjzy027.fang.com/
Logger:2020-03-16 10:57:35.013134 https://yuejiangzhongxinfxhy.fang.com/
Logger:2020-03-16 10:57:35.293422 https://ronghuiguangchangrc.fang.com/
Logger:2020-03-16 10:57:38.767017 https://jinmaoguojigongyu.fang.com/
Logger:2020-03-16 10:57:39.108740 https://wuhuanjingchengjk.fang.com/
Logger:2020-03-16 10:57:39.390647 https://jlhyhsgg027.fang.com/
Logger:2020-03-16 10:57:39.751736 https://155696.fang.com/
Logger:2020-03-16 10:57:40.086970 https://deweilaigangdc.fang.com/
Logger:2020-03-16 10:57:40.340276 https://wuhan.newhouse.fang.com/house/2610155172.htm
Logger:2020-03-16 10:57:40.642903 https://fujihuafu.fang.com/
Logger:2020-03-16 10:57:40.973248 https://jiazhaoyebinjiangli.fang.com/shop/
Logger:2020-03-16 10:57:41.336191 https://wudidianjianjingyuefu.fang.com/
Logger:2020-03-16 10:57:41.641709 https://jinsegangwanjunlinshuian.fang.com/
Logger:2020-03-16 10:57:41.986386 https://shangyezhongxintsh.fang.com/
Logger:2020-03-16 10:57:45.858526 https://wuhan.newhouse.fang.com/house/s/b933/
Logger:2020-03-16 10:57:46.208475 https://shangyezhongxintsh.fang.com/
Logger:2020-03-16 10:57:46.525471 https://longtengguojihx.fang.com/
Logger:2020-03-16 10:57:48.205285 https://155898.fang.com/
Logger:2020-03-16 10:57:48.491416 https://huazhongzhigupinyu.fang.com/
Logger:2020-03-16 10:57:48.857043 https://xinjilichivilla.fang.com/
Logger:2020-03-16 10:57:49.174216 https://zhongjiaochenghz2.fang.com/
Logger:2020-03-16 10:57:49.461767 https://shangkunlvcheng.fang.com/
Logger:2020-03-16 10:57:49.889150 https://guocaigongyu.fang.com/
Logger:2020-03-16 10:57:50.174068 https://xinjilichi.fang.com/3/
Logger:2020-03-16 10:57:52.582272 https://fuxingchengjinyuefufxhy.fang.com/
Logger:2020-03-16 10:57:52.871818 https://zhishangqingnianhui.fang.com/
Logger:2020-03-16 10:57:53.201923 https://shuangchuangyuanqnt.fang.com/
Logger:2020-03-16 10:57:53.472012 https://zimaochengwh.fang.com/
Logger:2020-03-16 10:57:53.710715 https://wuhanxingguang.fang.com/
Logger:2020-03-16 10:57:54.016414 https://xisixuefu.fang.com/
Logger:2020-03-16 10:57:54.332110 https://junlinguoji027.fang.com/shop/
Logger:2020-03-16 10:57:54.647202 https://tingruiume.fang.com/
Logger:2020-03-16 10:57:57.134521 https://zhongcaiguangguweilaiguangchang.fang.com/
Logger:2020-03-16 10:57:57.453844 https://dongyuanqicheng.fang.com/shop/
Logger:2020-03-16 10:57:57.721403 https://gongyuan1873xlhy.fang.com/
Logger:2020-03-16 10:58:01.594050 https://wuhan.newhouse.fang.com/house/s/b934/
Logger:2020-03-16 10:58:01.909890 https://154522.fang.com/
Logger:2020-03-16 10:58:02.258355 https://boyatianchengxl.fang.com/
Logger:2020-03-16 10:58:02.557501 https://jinfengdongcheng.fang.com/
Logger:2020-03-16 10:58:04.243728 https://yihaotiandi.fang.com/
Logger:2020-03-16 10:58:04.511491 https://hubinbandaoxl.fang.com/2/
Logger:2020-03-16 10:58:04.844356 https://xianningwenquanlvyouchengbgy.fang.com/
Logger:2020-03-16 10:58:05.141489 https://yxgjjrhgjzx.fang.com/
Logger:2020-03-16 10:58:05.446775 https://dushijingshuilanyuan.fang.com/
Logger:2020-03-16 10:58:05.732955 https://wangjihaotingzt.fang.com/
Logger:2020-03-16 10:58:06.087764 https://lifangshikong.fang.com/
Logger:2020-03-16 10:58:06.422442 https://155082027.fang.com/
Logger:2020-03-16 10:58:06.777060 https://wandazunhjzb.fang.com/office/
Logger:2020-03-16 10:58:07.054569 https://wanlongzhongxin.fang.com/
Logger:2020-03-16 10:58:07.315119 https://yipinhongjiezjyplw.fang.com/shop/
Logger:2020-03-16 10:58:07.584228 https://yishuzhuangyuanxjy.fang.com/
Logger:2020-03-16 10:58:07.888968 https://guojidashakj.fang.com/
Logger:2020-03-16 10:58:08.158331 https://baoyezhongxinwh.fang.com/
Logger:2020-03-16 10:58:08.475406 https://154896.fang.com/
Logger:2020-03-16 10:58:08.777203 https://lihongguangchang.fang.com/
Logger:2020-03-16 10:58:09.047802 https://guojidashafh.fang.com/
Logger:2020-03-16 10:58:13.182185 https://wuhan.newhouse.fang.com/house/s/b935/
Logger:2020-03-16 10:58:13.468321 https://guojidashajx027.fang.com/
Logger:2020-03-16 10:58:13.739482 https://087400.fang.com/
Logger:2020-03-16 10:58:14.073103 https://hankoujiangbeixinshidai.fang.com/
Logger:2020-03-16 10:58:14.359862 https://gaoxiong88hao.fang.com/
Logger:2020-03-16 10:58:14.679065 https://153004.fang.com/
Logger:2020-03-16 10:58:15.010460 https://boyuezhongxin027.fang.com/
Logger:2020-03-16 10:58:15.327684 https://huazhongzhigu.fang.com/
Logger:2020-03-16 10:58:15.612661 https://151410.fang.com/
Logger:2020-03-16 10:58:15.947350 https://156504.fang.com/
Logger:2020-03-16 10:58:16.226966 https://jinhuixingheli.fang.com/
Logger:2020-03-16 10:58:18.401573 https://xinxinguangchang.fang.com/
Logger:2020-03-16 10:58:18.675229 https://zhongchengyuecheng.fang.com/shop/
Logger:2020-03-16 10:58:18.974366 https://156446.fang.com/
Logger:2020-03-16 10:58:19.292400 https://gongzhuwanfl027.fang.com/
Logger:2020-03-16 10:58:21.780083 https://qianchuanxincheng.fang.com/2/
Logger:2020-03-16 10:58:22.147481 https://smjjxsj.fang.com/
Logger:2020-03-16 10:58:22.526453 https://renhetiandiml027.fang.com/shop/
Logger:2020-03-16 10:58:22.835761 https://yuehutangqianlt.fang.com/
Logger:2020-03-16 10:58:23.153236 https://154846.fang.com/
Logger:2020-03-16 10:58:23.494131 https://cbdzhongxinxcj.fang.com/shop/
Logger:2020-03-16 10:58:27.112038 https://wuhan.newhouse.fang.com/house/s/b936/
Logger:2020-03-16 10:58:27.459308 https://155714.fang.com/
Logger:2020-03-16 10:58:27.777080 https://lichengzhongxinshangwulou.fang.com/office/
Logger:2020-03-16 10:58:28.026865 https://guojiguangchangjqj.fang.com/
Logger:2020-03-16 10:58:28.283350 https://tianxiangshangfu.fang.com/shop/
Logger:2020-03-16 10:58:28.585800 https://lianfaguojidasha.fang.com/
Logger:2020-03-16 10:58:28.867375 https://guojijinrongchengld.fang.com/office/
Logger:2020-03-16 10:58:29.156421 https://155144.fang.com/
Logger:2020-03-16 10:58:30.710190 https://xiangshuiwan027.fang.com/shop/
Logger:2020-03-16 10:58:30.976012 https://fazhanzhongxindh.fang.com/office/
Logger:2020-03-16 10:58:32.896346 https://hongtaiyuexiuxinghuicheng.fang.com/
Logger:2020-03-16 10:58:33.227649 https://chengjikongjianzhanjz.fang.com/
Logger:2020-03-16 10:58:33.500403 https://tongbaizhongxinxfsd.fang.com/
Logger:2020-03-16 10:58:33.802502 https://taoyuanlihr027.fang.com/shop/
Logger:2020-03-16 10:58:34.073952 https://guanggujinrongzhongxin.fang.com/
Logger:2020-03-16 10:58:34.403468 https://004604.fang.com/
Logger:2020-03-16 10:58:34.753020 https://zamahui.fang.com/
Logger:2020-03-16 10:58:35.010144 https://155554.fang.com/
Logger:2020-03-16 10:58:35.325926 https://yundongmallnbk.fang.com/shop/
Logger:2020-03-16 10:58:35.635553 https://jinqiaoyihao.fang.com/shop/
Logger:2020-03-16 10:58:35.942356 https://156474.fang.com/
Logger:2020-03-16 10:58:39.700713 https://wuhan.newhouse.fang.com/house/s/b937/
Logger:2020-03-16 10:58:39.987210 https://jinyintanwenhuaguangchangcs.fang.com/
Logger:2020-03-16 10:58:40.242745 https://huashenghankouchengshiguangchang.fang.com/1/shop/
Logger:2020-03-16 10:58:40.542601 https://huayangnianxinianzhongxin.fang.com/
Logger:2020-03-16 10:58:40.811048 https://liantouguangchang027.fang.com/
Logger:2020-03-16 10:58:41.065393 https://baibutingxiandaicheng.fang.com/3/
Logger:2020-03-16 10:58:41.334642 https://huazhongcheng027.fang.com/
Logger:2020-03-16 10:58:41.602965 https://tietoulinlihui.fang.com/
Logger:2020-03-16 10:58:41.936381 https://gutianzhixingxkj.fang.com/
Logger:2020-03-16 10:58:42.240156 https://jiankangxintiandijkgzg.fang.com/
Logger:2020-03-16 10:58:42.498523 https://fanyuenanguozhongxin.fang.com/
Logger:2020-03-16 10:58:42.748462 https://daxuechengjinjie.fang.com/
Logger:2020-03-16 10:58:42.999679 https://haimazhongxin.fang.com/027/
Logger:2020-03-16 10:58:43.333480 https://jiangwanguojizs.fang.com/shop/
Logger:2020-03-16 10:58:43.586333 https://sanhejianqiaocheng.fang.com/
Logger:2020-03-16 10:58:43.905663 https://fuqiangguoji.fang.com/
Logger:2020-03-16 10:58:44.158332 https://155054027.fang.com/
Logger:2020-03-16 10:58:44.472406 https://whjgkjzx.fang.com/office/
Logger:2020-03-16 10:58:44.765865 https://guojisohochengshangjiefh.fang.com/
Logger:2020-03-16 10:58:46.378035 https://tianjiezibenzhongxin.fang.com/
Logger:2020-03-16 10:58:46.657193 https://sanheguanggudaoshangpu.fang.com/
Logger:2020-03-16 10:58:50.472166 https://wuhan.newhouse.fang.com/house/s/b938/
Logger:2020-03-16 10:58:50.804750 https://juxiongbandao.fang.com/
Logger:2020-03-16 10:58:51.183164 https://taifuchengbgy.fang.com/shop/
Logger:2020-03-16 10:58:52.482446 https://guocaizhongxin.fang.com/
Logger:2020-03-16 10:58:52.756151 https://guojirencaiganggg.fang.com/
Logger:2020-03-16 10:58:53.085347 https://longhuiguomaozhongxin.fang.com/
Logger:2020-03-16 10:58:53.341585 https://yuejiangshidaijd.fang.com/shop/
Logger:2020-03-16 10:58:53.678141 https://huihaodi.fang.com/office/
Logger:2020-03-16 10:58:53.970402 https://dushiqinyuanct.fang.com/shop/
Logger:2020-03-16 10:58:54.211498 https://shidaiguangchanghl027.fang.com/office/
Logger:2020-03-16 10:58:54.467263 https://hkbxdgyy.fang.com/
Logger:2020-03-16 10:58:54.799984 https://fanyuecheng.fang.com/office/
Logger:2020-03-16 10:58:55.317942 https://zhongjiaochenghz.fang.com/
Logger:2020-03-16 10:58:55.590816 https://kangqiaozhiyuan027.fang.com/shop/
Logger:2020-03-16 10:58:57.021830 https://shangjingruifu.fang.com/shop/
Logger:2020-03-16 10:58:57.567936 https://chuangkezhongxinwh.fang.com/shop/
Logger:2020-03-16 10:58:57.840926 https://154908.fang.com/
Logger:2020-03-16 10:58:58.192036 https://156180.fang.com/
Logger:2020-03-16 10:58:58.507845 https://qianchuanxincheng.fang.com/shop/
Logger:2020-03-16 10:58:58.763404 https://155712.fang.com/
Logger:2020-03-16 10:58:59.072254 https://156190.fang.com/
Logger:2020-03-16 10:59:03.167980 https://wuhan.newhouse.fang.com/house/s/b939/
Logger:2020-03-16 10:59:03.440080 https://153262.fang.com/
Logger:2020-03-16 10:59:06.172847 https://hongfengjinzuo027.fang.com/
Logger:2020-03-16 10:59:06.504892 https://yujiangwangh.fang.com/
Logger:2020-03-16 10:59:06.869019 https://dongyuanqicheng.fang.com/
Logger:2020-03-16 10:59:07.249479 https://yunyuedick.fang.com/
Logger:2020-03-16 10:59:07.581747 https://yujianglantinghk.fang.com/
Logger:2020-03-16 10:59:07.932938 https://guanhulanjunjk.fang.com/
Logger:2020-03-16 10:59:08.293574 https://dingshenghuacheng.fang.com/
Logger:2020-03-16 10:59:08.628838 https://hannantiandi.fang.com/
Logger:2020-03-16 10:59:08.929639 https://ligangxindu.fang.com/
Logger:2020-03-16 10:59:09.325590 https://lvdihankouzhongxinxijie.fang.com/shop/
Logger:2020-03-16 10:59:09.609181 https://huanmaozhongxinwh2.fang.com/
Logger:2020-03-16 10:59:09.884336 https://tywtjrzx.fang.com/
Logger:2020-03-16 10:59:10.337454 https://wanlongguangchang027.fang.com/
Logger:2020-03-16 10:59:10.591297 https://yinlizhongxin027.fang.com/office/
Logger:2020-03-16 10:59:10.849001 https://hancangguojixincheng.fang.com/
Logger:2020-03-16 10:59:11.180109 https://changtounongjichanyeyuan.fang.com/
Logger:2020-03-16 10:59:11.468312 https://tongdachuangxinzhongxinwh.fang.com/
Logger:2020-03-16 10:59:15.099400 https://wuhan.newhouse.fang.com/house/s/b940/
Logger:2020-03-16 10:59:18.670204 https://wuhan.newhouse.fang.com/house/s/b941/
Logger:2020-03-16 10:59:22.221100 https://wuhan.newhouse.fang.com/house/s/b942/
