Logger:2020-03-16 17:00:28.835008 https://wuhai.newhouse.fang.com/house/s/b91/
Logger:2020-03-16 17:00:37.906538 https://wandaguangchang0473.fang.com/
Logger:2020-03-16 17:00:46.229334 https://senlinbandaozt0473.fang.com/
Logger:2020-03-16 17:00:46.553896 https://jinxiuzhonghuawuhai.fang.com/
Logger:2020-03-16 17:01:03.535702 https://shuiyunxuanms.fang.com/
Logger:2020-03-16 17:01:03.855846 https://aidexiaozhenhh.fang.com/
Logger:2020-03-16 17:01:04.302254 https://yihehuating0473.fang.com/
Logger:2020-03-16 17:01:04.618408 https://liduguojijsj.fang.com/
Logger:2020-03-16 17:01:04.949521 https://zhongyanggongyuanxtd0473.fang.com/
Logger:2020-03-16 17:01:05.257633 https://yihuaguangchang0473.fang.com/
Logger:2020-03-16 17:01:05.679133 https://jindingguoji0473.fang.com/
Logger:2020-03-16 17:01:06.105608 https://binhewanhs.fang.com/
Logger:2020-03-16 17:01:06.419729 https://tianhongruiyuan.fang.com/
Logger:2020-03-16 17:01:06.790735 https://dijingyuan0473.fang.com/
Logger:2020-03-16 17:01:07.182506 https://changhehuafujz.fang.com/
Logger:2020-03-16 17:01:17.752129 https://dingshenghuayuan0473.fang.com/
Logger:2020-03-16 17:01:20.231038 https://jinghaicheng0473.fang.com/
Logger:2020-03-16 17:01:20.834424 https://tianshengguangchang.fang.com/
Logger:2020-03-16 17:01:21.275339 https://waitanguojihj.fang.com/
Logger:2020-03-16 17:01:36.467507 https://bihaihuayuanwh.fang.com/
Logger:2020-03-16 17:01:36.793081 https://shijingyuan0473.fang.com/
Logger:2020-03-16 17:01:42.454785 https://wuhai.newhouse.fang.com/house/s/b92/
Logger:2020-03-16 17:02:01.011420 https://beianyashu0473.fang.com/
Logger:2020-03-16 17:02:01.354502 https://huamaochengxr0473.fang.com/
Logger:2020-03-16 17:02:01.663737 https://xinyanghuayuan0473.fang.com/
Logger:2020-03-16 17:02:06.973338 https://fangxingjiayuan.fang.com/
Logger:2020-03-16 17:02:07.289497 https://puxianghuayuan0473.fang.com/
Logger:2020-03-16 17:02:07.893896 https://guojigongyuanxlb.fang.com/
Logger:2020-03-16 17:02:10.043134 https://yuyuanxiaoqu0473.fang.com/2/
Logger:2020-03-16 17:02:10.347328 https://xianghejiayuan0473.fang.com/
Logger:2020-03-16 17:02:10.670553 https://wenxiangyayuan.fang.com/
Logger:2020-03-16 17:02:16.263823 https://jiulongguojiguangchang0473.fang.com/
Logger:2020-03-16 17:02:16.688685 https://xiangxielishemx.fang.com/
Logger:2020-03-16 17:02:17.068671 https://yintaiguangchang0473.fang.com/
Logger:2020-03-16 17:02:17.397789 https://shimaotianjiehs.fang.com/
Logger:2020-03-16 17:02:17.784852 https://enhejinyuan0473.fang.com/
Logger:2020-03-16 17:02:27.095936 https://haifenghuayuan0473.fang.com/
Logger:2020-03-16 17:02:27.613479 https://ruidehuayuan0473.fang.com/
Logger:2020-03-16 17:02:27.959037 https://jinhaiyuan0473.fang.com/
Logger:2020-03-16 17:02:28.293190 https://weixinjiayuan0473.fang.com/
Logger:2020-03-16 17:02:35.405030 https://haichen.fang.com/2/
Logger:2020-03-16 17:02:35.816642 https://wudahaizhongxin.fang.com/
Logger:2020-03-16 17:02:39.129309 https://wuhai.newhouse.fang.com/house/s/b93/
Logger:2020-03-16 17:02:39.374463 https://guangyuanguojidasha0473.fang.com/
Logger:2020-03-16 17:02:47.587507 https://jinwangjiao0473.fang.com/
Logger:2020-03-16 17:02:47.896287 https://wanhuiguojiss.fang.com/
Logger:2020-03-16 17:02:48.284401 https://yujinyuanwuhai.fang.com/
Logger:2020-03-16 17:02:54.425351 https://dongfanglijing0473.fang.com/
Logger:2020-03-16 17:02:58.365905 https://wuhai.newhouse.fang.com/house/s/b94/
Logger:2020-03-16 17:03:02.489506 https://wuhai.newhouse.fang.com/house/s/b95/
Logger:2020-03-16 17:03:06.764406 https://wuhai.newhouse.fang.com/house/s/b96/
