Logger:2020-03-15 21:13:47.130419 https://wuhu.newhouse.fang.com/house/s/b91/
Logger:2020-03-15 21:13:48.259456 https://chunjiangmingyuewx.fang.com/
Logger:2020-03-15 21:13:51.175269 https://zhongyugongguan0553.fang.com/
Logger:2020-03-15 21:13:51.858441 https://yongshenghuayuanhl.fang.com/
Logger:2020-03-15 21:13:52.558941 https://luolanxiaozhenjh.fang.com/
Logger:2020-03-15 21:13:53.148360 https://xiyuefu.fang.com/
Logger:2020-03-15 21:13:53.711903 https://baolixiangsong0553.fang.com/
Logger:2020-03-15 21:13:54.368500 https://gongyuan2020rc.fang.com/
Logger:2020-03-15 21:13:55.619115 https://rongyuedongfangdf0553.fang.com/
Logger:2020-03-15 21:13:56.332046 https://xiangshengfu0553.fang.com/
Logger:2020-03-15 21:13:57.070071 https://tonghuasenlinrcjd.fang.com/
Logger:2020-03-15 21:13:57.719466 https://fengdanyihao0553.fang.com/
Logger:2020-03-15 21:13:58.314849 https://feilishijia.fang.com/
Logger:2020-03-15 21:13:59.150272 https://jiangchengjiulihq.fang.com/
Logger:2020-03-15 21:13:59.749620 https://weixingtianxi.fang.com/
Logger:2020-03-15 21:14:00.351012 https://jindutangong.fang.com/
Logger:2020-03-15 21:14:01.031191 https://meihaoshouxi.fang.com/
Logger:2020-03-15 21:14:01.689095 https://xinlichengqr.fang.com/
Logger:2020-03-15 21:14:02.290856 https://gongyuantianxiawx.fang.com/
Logger:2020-03-15 21:14:02.964064 https://wanyuechengwx.fang.com/
Logger:2020-03-15 21:14:03.694102 https://chengshizhiguang0553.fang.com/
Logger:2020-03-15 21:14:07.963801 https://wuhu.newhouse.fang.com/house/s/b92/
Logger:2020-03-15 21:14:08.598333 https://dongfangyufugs.fang.com/
Logger:2020-03-15 21:14:09.215917 https://xindeyuecheng.fang.com/
Logger:2020-03-15 21:14:09.798439 https://jiangdongfuwk0553.fang.com/
Logger:2020-03-15 21:14:10.340749 https://santanyinyue.fang.com/
Logger:2020-03-15 21:14:10.916023 https://changjiangzhige.fang.com/
Logger:2020-03-15 21:14:11.429421 https://jinyuefuwx.fang.com/
Logger:2020-03-15 21:14:11.937042 https://tangxiyuanzhu.fang.com/
Logger:2020-03-15 21:14:12.404766 https://binhushiji.fang.com/
Logger:2020-03-15 21:14:15.181517 https://honghuashangjun.fang.com/
Logger:2020-03-15 21:14:15.637668 https://wuhuyuanziwx.fang.com/
Logger:2020-03-15 21:14:16.204768 https://yufuwhhd.fang.com/
Logger:2020-03-15 21:14:16.780240 https://guobinfuzl0553.fang.com/
Logger:2020-03-15 21:14:17.421703 https://rongshenghuafu0553.fang.com/
Logger:2020-03-15 21:14:18.116083 https://tinghaiyipin.fang.com/
Logger:2020-03-15 21:14:18.698525 https://weiranjiayuanaz.fang.com/
Logger:2020-03-15 21:14:19.281668 https://jiulixiangxi.fang.com/
Logger:2020-03-15 21:14:19.816166 https://xijiangyuebgy0553.fang.com/
Logger:2020-03-15 21:14:20.281952 https://daduhuixc.fang.com/
Logger:2020-03-15 21:14:20.761632 https://xinyuefuyx.fang.com/
Logger:2020-03-15 21:14:21.309169 https://nanhuchunxiaowh.fang.com/
Logger:2020-03-15 21:14:25.164482 https://wuhu.newhouse.fang.com/house/s/b93/
Logger:2020-03-15 21:14:25.594510 https://yundingguoji0553.fang.com/
Logger:2020-03-15 21:14:26.148066 https://guanshanhanlin.fang.com/
Logger:2020-03-15 21:14:26.735724 https://yinchangjiangwx.fang.com/
Logger:2020-03-15 21:14:27.349613 https://boyuefuxhl.fang.com/
Logger:2020-03-15 21:14:31.801080 https://meiguiyuanlcww.fang.com/
Logger:2020-03-15 21:14:32.425730 https://shuangxi0553.fang.com/
Logger:2020-03-15 21:14:37.237776 https://yihaoyuanzs.fang.com/
Logger:2020-03-15 21:14:38.002113 https://wandazhongxin0553.fang.com/
Logger:2020-03-15 21:14:38.603472 https://guojihuaduld0553.fang.com/
Logger:2020-03-15 21:14:39.187041 https://wuhugucheng.fang.com/
Logger:2020-03-15 21:14:39.833313 https://jinghushijiabgy.fang.com/
Logger:2020-03-15 21:14:40.277171 https://haishangchuanqiwk0553.fang.com/
Logger:2020-03-15 21:14:40.948018 https://jiuzhangtaiwx.fang.com/
Logger:2020-03-15 21:14:41.527478 https://jiangshanfuhq.fang.com/
Logger:2020-03-15 21:14:42.060091 https://tianchishengju.fang.com/
Logger:2020-03-15 21:14:42.686453 https://shuxiangmendizy.fang.com/
Logger:2020-03-15 21:14:43.318824 https://lafeizhuangyuanzy.fang.com/
Logger:2020-03-15 21:14:43.859418 https://longxitaizl.fang.com/
Logger:2020-03-15 21:14:44.311130 https://guandiboyubz.fang.com/
Logger:2020-03-15 21:14:44.849052 https://zhongjian500mi.fang.com/
Logger:2020-03-15 21:14:48.837576 https://wuhu.newhouse.fang.com/house/s/b94/
Logger:2020-03-15 21:14:49.370045 https://yinhushidaiwx.fang.com/
Logger:2020-03-15 21:14:52.169129 https://fanchang.newhouse.fang.com/house/2136279746.htm
Logger:2020-03-15 21:14:52.793461 https://jingshaguangchangjh.fang.com/
Logger:2020-03-15 21:14:53.418526 https://mengxiangchengxhl.fang.com/
Logger:2020-03-15 21:14:54.092302 https://nanhuyin.fang.com/
Logger:2020-03-15 21:14:54.860253 https://meihaojincheng.fang.com/
Logger:2020-03-15 21:14:55.306973 https://yungukejiyuan.fang.com/
Logger:2020-03-15 21:14:55.927599 https://meisujinshanguojigongyu.fang.com/
Logger:2020-03-15 21:14:56.597722 https://yongjingtaiwx.fang.com/
Logger:2020-03-15 21:14:57.177744 https://zhongyanggongguanwx.fang.com/
Logger:2020-03-15 21:14:57.845482 https://dongfanglongcheng0553.fang.com/
Logger:2020-03-15 21:14:58.632439 https://dongfanghongjun0553.fang.com/
Logger:2020-03-15 21:14:59.189914 https://manchengyipin.fang.com/
Logger:2020-03-15 21:14:59.798306 https://huaqianguangchang.fang.com/
Logger:2020-03-15 21:15:00.270886 https://binjiangjunjing.fang.com/
Logger:2020-03-15 21:15:03.507961 https://shidaiguangchangbz.fang.com/
Logger:2020-03-15 21:15:04.089366 https://gongyuanchengbangby.fang.com/
Logger:2020-03-15 21:15:04.656625 https://yangguangchengys.fang.com/
Logger:2020-03-15 21:15:05.118352 https://guobintianxiazl0553.fang.com/
Logger:2020-03-15 21:15:11.422349 https://jiangchengfuhd.fang.com/
Logger:2020-03-15 21:15:15.296201 https://wuhu.newhouse.fang.com/house/s/b95/
Logger:2020-03-15 21:15:15.879197 https://dafarongyuedongfangfc.fang.com/
Logger:2020-03-15 21:15:18.071426 https://ziyuefuhd0553.fang.com/
Logger:2020-03-15 21:15:18.709789 https://xingyiguangchang.fang.com/
Logger:2020-03-15 21:15:19.274286 https://nanyuanhaoting.fang.com/
Logger:2020-03-15 21:15:19.904529 https://xuefuchuntiangx.fang.com/
Logger:2020-03-15 21:15:20.388314 https://yujingwanzr.fang.com/
Logger:2020-03-15 21:15:20.878599 https://xinduhuild0553.fang.com/
Logger:2020-03-15 21:15:21.358284 https://weilanhaianwx.fang.com/
Logger:2020-03-15 21:15:21.935752 https://qingmingshanghecheng.fang.com/
Logger:2020-03-15 21:15:22.528151 https://baizhuangxiangfu.fang.com/
Logger:2020-03-15 21:15:23.040301 https://yueshanfuhq.fang.com/
Logger:2020-03-15 21:15:23.851941 https://jinyingshouxi.fang.com/
Logger:2020-03-15 21:15:24.770520 https://daguanhuayuan.fang.com/
Logger:2020-03-15 21:15:25.482062 https://jiuziguzhenxhl0553.fang.com/
Logger:2020-03-15 21:15:26.155545 https://renhexinjie.fang.com/
Logger:2020-03-15 21:15:29.597464 https://fanchang.newhouse.fang.com/house/2136279734.htm
Logger:2020-03-15 21:15:32.386116 https://hx1818cssygc.fang.com/
Logger:2020-03-15 21:15:33.227864 https://fanchang.newhouse.fang.com/house/2136279744.htm
Logger:2020-03-15 21:15:33.749178 https://nxwswhgjsmc.fang.com/
Logger:2020-03-15 21:15:34.207709 https://fanchang.newhouse.fang.com/house/2136279740.htm
Logger:2020-03-15 21:15:38.406186 https://wuhu.newhouse.fang.com/house/s/b96/
Logger:2020-03-15 21:15:42.207326 https://fanchang.newhouse.fang.com/house/2136279742.htm
Logger:2020-03-15 21:15:43.023186 https://hanlinnanyuefang.fang.com/
Logger:2020-03-15 21:15:43.799311 https://deshengguangchang.fang.com/
Logger:2020-03-15 21:15:44.442589 https://caifuguangchangxd.fang.com/
Logger:2020-03-15 21:15:45.050963 https://fanchang.newhouse.fang.com/house/2136279736.htm
Logger:2020-03-15 21:15:45.572650 https://zhongyangchengcaifujie.fang.com/
Logger:2020-03-15 21:15:47.734222 https://mingzhuguangchangjx.fang.com/
Logger:2020-03-15 21:15:48.574251 https://mingzhuzhiyeguangchang.fang.com/
Logger:2020-03-15 21:15:49.156693 https://jihedashichang.fang.com/
Logger:2020-03-15 21:15:49.883047 https://zgwhspjyblc.fang.com/
Logger:2020-03-15 21:15:50.410516 https://yujingligs.fang.com/
Logger:2020-03-15 21:15:50.875272 https://dongziyuan.fang.com/
Logger:2020-03-15 21:15:53.363012 https://hualinfubgy.fang.com/
Logger:2020-03-15 21:15:56.839170 https://zuanshiwanbgy0553.fang.com/
Logger:2020-03-15 21:15:57.317887 https://shangyeguangchangrd.fang.com/
Logger:2020-03-15 21:16:01.277410 https://wuhu.newhouse.fang.com/house/s/b97/
Logger:2020-03-15 21:16:05.120550 https://wuhu.newhouse.fang.com/house/s/b98/
Logger:2020-03-15 21:16:09.026334 https://wuhu.newhouse.fang.com/house/s/b99/
