Logger:2020-03-16 08:35:01.686340 https://wuwei.newhouse.fang.com/house/s/b91/
Logger:2020-03-16 08:35:01.920120 https://hengchangshoufu0935.fang.com/
Logger:2020-03-16 08:35:02.201302 https://shengdachengshihuayuan.fang.com/
Logger:2020-03-16 08:35:02.467477 https://tianyiwaitan.fang.com/
Logger:2020-03-16 08:35:02.779290 https://binhehuayuanyiqi.fang.com/
Logger:2020-03-16 08:35:03.060474 https://185784.fang.com/
Logger:2020-03-16 08:35:09.199649 https://185782.fang.com/
Logger:2020-03-16 08:35:09.465212 https://jxtcxx.fang.com/
Logger:2020-03-16 08:35:09.715434 https://qinshuilidu.fang.com/
Logger:2020-03-16 08:35:10.152592 https://guojigongguanty.fang.com/
Logger:2020-03-16 08:35:12.640408 https://dadimeiju.fang.com/
Logger:2020-03-16 08:35:12.874683 https://juyinxindu.fang.com/
Logger:2020-03-16 08:35:16.437037 https://huaruntingyuan.fang.com/
Logger:2020-03-16 08:35:16.749108 https://yinchenghuayuanww.fang.com/
Logger:2020-03-16 08:35:18.998238 https://rongchenghuafuww.fang.com/
Logger:2020-03-16 08:35:19.248912 https://tianjianfenghuangcheng.fang.com/
Logger:2020-03-16 08:35:19.483141 https://shangchenghuafuww.fang.com/
Logger:2020-03-16 08:35:19.826215 https://tianyijiezuo.fang.com/
Logger:2020-03-16 08:35:21.956561 https://yunxiaoshangdu.fang.com/
Logger:2020-03-16 08:35:22.205830 https://hlgcww.fang.com/
Logger:2020-03-16 08:35:22.487008 https://shengshioujing.fang.com/
Logger:2020-03-16 08:35:26.421222 https://wuwei.newhouse.fang.com/house/s/b92/
Logger:2020-03-16 08:35:26.639875 https://tianyuanshidaichengwuwei.fang.com/
Logger:2020-03-16 08:35:26.967923 https://bishuilanting.fang.com/
Logger:2020-03-16 08:35:27.233902 https://jinsharunyuan.fang.com/
Logger:2020-03-16 08:35:27.467805 https://baiheyuanms.fang.com/
Logger:2020-03-16 08:35:28.795618 https://nanyuanhuayuanxiaoqu.fang.com/
Logger:2020-03-16 08:35:29.077319 https://tianyijiezuowuwei.fang.com/
Logger:2020-03-16 08:35:29.358605 https://guangshengshengtaiyuan.fang.com/
Logger:2020-03-16 08:35:34.761265 https://gjgcwj.fang.com/
Logger:2020-03-16 08:35:39.434897 https://tjshc.fang.com/
Logger:2020-03-16 08:35:43.871069 https://taihehuayuanww.fang.com/
Logger:2020-03-16 08:35:45.748374 https://feicuichengtj.fang.com/
Logger:2020-03-16 08:35:47.404731 https://lvsejiayuannh.fang.com/
Logger:2020-03-16 08:35:49.185720 https://jiangnandashaww.fang.com/
Logger:2020-03-16 08:35:52.747489 https://hongruijiayuanww.fang.com/
Logger:2020-03-16 08:35:55.108171 https://xinyuyangguang.fang.com/
Logger:2020-03-16 08:35:58.700703 https://wuwei.newhouse.fang.com/house/s/b93/
Logger:2020-03-16 08:36:02.661677 https://wuwei.newhouse.fang.com/house/s/b94/
Logger:2020-03-16 08:36:06.215899 https://wuwei.newhouse.fang.com/house/s/b95/
