Logger:2020-03-16 13:37:36.420004 https://wuxi.newhouse.fang.com/house/s/b91/
Logger:2020-03-16 13:37:36.760094 https://taihuyonghuafu.fang.com/
Logger:2020-03-16 13:37:37.068308 https://feicuizhiguangwk0510.fang.com/
Logger:2020-03-16 13:37:37.382444 https://aerlexingkongyangfangyg100.fang.com/
Logger:2020-03-16 13:37:37.810285 https://guanlanfuhd.fang.com/
Logger:2020-03-16 13:37:38.106492 https://yuefushijiahr.fang.com/
Logger:2020-03-16 13:37:38.428689 https://yuelongwanhd0510.fang.com/
Logger:2020-03-16 13:37:39.290326 https://jinkezhongxin20510.fang.com/
Logger:2020-03-16 13:37:39.686340 https://feicuigongyuanwxhd.fang.com/
Logger:2020-03-16 13:37:40.032340 https://wuxikangqiaofu.fang.com/
Logger:2020-03-16 13:37:40.358504 https://zilanyuanat.fang.com/
Logger:2020-03-16 13:37:40.709529 https://gongyuanjiulihr0510.fang.com/
Logger:2020-03-16 13:37:41.068606 https://jinmaofu0510.fang.com/
Logger:2020-03-16 13:37:41.319896 https://fulishan0510.fang.com/
Logger:2020-03-16 13:37:41.581241 https://hongxingtianbo0510.fang.com/
Logger:2020-03-16 13:37:42.036978 https://yuanrongguangchangwx2.fang.com/
Logger:2020-03-16 13:37:43.040293 https://tianyigongguantpy.fang.com/
Logger:2020-03-16 13:37:43.332548 https://huaxiyuezz.fang.com/
Logger:2020-03-16 13:37:43.573898 https://rongyuwan.fang.com/
Logger:2020-03-16 13:37:43.886070 https://shidaicheng0510.fang.com/
Logger:2020-03-16 13:37:44.326853 https://dongtinglanjun.fang.com/
Logger:2020-03-16 13:37:48.025996 https://wuxi.newhouse.fang.com/house/s/b92/
Logger:2020-03-16 13:37:48.335165 https://shidaicheng0510.fang.com/
Logger:2020-03-16 13:37:48.730108 https://dongtinglanjun.fang.com/
Logger:2020-03-16 13:37:49.050217 https://128962.fang.com/
Logger:2020-03-16 13:37:49.368396 https://jiuliwanjf.fang.com/
Logger:2020-03-16 13:37:49.763309 https://feicuiwanxl0510.fang.com/
Logger:2020-03-16 13:37:50.052534 https://fgongguanhd.fang.com/
Logger:2020-03-16 13:37:50.311841 https://xihuafuxlls.fang.com/
Logger:2020-03-16 13:37:51.351093 https://xindufuls.fang.com/
Logger:2020-03-16 13:37:52.461128 https://129362.fang.com/
Logger:2020-03-16 13:37:52.779279 https://jiangnanfuhr.fang.com/
Logger:2020-03-16 13:37:54.356036 https://xinggongyuanzr.fang.com/
Logger:2020-03-16 13:37:55.260634 https://shiguangyinxiangblrq.fang.com/
Logger:2020-03-16 13:37:55.586729 https://gongyuanyuefuwx.fang.com/
Logger:2020-03-16 13:37:55.967746 https://guanhulizhuwanshangwk.fang.com/
Logger:2020-03-16 13:37:56.229012 https://yuejingfuht0510.fang.com/
Logger:2020-03-16 13:37:56.511257 https://huafashoufu0510.fang.com/
Logger:2020-03-16 13:37:57.102674 https://lvchengchengyuan0510.fang.com/
Logger:2020-03-16 13:37:57.448778 https://longhutianju0510.fang.com/
Logger:2020-03-16 13:37:58.514896 https://wuyuedongfangbl.fang.com/
Logger:2020-03-16 13:37:59.493279 https://chuangzhiguhe.fang.com/
Logger:2020-03-16 13:38:03.139561 https://wuxi.newhouse.fang.com/house/s/b93/
Logger:2020-03-16 13:38:03.432741 https://chuangzhiguhe.fang.com/
Logger:2020-03-16 13:38:03.731940 https://nanguangchengbgy.fang.com/
Logger:2020-03-16 13:38:03.990290 https://wanhuicheng2.fang.com/
Logger:2020-03-16 13:38:04.366243 https://zhonglongwiii.fang.com/
Logger:2020-03-16 13:38:04.607598 https://yigongguanbgy.fang.com/
Logger:2020-03-16 13:38:04.870895 https://feicuidongfangwk.fang.com/
Logger:2020-03-16 13:38:05.310717 https://xiangshuwanwanxianggongguanhr.fang.com/
Logger:2020-03-16 13:38:05.666765 https://lananmingjunjbwx.fang.com/
Logger:2020-03-16 13:38:05.961974 https://jijingmingdijb.fang.com/
Logger:2020-03-16 13:38:06.283177 https://yunheyihaofurc.fang.com/
Logger:2020-03-16 13:38:06.599313 https://jimeiyipinjk.fang.com/
Logger:2020-03-16 13:38:06.950366 https://wuxiwenlvchengrc.fang.com/
Logger:2020-03-16 13:38:07.308372 https://xishuijingshe.fang.com/
Logger:2020-03-16 13:38:07.606575 https://jinmaoyueshanbgy.fang.com/
Logger:2020-03-16 13:38:07.972595 https://tianyihuafuhd.fang.com/
Logger:2020-03-16 13:38:08.303710 https://huishanyingrc.fang.com/
Logger:2020-03-16 13:38:08.542108 https://zunpengyunzhuwk.fang.com/
Logger:2020-03-16 13:38:08.779437 https://guobinfumd0510.fang.com/
Logger:2020-03-16 13:38:09.154434 https://jiuliyingyue.fang.com/
Logger:2020-03-16 13:38:09.478566 https://129056.fang.com/
Logger:2020-03-16 13:38:13.143763 https://wuxi.newhouse.fang.com/house/s/b94/
Logger:2020-03-16 13:38:13.457924 https://baonengcheng0510.fang.com/
Logger:2020-03-16 13:38:13.751137 https://tiankongshutianjield.fang.com/
Logger:2020-03-16 13:38:14.106187 https://yunximingzhudx.fang.com/
Logger:2020-03-16 13:38:14.385475 https://lingyunfenggejbwx.fang.com/
Logger:2020-03-16 13:38:14.719546 https://yihaoyuanwxrc.fang.com/
Logger:2020-03-16 13:38:15.885458 https://xishuidongld.fang.com/
Logger:2020-03-16 13:38:16.139777 https://longhutianpu0510.fang.com/
Logger:2020-03-16 13:38:16.456939 https://rongqiaoyuefu0510.fang.com/
Logger:2020-03-16 13:38:16.840904 https://129284.fang.com/
Logger:2020-03-16 13:38:17.112184 https://changjiangyingrc.fang.com/
Logger:2020-03-16 13:38:17.435319 https://chonganfuzz.fang.com/
Logger:2020-03-16 13:38:17.744454 https://duhuibgy0510.fang.com/
Logger:2020-03-16 13:38:18.126443 https://taihujinmaoyishu.fang.com/
Logger:2020-03-16 13:38:18.393717 https://feicuiwanjybgy.fang.com/
Logger:2020-03-16 13:38:18.677958 https://jinkelihu.fang.com/
Logger:2020-03-16 13:38:18.980149 https://lihuzhuangyuanlj.fang.com/
Logger:2020-03-16 13:38:19.295305 https://sijiyinxiangyxld.fang.com/
Logger:2020-03-16 13:38:19.583559 https://cuicanlihuwansm.fang.com/
Logger:2020-03-16 13:38:19.858840 https://fengmingfubgy.fang.com/
Logger:2020-03-16 13:38:20.126128 https://ximalayaygyb.fang.com/
Logger:2020-03-16 13:38:23.826214 https://wuxi.newhouse.fang.com/house/s/b95/
Logger:2020-03-16 13:38:24.070530 https://fengmingfubgy.fang.com/
Logger:2020-03-16 13:38:24.358760 https://ximalayaygyb.fang.com/
Logger:2020-03-16 13:38:25.467795 https://feicuitianyuan0510.fang.com/
Logger:2020-03-16 13:38:25.692235 https://guanlanwanld.fang.com/
Logger:2020-03-16 13:38:26.056220 https://xiyuelongting.fang.com/
Logger:2020-03-16 13:38:26.364435 https://dahuhuihx.fang.com/
Logger:2020-03-16 13:38:26.647637 https://boyuemingdi.fang.com/
Logger:2020-03-16 13:38:27.458507 https://ejyyldglw.fang.com/
Logger:2020-03-16 13:38:27.727747 https://weilaijiequjyls.fang.com/
Logger:2020-03-16 13:38:28.021997 https://canglongfuyjlxh.fang.com/
Logger:2020-03-16 13:38:28.311233 https://sohojunyuanjf.fang.com/
Logger:2020-03-16 13:38:29.513969 https://128730.fang.com/
Logger:2020-03-16 13:38:30.010640 https://maoruifu.fang.com/
Logger:2020-03-16 13:38:30.320810 https://xingyuechengss.fang.com/
Logger:2020-03-16 13:38:30.585180 https://jinkejiuli0510.fang.com/
Logger:2020-03-16 13:38:30.894354 https://yingtianshoufuzl0510.fang.com/
Logger:2020-03-16 13:38:31.202452 https://129320.fang.com/
Logger:2020-03-16 13:38:31.509630 https://tianchenyuefu.fang.com/
Logger:2020-03-16 13:38:31.848748 https://129348.fang.com/
Logger:2020-03-16 13:38:32.206810 https://gongyuantianxiamd0510.fang.com/
Logger:2020-03-16 13:38:35.879019 https://wuxi.newhouse.fang.com/house/s/b96/
Logger:2020-03-16 13:38:36.162227 https://yunhushangjunyxhd.fang.com/
Logger:2020-03-16 13:38:37.274209 https://129332.fang.com/
Logger:2020-03-16 13:38:38.314471 https://129336.fang.com/
Logger:2020-03-16 13:38:39.447434 https://129316.fang.com/
Logger:2020-03-16 13:38:39.759561 https://junruifujiuxihd.fang.com/
Logger:2020-03-16 13:38:40.031833 https://chengjiangfuxh0510.fang.com/
Logger:2020-03-16 13:38:41.176770 https://xuhuigongyuan20510.fang.com/
Logger:2020-03-16 13:38:42.767560 https://129294.fang.com/
Logger:2020-03-16 13:38:43.020836 https://lingyunfenggeshangyejb.fang.com/
Logger:2020-03-16 13:38:43.279177 https://cuicanshiguangsm.fang.com/
Logger:2020-03-16 13:38:43.587321 https://huanyutianxiawxzh.fang.com/
Logger:2020-03-16 13:38:45.522163 https://liangxibenyuan.fang.com/
Logger:2020-03-16 13:38:45.790426 https://nanchanghuafuwxgm.fang.com/
Logger:2020-03-16 13:38:46.189360 https://yunhewanhqc.fang.com/
Logger:2020-03-16 13:38:46.503551 https://baolongshijia0510.fang.com/
Logger:2020-03-16 13:38:46.810739 https://donglingxishang0510.fang.com/
Logger:2020-03-16 13:38:47.143806 https://yanxihubk.fang.com/
Logger:2020-03-16 13:38:47.403183 https://wanxiyaju.fang.com/
Logger:2020-03-16 13:38:47.653444 https://guanshanmingzhu0510.fang.com/
Logger:2020-03-16 13:38:48.020496 https://changtaiguojishequcj.fang.com/
Logger:2020-03-16 13:38:51.761484 https://wuxi.newhouse.fang.com/house/s/b97/
Logger:2020-03-16 13:38:52.047688 https://fengqiheminglc.fang.com/
Logger:2020-03-16 13:38:52.348966 https://wuxikejicheng.fang.com/
Logger:2020-03-16 13:38:52.705965 https://xinyuetanghy.fang.com/
Logger:2020-03-16 13:38:53.698310 https://chengzhongchengtpy.fang.com/
Logger:2020-03-16 13:38:53.975531 https://meiguidadaomx.fang.com/
Logger:2020-03-16 13:38:54.334570 https://yongjinyuanlg0510.fang.com/
Logger:2020-03-16 13:38:54.633769 https://fengdanyuyuanrc.fang.com/
Logger:2020-03-16 13:38:54.923992 https://yongshanfuxte.fang.com/
Logger:2020-03-16 13:38:55.308013 https://tiananmanhadun.fang.com/
Logger:2020-03-16 13:38:55.608199 https://hexi0510.fang.com/
Logger:2020-03-16 13:38:57.170004 https://wanshangmeiyu.fang.com/
Logger:2020-03-16 13:38:57.443296 https://huanlesongzb.fang.com/
Logger:2020-03-16 13:38:57.738464 https://longxizh.fang.com/
Logger:2020-03-16 13:38:57.993781 https://guanshanhongjunwy.fang.com/
Logger:2020-03-16 13:38:58.326890 https://tianyouchengfa.fang.com/
Logger:2020-03-16 13:38:58.621149 https://jinyutixiangwk0510.fang.com/
Logger:2020-03-16 13:38:58.894416 https://shiguanglism.fang.com/
Logger:2020-03-16 13:38:59.154716 https://xinjunls.fang.com/
Logger:2020-03-16 13:38:59.550618 https://baiheguojihuayuan.fang.com/
Logger:2020-03-16 13:38:59.874749 https://meiguizhuangyuansd0510.fang.com/
Logger:2020-03-16 13:39:03.402312 https://wuxi.newhouse.fang.com/house/s/b98/
Logger:2020-03-16 13:39:04.863444 https://lihutianzhulh.fang.com/
Logger:2020-03-16 13:39:05.232498 https://meidufulj.fang.com/
Logger:2020-03-16 13:39:05.530655 https://jinxifu0510.fang.com/
Logger:2020-03-16 13:39:06.763362 https://kangshidanjun0510.fang.com/
Logger:2020-03-16 13:39:07.025620 https://gangyuchengjd.fang.com/
Logger:2020-03-16 13:39:07.338812 https://yanwanchangdi.fang.com/
Logger:2020-03-16 13:39:07.647974 https://shidaiguoji0510.fang.com/
Logger:2020-03-16 13:39:07.964109 https://xingkongjianjl.fang.com/
Logger:2020-03-16 13:39:08.262349 https://lihuyihao0510.fang.com/
Logger:2020-03-16 13:39:09.216804 https://xiangdibandao.fang.com/
Logger:2020-03-16 13:39:09.470123 https://chenglifang0510.fang.com/
Logger:2020-03-16 13:39:10.455445 https://shengminggongyuyangxihuatingyl.fang.com/
Logger:2020-03-16 13:39:11.298190 https://tianyiyunzhujyzalg.fang.com/
Logger:2020-03-16 13:39:12.286588 https://sanwanqinghy.fang.com/
Logger:2020-03-16 13:39:12.554860 https://lihuruishihuayuan.fang.com/
Logger:2020-03-16 13:39:13.617984 https://xiyuanjlc0510.fang.com/
Logger:2020-03-16 13:39:13.886302 https://caiyangxiangjiang.fang.com/
Logger:2020-03-16 13:39:15.034231 https://shengyuan0510.fang.com/
Logger:2020-03-16 13:39:15.303475 https://guyunchuanqi.fang.com/
Logger:2020-03-16 13:39:15.530866 https://chunfenghushangmoma.fang.com/
Logger:2020-03-16 13:39:19.202123 https://wuxi.newhouse.fang.com/house/s/b99/
Logger:2020-03-16 13:39:19.477342 https://yuefujyhd.fang.com/
Logger:2020-03-16 13:39:20.792790 https://bandaoyiwanlz.fang.com/
Logger:2020-03-16 13:39:22.077354 https://jialefu.fang.com/
Logger:2020-03-16 13:39:22.347673 https://jinyuxiangsong.fang.com/
Logger:2020-03-16 13:39:22.657839 https://shiguanghongzhujrjlj.fang.com/
Logger:2020-03-16 13:39:22.979972 https://128894.fang.com/
Logger:2020-03-16 13:39:23.267211 https://jiangwanchengbld.fang.com/
Logger:2020-03-16 13:39:23.561431 https://hengdacaifuzhongxinwx.fang.com/
Logger:2020-03-16 13:39:23.869560 https://shijijinyuanhx.fang.com/
Logger:2020-03-16 13:39:24.879901 https://qitingwx.fang.com/
Logger:2020-03-16 13:39:25.162138 https://chengjinasaza.fang.com/
Logger:2020-03-16 13:39:25.407489 https://huwanyijinghj2.fang.com/
Logger:2020-03-16 13:39:25.778453 https://shanshuijiatingxy.fang.com/
Logger:2020-03-16 13:39:26.082675 https://yinxianghubinlulj.fang.com/
Logger:2020-03-16 13:39:26.366878 https://diyiguojiyiyuan.fang.com/4/
Logger:2020-03-16 13:39:28.072359 https://wuxijiangnanlilc.fang.com/
Logger:2020-03-16 13:39:28.327633 https://shijiemaoyizhongxin0510.fang.com/
Logger:2020-03-16 13:39:30.033072 https://shumachengjyta.fang.com/
Logger:2020-03-16 13:39:30.302351 https://aokaichengshiguangchangwx.fang.com/
Logger:2020-03-16 13:39:30.528745 https://lehechengld0510.fang.com/
Logger:2020-03-16 13:39:34.650718 https://wuxi.newhouse.fang.com/house/s/b910/
Logger:2020-03-16 13:39:34.937950 https://lehechengld0510.fang.com/
Logger:2020-03-16 13:39:35.277042 https://tianchenyuanzhulh0510.fang.com/
Logger:2020-03-16 13:39:35.625158 https://qixiaqiyuan.fang.com/
Logger:2020-03-16 13:39:36.000144 https://yinchengweilai.fang.com/
Logger:2020-03-16 13:39:37.029355 https://shangpinhuayuanda.fang.com/
Logger:2020-03-16 13:39:37.306613 https://baohuawangyuan0510.fang.com/
Logger:2020-03-16 13:39:37.631785 https://xihuwanls.fang.com/
Logger:2020-03-16 13:39:37.939968 https://yuqihui.fang.com/
Logger:2020-03-16 13:39:39.022061 https://xinhufang0510.fang.com/
Logger:2020-03-16 13:39:39.266444 https://henghuakejiyuan.fang.com/
Logger:2020-03-16 13:39:39.574546 https://yuhuwanlh.fang.com/
Logger:2020-03-16 13:39:40.050304 https://meiguixiangdijiayuan.fang.com/
Logger:2020-03-16 13:39:40.926929 https://yuehuguandi.fang.com/
Logger:2020-03-16 13:39:42.394004 https://yongleguoji.fang.com/
Logger:2020-03-16 13:39:42.696195 https://nanfenghuiky.fang.com/
Logger:2020-03-16 13:39:42.962482 https://shanghaizhongxinck.fang.com/
Logger:2020-03-16 13:39:43.241735 https://kejiyuanzz.fang.com/
Logger:2020-03-16 13:39:43.474156 https://fulishihao0510.fang.com/
Logger:2020-03-16 13:39:43.770321 https://wuxitaohuayuanlc.fang.com/
Logger:2020-03-16 13:39:44.089500 https://tangyuejinyuanhyty.fang.com/
Logger:2020-03-16 13:39:47.820487 https://wuxi.newhouse.fang.com/house/s/b911/
Logger:2020-03-16 13:39:48.116694 https://huxiaolantingjl.fang.com/
Logger:2020-03-16 13:39:48.406960 https://furongshanzhuang0510.fang.com/
Logger:2020-03-16 13:39:48.847780 https://yuegongguanjd.fang.com/
Logger:2020-03-16 13:39:50.185161 https://tiandiguanyuanmy.fang.com/
Logger:2020-03-16 13:39:50.451448 https://huashengyuan2.fang.com/
Logger:2020-03-16 13:39:51.395922 https://aweinongzhuangyuan.fang.com/
Logger:2020-03-16 13:39:51.651240 https://changjiangfuyc.fang.com/
Logger:2020-03-16 13:39:51.965441 https://baogelisg0510.fang.com/
Logger:2020-03-16 13:39:52.261606 https://xihaijiayuanyl2.fang.com/
Logger:2020-03-16 13:39:52.577760 https://sitoujiayuan.fang.com/3/
Logger:2020-03-16 13:39:52.853093 https://mengxiangcheng0510.fang.com/
Logger:2020-03-16 13:39:53.094410 https://xinyuefu.fang.com/
Logger:2020-03-16 13:39:54.093749 https://128892.fang.com/
Logger:2020-03-16 13:39:54.475683 https://jincuijiayuan.fang.com/
Logger:2020-03-16 13:39:55.332390 https://1293120510.fang.com/
Logger:2020-03-16 13:39:56.393553 https://zhongyangguangchangjyhd.fang.com/
Logger:2020-03-16 13:39:56.678789 https://oulehui.fang.com/
Logger:2020-03-16 13:39:56.951060 https://ningtaihuachen.fang.com/
Logger:2020-03-16 13:39:57.276234 https://bkjthfy.fang.com/
Logger:2020-03-16 13:39:57.486664 https://shengtangshangyezhongxin.fang.com/
Logger:2020-03-16 13:40:01.444084 https://wuxi.newhouse.fang.com/house/s/b912/
Logger:2020-03-16 13:40:01.716313 https://zhongtanglingyu.fang.com/
Logger:2020-03-16 13:40:03.614236 https://fenghuangxianzh0510.fang.com/
Logger:2020-03-16 13:40:06.254174 https://yuqinhupantingjs.fang.com/
Logger:2020-03-16 13:40:08.783408 https://wenlvchengyuyuanwxrc.fang.com/
Logger:2020-03-16 13:40:09.018778 https://xiyinfuyxhd.fang.com/
Logger:2020-03-16 13:40:09.284110 https://fengmingshanzhuang0510.fang.com/
Logger:2020-03-16 13:40:10.999521 https://banshanyihao.fang.com/
Logger:2020-03-16 13:40:11.299678 https://yushantaoyuanrc0510.fang.com/
Logger:2020-03-16 13:40:11.588902 https://xintiandizh0510.fang.com/
Logger:2020-03-16 13:40:11.846256 https://lizhoutai.fang.com/
Logger:2020-03-16 13:40:12.166357 https://yataizhongxinsg.fang.com/
Logger:2020-03-16 13:40:12.480593 https://hongjingyayuanhw.fang.com/
Logger:2020-03-16 13:40:12.874464 https://shidaiguangchangmy0510.fang.com/
Logger:2020-03-16 13:40:13.783032 https://xidongxiyuanyl.fang.com/
Logger:2020-03-16 13:40:14.056301 https://129292.fang.com/
Logger:2020-03-16 13:40:14.341539 https://shidaiguangchanggh0510.fang.com/
Logger:2020-03-16 13:40:14.594908 https://wuzhouguojiguangchangqz.fang.com/
Logger:2020-03-16 13:40:15.072582 https://1293140510.fang.com/
Logger:2020-03-16 13:40:15.417660 https://caihongcheng0510.fang.com/
Logger:2020-03-16 13:40:15.674016 https://jlxgmzshgc0510.fang.com/
Logger:2020-03-16 13:40:19.521681 https://wuxi.newhouse.fang.com/house/s/b913/
Logger:2020-03-16 13:40:19.812902 https://cgxxtkjg.fang.com/
Logger:2020-03-16 13:40:20.104161 https://128496.fang.com/
Logger:2020-03-16 13:40:20.359482 https://hengshengkejiyuanwx.fang.com/
Logger:2020-03-16 13:40:20.652697 https://meiligudu.fang.com/
Logger:2020-03-16 13:40:21.725827 https://yushantiandi.fang.com/
Logger:2020-03-16 13:40:23.075175 https://129338.fang.com/
Logger:2020-03-16 13:40:23.401303 https://fenghuangcheng798jiequhr.fang.com/
Logger:2020-03-16 13:40:23.669620 https://yinhechengwzgjgc.fang.com/
Logger:2020-03-16 13:40:23.940859 https://128748.fang.com/
Logger:2020-03-16 13:40:24.264992 https://wanjianshangyegcwx.fang.com/
Logger:2020-03-16 13:40:24.525331 https://wenhuaguojihx.fang.com/
Logger:2020-03-16 13:40:24.893311 https://guojixiaoshangpinchengwz.fang.com/
Logger:2020-03-16 13:40:25.139683 https://jiulicang.fang.com/
Logger:2020-03-16 13:40:25.366082 https://xingzhoukejishangwuyuan.fang.com/
Logger:2020-03-16 13:40:26.769293 https://meiyuanhuanleshangyeguangchang.fang.com/
Logger:2020-03-16 13:40:27.555190 https://zggyblygysjzx.fang.com/
Logger:2020-03-16 13:40:27.868352 https://myswds.fang.com/
Logger:2020-03-16 13:40:28.114693 https://wuxihuanlehaiyangshijie.fang.com/
Logger:2020-03-16 13:40:28.350064 https://tianfuguangchang0510.fang.com/
Logger:2020-03-16 13:40:28.608372 https://shangwudashajy.fang.com/
Logger:2020-03-16 13:40:32.272571 https://wuxi.newhouse.fang.com/house/s/b914/
Logger:2020-03-16 13:40:32.501994 https://huipujinrongdashahc.fang.com/
Logger:2020-03-16 13:40:32.823129 https://shangwudashaty.fang.com/
Logger:2020-03-16 13:40:33.095407 https://128718.fang.com/
Logger:2020-03-16 13:40:33.315780 https://yataizhongxinsg.fang.com/office/
Logger:2020-03-16 13:40:33.552225 https://129366.fang.com/
Logger:2020-03-16 13:40:33.778541 https://dongfangtianjunqx.fang.com/
Logger:2020-03-16 13:40:34.237314 https://guanhulizhuwk.fang.com/
Logger:2020-03-16 13:40:35.816166 https://128896.fang.com/
Logger:2020-03-16 13:40:37.830702 https://xiangxieyipin0510.fang.com/
Logger:2020-03-16 13:40:38.120959 https://lihuaguangchangwx.fang.com/
Logger:2020-03-16 13:40:41.727278 https://wuxi.newhouse.fang.com/house/s/b915/
Logger:2020-03-16 13:40:45.238883 https://wuxi.newhouse.fang.com/house/s/b916/
Logger:2020-03-16 13:40:48.687700 https://wuxi.newhouse.fang.com/house/s/b917/
