Logger:2020-03-16 16:35:53.964255 https://wuzhong.newhouse.fang.com/house/s/b91/
Logger:2020-03-16 16:35:54.307611 https://huanghemingzhu.fang.com/
Logger:2020-03-16 16:35:57.677043 https://wzqsjy.fang.com/
Logger:2020-03-16 16:35:58.116926 https://wzxtmj.fang.com/
Logger:2020-03-16 16:35:58.587176 https://hcwlc.fang.com/
Logger:2020-03-16 16:35:59.020017 https://wzojmd1.fang.com/
Logger:2020-03-16 16:35:59.395389 https://hengdamingdu0953.fang.com/
Logger:2020-03-16 16:35:59.745510 https://yccshy.fang.com/
Logger:2020-03-16 16:36:02.698890 https://wuzhonghhwt.fang.com/
Logger:2020-03-16 16:36:03.061621 https://wuzhongsakq.fang.com/
Logger:2020-03-16 16:36:03.380276 https://jnxhjc.fang.com/
Logger:2020-03-16 16:36:03.804098 https://wzbgy2.fang.com/
Logger:2020-03-16 16:36:04.178660 https://hyflw.fang.com/
Logger:2020-03-16 16:36:04.514664 https://wuzhonglhjd.fang.com/
Logger:2020-03-16 16:36:04.961919 https://jnsadj.fang.com/
Logger:2020-03-16 16:36:05.307971 https://hcxfc.fang.com/
Logger:2020-03-16 16:36:05.683033 https://hefuxiaoqu.fang.com/
Logger:2020-03-16 16:36:06.048649 https://sqrjwuzhong.fang.com/
Logger:2020-03-16 16:36:06.459837 https://wzjayp.fang.com/
Logger:2020-03-16 16:36:06.797884 https://wzchw.fang.com/
Logger:2020-03-16 16:36:07.203809 https://wzssmd.fang.com/
Logger:2020-03-16 16:36:11.073953 https://wuzhong.newhouse.fang.com/house/s/b92/
Logger:2020-03-16 16:36:11.429911 https://lhtd.fang.com/
Logger:2020-03-16 16:36:11.846351 https://obsshc.fang.com/
Logger:2020-03-16 16:36:12.163464 https://wuzhongghmd.fang.com/
Logger:2020-03-16 16:36:17.388198 https://wzwunanhuating.fang.com/
Logger:2020-03-16 16:36:17.763232 https://wuzhongsnzy.fang.com/
Logger:2020-03-16 16:36:18.110742 https://wzylzy.fang.com/
Logger:2020-03-16 16:36:20.119730 https://wzhuyuanmingdi.fang.com/
Logger:2020-03-16 16:36:22.022804 https://wuzhongssjn.fang.com/
Logger:2020-03-16 16:36:22.355944 https://ywnxz.fang.com/
Logger:2020-03-16 16:36:22.691017 https://wzjlht.fang.com/
Logger:2020-03-16 16:36:23.041387 https://wzbsmz.fang.com/
Logger:2020-03-16 16:36:23.435710 https://wzygrx.fang.com/
Logger:2020-03-16 16:36:27.245308 https://wzxtmb.fang.com/
Logger:2020-03-16 16:36:27.531086 https://lwyhy.fang.com/
Logger:2020-03-16 16:36:30.252545 https://wzxiangtixiaozhen.fang.com/
Logger:2020-03-16 16:36:30.638506 https://wzbslt.fang.com/
Logger:2020-03-16 16:36:30.968624 https://jnxhgj.fang.com/
Logger:2020-03-16 16:36:31.295270 https://wzjamd.fang.com/
Logger:2020-03-16 16:36:31.566166 https://wzxrhf.fang.com/
Logger:2020-03-16 16:36:31.951709 https://sjywuzhong.fang.com/
Logger:2020-03-16 16:36:35.235031 https://wuzhong.newhouse.fang.com/house/s/b93/
Logger:2020-03-16 16:36:35.578138 https://lmygcwz.fang.com/
Logger:2020-03-16 16:36:35.888290 https://wzythf.fang.com/
Logger:2020-03-16 16:36:36.223357 https://wzjdc.fang.com/
Logger:2020-03-16 16:36:36.588925 https://lwyhlw.fang.com/
Logger:2020-03-16 16:36:40.258447 https://jfbhw.fang.com/
Logger:2020-03-16 16:36:40.604340 https://wzxfyh.fang.com/
Logger:2020-03-16 16:36:40.932493 https://jnfhsc.fang.com/
Logger:2020-03-16 16:36:44.590977 https://qtxhf.fang.com/
Logger:2020-03-16 16:36:44.983202 https://wuzhonglhhy.fang.com/
Logger:2020-03-16 16:36:45.328385 https://ojhywz.fang.com/
Logger:2020-03-16 16:36:45.673421 https://jnxhgjgg.fang.com/
Logger:2020-03-16 16:36:46.053405 https://wuzhongxxy.fang.com/
Logger:2020-03-16 16:36:46.376375 https://lwjiaheyuan.fang.com/
Logger:2020-03-16 16:36:47.293510 https://lwyxxh.fang.com/
Logger:2020-03-16 16:36:47.669493 https://thdzhwz021.fang.com/
Logger:2020-03-16 16:36:48.117433 https://qswxffy.fang.com/
Logger:2020-03-16 16:36:53.728319 https://lwsmlz.fang.com/
Logger:2020-03-16 16:36:54.037538 https://jacshy.fang.com/
Logger:2020-03-16 16:36:54.395056 https://wuzhongtjmd.fang.com/
Logger:2020-03-16 16:36:54.759113 https://hengchanggjgy.fang.com/
Logger:2020-03-16 16:36:58.078483 https://wuzhong.newhouse.fang.com/house/s/b94/
Logger:2020-03-16 16:36:58.409799 https://wzjysa.fang.com/
Logger:2020-03-16 16:36:58.809760 https://wzhtqsw.fang.com/
Logger:2020-03-16 16:37:01.492782 https://wuzhongtlqymd.fang.com/
Logger:2020-03-16 16:37:01.960531 https://lwsslz.fang.com/
Logger:2020-03-16 16:37:02.312158 https://lwsymy.fang.com/
Logger:2020-03-16 16:37:02.639590 https://lingwuldbtmd.fang.com/
Logger:2020-03-16 16:37:02.961702 https://lwtljy.fang.com/
Logger:2020-03-16 16:37:07.215608 https://wuzhong.newhouse.fang.com/house/s/b95/
Logger:2020-03-16 16:37:10.744880 https://wuzhong.newhouse.fang.com/house/s/b96/
Logger:2020-03-16 16:37:14.357707 https://wuzhong.newhouse.fang.com/house/s/b97/
