Logger:2020-03-16 01:31:50.067877 https://wuzhou.newhouse.fang.com/house/s/b91/
Logger:2020-03-16 01:31:50.270837 https://hengdalvzhouwz.fang.com/
Logger:2020-03-16 01:31:50.579345 https://balichuntiantj.fang.com/
Logger:2020-03-16 01:31:52.460795 https://fenghuangchewngbgy.fang.com/
Logger:2020-03-16 01:31:54.355816 https://tengxianbiguiyuan.fang.com/
Logger:2020-03-16 01:31:54.605757 https://guangyujinxiuhaoting2.fang.com/
Logger:2020-03-16 01:31:54.856393 https://zhangtaimeiguiyuan.fang.com/
Logger:2020-03-16 01:31:55.106398 https://huiyangxincheng.fang.com/
Logger:2020-03-16 01:31:55.324863 https://daduhui2.fang.com/
Logger:2020-03-16 01:31:55.574652 https://mingbangxuefukl.fang.com/
Logger:2020-03-16 01:31:55.855463 https://haojingyuecheng.fang.com/
Logger:2020-03-16 01:31:58.227367 https://wanxiangweiyena.fang.com/
Logger:2020-03-16 01:32:00.282571 https://zhongliangbishuiwan.fang.com/
Logger:2020-03-16 01:32:00.484928 https://lvdipuyuegongguan.fang.com/
Logger:2020-03-16 01:32:00.754472 https://hengdayangshenggu0774.fang.com/
Logger:2020-03-16 01:32:01.004523 https://bgyxjf.fang.com/
Logger:2020-03-16 01:32:01.223417 https://118216.fang.com/
Logger:2020-03-16 01:32:03.285410 https://xinjiantianchen.fang.com/
Logger:2020-03-16 01:32:03.566373 https://baoshengli0774.fang.com/
Logger:2020-03-16 01:32:03.800671 https://grxfl.fang.com/
Logger:2020-03-16 01:32:04.035310 https://fcaqh.fang.com/
Logger:2020-03-16 01:32:07.614915 https://wuzhou.newhouse.fang.com/house/s/b92/
Logger:2020-03-16 01:32:07.880741 https://liganghuafu.fang.com/
Logger:2020-03-16 01:32:08.145585 https://kaiyueshanzhuang0774.fang.com/
Logger:2020-03-16 01:32:08.395526 https://qianlongshijia0774.fang.com/
Logger:2020-03-16 01:32:10.447238 https://jinyuanshijia0774.fang.com/
Logger:2020-03-16 01:32:12.974577 https://cxbgycyyp.fang.com/
Logger:2020-03-16 01:32:13.239945 https://mengshanbiguiyuan.fang.com/
Logger:2020-03-16 01:32:13.474190 https://hdwjxc.fang.com/
Logger:2020-03-16 01:32:14.880827 https://gongyuanli0774.fang.com/
Logger:2020-03-16 01:32:15.114993 https://huihaogongguan.fang.com/
Logger:2020-03-16 01:32:15.958555 https://wuzhou.newhouse.fang.com/house/2912118078.htm
Logger:2020-03-16 01:32:16.176676 https://jiayangguoji.fang.com/
Logger:2020-03-16 01:32:16.410996 https://shanshuichenghd2.fang.com/
Logger:2020-03-16 01:32:17.917578 https://zhangtaicheng0774.fang.com/
Logger:2020-03-16 01:32:19.901126 https://binjiangxuefu0774.fang.com/
Logger:2020-03-16 01:32:20.151149 https://tianheguangchang0774.fang.com/
Logger:2020-03-16 01:32:20.401317 https://xuefuyihao0774.fang.com/
Logger:2020-03-16 01:32:20.635476 https://jywtyh.fang.com/
Logger:2020-03-16 01:32:22.397804 https://shenguanhaodu.fang.com/
Logger:2020-03-16 01:32:22.663618 https://wzshuianmingdu0774.fang.com/
Logger:2020-03-16 01:32:24.621921 https://yipinzunfu.fang.com/
Logger:2020-03-16 01:32:28.320009 https://wuzhou.newhouse.fang.com/house/s/b93/
Logger:2020-03-16 01:32:28.585554 https://klgyyh.fang.com/
Logger:2020-03-16 01:32:28.819953 https://minghucheng.fang.com/
Logger:2020-03-16 01:32:29.757154 https://msqhy.fang.com/
Logger:2020-03-16 01:32:30.757010 https://yujingtaiyd.fang.com/
Logger:2020-03-16 01:32:31.023035 https://wangchengshouxi.fang.com/
Logger:2020-03-16 01:32:31.256947 https://baligongguantj.fang.com/
Logger:2020-03-16 01:32:31.522361 https://qianlongtianxia0774.fang.com/
Logger:2020-03-16 01:32:31.772347 https://shanglongshangpinju.fang.com/
Logger:2020-03-16 01:32:33.699820 https://tengxianzhangtaicheng.fang.com/
Logger:2020-03-16 01:32:35.937855 https://rfqsw.fang.com/
Logger:2020-03-16 01:32:36.172239 https://shanshuihuijing.fang.com/
Logger:2020-03-16 01:32:37.889997 https://jilijuhc.fang.com/
Logger:2020-03-16 01:32:39.405263 https://jiangwanshuiyuntian.fang.com/
Logger:2020-03-16 01:32:39.702366 https://meiguicheghl.fang.com/
Logger:2020-03-16 01:32:39.936426 https://fushanju.fang.com/
Logger:2020-03-16 01:32:41.724133 https://jinshuiwanhc.fang.com/
Logger:2020-03-16 01:32:42.005333 https://cxbgy2.fang.com/
Logger:2020-03-16 01:32:44.125606 https://fengjingyuandz.fang.com/
Logger:2020-03-16 01:32:46.025291 https://sanqicheng.fang.com/
Logger:2020-03-16 01:32:46.259574 https://huiyangzhongyanggongyuan.fang.com/
Logger:2020-03-16 01:32:49.495629 https://wuzhou.newhouse.fang.com/house/s/b94/
Logger:2020-03-16 01:32:49.746243 https://jinyuancheng2.fang.com/
Logger:2020-03-16 01:32:49.995953 https://meidizhongyangguangchang.fang.com/
Logger:2020-03-16 01:32:50.245450 https://yipinzunfu2.fang.com/
Logger:2020-03-16 01:32:50.464068 https://jhbhw.fang.com/
Logger:2020-03-16 01:32:50.760872 https://jufuhuayuan0774.fang.com/
Logger:2020-03-16 01:32:51.011244 https://xjdyc2.fang.com/
Logger:2020-03-16 01:32:51.260840 https://longhushijicheng.fang.com/
Logger:2020-03-16 01:32:51.479490 https://taipingbiguiyuan.fang.com/
Logger:2020-03-16 01:32:51.729393 https://changdaoguoji.fang.com/
Logger:2020-03-16 01:32:52.052995 https://ayghdgg.fang.com/
Logger:2020-03-16 01:32:52.302706 https://hjdhy.fang.com/
Logger:2020-03-16 01:32:52.536997 https://chengjikongjianzhan0774.fang.com/
Logger:2020-03-16 01:32:52.786561 https://jingtonghaoting.fang.com/
Logger:2020-03-16 01:33:00.010019 https://hyxdc.fang.com/
Logger:2020-03-16 01:33:00.259308 https://fengyebanshanyipin.fang.com/
Logger:2020-03-16 01:33:00.509238 https://xinfucheng.fang.com/
Logger:2020-03-16 01:33:02.037511 https://wuzhou.newhouse.fang.com/house/2912118156.htm
Logger:2020-03-16 01:33:02.349945 https://caizixuefu.fang.com/
Logger:2020-03-16 01:33:04.490019 https://mhclyxz.fang.com/
Logger:2020-03-16 01:33:06.416998 https://longhudonganhaoting.fang.com/
Logger:2020-03-16 01:33:09.629726 https://wuzhou.newhouse.fang.com/house/s/b95/
Logger:2020-03-16 01:33:09.864047 https://shanhaiguanth.fang.com/
Logger:2020-03-16 01:33:10.129621 https://xinyuhuafu.fang.com/
Logger:2020-03-16 01:33:10.363928 https://tianheguihuchunxiao.fang.com/
Logger:2020-03-16 01:33:10.590383 https://chengtoudiwangguangchang.fang.com/
Logger:2020-03-16 01:33:10.903248 https://shenguanshanghuishanzhuang.fang.com/
Logger:2020-03-16 01:33:12.544404 https://zhongliangxijiangshoufu.fang.com/
Logger:2020-03-16 01:33:15.575417 https://jintaishangyeguangchang.fang.com/
Logger:2020-03-16 01:33:17.606213 https://baiyuewan0774.fang.com/
Logger:2020-03-16 01:33:17.871749 https://yulongwan0774.fang.com/
Logger:2020-03-16 01:33:19.771873 https://mingdouliyuan.fang.com/
Logger:2020-03-16 01:33:21.340087 https://yunshanmingju.fang.com/
Logger:2020-03-16 01:33:23.199022 https://liyuanhaoting.fang.com/
Logger:2020-03-16 01:33:23.418164 https://lcgjsnlj.fang.com/
Logger:2020-03-16 01:33:26.073382 https://haibaigongguan.fang.com/
Logger:2020-03-16 01:33:26.339512 https://xinjianguoji.fang.com/
Logger:2020-03-16 01:33:28.554018 https://lhdahf.fang.com/
Logger:2020-03-16 01:33:28.844248 https://huayuanchengsd.fang.com/
Logger:2020-03-16 01:33:30.266506 https://fudahuayuan2.fang.com/
Logger:2020-03-16 01:33:31.250558 https://yinhaihuayuan2.fang.com/
Logger:2020-03-16 01:33:34.889696 https://wuzhou.newhouse.fang.com/house/s/b96/
Logger:2020-03-16 01:33:38.333506 https://wuzhou.newhouse.fang.com/house/s/b97/
Logger:2020-03-16 01:33:41.785719 https://wuzhou.newhouse.fang.com/house/s/b98/
