Logger:2020-03-17 00:17:04.350837 https://wz.newhouse.fang.com/house/s/b91/
Logger:2020-03-17 00:17:04.613178 https://jsjmf.fang.com/
Logger:2020-03-17 00:17:04.875471 https://todguojixincheng.fang.com/
Logger:2020-03-17 00:17:05.216521 https://kdrcglyh.fang.com/
Logger:2020-03-17 00:17:05.524696 https://wkxhl.fang.com/
Logger:2020-03-17 00:17:05.799996 https://lgyjw0577.fang.com/
Logger:2020-03-17 00:17:06.057315 https://duofuaodi.fang.com/
Logger:2020-03-17 00:17:06.402387 https://longhutianju0577.fang.com/
Logger:2020-03-17 00:17:06.660659 https://bldgj0577.fang.com/
Logger:2020-03-17 00:17:06.921005 https://lhkhtj0577.fang.com/
Logger:2020-03-17 00:17:07.176310 https://baolongguangchang0577.fang.com/
Logger:2020-03-17 00:17:07.568280 https://hengdayuelanwan.fang.com/
Logger:2020-03-17 00:17:07.850474 https://yqzdc.fang.com/
Logger:2020-03-17 00:17:08.127733 https://ygylw.fang.com/
Logger:2020-03-17 00:17:08.408057 https://xszhongyangshangpin.fang.com/
Logger:2020-03-17 00:17:08.857816 https://kdrcxly.fang.com/
Logger:2020-03-17 00:17:09.124067 https://luchengwanxiangfu.fang.com/
Logger:2020-03-17 00:17:09.419321 https://gucuiyinxiu0577.fang.com/
Logger:2020-03-17 00:17:09.715515 https://wksjzg.fang.com/
Logger:2020-03-17 00:17:10.044648 https://ojjlh.fang.com/
Logger:2020-03-17 00:17:10.365780 https://zllczx.fang.com/
Logger:2020-03-17 00:17:14.287255 https://wz.newhouse.fang.com/house/s/b92/
Logger:2020-03-17 00:17:14.522667 https://xxwyjl.fang.com/
Logger:2020-03-17 00:17:14.796956 https://xinxiwangbailuwan.fang.com/
Logger:2020-03-17 00:17:15.049217 https://lczaj.fang.com/
Logger:2020-03-17 00:17:15.325480 https://wenzhouwankezhongxin.fang.com/
Logger:2020-03-17 00:17:15.576849 https://ghdfqsw.fang.com/
Logger:2020-03-17 00:17:15.878998 https://xiyueli.fang.com/
Logger:2020-03-17 00:17:18.798188 https://wzhqc.fang.com/
Logger:2020-03-17 00:17:19.107401 https://wkfcxh0577.fang.com/
Logger:2020-03-17 00:17:19.394635 https://duofulvchengcuihuli.fang.com/
Logger:2020-03-17 00:17:19.718767 https://hrzdjy.fang.com/
Logger:2020-03-17 00:17:19.961076 https://bjzllcyh.fang.com/
Logger:2020-03-17 00:17:20.195450 https://kdrcoydg.fang.com/
Logger:2020-03-17 00:17:23.118631 https://xueyuanshiyifeng.fang.com/
Logger:2020-03-17 00:17:23.428800 https://skzgxkwl.fang.com/
Logger:2020-03-17 00:17:27.620633 https://aerleixiaozhen.fang.com/
Logger:2020-03-17 00:17:27.873953 https://dafaduhuidaoyihao.fang.com/
Logger:2020-03-17 00:17:28.129227 https://hhdfrxyh.fang.com/
Logger:2020-03-17 00:17:28.424435 https://hongxingwenzhoutianbo.fang.com/
Logger:2020-03-17 00:17:29.021871 https://ruixiangtianyue.fang.com/
Logger:2020-03-17 00:17:29.528525 https://hyskcqsj.fang.com/
Logger:2020-03-17 00:17:33.113935 https://wz.newhouse.fang.com/house/s/b93/
Logger:2020-03-17 00:17:33.441057 https://ludaowanxiangtiandi.fang.com/
Logger:2020-03-17 00:17:33.738220 https://ghbyf.fang.com/
Logger:2020-03-17 00:17:33.995533 https://shimaocuicanshanhe.fang.com/
Logger:2020-03-17 00:17:34.252844 https://jinmaofu0577.fang.com/
Logger:2020-03-17 00:17:34.622854 https://dxdflhw.fang.com/
Logger:2020-03-17 00:17:34.874220 https://luchenyin.fang.com/
Logger:2020-03-17 00:17:35.129499 https://wzbgybjyh.fang.com/
Logger:2020-03-17 00:17:37.919080 https://duhuijiuzhu.fang.com/
Logger:2020-03-17 00:17:38.208264 https://wenzhouzhongxin.fang.com/
Logger:2020-03-17 00:17:38.435695 https://txbgy.fang.com/
Logger:2020-03-17 00:17:38.699947 https://weilaichengbgy.fang.com/
Logger:2020-03-17 00:17:38.979200 https://glbjw.fang.com/
Logger:2020-03-17 00:17:39.352202 https://hejingtianxi.fang.com/
Logger:2020-03-17 00:17:39.680367 https://guoruifu.fang.com/
Logger:2020-03-17 00:17:42.100849 https://duofulvcheng.fang.com/
Logger:2020-03-17 00:17:42.344224 https://zsdxbyw.fang.com/
Logger:2020-03-17 00:17:42.666372 https://yysjcz.fang.com/
Logger:2020-03-17 00:17:42.949579 https://zhongnanouhaiyinxiangbeifu.fang.com/
Logger:2020-03-17 00:17:45.105811 https://dxwsf.fang.com/
Logger:2020-03-17 00:17:45.351155 https://liticheng.fang.com/
Logger:2020-03-17 00:17:48.949529 https://wz.newhouse.fang.com/house/s/b94/
Logger:2020-03-17 00:17:52.411266 https://dexinwangchen0577.fang.com/
Logger:2020-03-17 00:17:52.686532 https://hrzdjylw.fang.com/
Logger:2020-03-17 00:17:52.920948 https://smbjyhw.fang.com/
Logger:2020-03-17 00:17:53.141353 https://qiaomaoguangchang.fang.com/
Logger:2020-03-17 00:17:53.469475 https://jindijinchengguangchang.fang.com/
Logger:2020-03-17 00:17:53.793612 https://wankezhongxin0577.fang.com/
Logger:2020-03-17 00:17:54.069874 https://binjianghuatingyq.fang.com/
Logger:2020-03-17 00:17:54.329180 https://bgyjlf.fang.com/
Logger:2020-03-17 00:17:54.640349 https://dxxhycf.fang.com/
Logger:2020-03-17 00:17:57.957431 https://cnhengdayihecheng.fang.com/
Logger:2020-03-17 00:17:58.236709 https://oujianggongyuanshangcheng.fang.com/
Logger:2020-03-17 00:17:58.491047 https://hhyhgg20577.fang.com/
Logger:2020-03-17 00:17:58.788208 https://fuliwzc.fang.com/
Logger:2020-03-17 00:17:59.068459 https://oujiangguojixincheng.fang.com/
Logger:2020-03-17 00:17:59.363712 https://ghjkyjw.fang.com/
Logger:2020-03-17 00:17:59.658882 https://hhygcfeiligongyuan.fang.com/
Logger:2020-03-17 00:17:59.988996 https://yg100qsw.fang.com/
Logger:2020-03-17 00:18:06.393904 https://sdbjsp.fang.com/
Logger:2020-03-17 00:18:06.651174 https://wanxiangzhiguang.fang.com/
Logger:2020-03-17 00:18:06.881558 https://jiangbinone.fang.com/
Logger:2020-03-17 00:18:10.496934 https://wz.newhouse.fang.com/house/s/b95/
Logger:2020-03-17 00:18:12.225262 https://shimaocuicanshijia.fang.com/
Logger:2020-03-17 00:18:12.464621 https://hdqinheyayuan.fang.com/
Logger:2020-03-17 00:18:12.725922 https://shiliuyulanwan.fang.com/
Logger:2020-03-17 00:18:12.997241 https://zlrxbyw.fang.com/
Logger:2020-03-17 00:18:15.658114 https://dxygcflyd.fang.com/
Logger:2020-03-17 00:18:15.901428 https://wzlixiangzhicheng.fang.com/
Logger:2020-03-17 00:18:17.263829 https://kakaxiaoyue.fang.com/
Logger:2020-03-17 00:18:17.490177 https://zlxhgbf.fang.com/
Logger:2020-03-17 00:18:17.795403 https://junchengfudxygc.fang.com/
Logger:2020-03-17 00:18:20.224861 https://zntjdf.fang.com/
Logger:2020-03-17 00:18:20.525129 https://lcfqym.fang.com/
Logger:2020-03-17 00:18:20.772398 https://junyue339.fang.com/
Logger:2020-03-17 00:18:21.069602 https://jinsexiaozhen.fang.com/
Logger:2020-03-17 00:18:21.320930 https://yinlunshoufu.fang.com/
Logger:2020-03-17 00:18:21.575249 https://ouhaiyipin.fang.com/
Logger:2020-03-17 00:18:21.835589 https://wenzhouxinchengwuyueguangchang.fang.com/
Logger:2020-03-17 00:18:22.139785 https://xlhpy0577.fang.com/
Logger:2020-03-17 00:18:22.427002 https://dfaycy.fang.com/
Logger:2020-03-17 00:18:22.667328 https://xthjy.fang.com/
Logger:2020-03-17 00:18:22.909680 https://tongxixiangshu.fang.com/
Logger:2020-03-17 00:18:26.173947 https://wz.newhouse.fang.com/house/s/b96/
Logger:2020-03-17 00:18:26.473147 https://daduhuizl.fang.com/
Logger:2020-03-17 00:18:27.617087 https://xinchengyjgj.fang.com/
Logger:2020-03-17 00:18:27.869411 https://tyyhy0577.fang.com/
Logger:2020-03-17 00:18:28.164663 https://haiyueqingfeng.fang.com/
Logger:2020-03-17 00:18:28.394009 https://kaidaguojicheng2.fang.com/
Logger:2020-03-17 00:18:28.641388 https://lingxixinouxiaoweiyuan.fang.com/
Logger:2020-03-17 00:18:28.874764 https://pyblsj.fang.com/
Logger:2020-03-17 00:18:29.119104 https://ghjyf0577.fang.com/
Logger:2020-03-17 00:18:29.434267 https://xcjyf0577.fang.com/
Logger:2020-03-17 00:18:35.957774 https://raraf.fang.com/
Logger:2020-03-17 00:18:39.198148 https://hhdjyhsp.fang.com/
Logger:2020-03-17 00:18:39.451427 https://ghwz1h.fang.com/
Logger:2020-03-17 00:18:39.739694 https://ghdhw.fang.com/
Logger:2020-03-17 00:18:41.955760 https://wtjyw.fang.com/
Logger:2020-03-17 00:18:42.205093 https://zhixinhongrunhaishangchuanqi.fang.com/
Logger:2020-03-17 00:18:44.340396 https://xhzxgc.fang.com/
Logger:2020-03-17 00:18:44.625655 https://zhongliangduhuizhongxin.fang.com/
Logger:2020-03-17 00:18:44.870930 https://chengshiketing.fang.com/
Logger:2020-03-17 00:18:45.124288 https://ojkxsdgc.fang.com/
Logger:2020-03-17 00:18:46.129563 https://yhyzl.fang.com/
Logger:2020-03-17 00:18:49.755862 https://wz.newhouse.fang.com/house/s/b97/
Logger:2020-03-17 00:18:50.582651 https://lcdqxz.fang.com/
Logger:2020-03-17 00:18:52.510557 https://hhzlgyf.fang.com/
Logger:2020-03-17 00:18:54.740564 https://yuefuhd.fang.com/
Logger:2020-03-17 00:18:55.033743 https://aotihuafu.fang.com/
Logger:2020-03-17 00:18:56.813022 https://yongjiazhongliangyihaoyuan.fang.com/
Logger:2020-03-17 00:18:57.053386 https://ajdcjt.fang.com/
Logger:2020-03-17 00:18:57.291702 https://zdsdm.fang.com/
Logger:2020-03-17 00:18:57.595963 https://nantangxintiandi.fang.com/
Logger:2020-03-17 00:18:57.849211 https://wanjuntaoshanfu.fang.com/
Logger:2020-03-17 00:18:58.105563 https://jiangshanyi.fang.com/
Logger:2020-03-17 00:18:58.394828 https://stzlsf.fang.com/
Logger:2020-03-17 00:18:59.541726 https://sjltchjt.fang.com/
Logger:2020-03-17 00:19:06.642718 https://zlzhy.fang.com/
Logger:2020-03-17 00:19:06.884043 https://caifuguangchangyc.fang.com/
Logger:2020-03-17 00:19:07.116461 https://bjsfxh.fang.com/
Logger:2020-03-17 00:19:09.082160 https://hdtianyuanguangchang.fang.com/
Logger:2020-03-17 00:19:09.383385 https://biguiyuanjiushengfu.fang.com/
Logger:2020-03-17 00:19:09.651675 https://wenzhoulvchengliuxiangyuan.fang.com/
Logger:2020-03-17 00:19:09.872048 https://wzbinjiangwanjiahuacheng.fang.com/
Logger:2020-03-17 00:19:10.130392 https://ygcyujinggongguan.fang.com/
Logger:2020-03-17 00:19:13.809557 https://wz.newhouse.fang.com/house/s/b98/
Logger:2020-03-17 00:19:15.161897 https://lhhdcjtx.fang.com/
Logger:2020-03-17 00:19:15.464130 https://znohy.fang.com/
Logger:2020-03-17 00:19:15.696466 https://dexinlanguangfeiliwan.fang.com/
Logger:2020-03-17 00:19:16.019644 https://hdplw.fang.com/
Logger:2020-03-17 00:19:18.689510 https://zldxfh.fang.com/
Logger:2020-03-17 00:19:18.915884 https://cnzlxdh.fang.com/
Logger:2020-03-17 00:19:19.164227 https://pyhhzyys.fang.com/
Logger:2020-03-17 00:19:19.480399 https://jdyhsf.fang.com/
Logger:2020-03-17 00:19:19.724689 https://aojiangshoufuhd.fang.com/
Logger:2020-03-17 00:19:19.945101 https://yangguangshuian0577.fang.com/
Logger:2020-03-17 00:19:20.182465 https://niushanguoji.fang.com/
Logger:2020-03-17 00:19:20.431799 https://daduhuilt.fang.com/
Logger:2020-03-17 00:19:20.705108 https://cnwsgc.fang.com/
Logger:2020-03-17 00:19:20.960423 https://hhxxl.fang.com/
Logger:2020-03-17 00:19:21.211712 https://huahongzhizaoxincheng.fang.com/
Logger:2020-03-17 00:19:21.468057 https://zxyqw.fang.com/
Logger:2020-03-17 00:19:21.752267 https://jiuxihefu.fang.com/
Logger:2020-03-17 00:19:21.991668 https://tygyxf.fang.com/
Logger:2020-03-17 00:19:24.800114 https://sjltcljg.fang.com/
Logger:2020-03-17 00:19:25.042495 https://drjdjy.fang.com/
Logger:2020-03-17 00:19:28.659787 https://wz.newhouse.fang.com/house/s/b99/
Logger:2020-03-17 00:19:28.949015 https://cfcsgc.fang.com/
Logger:2020-03-17 00:19:31.204978 https://sljnmd.fang.com/
Logger:2020-03-17 00:19:31.466321 https://jkjmbd.fang.com/
Logger:2020-03-17 00:19:31.726622 https://cnjlf.fang.com/
Logger:2020-03-17 00:19:32.009867 https://yonglinyihao.fang.com/
Logger:2020-03-17 00:19:32.247192 https://chunfengnanxi.fang.com/
Logger:2020-03-17 00:19:32.510487 https://zljhmd.fang.com/
Logger:2020-03-17 00:19:32.754834 https://yuelongfu0577.fang.com/
Logger:2020-03-17 00:19:33.030129 https://yqyhy.fang.com/
Logger:2020-03-17 00:19:33.267462 https://cnssmm.fang.com/
Logger:2020-03-17 00:19:33.507856 https://fulizygy.fang.com/
Logger:2020-03-17 00:19:33.759179 https://hengdabojinwan.fang.com/
Logger:2020-03-17 00:19:34.044424 https://yqhuahongwanshu.fang.com/
Logger:2020-03-17 00:19:34.302734 https://ldylw0577.fang.com/
Logger:2020-03-17 00:19:34.520136 https://duhuisenlin.fang.com/
Logger:2020-03-17 00:19:34.744510 https://yinhezhongyanggongyuan.fang.com/
Logger:2020-03-17 00:19:34.971904 https://binjiangdayuan.fang.com/
Logger:2020-03-17 00:19:35.256146 https://pyhdwf.fang.com/
Logger:2020-03-17 00:19:35.513488 https://guobinfuxhzl.fang.com/
Logger:2020-03-17 00:19:35.762785 https://yueqinghudieguangchang.fang.com/
Logger:2020-03-17 00:19:38.977187 https://wz.newhouse.fang.com/house/s/b910/
Logger:2020-03-17 00:19:41.676964 https://jiayuanlaxtd.fang.com/
Logger:2020-03-17 00:19:41.913333 https://zlhdsfyh.fang.com/
Logger:2020-03-17 00:19:42.153727 https://xhjyf0577.fang.com/
Logger:2020-03-17 00:19:43.645740 https://zhongliangjingyuan.fang.com/
Logger:2020-03-17 00:19:43.936988 https://hdxlylt.fang.com/
Logger:2020-03-17 00:19:45.792989 https://jdjnfh.fang.com/
Logger:2020-03-17 00:19:46.022372 https://hycyy.fang.com/
Logger:2020-03-17 00:19:49.658614 https://yueqingdongchaofu.fang.com/
Logger:2020-03-17 00:19:52.099084 https://dxcgjsmzx.fang.com/
Logger:2020-03-17 00:19:54.524595 https://zhixingongyecheng.fang.com/
Logger:2020-03-17 00:19:54.768981 https://lgjyjl.fang.com/
Logger:2020-03-17 00:19:55.004348 https://dfsmgc.fang.com/
Logger:2020-03-17 00:19:55.360396 https://zlsjyh.fang.com/
Logger:2020-03-17 00:19:55.690518 https://yrdayueli.fang.com/
Logger:2020-03-17 00:19:58.070116 https://xjxtd.fang.com/
Logger:2020-03-17 00:19:59.935163 https://jinchengguangchang0577.fang.com/
Logger:2020-03-17 00:20:00.179502 https://zhannanshangmaochengwz.fang.com/
Logger:2020-03-17 00:20:00.488678 https://hjhyzx.fang.com/
Logger:2020-03-17 00:20:00.734982 https://yiheyuanzhujq.fang.com/
Logger:2020-03-17 00:20:03.784859 https://xiangshengruicheng.fang.com/
Logger:2020-03-17 00:20:07.037122 https://wz.newhouse.fang.com/house/s/b911/
Logger:2020-03-17 00:20:07.366276 https://rcfchac.fang.com/
Logger:2020-03-17 00:20:09.948333 https://duhuichuanqi.fang.com/
Logger:2020-03-17 00:20:10.209635 https://hdczf.fang.com/
Logger:2020-03-17 00:20:10.472931 https://ruijinyuan.fang.com/
Logger:2020-03-17 00:20:10.759229 https://nsgbf.fang.com/
Logger:2020-03-17 00:20:10.993557 https://yulanhuayuanlqlc.fang.com/
Logger:2020-03-17 00:20:11.237884 https://hdzcxfyh.fang.com/
Logger:2020-03-17 00:20:14.071304 https://yqzlsf.fang.com/
Logger:2020-03-17 00:20:16.453973 https://zhongxijinyuan.fang.com/
Logger:2020-03-17 00:20:16.686352 https://fhyhyhd.fang.com/
Logger:2020-03-17 00:20:16.944621 https://raxhdcf.fang.com/
Logger:2020-03-17 00:20:17.197940 https://huanqiuwaitanzn.fang.com/
Logger:2020-03-17 00:20:17.486211 https://tysxmd.fang.com/
Logger:2020-03-17 00:20:17.715556 https://taihuyihao.fang.com/
Logger:2020-03-17 00:20:17.940996 https://zhixinyangfushanlitigongyuan.fang.com/
Logger:2020-03-17 00:20:18.275060 https://lvdihaiwan0577.fang.com/
Logger:2020-03-17 00:20:21.545358 https://qcwty.fang.com/
Logger:2020-03-17 00:20:24.138417 https://nanxiyl.fang.com/
Logger:2020-03-17 00:20:25.981443 https://razrgc.fang.com/
Logger:2020-03-17 00:20:26.223794 https://lcwztlcf.fang.com/
Logger:2020-03-17 00:20:30.995030 https://wz.newhouse.fang.com/house/s/b912/
Logger:2020-03-17 00:20:31.269361 https://huadongcsgc.fang.com/
Logger:2020-03-17 00:20:32.600735 https://hycyy2.fang.com/
Logger:2020-03-17 00:20:32.843117 https://hhznojxtd.fang.com/
Logger:2020-03-17 00:20:35.275623 https://hdths.fang.com/
Logger:2020-03-17 00:20:35.566842 https://hdyipinguojiyq.fang.com/
Logger:2020-03-17 00:20:36.859380 https://yqshidaijinyuefu.fang.com/
Logger:2020-03-17 00:20:37.094756 https://zhongnanshoufu.fang.com/
Logger:2020-03-17 00:20:39.073458 https://wz.newhouse.fang.com/house/2012201230.htm
Logger:2020-03-17 00:20:41.586742 https://banshanbandao0577.fang.com/
Logger:2020-03-17 00:20:41.846003 https://dthjhy.fang.com/
Logger:2020-03-17 00:20:42.070421 https://hrwtcq.fang.com/
Logger:2020-03-17 00:20:44.126901 https://jiahuaxianghujun.fang.com/
Logger:2020-03-17 00:20:44.353336 https://hongxishanzhuang0577.fang.com/
Logger:2020-03-17 00:20:44.637587 https://jhjinlinfu.fang.com/
Logger:2020-03-17 00:20:44.871962 https://tianebaoxiaozhen.fang.com/
Logger:2020-03-17 00:20:46.905510 https://jhams.fang.com/
Logger:2020-03-17 00:20:47.152825 https://fhslhh.fang.com/
Logger:2020-03-17 00:20:47.445067 https://grjngg.fang.com/
Logger:2020-03-17 00:20:47.751205 https://zsgjc.fang.com/
Logger:2020-03-17 00:20:49.764819 https://wzdddysyj.fang.com/
Logger:2020-03-17 00:20:52.989238 https://wz.newhouse.fang.com/house/s/b913/
Logger:2020-03-17 00:20:53.254483 https://donghaihuating0577.fang.com/
Logger:2020-03-17 00:20:53.546702 https://wzgjjdc.fang.com/
Logger:2020-03-17 00:20:55.609227 https://zgjwjzdsmc.fang.com/
Logger:2020-03-17 00:20:57.730535 https://wzgjsmc0577.fang.com/
Logger:2020-03-17 00:20:57.993805 https://mdsyzx.fang.com/
Logger:2020-03-17 00:20:58.262131 https://renminyipinhuayuan.fang.com/
Logger:2020-03-17 00:20:58.545393 https://sjltcljt.fang.com/
Logger:2020-03-17 00:20:58.801643 https://hdwcyhy.fang.com/
Logger:2020-03-17 00:20:59.058955 https://lzyatls.fang.com/
Logger:2020-03-17 00:21:02.334194 https://sxgbf.fang.com/
Logger:2020-03-17 00:21:02.588558 https://haochengshuian.fang.com/
Logger:2020-03-17 00:21:02.839872 https://biguiyuanhangzhouwan.fang.com/
Logger:2020-03-17 00:21:03.079240 https://nanhongguangchang.fang.com/
Logger:2020-03-17 00:21:03.362483 https://binjiangchengshiguangchang.fang.com/
Logger:2020-03-17 00:21:03.625781 https://zlyssdgc.fang.com/
Logger:2020-03-17 00:21:03.843203 https://xinyueguangchang0577.fang.com/
Logger:2020-03-17 00:21:05.348131 https://zgxxxgjsmzx.fang.com/
Logger:2020-03-17 00:21:07.558261 https://djtyrhfd.fang.com/
Logger:2020-03-17 00:21:09.911921 https://baijiaguangchang.fang.com/
Logger:2020-03-17 00:21:10.140345 https://wzjxgjzpdsj.fang.com/
Logger:2020-03-17 00:21:13.707809 https://wz.newhouse.fang.com/house/s/b914/
Logger:2020-03-17 00:21:14.001046 https://osctsygc.fang.com/
Logger:2020-03-17 00:21:14.272299 https://yuyaomanyuewan.fang.com/
Logger:2020-03-17 00:21:17.315160 https://dongtouhuahongzhizaoxincheng.fang.com/
Logger:2020-03-17 00:21:20.451780 https://glywgjsmc.fang.com/
Logger:2020-03-17 00:21:20.690088 https://hxmls.fang.com/
Logger:2020-03-17 00:21:20.911496 https://sjqrafzc.fang.com/
Logger:2020-03-17 00:21:21.205709 https://wenzhouhuacheng.fang.com/
Logger:2020-03-17 00:21:24.576691 https://lgzysyj.fang.com/
Logger:2020-03-17 00:21:26.694027 https://jxdfgfxz0577.fang.com/
Logger:2020-03-17 00:21:29.773788 https://litichengheizhenzhu.fang.com/
Logger:2020-03-17 00:21:31.545089 https://zojsyf0577.fang.com/
Logger:2020-03-17 00:21:31.802362 https://huachenyipin.fang.com/
Logger:2020-03-17 00:21:32.054744 https://xinchengchawenhuachengtsx.fang.com/
Logger:2020-03-17 00:21:35.570281 https://wz.newhouse.fang.com/house/s/b915/
Logger:2020-03-17 00:21:39.237514 https://wz.newhouse.fang.com/house/s/b916/
Logger:2020-03-17 00:21:42.871749 https://wz.newhouse.fang.com/house/s/b917/
