Logger:2020-03-16 17:03:39.764592 https://xam.newhouse.fang.com/house/s/b91/
Logger:2020-03-16 17:03:40.147806 https://gaiyahuayuan.fang.com/
Logger:2020-03-16 17:03:40.543770 https://bgy0482.fang.com/
Logger:2020-03-16 17:03:51.832792 [erro]&&&https://mjjyht.fang.com/
Logger:2020-03-16 17:04:02.872781 [erro]&&&https://yangguangjiayuan0482.fang.com/
Logger:2020-03-16 17:04:04.031445 https://jingyihuayuan0482.fang.com/
Logger:2020-03-16 17:04:04.339785 https://chengshizhixingzh.fang.com/
Logger:2020-03-16 17:04:05.671602 https://junyuehaotingxam.fang.com/
Logger:2020-03-16 17:04:10.520887 https://rdsjjy.fang.com/
Logger:2020-03-16 17:04:12.507833 https://sfsjdc.fang.com/
Logger:2020-03-16 17:04:16.253996 https://hengdalvzhouwlht.fang.com/
Logger:2020-03-16 17:04:16.565257 https://yililingxiu.fang.com/
Logger:2020-03-16 17:04:16.931913 https://jinxiuhuayuan0482.fang.com/
Logger:2020-03-16 17:04:20.270463 https://shengshixincheng0482.fang.com/
Logger:2020-03-16 17:04:20.624565 https://ldcc.fang.com/
Logger:2020-03-16 17:04:22.490551 https://slhysq.fang.com/
Logger:2020-03-16 17:04:24.860212 https://cfsdgc0482.fang.com/
Logger:2020-03-16 17:04:30.853891 https://lzxc0482.fang.com/
Logger:2020-03-16 17:04:33.752565 https://aerishanshiquanchengmeijingzhongxinshangyejie.fang.com/
Logger:2020-03-16 17:04:35.983017 https://yuxinguoji.fang.com/
Logger:2020-03-16 17:04:36.331091 https://boshiyuan0482.fang.com/
Logger:2020-03-16 17:04:41.668773 https://xam.newhouse.fang.com/house/s/b92/
Logger:2020-03-16 17:04:43.656405 https://hcgjjy.fang.com/
Logger:2020-03-16 17:04:44.723449 https://jsrdjy.fang.com/
Logger:2020-03-16 17:04:45.060548 https://fjyyh.fang.com/
Logger:2020-03-16 17:04:45.428526 https://xfhy0482.fang.com/
Logger:2020-03-16 17:04:45.757130 https://mgmhy.fang.com/
Logger:2020-03-16 17:04:47.274653 https://jinchixincheng.fang.com/
Logger:2020-03-16 17:04:48.641040 https://mjsjgc0482.fang.com/
Logger:2020-03-16 17:04:53.420469 https://dulinhuayuan.fang.com/
Logger:2020-03-16 17:04:55.483024 https://xihuayuan0482.fang.com/
Logger:2020-03-16 17:04:57.381984 https://whsjc0482.fang.com/
Logger:2020-03-16 17:04:59.473075 https://zjqmc.fang.com/
Logger:2020-03-16 17:05:02.820671 https://xingheguoji0482.fang.com/
Logger:2020-03-16 17:05:04.910576 https://shengyidichan.fang.com/
Logger:2020-03-16 17:05:08.640101 https://jzsdgc.fang.com/
Logger:2020-03-16 17:05:10.392063 https://tongzehuayuan.fang.com/
Logger:2020-03-16 17:05:13.992569 https://xam.newhouse.fang.com/house/s/b93/
Logger:2020-03-16 17:05:17.433550 https://xam.newhouse.fang.com/house/s/b94/
Logger:2020-03-16 17:05:21.030221 https://xam.newhouse.fang.com/house/s/b95/
