Logger:2020-03-16 11:59:00.288754 https://xiangxi.newhouse.fang.com/house/s/b91/
Logger:2020-03-16 11:59:00.595933 https://chengxinyujingyuan.fang.com/
Logger:2020-03-16 11:59:00.880172 https://wenfenghaoting.fang.com/
Logger:2020-03-16 11:59:01.162417 https://zctlcf.fang.com/
Logger:2020-03-16 11:59:01.425776 https://rongjiangxuefu.fang.com/
Logger:2020-03-16 11:59:01.692997 https://biguiyuanzygy.fang.com/
Logger:2020-03-16 11:59:02.016133 https://caixinshangpu.fang.com/
Logger:2020-03-16 11:59:02.273445 https://laodie.fang.com/shop/
Logger:2020-03-16 11:59:02.541727 https://zhuangyuanshoufu.fang.com/
Logger:2020-03-16 11:59:02.813105 https://yuxiangshanra01.fang.com/
Logger:2020-03-16 11:59:03.108250 https://shengshihaoting0743.fang.com/3/
Logger:2020-03-16 11:59:03.373501 https://jidahanxincheng.fang.com/
Logger:2020-03-16 11:59:03.640824 https://hmjimengtianxia.fang.com/
Logger:2020-03-16 11:59:03.940017 https://hdyltf0743.fang.com/
Logger:2020-03-16 11:59:04.260169 https://mingmenjiangshan.fang.com/
Logger:2020-03-16 11:59:04.495501 https://jinleifenghuangshan.fang.com/
Logger:2020-03-16 11:59:04.783730 https://biguiyuan0743.fang.com/
Logger:2020-03-16 11:59:05.078981 https://huashangguojicheng.fang.com/
Logger:2020-03-16 11:59:05.402112 https://aqhcsgc.fang.com/
Logger:2020-03-16 11:59:05.690304 https://guoshengshangyeguangchang.fang.com/
Logger:2020-03-16 11:59:05.962576 https://rebalagongyu.fang.com/
Logger:2020-03-16 11:59:09.223894 https://xiangxi.newhouse.fang.com/house/s/b92/
Logger:2020-03-16 11:59:09.495126 https://tianyuejinjie.fang.com/
Logger:2020-03-16 11:59:09.758464 https://wulingshuxiangyuan.fang.com/
Logger:2020-03-16 11:59:10.028742 https://ruixiangjiayuan0743.fang.com/
Logger:2020-03-16 11:59:10.324949 https://fengtiangshangyejiefh.fang.com/shop/
Logger:2020-03-16 11:59:10.628095 https://fenghuangshijicheng.fang.com/
Logger:2020-03-16 11:59:10.935347 https://jiangshanyihao.fang.com/
Logger:2020-03-16 11:59:11.231480 https://yililongcheng.fang.com/
Logger:2020-03-16 11:59:11.504798 https://jinxiuxiangjiang0743.fang.com/
Logger:2020-03-16 11:59:11.805986 https://1fenghuangnanhuali.fang.com/
Logger:2020-03-16 11:59:13.654042 https://jsyxgjsmc.fang.com/
Logger:2020-03-16 11:59:13.908319 https://guoshengshangpu.fang.com/
Logger:2020-03-16 11:59:14.131722 https://juranzhijiaguoshengdian.fang.com/
Logger:2020-03-16 11:59:14.384047 https://chengxinhuafu.fang.com/
Logger:2020-03-16 11:59:14.673317 https://hongjinguojicheng.fang.com/
Logger:2020-03-16 11:59:14.913630 https://henghualanyue.fang.com/
Logger:2020-03-16 11:59:15.324560 https://xinchenghuayuan0743.fang.com/
Logger:2020-03-16 11:59:15.599794 https://yulongjiangshan.fang.com/
Logger:2020-03-16 11:59:15.938929 https://xuefumingcheng0743.fang.com/
Logger:2020-03-16 11:59:16.211202 https://binjiangxincheng0743.fang.com/
Logger:2020-03-16 11:59:16.578215 https://qzgcxxmj.fang.com/
Logger:2020-03-16 11:59:20.274321 https://xiangxi.newhouse.fang.com/house/s/b93/
Logger:2020-03-16 11:59:20.519633 https://bjjinxiumingcheng.fang.com/
Logger:2020-03-16 11:59:20.855734 https://hhywgg.fang.com/
Logger:2020-03-16 11:59:21.125062 https://hongdaguangchang0743.fang.com/newhouse/
Logger:2020-03-16 11:59:21.389349 https://fenghuangxinshikong.fang.com/
Logger:2020-03-16 11:59:21.660581 https://xylyswhc.fang.com/
Logger:2020-03-16 11:59:21.988748 https://baojingxileguangchang.fang.com/
Logger:2020-03-16 11:59:22.388675 https://hanlinyujiangdijing.fang.com/
Logger:2020-03-16 11:59:22.666889 https://ztzysjsstlc.fang.com/
Logger:2020-03-16 11:59:22.958155 https://kjylw.fang.com/
Logger:2020-03-16 11:59:23.303230 https://jinyulongwanzq.fang.com/
Logger:2020-03-16 11:59:23.573463 https://bianchengfanhuali.fang.com/
Logger:2020-03-16 11:59:23.840823 https://zjzxjrjd.fang.com/
Logger:2020-03-16 11:59:24.114017 https://taifengzhongyangguangchang.fang.com/
Logger:2020-03-16 11:59:24.421234 https://taifengzhongyangguangchangshangpu.fang.com/
Logger:2020-03-16 11:59:24.674518 https://ejtxhxmkl.fang.com/
Logger:2020-03-16 11:59:24.941803 https://meishijieguangchang.fang.com/shop/
Logger:2020-03-16 11:59:25.213103 https://jssdgc0743.fang.com/
Logger:2020-03-16 11:59:25.460461 https://hongjincaimanjie.fang.com/
Logger:2020-03-16 11:59:25.772609 https://hongdaguangchang0743.fang.com/
Logger:2020-03-16 11:59:29.413878 https://xiangxi.newhouse.fang.com/house/s/b94/
Logger:2020-03-16 11:59:32.975312 https://xiangxi.newhouse.fang.com/house/s/b95/
Logger:2020-03-16 11:59:36.565707 https://xiangxi.newhouse.fang.com/house/s/b96/
