Logger:2020-03-16 11:22:41.737245 https://xianning.newhouse.fang.com/house/s/b91/
Logger:2020-03-16 11:22:42.019947 https://huangtingguandi0715.fang.com/?from=xflist_xfgg
Logger:2020-03-16 11:22:43.647232 https://yashilinrongfu2.fang.com/
Logger:2020-03-16 11:22:43.920855 https://lvdixncjkjz.fang.com/
Logger:2020-03-16 11:22:44.269857 https://lvdiziwan.fang.com/
Logger:2020-03-16 11:22:44.556106 https://yashiling0715.fang.com/
Logger:2020-03-16 11:22:44.874840 https://hengdamingdu0715.fang.com/
Logger:2020-03-16 11:22:45.202887 https://fuxingchengjinyuefu.fang.com/
Logger:2020-03-16 11:22:45.519114 https://qinghuacheng0715.fang.com/
Logger:2020-03-16 11:22:45.788787 https://pengchengxinduhui.fang.com/
Logger:2020-03-16 11:22:46.146059 https://wenquanchengbgy.fang.com/
Logger:2020-03-16 11:22:46.507997 https://zhongyangchengsanqi.fang.com/
Logger:2020-03-16 11:22:47.664265 https://changjianghuayuan0715.fang.com/
Logger:2020-03-16 11:22:47.947700 https://jiataihaoting.fang.com/
Logger:2020-03-16 11:22:50.581732 https://panshanlinyu0715.fang.com/
Logger:2020-03-16 11:22:50.878132 https://jinseshuian0715.fang.com/
Logger:2020-03-16 11:22:52.174546 https://yongjingxincheng0715.fang.com/
Logger:2020-03-16 11:22:52.455730 https://guojichengtf.fang.com/
Logger:2020-03-16 11:22:52.768157 https://xtdwz.fang.com/
Logger:2020-03-16 11:22:53.092694 https://xinlingdi0715.fang.com/
Logger:2020-03-16 11:22:53.373839 https://wenquanxiangjun.fang.com/
Logger:2020-03-16 11:22:56.986758 https://xianning.newhouse.fang.com/house/s/b92/
Logger:2020-03-16 11:22:57.535278 https://zhongjianxianningzhixing.fang.com/
Logger:2020-03-16 11:23:00.973828 https://biguiyuanqianyuewan.fang.com/
Logger:2020-03-16 11:23:01.254016 https://fhccb.fang.com/
Logger:2020-03-16 11:23:01.535102 https://sainahepan20715.fang.com/
Logger:2020-03-16 11:23:01.847905 https://lqhtxn.fang.com/
Logger:2020-03-16 11:23:02.238242 https://lvzhouwan0715.fang.com/
Logger:2020-03-16 11:23:02.519443 https://bishuiyungu.fang.com/
Logger:2020-03-16 11:23:02.800566 https://ssfcc.fang.com/
Logger:2020-03-16 11:23:03.122147 https://shuixiehuadu0715.fang.com/2/
Logger:2020-03-16 11:23:03.386093 https://haidegongguan.fang.com/
Logger:2020-03-16 11:23:03.686753 https://sxhdcxs.fang.com/
Logger:2020-03-16 11:23:03.969259 https://chibiwaitan.fang.com/
Logger:2020-03-16 11:23:04.268884 https://shanhequan.fang.com/
Logger:2020-03-16 11:23:04.585010 https://lswqxz.fang.com/
Logger:2020-03-16 11:23:04.865092 https://jxxcys.fang.com/
Logger:2020-03-16 11:23:05.161858 https://chibibeibiguiyuan.fang.com/
Logger:2020-03-16 11:23:05.461144 https://704342.fang.com/
Logger:2020-03-16 11:23:05.768756 https://jieliyalongxidiegu.fang.com/
Logger:2020-03-16 11:23:07.648133 https://jhsjc0715.fang.com/
Logger:2020-03-16 11:23:09.223765 https://jiuchongjinlanyuegongguan.fang.com/
Logger:2020-03-16 11:23:12.947887 https://xianning.newhouse.fang.com/house/s/b93/
Logger:2020-03-16 11:23:13.265134 https://biguiyuanfcw.fang.com/
Logger:2020-03-16 11:23:13.538916 https://bojingongguan0715.fang.com/
Logger:2020-03-16 11:23:13.808196 https://tonghuishanghecheng.fang.com/
Logger:2020-03-16 11:23:14.042747 https://shifengyuefu.fang.com/
Logger:2020-03-16 11:23:14.359570 https://shiliutanxiangtijun.fang.com/
Logger:2020-03-16 11:23:16.356891 https://sanshengshoufu.fang.com/
Logger:2020-03-16 11:23:18.309498 https://quanduhaotingwg.fang.com/
Logger:2020-03-16 11:23:18.625381 https://shuxiangyayuan0715.fang.com/
Logger:2020-03-16 11:23:18.948793 https://xuefuhuating20715.fang.com/
Logger:2020-03-16 11:23:19.213628 https://zshwlc0715.fang.com/
Logger:2020-03-16 11:23:19.479843 https://jiaheyijing.fang.com/
Logger:2020-03-16 11:23:19.763812 https://canglongfudi0715.fang.com/
Logger:2020-03-16 11:23:20.087591 https://guiquanhuayuan.fang.com/
Logger:2020-03-16 11:23:20.346196 https://bgyxnwqlyc.fang.com/
Logger:2020-03-16 11:23:20.615405 https://xuefufanghua.fang.com/
Logger:2020-03-16 11:23:20.928566 https://jinrunmzhy.fang.com/
Logger:2020-03-16 11:23:21.252699 https://yrsxj.fang.com/
Logger:2020-03-16 11:23:21.534835 https://jmszx.fang.com/
Logger:2020-03-16 11:23:21.830178 https://shuianlanting0715.fang.com/
Logger:2020-03-16 11:23:22.076729 https://shuangfengxincheng.fang.com/
Logger:2020-03-16 11:23:25.955193 https://xianning.newhouse.fang.com/house/s/b94/
Logger:2020-03-16 11:23:26.186056 https://fengyeshengshi.fang.com/
Logger:2020-03-16 11:23:26.467713 https://wqbmht.fang.com/
Logger:2020-03-16 11:23:28.281532 https://qunguanghanlinyuan.fang.com/
Logger:2020-03-16 11:23:28.562481 https://zhonghengzunpin.fang.com/
Logger:2020-03-16 11:23:28.921581 https://handishangjie.fang.com/
Logger:2020-03-16 11:23:29.172154 https://changanhuayuan0715.fang.com/
Logger:2020-03-16 11:23:32.176861 https://xueyafanglin.fang.com/
Logger:2020-03-16 11:23:32.442719 https://gydwqg.fang.com/
Logger:2020-03-16 11:23:32.786814 https://tonghuiguojiguangchang.fang.com/
Logger:2020-03-16 11:23:33.051655 https://jlsdht.fang.com/
Logger:2020-03-16 11:23:33.333303 https://xiangquangongguan.fang.com/
Logger:2020-03-16 11:23:33.645266 https://yinquanmingzuo.fang.com/
Logger:2020-03-16 11:23:35.723114 https://ningchengxindu.fang.com/
Logger:2020-03-16 11:23:36.210777 https://jingfengshangcheng.fang.com/
Logger:2020-03-16 11:23:38.793416 https://xnwltd.fang.com/
Logger:2020-03-16 11:23:39.074075 https://tianzhao1965.fang.com/
Logger:2020-03-16 11:23:39.386544 https://xingyuegongguan.fang.com/
Logger:2020-03-16 11:23:39.683807 https://rongkaitianjie.fang.com/
Logger:2020-03-16 11:23:41.289890 https://ylxf.fang.com/
Logger:2020-03-16 11:23:43.033166 https://zjhsf.fang.com/
Logger:2020-03-16 11:23:46.739443 https://xianning.newhouse.fang.com/house/s/b95/
Logger:2020-03-16 11:23:47.110472 https://henglonghuafu.fang.com/
Logger:2020-03-16 11:23:47.373426 https://jinsehaiwan20715.fang.com/
Logger:2020-03-16 11:23:47.688318 https://wuzhoushangmaocheng.fang.com/
Logger:2020-03-16 11:23:50.156405 https://weichuangshangshangcheng.fang.com/
Logger:2020-03-16 11:23:50.487084 https://lianleguangchang.fang.com/
Logger:2020-03-16 11:23:52.421796 https://xiangchengmengyuan.fang.com/
Logger:2020-03-16 11:23:54.785903 https://yongshengxianningfu.fang.com/
Logger:2020-03-16 11:23:55.036275 https://shanshuiliyuan.fang.com/
Logger:2020-03-16 11:23:55.356773 https://gylaxz.fang.com/
Logger:2020-03-16 11:23:57.224747 https://tianruishidaiguangchang.fang.com/
Logger:2020-03-16 11:23:57.486442 https://jinguimingzhu.fang.com/
Logger:2020-03-16 11:23:57.751066 https://ttybjshy.fang.com/
Logger:2020-03-16 11:23:58.078888 https://mingquanjiayuan0715.fang.com/
Logger:2020-03-16 11:23:59.778614 https://nanduyuyuan.fang.com/
Logger:2020-03-16 11:24:00.078719 https://xinyehuayuan0715.fang.com/
Logger:2020-03-16 11:24:00.382796 https://huixinjiayuan0715.fang.com/
Logger:2020-03-16 11:24:00.693622 https://fdlxyy.fang.com/
Logger:2020-03-16 11:24:00.966872 https://binhedasha0715.fang.com/
Logger:2020-03-16 11:24:01.241509 https://hengshijijinyuanz.fang.com/
Logger:2020-03-16 11:24:01.475722 https://yinquanxiangsong.fang.com/
Logger:2020-03-16 11:24:05.193199 https://xianning.newhouse.fang.com/house/s/b96/
Logger:2020-03-16 11:24:05.396239 https://zhongxinsjgc.fang.com/
Logger:2020-03-16 11:24:05.695170 https://wemgwgcjc.fang.com/
Logger:2020-03-16 11:24:05.959572 https://lzywxsppfc.fang.com/
Logger:2020-03-16 11:24:06.254060 https://lezexiyue.fang.com/
Logger:2020-03-16 11:24:10.216308 https://xianning.newhouse.fang.com/house/s/b97/
Logger:2020-03-16 11:24:13.783701 https://xianning.newhouse.fang.com/house/s/b98/
Logger:2020-03-16 11:24:17.451426 https://xianning.newhouse.fang.com/house/s/b99/
