Logger:2020-03-16 19:31:45.996371 https://xian.newhouse.fang.com/house/s/b91/
Logger:2020-03-16 19:31:46.412317 https://fenghuaxicheng.fang.com/
Logger:2020-03-16 19:31:46.851274 https://meihaoshiguang029.fang.com/
Logger:2020-03-16 19:31:47.315076 https://heyuefuay.fang.com/
Logger:2020-03-16 19:31:47.743005 https://wenhualvyouchengxahd.fang.com/
Logger:2020-03-16 19:31:48.166838 https://guiyulantinglc029.fang.com/
Logger:2020-03-16 19:31:48.569268 https://xinligelingongguan.fang.com/
Logger:2020-03-16 19:31:48.992138 https://boruigongguanldxl.fang.com/
Logger:2020-03-16 19:31:49.517630 https://wanxianglihr.fang.com/
Logger:2020-03-16 19:31:50.126440 https://heguangchenyuebl029.fang.com/
Logger:2020-03-16 19:31:50.751766 https://yushanshuiyy.fang.com/
Logger:2020-03-16 19:31:51.227599 https://dujiaoshougongyuanld.fang.com/
Logger:2020-03-16 19:31:51.556244 https://mingyuefuxa.fang.com/
Logger:2020-03-16 19:31:52.016434 https://jinyuhuafuxiangmuwkxy.fang.com/
Logger:2020-03-16 19:31:52.312717 https://ziquetaizr029.fang.com/
Logger:2020-03-16 19:31:52.645786 https://shiguangli029.fang.com/
Logger:2020-03-16 19:31:52.942984 https://yongjingwanzs029.fang.com/
Logger:2020-03-16 19:31:53.567496 https://xiangxiezhuangyuanlhc.fang.com/
Logger:2020-03-16 19:31:53.992851 https://tanyueygc029.fang.com/
Logger:2020-03-16 19:31:54.326993 https://gelinyunshangjd.fang.com/
Logger:2020-03-16 19:31:54.744839 https://baihualinxi.fang.com/
Logger:2020-03-16 19:31:58.068652 https://xian.newhouse.fang.com/house/s/b92/
Logger:2020-03-16 19:31:58.397099 https://gelinyunshangjd.fang.com/
Logger:2020-03-16 19:31:58.782033 https://baihualinxi.fang.com/
Logger:2020-03-16 19:31:59.248818 https://zhuoyuefang.fang.com/
Logger:2020-03-16 19:31:59.582893 https://cuicantianchengld029.fang.com/
Logger:2020-03-16 19:31:59.968476 https://shangpinwanmomadd.fang.com/
Logger:2020-03-16 19:32:00.445797 https://longtenghuafu029.fang.com/
Logger:2020-03-16 19:32:00.944471 https://huguangshangse.fang.com/
Logger:2020-03-16 19:32:01.312128 https://lishanxiadeyuanzigx.fang.com/
Logger:2020-03-16 19:32:01.681345 https://yanbotai.fang.com/
Logger:2020-03-16 19:32:02.096803 https://yunshuiyihaote.fang.com/
Logger:2020-03-16 19:32:02.406005 https://zhonghaichanganfu.fang.com/
Logger:2020-03-16 19:32:02.821885 https://binghaiwanlg.fang.com/
Logger:2020-03-16 19:32:03.148295 https://lantinggongguanxlc.fang.com/
Logger:2020-03-16 19:32:03.526265 https://xianshijiezhongxinld.fang.com/
Logger:2020-03-16 19:32:03.869305 https://jinhaianlg.fang.com/2/
Logger:2020-03-16 19:32:04.261312 https://kaiyuanchengfl.fang.com/
Logger:2020-03-16 19:32:04.642269 https://jinmaofuca.fang.com/
Logger:2020-03-16 19:32:05.033081 https://zhengrongfudx.fang.com/
Logger:2020-03-16 19:32:05.415514 https://feicuichengbj.fang.com/
Logger:2020-03-16 19:32:05.824421 https://yihefu.fang.com/
Logger:2020-03-16 19:32:09.773924 https://xian.newhouse.fang.com/house/s/b93/
Logger:2020-03-16 19:32:10.130938 https://guohubgy.fang.com/
Logger:2020-03-16 19:32:10.553813 https://wenjingfubgy.fang.com/
Logger:2020-03-16 19:32:10.896005 https://xinyichenglh029.fang.com/
Logger:2020-03-16 19:32:11.259889 https://jiulongtailg2029.fang.com/
Logger:2020-03-16 19:32:11.637198 https://yujincheng029.fang.com/
Logger:2020-03-16 19:32:12.092975 https://guojichengly.fang.com/
Logger:2020-03-16 19:32:12.646534 https://shinianchengnfh.fang.com/
Logger:2020-03-16 19:32:13.090702 https://huayuchengzgtj029.fang.com/
Logger:2020-03-16 19:32:13.500538 https://weiyangjinmaofu.fang.com/
Logger:2020-03-16 19:32:13.873537 https://keweiruifu.fang.com/
Logger:2020-03-16 19:32:14.223571 https://qujiangzhongxinhh.fang.com/
Logger:2020-03-16 19:32:14.546959 https://dahechenghj.fang.com/
Logger:2020-03-16 19:32:14.890213 https://hangtianchengyijiequ.fang.com/
Logger:2020-03-16 19:32:15.146467 https://yuexiuchengpr.fang.com/
Logger:2020-03-16 19:32:15.506903 https://jiangshanmingzhuxajh.fang.com/
Logger:2020-03-16 19:32:16.067403 https://wankeyuewan029.fang.com/
Logger:2020-03-16 19:32:16.763576 https://wankelanan.fang.com/
Logger:2020-03-16 19:32:17.340119 https://cuicanqingchengsm.fang.com/
Logger:2020-03-16 19:32:17.808892 https://quanyuncunxalc.fang.com/
Logger:2020-03-16 19:32:18.131547 https://feicuiguobinwk.fang.com/
Logger:2020-03-16 19:32:21.955552 https://xian.newhouse.fang.com/house/s/b94/
Logger:2020-03-16 19:32:22.306117 https://feicuiguobinwk.fang.com/
Logger:2020-03-16 19:32:22.775861 https://huayushijiancheng.fang.com/3/
Logger:2020-03-16 19:32:23.151896 https://changdaoguojishequlg029.fang.com/
Logger:2020-03-16 19:32:27.290117 https://fengdantangyueyyhn.fang.com/
Logger:2020-03-16 19:32:27.777248 https://longhutianju029.fang.com/
Logger:2020-03-16 19:32:30.612246 https://huayuanchenyue.fang.com/
Logger:2020-03-16 19:32:31.030659 https://jinxiutiandizj029.fang.com/
Logger:2020-03-16 19:32:31.524340 https://chongwenfujh.fang.com/
Logger:2020-03-16 19:32:31.870575 https://ruyuanwkc.fang.com/
Logger:2020-03-16 19:32:32.237740 https://hengzhiyundu.fang.com/
Logger:2020-03-16 19:32:33.638035 https://jinyuguojiwk029.fang.com/
Logger:2020-03-16 19:32:34.579232 https://xinghejiuhao.fang.com/
Logger:2020-03-16 19:32:34.898384 https://junshangfuzhqjdc.fang.com/
Logger:2020-03-16 19:32:35.278393 https://heyuehuafu.fang.com/
Logger:2020-03-16 19:32:35.628424 https://jiushu029.fang.com/
Logger:2020-03-16 19:32:36.040322 https://jinhuicheng029.fang.com/
Logger:2020-03-16 19:32:36.388059 https://bishuiwanxg.fang.com/
Logger:2020-03-16 19:32:36.790981 https://shiguanglityc.fang.com/
Logger:2020-03-16 19:32:37.271695 https://kongquechengxa.fang.com/
Logger:2020-03-16 19:32:37.738135 https://xipaishidaizgtj.fang.com/
Logger:2020-03-16 19:32:41.644016 https://xian.newhouse.fang.com/house/s/b95/
Logger:2020-03-16 19:32:42.002436 https://fengqiyunzhu.fang.com/
Logger:2020-03-16 19:32:42.437179 https://jinyuannpxg.fang.com/
Logger:2020-03-16 19:32:42.833121 https://daduhuizw.fang.com/
Logger:2020-03-16 19:32:43.204167 https://yijinwanlk.fang.com/
Logger:2020-03-16 19:32:43.721450 https://zhengrongtianyu.fang.com/
Logger:2020-03-16 19:32:44.155796 https://huizhizhongxinwk029.fang.com/
Logger:2020-03-16 19:32:44.492918 https://wankeyungu.fang.com/
Logger:2020-03-16 19:32:44.777203 https://lgyjw029.fang.com/
Logger:2020-03-16 19:32:45.152813 https://boyuefuzw.fang.com/
Logger:2020-03-16 19:32:45.570983 https://wenlanfuygc029.fang.com/
Logger:2020-03-16 19:32:45.937964 https://guanshanhaijh.fang.com/
Logger:2020-03-16 19:32:46.299007 https://yuhulanwan.fang.com/
Logger:2020-03-16 19:32:46.640892 https://bailutingzhouzy.fang.com/
Logger:2020-03-16 19:32:47.002452 https://xinduhuild029.fang.com/
Logger:2020-03-16 19:32:47.339105 https://dongwangfuznpy.fang.com/
Logger:2020-03-16 19:32:47.705165 https://longhuzichen029.fang.com/
Logger:2020-03-16 19:32:48.084594 https://weilaichengshihrzy.fang.com/
Logger:2020-03-16 19:32:48.629066 https://gongyuanhuafulg.fang.com/
Logger:2020-03-16 19:32:51.072482 https://yundingbgy029.fang.com/
Logger:2020-03-16 19:32:51.428529 https://baolitianyue029.fang.com/
Logger:2020-03-16 19:32:55.200916 https://xian.newhouse.fang.com/house/s/b96/
Logger:2020-03-16 19:32:55.552973 https://yuefuhrzd.fang.com/
Logger:2020-03-16 19:32:55.920068 https://fenghuangchengbgy029.fang.com/
Logger:2020-03-16 19:32:56.305654 https://wanxitianditdy.fang.com/
Logger:2020-03-16 19:32:56.756489 https://yundinghzc.fang.com/
Logger:2020-03-16 19:32:57.090596 https://yueshangjinyun.fang.com/
Logger:2020-03-16 19:32:57.740894 https://biguiyuanlongyue029.fang.com/
Logger:2020-03-16 19:32:58.076547 https://gongyuanyinby.fang.com/
Logger:2020-03-16 19:32:58.578034 https://haiyichangzhourc029.fang.com/
Logger:2020-03-16 19:32:59.835058 https://yuejiangfubgy.fang.com/
Logger:2020-03-16 19:33:00.707359 https://weilaiyujd.fang.com/
Logger:2020-03-16 19:33:01.268680 https://shangyuechengzn029.fang.com/
Logger:2020-03-16 19:33:01.693553 https://wanhejun029.fang.com/
Logger:2020-03-16 19:33:02.801326 https://aoyuanyufu029.fang.com/
Logger:2020-03-16 19:33:03.198307 https://dewenjunhl.fang.com/
Logger:2020-03-16 19:33:03.670776 https://zhongnanjunqi.fang.com/
Logger:2020-03-16 19:33:04.034807 https://qingliangyunhui.fang.com/
Logger:2020-03-16 19:33:04.364841 https://shengtaichengzw.fang.com/
Logger:2020-03-16 19:33:04.791794 https://nanhuyijingjd.fang.com/
Logger:2020-03-16 19:33:05.269066 https://heboyueshanljt.fang.com/
Logger:2020-03-16 19:33:05.682971 https://wankechengrunyuan.fang.com/
Logger:2020-03-16 19:33:09.561945 https://xian.newhouse.fang.com/house/s/b97/
Logger:2020-03-16 19:33:09.917614 https://qingliangshanyue.fang.com/
Logger:2020-03-16 19:33:10.259660 https://fengdanjiangyuyyhn.fang.com/
Logger:2020-03-16 19:33:10.641674 https://yuejinghydy.fang.com/
Logger:2020-03-16 19:33:11.097648 https://xianghuwan1haobgy.fang.com/
Logger:2020-03-16 19:33:11.402036 https://yannanqils.fang.com/
Logger:2020-03-16 19:33:13.561459 https://longyuanlingyu.fang.com/
Logger:2020-03-16 19:33:15.766849 https://wnwkc.fang.com/
Logger:2020-03-16 19:33:16.203655 https://shiyuandaguan.fang.com/
Logger:2020-03-16 19:33:16.584532 https://gaoxinhuafuwk.fang.com/
Logger:2020-03-16 19:33:17.035668 https://yuelishanzh.fang.com/
Logger:2020-03-16 19:33:17.665882 https://chengpinzt.fang.com/
Logger:2020-03-16 19:33:18.067314 https://xuefuchenghg029.fang.com/
Logger:2020-03-16 19:33:18.525090 https://caihonglichenglh029.fang.com/
Logger:2020-03-16 19:33:18.867239 https://shijiechengjk2.fang.com/
Logger:2020-03-16 19:33:20.866016 https://shijialggyhf.fang.com/
Logger:2020-03-16 19:33:21.317437 https://gongyuandadaoxhrh.fang.com/
Logger:2020-03-16 19:33:21.839456 https://guobinfuzl029.fang.com/
Logger:2020-03-16 19:33:22.272580 https://jinganguangchang029.fang.com/
Logger:2020-03-16 19:33:22.640633 https://ziranjieyunxi.fang.com/
Logger:2020-03-16 19:33:24.963876 https://jindijiuxi.fang.com/
Logger:2020-03-16 19:33:28.773471 https://xian.newhouse.fang.com/house/s/b98/
Logger:2020-03-16 19:33:29.181254 https://lixiangchengwk029.fang.com/
Logger:2020-03-16 19:33:29.682545 https://haiquanwangongguanzl029.fang.com/
Logger:2020-03-16 19:33:30.065478 https://aoyuanyufeng029.fang.com/
Logger:2020-03-16 19:33:30.529470 https://xinyinglihl.fang.com/
Logger:2020-03-16 19:33:30.915829 https://fengshuiyunling.fang.com/
Logger:2020-03-16 19:33:31.329722 https://zhongyanggongyuanhishidai.fang.com/
Logger:2020-03-16 19:33:31.679849 https://mantangyuemomaddhe.fang.com/
Logger:2020-03-16 19:33:32.113693 https://jinlifujunzj.fang.com/
Logger:2020-03-16 19:33:32.479590 https://damaocheng.fang.com/
Logger:2020-03-16 19:33:32.829520 https://191300.fang.com/
Logger:2020-03-16 19:33:33.188594 https://xipaiguojizgtj.fang.com/
Logger:2020-03-16 19:33:33.713717 https://longjijiuxi.fang.com/
Logger:2020-03-16 19:33:34.129213 https://jinyujhsjc.fang.com/
Logger:2020-03-16 19:33:34.413499 https://wutonggongyu029.fang.com/
Logger:2020-03-16 19:33:34.793525 https://yiheshengshi029.fang.com/
Logger:2020-03-16 19:33:35.188425 https://springtaimao.fang.com/
Logger:2020-03-16 19:33:35.652858 https://tangningfuyuchen.fang.com/
Logger:2020-03-16 19:33:36.031115 https://huyuqils.fang.com/
Logger:2020-03-16 19:33:36.404153 https://guoyuefuxh029.fang.com/
Logger:2020-03-16 19:33:36.773132 https://huafuguoji029.fang.com/
Logger:2020-03-16 19:33:40.378287 https://xian.newhouse.fang.com/house/s/b99/
Logger:2020-03-16 19:33:40.733184 https://yuexiguangchang.fang.com/
Logger:2020-03-16 19:33:41.214923 https://chengshitiandiqjay.fang.com/
Logger:2020-03-16 19:33:41.562009 https://hyxyf.fang.com/
Logger:2020-03-16 19:33:41.968851 https://zhuyuantianhuanguoji.fang.com/
Logger:2020-03-16 19:33:42.263799 https://weilaikejichengqdjl.fang.com/
Logger:2020-03-16 19:33:42.714396 https://nanhufenghui.fang.com/
Logger:2020-03-16 19:33:43.029552 https://wanxiangguoji029.fang.com/
Logger:2020-03-16 19:33:43.346704 https://gongyuanshangchengtone.fang.com/
Logger:2020-03-16 19:33:43.754613 https://beautifulhousems.fang.com/
Logger:2020-03-16 19:33:44.044959 https://shijiechengld.fang.com/
Logger:2020-03-16 19:33:44.452114 https://shenghuoguangchangcxwk.fang.com/
Logger:2020-03-16 19:33:44.846059 https://zhencuifusjrh.fang.com/
Logger:2020-03-16 19:33:45.183182 https://daminggongguojiby.fang.com/
Logger:2020-03-16 19:33:47.016067 https://191306.fang.com/
Logger:2020-03-16 19:33:47.869506 https://chuangzhiguojibn.fang.com/
Logger:2020-03-16 19:33:50.849043 https://191304.fang.com/
Logger:2020-03-16 19:33:51.178132 https://beiaozhongxinqs.fang.com/
Logger:2020-03-16 19:33:51.477408 https://lvdilongdi029.fang.com/
Logger:2020-03-16 19:33:51.860320 https://ziranjie029.fang.com/
Logger:2020-03-16 19:33:52.181449 https://znpydwty.fang.com/
Logger:2020-03-16 19:33:55.512207 https://xian.newhouse.fang.com/house/s/b910/
Logger:2020-03-16 19:33:55.860064 https://shiguangguoji.fang.com/
Logger:2020-03-16 19:33:56.158599 https://jinhuishidaith.fang.com/office/
Logger:2020-03-16 19:33:56.561519 https://luomajiarigongyulhc.fang.com/
Logger:2020-03-16 19:33:56.860719 https://beiaozhongxinqs.fang.com/
Logger:2020-03-16 19:33:57.174845 https://langjilongtang2029.fang.com/
Logger:2020-03-16 19:33:57.533977 https://jiuchengyuedy.fang.com/
Logger:2020-03-16 19:33:57.959775 https://jindixiangyuetianxia.fang.com/
Logger:2020-03-16 19:33:58.267030 https://daduhuitdy.fang.com/
Logger:2020-03-16 19:33:58.669575 https://shiyuanlinyu.fang.com/
Logger:2020-03-16 19:33:59.004075 https://chengshizhiguangwk029.fang.com/
Logger:2020-03-16 19:33:59.529258 https://xujingqingyuan.fang.com/
Logger:2020-03-16 19:33:59.928126 https://yunxifxhymsc.fang.com/
Logger:2020-03-16 19:34:00.328095 https://liusenshuianzt.fang.com/
Logger:2020-03-16 19:34:00.826040 https://ziweidongjin.fang.com/
Logger:2020-03-16 19:34:01.248920 https://gongyuanshijiadhqj2.fang.com/
Logger:2020-03-16 19:34:01.895254 https://luwanguojishequgk.fang.com/
Logger:2020-03-16 19:34:02.307539 https://suningyunzhu.fang.com/
Logger:2020-03-16 19:34:02.692496 https://feicuiguojizgtjwk.fang.com/
Logger:2020-03-16 19:34:03.098410 https://guofengshijiaqj.fang.com/
Logger:2020-03-16 19:34:03.517357 https://hujubijiyjl.fang.com/
Logger:2020-03-16 19:34:07.457601 https://xian.newhouse.fang.com/house/s/b911/
Logger:2020-03-16 19:34:07.891406 https://qujiangjiulihrzd.fang.com/
Logger:2020-03-16 19:34:08.278369 https://lizhiwanwj.fang.com/
Logger:2020-03-16 19:34:08.630396 https://shangyuanjunth.fang.com/
Logger:2020-03-16 19:34:09.100193 https://jinxiuqianchengdh2.fang.com/
Logger:2020-03-16 19:34:11.534459 https://yuelongtaixahd.fang.com/
Logger:2020-03-16 19:34:11.913054 https://tangningfuhl.fang.com/
Logger:2020-03-16 19:34:12.308065 https://jinglintianxulh.fang.com/
Logger:2020-03-16 19:34:12.766856 https://feiliqujiangygc.fang.com/
Logger:2020-03-16 19:34:13.174848 https://qianlinjunqj.fang.com/
Logger:2020-03-16 19:34:13.498115 https://datangfudirh.fang.com/
Logger:2020-03-16 19:34:13.863269 https://bayedajing.fang.com/
Logger:2020-03-16 19:34:14.357007 https://jinyudongjunwk029.fang.com/
Logger:2020-03-16 19:34:14.811881 https://guojihuayuanxa.fang.com/
Logger:2020-03-16 19:34:15.192796 https://yuerongyuanxakq.fang.com/
Logger:2020-03-16 19:34:15.659104 https://pakegongguan.fang.com/
Logger:2020-03-16 19:34:16.082538 https://chunxiaohuayuan029.fang.com/
Logger:2020-03-16 19:34:16.508440 https://dongyulantingkd.fang.com/
Logger:2020-03-16 19:34:17.051484 https://xianchenyuanrc.fang.com/
Logger:2020-03-16 19:34:17.546114 https://linyuxibl029.fang.com/
Logger:2020-03-16 19:34:18.007880 https://qingliangshanju.fang.com/
Logger:2020-03-16 19:34:21.432709 https://xian.newhouse.fang.com/house/s/b912/
Logger:2020-03-16 19:34:24.201514 https://caizhiguangchangzj.fang.com/
Logger:2020-03-16 19:34:24.764933 https://jianbanghuating029.fang.com/
Logger:2020-03-16 19:34:25.380876 https://lvshuidongchenggk.fang.com/
Logger:2020-03-16 19:34:25.894049 https://qujiangdachengzh.fang.com/
Logger:2020-03-16 19:34:26.306919 https://danxuanfangtdy.fang.com/
Logger:2020-03-16 19:34:26.693846 https://tianyuedongdu.fang.com/
Logger:2020-03-16 19:34:27.089396 https://xinxingyuyuanlc.fang.com/
Logger:2020-03-16 19:34:27.419183 https://lanyuefurc.fang.com/
Logger:2020-03-16 19:34:28.049452 https://guanshanyueqj.fang.com/
Logger:2020-03-16 19:34:28.623235 https://gaoxinshidaibgy.fang.com/
Logger:2020-03-16 19:34:29.029161 https://yingjunnianhuaguojishequ.fang.com/
Logger:2020-03-16 19:34:29.373266 https://handuguli.fang.com/
Logger:2020-03-16 19:34:29.740259 https://lakeleigongguan.fang.com/
Logger:2020-03-16 19:34:30.157153 https://kunmimglantingzj.fang.com/
Logger:2020-03-16 19:34:30.623958 https://huayuanzhouzw029.fang.com/
Logger:2020-03-16 19:34:31.057761 https://yulongwanhd.fang.com/
Logger:2020-03-16 19:34:34.607476 https://guojimeishuchengxa.fang.com/
Logger:2020-03-16 19:34:35.063219 https://yihaoyuanzl029.fang.com/
Logger:2020-03-16 19:34:35.437757 https://nanchanganjieyihao.fang.com/
Logger:2020-03-16 19:34:35.973064 https://wanliu.fang.com/
Logger:2020-03-16 19:34:40.455806 https://xian.newhouse.fang.com/house/s/b913/
Logger:2020-03-16 19:34:40.804862 https://chunfengnananzn.fang.com/
Logger:2020-03-16 19:34:41.228909 https://chunchengshibali.fang.com/
Logger:2020-03-16 19:34:41.638392 https://jinhuishijiecheng.fang.com/
Logger:2020-03-16 19:34:42.127096 https://yangshengguhd029.fang.com/
Logger:2020-03-16 19:34:42.637654 https://changanyunzhujh.fang.com/
Logger:2020-03-16 19:34:42.986750 https://huayuanfengyue.fang.com/
Logger:2020-03-16 19:34:44.466899 https://lanshanqj.fang.com/
Logger:2020-03-16 19:34:44.911303 https://lizigongguanygc029.fang.com/
Logger:2020-03-16 19:34:45.305391 https://yipinxuefu.fang.com/
Logger:2020-03-16 19:34:45.637460 https://zhenyeboan.fang.com/
Logger:2020-03-16 19:34:46.026419 https://banlanxiaozhenxagjmsc.fang.com/
Logger:2020-03-16 19:34:46.619995 https://zhihuixincheng029.fang.com/
Logger:2020-03-16 19:34:47.053734 https://junhetianxi.fang.com/
Logger:2020-03-16 19:34:51.570693 https://guowangzhenty.fang.com/
Logger:2020-03-16 19:34:57.748632 https://huiyuecheng.fang.com/
Logger:2020-03-16 19:34:58.153546 https://yiyunqujiangzs.fang.com/
Logger:2020-03-16 19:34:58.569827 https://zhongnanyuefu029.fang.com/
Logger:2020-03-16 19:34:59.092542 https://baihualinmingtian.fang.com/
Logger:2020-03-16 19:34:59.552351 https://wutongnianhua.fang.com/
Logger:2020-03-16 19:34:59.945262 https://dingchengfuguiyuan.fang.com/
Logger:2020-03-16 19:35:03.952528 https://xian.newhouse.fang.com/house/s/b914/
Logger:2020-03-16 19:35:04.294566 https://lvdiyuhu.fang.com/
Logger:2020-03-16 19:35:04.739736 https://haitangwan029.fang.com/
Logger:2020-03-16 19:35:05.222407 https://chengshijinshang.fang.com/
Logger:2020-03-16 19:35:05.607452 https://xianguojinzhongxin.fang.com/
Logger:2020-03-16 19:35:05.902611 https://ziweixitang.fang.com/
Logger:2020-03-16 19:35:06.287695 https://qujiangyinrc.fang.com/
Logger:2020-03-16 19:35:06.664724 https://yizhongxin029.fang.com/
Logger:2020-03-16 19:35:07.029754 https://zhongxinfenghuajd029.fang.com/
Logger:2020-03-16 19:35:07.436660 https://lanhujiujunjy.fang.com/
Logger:2020-03-16 19:35:07.813808 https://jiujingchengqj.fang.com/
Logger:2020-03-16 19:35:08.324205 https://boyuefuhn.fang.com/
Logger:2020-03-16 19:35:08.710185 https://laodonggongyuanli.fang.com/
Logger:2020-03-16 19:35:12.033430 https://bishuilantingrh.fang.com/
Logger:2020-03-16 19:35:12.534182 https://qujiangxiangdutdy.fang.com/
Logger:2020-03-16 19:35:13.078938 https://guobao21cheng.fang.com/
Logger:2020-03-16 19:35:13.578596 https://qunxiandaojiuhao.fang.com/
Logger:2020-03-16 19:35:13.957351 https://liuxiangyuanlc029.fang.com/
Logger:2020-03-16 19:35:14.421100 https://yuhuayuanac.fang.com/
Logger:2020-03-16 19:35:14.790113 https://huayuhnc.fang.com/
Logger:2020-03-16 19:35:15.138182 https://shiyuanlinyi.fang.com/
Logger:2020-03-16 19:35:18.939445 https://xian.newhouse.fang.com/house/s/b915/
Logger:2020-03-16 19:35:19.274027 https://xiyuelifuxc.fang.com/
Logger:2020-03-16 19:35:19.705726 https://nanjingtaijl.fang.com/
Logger:2020-03-16 19:35:21.101107 https://hongxingmeikaicheng.fang.com/
Logger:2020-03-16 19:35:22.491632 https://xuefushouzuo.fang.com/
Logger:2020-03-16 19:35:23.218672 https://jingkaihuachengjt.fang.com/
Logger:2020-03-16 19:35:23.531843 https://lixiangchengsw.fang.com/
Logger:2020-03-16 19:35:24.974493 https://gongyuanhuafuzawk.fang.com/
Logger:2020-03-16 19:35:25.397405 https://hailunwan029.fang.com/
Logger:2020-03-16 19:35:25.802744 https://xiangtijingchenlh.fang.com/
Logger:2020-03-16 19:35:29.565443 https://ronggongguanrctl2.fang.com/
Logger:2020-03-16 19:35:29.916641 https://taoyuanfurc029.fang.com/
Logger:2020-03-16 19:35:30.250742 https://xinlichengjt.fang.com/
Logger:2020-03-16 19:35:30.641697 https://kaiyuanyihaozj.fang.com/
Logger:2020-03-16 19:35:34.088035 https://shuanghewancg.fang.com/
Logger:2020-03-16 19:35:34.500943 https://zhongyanggongyuanbl029.fang.com/
Logger:2020-03-16 19:35:34.948422 https://gongyuanxuefurm.fang.com/
Logger:2020-03-16 19:35:35.351920 https://zhongnanqingyue.fang.com/
Logger:2020-03-16 19:35:35.713965 https://shanglinfuygc.fang.com/
Logger:2020-03-16 19:35:36.073988 https://dongfangyintl.fang.com/
Logger:2020-03-16 19:35:36.484447 https://youhuocheng029.fang.com/
Logger:2020-03-16 19:35:40.254758 https://xian.newhouse.fang.com/house/s/b916/
Logger:2020-03-16 19:35:40.586868 https://xianzhongxinzt.fang.com/office/
Logger:2020-03-16 19:35:40.915757 https://xingzuogsls.fang.com/
Logger:2020-03-16 19:35:42.279435 https://chengshukw.fang.com/
Logger:2020-03-16 19:35:42.583188 https://sandigongguanqj.fang.com/
Logger:2020-03-16 19:35:43.000631 https://xixiliygc.fang.com/
Logger:2020-03-16 19:35:43.478310 https://zhuangyuanfudidj.fang.com/
Logger:2020-03-16 19:35:44.861177 https://ziyubanshan.fang.com/
Logger:2020-03-16 19:35:45.231231 https://fengshuiyunjian.fang.com/
Logger:2020-03-16 19:35:45.629143 https://ruimingju.fang.com/
Logger:2020-03-16 19:35:46.071427 https://yangguangtai365.fang.com/
Logger:2020-03-16 19:35:46.530227 https://meiguigongguanydj.fang.com/
Logger:2020-03-16 19:35:47.012484 https://momaddhf.fang.com/
Logger:2020-03-16 19:35:47.747194 https://lanchijunxg029.fang.com/
Logger:2020-03-16 19:35:48.105169 https://yuegongguanzh029.fang.com/
Logger:2020-03-16 19:35:48.616800 https://kabuqinuoguojishequ.fang.com/
Logger:2020-03-16 19:35:48.989001 https://zhuquejinyuan2029.fang.com/
Logger:2020-03-16 19:35:53.017598 https://adtyzbhgjjysq.fang.com/
Logger:2020-03-16 19:35:53.315602 https://beihangkejiyuan029.fang.com/
Logger:2020-03-16 19:35:53.630396 https://xinghewanxa.fang.com/
Logger:2020-03-16 19:35:53.953575 https://aolinpikehuayuan029.fang.com/
Logger:2020-03-16 19:35:57.394525 https://xian.newhouse.fang.com/house/s/b917/
Logger:2020-03-16 19:35:58.032822 https://fenglinjiuxi.fang.com/
Logger:2020-03-16 19:35:58.364891 https://tianebaohqc029.fang.com/
Logger:2020-03-16 19:35:59.069004 https://xuefuchenghq.fang.com/3/
Logger:2020-03-16 19:35:59.534759 https://meiguiyuanyq.fang.com/
Logger:2020-03-16 19:35:59.995064 https://xianonewd.fang.com/
Logger:2020-03-16 19:36:00.501983 https://chunxijizn.fang.com/
Logger:2020-03-16 19:36:00.896927 https://zizhuyuanha.fang.com/
Logger:2020-03-16 19:36:01.268932 https://ruinashidaizw.fang.com/
Logger:2020-03-16 19:36:04.637103 https://xinghaojinyue.fang.com/
Logger:2020-03-16 19:36:05.030086 https://heyushu.fang.com/
Logger:2020-03-16 19:36:05.464924 https://huazhoucheng.fang.com/
Logger:2020-03-16 19:36:05.866470 https://xingyuhuafu029.fang.com/
Logger:2020-03-16 19:36:06.345080 https://tangdunzhuangyuan.fang.com/
Logger:2020-03-16 19:36:06.636300 https://linhechuntian.fang.com/3/
Logger:2020-03-16 19:36:06.994346 https://shanshuixiangdi.fang.com/
Logger:2020-03-16 19:36:07.392328 https://deyutianxiadj029.fang.com/
Logger:2020-03-16 19:36:07.748911 https://gaoxinfanghua.fang.com/
Logger:2020-03-16 19:36:08.076552 https://lifengguojiguangchangzt.fang.com/
Logger:2020-03-16 19:36:08.444608 https://baihualinjiayuan.fang.com/
Logger:2020-03-16 19:36:08.881183 https://shimaofengjie.fang.com/
Logger:2020-03-16 19:36:12.643559 https://xian.newhouse.fang.com/house/s/b918/
Logger:2020-03-16 19:36:12.959797 https://xuefuzhongyang029.fang.com/
Logger:2020-03-16 19:36:13.249002 https://shuianxinchengrh.fang.com/
Logger:2020-03-16 19:36:13.713224 https://mingchengtianxia.fang.com/
Logger:2020-03-16 19:36:14.041733 https://lichengliuanshili.fang.com/
Logger:2020-03-16 19:36:14.332954 https://longyu029.fang.com/
Logger:2020-03-16 19:36:14.671031 https://gongyuanmeian029.fang.com/2/
Logger:2020-03-16 19:36:16.509256 https://longjiguanyuan.fang.com/
Logger:2020-03-16 19:36:16.881941 https://langjitianxiang.fang.com/
Logger:2020-03-16 19:36:17.265922 https://gaoxinshidaiguangchang.fang.com/
Logger:2020-03-16 19:36:17.581106 https://qingheyuanrh.fang.com/
Logger:2020-03-16 19:36:17.983150 https://xibuwanghuopifazhongxin.fang.com/shop/
Logger:2020-03-16 19:36:18.312301 https://tianlanglongfurc.fang.com/
Logger:2020-03-16 19:36:18.794274 https://xinyuhuayuanbl029.fang.com/
Logger:2020-03-16 19:36:19.366778 https://jinyulanwanwk029.fang.com/
Logger:2020-03-16 19:36:19.777043 https://qianshuiwanph.fang.com/
Logger:2020-03-16 19:36:20.291147 https://danxuanziyuantdy.fang.com/
Logger:2020-03-16 19:36:20.712025 https://guojichenght029.fang.com/
Logger:2020-03-16 19:36:21.083030 https://feicuiguojifenghuizgtjwk.fang.com/
Logger:2020-03-16 19:36:22.841933 https://mingcheng.fang.com/
Logger:2020-03-16 19:36:23.224921 https://guojichengdj029.fang.com/
Logger:2020-03-16 19:36:27.248679 https://xian.newhouse.fang.com/house/s/b919/
Logger:2020-03-16 19:36:27.606417 https://xiangbinguojicheng.fang.com/
Logger:2020-03-16 19:36:28.008214 https://huifengyiping.fang.com/
Logger:2020-03-16 19:36:28.646476 https://fenglinyipin.fang.com/
Logger:2020-03-16 19:36:29.021495 https://jingweiguojichengsq.fang.com/
Logger:2020-03-16 19:36:29.341422 https://beifangrongcheng.fang.com/
Logger:2020-03-16 19:36:29.735006 https://qingweigongguan.fang.com/
Logger:2020-03-16 19:36:30.176817 https://zhenyuanyangguang.fang.com/
Logger:2020-03-16 19:36:30.542871 https://yijingmingyuan029.fang.com/
Logger:2020-03-16 19:36:33.927281 https://zexingdasha2.fang.com/
Logger:2020-03-16 19:36:34.308903 https://tianlangxiyuegongguan.fang.com/
Logger:2020-03-16 19:36:34.750726 https://wangxianchengqi.fang.com/
Logger:2020-03-16 19:36:35.090239 https://louguanguzhenzz.fang.com/
Logger:2020-03-16 19:36:35.391588 https://laianzhongxin.fang.com/
Logger:2020-03-16 19:36:35.732340 https://shiyuanjingyinghui.fang.com/
Logger:2020-03-16 19:36:36.143319 https://zgxbgjsmc.fang.com/
Logger:2020-03-16 19:36:36.454444 https://juntingfurc.fang.com/
Logger:2020-03-16 19:36:36.789781 https://xianyihaoyuanrc.fang.com/
Logger:2020-03-16 19:36:37.162860 https://nanfeihongguangchang.fang.com/
Logger:2020-03-16 19:36:37.595742 https://dongfangchenyuanvparkrc.fang.com/
Logger:2020-03-16 19:36:37.994631 https://hanhuayuanshang.fang.com/
Logger:2020-03-16 19:36:41.339651 https://xian.newhouse.fang.com/house/s/b920/
Logger:2020-03-16 19:36:41.707742 https://chunjianghuayuelc2029.fang.com/
Logger:2020-03-16 19:36:42.107512 https://guiyujiangnanlc.fang.com/
Logger:2020-03-16 19:36:45.167625 https://puyuedongwangchengzn.fang.com/
Logger:2020-03-16 19:36:45.543742 https://ziyunjizh.fang.com/
Logger:2020-03-16 19:36:45.991669 https://kunminglujiuhaozh.fang.com/
Logger:2020-03-16 19:36:46.371651 https://tangguohouse.fang.com/
Logger:2020-03-16 19:36:46.713736 https://cuiyuanjinxiusj.fang.com/
Logger:2020-03-16 19:36:47.321664 https://gongyuanshangcheng029.fang.com/
Logger:2020-03-16 19:36:51.060527 https://shuiyuelanan.fang.com/
Logger:2020-03-16 19:36:51.424661 https://hailunguoji029.fang.com/
Logger:2020-03-16 19:36:51.843503 https://bailuwanxafl.fang.com/
Logger:2020-03-16 19:36:52.339215 https://shidiyihaoyx.fang.com/
Logger:2020-03-16 19:36:52.746055 https://wanxiangwan.fang.com/
Logger:2020-03-16 19:36:53.135059 https://zhongyangxuefurc029.fang.com/
Logger:2020-03-16 19:36:53.522042 https://zhengrongfu029.fang.com/
Logger:2020-03-16 19:36:53.881054 https://chengshilanwan.fang.com/
Logger:2020-03-16 19:36:54.240479 https://jinyuehuiyr.fang.com/
Logger:2020-03-16 19:36:54.621628 https://mokasixiangjia.fang.com/
Logger:2020-03-16 19:36:55.039510 https://yijiangnan029.fang.com/
Logger:2020-03-16 19:36:55.424519 https://mingfengajimide.fang.com/
Logger:2020-03-16 19:36:58.755839 https://xian.newhouse.fang.com/house/s/b921/
Logger:2020-03-16 19:36:59.160725 https://cuicanshangshangcheng.fang.com/
Logger:2020-03-16 19:37:00.649407 https://longyintai.fang.com/
Logger:2020-03-16 19:37:00.987483 https://jinduhui029.fang.com/
Logger:2020-03-16 19:37:01.376382 https://caihongguzr029.fang.com/
Logger:2020-03-16 19:37:01.851808 https://shidaiguangchangrm.fang.com/
Logger:2020-03-16 19:37:02.237775 https://zhujiangxincheng029.fang.com/2/
Logger:2020-03-16 19:37:02.734510 https://funkeshequld.fang.com/
Logger:2020-03-16 19:37:03.134782 https://ziwumeiju.fang.com/
Logger:2020-03-16 19:37:03.542534 https://yihemingju029.fang.com/
Logger:2020-03-16 19:37:03.972462 https://weilandexiaozhenyn.fang.com/
Logger:2020-03-16 19:37:04.378299 https://shangcengmini.fang.com/
Logger:2020-03-16 19:37:04.770141 https://weiyenasenlin.fang.com/
Logger:2020-03-16 19:37:05.210962 https://kingmallweilaizhongxin.fang.com/
Logger:2020-03-16 19:37:05.486265 https://wangzuoqujiang.fang.com/
Logger:2020-03-16 19:37:05.753511 https://zhongyangguangchangyh.fang.com/
Logger:2020-03-16 19:37:06.136096 https://huihaoshuzhongxin.fang.com/
Logger:2020-03-16 19:37:06.502817 https://gaoxinnewworld.fang.com/
Logger:2020-03-16 19:37:06.786887 https://bohaidashald.fang.com/office/
Logger:2020-03-16 19:37:07.084023 https://xingfuxiaozhenlhc.fang.com/
Logger:2020-03-16 19:37:07.374147 https://xinshijite.fang.com/
Logger:2020-03-16 19:37:11.052264 https://xian.newhouse.fang.com/house/s/b922/
Logger:2020-03-16 19:37:11.489013 https://rongchenglangyue.fang.com/
Logger:2020-03-16 19:37:11.836896 https://jinshangyuntianguzhen.fang.com/
Logger:2020-03-16 19:37:12.206529 https://qiangweigongguan.fang.com/
Logger:2020-03-16 19:37:12.676380 https://plusygc.fang.com/
Logger:2020-03-16 19:37:13.102198 https://jiangshanyuexh.fang.com/
Logger:2020-03-16 19:37:13.511105 https://huazhuzhongchengqj.fang.com/
Logger:2020-03-16 19:37:14.015359 https://qingliangbaliu.fang.com/
Logger:2020-03-16 19:37:14.387356 https://zhonghuanguojicheng.fang.com/
Logger:2020-03-16 19:37:14.702477 https://shuidiuhome.fang.com/
Logger:2020-03-16 19:37:15.102961 https://yuejuangongyuanlixc.fang.com/
Logger:2020-03-16 19:37:15.588744 https://qujiangmingchengld.fang.com/
Logger:2020-03-16 19:37:15.967242 https://kunyufu029.fang.com/
Logger:2020-03-16 19:37:16.350249 https://jiuheyuanmj.fang.com/
Logger:2020-03-16 19:37:16.836984 https://yijuxiyuan.fang.com/
Logger:2020-03-16 19:37:17.193691 https://wanxiangchuntian.fang.com/
Logger:2020-03-16 19:37:19.067343 https://fengdanlishe029.fang.com/
Logger:2020-03-16 19:37:19.440898 https://zizaishan.fang.com/
Logger:2020-03-16 19:37:21.705582 https://nanxingtaijl.fang.com/
Logger:2020-03-16 19:37:22.068608 https://guanlanshanlj.fang.com/
Logger:2020-03-16 19:37:22.484456 https://jiuyuedutl.fang.com/
Logger:2020-03-16 19:37:26.528652 https://xian.newhouse.fang.com/house/s/b923/
Logger:2020-03-16 19:37:26.989504 https://huanqiuxianzhongxin.fang.com/
Logger:2020-03-16 19:37:29.145677 https://xindong.fang.com/
Logger:2020-03-16 19:37:29.528655 https://baogelixiaozhen.fang.com/
Logger:2020-03-16 19:37:29.920810 https://shuianmingzhu029.fang.com/
Logger:2020-03-16 19:37:30.409435 https://yuandiyihao.fang.com/
Logger:2020-03-16 19:37:30.750562 https://gongguanyihao.fang.com/
Logger:2020-03-16 19:37:31.155066 https://xianyangguiyujiangnanlc.fang.com/
Logger:2020-03-16 19:37:31.541035 https://yingtai.fang.com/
Logger:2020-03-16 19:37:31.967931 https://wanxianghuihrzd.fang.com/
Logger:2020-03-16 19:37:33.716315 https://longqiaoruiyuan.fang.com/
Logger:2020-03-16 19:37:34.115224 https://linfengzunhui.fang.com/zhuzhai/
Logger:2020-03-16 19:37:34.508204 https://aoyunhuafu.fang.com/
Logger:2020-03-16 19:37:34.978957 https://tangfengjiayuby.fang.com/
Logger:2020-03-16 19:37:35.367905 https://1668xinshidaiguangchang.fang.com/
Logger:2020-03-16 19:37:35.686104 https://hanjingmingdu.fang.com/
Logger:2020-03-16 19:37:36.081260 https://yousebojincheng.fang.com/
Logger:2020-03-16 19:37:36.548112 https://shidaizhongxinyw.fang.com/
Logger:2020-03-16 19:37:36.899167 https://sailisiyihao.fang.com/
Logger:2020-03-16 19:37:37.216328 https://zhonggangguojiyf.fang.com/
Logger:2020-03-16 19:37:37.549986 https://gaoxinzhihuiguangchang.fang.com/
Logger:2020-03-16 19:37:41.247606 https://xian.newhouse.fang.com/house/s/b924/
Logger:2020-03-16 19:37:41.715042 https://baihuanguoji.fang.com/
Logger:2020-03-16 19:37:42.082032 https://gtxagjrcds.fang.com/
Logger:2020-03-16 19:37:42.433119 https://xingdaojiari2.fang.com/
Logger:2020-03-16 19:37:42.790136 https://rongchengyungu.fang.com/
Logger:2020-03-16 19:37:43.215338 https://hantangxinduhui.fang.com/shop/
Logger:2020-03-16 19:37:43.562853 https://xinjiexinjiefangcy.fang.com/
Logger:2020-03-16 19:37:43.899259 https://dongwangguanyu.fang.com/
Logger:2020-03-16 19:37:44.332086 https://linkaicheng029.fang.com/
Logger:2020-03-16 19:37:44.870705 https://xiangshanhongye.fang.com/
Logger:2020-03-16 19:37:45.230956 https://yuanzidmg.fang.com/
Logger:2020-03-16 19:37:45.681739 https://jiabaogongyuanyuemomdd.fang.com/
Logger:2020-03-16 19:37:47.627055 https://fengtaihuayuanygc.fang.com/
Logger:2020-03-16 19:37:49.113525 https://gongyuxfxc.fang.com/
Logger:2020-03-16 19:37:49.480028 https://wanliutianyue.fang.com/
Logger:2020-03-16 19:37:49.934811 https://taiyichenghl.fang.com/
Logger:2020-03-16 19:37:50.531426 https://baogelixiaozhenrh029.fang.com/
Logger:2020-03-16 19:37:53.703781 https://yuheshangyuan029.fang.com/
Logger:2020-03-16 19:37:54.114156 https://dawochengjl.fang.com/
Logger:2020-03-16 19:37:54.553221 https://yantatianchenlh.fang.com/
Logger:2020-03-16 19:37:57.583489 https://shuibanwanxiaoyuan.fang.com/villa/
Logger:2020-03-16 19:38:01.435909 https://xian.newhouse.fang.com/house/s/b925/
Logger:2020-03-16 19:38:01.827856 https://nanhuqihao.fang.com/
Logger:2020-03-16 19:38:02.229388 https://3haoloft.fang.com/
Logger:2020-03-16 19:38:02.688129 https://taoyuanmanbu.fang.com/
Logger:2020-03-16 19:38:03.117004 https://daduhuixy.fang.com/
Logger:2020-03-16 19:38:03.549211 https://wandagongguanxadmg.fang.com/
Logger:2020-03-16 19:38:04.060291 https://chongwenshangxue.fang.com/
Logger:2020-03-16 19:38:04.495195 https://donganyangguang.fang.com/
Logger:2020-03-16 19:38:04.891229 https://junyushijialg2029.fang.com/
Logger:2020-03-16 19:38:05.322135 https://wenyiguangchanghx.fang.com/shop/
Logger:2020-03-16 19:38:05.722059 https://shenglongguangchang.fang.com/
Logger:2020-03-16 19:38:06.069794 https://xibuyungu029.fang.com/2/
Logger:2020-03-16 19:38:06.422455 https://jiankanghuachenghy.fang.com/
Logger:2020-03-16 19:38:06.861169 https://cuitixuefulhc.fang.com/
Logger:2020-03-16 19:38:07.432599 https://xiangshuwanmw.fang.com/
Logger:2020-03-16 19:38:08.038607 https://zggjslzxiparkgy.fang.com/
Logger:2020-03-16 19:38:08.395047 https://tiantanjiayuan029.fang.com/
Logger:2020-03-16 19:38:08.919162 https://ekegongyujhyf.fang.com/
Logger:2020-03-16 19:38:09.334051 https://bomadu.fang.com/
Logger:2020-03-16 19:38:09.745920 https://huangchengmeiju.fang.com/
Logger:2020-03-16 19:38:10.246647 https://zunguiyifanggx.fang.com/
Logger:2020-03-16 19:38:13.779062 https://xian.newhouse.fang.com/house/s/b926/
Logger:2020-03-16 19:38:14.181988 https://gaoxinzunyu.fang.com/
Logger:2020-03-16 19:38:14.607812 https://bailuxigu029.fang.com/
Logger:2020-03-16 19:38:14.980772 https://saigaoyuefu.fang.com/
Logger:2020-03-16 19:38:15.510355 https://tianehu029.fang.com/
Logger:2020-03-16 19:38:15.946907 https://xianheguojishequnanqu.fang.com/
Logger:2020-03-16 19:38:16.310713 https://shuiandongcheng.fang.com/
Logger:2020-03-16 19:38:16.618912 https://guojigongyu029.fang.com/
Logger:2020-03-16 19:38:17.009871 https://wanlianfeicuiwan.fang.com/
Logger:2020-03-16 19:38:17.419747 https://xinbeijujf.fang.com/
Logger:2020-03-16 19:38:17.832214 https://muketiandi.fang.com/
Logger:2020-03-16 19:38:18.266082 https://xiangxieshuian029.fang.com/
Logger:2020-03-16 19:38:18.760730 https://bopaishidaifh.fang.com/
Logger:2020-03-16 19:38:19.117930 https://xibuhuigu.fang.com/
Logger:2020-03-16 19:38:21.195228 https://minghongzhongxindk.fang.com/2/
Logger:2020-03-16 19:38:23.060750 https://linghangyuechen.fang.com/
Logger:2020-03-16 19:38:23.499783 https://mixiangjunjt.fang.com/
Logger:2020-03-16 19:38:23.892709 https://chengshiguangchangyb.fang.com/
Logger:2020-03-16 19:38:24.334526 https://flxahqspmyg.fang.com/
Logger:2020-03-16 19:38:24.664843 https://changledasha029.fang.com/office/
Logger:2020-03-16 19:38:25.076344 https://fengjingguoji029.fang.com/
Logger:2020-03-16 19:38:28.883495 https://xian.newhouse.fang.com/house/s/b927/
Logger:2020-03-16 19:38:29.266128 https://zhongxinguangchanghtc.fang.com/
Logger:2020-03-16 19:38:29.633117 https://tbsytzlq.fang.com/
Logger:2020-03-16 19:38:30.074935 https://yujingmingdoubh.fang.com/
Logger:2020-03-16 19:38:30.517752 https://liwandao.fang.com/
Logger:2020-03-16 19:38:30.942614 https://changyingtiandizj.fang.com/
Logger:2020-03-16 19:38:32.015389 https://soubaozhongxin.fang.com/
Logger:2020-03-16 19:38:32.341025 https://shengshiyihaoks.fang.com/
Logger:2020-03-16 19:38:32.753876 https://weiyangguoji.fang.com/
Logger:2020-03-16 19:38:33.073299 https://xian.newhouse.fang.com/house/3610190398.htm
Logger:2020-03-16 19:38:33.475221 https://jingduguoji029.fang.com/
Logger:2020-03-16 19:38:33.791404 https://moerzhongxin.fang.com/office/
Logger:2020-03-16 19:38:34.430530 https://sihaizhongxin.fang.com/
Logger:2020-03-16 19:38:34.758420 https://jingguangzhongxinhs.fang.com/
Logger:2020-03-16 19:38:35.069547 https://yahongshidaiguangchang.fang.com/
Logger:2020-03-16 19:38:35.398654 https://hubeidasha029.fang.com/
Logger:2020-03-16 19:38:35.731787 https://xixian6eguoji.fang.com/
Logger:2020-03-16 19:38:36.072526 https://guojiztrc.fang.com/office/
Logger:2020-03-16 19:38:36.495102 https://caihongguzr.fang.com/
Logger:2020-03-16 19:38:36.857132 https://dengduchengxxgz.fang.com/
Logger:2020-03-16 19:38:37.198220 https://xichengmoerlj.fang.com/shop/
Logger:2020-03-16 19:38:40.743294 https://xian.newhouse.fang.com/house/s/b928/
Logger:2020-03-16 19:38:41.357676 https://longanjuzgyd.fang.com/shop/
Logger:2020-03-16 19:38:41.707710 https://xiangsongguojichenghh.fang.com/shop/
Logger:2020-03-16 19:38:42.057810 https://shuanglongyuanzhulh029.fang.com/
Logger:2020-03-16 19:38:42.541048 https://ziyingtai.fang.com/
Logger:2020-03-16 19:38:43.033050 https://luhubandao.fang.com/
Logger:2020-03-16 19:38:43.457912 https://chuangxiangyuansjl.fang.com/
Logger:2020-03-16 19:38:45.474981 https://yuemeiguoji029.fang.com/
Logger:2020-03-16 19:38:45.923785 https://guoruncheng.fang.com/
Logger:2020-03-16 19:38:48.203088 https://yanmingshuyu.fang.com/
Logger:2020-03-16 19:38:48.617373 https://chengshizhuchangzs029.fang.com/
Logger:2020-03-16 19:38:48.994351 https://shiyuanshoufu.fang.com/
Logger:2020-03-16 19:38:49.412262 https://wangzuocheng.fang.com/
Logger:2020-03-16 19:38:52.123832 https://xianheguojishequ.fang.com/
Logger:2020-03-16 19:38:52.554140 https://zhongguotiejianqingxiucheng.fang.com/
Logger:2020-03-16 19:38:53.743160 https://diyichengky.fang.com/
Logger:2020-03-16 19:38:54.257094 https://huijuyingyueqsxc.fang.com/
Logger:2020-03-16 19:38:54.624076 https://tangyangongguan.fang.com/
Logger:2020-03-16 19:38:57.632918 https://jwfmstbd.fang.com/
Logger:2020-03-16 19:38:58.175779 https://xinhuaquexxct.fang.com/
Logger:2020-03-16 19:38:59.898129 https://xian.newhouse.fang.com/house/3610190396.htm
Logger:2020-03-16 19:39:03.672512 https://xian.newhouse.fang.com/house/s/b929/
Logger:2020-03-16 19:39:04.061472 https://longbowanlf.fang.com/
Logger:2020-03-16 19:39:04.436512 https://xaxtdjrzx2.fang.com/
Logger:2020-03-16 19:39:04.919719 https://guiyuefuhc.fang.com/
Logger:2020-03-16 19:39:05.308917 https://ziqidonglai.fang.com/
Logger:2020-03-16 19:39:07.726379 https://xiangjiangwan.fang.com/
Logger:2020-03-16 19:39:08.222572 https://qinhanguojidj.fang.com/
Logger:2020-03-16 19:39:08.555329 https://feng6gongguan.fang.com/
Logger:2020-03-16 19:39:08.954224 https://shiyuanyuefu.fang.com/
Logger:2020-03-16 19:39:09.387066 https://manyuewan029.fang.com/
Logger:2020-03-16 19:39:09.822193 https://lvdizhongxinxa.fang.com/
Logger:2020-03-16 19:39:10.154864 https://bolinchuntian029.fang.com/
Logger:2020-03-16 19:39:10.617602 https://xianglinjun.fang.com/
Logger:2020-03-16 19:39:11.095320 https://shuianhuacheng029.fang.com/
Logger:2020-03-16 19:39:11.604497 https://huanqiumaoyizhongxinxa.fang.com/shop/
Logger:2020-03-16 19:39:11.952361 https://wanxiangchengjinjiehr.fang.com/
Logger:2020-03-16 19:39:12.304857 https://taibaixian.fang.com/
Logger:2020-03-16 19:39:12.711773 https://ganenshidaiguangchang.fang.com/
Logger:2020-03-16 19:39:13.192548 https://binpenggongyu.fang.com/
Logger:2020-03-16 19:39:13.626753 https://lvchenglanyuan029.fang.com/
Logger:2020-03-16 19:39:14.031645 https://tianhumingjun.fang.com/
Logger:2020-03-16 19:39:17.743142 https://xian.newhouse.fang.com/house/s/b930/
Logger:2020-03-16 19:39:18.191934 https://yinzuohuayuan.fang.com/
Logger:2020-03-16 19:39:18.708347 https://0913nsgg.fang.com/
Logger:2020-03-16 19:39:19.117070 https://lazxznjzgy.fang.com/
Logger:2020-03-16 19:39:19.520008 https://xinouzhou.fang.com/
Logger:2020-03-16 19:39:20.859182 https://feicuitianyuwk2.fang.com/shop/
Logger:2020-03-16 19:39:21.281002 https://yihaoguoji.fang.com/
Logger:2020-03-16 19:39:21.654001 https://taiheju3.fang.com/
Logger:2020-03-16 19:39:24.551598 https://guojiguangchangfs.fang.com/
Logger:2020-03-16 19:39:25.018350 https://huichengjinxiu.fang.com/
Logger:2020-03-16 19:39:25.394344 https://aijuxinyuan.fang.com/
Logger:2020-03-16 19:39:25.853235 https://jiuzhouyijingwan.fang.com/
Logger:2020-03-16 19:39:26.244408 https://xintiandifdzm.fang.com/
Logger:2020-03-16 19:39:26.593033 https://crosswanxianghuiekgy.fang.com/
Logger:2020-03-16 19:39:27.006926 https://dongfangchuanqiwk.fang.com/shop/
Logger:2020-03-16 19:39:27.368575 https://chenglidasha2.fang.com/
Logger:2020-03-16 19:39:27.717889 https://meipodonganzq.fang.com/1/
Logger:2020-03-16 19:39:28.105028 https://xiandianzidalou.fang.com/
Logger:2020-03-16 19:39:28.563822 https://daminggongwk.fang.com/shop/
Logger:2020-03-16 19:39:28.916857 https://huihaotiancheng.fang.com/
Logger:2020-03-16 19:39:29.345377 https://191382.fang.com/
Logger:2020-03-16 19:39:33.222310 https://xian.newhouse.fang.com/house/s/b931/
Logger:2020-03-16 19:39:33.601287 https://kunyuantimezhongxin.fang.com/
Logger:2020-03-16 19:39:34.035124 https://xinchanganguangchang.fang.com/2/
Logger:2020-03-16 19:39:34.369231 https://baimagongguan029.fang.com/
Logger:2020-03-16 19:39:34.711327 https://taibaiyijing.fang.com/
Logger:2020-03-16 19:39:35.884415 https://feiyangshidai029.fang.com/
Logger:2020-03-16 19:39:36.337233 https://zhongjiandasha029.fang.com/
Logger:2020-03-16 19:39:36.653448 https://jingtaicheng.fang.com/
Logger:2020-03-16 19:39:37.015861 https://pengbodasha.fang.com/shop/
Logger:2020-03-16 19:39:37.366621 https://qinghuayuan029.fang.com/2/
Logger:2020-03-16 19:39:37.714692 https://xibeiguojinzhongxin.fang.com/
Logger:2020-03-16 19:39:38.066750 https://dongfangyixiangcheng.fang.com/
Logger:2020-03-16 19:39:38.499424 https://uparkguoji.fang.com/
Logger:2020-03-16 19:39:38.841544 https://nmsdgc.fang.com/
Logger:2020-03-16 19:39:39.184706 https://xxgjwcxz.fang.com/
Logger:2020-03-16 19:39:39.516818 https://xishuibogongguan.fang.com/
Logger:2020-03-16 19:39:39.883837 https://riyuegongguan029.fang.com/
Logger:2020-03-16 19:39:40.317801 https://wanxiangchuntian.fang.com/shop/
Logger:2020-03-16 19:39:40.682830 https://mingfengguojiguangchang.fang.com/
Logger:2020-03-16 19:39:41.058826 https://gaoxinshidaiguangchang.fang.com/shop/
Logger:2020-03-16 19:39:41.589987 https://zijunguanlanximazhuzhaixiaoqu.fang.com/
Logger:2020-03-16 19:39:45.005947 https://xian.newhouse.fang.com/house/s/b932/
Logger:2020-03-16 19:39:45.392914 https://mengxiang100hx.fang.com/
Logger:2020-03-16 19:39:45.784740 https://shuijingxintiandi.fang.com/
Logger:2020-03-16 19:39:47.373136 https://gaoxincoloursun.fang.com/
Logger:2020-03-16 19:39:47.731833 https://sihaitangrenjie.fang.com/
Logger:2020-03-16 19:39:48.154345 https://banshanqiyetiandi.fang.com/
Logger:2020-03-16 19:39:48.500424 https://kejidashahk.fang.com/
Logger:2020-03-16 19:39:48.841483 https://qihangshidaiguangchang.fang.com/office/
Logger:2020-03-16 19:39:49.182599 https://hanguochengjl.fang.com/
Logger:2020-03-16 19:39:49.553767 https://jiahezhongxin.fang.com/
Logger:2020-03-16 19:39:49.948187 https://yunguguojibd.fang.com/
Logger:2020-03-16 19:39:50.263352 https://chaoyangguojiguangchang.fang.com/office/
Logger:2020-03-16 19:39:50.651307 https://jinwanhuiyh.fang.com/
Logger:2020-03-16 19:39:51.028631 https://dongchengxinshi.fang.com/
Logger:2020-03-16 19:39:51.485747 https://kunxiangjiutianhf.fang.com/shop/
Logger:2020-03-16 19:39:51.917409 https://jinrongguangchangzh.fang.com/
Logger:2020-03-16 19:39:52.218574 https://hanyunshouzuo.fang.com/shop/
Logger:2020-03-16 19:39:52.563650 https://chaoyangxinshijie.fang.com/office/
Logger:2020-03-16 19:39:52.913918 https://gaoxinshijie.fang.com/
Logger:2020-03-16 19:39:53.243555 https://chuangyishidaizhongxin.fang.com/
Logger:2020-03-16 19:39:53.680577 https://jiaweiofficepark.fang.com/
Logger:2020-03-16 19:39:57.355057 https://xian.newhouse.fang.com/house/s/b933/
Logger:2020-03-16 19:39:57.747600 https://shangwuzhongxinkgxc.fang.com/
Logger:2020-03-16 19:39:58.069736 https://tianehu029.fang.com/shop/
Logger:2020-03-16 19:39:58.419826 https://wankepuyue.fang.com/
Logger:2020-03-16 19:39:58.856121 https://zhenguanfuzs.fang.com/
Logger:2020-03-16 19:39:59.209185 https://wankegongyuandadao.fang.com/
Logger:2020-03-16 19:40:02.565305 https://fenghuangchiqj.fang.com/
Logger:2020-03-16 19:40:06.708632 https://momopark.fang.com/
Logger:2020-03-16 19:40:07.233206 https://gaoxinlingyu.fang.com/
Logger:2020-03-16 19:40:07.633590 https://taibaishanxia.fang.com/
Logger:2020-03-16 19:40:11.202178 https://xiangongguan.fang.com/
Logger:2020-03-16 19:40:11.683207 https://yuanchuangguoji029.fang.com/
Logger:2020-03-16 19:40:12.087003 https://huafuyuyuan029.fang.com/
Logger:2020-03-16 19:40:12.496988 https://taibaiqilinfu.fang.com/
Logger:2020-03-16 19:40:12.903896 https://laiancheng.fang.com/
Logger:2020-03-16 19:40:13.401565 https://huananchengxa.fang.com/
Logger:2020-03-16 19:40:13.753193 https://guanyuanyllj.fang.com/
Logger:2020-03-16 19:40:14.166188 https://wanzhongguoji.fang.com/
Logger:2020-03-16 19:40:14.528287 https://yuetingrsl.fang.com/
Logger:2020-03-16 19:40:15.069770 https://junyuefangtdy029.fang.com/
Logger:2020-03-16 19:40:15.580053 https://luyuanhuafu.fang.com/
Logger:2020-03-16 19:40:18.943431 https://xian.newhouse.fang.com/house/s/b934/
Logger:2020-03-16 19:40:19.332427 https://yicuiyuanxiansiqi.fang.com/
Logger:2020-03-16 19:40:19.752155 https://kaiyuanchengzj.fang.com/
Logger:2020-03-16 19:40:20.165046 https://langchengongyu.fang.com/
Logger:2020-03-16 19:40:20.695597 https://baoanziyun.fang.com/
Logger:2020-03-16 19:40:21.386340 https://yihejun029.fang.com/
Logger:2020-03-16 19:40:21.863861 https://lingdihydyyj.fang.com/
Logger:2020-03-16 19:40:24.874099 https://shaoyuditiecheng.fang.com/
Logger:2020-03-16 19:40:25.393734 https://huafugongguiyuan.fang.com/
Logger:2020-03-16 19:40:25.884392 https://80niandai.fang.com/
Logger:2020-03-16 19:40:26.276348 https://gongyuanfudidx.fang.com/
Logger:2020-03-16 19:40:26.659950 https://rongchengjinghui.fang.com/
Logger:2020-03-16 19:40:29.544825 https://hanlin17fang.fang.com/
Logger:2020-03-16 19:40:29.994605 https://huashanchengzh029.fang.com/
Logger:2020-03-16 19:40:30.459385 https://zijunchengshilifang.fang.com/
Logger:2020-03-16 19:40:32.824719 https://gongyuanxinshiji.fang.com/
Logger:2020-03-16 19:40:35.617659 https://qjbblyshy.fang.com/
Logger:2020-03-16 19:40:38.068077 https://liuhefangty.fang.com/
Logger:2020-03-16 19:40:38.475779 https://jiangshanyueyk.fang.com/
Logger:2020-03-16 19:40:38.880633 https://zuoanjunjing.fang.com/
Logger:2020-03-16 19:40:39.314503 https://shangzhongxin.fang.com/
Logger:2020-03-16 19:40:42.791641 https://xian.newhouse.fang.com/house/s/b935/
Logger:2020-03-16 19:40:43.199558 https://shangqiaowanxx.fang.com/
Logger:2020-03-16 19:40:43.727509 https://hebianxiaoshutz.fang.com/
Logger:2020-03-16 19:40:44.139781 https://qingchunhuics029.fang.com/
Logger:2020-03-16 19:40:44.663381 https://jinkaiyufu.fang.com/
Logger:2020-03-16 19:40:45.069168 https://fengdongilifang.fang.com/office/
Logger:2020-03-16 19:40:45.485696 https://jiujinyihao.fang.com/
Logger:2020-03-16 19:40:45.937347 https://qunxianbeifuhx.fang.com/
Logger:2020-03-16 19:40:46.445016 https://lehuacheng.fang.com/shop/
Logger:2020-03-16 19:40:46.764712 https://xakmcshy.fang.com/
Logger:2020-03-16 19:40:47.182142 https://yunduogongyu029.fang.com/
Logger:2020-03-16 19:40:47.643940 https://hnsljx.fang.com/
Logger:2020-03-16 19:40:48.134582 https://shoufushangyuan.fang.com/
Logger:2020-03-16 19:40:48.748717 https://jinsejiayuan029.fang.com/
Logger:2020-03-16 19:40:49.192376 https://chuanghaidashald.fang.com/
Logger:2020-03-16 19:40:49.623207 https://shijiyoupan.fang.com/
Logger:2020-03-16 19:40:50.008743 https://ccmall.fang.com/
Logger:2020-03-16 19:40:50.381556 https://binshuihuacheng.fang.com/
Logger:2020-03-16 19:40:50.806591 https://lantianlvdilishanhuacheng.fang.com/
Logger:2020-03-16 19:40:51.225475 https://hepangongguan029.fang.com/
Logger:2020-03-16 19:40:51.722720 https://fengdongwangcheng.fang.com/
Logger:2020-03-16 19:40:55.429625 https://xian.newhouse.fang.com/house/s/b936/
Logger:2020-03-16 19:40:55.811421 https://jinrongchengcb.fang.com/
Logger:2020-03-16 19:40:56.189397 https://jinlinggongyu029.fang.com/
Logger:2020-03-16 19:40:56.590345 https://bandaoguangchangky.fang.com/shop/
Logger:2020-03-16 19:40:56.939689 https://yongweigaoxinziyuan.fang.com/
Logger:2020-03-16 19:40:57.257386 https://feicuiguobinwk.fang.com/shop/
Logger:2020-03-16 19:40:57.632382 https://yunshijie.fang.com/
Logger:2020-03-16 19:40:57.958538 https://baihualinguoji.fang.com/
Logger:2020-03-16 19:40:58.422145 https://qujiangsoho.fang.com/
Logger:2020-03-16 19:40:58.809148 https://furongxintiandi029.fang.com/
Logger:2020-03-16 19:41:04.571931 https://chanbayayuan.fang.com/
Logger:2020-03-16 19:41:04.952656 https://tianlangquyuantingxiang.fang.com/
Logger:2020-03-16 19:41:05.422384 https://jinlingguangchang029.fang.com/
Logger:2020-03-16 19:41:05.840265 https://guowangdegongyu.fang.com/
Logger:2020-03-16 19:41:06.190330 https://jinyulanwanwk029.fang.com/shop/
Logger:2020-03-16 19:41:09.508411 https://xingfudongjun.fang.com/
Logger:2020-03-16 19:41:12.615475 https://youyichengxy029.fang.com/
Logger:2020-03-16 19:41:13.005452 https://shenganguangchang.fang.com/
Logger:2020-03-16 19:41:13.370486 https://xiushuilantian029.fang.com/
Logger:2020-03-16 19:41:13.703865 https://danjiangyayuandjrh.fang.com/
Logger:2020-03-16 19:41:14.087920 https://meiyuanloushang.fang.com/
Logger:2020-03-16 19:41:17.914106 https://xian.newhouse.fang.com/house/s/b937/
Logger:2020-03-16 19:41:18.255271 https://xuhuizhongxin.fang.com/
Logger:2020-03-16 19:41:18.737799 https://jinyuezhongxinhy.fang.com/
Logger:2020-03-16 19:41:19.221046 https://annaxibd.fang.com/
Logger:2020-03-16 19:41:19.698736 https://donghaishijizhongxin.fang.com/
Logger:2020-03-16 19:41:23.477746 https://yangguangxinchengdc.fang.com/
Logger:2020-03-16 19:41:23.878708 https://191658.fang.com/
Logger:2020-03-16 19:41:24.269899 https://xingfusoho.fang.com/
Logger:2020-03-16 19:41:24.603635 https://gaoshanliushuihecheng.fang.com/shop/
Logger:2020-03-16 19:41:25.111315 https://jinmaoguojith.fang.com/office/
Logger:2020-03-16 19:41:25.462885 https://wanyuechenghd.fang.com/
Logger:2020-03-16 19:41:25.885339 https://yibaigongguanxx.fang.com/
Logger:2020-03-16 19:41:26.263770 https://grxajrzx.fang.com/
Logger:2020-03-16 19:41:26.684631 https://changjianchengxa.fang.com/
Logger:2020-03-16 19:41:27.266141 https://lefuguojigongyu.fang.com/office/
Logger:2020-03-16 19:41:27.665082 https://guojichengjy.fang.com/
Logger:2020-03-16 19:41:28.462459 https://jinghuju029.fang.com/
Logger:2020-03-16 19:41:28.994711 https://yangguangyucheng.fang.com/
Logger:2020-03-16 19:41:29.376700 https://lantianweichengfengjing.fang.com/
Logger:2020-03-16 19:41:29.730270 https://wangzuoguoji.fang.com/
Logger:2020-03-16 19:41:30.017496 https://xinyuemingyuan.fang.com/
Logger:2020-03-16 19:41:33.437771 https://xian.newhouse.fang.com/house/s/b938/
Logger:2020-03-16 19:41:33.793819 https://yanxiangguangchang.fang.com/
Logger:2020-03-16 19:41:34.098015 https://huazhouchengtianfeng.fang.com/
Logger:2020-03-16 19:41:34.421717 https://rouhejiudianldxshc.fang.com/
Logger:2020-03-16 19:41:34.698421 https://xianxingshengyuan.fang.com/
Logger:2020-03-16 19:41:35.031528 https://xinjiayuanjw.fang.com/
Logger:2020-03-16 19:41:35.445999 https://jingweichuntian029.fang.com/
Logger:2020-03-16 19:41:35.801601 https://fengminghuafu2.fang.com/
Logger:2020-03-16 19:41:36.141820 https://shuiandongfanggs.fang.com/shop/
Logger:2020-03-16 19:41:36.517489 https://lantianfuyuanxiaoqu.fang.com/
Logger:2020-03-16 19:41:36.851613 https://haifucheng029.fang.com/
Logger:2020-03-16 19:41:37.183723 https://jingxiutianxia.fang.com/
Logger:2020-03-16 19:41:37.534822 https://sljrzx.fang.com/
Logger:2020-03-16 19:41:37.776790 https://tigerguoji.fang.com/
Logger:2020-03-16 19:41:38.124017 https://shijiguangchanghx.fang.com/
Logger:2020-03-16 19:41:38.449217 https://guojizhongxinxa.fang.com/office/
Logger:2020-03-16 19:41:41.132429 https://zhongyuguojicheng.fang.com/
Logger:2020-03-16 19:41:41.381263 https://xegjgg.fang.com/
Logger:2020-03-16 19:41:41.673474 https://dongfangguojizhongxin029.fang.com/
Logger:2020-03-16 19:41:42.006583 https://xinchengid.fang.com/
Logger:2020-03-16 19:41:42.305782 https://yaheweyu.fang.com/
Logger:2020-03-16 19:41:45.564011 https://xian.newhouse.fang.com/house/s/b939/
Logger:2020-03-16 19:41:45.873694 https://longfalongbowan.fang.com/
Logger:2020-03-16 19:41:46.190845 https://chaoyangguojiguangchang.fang.com/
Logger:2020-03-16 19:41:46.578816 https://ruihaidashald.fang.com/
Logger:2020-03-16 19:41:46.831133 https://hangtianqiyeshu.fang.com/
Logger:2020-03-16 19:41:47.068540 https://taiheshidaiguangchang.fang.com/
Logger:2020-03-16 19:41:47.376735 https://wangdu.fang.com/
Logger:2020-03-16 19:41:47.643022 https://hefugongguan.fang.com/
Logger:2020-03-16 19:41:47.961170 https://huanancheng2haojiaoyiguangchangxa.fang.com/
Logger:2020-03-16 19:41:48.229453 https://xingkelaguangchang.fang.com/
Logger:2020-03-16 19:41:48.494459 https://longjidasha029.fang.com/
Logger:2020-03-16 19:41:48.768446 https://guanghezhongxinxh.fang.com/office/
Logger:2020-03-16 19:41:49.049800 https://oukaizongbu.fang.com/
Logger:2020-03-16 19:41:49.423917 https://jiuruju.fang.com/
Logger:2020-03-16 19:41:49.763984 https://zhongtiebingfenxincheng.fang.com/
Logger:2020-03-16 19:41:50.057200 https://sanqiaoguojiqipeicheng.fang.com/
Logger:2020-03-16 19:41:50.355979 https://milaguojigongyu.fang.com/
Logger:2020-03-16 19:41:50.753917 https://tongzhoufu.fang.com/
Logger:2020-03-16 19:41:51.200015 https://shangshuiyuanwq.fang.com/
Logger:2020-03-16 19:41:51.505197 https://jingweiguojizhongxin.fang.com/
Logger:2020-03-16 19:41:51.788439 https://banmamenggongguan.fang.com/
Logger:2020-03-16 19:41:55.569261 https://xian.newhouse.fang.com/house/s/b940/
Logger:2020-03-16 19:41:55.960429 https://litichengshiyihao.fang.com/
Logger:2020-03-16 19:41:56.247513 https://jingyishijia.fang.com/
Logger:2020-03-16 19:41:57.472236 https://xinyuanzhongxin029.fang.com/
Logger:2020-03-16 19:41:57.734127 https://guojichengjinjiely.fang.com/
Logger:2020-03-16 19:41:58.117419 https://daxingjuntl.fang.com/shop/
Logger:2020-03-16 19:41:58.452877 https://shangshangguoji.fang.com/
Logger:2020-03-16 19:41:58.717170 https://guojiyiyuan.fang.com/
Logger:2020-03-16 19:41:58.993432 https://bashuiyuyuan.fang.com/
Logger:2020-03-16 19:41:59.270689 https://diwudadaogx.fang.com/
Logger:2020-03-16 19:41:59.552934 https://caifuzhongxin029.fang.com/3/
Logger:2020-03-16 19:41:59.887040 https://tianhaofenghui.fang.com/
Logger:2020-03-16 19:42:00.173465 https://hongxinguojihuayuan.fang.com/shop/
Logger:2020-03-16 19:42:00.545557 https://jinpinhuizhanshijiecheng.fang.com/
Logger:2020-03-16 19:42:01.071179 https://zimaozhongxinsy.fang.com/
Logger:2020-03-16 19:42:01.328490 https://zgxbxawzfzfzcyy.fang.com/
Logger:2020-03-16 19:42:01.737396 https://haobusikafz029.fang.com/
Logger:2020-03-16 19:42:02.051992 https://huazheyanxiguangchang.fang.com/
Logger:2020-03-16 19:42:04.400899 https://wangzuochenghaidebaopark.fang.com/
Logger:2020-03-16 19:42:04.695113 https://dashidaith.fang.com/
Logger:2020-03-16 19:42:04.988328 https://yiheshengshi029.fang.com/shop/
Logger:2020-03-16 19:42:08.954735 https://xian.newhouse.fang.com/house/s/b941/
Logger:2020-03-16 19:42:09.251250 https://linkguoji.fang.com/
Logger:2020-03-16 19:42:09.532070 https://hanhuacheng2.fang.com/
Logger:2020-03-16 19:42:09.828241 https://weirandasha.fang.com/
Logger:2020-03-16 19:42:10.103506 https://dfgjsjscyy.fang.com/
Logger:2020-03-16 19:42:10.458145 https://wuxingguoji029.fang.com/
Logger:2020-03-16 19:42:10.782370 https://meiyugelou.fang.com/
Logger:2020-03-16 19:42:11.143468 https://fedgjcfzx.fang.com/shop/
Logger:2020-03-16 19:42:11.479505 https://yujinghaotingth.fang.com/shop/
Logger:2020-03-16 19:42:11.783692 https://xuefushouzuo.fang.com/shop/
Logger:2020-03-16 19:42:12.030069 https://weilaigangzc.fang.com/
Logger:2020-03-16 19:42:12.300353 https://zhengshangguoji.fang.com/
Logger:2020-03-16 19:42:12.602004 https://kangfulubst.fang.com/
Logger:2020-03-16 19:42:12.863599 https://datangguo029.fang.com/
Logger:2020-03-16 19:42:13.240553 https://weishuihaoting.fang.com/
Logger:2020-03-16 19:42:13.540750 https://fengjingjiaye.fang.com/shop/
Logger:2020-03-16 19:42:13.819004 https://dadongshi.fang.com/
Logger:2020-03-16 19:42:14.128218 https://shuyuanxingjiexd.fang.com/
Logger:2020-03-16 19:42:14.455033 https://gaochuanguangchang.fang.com/
Logger:2020-03-16 19:42:14.809813 https://jiarishangyeguangchanghd.fang.com/
Logger:2020-03-16 19:42:15.081089 https://jiarihuachengjt.fang.com/shop/
Logger:2020-03-16 19:42:19.349677 https://xian.newhouse.fang.com/house/s/b942/
Logger:2020-03-16 19:42:19.671741 https://xibujinrongzg.fang.com/office/
Logger:2020-03-16 19:42:19.931045 https://slgjcymgc.fang.com/
Logger:2020-03-16 19:42:20.325037 https://shenglangguoji.fang.com/
Logger:2020-03-16 19:42:20.649124 https://gaoxindaduhui.fang.com/office/
Logger:2020-03-16 19:42:21.080504 https://191464.fang.com/
Logger:2020-03-16 19:42:21.361752 https://zhujiangxincheng2029.fang.com/shop/
Logger:2020-03-16 19:42:21.676938 https://qintangguojilh.fang.com/
Logger:2020-03-16 19:42:22.043064 https://hanyuanguoji.fang.com/
Logger:2020-03-16 19:42:22.310509 https://daxingjinjie.fang.com/
Logger:2020-03-16 19:42:22.591681 https://anchengyuhuayuan.fang.com/shop/
Logger:2020-03-16 19:42:22.858966 https://271316.fang.com/
Logger:2020-03-16 19:42:23.101318 https://huaerguoji.fang.com/shop/
Logger:2020-03-16 19:42:23.444399 https://wenhuazhongxinguangchang.fang.com/
Logger:2020-03-16 19:42:23.693421 https://huayumeiju.fang.com/office/
Logger:2020-03-16 19:42:23.977283 https://shangpinxijie029.fang.com/
Logger:2020-03-16 19:42:25.275002 https://lantiangaochuanguangchang.fang.com/
Logger:2020-03-16 19:42:25.559305 https://longfazhaohuitianjie.fang.com/
Logger:2020-03-16 19:42:25.879432 https://linfengzunhui.fang.com/
Logger:2020-03-16 19:42:26.162265 https://xigangguojihuayuan.fang.com/shop/
Logger:2020-03-16 19:42:26.445804 https://jianghaoguangchang.fang.com/
Logger:2020-03-16 19:42:30.380543 https://xian.newhouse.fang.com/house/s/b943/
Logger:2020-03-16 19:42:30.743652 https://tongzhouli.fang.com/
Logger:2020-03-16 19:42:31.091747 https://zhaohuitianjielf.fang.com/shop/
Logger:2020-03-16 19:42:31.398899 https://yuyuanguangchangzn.fang.com/
Logger:2020-03-16 19:42:31.646234 https://shipinchanyeyuanxa.fang.com/
Logger:2020-03-16 19:42:31.917027 https://wuzhouohho.fang.com/
Logger:2020-03-16 19:42:32.192780 https://guojizhongxinrh029.fang.com/office/
Logger:2020-03-16 19:42:32.652772 https://tianyuekailaijiudianrh.fang.com/
Logger:2020-03-16 19:42:32.923051 https://wuxingzhengpin.fang.com/shop/
Logger:2020-03-16 19:42:33.266134 https://smartchanquanshidujiajiudian.fang.com/
Logger:2020-03-16 19:42:33.575304 https://yanminghuwk.fang.com/
Logger:2020-03-16 19:42:36.009206 https://heshanzrj.fang.com/
Logger:2020-03-16 19:42:36.384167 https://feicuitianyuwk.fang.com/
Logger:2020-03-16 19:42:36.791043 https://jinhaianlg.fang.com/
Logger:2020-03-16 19:42:37.167037 https://dongfangchenyuanrc.fang.com/
Logger:2020-03-16 19:42:37.644282 https://lantuhuigu.fang.com/
Logger:2020-03-16 19:42:37.981380 https://lanhaifengzhongxin.fang.com/office/
Logger:2020-03-16 19:42:38.288708 https://huayangjinjie.fang.com/
Logger:2020-03-16 19:42:38.563962 https://zwchccxzx.fang.com/
Logger:2020-03-16 19:42:42.140257 https://xian.newhouse.fang.com/house/s/b944/
Logger:2020-03-16 19:42:45.765707 https://xian.newhouse.fang.com/house/s/b945/
Logger:2020-03-16 19:42:49.364662 https://xian.newhouse.fang.com/house/s/b946/
