Logger:2020-03-16 11:05:30.799445 https://xiangyang.newhouse.fang.com/house/s/b91/
Logger:2020-03-16 11:05:31.121419 https://hongtaizhongyanggongyuan.fang.com/
Logger:2020-03-16 11:05:31.434973 https://tianebaohqc0710.fang.com/
Logger:2020-03-16 11:05:31.818584 https://122236.fang.com/
Logger:2020-03-16 11:05:32.258978 https://lgmjbd.fang.com/
Logger:2020-03-16 11:05:32.544069 https://zhongyangguangchangld0710.fang.com/
Logger:2020-03-16 11:05:32.893648 https://jinyuxuefuzx.fang.com/
Logger:2020-03-16 11:05:33.209832 https://panggongbieyuanmf.fang.com/
Logger:2020-03-16 11:05:33.527409 https://yujianghaotingdr.fang.com/
Logger:2020-03-16 11:05:33.892283 https://hengdayufu0710.fang.com/
Logger:2020-03-16 11:05:34.306643 https://shijichengdj.fang.com/
Logger:2020-03-16 11:05:34.637120 https://zhuangyuanfuzj.fang.com/
Logger:2020-03-16 11:05:34.987798 https://xianglongguoji0710.fang.com/
Logger:2020-03-16 11:05:35.339801 https://xiangyulantinghy.fang.com/
Logger:2020-03-16 11:05:35.688344 https://feicuilongtingxyhd.fang.com/
Logger:2020-03-16 11:05:36.003295 https://shuiyunshugt.fang.com/
Logger:2020-03-16 11:05:37.160269 https://hbzy.newhouse.fang.com/house/2635284458.htm
Logger:2020-03-16 11:05:37.493233 https://hengdayujing0710.fang.com/
Logger:2020-03-16 11:05:37.843069 https://xiangyangfugt.fang.com/
Logger:2020-03-16 11:05:38.128255 https://yajuyuexiyue.fang.com/
Logger:2020-03-16 11:05:38.413153 https://yiheshanyuan.fang.com/
Logger:2020-03-16 11:05:41.744402 https://xiangyang.newhouse.fang.com/house/s/b92/
Logger:2020-03-16 11:05:42.059984 https://shanhewanli.fang.com/
Logger:2020-03-16 11:05:42.345471 https://xinghuichenghtyx.fang.com/
Logger:2020-03-16 11:05:45.326823 https://yufuhjm.fang.com/
Logger:2020-03-16 11:05:45.673776 https://yuxibgy.fang.com/
Logger:2020-03-16 11:05:48.804197 https://dongfangmoerbensx.fang.com/
Logger:2020-03-16 11:05:50.942202 https://xintiandixy.fang.com/
Logger:2020-03-16 11:05:53.287316 https://balidushi2.fang.com/
Logger:2020-03-16 11:05:53.621836 https://haishangwuyuehuabl0710.fang.com/
Logger:2020-03-16 11:05:53.951747 https://wuyueguangchangxy.fang.com/
Logger:2020-03-16 11:05:54.284974 https://jiujieshibaxiang.fang.com/
Logger:2020-03-16 11:05:54.633393 https://qinghechenghx.fang.com/
Logger:2020-03-16 11:05:54.935938 https://jiayuechengbgy.fang.com/
Logger:2020-03-16 11:05:55.322247 https://ycbgy0710.fang.com/
Logger:2020-03-16 11:05:55.793777 https://xyctzrf.fang.com/
Logger:2020-03-16 11:05:56.188808 https://hanshuihuacheng.fang.com/
Logger:2020-03-16 11:05:56.507795 https://zhongliang0710.fang.com/
Logger:2020-03-16 11:05:56.810729 https://huaerjiezj.fang.com/
Logger:2020-03-16 11:05:57.142258 https://huangshimingzhu.fang.com/
Logger:2020-03-16 11:05:57.490736 https://zhihuichengtr.fang.com/
Logger:2020-03-16 11:05:57.819705 https://binjiangzhengrongfu.fang.com/
Logger:2020-03-16 11:06:01.677723 https://xiangyang.newhouse.fang.com/house/s/b93/
Logger:2020-03-16 11:06:11.114057 https://xinghuibgy0710.fang.com/
Logger:2020-03-16 11:06:15.840125 https://fuchunshanju0710.fang.com/
Logger:2020-03-16 11:06:16.154508 https://zghcsly.fang.com/
Logger:2020-03-16 11:06:16.458795 https://shangdongjunpx.fang.com/
Logger:2020-03-16 11:06:16.824216 https://shuianguojichengjzd.fang.com/
Logger:2020-03-16 11:06:17.260014 https://8haogongguantr.fang.com/
Logger:2020-03-16 11:06:17.701267 https://hongxingguoji0710.fang.com/
Logger:2020-03-16 11:06:18.061417 https://benchangyuecheng.fang.com/
Logger:2020-03-16 11:06:18.393012 https://zhongliangshoufu0710.fang.com/
Logger:2020-03-16 11:06:18.714971 https://xingyuelimf.fang.com/
Logger:2020-03-16 11:06:19.010150 https://jingchenshidai.fang.com/
Logger:2020-03-16 11:06:19.315427 https://zeyuanoudian.fang.com/
Logger:2020-03-16 11:06:19.656813 https://xzyhcsgy.fang.com/
Logger:2020-03-16 11:06:19.949954 https://donglanansp.fang.com/
Logger:2020-03-16 11:06:20.250510 https://shanheshijia.fang.com/
Logger:2020-03-16 11:06:20.850048 https://xiangyangyuanzigt.fang.com/
Logger:2020-03-16 11:06:21.197285 https://rongqiaocheng0710.fang.com/
Logger:2020-03-16 11:06:21.501312 https://shijironghuaziweiyuan.fang.com/
Logger:2020-03-16 11:06:21.771306 https://dfhyxs.fang.com/
Logger:2020-03-16 11:06:22.075428 https://shengtangguoji0710.fang.com/
Logger:2020-03-16 11:06:25.926840 https://xiangyang.newhouse.fang.com/house/s/b94/
Logger:2020-03-16 11:06:26.214778 https://dongyihaotr.fang.com/
Logger:2020-03-16 11:06:26.515877 https://xiangtoujincheng.fang.com/
Logger:2020-03-16 11:06:26.846705 https://xianglongguojihr.fang.com/
Logger:2020-03-16 11:06:27.127925 https://chengshizhiguangym3.fang.com/
Logger:2020-03-16 11:06:27.479689 https://chengshizhiguangym2.fang.com/
Logger:2020-03-16 11:06:27.791551 https://taobaoshengtaichengzb.fang.com/
Logger:2020-03-16 11:06:28.099802 https://huangjinshidaibgy0710.fang.com/
Logger:2020-03-16 11:06:28.429645 https://hexinbeijun.fang.com/
Logger:2020-03-16 11:06:31.223702 https://hanjiangyipinmf.fang.com/
Logger:2020-03-16 11:06:31.527176 https://xinlihongyanggongyuan1873.fang.com/
Logger:2020-03-16 11:06:31.858635 https://guosetianxiang0710.fang.com/
Logger:2020-03-16 11:06:32.253570 https://xianglinyuan.fang.com/
Logger:2020-03-16 11:06:32.543087 https://yihehuafuhbjt20710.fang.com/
Logger:2020-03-16 11:06:32.860389 https://xinyuechengxt.fang.com/
Logger:2020-03-16 11:06:33.141959 https://mengxiangxiaozhen.fang.com/
Logger:2020-03-16 11:06:33.503784 https://huijinguojixc.fang.com/
Logger:2020-03-16 11:06:33.871729 https://shangchenghuayuan0710.fang.com/
Logger:2020-03-16 11:06:36.617918 https://shuianxinchengjd.fang.com/
Logger:2020-03-16 11:06:36.930844 https://kqgjc.fang.com/
Logger:2020-03-16 11:06:37.299117 https://guotouyuanshu.fang.com/
Logger:2020-03-16 11:06:41.210128 https://xiangyang.newhouse.fang.com/house/s/b95/
Logger:2020-03-16 11:06:41.468469 https://guotouyuanshu.fang.com/
Logger:2020-03-16 11:06:41.797879 https://gongyuanshijiazx.fang.com/
Logger:2020-03-16 11:06:42.133802 https://sijichengty.fang.com/
Logger:2020-03-16 11:06:42.434310 https://xinchengyuejunnz.fang.com/
Logger:2020-03-16 11:06:42.751603 https://qixixiaozhen.fang.com/
Logger:2020-03-16 11:06:43.070228 https://zhongyanggonguandt.fang.com/
Logger:2020-03-16 11:06:43.402637 https://dihuaxigu.fang.com/
Logger:2020-03-16 11:06:43.754378 https://longtinghuafu0710.fang.com/
Logger:2020-03-16 11:06:46.652613 https://zyhdsjgc.fang.com/
Logger:2020-03-16 11:06:46.972049 https://fuguijincheng.fang.com/
Logger:2020-03-16 11:06:47.335254 https://yichengshuianxingdu.fang.com/
Logger:2020-03-16 11:06:47.637873 https://4qulifangtinggongyudjsjc.fang.com/
Logger:2020-03-16 11:06:47.910061 https://junlinshanzhenyu.fang.com/
Logger:2020-03-16 11:06:48.194232 https://xiangyangtianxiahk.fang.com/
Logger:2020-03-16 11:06:48.559256 https://hanlinfuft.fang.com/
Logger:2020-03-16 11:06:48.891499 https://hanjiangguojilaoniangongyu.fang.com/
Logger:2020-03-16 11:06:49.194903 https://shuangzizhongxinwzc.fang.com/
Logger:2020-03-16 11:06:49.511086 https://haotianguangchang.fang.com/
Logger:2020-03-16 11:06:49.892824 https://heyunhuayuandf.fang.com/
Logger:2020-03-16 11:06:50.206181 https://pengchengrunjingzf.fang.com/2/
Logger:2020-03-16 11:06:53.865603 https://xiangyang.newhouse.fang.com/house/s/b96/
Logger:2020-03-16 11:06:54.143206 https://xiangyangguojishangmaochengzh.fang.com/
Logger:2020-03-16 11:06:54.475032 https://putuolongwan.fang.com/
Logger:2020-03-16 11:06:54.777150 https://dongtaihupanyihao.fang.com/
Logger:2020-03-16 11:06:55.061730 https://xiangtoujincheng2.fang.com/
Logger:2020-03-16 11:06:55.394380 https://dongtangbinjiang.fang.com/
Logger:2020-03-16 11:06:55.726188 https://lanhaigongguanld.fang.com/
Logger:2020-03-16 11:06:56.043496 https://qiaofengjinyu.fang.com/
Logger:2020-03-16 11:06:56.365393 https://gongyuhcsp.fang.com/
Logger:2020-03-16 11:06:56.645710 https://fengyuandijing0710.fang.com/
Logger:2020-03-16 11:06:58.088244 https://zijinghuayuan0710.fang.com/4/
Logger:2020-03-16 11:06:59.195727 https://lhk.newhouse.fang.com/house/2634284608.htm
Logger:2020-03-16 11:06:59.453571 https://ziyuntaidl.fang.com/
Logger:2020-03-16 11:06:59.754179 https://lvdizhongyangguangchang0710.fang.com/
Logger:2020-03-16 11:07:00.075540 https://longtinghuafuay.fang.com/
Logger:2020-03-16 11:07:00.390211 https://guojiqingnianchengzf.fang.com/
Logger:2020-03-16 11:07:00.801799 https://rongqiaoyuefurqc.fang.com/
Logger:2020-03-16 11:07:01.100673 https://chuduxincheng.fang.com/
Logger:2020-03-16 11:07:03.308240 https://shanshuihuafu0710.fang.com/
Logger:2020-03-16 11:07:06.130305 https://hjygy0710.fang.com/
Logger:2020-03-16 11:07:06.460765 https://hbyc.newhouse.fang.com/house/2636284642.htm
Logger:2020-03-16 11:07:10.299211 https://xiangyang.newhouse.fang.com/house/s/b97/
Logger:2020-03-16 11:07:10.570044 https://shidaishangyuanjc.fang.com/
Logger:2020-03-16 11:07:14.517194 https://shidaitianjie.fang.com/
Logger:2020-03-16 11:07:14.806599 https://tianmaochengfx.fang.com/
Logger:2020-03-16 11:07:15.172432 https://hbyc.newhouse.fang.com/house/2636284640.htm
Logger:2020-03-16 11:07:15.817477 https://mengxiangcheng0710.fang.com/
Logger:2020-03-16 11:07:16.167302 https://xixianggongguanyl.fang.com/
Logger:2020-03-16 11:07:17.309119 https://lhk.newhouse.fang.com/house/2634284612.htm
Logger:2020-03-16 11:07:17.611146 https://shunanjiayuan.fang.com/
Logger:2020-03-16 11:07:17.910234 https://huafushuangzixingsstx.fang.com/
Logger:2020-03-16 11:07:19.211828 https://lhk.newhouse.fang.com/house/2634284610.htm
Logger:2020-03-16 11:07:19.513407 https://xinchengyuejun0710.fang.com/
Logger:2020-03-16 11:07:19.801613 https://hbzy.newhouse.fang.com/house/2635284480.htm
Logger:2020-03-16 11:07:20.100091 https://changshengjiayuan0710.fang.com/
Logger:2020-03-16 11:07:20.434350 https://xhzfslsyj.fang.com/
Logger:2020-03-16 11:07:20.853940 https://fenghuangxincheng0710.fang.com/
Logger:2020-03-16 11:07:21.132210 https://dinglanshequ.fang.com/
Logger:2020-03-16 11:07:21.416658 https://zhongyanglingdijx.fang.com/
Logger:2020-03-16 11:07:21.704829 https://wolongguzhen.fang.com/
Logger:2020-03-16 11:07:22.065533 https://gcgjmyc.fang.com/
Logger:2020-03-16 11:07:22.337781 https://xiangyangshipinshangmaochengxhz.fang.com/
Logger:2020-03-16 11:07:26.027068 https://xiangyang.newhouse.fang.com/house/s/b98/
Logger:2020-03-16 11:07:26.347162 https://xingheguojijh.fang.com/
Logger:2020-03-16 11:07:26.686265 https://xiangyangshipinshangmaochengxhz.fang.com/
Logger:2020-03-16 11:07:27.338527 https://tianjiaohuating0710.fang.com/
Logger:2020-03-16 11:07:27.663611 https://zuobiaochengsj.fang.com/
Logger:2020-03-16 11:07:27.930187 https://hbyc.newhouse.fang.com/house/2636284644.htm
Logger:2020-03-16 11:07:28.341060 https://gedexiaozhen.fang.com/
Logger:2020-03-16 11:07:28.614125 https://shanshuihuafulanhuayuan.fang.com/
Logger:2020-03-16 11:07:28.973900 https://shanshuichuanqizj.fang.com/2/
Logger:2020-03-16 11:07:29.367872 https://guangguguoji0710.fang.com/
Logger:2020-03-16 11:07:29.739382 https://guobangjiashijiegc.fang.com/
Logger:2020-03-16 11:07:30.135246 https://shangpinshangjie.fang.com/
Logger:2020-03-16 11:07:30.456364 https://dingfengguoji.fang.com/
Logger:2020-03-16 11:07:30.861086 https://daoanfuyuan.fang.com/
Logger:2020-03-16 11:07:31.173501 https://hfyhngwblzx.fang.com/
Logger:2020-03-16 11:07:31.493161 https://guojishangpinbolanchengqf.fang.com/
Logger:2020-03-16 11:07:31.805672 https://guojixinchenggc.fang.com/
Logger:2020-03-16 11:07:36.034225 https://bjxfdxynfcpbly.fang.com/
Logger:2020-03-16 11:07:36.321001 https://jmjgjsmc.fang.com/
Logger:2020-03-16 11:07:36.703887 https://zhongrunyunbang.fang.com/
Logger:2020-03-16 11:07:37.126760 https://shouxinguojiguangchang.fang.com/
Logger:2020-03-16 11:07:40.804315 https://xiangyang.newhouse.fang.com/house/s/b99/
Logger:2020-03-16 11:07:41.015137 https://gmdsbmgc.fang.com/
Logger:2020-03-16 11:07:44.784531 https://xiangyang.newhouse.fang.com/house/s/b910/
Logger:2020-03-16 11:07:48.276329 https://xiangyang.newhouse.fang.com/house/s/b911/
Logger:2020-03-16 11:07:51.755818 https://xiangyang.newhouse.fang.com/house/s/b912/
