Logger:2020-03-16 12:04:25.061976 https://xiangxiang.newhouse.fang.com/house/s/b91/
Logger:2020-03-16 12:04:25.305283 https://xiangxinagyanxinghuachnegerqi.fang.com/
Logger:2020-03-16 12:04:25.596504 https://xiangxiangzhunchengshuian.fang.com/
Logger:2020-03-16 12:04:25.917719 https://xiangxiangbgy.fang.com/
Logger:2020-03-16 12:04:26.794323 https://kelaxiaozhen.fang.com/
Logger:2020-03-16 12:04:27.017740 https://tixiangzundi.fang.com/
Logger:2020-03-16 12:04:27.278048 https://yuyuanyifu0731.fang.com/
Logger:2020-03-16 12:04:27.576252 https://dinglongshijia.fang.com/
Logger:2020-03-16 12:04:27.812611 https://xiangxiangyanxingshangpinguoji.fang.com/
Logger:2020-03-16 12:04:28.111823 https://wlyhgg20731.fang.com/
Logger:2020-03-16 12:04:28.347157 https://wandahuafu0731.fang.com/
Logger:2020-03-16 12:04:28.651332 https://gunlcsyf.fang.com/
Logger:2020-03-16 12:04:28.956553 https://xinlonglidu.fang.com/
Logger:2020-03-16 12:04:30.926246 https://xxbgyhy.fang.com/
Logger:2020-03-16 12:04:31.196522 https://xiangxiangxintanganzhixiao.fang.com/
Logger:2020-03-16 12:04:31.464843 https://qifenghuating20731.fang.com/
Logger:2020-03-16 12:04:31.763049 https://myssw0731.fang.com/2/
Logger:2020-03-16 12:04:32.040308 https://xiangxiangkangkangguoji.fang.com/
Logger:2020-03-16 12:04:32.443188 https://yqtyhy0731.fang.com/
Logger:2020-03-16 12:04:33.193182 https://xiangxiangdongshanguoji.fang.com/
Logger:2020-03-16 12:04:33.487393 https://xiangtanguangchangwandawdhf.fang.com/
Logger:2020-03-16 12:04:36.712765 https://xiangxiang.newhouse.fang.com/house/s/b92/
Logger:2020-03-16 12:04:36.888332 https://160400.fang.com/
Logger:2020-03-16 12:04:37.918583 https://nananxingjie0731.fang.com/
Logger:2020-03-16 12:04:41.500003 https://xiangxiang.newhouse.fang.com/house/s/b93/
Logger:2020-03-16 12:04:45.062429 https://xiangxiang.newhouse.fang.com/house/s/b94/
Logger:2020-03-16 12:04:48.519226 https://xiangxiang.newhouse.fang.com/house/s/b95/
