Logger:2020-03-16 11:24:21.130334 https://xiantao.newhouse.fang.com/house/s/b91/
Logger:2020-03-16 11:24:21.420219 https://slgjcxd.fang.com/
Logger:2020-03-16 11:24:21.759506 https://fengherili0728.fang.com/
Logger:2020-03-16 11:24:22.074059 https://shidaitianjiao0728.fang.com/
Logger:2020-03-16 11:24:22.425789 https://shanglinxianyuan.fang.com/
Logger:2020-03-16 11:24:22.780145 https://lvdihuating.fang.com/
Logger:2020-03-16 11:24:23.127631 https://nantianxincheng.fang.com/
Logger:2020-03-16 11:24:23.424584 https://mianyangyuefu.fang.com/
Logger:2020-03-16 11:24:23.736477 https://shijiyangguangcheng0728.fang.com/
Logger:2020-03-16 11:24:24.017834 https://jianghanzhixing.fang.com/
Logger:2020-03-16 11:24:25.876634 https://yuhushijia0728.fang.com/
Logger:2020-03-16 11:24:26.220265 https://jidishijia.fang.com/
Logger:2020-03-16 11:24:26.533419 https://kangwanyipin.fang.com/
Logger:2020-03-16 11:24:26.830056 https://mianyangxuefuyuan.fang.com/
Logger:2020-03-16 11:24:27.189504 https://jingxiujiangshanruiyuan.fang.com/
Logger:2020-03-16 11:24:27.469971 https://mingsenxfmd.fang.com/
Logger:2020-03-16 11:24:27.736066 https://baonengwanxiangcheng.fang.com/
Logger:2020-03-16 11:24:28.079672 https://xiantaobiguiyuan0728.fang.com/
Logger:2020-03-16 11:24:30.594091 https://weilaichengyt.fang.com/
Logger:2020-03-16 11:24:32.573631 https://mianyangtianzeyuan.fang.com/
Logger:2020-03-16 11:24:32.902967 https://chuntiantaohuayuan.fang.com/
Logger:2020-03-16 11:24:36.261597 https://xiantao.newhouse.fang.com/house/s/b92/
Logger:2020-03-16 11:24:36.590191 https://xiantaomantingchun.fang.com/
Logger:2020-03-16 11:24:36.889352 https://jianqiaomingdi0728.fang.com/
Logger:2020-03-16 11:24:39.478333 https://mianyanggongguan.fang.com/
Logger:2020-03-16 11:24:39.813130 https://yinhulingxiucheng.fang.com/
Logger:2020-03-16 11:24:40.134527 https://ylstc.fang.com/
Logger:2020-03-16 11:24:40.415664 https://mianyangqinghuayuan.fang.com/
Logger:2020-03-16 11:24:40.716090 https://dushigaoerfu.fang.com/
Logger:2020-03-16 11:24:41.060248 https://nanguomingzhu0728.fang.com/
Logger:2020-03-16 11:24:41.356723 https://xiantaobiguiyuan.fang.com/
Logger:2020-03-16 11:24:41.638236 https://mantingchunmoma.fang.com/
Logger:2020-03-16 11:24:41.951742 https://binjiangmantingchunmoma.fang.com/
Logger:2020-03-16 11:24:42.248353 https://jinxiujiangshanwangfu.fang.com/
Logger:2020-03-16 11:24:42.545178 https://xiantaobieyuan.fang.com/
Logger:2020-03-16 11:24:42.804339 https://zirunshangchengzs.fang.com/
Logger:2020-03-16 11:24:43.116589 https://momjtddmtc.fang.com/
Logger:2020-03-16 11:24:43.391681 https://taizihu.fang.com/
Logger:2020-03-16 11:24:45.748684 https://yinhucheng.fang.com/
Logger:2020-03-16 11:24:46.060863 https://jingangruijing.fang.com/
Logger:2020-03-16 11:24:48.267511 https://mingrunju.fang.com/
Logger:2020-03-16 11:24:48.658674 https://hongshengxiandaicheng0728.fang.com/
Logger:2020-03-16 11:24:51.892873 https://xiantao.newhouse.fang.com/house/s/b93/
Logger:2020-03-16 11:24:52.174092 https://lanchengfengqixiangjiang.fang.com/
Logger:2020-03-16 11:24:52.440066 https://jinhuashoufu.fang.com/
Logger:2020-03-16 11:24:52.799490 https://jhpyncpdsc.fang.com/
Logger:2020-03-16 11:24:53.064783 https://cocotianjie.fang.com/
Logger:2020-03-16 11:24:55.341913 https://aiputianruigongguan.fang.com/
Logger:2020-03-16 11:24:55.623046 https://furongdasha0728.fang.com/
Logger:2020-03-16 11:24:55.982337 https://ytxsjbxj.fang.com/
Logger:2020-03-16 11:24:58.372398 https://wanshangchuangfugang.fang.com/
Logger:2020-03-16 11:24:58.669464 https://shandehuafu.fang.com/
Logger:2020-03-16 11:24:58.935452 https://xtqcc.fang.com/
Logger:2020-03-16 11:25:00.752082 https://dahonglinlihui.fang.com/
Logger:2020-03-16 11:25:01.017477 https://hdjcjjsc.fang.com/
Logger:2020-03-16 11:25:01.234058 https://yunfeidadongmen.fang.com/
Logger:2020-03-16 11:25:01.468377 https://hjjcjjdsc.fang.com/
Logger:2020-03-16 11:25:01.796494 https://xinchenghuayuan0728.fang.com/
Logger:2020-03-16 11:25:05.920451 https://xiantao.newhouse.fang.com/house/s/b94/
Logger:2020-03-16 11:25:09.466368 https://xiantao.newhouse.fang.com/house/s/b95/
Logger:2020-03-16 11:25:13.147105 https://xiantao.newhouse.fang.com/house/s/b96/
