Logger:2020-03-16 11:17:49.857225 https://xiaogan.newhouse.fang.com/house/s/b91/
Logger:2020-03-16 11:17:50.194424 https://tianzongyufu0712.fang.com/
Logger:2020-03-16 11:17:52.028190 https://yuhuayuan0712.fang.com/
Logger:2020-03-16 11:17:52.297309 https://hangtianchengfp.fang.com/
Logger:2020-03-16 11:17:52.636619 https://jiapanruifu.fang.com/
Logger:2020-03-16 11:17:52.957291 https://shengshijiayuan0712.fang.com/
Logger:2020-03-16 11:17:53.249612 https://libiaohuanheyihaoyuan.fang.com/
Logger:2020-03-16 11:17:53.575301 https://saidakangcheng.fang.com/
Logger:2020-03-16 11:17:55.755578 https://yuhuyuanzhuzl.fang.com/
Logger:2020-03-16 11:17:56.059378 https://jingangshangcheng0712.fang.com/
Logger:2020-03-16 11:17:56.359225 https://jinyuguoji0712.fang.com/
Logger:2020-03-16 11:17:58.557282 https://xnhht.fang.com/
Logger:2020-03-16 11:17:58.900625 https://yihaoguangchang.fang.com/
Logger:2020-03-16 11:17:59.185465 https://huashaboyuan.fang.com/
Logger:2020-03-16 11:17:59.440848 https://xintiandijq0712.fang.com/
Logger:2020-03-16 11:17:59.741082 https://chengzhanlushangyejiexhz.fang.com/
Logger:2020-03-16 11:18:00.073283 https://yihehuafuhbjt.fang.com/
Logger:2020-03-16 11:18:00.352226 https://huafu0712.fang.com/
Logger:2020-03-16 11:18:00.712330 https://cszgbgy.fang.com/
Logger:2020-03-16 11:18:02.958259 https://baolixiangsong0712.fang.com/
Logger:2020-03-16 11:18:03.306046 https://dingguanshijiehb.fang.com/
Logger:2020-03-16 11:18:07.093512 https://xiaogan.newhouse.fang.com/house/s/b92/
Logger:2020-03-16 11:18:07.365441 https://biguiyuanxg.fang.com/
Logger:2020-03-16 11:18:07.728258 https://gongyuantianxiahh.fang.com/
Logger:2020-03-16 11:18:08.016105 https://shiguanglimomadd0712.fang.com/
Logger:2020-03-16 11:18:08.314905 https://tianhekongquecheng.fang.com/
Logger:2020-03-16 11:18:08.571714 https://dawubiguiyuan.fang.com/
Logger:2020-03-16 11:18:08.917409 https://bgyzygy0712.fang.com/
Logger:2020-03-16 11:18:09.236534 https://yunmengbiguiyuanchuyuntai.fang.com/
Logger:2020-03-16 11:18:09.506378 https://shidaichengbgy0712.fang.com/
Logger:2020-03-16 11:18:09.808529 https://saidashuiancheng0712.fang.com/
Logger:2020-03-16 11:18:10.155074 https://xinchengxiyue0712.fang.com/
Logger:2020-03-16 11:18:10.492015 https://xinchengyuejuan.fang.com/
Logger:2020-03-16 11:18:10.858279 https://chengjiwengehua.fang.com/
Logger:2020-03-16 11:18:11.189068 https://yutingyuan0712.fang.com/
Logger:2020-03-16 11:18:11.488420 https://cszygc0712.fang.com/
Logger:2020-03-16 11:18:14.284535 https://baoligongguan0712.fang.com/
Logger:2020-03-16 11:18:14.580733 https://huayaotiancheng.fang.com/
Logger:2020-03-16 11:18:18.698813 https://wutongjunhch.fang.com/
Logger:2020-03-16 11:18:18.973538 https://junyuewanbd.fang.com/
Logger:2020-03-16 11:18:19.280269 https://baliyinxiang.fang.com/
Logger:2020-03-16 11:18:22.490563 https://dingguanshijiecl.fang.com/
Logger:2020-03-16 11:18:26.620404 https://xiaogan.newhouse.fang.com/house/s/b93/
Logger:2020-03-16 11:18:30.320941 https://feicuimingdu0712.fang.com/
Logger:2020-03-16 11:18:38.132870 https://wanjincheng0712.fang.com/
Logger:2020-03-16 11:18:39.265247 https://huaiyindonganmb.fang.com/
Logger:2020-03-16 11:18:39.585452 https://jinguiyuan0712.fang.com/
Logger:2020-03-16 11:18:39.858173 https://maofanjyc0712.fang.com/
Logger:2020-03-16 11:18:40.160946 https://dingguanshijie.fang.com/
Logger:2020-03-16 11:18:40.467654 https://hualongshangcheng.fang.com/
Logger:2020-03-16 11:18:40.969442 https://xinhuoguoji.fang.com/
Logger:2020-03-16 11:18:41.270044 https://yunhushangjing.fang.com/
Logger:2020-03-16 11:18:41.604589 https://guofenghongcheng2.fang.com/2/
Logger:2020-03-16 11:18:41.891090 https://hualongjiasheng.fang.com/
Logger:2020-03-16 11:18:42.190865 https://xinhuashidaiguangchang.fang.com/
Logger:2020-03-16 11:18:43.839450 https://dongzharuiyuan.fang.com/
Logger:2020-03-16 11:18:44.170616 https://songdakaixuanmenguangchang.fang.com/
Logger:2020-03-16 11:18:47.075152 https://zitaiguangchang.fang.com/
Logger:2020-03-16 11:18:47.362260 https://longgangguoji.fang.com/
Logger:2020-03-16 11:18:47.678874 https://ssht0712.fang.com/
Logger:2020-03-16 11:18:48.011912 https://balichengzd.fang.com/
Logger:2020-03-16 11:18:48.390397 https://tianxianchengfh.fang.com/
Logger:2020-03-16 11:18:48.709408 https://beimeijinhaianjt.fang.com/
Logger:2020-03-16 11:18:52.609973 https://xiaogan.newhouse.fang.com/house/s/b94/
Logger:2020-03-16 11:18:54.924462 https://xinghewanhz.fang.com/
Logger:2020-03-16 11:18:55.226638 https://shuianhuafu0712.fang.com/
Logger:2020-03-16 11:18:55.497533 https://zszjy.fang.com/
Logger:2020-03-16 11:18:55.781161 https://hongjingxincheng.fang.com/
Logger:2020-03-16 11:18:58.037228 https://huashalongcheng.fang.com/
Logger:2020-03-16 11:18:58.353096 https://tianlunshoufu0712.fang.com/
Logger:2020-03-16 11:18:58.625025 https://qiankunxincheng.fang.com/
Logger:2020-03-16 11:18:58.928425 https://yalanwan0712.fang.com/
Logger:2020-03-16 11:19:01.602019 https://lehuoxiaozhen0712.fang.com/
Logger:2020-03-16 11:19:01.887760 https://qifenghupan.fang.com/
Logger:2020-03-16 11:19:02.168997 https://yijingjiayuan0712.fang.com/
Logger:2020-03-16 11:19:04.087011 https://yinglunfengqing.fang.com/
Logger:2020-03-16 11:19:04.423995 https://tianyuhu.fang.com/
Logger:2020-03-16 11:19:04.753536 https://lvchengyayuan0712.fang.com/
Logger:2020-03-16 11:19:05.010222 https://guiyujiangnanlcxg.fang.com/
Logger:2020-03-16 11:19:06.702586 https://gongyuanxincheng0712.fang.com/2/
Logger:2020-03-16 11:19:07.041609 https://zhongyanggongyuanda.fang.com/
Logger:2020-03-16 11:19:09.757766 https://jinyishengang0712.fang.com/
Logger:2020-03-16 11:19:11.626427 https://jinhuicheng0712.fang.com/
Logger:2020-03-16 11:19:11.891988 https://jimeifujk.fang.com/
Logger:2020-03-16 11:19:15.887677 https://xiaogan.newhouse.fang.com/house/s/b95/
Logger:2020-03-16 11:19:17.554783 https://yihaoyuandg.fang.com/
Logger:2020-03-16 11:19:19.289969 https://nanqiaolijingyx.fang.com/
Logger:2020-03-16 11:19:19.587256 https://fenghuangjuntingasd2.fang.com/
Logger:2020-03-16 11:19:19.905586 https://gaoxinsdgc.fang.com/
Logger:2020-03-16 11:19:20.203045 https://gangjinxincheng.fang.com/
Logger:2020-03-16 11:19:20.499741 https://ruixinshijia.fang.com/
Logger:2020-03-16 11:19:20.780381 https://yujinghuayua.fang.com/
Logger:2020-03-16 11:19:21.092827 https://longshenghuating0712.fang.com/
Logger:2020-03-16 11:19:21.373995 https://yujingguandi.fang.com/
Logger:2020-03-16 11:19:21.671458 https://zhongyutiandi.fang.com/
Logger:2020-03-16 11:19:21.966522 https://dongchengjingdian0712.fang.com/
Logger:2020-03-16 11:19:22.309877 https://guobinfuhh.fang.com/
Logger:2020-03-16 11:19:22.590873 https://quanzhoutianyue.fang.com/
Logger:2020-03-16 11:19:25.308981 https://lvchengyayuan20712.fang.com/
Logger:2020-03-16 11:19:25.626504 https://xingheshengshi0712.fang.com/
Logger:2020-03-16 11:19:26.861084 https://dongsenjiuhao.fang.com/
Logger:2020-03-16 11:19:27.188635 https://zhihuichenghy.fang.com/
Logger:2020-03-16 11:19:27.501615 https://yundongxuefu.fang.com/
Logger:2020-03-16 11:19:27.813756 https://chengshiketingxw.fang.com/
Logger:2020-03-16 11:19:29.829557 https://zhuoertaohuayitywlxz.fang.com/
Logger:2020-03-16 11:19:34.012406 https://xiaogan.newhouse.fang.com/house/s/b96/
Logger:2020-03-16 11:19:34.306264 https://hanlinxuefu0712.fang.com/
Logger:2020-03-16 11:19:34.587394 https://tianxiagongguan.fang.com/
Logger:2020-03-16 11:19:34.953379 https://danyangguzhen.fang.com/
Logger:2020-03-16 11:19:35.250647 https://jiaguomingzuo.fang.com/
Logger:2020-03-16 11:19:35.536748 https://shenshuihuafu.fang.com/
Logger:2020-03-16 11:19:35.995544 https://hangkonghuayuan0712.fang.com/
Logger:2020-03-16 11:19:36.300548 https://jiulongchengjd.fang.com/
Logger:2020-03-16 11:19:36.590657 https://linglongfuxs.fang.com/
Logger:2020-03-16 11:19:36.869610 https://zhongxinqucn.fang.com/
Logger:2020-03-16 11:19:37.174859 https://fudongmingzhuhy.fang.com/
Logger:2020-03-16 11:19:39.401131 https://zdmygc.fang.com/
Logger:2020-03-16 11:19:39.690745 https://dongfanglidu0712.fang.com/
Logger:2020-03-16 11:19:39.995077 https://yipinshoufu2.fang.com/
Logger:2020-03-16 11:19:40.312467 https://gangfushangcheng.fang.com/
Logger:2020-03-16 11:19:42.090657 https://jingangyinxiang.fang.com/
Logger:2020-03-16 11:19:42.387539 https://chetiandixg.fang.com/
Logger:2020-03-16 11:19:42.669177 https://xuefujiayuan0712.fang.com/3/
Logger:2020-03-16 11:19:42.996693 https://xingfumingchengyd.fang.com/
Logger:2020-03-16 11:19:45.059132 https://huayaofudonghuayuan.fang.com/
Logger:2020-03-16 11:19:45.355934 https://yipinshangdong.fang.com/
Logger:2020-03-16 11:19:49.496584 https://xiaogan.newhouse.fang.com/house/s/b97/
Logger:2020-03-16 11:19:49.794916 https://hanlinhuafult.fang.com/
Logger:2020-03-16 11:19:50.102970 https://yijinghuating0712.fang.com/
Logger:2020-03-16 11:19:50.384288 https://yanzexindu.fang.com/
Logger:2020-03-16 11:19:50.653256 https://senlinmeichen.fang.com/
Logger:2020-03-16 11:19:50.997628 https://dongchenhuayuan.fang.com/
Logger:2020-03-16 11:19:51.246870 https://xinglongtingyuan.fang.com/
Logger:2020-03-16 11:19:51.512429 https://yingbinhuacheng.fang.com/
Logger:2020-03-16 11:19:51.778035 https://tianliyuan0712.fang.com/
Logger:2020-03-16 11:19:52.122368 https://nfgjschc.fang.com/
Logger:2020-03-16 11:19:52.387621 https://yangguangxinchengsa.fang.com/
Logger:2020-03-16 11:19:52.677610 https://jiajuguangchangtlw.fang.com/
Logger:2020-03-16 11:19:54.258859 https://jiadanyipincheng.fang.com/
Logger:2020-03-16 11:19:54.602256 https://hdtlfd.fang.com/
Logger:2020-03-16 11:19:54.892037 https://yuehushijia.fang.com/
Logger:2020-03-16 11:19:55.189289 https://huiyuanyangguang.fang.com/
Logger:2020-03-16 11:19:55.495371 https://xichenmeijing.fang.com/
Logger:2020-03-16 11:19:55.826225 https://konggangkejichengjzy0712.fang.com/
Logger:2020-03-16 11:19:56.091077 https://huifengguangchang0712.fang.com/
Logger:2020-03-16 11:19:56.372437 https://hcnfgjsc.fang.com/
Logger:2020-03-16 11:19:58.062561 https://chetiandi0712.fang.com/
Logger:2020-03-16 11:20:01.958500 https://xiaogan.newhouse.fang.com/house/s/b98/
Logger:2020-03-16 11:20:02.216069 https://hjgjds0712.fang.com/
Logger:2020-03-16 11:20:02.440433 https://fenghuangjuntingasd.fang.com/
Logger:2020-03-16 11:20:02.738091 https://jsjhc.fang.com/
Logger:2020-03-16 11:20:06.586436 https://xiaogan.newhouse.fang.com/house/s/b99/
Logger:2020-03-16 11:20:10.189484 https://xiaogan.newhouse.fang.com/house/s/b910/
Logger:2020-03-16 11:20:13.836271 https://xiaogan.newhouse.fang.com/house/s/b911/
