Logger:2020-03-16 14:31:05.451630 https://xinghua.newhouse.fang.com/house/s/b91/
Logger:2020-03-16 14:31:05.746872 https://xingkaizuanshihuayuanxh.fang.com/
Logger:2020-03-16 14:31:06.020110 https://zyhyjy.fang.com/
Logger:2020-03-16 14:31:06.351266 https://jingfankangcheng.fang.com/
Logger:2020-03-16 14:31:06.678349 https://xiziyuyuanxh.fang.com/
Logger:2020-03-16 14:31:06.936693 https://sanzixingchengxh.fang.com/
Logger:2020-03-16 14:31:07.227955 https://tianbaolingxiuchengxh.fang.com/
Logger:2020-03-16 14:31:07.529114 https://xinghuwanxh.fang.com/
Logger:2020-03-16 14:31:09.992483 https://chunjianghuayuanxh.fang.com/
Logger:2020-03-16 14:31:10.271762 https://dongfangbalixh.fang.com/
Logger:2020-03-16 14:31:10.544082 https://fenghuanggongyuxh.fang.com/
Logger:2020-03-16 14:31:10.860162 https://xinghaiwenquangongguanxh.fang.com/
Logger:2020-03-16 14:31:11.130482 https://dongfangyuefu.fang.com/
Logger:2020-03-16 14:31:11.410689 https://fengyayuanxh.fang.com/
Logger:2020-03-16 14:31:11.689942 https://yinglaidaqifachengxh.fang.com/
Logger:2020-03-16 14:31:11.977211 https://guanlanwanxh.fang.com/
Logger:2020-03-16 14:31:12.237478 https://shuirunxinduxh.fang.com/
Logger:2020-03-16 14:31:12.511744 https://yingwucaifuguangchangxh.fang.com/
Logger:2020-03-16 14:31:12.791994 https://wanjiamingchengxh.fang.com/
Logger:2020-03-16 14:31:13.108199 https://haideguojixh.fang.com/
Logger:2020-03-16 14:31:13.390435 https://dongfangmingzhuxh.fang.com/
Logger:2020-03-16 14:31:17.227167 https://xinghua.newhouse.fang.com/house/s/b92/
Logger:2020-03-16 14:31:17.463535 https://shyxh.fang.com/
Logger:2020-03-16 14:31:18.610429 https://yldgcylf.fang.com/
Logger:2020-03-16 14:31:18.887725 https://xhguojigongyu.fang.com/
Logger:2020-03-16 14:31:19.159977 https://guojigongyuerqixh.fang.com/
Logger:2020-03-16 14:31:20.434612 https://jinrunhuafuxh.fang.com/
Logger:2020-03-16 14:31:20.746759 https://hongshuwanxh.fang.com/
Logger:2020-03-16 14:31:21.004107 https://tianzeshuianxh.fang.com/
Logger:2020-03-16 14:31:21.928552 https://jinshuiwanxh.fang.com/
Logger:2020-03-16 14:31:22.283602 https://meiguiyuanxinghua.fang.com/
Logger:2020-03-16 14:31:22.580808 https://wenfengshangyejiexh.fang.com/
Logger:2020-03-16 14:31:26.117346 https://xinghua.newhouse.fang.com/house/s/b93/
Logger:2020-03-16 14:31:29.649897 https://xinghua.newhouse.fang.com/house/s/b94/
Logger:2020-03-16 14:31:33.196409 https://xinghua.newhouse.fang.com/house/s/b95/
