Logger:2020-03-16 10:16:22.986885 https://xingyang.newhouse.fang.com/house/s/b91/
Logger:2020-03-16 10:16:23.312015 https://gelinxiaochengjd0371.fang.com/
Logger:2020-03-16 10:16:23.735694 https://xintianchengdlh.fang.com/
Logger:2020-03-16 10:16:30.605383 https://148695.fang.com/
Logger:2020-03-16 10:16:30.904968 https://148183.fang.com/
Logger:2020-03-16 10:16:37.730742 https://dongrunxicheng.fang.com/
Logger:2020-03-16 10:16:38.072731 https://jiangwanchengrx.fang.com/
Logger:2020-03-16 10:16:38.489456 https://148791.fang.com/
Logger:2020-03-16 10:16:47.640032 https://wanshanhuyihaobgy.fang.com/
Logger:2020-03-16 10:16:48.060043 https://149009.fang.com/
Logger:2020-03-16 10:16:53.852563 https://148951.fang.com/
Logger:2020-03-16 10:16:54.189665 https://148443.fang.com/
Logger:2020-03-16 10:16:54.450387 https://148763.fang.com/
Logger:2020-03-16 10:16:57.689450 https://148915.fang.com/
Logger:2020-03-16 10:16:57.939151 https://148921.fang.com/
Logger:2020-03-16 10:16:58.251742 https://148667.fang.com/
Logger:2020-03-16 10:16:58.580160 https://148993.fang.com/
Logger:2020-03-16 10:16:58.845232 https://148521.fang.com/
Logger:2020-03-16 10:16:59.126187 https://148601.fang.com/
Logger:2020-03-16 10:16:59.501142 https://148091.fang.com/
Logger:2020-03-16 10:16:59.844768 https://148335.fang.com/
Logger:2020-03-16 10:17:03.674525 https://xingyang.newhouse.fang.com/house/s/b92/
Logger:2020-03-16 10:17:03.907923 https://daxidiqh.fang.com/
Logger:2020-03-16 10:17:07.403489 https://yijiangnanqh.fang.com/
Logger:2020-03-16 10:17:07.734015 https://148333.fang.com/
Logger:2020-03-16 10:17:08.047114 https://longchengtianyuebgy.fang.com/
Logger:2020-03-16 10:17:08.437349 https://xybiguiyuanlongcheng.fang.com/
Logger:2020-03-16 10:17:08.790129 https://suohewannf.fang.com/
Logger:2020-03-16 10:17:09.154512 https://149007.fang.com/
Logger:2020-03-16 10:17:13.494644 https://xingyanglixiangcheng.fang.com/
Logger:2020-03-16 10:17:13.765122 https://148961.fang.com/
Logger:2020-03-16 10:17:14.077496 https://hanyutianyuewanxy.fang.com/
Logger:2020-03-16 10:17:14.419064 https://aimeizhongxin.fang.com/
Logger:2020-03-16 10:17:14.787118 https://hengdashanshuichengxy.fang.com/
Logger:2020-03-16 10:17:15.075613 https://zhongsenyuelanshan.fang.com/
Logger:2020-03-16 10:17:15.377466 https://ziyulantingxy.fang.com/
Logger:2020-03-16 10:17:16.165095 https://xintiancheng.fang.com/
Logger:2020-03-16 10:17:16.452786 https://taichengyuefuxy.fang.com/
Logger:2020-03-16 10:17:16.752438 https://yulongzhichunxy.fang.com/
Logger:2020-03-16 10:17:17.228896 https://149063.fang.com/
Logger:2020-03-16 10:17:17.548041 https://mingyuejiangnanlc0371.fang.com/
Logger:2020-03-16 10:17:17.908111 https://yuntinggk.fang.com/
Logger:2020-03-16 10:17:22.293662 https://xingyang.newhouse.fang.com/house/s/b93/
Logger:2020-03-16 10:17:25.051882 https://149029.fang.com/
Logger:2020-03-16 10:17:25.349664 https://xijunyuanzhujy.fang.com/
Logger:2020-03-16 10:17:25.726346 https://lvyinbandao.fang.com/
Logger:2020-03-16 10:17:26.296270 https://dihuakaixuanchengxy.fang.com/
Logger:2020-03-16 10:17:26.541949 https://chengyiderunhuating.fang.com/
Logger:2020-03-16 10:17:27.306793 https://zhengshangpinxy.fang.com/
Logger:2020-03-16 10:17:27.608974 https://xylijinghuayuan.fang.com/
Logger:2020-03-16 10:17:27.974629 https://wuzhoucheng01.fang.com/
Logger:2020-03-16 10:17:31.829222 https://yuanzhengbiguiyuanxy.fang.com/
Logger:2020-03-16 10:17:33.682668 https://xingyang.newhouse.fang.com/house/2533834641.htm
Logger:2020-03-16 10:17:34.017687 https://zhengzhoubiguiyuan.fang.com/
Logger:2020-03-16 10:17:34.558928 https://zhengxixinyuanmingjia.fang.com/
Logger:2020-03-16 10:17:34.842587 https://yangguanglijy0371.fang.com/
Logger:2020-03-16 10:17:35.122218 https://148331.fang.com/
Logger:2020-03-16 10:17:35.437978 https://hailongxiangbindadaohuacheng.fang.com/
Logger:2020-03-16 10:17:35.718384 https://148579.fang.com/
Logger:2020-03-16 10:17:35.982764 https://jinshiguoji0371.fang.com/
Logger:2020-03-16 10:17:36.296619 https://haitianguojixy.fang.com/
Logger:2020-03-16 10:17:36.610432 https://aolundabuluojuyishijieguan.fang.com/
Logger:2020-03-16 10:17:37.869508 https://yishulanshan.fang.com/
Logger:2020-03-16 10:17:41.516351 https://xingyang.newhouse.fang.com/house/s/b94/
Logger:2020-03-16 10:17:41.861362 https://longxingyujingge.fang.com/
Logger:2020-03-16 10:17:42.158622 https://huidayujingyuan.fang.com/
Logger:2020-03-16 10:17:42.484706 https://nongfangsuohewan.fang.com/
Logger:2020-03-16 10:17:42.773496 https://jinlongzidongjun.fang.com/
Logger:2020-03-16 10:17:43.089441 https://zhongsenlinyumeishu.fang.com/
Logger:2020-03-16 10:17:43.380213 https://hanfeiyihaohuafu.fang.com/
Logger:2020-03-16 10:17:43.694504 https://shidaiguangchangls0371.fang.com/
Logger:2020-03-16 10:17:43.954924 https://chuangkegongshexy.fang.com/
Logger:2020-03-16 10:17:44.206213 https://xijunyuanzhu.fang.com/
Logger:2020-03-16 10:17:44.516702 https://longxingjunlintianxia.fang.com/
Logger:2020-03-16 10:17:44.822432 https://baoxiangjiayuanxy.fang.com/
Logger:2020-03-16 10:17:47.371827 https://longshengshidaiguangchang.fang.com/
Logger:2020-03-16 10:17:47.943725 https://sjshengyinglongxiwan.fang.com/
Logger:2020-03-16 10:17:48.241537 https://zhengshangxinshijie.fang.com/
Logger:2020-03-16 10:17:51.794256 https://xingyang.newhouse.fang.com/house/s/b95/
Logger:2020-03-16 10:17:55.299765 https://xingyang.newhouse.fang.com/house/s/b96/
Logger:2020-03-16 10:17:58.720244 https://xingyang.newhouse.fang.com/house/s/b97/
