Logger:2020-03-16 21:09:42.234168 https://xinjin.newhouse.fang.com/house/s/b91/
Logger:2020-03-16 21:09:42.549332 https://lanbowancd.fang.com/
Logger:2020-03-16 21:09:42.948639 https://hengdatianfuchengbang.fang.com/
Logger:2020-03-16 21:09:43.285769 https://bdzyyhyj.fang.com/
Logger:2020-03-16 21:09:43.757543 https://xinshanyuebdzy.fang.com/
Logger:2020-03-16 21:09:44.099461 https://oujunaqu028.fang.com/
Logger:2020-03-16 21:09:44.513540 https://xinjinlaomatou028.fang.com/
Logger:2020-03-16 21:09:44.911448 https://wuyangjundi.fang.com/
Logger:2020-03-16 21:09:45.296484 https://wangjinshan028.fang.com/
Logger:2020-03-16 21:09:45.690650 https://huayangniankanjinzhao.fang.com/
Logger:2020-03-16 21:09:46.079371 https://xinzhudingfeng.fang.com/
Logger:2020-03-16 21:09:46.762545 https://wanchenliuzhuang.fang.com/
Logger:2020-03-16 21:09:47.172769 https://mushanchangtan.fang.com/
Logger:2020-03-16 21:09:47.517882 https://youshanjunlh.fang.com/
Logger:2020-03-16 21:09:47.862789 https://jinkelangqiaoshuixiang028.fang.com/
Logger:2020-03-16 21:09:48.199913 https://huayudao.fang.com/
Logger:2020-03-16 21:09:48.547986 https://xinjinhdjbtx.fang.com/
Logger:2020-03-16 21:09:48.963883 https://junshanhyn.fang.com/
Logger:2020-03-16 21:09:49.299816 https://jingangwanxinjin.fang.com/
Logger:2020-03-16 21:09:52.863980 https://rongxinfeicuizhongxin028.fang.com/
Logger:2020-03-16 21:09:56.715939 https://qinfengyutingjb2028.fang.com/
Logger:2020-03-16 21:10:00.666128 https://xinjin.newhouse.fang.com/house/s/b92/
Logger:2020-03-16 21:10:00.998245 https://longguangjiulongfu2.fang.com/
Logger:2020-03-16 21:10:01.302402 https://longhushuanglongyuanzhu.fang.com/
Logger:2020-03-16 21:10:01.645552 https://liyuantianfuheyuebl.fang.com/
Logger:2020-03-16 21:10:01.982395 https://ytldshjsd.fang.com/
Logger:2020-03-16 21:10:02.383765 https://mushangaodi.fang.com/
Logger:2020-03-16 21:10:02.715853 https://mushankangqiaojun.fang.com/
Logger:2020-03-16 21:10:09.183526 https://mushanlijingzx028.fang.com/
Logger:2020-03-16 21:10:09.534548 https://nananhuatingyj.fang.com/
Logger:2020-03-16 21:10:17.309142 https://shanshuiliduxinjin.fang.com/
Logger:2020-03-16 21:10:25.922191 https://zhengtianshidaiguangchang028.fang.com/
Logger:2020-03-16 21:10:30.699429 https://taohuayuanyb.fang.com/
Logger:2020-03-16 21:10:31.026479 https://wangjiangmingmenwj.fang.com/
Logger:2020-03-16 21:10:31.472275 https://longxingongyuanshoufu.fang.com/
Logger:2020-03-16 21:10:31.834323 https://longxinyinxiangchengbangxj.fang.com/
Logger:2020-03-16 21:10:35.196048 https://yongjingyuan1.fang.com/
Logger:2020-03-16 21:10:35.557501 https://meihaozhuangyuan028.fang.com/
Logger:2020-03-16 21:10:36.031683 https://rongxinlantian028.fang.com/
Logger:2020-03-16 21:10:36.425630 https://feicuijiayuanxj.fang.com/
Logger:2020-03-16 21:10:36.940323 https://huananbandaohx.fang.com/
Logger:2020-03-16 21:10:37.275400 https://mushanlijingzx2028.fang.com/
Logger:2020-03-16 21:10:41.169825 https://xinjin.newhouse.fang.com/house/s/b93/
Logger:2020-03-16 21:10:41.409385 https://gutengbaoputaozhuangyuan.fang.com/
Logger:2020-03-16 21:10:41.781668 https://liusenxian028.fang.com/
Logger:2020-03-16 21:10:42.123732 https://xjkhypsyj.fang.com/
Logger:2020-03-16 21:10:42.450866 https://gangcaichenghjxd.fang.com/
Logger:2020-03-16 21:10:46.167179 https://xinjin.newhouse.fang.com/house/s/b94/
Logger:2020-03-16 21:10:49.817807 https://xinjin.newhouse.fang.com/house/s/b95/
Logger:2020-03-16 21:10:53.357514 https://xinjin.newhouse.fang.com/house/s/b96/
