Logger:2020-03-16 15:21:15.408392 https://xinjian.newhouse.fang.com/house/s/b91/
Logger:2020-03-16 15:21:15.837205 https://jdjmzryfh.fang.com/
Logger:2020-03-16 15:21:16.235403 https://shizhenglvchengguiyujiangnan.fang.com/
Logger:2020-03-16 15:21:16.694496 https://nanchanghengdayuelongtai.fang.com/
Logger:2020-03-16 15:21:17.097440 https://lanhaijiajubl.fang.com/
Logger:2020-03-16 15:21:17.432521 https://taohuayuanzhuhx.fang.com/
Logger:2020-03-16 15:21:17.730661 https://zhongyanggongyuanld.fang.com/
Logger:2020-03-16 15:21:18.204361 https://tinglanhuynctjt.fang.com/
Logger:2020-03-16 15:21:18.738970 https://xinjiancheng.fang.com/
Logger:2020-03-16 15:21:19.102000 https://longhuchunjiangyueming.fang.com/
Logger:2020-03-16 15:21:19.437562 https://haiyuelongfu.fang.com/
Logger:2020-03-16 15:21:19.748736 https://xinlicheng0791.fang.com/
Logger:2020-03-16 15:21:20.214455 https://jinlongwanxiaozhen.fang.com/
Logger:2020-03-16 15:21:20.659448 https://zhonghaihuxinbandao.fang.com/
Logger:2020-03-16 15:21:21.042172 https://qianhudaorc.fang.com/
Logger:2020-03-16 15:21:21.504933 https://baoliwutongyu0791.fang.com/
Logger:2020-03-16 15:21:21.975701 https://hongguhuijing.fang.com/
Logger:2020-03-16 15:21:22.297011 https://lwmsgg.fang.com/
Logger:2020-03-16 15:21:22.667788 https://xjjlyc.fang.com/
Logger:2020-03-16 15:21:23.033810 https://rzgqc.fang.com/
Logger:2020-03-16 15:21:23.392847 https://hongguhafoyuan.fang.com/
Logger:2020-03-16 15:21:26.828558 https://xinjian.newhouse.fang.com/house/s/b92/
Logger:2020-03-16 15:21:27.159012 https://huiguzhilifang.fang.com/
Logger:2020-03-16 15:21:29.742369 https://jindiyuanqingniancheng.fang.com/
Logger:2020-03-16 15:21:30.099415 https://xjrchgsjc.fang.com/
Logger:2020-03-16 15:21:30.444495 https://xinlixiyuan.fang.com/
Logger:2020-03-16 15:21:31.051495 https://zhihuihonggu.fang.com/
Logger:2020-03-16 15:21:31.421540 https://lvchuangzhongxin.fang.com/
Logger:2020-03-16 15:21:31.986904 https://zhongyanggongguanwzts.fang.com/
Logger:2020-03-16 15:21:32.337491 https://nanchangyuanzith.fang.com/
Logger:2020-03-16 15:21:32.822466 https://duhuizhiguangjdzajs.fang.com/
Logger:2020-03-16 15:21:33.136627 https://xjddgjmoma.fang.com/
Logger:2020-03-16 15:21:33.513140 https://rundiguanzhuxinjian.fang.com/
Logger:2020-03-16 15:21:33.900696 https://huanledashijie.fang.com/
Logger:2020-03-16 15:21:35.117102 https://xjlwgj.fang.com/
Logger:2020-03-16 15:21:35.436268 https://xjsjwxc.fang.com/
Logger:2020-03-16 15:21:37.985008 https://hongxingzhongaojiulongduhui.fang.com/
Logger:2020-03-16 15:21:38.438339 https://ziyunfuhr0791.fang.com/
Logger:2020-03-16 15:21:38.906088 https://chuntianli0791.fang.com/
Logger:2020-03-16 15:21:39.231220 https://xjxjzx.fang.com/
Logger:2020-03-16 15:21:39.675032 https://jiulongduhuihongxingguangchang.fang.com/
Logger:2020-03-16 15:21:40.024939 https://longhushidaixb.fang.com/
Logger:2020-03-16 15:21:44.192948 https://xinjian.newhouse.fang.com/house/s/b93/
Logger:2020-03-16 15:21:44.505912 https://xinchengwuyueguangchangxj.fang.com/
Logger:2020-03-16 15:21:44.807075 https://xjssyj.fang.com/
Logger:2020-03-16 15:21:45.165119 https://xjsjwxgc.fang.com/
Logger:2020-03-16 15:21:45.582018 [erro]&&&https://jinqilinsjbsbc.fang.com/
Logger:2020-03-16 15:21:48.861943 https://weiweilaitx.fang.com/
Logger:2020-03-16 15:21:49.243926 https://xjzshgypbs.fang.com/
Logger:2020-03-16 15:21:49.556092 https://libuhuyihao.fang.com/
Logger:2020-03-16 15:21:49.881254 https://xjyhbs.fang.com/
Logger:2020-03-16 15:21:50.236310 https://xjfyls.fang.com/
Logger:2020-03-16 15:21:50.546410 https://xjhgfs.fang.com/
Logger:2020-03-16 15:21:50.833825 https://zrhgyp.fang.com/
Logger:2020-03-16 15:21:51.155010 https://xjddmmxc.fang.com/
Logger:2020-03-16 15:21:51.519446 https://xjjygjwqc.fang.com/
Logger:2020-03-16 15:21:51.955247 https://junzhijiajiancaijiajuguangchangxj.fang.com/
Logger:2020-03-16 15:21:52.253486 https://nchzdk.fang.com/
Logger:2020-03-16 15:21:52.554643 https://xjlxmoho.fang.com/
Logger:2020-03-16 15:21:52.865841 https://cljmsc.fang.com/
Logger:2020-03-16 15:21:55.517897 https://hclys.fang.com/
Logger:2020-03-16 15:21:55.834596 https://xinliyiyuan.fang.com/
Logger:2020-03-16 15:21:59.723330 https://xinjian.newhouse.fang.com/house/s/b94/
Logger:2020-03-16 15:22:03.281802 https://xinjian.newhouse.fang.com/house/s/b95/
Logger:2020-03-16 15:22:06.717569 https://xinjian.newhouse.fang.com/house/s/b96/
