Logger:2020-03-16 13:16:03.906730 https://xinji.newhouse.fang.com/house/s/b91/
Logger:2020-03-16 13:16:04.186977 https://biguiyuantianxixj.fang.com/
Logger:2020-03-16 13:16:04.485172 https://chaoyanghuafuxj.fang.com/
Logger:2020-03-16 13:16:04.791342 https://aosenjiayuan.fang.com/
Logger:2020-03-16 13:16:05.103482 https://0311qinghewan.fang.com/
Logger:2020-03-16 13:16:05.373764 https://gongyuanshoufu0311.fang.com/
Logger:2020-03-16 13:16:05.671004 https://xingfucheng03112.fang.com/
Logger:2020-03-16 13:16:06.166638 https://zhuoxigongguan.fang.com/
Logger:2020-03-16 13:16:08.261072 https://jinghenanjun.fang.com/
Logger:2020-03-16 13:16:08.529353 https://guanzhuyihao0311.fang.com/
Logger:2020-03-16 13:16:09.975491 https://fuhuidu.fang.com/
Logger:2020-03-16 13:16:10.284622 https://shidaihuafu03112.fang.com/
Logger:2020-03-16 13:16:10.562877 https://kongquechengdy.fang.com/
Logger:2020-03-16 13:16:10.835149 https://0311tenghuilvzhou.fang.com/
Logger:2020-03-16 13:16:11.103431 https://0311baihedongyuan.fang.com/
Logger:2020-03-16 13:16:11.472487 https://tianyubgy0311.fang.com/
Logger:2020-03-16 13:16:12.017029 https://hexingjiayuanxj.fang.com/
Logger:2020-03-16 13:16:12.558585 https://tianrunguangchang0311.fang.com/
Logger:2020-03-16 13:16:12.827855 https://gelingongguan0311.fang.com/
Logger:2020-03-16 13:16:13.153986 https://xinyuanlijing0311.fang.com/
Logger:2020-03-16 13:16:15.182555 https://luchengshangyegc.fang.com/
Logger:2020-03-16 13:16:18.799843 https://xinji.newhouse.fang.com/house/s/b92/
Logger:2020-03-16 13:16:19.004345 https://fengyelanting.fang.com/
Logger:2020-03-16 13:16:19.286572 https://runchengyuefu.fang.com/
Logger:2020-03-16 13:16:19.607681 https://guoyunjiuzhang.fang.com/
Logger:2020-03-16 13:16:22.257593 https://zhongyanggongyuansz03112.fang.com/
Logger:2020-03-16 13:16:26.324712 https://xinji.newhouse.fang.com/house/s/b93/
Logger:2020-03-16 13:16:29.747556 https://xinji.newhouse.fang.com/house/s/b94/
Logger:2020-03-16 13:16:33.286131 https://xinji.newhouse.fang.com/house/s/b95/
