Logger:2020-03-16 10:24:46.556157 https://xinmi.newhouse.fang.com/house/s/b91/
Logger:2020-03-16 10:24:46.854332 https://guojilvyoudujiaquyj.fang.com/
Logger:2020-03-16 10:24:48.602464 https://lanshangongguan0371.fang.com/
Logger:2020-03-16 10:24:48.877816 https://hanlinmingjun.fang.com/
Logger:2020-03-16 10:24:49.177421 https://biguiyuanxm.fang.com/
Logger:2020-03-16 10:24:49.452130 https://jinyushangyuanyw.fang.com/
Logger:2020-03-16 10:24:53.977320 https://milanxiaozhenjr.fang.com/
Logger:2020-03-16 10:24:56.947633 https://zhengshengyangguangcheng.fang.com/
Logger:2020-03-16 10:24:57.241613 https://runkaixilingxiaozhen.fang.com/
Logger:2020-03-16 10:24:57.717472 https://zhengfenglijr.fang.com/
Logger:2020-03-16 10:24:58.023519 https://zhongqiangjijinwuan.fang.com/
Logger:2020-03-16 10:24:58.316020 https://jinxiushequ.fang.com/
Logger:2020-03-16 10:24:58.609933 https://zhenshuixiaozhenld.fang.com/
Logger:2020-03-16 10:24:58.947451 https://lanchengtaohuayuan.fang.com/
Logger:2020-03-16 10:24:59.233788 https://dahongchengyihaoxinmi.fang.com/
Logger:2020-03-16 10:25:00.590705 https://xinmi.newhouse.fang.com/house/2540793271.htm
Logger:2020-03-16 10:25:06.963740 https://zhongtangfulg.fang.com/
Logger:2020-03-16 10:25:07.345955 https://qingpingyuanyiqilingxiucheng.fang.com/
Logger:2020-03-16 10:25:07.613343 https://qimengshidai.fang.com/
Logger:2020-03-16 10:25:07.915304 https://heyuancaifuguangchangxinmi.fang.com/
Logger:2020-03-16 10:25:20.318075 https://jinyulanwanyw.fang.com/
Logger:2020-03-16 10:25:23.780462 https://xinmi.newhouse.fang.com/house/s/b92/
Logger:2020-03-16 10:25:24.160445 https://zhenshuifuyx.fang.com/
Logger:2020-03-16 10:25:26.517141 https://jinyulanwuanxinmi.fang.com/
Logger:2020-03-16 10:25:26.825316 https://guiyuanmdb.fang.com/
Logger:2020-03-16 10:25:27.141507 https://qingpingshanchengxinmi.fang.com/
Logger:2020-03-16 10:25:29.587926 https://zhenshuichengdw.fang.com/
Logger:2020-03-16 10:25:29.920037 https://zhenfuhepanwl.fang.com/
Logger:2020-03-16 10:25:30.372828 https://qiyezongbugangty.fang.com/
Logger:2020-03-16 10:25:30.773546 https://meijingshanchengxinmi.fang.com/
Logger:2020-03-16 10:25:31.367971 https://zhongqinagxiangyanghuaxinmi.fang.com/
Logger:2020-03-16 10:25:31.636308 https://huangdikangyangxiaozhenaldbl.fang.com/
Logger:2020-03-16 10:25:31.896131 https://weilaichengxinmi.fang.com/
Logger:2020-03-16 10:25:34.218459 https://xinmi.newhouse.fang.com/house/2540793267.htm
Logger:2020-03-16 10:25:34.514628 https://zhongjinzhigu.fang.com/
Logger:2020-03-16 10:25:34.823801 https://rongyufuwanxinmi.fang.com/
Logger:2020-03-16 10:25:35.107043 https://jinyuhuafuxinmi.fang.com/
Logger:2020-03-16 10:25:35.434134 https://zhongxingrongyuanxinmi.fang.com/
Logger:2020-03-16 10:25:35.748762 https://yihaogongguan0371.fang.com/
Logger:2020-03-16 10:25:36.062170 https://qinqinjiayuantmj.fang.com/
Logger:2020-03-16 10:25:36.996044 https://xinmi.newhouse.fang.com/house/2540793273.htm
Logger:2020-03-16 10:25:37.365351 https://fanglinhuatinghjy.fang.com/
Logger:2020-03-16 10:25:41.017152 https://xinmi.newhouse.fang.com/house/s/b93/
Logger:2020-03-16 10:25:41.302105 https://xinmixianghejiefang.fang.com/
Logger:2020-03-16 10:25:41.587544 https://xinganghuayuan0371.fang.com/
Logger:2020-03-16 10:25:41.888086 https://qingpingshnegshixinmi.fang.com/
Logger:2020-03-16 10:25:42.257205 https://jinrongjuxinmi.fang.com/
Logger:2020-03-16 10:25:42.557939 https://xichengguojixinmi.fang.com/
Logger:2020-03-16 10:25:44.454856 https://yixinjiayuanxinmi.fang.com/
Logger:2020-03-16 10:25:45.079491 https://ruixianghuayuanxinmi.fang.com/
Logger:2020-03-16 10:25:45.423377 https://xinmiguojijiajujiancai.fang.com/
Logger:2020-03-16 10:25:45.704344 https://xingfujiayuan0371.fang.com/
Logger:2020-03-16 10:25:46.063635 https://jinchenghuayuanxinmi.fang.com/
Logger:2020-03-16 10:25:46.369496 https://jiangtaitianyuguojixinmi.fang.com/
Logger:2020-03-16 10:25:47.965206 https://xinmi.newhouse.fang.com/house/2540793269.htm
Logger:2020-03-16 10:25:48.433845 https://kaishenghuayuan0371.fang.com/
Logger:2020-03-16 10:25:48.762112 https://xinmi.newhouse.fang.com/house/2540793275.htm
Logger:2020-03-16 10:25:49.058902 https://demeihuangchao.fang.com/2/
Logger:2020-03-16 10:25:49.402367 https://wanjiayuanbaijinguangchangxinmi.fang.com/
Logger:2020-03-16 10:25:55.452034 https://xingfu1hao.fang.com/
Logger:2020-03-16 10:25:59.837640 https://xinmi.newhouse.fang.com/house/2540793263.htm
Logger:2020-03-16 10:26:00.160812 https://xianggangjieshiguangchangxinmi.fang.com/
Logger:2020-03-16 10:26:03.992471 https://xinmi.newhouse.fang.com/house/s/b94/
Logger:2020-03-16 10:26:07.896129 https://xinmi.newhouse.fang.com/house/s/b95/
Logger:2020-03-16 10:26:11.411126 https://xinmi.newhouse.fang.com/house/s/b96/
