Logger:2020-03-16 18:45:00.400065 https://xintai.newhouse.fang.com/house/s/b91/
Logger:2020-03-16 18:45:00.722245 https://huyuetianjingbgy0538.fang.com/
Logger:2020-03-16 18:45:01.197096 https://hdlxj0538.fang.com/
Logger:2020-03-16 18:45:05.207366 https://zhuguangguoji.fang.com/
Logger:2020-03-16 18:45:05.611501 https://taihemingcheng0538.fang.com/
Logger:2020-03-16 18:45:06.777671 https://dongchengtianyuan.fang.com/
Logger:2020-03-16 18:45:07.109472 https://yunhuguandi.fang.com/
Logger:2020-03-16 18:45:07.751525 https://taoranmingcheng.fang.com/
Logger:2020-03-16 18:45:08.113586 https://sswy0538.fang.com/
Logger:2020-03-16 18:45:08.457708 https://huaxinshijicheng.fang.com/
Logger:2020-03-16 18:45:08.784173 https://qinyuanchun0538.fang.com/
Logger:2020-03-16 18:45:09.347688 https://tebiansenlinhuayuan0538.fang.com/
Logger:2020-03-16 18:45:14.324128 https://xthftd2.fang.com/
Logger:2020-03-16 18:45:14.638333 https://jinxiuyuanhd.fang.com/
Logger:2020-03-16 18:45:14.975431 https://dongchengtianyuandiyiyuan.fang.com/
Logger:2020-03-16 18:45:19.330955 https://xtctcshy.fang.com/
Logger:2020-03-16 18:45:19.663034 https://pingbuqingyun.fang.com/
Logger:2020-03-16 18:45:22.895903 https://xtjinmaxiaoqu.fang.com/
Logger:2020-03-16 18:45:25.164946 https://zzjinhui.fang.com/
Logger:2020-03-16 18:45:25.453682 https://lcylhy0538.fang.com/
Logger:2020-03-16 18:45:26.099937 https://huasongyunxi.fang.com/
Logger:2020-03-16 18:45:31.021872 https://xintai.newhouse.fang.com/house/s/b92/
Logger:2020-03-16 18:45:36.971595 https://huafuxintiandi0538.fang.com/
Logger:2020-03-16 18:45:37.592425 https://qingyunxianggelila.fang.com/
Logger:2020-03-16 18:45:38.038267 https://juhaoxincheng.fang.com/
Logger:2020-03-16 18:45:38.368395 https://tongchuangzhongyangcheng.fang.com/
Logger:2020-03-16 18:45:38.705212 https://longxijiayuan0538.fang.com/
Logger:2020-03-16 18:45:39.035788 https://chengyangmingzuo0538.fang.com/
Logger:2020-03-16 18:45:41.908721 https://xintaiyulanhuayuan.fang.com/
Logger:2020-03-16 18:45:43.734970 https://xintailby2.fang.com/
Logger:2020-03-16 18:45:48.067966 https://xinyuexiaoqu0538.fang.com/
Logger:2020-03-16 18:45:51.040237 https://xintaizuanshimingsha.fang.com/
Logger:2020-03-16 18:45:53.130009 https://tbsjgc.fang.com/
Logger:2020-03-16 18:45:55.219489 https://futianhuayuanbq.fang.com/
Logger:2020-03-16 18:45:57.865010 https://mingliujiayuanyl.fang.com/
Logger:2020-03-16 18:45:58.217122 https://sijichunchengjh.fang.com/
Logger:2020-03-16 18:46:01.055652 https://xtxiushuihuayuan.fang.com/
Logger:2020-03-16 18:46:01.821855 https://xinchengjiayuan0538.fang.com/
Logger:2020-03-16 18:46:03.971201 https://futianhuayuannanqu.fang.com/
Logger:2020-03-16 18:46:07.982867 https://xtqycxq2.fang.com/
Logger:2020-03-16 18:46:08.306007 https://liyangxiaoqu.fang.com/
Logger:2020-03-16 18:46:09.287585 https://xintaiftxyxq.fang.com/
Logger:2020-03-16 18:46:13.653476 https://xintai.newhouse.fang.com/house/s/b93/
Logger:2020-03-16 18:46:14.698189 https://xintaillxz.fang.com/
Logger:2020-03-16 18:46:17.103642 https://dongfangshengjing0538.fang.com/
Logger:2020-03-16 18:46:17.497307 https://hexiejiayuanxm.fang.com/
Logger:2020-03-16 18:46:17.832007 https://xintaijinyuyuan.fang.com/
Logger:2020-03-16 18:46:18.147127 https://lbyyjhy.fang.com/
Logger:2020-03-16 18:46:18.474252 https://daxidixiandaichengxt.fang.com/
Logger:2020-03-16 18:46:18.813303 https://hongyuanxiaoqu0538.fang.com/
Logger:2020-03-16 18:46:21.196391 https://juhaokaixuancheng.fang.com/
Logger:2020-03-16 18:46:23.380562 https://xtbeizhaixiaoqu.fang.com/
Logger:2020-03-16 18:46:25.452913 https://xtbaihejiayuan.fang.com/
Logger:2020-03-16 18:46:32.043406 https://xtzhonghejiayuan.fang.com/
Logger:2020-03-16 18:46:36.403238 https://xtzhongxinhuayuan.fang.com/
Logger:2020-03-16 18:46:36.729366 https://yangguangshijicheng0538.fang.com/
Logger:2020-03-16 18:46:39.354997 https://xtfuronghuayuan.fang.com/
Logger:2020-03-16 18:46:40.227945 https://xtycmz2.fang.com/
Logger:2020-03-16 18:46:44.259792 https://xintailhslfwq.fang.com/
Logger:2020-03-16 18:46:45.942782 https://xtliyuanxiaoqu.fang.com/
Logger:2020-03-16 18:46:46.286393 https://liyangxiaoqu.fang.com/3/
Logger:2020-03-16 18:46:49.576055 https://shijidasha0538.fang.com/
Logger:2020-03-16 18:46:49.983947 https://xinyueshijia.fang.com/
Logger:2020-03-16 18:46:53.873738 https://xintai.newhouse.fang.com/house/s/b94/
Logger:2020-03-16 18:46:54.457879 https://ddhyjyhhxq.fang.com/
Logger:2020-03-16 18:46:56.964573 https://xintaishijidasha.fang.com/
Logger:2020-03-16 18:46:59.666854 https://liyangxiaoqu.fang.com/2/
Logger:2020-03-16 18:47:04.684742 https://ajxqeq.fang.com/
Logger:2020-03-16 18:47:06.378731 https://xtyihehuayuan.fang.com/
Logger:2020-03-16 18:47:08.190043 https://zhaizhenwentingyayuan.fang.com/
Logger:2020-03-16 18:47:09.795227 https://xintaijyy2.fang.com/
Logger:2020-03-16 18:47:10.187180 https://ygjy0538.fang.com/
Logger:2020-03-16 18:47:13.844899 https://scctygy2.fang.com/
Logger:2020-03-16 18:47:18.740269 https://xtzyhy.fang.com/
Logger:2020-03-16 18:47:20.677982 https://jindoumeiguiyuan.fang.com/
Logger:2020-03-16 18:47:23.121967 https://xinfumingzuo.fang.com/
Logger:2020-03-16 18:47:26.439276 https://xinwenyinzuogouwuzhongxin.fang.com/
Logger:2020-03-16 18:47:27.571366 https://yinhemingzuo.fang.com/
Logger:2020-03-16 18:47:33.422531 https://xtxianghexiaoqu.fang.com/
Logger:2020-03-16 18:47:33.741132 https://huayunjiayuan.fang.com/
Logger:2020-03-16 18:47:36.195015 https://yourantiandihuayuan.fang.com/
Logger:2020-03-16 18:47:38.411110 https://xtchenhuidasha.fang.com/
Logger:2020-03-16 18:47:40.313693 https://xinwenfangguansuoxiaoqu.fang.com/
Logger:2020-03-16 18:47:41.859392 https://dgxqysfwgs.fang.com/
Logger:2020-03-16 18:47:45.189697 https://xintai.newhouse.fang.com/house/s/b95/
Logger:2020-03-16 18:47:47.092065 https://xtjxhy.fang.com/
Logger:2020-03-16 18:47:50.193437 https://qyswds.fang.com/
Logger:2020-03-16 18:47:51.627754 https://zhaizhenanxinjiayuan.fang.com/
Logger:2020-03-16 18:47:51.956873 https://dongfangshangchengxw.fang.com/
Logger:2020-03-16 18:47:54.046364 https://quangouhongyuan.fang.com/
Logger:2020-03-16 18:47:55.487279 https://xintairunfenghuayuan.fang.com/
Logger:2020-03-16 18:47:57.152126 https://xinkuangjiayuanshangwuzhongxin.fang.com/
Logger:2020-03-16 18:47:57.536099 https://haoyunlaishangchang.fang.com/
Logger:2020-03-16 18:47:59.067593 https://pingyangguojishangwudasha.fang.com/
Logger:2020-03-16 18:48:00.531228 https://xinwenjinyuanxiaoqu.fang.com/
Logger:2020-03-16 18:48:02.855981 https://jdwhcyzx.fang.com/
Logger:2020-03-16 18:48:06.616994 https://xintai.newhouse.fang.com/house/s/b96/
Logger:2020-03-16 18:48:10.640585 https://xintai.newhouse.fang.com/house/s/b97/
Logger:2020-03-16 18:48:14.214823 https://xintai.newhouse.fang.com/house/s/b98/
