Logger:2020-03-16 15:19:09.270760 https://xinyu.newhouse.fang.com/house/s/b91/
Logger:2020-03-16 15:19:09.625840 https://dijingguanlan.fang.com/
Logger:2020-03-16 15:19:10.019721 https://jingjianghuayuanjy.fang.com/
Logger:2020-03-16 15:19:10.357325 https://lxdjc.fang.com/
Logger:2020-03-16 15:19:10.717959 https://beihudijing.fang.com/
Logger:2020-03-16 15:19:11.104460 https://hengdayayuan0790.fang.com/
Logger:2020-03-16 15:19:11.522377 https://weinisixs.fang.com/
Logger:2020-03-16 15:19:11.866421 https://longquanwan0790.fang.com/
Logger:2020-03-16 15:19:12.278529 https://shanheyuanshu.fang.com/
Logger:2020-03-16 15:19:12.622675 https://shidaihuayuan0790.fang.com/
Logger:2020-03-16 15:19:13.025530 https://shengdiyage0790.fang.com/
Logger:2020-03-16 15:19:16.015006 https://yxdzh.fang.com/
Logger:2020-03-16 15:19:17.354392 https://cuihutiandi0790.fang.com/
Logger:2020-03-16 15:19:17.680840 https://shanheyuanshu.fang.com/2/
Logger:2020-03-16 15:19:18.054852 https://bihailanting.fang.com/
Logger:2020-03-16 15:19:18.391966 https://jiangshanyujing.fang.com/
Logger:2020-03-16 15:19:18.721248 https://gongyuanhuafu.fang.com/
Logger:2020-03-16 15:19:19.324575 https://bandaohuafu.fang.com/
Logger:2020-03-16 15:19:19.787321 https://wolongguytc.fang.com/
Logger:2020-03-16 15:19:20.115436 https://beihuchuntian.fang.com/
Logger:2020-03-16 15:19:20.433399 https://shengshihaoting0790.fang.com/
Logger:2020-03-16 15:19:23.796793 https://xinyu.newhouse.fang.com/house/s/b92/
Logger:2020-03-16 15:19:24.185658 https://xiangyuelidou.fang.com/
Logger:2020-03-16 15:19:24.647764 https://binjiangyijing0790.fang.com/
Logger:2020-03-16 15:19:25.006772 https://yufianchengfanlongjunanqua.fang.com/
Logger:2020-03-16 15:19:25.407699 https://richudonghui.fang.com/
Logger:2020-03-16 15:19:25.883257 https://jysygc.fang.com/
Logger:2020-03-16 15:19:26.224337 https://xiangshantingquan.fang.com/
Logger:2020-03-16 15:19:26.534482 https://shidaiyangguang0790.fang.com/
Logger:2020-03-16 15:19:27.118920 https://yuanheyipin.fang.com/
Logger:2020-03-16 15:19:27.461775 https://shangpinguojijy.fang.com/
Logger:2020-03-16 15:19:27.921055 https://fulangmingge.fang.com/
Logger:2020-03-16 15:19:28.249182 https://chengbeishangwuguangchang.fang.com/
Logger:2020-03-16 15:19:28.572289 https://shengshijinding.fang.com/
Logger:2020-03-16 15:19:28.912425 https://yuanzhongyuan0790.fang.com/
Logger:2020-03-16 15:19:29.603966 https://dihaiguanlanlx.fang.com/
Logger:2020-03-16 15:19:29.968960 https://yhyjbq.fang.com/
Logger:2020-03-16 15:19:30.278134 https://zitingyuan0790.fang.com/
Logger:2020-03-16 15:19:30.624747 https://xiandaifengqingsls.fang.com/
Logger:2020-03-16 15:19:30.991391 https://shuianchuntian0790.fang.com/
Logger:2020-03-16 15:19:31.321555 https://yangguangchengjy0790.fang.com/
Logger:2020-03-16 15:19:31.644651 https://shuixielidu.fang.com/
Logger:2020-03-16 15:19:34.968285 https://xinyu.newhouse.fang.com/house/s/b93/
Logger:2020-03-16 15:19:35.438030 https://xiangyuesijisj.fang.com/
Logger:2020-03-16 15:19:35.813563 https://fymsd.fang.com/
Logger:2020-03-16 15:19:36.187121 https://hongchengguojiguangchang.fang.com/
Logger:2020-03-16 15:19:36.544079 https://chunjianghuayue0790.fang.com/
Logger:2020-03-16 15:19:36.985874 https://yishuitianchengsw.fang.com/
Logger:2020-03-16 15:19:37.366891 https://kgzyzy.fang.com/
Logger:2020-03-16 15:19:37.752913 https://bandaohaoyuanjy.fang.com/2/
Logger:2020-03-16 15:19:38.118730 https://jinsehaiancl.fang.com/
Logger:2020-03-16 15:19:38.494725 https://xianhuyipin.fang.com/
Logger:2020-03-16 15:19:38.851755 https://guanshanbieyuan.fang.com/
Logger:2020-03-16 15:19:39.236769 https://anxinyating.fang.com/
Logger:2020-03-16 15:19:39.541981 https://0790xingfujiayuan.fang.com/
Logger:2020-03-16 15:19:39.916919 https://yujingyuanfh.fang.com/
Logger:2020-03-16 15:19:40.244087 https://banshanyipin0790.fang.com/
Logger:2020-03-16 15:19:40.589993 https://lvjingshuian.fang.com/2/
Logger:2020-03-16 15:19:40.958946 https://mingyuehuacheng.fang.com/
Logger:2020-03-16 15:19:41.352891 https://ruiheyuanhd.fang.com/
Logger:2020-03-16 15:19:41.896446 https://shangchengguoji0790.fang.com/
Logger:2020-03-16 15:19:42.230757 https://zijinchengdd.fang.com/
Logger:2020-03-16 15:19:42.562642 https://shanqianyuefu.fang.com/
Logger:2020-03-16 15:19:46.910443 https://xinyu.newhouse.fang.com/house/s/b94/
Logger:2020-03-16 15:19:47.310393 https://gelinchuntian0790.fang.com/2/
Logger:2020-03-16 15:19:47.597194 https://fenghuangcheng0790.fang.com/
Logger:2020-03-16 15:19:47.911260 https://xiyufengqing.fang.com/
Logger:2020-03-16 15:19:48.233354 https://tiangongyiyuan.fang.com/
Logger:2020-03-16 15:19:48.718099 https://chunjiangmingyue.fang.com/
Logger:2020-03-16 15:19:49.040548 https://yuelongyuanytc.fang.com/
Logger:2020-03-16 15:19:50.368320 https://zijinlidu.fang.com/
Logger:2020-03-16 15:19:50.677081 https://shuilanshan.fang.com/2/
Logger:2020-03-16 15:19:51.076324 https://hongximeilu.fang.com/
Logger:2020-03-16 15:19:51.388056 https://huafushijia0790.fang.com/
Logger:2020-03-16 15:19:51.697230 https://mftgjgc.fang.com/
Logger:2020-03-16 15:19:52.060258 https://yuanheyujing.fang.com/
Logger:2020-03-16 15:19:52.439053 https://yangsenjiangpan.fang.com/
Logger:2020-03-16 15:19:52.784750 https://tiangongyiyuansanqi.fang.com/
Logger:2020-03-16 15:19:53.122377 https://banshanzunpin.fang.com/
Logger:2020-03-16 15:19:56.182200 https://tenglongjunytc.fang.com/
Logger:2020-03-16 15:19:56.653309 https://guojiguangchangxy0790.fang.com/
Logger:2020-03-16 15:19:56.968465 https://yijinghuating0790.fang.com/
Logger:2020-03-16 15:19:57.266660 https://binjianghaojingsls.fang.com/
Logger:2020-03-16 15:19:57.589772 https://panlongjuytc.fang.com/
Logger:2020-03-16 15:20:01.392206 https://xinyu.newhouse.fang.com/house/s/b95/
Logger:2020-03-16 15:20:01.679445 https://xyzdgcsc.fang.com/
Logger:2020-03-16 15:20:01.968934 https://jinxiujiangnantz.fang.com/
Logger:2020-03-16 15:20:02.248939 https://shangyeguangchangytc.fang.com/
Logger:2020-03-16 15:20:02.561459 https://gxwshgjsm.fang.com/
Logger:2020-03-16 15:20:02.824749 https://xyxfxhncp.fang.com/
Logger:2020-03-16 15:20:03.207698 https://suidongdasha.fang.com/
Logger:2020-03-16 15:20:05.842636 https://gcjcjj.fang.com/
Logger:2020-03-16 15:20:09.569929 https://xinyu.newhouse.fang.com/house/s/b96/
Logger:2020-03-16 15:20:13.897773 https://xinyu.newhouse.fang.com/house/s/b97/
Logger:2020-03-16 15:20:17.463688 https://xinyu.newhouse.fang.com/house/s/b98/
