Logger:2020-03-16 14:35:26.706732 https://xinyi.newhouse.fang.com/house/s/b91/
Logger:2020-03-16 14:35:26.965125 https://zhongwuyhxy.fang.com/
Logger:2020-03-16 14:35:27.278276 https://chenhualiduyuan.fang.com/
Logger:2020-03-16 14:35:27.570471 https://xinyxtms.fang.com/
Logger:2020-03-16 14:35:30.136556 https://kebeishangchengxykb.fang.com/
Logger:2020-03-16 14:35:30.412817 https://xinyisfhy.fang.com/
Logger:2020-03-16 14:35:30.746923 https://200284.fang.com/
Logger:2020-03-16 14:35:31.199712 https://chshhyxinyi.fang.com/
Logger:2020-03-16 14:35:31.504932 https://yjmlxinyi.fang.com/
Logger:2020-03-16 14:35:31.787183 https://200246.fang.com/
Logger:2020-03-16 14:35:32.108281 https://shengshimingmenxy.fang.com/
Logger:2020-03-16 14:35:32.552128 https://shifuyayuan.fang.com/
Logger:2020-03-16 14:35:32.860270 https://xinyiwzsc.fang.com/
Logger:2020-03-16 14:35:33.117581 https://hjtianchengxinyihj.fang.com/
Logger:2020-03-16 14:35:33.423763 https://kcfdxinyi.fang.com/
Logger:2020-03-16 14:35:33.830673 https://xyjrgjhy.fang.com/
Logger:2020-03-16 14:35:34.072071 https://xinyiyangguangkaixuancheng.fang.com/
Logger:2020-03-16 14:35:34.349286 https://hehebaifuchengxy.fang.com/
Logger:2020-03-16 14:35:34.637515 https://dongfangmingrenwanxy.fang.com/
Logger:2020-03-16 14:35:34.956662 https://jinzuanguojixinyi.fang.com/
Logger:2020-03-16 14:35:35.200043 https://xyhtht.fang.com/
Logger:2020-03-16 14:35:38.857227 https://xinyi.newhouse.fang.com/house/s/b92/
Logger:2020-03-16 14:35:40.891826 https://fenghuihualijz.fang.com/
Logger:2020-03-16 14:35:41.243880 https://gxjlsjxy.fang.com/
Logger:2020-03-16 14:35:41.509132 https://xinyibsln.fang.com/
Logger:2020-03-16 14:35:43.968553 https://hanjinchenghjc.fang.com/
Logger:2020-03-16 14:35:44.227859 https://jindingmingchengxy.fang.com/
Logger:2020-03-16 14:35:45.146403 https://xinyi.newhouse.fang.com/house/1834195358.htm
Logger:2020-03-16 14:35:45.432678 https://jqgjhyxy.fang.com/
Logger:2020-03-16 14:35:45.706953 https://200146.fang.com/
Logger:2020-03-16 14:35:45.959253 https://taihudongj.fang.com/
Logger:2020-03-16 14:35:48.668979 https://luomamingchengxy.fang.com/
Logger:2020-03-16 14:35:48.935267 https://xinyiyrgc.fang.com/
Logger:2020-03-16 14:35:49.221500 https://alyjwxy.fang.com/
Logger:2020-03-16 14:35:49.516711 https://jryqsw.fang.com/
Logger:2020-03-16 14:35:49.822892 https://xywhdyhh.fang.com/
Logger:2020-03-16 14:35:50.090177 https://kcyaxy.fang.com/
Logger:2020-03-16 14:35:50.344572 https://jrqcc.fang.com/
Logger:2020-03-16 14:35:50.612779 https://yuronghanjingyuan.fang.com/
Logger:2020-03-16 14:35:50.932922 https://hxjfyxy.fang.com/
Logger:2020-03-16 14:35:54.546257 https://xinyi.newhouse.fang.com/house/s/b93/
Logger:2020-03-16 14:35:58.133660 https://xinyi.newhouse.fang.com/house/s/b94/
Logger:2020-03-16 14:36:01.861723 https://xinyi.newhouse.fang.com/house/s/b95/
