Logger:2020-03-16 09:29:46.764387 https://xinyang.newhouse.fang.com/house/s/b91/
Logger:2020-03-16 09:29:47.481479 https://xinhejiangnanlixy.fang.com/
Logger:2020-03-16 09:29:47.832105 https://xinheyangguangcheng.fang.com/
Logger:2020-03-16 09:29:48.167109 https://xywhgg.fang.com/
Logger:2020-03-16 09:29:52.856139 https://xyxhhdct.fang.com/
Logger:2020-03-16 09:29:53.184061 https://dfjdzyc.fang.com/
Logger:2020-03-16 09:29:53.528314 https://gongyuanchunxiao.fang.com/
Logger:2020-03-16 09:29:53.832537 https://dfyxhs.fang.com/
Logger:2020-03-16 09:29:54.249372 https://nwtlcf.fang.com/
Logger:2020-03-16 09:29:54.598191 https://dongfangjindian.fang.com/
Logger:2020-03-16 09:29:54.921611 https://shimaoyunxi0376.fang.com/
Logger:2020-03-16 09:29:55.280549 https://zhonghuanrongyu2.fang.com/
Logger:2020-03-16 09:29:55.590806 https://xhctl.fang.com/
Logger:2020-03-16 09:29:55.918407 https://longyuexiangshanyufu.fang.com/
Logger:2020-03-16 09:30:03.787044 https://xyxhljct.fang.com/
Logger:2020-03-16 09:30:04.108184 https://lingxiuyutj.fang.com/
Logger:2020-03-16 09:30:10.932842 https://jinxiujiangnan0376.fang.com/
Logger:2020-03-16 09:30:19.187639 https://nwkyf.fang.com/
Logger:2020-03-16 09:30:21.323721 https://xinhegongyuanyihaoyuan.fang.com/
Logger:2020-03-16 09:30:21.635711 https://shijiecheng0376.fang.com/
Logger:2020-03-16 09:30:22.216227 https://xhfcxf.fang.com/
Logger:2020-03-16 09:30:25.557985 https://xinyang.newhouse.fang.com/house/s/b92/
Logger:2020-03-16 09:30:35.966196 https://jinchengfeicuixigu.fang.com/
Logger:2020-03-16 09:30:36.296209 https://jngjsq.fang.com/
Logger:2020-03-16 09:30:36.749979 https://xymyc.fang.com/
Logger:2020-03-16 09:30:37.324998 https://xybgy.fang.com/
Logger:2020-03-16 09:30:42.716182 https://longyueheshan.fang.com/
Logger:2020-03-16 09:30:43.027011 https://xytfshgd.fang.com/
Logger:2020-03-16 09:30:45.757791 https://lgyjf0376.fang.com/
Logger:2020-03-16 09:30:51.775324 https://hexieguangchang0376.fang.com/
Logger:2020-03-16 09:30:52.073500 https://gushijianyecheng.fang.com/
Logger:2020-03-16 09:30:54.278930 https://shangyigongguan.fang.com/
Logger:2020-03-16 09:30:54.759464 https://jianyezunfu0376.fang.com/
Logger:2020-03-16 09:30:55.132598 https://jianyecheng0376.fang.com/
Logger:2020-03-16 09:30:55.483100 https://jihuanzhongxincheng.fang.com/
Logger:2020-03-16 09:30:56.174215 https://yxdzh0376.fang.com/
Logger:2020-03-16 09:30:56.478772 https://hhqswe.fang.com/3/
Logger:2020-03-16 09:31:01.734230 https://genqinmingdu.fang.com/
Logger:2020-03-16 09:31:01.996202 https://jwsdgcxy.fang.com/
Logger:2020-03-16 09:31:02.338444 https://jyxyf.fang.com/
Logger:2020-03-16 09:31:02.640096 https://sxyhf.fang.com/5/
Logger:2020-03-16 09:31:03.006077 https://jianyechuntianli0376.fang.com/
Logger:2020-03-16 09:31:06.372134 https://xinyang.newhouse.fang.com/house/s/b93/
Logger:2020-03-16 09:31:06.654131 https://xhsjc0376.fang.com/
Logger:2020-03-16 09:31:11.007281 https://xydfhy.fang.com/
Logger:2020-03-16 09:31:11.887503 https://sxyyf.fang.com/4/
Logger:2020-03-16 09:31:13.400681 https://hjlcy.fang.com/
Logger:2020-03-16 09:31:14.004336 https://xfjhmj.fang.com/
Logger:2020-03-16 09:31:16.307476 https://tftxhf.fang.com/
Logger:2020-03-16 09:31:17.602718 https://meihaoshenghuojiayuanxy.fang.com/
Logger:2020-03-16 09:31:20.218245 https://xxmhshjy0376.fang.com/
Logger:2020-03-16 09:31:20.849608 https://hbshc.fang.com/
Logger:2020-03-16 09:31:21.214396 https://gsjywlc.fang.com/
Logger:2020-03-16 09:31:22.074801 https://hbjygy.fang.com/
Logger:2020-03-16 09:31:22.439843 https://jyhgf.fang.com/
Logger:2020-03-16 09:31:22.732703 https://hcjyc.fang.com/
Logger:2020-03-16 09:31:23.288987 https://hyyhy0376.fang.com/
Logger:2020-03-16 09:31:23.594709 https://xinshidaiguangchang0376.fang.com/
Logger:2020-03-16 09:31:24.884724 https://baopengguangchang.fang.com/
Logger:2020-03-16 09:31:25.854095 https://xxmhshjyxq.fang.com/
Logger:2020-03-16 09:31:26.198090 https://yihexuefu.fang.com/
Logger:2020-03-16 09:31:26.639002 https://binhuyihao0376.fang.com/
Logger:2020-03-16 09:31:31.393685 https://xiangjiangdijing.fang.com/
Logger:2020-03-16 09:31:35.314955 https://xinyang.newhouse.fang.com/house/s/b94/
Logger:2020-03-16 09:31:35.886525 https://xxjyyhcb.fang.com/
Logger:2020-03-16 09:31:36.303941 https://biguiyuanhuangjinshidai0376.fang.com/
Logger:2020-03-16 09:31:36.633331 https://xyrshf.fang.com/
Logger:2020-03-16 09:31:36.953466 https://xymjdf.fang.com/
Logger:2020-03-16 09:31:37.278255 https://xinyangyujingwan.fang.com/
Logger:2020-03-16 09:31:38.205423 https://dongmenshoufu0376.fang.com/
Logger:2020-03-16 09:31:38.483931 https://jinjiangcheng0376.fang.com/
Logger:2020-03-16 09:31:38.834679 https://zlszyhy.fang.com/
Logger:2020-03-16 09:31:39.117564 https://xyyjyg.fang.com/
Logger:2020-03-16 09:31:39.975810 https://xygkjfhy.fang.com/
Logger:2020-03-16 09:31:40.255595 https://ztsjxc.fang.com/
Logger:2020-03-16 09:31:40.550435 https://ruixianghuayuan0376.fang.com/
Logger:2020-03-16 09:31:41.578651 https://tdtxgj.fang.com/
Logger:2020-03-16 09:31:43.799110 https://xzsyc.fang.com/
Logger:2020-03-16 09:31:45.017589 https://xingfumeiguiyuan.fang.com/
Logger:2020-03-16 09:31:45.299269 https://hengdahaoting.fang.com/
Logger:2020-03-16 09:31:46.121558 https://xyxfssld.fang.com/
Logger:2020-03-16 09:31:46.414911 https://xytyc.fang.com/
Logger:2020-03-16 09:31:50.727729 https://zhongxinshidaxy.fang.com/
Logger:2020-03-16 09:31:51.029672 https://huayichenyuan.fang.com/
Logger:2020-03-16 09:31:54.826337 https://xinyang.newhouse.fang.com/house/s/b95/
Logger:2020-03-16 09:31:55.116781 https://lfsctxxy.fang.com/
Logger:2020-03-16 09:31:55.449261 https://jxmc0376.fang.com/
Logger:2020-03-16 09:31:56.226276 https://jianyebaihuaxincheng.fang.com/
Logger:2020-03-16 09:31:56.583195 https://sjhcmdy.fang.com/
Logger:2020-03-16 09:31:56.883824 https://guihuayuanzt.fang.com/
Logger:2020-03-16 09:31:57.844511 https://lcyhgc.fang.com/
Logger:2020-03-16 09:31:58.667819 https://sjhcjgy.fang.com/
Logger:2020-03-16 09:31:59.015487 https://nanwansiji0376.fang.com/
Logger:2020-03-16 09:31:59.337586 https://xyxjxch.fang.com/
Logger:2020-03-16 09:32:03.916112 https://derunshanghefu.fang.com/
Logger:2020-03-16 09:32:04.466326 https://hbbgy.fang.com/
Logger:2020-03-16 09:32:04.874655 https://xytjw.fang.com/
Logger:2020-03-16 09:32:05.486019 https://xydxshzhy.fang.com/
Logger:2020-03-16 09:32:05.824568 https://yulongwan0376.fang.com/
Logger:2020-03-16 09:32:06.151616 https://xiangxielishe0376.fang.com/
Logger:2020-03-16 09:32:06.442867 https://lhzyc.fang.com/
Logger:2020-03-16 09:32:06.732067 https://xinchengyuanshangyuan.fang.com/
Logger:2020-03-16 09:32:06.992257 https://xychjjyf.fang.com/
Logger:2020-03-16 09:32:11.582002 https://jiachengyipin.fang.com/
Logger:2020-03-16 09:32:11.872279 https://shengdaguangchang0376.fang.com/
Logger:2020-03-16 09:32:15.690004 https://xinyang.newhouse.fang.com/house/s/b96/
Logger:2020-03-16 09:32:16.657058 https://zishuigongguan.fang.com/
Logger:2020-03-16 09:32:17.026087 https://longfeishancheng.fang.com/
Logger:2020-03-16 09:32:19.199458 https://jinxiujiayuan0376.fang.com/
Logger:2020-03-16 09:32:19.505717 https://xichenghuayuan0376.fang.com/2/
Logger:2020-03-16 09:32:19.798824 https://fuhuajinyufu.fang.com/
Logger:2020-03-16 09:32:21.540517 https://zhongyuanguoji20376.fang.com/
Logger:2020-03-16 09:32:21.905854 https://gsbgy.fang.com/
Logger:2020-03-16 09:32:22.186815 https://lsbgy0376.fang.com/
Logger:2020-03-16 09:32:22.539289 https://jynhsy.fang.com/
Logger:2020-03-16 09:32:22.929993 https://xhshct.fang.com/
Logger:2020-03-16 09:32:23.196608 https://xxbgy0376.fang.com/
Logger:2020-03-16 09:32:24.438917 https://hbxhct.fang.com/
Logger:2020-03-16 09:32:25.504657 https://jqgyl.fang.com/
Logger:2020-03-16 09:32:25.844995 https://jiuyuehongcheng.fang.com/
Logger:2020-03-16 09:32:28.292979 https://xxgyyh.fang.com/
Logger:2020-03-16 09:32:28.633428 https://hongheguzs.fang.com/
Logger:2020-03-16 09:32:29.016108 https://xyhdssht.fang.com/
Logger:2020-03-16 09:32:29.339534 https://lyhlc.fang.com/
Logger:2020-03-16 09:32:29.838390 https://donganyaju.fang.com/
Logger:2020-03-16 09:32:30.507877 https://yuyuan0376.fang.com/
Logger:2020-03-16 09:32:33.831769 https://xinyang.newhouse.fang.com/house/s/b97/
Logger:2020-03-16 09:32:34.113017 https://longzejiayuan0376.fang.com/
Logger:2020-03-16 09:32:35.029462 https://longshengdijing.fang.com/
Logger:2020-03-16 09:32:35.373441 https://jinniuyihao.fang.com/
Logger:2020-03-16 09:32:35.704655 https://jianyedongfangguojigongguan.fang.com/
Logger:2020-03-16 09:32:37.276673 https://xyljdj.fang.com/
Logger:2020-03-16 09:32:37.560394 https://pinganjincheng.fang.com/
Logger:2020-03-16 09:32:39.032794 https://ruyichengzuoangongyuan.fang.com/
Logger:2020-03-16 09:32:39.372679 https://xhjsyg.fang.com/
Logger:2020-03-16 09:32:39.621711 https://jssly.fang.com/
Logger:2020-03-16 09:32:45.146418 https://jiangnanmingyuan0376.fang.com/
Logger:2020-03-16 09:32:46.620119 https://shijichuncheng0376.fang.com/
Logger:2020-03-16 09:32:47.044833 https://shuianxingcheng0376.fang.com/
Logger:2020-03-16 09:32:47.532681 https://zzcfsl.fang.com/
Logger:2020-03-16 09:32:47.904253 https://shuxianghuayuan0376.fang.com/
Logger:2020-03-16 09:32:48.625327 https://huarufudi.fang.com/
Logger:2020-03-16 09:32:53.385522 https://dhwjsqxy.fang.com/
Logger:2020-03-16 09:32:58.274202 https://yulonghu0376.fang.com/
Logger:2020-03-16 09:32:58.762837 https://hongduxincheng0376.fang.com/
Logger:2020-03-16 09:32:59.060024 https://longruntingyuan.fang.com/
Logger:2020-03-16 09:32:59.388042 https://xinhehupanchuntian.fang.com/3/
Logger:2020-03-16 09:33:02.693362 https://xinyang.newhouse.fang.com/house/s/b98/
Logger:2020-03-16 09:33:03.021407 https://fuyuanlvchengtaohuayuan.fang.com/
Logger:2020-03-16 09:33:03.367668 https://yujinghuacheng0376.fang.com/
Logger:2020-03-16 09:33:03.888349 https://boshimingcheng.fang.com/
Logger:2020-03-16 09:33:09.256168 https://meilinhujh.fang.com/
Logger:2020-03-16 09:33:09.569659 https://dongfangjindianyushuyuan.fang.com/
Logger:2020-03-16 09:33:09.931989 https://xinheyangshengwenhuacun.fang.com/
Logger:2020-03-16 09:33:14.403361 https://liaochengmingzhu.fang.com/
Logger:2020-03-16 09:33:15.297111 https://baitaigongguan.fang.com/
Logger:2020-03-16 09:33:15.595393 https://zhongxinxuefu.fang.com/
Logger:2020-03-16 09:33:15.905894 https://zhryby.fang.com/
Logger:2020-03-16 09:33:16.273684 https://cbdzhongxincheng.fang.com/
Logger:2020-03-16 09:33:17.178113 https://hbsxy.fang.com/
Logger:2020-03-16 09:33:17.838393 https://xhxfl.fang.com/
Logger:2020-03-16 09:33:18.204344 https://chengyangyufu.fang.com/
Logger:2020-03-16 09:33:18.663013 https://jingshenghuating0376.fang.com/
Logger:2020-03-16 09:33:20.179961 https://hxbjgg0376.fang.com/
Logger:2020-03-16 09:33:21.826889 https://taolichunfeng0376.fang.com/
Logger:2020-03-16 09:33:22.435739 https://yswxh.fang.com/
Logger:2020-03-16 09:33:22.748671 https://jswatjy.fang.com/
Logger:2020-03-16 09:33:23.013687 https://xhgyl.fang.com/
Logger:2020-03-16 09:33:26.718094 https://xinyang.newhouse.fang.com/house/s/b99/
Logger:2020-03-16 09:33:26.993326 https://hchxt.fang.com/
Logger:2020-03-16 09:33:27.344804 https://jhxfc.fang.com/
Logger:2020-03-16 09:33:27.621803 https://xyjidimingdu.fang.com/
Logger:2020-03-16 09:33:27.926776 https://xyltgy.fang.com/
Logger:2020-03-16 09:33:28.219954 https://huaibinmeihaoshenghuojiayuan.fang.com/
Logger:2020-03-16 09:33:28.580987 https://yujianhushan.fang.com/
Logger:2020-03-16 09:33:30.640394 https://yidianchashanju.fang.com/
Logger:2020-03-16 09:33:30.913486 https://yhbsw0376.fang.com/
Logger:2020-03-16 09:33:31.487078 https://dfgjsyxc.fang.com/
Logger:2020-03-16 09:33:33.303862 https://xxqhy0376.fang.com/
Logger:2020-03-16 09:33:37.731004 https://zhongzhoumingyuan.fang.com/
Logger:2020-03-16 09:33:38.013245 https://xyxingfurenjia.fang.com/
Logger:2020-03-16 09:33:38.334356 https://jiahexian.fang.com/
Logger:2020-03-16 09:33:39.980628 https://beichengmingyuan0376.fang.com/
Logger:2020-03-16 09:33:40.262840 https://alpkhy0376.fang.com/
Logger:2020-03-16 09:33:40.903150 https://shangchengmingduxy.fang.com/
Logger:2020-03-16 09:33:41.215458 https://xyynhyy.fang.com/
Logger:2020-03-16 09:33:41.558983 https://bihaimingjusd.fang.com/
Logger:2020-03-16 09:33:42.152596 https://yinhewanguojichengxy.fang.com/
Logger:2020-03-16 09:33:46.850719 https://dthrtc.fang.com/
Logger:2020-03-16 09:33:50.120589 https://xinyang.newhouse.fang.com/house/s/b910/
Logger:2020-03-16 09:33:50.732635 https://yijiahuayuan0376.fang.com/
Logger:2020-03-16 09:33:51.029896 https://chengbaihexinchenglc.fang.com/
Logger:2020-03-16 09:33:51.326630 https://yiyunshuian0376.fang.com/
Logger:2020-03-16 09:33:51.632275 https://xizhouyujingwan.fang.com/
Logger:2020-03-16 09:33:51.964192 https://ydcyxf.fang.com/
Logger:2020-03-16 09:33:52.575714 https://sdgsy0376.fang.com/
Logger:2020-03-16 09:33:52.993852 https://xfjhmd.fang.com/
Logger:2020-03-16 09:33:53.382050 https://ztxhw.fang.com/
Logger:2020-03-16 09:33:58.508045 https://xsxzf.fang.com/
Logger:2020-03-16 09:33:59.013019 https://chuchengtianjie.fang.com/
Logger:2020-03-16 09:33:59.335787 https://xywnsgy.fang.com/
Logger:2020-03-16 09:33:59.673272 https://gtdyc0376.fang.com/
Logger:2020-03-16 09:33:59.959526 https://hyzydj.fang.com/
Logger:2020-03-16 09:34:00.280774 https://jdxcxy.fang.com/
Logger:2020-03-16 09:34:00.571845 https://tianjingguangchang.fang.com/
Logger:2020-03-16 09:34:00.926994 https://xyxphp.fang.com/
Logger:2020-03-16 09:34:01.253394 https://okljjxz0376.fang.com/
Logger:2020-03-16 09:34:06.315893 https://xingangkaixuanguangchang.fang.com/
Logger:2020-03-16 09:34:08.034118 https://hanlinmingmen0376.fang.com/
Logger:2020-03-16 09:34:09.550354 https://xyhxmkl.fang.com/
Logger:2020-03-16 09:34:13.685145 https://xinyang.newhouse.fang.com/house/s/b911/
Logger:2020-03-16 09:34:14.513538 https://anhchenggonghuayuan.fang.com/
Logger:2020-03-16 09:34:14.862074 https://xyxznhyj.fang.com/
Logger:2020-03-16 09:34:15.512899 https://xinyangshengshijiayuan.fang.com/
Logger:2020-03-16 09:34:15.814601 https://oubotingyuan.fang.com/
Logger:2020-03-16 09:34:16.251999 https://jiataiguoji0376.fang.com/
Logger:2020-03-16 09:34:16.486317 https://huanghuaidasha.fang.com/
Logger:2020-03-16 09:34:16.861229 https://tcyhty.fang.com/
Logger:2020-03-16 09:34:17.158477 https://hdgjqcc.fang.com/1/
Logger:2020-03-16 09:34:17.939442 https://bgybhxf.fang.com/
Logger:2020-03-16 09:34:18.267572 https://hcyjxy.fang.com/
Logger:2020-03-16 09:34:20.248518 https://yscfzxxy.fang.com/
Logger:2020-03-16 09:34:20.867276 https://xxbgy30376.fang.com/
Logger:2020-03-16 09:34:21.114739 https://fenghuangchunxiaoyuan.fang.com/
Logger:2020-03-16 09:34:21.435581 https://ruyichengtf.fang.com/
Logger:2020-03-16 09:34:25.036958 https://xinyang.newhouse.fang.com/house/s/b912/
Logger:2020-03-16 09:34:28.510579 https://xinyang.newhouse.fang.com/house/s/b913/
Logger:2020-03-16 09:34:31.939594 https://xinyang.newhouse.fang.com/house/s/b914/
