Logger:2020-03-16 10:12:51.984448 https://xinzheng.newhouse.fang.com/house/s/b91/
Logger:2020-03-16 10:12:52.244136 https://nayunxikq.fang.com/
Logger:2020-03-16 10:12:52.530754 https://hanlinrongfu.fang.com/
Logger:2020-03-16 10:12:52.843139 https://lantinghuafuzs.fang.com/
Logger:2020-03-16 10:12:53.202429 https://guojizhihuichenghm.fang.com/
Logger:2020-03-16 10:12:53.526017 https://kongquechengzz.fang.com/
Logger:2020-03-16 10:12:53.911139 https://zhonghuachengms.fang.com/
Logger:2020-03-16 10:12:56.050588 https://gongyuanhaizzkqc.fang.com/
Logger:2020-03-16 10:12:56.364533 https://shuanghuchengbgy.fang.com/
Logger:2020-03-16 10:12:56.674866 https://longhujinyicheng.fang.com/
Logger:2020-03-16 10:12:57.117502 https://yuefengjzy0371.fang.com/
Logger:2020-03-16 10:12:59.633172 https://guanjunchengxzay.fang.com/
Logger:2020-03-16 10:12:59.975658 https://jiangshanzhukd.fang.com/
Logger:2020-03-16 10:13:00.363254 https://zhengrongfucn.fang.com/
Logger:2020-03-16 10:13:00.689950 https://tianchenyuanzhulh0371.fang.com/
Logger:2020-03-16 10:13:01.002374 https://yuanyangfengjing0371.fang.com/
Logger:2020-03-16 10:13:01.317605 https://zhenghongxincheng.fang.com/
Logger:2020-03-16 10:13:07.394424 https://tianyuyjl.fang.com/
Logger:2020-03-16 10:13:07.722827 https://biguiyuanxz.fang.com/
Logger:2020-03-16 10:13:08.081363 https://xingangjiazs.fang.com/
Logger:2020-03-16 10:13:08.456273 https://rongyuesijidf0371.fang.com/
Logger:2020-03-16 10:13:12.340285 https://xinzheng.newhouse.fang.com/house/s/b92/
Logger:2020-03-16 10:13:12.777711 https://yufujk.fang.com/
Logger:2020-03-16 10:13:13.105258 https://lanshangongguanyfdyc.fang.com/
Logger:2020-03-16 10:13:13.433853 https://yuefuhaitang0371.fang.com/
Logger:2020-03-16 10:13:13.699315 https://rongqiaocheng2.fang.com/
Logger:2020-03-16 10:13:13.980472 https://xzzhengshanggongzhuhu.fang.com/
Logger:2020-03-16 10:13:14.276813 https://lanxinyihaoyuan.fang.com/
Logger:2020-03-16 10:13:14.930716 https://xzhaochuangyougu.fang.com/
Logger:2020-03-16 10:13:15.243142 https://yuelongwanhd0371.fang.com/
Logger:2020-03-16 10:13:15.571606 https://shangshufangyfht.fang.com/
Logger:2020-03-16 10:13:15.888849 https://zijingmingduhnc0371.fang.com/
Logger:2020-03-16 10:13:16.216897 https://hongxingtianyue.fang.com/
Logger:2020-03-16 10:13:16.513701 https://ftxlw0371.fang.com/
Logger:2020-03-16 10:13:17.060447 https://tianhuichengjy.fang.com/
Logger:2020-03-16 10:13:17.435359 https://bandaoflyz.fang.com/
Logger:2020-03-16 10:13:18.044590 https://falanyuanzhu0371.fang.com/
Logger:2020-03-16 10:13:18.325773 https://longhuxian0371.fang.com/
Logger:2020-03-16 10:13:18.622578 https://zhongyuanhnc.fang.com/
Logger:2020-03-16 10:13:18.984012 https://aishanglitmj.fang.com/
Logger:2020-03-16 10:13:19.312059 https://dongfangchenyuanrc0371.fang.com/
Logger:2020-03-16 10:13:19.609583 https://huaxinjingyuezj.fang.com/
Logger:2020-03-16 10:13:24.327426 https://xinzheng.newhouse.fang.com/house/s/b93/
Logger:2020-03-16 10:13:24.889169 https://zzgrc0371.fang.com/
Logger:2020-03-16 10:13:29.545205 https://wangjiaochengshiguangchang.fang.com/
Logger:2020-03-16 10:13:34.044234 https://dfmkl.fang.com/
Logger:2020-03-16 10:13:34.356849 https://kuanshijie0371.fang.com/
Logger:2020-03-16 10:13:39.342485 https://ldwscb2.fang.com/
Logger:2020-03-16 10:13:39.623456 https://xishuiwanhc.fang.com/
Logger:2020-03-16 10:13:39.904851 https://wutongchunxiaohc.fang.com/
Logger:2020-03-16 10:13:40.248141 https://shengshiguangchanghnc.fang.com/
Logger:2020-03-16 10:13:40.544904 https://honghujunzh.fang.com/
Logger:2020-03-16 10:13:40.848986 https://xzhaochuangyuecheng.fang.com/
Logger:2020-03-16 10:13:44.537120 https://yijianghongcheng0371.fang.com/
Logger:2020-03-16 10:13:44.915740 https://kqyxl0371.fang.com/
Logger:2020-03-16 10:13:45.202837 https://xzkundaxianglongcheng.fang.com/
Logger:2020-03-16 10:13:45.499360 https://zzhnc.fang.com/
Logger:2020-03-16 10:13:45.778602 https://shengshilongcheng0371.fang.com/
Logger:2020-03-16 10:13:46.104278 https://longhumingjun0371.fang.com/
Logger:2020-03-16 10:13:48.466991 https://shuangqiaoyinxiang0371.fang.com/
Logger:2020-03-16 10:13:48.745072 https://zshhg.fang.com/
Logger:2020-03-16 10:13:50.666639 https://gryhs.fang.com/
Logger:2020-03-16 10:13:51.164017 https://xinyicheng0371.fang.com/
Logger:2020-03-16 10:13:54.910492 https://xinzheng.newhouse.fang.com/house/s/b94/
Logger:2020-03-16 10:13:55.183792 https://jiulongtai0371.fang.com/
Logger:2020-03-16 10:13:55.449472 https://wandagongyuanli.fang.com/
Logger:2020-03-16 10:13:56.018104 https://zhengshangzhihuicheng.fang.com/
Logger:2020-03-16 10:13:56.293474 https://yipinlanwan0371.fang.com/
Logger:2020-03-16 10:13:56.560979 https://zhengshangruizuan0371.fang.com/
Logger:2020-03-16 10:13:59.790580 https://changdingrunyuan.fang.com/
Logger:2020-03-16 10:14:00.087713 https://zhengganghuayuan0371.fang.com/
Logger:2020-03-16 10:14:00.384148 https://mikekongjianhx.fang.com/
Logger:2020-03-16 10:14:00.677405 https://huafuyujing0371.fang.com/
Logger:2020-03-16 10:14:01.071937 https://hjsxhc.fang.com/
Logger:2020-03-16 10:14:01.431311 https://yhlzsgg0371.fang.com/
Logger:2020-03-16 10:14:01.716423 https://yikelalh.fang.com/
Logger:2020-03-16 10:14:02.310033 https://xzkangqiaoxigongguan.fang.com/
Logger:2020-03-16 10:14:05.043762 https://xzxinjiayuan.fang.com/
Logger:2020-03-16 10:14:05.403054 https://lijingwanygcxz.fang.com/
Logger:2020-03-16 10:14:08.480615 https://sanheli2.fang.com/
Logger:2020-03-16 10:14:13.153638 https://yhsjg0371.fang.com/
Logger:2020-03-16 10:14:15.604469 https://xzyonglefengcheng.fang.com/
Logger:2020-03-16 10:14:16.060713 https://lhxsw.fang.com/
Logger:2020-03-16 10:14:17.669704 https://kundaxianglongcheng.fang.com/
Logger:2020-03-16 10:14:21.154081 https://xinzheng.newhouse.fang.com/house/s/b95/
Logger:2020-03-16 10:14:21.451355 https://ltswhy0371.fang.com/
Logger:2020-03-16 10:14:21.748066 https://zijingbandaodongjun.fang.com/
Logger:2020-03-16 10:14:22.076328 https://linxiwan0371.fang.com/
Logger:2020-03-16 10:14:22.388164 https://nanshanhuayaunxts.fang.com/
Logger:2020-03-16 10:14:22.716689 https://xuanyuanhuafuzs.fang.com/
Logger:2020-03-16 10:14:22.997396 https://tparkkechuangchanyeyuanhnc.fang.com/
Logger:2020-03-16 10:14:23.309870 https://lcgy1857.fang.com/
Logger:2020-03-16 10:14:26.675721 https://zhongyanggongyuanzh0371.fang.com/
Logger:2020-03-16 10:14:27.043440 https://lhjhy.fang.com/
Logger:2020-03-16 10:14:27.371626 https://weilongshangpin0371.fang.com/
Logger:2020-03-16 10:14:27.683630 https://wynhp.fang.com/
Logger:2020-03-16 10:14:29.011443 https://kangqiaoxitang.fang.com/
Logger:2020-03-16 10:14:29.573891 https://xzhaochuangwutongyinxiang.fang.com/
Logger:2020-03-16 10:14:35.168722 https://kqjxj.fang.com/
Logger:2020-03-16 10:14:40.270783 https://mingmenjunjing.fang.com/
Logger:2020-03-16 10:14:40.598184 https://dihuashangyuan0371.fang.com/
Logger:2020-03-16 10:14:40.856373 https://meilizhichengwkmj0371.fang.com/
Logger:2020-03-16 10:14:41.113905 https://yuheyuansd0371.fang.com/
Logger:2020-03-16 10:14:41.443495 https://xzweilongshangpin.fang.com/
Logger:2020-03-16 10:14:41.750328 https://grcjsy0371.fang.com/
Logger:2020-03-16 10:14:45.267999 https://xinzheng.newhouse.fang.com/house/s/b96/
Logger:2020-03-16 10:14:45.555096 https://xinzhengtaijihuaxiacheng.fang.com/
Logger:2020-03-16 10:14:50.248446 https://haidepark0371.fang.com/
Logger:2020-03-16 10:14:50.510248 https://jylhyp.fang.com/
Logger:2020-03-16 10:14:50.776939 https://xishuiwan0371.fang.com/
Logger:2020-03-16 10:14:51.405671 https://bailuyuanyfdyc.fang.com/
Logger:2020-03-16 10:14:51.702766 https://hcwtj.fang.com/
Logger:2020-03-16 10:14:51.999280 https://zhengbaorunyuan0371.fang.com/
Logger:2020-03-16 10:14:52.265190 https://kykxc.fang.com/
Logger:2020-03-16 10:14:54.780267 https://xzrunfengxinshang.fang.com/
Logger:2020-03-16 10:14:55.061482 https://longquanmeijing0371.fang.com/
Logger:2020-03-16 10:14:55.436339 https://xzyongfenglecheng.fang.com/
Logger:2020-03-16 10:14:55.717547 https://longxihupan0371.fang.com/
Logger:2020-03-16 10:14:56.014470 https://kangqiaolinyuzheng.fang.com/
Logger:2020-03-16 10:15:00.896316 https://ftxhw.fang.com/
Logger:2020-03-16 10:15:01.205319 https://guanlanjun2.fang.com/
Logger:2020-03-16 10:15:01.735910 https://guoruiruifu0371.fang.com/
Logger:2020-03-16 10:15:04.079106 https://xzjuyiguojicheng.fang.com/
Logger:2020-03-16 10:15:09.004850 https://xinzheng.newhouse.fang.com/house/2532833181.htm
Logger:2020-03-16 10:15:09.286035 https://xinzheng.newhouse.fang.com/house/2532834753.htm
Logger:2020-03-16 10:15:09.895696 https://longtengshengdi0371.fang.com/
Logger:2020-03-16 10:15:13.418895 https://xinzheng.newhouse.fang.com/house/s/b97/
Logger:2020-03-16 10:15:13.726313 https://grcmgj0371.fang.com/
Logger:2020-03-16 10:15:14.096414 https://xzjrshc.fang.com/
Logger:2020-03-16 10:15:14.419549 https://hanlinhuafu2.fang.com/
Logger:2020-03-16 10:15:14.684736 https://hqtn1h.fang.com/
Logger:2020-03-16 10:15:16.339846 https://yongweinanyue0371.fang.com/
Logger:2020-03-16 10:15:16.631292 https://binyuelongcheng.fang.com/
Logger:2020-03-16 10:15:22.092331 https://zshxg.fang.com/
Logger:2020-03-16 10:15:27.582350 https://hututu0371.fang.com/
Logger:2020-03-16 10:15:32.409841 https://longhuyihaogongguan.fang.com/
Logger:2020-03-16 10:15:32.672222 https://junliyuecheng.fang.com/
Logger:2020-03-16 10:15:36.362707 https://xlsjhy0371.fang.com/
Logger:2020-03-16 10:15:38.800843 https://xzshihangzhichuang.fang.com/
Logger:2020-03-16 10:15:41.434325 https://xzhnhfcyy.fang.com/
Logger:2020-03-16 10:15:41.707529 https://xzhuashanghui.fang.com/
Logger:2020-03-16 10:15:43.943354 https://lhrzhy0371.fang.com/
Logger:2020-03-16 10:15:54.172378 https://shuanghumingzhu2.fang.com/
Logger:2020-03-16 10:16:00.384107 https://rlhhjy.fang.com/
Logger:2020-03-16 10:16:05.481807 https://xinzheng.newhouse.fang.com/house/2532835287.htm
Logger:2020-03-16 10:16:07.936123 https://xinzheng.newhouse.fang.com/house/2532835299.htm
Logger:2020-03-16 10:16:11.775976 https://xinzheng.newhouse.fang.com/house/s/b98/
Logger:2020-03-16 10:16:15.353219 https://xinzheng.newhouse.fang.com/house/s/b99/
Logger:2020-03-16 10:16:18.858236 https://xinzheng.newhouse.fang.com/house/s/b910/
