Logger:2020-03-16 23:54:28.048266 https://xishuangbanna.newhouse.fang.com/house/s/b91/
Logger:2020-03-16 23:54:28.385299 https://mancheng0691.fang.com/
Logger:2020-03-16 23:54:28.703080 https://nanshanbieyuan0691.fang.com/
Logger:2020-03-16 23:54:30.758386 https://yulinyuanzhu.fang.com/
Logger:2020-03-16 23:54:33.341280 https://yujiangfuhx.fang.com/
Logger:2020-03-16 23:54:33.850907 https://jiumuyulin.fang.com/
Logger:2020-03-16 23:54:34.456447 https://kongquegu.fang.com/
Logger:2020-03-16 23:54:34.898256 https://mantuoxiangti.fang.com/
Logger:2020-03-16 23:54:35.334767 https://wushuliuhua.fang.com/
Logger:2020-03-16 23:54:37.801132 https://bannajingyinghui.fang.com/
Logger:2020-03-16 23:54:38.126262 https://rcgjlydjqssbxz.fang.com/2/
Logger:2020-03-16 23:54:38.488331 https://hangkongwenquanhuayuanpy.fang.com/
Logger:2020-03-16 23:54:38.801456 https://xsbngjdjq.fang.com/
Logger:2020-03-16 23:54:40.730020 https://shangyingguangchang20691.fang.com/
Logger:2020-03-16 23:54:41.022173 https://xishuanglinyuyjl2.fang.com/
Logger:2020-03-16 23:54:41.677188 https://bjjy0691.fang.com/
Logger:2020-03-16 23:54:42.115358 https://chengximxby.fang.com/
Logger:2020-03-16 23:54:42.441486 https://yuelanshan0691.fang.com/
Logger:2020-03-16 23:54:42.820472 https://cangjiangyihao.fang.com/
Logger:2020-03-16 23:54:43.217098 https://chunjiangmingyuelc0691.fang.com/
Logger:2020-03-16 23:54:43.597768 https://guanlanyunding2.fang.com/
Logger:2020-03-16 23:54:47.276405 https://xishuangbanna.newhouse.fang.com/house/s/b92/
Logger:2020-03-16 23:54:47.603084 https://rcgjlydjqsmysj.fang.com/1/
Logger:2020-03-16 23:54:47.966150 https://jingdemingzhu.fang.com/
Logger:2020-03-16 23:54:48.289285 https://rcgjlydjqsmysz.fang.com/3/
Logger:2020-03-16 23:54:49.247846 https://junfafenghuanggu.fang.com/
Logger:2020-03-16 23:54:49.552989 https://jundudacheng.fang.com/
Logger:2020-03-16 23:54:50.551128 https://sjha0691.fang.com/
Logger:2020-03-16 23:54:50.881710 https://yulinxigu.fang.com/
Logger:2020-03-16 23:54:51.230267 https://ronglinshiguang.fang.com/
Logger:2020-03-16 23:54:51.563365 https://bannashangpin.fang.com/
Logger:2020-03-16 23:54:52.026860 https://nanyachuntian.fang.com/
Logger:2020-03-16 23:54:52.439329 https://wangfuguangchang.fang.com/
Logger:2020-03-16 23:54:52.782947 https://manjinyuan.fang.com/
Logger:2020-03-16 23:54:53.086135 https://shj0691.fang.com/
Logger:2020-03-16 23:54:55.062974 https://bannayinxiang.fang.com/
Logger:2020-03-16 23:54:55.366096 https://mbllgdjmj0691.fang.com/
Logger:2020-03-16 23:54:55.691227 https://shangheju0691.fang.com/
Logger:2020-03-16 23:54:57.249221 https://ganlanwan.fang.com/
Logger:2020-03-16 23:54:57.612209 https://naxibieyuan.fang.com/
Logger:2020-03-16 23:55:02.197314 https://gangwanxincheng0691.fang.com/
Logger:2020-03-16 23:55:02.531394 https://tianruikangnianysdjjdq.fang.com/
Logger:2020-03-16 23:55:06.510646 https://xishuangbanna.newhouse.fang.com/house/s/b93/
Logger:2020-03-16 23:55:06.880646 https://jinbannashangcheng0691.fang.com/
Logger:2020-03-16 23:55:07.210768 https://hydcsq0691.fang.com/
Logger:2020-03-16 23:55:07.513362 https://xfyxq.fang.com/
Logger:2020-03-16 23:55:14.283212 https://jinhewan0691.fang.com/
Logger:2020-03-16 23:55:14.660203 https://manlian.fang.com/
Logger:2020-03-16 23:55:14.966013 https://bjgg0691.fang.com/
Logger:2020-03-16 23:55:15.296242 https://ypsy0691.fang.com/
Logger:2020-03-16 23:55:15.645858 https://xinshengshidai20691.fang.com/
Logger:2020-03-16 23:55:19.119923 https://kaixuanchengyx0691.fang.com/
Logger:2020-03-16 23:55:19.429243 https://gzxsj.fang.com/
Logger:2020-03-16 23:55:19.752039 https://195260.fang.com/
Logger:2020-03-16 23:55:20.052289 https://pinganyuejingzhuang0691.fang.com/
Logger:2020-03-16 23:55:20.361495 https://zhongyangguoji0691.fang.com/
Logger:2020-03-16 23:55:20.760395 https://longshengyayuan.fang.com/
Logger:2020-03-16 23:55:21.080121 https://lunanshan.fang.com/
Logger:2020-03-16 23:55:25.631258 https://jinxiangguoji0691.fang.com/
Logger:2020-03-16 23:55:26.070719 https://poshuiguangchanghy.fang.com/
Logger:2020-03-16 23:55:26.480785 https://bannayouzhai.fang.com/
Logger:2020-03-16 23:55:26.818811 https://taohuayuan0691.fang.com/
Logger:2020-03-16 23:55:27.126030 https://hongmuzhubaocheng0691.fang.com/
Logger:2020-03-16 23:55:31.109848 https://xishuangbanna.newhouse.fang.com/house/s/b94/
Logger:2020-03-16 23:55:31.478900 https://jiangzhidounananc.fang.com/
Logger:2020-03-16 23:55:31.915037 https://fljy0691.fang.com/
Logger:2020-03-16 23:55:32.227733 https://caifuzhongxin0691.fang.com/shop/
Logger:2020-03-16 23:55:32.518026 https://chengshigongyu0691.fang.com/
Logger:2020-03-16 23:55:32.898938 https://haoyutiandi.fang.com/
Logger:2020-03-16 23:55:40.997211 https://junduyijing.fang.com/
Logger:2020-03-16 23:55:41.335706 https://caifuzhongxinzhefeijiudian.fang.com/
Logger:2020-03-16 23:55:45.000755 https://xishuangbanna.newhouse.fang.com/house/s/b95/
Logger:2020-03-16 23:55:48.582673 https://xishuangbanna.newhouse.fang.com/house/s/b96/
Logger:2020-03-16 23:55:52.345767 https://xishuangbanna.newhouse.fang.com/house/s/b97/
