Logger:2020-03-16 23:19:44.389904 https://xj.newhouse.fang.com/house/s/b91/
Logger:2020-03-16 23:19:45.016239 https://wufangjunruitangfu.fang.com/
Logger:2020-03-16 23:19:45.675465 https://wulumuqihengdayufu.fang.com/
Logger:2020-03-16 23:19:46.041369 https://hengdalvzhou0991.fang.com/
Logger:2020-03-16 23:19:47.425014 https://hanlinfujdyg.fang.com/
Logger:2020-03-16 23:19:49.641702 https://jmmdhy.fang.com/
Logger:2020-03-16 23:19:51.000751 https://hongyangshangjun.fang.com/
Logger:2020-03-16 23:19:51.352754 https://junruifuhd0991.fang.com/
Logger:2020-03-16 23:19:52.520136 https://juranshoufu.fang.com/
Logger:2020-03-16 23:19:52.880733 https://zhwjgg0991.fang.com/
Logger:2020-03-16 23:19:54.764693 https://zhonghaiyundingdaguanyunjin.fang.com/
Logger:2020-03-16 23:19:55.517200 https://dushihuayuantb.fang.com/
Logger:2020-03-16 23:19:55.840335 https://jinbitianxiahd0991.fang.com/
Logger:2020-03-16 23:19:56.217327 https://lingnanqingcheng.fang.com/
Logger:2020-03-16 23:19:56.686114 https://jingcaitiandircdg2.fang.com/
Logger:2020-03-16 23:19:57.289012 https://hanlinchengpinzt0991.fang.com/
Logger:2020-03-16 23:19:58.084522 https://biguiyuan0991.fang.com/
Logger:2020-03-16 23:19:58.433014 https://lidingxincheng0991.fang.com/
Logger:2020-03-16 23:19:58.753160 https://wulumuqihengdamingdu.fang.com/
Logger:2020-03-16 23:19:59.173038 https://guanghuihuimingcheng0991.fang.com/
Logger:2020-03-16 23:20:05.522087 https://yunlingjingyuan.fang.com/
Logger:2020-03-16 23:20:09.449201 https://xj.newhouse.fang.com/house/s/b92/
Logger:2020-03-16 23:20:09.840164 https://hlgsxz.fang.com/
Logger:2020-03-16 23:20:10.334069 https://dushiguolingwlmq.fang.com/
Logger:2020-03-16 23:20:10.687085 https://tbjmc.fang.com/
Logger:2020-03-16 23:20:11.015207 https://lvchengbaiheliuxiangyuan.fang.com/
Logger:2020-03-16 23:20:11.452000 https://caihongxinzhu.fang.com/
Logger:2020-03-16 23:20:11.831283 https://bgyjsf0991.fang.com/
Logger:2020-03-16 23:20:12.291752 https://tianshanfuwk.fang.com/
Logger:2020-03-16 23:20:12.650754 https://lvdicheng0991.fang.com/2/
Logger:2020-03-16 23:20:13.072624 https://zhongtianfeilijunfu.fang.com/
Logger:2020-03-16 23:20:13.397938 https://jkxytd.fang.com/
Logger:2020-03-16 23:20:13.772318 https://ziyungezh.fang.com/
Logger:2020-03-16 23:20:15.671648 https://zijincheng0991.fang.com/
Logger:2020-03-16 23:20:17.687478 https://hexingdijing.fang.com/
Logger:2020-03-16 23:20:18.049543 https://sjgjjf.fang.com/3/
Logger:2020-03-16 23:20:18.416516 https://boxueyuanshuxiangmendi.fang.com/
Logger:2020-03-16 23:20:18.866996 https://jiuhaogongguanzh0991.fang.com/
Logger:2020-03-16 23:20:21.706949 https://xkklytcxf.fang.com/
Logger:2020-03-16 23:20:22.086932 https://qinjiyueshanhu.fang.com/
Logger:2020-03-16 23:20:22.448963 https://jiayuandushi0991.fang.com/
Logger:2020-03-16 23:20:22.918425 https://zhonghaitianyueguoji.fang.com/
Logger:2020-03-16 23:20:27.199470 https://xj.newhouse.fang.com/house/s/b93/
Logger:2020-03-16 23:20:27.599881 https://ziyuzhencheng.fang.com/
Logger:2020-03-16 23:20:27.966911 https://tianxibgy0991.fang.com/
Logger:2020-03-16 23:20:28.356810 https://zhonghaorunyuan.fang.com/
Logger:2020-03-16 23:20:28.663009 https://1391hxysty.fang.com/
Logger:2020-03-16 23:20:29.054777 https://jkjmtc0991.fang.com/
Logger:2020-03-16 23:20:29.431643 https://jiangnantaoyuanrc.fang.com/
Logger:2020-03-16 23:20:29.820564 https://ygcwlf0991.fang.com/
Logger:2020-03-16 23:20:30.200548 https://jinkemengxiangchuanqi.fang.com/
Logger:2020-03-16 23:20:30.578055 https://gongyuanshangjing.fang.com/
Logger:2020-03-16 23:20:30.908026 https://tianyuanwenyuan.fang.com/
Logger:2020-03-16 23:20:31.314986 https://tianshanlvzhouhc.fang.com/2/
Logger:2020-03-16 23:20:31.687971 https://ygcwlgg.fang.com/
Logger:2020-03-16 23:20:32.102858 https://ygcyhczzx.fang.com/
Logger:2020-03-16 23:20:32.469469 https://fulicheng0991.fang.com/
Logger:2020-03-16 23:20:32.808818 https://huanlesonglt.fang.com/
Logger:2020-03-16 23:20:33.328433 https://ygcljw20991.fang.com/2/
Logger:2020-03-16 23:20:33.686469 https://kaididasha0991.fang.com/
Logger:2020-03-16 23:20:34.130326 https://guangdongdashaxiyueju.fang.com/
Logger:2020-03-16 23:20:34.505874 https://yishuiwan0991.fang.com/
Logger:2020-03-16 23:20:34.887853 https://yangguanghengchangwanxiangtiandi.fang.com/
Logger:2020-03-16 23:20:38.647574 https://xj.newhouse.fang.com/house/s/b94/
Logger:2020-03-16 23:20:39.029517 https://bainiaohulongxitai.fang.com/
Logger:2020-03-16 23:20:39.366509 https://wfzyt.fang.com/
Logger:2020-03-16 23:20:39.682657 https://shijiegongyuan.fang.com/
Logger:2020-03-16 23:20:40.028175 https://ygcljw0991.fang.com/1/
Logger:2020-03-16 23:20:40.419170 https://zhigujdyg.fang.com/
Logger:2020-03-16 23:20:40.782160 https://lantaifuld0991.fang.com/
Logger:2020-03-16 23:20:41.117281 https://shuxiangyadi.fang.com/
Logger:2020-03-16 23:20:41.519614 https://shangyuanbeigehy.fang.com/
Logger:2020-03-16 23:20:41.872715 https://xinlvdeyuanhongjun.fang.com/
Logger:2020-03-16 23:20:42.163890 https://mlhqg.fang.com/
Logger:2020-03-16 23:20:42.520938 https://wkhfl.fang.com/
Logger:2020-03-16 23:20:42.886116 https://qinjilancheng.fang.com/
Logger:2020-03-16 23:20:46.088551 https://hongxingtianque0991.fang.com/
Logger:2020-03-16 23:20:46.474523 https://wantaiyangguangchengsanqi.fang.com/
Logger:2020-03-16 23:20:46.917334 https://zimeiyahe.fang.com/3/
Logger:2020-03-16 23:20:47.769881 https://daduhuiwk0991.fang.com/
Logger:2020-03-16 23:20:48.463823 https://tuosikanaxiaochengbs.fang.com/
Logger:2020-03-16 23:20:48.802916 https://cuizhuyuan0991.fang.com/
Logger:2020-03-16 23:20:51.387105 https://huiruncheng.fang.com/
Logger:2020-03-16 23:20:51.767135 https://yihaoyuanqj.fang.com/
Logger:2020-03-16 23:20:55.464273 https://xj.newhouse.fang.com/house/s/b95/
Logger:2020-03-16 23:20:55.790785 https://yundingdaguanyunxi.fang.com/
Logger:2020-03-16 23:20:56.150319 https://bolangtianyuzt.fang.com/
Logger:2020-03-16 23:20:56.585155 https://shujiayuan.fang.com/
Logger:2020-03-16 23:20:56.985166 https://lingditianyu0991.fang.com/
Logger:2020-03-16 23:20:57.325772 https://huizhenchengzhenyuan.fang.com/
Logger:2020-03-16 23:20:57.646905 https://shoufugongguan.fang.com/
Logger:2020-03-16 23:20:58.167513 https://lvdizhongxinwlmq.fang.com/
Logger:2020-03-16 23:20:58.544887 https://zhyddgjf.fang.com/
Logger:2020-03-16 23:20:58.925495 https://guojiguangchang0991.fang.com/
Logger:2020-03-16 23:20:59.295177 https://yujinxiangxiaozhen.fang.com/
Logger:2020-03-16 23:20:59.737884 https://baoliyeyu0991.fang.com/
Logger:2020-03-16 23:21:00.126842 https://xifuxiaoyuan.fang.com/
Logger:2020-03-16 23:21:00.502351 https://yijingtingyuan.fang.com/
Logger:2020-03-16 23:21:03.801659 https://qinjichengyuan.fang.com/
Logger:2020-03-16 23:21:04.194609 https://jinyuefu0991.fang.com/
Logger:2020-03-16 23:21:04.563347 https://huizhanjiulizh.fang.com/
Logger:2020-03-16 23:21:04.918500 https://lantianliyuan0991.fang.com/
Logger:2020-03-16 23:21:05.327152 https://dingxiangyuan0991.fang.com/
Logger:2020-03-16 23:21:08.014009 https://oufengbshd.fang.com/
Logger:2020-03-16 23:21:08.425412 https://yashan1391hxtl.fang.com/
Logger:2020-03-16 23:21:12.301214 https://xj.newhouse.fang.com/house/s/b96/
Logger:2020-03-16 23:21:12.634361 https://biguiyuantingzhoufu.fang.com/
Logger:2020-03-16 23:21:13.117031 https://lvchengyilongbandao0991.fang.com/
Logger:2020-03-16 23:21:13.460092 https://wanboxuefu.fang.com/
Logger:2020-03-16 23:21:13.796193 https://hfchuifengdasha.fang.com/
Logger:2020-03-16 23:21:14.164208 https://aidiyuefu.fang.com/
Logger:2020-03-16 23:21:14.596583 https://shanshuijiayuan0991.fang.com/
Logger:2020-03-16 23:21:17.576039 https://guanghuihuirongcheng.fang.com/
Logger:2020-03-16 23:21:17.939995 https://biguiyuantianyu0991.fang.com/
Logger:2020-03-16 23:21:18.295074 https://liangjingmingju0991.fang.com/
Logger:2020-03-16 23:21:18.743840 https://beichengdaguan.fang.com/2/
Logger:2020-03-16 23:21:19.118834 https://aidianlanboyu.fang.com/
Logger:2020-03-16 23:21:23.261338 https://meiguiguoji0991.fang.com/
Logger:2020-03-16 23:21:23.584681 https://nanshanyijusj.fang.com/
Logger:2020-03-16 23:21:24.008694 https://zhjhtd.fang.com/
Logger:2020-03-16 23:21:24.329774 https://tebianshijiguangchangdongyuan.fang.com/
Logger:2020-03-16 23:21:24.663879 https://milanyinxiang0991.fang.com/
Logger:2020-03-16 23:21:25.033103 https://juranzhijia0991.fang.com/
Logger:2020-03-16 23:21:25.444850 https://tebianshijiguangchang.fang.com/
Logger:2020-03-16 23:21:25.793593 https://jurandasha0991.fang.com/
Logger:2020-03-16 23:21:26.164599 https://ykhmf.fang.com/
Logger:2020-03-16 23:21:29.559553 https://xj.newhouse.fang.com/house/s/b97/
Logger:2020-03-16 23:21:30.230232 https://nanhupinyu.fang.com/
Logger:2020-03-16 23:21:30.963316 https://futaiyaju.fang.com/
Logger:2020-03-16 23:21:31.575116 https://weilantianchen.fang.com/
Logger:2020-03-16 23:21:31.950148 https://yuyuanguangchanglys.fang.com/
Logger:2020-03-16 23:21:32.420855 https://gongyuanliwk0991.fang.com/
Logger:2020-03-16 23:21:36.545058 https://zhongchengguojicheng0991.fang.com/
Logger:2020-03-16 23:21:37.064666 https://caiyunmingdi.fang.com/
Logger:2020-03-16 23:21:37.610227 https://yuefukxmd.fang.com/
Logger:2020-03-16 23:21:38.068061 https://haoyuanshangpin.fang.com/
Logger:2020-03-16 23:21:38.555748 https://biguiyuanhuangjinshidai.fang.com/
Logger:2020-03-16 23:21:38.969097 https://wkgydd0991.fang.com/
Logger:2020-03-16 23:21:45.196526 https://dongfangyujingtj.fang.com/
Logger:2020-03-16 23:21:45.588082 https://yishanjun0991.fang.com/
Logger:2020-03-16 23:21:45.940120 https://longheyaju2.fang.com/
Logger:2020-03-16 23:21:46.305028 https://dtyhy.fang.com/
Logger:2020-03-16 23:21:46.758814 https://lvguchuntianjm.fang.com/
Logger:2020-03-16 23:21:47.939157 https://baishangchengshishu.fang.com/
Logger:2020-03-16 23:21:50.140686 https://wlmqwankeduhuichuanqi.fang.com/
Logger:2020-03-16 23:21:54.293089 https://xichengyipin.fang.com/
Logger:2020-03-16 23:21:54.637203 https://jiudingyilonghuating.fang.com/
Logger:2020-03-16 23:21:58.228223 https://xj.newhouse.fang.com/house/s/b98/
Logger:2020-03-16 23:21:58.537397 https://wkdhcqiiq.fang.com/
Logger:2020-03-16 23:21:58.928350 https://dingjinggongguan0991.fang.com/
Logger:2020-03-16 23:21:59.252491 https://gaotiemingyuan.fang.com/
Logger:2020-03-16 23:21:59.546734 https://chengjun0991.fang.com/
Logger:2020-03-16 23:22:01.986785 https://shanghaiziyuan.fang.com/
Logger:2020-03-16 23:22:02.374707 https://jinhewan0991.fang.com/
Logger:2020-03-16 23:22:02.669454 https://xiyuehaodu.fang.com/
Logger:2020-03-16 23:22:03.005848 https://wkjhl.fang.com/
Logger:2020-03-16 23:22:03.325289 https://sanchengsanzr.fang.com/
Logger:2020-03-16 23:22:03.769102 https://langqiaoshuixiangjk0991.fang.com/
Logger:2020-03-16 23:22:04.201943 https://dongfangzhihuiyuan.fang.com/
Logger:2020-03-16 23:22:04.545619 https://xuefuhuating0991.fang.com/
Logger:2020-03-16 23:22:07.057579 https://kechuanghuayuan.fang.com/
Logger:2020-03-16 23:22:07.479451 https://xiangshanyihao0991.fang.com/
Logger:2020-03-16 23:22:07.807573 https://xinnengnanshanyiyuan.fang.com/
Logger:2020-03-16 23:22:08.140682 https://biguiyuanwenqicheng.fang.com/
Logger:2020-03-16 23:22:08.506946 https://ghtjy.fang.com/
Logger:2020-03-16 23:22:08.871024 https://baolilinyu0991.fang.com/
Logger:2020-03-16 23:22:09.258934 https://baonengcheng0991.fang.com/
Logger:2020-03-16 23:22:09.569114 https://xiangtiyajing.fang.com/
Logger:2020-03-16 23:22:14.205875 https://xj.newhouse.fang.com/house/s/b99/
Logger:2020-03-16 23:22:14.584556 https://huayulongwanxj.fang.com/
Logger:2020-03-16 23:22:14.940712 https://shuijinggongyuan0991.fang.com/
Logger:2020-03-16 23:22:15.273782 https://xiyatuxiaozhen.fang.com/
Logger:2020-03-16 23:22:15.634818 https://huizhiyihaozhuangyuan.fang.com/
Logger:2020-03-16 23:22:16.017639 https://baoqinglijingtiancheng.fang.com/
Logger:2020-03-16 23:22:16.402196 https://huizhencheng.fang.com/
Logger:2020-03-16 23:22:17.773668 https://jiayuyuecheng.fang.com/
Logger:2020-03-16 23:22:19.110036 https://chunfenglilc0991.fang.com/
Logger:2020-03-16 23:22:19.433747 https://tbxfxz.fang.com/
Logger:2020-03-16 23:22:19.750558 https://ruizhongdasha.fang.com/
Logger:2020-03-16 23:22:21.055279 https://yfyghp.fang.com/
Logger:2020-03-16 23:22:21.382408 https://shanghaicheng0991.fang.com/
Logger:2020-03-16 23:22:21.772602 https://lantinglvguxuefu.fang.com/
Logger:2020-03-16 23:22:22.190484 https://o2oshengtaizhihuicheng.fang.com/
Logger:2020-03-16 23:22:22.576517 https://xinjiangsiluzhongxin.fang.com/
Logger:2020-03-16 23:22:22.889690 https://mingmenhuafu0991.fang.com/
Logger:2020-03-16 23:22:23.315623 https://gaotiemingzhu.fang.com/
Logger:2020-03-16 23:22:25.214714 https://shijichengdy0991.fang.com/
Logger:2020-03-16 23:22:25.572755 https://lvchengxiaoquxd.fang.com/
Logger:2020-03-16 23:22:25.948751 https://baoshanyihao20991.fang.com/
Logger:2020-03-16 23:22:29.321570 https://xj.newhouse.fang.com/house/s/b910/
Logger:2020-03-16 23:22:29.631739 https://yuankaidiyicheng0991.fang.com/
Logger:2020-03-16 23:22:29.973204 https://miguli0991.fang.com/
Logger:2020-03-16 23:22:30.384384 https://shuimoqingyuan0991.fang.com/
Logger:2020-03-16 23:22:30.698543 https://kunhongyuan2.fang.com/
Logger:2020-03-16 23:22:34.701678 https://yaouguojifengqingjie.fang.com/
Logger:2020-03-16 23:22:36.305856 https://ctmhxf.fang.com/
Logger:2020-03-16 23:22:36.816510 https://shanyuwenting.fang.com/
Logger:2020-03-16 23:22:37.231361 https://xindashacj.fang.com/
Logger:2020-03-16 23:22:39.320090 https://gongyuanyinxiang0991.fang.com/
Logger:2020-03-16 23:22:43.347133 https://chuangxinguangchang0991.fang.com/2/
Logger:2020-03-16 23:22:43.719366 https://huanyuwutongjun.fang.com/
Logger:2020-03-16 23:22:44.031617 https://chuangyedadao.fang.com/
Logger:2020-03-16 23:22:44.334000 https://fujiandasha0991.fang.com/
Logger:2020-03-16 23:22:47.205080 https://jkwlzy.fang.com/
Logger:2020-03-16 23:22:47.663852 https://feicuitianjiaowk0991.fang.com/
Logger:2020-03-16 23:22:48.168468 https://junhaobalizhuangyuan.fang.com/
Logger:2020-03-16 23:22:50.234304 https://gaotieshuncheng.fang.com/
Logger:2020-03-16 23:22:50.565360 https://sushangmeiyuan.fang.com/
Logger:2020-03-16 23:22:52.488038 https://guanghuiduhui.fang.com/
Logger:2020-03-16 23:22:52.780825 https://zhlss.fang.com/
Logger:2020-03-16 23:22:56.150184 https://xj.newhouse.fang.com/house/s/b911/
Logger:2020-03-16 23:22:56.478305 https://qinjishangheyuan.fang.com/
Logger:2020-03-16 23:22:56.895751 https://gongyuannanhukunlungongguan2.fang.com/3/
Logger:2020-03-16 23:22:58.833968 https://lvyamingju.fang.com/
Logger:2020-03-16 23:22:59.169532 https://jinkexingfuli0991.fang.com/
Logger:2020-03-16 23:22:59.479416 https://donghuguanlan.fang.com/
Logger:2020-03-16 23:22:59.851345 https://yihehuayuan0991.fang.com/
Logger:2020-03-16 23:23:00.195470 https://haiyuehuayuan0991.fang.com/1/
Logger:2020-03-16 23:23:00.600074 https://hongshuxiaoyuanli.fang.com/
Logger:2020-03-16 23:23:03.461046 https://jkwxyy.fang.com/
Logger:2020-03-16 23:23:05.148079 https://nanhuzhonghuandasha.fang.com/
Logger:2020-03-16 23:23:05.460911 https://xuefutianjiao.fang.com/
Logger:2020-03-16 23:23:05.791451 https://lvchengnanshanyangguangyi.fang.com/2/
Logger:2020-03-16 23:23:06.110260 https://jumingyipinshijia.fang.com/
Logger:2020-03-16 23:23:06.561089 https://xtrslhqghjyf.fang.com/2/
Logger:2020-03-16 23:23:06.938044 https://decaihuayuan.fang.com/
Logger:2020-03-16 23:23:07.462084 https://mewnszy.fang.com/
Logger:2020-03-16 23:23:07.786342 https://chengshiguangchang0991.fang.com/
Logger:2020-03-16 23:23:08.184260 https://dlwgjhydjq0991.fang.com/
Logger:2020-03-16 23:23:08.565242 https://huanyupingguogongyu.fang.com/
Logger:2020-03-16 23:23:08.943315 https://yipinnanshan0991.fang.com/
Logger:2020-03-16 23:23:12.545934 https://xj.newhouse.fang.com/house/s/b912/
Logger:2020-03-16 23:23:12.861088 https://aifaouzhoubujing.fang.com/
Logger:2020-03-16 23:23:13.194161 https://hepanmeiyuan.fang.com/
Logger:2020-03-16 23:23:13.514344 https://yingaonanjun.fang.com/
Logger:2020-03-16 23:23:15.054317 https://tbjymm.fang.com/3/
Logger:2020-03-16 23:23:15.459234 https://haihongguojigang.fang.com/
Logger:2020-03-16 23:23:17.328892 https://xinjianghainingpigecheng.fang.com/
Logger:2020-03-16 23:23:17.640058 https://shuimofang.fang.com/
Logger:2020-03-16 23:23:17.950991 https://yghcswgy.fang.com/
Logger:2020-03-16 23:23:18.308732 https://yonglidasha0991.fang.com/
Logger:2020-03-16 23:23:18.631503 https://shiershichuangyetaixiatcac.fang.com/
Logger:2020-03-16 23:23:22.193086 https://xj.newhouse.fang.com/house/s/b913/
Logger:2020-03-16 23:23:25.744517 https://xj.newhouse.fang.com/house/s/b914/
Logger:2020-03-16 23:23:29.296901 https://xj.newhouse.fang.com/house/s/b915/
