Logger:2020-03-15 23:08:27.029148 https://xm.newhouse.fang.com/house/s/b91/
Logger:2020-03-15 23:08:27.422752 https://shouchuangxiruifenghua.fang.com/
Logger:2020-03-15 23:08:27.806728 https://boyuefurq.fang.com/
Logger:2020-03-15 23:08:28.189715 https://125894.fang.com/
Logger:2020-03-15 23:08:31.403644 https://baolitianhui0592.fang.com/
Logger:2020-03-15 23:08:31.748121 https://1258580596.fang.com/
Logger:2020-03-15 23:08:32.402115 https://xiamennuodeyidu.fang.com/
Logger:2020-03-15 23:08:32.789043 https://125698.fang.com/
Logger:2020-03-15 23:08:36.432004 https://jianfayangzhu0592.fang.com/
Logger:2020-03-15 23:08:36.853621 https://125990.fang.com/
Logger:2020-03-15 23:08:37.177804 https://yuanshitingfl0592.fang.com/
Logger:2020-03-15 23:08:37.548335 https://maluanwan1hao.fang.com/
Logger:2020-03-15 23:08:37.911364 https://125806.fang.com/
Logger:2020-03-15 23:08:38.325260 https://jingyuechengyz.fang.com/
Logger:2020-03-15 23:08:38.741117 https://1259480592.fang.com/
Logger:2020-03-15 23:08:41.299282 https://1260120592.fang.com/
Logger:2020-03-15 23:08:41.689226 https://baolisanqiandong.fang.com/
Logger:2020-03-15 23:08:42.279493 https://lingxiangshangjunsk.fang.com/
Logger:2020-03-15 23:08:42.649463 https://zhxllw.fang.com/
Logger:2020-03-15 23:08:45.591361 https://guomaotiancheng0592.fang.com/
Logger:2020-03-15 23:08:46.008283 https://125536.fang.com/
Logger:2020-03-15 23:08:49.965821 https://xm.newhouse.fang.com/house/s/b92/
Logger:2020-03-15 23:08:51.603954 https://zonglvguojizhuquioi.fang.com/
Logger:2020-03-15 23:08:51.957609 https://zhonghaishimaofu.fang.com/
Logger:2020-03-15 23:08:54.370271 https://1259760592.fang.com/
Logger:2020-03-15 23:08:54.688959 https://125452.fang.com/
Logger:2020-03-15 23:08:55.028051 https://pingtanjindichangfutianyi2.fang.com/
Logger:2020-03-15 23:08:56.911139 https://jiujintaizn.fang.com/
Logger:2020-03-15 23:08:57.224366 https://yongjiangfuyz0596.fang.com/
Logger:2020-03-15 23:08:57.578365 https://xifengtaizh.fang.com/
Logger:2020-03-15 23:08:57.919444 https://donganlangtingyzsm.fang.com/
Logger:2020-03-15 23:08:58.340113 https://haixiaguojiwanqu0592.fang.com/
Logger:2020-03-15 23:08:58.688228 https://126064.fang.com/
Logger:2020-03-15 23:08:59.039208 https://1261560592.fang.com/
Logger:2020-03-15 23:08:59.365381 https://125886.fang.com/
Logger:2020-03-15 23:09:00.247308 https://zimaochenght.fang.com/
Logger:2020-03-15 23:09:01.124464 https://longhuchunjiangtianxi0592.fang.com/
Logger:2020-03-15 23:09:01.505052 https://guanlanrq.fang.com/
Logger:2020-03-15 23:09:01.874534 https://xiamenziyunfu.fang.com/
Logger:2020-03-15 23:09:02.274464 https://zhongjuntianchen0592.fang.com/
Logger:2020-03-15 23:09:02.640543 https://wenlanfuygc0592.fang.com/
Logger:2020-03-15 23:09:02.997920 https://rongqiaoguandi0592.fang.com/
Logger:2020-03-15 23:09:06.771682 https://xm.newhouse.fang.com/house/s/b93/
Logger:2020-03-15 23:09:07.162239 https://tingxiyuanzithsm.fang.com/
Logger:2020-03-15 23:09:07.506062 https://kailonghujingchenfus.fang.com/
Logger:2020-03-15 23:09:12.329095 https://125586592.fang.com/
Logger:2020-03-15 23:09:15.392090 https://1259500592.fang.com/
Logger:2020-03-15 23:09:16.004504 https://datongfurc.fang.com/
Logger:2020-03-15 23:09:16.337720 https://hengdadijing0592.fang.com/
Logger:2020-03-15 23:09:16.947089 https://diyiwanht.fang.com/
Logger:2020-03-15 23:09:17.346022 https://dflj1h.fang.com/
Logger:2020-03-15 23:09:17.707567 https://ioizonglvcheng.fang.com/
Logger:2020-03-15 23:09:18.092048 https://feilihaianygc0592.fang.com/
Logger:2020-03-15 23:09:18.476919 https://heguangchengyuebl.fang.com/
Logger:2020-03-15 23:09:18.954641 https://shanyutingxigl.fang.com/
Logger:2020-03-15 23:09:20.574528 https://yueqinwantf.fang.com/
Logger:2020-03-15 23:09:22.312523 https://guomaotianfeng0592.fang.com/
Logger:2020-03-15 23:09:24.760401 https://zhongyanggongyuancheng0592.fang.com/
Logger:2020-03-15 23:09:27.014010 https://shidaishangcheng0592.fang.com/
Logger:2020-03-15 23:09:27.353624 https://shuijingheyuan.fang.com/
Logger:2020-03-15 23:09:27.674132 https://jianfaxiyue.fang.com/
Logger:2020-03-15 23:09:28.120446 https://guomaotianyue.fang.com/
Logger:2020-03-15 23:09:28.475496 https://boyuewanrx.fang.com/
Logger:2020-03-15 23:09:32.278888 https://xm.newhouse.fang.com/house/s/b94/
Logger:2020-03-15 23:09:32.590055 https://wankebailujunsk.fang.com/
Logger:2020-03-15 23:09:35.485831 https://shuijingyunxixiangfu.fang.com/
Logger:2020-03-15 23:09:35.834858 https://dijingyuan0592.fang.com/
Logger:2020-03-15 23:09:36.233799 https://yundingzhizun.fang.com/
Logger:2020-03-15 23:09:36.587379 https://huaerdun1275.fang.com/
Logger:2020-03-15 23:09:37.043337 https://xyxtjyz.fang.com/
Logger:2020-03-15 23:09:38.884094 https://hexietianxia.fang.com/
Logger:2020-03-15 23:09:39.218138 https://125828.fang.com/
Logger:2020-03-15 23:09:39.584189 https://shuiyunjiandt.fang.com/
Logger:2020-03-15 23:09:40.021294 https://shangshufanght.fang.com/
Logger:2020-03-15 23:09:40.625149 https://125548.fang.com/
Logger:2020-03-15 23:09:41.019133 https://tefanglaianggongguan.fang.com/
Logger:2020-03-15 23:09:41.552701 https://lianhuaxinchengzz.fang.com/
Logger:2020-03-15 23:09:41.959113 https://cuicantianchensm.fang.com/
Logger:2020-03-15 23:09:42.388964 https://xinjiyuanxs.fang.com/
Logger:2020-03-15 23:09:42.791408 https://guojihaianss.fang.com/
Logger:2020-03-15 23:09:44.267479 https://xiamenhuaxi.fang.com/
Logger:2020-03-15 23:09:44.649590 https://gongyuanyihaozs.fang.com/
Logger:2020-03-15 23:09:44.967659 https://xinshengfenglehuo.fang.com/
Logger:2020-03-15 23:09:45.382577 https://125704.fang.com/
Logger:2020-03-15 23:09:49.322474 https://xm.newhouse.fang.com/house/s/b95/
Logger:2020-03-15 23:09:49.633809 https://hengheqishang.fang.com/
Logger:2020-03-15 23:09:50.033705 https://junyueshanyc.fang.com/
Logger:2020-03-15 23:09:50.655083 https://jinyutixiangwk0592.fang.com/
Logger:2020-03-15 23:09:51.074985 https://xiangxiliyz.fang.com/
Logger:2020-03-15 23:09:53.585780 https://zhongyanggongyuan0592.fang.com/
Logger:2020-03-15 23:09:54.504828 https://shanjianhaoshan.fang.com/
Logger:2020-03-15 23:09:54.837938 https://jinmaoyuexa.fang.com/
Logger:2020-03-15 23:09:55.211439 https://guofengchangansm.fang.com/
Logger:2020-03-15 23:09:55.551395 https://zizaichenghxsh.fang.com/
Logger:2020-03-15 23:09:55.940697 https://xiamenwanyihao0592.fang.com/
Logger:2020-03-15 23:09:56.332610 https://xlwswyyzx.fang.com/
Logger:2020-03-15 23:09:56.666753 https://yubinfuyjl0592.fang.com/
Logger:2020-03-15 23:09:57.017683 https://zhongaohuimf.fang.com/
Logger:2020-03-15 23:09:57.436248 https://126068.fang.com/
Logger:2020-03-15 23:09:59.487171 https://haixizhongxintd.fang.com/
Logger:2020-03-15 23:09:59.794997 https://xiamenwannananyh0592.fang.com/
Logger:2020-03-15 23:10:00.649377 https://125674.fang.com/
Logger:2020-03-15 23:10:01.057674 https://xiamenshijirx.fang.com/
Logger:2020-03-15 23:10:01.368681 https://haishangshijiexm.fang.com/
Logger:2020-03-15 23:10:01.685544 https://chunshanzhuang.fang.com/
Logger:2020-03-15 23:10:05.403896 https://xm.newhouse.fang.com/house/s/b96/
Logger:2020-03-15 23:10:16.212978 https://125680.fang.com/
Logger:2020-03-15 23:10:21.416670 https://yujingzhongxin0592.fang.com/
Logger:2020-03-15 23:10:21.735805 https://lanyuechengyh.fang.com/
Logger:2020-03-15 23:10:22.102871 https://lanshanyuanzith.fang.com/
Logger:2020-03-15 23:10:22.513926 https://125742.fang.com/
Logger:2020-03-15 23:10:22.879947 https://1255600592.fang.com/
Logger:2020-03-15 23:10:26.727818 https://125954.fang.com/
Logger:2020-03-15 23:10:27.078842 https://125834.fang.com/
Logger:2020-03-15 23:10:27.466805 https://1259960592.fang.com/
Logger:2020-03-15 23:10:34.717405 https://fenghuanghuacheng.fang.com/
Logger:2020-03-15 23:10:35.110760 https://shililanshan.fang.com/
Logger:2020-03-15 23:10:41.561215 https://zhongzhoubinhaichengjd.fang.com/
Logger:2020-03-15 23:10:41.906268 https://haixiadashasm.fang.com/
Logger:2020-03-15 23:10:42.245360 https://jinduxinlanwan.fang.com/
Logger:2020-03-15 23:10:42.664303 https://lanshanshuyz.fang.com/
Logger:2020-03-15 23:10:43.126724 https://shuijingditiegongyuan.fang.com/
Logger:2020-03-15 23:10:43.460947 https://tianhegmyy.fang.com/
Logger:2020-03-15 23:10:46.799158 https://bisitelvjugongyu.fang.com/
Logger:2020-03-15 23:10:47.133311 https://wanyiguangchangzz.fang.com/
Logger:2020-03-15 23:10:47.544137 https://yonghefuzs0592.fang.com/
Logger:2020-03-15 23:10:51.462285 https://xm.newhouse.fang.com/house/s/b97/
Logger:2020-03-15 23:10:51.758945 https://shangyiyuangl.fang.com/
Logger:2020-03-15 23:10:52.122238 https://125832.fang.com/
Logger:2020-03-15 23:10:52.558484 https://jiahehaoting.fang.com/
Logger:2020-03-15 23:10:53.809099 https://289144.fang.com/
Logger:2020-03-15 23:10:54.175658 https://kadakaisizsh.fang.com/
Logger:2020-03-15 23:10:54.524744 https://1258740592.fang.com/
Logger:2020-03-15 23:10:54.978548 https://yongtinghuixmgj.fang.com/
Logger:2020-03-15 23:10:56.657881 https://tiandijinronggang.fang.com/
Logger:2020-03-15 23:10:56.998977 https://yixiangwanhs.fang.com/
Logger:2020-03-15 23:10:59.274000 https://126180.fang.com/
Logger:2020-03-15 23:10:59.592218 https://125812.fang.com/
Logger:2020-03-15 23:10:59.939414 https://haitoucbd1hao.fang.com/
Logger:2020-03-15 23:11:03.301474 https://125850.fang.com/
Logger:2020-03-15 23:11:03.648557 https://xinjingshunhongguojizhongxin.fang.com/
Logger:2020-03-15 23:11:04.076922 https://yhhyszxq.fang.com/
Logger:2020-03-15 23:11:04.372056 https://125738.fang.com/
Logger:2020-03-15 23:11:05.724659 https://guangchanghxmz.fang.com/
Logger:2020-03-15 23:11:06.075881 https://shuiwanqingcheng.fang.com/3/
Logger:2020-03-15 23:11:06.503743 https://longquanlijing0592.fang.com/
Logger:2020-03-15 23:11:06.840835 https://botemancaifuzhongxintf.fang.com/
Logger:2020-03-15 23:11:10.606303 https://xm.newhouse.fang.com/house/s/b98/
Logger:2020-03-15 23:11:10.909946 https://125906.fang.com/
Logger:2020-03-15 23:11:11.289958 https://125804.fang.com/
Logger:2020-03-15 23:11:11.665885 https://125912.fang.com/
Logger:2020-03-15 23:11:11.989784 https://125722.fang.com/
Logger:2020-03-15 23:11:12.320208 https://taishangshouxi.fang.com/
Logger:2020-03-15 23:11:12.704174 https://wxgjswzx.fang.com/
Logger:2020-03-15 23:11:13.025330 https://1255942.fang.com/
Logger:2020-03-15 23:11:13.359240 https://fangshan101xh.fang.com/
Logger:2020-03-15 23:11:13.692196 https://125788.fang.com/
Logger:2020-03-15 23:11:14.124483 https://125584.fang.com/
Logger:2020-03-15 23:11:16.312286 https://125552.fang.com/
Logger:2020-03-15 23:11:18.324206 https://1259180592.fang.com/
Logger:2020-03-15 23:11:21.113460 https://125958.fang.com/
Logger:2020-03-15 23:11:22.206368 https://126044.fang.com/
Logger:2020-03-15 23:11:22.539107 https://125790.fang.com/
Logger:2020-03-15 23:11:22.874189 https://yishupinzhongxinhs.fang.com/
Logger:2020-03-15 23:11:26.216919 https://126002.fang.com/
Logger:2020-03-15 23:11:26.711551 https://haijingchenghy.fang.com/
Logger:2020-03-15 23:11:28.291678 https://125882.fang.com/
Logger:2020-03-15 23:11:28.614837 https://125700.fang.com/
Logger:2020-03-15 23:11:32.469173 https://xm.newhouse.fang.com/house/s/b99/
Logger:2020-03-15 23:11:35.094472 https://nantaiwugaoerfu0592.fang.com/
Logger:2020-03-15 23:11:37.031610 https://125960.fang.com/
Logger:2020-03-15 23:11:39.006912 https://1261180592.fang.com/
Logger:2020-03-15 23:11:39.317155 https://huangjinhaianjy0592.fang.com/
Logger:2020-03-15 23:11:42.133461 https://126008.fang.com/
Logger:2020-03-15 23:11:42.452569 https://126158.fang.com/
Logger:2020-03-15 23:11:44.777951 https://126000.fang.com/
Logger:2020-03-15 23:11:47.783797 https://1259880592.fang.com/
Logger:2020-03-15 23:11:50.150013 https://1257020592.fang.com/
Logger:2020-03-15 23:11:52.531942 https://126006.fang.com/
Logger:2020-03-15 23:11:52.868758 https://haixianshenggc.fang.com/
Logger:2020-03-15 23:11:56.717153 https://126004.fang.com/
Logger:2020-03-15 23:11:57.068418 https://125994.fang.com/
Logger:2020-03-15 23:11:57.391554 https://125992.fang.com/
Logger:2020-03-15 23:11:58.567752 https://1259980592.fang.com/
Logger:2020-03-15 23:12:08.533786 https://125986.fang.com/
Logger:2020-03-15 23:12:08.951483 https://280914.fang.com/
Logger:2020-03-15 23:12:09.336315 https://huarundasha0592.fang.com/
Logger:2020-03-15 23:12:13.214974 https://xm.newhouse.fang.com/house/s/b910/
Logger:2020-03-15 23:12:16.773038 https://xm.newhouse.fang.com/house/s/b911/
Logger:2020-03-15 23:12:20.682929 https://xm.newhouse.fang.com/house/s/b912/
