Logger:2020-03-16 17:05:47.614858 https://xn.newhouse.fang.com/house/s/b91/
Logger:2020-03-16 17:05:47.997636 https://hengdamingdu0971.fang.com/
Logger:2020-03-16 17:05:48.338696 https://xiadumingdi.fang.com/
Logger:2020-03-16 17:05:48.685766 https://hongxintianbo.fang.com/
Logger:2020-03-16 17:05:49.096100 https://daduhuihl.fang.com/
Logger:2020-03-16 17:05:49.512758 https://hongxingtianque.fang.com/
Logger:2020-03-16 17:05:49.844406 https://yixinhuayuan0971.fang.com/
Logger:2020-03-16 17:05:50.184511 https://guojiguangchangxq.fang.com/
Logger:2020-03-16 17:05:50.575422 https://yuliufujing.fang.com/
Logger:2020-03-16 17:05:50.874658 https://zhonghaiheshanjun.fang.com/
Logger:2020-03-16 17:05:53.339625 https://yinsejiayuan.fang.com/
Logger:2020-03-16 17:05:53.663757 https://jinjihuating.fang.com/
Logger:2020-03-16 17:05:54.146464 https://biguiyuanxn.fang.com/
Logger:2020-03-16 17:05:54.681039 https://xianggelila0971.fang.com/3/
Logger:2020-03-16 17:05:57.624363 https://cuiyongxingchengsh.fang.com/
Logger:2020-03-16 17:05:58.010331 https://guojicuncb.fang.com/
Logger:2020-03-16 17:05:58.426219 https://wankechengxn.fang.com/
Logger:2020-03-16 17:05:58.687609 https://gangoudongfanghuayuan.fang.com/
Logger:2020-03-16 17:05:59.025718 https://jiujinyuangh.fang.com/
Logger:2020-03-16 17:05:59.345862 https://taiyangguojishangmaozhongxin.fang.com/
Logger:2020-03-16 17:05:59.736837 https://dinganmingcheng.fang.com/
Logger:2020-03-16 17:06:03.443829 https://xn.newhouse.fang.com/house/s/b92/
Logger:2020-03-16 17:06:03.788495 https://jiatongshangcheng.fang.com/
Logger:2020-03-16 17:06:04.149538 https://shengdaguoji0971.fang.com/
Logger:2020-03-16 17:06:04.538485 https://kaixuanguangchangjk.fang.com/
Logger:2020-03-16 17:06:04.905285 https://minhuichengcy.fang.com/
Logger:2020-03-16 17:06:05.245211 https://shijihuayuanhd.fang.com/
Logger:2020-03-16 17:06:05.632942 https://yijingyuanbc0971.fang.com/
Logger:2020-03-16 17:06:05.984041 https://qhzhjdqpc0971.fang.com/
Logger:2020-03-16 17:06:06.296169 https://jingyuehuangshuiwan.fang.com/
Logger:2020-03-16 17:06:06.642658 https://saersibao.fang.com/
Logger:2020-03-16 17:06:07.064711 https://hehuangxiaozhen.fang.com/2/
Logger:2020-03-16 17:06:07.557435 https://shangdongguoji0971.fang.com/
Logger:2020-03-16 17:06:07.918464 https://dinghejiayuan.fang.com/
Logger:2020-03-16 17:06:11.054774 https://daguantianxiaht0971.fang.com/
Logger:2020-03-16 17:06:11.475828 https://wkhy0971.fang.com/
Logger:2020-03-16 17:06:11.811250 https://antaihuating.fang.com/
Logger:2020-03-16 17:06:12.245095 https://xinchengjiayuansy.fang.com/
Logger:2020-03-16 17:06:12.619089 https://ruijinghepanjiayuan.fang.com/
Logger:2020-03-16 17:06:13.020420 https://rongchengjiariyangguang.fang.com/
Logger:2020-03-16 17:06:13.413928 https://huangjiahuayuan0971.fang.com/
Logger:2020-03-16 17:06:18.241211 https://yunxiangjunld.fang.com/
Logger:2020-03-16 17:06:22.179559 https://xn.newhouse.fang.com/house/s/b93/
Logger:2020-03-16 17:06:22.620404 https://gelinlanjunst.fang.com/
Logger:2020-03-16 17:06:22.953514 https://baofenglvzhou.fang.com/
Logger:2020-03-16 17:06:25.446840 https://tianjiaohuayuan0971.fang.com/
Logger:2020-03-16 17:06:25.796559 https://hexieqinchengjiayuan.fang.com/
Logger:2020-03-16 17:06:26.200699 https://xinyiyuanjz.fang.com/
Logger:2020-03-16 17:06:26.519845 https://olcotls0971.fang.com/
Logger:2020-03-16 17:06:26.846971 https://tianqiaolijing.fang.com/
Logger:2020-03-16 17:06:29.398398 https://shidaiguangchangzfy.fang.com/
Logger:2020-03-16 17:06:29.734029 https://rongfudiyicheng.fang.com/
Logger:2020-03-16 17:06:30.109025 https://guojihuayuanxs.fang.com/
Logger:2020-03-16 17:06:30.450152 https://haixingyangguanggl.fang.com/
Logger:2020-03-16 17:06:30.872511 https://tianlinhuating.fang.com/
Logger:2020-03-16 17:06:31.231851 https://milanhuayuan0971.fang.com/
Logger:2020-03-16 17:06:34.005650 https://jinanyinzuo.fang.com/
Logger:2020-03-16 17:06:34.336829 https://limeng10dasha.fang.com/
Logger:2020-03-16 17:06:36.355162 https://xibeicheng.fang.com/0971/
Logger:2020-03-16 17:06:38.730522 https://xianhedongyuanpa.fang.com/
Logger:2020-03-16 17:06:39.056621 https://xiruiguoji.fang.com/
Logger:2020-03-16 17:06:39.377829 https://lufugongguanhc.fang.com/
Logger:2020-03-16 17:06:39.887502 https://shuyuhuafu.fang.com/
Logger:2020-03-16 17:06:43.858151 https://xn.newhouse.fang.com/house/s/b94/
Logger:2020-03-16 17:06:44.355792 https://ziyulanting0971.fang.com/
Logger:2020-03-16 17:06:44.656610 https://wolonghuayushu.fang.com/
Logger:2020-03-16 17:06:45.059568 https://shanshuiyangguangrenjia.fang.com/
Logger:2020-03-16 17:06:47.333888 https://weilongtaiyangcheng.fang.com/
Logger:2020-03-16 17:06:47.663008 https://slcsbgyxn.fang.com/
Logger:2020-03-16 17:06:47.986994 https://tiandixiangziwk.fang.com/
Logger:2020-03-16 17:06:48.315569 https://chaoyanglvzhoujiayuanhd.fang.com/
Logger:2020-03-16 17:06:51.928824 https://changlegangwan.fang.com/
Logger:2020-03-16 17:06:52.274259 https://shengjinhuating0971.fang.com/
Logger:2020-03-16 17:06:52.590480 https://tianjing.fang.com/
Logger:2020-03-16 17:06:52.959458 https://huningjinyuan.fang.com/
Logger:2020-03-16 17:06:55.803498 https://jinrongguangchangsj.fang.com/
Logger:2020-03-16 17:06:56.156693 https://zijinhuayuan0971.fang.com/
Logger:2020-03-16 17:06:56.509708 https://xinsanjianghuayuan.fang.com/
Logger:2020-03-16 17:06:56.895674 https://yuzhuhuayuan.fang.com/
Logger:2020-03-16 17:06:57.231977 https://0971xinhualianxzl.fang.com/
Logger:2020-03-16 17:06:59.432851 https://limengshangyexiang.fang.com/
Logger:2020-03-16 17:07:00.359364 https://daxiangchengxn.fang.com/
Logger:2020-03-16 17:07:03.276507 https://kangmeizhongyaochengxn.fang.com/
Logger:2020-03-16 17:07:03.615933 https://bailihaoting.fang.com/
Logger:2020-03-16 17:07:07.374444 https://xn.newhouse.fang.com/house/s/b95/
Logger:2020-03-16 17:07:09.318000 https://lishuiwanxincheng.fang.com/
Logger:2020-03-16 17:07:09.677697 https://yicheqipeicheng.fang.com/
Logger:2020-03-16 17:07:10.091590 https://dwgjscjz.fang.com/
Logger:2020-03-16 17:07:13.772233 https://xn.newhouse.fang.com/house/s/b96/
Logger:2020-03-16 17:07:17.374622 https://xn.newhouse.fang.com/house/s/b97/
Logger:2020-03-16 17:07:20.995427 https://xn.newhouse.fang.com/house/s/b98/
