Logger:2020-03-16 11:45:28.436651 https://xt.newhouse.fang.com/house/s/b91/
Logger:2020-03-16 11:45:28.780320 https://feicuihuatinghd20731.fang.com/
Logger:2020-03-16 11:45:29.077125 https://wandaguangchangxt.fang.com/
Logger:2020-03-16 11:45:29.577417 https://xiangjiangchengjikongjianzhan.fang.com/
Logger:2020-03-16 11:45:29.874228 https://xintiandibbg.fang.com/
Logger:2020-03-16 11:45:30.217861 https://shuxiangmendixt.fang.com/
Logger:2020-03-16 11:45:30.514930 https://qianlongshoufu0731.fang.com/
Logger:2020-03-16 11:45:30.795493 https://jinshuiwanjh.fang.com/
Logger:2020-03-16 11:45:31.107895 https://xiyuyuechengguoji.fang.com/
Logger:2020-03-16 11:45:31.436399 https://zhongyanggongyuantf.fang.com/
Logger:2020-03-16 11:45:31.733463 https://jqxwygg.fang.com/
Logger:2020-03-16 11:45:32.013932 https://dongfangmingyuan.fang.com/2/
Logger:2020-03-16 11:45:32.373911 https://xiangjiangfulicheng.fang.com/
Logger:2020-03-16 11:45:32.692710 https://cfwlgg.fang.com/
Logger:2020-03-16 11:45:32.983200 https://changfangtanfangshidaigongyu.fang.com/
Logger:2020-03-16 11:45:33.358412 https://tianyuanguangchangxiyuan.fang.com/
Logger:2020-03-16 11:45:33.779840 https://yangshengguxthd.fang.com/
Logger:2020-03-16 11:45:34.107887 https://znxhyf.fang.com/
Logger:2020-03-16 11:45:34.467182 https://meidiguobinfu.fang.com/
Logger:2020-03-16 11:45:34.795224 https://yashilinxinchengxt.fang.com/
Logger:2020-03-16 11:45:35.185757 https://bgyhjsd0731.fang.com/
Logger:2020-03-16 11:45:38.513688 https://xt.newhouse.fang.com/house/s/b92/
Logger:2020-03-16 11:45:38.810031 https://yingangguoji.fang.com/
Logger:2020-03-16 11:45:39.091485 https://yujingbandaoxt.fang.com/
Logger:2020-03-16 11:45:39.435449 https://shangcengguojicf.fang.com/
Logger:2020-03-16 11:45:42.215346 https://jiuhuaxincheng.fang.com/
Logger:2020-03-16 11:45:42.496899 https://bgytianxi.fang.com/
Logger:2020-03-16 11:45:42.796864 https://guojishequmj.fang.com/
Logger:2020-03-16 11:45:43.125336 https://qinghuafangwl.fang.com/
Logger:2020-03-16 11:45:43.453609 https://bgydaxueyinxiang.fang.com/
Logger:2020-03-16 11:45:43.796547 https://shangpinjiafu.fang.com/
Logger:2020-03-16 11:45:44.093352 https://xiangxinagyanxinghuachnegerqi.fang.com/
Logger:2020-03-16 11:45:44.452899 https://tanzhoufubgy.fang.com/
Logger:2020-03-16 11:45:44.733826 https://binjianghuayuanhd.fang.com/
Logger:2020-03-16 11:45:45.062308 https://jiuhuahupanyihaowt.fang.com/
Logger:2020-03-16 11:45:45.359146 https://tianyuanguangchangxiyuangongyu.fang.com/
Logger:2020-03-16 11:45:45.703048 https://hanlinju0731.fang.com/
Logger:2020-03-16 11:45:45.983574 https://jiuhuachanyejiayuan.fang.com/
Logger:2020-03-16 11:45:46.296527 https://jnmc.fang.com/
Logger:2020-03-16 11:45:46.592850 https://xiangxiangzhunchengshuian.fang.com/
Logger:2020-03-16 11:45:46.874260 https://huojuxuefu.fang.com/
Logger:2020-03-16 11:45:47.187007 https://wanjingshuianwk.fang.com/
Logger:2020-03-16 11:45:51.220198 https://xt.newhouse.fang.com/house/s/b93/
Logger:2020-03-16 11:45:51.501336 https://jfrguojiguangchang.fang.com/
Logger:2020-03-16 11:45:51.860687 https://dhzjlc.fang.com/
Logger:2020-03-16 11:45:52.173727 https://tianmahy.fang.com/
Logger:2020-03-16 11:45:52.501100 https://ssjjunjinghaoting.fang.com/
Logger:2020-03-16 11:45:52.788625 https://zdzhf.fang.com/
Logger:2020-03-16 11:45:53.133558 https://huayajingyuan.fang.com/
Logger:2020-03-16 11:45:53.430387 https://miluoyunshan.fang.com/
Logger:2020-03-16 11:45:53.717063 https://baiheyudu0731.fang.com/
Logger:2020-03-16 11:45:53.986075 https://lianchengshoufumd.fang.com/
Logger:2020-03-16 11:45:55.716347 https://xt.newhouse.fang.com/house/2712115952.htm
Logger:2020-03-16 11:45:55.974530 https://shilifenghext.fang.com/
Logger:2020-03-16 11:45:56.252683 https://xiangjiangfulichengbs.fang.com/
Logger:2020-03-16 11:45:56.564394 https://ayguanjunchengxt.fang.com/
Logger:2020-03-16 11:45:58.365069 https://xtdongfangmingzhu2.fang.com/
Logger:2020-03-16 11:45:58.724360 https://xingheshijia0731.fang.com/
Logger:2020-03-16 11:45:59.094266 https://shangyuzunchenghengjunkx.fang.com/
Logger:2020-03-16 11:45:59.500377 https://panlongyuheyuan.fang.com/
Logger:2020-03-16 11:46:00.000239 https://xtaygjcbs.fang.com/
Logger:2020-03-16 11:46:00.328263 https://jiangnanchengbs.fang.com/
Logger:2020-03-16 11:46:00.833492 https://jinxiushijiaxiyuan.fang.com/
Logger:2020-03-16 11:46:04.581655 https://xt.newhouse.fang.com/house/s/b94/
Logger:2020-03-16 11:46:04.925365 https://huayangnianhuagk.fang.com/
Logger:2020-03-16 11:46:05.222129 https://dahanlongyuntai.fang.com/
Logger:2020-03-16 11:46:05.706869 https://senlinyayuankx.fang.com/
Logger:2020-03-16 11:46:06.160036 https://runhechengxt.fang.com/
Logger:2020-03-16 11:46:06.503102 https://dfmysf.fang.com/
Logger:2020-03-16 11:46:06.769294 https://weilaichengxj.fang.com/
Logger:2020-03-16 11:46:07.065443 https://tianyuanmeijule.fang.com/
Logger:2020-03-16 11:46:07.393491 https://xinjifuwan.fang.com/
Logger:2020-03-16 11:46:07.752780 https://tianyuanjiangwan.fang.com/
Logger:2020-03-16 11:46:08.037127 https://haitangwanty.fang.com/
Logger:2020-03-16 11:46:08.318860 https://longshenghuafu.fang.com/
Logger:2020-03-16 11:46:08.630922 https://jiangnanchengba0731.fang.com/
Logger:2020-03-16 11:46:09.021143 https://biguiyuanxx.fang.com/
Logger:2020-03-16 11:46:13.907331 https://chengfazhangshuwan.fang.com/
Logger:2020-03-16 11:46:15.445915 https://xintianmingfu.fang.com/
Logger:2020-03-16 11:46:15.710936 https://shuianhaotingjiarigongyu.fang.com/
Logger:2020-03-16 11:46:16.023318 https://hongshengypgg.fang.com/
Logger:2020-03-16 11:46:16.304960 https://laiyincheng0731.fang.com/
Logger:2020-03-16 11:46:16.616973 https://xtyuhuguoji.fang.com/
Logger:2020-03-16 11:46:16.976709 https://dinglongshijia.fang.com/
Logger:2020-03-16 11:46:20.652933 https://xt.newhouse.fang.com/house/s/b95/
Logger:2020-03-16 11:46:20.964926 https://zhaoshanyinxiangzj.fang.com/
Logger:2020-03-16 11:46:21.246324 https://jirunhuafu.fang.com/
Logger:2020-03-16 11:46:21.761615 https://xttianyuanguangchang.fang.com/
Logger:2020-03-16 11:46:23.171726 https://yongdajiuhuafu.fang.com/
Logger:2020-03-16 11:46:23.468533 https://tyxcny.fang.com/
Logger:2020-03-16 11:46:23.796593 https://bbgxtdsoho.fang.com/
Logger:2020-03-16 11:46:24.171490 https://xtyslxcbs.fang.com/
Logger:2020-03-16 11:46:24.499828 https://donghushanzhuangty.fang.com/
Logger:2020-03-16 11:46:24.796343 https://xiangjiangxuefu.fang.com/
Logger:2020-03-16 11:46:25.124805 https://aotichengbl.fang.com/
Logger:2020-03-16 11:46:25.452439 https://shanshuiyuanhr.fang.com/
Logger:2020-03-16 11:46:25.764866 https://xiahelibsglc.fang.com/
Logger:2020-03-16 11:46:26.077291 https://jiuhuashijicheng.fang.com/
Logger:2020-03-16 11:46:26.374438 https://xiangtanzhongxin.fang.com/
Logger:2020-03-16 11:46:28.170816 https://xiangxiangyanxingshangpinguoji.fang.com/
Logger:2020-03-16 11:46:28.451820 https://rongqiangmingcheng.fang.com/
Logger:2020-03-16 11:46:28.801149 https://qyfs2.fang.com/
Logger:2020-03-16 11:46:30.394095 https://runyushidaicheng.fang.com/
Logger:2020-03-16 11:46:30.686162 https://shuizhuyayuan.fang.com/
Logger:2020-03-16 11:46:31.014637 https://shengshijiafu.fang.com/
Logger:2020-03-16 11:46:34.271248 https://xt.newhouse.fang.com/house/s/b96/
Logger:2020-03-16 11:46:34.614686 https://fsgjgy0731.fang.com/
Logger:2020-03-16 11:46:34.880523 https://yudoumingyuan.fang.com/
Logger:2020-03-16 11:46:35.177113 https://wandazhongxinxt.fang.com/
Logger:2020-03-16 11:46:35.614532 https://tanzhougongguanzj.fang.com/
Logger:2020-03-16 11:46:35.895835 https://huayujinyuan.fang.com/
Logger:2020-03-16 11:46:36.192439 https://wanghessyc.fang.com/
Logger:2020-03-16 11:46:36.473623 https://dongzhiyangfrgj.fang.com/
Logger:2020-03-16 11:46:36.942262 https://baijiaxinfuyaotianxia.fang.com/
Logger:2020-03-16 11:46:37.239386 https://jaxjgg.fang.com/
Logger:2020-03-16 11:46:37.536483 https://wantongyicheng.fang.com/
Logger:2020-03-16 11:46:37.863921 https://biguiyuanxt.fang.com/
Logger:2020-03-16 11:46:38.301320 https://wanjingshuianwk.fang.com/villa/
Logger:2020-03-16 11:46:38.629383 https://tianyuanyucheng.fang.com/
Logger:2020-03-16 11:46:40.083433 https://jinqiaocheng2.fang.com/
Logger:2020-03-16 11:46:40.364184 https://songzhuli.fang.com/
Logger:2020-03-16 11:46:40.707774 https://biguiyuanxt.fang.com/villa/
Logger:2020-03-16 11:46:40.988956 https://shengfaheyuan.fang.com/
Logger:2020-03-16 11:46:42.426132 https://wandahuafu0731.fang.com/
Logger:2020-03-16 11:46:42.741317 https://huafengshanzhuang.fang.com/
Logger:2020-03-16 11:46:43.147471 https://xinyueyuanwj.fang.com/
Logger:2020-03-16 11:46:46.427948 https://xt.newhouse.fang.com/house/s/b97/
Logger:2020-03-16 11:46:46.740374 https://taiyangcheng0731.fang.com/
Logger:2020-03-16 11:46:47.068421 https://fuyaotianxiabjx.fang.com/
Logger:2020-03-16 11:46:47.443333 https://ryjwgc.fang.com/
Logger:2020-03-16 11:46:49.445982 https://zhongzhidaxuelisiqiyajing.fang.com/
Logger:2020-03-16 11:46:49.770006 https://jiangjingmingcheng2.fang.com/
Logger:2020-03-16 11:46:50.056623 https://binhuxijun.fang.com/
Logger:2020-03-16 11:46:50.415768 https://shijichengls.fang.com/
Logger:2020-03-16 11:46:50.733364 https://yanxinghuacheng.fang.com/
Logger:2020-03-16 11:46:51.030523 https://xxbgyhy0731.fang.com/
Logger:2020-03-16 11:46:51.311681 https://116032.fang.com/
Logger:2020-03-16 11:46:51.608095 https://fuxinyuan0731.fang.com/
Logger:2020-03-16 11:46:51.904899 https://zgzbytgjsmc.fang.com/
Logger:2020-03-16 11:46:52.170465 https://houhechengrongchenggongguan.fang.com/
Logger:2020-03-16 11:46:52.451670 https://chengguojh.fang.com/
Logger:2020-03-16 11:46:52.810935 https://xtgxznzzcyyzngk.fang.com/
Logger:2020-03-16 11:46:53.123742 https://xinlonglidu.fang.com/
Logger:2020-03-16 11:46:53.435827 https://fenghuangyayuanty.fang.com/
Logger:2020-03-16 11:46:53.753818 https://jhsjc0731.fang.com/3/
Logger:2020-03-16 11:46:54.112144 https://binjiangxiyuan0731.fang.com/
Logger:2020-03-16 11:46:54.487093 https://yinhanguangchang.fang.com/
Logger:2020-03-16 11:46:57.781560 https://xt.newhouse.fang.com/house/s/b98/
Logger:2020-03-16 11:46:58.078376 https://jinxiuyulongwan.fang.com/
Logger:2020-03-16 11:46:58.390763 https://kelaxiaozhen0731.fang.com/
Logger:2020-03-16 11:46:58.734430 https://mingliuguojixt.fang.com/
Logger:2020-03-16 11:46:59.062477 https://yuyuanyifu.fang.com/
Logger:2020-03-16 11:46:59.453010 https://shuianlongtingyx.fang.com/
Logger:2020-03-16 11:46:59.874822 https://jiangnanxiaozhendzy.fang.com/
Logger:2020-03-16 11:47:00.218492 https://lcsyf0731.fang.com/
Logger:2020-03-16 11:47:00.531232 https://xttianyiguoji.fang.com/
Logger:2020-03-16 11:47:00.826317 https://xiangjiangmingchengyh.fang.com/
Logger:2020-03-16 11:47:03.638197 https://runfengguoji.fang.com/
Logger:2020-03-16 11:47:04.044308 https://xiangdiyanjunzt.fang.com/
Logger:2020-03-16 11:47:04.357425 https://hengrunguoji.fang.com/
Logger:2020-03-16 11:47:04.622295 https://tixiangzundi0731.fang.com/
Logger:2020-03-16 11:47:04.965965 https://xinchengyayuan0731.fang.com/
Logger:2020-03-16 11:47:05.310136 https://yishanfutai.fang.com/
Logger:2020-03-16 11:47:05.590817 https://wandaxiangtanjinjie.fang.com/
Logger:2020-03-16 11:47:05.872000 https://xiangxiangxintanganzhixiao.fang.com/
Logger:2020-03-16 11:47:06.168806 https://jinyuhuafu0731.fang.com/
Logger:2020-03-16 11:47:06.450443 https://wanhuibeichengyihao.fang.com/
Logger:2020-03-16 11:47:06.762891 https://116066.fang.com/
Logger:2020-03-16 11:47:10.356743 https://xt.newhouse.fang.com/house/s/b99/
Logger:2020-03-16 11:47:10.669184 https://lcsybxj.fang.com/
Logger:2020-03-16 11:47:10.965937 https://bbgzhiyexintiandishangpu.fang.com/
Logger:2020-03-16 11:47:12.653038 https://myssw.fang.com/2/
Logger:2020-03-16 11:47:12.919046 https://xiangjiangwaitan.fang.com/
Logger:2020-03-16 11:47:14.512012 https://xiangxiangkangkangguoji.fang.com/
Logger:2020-03-16 11:47:14.749959 https://qifenghuating0731.fang.com/
Logger:2020-03-16 11:47:16.095783 https://dongtaiyujing.fang.com/
Logger:2020-03-16 11:47:16.361693 https://shaoshanlingyu2.fang.com/
Logger:2020-03-16 11:47:18.421775 https://dongfangjingu.fang.com/
Logger:2020-03-16 11:47:18.709971 https://changfangzhongyangdajie.fang.com/
Logger:2020-03-16 11:47:18.965921 https://xiangxiangdongshanguoji.fang.com/
Logger:2020-03-16 11:47:19.278683 https://xtmyjdgy.fang.com/
Logger:2020-03-16 11:47:19.575564 https://xtcshzcitybox.fang.com/
Logger:2020-03-16 11:47:19.887586 https://xiangtanguangchangwandawdhf.fang.com/
Logger:2020-03-16 11:47:20.137482 https://nananxingjie.fang.com/
Logger:2020-03-16 11:47:20.481151 https://yqtyhy.fang.com/
Logger:2020-03-16 11:47:20.793576 https://wlyhgg0731.fang.com/
Logger:2020-03-16 11:47:22.934336 https://jiuhuaguojijixiecheng.fang.com/
Logger:2020-03-16 11:47:23.214880 https://houhecheng.fang.com/
Logger:2020-03-16 11:47:23.480441 https://yidashangyeguangchang.fang.com/
Logger:2020-03-16 11:47:26.747898 https://xt.newhouse.fang.com/house/s/b910/
Logger:2020-03-16 11:47:28.965618 https://yidashangyeguangchangsp.fang.com/
Logger:2020-03-16 11:47:29.246784 https://chhtgj.fang.com/
Logger:2020-03-16 11:47:29.543564 https://jjmjcjjgc.fang.com/
Logger:2020-03-16 11:47:29.777954 [erro]&&&https://ss.newhouse.fang.com/house/2732284508.htm
Logger:2020-03-16 11:47:29.793547 [erro]&&&https://ss.newhouse.fang.com/house/2732284506.htm
Logger:2020-03-16 11:47:29.809819 [erro]&&&https://ss.newhouse.fang.com/house/2732284504.htm
Logger:2020-03-16 11:47:29.887232 https://xiangtanbaoshuizhongxin.fang.com/
Logger:2020-03-16 11:47:33.495763 https://xt.newhouse.fang.com/house/s/b911/
Logger:2020-03-16 11:47:36.967260 https://xt.newhouse.fang.com/house/s/b912/
Logger:2020-03-16 11:47:40.435200 https://xt.newhouse.fang.com/house/s/b913/
