Logger:2020-03-15 21:44:37.931825 https://xuancheng.newhouse.fang.com/house/s/b91/
Logger:2020-03-15 21:44:40.140328 https://xuanchengyunjin.fang.com/
Logger:2020-03-15 21:44:41.617184 https://jinsejiayuanzhj.fang.com/
Logger:2020-03-15 21:44:41.980211 https://yangjianggangwanbl.fang.com/
Logger:2020-03-15 21:44:42.407036 https://ngbgy.fang.com/
Logger:2020-03-15 21:44:45.070394 https://wlhxc.fang.com/
Logger:2020-03-15 21:44:47.766430 https://hpxtd0563.fang.com/
Logger:2020-03-15 21:44:48.110768 https://hupanyuyuanhx.fang.com/
Logger:2020-03-15 21:44:48.534678 https://jinyuyuan0563.fang.com/
Logger:2020-03-15 21:44:48.995401 https://xiangyimeixi.fang.com/
Logger:2020-03-15 21:44:50.577495 https://shengshibaihe.fang.com/
Logger:2020-03-15 21:44:50.894819 https://zhongxinchengjr0563.fang.com/
Logger:2020-03-15 21:44:51.416676 https://liduwenhua.fang.com/
Logger:2020-03-15 21:44:53.933345 https://weiyenachenbaojs.fang.com/
Logger:2020-03-15 21:44:54.252529 https://jingtingshanjunhb.fang.com/
Logger:2020-03-15 21:44:56.603624 https://ziyufuld.fang.com/
Logger:2020-03-15 21:44:57.097294 https://shengshiyujing0563.fang.com/
Logger:2020-03-15 21:44:57.492133 https://xiangjiangjinjun.fang.com/
Logger:2020-03-15 21:44:57.842298 https://yulinhepanjl.fang.com/
Logger:2020-03-15 21:44:58.126563 https://bishuihaotingxuancheng.fang.com/
Logger:2020-03-15 21:44:58.526430 https://biguiyuantianxi.fang.com/
Logger:2020-03-15 21:45:02.784709 https://xuancheng.newhouse.fang.com/house/s/b92/
Logger:2020-03-15 21:45:05.775705 https://thzjcyf.fang.com/
Logger:2020-03-15 21:45:08.377899 https://elsjmuc.fang.com/
Logger:2020-03-15 21:45:08.709336 https://gelinchuntian0563.fang.com/
Logger:2020-03-15 21:45:09.096516 https://feicuicheng0563.fang.com/
Logger:2020-03-15 21:45:09.430622 https://yintongguoji.fang.com/
Logger:2020-03-15 21:45:09.769723 https://lanshanchunxiaosj.fang.com/
Logger:2020-03-15 21:45:10.124729 https://jhztyy.fang.com/
Logger:2020-03-15 21:45:10.523684 https://yuelanwanxchd.fang.com/
Logger:2020-03-15 21:45:17.892219 https://diyichengzr.fang.com/
Logger:2020-03-15 21:45:18.224772 https://yalongwansy.fang.com/
Logger:2020-03-15 21:45:18.570560 https://guojichengxg.fang.com/
Logger:2020-03-15 21:45:27.315130 https://biguiyuan0563.fang.com/
Logger:2020-03-15 21:45:32.016767 https://xcysmd.fang.com/
Logger:2020-03-15 21:45:36.324504 https://qianchengshangdongjun.fang.com/
Logger:2020-03-15 21:45:36.735387 https://xlgjgc.fang.com/
Logger:2020-03-15 21:45:37.177276 https://hailiangtianyu.fang.com/
Logger:2020-03-15 21:45:37.506436 https://meiduyufu0563.fang.com/
Logger:2020-03-15 21:45:37.853503 https://herunshuxiangyuan.fang.com/
Logger:2020-03-15 21:45:47.942692 https://xichengjinhu.fang.com/
Logger:2020-03-15 21:45:48.353557 https://jingtingchunxiao0563.fang.com/
Logger:2020-03-15 21:45:52.323363 https://xuancheng.newhouse.fang.com/house/s/b93/
Logger:2020-03-15 21:45:54.829858 https://dongfangyayuan0563.fang.com/
Logger:2020-03-15 21:45:55.236765 https://yinqiaowan.fang.com/
Logger:2020-03-15 21:46:00.775475 https://guogouguangchang0563.fang.com/
Logger:2020-03-15 21:46:01.151274 https://kangqiaofengjing.fang.com/
Logger:2020-03-15 21:46:07.478290 https://xcwdgc.fang.com/
Logger:2020-03-15 21:46:07.758760 https://guojishequfh.fang.com/
Logger:2020-03-15 21:46:08.084887 https://lydgy.fang.com/
Logger:2020-03-15 21:46:11.119325 https://feidayufu.fang.com/
Logger:2020-03-15 21:46:11.449552 https://dongfangfudi0563.fang.com/
Logger:2020-03-15 21:46:11.758897 https://jinxiuhuafuhb0563.fang.com/
Logger:2020-03-15 21:46:12.099023 https://yangguangyihao.fang.com/
Logger:2020-03-15 21:46:12.482960 https://biyunjiansd.fang.com/
Logger:2020-03-15 21:46:12.834598 https://mingxinghuayuan.fang.com/
Logger:2020-03-15 21:46:13.158740 https://xianggeyuntiansnxz.fang.com/
Logger:2020-03-15 21:46:13.502860 https://zijinchength.fang.com/
Logger:2020-03-15 21:46:13.915878 https://banshanlanxidi.fang.com/
Logger:2020-03-15 21:46:14.298953 https://drftwc.fang.com/
Logger:2020-03-15 21:46:16.422319 https://baixinlijun.fang.com/
Logger:2020-03-15 21:46:16.787722 https://hengyuanjingcheng0563.fang.com/
Logger:2020-03-15 21:46:17.215562 https://guojichengdt0563.fang.com/
Logger:2020-03-15 21:46:21.462750 https://xuancheng.newhouse.fang.com/house/s/b94/
Logger:2020-03-15 21:46:21.765206 https://guiguanhuayuan.fang.com/
Logger:2020-03-15 21:46:32.086511 https://hengdafeicuihuatingxc.fang.com/
Logger:2020-03-15 21:46:32.397942 https://ningyangxuefu.fang.com/
Logger:2020-03-15 21:46:32.803862 https://bmgjgefbs.fang.com/
Logger:2020-03-15 21:46:35.263209 https://shidaishangchengjr.fang.com/
Logger:2020-03-15 21:46:41.994669 https://ningmengshequ0563.fang.com/
Logger:2020-03-15 21:46:42.347686 https://jinlinggongyu.fang.com/
Logger:2020-03-15 21:46:42.780530 https://hanlinyuanmd.fang.com/
Logger:2020-03-15 21:46:46.094099 https://shuanglongruncheng0563.fang.com/
Logger:2020-03-15 21:46:51.412571 https://zhongguochafu.fang.com/
Logger:2020-03-15 21:46:51.794573 https://baihegongguan.fang.com/
Logger:2020-03-15 21:46:52.166576 https://haochenlijing.fang.com/
Logger:2020-03-15 21:46:55.950780 https://xuancheng.newhouse.fang.com/house/2124080104.htm
Logger:2020-03-15 21:46:56.251975 https://jinqiaowan.fang.com/
Logger:2020-03-15 21:46:56.545237 https://wynmjjs.fang.com/
Logger:2020-03-15 21:46:59.243169 https://xuancheng.newhouse.fang.com/house/2124080134.htm
Logger:2020-03-15 21:47:06.654343 https://xuancheng.newhouse.fang.com/house/2123947328.htm
Logger:2020-03-15 21:47:10.659368 https://zgwfsbcyy.fang.com/
Logger:2020-03-15 21:47:11.013577 https://lbwldsc.fang.com/
Logger:2020-03-15 21:47:16.095696 https://xuancheng.newhouse.fang.com/house/2124079776.htm
Logger:2020-03-15 21:47:19.959277 https://xuancheng.newhouse.fang.com/house/s/b95/
Logger:2020-03-15 21:47:22.323569 https://xuancheng.newhouse.fang.com/house/2124079234.htm
Logger:2020-03-15 21:47:25.606553 https://xuancheng.newhouse.fang.com/house/2123947332.htm
Logger:2020-03-15 21:47:29.374838 https://zglyspblc.fang.com/
Logger:2020-03-15 21:47:33.040806 https://xuancheng.newhouse.fang.com/house/s/b96/
Logger:2020-03-15 21:47:36.811584 https://xuancheng.newhouse.fang.com/house/s/b97/
Logger:2020-03-15 21:47:40.843896 https://xuancheng.newhouse.fang.com/house/s/b98/
