Logger:2020-03-16 09:53:20.314412 https://xuchang.newhouse.fang.com/house/s/b91/
Logger:2020-03-16 09:53:20.582516 https://lmhyhyf0374.fang.com/
Logger:2020-03-16 09:53:21.146791 https://jkkqfrtc.fang.com/
Logger:2020-03-16 09:53:23.083304 https://jkdyzrfryf.fang.com/
Logger:2020-03-16 09:53:23.664172 https://jinkehuayuquan.fang.com/
Logger:2020-03-16 09:53:23.967845 https://jyydxz0374.fang.com/
Logger:2020-03-16 09:53:24.315930 https://hdylt0374.fang.com/
Logger:2020-03-16 09:53:24.682151 https://dhybf.fang.com/
Logger:2020-03-16 09:53:24.969415 https://yjlgjhy0374.fang.com/
Logger:2020-03-16 09:53:25.499744 https://xcjklmdj.fang.com/
Logger:2020-03-16 09:53:25.814909 https://jybhgy.fang.com/
Logger:2020-03-16 09:53:26.079396 https://hnyzyuhuwan.fang.com/
Logger:2020-03-16 09:53:26.381239 https://zhongliangweidufu.fang.com/
Logger:2020-03-16 09:53:26.691924 https://0374ygxc.fang.com/
Logger:2020-03-16 09:53:27.302796 https://156243.fang.com/
Logger:2020-03-16 09:53:27.618032 https://yajulebojuejun.fang.com/
Logger:2020-03-16 09:53:33.115326 https://xuhuigongyuan1857.fang.com/
Logger:2020-03-16 09:53:33.402424 https://tbsshyxj.fang.com/
Logger:2020-03-16 09:53:33.764136 https://huayulongchuanfu.fang.com/
Logger:2020-03-16 09:53:34.045277 https://baolitangyue2.fang.com/
Logger:2020-03-16 09:53:34.374839 https://ddmty.fang.com/
Logger:2020-03-16 09:53:38.310913 https://xuchang.newhouse.fang.com/house/s/b92/
Logger:2020-03-16 09:53:38.639139 https://jiuxitianyuekq.fang.com/
Logger:2020-03-16 09:53:39.221277 https://hsyhc.fang.com/
Logger:2020-03-16 09:53:39.544405 https://jianzhengzique.fang.com/
Logger:2020-03-16 09:53:39.832277 https://bgyjaf.fang.com/
Logger:2020-03-16 09:53:40.179506 https://xingtianxia0374.fang.com/
Logger:2020-03-16 09:53:40.445068 https://hcjgy.fang.com/
Logger:2020-03-16 09:53:40.739980 https://dazhengkunfu0374.fang.com/
Logger:2020-03-16 09:53:41.416895 https://hnyzjinxiudongfang.fang.com/
Logger:2020-03-16 09:53:41.726034 https://xuchang.newhouse.fang.com/house/2519156135.htm
Logger:2020-03-16 09:53:41.997684 https://jianyeshihefu.fang.com/
Logger:2020-03-16 09:53:46.731550 https://wanlongyuefu.fang.com/
Logger:2020-03-16 09:53:51.528497 https://0374zhongliangshoufu.fang.com/
Logger:2020-03-16 09:53:53.521003 https://jinyulanwan0374.fang.com/
Logger:2020-03-16 09:53:53.961961 https://zlxdf0374.fang.com/
Logger:2020-03-16 09:53:54.250046 https://zhongyuanyunding.fang.com/
Logger:2020-03-16 09:53:54.811913 https://jylmstxc.fang.com/
Logger:2020-03-16 09:53:55.077741 https://hnyzjingyulanwan.fang.com/
Logger:2020-03-16 09:53:55.354967 https://yuzhoushangdongguoji.fang.com/
Logger:2020-03-16 09:53:55.660863 https://zhongjianguanhulongfu.fang.com/
Logger:2020-03-16 09:53:56.281992 https://xhct0374.fang.com/
Logger:2020-03-16 09:54:00.844999 https://xuchang.newhouse.fang.com/house/s/b93/
Logger:2020-03-16 09:54:01.157186 https://bhlc0374.fang.com/
Logger:2020-03-16 09:54:01.487216 https://huarunziyunfu.fang.com/
Logger:2020-03-16 09:54:03.732124 https://yxmhlc.fang.com/
Logger:2020-03-16 09:54:05.702864 https://jnhjsmc.fang.com/
Logger:2020-03-16 09:54:05.985616 https://dingtaigongyuanyihaoyuan.fang.com/
Logger:2020-03-16 09:54:08.871735 https://0374xhw.fang.com/
Logger:2020-03-16 09:54:09.403612 https://taoyuanmingjunhr.fang.com/
Logger:2020-03-16 09:54:09.798282 https://xcyhyj.fang.com/
Logger:2020-03-16 09:54:10.337718 https://hnyzshangzhaigongyuan.fang.com/
Logger:2020-03-16 09:54:12.011736 https://caifuguangchangsf.fang.com/
Logger:2020-03-16 09:54:12.383250 https://ljthbys.fang.com/
Logger:2020-03-16 09:54:20.043193 https://zssxhf0374.fang.com/
Logger:2020-03-16 09:54:20.674872 https://bihuyuntian.fang.com/
Logger:2020-03-16 09:54:21.017181 https://rcghcy.fang.com/
Logger:2020-03-16 09:54:21.362655 https://saxxhy.fang.com/
Logger:2020-03-16 09:54:25.878092 https://lanfeixianwh.fang.com/
Logger:2020-03-16 09:54:26.448595 https://jybhslbd.fang.com/
Logger:2020-03-16 09:54:26.684185 https://lingchengtianyueguangchang.fang.com/
Logger:2020-03-16 09:54:32.420823 https://heyuanlanting.fang.com/
Logger:2020-03-16 09:54:32.800036 https://yaxinmeihaohuacheng.fang.com/
Logger:2020-03-16 09:54:38.055034 https://xuchang.newhouse.fang.com/house/s/b94/
Logger:2020-03-16 09:54:42.222824 https://spy0374.fang.com/
Logger:2020-03-16 09:54:42.784303 https://chengshiguangchangjj0374.fang.com/
Logger:2020-03-16 09:54:44.810210 https://xuchang.newhouse.fang.com/house/2519156117.htm
Logger:2020-03-16 09:54:45.200732 https://taiheyuanyd.fang.com/
Logger:2020-03-16 09:54:46.309848 https://yanling.newhouse.fang.com/house/2530787051.htm
Logger:2020-03-16 09:54:46.637892 https://manchengyinxiang0374.fang.com/
Logger:2020-03-16 09:54:46.904177 https://hnyzyinghegongguan.fang.com/
Logger:2020-03-16 09:54:47.481906 https://hnyzdiyuanyangguangguoji.fang.com/
Logger:2020-03-16 09:54:47.762627 https://junhuaxiangbailuhu.fang.com/
Logger:2020-03-16 09:54:48.028958 https://zhongnanjinyutang.fang.com/
Logger:2020-03-16 09:54:48.387482 https://wanfengbjyf.fang.com/
Logger:2020-03-16 09:54:48.778601 https://zsjysj0374.fang.com/
Logger:2020-03-16 09:54:49.075488 https://zhongjianguanhuyuefu.fang.com/
Logger:2020-03-16 09:54:49.372350 https://jianyezhenyuehui0374.fang.com/
Logger:2020-03-16 09:54:51.808547 https://yuzhongguiyuan.fang.com/
Logger:2020-03-16 09:54:52.090159 https://bgyfrt.fang.com/
Logger:2020-03-16 09:54:52.402159 https://wsyhld.fang.com/
Logger:2020-03-16 09:54:52.777263 https://clyhy.fang.com/
Logger:2020-03-16 09:54:53.105686 https://hnyzwanfengbojinhangong.fang.com/
Logger:2020-03-16 09:54:53.401921 https://biguiyuanshilihuahai.fang.com/
Logger:2020-03-16 09:54:57.639074 https://xuchang.newhouse.fang.com/house/s/b95/
Logger:2020-03-16 09:54:57.935837 https://ygcflhy.fang.com/
Logger:2020-03-16 09:54:58.264377 https://biguiyuan0374.fang.com/
Logger:2020-03-16 09:54:58.545117 https://0374jhgc.fang.com/
Logger:2020-03-16 09:54:58.826664 https://xiangyuyuan0374.fang.com/
Logger:2020-03-16 09:54:59.123665 https://lanbaojiayuan.fang.com/
Logger:2020-03-16 09:54:59.435953 https://nanbangyihao.fang.com/
Logger:2020-03-16 09:54:59.732956 https://shuianjinchengzj.fang.com/
Logger:2020-03-16 09:55:00.029131 https://dhsdgc0374.fang.com/
Logger:2020-03-16 09:55:01.834205 https://jinshixinghuwan.fang.com/
Logger:2020-03-16 09:55:02.145940 https://huirunyinxiang.fang.com/
Logger:2020-03-16 09:55:02.427570 https://hnyzyiheyuan.fang.com/
Logger:2020-03-16 09:55:02.802077 https://ylgjgc0374.fang.com/
Logger:2020-03-16 09:55:03.114504 https://hdgjwqxz.fang.com/
Logger:2020-03-16 09:55:03.426894 https://hnyzshengdijinyuan.fang.com/
Logger:2020-03-16 09:55:03.739557 https://tongjisijihuacheng.fang.com/
Logger:2020-03-16 09:55:04.021041 https://hnyzdongtengnanjun.fang.com/
Logger:2020-03-16 09:55:04.286104 https://shangpin1698.fang.com/
Logger:2020-03-16 09:55:04.614801 https://zhongaoxintian.fang.com/
Logger:2020-03-16 09:55:04.880309 https://yuzhouyinghewan.fang.com/
Logger:2020-03-16 09:55:09.176219 https://yuzhouguifuhuayuan.fang.com/
Logger:2020-03-16 09:55:17.177777 https://xuchang.newhouse.fang.com/house/s/b96/
Logger:2020-03-16 09:55:17.522170 https://runchengwenfuyuan.fang.com/
Logger:2020-03-16 09:55:17.880737 https://junyueshidaiguangchang.fang.com/
Logger:2020-03-16 09:55:19.927525 https://haishenghubinhaoting.fang.com/
Logger:2020-03-16 09:55:20.520796 https://bolinshoufu.fang.com/
Logger:2020-03-16 09:55:20.849294 https://hytychy.fang.com/
Logger:2020-03-16 09:55:21.161629 https://yishuizhuangyuanrbk.fang.com/
Logger:2020-03-16 09:55:21.458363 https://hengdalvzhouyuzhou.fang.com/
Logger:2020-03-16 09:55:21.754823 https://luminghupantf.fang.com/
Logger:2020-03-16 09:55:25.897561 https://xiyatuhw.fang.com/
Logger:2020-03-16 09:55:26.241230 https://jinxiuhuayuan0374.fang.com/2/
Logger:2020-03-16 09:55:32.968649 https://donganhuachengwl.fang.com/
Logger:2020-03-16 09:55:33.263961 https://jianyechuntianli20374.fang.com/
Logger:2020-03-16 09:55:33.547450 https://hnyzpingshantaihegongguan.fang.com/
Logger:2020-03-16 09:55:33.896866 https://wuhuaxiyue0374.fang.com/
Logger:2020-03-16 09:55:34.453334 https://tjmxc.fang.com/
Logger:2020-03-16 09:55:34.726550 https://yangguangcheng0374.fang.com/
Logger:2020-03-16 09:55:48.314596 https://shuianxiangzhangjz.fang.com/
Logger:2020-03-16 09:55:48.787759 https://xinjinghuayuan0374.fang.com/
Logger:2020-03-16 09:55:56.473687 https://mingzhugangtz.fang.com/
Logger:2020-03-16 09:55:56.756353 https://hongchengbr.fang.com/
Logger:2020-03-16 09:56:04.719552 https://xuchang.newhouse.fang.com/house/s/b97/
Logger:2020-03-16 09:56:05.223962 https://0374kghc.fang.com/
Logger:2020-03-16 09:56:05.488107 https://jiariguangchangjs.fang.com/
Logger:2020-03-16 09:56:06.800217 https://jinjushu.fang.com/
Logger:2020-03-16 09:56:07.082015 https://shengyamingjun.fang.com/
Logger:2020-03-16 09:56:15.775130 https://hnyzyangguangmeiyuan.fang.com/
Logger:2020-03-16 09:56:16.110935 https://hnyzanlangongguan.fang.com/
Logger:2020-03-16 09:56:24.905042 https://anzhengguojicheng.fang.com/
Logger:2020-03-16 09:56:25.188310 https://dangdaihonganmantingyue.fang.com/
Logger:2020-03-16 09:56:29.584276 https://lianchengguoji.fang.com/
Logger:2020-03-16 09:56:29.920932 https://hailongguoji.fang.com/
Logger:2020-03-16 09:56:30.195859 https://qianxileyuan.fang.com/
Logger:2020-03-16 09:56:30.471732 https://zysdfsgj.fang.com/
Logger:2020-03-16 09:56:33.734038 https://dongfangweinisi0374.fang.com/
Logger:2020-03-16 09:56:40.656538 https://rongchengshangfu.fang.com/
Logger:2020-03-16 09:56:40.929776 https://kdygc.fang.com/
Logger:2020-03-16 09:56:41.206948 https://hnyzyihaogongguan.fang.com/
Logger:2020-03-16 09:56:41.575804 https://hnyzsijihuacheng.fang.com/
Logger:2020-03-16 09:56:43.764035 https://jianrunweilaicheng.fang.com/
Logger:2020-03-16 09:56:44.184446 https://fuxinghuayuan156.fang.com/
Logger:2020-03-16 09:56:49.990003 https://shuimuqinghua0374.fang.com/
Logger:2020-03-16 09:56:56.355068 https://xuchang.newhouse.fang.com/house/s/b98/
Logger:2020-03-16 09:56:56.652484 https://wzddh.fang.com/
Logger:2020-03-16 09:56:56.904431 https://hnyzjinguihuayuan.fang.com/
Logger:2020-03-16 09:56:57.201236 https://xintongguojijinrongzhongxin.fang.com/
Logger:2020-03-16 09:56:57.858152 https://junjingmeilinxiaozhen.fang.com/
Logger:2020-03-16 09:56:58.415071 https://linxiwan0374.fang.com/
Logger:2020-03-16 09:57:08.153873 https://yuzhouxuelinyayuan.fang.com/
Logger:2020-03-16 09:57:08.458568 https://yuzhouxuefuchutian.fang.com/
Logger:2020-03-16 09:57:08.684547 https://bolinqiyegongyuan.fang.com/
Logger:2020-03-16 09:57:08.939783 https://hwxgg.fang.com/
Logger:2020-03-16 09:57:17.184068 https://yuzhouxiadudasha.fang.com/
Logger:2020-03-16 09:57:17.514202 https://hnyzchengshangcheng.fang.com/
Logger:2020-03-16 09:57:27.662774 https://maikenteguojichengshiguangchang.fang.com/
Logger:2020-03-16 09:57:27.959579 https://yishuimingjun.fang.com/
Logger:2020-03-16 09:57:29.499302 https://shuanglongqinghuayuan.fang.com/
Logger:2020-03-16 09:57:33.324862 https://huachengchuntian.fang.com/
Logger:2020-03-16 09:57:33.608821 https://yuzhouruiyuanxiaoqu.fang.com/
Logger:2020-03-16 09:57:33.889639 https://5chrqyzx.fang.com/
Logger:2020-03-16 09:57:34.139568 https://senyuanshengshigongguan.fang.com/
Logger:2020-03-16 09:57:34.889148 https://dongtengrenhejiayuan.fang.com/
Logger:2020-03-16 09:57:35.311326 https://hnyzziyuhuayuan.fang.com/
Logger:2020-03-16 09:57:40.278960 https://xuchang.newhouse.fang.com/house/s/b99/
Logger:2020-03-16 09:57:48.197080 https://xingqideshenghuayuan.fang.com/
Logger:2020-03-16 09:57:54.643048 https://tangquangongguanqu.fang.com/
Logger:2020-03-16 09:57:54.964397 https://hnyzxihuchuntian.fang.com/
Logger:2020-03-16 09:57:55.213342 https://weilaiguojiyd.fang.com/
Logger:2020-03-16 09:57:55.494406 https://hnyzjingyuhuafu.fang.com/
Logger:2020-03-16 09:57:59.159071 https://yanlingdingshengguoji.fang.com/
Logger:2020-03-16 09:58:03.024922 https://xuchang.newhouse.fang.com/house/s/b910/
Logger:2020-03-16 09:58:06.794743 https://xuchang.newhouse.fang.com/house/s/b911/
Logger:2020-03-16 09:58:10.429005 https://xuchang.newhouse.fang.com/house/s/b912/
