Logger:2020-03-16 14:54:27.473877 https://xuyi.newhouse.fang.com/house/s/b91/
Logger:2020-03-16 14:54:27.790031 https://xuyiyujingxingcheng.fang.com/
Logger:2020-03-16 14:54:28.059314 https://yongguofu.fang.com/
Logger:2020-03-16 14:54:28.304654 https://xianggelilagongguan.fang.com/
Logger:2020-03-16 14:54:28.566953 https://ouzhoucheng517.fang.com/
Logger:2020-03-16 14:54:28.835259 https://yidunlanting517.fang.com/
Logger:2020-03-16 14:54:29.126495 https://dfsjc517.fang.com/
Logger:2020-03-16 14:54:32.351828 https://wanshengyuefu517.fang.com/
Logger:2020-03-16 14:54:32.605190 https://bainianyangguang.fang.com/
Logger:2020-03-16 14:54:32.853485 https://xianggelilaxinlongcheng.fang.com/
Logger:2020-03-16 14:54:33.141713 https://dongyuanlangyue517.fang.com/
Logger:2020-03-16 14:54:33.417976 https://duliangshoufu.fang.com/
Logger:2020-03-16 14:54:33.681271 https://liduguoji517.fang.com/
Logger:2020-03-16 14:54:33.940607 https://xingyuhuafu517.fang.com/
Logger:2020-03-16 14:54:34.198917 https://zijingongguan517.fang.com/
Logger:2020-03-16 14:54:34.505110 https://sainamoer.fang.com/
Logger:2020-03-16 14:54:38.336816 https://xyzygc.fang.com/
Logger:2020-03-16 14:54:38.594170 https://shenganjinlanwan.fang.com/
Logger:2020-03-16 14:54:41.781637 https://jianlimingdu.fang.com/
Logger:2020-03-16 14:54:45.723057 https://xuyibiguiyuan.fang.com/
Logger:2020-03-16 14:54:45.980404 https://changxingyicheng.fang.com/
Logger:2020-03-16 14:54:49.220744 https://xuyi.newhouse.fang.com/house/s/b92/
Logger:2020-03-16 14:54:49.444103 https://yidungongguan517.fang.com/
Logger:2020-03-16 14:54:49.712385 https://xuefuhuating517.fang.com/
Logger:2020-03-16 14:54:50.025548 https://xuyishuimuqinghua.fang.com/
Logger:2020-03-16 14:54:50.287889 https://jinshanhuayuan517.fang.com/
Logger:2020-03-16 14:54:50.541167 https://douliangnanlu11hao.fang.com/
Logger:2020-03-16 14:54:50.773570 https://tianehupan517.fang.com/
Logger:2020-03-16 14:54:51.240359 https://zhongyangyujingyuanshangye.fang.com/
Logger:2020-03-16 14:54:51.540494 https://zastc.fang.com/1/
Logger:2020-03-16 14:54:51.778857 https://yuehuaiyuan.fang.com/
Logger:2020-03-16 14:54:52.045146 https://datongxuelinhuafu.fang.com/
Logger:2020-03-16 14:54:52.295549 https://dldyj517.fang.com/
Logger:2020-03-16 14:54:52.571738 https://mjlggc.fang.com/
Logger:2020-03-16 14:54:56.269843 https://xuyi.newhouse.fang.com/house/s/b93/
Logger:2020-03-16 14:54:59.987897 https://xuyi.newhouse.fang.com/house/s/b94/
Logger:2020-03-16 14:55:03.632147 https://xuyi.newhouse.fang.com/house/s/b95/
