Logger:2020-03-16 09:25:09.229823 https://xx.newhouse.fang.com/house/s/b91/
Logger:2020-03-16 09:25:09.591988 https://xxhdyf.fang.com/
Logger:2020-03-16 09:25:09.887290 https://cyslbdjy0373.fang.com/
Logger:2020-03-16 09:25:14.567477 https://xxdhw.fang.com/
Logger:2020-03-16 09:25:14.879892 https://xxjysbc.fang.com/
Logger:2020-03-16 09:25:15.161113 https://zhengshangcheng0373.fang.com/
Logger:2020-03-16 09:25:15.473940 https://changqingtengcc.fang.com/
Logger:2020-03-16 09:25:15.770820 https://guoyuecheng0373.fang.com/
Logger:2020-03-16 09:25:16.060216 https://yishijieyt.fang.com/
Logger:2020-03-16 09:25:16.354533 https://zbhsgy.fang.com/
Logger:2020-03-16 09:25:16.619570 https://zhihuichengxx.fang.com/
Logger:2020-03-16 09:25:16.918816 https://guoxinfeichangguoji.fang.com/
Logger:2020-03-16 09:25:17.184380 https://xxfymd.fang.com/
Logger:2020-03-16 09:25:17.513180 https://jiayugongyuanyz.fang.com/
Logger:2020-03-16 09:25:17.887380 https://patiousj.fang.com/
Logger:2020-03-16 09:25:22.376756 https://xxssxc.fang.com/
Logger:2020-03-16 09:25:22.705436 https://weiduoliya0373.fang.com/
Logger:2020-03-16 09:25:23.019490 https://guojiguangchangwh0373.fang.com/
Logger:2020-03-16 09:25:23.301259 https://feicuiguoji0373.fang.com/
Logger:2020-03-16 09:25:23.565790 https://xxyangtang.fang.com/
Logger:2020-03-16 09:25:23.925525 https://shijihuayuanxc.fang.com/
Logger:2020-03-16 09:25:27.214353 https://xx.newhouse.fang.com/house/s/b92/
Logger:2020-03-16 09:25:27.468394 https://huixiangjiangshan.fang.com/
Logger:2020-03-16 09:25:28.044494 https://weilaichengyt0373.fang.com/
Logger:2020-03-16 09:25:32.990706 https://biguiyuan0373.fang.com/
Logger:2020-03-16 09:25:33.319278 https://sanyinglicc.fang.com/
Logger:2020-03-16 09:25:34.908959 https://daqiaolongfu.fang.com/
Logger:2020-03-16 09:25:37.207053 https://chengshiguangchangbl0373.fang.com/
Logger:2020-03-16 09:25:38.094378 https://xx.newhouse.fang.com/house/2516758881.htm
Logger:2020-03-16 09:25:38.406448 https://furuncheng.fang.com/
Logger:2020-03-16 09:25:42.589656 https://chuntianlijy0373.fang.com/
Logger:2020-03-16 09:25:44.899567 https://lixiangguo.fang.com/
Logger:2020-03-16 09:25:45.196163 https://lanbaowanbf.fang.com/
Logger:2020-03-16 09:25:45.524737 https://shengtaixinchengld0373.fang.com/
Logger:2020-03-16 09:25:47.297758 https://jinchenguojiwh.fang.com/
Logger:2020-03-16 09:25:47.593737 https://mdglyh.fang.com/
Logger:2020-03-16 09:25:47.880063 https://whchy.fang.com/
Logger:2020-03-16 09:25:48.210405 https://jzyyf0373.fang.com/
Logger:2020-03-16 09:25:49.343485 https://yangguangdidaijg.fang.com/
Logger:2020-03-16 09:25:49.630549 https://xxtbht.fang.com/
Logger:2020-03-16 09:25:49.892554 https://csjy0373.fang.com/
Logger:2020-03-16 09:25:50.191644 https://xiangxiwankp.fang.com/
Logger:2020-03-16 09:25:53.734936 https://xx.newhouse.fang.com/house/s/b93/
Logger:2020-03-16 09:25:53.992091 https://hhssxq.fang.com/
Logger:2020-03-16 09:25:55.283422 https://taihangmingzhuxy.fang.com/
Logger:2020-03-16 09:25:55.833698 https://lianmengxinchengjy0373.fang.com/
Logger:2020-03-16 09:25:56.182660 https://zhongyanggongyuanwy.fang.com/
Logger:2020-03-16 09:26:00.981773 https://jinyushijiazs0373.fang.com/
Logger:2020-03-16 09:26:05.821668 https://dzznf.fang.com/
Logger:2020-03-16 09:26:06.078973 https://yujingwanschf.fang.com/
Logger:2020-03-16 09:26:08.274947 https://wenshachengbaold.fang.com/
Logger:2020-03-16 09:26:11.168733 https://jylw0373.fang.com/
Logger:2020-03-16 09:26:11.465693 https://beichenyuefu0373.fang.com/
Logger:2020-03-16 09:26:12.894060 https://meihaoshenghuojiayuanxx.fang.com/
Logger:2020-03-16 09:26:13.226361 https://xinyichenglj.fang.com/
Logger:2020-03-16 09:26:13.532167 https://lantingwantf.fang.com/
Logger:2020-03-16 09:26:13.819733 https://meiguizhuangyuanck.fang.com/
Logger:2020-03-16 09:26:14.110790 https://xhhpct.fang.com/
Logger:2020-03-16 09:26:14.419322 https://huatiangongguan.fang.com/
Logger:2020-03-16 09:26:14.713477 https://lvyinhepan.fang.com/2/
Logger:2020-03-16 09:26:14.997420 https://weimeihuan.fang.com/
Logger:2020-03-16 09:26:16.637212 https://tycblza.fang.com/
Logger:2020-03-16 09:26:17.015663 https://zhongyangcaifuguangchang0373.fang.com/
Logger:2020-03-16 09:26:20.859208 https://xx.newhouse.fang.com/house/s/b94/
Logger:2020-03-16 09:26:21.099965 https://jinyulanwanrt.fang.com/
Logger:2020-03-16 09:26:21.367878 https://dongfangyijing0373.fang.com/
Logger:2020-03-16 09:26:21.692557 https://xxjyglxz.fang.com/
Logger:2020-03-16 09:26:21.967990 https://shenghuochengld.fang.com/
Logger:2020-03-16 09:26:22.248202 https://xxwxsc0373.fang.com/
Logger:2020-03-16 09:26:22.543360 https://xxltds.fang.com/
Logger:2020-03-16 09:26:24.307121 https://xhzxxx.fang.com/
Logger:2020-03-16 09:26:24.609547 https://yihaochengbangjy0373.fang.com/
Logger:2020-03-16 09:26:24.889727 https://shijixinchengsy.fang.com/
Logger:2020-03-16 09:26:25.177700 https://qdlhjt.fang.com/
Logger:2020-03-16 09:26:25.480096 https://yueshidaidq.fang.com/
Logger:2020-03-16 09:26:25.819159 https://huatianlongyue.fang.com/
Logger:2020-03-16 09:26:26.083452 https://kaiyuanhuadu0373.fang.com/
Logger:2020-03-16 09:26:30.792588 https://snctld.fang.com/
Logger:2020-03-16 09:26:31.074194 https://yfsscb.fang.com/
Logger:2020-03-16 09:26:35.824224 https://laiyinbandaowx.fang.com/
Logger:2020-03-16 09:26:36.142395 https://huadidongcheng.fang.com/
Logger:2020-03-16 09:26:36.419236 https://wutongjunkh.fang.com/
Logger:2020-03-16 09:26:36.657719 https://shangduguojiwj.fang.com/
Logger:2020-03-16 09:26:36.984044 https://sjmy0373.fang.com/
Logger:2020-03-16 09:26:40.206130 https://xx.newhouse.fang.com/house/s/b95/
Logger:2020-03-16 09:26:40.753157 https://chuangkegongyuanli.fang.com/
Logger:2020-03-16 09:26:41.022872 https://xiangbinxiaozhenrt.fang.com/
Logger:2020-03-16 09:26:42.885819 https://mawj.fang.com/
Logger:2020-03-16 09:26:43.873627 https://shuimulanting0370.fang.com/
Logger:2020-03-16 09:26:44.157085 https://senlinbandaoshangyuanjy.fang.com/
Logger:2020-03-16 09:26:46.546208 https://zhenghongwan.fang.com/
Logger:2020-03-16 09:26:46.919378 https://jiarigongguanwq.fang.com/
Logger:2020-03-16 09:26:49.157967 https://cdsmc0373.fang.com/
Logger:2020-03-16 09:26:50.785874 https://moer1510373.fang.com/
Logger:2020-03-16 09:26:51.073774 https://yfjsyy.fang.com/
Logger:2020-03-16 09:26:55.399111 https://xxqxl.fang.com/
Logger:2020-03-16 09:26:55.696743 https://xxdzswcyy.fang.com/
Logger:2020-03-16 09:26:55.975131 https://jxsygcxx.fang.com/
Logger:2020-03-16 09:26:56.239714 https://hupanxuefubgy.fang.com/
Logger:2020-03-16 09:26:56.505192 https://xxmdyq.fang.com/
Logger:2020-03-16 09:26:56.816492 https://lehuoxiaozhenfhg.fang.com/
Logger:2020-03-16 09:27:01.003017 https://jinsechengbangyf.fang.com/
Logger:2020-03-16 09:27:01.315904 https://yhgzy.fang.com/
Logger:2020-03-16 09:27:01.612154 https://meilishanzy.fang.com/
Logger:2020-03-16 09:27:01.950263 https://chengshanglingdixm.fang.com/
Logger:2020-03-16 09:27:05.197225 https://xx.newhouse.fang.com/house/s/b96/
Logger:2020-03-16 09:27:05.498136 https://rhjdsyzx.fang.com/
Logger:2020-03-16 09:27:05.773112 https://xxszy.fang.com/
Logger:2020-03-16 09:27:06.097762 https://xxylmy.fang.com/
Logger:2020-03-16 09:27:06.368355 https://zfjyyhmj.fang.com/
Logger:2020-03-16 09:27:06.653382 https://senlinchengshibgy2.fang.com/
Logger:2020-03-16 09:27:06.921652 https://dushimingchengmd.fang.com/
Logger:2020-03-16 09:27:07.207924 https://chengshiguangchangfzhx.fang.com/
Logger:2020-03-16 09:27:07.537464 https://lafeiguojimd.fang.com/
Logger:2020-03-16 09:27:07.835008 https://yxkxgg.fang.com/
Logger:2020-03-16 09:27:08.145446 https://yufenglangting.fang.com/
Logger:2020-03-16 09:27:12.354839 https://whhphy.fang.com/
Logger:2020-03-16 09:27:13.495518 https://zidongshangyuanth.fang.com/
Logger:2020-03-16 09:27:13.737084 https://xxgjncpjyzxznl.fang.com/
Logger:2020-03-16 09:27:14.020446 https://wjjdcxx.fang.com/
Logger:2020-03-16 09:27:14.519002 https://xxmyds.fang.com/
Logger:2020-03-16 09:27:14.782785 https://xqlx.fang.com/
Logger:2020-03-16 09:27:18.453679 https://xx.newhouse.fang.com/house/s/b97/
Logger:2020-03-16 09:27:21.966512 https://xx.newhouse.fang.com/house/s/b98/
Logger:2020-03-16 09:27:25.419472 https://xx.newhouse.fang.com/house/s/b99/
