Logger:2020-03-16 13:40:53.581608 https://xz.newhouse.fang.com/house/s/b91/
Logger:2020-03-16 13:40:53.885752 https://qianxicheng0516.fang.com/?from=xflist_xfgg
Logger:2020-03-16 13:40:54.247783 https://shengtaixiaozhenhdpah.fang.com/?from=xflist_xfgg
Logger:2020-03-16 13:40:54.548977 https://heguangchengyueblwk.fang.com/
Logger:2020-03-16 13:40:55.088534 https://yuxianshengdeshidai.fang.com/
Logger:2020-03-16 13:40:55.366825 https://gongyuanjiulihrzd0516.fang.com/
Logger:2020-03-16 13:40:55.645081 https://kunlunyuhr0516.fang.com/
Logger:2020-03-16 13:40:55.893416 https://boyuefuzh0516.fang.com/
Logger:2020-03-16 13:40:56.180612 https://fuchunshanjuxz.fang.com/
Logger:2020-03-16 13:40:56.477817 https://duhuixingchen.fang.com/
Logger:2020-03-16 13:40:56.792975 https://haiyuenanshan.fang.com/
Logger:2020-03-16 13:40:57.095166 https://shidaizhiguangblwk.fang.com/
Logger:2020-03-16 13:40:57.408328 https://xiaochenggushi0516.fang.com/
Logger:2020-03-16 13:40:58.505393 https://hepingfuznht.fang.com/
Logger:2020-03-16 13:40:58.784646 https://huangojiequ.fang.com/
Logger:2020-03-16 13:40:59.061947 https://meidilecheng.fang.com/
Logger:2020-03-16 13:40:59.387035 https://yunlongjinmaoyuehx.fang.com/
Logger:2020-03-16 13:40:59.736100 https://hhgjblc.fang.com/
Logger:2020-03-16 13:41:00.054284 https://tianquexhmd.fang.com/
Logger:2020-03-16 13:41:00.300591 https://tongyinrongyuefudf.fang.com/
Logger:2020-03-16 13:41:00.596798 https://donghuyuefu.fang.com/
Logger:2020-03-16 13:41:03.952820 https://xz.newhouse.fang.com/house/s/b92/
Logger:2020-03-16 13:41:04.265033 https://bojingwanzj0516.fang.com/
Logger:2020-03-16 13:41:05.315200 https://yunhexiaozhenld.fang.com/
Logger:2020-03-16 13:41:05.613404 https://qingyunfuyc.fang.com/
Logger:2020-03-16 13:41:11.749997 https://zhongangboguan.fang.com/
Logger:2020-03-16 13:41:12.007274 https://donghutianchengmd.fang.com/
Logger:2020-03-16 13:41:12.309503 https://ziyunfugl.fang.com/
Logger:2020-03-16 13:41:13.535216 https://hanlinfumddx.fang.com/
Logger:2020-03-16 13:41:13.857367 https://jiaoshanfu.fang.com/
Logger:2020-03-16 13:41:14.154530 https://dongbumeidicheng0516.fang.com/
Logger:2020-03-16 13:41:14.469722 https://luhulangtingyz.fang.com/
Logger:2020-03-16 13:41:14.814805 https://meiditianyu.fang.com/
Logger:2020-03-16 13:41:15.107979 https://zhixiangchengyc.fang.com/
Logger:2020-03-16 13:41:15.402192 https://dongnanyuehu.fang.com/
Logger:2020-03-16 13:41:15.685482 https://yongcuiyuanmd.fang.com/
Logger:2020-03-16 13:41:16.039529 https://fengmingtaoyuanfengyasongrcld.fang.com/
Logger:2020-03-16 13:41:16.350690 https://jinmaofuch.fang.com/
Logger:2020-03-16 13:41:16.651849 https://wutonggongguan0516.fang.com/
Logger:2020-03-16 13:41:16.932099 https://meidiguantang.fang.com/
Logger:2020-03-16 13:41:17.266241 https://yihaojiequ0516.fang.com/
Logger:2020-03-16 13:41:17.563450 https://200292.fang.com/
Logger:2020-03-16 13:41:21.535819 https://xz.newhouse.fang.com/house/s/b93/
Logger:2020-03-16 13:41:21.841009 https://yuechengyunyuxuansn.fang.com/
Logger:2020-03-16 13:41:22.203041 https://zhongshanfu.fang.com/
Logger:2020-03-16 13:41:22.495217 https://sijilianchengjinchen.fang.com/
Logger:2020-03-16 13:41:22.793426 https://200078.fang.com/
Logger:2020-03-16 13:41:23.093666 https://puyuemendixc.fang.com/
Logger:2020-03-16 13:41:23.930400 https://fengmingfuhy.fang.com/
Logger:2020-03-16 13:41:25.013499 https://huyushuld.fang.com/2/
Logger:2020-03-16 13:41:25.270792 https://sijilianchengwangyue.fang.com/
Logger:2020-03-16 13:41:25.560058 https://wanxiangfuhpl.fang.com/
Logger:2020-03-16 13:41:25.885193 https://lvdixinlilinyugongguan.fang.com/
Logger:2020-03-16 13:41:26.164402 https://zhongshanduhuiwk.fang.com/
Logger:2020-03-16 13:41:26.428694 https://jiulonghuxc0516.fang.com/
Logger:2020-03-16 13:41:26.712934 https://daduhuixchy.fang.com/
Logger:2020-03-16 13:41:27.020112 https://fengmingtaoyuanrc.fang.com/
Logger:2020-03-16 13:41:27.306347 https://yunjinlilg.fang.com/
Logger:2020-03-16 13:41:27.605588 https://zhonghuanzancheng.fang.com/
Logger:2020-03-16 13:41:28.621869 https://suningguangchang0516.fang.com/
Logger:2020-03-16 13:41:28.951944 https://200022.fang.com/
Logger:2020-03-16 13:41:30.945610 https://zimaoguangchang.fang.com/
Logger:2020-03-16 13:41:31.212895 https://huijingchengzj.fang.com/
Logger:2020-03-16 13:41:34.463233 https://xz.newhouse.fang.com/house/s/b94/
Logger:2020-03-16 13:41:34.802336 https://sijilianchengshiguang.fang.com/
Logger:2020-03-16 13:41:35.092518 https://pananhushoufudh.fang.com/
Logger:2020-03-16 13:41:35.398698 https://huajianxitang.fang.com/
Logger:2020-03-16 13:41:36.107801 https://200062.fang.com/
Logger:2020-03-16 13:41:37.431259 https://feicuitiandiwk.fang.com/shop/
Logger:2020-03-16 13:41:37.741431 https://200328.fang.com/
Logger:2020-03-16 13:41:38.505405 https://shidaizhiguangjingchengblwk.fang.com/
Logger:2020-03-16 13:41:38.785714 https://rongshengcheng0516.fang.com/
Logger:2020-03-16 13:41:39.207508 https://wuyueguangchangxz.fang.com/
Logger:2020-03-16 13:41:40.122062 https://yuelianghuyihaozy.fang.com/
Logger:2020-03-16 13:41:40.399320 https://yinshanguanhuyj.fang.com/
Logger:2020-03-16 13:41:41.252081 https://shengyeheyuan.fang.com/
Logger:2020-03-16 13:41:41.520345 https://quanchengxiyuegm.fang.com/
Logger:2020-03-16 13:41:42.791962 https://dongfangyujing0516.fang.com/
Logger:2020-03-16 13:41:43.065189 https://feicuizhiguangwk.fang.com/
Logger:2020-03-16 13:41:43.401289 https://guojihuayuanchengcz.fang.com/
Logger:2020-03-16 13:41:43.717444 https://jinsenianhua0516.fang.com/
Logger:2020-03-16 13:41:44.045568 https://shangheyuanxs.fang.com/
Logger:2020-03-16 13:41:44.331800 https://tsypmj.fang.com/
Logger:2020-03-16 13:41:45.203543 https://longjunshangyuan.fang.com/
Logger:2020-03-16 13:41:48.440808 https://xz.newhouse.fang.com/house/s/b95/
Logger:2020-03-16 13:41:48.728082 https://gongyuantianxiamd0516.fang.com/
Logger:2020-03-16 13:41:49.064140 https://fenglinxuefu.fang.com/
Logger:2020-03-16 13:41:49.463142 https://fenglintianxia.fang.com/3/
Logger:2020-03-16 13:41:49.950769 https://lvchengchengyuan0516.fang.com/
Logger:2020-03-16 13:41:50.248006 https://fengmingcheng.fang.com/
Logger:2020-03-16 13:41:50.531216 https://wujiang0516.fang.com/
Logger:2020-03-16 13:41:51.525563 https://zhongwuyhxy.fang.com/
Logger:2020-03-16 13:41:51.816776 https://jiuxi0516.fang.com/
Logger:2020-03-16 13:41:52.131934 https://molandigongguan.fang.com/
Logger:2020-03-16 13:41:52.801143 https://zexingongguan0516.fang.com/
Logger:2020-03-16 13:41:53.095399 https://shangchengguojigl0516.fang.com/
Logger:2020-03-16 13:41:53.437441 https://yuelanwanhm.fang.com/
Logger:2020-03-16 13:41:55.469047 https://longyaoshanju.fang.com/
Logger:2020-03-16 13:41:56.966018 https://shangwuchengld.fang.com/office/
Logger:2020-03-16 13:41:57.268231 https://lixiangchengld0516.fang.com/3/
Logger:2020-03-16 13:41:57.597350 https://200282.fang.com/
Logger:2020-03-16 13:41:57.857652 https://chenhualiduyuan.fang.com/
Logger:2020-03-16 13:41:58.811141 https://rongyaoxincheng.fang.com/
Logger:2020-03-16 13:41:59.055412 https://200172.fang.com/
Logger:2020-03-16 13:41:59.329725 https://xiyuefuzbd.fang.com/
Logger:2020-03-16 13:42:02.996868 https://xz.newhouse.fang.com/house/s/b96/
Logger:2020-03-16 13:42:03.323020 https://zhonghenanyuan.fang.com/
Logger:2020-03-16 13:42:05.617882 https://gongyuanyihao051602.fang.com/
Logger:2020-03-16 13:42:05.870236 https://dongfangchuncheng.fang.com/
Logger:2020-03-16 13:42:06.221317 https://quanshanyurunxincheng.fang.com/
Logger:2020-03-16 13:42:06.590255 https://chengongguanldrc.fang.com/
Logger:2020-03-16 13:42:06.927353 https://mianhuagongyuhp.fang.com/
Logger:2020-03-16 13:42:07.207604 https://qshaieryanlangongguan.fang.com/
Logger:2020-03-16 13:42:07.502894 https://xinduhuiwk20516.fang.com/
Logger:2020-03-16 13:42:07.822959 https://xinyxtms.fang.com/
Logger:2020-03-16 13:42:09.385803 https://jintaishangcheng.fang.com/
Logger:2020-03-16 13:42:10.912700 https://qsshengshikongquecheng.fang.com/
Logger:2020-03-16 13:42:11.176986 https://tianyuhuafusm.fang.com/
Logger:2020-03-16 13:42:11.485161 https://yongtaijinyuan.fang.com/
Logger:2020-03-16 13:42:11.824334 https://yutanhuaxi.fang.com/
Logger:2020-03-16 13:42:12.139453 https://huaihaishidaigongguan.fang.com/
Logger:2020-03-16 13:42:12.414676 https://yunzhumdjk.fang.com/
Logger:2020-03-16 13:42:12.683954 https://lanchenglanyuan0516.fang.com/
Logger:2020-03-16 13:42:13.087915 https://xiyuezbd.fang.com/
Logger:2020-03-16 13:42:13.371115 https://hdbinhezuoan.fang.com/
Logger:2020-03-16 13:42:13.649373 https://kebeishangchengxykb.fang.com/
Logger:2020-03-16 13:42:16.932587 https://xz.newhouse.fang.com/house/s/b97/
Logger:2020-03-16 13:42:17.255799 https://zhljht.fang.com/
Logger:2020-03-16 13:42:17.535974 https://xinyisfhy.fang.com/
Logger:2020-03-16 13:42:17.808282 https://lanchengqinyuan.fang.com/
Logger:2020-03-16 13:42:18.600128 https://tixiangwan0516.fang.com/
Logger:2020-03-16 13:42:18.887359 https://xzzhcyxzla.fang.com/
Logger:2020-03-16 13:42:19.176585 https://200284.fang.com/
Logger:2020-03-16 13:42:19.446887 https://nianhuagutaoyuanchanjing.fang.com/
Logger:2020-03-16 13:42:19.730104 https://nanhuyujing0516.fang.com/
Logger:2020-03-16 13:42:20.079208 https://wanfushijia.fang.com/
Logger:2020-03-16 13:42:20.423250 https://ziyufuhd.fang.com/
Logger:2020-03-16 13:42:20.694525 https://hdbinhezuoan.fang.com/
Logger:2020-03-16 13:42:21.018720 https://atqhy.fang.com/
Logger:2020-03-16 13:42:21.292924 https://shanshuiwenyuanht.fang.com/
Logger:2020-03-16 13:42:21.600101 https://xiyuelongcheng2.fang.com/
Logger:2020-03-16 13:42:21.885385 https://dingjiaxinyuan0516.fang.com/
Logger:2020-03-16 13:42:22.231413 https://jinxiudongcheng0516.fang.com/
Logger:2020-03-16 13:42:22.502687 https://gediaoyipin.fang.com/
Logger:2020-03-16 13:42:22.759999 https://qscuihuyujing.fang.com/
Logger:2020-03-16 13:42:23.753342 https://qsbhyjw.fang.com/
Logger:2020-03-16 13:42:24.041609 https://chshhyxinyi.fang.com/
Logger:2020-03-16 13:42:27.912216 https://xz.newhouse.fang.com/house/s/b98/
Logger:2020-03-16 13:42:28.187522 https://yjmlxinyi.fang.com/
Logger:2020-03-16 13:42:29.040234 https://qsqingyingge.fang.com/
Logger:2020-03-16 13:42:29.303536 https://yunlonghuafu.fang.com/
Logger:2020-03-16 13:42:29.618652 https://yunlongguandi.fang.com/
Logger:2020-03-16 13:42:29.885950 https://feicuitiandiwk.fang.com/
Logger:2020-03-16 13:42:30.204121 https://yushanqianld.fang.com/
Logger:2020-03-16 13:42:30.446437 https://suiningbiguiyuan0516.fang.com/
Logger:2020-03-16 13:42:30.755609 https://gaoshengguojihuayuancheng.fang.com/
Logger:2020-03-16 13:42:31.039849 https://shuixiechuntian0516.fang.com/
Logger:2020-03-16 13:42:32.095063 https://xingxiushenghuoguangchangxingchen.fang.com/
Logger:2020-03-16 13:42:32.355364 https://200246.fang.com/
Logger:2020-03-16 13:42:32.689478 https://200104.fang.com/
Logger:2020-03-16 13:42:32.910886 https://xinghushangyuan0516.fang.com/
Logger:2020-03-16 13:42:33.174139 https://200106.fang.com/
Logger:2020-03-16 13:42:33.451398 https://200122.fang.com/
Logger:2020-03-16 13:42:33.761599 https://jinlanfulg.fang.com/
Logger:2020-03-16 13:42:34.043812 https://xzynqcbly.fang.com/
Logger:2020-03-16 13:42:34.292148 https://qsrongshenghuayucheng.fang.com/
Logger:2020-03-16 13:42:34.559475 https://xinhaiwankh.fang.com/
Logger:2020-03-16 13:42:35.098990 https://shengshimingmenxy.fang.com/
Logger:2020-03-16 13:42:38.704346 https://xz.newhouse.fang.com/house/s/b99/
Logger:2020-03-16 13:42:38.983630 https://fxfcc.fang.com/
Logger:2020-03-16 13:42:39.964007 https://tcfjsn.fang.com/
Logger:2020-03-16 13:42:40.391831 https://shenhuamingdu.fang.com/
Logger:2020-03-16 13:42:42.335630 https://xiangxieli0516.fang.com/
Logger:2020-03-16 13:42:42.573038 https://zyfsn.fang.com/
Logger:2020-03-16 13:42:44.120890 https://qshmfjy.fang.com/
Logger:2020-03-16 13:42:44.372183 https://shifuyayuan.fang.com/
Logger:2020-03-16 13:42:45.289728 https://fengchengdijing.fang.com/
Logger:2020-03-16 13:42:45.536111 https://hyhycq.fang.com/
Logger:2020-03-16 13:42:45.805392 https://xinyiwzsc.fang.com/
Logger:2020-03-16 13:42:46.088591 https://fenghuangyuanzhu0516.fang.com/
Logger:2020-03-16 13:42:46.426716 https://fenghuiylh.fang.com/
Logger:2020-03-16 13:42:47.698315 https://fenghuangtaibgy0516.fang.com/
Logger:2020-03-16 13:42:49.025733 https://dexinjunchen0516.fang.com/
Logger:2020-03-16 13:42:49.346875 https://gulouguangchang.fang.com/
Logger:2020-03-16 13:42:50.756143 https://shangdongshidai0516.fang.com/
Logger:2020-03-16 13:42:52.057663 https://200096.fang.com/
Logger:2020-03-16 13:42:52.366796 https://dongfanglanyuan0516.fang.com/
Logger:2020-03-16 13:42:52.689015 https://guanghangcheng.fang.com/
Logger:2020-03-16 13:42:52.966192 https://shangduhuiwk20516.fang.com/
Logger:2020-03-16 13:42:56.666375 https://xz.newhouse.fang.com/house/s/b910/
Logger:2020-03-16 13:42:56.926598 https://wolongchenghr.fang.com/
Logger:2020-03-16 13:42:58.869437 https://gongyuandadaohy.fang.com/
Logger:2020-03-16 13:43:02.218484 https://junshengguangchang.fang.com/
Logger:2020-03-16 13:43:02.496737 https://meiguiyuan0516.fang.com/
Logger:2020-03-16 13:43:02.751052 https://nanhuyayuan0516.fang.com/
Logger:2020-03-16 13:43:05.071833 https://yuruncheng0516.fang.com/
Logger:2020-03-16 13:43:05.356077 https://shenghehanlinhuafu.fang.com/
Logger:2020-03-16 13:43:05.621380 https://hjtianchengxinyihj.fang.com/
Logger:2020-03-16 13:43:06.759330 https://tsgjyj.fang.com/
Logger:2020-03-16 13:43:07.010623 https://kcfdxinyi.fang.com/
Logger:2020-03-16 13:43:07.330765 https://xyjrgjhy.fang.com/
Logger:2020-03-16 13:43:08.574474 https://qswankehuaihaitiandi.fang.com/
Logger:2020-03-16 13:43:10.190115 https://meiguiyuan0561.fang.com/
Logger:2020-03-16 13:43:10.427480 https://xinyiyangguangkaixuancheng.fang.com/
Logger:2020-03-16 13:43:10.668871 https://mingshixueshiyuan.fang.com/
Logger:2020-03-16 13:43:11.966365 https://huanlechengyiqi.fang.com/
Logger:2020-03-16 13:43:12.232696 https://qszdqsy.fang.com/
Logger:2020-03-16 13:43:13.181114 https://mingshizijinhuayuan.fang.com/
Logger:2020-03-16 13:43:15.077091 https://qsxinyuanjingcheng.fang.com/
Logger:2020-03-16 13:43:15.354328 https://fuanpingguojun.fang.com/
Logger:2020-03-16 13:43:18.930771 https://xz.newhouse.fang.com/house/s/b911/
Logger:2020-03-16 13:43:19.230930 https://ningjiangxinbeicheng.fang.com/
Logger:2020-03-16 13:43:19.598945 https://hehebaifuchengxy.fang.com/
Logger:2020-03-16 13:43:20.002907 https://chunqiujiulifu.fang.com/
Logger:2020-03-16 13:43:20.291132 https://gjkjwhcyyzh.fang.com/
Logger:2020-03-16 13:43:20.530454 https://shangshuipuyuan.fang.com/
Logger:2020-03-16 13:43:20.853589 https://jiangshanyu.fang.com/
Logger:2020-03-16 13:43:21.231620 https://zixitaihz.fang.com/
Logger:2020-03-16 13:43:21.499902 https://xinshengguangchang2.fang.com/
Logger:2020-03-16 13:43:21.735231 https://yushuidijingcheng0516.fang.com/
Logger:2020-03-16 13:43:22.075357 https://huaxiyuanzhubgy.fang.com/
Logger:2020-03-16 13:43:22.398486 https://lugangxiaozhen0516.fang.com/
Logger:2020-03-16 13:43:22.676712 https://xiushuihuatingms.fang.com/
Logger:2020-03-16 13:43:22.936018 https://xinhanchengyl.fang.com/
Logger:2020-03-16 13:43:24.344293 https://quanshanyuxianshengdeshequ.fang.com/
Logger:2020-03-16 13:43:24.651428 https://nanhuwan0516.fang.com/
Logger:2020-03-16 13:43:25.043423 https://yihaoyuansnzl.fang.com/
Logger:2020-03-16 13:43:25.359535 https://haodejiayuecheng0516.fang.com/
Logger:2020-03-16 13:43:26.560322 https://200098.fang.com/
Logger:2020-03-16 13:43:29.015794 https://xinchengzhongxinyj.fang.com/
Logger:2020-03-16 13:43:31.432289 https://thsjcsn.fang.com/
Logger:2020-03-16 13:43:35.177271 https://xz.newhouse.fang.com/house/s/b912/
Logger:2020-03-16 13:43:36.453901 https://xdhhh.fang.com/
Logger:2020-03-16 13:43:37.919970 https://rongchuanghuaihaiyihao.fang.com/
Logger:2020-03-16 13:43:38.181235 https://huanyubinhelanting.fang.com/
Logger:2020-03-16 13:43:39.549574 https://jindishoufu0516.fang.com/
Logger:2020-03-16 13:43:40.691520 https://rongshengguangchang.fang.com/
Logger:2020-03-16 13:43:41.765690 https://feicuilanwanld.fang.com/
Logger:2020-03-16 13:43:42.056917 https://mingshixiushuihuating.fang.com/
Logger:2020-03-16 13:43:42.317171 https://shengshimingju0516.fang.com/
Logger:2020-03-16 13:43:42.581473 https://darushijia0516.fang.com/
Logger:2020-03-16 13:43:42.864731 https://lijingguoji0516.fang.com/
Logger:2020-03-16 13:43:44.630023 https://taihexuanguanlanjun.fang.com/
Logger:2020-03-16 13:43:44.989023 https://zhongruixingshangcheng.fang.com/
Logger:2020-03-16 13:43:45.260336 https://tsfltx.fang.com/
Logger:2020-03-16 13:43:46.018308 https://jingtaijiayuanfx.fang.com/
Logger:2020-03-16 13:43:47.730731 https://honglidagordenwan.fang.com/
Logger:2020-03-16 13:43:47.984048 https://shuianhuafusn.fang.com/
Logger:2020-03-16 13:43:48.247307 https://xingkeyinxiang0516.fang.com/
Logger:2020-03-16 13:43:50.088425 https://tsjllq.fang.com/
Logger:2020-03-16 13:43:50.330816 https://qsdongnanjun.fang.com/
Logger:2020-03-16 13:43:50.654913 https://qssenlingongguan.fang.com/
Logger:2020-03-16 13:43:54.344034 https://xz.newhouse.fang.com/house/s/b913/
Logger:2020-03-16 13:43:54.619298 https://dongfangmingrenwanxy.fang.com/
Logger:2020-03-16 13:43:55.356289 https://qskaiyuanfeicuiwan.fang.com/
Logger:2020-03-16 13:43:56.421439 https://jinzuanguojixinyi.fang.com/
Logger:2020-03-16 13:43:56.727620 https://xyhtht.fang.com/
Logger:2020-03-16 13:43:57.021869 https://tsbxrsyl.fang.com/
Logger:2020-03-16 13:43:57.368905 https://fenghuihualijz.fang.com/
Logger:2020-03-16 13:43:58.540770 https://gxjlsjxy.fang.com/
Logger:2020-03-16 13:43:58.855927 https://rkgjcsn.fang.com/
Logger:2020-03-16 13:43:59.222982 https://balihaoting0561.fang.com/
Logger:2020-03-16 13:43:59.524139 https://whmjts.fang.com/
Logger:2020-03-16 13:44:00.408814 https://huadidiyijiequ.fang.com/
Logger:2020-03-16 13:44:01.438019 https://jsfx.newhouse.fang.com/house/1845202734.htm
Logger:2020-03-16 13:44:01.735267 https://jdgjcsn.fang.com/
Logger:2020-03-16 13:44:03.067702 https://jsfx.newhouse.fang.com/house/1845202730.htm
Logger:2020-03-16 13:44:03.325993 https://shangduguojisn.fang.com/
Logger:2020-03-16 13:44:04.626489 https://lcgjsn.fang.com/
Logger:2020-03-16 13:44:04.990516 https://fengxianshunhefuminshangyejie.fang.com/
Logger:2020-03-16 13:44:05.256803 https://xishengyuan0516.fang.com/
Logger:2020-03-16 13:44:06.133459 https://suluyuwannongmaoshichang.fang.com/
Logger:2020-03-16 13:44:06.378844 https://dingyutianyu.fang.com/
Logger:2020-03-16 13:44:09.647059 https://xz.newhouse.fang.com/house/s/b914/
Logger:2020-03-16 13:44:10.613474 https://ziweigongguanlc20516.fang.com/
Logger:2020-03-16 13:44:10.876812 https://ruyuan0516.fang.com/
Logger:2020-03-16 13:44:11.143094 https://200100.fang.com/
Logger:2020-03-16 13:44:11.464233 https://xinyibsln.fang.com/
Logger:2020-03-16 13:44:11.731529 https://yunlongfushangye.fang.com/
Logger:2020-03-16 13:44:13.199586 https://jinshangmingzhu.fang.com/
Logger:2020-03-16 13:44:15.099473 https://jinlonghuguangchang.fang.com/
Logger:2020-03-16 13:44:15.420613 https://huaihaiyihaoliuzhangtaircgr.fang.com/
Logger:2020-03-16 13:44:15.669976 https://weilaiguangchangrs.fang.com/
Logger:2020-03-16 13:44:15.920317 https://xz.newhouse.fang.com/house/1811931330.htm
Logger:2020-03-16 13:44:16.223466 https://200330.fang.com/
Logger:2020-03-16 13:44:17.973783 https://suiningbalidushi.fang.com/
Logger:2020-03-16 13:44:18.931222 https://gongyuanlijl.fang.com/
Logger:2020-03-16 13:44:19.213467 https://quanshanrongchuangyulangongguan.fang.com/
Logger:2020-03-16 13:44:19.464795 https://hanjinchenghjc.fang.com/
Logger:2020-03-16 13:44:19.770977 https://jinxiuhanlin0516.fang.com/
Logger:2020-03-16 13:44:20.216818 https://qsjinyuhuating.fang.com/
Logger:2020-03-16 13:44:20.482074 https://jindingmingchengxy.fang.com/
Logger:2020-03-16 13:44:20.728414 https://huyuetianjing123.fang.com/
Logger:2020-03-16 13:44:21.487384 https://dongfangyinjp.fang.com/
Logger:2020-03-16 13:44:25.133630 https://xz.newhouse.fang.com/house/s/b915/
Logger:2020-03-16 13:44:25.451778 https://runfujiayuan0516.fang.com/
Logger:2020-03-16 13:44:26.354384 https://qswanyuecheng.fang.com/
Logger:2020-03-16 13:44:26.663607 https://yangguangjiayuan0516.fang.com/
Logger:2020-03-16 13:44:26.977733 https://haitangwanslhx.fang.com/
Logger:2020-03-16 13:44:27.698767 https://qskaiyuanyunlonggu.fang.com/
Logger:2020-03-16 13:44:28.056810 https://pzhldyhw.fang.com/
Logger:2020-03-16 13:44:28.697177 https://200114.fang.com/
Logger:2020-03-16 13:44:29.020233 https://200242.fang.com/
Logger:2020-03-16 13:44:29.509922 https://ouzhouchengsn.fang.com/
Logger:2020-03-16 13:44:29.776210 https://xingfuguangchangzy.fang.com/
Logger:2020-03-16 13:44:30.040503 https://chuangmeimingshiyuan.fang.com/
Logger:2020-03-16 13:44:31.326064 https://guohuatianxi.fang.com/
Logger:2020-03-16 13:44:32.361353 https://shijiguangchangsm.fang.com/
Logger:2020-03-16 13:44:33.614941 https://runqibinheyuan.fang.com/
Logger:2020-03-16 13:44:35.107996 https://puyuefurh.fang.com/
Logger:2020-03-16 13:44:36.176090 https://xinyi.newhouse.fang.com/house/1834195358.htm
Logger:2020-03-16 13:44:36.549092 https://jqgjhyxy.fang.com/
Logger:2020-03-16 13:44:36.884195 https://qsspsdyf.fang.com/
Logger:2020-03-16 13:44:37.151480 https://qsxiexinxinshang.fang.com/
Logger:2020-03-16 13:44:37.437756 https://wncsjy.fang.com/
Logger:2020-03-16 13:44:41.066046 https://xz.newhouse.fang.com/house/s/b916/
Logger:2020-03-16 13:44:41.352242 https://sfyjtongshan.fang.com/
Logger:2020-03-16 13:44:41.621522 https://200146.fang.com/
Logger:2020-03-16 13:44:41.884818 https://quanqiugoushenghuoguangchang.fang.com/
Logger:2020-03-16 13:44:42.220999 https://wtkcts.fang.com/
Logger:2020-03-16 13:44:42.495241 https://taihudongj.fang.com/
Logger:2020-03-16 13:44:44.191646 https://snshuianchengbang.fang.com/
Logger:2020-03-16 13:44:45.381509 https://guanyinguangchangjm.fang.com/
Logger:2020-03-16 13:44:46.636131 https://cfwts.fang.com/
Logger:2020-03-16 13:44:47.949593 https://yhxcxtd.fang.com/
Logger:2020-03-16 13:44:50.832880 https://luomamingchengxy.fang.com/
Logger:2020-03-16 13:44:51.081216 https://qsxichengjinghua.fang.com/
Logger:2020-03-16 13:44:51.335535 https://quanshan.newhouse.fang.com/house/1852284158.htm
Logger:2020-03-16 13:44:51.638756 https://xinyiyrgc.fang.com/
Logger:2020-03-16 13:44:51.916980 https://alyjwxy.fang.com/
Logger:2020-03-16 13:44:52.203260 https://rcmj.fang.com/
Logger:2020-03-16 13:44:52.482467 https://qsfhyy.fang.com/
Logger:2020-03-16 13:44:53.732158 https://yuhuayuan0516.fang.com/
Logger:2020-03-16 13:44:55.096517 https://xfmysn.fang.com/
Logger:2020-03-16 13:44:55.314964 https://fryts.fang.com/
Logger:2020-03-16 13:44:55.586202 https://fhhyts.fang.com/
Logger:2020-03-16 13:44:58.817566 https://xz.newhouse.fang.com/house/s/b917/
Logger:2020-03-16 13:44:59.124735 https://chhycq.fang.com/
Logger:2020-03-16 13:44:59.885662 https://zhihuixiaozhenwy2.fang.com/
Logger:2020-03-16 13:45:00.174889 https://guilinguoji0516.fang.com/
Logger:2020-03-16 13:45:00.445212 https://jryqsw.fang.com/
Logger:2020-03-16 13:45:00.758365 https://xywhdyhh.fang.com/
Logger:2020-03-16 13:45:01.018633 https://hantingshuiyun.fang.com/
Logger:2020-03-16 13:45:03.677518 https://jsfx.newhouse.fang.com/house/1845202726.htm
Logger:2020-03-16 13:45:05.940465 https://kcyaxy.fang.com/
Logger:2020-03-16 13:45:06.242656 https://jrqcc.fang.com/
Logger:2020-03-16 13:45:06.582747 https://tjmcsn.fang.com/
Logger:2020-03-16 13:45:06.969785 https://baliwujincheng.fang.com/
Logger:2020-03-16 13:45:09.844022 https://rysxy.fang.com/
Logger:2020-03-16 13:45:10.167158 https://jinfengshangcheng.fang.com/
Logger:2020-03-16 13:45:10.534218 https://yrtycts.fang.com/
Logger:2020-03-16 13:45:12.770226 https://shengdaguojishimaocheng.fang.com/
Logger:2020-03-16 13:45:15.565753 https://fengyihuating.fang.com/
Logger:2020-03-16 13:45:15.815091 https://tsgxc.fang.com/
Logger:2020-03-16 13:45:16.136190 https://yipinchengbang0516.fang.com/
Logger:2020-03-16 13:45:16.411496 https://yuronghanjingyuan.fang.com/
Logger:2020-03-16 13:45:16.662794 https://smcjd.fang.com/
Logger:2020-03-16 13:45:20.025858 https://xz.newhouse.fang.com/house/s/b918/
Logger:2020-03-16 13:45:21.659453 https://guolounongmaoshangcheng.fang.com/
Logger:2020-03-16 13:45:27.182676 https://yfytc.fang.com/
Logger:2020-03-16 13:45:28.638743 https://xushahexintiandisn.fang.com/
Logger:2020-03-16 13:45:28.928967 https://shidaiyijing.fang.com/
Logger:2020-03-16 13:45:29.214204 https://nanchengshangpin.fang.com/
Logger:2020-03-16 13:45:29.508417 https://hxjfyxy.fang.com/
Logger:2020-03-16 13:45:31.218884 https://beijingyuansn.fang.com/
Logger:2020-03-16 13:45:31.469209 https://fubangjiadi.fang.com/
Logger:2020-03-16 13:45:31.730510 https://yunjingtaizj0516.fang.com/
Logger:2020-03-16 13:45:32.065576 https://tshrzdylhyf.fang.com/
Logger:2020-03-16 13:45:32.926333 https://xz.newhouse.fang.com/house/1811917056.htm
Logger:2020-03-16 13:45:33.205568 https://longhuacheng0516.fang.com/
Logger:2020-03-16 13:45:36.762012 https://xz.newhouse.fang.com/house/s/b919/
Logger:2020-03-16 13:45:40.276645 https://xz.newhouse.fang.com/house/s/b920/
Logger:2020-03-16 13:45:43.788259 https://xz.newhouse.fang.com/house/s/b921/
