Logger:2020-03-15 23:47:45.001684 https://ya.newhouse.fang.com/house/s/b91/
Logger:2020-03-15 23:47:47.357286 https://zhongyangjiayuansm.fang.com/
Logger:2020-03-15 23:47:48.337823 https://meilunkaiyuelanshan.fang.com/
Logger:2020-03-15 23:47:48.693866 https://dqw0598.fang.com/
Logger:2020-03-15 23:47:49.010046 https://jianfayongjun.fang.com/
Logger:2020-03-15 23:47:51.610209 https://tianyuelongtingsm.fang.com/
Logger:2020-03-15 23:47:51.927867 https://qzyj0598.fang.com/
Logger:2020-03-15 23:47:52.336581 https://lsxy0598.fang.com/
Logger:2020-03-15 23:47:52.641812 https://sanming.newhouse.fang.com/house/2214191658.htm
Logger:2020-03-15 23:47:52.979837 https://jshf0598.fang.com/
Logger:2020-03-15 23:47:53.314865 https://jfyj0598sm.fang.com/
Logger:2020-03-15 23:47:55.794875 https://yawdgc.fang.com/
Logger:2020-03-15 23:47:56.120699 https://jinselantingya.fang.com/
Logger:2020-03-15 23:47:56.437464 https://dadiyonglongguojicheng.fang.com/
Logger:2020-03-15 23:47:56.744662 https://yglj0598.fang.com/
Logger:2020-03-15 23:47:57.986649 https://sanming.newhouse.fang.com/house/2214191168.htm
Logger:2020-03-15 23:48:05.137229 https://jlw0932.fang.com/
Logger:2020-03-15 23:48:05.438423 https://mzjt.fang.com/
Logger:2020-03-15 23:48:05.741643 https://gljya.fang.com/
Logger:2020-03-15 23:48:07.919782 https://nnny.fang.com/
Logger:2020-03-15 23:48:10.170530 https://wbdya.fang.com/
Logger:2020-03-15 23:48:13.819908 https://ya.newhouse.fang.com/house/s/b92/
Logger:2020-03-15 23:48:14.022405 https://yamxqdgjc.fang.com/
Logger:2020-03-15 23:48:14.338954 https://yaazf.fang.com/
Logger:2020-03-15 23:48:16.178697 https://znmfy.fang.com/
Logger:2020-03-15 23:48:20.004645 https://ya.newhouse.fang.com/house/s/b93/
Logger:2020-03-15 23:48:23.547921 https://ya.newhouse.fang.com/house/s/b94/
Logger:2020-03-15 23:48:27.117346 https://ya.newhouse.fang.com/house/s/b95/
