Logger:2020-03-16 20:54:51.484457 https://yaan.newhouse.fang.com/house/s/b91/
Logger:2020-03-16 20:54:54.585735 https://lingdilantaifu0835.fang.com/3/
Logger:2020-03-16 20:54:54.912859 https://guanjiangfuldty.fang.com/
Logger:2020-03-16 20:54:57.963186 https://yujingzhuangyuan0835.fang.com/
Logger:2020-03-16 20:54:58.484791 https://yulinguoji.fang.com/
Logger:2020-03-16 20:55:00.933348 https://chengtouwenquxinzuo.fang.com/
Logger:2020-03-16 20:55:01.595098 https://zhenghuangjinyuhuafu.fang.com/
Logger:2020-03-16 20:55:02.952363 https://xinchengruishengjinyuelanan.fang.com/
Logger:2020-03-16 20:55:03.377724 https://jinkejimeijiangchen.fang.com/
Logger:2020-03-16 20:55:03.742779 https://xibuwangshenjiangwancheng.fang.com/
Logger:2020-03-16 20:55:11.533606 https://biguiyuanyaanyinxiang.fang.com/
Logger:2020-03-16 20:55:11.890170 https://shuiankangju0835.fang.com/
Logger:2020-03-16 20:55:24.443544 https://zhenghuangshidaitianjie.fang.com/
Logger:2020-03-16 20:55:24.838465 https://tianluwanldjkbgy.fang.com/
Logger:2020-03-16 20:55:25.166606 https://zhongguogongxiaolongxiyuan.fang.com/
Logger:2020-03-16 20:55:25.533388 https://jinkejimeishuxiangfu.fang.com/
Logger:2020-03-16 20:55:25.899419 https://xibuwangxinshiliyuanwan.fang.com/
Logger:2020-03-16 20:55:33.320818 https://jiangongyalongwan.fang.com/
Logger:2020-03-16 20:55:33.666914 https://biguiyuanjiangpanli.fang.com/
Logger:2020-03-16 20:55:34.034897 https://jinkejimeixuefu.fang.com/
Logger:2020-03-16 20:55:34.463329 https://zgzsslkygjlydjq.fang.com/
Logger:2020-03-16 20:55:38.532826 https://yaan.newhouse.fang.com/house/s/b92/
Logger:2020-03-16 20:55:38.903859 https://changanjxyy.fang.com/
Logger:2020-03-16 20:55:39.306253 https://beiyuandxyh.fang.com/
Logger:2020-03-16 20:55:39.677674 https://xibuwangxinmengshanfu.fang.com/
Logger:2020-03-16 20:55:40.106097 https://kaiyuetiandi.fang.com/
Logger:2020-03-16 20:55:40.561876 https://nanshanfu.fang.com/
Logger:2020-03-16 20:55:40.923908 https://shanshuichengkd.fang.com/
Logger:2020-03-16 20:55:41.491516 https://longwanhuguojishequ.fang.com/
Logger:2020-03-16 20:55:41.922843 https://chengshengtianyuefu.fang.com/
Logger:2020-03-16 20:55:42.442445 https://yjsdgc0835.fang.com/
Logger:2020-03-16 20:55:50.605151 https://lianghexcyjf.fang.com/
Logger:2020-03-16 20:55:50.973349 https://ldltf0835.fang.com/
Logger:2020-03-16 20:55:56.773977 https://jingheshangyuan.fang.com/
Logger:2020-03-16 20:56:01.771724 https://xksygc.fang.com/
Logger:2020-03-16 20:56:02.098210 https://yunjingldltf.fang.com/2/
Logger:2020-03-16 20:56:02.459739 https://jinkelingdiyuejiangting.fang.com/
Logger:2020-03-16 20:56:02.807285 https://yujinghuayuan0835.fang.com/
Logger:2020-03-16 20:56:03.287985 https://huakangshangcheng.fang.com/
Logger:2020-03-16 20:56:03.661001 https://lingditianyu0835.fang.com/
Logger:2020-03-16 20:56:04.065910 https://zhongchenghuaxiangli.fang.com/
Logger:2020-03-16 20:56:08.437259 https://tianlanwqxz.fang.com/
Logger:2020-03-16 20:56:13.132501 https://yaan.newhouse.fang.com/house/s/b93/
Logger:2020-03-16 20:56:17.346537 https://yujingxiangshan.fang.com/
Logger:2020-03-16 20:56:17.684159 https://yazhjysf.fang.com/
Logger:2020-03-16 20:56:21.473870 https://yaan.newhouse.fang.com/house/s/b94/
Logger:2020-03-16 20:56:25.156531 https://yaan.newhouse.fang.com/house/s/b95/
Logger:2020-03-16 20:56:28.670927 https://yaan.newhouse.fang.com/house/s/b96/
