Logger:2020-03-16 19:56:53.208083 https://yanan.newhouse.fang.com/house/s/b91/
Logger:2020-03-16 19:56:53.851386 https://yabgylcgg.fang.com/
Logger:2020-03-16 19:56:54.131670 https://kaizeshijigongyuan.fang.com/
Logger:2020-03-16 19:56:54.467741 https://yananwandacheng.fang.com/
Logger:2020-03-16 19:56:54.839915 https://ycyghdxq.fang.com/
Logger:2020-03-16 19:56:55.182000 https://yanan.newhouse.fang.com/house/3616156648.htm
Logger:2020-03-16 19:57:05.927443 https://rongminguobinfu.fang.com/
Logger:2020-03-16 19:57:06.253535 https://rcyacy.fang.com/
Logger:2020-03-16 19:57:06.561710 https://yananxinchengwuyueguangchang.fang.com/
Logger:2020-03-16 19:57:06.846438 https://yananhezhuangyinxiangcheng.fang.com/
Logger:2020-03-16 19:57:07.217502 https://yananjinlingshijia.fang.com/
Logger:2020-03-16 19:57:13.480108 https://lcfqxq.fang.com/
Logger:2020-03-16 19:57:13.774279 https://yananyangguangcheng.fang.com/
Logger:2020-03-16 19:57:14.086887 https://shanshuitiancheng0911.fang.com/
Logger:2020-03-16 19:57:22.322196 https://biguiyuanfeicuigongguan.fang.com/
Logger:2020-03-16 19:57:22.615766 https://langrunju.fang.com/
Logger:2020-03-16 19:57:22.918803 https://ansaizhaoyangxiaoqu.fang.com/
Logger:2020-03-16 19:57:28.218397 https://yananxinchengld.fang.com/
Logger:2020-03-16 19:57:28.579454 https://dmgjjshgc.fang.com/2/
Logger:2020-03-16 19:57:29.875992 https://yananbojingongyu.fang.com/
Logger:2020-03-16 19:57:36.777307 https://huiyuanhuating0911.fang.com/
Logger:2020-03-16 19:57:40.092350 https://yanan.newhouse.fang.com/house/s/b92/
Logger:2020-03-16 19:57:40.356916 https://yanangongguan.fang.com/
Logger:2020-03-16 19:57:40.757102 https://fuxianshangchenghuayuan.fang.com/
Logger:2020-03-16 19:57:41.349699 https://kaiyueweilaicheng.fang.com/
Logger:2020-03-16 19:57:47.121579 https://mingenshoufu.fang.com/
Logger:2020-03-16 19:57:47.612263 https://chengnanxiaozhen.fang.com/
Logger:2020-03-16 19:57:53.128633 https://rongchanggongyuantx.fang.com/
Logger:2020-03-16 19:57:59.424783 https://yanan.newhouse.fang.com/house/3616192284.htm
Logger:2020-03-16 19:58:05.293809 https://swhxw.fang.com/
Logger:2020-03-16 19:58:12.990751 https://yanan.newhouse.fang.com/house/3616156696.htm
Logger:2020-03-16 19:58:13.288137 https://linkaitangyuan.fang.com/
Logger:2020-03-16 19:58:13.673318 https://dongfangshijiguangchang.fang.com/
Logger:2020-03-16 19:58:13.953757 https://huafengshidaiguangchang.fang.com/
Logger:2020-03-16 19:58:17.430910 https://yanan.newhouse.fang.com/house/3616156698.htm
Logger:2020-03-16 19:58:17.737235 https://junlinshangyuan.fang.com/
Logger:2020-03-16 19:58:23.371854 https://yanan.newhouse.fang.com/house/3616117774.htm
Logger:2020-03-16 19:58:27.018830 https://yanan.newhouse.fang.com/house/s/b93/
Logger:2020-03-16 19:58:30.619458 https://yanan.newhouse.fang.com/house/s/b94/
Logger:2020-03-16 19:58:34.259166 https://yanan.newhouse.fang.com/house/s/b95/
