Logger:2020-03-16 15:33:20.831464 https://yanbian.newhouse.fang.com/house/s/b91/
Logger:2020-03-16 15:33:23.652499 https://shanghaicheng0433.fang.com/
Logger:2020-03-16 15:33:24.268846 https://shjsh.fang.com/
Logger:2020-03-16 15:33:24.636989 https://junyufu0433.fang.com/
Logger:2020-03-16 15:33:26.419770 https://ybszyxeqyz.fang.com/
Logger:2020-03-16 15:33:26.728955 https://jinyulanjing.fang.com/
Logger:2020-03-16 15:33:27.079352 https://hcyfgjc.fang.com/
Logger:2020-03-16 15:33:28.575900 https://yblxxc.fang.com/
Logger:2020-03-16 15:33:28.932023 https://shuiyunlantian.fang.com/
Logger:2020-03-16 15:33:29.264850 https://yjxsgj.fang.com/
Logger:2020-03-16 15:33:29.597015 https://liudingshanxy.fang.com/
Logger:2020-03-16 15:33:30.263213 https://ybyjjs.fang.com/
Logger:2020-03-16 15:33:30.608064 https://ybycht.fang.com/
Logger:2020-03-16 15:33:31.468826 https://yjryyp.fang.com/
Logger:2020-03-16 15:33:33.291555 https://ybsamz.fang.com/
Logger:2020-03-16 15:33:33.896979 https://ybljy.fang.com/
Logger:2020-03-16 15:33:34.330353 https://jiangshanshuhz.fang.com/
Logger:2020-03-16 15:33:44.659040 https://baligongguan0433.fang.com/
Logger:2020-03-16 15:33:45.058037 https://ybwjsy.fang.com/
Logger:2020-03-16 15:33:45.385377 https://zhuchengguangchang.fang.com/
Logger:2020-03-16 15:33:45.909928 https://hcgjbmc.fang.com/
Logger:2020-03-16 15:33:50.221081 https://yanbian.newhouse.fang.com/house/s/b92/
Logger:2020-03-16 15:33:50.594807 https://yjbsyl3.fang.com/
Logger:2020-03-16 15:33:52.599746 https://qiancheng0433.fang.com/
Logger:2020-03-16 15:33:53.090399 https://jsshyy.fang.com/
Logger:2020-03-16 15:33:53.464401 https://ybblyx.fang.com/
Logger:2020-03-16 15:33:53.836498 https://jylw0433.fang.com/
Logger:2020-03-16 15:33:56.023797 https://yiyangcheng.fang.com/
Logger:2020-03-16 15:33:58.181058 https://nanhuju.fang.com/2/
Logger:2020-03-16 15:33:58.552065 https://yinglunxiaozhen0433.fang.com/
Logger:2020-03-16 15:33:58.896154 https://yjwdgc.fang.com/
Logger:2020-03-16 15:33:59.195344 https://yjbdxc.fang.com/
Logger:2020-03-16 15:34:00.232158 https://guangzehongfu.fang.com/
Logger:2020-03-16 15:34:00.679924 https://tianchishoufu0433.fang.com/
Logger:2020-03-16 15:34:03.176849 https://gdgytx0433.fang.com/
Logger:2020-03-16 15:34:03.542636 https://yjpgsq.fang.com/
Logger:2020-03-16 15:34:03.944566 https://sect.fang.com/
Logger:2020-03-16 15:34:04.288624 https://hongboju0433.fang.com/2/
Logger:2020-03-16 15:34:04.573869 https://shanshuilanting0433.fang.com/
Logger:2020-03-16 15:34:07.422125 https://jingfugongguan0433.fang.com/
Logger:2020-03-16 15:34:08.091375 https://xiandaiguoji0433.fang.com/
Logger:2020-03-16 15:34:10.770061 https://yjhljhy0433.fang.com/
Logger:2020-03-16 15:34:14.938043 https://yanbian.newhouse.fang.com/house/s/b93/
Logger:2020-03-16 15:34:17.369287 https://lishuiyijia.fang.com/
Logger:2020-03-16 15:34:17.946741 https://ljsarj0433.fang.com/
Logger:2020-03-16 15:34:22.562828 https://yipinlanting0433.fang.com/
Logger:2020-03-16 15:34:24.684282 https://daqiancheng.fang.com/
Logger:2020-03-16 15:34:27.515184 https://saxc0433.fang.com/
Logger:2020-03-16 15:34:27.881203 https://lsdwsxz.fang.com/
Logger:2020-03-16 15:34:28.271920 https://hslhy0433.fang.com/
Logger:2020-03-16 15:34:28.766562 https://dushigongyuan.fang.com/
Logger:2020-03-16 15:34:31.306773 https://jdlyh.fang.com/
Logger:2020-03-16 15:34:31.728231 https://ydxfgc.fang.com/
Logger:2020-03-16 15:34:32.168074 https://jingweiguoji0433.fang.com/
Logger:2020-03-16 15:34:32.498189 https://heyuexxy.fang.com/
Logger:2020-03-16 15:34:33.087612 https://alilanghuayuan.fang.com/
Logger:2020-03-16 15:34:33.434715 https://yijujiayuan0433.fang.com/
Logger:2020-03-16 15:34:33.804278 https://hysdgg.fang.com/
Logger:2020-03-16 15:34:34.116856 https://jinxiutianjingtx.fang.com/
Logger:2020-03-16 15:34:37.512629 https://kangqiaoyiju.fang.com/
Logger:2020-03-16 15:34:37.822798 https://fenghuangcheng0433.fang.com/
Logger:2020-03-16 15:34:38.181861 https://tjswd.fang.com/
Logger:2020-03-16 15:34:40.097435 https://meiguiyuantx.fang.com/
Logger:2020-03-16 15:34:44.292601 https://yanbian.newhouse.fang.com/house/s/b94/
Logger:2020-03-16 15:34:44.607313 https://diyichenghr.fang.com/
Logger:2020-03-16 15:34:45.111853 https://baicuiyuan0433.fang.com/
Logger:2020-03-16 15:34:47.144132 https://jjcshy0433.fang.com/
Logger:2020-03-16 15:34:47.484222 https://xiangshanhuayuan0433.fang.com/
Logger:2020-03-16 15:34:47.780774 https://huaduxiufu.fang.com/
Logger:2020-03-16 15:34:49.975427 https://wqhxz0433.fang.com/
Logger:2020-03-16 15:34:50.399933 https://chengbeijiayuan.fang.com/3/
Logger:2020-03-16 15:34:50.727091 https://yanjihepan.fang.com/
Logger:2020-03-16 15:34:51.065136 https://guangyuanxinju0433.fang.com/
Logger:2020-03-16 15:34:51.632660 https://mingyueyayuan.fang.com/
Logger:2020-03-16 15:34:52.134487 https://yulongwan0433.fang.com/
Logger:2020-03-16 15:34:54.342800 https://xinquanyuyuan.fang.com/
Logger:2020-03-16 15:34:57.601398 https://jhyhj.fang.com/
Logger:2020-03-16 15:34:57.947141 https://lingyudongcheng.fang.com/
Logger:2020-03-16 15:34:58.298184 https://ybdxwhcsxy.fang.com/
Logger:2020-03-16 15:35:00.534169 https://jinzhouyuan0433.fang.com/
Logger:2020-03-16 15:35:04.997504 https://ziyangge.fang.com/
Logger:2020-03-16 15:35:09.710618 https://taiyangcheng0433.fang.com/
Logger:2020-03-16 15:35:12.901346 https://hengdayipin.fang.com/
Logger:2020-03-16 15:35:13.203623 https://dongmingxincheng.fang.com/
Logger:2020-03-16 15:35:19.315816 https://yanbian.newhouse.fang.com/house/s/b95/
Logger:2020-03-16 15:35:24.044133 https://fxyxq.fang.com/
Logger:2020-03-16 15:35:24.402157 https://minanjiayuan0433.fang.com/
Logger:2020-03-16 15:35:24.812051 https://wnsxzty0433.fang.com/
Logger:2020-03-16 15:35:25.156131 https://dazonggongguan.fang.com/
Logger:2020-03-16 15:35:25.502163 https://xinliuhuayuan0433.fang.com/
Logger:2020-03-16 15:35:28.137851 https://baiyiyuansx.fang.com/
Logger:2020-03-16 15:35:28.636988 https://tianxiahuayuan.fang.com/2/
Logger:2020-03-16 15:35:29.478660 https://linyuanmingjun.fang.com/
Logger:2020-03-16 15:35:33.096010 https://yanbian.newhouse.fang.com/house/s/b96/
Logger:2020-03-16 15:35:36.728682 https://yanbian.newhouse.fang.com/house/s/b97/
Logger:2020-03-16 15:35:40.550433 https://yanbian.newhouse.fang.com/house/s/b98/
