Logger:2020-03-16 14:03:35.679735 https://yancheng.newhouse.fang.com/house/s/b91/
Logger:2020-03-16 14:03:36.047786 https://yuelanwanhd0515.fang.com/
Logger:2020-03-16 14:03:36.404796 https://hdfclt0515.fang.com/
Logger:2020-03-16 14:03:36.652163 https://feicuiyuntai.fang.com/
Logger:2020-03-16 14:03:36.966331 https://ziyutianbo.fang.com/
Logger:2020-03-16 14:03:37.282490 https://feicuiguoji0515.fang.com/
Logger:2020-03-16 14:03:37.613602 https://yuejunshidai.fang.com/
Logger:2020-03-16 14:03:40.498843 https://dfxcyj.fang.com/
Logger:2020-03-16 14:03:40.793119 https://guantangfu.fang.com/
Logger:2020-03-16 14:03:41.096310 https://zijinggongguanbl0515.fang.com/
Logger:2020-03-16 14:03:41.446354 https://luolanchuntianbl0515.fang.com/
Logger:2020-03-16 14:03:41.722601 https://guojiguangchangaqh.fang.com/
Logger:2020-03-16 14:03:43.428043 https://lcbhtlcf.fang.com/
Logger:2020-03-16 14:03:43.741169 https://sydfrydf.fang.com/
Logger:2020-03-16 14:03:44.020422 https://jingduyuefu.fang.com/
Logger:2020-03-16 14:03:44.292694 https://hengdadijing0515.fang.com/
Logger:2020-03-16 14:03:44.574939 https://jinhuicheng0515.fang.com/
Logger:2020-03-16 14:03:44.913078 https://zhongnanshijicheng20515.fang.com/
Logger:2020-03-16 14:03:46.029091 https://hetangyuese0515.fang.com/
Logger:2020-03-16 14:03:46.294339 https://zltdgbf.fang.com/
Logger:2020-03-16 14:03:46.581607 https://xinghechenguang.fang.com/
Logger:2020-03-16 14:03:50.882067 https://yancheng.newhouse.fang.com/house/s/b92/
Logger:2020-03-16 14:03:51.117437 https://xinghechenguang.fang.com/
Logger:2020-03-16 14:03:51.418631 https://zhonghaitianzuan0515.fang.com/
Logger:2020-03-16 14:03:51.706878 https://shijiyungubgy.fang.com/
Logger:2020-03-16 14:03:52.034983 https://jieshihaoting0515.fang.com/
Logger:2020-03-16 14:03:55.211484 https://wanjingongguanzh0515.fang.com/
Logger:2020-03-16 14:03:55.512679 https://langdayihaoyuan.fang.com/
Logger:2020-03-16 14:03:56.031291 https://diyiguoji0515.fang.com/
Logger:2020-03-16 14:03:58.810898 https://fenghaungchengbgy0515.fang.com/
Logger:2020-03-16 14:03:59.122078 https://jinshenghaoting.fang.com/
Logger:2020-03-16 14:04:01.759011 https://dhssfjy.fang.com/
Logger:2020-03-16 14:04:02.093113 https://shanghaitan.fang.com/
Logger:2020-03-16 14:04:02.378313 https://yanduyuanzi.fang.com/
Logger:2020-03-16 14:04:02.635659 https://tongyintianjing.fang.com/
Logger:2020-03-16 14:04:02.914877 https://ziyuanfhh.fang.com/
Logger:2020-03-16 14:04:03.233057 https://shidaichengwt.fang.com/
Logger:2020-03-16 14:04:05.386278 https://tongyinyunjing.fang.com/
Logger:2020-03-16 14:04:05.650560 https://shangshufudh.fang.com/
Logger:2020-03-16 14:04:06.000621 https://mingxinbandaohuayuan.fang.com/
Logger:2020-03-16 14:04:06.293837 https://qingnianhuadu.fang.com/
Logger:2020-03-16 14:04:06.596059 https://fuguimingju.fang.com/
Logger:2020-03-16 14:04:10.709026 https://yancheng.newhouse.fang.com/house/s/b93/
Logger:2020-03-16 14:04:11.032161 https://fngchf.fang.com/
Logger:2020-03-16 14:04:11.315446 https://chengdongguangchangbl.fang.com/
Logger:2020-03-16 14:04:11.566732 https://yandufuzl.fang.com/
Logger:2020-03-16 14:04:11.973646 https://bhbgy.fang.com/
Logger:2020-03-16 14:04:12.238933 https://yangguangxingchen.fang.com/
Logger:2020-03-16 14:04:12.555127 https://jinshanghuacheng.fang.com/
Logger:2020-03-16 14:04:12.843359 https://cuicanxinghesm.fang.com/
Logger:2020-03-16 14:04:16.853588 https://rongyuehuafu.fang.com/
Logger:2020-03-16 14:04:17.148845 https://wyhfqy.fang.com/
Logger:2020-03-16 14:04:18.991868 https://qianjianglvzhou.fang.com/
Logger:2020-03-16 14:04:19.267132 https://tongyintianyu.fang.com/
Logger:2020-03-16 14:04:21.802350 https://qilingfurr.fang.com/
Logger:2020-03-16 14:04:23.142842 https://yuelongwanyd.fang.com/
Logger:2020-03-16 14:04:23.469889 https://xueyuanshanjs.fang.com/
Logger:2020-03-16 14:04:23.748148 https://hanlinyipin.fang.com/
Logger:2020-03-16 14:04:24.016427 https://julongshuangyuan.fang.com/
Logger:2020-03-16 14:04:24.467220 https://wenjingzhenyuan.fang.com/
Logger:2020-03-16 14:04:24.803321 https://youshanmeidi0515.fang.com/
Logger:2020-03-16 14:04:25.078623 https://jinyuhuafucy.fang.com/
Logger:2020-03-16 14:04:26.368178 https://xichengyijingfs.fang.com/
Logger:2020-03-16 14:04:30.343545 https://yancheng.newhouse.fang.com/house/s/b94/
Logger:2020-03-16 14:04:30.617837 https://mingxinggangwan.fang.com/
Logger:2020-03-16 14:04:33.536969 https://yuehuhuacheng.fang.com/
Logger:2020-03-16 14:04:35.646315 https://yancheng.newhouse.fang.com/house/1815200176.htm
Logger:2020-03-16 14:04:36.011362 https://guoyuanyicheng.fang.com/
Logger:2020-03-16 14:04:39.314538 https://zhongnanxiyue0515.fang.com/
Logger:2020-03-16 14:04:39.611706 https://sijijinhui0515.fang.com/
Logger:2020-03-16 14:04:39.907914 https://huixianhujinshuiwan0515.fang.com/
Logger:2020-03-16 14:04:40.507329 https://wandahuafu0515.fang.com/
Logger:2020-03-16 14:04:40.803546 https://shilixiangxiyd.fang.com/
Logger:2020-03-16 14:04:41.137643 https://hupowanyh.fang.com/
Logger:2020-03-16 14:04:41.384994 https://shengshimingdou.fang.com/
Logger:2020-03-16 14:04:41.740013 https://senlinhongjunty.fang.com/
Logger:2020-03-16 14:04:45.422163 https://xichengzhongyang.fang.com/
Logger:2020-03-16 14:04:45.746295 https://yanminghuazhuang.fang.com/
Logger:2020-03-16 14:04:46.123329 https://shengdahuadu0515.fang.com/
Logger:2020-03-16 14:04:46.401577 https://feicuidongjunbgy.fang.com/
Logger:2020-03-16 14:04:46.668828 https://chenguangmanyuan.fang.com/
Logger:2020-03-16 14:04:46.986977 https://dongduhaoting.fang.com/
Logger:2020-03-16 14:04:47.298180 https://huajianyiyuan.fang.com/
Logger:2020-03-16 14:04:47.572447 https://shuihuixincheng.fang.com/
Logger:2020-03-16 14:04:51.320384 https://yancheng.newhouse.fang.com/house/s/b95/
Logger:2020-03-16 14:04:51.611605 https://nanmenhuafu.fang.com/
Logger:2020-03-16 14:04:51.899870 https://dadibinheyihao.fang.com/
Logger:2020-03-16 14:04:52.200031 https://kaidijingdouliyuan.fang.com/
Logger:2020-03-16 14:04:52.488260 https://funing.newhouse.fang.com/house/1854266210.htm
Logger:2020-03-16 14:04:52.756584 https://senlingongguanty.fang.com/
Logger:2020-03-16 14:04:53.037789 https://zhongyanggongyuanxb.fang.com/
Logger:2020-03-16 14:04:53.365921 https://tianxibgy0515.fang.com/
Logger:2020-03-16 14:04:56.225263 https://longbowan.fang.com/
Logger:2020-03-16 14:04:56.522468 https://jhbgy0515.fang.com/
Logger:2020-03-16 14:04:56.806744 https://jiayeshangjun.fang.com/
Logger:2020-03-16 14:04:59.493525 https://wenzefudijy.fang.com/
Logger:2020-03-16 14:04:59.721946 https://zgxcyk.fang.com/
Logger:2020-03-16 14:05:00.020111 https://jinrongcheng0515.fang.com/
Logger:2020-03-16 14:05:00.306345 https://hongbaozhuangyuanty.fang.com/
Logger:2020-03-16 14:05:00.646436 https://xianghaixinshidai.fang.com/
Logger:2020-03-16 14:05:00.952616 https://dongqulvdicheng.fang.com/
Logger:2020-03-16 14:05:01.241879 https://baodaxianggelila.fang.com/
Logger:2020-03-16 14:05:01.565021 https://chuangkechengyc.fang.com/
Logger:2020-03-16 14:05:05.413722 https://taihemingyuan.fang.com/
Logger:2020-03-16 14:05:05.781734 https://sainazuoan20515.fang.com/
Logger:2020-03-16 14:05:09.794961 https://yancheng.newhouse.fang.com/house/s/b96/
Logger:2020-03-16 14:05:10.179932 https://sainazuoan20515.fang.com/
Logger:2020-03-16 14:05:10.473217 https://lvzhoubandaoky.fang.com/
Logger:2020-03-16 14:05:10.834182 https://yongxinzhongxin0515.fang.com/
Logger:2020-03-16 14:05:12.976493 https://dongtaiyinglundoushi.fang.com/
Logger:2020-03-16 14:05:13.253751 https://xingfu1haogongguan.fang.com/
Logger:2020-03-16 14:05:13.574850 https://tianshanshuianyd.fang.com/
Logger:2020-03-16 14:05:13.931895 https://xywny.fang.com/
Logger:2020-03-16 14:05:14.228102 https://zhoujiyipin.fang.com/
Logger:2020-03-16 14:05:17.419599 https://sainazuoan30515.fang.com/
Logger:2020-03-16 14:05:17.727740 https://tongximingcheng0515.fang.com/
Logger:2020-03-16 14:05:18.026940 https://boledachengshiyushu.fang.com/
Logger:2020-03-16 14:05:18.419890 https://jkghyh.fang.com/
Logger:2020-03-16 14:05:18.683184 https://dxfkhy.fang.com/
Logger:2020-03-16 14:05:18.967466 https://wanshuiqinghua.fang.com/
Logger:2020-03-16 14:05:22.517928 https://senhuolvjun.fang.com/
Logger:2020-03-16 14:05:22.802165 https://donghuweilaicheng.fang.com/
Logger:2020-03-16 14:05:23.131285 https://xinjinghuacheng.fang.com/
Logger:2020-03-16 14:05:23.371688 https://ayozhy.fang.com/
Logger:2020-03-16 14:05:26.638902 https://shuianhuatinghx.fang.com/
Logger:2020-03-16 14:05:26.950069 https://yggwgc.fang.com/
Logger:2020-03-16 14:05:30.937443 https://yancheng.newhouse.fang.com/house/s/b97/
Logger:2020-03-16 14:05:31.231656 https://shangyexincunfang.fang.com/
Logger:2020-03-16 14:05:31.540788 https://jinyangdongfangxinchengfang.fang.com/
Logger:2020-03-16 14:05:32.586989 https://hongdingwanrongcheng.fang.com/
Logger:2020-03-16 14:05:37.076017 https://jieshihaoting0515.fang.com/office/
Logger:2020-03-16 14:05:37.358225 https://huahuajunjing.fang.com/
Logger:2020-03-16 14:05:37.725244 https://ycflkcc.fang.com/
Logger:2020-03-16 14:05:38.008527 https://aygyyf.fang.com/
Logger:2020-03-16 14:05:38.274799 https://ludibinhucheng.fang.com/
Logger:2020-03-16 14:05:38.533082 https://feicuishuyuan0515.fang.com/
Logger:2020-03-16 14:05:38.877205 https://zyhslhy.fang.com/
Logger:2020-03-16 14:05:39.157454 https://gangwanmingzhu.fang.com/
Logger:2020-03-16 14:05:39.439700 https://fsmwf.fang.com/
Logger:2020-03-16 14:05:39.749902 https://xcyjsf0515.fang.com/
Logger:2020-03-16 14:05:40.091975 https://yidujintingyuan.fang.com/
Logger:2020-03-16 14:05:40.374192 https://nanguoyushu.fang.com/
Logger:2020-03-16 14:05:40.677346 https://junhaohuating0515.fang.com/
Logger:2020-03-16 14:05:40.990509 https://tianjingbgy.fang.com/
Logger:2020-03-16 14:05:41.306662 https://xsjlf0515.fang.com/
Logger:2020-03-16 14:05:41.581926 https://jiulonghuafu0515.fang.com/
Logger:2020-03-16 14:05:41.846262 https://yiheyuantr0515.fang.com/
Logger:2020-03-16 14:05:45.616134 https://yancheng.newhouse.fang.com/house/s/b98/
Logger:2020-03-16 14:05:48.917303 https://ziyufu0515.fang.com/
Logger:2020-03-16 14:05:49.223522 https://yangguangjiayuan0515.fang.com/
Logger:2020-03-16 14:05:49.498748 https://zhenxingjiayuan0515.fang.com/
Logger:2020-03-16 14:05:49.811947 https://bgyfcw0515.fang.com/
Logger:2020-03-16 14:05:50.126070 https://feicuizhiguangbgy.fang.com/
Logger:2020-03-16 14:05:50.411306 https://sybgy0515.fang.com/
Logger:2020-03-16 14:05:50.687600 https://dtbgy.fang.com/
Logger:2020-03-16 14:05:51.005758 https://binheyujing0515.fang.com/
Logger:2020-03-16 14:05:51.343856 https://dtdongchengmingyuan.fang.com/
Logger:2020-03-16 14:05:51.640019 https://gtoyzc.fang.com/
Logger:2020-03-16 14:05:51.960162 https://jhsmqh.fang.com/
Logger:2020-03-16 14:05:52.233432 https://riyuexingcheng0515.fang.com/
Logger:2020-03-16 14:05:52.529682 https://cdyhsjf.fang.com/
Logger:2020-03-16 14:05:52.804945 https://runyangyipin0515.fang.com/
Logger:2020-03-16 14:05:56.494069 https://wenhuaguangchangycfh.fang.com/
Logger:2020-03-16 14:05:56.789326 https://bgyjqj0515.fang.com/
Logger:2020-03-16 14:05:57.113377 https://shuxiangmingdi20515.fang.com/
Logger:2020-03-16 14:05:57.387662 https://dtshidaihaoting.fang.com/
Logger:2020-03-16 14:05:57.659956 https://shenxinmingcheng.fang.com/
Logger:2020-03-16 14:05:58.010976 https://fndhssf.fang.com/
Logger:2020-03-16 14:06:01.838782 https://yancheng.newhouse.fang.com/house/s/b99/
Logger:2020-03-16 14:06:02.228739 https://xintuodonghaiguojifang.fang.com/
Logger:2020-03-16 14:06:03.857368 https://jinshuimeishu0515.fang.com/
Logger:2020-03-16 14:06:04.221362 https://dongjinhuadu.fang.com/
Logger:2020-03-16 14:06:04.502611 https://jinyingshengshihuayuan.fang.com/
Logger:2020-03-16 14:06:04.864642 https://yinhaoziyuan.fang.com/
Logger:2020-03-16 14:06:05.152871 https://tongxinyayuan0515.fang.com/
Logger:2020-03-16 14:06:05.386284 https://zhongyangshangwuquzn.fang.com/
Logger:2020-03-16 14:06:05.699409 https://zhengfangshanglinyuan.fang.com/
Logger:2020-03-16 14:06:06.028564 https://hongrunhuafufang.fang.com/
Logger:2020-03-16 14:06:10.133547 https://fnlyojmc.fang.com/
Logger:2020-03-16 14:06:10.392853 https://ziguanghuayuan0515.fang.com/
Logger:2020-03-16 14:06:10.684073 https://anfengzaishuiyifang.fang.com/
Logger:2020-03-16 14:06:11.015219 https://weichengqihaogongguan.fang.com/
Logger:2020-03-16 14:06:13.302070 https://zhihuishequyhy.fang.com/
Logger:2020-03-16 14:06:13.592329 https://shangwuguangchanghd.fang.com/
Logger:2020-03-16 14:06:13.898475 https://jingtaihuayuanfang.fang.com/
Logger:2020-03-16 14:06:14.271476 https://xiufengmeishu0515.fang.com/
Logger:2020-03-16 14:06:14.548735 https://kaidijingdufang.fang.com/
Logger:2020-03-16 14:06:14.874906 https://dongdahanlinyuanfang.fang.com/
Logger:2020-03-16 14:06:15.148162 https://zhongruihuafu.fang.com/
Logger:2020-03-16 14:06:19.059710 https://yancheng.newhouse.fang.com/house/s/b910/
Logger:2020-03-16 14:06:19.325955 https://dtshuxiangmingfu.fang.com/
Logger:2020-03-16 14:06:22.134442 https://jinxinhuayuan0515.fang.com/
Logger:2020-03-16 14:06:22.405716 https://juchengwenzhengyuan.fang.com/
Logger:2020-03-16 14:06:22.688003 https://ydqczcy.fang.com/
Logger:2020-03-16 14:06:23.021070 https://huilijinyuan.fang.com/
Logger:2020-03-16 14:06:23.294339 https://dtfulimingyuan.fang.com/
Logger:2020-03-16 14:06:23.588553 https://hailingshoufu05.fang.com/
Logger:2020-03-16 14:06:23.932631 https://fengshangguangchang.fang.com/
Logger:2020-03-16 14:06:24.315650 https://jiuzhouyangguangxincheng.fang.com/
Logger:2020-03-16 14:06:24.680630 https://mzsmsc.fang.com/
Logger:2020-03-16 14:06:24.988806 https://yuandonggongguanhaipaiyinxiang.fang.com/
Logger:2020-03-16 14:06:25.289003 https://dfxtd0515.fang.com/
Logger:2020-03-16 14:06:25.614133 https://longxiangmeijing.fang.com/
Logger:2020-03-16 14:06:25.963200 https://huiyinshangyeguangchang.fang.com/
Logger:2020-03-16 14:06:26.216522 https://dadishengshiheyuan0515.fang.com/
Logger:2020-03-16 14:06:28.208194 https://xinjiyuanguangchang.fang.com/
Logger:2020-03-16 14:06:28.516369 https://zhenqianguangchang.fang.com/
Logger:2020-03-16 14:06:28.831568 https://wanrongchenghd0515.fang.com/
Logger:2020-03-16 14:06:29.147680 https://dongtai.newhouse.fang.com/house/1838187716.htm
Logger:2020-03-16 14:06:29.443930 https://kejichenghuizhiguangchang.fang.com/
Logger:2020-03-16 14:06:33.171951 https://yancheng.newhouse.fang.com/house/s/b911/
Logger:2020-03-16 14:06:33.420251 https://wanmuhuaqing.fang.com/
Logger:2020-03-16 14:06:35.321201 https://anfengyiwuxiaoshangpincheng.fang.com/
Logger:2020-03-16 14:06:38.286233 https://huiliguangchang0515.fang.com/
Logger:2020-03-16 14:06:38.568479 https://feicuihuatinghd0515.fang.com/
Logger:2020-03-16 14:06:42.303486 https://yancheng.newhouse.fang.com/house/s/b912/
Logger:2020-03-16 14:06:45.994613 https://yancheng.newhouse.fang.com/house/s/b913/
Logger:2020-03-16 14:06:49.528159 https://yancheng.newhouse.fang.com/house/s/b914/
