Logger:2020-03-16 00:39:45.267601 https://yangjiang.newhouse.fang.com/house/s/b91/
Logger:2020-03-16 00:39:45.470774 https://jiazhaoyebinjiangyihao.fang.com/
Logger:2020-03-16 00:39:45.751947 https://zhongyanggongyuangd.fang.com/
Logger:2020-03-16 00:39:46.017640 https://mjyjhf.fang.com/
Logger:2020-03-16 00:39:46.313823 https://zhongyanggongyuanbl0662.fang.com/
Logger:2020-03-16 00:39:46.623401 https://hengdayuelongfu.fang.com/
Logger:2020-03-16 00:39:46.904540 https://bihualishanfy.fang.com/
Logger:2020-03-16 00:39:47.216971 https://wenhuafengjing.fang.com/
Logger:2020-03-16 00:39:47.623388 https://yupindijingwan.fang.com/
Logger:2020-03-16 00:39:48.763267 https://biguiyuanfenghuangwan.fang.com/
Logger:2020-03-16 00:39:50.325396 https://fuxinhuafu.fang.com/
Logger:2020-03-16 00:39:52.121849 https://haofenghaitangwan2.fang.com/
Logger:2020-03-16 00:39:52.403032 https://yangjiangfuliwan.fang.com/
Logger:2020-03-16 00:39:52.631637 https://jinghanyunhaijian.fang.com/
Logger:2020-03-16 00:39:52.912647 https://hdhsxwy.fang.com/
Logger:2020-03-16 00:39:53.178231 https://yintanbl.fang.com/
Logger:2020-03-16 00:39:53.459814 https://yangjiangchengjikongjianzhan.fang.com/
Logger:2020-03-16 00:39:53.715616 https://minjiehaiyuewan.fang.com/
Logger:2020-03-16 00:39:53.981268 https://huangjinhaianmj.fang.com/
Logger:2020-03-16 00:39:54.246785 https://baolizhongyanggongguan0662.fang.com/
Logger:2020-03-16 00:39:54.497205 https://biguiyuanzhongxingjiangshanfu.fang.com/
Logger:2020-03-16 00:39:58.152784 https://yangjiang.newhouse.fang.com/house/s/b92/
Logger:2020-03-16 00:39:58.402007 https://minjiehanlinfu.fang.com/
Logger:2020-03-16 00:39:58.651949 https://yangjiangjunmingli.fang.com/
Logger:2020-03-16 00:39:58.902510 https://yjgjjrzx0662.fang.com/
Logger:2020-03-16 00:39:59.151831 https://yingxinguangchang.fang.com/
Logger:2020-03-16 00:40:00.464021 https://hengdadijing0662.fang.com/
Logger:2020-03-16 00:40:00.719513 https://weilishihuayuan.fang.com/
Logger:2020-03-16 00:40:03.890641 https://gongyuanshijiayx.fang.com/
Logger:2020-03-16 00:40:04.906244 https://gongyuanyihaoay0662.fang.com/
Logger:2020-03-16 00:40:10.564362 https://hongjingyuanhj.fang.com/
Logger:2020-03-16 00:40:14.000608 https://biguiyuantianyu.fang.com/
Logger:2020-03-16 00:40:14.250557 https://zhongjibiguiyuanshengshichengbang.fang.com/
Logger:2020-03-16 00:40:14.516806 https://yangchunjinhewan.fang.com/
Logger:2020-03-16 00:40:14.781636 https://guojichengzj0662.fang.com/5/
Logger:2020-03-16 00:40:18.397411 https://hlyjsz0662.fang.com/
Logger:2020-03-16 00:40:18.652901 https://yangxibiguiyuan.fang.com/
Logger:2020-03-16 00:40:18.917701 https://yujinghaoting0662.fang.com/
Logger:2020-03-16 00:40:19.198884 https://tianyuchengbang.fang.com/
Logger:2020-03-16 00:40:19.496376 https://zhuangyuanfang0662.fang.com/
Logger:2020-03-16 00:40:19.745678 https://fuyingxindacheng.fang.com/
Logger:2020-03-16 00:40:19.996173 https://meidegongyuandaguan.fang.com/
Logger:2020-03-16 00:40:23.697823 https://yangjiang.newhouse.fang.com/house/s/b93/
Logger:2020-03-16 00:40:23.932222 https://wanhaohailingwan1hao.fang.com/
Logger:2020-03-16 00:40:24.166873 https://wanshantianjing.fang.com/
Logger:2020-03-16 00:40:24.432436 https://yizhanguoji.fang.com/
Logger:2020-03-16 00:40:24.703178 https://biguiyuantianyuefu.fang.com/
Logger:2020-03-16 00:40:24.937533 https://shanghaiwan.fang.com/
Logger:2020-03-16 00:40:25.187774 https://biguiyuanbeiluomingzhu.fang.com/
Logger:2020-03-16 00:40:25.421917 https://junyihuayuan0662.fang.com/
Logger:2020-03-16 00:40:25.718676 https://zhongzhuzaishuiyifang.fang.com/
Logger:2020-03-16 00:40:25.983816 https://yxbiguiyuanyueliangwan.fang.com/
Logger:2020-03-16 00:40:26.265000 https://yujingwan0662.fang.com/
Logger:2020-03-16 00:40:26.546905 https://wanshantianyue.fang.com/
Logger:2020-03-16 00:40:26.780984 https://nanhuxincheng0662.fang.com/
Logger:2020-03-16 00:40:27.014844 https://yangchunbiguiyuan.fang.com/
Logger:2020-03-16 00:40:27.296619 https://fengtaigongyuanli.fang.com/
Logger:2020-03-16 00:40:27.562038 https://jingyuanchunhuiyuan.fang.com/
Logger:2020-03-16 00:40:27.811935 https://bojinwanzjmz.fang.com/
Logger:2020-03-16 00:40:28.265226 https://meideweilaizhongxin.fang.com/
Logger:2020-03-16 00:40:28.499562 https://yuelongwanzd.fang.com/
Logger:2020-03-16 00:40:28.811643 https://xiangdi1li.fang.com/
Logger:2020-03-16 00:40:36.346937 https://yuanhehongjing0662.fang.com/
Logger:2020-03-16 00:40:40.048918 https://yangjiang.newhouse.fang.com/house/s/b94/
Logger:2020-03-16 00:40:40.298174 https://lujingwan0662.fang.com/
Logger:2020-03-16 00:40:40.553577 https://jinfenghujing.fang.com/
Logger:2020-03-16 00:40:40.866050 https://fudilongwan0662.fang.com/
Logger:2020-03-16 00:40:41.115945 https://qinghuafang0662.fang.com/
Logger:2020-03-16 00:40:41.366418 https://yangjiangbiguiyuanzhihuijia.fang.com/
Logger:2020-03-16 00:40:41.647070 https://jiazhaoyebanshanxigu.fang.com/
Logger:2020-03-16 00:40:41.912713 https://zhongtiancheng0662.fang.com/
Logger:2020-03-16 00:40:42.147616 https://jianhuayuejingtai.fang.com/
Logger:2020-03-16 00:40:42.397575 https://xingganghui.fang.com/
Logger:2020-03-16 00:40:42.662455 https://jingyuanshangjing.fang.com/
Logger:2020-03-16 00:40:45.969810 https://kaixuanhaotingyb.fang.com/2/
Logger:2020-03-16 00:40:46.236094 https://wanshanhuijing.fang.com/
Logger:2020-03-16 00:40:46.470406 https://xingfujiayuanyd.fang.com/
Logger:2020-03-16 00:40:47.528807 https://yangguangxingfuli.fang.com/
Logger:2020-03-16 00:40:47.778617 https://kaidebaolz.fang.com/
Logger:2020-03-16 00:40:48.012472 https://donghuyayuan0662.fang.com/
Logger:2020-03-16 00:40:48.597490 https://fuhehaiancheng.fang.com/
Logger:2020-03-16 00:40:48.846899 https://rongshengshanhuhai.fang.com/
Logger:2020-03-16 00:40:49.096921 https://yuefengguangchang0662.fang.com/
Logger:2020-03-16 00:40:49.315539 https://lianxingqifenghuayuan.fang.com/
Logger:2020-03-16 00:40:52.596188 https://yangjiang.newhouse.fang.com/house/s/b95/
Logger:2020-03-16 00:40:52.815471 https://ychjy.fang.com/
Logger:2020-03-16 00:40:53.127316 https://ycdhht.fang.com/
Logger:2020-03-16 00:40:53.377305 https://changdaxincheng.fang.com/
Logger:2020-03-16 00:40:53.611559 https://jinyuanloudh.fang.com/
Logger:2020-03-16 00:40:53.830439 https://yudonghuayuan0662.fang.com/
Logger:2020-03-16 00:40:54.095685 https://jinxiuhuayuansy.fang.com/
Logger:2020-03-16 00:40:54.345600 https://yctxhy.fang.com/
Logger:2020-03-16 00:40:54.594579 https://jinyayuan0662.fang.com/
Logger:2020-03-16 00:40:56.062918 https://gongqinghushanzhuanghl.fang.com/
Logger:2020-03-16 00:40:56.344831 https://jinghanjunting0662.fang.com/
Logger:2020-03-16 00:40:56.569056 https://beiluomijing.fang.com/
Logger:2020-03-16 00:40:56.819314 https://shangpinlongwan.fang.com/
Logger:2020-03-16 00:40:57.052916 https://letaihuayuan.fang.com/1/
Logger:2020-03-16 00:40:58.631018 https://minjiejinyuewan.fang.com/
Logger:2020-03-16 00:40:58.865331 https://feicuichengjh.fang.com/
Logger:2020-03-16 00:41:00.240118 https://yangchunxinghaiwan.fang.com/
Logger:2020-03-16 00:41:00.505225 https://xiangyuesiji0662.fang.com/
Logger:2020-03-16 00:41:00.786489 https://ygmdlwdlyzy.fang.com/
Logger:2020-03-16 00:41:01.020728 https://yueliangwan0662.fang.com/
Logger:2020-03-16 00:41:01.301912 https://shidaixinjing.fang.com/
Logger:2020-03-16 00:41:04.516825 https://yangjiang.newhouse.fang.com/house/s/b96/
Logger:2020-03-16 00:41:04.766388 https://aiqinhaisp.fang.com/
Logger:2020-03-16 00:41:05.000709 https://zhaoxingyuan0662.fang.com/
Logger:2020-03-16 00:41:05.235027 https://mojiangyujing.fang.com/
Logger:2020-03-16 00:41:05.484970 https://jinfenghuayuan0662.fang.com/
Logger:2020-03-16 00:41:05.766851 https://wenquanchengyx.fang.com/
Logger:2020-03-16 00:41:06.000471 https://minjiejiulongfu.fang.com/
Logger:2020-03-16 00:41:06.297306 https://wanhuizhongyanghaoyuan.fang.com/
Logger:2020-03-16 00:41:06.531596 https://xinshijilc0662.fang.com/
Logger:2020-03-16 00:41:06.829117 https://biguiyuanzhongxinghuafu.fang.com/
Logger:2020-03-16 00:41:08.594336 https://xdhsdgc.fang.com/
Logger:2020-03-16 00:41:08.844292 https://yushumingyuan.fang.com/
Logger:2020-03-16 00:41:09.062594 https://jinhushanshuiyipin.fang.com/
Logger:2020-03-16 00:41:10.687487 https://longguangyuhaiwan0662.fang.com/
Logger:2020-03-16 00:41:14.239595 https://yangchunguibiyuan.fang.com/
Logger:2020-03-16 00:41:14.473958 https://yangchunlingmeishenghuoguangchang.fang.com/
Logger:2020-03-16 00:41:14.708632 https://yifanghaoting.fang.com/
Logger:2020-03-16 00:41:17.270616 https://pinggangxincheng.fang.com/
Logger:2020-03-16 00:41:17.582518 https://lingnanxincunhd.fang.com/
Logger:2020-03-16 00:41:17.817295 https://zhuangyuanfu0662.fang.com/
Logger:2020-03-16 00:41:18.051620 https://yajuxincheng.fang.com/
Logger:2020-03-16 00:41:21.275519 https://yangjiang.newhouse.fang.com/house/s/b97/
Logger:2020-03-16 00:41:24.353620 https://jinyumingju.fang.com/
Logger:2020-03-16 00:41:26.446167 https://yonghehuayuanyg0662.fang.com/
Logger:2020-03-16 00:41:26.696805 https://xinhaifanglin.fang.com/
Logger:2020-03-16 00:41:28.523801 https://yczhc.fang.com/
Logger:2020-03-16 00:41:28.811661 https://beiguanjinsiuxincheng.fang.com/
Logger:2020-03-16 00:41:31.408810 https://yangchunguangxingyufeng.fang.com/
Logger:2020-03-16 00:41:31.658989 https://ycdcjhy.fang.com/
Logger:2020-03-16 00:41:33.642254 https://zhenzhuwansh.fang.com/
Logger:2020-03-16 00:41:33.907775 https://yczxxc.fang.com/
Logger:2020-03-16 00:41:34.173339 https://hongqiangshidai.fang.com/
Logger:2020-03-16 00:41:34.407844 https://yihaoguangchanghs.fang.com/
Logger:2020-03-16 00:41:34.658037 https://ycycgc.fang.com/
Logger:2020-03-16 00:41:34.923210 https://hongjihuayuan0662.fang.com/
Logger:2020-03-16 00:41:35.173102 https://shangpinmingju.fang.com/
Logger:2020-03-16 00:41:35.407498 https://yccdxc.fang.com/
Logger:2020-03-16 00:41:35.657443 https://ycyaxj.fang.com/
Logger:2020-03-16 00:41:39.251471 https://yangjiang.newhouse.fang.com/house/s/b98/
Logger:2020-03-16 00:41:42.793636 https://yangjiang.newhouse.fang.com/house/s/b99/
Logger:2020-03-16 00:41:46.501444 https://yangjiang.newhouse.fang.com/house/s/b910/
