Logger:2020-03-16 19:27:47.095146 https://yangquan.newhouse.fang.com/house/s/b91/
Logger:2020-03-16 19:27:47.465121 https://hengdadijing0353.fang.com/
Logger:2020-03-16 19:27:47.809706 https://guojixinchengtf.fang.com/
Logger:2020-03-16 19:27:48.191685 https://honglongxinju.fang.com/
Logger:2020-03-16 19:27:48.557742 https://shengshixincheng0353.fang.com/
Logger:2020-03-16 19:27:48.890608 https://shengshihuadubh.fang.com/
Logger:2020-03-16 19:27:49.492982 https://xuzhihuafu.fang.com/
Logger:2020-03-16 19:27:51.540482 https://dongchengshuian.fang.com/
Logger:2020-03-16 19:27:53.471279 https://sjhyeqbq.fang.com/
Logger:2020-03-16 19:27:53.848264 https://xinaocheng.fang.com/
Logger:2020-03-16 19:27:54.164418 https://deyejuhuayuanyx.fang.com/
Logger:2020-03-16 19:27:55.905256 https://shanshuilinyubs.fang.com/
Logger:2020-03-16 19:27:56.324093 https://zuoanlanshan.fang.com/
Logger:2020-03-16 19:27:56.640287 https://zuobiaochengsy.fang.com/
Logger:2020-03-16 19:27:56.962704 https://bhsjcydlhy.fang.com/
Logger:2020-03-16 19:27:57.545103 https://yijuyuan0353.fang.com/
Logger:2020-03-16 19:27:57.933033 https://banshangongguan0353.fang.com/2/
Logger:2020-03-16 19:27:59.906231 https://smqhy0353.fang.com/
Logger:2020-03-16 19:28:00.298249 https://mtcmomagd.fang.com/
Logger:2020-03-16 19:28:00.924058 https://riyucheng.fang.com/
Logger:2020-03-16 19:28:01.306667 https://weilaicheng0353.fang.com/
Logger:2020-03-16 19:28:05.071643 https://yangquan.newhouse.fang.com/house/s/b92/
Logger:2020-03-16 19:28:07.122368 https://taoranxingcheng.fang.com/
Logger:2020-03-16 19:28:07.938252 https://wannianhuachenggt.fang.com/
Logger:2020-03-16 19:28:08.225486 https://fulicheng0353.fang.com/
Logger:2020-03-16 19:28:10.043405 https://wanlongguoji0353.fang.com/
Logger:2020-03-16 19:28:12.520541 https://jinshihuating0353.fang.com/
Logger:2020-03-16 19:28:14.351068 https://yitiao.fang.com/
Logger:2020-03-16 19:28:14.681182 https://wulongjiayuancqu.fang.com/
Logger:2020-03-16 19:28:15.194424 https://gongjueyihao.fang.com/
Logger:2020-03-16 19:28:16.127849 https://guanlanhaoting0353.fang.com/
Logger:2020-03-16 19:28:16.725366 https://mingzhuchengyc.fang.com/
Logger:2020-03-16 19:28:20.906142 https://yangquan.newhouse.fang.com/house/s/b93/
Logger:2020-03-16 19:28:24.401509 https://yangquan.newhouse.fang.com/house/s/b94/
Logger:2020-03-16 19:28:27.922343 https://yangquan.newhouse.fang.com/house/s/b95/
