Logger:2020-03-16 00:54:16.146108 https://yangchun.newhouse.fang.com/house/s/b91/
Logger:2020-03-16 00:54:16.458981 https://biguiyuanzhongxingjiangshanfu.fang.com/
Logger:2020-03-16 00:54:16.777441 https://minjiehanlinfu.fang.com/
Logger:2020-03-16 00:54:19.454423 https://gdzhongyanggongyuan.fang.com/
Logger:2020-03-16 00:54:19.720099 https://yangchunjinhewan.fang.com/
Logger:2020-03-16 00:54:20.000565 https://yangchunbiguiyuan.fang.com/
Logger:2020-03-16 00:54:21.849701 https://minjiemeilongfu.fang.com/
Logger:2020-03-16 00:54:22.099718 https://ychsyhgc.fang.com/
Logger:2020-03-16 00:54:22.334147 https://hengdahaishangxiaweiyiyc.fang.com/
Logger:2020-03-16 00:54:22.568886 https://lianxingqifenghuayuan.fang.com/
Logger:2020-03-16 00:54:24.287167 https://ychjy.fang.com/
Logger:2020-03-16 00:54:24.520946 https://ycdhht.fang.com/
Logger:2020-03-16 00:54:24.761109 https://changdaxincheng.fang.com/
Logger:2020-03-16 00:54:26.647210 https://jinyuanloudh.fang.com/
Logger:2020-03-16 00:54:26.897000 https://yctxhy.fang.com/
Logger:2020-03-16 00:54:27.177883 https://minjiejinyuewan.fang.com/
Logger:2020-03-16 00:54:27.427992 https://yangchunxinghaiwan.fang.com/
Logger:2020-03-16 00:54:27.709413 https://aiqinhaisp.fang.com/
Logger:2020-03-16 00:54:27.990232 https://zhaoxingyuan0662.fang.com/
Logger:2020-03-16 00:54:28.271529 https://yczxmzbjw.fang.com/
Logger:2020-03-16 00:54:28.520999 https://biguiyuanzhongxinghuafu.fang.com/
Logger:2020-03-16 00:54:32.054686 https://yangchun.newhouse.fang.com/house/s/b92/
Logger:2020-03-16 00:54:32.304481 https://jinhushanshuiyipin.fang.com/
Logger:2020-03-16 00:54:32.545497 https://yangchunguibiyuan.fang.com/
Logger:2020-03-16 00:54:32.764047 https://yangchunlingmeishenghuoguangchang.fang.com/
Logger:2020-03-16 00:54:33.013549 https://yccpmj.fang.com/
Logger:2020-03-16 00:54:34.310570 https://yajuxincheng.fang.com/
Logger:2020-03-16 00:54:34.544438 https://guangxingyufeng.fang.com/
Logger:2020-03-16 00:54:34.778757 https://yczhc.fang.com/
Logger:2020-03-16 00:54:35.013366 https://ycdcjhy.fang.com/
Logger:2020-03-16 00:54:36.826427 https://yczxxc.fang.com/
Logger:2020-03-16 00:54:37.076368 https://hongqiangshidai.fang.com/
Logger:2020-03-16 00:54:37.326974 https://ycycgc.fang.com/
Logger:2020-03-16 00:54:37.592489 https://hongjihuayuan0662.fang.com/
Logger:2020-03-16 00:54:39.458284 https://yccdxc.fang.com/
Logger:2020-03-16 00:54:39.785673 https://ycyaxj.fang.com/
Logger:2020-03-16 00:54:43.424507 https://yangchun.newhouse.fang.com/house/s/b93/
Logger:2020-03-16 00:54:46.837100 https://yangchun.newhouse.fang.com/house/s/b94/
Logger:2020-03-16 00:54:50.281581 https://yangchun.newhouse.fang.com/house/s/b95/
