Logger:2020-03-16 10:09:57.552650 https://yanling.newhouse.fang.com/house/s/b91/
Logger:2020-03-16 10:09:57.877943 https://jinkehuayuquan.fang.com/
Logger:2020-03-16 10:09:58.472210 https://jnhjsmc.fang.com/
Logger:2020-03-16 10:09:58.760439 https://jianyeshengtaixincheng.fang.com/
Logger:2020-03-16 10:10:00.819384 https://yanling.newhouse.fang.com/house/2530787051.htm
Logger:2020-03-16 10:10:01.111630 https://manchengyinxiang0374.fang.com/
Logger:2020-03-16 10:10:01.391149 https://biguiyuanshilihuahai.fang.com/
Logger:2020-03-16 10:10:01.686211 https://tongjisijihuacheng.fang.com/
Logger:2020-03-16 10:10:13.825959 https://huaduguojiwenquanxiaozhen.fang.com/
Logger:2020-03-16 10:10:14.091521 https://jinxiuhuayuan0374.fang.com/2/
Logger:2020-03-16 10:10:14.357495 https://anzhengguojicheng.fang.com/
Logger:2020-03-16 10:10:14.685131 https://dongfangweinisi0374.fang.com/
Logger:2020-03-16 10:10:14.952376 https://jianrunweilaicheng.fang.com/
Logger:2020-03-16 10:10:15.233333 https://linxiwan0374.fang.com/
Logger:2020-03-16 10:10:15.513371 https://maikenteguojichengshiguangchang.fang.com/
Logger:2020-03-16 10:10:21.643230 https://huachengchuntian.fang.com/
Logger:2020-03-16 10:10:21.899543 https://dinghuashidaiguangchang.fang.com/
Logger:2020-03-16 10:10:23.700885 https://xingqideshenghuayuan.fang.com/
Logger:2020-03-16 10:10:26.118115 https://tangquangongguanqu.fang.com/
Logger:2020-03-16 10:10:27.053948 https://yanlingdingshengguoji.fang.com/
Logger:2020-03-16 10:10:30.908208 https://yanling.newhouse.fang.com/house/s/b92/
Logger:2020-03-16 10:10:35.839608 https://yanling.newhouse.fang.com/house/s/b93/
Logger:2020-03-16 10:10:39.943129 https://yanling.newhouse.fang.com/house/s/b94/
