Logger:2020-03-16 10:18:49.153823 https://yanshi.newhouse.fang.com/house/s/b91/
Logger:2020-03-16 10:18:49.435006 https://xiangguofuzc.fang.com/
Logger:2020-03-16 10:18:49.748154 https://donghaoziyuan.fang.com/
Logger:2020-03-16 10:18:50.060345 https://shuianlvzhouzc.fang.com/
Logger:2020-03-16 10:18:50.356663 https://lianxinlongting.fang.com/
Logger:2020-03-16 10:18:50.638263 https://xiyuefuzc.fang.com/
Logger:2020-03-16 10:18:56.778640 https://zchjhy1.fang.com/
Logger:2020-03-16 10:18:57.074732 https://xrht1.fang.com/
Logger:2020-03-16 10:18:58.668105 https://xihuatinghs.fang.com/
Logger:2020-03-16 10:18:58.965040 https://qianlongshijiayx0379.fang.com/
Logger:2020-03-16 10:18:59.262163 https://defufuyuan.fang.com/
Logger:2020-03-16 10:18:59.574448 https://heshunguangchang0379.fang.com/
Logger:2020-03-16 10:18:59.872804 https://senlinbandaoysjy.fang.com/
Logger:2020-03-16 10:19:00.169608 https://yxglc.fang.com/
Logger:2020-03-16 10:19:00.419292 https://hsgc1.fang.com/
Logger:2020-03-16 10:19:04.714264 https://glc1.fang.com/
Logger:2020-03-16 10:19:04.966553 https://xiangguofucuiyuanzc.fang.com/
Logger:2020-03-16 10:19:05.274150 https://rongshengzhongxin.fang.com/
Logger:2020-03-16 10:19:05.587254 https://shuxiangyuanzc.fang.com/
Logger:2020-03-16 10:19:05.912910 https://hanlinyuan0379.fang.com/
Logger:2020-03-16 10:19:06.163178 https://jdhy1.fang.com/
Logger:2020-03-16 10:19:09.951070 https://yanshi.newhouse.fang.com/house/s/b92/
Logger:2020-03-16 10:19:10.169678 https://xiaduchengzm.fang.com/
Logger:2020-03-16 10:19:10.434972 https://longtenghuayuan0379.fang.com/
Logger:2020-03-16 10:19:10.731739 https://fhjy1.fang.com/
Logger:2020-03-16 10:19:10.982184 https://ssmy1.fang.com/
Logger:2020-03-16 10:19:18.954843 https://yanshi.newhouse.fang.com/house/2535799061.htm
Logger:2020-03-16 10:19:19.230518 https://linxijunxc.fang.com/
Logger:2020-03-16 10:19:21.864079 https://huijinzhongxinjl.fang.com/
Logger:2020-03-16 10:19:25.735364 https://yanshi.newhouse.fang.com/house/s/b93/
Logger:2020-03-16 10:19:29.159168 https://yanshi.newhouse.fang.com/house/s/b94/
Logger:2020-03-16 10:19:32.848550 https://yanshi.newhouse.fang.com/house/s/b95/
