Logger:2020-03-16 10:59:25.933464 https://yc.newhouse.fang.com/house/s/b91/
Logger:2020-03-16 10:59:26.310160 https://fuxinghuiyujinsehuafu.fang.com/
Logger:2020-03-16 10:59:26.660985 https://yuejiangshanbjy0717.fang.com/
Logger:2020-03-16 10:59:26.993783 https://yujingtiandi0717.fang.com/
Logger:2020-03-16 10:59:27.449844 https://hengdamingdu0717.fang.com/
Logger:2020-03-16 10:59:34.386474 https://yihaoyuanssc.fang.com/
Logger:2020-03-16 10:59:34.733492 https://rongchuanghongtairongyuan2.fang.com/
Logger:2020-03-16 10:59:35.017844 https://ltyhgy.fang.com/
Logger:2020-03-16 10:59:35.362826 https://hengdahuafu0717.fang.com/
Logger:2020-03-16 10:59:35.684146 https://linxijunhd0717.fang.com/
Logger:2020-03-16 10:59:35.998255 https://yichangzhixingzj.fang.com/
Logger:2020-03-16 10:59:36.350828 https://ronggongguanrcht.fang.com/
Logger:2020-03-16 10:59:36.669136 https://lixiangchengwk0717.fang.com/
Logger:2020-03-16 10:59:37.016384 https://baolishanhaidaguan.fang.com/
Logger:2020-03-16 10:59:37.334977 https://hongkunhuayushu0717.fang.com/
Logger:2020-03-16 10:59:40.030614 https://rongchuangxuefuyihao.fang.com/
Logger:2020-03-16 10:59:40.329633 https://yichangzhongxin.fang.com/
Logger:2020-03-16 10:59:40.664413 https://baoliluolanxianggu.fang.com/
Logger:2020-03-16 10:59:44.379270 https://yangguangchengzhongliangguoyuefu.fang.com/
Logger:2020-03-16 10:59:47.516342 https://beizhanzhixingbgy.fang.com/
Logger:2020-03-16 10:59:50.862395 https://zhongyangwenhuaquyc.fang.com/
Logger:2020-03-16 10:59:59.077058 https://yc.newhouse.fang.com/house/s/b92/
Logger:2020-03-16 11:00:08.414804 https://yangguangchengwenlanfu.fang.com/
Logger:2020-03-16 11:00:11.810879 https://chengyangyipinbgy0717.fang.com/
Logger:2020-03-16 11:00:12.144764 https://meilingxinyu.fang.com/
Logger:2020-03-16 11:00:12.477961 https://jiutangfu.fang.com/
Logger:2020-03-16 11:00:30.748240 https://biguiyuanyunting.fang.com/
Logger:2020-03-16 11:00:31.105522 https://shanshuiguoji0717.fang.com/
Logger:2020-03-16 11:00:39.693439 https://ccdzywhqyhh.fang.com/
Logger:2020-03-16 11:00:39.979101 https://yueliangwanqj.fang.com/
Logger:2020-03-16 11:00:41.390191 https://biguiyuancy.fang.com/
Logger:2020-03-16 11:00:48.700727 https://ziyuanboyachangjiangguangchang.fang.com/
Logger:2020-03-16 11:00:48.985768 https://zsyysa.fang.com/
Logger:2020-03-16 11:00:53.823978 https://fenghuangchengbgy0717.fang.com/
Logger:2020-03-16 11:00:54.171374 https://yilingwandaguangchang.fang.com/
Logger:2020-03-16 11:00:54.488281 https://zhongnanfudi.fang.com/
Logger:2020-03-16 11:00:54.900193 https://wanhaozhongxin0717.fang.com/
Logger:2020-03-16 11:00:55.247091 https://shanshuihuating0717.fang.com/
Logger:2020-03-16 11:00:55.628516 https://donghuyajuyh.fang.com/
Logger:2020-03-16 11:01:03.173784 https://wutongyihp.fang.com/
Logger:2020-03-16 11:01:07.522068 https://shanshuichenghd0717.fang.com/
Logger:2020-03-16 11:01:07.923648 https://tianxi0717.fang.com/
Logger:2020-03-16 11:01:11.773147 https://yc.newhouse.fang.com/house/s/b93/
Logger:2020-03-16 11:01:12.059130 https://lingditianyu.fang.com/
Logger:2020-03-16 11:01:12.659771 https://xingguangtiandi0717.fang.com/
Logger:2020-03-16 11:01:13.139460 https://yishanjunhx.fang.com/
Logger:2020-03-16 11:01:19.274457 https://wandadaduhuitianyue.fang.com/
Logger:2020-03-16 11:01:19.545995 https://balixiangsongyh.fang.com/
Logger:2020-03-16 11:01:19.874489 https://biguiyuan0717.fang.com/
Logger:2020-03-16 11:01:20.273289 https://diaoyutai2hao.fang.com/
Logger:2020-03-16 11:01:20.622753 https://jinkejimeiyangguang0717.fang.com/
Logger:2020-03-16 11:01:32.580571 https://jiantoujianshan.fang.com/
Logger:2020-03-16 11:01:32.897943 https://ztlphsjss.fang.com/
Logger:2020-03-16 11:01:38.920739 https://xingfaguangchang0717.fang.com/
Logger:2020-03-16 11:01:48.297118 https://dechengduhuijunbo.fang.com/
Logger:2020-03-16 11:01:48.696639 https://meiguichenghx.fang.com/
Logger:2020-03-16 11:01:55.846166 https://meianguandi.fang.com/
Logger:2020-03-16 11:02:05.551362 https://xinduhuihy.fang.com/
Logger:2020-03-16 11:02:12.657512 https://fanersaihuayuanhy.fang.com/
Logger:2020-03-16 11:02:19.762801 https://guojiguangchangxh0717.fang.com/
Logger:2020-03-16 11:02:20.145853 https://bgyqjmz.fang.com/
Logger:2020-03-16 11:02:20.444338 https://shengtaimeiguiyuan.fang.com/
Logger:2020-03-16 11:02:20.734078 https://weiduoliyagangwan0717.fang.com/
Logger:2020-03-16 11:02:27.561622 https://yc.newhouse.fang.com/house/s/b94/
Logger:2020-03-16 11:02:27.961764 https://weiduoliyagangwan0717.fang.com/
Logger:2020-03-16 11:02:28.326826 https://hengfenghuayuandy.fang.com/
Logger:2020-03-16 11:02:32.795461 https://jiantoushidaiyin.fang.com/
Logger:2020-03-16 11:02:37.795094 https://jinxiujiangnan0717.fang.com/
Logger:2020-03-16 11:02:38.130005 https://jccfsl.fang.com/
Logger:2020-03-16 11:02:38.439516 https://yingjunnianhuadyxj.fang.com/
Logger:2020-03-16 11:02:43.771413 https://houdeyuang0717.fang.com/
Logger:2020-03-16 11:02:52.684832 https://lingxiuzhijiang.fang.com/
Logger:2020-03-16 11:03:01.767793 https://longjiangpingsnj.fang.com/
Logger:2020-03-16 11:03:05.594587 https://ljwyidu.fang.com/
Logger:2020-03-16 11:03:10.146016 https://feicuibinjiangbgy.fang.com/
Logger:2020-03-16 11:03:14.542903 https://yujiangnan0717.fang.com/
Logger:2020-03-16 11:03:14.857268 https://banshanxuefuwj.fang.com/
Logger:2020-03-16 11:03:15.223394 https://gaotoudelinyuan.fang.com/
Logger:2020-03-16 11:03:15.541047 https://wutongyibaheyuanhp.fang.com/
Logger:2020-03-16 11:03:15.874654 https://yichangguojiguangchang.fang.com/
Logger:2020-03-16 11:03:16.173126 https://zhixiwan.fang.com/
Logger:2020-03-16 11:03:16.553512 https://lingxiulongcheng.fang.com/
Logger:2020-03-16 11:03:17.501742 https://fangtoulingshang.fang.com/
Logger:2020-03-16 11:03:17.799246 https://yihuaxintiandi.fang.com/5/
Logger:2020-03-16 11:03:21.613621 https://yc.newhouse.fang.com/house/s/b95/
Logger:2020-03-16 11:03:21.897998 https://yipinjiangshan0717.fang.com/
Logger:2020-03-16 11:03:25.071270 https://dyzhongyangjiequ.fang.com/
Logger:2020-03-16 11:03:27.402228 https://sanxiawenhuatiandi.fang.com/2/
Logger:2020-03-16 11:03:27.706387 https://lufugongguanhy.fang.com/
Logger:2020-03-16 11:03:28.082997 https://zhihuichengwf.fang.com/
Logger:2020-03-16 11:03:29.904677 https://hhthkgc.fang.com/
Logger:2020-03-16 11:03:30.223680 https://jinchengtianxiazjcbd.fang.com/
Logger:2020-03-16 11:03:32.800762 https://dongxinfu.fang.com/
Logger:2020-03-16 11:03:33.114594 https://jinxiujiangnanyd.fang.com/
Logger:2020-03-16 11:03:33.422567 https://changyaoxueyuan.fang.com/
Logger:2020-03-16 11:03:33.762707 https://f21qingniantiandi.fang.com/
Logger:2020-03-16 11:03:34.176892 https://dongchengyajun0717.fang.com/
Logger:2020-03-16 11:03:34.470140 https://gmgcyd.fang.com/
Logger:2020-03-16 11:03:34.733868 https://baolixiangbinguoji0717.fang.com/
Logger:2020-03-16 11:03:35.078404 https://lafeixiaozhenhy.fang.com/
Logger:2020-03-16 11:03:35.456685 https://shangshangchenghf.fang.com/4/
Logger:2020-03-16 11:03:35.782333 https://gaoerfubieshulph.fang.com/
Logger:2020-03-16 11:03:37.871595 https://diaoyutaiyihao.fang.com/
Logger:2020-03-16 11:03:38.126999 https://qingjiangshanglinglong.fang.com/2/
Logger:2020-03-16 11:03:38.473653 https://beichenzhiguang.fang.com/
Logger:2020-03-16 11:03:42.171988 https://yc.newhouse.fang.com/house/s/b96/
Logger:2020-03-16 11:03:42.468763 https://yangguanggongguan0717.fang.com/
Logger:2020-03-16 11:03:43.658976 https://jiangnanurd.fang.com/
Logger:2020-03-16 11:03:44.026000 https://longpanhuzhongguoshu.fang.com/
Logger:2020-03-16 11:03:46.535820 https://sijigangwan0717.fang.com/
Logger:2020-03-16 11:03:48.229507 https://jiangpandadi.fang.com/
Logger:2020-03-16 11:03:48.545205 https://guoyuefuxh0717.fang.com/
Logger:2020-03-16 11:03:48.864892 https://sanjiangzhixi.fang.com/
Logger:2020-03-16 11:03:49.163698 https://yuehuhuating.fang.com/
Logger:2020-03-16 11:03:49.481675 https://dongduguoji.fang.com/
Logger:2020-03-16 11:03:49.801589 https://guojihuayuandf.fang.com/
Logger:2020-03-16 11:03:50.116331 https://jnurdnxg.fang.com/2/
Logger:2020-03-16 11:03:50.607711 https://wulingjianghu.fang.com/
Logger:2020-03-16 11:03:50.925089 https://xiangxieshuian2.fang.com/
Logger:2020-03-16 11:03:52.815150 https://zhongyangshanshuiyx.fang.com/
Logger:2020-03-16 11:03:53.129658 https://pinghugangwan.fang.com/
Logger:2020-03-16 11:03:57.094862 https://longjinxingchengcy.fang.com/
Logger:2020-03-16 11:03:57.381773 https://bandaochengbangzh.fang.com/
Logger:2020-03-16 11:03:57.668520 https://caztiange.fang.com/
Logger:2020-03-16 11:03:57.985359 https://ziguibailijiayuan.fang.com/
Logger:2020-03-16 11:03:58.319221 https://nanyuan0717.fang.com/
Logger:2020-03-16 11:04:02.468402 https://yc.newhouse.fang.com/house/s/b97/
Logger:2020-03-16 11:04:06.563943 https://jinyawuhao.fang.com/
Logger:2020-03-16 11:04:06.864752 https://zhongnanlijing.fang.com/
Logger:2020-03-16 11:04:07.227419 https://dykaixuanguoji.fang.com/
Logger:2020-03-16 11:04:07.532456 https://dangyangzaishuiyifang.fang.com/
Logger:2020-03-16 11:04:07.817166 https://changyangxincheng.fang.com/
Logger:2020-03-16 11:04:09.911045 https://sanxiahuanqiugang.fang.com/
Logger:2020-03-16 11:04:10.240210 https://qingjiangzhixingyd.fang.com/
Logger:2020-03-16 11:04:14.524108 https://langyuebandao.fang.com/
Logger:2020-03-16 11:04:14.839875 https://jiantouyueshan.fang.com/
Logger:2020-03-16 11:04:15.142862 https://jiangnanxingcheng0717.fang.com/
Logger:2020-03-16 11:04:15.458331 https://changyangkunmengjinyuan.fang.com/
Logger:2020-03-16 11:04:15.788839 https://guohuashangjingrh.fang.com/
Logger:2020-03-16 11:04:16.081129 https://dongchenxingfuli.fang.com/
Logger:2020-03-16 11:04:16.409880 https://mingduhuayuanshanshuiyuan.fang.com/3/
Logger:2020-03-16 11:04:16.789394 https://gongyuanlihx.fang.com/
Logger:2020-03-16 11:04:17.095653 https://hongruihuafu.fang.com/
Logger:2020-03-16 11:04:17.412430 https://sanxiaguoshu.fang.com/
Logger:2020-03-16 11:04:17.758232 https://dushiyihao0717.fang.com/
Logger:2020-03-16 11:04:20.121589 https://yingxiangjiangnan0717.fang.com/
Logger:2020-03-16 11:04:20.436981 https://hongqiaoguoji.fang.com/
Logger:2020-03-16 11:04:24.132392 https://yc.newhouse.fang.com/house/s/b98/
Logger:2020-03-16 11:04:24.419277 https://huaqiangfenghuangcheng.fang.com/
Logger:2020-03-16 11:04:24.748916 https://yichangbeiqimaocheng.fang.com/
Logger:2020-03-16 11:04:27.813161 https://lzxclz.fang.com/
Logger:2020-03-16 11:04:29.763156 https://xinyuanrencaigongyu.fang.com/
Logger:2020-03-16 11:04:32.981116 https://liuhuixincheng.fang.com/
Logger:2020-03-16 11:04:33.300772 https://aomeihuayuanfang.fang.com/
Logger:2020-03-16 11:04:33.599798 https://sydsjdxq.fang.com/
Logger:2020-03-16 11:04:33.902337 https://xinheyuan0717.fang.com/
Logger:2020-03-16 11:04:34.175816 https://268172.fang.com/
Logger:2020-03-16 11:04:36.092708 https://krdzhyg.fang.com/
Logger:2020-03-16 11:04:36.378927 https://tianxiaguangongwenhualvyoucheng.fang.com/
Logger:2020-03-16 11:04:36.673456 https://shengheguangchang0717.fang.com/
Logger:2020-03-16 11:04:36.946116 https://qingjiangrunyuanyidu.fang.com/
Logger:2020-03-16 11:04:38.623412 https://jinyameiyujf.fang.com/
Logger:2020-03-16 11:04:41.614547 https://shuiyuexingchengzj.fang.com/
Logger:2020-03-16 11:04:41.912275 https://pinghutianxiaguanshanshuiaqu.fang.com/
Logger:2020-03-16 11:04:42.196411 https://dyguangcaicheng.fang.com/
Logger:2020-03-16 11:04:42.450964 https://xxhswzzyd.fang.com/
Logger:2020-03-16 11:04:42.782987 https://shuangquanzhai.fang.com/
Logger:2020-03-16 11:04:43.070465 https://chhyyd.fang.com/
Logger:2020-03-16 11:04:47.636890 https://yc.newhouse.fang.com/house/s/b99/
Logger:2020-03-16 11:04:47.925385 https://hlhtyidu.fang.com/
Logger:2020-03-16 11:04:48.255691 https://baishadasha.fang.com/
Logger:2020-03-16 11:04:50.701031 https://yjhtyd.fang.com/
Logger:2020-03-16 11:04:50.996243 https://xihuchuntian07172.fang.com/
Logger:2020-03-16 11:04:51.254241 https://snjsjxz.fang.com/
Logger:2020-03-16 11:04:51.539918 https://lianhuajiayuanyd.fang.com/
Logger:2020-03-16 11:04:51.903867 https://mdgy01.fang.com/
Logger:2020-03-16 11:04:54.024065 https://chwy.fang.com/
Logger:2020-03-16 11:04:54.382627 https://sanxiaguojiqichecheng.fang.com/
Logger:2020-03-16 11:04:55.339072 https://hyxqyd.fang.com/
Logger:2020-03-16 11:04:57.549850 https://yidu.newhouse.fang.com/house/2628202960.htm
Logger:2020-03-16 11:04:57.836677 https://danyangchanganjie.fang.com/
Logger:2020-03-16 11:05:00.371588 https://guojishangmaocheng0717.fang.com/
Logger:2020-03-16 11:05:00.673206 https://bingheshidai.fang.com/
Logger:2020-03-16 11:05:03.674023 https://dushimingmen0717.fang.com/
Logger:2020-03-16 11:05:03.957441 https://qydsyd.fang.com/
Logger:2020-03-16 11:05:04.259515 https://ylljyd.fang.com/
Logger:2020-03-16 11:05:04.637563 https://handatiandi.fang.com/
Logger:2020-03-16 11:05:06.731070 https://kswl01.fang.com/
Logger:2020-03-16 11:05:07.002067 https://shidaiguangchangbh0717.fang.com/
Logger:2020-03-16 11:05:10.801658 https://yc.newhouse.fang.com/house/s/b910/
Logger:2020-03-16 11:05:12.011279 https://kswl01.fang.com/
Logger:2020-03-16 11:05:12.269039 https://wbsjyd.fang.com/
Logger:2020-03-16 11:05:12.630972 https://ycdhzppfssmc.fang.com/
Logger:2020-03-16 11:05:12.916703 https://handatiandi0717.fang.com/
Logger:2020-03-16 11:05:13.186004 https://xingainiandasha0717.fang.com/
Logger:2020-03-16 11:05:13.490727 https://zhaofengyuanshangzhuxiaoqu.fang.com/
Logger:2020-03-16 11:05:13.928927 https://tianyuqichecheng.fang.com/
Logger:2020-03-16 11:05:14.200213 https://hrgcyd.fang.com/
Logger:2020-03-16 11:05:14.493861 https://gongyuanyihaobgy0717.fang.com/
Logger:2020-03-16 11:05:14.820781 https://huanlesonghy.fang.com/
Logger:2020-03-16 11:05:15.167061 https://hepanchunqiu.fang.com/2/
Logger:2020-03-16 11:05:19.061551 https://yc.newhouse.fang.com/house/s/b911/
Logger:2020-03-16 11:05:22.797294 https://yc.newhouse.fang.com/house/s/b912/
Logger:2020-03-16 11:05:26.388636 https://yc.newhouse.fang.com/house/s/b913/
