Logger:2020-03-16 20:48:39.635948 https://yibin.newhouse.fang.com/house/s/b91/
Logger:2020-03-16 20:48:39.926143 https://jkjmtc0831.fang.com/
Logger:2020-03-16 20:48:40.215917 https://lvdichengjikongjianzhan.fang.com/
Logger:2020-03-16 20:48:40.694593 https://bgysdzg0831.fang.com/
Logger:2020-03-16 20:48:41.362315 https://hrgyjl0831.fang.com/1/
Logger:2020-03-16 20:48:41.677914 https://ttsjgj.fang.com/
Logger:2020-03-16 20:48:42.022992 https://xulemingting.fang.com/
Logger:2020-03-16 20:48:42.264343 https://ydwlc0831.fang.com/
Logger:2020-03-16 20:48:45.316957 https://yddsfj0831.fang.com/
Logger:2020-03-16 20:48:47.164806 https://lnyzh.fang.com/
Logger:2020-03-16 20:48:47.516431 https://ygzygy.fang.com/
Logger:2020-03-16 20:48:47.815594 https://hhfhby.fang.com/
Logger:2020-03-16 20:48:51.237975 https://luhugongyd.fang.com/
Logger:2020-03-16 20:48:51.525376 https://longshanyueygc.fang.com/
Logger:2020-03-16 20:48:52.711925 https://ydszx.fang.com/
Logger:2020-03-16 20:48:54.832701 https://huacaicheng.fang.com/
Logger:2020-03-16 20:48:56.589466 https://tongquetai0831.fang.com/
Logger:2020-03-16 20:48:56.900771 https://tlgsy.fang.com/
Logger:2020-03-16 20:48:59.123325 https://hxjyt.fang.com/
Logger:2020-03-16 20:48:59.432452 https://bgyjsf0831.fang.com/
Logger:2020-03-16 20:48:59.746611 https://gxbgy.fang.com/
Logger:2020-03-16 20:49:03.643713 https://yibin.newhouse.fang.com/house/s/b92/
Logger:2020-03-16 20:49:03.972833 https://kejiaogongyuan.fang.com/
Logger:2020-03-16 20:49:04.302950 https://zlyhy0831.fang.com/
Logger:2020-03-16 20:49:04.621203 https://beichentianjiao0831.fang.com/
Logger:2020-03-16 20:49:07.212072 https://shidai181.fang.com/
Logger:2020-03-16 20:49:07.525235 https://liyajiangchen.fang.com/
Logger:2020-03-16 20:49:09.588093 https://longjingtai0831.fang.com/
Logger:2020-03-16 20:49:09.874976 https://huaqiaocheng0831.fang.com/
Logger:2020-03-16 20:49:10.173482 https://lijinggang.fang.com/
Logger:2020-03-16 20:49:12.183334 https://zchfy.fang.com/
Logger:2020-03-16 20:49:12.545484 https://hengdamingdu0831.fang.com/
Logger:2020-03-16 20:49:12.846603 https://hqcsjkcbd.fang.com/
Logger:2020-03-16 20:49:13.154778 https://tgkblj.fang.com/
Logger:2020-03-16 20:49:13.505917 https://ssyzln.fang.com/
Logger:2020-03-16 20:49:15.062042 https://czync.fang.com/
Logger:2020-03-16 20:49:17.341765 https://zhfct.fang.com/
Logger:2020-03-16 20:49:19.456003 https://lcmlf.fang.com/
Logger:2020-03-16 20:49:19.746817 https://yangguangbishuichangtan.fang.com/
Logger:2020-03-16 20:49:20.197610 https://baishaludaobt.fang.com/
Logger:2020-03-16 20:49:20.878522 https://longmen0831.fang.com/
Logger:2020-03-16 20:49:24.730875 https://xuzhousjc.fang.com/
Logger:2020-03-16 20:49:28.981426 https://yibin.newhouse.fang.com/house/s/b93/
Logger:2020-03-16 20:49:29.288130 https://jinyegongyuanli.fang.com/
Logger:2020-03-16 20:49:29.584018 https://diyichengyd.fang.com/
Logger:2020-03-16 20:49:29.854658 https://haotinghls.fang.com/
Logger:2020-03-16 20:49:31.709097 https://btdxlyh.fang.com/
Logger:2020-03-16 20:49:32.061085 https://bangtaitianyu0831.fang.com/
Logger:2020-03-16 20:49:32.370261 https://baishafeicuicheng2.fang.com/
Logger:2020-03-16 20:49:32.669459 https://longqiwan.fang.com/
Logger:2020-03-16 20:49:32.961151 https://lytyg.fang.com/
Logger:2020-03-16 20:49:33.300735 https://bandaodayuan.fang.com/
Logger:2020-03-16 20:49:33.587984 https://ygylt.fang.com/
Logger:2020-03-16 20:49:33.873221 https://ydmxn.fang.com/
Logger:2020-03-16 20:49:34.160453 https://zygyc0831.fang.com/
Logger:2020-03-16 20:49:36.174161 https://hcstc.fang.com/
Logger:2020-03-16 20:49:38.538126 https://shflgg.fang.com/
Logger:2020-03-16 20:49:41.271053 https://zhuhailijing.fang.com/
Logger:2020-03-16 20:49:41.548277 https://zijinchengxy.fang.com/
Logger:2020-03-16 20:49:41.937236 https://xcjsy.fang.com/
Logger:2020-03-16 20:49:42.326178 https://lyjlcj.fang.com/
Logger:2020-03-16 20:49:42.591908 https://jinyuefujd.fang.com/
Logger:2020-03-16 20:49:42.923190 https://shjagg.fang.com/
Logger:2020-03-16 20:49:46.910653 https://yibin.newhouse.fang.com/house/s/b94/
Logger:2020-03-16 20:49:48.608572 https://hxylc.fang.com/
Logger:2020-03-16 20:49:50.323078 https://ydfct.fang.com/
Logger:2020-03-16 20:49:50.686044 https://hfyjzy.fang.com/
Logger:2020-03-16 20:49:53.111860 https://gtcjgg.fang.com/
Logger:2020-03-16 20:49:53.364753 https://bandaodayuan.fang.com/3/
Logger:2020-03-16 20:49:53.739455 https://trcjdy.fang.com/
Logger:2020-03-16 20:49:54.027196 https://xyzygg.fang.com/
Logger:2020-03-16 20:49:54.391299 https://shdlgg.fang.com/
Logger:2020-03-16 20:49:54.698401 https://xyjyw.fang.com/
Logger:2020-03-16 20:49:54.977654 https://jiangpanhuafu.fang.com/
Logger:2020-03-16 20:49:55.277632 https://ruidebjxc.fang.com/
Logger:2020-03-16 20:49:55.633705 https://ybcjkjzyhy.fang.com/
Logger:2020-03-16 20:49:55.977759 https://r26gmctgyhf.fang.com/
Logger:2020-03-16 20:49:56.264993 https://ybdrlkgjqcsmy.fang.com/
Logger:2020-03-16 20:49:58.442248 https://tryjdy.fang.com/
Logger:2020-03-16 20:49:58.726487 https://ygslcsdff.fang.com/
Logger:2020-03-16 20:49:59.066946 https://zhtlht.fang.com/
Logger:2020-03-16 20:49:59.358167 https://heduguoji0831.fang.com/3/
Logger:2020-03-16 20:49:59.769458 https://zssygc.fang.com/
Logger:2020-03-16 20:50:07.148258 https://haiwlgc.fang.com/
Logger:2020-03-16 20:50:10.991031 https://yibin.newhouse.fang.com/house/s/b95/
Logger:2020-03-16 20:50:15.208306 https://yibin.newhouse.fang.com/house/s/b96/
Logger:2020-03-16 20:50:18.842887 https://yibin.newhouse.fang.com/house/s/b97/
