Logger:2020-03-16 10:18:02.156241 https://yichuan.newhouse.fang.com/house/s/b91/
Logger:2020-03-16 10:18:02.452278 https://luoyifujy.fang.com/
Logger:2020-03-16 10:18:02.767728 https://jianyelongfu.fang.com/
Logger:2020-03-16 10:18:03.101069 https://fengshanlongcheng1.fang.com/
Logger:2020-03-16 10:18:03.372208 https://yiheyuandz.fang.com/
Logger:2020-03-16 10:18:03.671263 https://zhongyangguangchangls.fang.com/
Logger:2020-03-16 10:18:03.925234 https://beishawandy.fang.com/
Logger:2020-03-16 10:18:04.224998 https://lrxhy.fang.com/3/
Logger:2020-03-16 10:18:08.381406 https://yichuan.newhouse.fang.com/house/3115789165.htm
Logger:2020-03-16 10:18:08.655554 https://longjianjindu.fang.com/
Logger:2020-03-16 10:18:08.955938 https://dazhaoshangyueyuan.fang.com/
Logger:2020-03-16 10:18:09.259065 https://yilinjiayuan1.fang.com/
Logger:2020-03-16 10:18:09.509481 https://huyushu0379.fang.com/
Logger:2020-03-16 10:18:09.810268 https://jinxiulongdu.fang.com/
Logger:2020-03-16 10:18:10.121202 https://hongtaiyanghuayuanycxtd.fang.com/
Logger:2020-03-16 10:18:10.413556 https://yichuan.newhouse.fang.com/house/3115789121.htm
Logger:2020-03-16 10:18:10.685465 https://mingmenshijia1.fang.com/
Logger:2020-03-16 10:18:15.013288 https://yichuan.newhouse.fang.com/house/3115789157.htm
Logger:2020-03-16 10:18:24.133655 https://yichuan.newhouse.fang.com/house/3115789143.htm
Logger:2020-03-16 10:18:24.437897 https://yichuan.newhouse.fang.com/house/3115789155.htm
Logger:2020-03-16 10:18:24.707938 https://kaixuanmingzhu.fang.com/
Logger:2020-03-16 10:18:29.866073 https://yichuan.newhouse.fang.com/house/s/b92/
Logger:2020-03-16 10:18:30.045676 https://wanhaiguojiguangchanglf.fang.com/
Logger:2020-03-16 10:18:30.331716 https://yichuan.newhouse.fang.com/house/3115789107.htm
Logger:2020-03-16 10:18:35.629166 https://yichuan.newhouse.fang.com/house/s/b93/
Logger:2020-03-16 10:18:39.792685 https://yichuan.newhouse.fang.com/house/s/b94/
Logger:2020-03-16 10:18:43.589990 https://yichuan.newhouse.fang.com/house/s/b95/
