Logger:2020-03-16 15:15:12.982338 https://yichun.newhouse.fang.com/house/s/b91/
Logger:2020-03-16 15:15:13.420293 https://ychdlz.fang.com/
Logger:2020-03-16 15:15:13.777845 https://wentangyihao.fang.com/
Logger:2020-03-16 15:15:14.109956 https://mingyuewanst.fang.com/
Logger:2020-03-16 15:15:14.432095 https://kaixuanchengxsj.fang.com/
Logger:2020-03-16 15:15:14.802715 https://yichunrundameishu.fang.com/
Logger:2020-03-16 15:15:15.210912 https://rdgyl.fang.com/
Logger:2020-03-16 15:15:15.549054 https://chuangweiyunshangguoji.fang.com/
Logger:2020-03-16 15:15:15.902085 https://rdgjzht.fang.com/
Logger:2020-03-16 15:15:16.260638 https://wentangyujing.fang.com/
Logger:2020-03-16 15:15:16.637002 https://zryll0795.fang.com/
Logger:2020-03-16 15:15:19.942725 https://jintouzhengrongfu.fang.com/
Logger:2020-03-16 15:15:20.283642 https://baishangcheng.fang.com/
Logger:2020-03-16 15:15:28.933401 https://dingshenghuafu0795.fang.com/
Logger:2020-03-16 15:15:29.339315 https://jnjyw.fang.com/
Logger:2020-03-16 15:15:29.678421 https://dongtoumingyueli.fang.com/
Logger:2020-03-16 15:15:29.994293 https://xinlidibowan.fang.com/
Logger:2020-03-16 15:15:30.300460 https://yangguangchengtanfu.fang.com/
Logger:2020-03-16 15:15:30.747251 https://deheqinyuan.fang.com/
Logger:2020-03-16 15:15:34.436888 https://wtgjqj.fang.com/
Logger:2020-03-16 15:15:34.764012 https://feiliguoji.fang.com/
Logger:2020-03-16 15:15:38.058788 https://yichun.newhouse.fang.com/house/s/b92/
Logger:2020-03-16 15:15:38.466663 https://wtgjqj.fang.com/
Logger:2020-03-16 15:15:38.762870 https://feiliguoji.fang.com/
Logger:2020-03-16 15:15:39.122907 https://biguiyuanmingyuejiangnan.fang.com/
Logger:2020-03-16 15:15:39.495908 https://yuezhiquan.fang.com/
Logger:2020-03-16 15:15:39.905857 https://hangangguanlan.fang.com/
Logger:2020-03-16 15:15:40.306206 https://ychdyj.fang.com/
Logger:2020-03-16 15:15:40.662253 https://fenghuangchunxiao.fang.com/
Logger:2020-03-16 15:15:41.143964 https://huashuojsmy.fang.com/
Logger:2020-03-16 15:15:41.468854 https://mingshilanting.fang.com/
Logger:2020-03-16 15:15:41.895996 https://yupingmingdu.fang.com/
Logger:2020-03-16 15:15:42.272988 https://gongyuangzl.fang.com/
Logger:2020-03-16 15:15:42.610115 https://beianxintiandilanting.fang.com/
Logger:2020-03-16 15:15:42.951877 https://dizhonghaifengqingfc.fang.com/
Logger:2020-03-16 15:15:43.346782 https://weilanyunjing.fang.com/
Logger:2020-03-16 15:15:43.653962 https://dtzyc.fang.com/
Logger:2020-03-16 15:15:45.035341 https://xiangyuanlishe.fang.com/
Logger:2020-03-16 15:15:45.449233 https://tianyulanwan0795.fang.com/
Logger:2020-03-16 15:15:46.899328 https://jxfc.newhouse.fang.com/house/2325279690.htm
Logger:2020-03-16 15:15:48.322877 https://lvdimingjingwan.fang.com/
Logger:2020-03-16 15:15:50.957424 https://jxfc.newhouse.fang.com/house/2325279702.htm
Logger:2020-03-16 15:15:54.273408 https://yichun.newhouse.fang.com/house/s/b93/
Logger:2020-03-16 15:15:54.649373 https://wentangshangpin.fang.com/
Logger:2020-03-16 15:15:55.050311 https://lylxqcc.fang.com/
Logger:2020-03-16 15:15:55.318238 https://tyypj.fang.com/
Logger:2020-03-16 15:15:55.631059 https://shidaichuncheng.fang.com/
Logger:2020-03-16 15:15:55.929235 https://shuianmingdu0795.fang.com/
Logger:2020-03-16 15:15:56.283354 https://shengshixuefu0795.fang.com/
Logger:2020-03-16 15:15:56.717168 https://zhongshunjingyuan.fang.com/
Logger:2020-03-16 15:15:57.041290 https://yuquanfengqingzj.fang.com/
Logger:2020-03-16 15:15:57.372073 https://jqmygc.fang.com/
Logger:2020-03-16 15:15:57.700129 https://yichunhthy.fang.com/
Logger:2020-03-16 15:15:58.113956 https://zhouyangshijicheng.fang.com/
Logger:2020-03-16 15:15:58.435096 https://richutianxiarx.fang.com/
Logger:2020-03-16 15:15:58.768218 https://nsjsd.fang.com/
Logger:2020-03-16 15:16:00.487406 https://jinshaguangchang0795.fang.com/
Logger:2020-03-16 15:16:00.823565 https://shangpinguoji0795.fang.com/
Logger:2020-03-16 15:16:02.524827 https://jxfc.newhouse.fang.com/house/2325279694.htm
Logger:2020-03-16 15:16:03.717376 https://jxfc.newhouse.fang.com/house/2325279698.htm
Logger:2020-03-16 15:16:05.461931 https://jxja.newhouse.fang.com/house/2326279724.htm
Logger:2020-03-16 15:16:06.366412 https://jxja.newhouse.fang.com/house/2326279730.htm
Logger:2020-03-16 15:16:06.835154 https://yiyuanyufu.fang.com/
Logger:2020-03-16 15:16:10.143656 https://yichun.newhouse.fang.com/house/s/b94/
Logger:2020-03-16 15:16:10.445887 https://beihuhaoyuan.fang.com/2/
Logger:2020-03-16 15:16:10.744093 https://yckybs2.fang.com/
Logger:2020-03-16 15:16:11.060558 https://tianyuhuacheng.fang.com/
Logger:2020-03-16 15:16:11.530098 https://nanshibeihuguoji.fang.com/
Logger:2020-03-16 15:16:15.638366 https://jxfc.newhouse.fang.com/house/2325279688.htm
Logger:2020-03-16 15:16:15.954489 https://wanhaoguojigongguan.fang.com/
Logger:2020-03-16 15:16:16.273661 https://meijingtiancheng0795.fang.com/
Logger:2020-03-16 15:16:18.621088 https://jkxsja.fang.com/
Logger:2020-03-16 15:16:18.910479 https://deheyayuan.fang.com/
Logger:2020-03-16 15:16:19.267532 https://hefengyuan0795.fang.com/
Logger:2020-03-16 15:16:19.591641 https://ycxlw.fang.com/
Logger:2020-03-16 15:16:20.762981 https://wmsmgc.fang.com/
Logger:2020-03-16 15:16:21.162911 https://xihaiwenquan.fang.com/
Logger:2020-03-16 15:16:23.867568 https://jxfc.newhouse.fang.com/house/2325279696.htm
Logger:2020-03-16 15:16:25.275614 https://jxfc.newhouse.fang.com/house/2325279692.htm
Logger:2020-03-16 15:16:30.513170 https://yaxyg.fang.com/
Logger:2020-03-16 15:16:30.877156 https://jiuxiguangchang.fang.com/
Logger:2020-03-16 15:16:31.214791 https://1886xnyqczx.fang.com/
Logger:2020-03-16 15:16:32.264087 https://jxja.newhouse.fang.com/house/2326279706.htm
Logger:2020-03-16 15:16:32.599173 https://gjswzx.fang.com/
Logger:2020-03-16 15:16:35.935090 https://yichun.newhouse.fang.com/house/s/b95/
Logger:2020-03-16 15:16:36.259238 https://yinqiaoshoufu.fang.com/
Logger:2020-03-16 15:16:40.358261 https://yichun.newhouse.fang.com/house/s/b96/
Logger:2020-03-16 15:16:44.042572 https://yichun.newhouse.fang.com/house/s/b97/
Logger:2020-03-16 15:16:47.477968 https://yichun.newhouse.fang.com/house/s/b98/
