Logger:2020-03-16 11:27:35.481114 https://yidu.newhouse.fang.com/house/s/b91/
Logger:2020-03-16 11:27:35.731103 https://bgyqjmz.fang.com/
Logger:2020-03-16 11:27:37.640415 https://minfuxintiandi.fang.com/
Logger:2020-03-16 11:27:37.983956 https://jinxiujiangnan0717.fang.com/
Logger:2020-03-16 11:27:38.843803 https://houdeyuang0717.fang.com/
Logger:2020-03-16 11:27:40.283563 https://ljwyidu.fang.com/
Logger:2020-03-16 11:27:40.562577 https://yujiangnan0717.fang.com/
Logger:2020-03-16 11:27:42.148542 https://gaotoudelinyuan.fang.com/
Logger:2020-03-16 11:27:42.410722 https://jinxiujiangnanyd.fang.com/
Logger:2020-03-16 11:27:42.681197 https://dongchengyajun0717.fang.com/
Logger:2020-03-16 11:27:42.944276 https://gmgcyd.fang.com/
Logger:2020-03-16 11:27:43.257398 https://guoyuefuxh0717.fang.com/
Logger:2020-03-16 11:27:43.514456 https://qingjiangzhixingyd.fang.com/
Logger:2020-03-16 11:27:43.773316 https://mingduhuayuanshanshuiyuan.fang.com/3/
Logger:2020-03-16 11:27:46.041829 https://hongruihuafu.fang.com/
Logger:2020-03-16 11:27:46.365326 https://dushiyihao0717.fang.com/
Logger:2020-03-16 11:27:48.548603 https://hongqiaoguoji.fang.com/
Logger:2020-03-16 11:27:48.829099 https://lzxclz.fang.com/
Logger:2020-03-16 11:27:51.075557 https://sydsjdxq.fang.com/
Logger:2020-03-16 11:27:51.368019 https://krdzhyg.fang.com/
Logger:2020-03-16 11:27:51.612993 https://qingjiangrunyuanyidu.fang.com/
Logger:2020-03-16 11:27:56.093424 https://yidu.newhouse.fang.com/house/s/b92/
Logger:2020-03-16 11:27:58.482280 https://xxhswzzyd.fang.com/
Logger:2020-03-16 11:27:58.762916 https://chhyyd.fang.com/
Logger:2020-03-16 11:27:59.080067 https://hlhtyidu.fang.com/
Logger:2020-03-16 11:27:59.369001 https://yjhtyd.fang.com/
Logger:2020-03-16 11:27:59.670742 https://xihuchuntian07172.fang.com/
Logger:2020-03-16 11:27:59.929094 https://lianhuajiayuanyd.fang.com/
Logger:2020-03-16 11:28:00.226327 https://mdgy01.fang.com/
Logger:2020-03-16 11:28:00.486209 https://chwy.fang.com/
Logger:2020-03-16 11:28:01.495927 https://yidu.newhouse.fang.com/house/2628202960.htm
Logger:2020-03-16 11:28:03.678537 https://danyangchanganjie.fang.com/
Logger:2020-03-16 11:28:04.663353 https://hyxqyd.fang.com/
Logger:2020-03-16 11:28:04.900296 https://guojishangmaocheng0717.fang.com/
Logger:2020-03-16 11:28:05.182540 https://dushimingmen0717.fang.com/
Logger:2020-03-16 11:28:05.446517 https://qydsyd.fang.com/
Logger:2020-03-16 11:28:05.735530 https://bingheshidai.fang.com/
Logger:2020-03-16 11:28:07.561596 https://ylljyd.fang.com/
Logger:2020-03-16 11:28:07.816768 https://handatiandi.fang.com/
Logger:2020-03-16 11:28:08.095674 https://shidaiguangchangbh0717.fang.com/
Logger:2020-03-16 11:28:10.285545 https://sqgj01.fang.com/
Logger:2020-03-16 11:28:11.347771 https://kswl01.fang.com/
Logger:2020-03-16 11:28:15.050085 https://yidu.newhouse.fang.com/house/s/b93/
Logger:2020-03-16 11:28:16.899121 https://wbsjyd.fang.com/
Logger:2020-03-16 11:28:17.152655 https://ycdhzppfssmc.fang.com/
Logger:2020-03-16 11:28:17.522778 https://handatiandi0717.fang.com/
Logger:2020-03-16 11:28:17.807254 https://zhaofengyuanshangzhuxiaoqu.fang.com/
Logger:2020-03-16 11:28:18.063633 https://tianyuqichecheng.fang.com/
Logger:2020-03-16 11:28:18.313574 https://hrgcyd.fang.com/
Logger:2020-03-16 11:28:22.026209 https://yidu.newhouse.fang.com/house/s/b94/
Logger:2020-03-16 11:28:25.478753 https://yidu.newhouse.fang.com/house/s/b95/
Logger:2020-03-16 11:28:29.201046 https://yidu.newhouse.fang.com/house/s/b96/
