Logger:2020-03-16 23:27:07.847376 https://yili.newhouse.fang.com/house/s/b91/
Logger:2020-03-16 23:27:08.163531 https://hengdalvzhou0999.fang.com/
Logger:2020-03-16 23:27:08.563459 https://ylhengdayayuan.fang.com/
Logger:2020-03-16 23:27:11.218075 https://yldayelingdi.fang.com/
Logger:2020-03-16 23:27:12.799349 https://jiaxianghao.fang.com/
Logger:2020-03-16 23:27:13.122604 https://yldongchenghuayuan.fang.com/
Logger:2020-03-16 23:27:13.485205 https://yllvcheng.fang.com/
Logger:2020-03-16 23:27:13.755418 https://ylxichunjun.fang.com/
Logger:2020-03-16 23:27:14.078558 https://jiangnanchunxiao0999.fang.com/4/
Logger:2020-03-16 23:27:16.362105 https://ylfeicuicheng.fang.com/
Logger:2020-03-16 23:27:16.818397 https://qianshuiwanhj.fang.com/1/
Logger:2020-03-16 23:27:17.135136 https://ylchengnanyihao.fang.com/
Logger:2020-03-16 23:27:18.910548 https://beiyuanjiayuan0999.fang.com/
Logger:2020-03-16 23:27:20.696751 https://zhongyuanxinchengsd0999.fang.com/
Logger:2020-03-16 23:27:21.059398 https://dushilijingly.fang.com/
Logger:2020-03-16 23:27:21.389515 https://shc6hgy.fang.com/
Logger:2020-03-16 23:27:21.711716 https://ningyuanjunrh.fang.com/
Logger:2020-03-16 23:27:23.544822 https://ylshengbabala.fang.com/
Logger:2020-03-16 23:27:23.910863 https://ylxiangshuiwan.fang.com/
Logger:2020-03-16 23:27:24.196115 https://ylbinhejiayuan.fang.com/
Logger:2020-03-16 23:27:24.578036 https://ylsuzhong.fang.com/
Logger:2020-03-16 23:27:28.544569 https://yili.newhouse.fang.com/house/s/b92/
Logger:2020-03-16 23:27:31.083985 https://ylwanrong.fang.com/
Logger:2020-03-16 23:27:31.465221 https://huangjinhaian0999.fang.com/
Logger:2020-03-16 23:27:31.748612 https://runjingguojigzb.fang.com/
Logger:2020-03-16 23:27:32.064044 https://fenghuangcheng0999.fang.com/
Logger:2020-03-16 23:27:32.396155 https://shuxiangyuanhf.fang.com/1/
Logger:2020-03-16 23:27:32.774147 https://haofengdasha0999.fang.com/2/
Logger:2020-03-16 23:27:33.043423 https://zijinguangchanghj.fang.com/
Logger:2020-03-16 23:27:33.351612 https://chuntianliny.fang.com/
Logger:2020-03-16 23:27:33.685379 https://ylkaixuancheng.fang.com/
Logger:2020-03-16 23:27:34.030949 https://mengxiangjiayuan0999.fang.com/
Logger:2020-03-16 23:27:34.413476 https://yangguanghuayuanrz.fang.com/
Logger:2020-03-16 23:27:34.727571 https://ylssnh.fang.com/
Logger:2020-03-16 23:27:35.069657 https://gongyuan88hao.fang.com/
Logger:2020-03-16 23:27:35.441663 https://ylyujinxiang.fang.com/
Logger:2020-03-16 23:27:35.801824 https://ylyimeilanwan.fang.com/
Logger:2020-03-16 23:27:36.109745 https://yangguanglixj0999.fang.com/
Logger:2020-03-16 23:27:37.885232 https://wutonglijingyj.fang.com/3/
Logger:2020-03-16 23:27:38.176473 https://changxinyuanrh.fang.com/
Logger:2020-03-16 23:27:38.568360 https://shuianshijiasd0999.fang.com/2/
Logger:2020-03-16 23:27:38.893570 https://ylccyg.fang.com/
Logger:2020-03-16 23:27:43.149798 https://yili.newhouse.fang.com/house/s/b93/
Logger:2020-03-16 23:27:43.445008 https://ylwutonglijing.fang.com/
Logger:2020-03-16 23:27:43.800059 https://julonggongguan.fang.com/
Logger:2020-03-16 23:27:44.119335 https://ylzhongjiexincheng.fang.com/
Logger:2020-03-16 23:27:44.546231 https://ylyuyuan.fang.com/
Logger:2020-03-16 23:27:44.859420 https://xiyatu0999.fang.com/
Logger:2020-03-16 23:27:50.489584 https://ylmingjiagongguan.fang.com/
Logger:2020-03-16 23:27:50.815727 https://gongyuemeijun.fang.com/
Logger:2020-03-16 23:27:51.108970 https://meijujiayuan0999.fang.com/
Logger:2020-03-16 23:27:51.392219 https://tianxiacheng0999.fang.com/
Logger:2020-03-16 23:27:51.678415 https://ylhanlinyazhu.fang.com/
Logger:2020-03-16 23:27:54.123727 https://tianheyinyuan.fang.com/
Logger:2020-03-16 23:27:54.495171 https://ylbadasailisi.fang.com/
Logger:2020-03-16 23:27:54.817308 https://xingfujinyuan0999.fang.com/
Logger:2020-03-16 23:27:55.154446 https://ylgongyuandadi.fang.com/
Logger:2020-03-16 23:27:55.526412 https://xichengtianjie0999.fang.com/
Logger:2020-03-16 23:27:55.826728 https://aolinmeidi.fang.com/
Logger:2020-03-16 23:27:57.663836 https://dajuyueting.fang.com/
Logger:2020-03-16 23:27:57.972009 https://aiqinggongyuhf.fang.com/
Logger:2020-03-16 23:27:58.341052 https://ylxintiandi.fang.com/
Logger:2020-03-16 23:27:58.679624 https://pujianghuayuan0999.fang.com/
Logger:2020-03-16 23:28:03.122857 https://yili.newhouse.fang.com/house/s/b94/
Logger:2020-03-16 23:28:03.433002 https://ylyulongwan.fang.com/
Logger:2020-03-16 23:28:03.755651 https://shanshuilanyuan0992.fang.com/
Logger:2020-03-16 23:28:05.807316 https://ylyaouguoji.fang.com/
Logger:2020-03-16 23:28:06.106478 https://ylhaishimingzhu.fang.com/
Logger:2020-03-16 23:28:06.504775 https://ylhuiningcheng.fang.com/
Logger:2020-03-16 23:28:06.889396 https://ylwenzhouguoji.fang.com/
Logger:2020-03-16 23:28:07.301495 https://guomaochengzy0999.fang.com/
Logger:2020-03-16 23:28:07.629590 https://shuimuhuaduzx.fang.com/
Logger:2020-03-16 23:28:07.923803 https://ylxituo.fang.com/
Logger:2020-03-16 23:28:08.287344 https://ylxiqiaomingdou.fang.com/
Logger:2020-03-16 23:28:08.654703 https://ylmingshizhenpin.fang.com/
Logger:2020-03-16 23:28:08.974784 https://ylronghedasha.fang.com/
Logger:2020-03-16 23:28:09.270713 https://zhongyazhimen.fang.com/
Logger:2020-03-16 23:28:09.621800 https://ylyihebeian.fang.com/
Logger:2020-03-16 23:28:09.999762 https://yangguangshuianhd0999.fang.com/2/
Logger:2020-03-16 23:28:10.511453 https://yipinshangcheng0999.fang.com/
Logger:2020-03-16 23:28:12.715313 https://ylxinfadi.fang.com/
Logger:2020-03-16 23:28:14.201296 https://ylwanyangdasha.fang.com/
Logger:2020-03-16 23:28:19.187118 https://ylzifeng.fang.com/
Logger:2020-03-16 23:28:19.543137 https://ylhaofeng.fang.com/
Logger:2020-03-16 23:28:23.335901 https://yili.newhouse.fang.com/house/s/b95/
Logger:2020-03-16 23:28:23.574201 https://ylzhongyangshangwu.fang.com/
Logger:2020-03-16 23:28:23.859462 https://bywjjdjcc.fang.com/
Logger:2020-03-16 23:28:24.153651 https://lcgtwljzjcy.fang.com/
Logger:2020-03-16 23:28:24.504789 https://zjgjqpc0999.fang.com/
Logger:2020-03-16 23:28:28.185330 https://yili.newhouse.fang.com/house/s/b96/
Logger:2020-03-16 23:28:31.819065 https://yili.newhouse.fang.com/house/s/b97/
Logger:2020-03-16 23:28:35.450946 https://yili.newhouse.fang.com/house/s/b98/
