Logger:2020-03-16 16:30:52.260725 https://yinchuan.newhouse.fang.com/house/s/b91/
Logger:2020-03-16 16:30:52.608773 https://jinyulanwan0951.fang.com/
Logger:2020-03-16 16:30:52.961800 https://tianshanguanlan.fang.com/
Logger:2020-03-16 16:30:53.349460 https://tianshanxihu0951.fang.com/
Logger:2020-03-16 16:30:53.687550 https://wankefeicuihuwang.fang.com/
Logger:2020-03-16 16:30:54.033595 https://feicuigongyuanycwk.fang.com/
Logger:2020-03-16 16:30:59.807629 https://luyinlongxi.fang.com/
Logger:2020-03-16 16:31:00.227515 https://jiayulibgy.fang.com/
Logger:2020-03-16 16:31:00.544359 https://jinseshuianwk0951.fang.com/
Logger:2020-03-16 16:31:00.962004 https://haidejiayuanzf.fang.com/
Logger:2020-03-16 16:31:01.383903 https://zhonghaiboyuegongguan.fang.com/
Logger:2020-03-16 16:31:01.777822 https://shuntianjiayuan.fang.com/
Logger:2020-03-16 16:31:02.201016 https://zhenyuan0951.fang.com/
Logger:2020-03-16 16:31:02.586056 https://shanhaiwanbgy.fang.com/
Logger:2020-03-16 16:31:03.000017 https://jinfenghuayuanyh.fang.com/
Logger:2020-03-16 16:31:03.614162 https://longxiwan0951.fang.com/
Logger:2020-03-16 16:31:03.912130 https://biguiyuanfeicuiwan0951.fang.com/
Logger:2020-03-16 16:31:04.264189 https://yujinghucheng.fang.com/
Logger:2020-03-16 16:31:04.668141 https://guobinyihaots0951.fang.com/
Logger:2020-03-16 16:31:05.031168 https://chengshizhiguangwk0951.fang.com/
Logger:2020-03-16 16:31:12.720696 https://taolichunfenglc0951.fang.com/
Logger:2020-03-16 16:31:16.127617 https://yinchuan.newhouse.fang.com/house/s/b92/
Logger:2020-03-16 16:31:16.433821 https://zitengmingzhu.fang.com/
Logger:2020-03-16 16:31:16.898615 https://aohaiyongningfu.fang.com/
Logger:2020-03-16 16:31:17.247645 https://gongyuanyuefu0951.fang.com/
Logger:2020-03-16 16:31:17.652117 https://gongyuanhuafu0951.fang.com/
Logger:2020-03-16 16:31:18.097226 https://shimaoyuexi.fang.com/
Logger:2020-03-16 16:31:18.511119 https://yinchuanwuyueguangchang.fang.com/
Logger:2020-03-16 16:31:18.864175 https://tianshanlanan.fang.com/
Logger:2020-03-16 16:31:19.415296 https://xingqingfuerhaoyuanms.fang.com/
Logger:2020-03-16 16:31:19.820571 https://zhonghaiyuefu0951.fang.com/
Logger:2020-03-16 16:31:20.335645 https://tianjunyunjing.fang.com/
Logger:2020-03-16 16:31:21.858266 https://guojishequzh0951.fang.com/
Logger:2020-03-16 16:31:22.208888 https://jindihuayuan0951.fang.com/
Logger:2020-03-16 16:31:22.550009 https://wankeyuchenyuan.fang.com/
Logger:2020-03-16 16:31:22.934983 https://wuyuehefu0951.fang.com/
Logger:2020-03-16 16:31:23.262095 https://aohaixihefu.fang.com/
Logger:2020-03-16 16:31:23.603018 https://binheyihaohl0951.fang.com/
Logger:2020-03-16 16:31:23.980404 https://weihuchengms.fang.com/
Logger:2020-03-16 16:31:24.469091 https://taianshijia.fang.com/
Logger:2020-03-16 16:31:24.826113 https://lvdichengyc.fang.com/
Logger:2020-03-16 16:31:25.182902 https://baohujindu.fang.com/
Logger:2020-03-16 16:31:29.008775 https://yinchuan.newhouse.fang.com/house/s/b93/
Logger:2020-03-16 16:31:33.968783 https://qingfengyujinwan.fang.com/
Logger:2020-03-16 16:31:36.698631 https://yhwxhlgcyy.fang.com/
Logger:2020-03-16 16:31:37.105579 https://guojihuaduld0951.fang.com/
Logger:2020-03-16 16:31:37.491669 https://tianyushijiabgy.fang.com/
Logger:2020-03-16 16:31:37.785272 https://jinyufenglaiwan.fang.com/
Logger:2020-03-16 16:31:38.091411 https://jitaiziyuetai.fang.com/
Logger:2020-03-16 16:31:38.400606 https://jingyuefu0951.fang.com/
Logger:2020-03-16 16:31:38.782097 https://puyuetai.fang.com/
Logger:2020-03-16 16:31:39.128220 https://jitairunyuan.fang.com/
Logger:2020-03-16 16:31:39.475186 https://haishijiets0951.fang.com/
Logger:2020-03-16 16:31:39.789323 https://huirongjingyuan.fang.com/
Logger:2020-03-16 16:31:40.172313 https://zhengfenghuanghemingzhu.fang.com/
Logger:2020-03-16 16:31:40.506039 https://jurantiyushijieli.fang.com/
Logger:2020-03-16 16:31:40.802007 https://helanbiguiyuan.fang.com/
Logger:2020-03-16 16:31:41.138889 https://yundingyayuan0951.fang.com/
Logger:2020-03-16 16:31:41.480012 https://yujingbandaohd0951.fang.com/
Logger:2020-03-16 16:31:41.790157 https://luxianshengdeyangfang.fang.com/
Logger:2020-03-16 16:31:42.092384 https://yuehaitianrunfu.fang.com/
Logger:2020-03-16 16:31:42.490332 https://xingzhouhuayuan0951.fang.com/
Logger:2020-03-16 16:31:42.929088 https://beitashuyuan.fang.com/
Logger:2020-03-16 16:31:46.283553 https://yinchuan.newhouse.fang.com/house/s/b94/
Logger:2020-03-16 16:31:46.638420 https://fenglinwan0951.fang.com/
Logger:2020-03-16 16:31:47.065329 https://hengdalvzhou0952.fang.com/
Logger:2020-03-16 16:31:47.505177 https://junanjiayuan0951.fang.com/
Logger:2020-03-16 16:31:51.395188 https://hengdadijing0951.fang.com/
Logger:2020-03-16 16:31:51.755241 https://aohailanting.fang.com/
Logger:2020-03-16 16:31:52.184603 https://puyuewan.fang.com/
Logger:2020-03-16 16:31:52.538711 https://runfalanting0951.fang.com/
Logger:2020-03-16 16:31:52.889805 https://zhongfangdongfangfu.fang.com/
Logger:2020-03-16 16:31:53.270800 https://xiyuewanzf.fang.com/
Logger:2020-03-16 16:31:53.643303 https://xiyuntaizf.fang.com/
Logger:2020-03-16 16:31:54.015978 https://fenghuangshangzhujn.fang.com/
Logger:2020-03-16 16:31:54.330777 https://minshenglanjingyuan.fang.com/
Logger:2020-03-16 16:31:54.710270 https://fenghuanghuafu.fang.com/
Logger:2020-03-16 16:31:55.177018 https://baohuyinxiang.fang.com/
Logger:2020-03-16 16:31:55.500154 https://nanbowanjf.fang.com/
Logger:2020-03-16 16:31:55.821285 https://zhongliangyufu.fang.com/
Logger:2020-03-16 16:31:56.225252 https://weilaicheng0951.fang.com/
Logger:2020-03-16 16:31:56.590279 https://paishengqinyuan.fang.com/
Logger:2020-03-16 16:31:56.942305 https://sanshayuanjingshe.fang.com/
Logger:2020-03-16 16:31:57.395817 https://dayuecheng0951.fang.com/
Logger:2020-03-16 16:32:00.732512 https://yinchuan.newhouse.fang.com/house/s/b95/
Logger:2020-03-16 16:32:01.119807 https://xingfufengjingqsw.fang.com/
Logger:2020-03-16 16:32:01.528696 https://fengyingjiayuan0951.fang.com/
Logger:2020-03-16 16:32:01.973505 https://lexiangtiancheng.fang.com/
Logger:2020-03-16 16:32:02.279709 https://paishengqinyuan.fang.com/
Logger:2020-03-16 16:32:02.967536 https://tianjiarenheli.fang.com/
Logger:2020-03-16 16:32:03.338560 https://shimaoyuehaili.fang.com/
Logger:2020-03-16 16:32:03.754131 https://longguangjincuifangting.fang.com/
Logger:2020-03-16 16:32:04.100748 https://shijitianjiao0951.fang.com/
Logger:2020-03-16 16:32:06.822566 https://fudiqinghuafu.fang.com/
Logger:2020-03-16 16:32:07.278348 https://xicuifangtinglg0951.fang.com/
Logger:2020-03-16 16:32:07.613494 https://hongqiaoyujing.fang.com/
Logger:2020-03-16 16:32:08.047005 https://fenghuayuanxiqu.fang.com/
Logger:2020-03-16 16:32:08.396820 https://honglingdixiangyuan.fang.com/
Logger:2020-03-16 16:32:08.823705 https://rongchenggaodeng.fang.com/
Logger:2020-03-16 16:32:09.212638 https://085896.fang.com/
Logger:2020-03-16 16:32:09.663499 https://dingjidayuan.fang.com/
Logger:2020-03-16 16:32:10.032203 https://dehongshangyeguangchang.fang.com/
Logger:2020-03-16 16:32:10.488939 https://zhongyexingfuchen.fang.com/
Logger:2020-03-16 16:32:10.849976 https://xiangxielishehuayuan.fang.com/
Logger:2020-03-16 16:32:11.243636 https://yiduhuayuan0951.fang.com/
Logger:2020-03-16 16:32:15.403217 https://yinchuan.newhouse.fang.com/house/s/b96/
Logger:2020-03-16 16:32:15.781204 https://yashilandi.fang.com/
Logger:2020-03-16 16:32:16.114352 https://dongfangyuezf.fang.com/
Logger:2020-03-16 16:32:16.464378 https://yueranjuzf.fang.com/
Logger:2020-03-16 16:32:16.835410 https://tianxiachuanjn.fang.com/
Logger:2020-03-16 16:32:17.325782 https://fengzemeiju.fang.com/
Logger:2020-03-16 16:32:17.648469 https://zijinchengyd.fang.com/
Logger:2020-03-16 16:32:18.032442 https://zhonghuanguangchang0951.fang.com/
Logger:2020-03-16 16:32:18.450888 https://shangmeiyaju.fang.com/
Logger:2020-03-16 16:32:18.823574 https://yinchuanrongchuangcheng.fang.com/
Logger:2020-03-16 16:32:19.207631 https://xinhualianguangchangyc.fang.com/
Logger:2020-03-16 16:32:19.666440 https://yuehaiwanhx.fang.com/
Logger:2020-03-16 16:32:21.084445 https://changchenghuayuanlingshihucheng.fang.com/
Logger:2020-03-16 16:32:24.492925 https://xingqinghuafu.fang.com/
Logger:2020-03-16 16:32:24.872883 https://jinduyuan0951.fang.com/
Logger:2020-03-16 16:32:25.247875 https://ronghengxingzhai.fang.com/
Logger:2020-03-16 16:32:25.679761 https://xingfuyinjibgy0951.fang.com/
Logger:2020-03-16 16:32:26.003383 https://jinqiaohuafu.fang.com/
Logger:2020-03-16 16:32:26.387354 https://yinchuanyuanzi.fang.com/
Logger:2020-03-16 16:32:30.463883 https://baohutianxia.fang.com/
Logger:2020-03-16 16:32:30.859830 https://suzhougongguan.fang.com/
Logger:2020-03-16 16:32:34.168641 https://yinchuan.newhouse.fang.com/house/s/b97/
Logger:2020-03-16 16:32:37.589165 https://tianehuxiaozhen0951.fang.com/2/
Logger:2020-03-16 16:32:38.016168 https://yinzihushuidu.fang.com/
Logger:2020-03-16 16:32:38.396635 https://lvdi21cheng.fang.com/
Logger:2020-03-16 16:32:38.804580 https://yuehumingdi0951.fang.com/
Logger:2020-03-16 16:32:39.218036 https://furonggucheng0951.fang.com/
Logger:2020-03-16 16:32:39.652731 https://jinseyangguang20951.fang.com/
Logger:2020-03-16 16:32:40.303056 https://zhongtuoshijichengyc.fang.com/
Logger:2020-03-16 16:32:40.751895 https://wencui9hao.fang.com/
Logger:2020-03-16 16:32:41.156769 https://defengdasha0951.fang.com/
Logger:2020-03-16 16:32:41.516334 https://youyuechengjf.fang.com/
Logger:2020-03-16 16:32:43.415215 https://lantianjunjing.fang.com/
Logger:2020-03-16 16:32:45.468221 https://dongfangyunzf.fang.com/
Logger:2020-03-16 16:32:45.813588 https://jianfafenglinwangongyu.fang.com/
Logger:2020-03-16 16:32:46.216505 https://gongxianghuayuan.fang.com/
Logger:2020-03-16 16:32:46.585506 https://jinxilips.fang.com/
Logger:2020-03-16 16:32:46.900754 https://jinshengyujing.fang.com/
Logger:2020-03-16 16:32:49.548063 https://guanlanguoji0951.fang.com/
Logger:2020-03-16 16:32:49.993851 https://huaiyuanxishi.fang.com/
Logger:2020-03-16 16:32:50.281083 https://fuzeshanghaoyuanzy.fang.com/
Logger:2020-03-16 16:32:50.600981 https://lanyuewan0951.fang.com/
Logger:2020-03-16 16:32:54.305518 https://yinchuan.newhouse.fang.com/house/s/b98/
Logger:2020-03-16 16:32:54.734468 https://yiheshu.fang.com/
Logger:2020-03-16 16:32:55.055241 https://meiyinhucheng.fang.com/
Logger:2020-03-16 16:32:55.434263 https://jiangningficzhihuizhongxin.fang.com/
Logger:2020-03-16 16:32:57.303102 https://lingdongxintiandi.fang.com/
Logger:2020-03-16 16:32:57.677101 https://baohuhaiyuejhsw.fang.com/
Logger:2020-03-16 16:32:59.860426 https://ningyangwenhuagong.fang.com/
Logger:2020-03-16 16:33:00.214533 https://haohaichuntianhuayu.fang.com/
Logger:2020-03-16 16:33:02.068529 https://huanlepark.fang.com/
Logger:2020-03-16 16:33:02.635606 https://jinmaoguojishenghuogang.fang.com/
Logger:2020-03-16 16:33:03.100376 https://yuehaiyuanzism.fang.com/
Logger:2020-03-16 16:33:04.047737 https://xingyuefujf.fang.com/
Logger:2020-03-16 16:33:04.421648 https://aohaiyushanfu.fang.com/
Logger:2020-03-16 16:33:04.932323 https://junlintianxia0951.fang.com/
Logger:2020-03-16 16:33:05.373131 https://huayangnianhuanq.fang.com/
Logger:2020-03-16 16:33:05.730191 https://chengshi1hao.fang.com/
Logger:2020-03-16 16:33:06.060269 https://shuntianruyifu.fang.com/
Logger:2020-03-16 16:33:06.496900 https://beitameiju.fang.com/
Logger:2020-03-16 16:33:06.815236 https://baohuwan.fang.com/
Logger:2020-03-16 16:33:07.140274 https://caifuzhongguong.fang.com/
Logger:2020-03-16 16:33:07.514322 https://yuehurongting.fang.com/
Logger:2020-03-16 16:33:11.271448 https://yinchuan.newhouse.fang.com/house/s/b99/
Logger:2020-03-16 16:33:11.619541 https://qingnianchengsh0951.fang.com/
Logger:2020-03-16 16:33:11.997518 https://scsms.fang.com/
Logger:2020-03-16 16:33:12.316753 https://tuosikanayuquanyuan.fang.com/
Logger:2020-03-16 16:33:12.716794 https://guojichengzc.fang.com/
Logger:2020-03-16 16:33:13.111278 https://baohuwaitan.fang.com/
Logger:2020-03-16 16:33:13.480285 https://lvdiyihaogongguan0951.fang.com/
Logger:2020-03-16 16:33:15.674096 https://xingqingwandaguangchang.fang.com/
Logger:2020-03-16 16:33:16.040085 https://ouzhouyinxiang0951.fang.com/
Logger:2020-03-16 16:33:16.451672 https://lvdizhongxin0951.fang.com/
Logger:2020-03-16 16:33:16.780820 https://alashanguangchangyc.fang.com/
Logger:2020-03-16 16:33:18.683974 https://sushangzongbuyuan.fang.com/
Logger:2020-03-16 16:33:19.053985 https://sanshayuanxinjieli.fang.com/
Logger:2020-03-16 16:33:21.899013 https://pakezhongxin.fang.com/
Logger:2020-03-16 16:33:22.433225 https://hongjiaguangchangrc.fang.com/
Logger:2020-03-16 16:33:22.756881 https://mingcuihucheng.fang.com/
Logger:2020-03-16 16:33:24.615297 https://pakeguolingnxzy.fang.com/
Logger:2020-03-16 16:33:25.482059 https://zhonghaiyangshu0951.fang.com/
Logger:2020-03-16 16:33:25.919887 https://dizhonghaith.fang.com/
Logger:2020-03-16 16:33:26.267601 https://hengdajunruifu0951.fang.com/
Logger:2020-03-16 16:33:28.094701 https://zhonghuanxiyuan.fang.com/
Logger:2020-03-16 16:33:31.470586 https://yinchuan.newhouse.fang.com/house/s/b910/
Logger:2020-03-16 16:33:31.896484 https://jiangnanxuefuxh.fang.com/
Logger:2020-03-16 16:33:32.837971 https://wankechuxinyuan.fang.com/
Logger:2020-03-16 16:33:33.242872 https://tuosikanazhuangyuan.fang.com/
Logger:2020-03-16 16:33:33.606977 https://hongheguxsw.fang.com/
Logger:2020-03-16 16:33:35.291113 https://zhengfengkechuangzhongxin.fang.com/
Logger:2020-03-16 16:33:37.033609 https://runhengchengnx.fang.com/
Logger:2020-03-16 16:33:37.463104 https://zhengfengshengshilingzhou.fang.com/
Logger:2020-03-16 16:33:38.926858 https://jinbangmingyuan0951.fang.com/
Logger:2020-03-16 16:33:41.188345 https://lingshisoho0951.fang.com/
Logger:2020-03-16 16:33:41.489143 https://xigangyaju.fang.com/
Logger:2020-03-16 16:33:41.879090 https://yindaweiweilai.fang.com/
Logger:2020-03-16 16:33:44.481464 https://fuyingruijin.fang.com/
Logger:2020-03-16 16:33:44.794622 https://lingdongyuedi.fang.com/
Logger:2020-03-16 16:33:45.119331 https://hengdamingduwz.fang.com/
Logger:2020-03-16 16:33:45.528251 https://ruyiyuansx.fang.com/
Logger:2020-03-16 16:33:45.918183 https://lvchengshenlanguangchang.fang.com/
Logger:2020-03-16 16:33:46.212382 https://wenhuachengyc.fang.com/
Logger:2020-03-16 16:33:46.523625 https://huilanyuancqu.fang.com/
Logger:2020-03-16 16:33:46.970429 https://lidabolancheng.fang.com/
Logger:2020-03-16 16:33:47.297576 https://yinchuantiandi.fang.com/
Logger:2020-03-16 16:33:50.610169 https://yinchuan.newhouse.fang.com/house/s/b911/
Logger:2020-03-16 16:33:53.725630 https://zhengfengweilaizhongxin.fang.com/
Logger:2020-03-16 16:33:54.070787 https://zhongxinguangchangzk.fang.com/
Logger:2020-03-16 16:33:54.396931 https://musilinchengsj.fang.com/
Logger:2020-03-16 16:33:54.705717 https://caifuhuigy.fang.com/
Logger:2020-03-16 16:33:55.046851 https://huirongzhongxin.fang.com/
Logger:2020-03-16 16:33:55.437721 https://jinyuguangchang0951.fang.com/
Logger:2020-03-16 16:33:55.739067 https://guloushangjie.fang.com/
Logger:2020-03-16 16:33:56.086714 https://shidaiguangchangth0951.fang.com/
Logger:2020-03-16 16:33:56.472293 https://baohuxindushangyeguangchang.fang.com/
Logger:2020-03-16 16:33:56.839310 https://maitianzhongxin0951.fang.com/
Logger:2020-03-16 16:33:57.158449 https://yutiandasha0951.fang.com/
Logger:2020-03-16 16:33:58.896526 https://guojiqichecheng0951.fang.com/
Logger:2020-03-16 16:33:59.186822 https://huaxiaqichegang.fang.com/
Logger:2020-03-16 16:33:59.625201 https://yangguangguoji0951.fang.com/
Logger:2020-03-16 16:34:02.206932 https://huifengdasha0951.fang.com/
Logger:2020-03-16 16:34:02.540107 https://huanghewenhuachuangzhanzhongxin.fang.com/
Logger:2020-03-16 16:34:05.543268 https://mingduguoji0951.fang.com/
Logger:2020-03-16 16:34:05.891334 https://guangyaozhongxin.fang.com/
Logger:2020-03-16 16:34:06.309253 https://shangwuguangchangdsj.fang.com/
Logger:2020-03-16 16:34:09.935643 https://yinchuan.newhouse.fang.com/house/s/b912/
Logger:2020-03-16 16:34:13.431009 https://yinchuan.newhouse.fang.com/house/s/b913/
Logger:2020-03-16 16:34:17.012325 https://yinchuan.newhouse.fang.com/house/s/b914/
