Logger:2020-03-16 15:14:31.200824 https://yingtan.newhouse.fang.com/house/s/b91/
Logger:2020-03-16 15:14:31.562898 https://193154.fang.com/
Logger:2020-03-16 15:14:34.460427 https://193156.fang.com/
Logger:2020-03-16 15:14:34.795604 https://ythengdayujing.fang.com/
Logger:2020-03-16 15:14:35.146318 https://yihaoyuanzz.fang.com/
Logger:2020-03-16 15:14:35.450531 https://yuehuzhongyangyt.fang.com/
Logger:2020-03-16 15:14:35.844498 https://yinxiangchengfr.fang.com/
Logger:2020-03-16 15:14:36.171751 https://193164.fang.com/
Logger:2020-03-16 15:14:36.475000 https://193162.fang.com/
Logger:2020-03-16 15:14:36.820483 https://shuimuqinghua0701.fang.com/
Logger:2020-03-16 15:14:37.186501 https://hengdalvzhouyt.fang.com/
Logger:2020-03-16 15:14:37.489692 https://zijinghuayuan0701.fang.com/
Logger:2020-03-16 15:14:37.796485 https://xinjiabo.fang.com/
Logger:2020-03-16 15:14:38.186430 https://huachanglijing.fang.com/
Logger:2020-03-16 15:14:38.578373 https://jinsenshijie.fang.com/
Logger:2020-03-16 15:14:38.908499 https://jiaheshanzhuang.fang.com/4/
Logger:2020-03-16 15:14:39.266521 https://qingboyayuan.fang.com/
Logger:2020-03-16 15:14:39.600290 https://yangguangbali.fang.com/
Logger:2020-03-16 15:14:39.997875 https://aolinshanshuitj.fang.com/
Logger:2020-03-16 15:14:40.340952 https://rhgjxq.fang.com/1/
Logger:2020-03-16 15:14:43.265449 https://binjiangguangchanggl.fang.com/
Logger:2020-03-16 15:14:47.123103 https://yingtan.newhouse.fang.com/house/s/b92/
Logger:2020-03-16 15:14:53.031357 https://wangfushijia.fang.com/
Logger:2020-03-16 15:14:53.403336 https://jcmly.fang.com/
Logger:2020-03-16 15:14:53.728464 https://caifuguangchangsh.fang.com/
Logger:2020-03-16 15:14:54.039684 https://meihuayuantj.fang.com/
Logger:2020-03-16 15:14:54.370545 https://xinjiangdijing.fang.com/
Logger:2020-03-16 15:14:54.664760 https://dushigangwan0701.fang.com/
Logger:2020-03-16 15:14:55.110576 https://jiaheshanzhuang2.fang.com/
Logger:2020-03-16 15:14:55.443674 https://bailuwancj.fang.com/2/
Logger:2020-03-16 15:14:55.787838 https://jsnhgc.fang.com/
Logger:2020-03-16 15:14:56.100647 https://longtengbinjiang.fang.com/
Logger:2020-03-16 15:14:57.832095 https://bailuwancj.fang.com/
Logger:2020-03-16 15:14:58.145257 https://wanfuxincheng.fang.com/
Logger:2020-03-16 15:15:01.838511 https://yingtan.newhouse.fang.com/house/s/b93/
Logger:2020-03-16 15:15:05.643944 https://yingtan.newhouse.fang.com/house/s/b94/
Logger:2020-03-16 15:15:09.294506 https://yingtan.newhouse.fang.com/house/s/b95/
