Logger:2020-03-17 00:40:36.873148 https://yiwu.newhouse.fang.com/house/s/b91/
Logger:2020-03-17 00:40:37.135450 https://puhehuayuanzabl.fang.com/?from=xflist_xfgg
Logger:2020-03-17 00:40:37.399705 https://lijingwan0579.fang.com/
Logger:2020-03-17 00:40:37.732857 https://yuquanyuanmx.fang.com/
Logger:2020-03-17 00:40:38.055993 https://daguojingbl.fang.com/
Logger:2020-03-17 00:40:38.311342 https://baolongshijiaza.fang.com/
Logger:2020-03-17 00:40:38.851821 https://tianboblhx.fang.com/
Logger:2020-03-17 00:40:39.149026 https://wanjiafenghuabjjd.fang.com/
Logger:2020-03-17 00:40:39.431313 https://yiwuyihaoyuanrc.fang.com/
Logger:2020-03-17 00:40:39.711546 https://jinmaofuft.fang.com/
Logger:2020-03-17 00:40:39.976815 https://yunqijiangjing.fang.com/
Logger:2020-03-17 00:40:40.328869 https://duhuizhiguangjd.fang.com/
Logger:2020-03-17 00:40:40.662975 https://cuicanzhichengsm.fang.com/
Logger:2020-03-17 00:40:40.927269 https://jinyitianbohx.fang.com/
Logger:2020-03-17 00:40:41.191606 https://tianhuiyuanbl.fang.com/
Logger:2020-03-17 00:40:41.470815 https://yiwuchaoyangmenld.fang.com/
Logger:2020-03-17 00:40:41.712202 https://jinxiuzhichengbj0579.fang.com/
Logger:2020-03-17 00:40:43.697893 https://hongmenjiufengld.fang.com/
Logger:2020-03-17 00:40:44.061883 https://manyuewanzn0579.fang.com/
Logger:2020-03-17 00:40:44.305232 https://wujiangyinyue.fang.com/
Logger:2020-03-17 00:40:44.576506 https://xinghuibgy0579.fang.com/
Logger:2020-03-17 00:40:49.090474 https://yiwu.newhouse.fang.com/house/s/b92/
Logger:2020-03-17 00:40:49.336772 https://xijiangyipin.fang.com/
Logger:2020-03-17 00:40:49.628991 https://lanyuanywlc.fang.com/
Logger:2020-03-17 00:40:49.879321 https://yingjiangyaju.fang.com/
Logger:2020-03-17 00:40:50.876653 https://dongwangwenhua.fang.com/
Logger:2020-03-17 00:40:51.150955 https://xiangjunxjy.fang.com/
Logger:2020-03-17 00:40:51.426183 https://xjoy.fang.com/
Logger:2020-03-17 00:40:51.694506 https://sanjiangduhuifl.fang.com/
Logger:2020-03-17 00:40:51.936848 https://zijinwandc.fang.com/
Logger:2020-03-17 00:40:52.259952 https://xijingyuefu0579.fang.com/
Logger:2020-03-17 00:40:52.504298 https://yunjingfuyw.fang.com/
Logger:2020-03-17 00:40:52.781556 https://shijiejiangwanjdzl.fang.com/
Logger:2020-03-17 00:40:53.025902 https://guiyutinglanjtlc.fang.com/
Logger:2020-03-17 00:40:53.261316 https://dushiwaitanzc.fang.com/
Logger:2020-03-17 00:40:54.578791 https://jincuilantingbjzt.fang.com/
Logger:2020-03-17 00:40:54.817151 https://yiwutaohuayuanlc.fang.com/
Logger:2020-03-17 00:40:55.039516 https://dongyangguobinfumd.fang.com/
Logger:2020-03-17 00:40:55.322759 https://yihaobjxg.fang.com/
Logger:2020-03-17 00:40:55.618965 https://lvguyunxi.fang.com/
Logger:2020-03-17 00:40:55.865349 https://bjyzf.fang.com/
Logger:2020-03-17 00:40:56.142645 https://yiwutaolichunfenglc.fang.com/
Logger:2020-03-17 00:40:59.422832 https://yiwu.newhouse.fang.com/house/s/b93/
Logger:2020-03-17 00:40:59.724981 https://buyanghuafujb.fang.com/
Logger:2020-03-17 00:40:59.987323 https://dongfangchengpinzt.fang.com/
Logger:2020-03-17 00:41:00.253568 https://baolongshijiamd.fang.com/
Logger:2020-03-17 00:41:00.529871 https://yongkangfuzlbl.fang.com/
Logger:2020-03-17 00:41:00.827034 https://guobinfuzlhd.fang.com/
Logger:2020-03-17 00:41:01.066393 https://jiameiguangchangsc.fang.com/
Logger:2020-03-17 00:41:01.316765 https://gongyuanyihaobj.fang.com/
Logger:2020-03-17 00:41:01.558120 https://wandaguangchanyw.fang.com/
Logger:2020-03-17 00:41:01.881213 https://junhuashuian.fang.com/
Logger:2020-03-17 00:41:02.130547 https://junchenfubgydx.fang.com/
Logger:2020-03-17 00:41:02.409798 https://xijiangyuefuzljd.fang.com/
Logger:2020-03-17 00:41:02.662124 https://zhongyangcheng0579.fang.com/
Logger:2020-03-17 00:41:02.945366 https://yuehongwanbj.fang.com/
Logger:2020-03-17 00:41:03.212691 https://xishanghuating.fang.com/
Logger:2020-03-17 00:41:03.520869 https://jiangnanlill.fang.com/
Logger:2020-03-17 00:41:03.770224 https://duohuguojibgy.fang.com/
Logger:2020-03-17 00:41:04.093326 https://boyuehuafubgy.fang.com/
Logger:2020-03-17 00:41:04.335684 https://zhenheyuanwk.fang.com/
Logger:2020-03-17 00:41:04.584025 https://yuefuznxc.fang.com/
Logger:2020-03-17 00:41:04.848276 https://zijintai0579.fang.com/
Logger:2020-03-17 00:41:08.785767 https://yiwu.newhouse.fang.com/house/s/b94/
Logger:2020-03-17 00:41:09.028095 https://ywjiufuheyuan.fang.com/
Logger:2020-03-17 00:41:09.379154 https://xiyufuby.fang.com/
Logger:2020-03-17 00:41:09.640498 https://dongyangfuzl.fang.com/
Logger:2020-03-17 00:41:09.950626 https://shengyuzhiguangxc.fang.com/
Logger:2020-03-17 00:41:10.170081 https://yunyuxc.fang.com/
Logger:2020-03-17 00:41:10.503148 https://chengshizhiguangbgy0579.fang.com/
Logger:2020-03-17 00:41:11.580267 https://yuxihujh.fang.com/
Logger:2020-03-17 00:41:12.120821 https://lianlizhongxin.fang.com/
Logger:2020-03-17 00:41:12.386111 https://tianrunhuafuby.fang.com/
Logger:2020-03-17 00:41:12.622522 https://jinyiyijingyuan.fang.com/
Logger:2020-03-17 00:41:15.022091 https://bahaogongguanwg.fang.com/
Logger:2020-03-17 00:41:15.351179 https://hailunbaojunyuefu2.fang.com/
Logger:2020-03-17 00:41:15.611483 https://yunxitaoyuanls.fang.com/
Logger:2020-03-17 00:41:15.877771 https://longqianfuwt.fang.com/
Logger:2020-03-17 00:41:16.223844 https://meiguiyuanlc0579.fang.com/
Logger:2020-03-17 00:41:16.472179 https://jiulongwan0579.fang.com/
Logger:2020-03-17 00:41:16.744451 https://guiyushanju.fang.com/
Logger:2020-03-17 00:41:17.003758 https://junlanjiangshanmd0579.fang.com/
Logger:2020-03-17 00:41:17.342887 https://suxiyinxiangsc.fang.com/
Logger:2020-03-17 00:41:17.572238 https://rongyuewandfay.fang.com/
Logger:2020-03-17 00:41:21.315269 https://yiwu.newhouse.fang.com/house/s/b95/
Logger:2020-03-17 00:41:21.549598 https://wangurongyuan.fang.com/
Logger:2020-03-17 00:41:21.781022 https://gscsgc.fang.com/
Logger:2020-03-17 00:41:22.065244 https://xinliyuanmx.fang.com/
Logger:2020-03-17 00:41:22.281678 https://zhongyanggongyuanhx0579.fang.com/
Logger:2020-03-17 00:41:22.537953 https://shanghuhuazhangmd.fang.com/
Logger:2020-03-17 00:41:22.788283 https://xijiangyuewg.fang.com/
Logger:2020-03-17 00:41:23.120420 https://senshanbandaorc.fang.com/
Logger:2020-03-17 00:41:23.359795 https://wuxiyinxiangll.fang.com/
Logger:2020-03-17 00:41:24.602430 https://xinhuxianggelila.fang.com/
Logger:2020-03-17 00:41:24.886713 https://huadongyihaoyuanwyzl.fang.com/
Logger:2020-03-17 00:41:25.130019 https://shimaozhongxinyw.fang.com/
Logger:2020-03-17 00:41:25.372370 https://xiyuefumx.fang.com/
Logger:2020-03-17 00:41:25.625724 https://dongfangyuewg.fang.com/
Logger:2020-03-17 00:41:25.898961 https://yuejiangfuzrhj.fang.com/
Logger:2020-03-17 00:41:26.124403 https://shuangxiyuanpj.fang.com/
Logger:2020-03-17 00:41:26.364762 https://baojihuhaitang.fang.com/
Logger:2020-03-17 00:41:26.646962 https://binhongxincheng.fang.com/
Logger:2020-03-17 00:41:26.928209 https://xiwangwenhuaxuan.fang.com/
Logger:2020-03-17 00:41:27.366077 https://lanxiyuanzi.fang.com/
Logger:2020-03-17 00:41:27.644331 https://jinhuayuyuanlc.fang.com/
Logger:2020-03-17 00:41:31.529930 https://yiwu.newhouse.fang.com/house/s/b96/
Logger:2020-03-17 00:41:31.815216 https://lanchengyin.fang.com/
Logger:2020-03-17 00:41:32.166196 https://jinchenfumd.fang.com/
Logger:2020-03-17 00:41:32.458415 https://junlanfuby.fang.com/
Logger:2020-03-17 00:41:32.717765 https://lanjiangmingdity.fang.com/
Logger:2020-03-17 00:41:33.020954 https://meiguiyuanxx.fang.com/
Logger:2020-03-17 00:41:33.298224 https://jinxiutiancheng.fang.com/3/
Logger:2020-03-17 00:41:33.850690 https://shoufulongyuewy.fang.com/
Logger:2020-03-17 00:41:34.085063 https://chunfengchangzhulc.fang.com/
Logger:2020-03-17 00:41:34.320493 https://chunjianghuayuanhq.fang.com/3/
Logger:2020-03-17 00:41:34.628608 https://genhao2sg.fang.com/
Logger:2020-03-17 00:41:34.877941 https://oujingyuyuanws.fang.com/
Logger:2020-03-17 00:41:35.122288 https://yinhujinyue.fang.com/
Logger:2020-03-17 00:41:35.360663 https://wangutianxi.fang.com/
Logger:2020-03-17 00:41:35.635914 https://hubinyihaowg.fang.com/
Logger:2020-03-17 00:41:35.865377 https://wanlongfu.fang.com/
Logger:2020-03-17 00:41:36.091695 https://yfkunyayuan.fang.com/
Logger:2020-03-17 00:41:36.336041 https://nanshanjunxy.fang.com/
Logger:2020-03-17 00:41:36.617289 https://haitangyipin0579.fang.com/
Logger:2020-03-17 00:41:36.893592 https://gongyuanchengpinzt.fang.com/
Logger:2020-03-17 00:41:37.212727 https://duhuisijiskzt.fang.com/
Logger:2020-03-17 00:41:40.521873 https://yiwu.newhouse.fang.com/house/s/b97/
Logger:2020-03-17 00:41:40.764196 https://jiangfengyayuanst.fang.com/
Logger:2020-03-17 00:41:41.052425 https://tianyuefuza.fang.com/
Logger:2020-03-17 00:41:41.297768 https://shengyuxc.fang.com/
Logger:2020-03-17 00:41:41.604946 https://jiayuanjh.fang.com/
Logger:2020-03-17 00:41:41.880210 https://shanglinyuanlw.fang.com/
Logger:2020-03-17 00:41:42.119570 https://jiangnandayuandxbgy.fang.com/
Logger:2020-03-17 00:41:43.589674 https://shanshuiyipin0579.fang.com/
Logger:2020-03-17 00:41:43.872899 https://hengdianguiyujiangnanlc.fang.com/
Logger:2020-03-17 00:41:44.110287 https://yujiangshandjw.fang.com/
Logger:2020-03-17 00:41:44.380520 https://chengxixiangshu.fang.com/
Logger:2020-03-17 00:41:44.629855 https://meiguiyuanlcpj.fang.com/
Logger:2020-03-17 00:41:44.898137 https://lianshunyunqiyayuan.fang.com/
Logger:2020-03-17 00:41:45.162429 https://zhihuiguhs2.fang.com/2/
Logger:2020-03-17 00:41:45.401789 https://sijihemingrcjc.fang.com/
Logger:2020-03-17 00:41:46.421105 https://shihuaxiaozhenlc.fang.com/
Logger:2020-03-17 00:41:46.697323 https://gongyuandadaowt2.fang.com/
Logger:2020-03-17 00:41:46.934730 https://shangchenghuafuyw.fang.com/
Logger:2020-03-17 00:41:47.245902 https://dongtanghupansc.fang.com/
Logger:2020-03-17 00:41:47.507157 https://guanshanyuanzi0579.fang.com/
Logger:2020-03-17 00:41:47.728600 https://tianboblhx2.fang.com/
Logger:2020-03-17 00:41:51.067692 https://yiwu.newhouse.fang.com/house/s/b98/
Logger:2020-03-17 00:41:51.246154 https://moshanghuakaisg.fang.com/
Logger:2020-03-17 00:41:53.366520 https://gongyuanchengpinlanyuanzt.fang.com/
Logger:2020-03-17 00:41:53.892118 https://binfenhuixjy.fang.com/
Logger:2020-03-17 00:41:54.180305 https://nanhugongguan.fang.com/
Logger:2020-03-17 00:41:54.455570 https://gongyuanchengpinyunting.fang.com/
Logger:2020-03-17 00:41:54.721857 https://zhinengkejichengxj.fang.com/
Logger:2020-03-17 00:41:54.959221 https://yunwangzhuangyuan.fang.com/
Logger:2020-03-17 00:41:55.242464 https://duhuiyunjing.fang.com/
Logger:2020-03-17 00:41:59.199914 https://yiwu.newhouse.fang.com/house/s/b99/
Logger:2020-03-17 00:42:02.730470 https://yiwu.newhouse.fang.com/house/s/b910/
Logger:2020-03-17 00:42:06.210165 https://yiwu.newhouse.fang.com/house/s/b911/
