Logger:2020-03-16 14:40:26.591517 https://yixing.newhouse.fang.com/house/s/b91/
Logger:2020-03-16 14:40:26.869747 https://hdhxxz0510.fang.com/
Logger:2020-03-16 14:40:27.140025 https://sijiyinxiang0510.fang.com/
Logger:2020-03-16 14:40:27.439224 https://yinglunzundi.fang.com/
Logger:2020-03-16 14:40:27.805287 https://xuhuifuyx.fang.com/
Logger:2020-03-16 14:40:28.070536 https://zhongliangyhy.fang.com/
Logger:2020-03-16 14:40:28.357766 https://jinkejiuli.fang.com/
Logger:2020-03-16 14:40:28.654972 https://hdjrf2.fang.com/
Logger:2020-03-16 14:40:28.941253 https://hengdaxiyinfu.fang.com/
Logger:2020-03-16 14:40:31.088477 https://hengdafeicuihuat.fang.com/
Logger:2020-03-16 14:40:31.353752 https://biguiyuanhuyuetianjing.fang.com/
Logger:2020-03-16 14:40:34.227066 https://lsxdf.fang.com/
Logger:2020-03-16 14:40:35.182510 https://chunxiaojiangnan.fang.com/
Logger:2020-03-16 14:40:35.450828 https://hailunbaohailunw.fang.com/
Logger:2020-03-16 14:40:35.711095 https://hengdayuelongtai0510.fang.com/
Logger:2020-03-16 14:40:38.220421 https://rongchuangjiuyuan0510.fang.com/
Logger:2020-03-16 14:40:38.528584 https://baojilanjun20510.fang.com/
Logger:2020-03-16 14:40:38.793849 https://zhuhaijincheng.fang.com/
Logger:2020-03-16 14:40:39.057144 https://hdyhsj.fang.com/
Logger:2020-03-16 14:40:41.340039 https://jiurucheng.fang.com/
Logger:2020-03-16 14:40:41.652201 https://yuanyangxishanchenz.fang.com/
Logger:2020-03-16 14:40:45.575706 https://yixing.newhouse.fang.com/house/s/b92/
Logger:2020-03-16 14:40:45.839002 https://hanlinyuan0510.fang.com/
Logger:2020-03-16 14:40:46.120287 https://jinghutiancheng0510.fang.com/
Logger:2020-03-16 14:40:46.395555 https://chenhuajiufu.fang.com/
Logger:2020-03-16 14:40:46.676785 https://shimaocuicantianc.fang.com/
Logger:2020-03-16 14:40:46.930083 https://biguiyuanfengmingf.fang.com/
Logger:2020-03-16 14:40:47.188439 https://xiyinfu0510.fang.com/
Logger:2020-03-16 14:40:47.599334 https://feicuitianyuan.fang.com/
Logger:2020-03-16 14:40:47.908510 https://zxhbcfesjj.fang.com/
Logger:2020-03-16 14:40:48.218636 https://jingxirenjia0510.fang.com/
Logger:2020-03-16 14:40:48.542793 https://ziyuntailh0510.fang.com/
Logger:2020-03-16 14:40:48.839973 https://rongshenghf.fang.com/
Logger:2020-03-16 14:40:49.159120 https://yangxianmeiluzj.fang.com/
Logger:2020-03-16 14:40:49.464344 https://wztaihuzhaungyuan.fang.com/
Logger:2020-03-16 14:40:49.734641 https://ezhougongguan0510.fang.com/
Logger:2020-03-16 14:40:50.026799 https://fuditx.fang.com/
Logger:2020-03-16 14:40:50.376896 https://longxithw.fang.com/
Logger:2020-03-16 14:40:50.665092 https://huayuejiufengjb.fang.com/
Logger:2020-03-16 14:40:50.934371 https://jiulongyiyun0510.fang.com/
Logger:2020-03-16 14:40:52.681696 https://bgyygg0510.fang.com/
Logger:2020-03-16 14:40:53.011871 https://yadayangxianxis.fang.com/
Logger:2020-03-16 14:40:57.079930 https://yixing.newhouse.fang.com/house/s/b93/
Logger:2020-03-16 14:40:57.339279 https://dongfangyipin2.fang.com/
Logger:2020-03-16 14:40:58.573934 https://guangmingtaolichunf.fang.com/
Logger:2020-03-16 14:40:58.928984 https://ziyanfu.fang.com/
Logger:2020-03-16 14:40:59.235165 https://rongchuangwuxiwenlvcheng.fang.com/
Logger:2020-03-16 14:40:59.510428 https://dongjiuyihaots.fang.com/
Logger:2020-03-16 14:40:59.796705 https://longhuyangguangchengpuyue.fang.com/
Logger:2020-03-16 14:41:00.092870 https://shanshuijiucheng.fang.com/
Logger:2020-03-16 14:41:00.367166 https://yuandongxiangyi.fang.com/
Logger:2020-03-16 14:41:00.659355 https://lingxiushoufu.fang.com/
Logger:2020-03-16 14:41:00.916667 https://wtjrc.fang.com/
Logger:2020-03-16 14:41:01.199948 https://zhuoyigongguan.fang.com/
Logger:2020-03-16 14:41:01.521050 https://binxijinyuefu.fang.com/
Logger:2020-03-16 14:41:01.799306 https://bjyhl0510.fang.com/
Logger:2020-03-16 14:41:02.051670 https://longhuhejingtianchenyuef.fang.com/
Logger:2020-03-16 14:41:02.280019 https://hldyjxzy0510.fang.com/
Logger:2020-03-16 14:41:02.609181 https://jinhuixiyuan0510.fang.com/
Logger:2020-03-16 14:41:02.892381 https://taihuajingyuan.fang.com/
Logger:2020-03-16 14:41:03.191657 https://minghaojy.fang.com/
Logger:2020-03-16 14:41:03.444942 https://juheyuan0510.fang.com/
Logger:2020-03-16 14:41:03.758064 https://yklgg0510.fang.com/
Logger:2020-03-16 14:41:07.465192 https://yixing.newhouse.fang.com/house/s/b94/
Logger:2020-03-16 14:41:07.712487 https://131806.fang.com/
Logger:2020-03-16 14:41:07.976823 https://shuianhaotingdy.fang.com/
Logger:2020-03-16 14:41:08.261019 https://txsjhy.fang.com/
Logger:2020-03-16 14:41:08.548299 https://xingjinghybs.fang.com/
Logger:2020-03-16 14:41:08.817571 https://tyjdjly.fang.com/
Logger:2020-03-16 14:41:09.096782 https://xinqinyuting.fang.com/
Logger:2020-03-16 14:41:09.395983 https://131826.fang.com/
Logger:2020-03-16 14:41:09.642362 https://131744.fang.com/
Logger:2020-03-16 14:41:09.888701 https://dongfangyayuanhw.fang.com/
Logger:2020-03-16 14:41:10.137000 https://languangyongjinli.fang.com/
Logger:2020-03-16 14:41:10.404324 https://fenghuagnjie100yg.fang.com/
Logger:2020-03-16 14:41:12.657259 https://taoli.fang.com/
Logger:2020-03-16 14:41:12.908629 https://beioujiari0510.fang.com/
Logger:2020-03-16 14:41:13.180857 https://yujinghaoting0510.fang.com/2/
Logger:2020-03-16 14:41:13.464100 https://131758.fang.com/
Logger:2020-03-16 14:41:13.750377 https://jqcfsyj.fang.com/
Logger:2020-03-16 14:41:13.992686 https://damengxiangchengqinziyouley.fang.com/
Logger:2020-03-16 14:41:14.256979 https://changtaihuizhiguangchang.fang.com/
Logger:2020-03-16 14:41:14.469493 https://hdjrfjx.fang.com/
Logger:2020-03-16 14:41:14.756686 https://bgyfht0510.fang.com/
Logger:2020-03-16 14:41:19.707398 https://yixing.newhouse.fang.com/house/s/b95/
Logger:2020-03-16 14:41:19.898906 https://hongweidongfangziy.fang.com/
Logger:2020-03-16 14:41:20.183126 https://shimaocuicantianc.fang.com/shop/
Logger:2020-03-16 14:41:20.448441 https://wandaguangchangyx0510.fang.com/
Logger:2020-03-16 14:41:24.025890 https://yixing.newhouse.fang.com/house/s/b96/
Logger:2020-03-16 14:41:27.567453 https://yixing.newhouse.fang.com/house/s/b97/
Logger:2020-03-16 14:41:30.972301 https://yixing.newhouse.fang.com/house/s/b98/
