Logger:2020-03-16 11:49:36.124152 https://yiyang.newhouse.fang.com/house/s/b91/
Logger:2020-03-16 11:49:36.389253 https://kongquechengyy.fang.com/?from=xflist_xfgg
Logger:2020-03-16 11:49:36.686451 https://bojinhang.fang.com/?from=xflist_xfgg
Logger:2020-03-16 11:49:36.967965 https://jinkejimeidongfang0737.fang.com/
Logger:2020-03-16 11:49:37.311310 https://biguiyuanyy.fang.com/
Logger:2020-03-16 11:49:37.608182 https://zihuxinyuan.fang.com/
Logger:2020-03-16 11:49:37.896570 https://taiyige.fang.com/
Logger:2020-03-16 11:49:38.178091 https://dedalansheng.fang.com/
Logger:2020-03-16 11:49:38.475012 https://blxbgjyy.fang.com/
Logger:2020-03-16 11:49:38.880755 https://yyboyuefu.fang.com/
Logger:2020-03-16 11:49:39.161894 https://zllqt.fang.com/
Logger:2020-03-16 11:49:39.443443 https://huilongshanxigu.fang.com/
Logger:2020-03-16 11:49:39.802803 https://baojiyifangjiuyu.fang.com/
Logger:2020-03-16 11:49:40.083553 https://zihumingzhu.fang.com/
Logger:2020-03-16 11:49:40.333493 https://lingxiuzijiang0737.fang.com/
Logger:2020-03-16 11:49:40.661950 https://bgydcsf.fang.com/
Logger:2020-03-16 11:49:41.036795 https://longxiwanyy.fang.com/
Logger:2020-03-16 11:49:41.317637 https://wenyuanruijing.fang.com/
Logger:2020-03-16 11:49:41.614853 https://wanlijinqiaoguangchang.fang.com/
Logger:2020-03-16 11:49:42.083081 https://qifenghuating.fang.com/
Logger:2020-03-16 11:49:42.421209 https://baolizygg.fang.com/
Logger:2020-03-16 11:49:46.268651 https://yiyang.newhouse.fang.com/house/s/b92/
Logger:2020-03-16 11:49:46.534223 https://yiyanghengdalvzhou.fang.com/
Logger:2020-03-16 11:49:46.830951 https://shengshihuafu0737.fang.com/
Logger:2020-03-16 11:49:47.127937 https://xindouhui0737.fang.com/
Logger:2020-03-16 11:49:47.437198 https://dihaoxincheng.fang.com/
Logger:2020-03-16 11:49:47.749705 https://yiyangyinxiang.fang.com/
Logger:2020-03-16 11:49:48.030927 https://hujing1hao0737.fang.com/
Logger:2020-03-16 11:49:48.327297 https://weiyenadf.fang.com/2/
Logger:2020-03-16 11:49:49.389489 https://binjianghuayuan0737.fang.com/
Logger:2020-03-16 11:49:50.921087 https://jinfuxiandaicheng.fang.com/
Logger:2020-03-16 11:49:51.920630 https://rcdfmj.fang.com/
Logger:2020-03-16 11:49:53.298659 https://jinyusp.fang.com/
Logger:2020-03-16 11:49:53.610562 https://yiyangshanshuihuating.fang.com/
Logger:2020-03-16 11:49:53.907410 https://yujiangchengty.fang.com/
Logger:2020-03-16 11:49:55.282041 https://zishanhulyxt.fang.com/
Logger:2020-03-16 11:49:55.516361 https://yundingshangpin.fang.com/
Logger:2020-03-16 11:49:55.813818 https://jiangnanhuafu0737.fang.com/
Logger:2020-03-16 11:49:56.188079 https://dhzjc.fang.com/
Logger:2020-03-16 11:49:56.500504 https://yangguangshiji0737.fang.com/
Logger:2020-03-16 11:49:56.797694 https://xsjzsh.fang.com/
Logger:2020-03-16 11:49:58.726980 https://biguiyuandatonghu.fang.com/
Logger:2020-03-16 11:50:02.372630 https://yiyang.newhouse.fang.com/house/s/b93/
Logger:2020-03-16 11:50:05.949533 https://pengliguangchang.fang.com/
Logger:2020-03-16 11:50:08.278524 https://kangchengshangpin.fang.com/
Logger:2020-03-16 11:50:08.637771 https://adlct.fang.com/
Logger:2020-03-16 11:50:09.075167 https://zhongyanggongyuan0737.fang.com/
Logger:2020-03-16 11:50:09.409382 https://zihudongcheng0737.fang.com/
Logger:2020-03-16 11:50:09.690181 https://zijiangyihao.fang.com/
Logger:2020-03-16 11:50:09.979537 https://tongluowanguangchang0737.fang.com/
Logger:2020-03-16 11:50:10.368187 https://msgmlc.fang.com/
Logger:2020-03-16 11:50:10.671301 https://balixinyuan.fang.com/
Logger:2020-03-16 11:50:10.979040 https://jinluhuayuan.fang.com/
Logger:2020-03-16 11:50:11.289618 https://xiangyundasha.fang.com/
Logger:2020-03-16 11:50:11.653717 https://shuxiangmingdi0737.fang.com/
Logger:2020-03-16 11:50:11.951146 https://ruijingyayuan.fang.com/
Logger:2020-03-16 11:50:12.270914 https://longyuetai.fang.com/
Logger:2020-03-16 11:50:12.565507 https://chengshihuayuanxgll.fang.com/
Logger:2020-03-16 11:50:12.847759 https://yihaogongguanyy.fang.com/
Logger:2020-03-16 11:50:13.169347 https://hujinghuafu0737.fang.com/
Logger:2020-03-16 11:50:13.450259 https://jlshanghaiwan.fang.com/
Logger:2020-03-16 11:50:13.712565 https://bcygc.fang.com/
Logger:2020-03-16 11:50:16.633360 https://wangjiahuafu.fang.com/
Logger:2020-03-16 11:50:20.513629 https://yiyang.newhouse.fang.com/house/s/b94/
Logger:2020-03-16 11:50:20.918510 https://yiyangwanxiang.fang.com/
Logger:2020-03-16 11:50:21.399110 https://xijiangyayuan.fang.com/
Logger:2020-03-16 11:50:21.694332 https://jinghuchuntian0737.fang.com/
Logger:2020-03-16 11:50:22.057361 https://huifumingdu.fang.com/
Logger:2020-03-16 11:50:22.361357 https://jinyehaoting.fang.com/
Logger:2020-03-16 11:50:26.590641 https://yiyang.newhouse.fang.com/house/2720253344.htm
Logger:2020-03-16 11:50:27.668450 https://tongluowanyihao.fang.com/
Logger:2020-03-16 11:50:27.967607 https://taohuayuan0737.fang.com/
Logger:2020-03-16 11:50:29.297524 https://guosetianxiang0737.fang.com/
Logger:2020-03-16 11:50:29.563313 https://yujingdongfang0737.fang.com/
Logger:2020-03-16 11:50:29.840839 https://shundecheng0737.fang.com/
Logger:2020-03-16 11:50:30.137808 https://dszygc.fang.com/
Logger:2020-03-16 11:50:30.450423 https://yyhfsj.fang.com/
Logger:2020-03-16 11:50:30.762368 https://dahanlongcheng0737.fang.com/
Logger:2020-03-16 11:50:31.059561 https://pkzycfgc.fang.com/
Logger:2020-03-16 11:50:31.340401 https://zijiangmingzhu.fang.com/
Logger:2020-03-16 11:50:32.295430 https://dfcsdfxc.fang.com/
Logger:2020-03-16 11:50:32.567851 https://di1dadao0737.fang.com/
Logger:2020-03-16 11:50:32.848982 https://jiangnangucheng.fang.com/
Logger:2020-03-16 11:50:33.129502 https://jinanjingyuan.fang.com/
Logger:2020-03-16 11:50:36.792819 https://yiyang.newhouse.fang.com/house/s/b95/
Logger:2020-03-16 11:50:37.058381 https://jcsjxsk.fang.com/
Logger:2020-03-16 11:50:38.229979 https://zishanhaoyuan.fang.com/
Logger:2020-03-16 11:50:38.495543 https://yujinghuating0737.fang.com/
Logger:2020-03-16 11:50:38.788655 https://yyfjhy.fang.com/
Logger:2020-03-16 11:50:39.109173 https://fuxingjiachengyy.fang.com/
Logger:2020-03-16 11:50:39.371996 https://jxxc0737.fang.com/
Logger:2020-03-16 11:50:39.688069 https://xintianlanjun0737.fang.com/
Logger:2020-03-16 11:50:40.891587 https://ssxc0737.fang.com/
Logger:2020-03-16 11:50:41.203337 https://yulongwanxf.fang.com/
Logger:2020-03-16 11:50:42.622862 https://xiongsenguoji.fang.com/
Logger:2020-03-16 11:50:42.841971 https://yiyangjinshengjiayuan.fang.com/
Logger:2020-03-16 11:50:43.138901 https://xiangbinhuayuan0737.fang.com/
Logger:2020-03-16 11:50:43.482228 https://xiufengfubang.fang.com/
Logger:2020-03-16 11:50:43.810517 https://majitangnmsc.fang.com/
Logger:2020-03-16 11:50:44.882932 https://wjqxmc.fang.com/
Logger:2020-03-16 11:50:45.147509 https://shengshijinyuan0737.fang.com/
Logger:2020-03-16 11:50:45.456599 https://ygqnc0737.fang.com/
Logger:2020-03-16 11:50:45.713099 https://hldsc0737.fang.com/
Logger:2020-03-16 11:50:46.034385 https://chengshiguangchanght.fang.com/
Logger:2020-03-16 11:50:46.292739 https://xinchengdouhui0737.fang.com/
Logger:2020-03-16 11:50:49.928855 https://yiyang.newhouse.fang.com/house/s/b96/
Logger:2020-03-16 11:50:50.162484 https://yyhjxncpwly.fang.com/
Logger:2020-03-16 11:50:51.530059 https://yyjinygj.fang.com/
Logger:2020-03-16 11:50:52.979891 https://yiyang.newhouse.fang.com/house/2720153204.htm
Logger:2020-03-16 11:50:53.245302 https://zongbudashazh.fang.com/
Logger:2020-03-16 11:50:53.542111 https://nanshichang.fang.com/
Logger:2020-03-16 11:50:53.794960 https://ssdyc0737.fang.com/
Logger:2020-03-16 11:50:54.076241 https://shengshichadu.fang.com/
Logger:2020-03-16 11:50:57.812686 https://yiyang.newhouse.fang.com/house/s/b97/
Logger:2020-03-16 11:51:01.314762 https://yiyang.newhouse.fang.com/house/s/b98/
Logger:2020-03-16 11:51:04.844883 https://yiyang.newhouse.fang.com/house/s/b99/
