Logger:2020-03-16 16:09:51.213389 https://yk.newhouse.fang.com/house/s/b91/
Logger:2020-03-16 16:09:51.514583 https://ykbaoliwuyuehua.fang.com/
Logger:2020-03-16 16:09:53.473374 https://xiangbinhuayuanbl.fang.com/
Logger:2020-03-16 16:09:54.021541 https://hengdalvzhou0417.fang.com/
Logger:2020-03-16 16:09:54.396543 https://dijinghaoyuan0417.fang.com/
Logger:2020-03-16 16:09:55.246270 https://jtcsq.fang.com/
Logger:2020-03-16 16:09:55.927366 https://shuxiangtingyuanzt.fang.com/
Logger:2020-03-16 16:09:57.724595 https://kunlunhuafu0417.fang.com/
Logger:2020-03-16 16:09:58.094098 https://longganghuayuan.fang.com/
Logger:2020-03-16 16:09:59.922916 https://0417liaohexindu.fang.com/
Logger:2020-03-16 16:10:00.221158 https://0417yalongwanyihao.fang.com/
Logger:2020-03-16 16:10:00.546292 https://duolahaian.fang.com/
Logger:2020-03-16 16:10:00.886321 https://bohaiyuzhu.fang.com/
Logger:2020-03-16 16:10:01.265367 https://puluowangsi0417.fang.com/
Logger:2020-03-16 16:10:01.571155 https://jiulongguandi.fang.com/
Logger:2020-03-16 16:10:01.908761 https://yuhaimingzhu.fang.com/
Logger:2020-03-16 16:10:02.197041 https://fjtxfj.fang.com/
Logger:2020-03-16 16:10:02.571986 https://silabaowenquanxiaozhen.fang.com/
Logger:2020-03-16 16:10:02.889140 https://huangguanhuayuansm.fang.com/
Logger:2020-03-16 16:10:03.377080 https://hengdachengyk.fang.com/
Logger:2020-03-16 16:10:03.722194 https://yuheyuanzt.fang.com/
Logger:2020-03-16 16:10:07.097628 https://yk.newhouse.fang.com/house/s/b92/
Logger:2020-03-16 16:10:07.405386 https://dingshanghuating.fang.com/
Logger:2020-03-16 16:10:07.733508 https://zfjstlw.fang.com/
Logger:2020-03-16 16:10:17.408697 https://xfcfhj.fang.com/
Logger:2020-03-16 16:10:17.859490 https://hengdajiangwan.fang.com/
Logger:2020-03-16 16:10:18.228502 https://0417shuianxindu.fang.com/
Logger:2020-03-16 16:10:18.706057 https://0417huhaijiari.fang.com/
Logger:2020-03-16 16:10:31.735719 https://jinyulanwan0417.fang.com/
Logger:2020-03-16 16:10:33.169148 https://dongfangsainacheng.fang.com/
Logger:2020-03-16 16:10:36.554733 https://jinxiuyuanjh.fang.com/
Logger:2020-03-16 16:10:36.908933 https://huahaicheng.fang.com/
Logger:2020-03-16 16:10:37.267720 https://haihangcheng0417.fang.com/
Logger:2020-03-16 16:10:37.985043 https://bohaiwanwk.fang.com/
Logger:2020-03-16 16:10:41.926473 https://longwanjzy.fang.com/
Logger:2020-03-16 16:10:42.274572 https://jinyushangjingcw.fang.com/
Logger:2020-03-16 16:10:42.612122 https://zhongtianguoji0417.fang.com/
Logger:2020-03-16 16:10:42.996636 https://0417hongjihaian.fang.com/
Logger:2020-03-16 16:10:43.292844 https://0417momafenghui.fang.com/
Logger:2020-03-16 16:10:48.061118 https://derunfenghui.fang.com/
Logger:2020-03-16 16:10:48.410202 https://fujiatianxia.fang.com/
Logger:2020-03-16 16:10:52.563807 https://jljdmj.fang.com/
Logger:2020-03-16 16:10:56.339221 https://yk.newhouse.fang.com/house/s/b93/
Logger:2020-03-16 16:11:02.177880 https://ykwdgc.fang.com/
Logger:2020-03-16 16:11:02.566809 https://0417fujijiayuan.fang.com/
Logger:2020-03-16 16:11:02.886557 https://0417gelinbinhaiwan.fang.com/
Logger:2020-03-16 16:11:03.311851 https://0417hongqijiayuan.fang.com/
Logger:2020-03-16 16:11:05.941489 https://0417dongxinxingheyuan.fang.com/
Logger:2020-03-16 16:11:07.897914 https://xinqiaocheng.fang.com/
Logger:2020-03-16 16:11:10.847517 https://0417qinghewan.fang.com/
Logger:2020-03-16 16:11:13.543355 https://bihaimingdu.fang.com/
Logger:2020-03-16 16:11:13.887874 https://0417hengjihepanhuayuan.fang.com/
Logger:2020-03-16 16:11:15.543603 https://xiangrunguojishangmao.fang.com/
Logger:2020-03-16 16:11:15.863747 https://0417meijingyinglunjun2.fang.com/
Logger:2020-03-16 16:11:16.239651 https://0417chenzhouxiujing.fang.com/
Logger:2020-03-16 16:11:16.590774 https://0417huayuwenquanmingge.fang.com/
Logger:2020-03-16 16:11:17.504307 https://shenghaoyujing.fang.com/
Logger:2020-03-16 16:11:17.883910 https://0417junlintianxia.fang.com/
Logger:2020-03-16 16:11:18.332764 https://0417pengfarongxinyuan2.fang.com/
Logger:2020-03-16 16:11:20.339722 https://0417jinyumingzhu.fang.com/
Logger:2020-03-16 16:11:20.717673 https://mingpincheng0417.fang.com/
Logger:2020-03-16 16:11:21.077777 https://yuanjixincheng.fang.com/
Logger:2020-03-16 16:11:23.545724 https://hongjinghuafu.fang.com/
Logger:2020-03-16 16:11:27.475395 https://yk.newhouse.fang.com/house/s/b94/
Logger:2020-03-16 16:11:27.788335 https://0417jintaicheng2.fang.com/
Logger:2020-03-16 16:11:28.165911 https://hehailongwan.fang.com/
Logger:2020-03-16 16:11:28.548887 https://ztyjw.fang.com/
Logger:2020-03-16 16:11:28.970783 https://zhongnanshijicheng.fang.com/
Logger:2020-03-16 16:11:31.620892 https://shuianshangpin0417.fang.com/
Logger:2020-03-16 16:11:31.932083 https://taohuayuanzt.fang.com/
Logger:2020-03-16 16:11:32.270152 https://longyuefujtc.fang.com/
Logger:2020-03-16 16:11:36.371135 https://yinheshangyuan.fang.com/
Logger:2020-03-16 16:11:36.701186 https://hubinyihao0417.fang.com/
Logger:2020-03-16 16:11:38.012553 https://yktianmujiquanbieshu.fang.com/
Logger:2020-03-16 16:11:38.343697 https://yujingcheng0417.fang.com/
Logger:2020-03-16 16:11:38.730287 https://xiangxielanting0417.fang.com/
Logger:2020-03-16 16:11:39.047264 https://mingjiahui.fang.com/
Logger:2020-03-16 16:11:39.363396 https://quantianxiayf.fang.com/
Logger:2020-03-16 16:11:39.974743 https://haiyunlichengzd.fang.com/
Logger:2020-03-16 16:11:41.390391 https://atglssc.fang.com/
Logger:2020-03-16 16:11:41.712491 https://jinshanxiucheng.fang.com/
Logger:2020-03-16 16:11:42.018672 https://jtchax.fang.com/
Logger:2020-03-16 16:11:42.326837 https://taiwushicheng.fang.com/
Logger:2020-03-16 16:11:46.041084 https://shuxiangyuanqh.fang.com/
Logger:2020-03-16 16:11:49.348694 https://yk.newhouse.fang.com/house/s/b95/
Logger:2020-03-16 16:11:49.677819 https://donganshoufu.fang.com/
Logger:2020-03-16 16:11:52.967903 https://yfqtxdsby.fang.com/
Logger:2020-03-16 16:11:53.366895 https://0417guobaoyihao.fang.com/
Logger:2020-03-16 16:11:54.816826 https://drfhwfys.fang.com/
Logger:2020-03-16 16:11:55.170844 https://0417dongzhumeidi.fang.com/
Logger:2020-03-16 16:11:57.054855 https://wangzujiayuanjh.fang.com/
Logger:2020-03-16 16:11:57.464404 https://jinlongyujing.fang.com/
Logger:2020-03-16 16:11:59.630768 https://0417guojixincheng.fang.com/
Logger:2020-03-16 16:11:59.996790 https://jinshuiwanhy.fang.com/
Logger:2020-03-16 16:12:08.496686 https://zijinwan.fang.com/
Logger:2020-03-16 16:12:08.813371 https://yijunjiahe.fang.com/
Logger:2020-03-16 16:12:09.240206 https://0417chengnangongguan.fang.com/
Logger:2020-03-16 16:12:09.609210 https://shengjinggongguan.fang.com/
Logger:2020-03-16 16:12:13.177682 https://lanjunhouse.fang.com/
Logger:2020-03-16 16:12:13.503789 https://liaohaihuayuan.fang.com/
Logger:2020-03-16 16:12:16.179967 https://dongfanglvdi.fang.com/
Logger:2020-03-16 16:12:16.636740 https://dongfangxintiandi.fang.com/
Logger:2020-03-16 16:12:19.631132 https://0417juhecheng.fang.com/
Logger:2020-03-16 16:12:19.943852 https://xywqc.fang.com/
Logger:2020-03-16 16:12:24.406035 https://yk.newhouse.fang.com/house/1611677367.htm
Logger:2020-03-16 16:12:27.747282 https://yk.newhouse.fang.com/house/s/b96/
Logger:2020-03-16 16:12:30.481163 https://zhonghuachengyk.fang.com/
Logger:2020-03-16 16:12:30.804315 https://dingyuansylt.fang.com/
Logger:2020-03-16 16:12:33.513096 https://yihecunfh.fang.com/
Logger:2020-03-16 16:12:34.179856 https://beihaimingcheng0417.fang.com/
Logger:2020-03-16 16:12:34.491997 https://0417fenghewanjia.fang.com/
Logger:2020-03-16 16:12:34.842568 https://0417pingguoshequ.fang.com/
Logger:2020-03-16 16:12:36.481879 https://0417nanhuyangguangxincheng.fang.com/
Logger:2020-03-16 16:12:36.839270 https://0417hongyunhepanxincheng.fang.com/
Logger:2020-03-16 16:12:40.194298 https://hjhjgy.fang.com/
Logger:2020-03-16 16:12:40.530185 https://0417liaohaizhongyanxincheng.fang.com/
Logger:2020-03-16 16:12:40.865004 https://shanshuiwenyuan0417.fang.com/
Logger:2020-03-16 16:12:41.272943 https://0417binhelidu.fang.com/
Logger:2020-03-16 16:12:41.662931 https://zhongyuanguojiyk.fang.com/
Logger:2020-03-16 16:12:42.013967 https://bihaiyangguang.fang.com/3/
Logger:2020-03-16 16:12:44.631950 https://tianfujuyi.fang.com/
Logger:2020-03-16 16:12:45.039543 https://bohaizhixing.fang.com/
Logger:2020-03-16 16:12:45.371640 https://xuefuxinchengdha.fang.com/
Logger:2020-03-16 16:12:45.683777 https://bohaianwk.fang.com/
Logger:2020-03-16 16:12:45.993472 https://0417hengxiangwanfuguiyuan.fang.com/
Logger:2020-03-16 16:12:47.468076 https://0417xinfengyuan.fang.com/
Logger:2020-03-16 16:12:51.485562 https://yk.newhouse.fang.com/house/s/b97/
Logger:2020-03-16 16:12:51.796383 https://0417sanxingyangguanjiayuan.fang.com/
Logger:2020-03-16 16:12:53.623636 https://qhywqylcyy.fang.com/
Logger:2020-03-16 16:12:55.062973 https://yuanxingjiayuan.fang.com/
Logger:2020-03-16 16:12:55.425961 https://0417dazhongziranfengjing.fang.com/
Logger:2020-03-16 16:12:55.761690 https://fdylj.fang.com/
Logger:2020-03-16 16:12:57.945037 https://hanyuyuan.fang.com/
Logger:2020-03-16 16:13:00.654088 https://longfuyuanzx.fang.com/
Logger:2020-03-16 16:13:01.041557 https://laiyinhepan0417.fang.com/
Logger:2020-03-16 16:13:02.503918 https://xhac.fang.com/
Logger:2020-03-16 16:13:02.848937 https://0417wanpanshuxiangmendi.fang.com/
Logger:2020-03-16 16:13:03.203542 https://0417sijihuacheng.fang.com/
Logger:2020-03-16 16:13:06.256386 https://0417chengshangcheng.fang.com/
Logger:2020-03-16 16:13:06.604301 https://yijiayuanfh.fang.com/
Logger:2020-03-16 16:13:06.958141 https://jinhushuian.fang.com/
Logger:2020-03-16 16:13:09.061170 https://wanlonghaibianyk.fang.com/
Logger:2020-03-16 16:13:10.980306 https://jinxiuxincheng0417.fang.com/
Logger:2020-03-16 16:13:11.339673 https://gongyuanlijingyy.fang.com/
Logger:2020-03-16 16:13:11.675775 https://fulejiaju.fang.com/
Logger:2020-03-16 16:13:13.607660 https://guojinanhu.fang.com/
Logger:2020-03-16 16:13:14.012535 https://0417yongjiangyuhuayuan.fang.com/
Logger:2020-03-16 16:13:17.812895 https://yk.newhouse.fang.com/house/s/b98/
Logger:2020-03-16 16:13:18.427588 https://huifengmingyuan.fang.com/
Logger:2020-03-16 16:13:18.719824 https://jinchengmingju.fang.com/
Logger:2020-03-16 16:13:19.044954 https://0417yijuluomazhuangyuan.fang.com/
Logger:2020-03-16 16:13:20.744698 https://0417xiangrunyipin.fang.com/
Logger:2020-03-16 16:13:21.921176 https://0417boxinwan.fang.com/
Logger:2020-03-16 16:13:22.261031 https://xianlijing.fang.com/
Logger:2020-03-16 16:13:22.622099 https://yingkourenjiahy.fang.com/
Logger:2020-03-16 16:13:23.035959 https://yulongxinyuan.fang.com/
Logger:2020-03-16 16:13:25.614075 https://0417dajingcheng.fang.com/
Logger:2020-03-16 16:13:25.990278 https://yijingwanyihao.fang.com/
Logger:2020-03-16 16:13:27.767925 https://0417xinyuegouwuguangchang.fang.com/
Logger:2020-03-16 16:13:28.166367 https://jinxiuhuatingshengtaihuayuan.fang.com/
Logger:2020-03-16 16:13:28.509448 https://sijihuatinghk.fang.com/
Logger:2020-03-16 16:13:30.342503 https://langfengjunjing.fang.com/
Logger:2020-03-16 16:13:33.074076 https://0417shengjinghongmeihe.fang.com/
Logger:2020-03-16 16:13:33.492922 https://0417kaibinguoji.fang.com/
Logger:2020-03-16 16:13:35.781790 https://hetaishijiajh.fang.com/
Logger:2020-03-16 16:13:37.991236 https://jingzhongshenghuoguangchang.fang.com/
Logger:2020-03-16 16:13:38.321351 https://laojie1861.fang.com/
Logger:2020-03-16 16:13:38.758183 https://qunyibuyecheng.fang.com/
Logger:2020-03-16 16:13:42.652154 https://yk.newhouse.fang.com/house/s/b99/
Logger:2020-03-16 16:13:45.232763 https://0417dongxintaohuayuan.fang.com/
Logger:2020-03-16 16:13:47.235375 https://0417qingyingjiaheyuan.fang.com/
Logger:2020-03-16 16:13:47.530586 https://yonganjiayuan.fang.com/
Logger:2020-03-16 16:13:50.234208 https://yingkouhuidaguangchang.fang.com/
Logger:2020-03-16 16:13:52.617213 https://kunlunsanhao.fang.com/
Logger:2020-03-16 16:13:52.892925 https://taocijiayuan.fang.com/
Logger:2020-03-16 16:13:56.097665 https://zyhyjf.fang.com/
Logger:2020-03-16 16:13:56.467754 https://hehailiwan.fang.com/
Logger:2020-03-16 16:13:57.122014 https://mingquanhepan.fang.com/
Logger:2020-03-16 16:13:59.077056 https://kaixuanchengqy.fang.com/
Logger:2020-03-16 16:13:59.541477 https://xihuyipin.fang.com/
Logger:2020-03-16 16:13:59.911547 https://dashiqiaovcv.fang.com/
Logger:2020-03-16 16:14:00.198723 https://0417yanhaijiayuan.fang.com/
Logger:2020-03-16 16:14:00.571772 https://fuzhiyuan.fang.com/
Logger:2020-03-16 16:14:04.262146 https://yk.newhouse.fang.com/house/s/b910/
Logger:2020-03-16 16:14:08.396369 https://yk.newhouse.fang.com/house/s/b911/
Logger:2020-03-16 16:14:12.141881 https://yk.newhouse.fang.com/house/s/b912/
