Logger:2020-03-16 01:21:51.781895 https://yl.newhouse.fang.com/house/s/b91/
Logger:2020-03-16 01:21:54.411756 https://196064.fang.com/
Logger:2020-03-16 01:21:56.814495 https://wanchangdfblha.fang.com/
Logger:2020-03-16 01:21:57.064444 https://yulinhdyj.fang.com/
Logger:2020-03-16 01:21:57.314342 https://hengdachengyl0775.fang.com/
Logger:2020-03-16 01:21:57.579950 https://ylldc.fang.com/
Logger:2020-03-16 01:21:57.846159 https://gongyuanlizd.fang.com/
Logger:2020-03-16 01:21:58.423492 https://yulinztc.fang.com/
Logger:2020-03-16 01:21:58.657746 https://zdlczx.fang.com/
Logger:2020-03-16 01:21:58.923293 https://biguiyuanyl.fang.com/
Logger:2020-03-16 01:22:01.408126 https://biguiyuanyudongfu.fang.com/
Logger:2020-03-16 01:22:01.642538 https://biguiyuanbl.fang.com/
Logger:2020-03-16 01:22:03.158100 https://zdgydd.fang.com/
Logger:2020-03-16 01:22:03.407653 https://huajingyuanzd.fang.com/
Logger:2020-03-16 01:22:03.704460 https://jswyn0775.fang.com/
Logger:2020-03-16 01:22:05.579016 https://shouchengtianyueyl.fang.com/
Logger:2020-03-16 01:22:08.692999 https://shidaixinchengyh.fang.com/
Logger:2020-03-16 01:22:08.943243 https://jinguiliwanfl.fang.com/
Logger:2020-03-16 01:22:09.224798 https://yulinhdylt.fang.com/
Logger:2020-03-16 01:22:09.443228 https://yangguangchenlijinggongguan.fang.com/
Logger:2020-03-16 01:22:09.693504 https://wcdfblsa.fang.com/
Logger:2020-03-16 01:22:12.942663 https://yl.newhouse.fang.com/house/s/b92/
Logger:2020-03-16 01:22:13.191958 https://wcdfy.fang.com/
Logger:2020-03-16 01:22:13.426868 https://dongshengshidai.fang.com/
Logger:2020-03-16 01:22:13.661355 https://aoyuankangchengyl.fang.com/
Logger:2020-03-16 01:22:23.301929 https://196058.fang.com/
Logger:2020-03-16 01:22:23.568224 https://ylaygc.fang.com/
Logger:2020-03-16 01:22:23.864372 https://yulinwanth.fang.com/
Logger:2020-03-16 01:22:24.114237 https://yongliyinxiang.fang.com/
Logger:2020-03-16 01:22:26.392339 https://flhjsc.fang.com/
Logger:2020-03-16 01:22:26.647392 https://amjcjzj.fang.com/
Logger:2020-03-16 01:22:26.880993 https://zhongyangchenggh.fang.com/
Logger:2020-03-16 01:22:28.989857 https://gongyuanjiarizd.fang.com/
Logger:2020-03-16 01:22:30.942534 https://196062.fang.com/
Logger:2020-03-16 01:22:31.239294 https://9lizdgy.fang.com/
Logger:2020-03-16 01:22:33.732174 https://bishuishengjinggd.fang.com/
Logger:2020-03-16 01:22:33.982765 https://biguiyuanlc0775.fang.com/
Logger:2020-03-16 01:22:36.294024 https://shengshiguojinx.fang.com/
Logger:2020-03-16 01:22:38.475320 https://dongchengjingdian0775.fang.com/
Logger:2020-03-16 01:22:38.708920 https://zhongyanggongguanws.fang.com/
Logger:2020-03-16 01:22:40.505370 https://zdyhw.fang.com/
Logger:2020-03-16 01:22:42.195964 https://sshlssmc.fang.com/
Logger:2020-03-16 01:22:45.516441 https://yl.newhouse.fang.com/house/s/b93/
Logger:2020-03-16 01:22:45.750955 https://meiguochenghsgj.fang.com/
Logger:2020-03-16 01:22:46.001190 https://jinyuhuafuxr.fang.com/
Logger:2020-03-16 01:22:46.266730 https://lvchengchunjianghuayue.fang.com/
Logger:2020-03-16 01:22:46.515944 https://banshanyihaozj.fang.com/
Logger:2020-03-16 01:22:46.812749 https://huangtingshijiagd.fang.com/
Logger:2020-03-16 01:22:47.063389 https://guangyicheng.fang.com/
Logger:2020-03-16 01:22:47.297440 https://xianglonghuayuan0775.fang.com/
Logger:2020-03-16 01:22:48.975116 https://weiyenaguojiyl.fang.com/
Logger:2020-03-16 01:22:49.271516 https://binjiangyihao0775.fang.com/
Logger:2020-03-16 01:22:51.036769 https://jinguiyuedifl.fang.com/
Logger:2020-03-16 01:22:51.271428 https://shengdongguojigd.fang.com/
Logger:2020-03-16 01:22:51.610115 https://196060.fang.com/
Logger:2020-03-16 01:22:51.907202 https://yucuiyuanws.fang.com/
Logger:2020-03-16 01:22:53.949646 https://xingfuguangchangyl.fang.com/
Logger:2020-03-16 01:22:55.511125 https://yushangzhongxin.fang.com/
Logger:2020-03-16 01:22:55.710163 https://beiliuxintiandi.fang.com/
Logger:2020-03-16 01:22:55.991573 https://yonglijinxiuli.fang.com/
Logger:2020-03-16 01:22:56.809846 https://meilanguojicheng.fang.com/
Logger:2020-03-16 01:22:58.782117 https://jiujiuhls.fang.com/
Logger:2020-03-16 01:23:01.157809 https://yunxingqlyy.fang.com/
Logger:2020-03-16 01:23:04.769039 https://yl.newhouse.fang.com/house/s/b94/
Logger:2020-03-16 01:23:04.941607 https://lingdongguoji0775.fang.com/
Logger:2020-03-16 01:23:06.690926 https://banshanliyuancc.fang.com/
Logger:2020-03-16 01:23:15.260193 https://yujinghuayuan0775.fang.com/
Logger:2020-03-16 01:23:16.721901 https://yangguangxincheng0775.fang.com/
Logger:2020-03-16 01:23:19.895812 https://yuanyiwenhuachenggt.fang.com/
Logger:2020-03-16 01:23:21.706662 https://qichexinchengyl.fang.com/
Logger:2020-03-16 01:23:23.143979 https://tlsygc.fang.com/
Logger:2020-03-16 01:23:25.377670 https://guojiqichechengyl.fang.com/
Logger:2020-03-16 01:23:25.643420 https://wanshanghuizd.fang.com/
Logger:2020-03-16 01:23:29.184797 https://yl.newhouse.fang.com/house/s/b95/
Logger:2020-03-16 01:23:32.644684 https://yl.newhouse.fang.com/house/s/b96/
Logger:2020-03-16 01:23:36.159662 https://yl.newhouse.fang.com/house/s/b97/
