Logger:2020-03-15 22:49:32.440411 https://yongchuan.newhouse.fang.com/house/s/b91/
Logger:2020-03-15 22:49:32.709697 https://feicuijunbgy2023.fang.com/
Logger:2020-03-15 22:49:33.074708 https://122528.fang.com/
Logger:2020-03-15 22:49:33.437585 https://yongchuanyihaozuopinwk.fang.com/
Logger:2020-03-15 22:49:33.878481 https://qiangweiguojisd023.fang.com/
Logger:2020-03-15 22:49:34.232457 https://xiexinchanglefang.fang.com/
Logger:2020-03-15 22:49:36.426366 https://yongjinfulg.fang.com/
Logger:2020-03-15 22:49:36.856891 https://jinkexingchenhai.fang.com/
Logger:2020-03-15 22:49:37.299497 https://gunhushanyihaojkbm.fang.com/
Logger:2020-03-15 22:49:37.643640 https://shiwaitaoyuanxx.fang.com/
Logger:2020-03-15 22:49:37.946877 https://yujingguojijz.fang.com/villa/
Logger:2020-03-15 22:49:38.332082 https://kunxiangliyuedongfangjk.fang.com/
Logger:2020-03-15 22:49:38.738896 https://yctianlaicheng.fang.com/
Logger:2020-03-15 22:49:39.037298 https://tangchengyihaoyuan.fang.com/
Logger:2020-03-15 22:49:39.438284 https://hlgjgc.fang.com/
Logger:2020-03-15 22:49:39.799706 https://zhichengyufu.fang.com/
Logger:2020-03-15 22:49:40.444139 https://fhsjcxr.fang.com/
Logger:2020-03-15 22:49:40.801196 https://yinshanyuanhx.fang.com/
Logger:2020-03-15 22:49:41.091443 https://yangguangxiaozhenjk.fang.com/
Logger:2020-03-15 22:49:41.380312 https://huangchenghuafu.fang.com/
Logger:2020-03-15 22:49:41.681549 https://xiexinzhongxinyc.fang.com/
Logger:2020-03-15 22:49:45.511911 https://yongchuan.newhouse.fang.com/house/s/b92/
Logger:2020-03-15 22:49:45.747564 https://jhxsw.fang.com/
Logger:2020-03-15 22:49:46.047576 https://shstc.fang.com/
Logger:2020-03-15 22:49:47.148998 https://yongchuan.newhouse.fang.com/house/3116155494.htm
Logger:2020-03-15 22:49:47.495191 https://milanyangguang023.fang.com/
Logger:2020-03-15 22:49:47.824829 https://lingxiugaodi.fang.com/
Logger:2020-03-15 22:49:48.406248 https://ycxuefumingcheng.fang.com/
Logger:2020-03-15 22:49:48.686470 https://gongyuandaoqf.fang.com/
Logger:2020-03-15 22:49:48.943813 https://jiayuezhongxinhxmkl.fang.com/
Logger:2020-03-15 22:49:49.306704 https://aolanbandao.fang.com/2/
Logger:2020-03-15 22:49:49.625844 https://hongfanguanhu.fang.com/
Logger:2020-03-15 22:49:50.029740 https://fengqiaojunjh.fang.com/
Logger:2020-03-15 22:49:50.539658 https://chengshimingrenyc.fang.com/
Logger:2020-03-15 22:49:50.906230 https://yunyitongdianshangxiaozhen123.fang.com/
Logger:2020-03-15 22:49:54.686751 https://yongchuan.newhouse.fang.com/house/s/b93/
Logger:2020-03-15 22:49:58.173603 https://yongchuan.newhouse.fang.com/house/s/b94/
Logger:2020-03-15 22:50:01.752539 https://yongchuan.newhouse.fang.com/house/s/b95/
