Logger:2020-03-16 13:25:50.761753 https://yongqing.newhouse.fang.com/house/s/b91/
Logger:2020-03-16 13:25:51.046989 https://konggangzhihuigubh.fang.com/
Logger:2020-03-16 13:25:51.335261 https://aekdyyqhycrs.fang.com/
Logger:2020-03-16 13:25:51.764072 https://rongchuangchengyq.fang.com/
Logger:2020-03-16 13:25:52.083217 https://lujingtaihlb.fang.com/
Logger:2020-03-16 13:25:52.405356 https://lijingcheng0316.fang.com/
Logger:2020-03-16 13:25:52.752427 https://yongdingyihaoyuanzt.fang.com/
Logger:2020-03-16 13:25:53.699893 https://konggangyuejie.fang.com/
Logger:2020-03-16 13:25:53.997097 https://yishikong.fang.com/
Logger:2020-03-16 13:25:54.327214 https://yqguoruishengtaicheng.fang.com/
Logger:2020-03-16 13:25:54.653380 https://xingyuehuafuyq.fang.com/
Logger:2020-03-16 13:25:54.977475 https://zhongyuanlongxitai.fang.com/
Logger:2020-03-16 13:25:55.223817 https://guoruigongguan.fang.com/
Logger:2020-03-16 13:25:55.501073 https://mzgcynjy.fang.com/
Logger:2020-03-16 13:25:55.834183 https://jinlingyuzl.fang.com/
Logger:2020-03-16 13:25:56.131388 https://jiachengshidaizy.fang.com/
Logger:2020-03-16 13:25:56.482449 https://yijiangnanhy2.fang.com/
Logger:2020-03-16 13:25:56.763709 https://yanyangcheng.fang.com/
Logger:2020-03-16 13:25:57.098800 https://dongyuerunkehuayuan.fang.com/
Logger:2020-03-16 13:25:57.379092 https://qihangzhiguangwk.fang.com/
Logger:2020-03-16 13:25:57.651322 https://zhengyuan.fang.com/
Logger:2020-03-16 13:26:01.362474 https://yongqing.newhouse.fang.com/house/s/b92/
Logger:2020-03-16 13:26:01.602753 https://konggangzun.fang.com/
Logger:2020-03-16 13:26:01.883002 https://ruijiayuan0316.fang.com/
Logger:2020-03-16 13:26:02.180206 https://xingfujiayuanyq.fang.com/
Logger:2020-03-16 13:26:02.613049 https://zhongkejiahuichengyq.fang.com/
Logger:2020-03-16 13:26:04.243686 https://defenghaitangyuan.fang.com/
Logger:2020-03-16 13:26:04.522982 https://senlinyichengyq.fang.com/
Logger:2020-03-16 13:26:08.025569 https://yongqing.newhouse.fang.com/house/s/b93/
Logger:2020-03-16 13:26:11.500316 https://yongqing.newhouse.fang.com/house/s/b94/
Logger:2020-03-16 13:26:14.932093 https://yongqing.newhouse.fang.com/house/s/b95/
