Logger:2020-03-16 11:51:08.771545 https://yongzhou.newhouse.fang.com/house/s/b91/
Logger:2020-03-16 11:51:09.063613 https://biguiyuantianxiwan0746.fang.com/
Logger:2020-03-16 11:51:09.367524 https://biguiyuanny.fang.com/
Logger:2020-03-16 11:51:09.641007 https://hongyiqishangongguan.fang.com/
Logger:2020-03-16 11:51:09.873260 https://biguiyuanzhongyanggongyuan0746.fang.com/
Logger:2020-03-16 11:51:10.248662 https://haixianghuafu.fang.com/
Logger:2020-03-16 11:51:10.529549 https://yueluqingchengwdgc.fang.com/
Logger:2020-03-16 11:51:12.293418 https://haixiangxuefu.fang.com/
Logger:2020-03-16 11:51:12.559409 https://suhesanqianyue.fang.com/
Logger:2020-03-16 11:51:12.899753 https://zhongjianbinjiangxincheng.fang.com/
Logger:2020-03-16 11:51:14.331095 https://jiaxinyuecheng.fang.com/
Logger:2020-03-16 11:51:14.596770 https://rishengyifangzhongxin.fang.com/
Logger:2020-03-16 11:51:14.940360 https://biguiyuanda.fang.com/
Logger:2020-03-16 11:51:15.284191 https://junqimingdi.fang.com/
Logger:2020-03-16 11:51:15.565652 https://hongxingguojiguangchang0746.fang.com/
Logger:2020-03-16 11:51:15.862304 https://shunxiangjinjie.fang.com/
Logger:2020-03-16 11:51:16.127580 https://linglingshanhuhai.fang.com/
Logger:2020-03-16 11:51:16.440405 https://yzbjhf.fang.com/
Logger:2020-03-16 11:51:16.721188 https://zhongyangxincheng.fang.com/
Logger:2020-03-16 11:51:17.002349 https://bgyhuangjinshidai.fang.com/
Logger:2020-03-16 11:51:17.324846 https://yongzhoubiguiyuanxinduhui.fang.com/
Logger:2020-03-16 11:51:21.005629 https://yongzhou.newhouse.fang.com/house/s/b92/
Logger:2020-03-16 11:51:21.286390 https://jindingmingfu.fang.com/
Logger:2020-03-16 11:51:22.777538 https://jinshawan0746.fang.com/
Logger:2020-03-16 11:51:24.309145 https://jpsjc.fang.com/
Logger:2020-03-16 11:51:24.605641 https://xingfulijn.fang.com/
Logger:2020-03-16 11:51:24.873268 https://zdxinghewan.fang.com/
Logger:2020-03-16 11:51:25.170073 https://shunxiangjun.fang.com/
Logger:2020-03-16 11:51:25.467289 https://zhongyanghuafu0746.fang.com/
Logger:2020-03-16 11:51:25.794967 https://shuxiangfudi0746.fang.com/
Logger:2020-03-16 11:51:26.107873 https://whsjc.fang.com/
Logger:2020-03-16 11:51:26.388536 https://jiunimingzhu0746.fang.com/
Logger:2020-03-16 11:51:26.701626 https://shilijiangwanhr.fang.com/
Logger:2020-03-16 11:51:26.998466 https://qyhyshh.fang.com/
Logger:2020-03-16 11:51:29.263575 https://lanbowan0746.fang.com/
Logger:2020-03-16 11:51:29.512798 https://jiangshandijing0746.fang.com/
Logger:2020-03-16 11:51:29.794543 https://shundexiangjiang.fang.com/
Logger:2020-03-16 11:51:30.122493 https://dzbgy0746.fang.com/
Logger:2020-03-16 11:51:30.450566 https://bgyyonzhoufu.fang.com/
Logger:2020-03-16 11:51:32.063023 https://gongyuandadi0746.fang.com/
Logger:2020-03-16 11:51:32.360507 https://shuxiangmingdi0746.fang.com/
Logger:2020-03-16 11:51:32.641870 https://0746jiangshanyujing.fang.com/
Logger:2020-03-16 11:51:36.472524 https://yongzhou.newhouse.fang.com/house/s/b93/
Logger:2020-03-16 11:51:36.738691 https://jinyinhaoting.fang.com/
Logger:2020-03-16 11:51:37.019216 https://tlwymhxc.fang.com/
Logger:2020-03-16 11:51:37.301036 https://guojixinchengst.fang.com/
Logger:2020-03-16 11:51:37.644185 https://xufutaohuayuan.fang.com/
Logger:2020-03-16 11:51:38.925016 https://xufutaohuayuanxt.fang.com/
Logger:2020-03-16 11:51:39.159335 https://jiangnanhuafu0746.fang.com/
Logger:2020-03-16 11:51:40.675186 https://yjgjgc0746.fang.com/
Logger:2020-03-16 11:51:40.988263 https://hongyichengshianchang.fang.com/
Logger:2020-03-16 11:51:41.300691 https://ganlanjiayuan0746.fang.com/
Logger:2020-03-16 11:51:41.598023 https://huachengnuojinyangchen.fang.com/
Logger:2020-03-16 11:51:41.863076 https://lehuomeiyu.fang.com/
Logger:2020-03-16 11:51:42.191236 https://kaishenghuayuan0746.fang.com/
Logger:2020-03-16 11:51:42.566652 https://zbsjgc.fang.com/
Logger:2020-03-16 11:51:44.034681 https://shunhuangcheng.fang.com/
Logger:2020-03-16 11:51:44.268790 https://chengshilvdao.fang.com/
Logger:2020-03-16 11:51:46.068467 https://huatianshoufu0746.fang.com/
Logger:2020-03-16 11:51:46.365344 https://yztyds.fang.com/
Logger:2020-03-16 11:51:46.677961 https://jinxiuqiancheng0746.fang.com/
Logger:2020-03-16 11:51:47.052140 https://xiangyuanyihao.fang.com/
Logger:2020-03-16 11:51:47.317744 https://xsjgc0746.fang.com/
Logger:2020-03-16 11:51:50.989101 https://yongzhou.newhouse.fang.com/house/s/b94/
Logger:2020-03-16 11:51:51.254274 https://dzjiajujiancaicheng.fang.com/
Logger:2020-03-16 11:51:51.582393 https://jinketaolijun.fang.com/
Logger:2020-03-16 11:51:51.863504 https://jiazhouxiaozhenhy0746.fang.com/
Logger:2020-03-16 11:51:52.191578 https://yashilinxiangfu.fang.com/
Logger:2020-03-16 11:51:52.476255 https://xufutaohuayuan.fang.com/
Logger:2020-03-16 11:51:52.773232 https://haixiangcheng.fang.com/
Logger:2020-03-16 11:51:53.054779 https://0746xiangjiangyihao.fang.com/
Logger:2020-03-16 11:51:53.382349 https://jianghuahongyishanhuhai.fang.com/
Logger:2020-03-16 11:51:53.694753 https://jianghuagushi.fang.com/
Logger:2020-03-16 11:51:53.975910 https://heyuanxincheng.fang.com/
Logger:2020-03-16 11:51:54.257348 https://tuoxingyangguangmeicheng.fang.com/
Logger:2020-03-16 11:51:56.235390 https://heyifudiwangtai.fang.com/
Logger:2020-03-16 11:51:56.501086 https://shanhuhaihy.fang.com/
Logger:2020-03-16 11:51:57.031649 https://cjdjw.fang.com/
Logger:2020-03-16 11:51:57.304390 https://henglishoufu.fang.com/
Logger:2020-03-16 11:51:57.585575 https://zhongtianlingxiu.fang.com/
Logger:2020-03-16 11:51:57.882380 https://yongzhou1hao.fang.com/
Logger:2020-03-16 11:51:58.179184 https://lxbjy.fang.com/
Logger:2020-03-16 11:51:58.429557 https://yujinghaoting0746.fang.com/
Logger:2020-03-16 11:51:59.491376 https://lhyhgg0746.fang.com/
Logger:2020-03-16 11:52:03.150288 https://yongzhou.newhouse.fang.com/house/s/b95/
Logger:2020-03-16 11:52:03.415132 https://slxfc.fang.com/
Logger:2020-03-16 11:52:03.715904 https://bjgjxchs.fang.com/
Logger:2020-03-16 11:52:04.028781 https://xiaoderongzunfu.fang.com/
Logger:2020-03-16 11:52:04.371997 https://huayangnianhua0746.fang.com/
Logger:2020-03-16 11:52:05.575564 https://runchilvzhou.fang.com/
Logger:2020-03-16 11:52:07.183833 https://wuxiyuyuan.fang.com/
Logger:2020-03-16 11:52:07.434109 https://xxdyc.fang.com/
Logger:2020-03-16 11:52:07.777486 https://dingchengxindu.fang.com/
Logger:2020-03-16 11:52:09.199507 https://bccjyh.fang.com/
Logger:2020-03-16 11:52:09.448926 https://hxdjw0746.fang.com/
Logger:2020-03-16 11:52:09.698866 https://zhongyangjiayuan0746.fang.com/
Logger:2020-03-16 11:52:10.026914 https://wuxijinyuan.fang.com/
Logger:2020-03-16 11:52:10.371168 https://jindumingdi.fang.com/
Logger:2020-03-16 11:52:10.685712 https://lishuijingwan.fang.com/
Logger:2020-03-16 11:52:10.982477 https://jinxiudongcheng.fang.com/
Logger:2020-03-16 11:52:11.279723 https://dijingwanhx.fang.com/
Logger:2020-03-16 11:52:11.560521 https://chengshihuayuanxl0746.fang.com/
Logger:2020-03-16 11:52:11.857696 https://beidingmingfu.fang.com/
Logger:2020-03-16 11:52:12.123538 https://bojinshidaihx.fang.com/
Logger:2020-03-16 11:52:12.435298 https://bojueshanzhuang0746.fang.com/
Logger:2020-03-16 11:52:16.091088 https://yongzhou.newhouse.fang.com/house/s/b96/
Logger:2020-03-16 11:52:16.387448 https://shanghaihuayuan0746.fang.com/
Logger:2020-03-16 11:52:16.715933 https://xinfuge.fang.com/
Logger:2020-03-16 11:52:17.059164 https://hanlinmingdi.fang.com/
Logger:2020-03-16 11:52:17.340349 https://xiaoxianggongguan.fang.com/
Logger:2020-03-16 11:52:17.639712 https://tonghongxiaoxiangfu.fang.com/
Logger:2020-03-16 11:52:17.905229 https://yifanglongtai.fang.com/
Logger:2020-03-16 11:52:18.202745 https://bgyyaodu.fang.com/
Logger:2020-03-16 11:52:18.483303 https://yipinlanshan0746.fang.com/
Logger:2020-03-16 11:52:18.819705 https://junlinbinjiang.fang.com/
Logger:2020-03-16 11:52:19.085269 https://shijihui.fang.com/
Logger:2020-03-16 11:52:19.413852 https://huachengxinyu.fang.com/
Logger:2020-03-16 11:52:19.695067 https://qilingongguan0746.fang.com/
Logger:2020-03-16 11:52:20.006925 https://dongfanglidu0746.fang.com/
Logger:2020-03-16 11:52:21.503725 https://linglinggucheng.fang.com/
Logger:2020-03-16 11:52:21.988583 https://jnxfldsq.fang.com/
Logger:2020-03-16 11:52:22.361319 https://hongtengyujing.fang.com/
Logger:2020-03-16 11:52:22.642996 https://hongtaiyangjianganhuacheng.fang.com/
Logger:2020-03-16 11:52:22.919926 https://yuzeyuan0746.fang.com/
Logger:2020-03-16 11:52:23.201136 https://rxjbc.fang.com/
Logger:2020-03-16 11:52:23.497598 https://shengshilongan.fang.com/
Logger:2020-03-16 11:52:27.340157 https://yongzhou.newhouse.fang.com/house/s/b97/
Logger:2020-03-16 11:52:27.606101 https://pingguoshequ0746.fang.com/
Logger:2020-03-16 11:52:27.887261 https://ryxhw.fang.com/
Logger:2020-03-16 11:52:28.199692 https://dasxmd.fang.com/
Logger:2020-03-16 11:52:28.496091 https://huafuhuanlecheng.fang.com/
Logger:2020-03-16 11:52:28.777972 https://longhuashijicheng.fang.com/
Logger:2020-03-16 11:52:29.074124 https://xinchengmingdu.fang.com/
Logger:2020-03-16 11:52:29.402126 https://wanmeishenghuo.fang.com/
Logger:2020-03-16 11:52:29.677200 https://jiaxingmingcheng.fang.com/
Logger:2020-03-16 11:52:30.012883 https://jiudingbinjianghuafu.fang.com/
Logger:2020-03-16 11:52:30.309677 https://cjsjhc.fang.com/
Logger:2020-03-16 11:52:30.652850 https://xhsyjy.fang.com/
Logger:2020-03-16 11:52:31.590129 https://qyxtd.fang.com/
Logger:2020-03-16 11:52:31.855773 https://jdcygd.fang.com/
Logger:2020-03-16 11:52:32.168117 https://yaojianghaoting.fang.com/
Logger:2020-03-16 11:52:32.528122 https://xinlongxiaozhen.fang.com/
Logger:2020-03-16 11:52:32.808590 https://lhsdcfgc.fang.com/
Logger:2020-03-16 11:52:33.121735 https://nyncyy.fang.com/
Logger:2020-03-16 11:52:33.387120 https://xtzhpfdsc.fang.com/
Logger:2020-03-16 11:52:33.730739 https://jiulongshidaiguangchang.fang.com/
Logger:2020-03-16 11:52:34.839797 https://andagongguan.fang.com/
Logger:2020-03-16 11:52:38.419831 https://yongzhou.newhouse.fang.com/house/s/b98/
Logger:2020-03-16 11:52:38.732694 https://chengshangchengxl.fang.com/
Logger:2020-03-16 11:52:39.029061 https://xianglinggongguan.fang.com/
Logger:2020-03-16 11:52:39.357108 https://dijinghuating0746.fang.com/
Logger:2020-03-16 11:52:40.341695 https://shuimolanting0746.fang.com/
Logger:2020-03-16 11:52:40.638055 https://wfdjgy.fang.com/
Logger:2020-03-16 11:52:40.971407 https://xnwshsmxc.fang.com/
Logger:2020-03-16 11:52:41.309887 https://bjhyxc.fang.com/
Logger:2020-03-16 11:52:41.604700 https://fengjingyuanlt.fang.com/
Logger:2020-03-16 11:52:41.934018 https://nhfljj.fang.com/2/
Logger:2020-03-16 11:52:42.217735 https://xiangjiangmeijun.fang.com/
Logger:2020-03-16 11:52:42.634166 https://zixiayuyuan.fang.com/
Logger:2020-03-16 11:52:42.888539 https://cfcllj.fang.com/
Logger:2020-03-16 11:52:43.192083 https://yfhjgj.fang.com/
Logger:2020-03-16 11:52:43.479302 https://dzqimaocheng.fang.com/
Logger:2020-03-16 11:52:43.818000 https://caishishangmaoxincheng.fang.com/
Logger:2020-03-16 11:52:44.545546 https://yongzhou.newhouse.fang.com/house/2720112548.htm
Logger:2020-03-16 11:52:44.841710 https://longxiyihao.fang.com/
Logger:2020-03-16 11:52:45.185369 https://hjttxs.fang.com/
Logger:2020-03-16 11:52:45.529038 https://shuiyingxiangshan.fang.com/
Logger:2020-03-16 11:52:45.841506 https://richudongfang0746.fang.com/
Logger:2020-03-16 11:52:49.684307 https://yongzhou.newhouse.fang.com/house/s/b99/
Logger:2020-03-16 11:52:49.981151 https://wanxingyayuan.fang.com/
Logger:2020-03-16 11:52:50.262294 https://shundijinwan.fang.com/
Logger:2020-03-16 11:52:50.590377 https://shangwudajiudianjh.fang.com/
Logger:2020-03-16 11:52:50.840657 https://fnwjjcdsc.fang.com/
Logger:2020-03-16 11:52:51.152753 https://kaixuanguojijf.fang.com/
Logger:2020-03-16 11:52:51.434202 https://xiangfuxiangcheng.fang.com/
Logger:2020-03-16 11:52:51.761945 https://yongjingyuanjh.fang.com/
Logger:2020-03-16 11:52:52.059140 https://dechangjindu.fang.com/
Logger:2020-03-16 11:52:52.390360 https://yuandinghuayuan0746.fang.com/
Logger:2020-03-16 11:52:52.717923 https://junyuehuacheng.fang.com/
Logger:2020-03-16 11:52:53.077203 https://zidongguoji0746.fang.com/
Logger:2020-03-16 11:52:53.374402 https://xscctgc.fang.com/
Logger:2020-03-16 11:52:53.670813 https://yinhaihuayuan.fang.com/
Logger:2020-03-16 11:52:53.951996 https://mengxiangjiayuan0746.fang.com/
Logger:2020-03-16 11:52:54.342562 https://blfxnmsygc.fang.com/
Logger:2020-03-16 11:52:54.623714 https://yzzdtnygsq.fang.com/
Logger:2020-03-16 11:52:54.936219 https://shunxiangjiangshanjun.fang.com/
Logger:2020-03-16 11:52:55.335373 https://dzsylybxj.fang.com/
Logger:2020-03-16 11:52:59.007376 https://yongzhou.newhouse.fang.com/house/s/b910/
Logger:2020-03-16 11:53:02.636822 https://yongzhou.newhouse.fang.com/house/s/b911/
Logger:2020-03-16 11:53:06.172228 https://yongzhou.newhouse.fang.com/house/s/b912/
