Logger:2020-03-16 01:42:16.212514 https://yongning.newhouse.fang.com/house/s/b91/
Logger:2020-03-16 01:42:16.414870 https://datangshengshi0771.fang.com/
Logger:2020-03-16 01:42:16.796431 https://haluoxuefuzh.fang.com/
Logger:2020-03-16 01:42:17.076861 https://yuelongtaihd0771.fang.com/
Logger:2020-03-16 01:42:17.342424 https://yuejunfenghuaxc.fang.com/
Logger:2020-03-16 01:42:17.644890 https://shenghuyuejing.fang.com/
Logger:2020-03-16 01:42:18.191420 https://feiliwanygc0771.fang.com/
Logger:2020-03-16 01:42:18.535090 https://tianjunguangchanghj.fang.com/
Logger:2020-03-16 01:42:18.880107 https://yongjinlanwanlg.fang.com/
Logger:2020-03-16 01:42:19.161263 https://wandamao.fang.com/
Logger:2020-03-16 01:42:19.474064 https://bocuitianchenjk0771.fang.com/
Logger:2020-03-16 01:42:19.724222 https://dongmengkejichengqdnn.fang.com/
Logger:2020-03-16 01:42:20.067300 https://baonengchengshiguangchang0771.fang.com/
Logger:2020-03-16 01:42:20.426600 https://longgangdonglinjiaguangchangwn.fang.com/
Logger:2020-03-16 01:42:20.660909 https://jiulongtailg0771.fang.com/
Logger:2020-03-16 01:42:20.957714 https://yinquanyipintianyu.fang.com/
Logger:2020-03-16 01:42:21.255121 https://bocuijiangshansmjk.fang.com/
Logger:2020-03-16 01:42:21.520081 https://jinyubinjiangwk0771.fang.com/
Logger:2020-03-16 01:42:21.786141 https://zhongguojinyuan2.fang.com/
Logger:2020-03-16 01:42:22.144933 https://guobinxianzl.fang.com/
Logger:2020-03-16 01:42:22.411192 https://longtingshuian0771.fang.com/
Logger:2020-03-16 01:42:25.932837 https://yongning.newhouse.fang.com/house/s/b92/
Logger:2020-03-16 01:42:26.073919 https://longyuxiangtibandao.fang.com/
Logger:2020-03-16 01:42:29.754318 https://yongning.newhouse.fang.com/house/s/b93/
Logger:2020-03-16 01:42:33.417155 https://yongning.newhouse.fang.com/house/s/b94/
Logger:2020-03-16 01:42:36.978626 https://yongning.newhouse.fang.com/house/s/b95/
