Logger:2020-03-16 10:30:28.842382 https://yongcheng.newhouse.fang.com/house/s/b91/
Logger:2020-03-16 10:30:29.390268 https://ycsmqhy.fang.com/
Logger:2020-03-16 10:30:29.677982 https://guanhuyihao0370.fang.com/
Logger:2020-03-16 10:30:30.089807 https://longchengyuyuan0370.fang.com/
Logger:2020-03-16 10:30:30.425920 https://yctrc.fang.com/
Logger:2020-03-16 10:30:31.900049 https://yongchengjianyelianmengxincheng.fang.com/
Logger:2020-03-16 10:30:33.261860 https://suzhouhuayuan.fang.com/3/
Logger:2020-03-16 10:30:33.599080 https://yongchengzhuangyuanfudi.fang.com/
Logger:2020-03-16 10:30:33.882218 https://ycjbdgc.fang.com/2/
Logger:2020-03-16 10:30:35.454483 https://ycfzwlc.fang.com/
Logger:2020-03-16 10:30:35.758725 https://shcsct.fang.com/
Logger:2020-03-16 10:30:36.087806 https://xuefuyayuan0370.fang.com/
Logger:2020-03-16 10:30:37.927261 https://ycycht.fang.com/
Logger:2020-03-16 10:30:38.238314 https://ycfjgj.fang.com/
Logger:2020-03-16 10:30:38.658140 https://binhutaoyuan.fang.com/
Logger:2020-03-16 10:30:38.991718 https://xinyoutianrunfu.fang.com/
Logger:2020-03-16 10:30:39.276830 https://ycspgj.fang.com/
Logger:2020-03-16 10:30:39.585321 https://ycshct.fang.com/
Logger:2020-03-16 10:30:39.860234 https://ycsdc.fang.com/
Logger:2020-03-16 10:30:40.276165 https://ycydxz.fang.com/
Logger:2020-03-16 10:30:40.572748 https://ychhgj.fang.com/
Logger:2020-03-16 10:30:44.889284 https://yongcheng.newhouse.fang.com/house/s/b92/
Logger:2020-03-16 10:30:46.174513 https://ycyhjy.fang.com/
Logger:2020-03-16 10:30:46.492754 https://dongfangmingjun0370.fang.com/
Logger:2020-03-16 10:30:46.796950 https://fdtskn.fang.com/
Logger:2020-03-16 10:30:47.093898 https://longtinggongguan.fang.com/
Logger:2020-03-16 10:30:52.200213 https://ycjylmxc.fang.com/
Logger:2020-03-16 10:30:52.548893 https://yczyjy0370.fang.com/
Logger:2020-03-16 10:30:53.136751 https://ycjbdgc.fang.com/
Logger:2020-03-16 10:30:53.722534 https://shdsyy.fang.com/
Logger:2020-03-16 10:30:54.019402 https://yczysjc.fang.com/
Logger:2020-03-16 10:30:54.291238 https://ycmmsj.fang.com/
Logger:2020-03-16 10:30:54.677331 https://ycydht.fang.com/
Logger:2020-03-16 10:30:55.002135 https://yfgc.fang.com/2/
Logger:2020-03-16 10:30:55.546696 https://yczymm.fang.com/
Logger:2020-03-16 10:30:55.821960 https://ycjhgjgc.fang.com/
Logger:2020-03-16 10:30:56.133526 https://ycqcc.fang.com/
Logger:2020-03-16 10:30:56.434561 https://ycysgj.fang.com/
Logger:2020-03-16 10:30:56.753376 https://dfgj0370.fang.com/
Logger:2020-03-16 10:30:57.317816 https://ycsdgj.fang.com/
Logger:2020-03-16 10:31:08.328514 https://yongcheng.newhouse.fang.com/house/s/b93/
Logger:2020-03-16 10:31:12.090505 https://yongcheng.newhouse.fang.com/house/s/b94/
Logger:2020-03-16 10:31:17.447538 https://yongcheng.newhouse.fang.com/house/s/b95/
