Logger:2020-03-16 08:39:22.027794 https://yongdeng.newhouse.fang.com/house/s/b91/
Logger:2020-03-16 08:39:22.355360 https://shidaihaidebaozhuangyuan.fang.com/
Logger:2020-03-16 08:39:22.667747 https://biguiyuanchengshihuayuan2.fang.com/
Logger:2020-03-16 08:39:23.042700 https://liangzhijianianhuaerqi.fang.com/
Logger:2020-03-16 08:39:23.324227 https://yongdengshengshimingdu.fang.com/
Logger:2020-03-16 08:39:23.589416 https://yongdengyataimeiguiyuan.fang.com/
Logger:2020-03-16 08:39:23.873301 https://longhengjingjifangxiaoqu.fang.com/
Logger:2020-03-16 08:39:24.123424 https://longlingjiatianxia.fang.com/
Logger:2020-03-16 08:39:24.451376 https://lanzhouhailiangheyuan.fang.com/
Logger:2020-03-16 08:39:24.716554 https://zhongjilixiangguoji.fang.com/
Logger:2020-03-16 08:39:24.982661 https://yantanjiayuancuiyingju.fang.com/
Logger:2020-03-16 08:39:25.263663 https://lanshiruizhimingju.fang.com/
Logger:2020-03-16 08:39:25.591763 https://zhuquehubieshu.fang.com/
Logger:2020-03-16 08:39:26.044404 https://ldzhjrc3.fang.com/
Logger:2020-03-16 08:39:26.263064 https://damingshu.fang.com/
Logger:2020-03-16 08:39:26.528626 https://baofengzijincheng.fang.com/
Logger:2020-03-16 08:39:26.825431 https://yuandongjinxiuhuafu.fang.com/
Logger:2020-03-16 08:39:27.685035 https://yongdeng.newhouse.fang.com/house/3724203100.htm
Logger:2020-03-16 08:39:27.950165 https://longshangguojisohobaodian.fang.com/
Logger:2020-03-16 08:39:28.231837 https://zhongguangyijingwanshangcheng.fang.com/
Logger:2020-03-16 08:39:28.528155 https://yongdengyuhaidasha.fang.com/
Logger:2020-03-16 08:39:31.773884 https://yongdeng.newhouse.fang.com/house/s/b92/
Logger:2020-03-16 08:39:32.024077 https://jiayiwanxiangxintiandi.fang.com/
Logger:2020-03-16 08:39:32.305265 https://haihongwaitanyingu.fang.com/
Logger:2020-03-16 08:39:32.571029 https://yongdengxingguangcheng.fang.com/
Logger:2020-03-16 08:39:32.881116 https://fumenyongjingweilaicheng.fang.com/
Logger:2020-03-16 08:39:33.169222 https://lanzhouxinqubinhufengqingshangyejie.fang.com/
Logger:2020-03-16 08:39:35.590276 https://jinyuguanlan2.fang.com/
Logger:2020-03-16 08:39:35.839943 https://yongdeng.newhouse.fang.com/house/3724203108.htm
Logger:2020-03-16 08:39:40.513079 https://kunyushuxiangmingfu.fang.com/
Logger:2020-03-16 08:39:40.840999 https://xiahehailuowanzangwenhuachanyeyuan.fang.com/
Logger:2020-03-16 08:39:44.733662 https://yongdenghuanghechuncheng.fang.com/
Logger:2020-03-16 08:39:47.373701 https://bopengjinchenglongyuan.fang.com/
Logger:2020-03-16 08:39:47.639226 https://lanzhouxinquyataigongyekejizongbujidi.fang.com/
Logger:2020-03-16 08:39:49.123704 https://yongdeng.newhouse.fang.com/house/3724203112.htm
Logger:2020-03-16 08:39:49.420055 https://wanjiahechengshiguangchang.fang.com/
Logger:2020-03-16 08:39:49.654989 https://sanweistylezongheti.fang.com/
Logger:2020-03-16 08:39:49.889257 https://tongdaguojicheng.fang.com/
Logger:2020-03-16 08:39:50.201581 https://lianchuangzhiyeyuan.fang.com/
Logger:2020-03-16 08:39:53.655976 https://yongdeng.newhouse.fang.com/house/s/b93/
Logger:2020-03-16 08:39:57.102175 https://yongdeng.newhouse.fang.com/house/s/b94/
Logger:2020-03-16 08:40:00.811037 https://yongdeng.newhouse.fang.com/house/s/b95/
