Logger:2020-03-15 23:46:00.744348 https://yongtai.newhouse.fang.com/house/s/b91/
Logger:2020-03-15 23:46:01.020533 https://yiheyazhou.fang.com/
Logger:2020-03-15 23:46:01.489298 https://luyuanbgy.fang.com/
Logger:2020-03-15 23:46:01.839811 https://yongtaiwenquanxiaozhensm.fang.com/
Logger:2020-03-15 23:46:02.295596 https://qingyunxiaozhenth.fang.com/
Logger:2020-03-15 23:46:02.641695 https://shimaoyunzun.fang.com/
Logger:2020-03-15 23:46:06.607456 https://yongtai.newhouse.fang.com/house/2233266066.htm
Logger:2020-03-15 23:46:06.954279 https://yongtai.newhouse.fang.com/house/2233266062.htm
Logger:2020-03-15 23:46:07.268439 https://jianfashanwaishan.fang.com/
Logger:2020-03-15 23:46:07.609526 https://hengyuguojigongguan.fang.com/
Logger:2020-03-15 23:46:08.122155 https://jiangshanshuiansd.fang.com/
Logger:2020-03-15 23:46:10.225094 https://yongtai.newhouse.fang.com/house/2233266064.htm
Logger:2020-03-15 23:46:10.532439 https://wuyilanting.fang.com/
Logger:2020-03-15 23:46:10.955339 https://hengyuguojiguandi.fang.com/
Logger:2020-03-15 23:46:12.935754 https://yongtai.newhouse.fang.com/house/2233266058.htm
Logger:2020-03-15 23:46:16.284607 https://yongtai.newhouse.fang.com/house/2233266068.htm
Logger:2020-03-15 23:46:19.282991 https://yongtai.newhouse.fang.com/house/2233266070.htm
Logger:2020-03-15 23:46:21.906154 https://yongtai.newhouse.fang.com/house/2233266060.htm
Logger:2020-03-15 23:46:22.299697 https://yongtaiwankecheng.fang.com/
Logger:2020-03-15 23:46:26.135226 https://yongtai.newhouse.fang.com/house/s/b92/
Logger:2020-03-15 23:46:30.881087 https://yongtai.newhouse.fang.com/house/s/b93/
Logger:2020-03-15 23:46:34.473413 https://yongtai.newhouse.fang.com/house/s/b94/
