Logger:2020-03-15 23:44:16.824461 https://yongchun.newhouse.fang.com/house/s/b91/
Logger:2020-03-15 23:44:24.081608 https://yongchunfulinguoji.fang.com/
Logger:2020-03-15 23:44:33.396304 https://yongchunbiguiyuan.fang.com/
Logger:2020-03-15 23:44:33.810204 https://baolongchengshiguangchangyc.fang.com/
Logger:2020-03-15 23:44:34.134297 https://blcsgcyc0595.fang.com/
Logger:2020-03-15 23:44:36.815727 https://taoyuanhuatingyc.fang.com/
Logger:2020-03-15 23:44:37.121867 https://junyuejiangshan.fang.com/
Logger:2020-03-15 23:44:37.516288 https://wenquandujiaqutm.fang.com/
Logger:2020-03-15 23:44:37.865393 https://caifujinlongcheng.fang.com/
Logger:2020-03-15 23:44:38.169542 https://jinqianyulongtingyc.fang.com/
Logger:2020-03-15 23:44:38.483702 https://linjiangjingdianyc.fang.com/
Logger:2020-03-15 23:44:41.499245 https://shengshijunhaoyongchun.fang.com/
Logger:2020-03-15 23:44:41.807429 https://yangguanghaotingyc.fang.com/
Logger:2020-03-15 23:44:42.230939 https://dibiaoguojiyc.fang.com/
Logger:2020-03-15 23:44:43.182396 https://yongchun.newhouse.fang.com/house/2230207602.htm
Logger:2020-03-15 23:44:43.561461 https://wanxingwenhuaguangchangyc.fang.com/
Logger:2020-03-15 23:44:43.882895 https://taoyuanmingzhuyc.fang.com/
Logger:2020-03-15 23:44:44.169122 https://shidaiguangchangyz.fang.com/
Logger:2020-03-15 23:44:44.528164 https://yuzhengzhiyeshidaiguangchang.fang.com/
Logger:2020-03-15 23:44:48.663787 https://yongchun.newhouse.fang.com/house/s/b92/
Logger:2020-03-15 23:44:52.467928 https://yongchun.newhouse.fang.com/house/s/b93/
Logger:2020-03-15 23:44:56.241669 https://yongchun.newhouse.fang.com/house/s/b94/
