Logger:2020-03-16 12:04:00.505626 https://youxian.newhouse.fang.com/house/s/b91/
Logger:2020-03-16 12:04:00.741993 https://lishengjingjiangcheng.fang.com/
Logger:2020-03-16 12:04:01.940787 https://youxian.newhouse.fang.com/house/2728249572.htm
Logger:2020-03-16 12:04:02.172167 https://tlhgj.fang.com/
Logger:2020-03-16 12:04:02.423538 https://youxian.newhouse.fang.com/house/2728249562.htm
Logger:2020-03-16 12:04:02.726685 https://lishuishanzhuang.fang.com/
Logger:2020-03-16 12:04:04.126939 https://youxian.newhouse.fang.com/house/2728249588.htm
Logger:2020-03-16 12:04:04.363306 https://yzbgyyzf3.fang.com/
Logger:2020-03-16 12:04:04.630591 https://youxianzijinmingmen.fang.com/
Logger:2020-03-16 12:04:05.386615 https://youxian.newhouse.fang.com/house/2728249556.htm
Logger:2020-03-16 12:04:05.634904 https://bgycyyp0731.fang.com/
Logger:2020-03-16 12:04:05.852322 https://zhuzhouzjmm.fang.com/
Logger:2020-03-16 12:04:07.561750 https://zhengtaixincheng.fang.com/
Logger:2020-03-16 12:04:07.820058 https://ysdfdy.fang.com/2/
Logger:2020-03-16 12:04:08.131226 https://shuxiangmingdi20731.fang.com/
Logger:2020-03-16 12:04:08.887246 https://youxian.newhouse.fang.com/house/2728249590.htm
Logger:2020-03-16 12:04:09.123571 https://xianghongbiyujiayuan.fang.com/
Logger:2020-03-16 12:04:09.812766 https://youxian.newhouse.fang.com/house/2728249558.htm
Logger:2020-03-16 12:04:10.630615 https://youxian.newhouse.fang.com/house/2728249566.htm
Logger:2020-03-16 12:04:14.149129 https://youxian.newhouse.fang.com/house/s/b92/
Logger:2020-03-16 12:04:17.880147 https://youxian.newhouse.fang.com/house/s/b93/
Logger:2020-03-16 12:04:21.382776 https://youxian.newhouse.fang.com/house/s/b94/
