Logger:2020-03-16 17:42:57.901719 https://yt.newhouse.fang.com/house/s/b91/
Logger:2020-03-16 17:42:58.309627 https://feicuidadaowk0535.fang.com/
Logger:2020-03-16 17:42:58.686619 https://zhaoshangdongan.fang.com/
Logger:2020-03-16 17:42:59.359520 https://aishanghaibl.fang.com/
Logger:2020-03-16 17:42:59.807326 https://haiyishijiaxr.fang.com/
Logger:2020-03-16 17:43:00.188307 https://boerduoxiaozhen0535.fang.com/
Logger:2020-03-16 17:43:03.281606 https://qianshanyijingjd0535.fang.com/
Logger:2020-03-16 17:43:03.818170 https://maerbeilazs.fang.com/
Logger:2020-03-16 17:43:04.157185 https://zhonghaijincheng0535.fang.com/
Logger:2020-03-16 17:43:04.619142 https://zhongnanfuwk0535.fang.com/
Logger:2020-03-16 17:43:05.174654 https://xinlilongwan0535.fang.com/
Logger:2020-03-16 17:43:05.489056 https://hanlinyuanjxt.fang.com/
Logger:2020-03-16 17:43:05.834148 https://yueshanfuzl.fang.com/
Logger:2020-03-16 17:43:06.180862 https://zhonghaiwanjin.fang.com/
Logger:2020-03-16 17:43:06.679551 https://changanyunjinzh.fang.com/
Logger:2020-03-16 17:43:07.066491 https://shanshuilongcheng0535.fang.com/
Logger:2020-03-16 17:43:09.943555 https://xiangyizhongyang.fang.com/
Logger:2020-03-16 17:43:10.481117 https://haigangchengds.fang.com/
Logger:2020-03-16 17:43:10.887456 https://tianlunjiayuanxyy.fang.com/
Logger:2020-03-16 17:43:11.300419 https://taiyixinchengcf.fang.com/
Logger:2020-03-16 17:43:11.845173 https://haishangdijinghd0535.fang.com/
Logger:2020-03-16 17:43:15.630018 https://yt.newhouse.fang.com/house/s/b92/
Logger:2020-03-16 17:43:15.950145 https://qingshancuigu.fang.com/
Logger:2020-03-16 17:43:16.492693 https://fujiaxiaoqu.fang.com/
Logger:2020-03-16 17:43:16.953491 https://zhongruicheng.fang.com/
Logger:2020-03-16 17:43:17.330051 https://huishenglanhai.fang.com/
Logger:2020-03-16 17:43:17.728614 https://donglaijunyy.fang.com/
Logger:2020-03-16 17:43:18.175420 https://yushanhuafuhd.fang.com/
Logger:2020-03-16 17:43:18.555988 https://tiantaichengxingfuli.fang.com/
Logger:2020-03-16 17:43:18.897174 https://putihaiwanlh.fang.com/
Logger:2020-03-16 17:43:19.636445 https://jintanhuayuanfl.fang.com/
Logger:2020-03-16 17:43:20.027398 https://lantianyihaorc.fang.com/
Logger:2020-03-16 17:43:20.385513 https://kaixuanmenhrzx0535.fang.com/
Logger:2020-03-16 17:43:20.793843 https://chengshizhiguangwk0535.fang.com/
Logger:2020-03-16 17:43:21.204744 https://feicuichanganwk.fang.com/
Logger:2020-03-16 17:43:21.593703 https://haiyunhuafugt.fang.com/
Logger:2020-03-16 17:43:23.001024 https://taihefudt.fang.com/
Logger:2020-03-16 17:43:23.354752 https://mokaloft.fang.com/
Logger:2020-03-16 17:43:28.402347 https://binhuwanli.fang.com/
Logger:2020-03-16 17:43:28.891561 https://yanlanhaianlh0535.fang.com/
Logger:2020-03-16 17:43:29.458044 https://hailanwanxr.fang.com/
Logger:2020-03-16 17:43:29.848998 https://yujingbandaohd0535.fang.com/
Logger:2020-03-16 17:43:33.946763 https://yt.newhouse.fang.com/house/s/b93/
Logger:2020-03-16 17:43:34.302310 https://beiougongyuanhxzr.fang.com/
Logger:2020-03-16 17:43:34.730164 https://yujinghuacheng20535.fang.com/
Logger:2020-03-16 17:43:35.911961 https://shanhaimingdu0535.fang.com/
Logger:2020-03-16 17:43:36.308007 https://cuihushanxiaowk.fang.com/
Logger:2020-03-16 17:43:36.722897 https://jinrongguangchangryx.fang.com/
Logger:2020-03-16 17:43:39.899777 https://puyueyuanzhuxc.fang.com/
Logger:2020-03-16 17:43:40.278401 https://daiyuefuhx.fang.com/
Logger:2020-03-16 17:43:40.654119 https://guoaotiandi.fang.com/
Logger:2020-03-16 17:43:41.117906 https://wanchenghuafu0535.fang.com/
Logger:2020-03-16 17:43:41.584662 https://bainianshoufu.fang.com/
Logger:2020-03-16 17:43:41.918963 https://penghuwanjq.fang.com/
Logger:2020-03-16 17:43:42.358829 https://xuefuyihaott.fang.com/
Logger:2020-03-16 17:43:42.800156 https://baihejinyuan.fang.com/
Logger:2020-03-16 17:43:43.167212 https://yichengshuian0535.fang.com/
Logger:2020-03-16 17:43:43.544788 https://yingkepinyuan.fang.com/
Logger:2020-03-16 17:43:43.950410 https://jianchenglidu.fang.com/
Logger:2020-03-16 17:43:44.369447 https://bocuishanjk0535.fang.com/
Logger:2020-03-16 17:43:44.734501 https://zhifulizh.fang.com/
Logger:2020-03-16 17:43:45.147402 https://fenghuangshanzhuangbgy.fang.com/
Logger:2020-03-16 17:43:45.569229 https://ruixuefurd.fang.com/
Logger:2020-03-16 17:43:49.778705 https://yt.newhouse.fang.com/house/s/b94/
Logger:2020-03-16 17:43:50.128781 https://chunjiangyueminglh0535.fang.com/
Logger:2020-03-16 17:43:50.525707 https://qiangweigongguanxl.fang.com/
Logger:2020-03-16 17:43:50.918165 https://shanghaitanhuayuan0535.fang.com/
Logger:2020-03-16 17:43:51.371660 https://longhuyoushan.fang.com/
Logger:2020-03-16 17:43:51.812481 https://hepanlijinglj.fang.com/
Logger:2020-03-16 17:43:52.153568 https://yuanshanshu0535.fang.com/
Logger:2020-03-16 17:43:52.531190 https://huabanli0535.fang.com/
Logger:2020-03-16 17:43:54.706878 https://longhutianju0535.fang.com/
Logger:2020-03-16 17:43:56.034101 https://yangguangbandaoythd.fang.com/
Logger:2020-03-16 17:43:56.350814 https://xingyiguangchang0535.fang.com/office/
Logger:2020-03-16 17:43:56.697407 https://dengzhoufudiwt0535.fang.com/
Logger:2020-03-16 17:44:00.056502 https://tianshanjunhx.fang.com/
Logger:2020-03-16 17:44:00.439478 https://tinglanwanth.fang.com/
Logger:2020-03-16 17:44:00.774942 https://zhonghuachengwg.fang.com/
Logger:2020-03-16 17:44:01.319411 https://liulihaifh.fang.com/
Logger:2020-03-16 17:44:02.735068 https://shanhaidaguanduhuilixl.fang.com/
Logger:2020-03-16 17:44:03.101088 https://tianyilicheng.fang.com/3/
Logger:2020-03-16 17:44:04.761643 https://rongkeerhai.fang.com/
Logger:2020-03-16 17:44:05.178528 https://xiangcheng0535.fang.com/
Logger:2020-03-16 17:44:05.568533 https://boyuanmingdu.fang.com/
Logger:2020-03-16 17:44:09.575383 https://yt.newhouse.fang.com/house/s/b95/
Logger:2020-03-16 17:44:09.891537 https://lushanggongguan.fang.com/
Logger:2020-03-16 17:44:10.284536 https://yangguanghaianlg0535.fang.com/
Logger:2020-03-16 17:44:10.678074 https://langtingzjn.fang.com/
Logger:2020-03-16 17:44:11.174151 https://feicuigongyuanwk0535.fang.com/shop/
Logger:2020-03-16 17:44:11.499281 https://defujiayuanszgc.fang.com/
Logger:2020-03-16 17:44:11.974411 https://mingshichengxs.fang.com/
Logger:2020-03-16 17:44:12.420303 https://wucaichengshiaolai.fang.com/
Logger:2020-03-16 17:44:12.726991 https://shanghaitanhuayuan0535.fang.com/villa/
Logger:2020-03-16 17:44:13.066081 https://shanhailongchengjy.fang.com/
Logger:2020-03-16 17:44:16.016455 https://tianyuejincheng.fang.com/
Logger:2020-03-16 17:44:16.461798 https://changanyihao0535.fang.com/
Logger:2020-03-16 17:44:16.858344 https://haibian.fang.com/
Logger:2020-03-16 17:44:17.205385 https://jinmingtangshu.fang.com/
Logger:2020-03-16 17:44:17.573398 https://shoufuyihaozl0535.fang.com/
Logger:2020-03-16 17:44:19.012926 https://baiherongzhu.fang.com/
Logger:2020-03-16 17:44:20.590791 https://longjingtailddm.fang.com/
Logger:2020-03-16 17:44:20.907942 https://zhongzhenggongguan.fang.com/
Logger:2020-03-16 17:44:21.430612 https://kaiyuanshengshi.fang.com/
Logger:2020-03-16 17:44:24.545519 https://jinhaian1hao.fang.com/
Logger:2020-03-16 17:44:27.063840 https://jianchengxifu.fang.com/
Logger:2020-03-16 17:44:31.003888 https://yt.newhouse.fang.com/house/s/b96/
Logger:2020-03-16 17:44:31.359937 https://fenghuangyihaoyuanbgy.fang.com/
Logger:2020-03-16 17:44:31.746836 https://shanyucheng20535.fang.com/
Logger:2020-03-16 17:44:32.224722 https://yishengyuancs.fang.com/
Logger:2020-03-16 17:44:32.673520 https://lmssht.fang.com/
Logger:2020-03-16 17:44:34.616963 https://shijidashacy.fang.com/
Logger:2020-03-16 17:44:34.986043 https://tianhexincheng0535.fang.com/
Logger:2020-03-16 17:44:38.325340 https://kangyuechengmh.fang.com/
Logger:2020-03-16 17:44:38.833979 https://yinhefeicui.fang.com/
Logger:2020-03-16 17:44:39.385720 https://zhongyelanjun.fang.com/
Logger:2020-03-16 17:44:41.915146 https://zhongnanxiyuelk.fang.com/
Logger:2020-03-16 17:44:45.278014 https://yantaitaolichunfenglc.fang.com/
Logger:2020-03-16 17:44:45.696926 https://lvchengchengyuanxl.fang.com/
Logger:2020-03-16 17:44:46.085416 https://guanyunshan.fang.com/
Logger:2020-03-16 17:44:46.481839 https://fuchunshanju0535.fang.com/
Logger:2020-03-16 17:44:47.842014 https://xinfaxiaoqu0535.fang.com/
Logger:2020-03-16 17:44:48.221216 https://caiyunchenghl.fang.com/
Logger:2020-03-16 17:44:48.652308 https://mingjuegangwan0535.fang.com/
Logger:2020-03-16 17:44:49.008355 https://laiyangshoufubgy.fang.com/
Logger:2020-03-16 17:44:49.364434 https://yidechengyt.fang.com/
Logger:2020-03-16 17:44:49.698555 https://chengsekejidasha.fang.com/
Logger:2020-03-16 17:44:53.559274 https://yt.newhouse.fang.com/house/s/b97/
Logger:2020-03-16 17:44:54.373880 https://plbiguiyuan.fang.com/
Logger:2020-03-16 17:44:54.924327 https://lanyuanxllc.fang.com/
Logger:2020-03-16 17:44:55.264454 https://wohushanzhuang.fang.com/
Logger:2020-03-16 17:44:55.634430 https://yujingmingdilq.fang.com/
Logger:2020-03-16 17:44:56.007175 https://yutaiyuan.fang.com/
Logger:2020-03-16 17:44:56.379875 https://huayuanadl.fang.com/
Logger:2020-03-16 17:44:56.781761 https://chongwenhuayuanxc.fang.com/2/
Logger:2020-03-16 17:44:57.169811 https://beifangyueguangyijing.fang.com/
Logger:2020-03-16 17:44:57.626534 https://xiangcunjiyi.fang.com/
Logger:2020-03-16 17:44:58.021917 https://jinmaihuafu.fang.com/
Logger:2020-03-16 17:44:58.339607 https://fulizijinshanzhuang.fang.com/
Logger:2020-03-16 17:44:58.873168 https://xiangyunfuza.fang.com/
Logger:2020-03-16 17:44:59.508469 https://yonghongtaoyuanli.fang.com/
Logger:2020-03-16 17:44:59.958870 https://binhaijiari0535.fang.com/
Logger:2020-03-16 17:45:00.420006 https://lygjgg.fang.com/
Logger:2020-03-16 17:45:00.762116 https://shidaguangchang0535.fang.com/
Logger:2020-03-16 17:45:01.120298 https://yichengshanse0535.fang.com/
Logger:2020-03-16 17:45:03.511831 https://tianjiaochengxx0535.fang.com/
Logger:2020-03-16 17:45:03.914625 https://dongshanmingjun.fang.com/
Logger:2020-03-16 17:45:04.268668 https://beiouyayuan.fang.com/
Logger:2020-03-16 17:45:10.210709 https://yt.newhouse.fang.com/house/s/b98/
Logger:2020-03-16 17:45:10.655519 https://wenquanjiayuanlq.fang.com/
Logger:2020-03-16 17:45:11.186426 https://huafengdongshengyuan.fang.com/
Logger:2020-03-16 17:45:11.501859 https://wutongshujxt.fang.com/
Logger:2020-03-16 17:45:11.967640 https://fenghuangtaibgy0535.fang.com/
Logger:2020-03-16 17:45:12.459603 https://wanxiangchengjiuruxian.fang.com/
Logger:2020-03-16 17:45:13.020467 https://yuniaohehuayuanadl.fang.com/
Logger:2020-03-16 17:45:13.460797 https://haiyugongyuan.fang.com/
Logger:2020-03-16 17:45:13.956978 https://qianshanyijingxihujd.fang.com/
Logger:2020-03-16 17:45:23.908085 https://haishangmingzhu0535.fang.com/
Logger:2020-03-16 17:45:24.306649 https://dongmotangxinqu.fang.com/
Logger:2020-03-16 17:45:24.762212 https://xinghaihupan.fang.com/
Logger:2020-03-16 17:45:25.103260 https://tiandiyipin.fang.com/
Logger:2020-03-16 17:45:25.572031 https://langjun0535.fang.com/
Logger:2020-03-16 17:45:25.995387 https://zijuncheng0535.fang.com/
Logger:2020-03-16 17:45:26.367408 https://37djqwqhy.fang.com/
Logger:2020-03-16 17:45:26.735577 https://lxjy01.fang.com/
Logger:2020-03-16 17:45:27.064695 https://xingyueshijia.fang.com/
Logger:2020-03-16 17:45:27.737221 https://langhuguojiguangchang.fang.com/
Logger:2020-03-16 17:45:28.058636 https://xinghaiwanhm.fang.com/
Logger:2020-03-16 17:45:28.431330 https://yuehaiheyuanzj.fang.com/3/
Logger:2020-03-16 17:45:32.678510 https://yt.newhouse.fang.com/house/s/b99/
Logger:2020-03-16 17:45:33.055491 https://wanguangshanhaicheng.fang.com/
Logger:2020-03-16 17:45:33.447288 https://shanyushijia.fang.com/
Logger:2020-03-16 17:45:33.918428 https://huahejiayuanbf.fang.com/
Logger:2020-03-16 17:45:34.399855 https://milagongyu0535.fang.com/
Logger:2020-03-16 17:45:34.739945 https://ziweihuayuanjxt.fang.com/
Logger:2020-03-16 17:45:35.095582 https://lxwzayf.fang.com/
Logger:2020-03-16 17:45:35.548883 https://zhongnanyoumanli.fang.com/
Logger:2020-03-16 17:45:38.893746 https://tianxijiayuan0535.fang.com/
Logger:2020-03-16 17:45:39.368476 https://laizhouzhongguotiejianguojicheng.fang.com/
Logger:2020-03-16 17:45:39.717000 https://zhuangyuanfu0535.fang.com/
Logger:2020-03-16 17:45:40.163408 https://guolingxiaozhenrc.fang.com/
Logger:2020-03-16 17:45:40.481619 https://dingyuanfudi0535.fang.com/
Logger:2020-03-16 17:45:42.695223 https://chuntianhuayuan0535.fang.com/
Logger:2020-03-16 17:45:43.037052 https://yueshanfujy.fang.com/
Logger:2020-03-16 17:45:43.400670 https://shanhudayuanqq.fang.com/
Logger:2020-03-16 17:45:43.865029 https://lyygc.fang.com/
Logger:2020-03-16 17:45:56.186878 https://mingyueshanzhuangqq.fang.com/
Logger:2020-03-16 17:45:56.870064 https://xizhuyuan0535.fang.com/
Logger:2020-03-16 17:45:57.239066 https://yijingyuan0535.fang.com/
Logger:2020-03-16 17:46:01.323178 https://manchengninghai.fang.com/
Logger:2020-03-16 17:46:05.675904 https://yt.newhouse.fang.com/house/s/b910/
Logger:2020-03-16 17:46:11.001172 https://tianchengyulongju0535.fang.com/
Logger:2020-03-16 17:46:11.309881 https://gongyebolanchengwzgj0535.fang.com/
Logger:2020-03-16 17:46:11.692827 https://jianchengfuguihuayuan.fang.com/
Logger:2020-03-16 17:46:15.221894 https://chenjingjinlityrh.fang.com/
Logger:2020-03-16 17:46:17.951287 https://lywjjy.fang.com/
Logger:2020-03-16 17:46:19.168494 https://wanxiangchengxl.fang.com/3/
Logger:2020-03-16 17:46:19.494273 https://zhengrenzhongyanggongyuan.fang.com/
Logger:2020-03-16 17:46:19.821456 https://xianglongzhongxin.fang.com/
Logger:2020-03-16 17:46:26.638613 https://wanhaoyidun0535.fang.com/
Logger:2020-03-16 17:46:27.048158 https://wankeyulongshan.fang.com/shop/
Logger:2020-03-16 17:46:33.165474 https://nanchengtaoyuanfh.fang.com/
Logger:2020-03-16 17:46:33.524914 https://kairuiyuanxy.fang.com/
Logger:2020-03-16 17:46:33.935004 https://wenyayuanns.fang.com/
Logger:2020-03-16 17:46:41.991710 https://yujinyuan0535.fang.com/
Logger:2020-03-16 17:46:42.318389 https://huafumingdu0535.fang.com/
Logger:2020-03-16 17:46:42.739224 https://haiyifanglk.fang.com/
Logger:2020-03-16 17:46:43.063382 https://dongfangcaifujie.fang.com/
Logger:2020-03-16 17:46:43.381241 https://xinghaiguojilk.fang.com/
Logger:2020-03-16 17:46:46.631192 https://jinxiuyuanlk.fang.com/
Logger:2020-03-16 17:46:46.983244 https://jiankangxiaozhenhlh.fang.com/
Logger:2020-03-16 17:46:50.810661 https://yt.newhouse.fang.com/house/s/b911/
Logger:2020-03-16 17:46:51.236482 https://yundinglanshan.fang.com/
Logger:2020-03-16 17:46:51.614616 https://shilinshoufudt.fang.com/
Logger:2020-03-16 17:46:52.034588 https://lvchengpenglaichengyuan.fang.com/
Logger:2020-03-16 17:46:52.417583 https://laifengtaibgy.fang.com/
Logger:2020-03-16 17:46:52.781650 https://heyuechengfj.fang.com/
Logger:2020-03-16 17:46:53.180567 https://feicuikangcheng.fang.com/
Logger:2020-03-16 17:46:53.647622 https://bandaoxinghe.fang.com/
Logger:2020-03-16 17:46:54.020203 https://mengmadu.fang.com/
Logger:2020-03-16 17:46:54.399253 https://yipinxiangshan.fang.com/
Logger:2020-03-16 17:46:54.842079 https://dongfangguoji0535.fang.com/
Logger:2020-03-16 17:46:55.237048 https://fubanghuafu.fang.com/
Logger:2020-03-16 17:46:55.616979 https://mingzhushanzhuang0535.fang.com/
Logger:2020-03-16 17:46:58.288893 https://longchenguoji.fang.com/
Logger:2020-03-16 17:46:58.629941 https://shuxiangyuanbh.fang.com/
Logger:2020-03-16 17:46:59.014972 https://huanghaigongguanhd.fang.com/
Logger:2020-03-16 17:46:59.374298 https://xiyuefull.fang.com/
Logger:2020-03-16 17:46:59.776796 https://jixiangjiayuanjxt.fang.com/
Logger:2020-03-16 17:47:00.246185 https://tiancichunchengdida.fang.com/
Logger:2020-03-16 17:47:00.690058 https://yipinyangfangyx.fang.com/
Logger:2020-03-16 17:47:01.072561 https://changshoucheng.fang.com/
Logger:2020-03-16 17:47:05.155474 https://yt.newhouse.fang.com/house/s/b912/
Logger:2020-03-16 17:47:05.506103 https://taihejiayuan0535.fang.com/
Logger:2020-03-16 17:47:05.850940 https://xiandaiguojixincheng.fang.com/
Logger:2020-03-16 17:47:06.254867 https://zhongyeqinhaiyunshu.fang.com/2/
Logger:2020-03-16 17:47:06.689695 https://yuhaichengsx.fang.com/
Logger:2020-03-16 17:47:07.114425 https://shanshuilongchengtianyue.fang.com/
Logger:2020-03-16 17:47:07.595723 https://jujialinghaipl.fang.com/
Logger:2020-03-16 17:47:07.962731 https://shanhuyihaoqq.fang.com/
Logger:2020-03-16 17:47:08.312845 https://haitaiju.fang.com/
Logger:2020-03-16 17:47:08.888529 https://yedajiangshan.fang.com/
Logger:2020-03-16 17:47:14.510646 https://zongbushouyu.fang.com/
Logger:2020-03-16 17:47:17.938910 https://dongfangshengjing.fang.com/
Logger:2020-03-16 17:47:18.317443 https://yujinghuacheng0535.fang.com/
Logger:2020-03-16 17:47:18.722333 https://yedaquanqiumeijumallhxmkl.fang.com/
Logger:2020-03-16 17:47:19.037035 https://yunfenglijing0535.fang.com/
Logger:2020-03-16 17:47:19.710088 https://shanshuimingjunadl.fang.com/
Logger:2020-03-16 17:47:20.118013 https://beihangkejiyuanyt.fang.com/
Logger:2020-03-16 17:47:23.237584 https://huayingyuefujd.fang.com/
Logger:2020-03-16 17:47:23.634522 https://shengshijiayuanly.fang.com/3/
Logger:2020-03-16 17:47:24.036983 https://lydfmc0535.fang.com/
Logger:2020-03-16 17:47:24.353152 https://guojidujiaqucd.fang.com/
Logger:2020-03-16 17:47:28.402819 https://yt.newhouse.fang.com/house/s/b913/
Logger:2020-03-16 17:47:28.785883 https://changdaoxiaozhenwt.fang.com/
Logger:2020-03-16 17:47:37.517151 https://fuyuanliyd.fang.com/
Logger:2020-03-16 17:47:37.901156 https://jinaoguojijc.fang.com/
Logger:2020-03-16 17:47:38.284101 https://zhongcangkangxinyuan0535.fang.com/
Logger:2020-03-16 17:47:38.627183 https://fenghuangguangchangwx.fang.com/
Logger:2020-03-16 17:47:38.984258 https://lyzfzygy.fang.com/
Logger:2020-03-16 17:47:39.356272 https://longquanyufu.fang.com/
Logger:2020-03-16 17:47:42.132121 https://bihaishangchenglk.fang.com/
Logger:2020-03-16 17:47:43.990317 https://jiuduhuifd.fang.com/
Logger:2020-03-16 17:47:44.504933 https://weilanxiangtilk.fang.com/
Logger:2020-03-16 17:47:44.916580 https://lyhsxdc.fang.com/
Logger:2020-03-16 17:47:46.180158 https://xianglongyunhai0535.fang.com/
Logger:2020-03-16 17:47:46.497356 https://fxjxq.fang.com/
Logger:2020-03-16 17:47:47.554514 https://lyjhjy0535.fang.com/
Logger:2020-03-16 17:47:47.861663 https://anbangtianyuefu0535.fang.com/
Logger:2020-03-16 17:47:50.163804 https://kayishangcheng0535.fang.com/
Logger:2020-03-16 17:47:50.475071 https://gaoerfuweilanhaian.fang.com/
Logger:2020-03-16 17:47:52.496640 https://xinqiaoweilaiguangchang.fang.com/
Logger:2020-03-16 17:47:52.875609 https://zhongchangdasha0535.fang.com/
Logger:2020-03-16 17:47:55.053680 https://zylljy.fang.com/
Logger:2020-03-16 17:47:58.847610 https://yt.newhouse.fang.com/house/s/b914/
Logger:2020-03-16 17:47:59.247030 https://yixinhuating.fang.com/shop/
Logger:2020-03-16 17:48:06.316532 https://tianyuewan.fang.com/
Logger:2020-03-16 17:48:07.078981 https://yangguangshouyuan.fang.com/
Logger:2020-03-16 17:48:07.554389 https://weilaichengty.fang.com/
Logger:2020-03-16 17:48:07.959277 https://guojichengns.fang.com/
Logger:2020-03-16 17:48:08.339258 https://mingyujinyuanxc.fang.com/
Logger:2020-03-16 17:48:08.696818 https://haishanghaigm.fang.com/
Logger:2020-03-16 17:48:09.186443 https://junyuewan0535.fang.com/
Logger:2020-03-16 17:48:09.643257 https://shiliyangfang0535.fang.com/
Logger:2020-03-16 17:48:12.163413 https://houzhifu.fang.com/
Logger:2020-03-16 17:48:12.568716 https://fuhaoxintiandi.fang.com/
Logger:2020-03-16 17:48:12.888011 https://guolinghaian.fang.com/
Logger:2020-03-16 17:48:13.257978 https://yunfengshanzhuang0535.fang.com/
Logger:2020-03-16 17:48:15.094488 https://haosentaishanfu.fang.com/
Logger:2020-03-16 17:48:15.508345 https://zhongtieyidu.fang.com/
Logger:2020-03-16 17:48:15.859005 https://ronghuayuancs.fang.com/
Logger:2020-03-16 17:48:16.219590 https://yigeli.fang.com/
Logger:2020-03-16 17:48:19.183066 https://fuliyangguang0535.fang.com/
Logger:2020-03-16 17:48:21.120758 https://laizhouyiheshanzhuang0535.fang.com/
Logger:2020-03-16 17:48:23.531367 https://tongyuecheng.fang.com/
Logger:2020-03-16 17:48:27.599415 https://yt.newhouse.fang.com/house/s/b915/
Logger:2020-03-16 17:48:28.042479 https://yujingyuan20535.fang.com/
Logger:2020-03-16 17:48:28.355725 https://longxicheng0535.fang.com/
Logger:2020-03-16 17:48:28.812502 https://longshengchuncheng.fang.com/
Logger:2020-03-16 17:48:29.166527 https://xuefujiayuan0535.fang.com/
Logger:2020-03-16 17:48:29.594776 https://tonghaiyuanzhs.fang.com/
Logger:2020-03-16 17:48:29.933873 https://guojijiayuanxq.fang.com/
Logger:2020-03-16 17:48:30.537742 https://lyylw.fang.com/
Logger:2020-03-16 17:48:30.917724 https://manchengli.fang.com/
Logger:2020-03-16 17:48:32.688401 https://gelinxiaozhenzy.fang.com/
Logger:2020-03-16 17:48:33.030470 https://yuanshitan.fang.com/
Logger:2020-03-16 17:48:35.169596 https://tianxiangmingyuan.fang.com/
Logger:2020-03-16 17:48:35.586649 https://fuyouhuayuan.fang.com/
Logger:2020-03-16 17:48:35.940659 https://taishengxiaozhenpl0535.fang.com/
Logger:2020-03-16 17:48:36.327575 https://cdgjdjq.fang.com/
Logger:2020-03-16 17:48:36.675638 https://xinduhuiyt.fang.com/
Logger:2020-03-16 17:48:37.114447 https://wlshgjgg.fang.com/
Logger:2020-03-16 17:48:39.008027 https://zeyangfu0535.fang.com/
Logger:2020-03-16 17:48:39.347586 https://shundemingju.fang.com/
Logger:2020-03-16 17:48:39.838857 https://helongkaixuancheng.fang.com/
Logger:2020-03-16 17:48:40.219904 https://fuhao21shiji.fang.com/
Logger:2020-03-16 17:48:44.878513 https://yt.newhouse.fang.com/house/s/b916/
Logger:2020-03-16 17:48:45.225161 https://longkou.newhouse.fang.com/house/2438786291.htm
Logger:2020-03-16 17:48:45.608195 https://meixingongguan.fang.com/
Logger:2020-03-16 17:48:45.970803 https://xiangtanhuihai.fang.com/
Logger:2020-03-16 17:48:46.324893 https://linlijiehx.fang.com/
Logger:2020-03-16 17:48:46.964238 https://yulanguandi.fang.com/
Logger:2020-03-16 17:48:47.979654 https://longtaidashazd.fang.com/
Logger:2020-03-16 17:48:48.345645 https://jintitianxi0535.fang.com/
Logger:2020-03-16 17:48:52.453624 https://changdaoyingzhoucd.fang.com/
Logger:2020-03-16 17:48:52.818456 https://bihaishangcheng0535.fang.com/
Logger:2020-03-16 17:48:53.519329 https://yunxihupan.fang.com/
Logger:2020-03-16 17:48:54.567128 https://kunshanhuafu.fang.com/2/
Logger:2020-03-16 17:48:57.202789 https://qixiangshangbincheng0535.fang.com/
Logger:2020-03-16 17:48:57.512029 https://jxgyxf.fang.com/
Logger:2020-03-16 17:48:59.937690 https://0535longxinjiayuan.fang.com/
Logger:2020-03-16 17:49:00.265842 https://xinzhuangshequlk.fang.com/
Logger:2020-03-16 17:49:00.624416 https://fulushanzhuang0535.fang.com/
Logger:2020-03-16 17:49:00.988418 https://kqjsygchx.fang.com/
Logger:2020-03-16 17:49:01.314549 https://huayingshangjing.fang.com/
Logger:2020-03-16 17:49:01.670202 https://donglangxincheng0535.fang.com/
Logger:2020-03-16 17:49:03.787702 https://shuiyueyipinll.fang.com/
Logger:2020-03-16 17:49:07.947088 https://yt.newhouse.fang.com/house/s/b917/
Logger:2020-03-16 17:49:09.735376 https://jhlsy.fang.com/
Logger:2020-03-16 17:49:10.076224 https://zhongbeijinlingshijia0535.fang.com/
Logger:2020-03-16 17:49:10.427360 https://yongjinjinhulg.fang.com/shop/
Logger:2020-03-16 17:49:10.844242 https://langyihaoting.fang.com/
Logger:2020-03-16 17:49:11.221293 https://zhongfangjiayuan0535.fang.com/
Logger:2020-03-16 17:49:11.648163 https://xinganghuayuan1.fang.com/
Logger:2020-03-16 17:49:12.294953 https://kairuibinhecheng0535.fang.com/
Logger:2020-03-16 17:49:12.740034 https://fuxinhuayuan0535.fang.com/
Logger:2020-03-16 17:49:14.610818 https://xinghaiguoji0535.fang.com/
Logger:2020-03-16 17:49:14.968602 https://zhuanghecheng.fang.com/
Logger:2020-03-16 17:49:15.365563 https://mingjunxiaoqu0535.fang.com/
Logger:2020-03-16 17:49:18.126661 https://yuntiangedl.fang.com/
Logger:2020-03-16 17:49:18.564629 https://yihaixinyuan0535.fang.com/
Logger:2020-03-16 17:49:21.087519 https://huaqiguanhaicheng0535.fang.com/
Logger:2020-03-16 17:49:21.406658 https://dongfangxingchenglk.fang.com/
Logger:2020-03-16 17:49:21.789614 https://qxswty.fang.com/
Logger:2020-03-16 17:49:22.121806 https://haiyutianchenglk.fang.com/
Logger:2020-03-16 17:49:22.507772 https://shidaichengst0535.fang.com/
Logger:2020-03-16 17:49:24.556551 https://lkwzgjc.fang.com/
Logger:2020-03-16 17:49:26.527980 https://zyxxy.fang.com/
Logger:2020-03-16 17:49:30.899405 https://yt.newhouse.fang.com/house/s/b918/
Logger:2020-03-16 17:49:31.339227 https://longquanwangyuan.fang.com/
Logger:2020-03-16 17:49:31.767711 https://ziyugongguanzh.fang.com/
Logger:2020-03-16 17:49:32.265343 https://hongbangbaodi.fang.com/
Logger:2020-03-16 17:49:32.761094 https://chunlinyueyuan.fang.com/
Logger:2020-03-16 17:49:33.180163 https://yt.newhouse.fang.com/house/2416740841.htm
Logger:2020-03-16 17:49:33.688798 https://tianyuzybgy.fang.com/
Logger:2020-03-16 17:49:35.780966 https://haishangshijieyt.fang.com/
Logger:2020-03-16 17:49:36.095070 https://tianlaizhongyuan.fang.com/
Logger:2020-03-16 17:49:38.154719 https://163639.fang.com/
Logger:2020-03-16 17:49:40.680096 https://gjjrzx.fang.com/
Logger:2020-03-16 17:49:41.043126 https://yinzhigongguanhd.fang.com/
Logger:2020-03-16 17:49:41.358898 https://haitianyazhu.fang.com/
Logger:2020-03-16 17:49:41.717005 https://shanhujunsslc.fang.com/
Logger:2020-03-16 17:49:43.919276 https://guanshanshuihf0535.fang.com/
Logger:2020-03-16 17:49:46.631824 https://donglincanglong.fang.com/
Logger:2020-03-16 17:49:46.965931 https://zhihuilingyu.fang.com/
Logger:2020-03-16 17:49:47.431685 https://163185.fang.com/
Logger:2020-03-16 17:49:49.052009 https://dujiashanzhuangyt.fang.com/
Logger:2020-03-16 17:49:49.401031 https://hailunguoji0535.fang.com/
Logger:2020-03-16 17:49:49.806977 https://xianggelilahuayuan0535.fang.com/
Logger:2020-03-16 17:49:53.818289 https://yt.newhouse.fang.com/house/s/b919/
Logger:2020-03-16 17:49:54.167356 https://fulixincheng.fang.com/
Logger:2020-03-16 17:49:58.742454 https://bandaoyushuiwan.fang.com/
Logger:2020-03-16 17:49:59.090522 https://xiaochengyijingpl.fang.com/
Logger:2020-03-16 17:50:05.619423 https://haitianshangyuan.fang.com/
Logger:2020-03-16 17:50:05.980423 https://tjkyzgyz.fang.com/
Logger:2020-03-16 17:50:06.426911 https://shanyushu0535.fang.com/
Logger:2020-03-16 17:50:06.824852 https://shanyulishe.fang.com/
Logger:2020-03-16 17:50:07.133040 https://jianyuecheng.fang.com/
Logger:2020-03-16 17:50:07.478180 https://shengshijiayuanhl.fang.com/
Logger:2020-03-16 17:50:07.852642 https://shengfuyuan0535.fang.com/
Logger:2020-03-16 17:50:08.188743 https://donghaiwanrc.fang.com/
Logger:2020-03-16 17:50:08.626571 https://tmxcdpchyyf.fang.com/
Logger:2020-03-16 17:50:08.905463 https://ruyiyuanzz2.fang.com/
Logger:2020-03-16 17:50:17.033900 https://bandaolongting0535.fang.com/
Logger:2020-03-16 17:50:17.327003 https://xizhenxinchengfl.fang.com/
Logger:2020-03-16 17:50:23.605292 https://zhonghaiguojishequ0535.fang.com/shop/
Logger:2020-03-16 17:50:23.936387 https://beihaixincheng.fang.com/
Logger:2020-03-16 17:50:24.378270 https://qizhangxincheng.fang.com/
Logger:2020-03-16 17:50:24.720333 https://jhygha0535.fang.com/
Logger:2020-03-16 17:50:25.082534 https://qianshuiwanhy.fang.com/
Logger:2020-03-16 17:50:29.211246 https://yt.newhouse.fang.com/house/s/b920/
Logger:2020-03-16 17:50:33.556638 https://zhongyanghuayuanqx.fang.com/
Logger:2020-03-16 17:50:33.897543 https://wcypgg0535.fang.com/
Logger:2020-03-16 17:50:34.265552 https://jianchengyiyuan.fang.com/
Logger:2020-03-16 17:50:37.045823 https://lanhaigongguan.fang.com/
Logger:2020-03-16 17:50:37.368869 https://163669.fang.com/
Logger:2020-03-16 17:50:37.674084 https://lihuacunqq.fang.com/
Logger:2020-03-16 17:50:38.144834 https://tabudongshengyuan.fang.com/
Logger:2020-03-16 17:50:38.471475 https://chunlinyuehu.fang.com/
Logger:2020-03-16 17:50:40.653254 https://xilihaianhy.fang.com/
Logger:2020-03-16 17:50:41.006772 https://qinghuayuan0535.fang.com/
Logger:2020-03-16 17:50:44.987131 https://baolongshijiahy.fang.com/
Logger:2020-03-16 17:50:45.898748 https://163703.fang.com/
Logger:2020-03-16 17:50:46.183019 https://baiheyuandt.fang.com/
Logger:2020-03-16 17:50:46.573941 https://penglaiyuyuanjinli.fang.com/
Logger:2020-03-16 17:50:47.053726 https://jinritianyue.fang.com/
Logger:2020-03-16 17:50:47.362090 https://shanqingmuhua.fang.com/
Logger:2020-03-16 17:50:47.705740 https://zijinmingcheng0535.fang.com/
Logger:2020-03-16 17:50:48.031901 https://fuheju0535.fang.com/
Logger:2020-03-16 17:50:48.390906 https://huangchengtianjie.fang.com/
Logger:2020-03-16 17:50:48.711160 https://zhongyanggongyuansd.fang.com/
Logger:2020-03-16 17:50:55.095557 https://yt.newhouse.fang.com/house/s/b921/
Logger:2020-03-16 17:50:57.333156 https://163343.fang.com/
Logger:2020-03-16 17:51:00.587389 https://xiandaomatou.fang.com/
Logger:2020-03-16 17:51:00.917555 https://163671.fang.com/
Logger:2020-03-16 17:51:01.242684 https://yijudeguangchang.fang.com/
Logger:2020-03-16 17:51:01.603687 https://jinshahuiwt.fang.com/
Logger:2020-03-16 17:51:01.974331 https://yihaoyuanzq.fang.com/
Logger:2020-03-16 17:51:02.350300 https://kejiyuanzjn.fang.com/
Logger:2020-03-16 17:51:02.647505 https://wenquanhuayuansy.fang.com/
Logger:2020-03-16 17:51:05.241208 https://lantianchengshiguangchang.fang.com/
Logger:2020-03-16 17:51:05.616282 https://linghaigongguan.fang.com/
Logger:2020-03-16 17:51:06.012676 https://jinshahaijing.fang.com/
Logger:2020-03-16 17:51:08.810491 https://zongbuyihaosj.fang.com/
Logger:2020-03-16 17:51:09.185465 https://jinshatan.fang.com/
Logger:2020-03-16 17:51:12.990775 https://fulaixincheng0535.fang.com/
Logger:2020-03-16 17:51:14.712734 https://163285.fang.com/
Logger:2020-03-16 17:51:15.051742 https://guanzhuanghaoting.fang.com/
Logger:2020-03-16 17:51:15.503576 https://longzufengjing0535.fang.com/
Logger:2020-03-16 17:51:15.837180 https://shengjingyuan0535.fang.com/
Logger:2020-03-16 17:51:16.153303 https://163679.fang.com/
Logger:2020-03-16 17:51:16.456494 https://gouwugongyuanddh.fang.com/
Logger:2020-03-16 17:51:20.991765 https://yt.newhouse.fang.com/house/s/b922/
Logger:2020-03-16 17:51:25.583216 https://lyjhxy0535.fang.com/
Logger:2020-03-16 17:51:25.894416 https://jinyulanwanbqu0535.fang.com/
Logger:2020-03-16 17:51:27.692928 https://tianchenghuayuan0535.fang.com/
Logger:2020-03-16 17:51:28.121892 https://gongyuanlidd.fang.com/
Logger:2020-03-16 17:51:31.873849 https://lykthf.fang.com/
Logger:2020-03-16 17:51:32.149728 https://jhsqmhzzxq.fang.com/
Logger:2020-03-16 17:51:32.467907 https://163681.fang.com/
Logger:2020-03-16 17:51:32.816977 https://yangguanghaianlg0535.fang.com/shop/
Logger:2020-03-16 17:51:33.128118 https://chengshiguangchangcf.fang.com/
Logger:2020-03-16 17:51:35.899196 https://guoyuanxiaoqu0535.fang.com/
Logger:2020-03-16 17:51:36.258494 https://xsw0535.fang.com/
Logger:2020-03-16 17:51:38.507909 https://jinfuli0535.fang.com/
Logger:2020-03-16 17:51:38.872926 https://163685.fang.com/
Logger:2020-03-16 17:51:39.174626 https://tianyuewanyhyh.fang.com/
Logger:2020-03-16 17:51:41.111899 https://163707.fang.com/
Logger:2020-03-16 17:51:41.475988 https://fgsjwqhy.fang.com/
Logger:2020-03-16 17:51:41.836034 https://runjinkadiya0535.fang.com/
Logger:2020-03-16 17:51:42.154190 https://yuejihuacheng0535.fang.com/
Logger:2020-03-16 17:51:42.471326 https://xihaianns.fang.com/
Logger:2020-03-16 17:51:42.855277 https://sijifeicui.fang.com/
Logger:2020-03-16 17:51:46.608139 https://yt.newhouse.fang.com/house/s/b923/
Logger:2020-03-16 17:51:46.907888 https://hnkjwhgc.fang.com/
Logger:2020-03-16 17:51:51.050329 https://yixinhuating.fang.com/
Logger:2020-03-16 17:51:51.547761 https://fuyuanxincheng0535.fang.com/
Logger:2020-03-16 17:51:56.087293 https://lgfzy.fang.com/
Logger:2020-03-16 17:51:56.386271 https://renlongdasha.fang.com/
Logger:2020-03-16 17:51:56.715369 https://jinrixingfuli0535.fang.com/
Logger:2020-03-16 17:51:57.115301 https://jclxzc.fang.com/
Logger:2020-03-16 17:51:57.481349 https://songxiaxinyuan.fang.com/
Logger:2020-03-16 17:51:57.805074 https://nanshanyangxinyuan.fang.com/
Logger:2020-03-16 17:51:58.168103 https://jiaanhuayuan0535.fang.com/
Logger:2020-03-16 17:51:59.301921 https://zhengdaqingquan.fang.com/
Logger:2020-03-16 17:51:59.736732 https://shanshuiyidu.fang.com/
Logger:2020-03-16 17:52:00.105773 https://yuehaiju0535.fang.com/
Logger:2020-03-16 17:52:04.067431 https://yongjinbandaolg0535.fang.com/shop/
Logger:2020-03-16 17:52:05.721502 https://jinlinghaoting.fang.com/
Logger:2020-03-16 17:52:06.134408 https://haichengguangchanglz.fang.com/
Logger:2020-03-16 17:52:12.331814 https://haitaoxinduaqu.fang.com/
Logger:2020-03-16 17:52:12.769643 https://huanyuzhongxinythx.fang.com/
Logger:2020-03-16 17:52:13.115152 https://ludongguoji.fang.com/
Logger:2020-03-16 17:52:13.460681 https://yuelongwanld.fang.com/
Logger:2020-03-16 17:52:17.381857 https://yt.newhouse.fang.com/house/s/b924/
Logger:2020-03-16 17:52:19.932631 https://shuiyuelanshanll.fang.com/
Logger:2020-03-16 17:52:20.330567 https://xiangyuehuayuan0535.fang.com/
Logger:2020-03-16 17:52:21.956260 https://ywgjsc.fang.com/
Logger:2020-03-16 17:52:22.579592 https://zyjgy.fang.com/
Logger:2020-03-16 17:52:23.180699 https://anliansanshanyihai0535.fang.com/
Logger:2020-03-16 17:52:26.010707 https://longkou.newhouse.fang.com/house/2438797045.htm
Logger:2020-03-16 17:52:26.325820 https://zijingyipin0535.fang.com/
Logger:2020-03-16 17:52:32.716620 https://lushanyuan0535.fang.com/
Logger:2020-03-16 17:52:33.137494 https://hagjtyfg0535.fang.com/
Logger:2020-03-16 17:52:33.604250 https://lijinghuayuandh.fang.com/
Logger:2020-03-16 17:52:33.948554 https://tianjiaolinghaixx.fang.com/
Logger:2020-03-16 17:52:34.280703 https://ouzhouyuan2.fang.com/
Logger:2020-03-16 17:52:34.620319 https://hongjingshanzhuang.fang.com/
Logger:2020-03-16 17:52:35.028198 https://hongbaodasha0535.fang.com/
Logger:2020-03-16 17:52:39.375355 https://haiquanwan0535.fang.com/
Logger:2020-03-16 17:52:39.736506 https://ziweitai.fang.com/shop/
Logger:2020-03-16 17:52:40.046706 https://lyxsxa.fang.com/
Logger:2020-03-16 17:52:40.702919 https://xianglongjiayuan0535.fang.com/
Logger:2020-03-16 17:52:41.023877 https://yiheyuanhl.fang.com/shop/
Logger:2020-03-16 17:52:43.017468 https://wenyuanshijia0535.fang.com/
Logger:2020-03-16 17:52:46.736532 https://yt.newhouse.fang.com/house/s/b925/
Logger:2020-03-16 17:52:47.379787 https://163379.fang.com/
Logger:2020-03-16 17:52:47.716899 https://ruifengdasha0535.fang.com/
Logger:2020-03-16 17:52:49.417845 https://haigongyuanxy.fang.com/
Logger:2020-03-16 17:52:51.765620 https://longkouhaijingyihao.fang.com/
Logger:2020-03-16 17:52:52.169403 https://cmyzsjgc.fang.com/
Logger:2020-03-16 17:52:52.506533 https://binhaigongguanssd.fang.com/
Logger:2020-03-16 17:52:53.824979 https://zhaoyuansc.fang.com/
Logger:2020-03-16 17:52:54.120801 https://danlingfukangyuanns.fang.com/
Logger:2020-03-16 17:52:54.693309 https://wxszx02.fang.com/
Logger:2020-03-16 17:52:58.040330 https://chengshihuayuandh.fang.com/
Logger:2020-03-16 17:52:59.940803 https://jinyulanwan20535.fang.com/
Logger:2020-03-16 17:53:00.281358 https://penglaichengyuanlvcheng.fang.com/
Logger:2020-03-16 17:53:00.667298 https://jinshanhuiguan.fang.com/
Logger:2020-03-16 17:53:02.704700 https://laizhouyihehuayuan0692.fang.com/
Logger:2020-03-16 17:53:02.989954 https://fukangyuandl.fang.com/
Logger:2020-03-16 17:53:03.349020 https://xinduvquht.fang.com/
Logger:2020-03-16 17:53:05.731019 https://lsjyzzxq.fang.com/
Logger:2020-03-16 17:53:06.062118 https://hanhailvcheng.fang.com/
Logger:2020-03-16 17:53:08.479870 https://huguanghaijingbqu.fang.com/
Logger:2020-03-16 17:53:10.646825 https://huguanghaojing.fang.com/
Logger:2020-03-16 17:53:14.559731 https://yt.newhouse.fang.com/house/s/b926/
Logger:2020-03-16 17:53:14.911789 https://jinhongdashashangzhulou.fang.com/
Logger:2020-03-16 17:53:17.083075 https://sshffang.fang.com/
Logger:2020-03-16 17:53:17.412187 https://qxdsxfmw.fang.com/
Logger:2020-03-16 17:53:17.797157 https://foguangbahaoyuan.fang.com/
Logger:2020-03-16 17:53:18.115873 https://qixia.newhouse.fang.com/house/2454820675.htm
Logger:2020-03-16 17:53:20.154412 https://lywrsd.fang.com/
Logger:2020-03-16 17:53:22.067881 https://hengzhangyuan.fang.com/
Logger:2020-03-16 17:53:23.756920 https://qxtcsm.fang.com/
Logger:2020-03-16 17:53:24.041728 https://qsxfl.fang.com/
Logger:2020-03-16 17:53:24.905123 https://qxxsl.fang.com/
Logger:2020-03-16 17:53:25.240191 https://aochengmingdi0535.fang.com/
Logger:2020-03-16 17:53:25.618180 https://laizhouhanlinshijia.fang.com/
Logger:2020-03-16 17:53:27.278293 https://zyjwxq.fang.com/
Logger:2020-03-16 17:53:27.569508 https://guanhailvdao.fang.com/
Logger:2020-03-16 17:53:29.698436 https://longkou.newhouse.fang.com/house/2438789551.htm
Logger:2020-03-16 17:53:31.457560 https://zyjdjy.fang.com/
Logger:2020-03-16 17:53:32.557463 https://zyyjd.fang.com/
Logger:2020-03-16 17:53:32.856663 https://fuwaxiaoqu.fang.com/
Logger:2020-03-16 17:53:34.876535 https://huajianxinghaiwan.fang.com/
Logger:2020-03-16 17:53:35.196037 https://longkou.newhouse.fang.com/house/2438789421.htm
Logger:2020-03-16 17:53:39.241093 https://yt.newhouse.fang.com/house/s/b927/
Logger:2020-03-16 17:53:39.619081 https://yuxiangdashayf.fang.com/shop/
Logger:2020-03-16 17:53:39.965111 https://qxtktc.fang.com/
Logger:2020-03-16 17:53:40.307770 https://qxzbjl.fang.com/
Logger:2020-03-16 17:53:40.828826 https://qixia.newhouse.fang.com/house/2454820685.htm
Logger:2020-03-16 17:53:44.466928 https://longkouyulongwan.fang.com/
Logger:2020-03-16 17:53:46.451331 https://mengyuanhuating0535.fang.com/
Logger:2020-03-16 17:53:47.984542 https://zyyjfxq.fang.com/
Logger:2020-03-16 17:53:51.181160 https://zywqmy.fang.com/
Logger:2020-03-16 17:53:53.061636 https://gelinxiaozhengzhuzhaixiaoquerqi.fang.com/
Logger:2020-03-16 17:53:57.419127 https://zysoho.fang.com/
Logger:2020-03-16 17:53:58.737757 https://yangguangfudi0535.fang.com/
Logger:2020-03-16 17:53:59.184811 https://songtaohaijing0535.fang.com/
Logger:2020-03-16 17:54:02.452611 https://foguangshanshuihuayuan0535.fang.com/
Logger:2020-03-16 17:54:04.292655 https://aswqac.fang.com/
Logger:2020-03-16 17:54:04.592857 https://qixia.newhouse.fang.com/house/2454820681.htm
Logger:2020-03-16 17:54:06.371009 https://qingquanyangguangcheng0535.fang.com/
Logger:2020-03-16 17:54:06.656275 https://qqygqx.fang.com/
Logger:2020-03-16 17:54:06.934585 https://yalanwan0535.fang.com/
Logger:2020-03-16 17:54:08.861537 https://jdhjha.fang.com/
Logger:2020-03-16 17:54:11.988861 https://zhihuamingdi.fang.com/shop/
Logger:2020-03-16 17:54:15.822209 https://yt.newhouse.fang.com/house/s/b928/
Logger:2020-03-16 17:54:19.524839 https://zjdyeq.fang.com/
Logger:2020-03-16 17:54:19.857906 https://fuguijiayuan0535.fang.com/
Logger:2020-03-16 17:54:22.443612 https://jdgjds.fang.com/
Logger:2020-03-16 17:54:22.800393 https://kejichuangxinzhongxinmj.fang.com/
Logger:2020-03-16 17:54:23.213252 https://huaguangmingyuan2.fang.com/
Logger:2020-03-16 17:54:23.530849 https://liangjianfutaiyuan0535.fang.com/
Logger:2020-03-16 17:54:25.412570 https://xyxczzxq.fang.com/
Logger:2020-03-16 17:54:32.025044 https://zylhhy.fang.com/
Logger:2020-03-16 17:54:32.391057 https://yuxiangdashayf.fang.com/office/
Logger:2020-03-16 17:54:32.736371 https://guojiguangchang0535.fang.com/
Logger:2020-03-16 17:54:34.030476 https://tqds.fang.com/
Logger:2020-03-16 17:54:36.135927 https://qixia.newhouse.fang.com/house/2454820683.htm
Logger:2020-03-16 17:54:36.728887 https://qxgjgc.fang.com/
Logger:2020-03-16 17:54:39.511579 https://qxaswq.fang.com/
Logger:2020-03-16 17:54:40.802640 https://qxhsxfmw.fang.com/
Logger:2020-03-16 17:54:41.179633 https://fengcaishanshgc.fang.com/
Logger:2020-03-16 17:54:41.574609 https://qxhgmw.fang.com/
Logger:2020-03-16 17:54:43.509791 https://khmxzzxq.fang.com/
Logger:2020-03-16 17:54:44.530727 https://zyfqyxq.fang.com/
Logger:2020-03-16 17:54:47.252786 https://zyyfsdgc.fang.com/
Logger:2020-03-16 17:54:51.262574 https://yt.newhouse.fang.com/house/s/b929/
Logger:2020-03-16 17:54:53.416849 https://ltdcllhy.fang.com/
Logger:2020-03-16 17:54:55.214279 https://xyxqeq.fang.com/
Logger:2020-03-16 17:54:55.522078 https://menggemalihaoting.fang.com/
Logger:2020-03-16 17:54:57.176196 https://mingzhushanzhuang0535.fang.com/shop/
Logger:2020-03-16 17:54:57.575144 https://fcsqx.fang.com/
Logger:2020-03-16 17:54:59.719828 https://lhgjcblza.fang.com/
Logger:2020-03-16 17:55:00.027006 https://taiyangchengst.fang.com/
Logger:2020-03-16 17:55:00.401009 https://guojishequzh0535.fang.com/
Logger:2020-03-16 17:55:01.012201 https://shanhaiwanzn.fang.com/
Logger:2020-03-16 17:55:01.464580 https://donghaicheng.fang.com/
Logger:2020-03-16 17:55:15.140510 https://longfujiayuan0535.fang.com/
Logger:2020-03-16 17:55:15.685380 https://haiyiguoji0535.fang.com/
Logger:2020-03-16 17:55:16.009047 https://yuchang58jieyt.fang.com/
Logger:2020-03-16 17:55:16.333707 https://xiaoyaotujiaswd.fang.com/
Logger:2020-03-16 17:55:18.521948 https://xghqzx.fang.com/
Logger:2020-03-16 17:55:23.733402 https://longkou.newhouse.fang.com/house/2438788977.htm
Logger:2020-03-16 17:55:24.343375 https://haiyunyuanlk.fang.com/
Logger:2020-03-16 17:55:30.936960 https://longkou.newhouse.fang.com/house/2438797007.htm
Logger:2020-03-16 17:55:33.579274 https://longkou.newhouse.fang.com/house/2438789441.htm
Logger:2020-03-16 17:55:40.854993 https://longkou.newhouse.fang.com/house/2438803087.htm
Logger:2020-03-16 17:55:44.925069 https://yt.newhouse.fang.com/house/s/b930/
Logger:2020-03-16 17:55:45.187187 https://furaozhongxin.fang.com/
Logger:2020-03-16 17:55:45.505344 https://shimaotianji.fang.com/
Logger:2020-03-16 17:55:50.514827 https://fengjinguangchang.fang.com/shop/
Logger:2020-03-16 17:55:54.926242 https://laiyuan6hao.fang.com/
Logger:2020-03-16 17:55:55.306246 https://yangguangshangchengjxj.fang.com/
Logger:2020-03-16 17:55:55.607441 https://chengshiguangchangyg1000535.fang.com/
Logger:2020-03-16 17:55:55.962490 https://zhenghaiguangchang.fang.com/
Logger:2020-03-16 17:55:58.453240 https://ythykjcgzhzx.fang.com/
Logger:2020-03-16 17:55:58.796331 https://guojiguangchanghx0535.fang.com/
Logger:2020-03-16 17:56:11.649865 https://zhongchengdashals.fang.com/
Logger:2020-03-16 17:56:16.260222 https://yt.newhouse.fang.com/house/s/b931/
Logger:2020-03-16 17:56:20.817668 https://yt.newhouse.fang.com/house/s/b932/
Logger:2020-03-16 17:56:24.376457 https://yt.newhouse.fang.com/house/s/b933/
