Logger:2020-03-16 11:44:22.359427 https://yueyang.newhouse.fang.com/house/s/b91/
Logger:2020-03-16 11:44:22.666831 https://aoyuanyuhuwan.fang.com/
Logger:2020-03-16 11:44:23.015804 https://gaoerfubandaodtgj.fang.com/
Logger:2020-03-16 11:44:23.390679 https://dongtingshengtaichuangxincheng.fang.com/
Logger:2020-03-16 11:44:23.703654 https://weilaichenghd0730.fang.com/
Logger:2020-03-16 11:44:24.000477 https://wutongzhuangyuanmd0730.fang.com/
Logger:2020-03-16 11:44:24.296714 https://junhuachangjunli.fang.com/
Logger:2020-03-16 11:44:24.656424 https://meidijinkejun0730.fang.com/
Logger:2020-03-16 11:44:24.984053 https://youayuexi.fang.com/
Logger:2020-03-16 11:44:25.280856 https://minjieshanhuyuanzhu.fang.com/
Logger:2020-03-16 11:44:25.608905 https://lingangguojiqichecheng.fang.com/
Logger:2020-03-16 11:44:25.905741 https://fenghuangchengbgy0730.fang.com/
Logger:2020-03-16 11:44:26.203100 https://beikongyuezhoufu.fang.com/
Logger:2020-03-16 11:44:26.452861 https://jinefudirs.fang.com/
Logger:2020-03-16 11:44:26.858865 https://nanhutianzhujh.fang.com/
Logger:2020-03-16 11:44:27.171552 https://jiahechengzj20730.fang.com/
Logger:2020-03-16 11:44:27.499085 https://yijingchengjh.fang.com/
Logger:2020-03-16 11:44:28.499584 https://balingzhengrongfu.fang.com/
Logger:2020-03-16 11:44:28.811750 https://chengshizhiguangxy0730.fang.com/
Logger:2020-03-16 11:44:29.139564 https://shidaichengbgy0730.fang.com/
Logger:2020-03-16 11:44:29.436430 https://zhongliangshoufu0730.fang.com/
Logger:2020-03-16 11:44:33.252178 https://yueyang.newhouse.fang.com/house/s/b92/
Logger:2020-03-16 11:44:33.580931 https://xishantaohuayuanhd.fang.com/
Logger:2020-03-16 11:44:34.658082 https://fuxingyuchengguoji.fang.com/1/
Logger:2020-03-16 11:44:34.916229 https://zhongyanggongyuanbl0730.fang.com/
Logger:2020-03-16 11:44:35.322957 https://aotihuafubgy.fang.com/
Logger:2020-03-16 11:44:35.619231 https://mlbgy.fang.com/
Logger:2020-03-16 11:44:36.372953 https://longtingshangfufx.fang.com/
Logger:2020-03-16 11:44:36.794664 https://jinchuangxingangshoufu.fang.com/
Logger:2020-03-16 11:44:37.137950 https://yueyingnanhu.fang.com/
Logger:2020-03-16 11:44:37.419134 https://meidiboyuefu.fang.com/
Logger:2020-03-16 11:44:39.293702 https://jinxiuxincheng0730.fang.com/
Logger:2020-03-16 11:44:39.559254 https://huanqiuzhongxinyyrc.fang.com/
Logger:2020-03-16 11:44:39.902921 https://haitangjiayuan0730.fang.com/
Logger:2020-03-16 11:44:40.215799 https://tianlunxishanfu.fang.com/
Logger:2020-03-16 11:44:40.543395 https://shangyangxiangsong.fang.com/2/
Logger:2020-03-16 11:44:40.840217 https://hengyuanjiuzhang.fang.com/
Logger:2020-03-16 11:44:41.949314 https://weimingfuyy.fang.com/
Logger:2020-03-16 11:44:42.168012 https://xinrongyufu.fang.com/
Logger:2020-03-16 11:44:42.434264 https://dongdiwan1haobd.fang.com/
Logger:2020-03-16 11:44:42.733213 https://waitanzhongyangyangfang.fang.com/
Logger:2020-03-16 11:44:43.093042 https://yulinhushanjk.fang.com/
Logger:2020-03-16 11:44:47.247815 https://yueyang.newhouse.fang.com/house/s/b93/
Logger:2020-03-16 11:44:47.513334 https://datangshijiayy.fang.com/
Logger:2020-03-16 11:44:47.778898 https://dongchenghuafudl.fang.com/
Logger:2020-03-16 11:44:48.091547 https://huanyihao.fang.com/
Logger:2020-03-16 11:44:48.435030 https://mlyagc.fang.com/
Logger:2020-03-16 11:44:48.700554 https://hengdalvzhou0730.fang.com/
Logger:2020-03-16 11:44:49.044256 https://jinkejimeidongfang.fang.com/
Logger:2020-03-16 11:44:49.372272 https://balingxingchengyx.fang.com/
Logger:2020-03-16 11:44:49.669296 https://hengdayujingwan0730.fang.com/
Logger:2020-03-16 11:44:49.981946 https://nanhubandaohd.fang.com/
Logger:2020-03-16 11:44:50.281328 https://biguiyuanxy.fang.com/
Logger:2020-03-16 11:44:50.640618 https://huijingchengxh.fang.com/
Logger:2020-03-16 11:44:50.921801 https://nanhuyulongwan.fang.com/
Logger:2020-03-16 11:44:51.249861 https://aolinpikehuayuan0730.fang.com/
Logger:2020-03-16 11:44:51.547141 https://dongfenghujingyuan.fang.com/
Logger:2020-03-16 11:44:51.915381 https://xinyuechengtb.fang.com/
Logger:2020-03-16 11:44:52.701992 https://binshuifeilicheng.fang.com/
Logger:2020-03-16 11:44:53.060781 https://jiahuihuating0730.fang.com/3/
Logger:2020-03-16 11:44:53.358008 https://shanshuihaotinghm.fang.com/
Logger:2020-03-16 11:44:53.701756 https://dahanxincheng.fang.com/
Logger:2020-03-16 11:44:53.998060 https://guanlanzitai.fang.com/
Logger:2020-03-16 11:44:57.747756 https://yueyang.newhouse.fang.com/house/s/b94/
Logger:2020-03-16 11:44:58.028358 https://fengqiaolvzhou.fang.com/
Logger:2020-03-16 11:44:58.388096 https://hengjinguoji.fang.com/
Logger:2020-03-16 11:44:58.669315 https://shanshuiyicheng.fang.com/
Logger:2020-03-16 11:44:58.965726 https://nanhuyihao0730.fang.com/
Logger:2020-03-16 11:44:59.278063 https://yueyangyouaguojiguangchang.fang.com/
Logger:2020-03-16 11:44:59.622429 https://xinhuiguojicheng.fang.com/
Logger:2020-03-16 11:44:59.965401 https://xinxianghaoting.fang.com/
Logger:2020-03-16 11:45:00.278276 https://laochengliby.fang.com/
Logger:2020-03-16 11:45:00.559011 https://jiangnanshijia0730.fang.com/
Logger:2020-03-16 11:45:00.890163 https://fuchunshanjuah0730.fang.com/
Logger:2020-03-16 11:45:01.186730 https://xinghuixybgy.fang.com/
Logger:2020-03-16 11:45:01.467587 https://jianqiaojun0730.fang.com/
Logger:2020-03-16 11:45:01.717731 https://yihaodtml.fang.com/
Logger:2020-03-16 11:45:02.061195 https://yufenggongyuandadi.fang.com/
Logger:2020-03-16 11:45:04.013859 https://yutaihanlinhuafu.fang.com/
Logger:2020-03-16 11:45:04.295044 https://kangqiaolanting.fang.com/
Logger:2020-03-16 11:45:04.592197 https://santongyuyuan.fang.com/
Logger:2020-03-16 11:45:04.951138 https://beianshangdu.fang.com/
Logger:2020-03-16 11:45:05.279858 https://xiangshansiji.fang.com/
Logger:2020-03-16 11:45:05.575991 https://nanhulingyu.fang.com/
Logger:2020-03-16 11:45:09.575091 https://yueyang.newhouse.fang.com/house/s/b95/
Logger:2020-03-16 11:45:09.856230 https://xinlongyuantb.fang.com/
Logger:2020-03-16 11:45:10.169384 https://haihongxuantb.fang.com/
Logger:2020-03-16 11:45:10.465462 https://guanhumingzhu.fang.com/
Logger:2020-03-16 11:45:10.762314 https://boshenggongguangh.fang.com/
Logger:2020-03-16 11:45:11.074693 https://wanqiguoji.fang.com/
Logger:2020-03-16 11:45:11.340309 https://dongfangfurs.fang.com/
Logger:2020-03-16 11:45:11.590709 https://hengtaiyayuan.fang.com/
Logger:2020-03-16 11:45:11.927419 https://shuanghugongguan.fang.com/
Logger:2020-03-16 11:45:12.271128 https://zhonghuandasha0730.fang.com/
Logger:2020-03-16 11:45:12.535060 https://ronghucheng.fang.com/
Logger:2020-03-16 11:45:12.847183 https://shanyuhujy.fang.com/
Logger:2020-03-16 11:45:13.175869 https://zhihuixincheng0730.fang.com/
Logger:2020-03-16 11:45:13.503709 https://jgcljgjqcc.fang.com/
Logger:2020-03-16 11:45:13.800053 https://daxuechengshangyejie.fang.com/
Logger:2020-03-16 11:45:17.642933 https://yueyang.newhouse.fang.com/house/s/b96/
Logger:2020-03-16 11:45:21.169657 https://yueyang.newhouse.fang.com/house/s/b97/
Logger:2020-03-16 11:45:24.700967 https://yueyang.newhouse.fang.com/house/s/b98/
