Logger:2020-03-17 00:56:09.978950 https://yuhuan.newhouse.fang.com/house/s/b91/
Logger:2020-03-17 00:56:10.252177 https://hhzhongyangshoufu.fang.com/
Logger:2020-03-17 00:56:10.494529 https://jinguangdashayuhuan.fang.com/
Logger:2020-03-17 00:56:10.722942 https://yuhuanguojifamencheng.fang.com/
Logger:2020-03-17 00:56:10.981226 https://tangchenmingduyuhuan.fang.com/
Logger:2020-03-17 00:56:11.254494 https://yuhuanqingniandasha.fang.com/
Logger:2020-03-17 00:56:12.159075 https://yuhuan.newhouse.fang.com/house/2045196534.htm
Logger:2020-03-17 00:56:12.386508 https://fengyudashayuhuan.fang.com/
Logger:2020-03-17 00:56:14.370159 https://yhbinjiangyihao.fang.com/
Logger:2020-03-17 00:56:14.651408 https://yhziguiyuan.fang.com/
Logger:2020-03-17 00:56:14.904768 https://yhhuangjinhaian.fang.com/
Logger:2020-03-17 00:56:15.150098 https://shijihuatingyuhuan.fang.com/
Logger:2020-03-17 00:56:15.405422 https://yangguangxingchenghl.fang.com/
Logger:2020-03-17 00:56:15.895123 https://yhlvdikangsheng.fang.com/
Logger:2020-03-17 00:56:16.357842 https://biguiyuansbe.fang.com/
Logger:2020-03-17 00:56:17.636422 https://ldcaifudasha.fang.com/
Logger:2020-03-17 00:56:17.874784 https://jinganggongyuyuhuan.fang.com/
Logger:2020-03-17 00:56:18.107206 https://yhlwgj.fang.com/
Logger:2020-03-17 00:56:18.397429 https://caifuzhongxinlvdi.fang.com/
Logger:2020-03-17 00:56:18.635749 https://yhyunqishanzhuang.fang.com/
Logger:2020-03-17 00:56:19.724835 https://hubinjinyuanjiafu.fang.com/
Logger:2020-03-17 00:56:23.447875 https://yuhuan.newhouse.fang.com/house/s/b92/
Logger:2020-03-17 00:56:24.374432 https://helanmingyuan.fang.com/
Logger:2020-03-17 00:56:24.597818 https://bdzcswzx.fang.com/
Logger:2020-03-17 00:56:26.588473 https://yulongwanhongsen.fang.com/
Logger:2020-03-17 00:56:30.102150 https://yuhuan.newhouse.fang.com/house/s/b93/
Logger:2020-03-17 00:56:33.577777 https://yuhuan.newhouse.fang.com/house/s/b94/
Logger:2020-03-17 00:56:37.103387 https://yuhuan.newhouse.fang.com/house/s/b95/
