Logger:2020-03-16 19:18:17.969707 https://yuncheng.newhouse.fang.com/house/s/b91/
Logger:2020-03-16 19:18:18.349373 https://zhengtongwanhecheng.fang.com/
Logger:2020-03-16 19:18:18.715529 https://beiyuanmingdu.fang.com/
Logger:2020-03-16 19:18:19.136428 https://wuzhouguanlan.fang.com/
Logger:2020-03-16 19:18:20.265817 https://xhjfyh.fang.com/
Logger:2020-03-16 19:18:20.605649 https://gangfumingdu.fang.com/
Logger:2020-03-16 19:18:20.986694 https://shenghuijiayuan0359.fang.com/
Logger:2020-03-16 19:18:21.621994 https://ruianzhuangyuanfu.fang.com/
Logger:2020-03-16 19:18:21.965013 https://huayuanfudi0359.fang.com/
Logger:2020-03-16 19:18:22.291256 https://waitanxiyuandy.fang.com/
Logger:2020-03-16 19:18:22.706937 https://xinlichengds.fang.com/
Logger:2020-03-16 19:18:23.056963 https://ronggaohaoting.fang.com/
Logger:2020-03-16 19:18:23.402065 https://hengdamingdu0359.fang.com/
Logger:2020-03-16 19:18:23.757124 https://biguiyuan0359.fang.com/
Logger:2020-03-16 19:18:26.020451 https://qingshuimingyuan0359.fang.com/3/
Logger:2020-03-16 19:18:28.667966 https://wuzhoufanghua.fang.com/
Logger:2020-03-16 19:18:28.986156 https://yihaoyuantb.fang.com/
Logger:2020-03-16 19:18:31.642889 https://dushihuayuan0359.fang.com/
Logger:2020-03-16 19:18:33.536772 https://hellojdsgy.fang.com/
Logger:2020-03-16 19:18:34.904107 https://huayingshiguangli.fang.com/
Logger:2020-03-16 19:18:35.243793 https://tianmaoshangjunxj.fang.com/
Logger:2020-03-16 19:18:39.480353 https://yuncheng.newhouse.fang.com/house/s/b92/
Logger:2020-03-16 19:18:39.889232 https://fenghuangwan0359.fang.com/
Logger:2020-03-16 19:18:41.737622 https://jiahehuaqiaocheng.fang.com/
Logger:2020-03-16 19:18:42.569358 https://jinleizhongyangcheng.fang.com/
Logger:2020-03-16 19:18:44.680306 https://binhuyihaojx.fang.com/
Logger:2020-03-16 19:18:45.196869 https://wanxianghuating.fang.com/
Logger:2020-03-16 19:18:47.260783 https://kanaxigudx.fang.com/
Logger:2020-03-16 19:18:47.583956 https://hongfengyuantianxicheng.fang.com/
Logger:2020-03-16 19:18:49.523051 https://dongfanghuacheng.fang.com/
Logger:2020-03-16 19:18:51.434527 https://changjiangyuandonghuwan.fang.com/
Logger:2020-03-16 19:18:51.784659 https://yuyuanshangpin.fang.com/
Logger:2020-03-16 19:18:54.523006 https://jinhaiwanerqi.fang.com/
Logger:2020-03-16 19:18:56.859597 https://shangdedaxueyuan.fang.com/
Logger:2020-03-16 19:18:58.728360 https://zuoanhuangcheng.fang.com/
Logger:2020-03-16 19:18:59.197151 https://bojueshan0359.fang.com/
Logger:2020-03-16 19:18:59.549466 https://sushuiyuan.fang.com/2/
Logger:2020-03-16 19:18:59.960330 https://shuimohedongxueyuangongyu.fang.com/
Logger:2020-03-16 19:19:01.882980 https://dongxingxiangshangshangwu.fang.com/office/
Logger:2020-03-16 19:19:02.624189 https://cuilinjiayuan.fang.com/2/
Logger:2020-03-16 19:19:03.205859 https://huaxiazhidu.fang.com/
Logger:2020-03-16 19:19:03.641722 https://xindilixiangcheng.fang.com/
Logger:2020-03-16 19:19:07.707929 https://yuncheng.newhouse.fang.com/house/s/b93/
Logger:2020-03-16 19:19:08.005167 https://huayuanhaotingbeiqujx.fang.com/
Logger:2020-03-16 19:19:08.359773 https://dingxinhedonggushi.fang.com/
Logger:2020-03-16 19:19:08.733503 https://jinyuehuafu0359.fang.com/
Logger:2020-03-16 19:19:09.133466 https://yinxiangnanhu0359.fang.com/
Logger:2020-03-16 19:19:09.476310 https://fenghuangyangshenggu.fang.com/
Logger:2020-03-16 19:19:11.216537 https://ganlanchengkx.fang.com/
Logger:2020-03-16 19:19:11.615337 https://dmhdgj.fang.com/
Logger:2020-03-16 19:19:11.942174 https://shuiyunjian0359.fang.com/
Logger:2020-03-16 19:19:13.328415 https://linglonggongguan.fang.com/
Logger:2020-03-16 19:19:15.142779 https://ganenguangchangweilaigongguan.fang.com/
Logger:2020-03-16 19:19:15.577635 https://lanshanguoji0359.fang.com/
Logger:2020-03-16 19:19:16.366500 https://tiaoshanhuayuan.fang.com/2/
Logger:2020-03-16 19:19:16.706660 https://weikedasha0359.fang.com/
Logger:2020-03-16 19:19:17.476785 https://tianmaochengxj.fang.com/
Logger:2020-03-16 19:19:19.879411 https://juntinghdmd.fang.com/
Logger:2020-03-16 19:19:20.289827 https://sushuiyinxiang.fang.com/
Logger:2020-03-16 19:19:20.674833 https://shenghuilvcheng.fang.com/
Logger:2020-03-16 19:19:21.173336 https://qingshuimingyuan0359.fang.com/
Logger:2020-03-16 19:19:22.037027 https://wenyuanxiaoqu0359.fang.com/
Logger:2020-03-16 19:19:24.889308 https://dibiaoguangchangdx.fang.com/
Logger:2020-03-16 19:19:30.774071 https://yuncheng.newhouse.fang.com/house/s/b94/
Logger:2020-03-16 19:19:32.435627 https://zijunchengshangcheng.fang.com/
Logger:2020-03-16 19:19:32.822591 https://chengshihuayuan.fang.com/
Logger:2020-03-16 19:19:33.130390 https://huangheshijiguangchanggongyu.fang.com/
Logger:2020-03-16 19:19:35.497538 https://huaxiguangchang0359.fang.com/
Logger:2020-03-16 19:19:35.859318 https://xinyuechenghy.fang.com/
Logger:2020-03-16 19:19:36.293118 https://huijinguoji0359.fang.com/
Logger:2020-03-16 19:19:36.677091 https://tiaoshanhuayuan.fang.com/
Logger:2020-03-16 19:19:37.056536 https://youyigongguan.fang.com/
Logger:2020-03-16 19:19:38.603986 https://huaxiouya.fang.com/
Logger:2020-03-16 19:19:41.421534 https://jinshanyujinrongzhongxin.fang.com/
Logger:2020-03-16 19:19:43.205261 https://sxly.newhouse.fang.com/house/1421795771.htm
Logger:2020-03-16 19:19:43.792647 https://sxly.newhouse.fang.com/house/1421795781.htm
Logger:2020-03-16 19:19:44.121841 https://hujingwanweigongguan.fang.com/
Logger:2020-03-16 19:19:46.405415 https://tiantaiyibeiyuan.fang.com/
Logger:2020-03-16 19:19:49.269316 https://xinrunyiju.fang.com/3/
Logger:2020-03-16 19:19:49.635346 https://liheyuandongguantianxia.fang.com/
Logger:2020-03-16 19:19:49.968523 https://ycfhhp.fang.com/
Logger:2020-03-16 19:19:51.917615 https://guopinshijia.fang.com/
Logger:2020-03-16 19:19:52.338088 https://jiahexindicheng.fang.com/
Logger:2020-03-16 19:19:52.702661 https://shuimoshijia.fang.com/
Logger:2020-03-16 19:19:56.508740 https://yuncheng.newhouse.fang.com/house/s/b95/
Logger:2020-03-16 19:19:58.052900 https://shangshangfudi.fang.com/
Logger:2020-03-16 19:19:58.487901 https://fulujiayuan0359.fang.com/
Logger:2020-03-16 19:20:00.448623 https://fuyunyuansmjn.fang.com/
Logger:2020-03-16 19:20:00.819364 https://shengshiyayuan0359.fang.com/2/
Logger:2020-03-16 19:20:01.135635 https://tianmaohejunxj.fang.com/
Logger:2020-03-16 19:20:03.904269 https://xingangyuefu.fang.com/
Logger:2020-03-16 19:20:06.297677 https://xingtiandigk.fang.com/
Logger:2020-03-16 19:20:08.274505 https://jinyujiayuan0359.fang.com/
Logger:2020-03-16 19:20:08.621320 https://xingheshangpin0359.fang.com/
Logger:2020-03-16 19:20:09.026237 https://jinjiayuan0359.fang.com/
Logger:2020-03-16 19:20:09.407258 https://meilinhuayuan0359.fang.com/
Logger:2020-03-16 19:20:09.745993 https://haishangyutinggl.fang.com/
Logger:2020-03-16 19:20:12.186672 https://runxinjiayuan.fang.com/
Logger:2020-03-16 19:20:12.849968 https://lingxiucheng0359.fang.com/
Logger:2020-03-16 19:20:15.583885 https://ycyijiahuayuan.fang.com/
Logger:2020-03-16 19:20:15.969170 https://nfxdh.fang.com/
Logger:2020-03-16 19:20:17.816660 https://shuijingxianfangdx.fang.com/
Logger:2020-03-16 19:20:22.414401 https://huaxibeiougongguan.fang.com/
Logger:2020-03-16 19:20:24.865713 https://sxly.newhouse.fang.com/house/1421795809.htm
Logger:2020-03-16 19:20:27.149745 https://zhongyangshidaiguangchang.fang.com/
Logger:2020-03-16 19:20:30.550515 https://yuncheng.newhouse.fang.com/house/s/b96/
Logger:2020-03-16 19:20:31.030268 https://runxianghuayuan0359.fang.com/
Logger:2020-03-16 19:20:31.356535 https://wanjinshuyuan.fang.com/
Logger:2020-03-16 19:20:32.965968 https://tianbaotianewan.fang.com/
Logger:2020-03-16 19:20:35.015866 https://sxly.newhouse.fang.com/house/1421795805.htm
Logger:2020-03-16 19:20:35.417877 https://yixinhuayuan0359.fang.com/2/
Logger:2020-03-16 19:20:39.906040 https://jinxinjinduhui.fang.com/
Logger:2020-03-16 19:20:40.222053 https://sxly.newhouse.fang.com/house/1421795799.htm
Logger:2020-03-16 19:20:42.044966 https://sxly.newhouse.fang.com/house/1421795777.htm
Logger:2020-03-16 19:20:43.869499 https://sxly.newhouse.fang.com/house/1421795797.htm
Logger:2020-03-16 19:20:45.548706 https://aszhgc.fang.com/
Logger:2020-03-16 19:20:45.853850 https://sxly.newhouse.fang.com/house/1421795791.htm
Logger:2020-03-16 19:20:48.300134 https://sxly.newhouse.fang.com/house/1421795783.htm
Logger:2020-03-16 19:20:50.670455 https://sxly.newhouse.fang.com/house/1421795311.htm
Logger:2020-03-16 19:20:52.530559 https://sxly.newhouse.fang.com/house/1421795815.htm
Logger:2020-03-16 19:20:53.360521 https://sxly.newhouse.fang.com/house/1421795803.htm
Logger:2020-03-16 19:20:54.804166 https://sxly.newhouse.fang.com/house/1421795807.htm
Logger:2020-03-16 19:20:55.128298 https://sxly.newhouse.fang.com/house/1421795793.htm
Logger:2020-03-16 19:20:56.751971 https://sxly.newhouse.fang.com/house/1421795813.htm
Logger:2020-03-16 19:20:59.358607 https://sxly.newhouse.fang.com/house/1421795773.htm
Logger:2020-03-16 19:21:00.828749 https://sxly.newhouse.fang.com/house/1421795309.htm
Logger:2020-03-16 19:21:04.477296 https://yuncheng.newhouse.fang.com/house/s/b97/
Logger:2020-03-16 19:21:05.875043 https://sxly.newhouse.fang.com/house/1421795785.htm
Logger:2020-03-16 19:21:07.476581 https://sxly.newhouse.fang.com/house/1421795787.htm
Logger:2020-03-16 19:21:07.804713 https://sxly.newhouse.fang.com/house/1421795789.htm
Logger:2020-03-16 19:21:09.910138 https://sxly.newhouse.fang.com/house/1421795913.htm
Logger:2020-03-16 19:21:11.957490 https://sxly.newhouse.fang.com/house/1421795911.htm
Logger:2020-03-16 19:21:13.918363 https://sxly.newhouse.fang.com/house/1421795811.htm
Logger:2020-03-16 19:21:14.269387 https://longpanshuijun.fang.com/3/
Logger:2020-03-16 19:21:17.941125 https://yuncheng.newhouse.fang.com/house/s/b98/
Logger:2020-03-16 19:21:21.598923 https://yuncheng.newhouse.fang.com/house/s/b99/
Logger:2020-03-16 19:21:25.079343 https://yuncheng.newhouse.fang.com/house/s/b910/
