Logger:2020-03-16 00:55:53.224203 https://yunfu.newhouse.fang.com/house/s/b91/
Logger:2020-03-16 00:55:53.474514 https://gdjxsh0766.fang.com/?from=xflist_xfgg
Logger:2020-03-16 00:55:55.579422 https://hengdacheng0766.fang.com/
Logger:2020-03-16 00:55:55.828915 https://yinglunhaocheng2.fang.com/
Logger:2020-03-16 00:55:57.579097 https://luodingbiguiyuantianyuewan.fang.com/
Logger:2020-03-16 00:55:57.859735 https://fcshy0766.fang.com/
Logger:2020-03-16 00:55:59.391117 https://yfbgyplf.fang.com/
Logger:2020-03-16 00:56:01.912457 https://yunfu.newhouse.fang.com/house/2827127200.htm
Logger:2020-03-16 00:56:03.928075 https://bgyxjf0766.fang.com/
Logger:2020-03-16 00:56:04.208788 https://ynbgy0766.fang.com/
Logger:2020-03-16 00:56:05.770948 https://yfwchy.fang.com/
Logger:2020-03-16 00:56:06.005770 https://bnyuelanshan.fang.com/
Logger:2020-03-16 00:56:06.896373 https://hsyfdh.fang.com/
Logger:2020-03-16 00:56:07.161773 https://yfzhy.fang.com/
Logger:2020-03-16 00:56:07.396110 https://lingyubgy0766.fang.com/
Logger:2020-03-16 00:56:07.661099 https://lyxtd0766.fang.com/
Logger:2020-03-16 00:56:07.895608 https://xingfuli0766.fang.com/
Logger:2020-03-16 00:56:09.198301 https://bgyyjydmf.fang.com/
Logger:2020-03-16 00:56:09.495105 https://jinyulanwan0766.fang.com/
Logger:2020-03-16 00:56:09.729898 https://zhongyunshihai.fang.com/
Logger:2020-03-16 00:56:09.981254 https://yfyw.fang.com/
Logger:2020-03-16 00:56:13.727430 https://yunfu.newhouse.fang.com/house/s/b92/
Logger:2020-03-16 00:56:13.946079 https://tianhubandao0766.fang.com/
Logger:2020-03-16 00:56:14.196101 https://shangdongshiji0766.fang.com/
Logger:2020-03-16 00:56:14.445973 https://jxjnshangzhuxiaoqu.fang.com/
Logger:2020-03-16 00:56:16.101862 https://luodingsulongbiguiyuan.fang.com/
Logger:2020-03-16 00:56:16.351761 https://chanyuxiaozhen.fang.com/
Logger:2020-03-16 00:56:16.576896 https://ydmyxz.fang.com/
Logger:2020-03-16 00:56:16.904945 https://xlmzxceq.fang.com/
Logger:2020-03-16 00:56:17.170726 https://glshangchenghuayuan.fang.com/
Logger:2020-03-16 00:56:17.451690 https://flwyy.fang.com/
Logger:2020-03-16 00:56:17.701631 https://ldbgy.fang.com/
Logger:2020-03-16 00:56:18.841987 https://zhonghuawenyuan.fang.com/
Logger:2020-03-16 00:56:19.091933 https://jcnsct.fang.com/
Logger:2020-03-16 00:56:19.373624 https://dfmzhyszxq0766.fang.com/
Logger:2020-03-16 00:56:19.623616 https://jdnglc.fang.com/
Logger:2020-03-16 00:56:19.873054 https://tianxibgy0766.fang.com/
Logger:2020-03-16 00:56:20.123302 https://bhxhhy0766.fang.com/
Logger:2020-03-16 00:56:20.388498 https://xlmzxcsq.fang.com/
Logger:2020-03-16 00:56:20.623162 https://ylsshy.fang.com/
Logger:2020-03-16 00:56:20.872758 https://hengyucheng.fang.com/
Logger:2020-03-16 00:56:21.138361 https://cyhjc0766.fang.com/
Logger:2020-03-16 00:56:25.052093 https://yunfu.newhouse.fang.com/house/s/b93/
Logger:2020-03-16 00:56:25.270915 https://jjjyw.fang.com/
Logger:2020-03-16 00:56:25.504665 https://xiangliguangchang.fang.com/
Logger:2020-03-16 00:56:27.316928 https://bncsgc2.fang.com/
Logger:2020-03-16 00:56:27.629294 https://zhongyanggongguan0766.fang.com/
Logger:2020-03-16 00:56:27.863493 https://jyht0766.fang.com/
Logger:2020-03-16 00:56:28.145265 https://xingyeyayuan.fang.com/
Logger:2020-03-16 00:56:29.863252 https://nscy0766.fang.com/
Logger:2020-03-16 00:56:30.128916 https://yhgwhy.fang.com/
Logger:2020-03-16 00:56:30.379094 https://daxuejiayuanlm.fang.com/
Logger:2020-03-16 00:56:31.332547 https://yxyggy.fang.com/
Logger:2020-03-16 00:56:31.556649 https://bgycshy0766.fang.com/
Logger:2020-03-16 00:56:31.790971 https://dmxhgc.fang.com/
Logger:2020-03-16 00:56:33.376206 https://hanlinhuafu0766.fang.com/
Logger:2020-03-16 00:56:33.610473 https://donglintianxia0766.fang.com/
Logger:2020-03-16 00:56:33.876165 https://xhxcshy.fang.com/
Logger:2020-03-16 00:56:35.157126 https://taidehuayuan0766.fang.com/
Logger:2020-03-16 00:56:35.428008 https://junchengmeilishuangjiang.fang.com/
Logger:2020-03-16 00:56:35.662327 https://xiangshunjunyuehaoyuan.fang.com/
Logger:2020-03-16 00:56:35.881056 https://xsjshy.fang.com/
Logger:2020-03-16 00:56:38.255899 https://hongxihuating0766.fang.com/
Logger:2020-03-16 00:56:41.535356 https://yunfu.newhouse.fang.com/house/s/b94/
Logger:2020-03-16 00:56:41.754016 https://sjfcc.fang.com/
Logger:2020-03-16 00:56:42.020262 https://wanhuiguangchang0766.fang.com/
Logger:2020-03-16 00:56:42.270243 https://gdjhsdc.fang.com/
Logger:2020-03-16 00:56:42.550692 https://xhcqhy.fang.com/
Logger:2020-03-16 00:56:42.785680 https://jinhuihaoting0766.fang.com/
Logger:2020-03-16 00:56:43.066917 https://qianguanbiguiyuan.fang.com/
Logger:2020-03-16 00:56:46.131159 https://hxxichengdouhui.fang.com/
Logger:2020-03-16 00:56:46.381150 https://yfmm.fang.com/
Logger:2020-03-16 00:56:46.600101 https://fenghuangxinchengcy.fang.com/
Logger:2020-03-16 00:56:46.833726 https://hcxkgjgg.fang.com/
Logger:2020-03-16 00:56:47.115145 https://shanshuihaotingpl.fang.com/
Logger:2020-03-16 00:56:47.365403 https://bsgjgc.fang.com/
Logger:2020-03-16 00:56:47.646035 https://jhxtd0766.fang.com/
Logger:2020-03-16 00:56:47.880806 https://xcsgc0766.fang.com/
Logger:2020-03-16 00:56:48.427100 https://shengjihaoting.fang.com/
Logger:2020-03-16 00:56:48.662299 https://yfhhy.fang.com/
Logger:2020-03-16 00:56:48.927482 https://xiangyuncheng.fang.com/
Logger:2020-03-16 00:56:49.178018 https://zcjjy.fang.com/
Logger:2020-03-16 00:56:50.005984 https://plyjy0766.fang.com/
Logger:2020-03-16 00:56:50.255916 https://qingzhoudasha.fang.com/
Logger:2020-03-16 00:56:53.536191 https://yunfu.newhouse.fang.com/house/s/b95/
Logger:2020-03-16 00:56:53.739461 https://hcfjhy.fang.com/
Logger:2020-03-16 00:56:53.988669 https://yulongting0766.fang.com/
Logger:2020-03-16 00:56:55.990578 https://liuduhuafu.fang.com/
Logger:2020-03-16 00:56:56.302661 https://yuhuxuan.fang.com/
Logger:2020-03-16 00:56:56.546897 https://zhichengdasha0766.fang.com/
Logger:2020-03-16 00:56:58.485393 https://yftychy.fang.com/
Logger:2020-03-16 00:56:58.782790 https://hexianju.fang.com/
Logger:2020-03-16 00:57:01.193033 https://chengshitiandiay0766.fang.com/
Logger:2020-03-16 00:57:01.427868 https://hmhy0766.fang.com/
Logger:2020-03-16 00:57:01.724199 https://hsyjht0766.fang.com/
Logger:2020-03-16 00:57:01.989720 https://jxgd.fang.com/
Logger:2020-03-16 00:57:02.255389 https://yunfucuihuicaifugongguan.fang.com/
Logger:2020-03-16 00:57:02.537154 https://bsggsjy1h.fang.com/
Logger:2020-03-16 00:57:02.786406 https://dongfanghuayuan0766.fang.com/
Logger:2020-03-16 00:57:03.083328 https://ailinhuayuan.fang.com/
Logger:2020-03-16 00:57:03.630417 https://dfbljdgy.fang.com/
Logger:2020-03-16 00:57:03.927153 https://hongjihaoyuan.fang.com/
Logger:2020-03-16 00:57:04.161441 https://tycgc0766.fang.com/
Logger:2020-03-16 00:57:04.380512 https://shengtaidasha0766.fang.com/
Logger:2020-03-16 00:57:04.604082 https://tyyyszl.fang.com/2/
Logger:2020-03-16 00:57:08.661947 https://yunfu.newhouse.fang.com/house/s/b96/
Logger:2020-03-16 00:57:08.849269 https://xxxdczytpd.fang.com/
Logger:2020-03-16 00:57:09.114298 https://shishangyunfu.fang.com/
Logger:2020-03-16 00:57:09.348643 https://yxdj0766.fang.com/
Logger:2020-03-16 00:57:09.645422 https://jiangnanyayuan0766.fang.com/
Logger:2020-03-16 00:57:09.879741 https://jlfhchy.fang.com/
Logger:2020-03-16 00:57:10.130281 https://yfmjskyh.fang.com/
Logger:2020-03-16 00:57:10.285941 [erro]&&&https://ld.newhouse.fang.com/house/2841284516.htm
Logger:2020-03-16 00:57:10.301564 [erro]&&&https://ld.newhouse.fang.com/house/2841284634.htm
Logger:2020-03-16 00:57:10.333124 [erro]&&&https://ld.newhouse.fang.com/house/2841284632.htm
Logger:2020-03-16 00:57:13.978636 https://yunfu.newhouse.fang.com/house/s/b97/
Logger:2020-03-16 00:57:17.500125 https://yunfu.newhouse.fang.com/house/s/b98/
Logger:2020-03-16 00:57:20.943694 https://yunfu.newhouse.fang.com/house/s/b99/
