Logger:2020-03-16 13:16:59.145910 https://yutian.newhouse.fang.com/house/s/b91/
Logger:2020-03-16 13:16:59.405216 https://yutianwanruncheng.fang.com/
Logger:2020-03-16 13:17:01.501647 https://ytmljy.fang.com/
Logger:2020-03-16 13:17:01.893560 https://ytschf.fang.com/
Logger:2020-03-16 13:17:02.478032 https://ytfhcc.fang.com/
Logger:2020-03-16 13:17:02.780226 https://176853.fang.com/
Logger:2020-03-16 13:17:03.057482 https://boyongyipin.fang.com/
Logger:2020-03-16 13:17:03.358640 https://ytsxxtd.fang.com/
Logger:2020-03-16 13:17:03.632906 https://ythjsd.fang.com/2/
Logger:2020-03-16 13:17:03.895242 https://ytfllz.fang.com/
Logger:2020-03-16 13:17:04.170468 https://ytwtjy.fang.com/
Logger:2020-03-16 13:17:04.453711 https://yutianlzxc.fang.com/
Logger:2020-03-16 13:17:06.175166 https://yhqzlyx.fang.com/
Logger:2020-03-16 13:17:06.453361 https://ytydhy.fang.com/
Logger:2020-03-16 13:17:07.462661 https://ythmxy.fang.com/
Logger:2020-03-16 13:17:07.726955 https://ytjwyc.fang.com/
Logger:2020-03-16 13:17:10.249231 https://cthchjy.fang.com/
Logger:2020-03-16 13:17:12.113251 https://yttyxq.fang.com/
Logger:2020-03-16 13:17:12.865208 https://xinshidaiqichegc.fang.com/
Logger:2020-03-16 13:17:16.710921 https://yutian.newhouse.fang.com/house/s/b92/
Logger:2020-03-16 13:17:20.147735 https://yutian.newhouse.fang.com/house/s/b93/
Logger:2020-03-16 13:17:23.850859 https://yutian.newhouse.fang.com/house/s/b94/
