Logger:2020-03-16 23:47:02.976313 https://yuxi.newhouse.fang.com/house/s/b91/
Logger:2020-03-16 23:47:03.325353 https://zgfxhgjlydjq.fang.com/
Logger:2020-03-16 23:47:06.892092 https://taiyangshan0877.fang.com/
Logger:2020-03-16 23:47:09.575391 https://hxmklyx.fang.com/
Logger:2020-03-16 23:47:12.556896 https://xtd0877.fang.com/
Logger:2020-03-16 23:47:12.923906 https://taiyangshangaoyuan.fang.com/
Logger:2020-03-16 23:47:13.355795 https://ynfxhhldsj.fang.com/
Logger:2020-03-16 23:47:13.824278 https://fenghuangxiayuan.fang.com/
Logger:2020-03-16 23:47:14.193262 https://121980.fang.com/
Logger:2020-03-16 23:47:14.547345 https://juyue.fang.com/
Logger:2020-03-16 23:47:14.895624 https://zhongliangyihaoyuan2.fang.com/
Logger:2020-03-16 23:47:18.090399 https://yushuijinan.fang.com/
Logger:2020-03-16 23:47:18.466365 https://guanglongxiaozhenfxh.fang.com/
Logger:2020-03-16 23:47:18.854775 https://yinghuagu0877.fang.com/
Logger:2020-03-16 23:47:19.217305 https://yunfushanju.fang.com/
Logger:2020-03-16 23:47:19.631198 https://huanledashijiefeicuiwan.fang.com/
Logger:2020-03-16 23:47:21.881252 https://121978.fang.com/
Logger:2020-03-16 23:47:23.909544 https://121976.fang.com/
Logger:2020-03-16 23:47:24.302042 https://jinhujiayuan0877.fang.com/
Logger:2020-03-16 23:47:24.773392 https://chengshilinyu.fang.com/villa/
Logger:2020-03-16 23:47:25.175290 https://fxhmc.fang.com/
Logger:2020-03-16 23:47:29.176056 https://yuxi.newhouse.fang.com/house/s/b92/
Logger:2020-03-16 23:47:29.533108 https://121988.fang.com/
Logger:2020-03-16 23:47:29.904113 https://fuxianhuhanwujixiaozhen.fang.com/
Logger:2020-03-16 23:47:30.336985 https://nandujinzuo0877.fang.com/
Logger:2020-03-16 23:47:30.730963 https://121990.fang.com/
Logger:2020-03-16 23:47:31.118449 https://xianhudao0877.fang.com/
Logger:2020-03-16 23:47:33.770975 https://yuxi.newhouse.fang.com/house/3413285566.htm
Logger:2020-03-16 23:47:34.204449 https://121982.fang.com/
Logger:2020-03-16 23:47:34.553079 https://longwanghucheng.fang.com/
Logger:2020-03-16 23:47:34.894852 https://xianhujinxiu.fang.com/
Logger:2020-03-16 23:47:35.253929 https://121986.fang.com/
Logger:2020-03-16 23:47:35.732618 https://121984.fang.com/
Logger:2020-03-16 23:47:36.747734 https://furanzhongxin.fang.com/
Logger:2020-03-16 23:47:37.111790 https://dlstyx.fang.com/
Logger:2020-03-16 23:47:37.477848 https://fuxianhuhaiyangdashijie.fang.com/
Logger:2020-03-16 23:47:37.852914 https://adjjc.fang.com/
Logger:2020-03-16 23:47:38.270602 https://dsjjzx.fang.com/
Logger:2020-03-16 23:47:39.338770 https://csmzstbh.fang.com/shop/
Logger:2020-03-16 23:47:39.668855 https://huixidasha.fang.com/office/
Logger:2020-03-16 23:47:40.052934 https://xibuguangchang.fang.com/
Logger:2020-03-16 23:47:44.062535 https://yuxi.newhouse.fang.com/house/s/b93/
Logger:2020-03-16 23:47:47.661879 https://yuxi.newhouse.fang.com/house/s/b94/
Logger:2020-03-16 23:47:51.273271 https://yuxi.newhouse.fang.com/house/s/b95/
