Logger:2020-03-17 00:48:42.488060 https://yuyao.newhouse.fang.com/house/s/b91/
Logger:2020-03-17 00:48:42.778240 https://hanlinyuansgt.fang.com/
Logger:2020-03-17 00:48:44.384942 https://hengdaylt.fang.com/
Logger:2020-03-17 00:48:44.641299 https://hemuduhuayuan.fang.com/
Logger:2020-03-17 00:48:44.877625 https://yyygwns0574.fang.com/
Logger:2020-03-17 00:48:46.329795 https://118504.fang.com/
Logger:2020-03-17 00:48:48.364321 https://yysaigetedongchengmingyuan0574.fang.com/
Logger:2020-03-17 00:48:48.636608 https://banshanmeilu.fang.com/
Logger:2020-03-17 00:48:48.891932 https://chenfu.fang.com/
Logger:2020-03-17 00:48:49.842386 https://zhonganfclw.fang.com/
Logger:2020-03-17 00:48:50.167472 https://yuyaozhongguohuicongjiadiancheng.fang.com/
Logger:2020-03-17 00:48:50.420838 https://rongchuanghangzhouwanyihao.fang.com/
Logger:2020-03-17 00:48:50.712016 https://guiyuanguandib.fang.com/
Logger:2020-03-17 00:48:51.053103 https://ligaozhuoyue.fang.com/
Logger:2020-03-17 00:48:52.316722 https://yuyao.newhouse.fang.com/house/2029118452.htm
Logger:2020-03-17 00:48:53.381873 https://lcgylt0574.fang.com/
Logger:2020-03-17 00:48:53.701056 https://manyuewan.fang.com/
Logger:2020-03-17 00:48:54.008198 https://mingdi.fang.com/
Logger:2020-03-17 00:48:54.287451 https://zhonganytc.fang.com/
Logger:2020-03-17 00:48:54.549750 https://xixishuian.fang.com/
Logger:2020-03-17 00:48:54.895859 https://zhaotongyipin.fang.com/
Logger:2020-03-17 00:48:58.134203 https://yuyao.newhouse.fang.com/house/s/b92/
Logger:2020-03-17 00:48:59.947310 https://hzwxingherongyu.fang.com/
Logger:2020-03-17 00:49:00.225567 https://huyuxuhuijiangshanfu.fang.com/
Logger:2020-03-17 00:49:00.480923 https://lvdihaiwan.fang.com/
Logger:2020-03-17 00:49:00.787063 https://yongjinshijia.fang.com/
Logger:2020-03-17 00:49:01.026447 https://yyzhongshanxiangxiewan0574.fang.com/
Logger:2020-03-17 00:49:01.282738 https://feiliwan.fang.com/
Logger:2020-03-17 00:49:03.755123 https://zhouwanzhuoyueweilanhaianh.fang.com/
Logger:2020-03-17 00:49:04.069328 https://jinxiudongfangguofengxiaozhen0574.fang.com/
Logger:2020-03-17 00:49:07.122172 https://hangzhouwansjc1.fang.com/
Logger:2020-03-17 00:49:07.387445 https://zhaotongyuefu0574.fang.com/
Logger:2020-03-17 00:49:07.675636 https://heyuewan.fang.com/
Logger:2020-03-17 00:49:07.928972 https://yaojiangfu.fang.com/
Logger:2020-03-17 00:49:08.183316 https://jinseliming.fang.com/
Logger:2020-03-17 00:49:09.128748 https://guiyuanhaishangchuanqib.fang.com/
Logger:2020-03-17 00:49:09.411990 https://hailunbaokuantangyayuan.fang.com/
Logger:2020-03-17 00:49:09.648358 https://junwangfufang.fang.com/
Logger:2020-03-17 00:49:09.947558 https://hshzwgjxc30574.fang.com/
Logger:2020-03-17 00:49:10.217878 https://fanhuali0574.fang.com/
Logger:2020-03-17 00:49:10.511093 https://zhongnanhaiyuewan0574.fang.com/
Logger:2020-03-17 00:49:10.750450 https://xinghaiwan20574.fang.com/
Logger:2020-03-17 00:49:14.299915 https://yuyao.newhouse.fang.com/house/s/b93/
Logger:2020-03-17 00:49:17.766641 https://yuyao.newhouse.fang.com/house/s/b94/
Logger:2020-03-17 00:49:21.251319 https://yuyao.newhouse.fang.com/house/s/b95/
