Logger:2020-03-16 08:40:04.419718 https://yuzhong.newhouse.fang.com/house/s/b91/
Logger:2020-03-16 08:40:04.700756 https://rongchuangchenglz.fang.com/
Logger:2020-03-16 08:40:05.044023 https://damingchenglz.fang.com/
Logger:2020-03-16 08:40:07.590697 https://ziyuhuafuys.fang.com/
Logger:2020-03-16 08:40:07.887103 https://lansegangwantq.fang.com/
Logger:2020-03-16 08:40:08.201327 https://shidaizhiguangwk20931.fang.com/
Logger:2020-03-16 08:40:08.529934 https://hepingjiayuanlz.fang.com/2/
Logger:2020-03-16 08:40:08.826188 https://lanzhouhongxingtianbo.fang.com/
Logger:2020-03-16 08:40:09.107745 https://hexingjiayuan0931.fang.com/
Logger:2020-03-16 08:40:09.482274 https://weilaichenghd0931.fang.com/
Logger:2020-03-16 08:40:09.794750 https://shanshuichenghd0931.fang.com/
Logger:2020-03-16 08:40:10.138415 https://xinglongfuby.fang.com/
Logger:2020-03-16 08:40:10.450842 https://laiyajusr.fang.com/
Logger:2020-03-16 08:40:10.903813 https://hechangyuanxl.fang.com/
Logger:2020-03-16 08:40:11.185621 https://chengxiangjuyihaoyuan.fang.com/
Logger:2020-03-16 08:40:11.451846 https://weilehuayuan.fang.com/
Logger:2020-03-16 08:40:11.776966 https://yuzhongdamingcheng0535.fang.com/
Logger:2020-03-16 08:40:12.035969 https://runzejiayuan0931.fang.com/
Logger:2020-03-16 08:40:12.302129 https://yuzhong.newhouse.fang.com/house/3726217830.htm
Logger:2020-03-16 08:40:12.583288 https://yuanjiaying0311.fang.com/
Logger:2020-03-16 08:40:13.154926 https://jiahemingdu0931.fang.com/
Logger:2020-03-16 08:40:16.420184 https://yuzhong.newhouse.fang.com/house/s/b92/
Logger:2020-03-16 08:40:16.685332 https://yidechenglz.fang.com/
Logger:2020-03-16 08:40:16.951205 https://yuzhongweileruyiyuan0311.fang.com/
Logger:2020-03-16 08:40:17.263321 https://mudanxiaozhen.fang.com/
Logger:2020-03-16 08:40:17.497640 https://yuzhong.newhouse.fang.com/house/3726203398.htm
Logger:2020-03-16 08:40:17.743754 https://yuzhong.newhouse.fang.com/house/3726203396.htm
Logger:2020-03-16 08:40:18.008628 https://yuzhongxinyuanluzhouerqi.fang.com/
Logger:2020-03-16 08:40:18.290447 https://yuzhongyidecheng0535.fang.com/
Logger:2020-03-16 08:40:18.555375 https://hengdachengxiangmu0931.fang.com/
Logger:2020-03-16 08:40:18.817690 https://kangtaiyangguangjiayuan.fang.com/
Logger:2020-03-16 08:40:19.098155 https://yuzhonghengdashanshuicheng0931.fang.com/
Logger:2020-03-16 08:40:19.379434 https://yuzhongxinyuanluzhousanqi0931.fang.com/
Logger:2020-03-16 08:40:19.660523 https://yuzhongjinghuajiayuan.fang.com/
Logger:2020-03-16 08:40:19.926500 https://yuzhonghepingjiashengshangmaozhongxin0311.fang.com/
Logger:2020-03-16 08:40:20.192259 https://yuzhonghengweiguojiguangchang.fang.com/
Logger:2020-03-16 08:40:20.472832 https://xinglongchuangyinongyechanyeyuan0311.fang.com/
Logger:2020-03-16 08:40:21.754480 https://yuzhong.newhouse.fang.com/house/3726203388.htm
Logger:2020-03-16 08:40:21.988102 https://yuzhong.newhouse.fang.com/house/3726203392.htm
Logger:2020-03-16 08:40:22.347944 https://dongbukejixincheng0931.fang.com/
Logger:2020-03-16 08:40:23.290530 https://yuzhong.newhouse.fang.com/house/3726203380.htm
Logger:2020-03-16 08:40:24.325038 https://yuzhong.newhouse.fang.com/house/3726203390.htm
Logger:2020-03-16 08:40:27.839899 https://yuzhong.newhouse.fang.com/house/s/b93/
Logger:2020-03-16 08:40:29.479993 https://yuzhongdongyuanxiaoqu0931.fang.com/
Logger:2020-03-16 08:40:30.120467 https://jinhuagelinlan.fang.com/
Logger:2020-03-16 08:40:32.209872 https://yuzhong.newhouse.fang.com/house/3726203400.htm
Logger:2020-03-16 08:40:32.568643 https://jiadeshangyewenhuaguangchang0311.fang.com/
Logger:2020-03-16 08:40:34.247160 https://zijinshangyeguangchang0931.fang.com/
Logger:2020-03-16 08:40:34.683802 https://xinyuanlvzhousanqi.fang.com/
Logger:2020-03-16 08:40:34.965490 https://yuzhongruixinguojishangyecheng0311.fang.com/
Logger:2020-03-16 08:40:35.637367 https://yuzhonghuanghechunchengxiaoqu.fang.com/
Logger:2020-03-16 08:40:39.460931 https://yuzhong.newhouse.fang.com/house/s/b94/
Logger:2020-03-16 08:40:42.952995 https://yuzhong.newhouse.fang.com/house/s/b95/
Logger:2020-03-16 08:40:47.499232 https://yuzhong.newhouse.fang.com/house/s/b96/
