Logger:2020-03-16 13:53:51.397783 https://yz.newhouse.fang.com/house/s/b91/
Logger:2020-03-16 13:53:51.734928 https://shilidandizh.fang.com/
Logger:2020-03-16 13:53:52.028097 https://yunheshangchen.fang.com/
Logger:2020-03-16 13:53:52.352229 https://tianshanguobinyihao.fang.com/
Logger:2020-03-16 13:53:52.669419 https://shouxihuhuayuan.fang.com/
Logger:2020-03-16 13:53:52.989524 https://zhonghaishangdongqu.fang.com/
Logger:2020-03-16 13:53:53.245895 https://lvdijiankangcheng.fang.com/
Logger:2020-03-16 13:53:53.627817 https://feicuihuatinghd0514.fang.com/
Logger:2020-03-16 13:53:53.950990 https://yuelongwanyzhd.fang.com/
Logger:2020-03-16 13:53:54.297027 https://huaqiaochengqiaochengli.fang.com/
Logger:2020-03-16 13:53:54.684029 https://wankeshidaifenghua.fang.com/
Logger:2020-03-16 13:53:54.997196 https://wankeyunhewan.fang.com/
Logger:2020-03-16 13:53:55.265472 https://meidiyuzhouguobinfu.fang.com/
Logger:2020-03-16 13:53:55.614502 https://wankeshidaizhiguang.fang.com/
Logger:2020-03-16 13:53:56.263798 https://tianxiahuayuanyz.fang.com/
Logger:2020-03-16 13:53:56.716630 https://126824.fang.com/
Logger:2020-03-16 13:53:57.061673 https://126918.fang.com/
Logger:2020-03-16 13:53:57.366814 https://cocotangyu.fang.com/
Logger:2020-03-16 13:53:57.686003 https://guanhushangjuay0514.fang.com/
Logger:2020-03-16 13:53:58.144733 https://diwuyuanwk0514.fang.com/
Logger:2020-03-16 13:53:58.460888 https://biguiyuanlingjiangfu.fang.com/
Logger:2020-03-16 13:54:02.179939 https://yz.newhouse.fang.com/house/s/b92/
Logger:2020-03-16 13:54:02.509100 https://biguiyuanlingjiangfu.fang.com/
Logger:2020-03-16 13:54:02.821223 https://1269860514.fang.com/
Logger:2020-03-16 13:54:03.101474 https://126066.fang.com/
Logger:2020-03-16 13:54:03.418650 https://zhongxintaifujinchen.fang.com/
Logger:2020-03-16 13:54:03.729816 https://wandaxiquclass.fang.com/
Logger:2020-03-16 13:54:04.041987 https://fuchunshanjuyjl0514.fang.com/
Logger:2020-03-16 13:54:04.265434 https://lanwanzhenyuan.fang.com/
Logger:2020-03-16 13:54:04.590490 https://huajianzhengmaofu.fang.com/
Logger:2020-03-16 13:54:06.866445 https://shiguangdasha.fang.com/
Logger:2020-03-16 13:54:07.135681 https://126898.fang.com/
Logger:2020-03-16 13:54:07.423909 https://langyuehuafu0514.fang.com/
Logger:2020-03-16 13:54:07.820848 https://boyuehuafugm.fang.com/
Logger:2020-03-16 13:54:08.116092 https://shouxihuyuanzisl.fang.com/
Logger:2020-03-16 13:54:08.475098 https://xifengjiushujy.fang.com/
Logger:2020-03-16 13:54:08.850132 https://tianruifu.fang.com/
Logger:2020-03-16 13:54:09.138324 https://jiayufenghuayzyz.fang.com/
Logger:2020-03-16 13:54:09.462457 https://jinyuanzxtf.fang.com/
Logger:2020-03-16 13:54:09.964157 https://jiayuanjiulongwan.fang.com/
Logger:2020-03-16 13:54:10.443831 https://jinghuihuafu.fang.com/
Logger:2020-03-16 13:54:10.745026 https://yihaoyuan0514.fang.com/
Logger:2020-03-16 13:54:14.533931 https://yz.newhouse.fang.com/house/s/b93/
Logger:2020-03-16 13:54:14.872028 https://jiayuanguifu.fang.com/
Logger:2020-03-16 13:54:15.210080 https://zhonghaihuayue.fang.com/
Logger:2020-03-16 13:54:15.541196 https://zhonghaishixi.fang.com/
Logger:2020-03-16 13:54:15.833413 https://yihegongguan0514.fang.com/
Logger:2020-03-16 13:54:16.143583 https://127128.fang.com/
Logger:2020-03-16 13:54:16.442783 https://127108.fang.com/
Logger:2020-03-16 13:54:16.797835 https://127030.fang.com/
Logger:2020-03-16 13:54:17.095038 https://shugangjindi.fang.com/
Logger:2020-03-16 13:54:19.787836 https://shuxiangyipin0514.fang.com/
Logger:2020-03-16 13:54:20.079055 https://yangzhouyin.fang.com/
Logger:2020-03-16 13:54:20.361301 https://126894.fang.com/
Logger:2020-03-16 13:54:20.724331 https://jinwan1hao.fang.com/
Logger:2020-03-16 13:54:21.035496 https://chengshiguangchangbn0514.fang.com/
Logger:2020-03-16 13:54:25.936428 https://shouxihuyihaoyuan.fang.com/
Logger:2020-03-16 13:54:26.218674 https://wenchanggongguanja.fang.com/
Logger:2020-03-16 13:54:26.466966 https://xinghelanwan.fang.com/
Logger:2020-03-16 13:54:27.428395 https://sichaogl.fang.com/
Logger:2020-03-16 13:54:30.714603 https://yiguanyuan0514.fang.com/
Logger:2020-03-16 13:54:31.010813 https://zhonghaijinxi.fang.com/
Logger:2020-03-16 13:54:31.280115 https://shijitianchengjy.fang.com/
Logger:2020-03-16 13:54:34.918358 https://yz.newhouse.fang.com/house/s/b94/
Logger:2020-03-16 13:54:35.415030 https://ruichengbn.fang.com/
Logger:2020-03-16 13:54:35.776107 https://chengjianjiujingrongyuan.fang.com/
Logger:2020-03-16 13:54:36.058351 https://lanwanhuafu0514.fang.com/
Logger:2020-03-16 13:54:39.573923 https://languangyongjinyuan.fang.com/
Logger:2020-03-16 13:54:39.929952 https://jiayuanlongjing.fang.com/
Logger:2020-03-16 13:54:40.382765 https://lvdiyejindongnan.fang.com/
Logger:2020-03-16 13:54:40.677950 https://127180.fang.com/
Logger:2020-03-16 13:54:41.062920 https://127220.fang.com/
Logger:2020-03-16 13:54:41.367107 https://haodifang0514.fang.com/
Logger:2020-03-16 13:54:41.677317 https://dijinglanwanyz.fang.com/
Logger:2020-03-16 13:54:42.020360 https://xingdiyayuan.fang.com/
Logger:2020-03-16 13:54:42.410354 https://changjianguangchang0514.fang.com/
Logger:2020-03-16 13:54:42.743425 https://lanwanxuefu.fang.com/
Logger:2020-03-16 13:54:43.064608 https://hengdahuafu0514.fang.com/
Logger:2020-03-16 13:54:43.457550 https://fenghuangshuianhuayuan.fang.com/
Logger:2020-03-16 13:54:43.765728 https://aoyuanhubinmingdu.fang.com/
Logger:2020-03-16 13:54:44.072868 https://126922.fang.com/
Logger:2020-03-16 13:54:44.378077 https://jinghuaqingting.fang.com/
Logger:2020-03-16 13:54:44.764056 https://tianxiwandh.fang.com/
Logger:2020-03-16 13:54:45.099122 https://xichengyinxiang0514.fang.com/
Logger:2020-03-16 13:54:48.734436 https://yz.newhouse.fang.com/house/s/b95/
Logger:2020-03-16 13:54:49.033598 https://yunhelingyuloft.fang.com/
Logger:2020-03-16 13:54:49.408625 https://126920.fang.com/
Logger:2020-03-16 13:54:49.698818 https://shurenyuanjlw.fang.com/
Logger:2020-03-16 13:54:50.059898 https://shuianyuntingsm.fang.com/
Logger:2020-03-16 13:54:50.408986 https://yajuleguoji.fang.com/
Logger:2020-03-16 13:54:50.738039 https://lanjuezhuangyuan.fang.com/
Logger:2020-03-16 13:54:51.358408 https://yunhelanwanht.fang.com/
Logger:2020-03-16 13:54:57.635586 https://zhihuishenghuocheng.fang.com/
Logger:2020-03-16 13:54:57.973681 https://dongyuefuhy.fang.com/
Logger:2020-03-16 13:54:58.280860 https://xiangxieli8hao.fang.com/
Logger:2020-03-16 13:54:58.640912 https://yunheyipin.fang.com/
Logger:2020-03-16 13:55:06.342338 https://hongyangtangyuanjh.fang.com/
Logger:2020-03-16 13:55:06.698341 https://12705220514.fang.com/
Logger:2020-03-16 13:55:06.974631 https://biyuyuan0514.fang.com/
Logger:2020-03-16 13:55:27.978454 https://fangdian.fang.com/
Logger:2020-03-16 13:55:33.062855 https://wenchangfuiloft.fang.com/
Logger:2020-03-16 13:55:33.347076 https://127130.fang.com/
Logger:2020-03-16 13:55:33.687142 https://jiayuanhuafu0514.fang.com/
Logger:2020-03-16 13:55:34.088069 https://jinshameidi0514.fang.com/
Logger:2020-03-16 13:55:34.466058 https://yishuyuan0514.fang.com/
Logger:2020-03-16 13:55:38.147210 https://yz.newhouse.fang.com/house/s/b96/
Logger:2020-03-16 13:55:38.429455 https://qidikejichengyangzhou.fang.com/
Logger:2020-03-16 13:55:38.737671 https://weilaizhiguang.fang.com/
Logger:2020-03-16 13:55:39.070740 https://mingyuefuyj.fang.com/
Logger:2020-03-16 13:55:39.344055 https://zhongyangduhuisk.fang.com/
Logger:2020-03-16 13:55:39.656250 https://longhumeishu.fang.com/
Logger:2020-03-16 13:55:39.958390 https://taidamsdyz.fang.com/
Logger:2020-03-16 13:55:51.961256 https://dierjiangnan.fang.com/
Logger:2020-03-16 13:55:52.278407 https://yunhemingshu.fang.com/
Logger:2020-03-16 13:55:52.653404 https://huanqiujinrongcheng.fang.com/
Logger:2020-03-16 13:56:01.379107 https://jinshameidi0514.fang.com/
Logger:2020-03-16 13:56:09.942190 https://yunheyinxiangjy.fang.com/
Logger:2020-03-16 13:56:10.473769 https://guantangbieyuan.fang.com/
Logger:2020-03-16 13:56:10.788889 https://lgxcsdsygc.fang.com/
Logger:2020-03-16 13:56:11.098062 https://lvditangyuefu.fang.com/
Logger:2020-03-16 13:56:11.396338 https://127096.fang.com/
Logger:2020-03-16 13:56:11.773256 https://feicuigongyuan0514.fang.com/
Logger:2020-03-16 13:56:26.364223 https://nuanshan0514.fang.com/
Logger:2020-03-16 13:56:26.772170 https://huizhijinyuan.fang.com/
Logger:2020-03-16 13:56:27.191053 https://127114.fang.com/
Logger:2020-03-16 13:56:30.939981 https://hongyuecheng.fang.com/
Logger:2020-03-16 13:56:34.522398 https://yz.newhouse.fang.com/house/s/b97/
Logger:2020-03-16 13:56:34.820639 https://126822.fang.com/
Logger:2020-03-16 13:56:35.088883 https://kejiguangchangyc.fang.com/
Logger:2020-03-16 13:56:35.364171 https://atlscsgc0514.fang.com/
Logger:2020-03-16 13:56:35.635420 https://shuiyinxitisk.fang.com/
Logger:2020-03-16 13:56:36.039374 https://heruiyuan0514.fang.com/
Logger:2020-03-16 13:56:36.296652 https://wanjiangbeishanyuan.fang.com/
Logger:2020-03-16 13:56:37.593184 https://jinlunguangchangbl.fang.com/
Logger:2020-03-16 13:56:37.843560 https://gelingongguan0514.fang.com/
Logger:2020-03-16 13:56:38.156719 https://taolichunfengybc.fang.com/
Logger:2020-03-16 13:56:39.461186 https://jinglongwanmingyuan.fang.com/
Logger:2020-03-16 13:56:39.761383 https://126742.fang.com/
Logger:2020-03-16 13:56:40.057625 https://126890.fang.com/
Logger:2020-03-16 13:56:40.409650 https://shanshuihaoting0514.fang.com/
Logger:2020-03-16 13:56:40.698875 https://xingchenshangwuguangchang.fang.com/
Logger:2020-03-16 13:56:40.974139 https://tongyunshangmaocheng.fang.com/
Logger:2020-03-16 13:56:41.293323 https://shangyeguangchangjy.fang.com/
Logger:2020-03-16 13:56:41.560569 https://sanjinguanglingmingzhu.fang.com/
Logger:2020-03-16 13:56:41.901693 https://hengtongbishuilanwan.fang.com/
Logger:2020-03-16 13:56:42.195902 https://zhongxintaifujintang.fang.com/
Logger:2020-03-16 13:56:42.558899 https://127224.fang.com/
Logger:2020-03-16 13:56:46.363756 https://yz.newhouse.fang.com/house/s/b98/
Logger:2020-03-16 13:56:46.670899 https://huajiantianyunfu.fang.com/
Logger:2020-03-16 13:56:46.946163 https://127196.fang.com/
Logger:2020-03-16 13:56:47.268301 https://127202.fang.com/
Logger:2020-03-16 13:56:47.573517 https://1269840514.fang.com/
Logger:2020-03-16 13:56:52.420564 https://1269880514.fang.com/
Logger:2020-03-16 13:56:52.655888 https://127200.fang.com/
Logger:2020-03-16 13:56:52.909254 https://honggongguanwj.fang.com/
Logger:2020-03-16 13:56:53.165525 https://126834.fang.com/
Logger:2020-03-16 13:56:53.427859 https://127198.fang.com/
Logger:2020-03-16 13:56:53.698100 https://xingyaotiandi0514.fang.com/
Logger:2020-03-16 13:56:53.993311 https://127160.fang.com/
Logger:2020-03-16 13:56:54.280584 https://yuechengjinshu.fang.com/
Logger:2020-03-16 13:56:54.546872 https://hanjianfuruiyuan.fang.com/
Logger:2020-03-16 13:56:54.836056 https://218834.fang.com/
Logger:2020-03-16 13:56:55.260919 https://126820.fang.com/
Logger:2020-03-16 13:56:55.597071 https://lafeierzhuangyuan.fang.com/
Logger:2020-03-16 13:56:59.823713 https://hongqiaowanwh.fang.com/
Logger:2020-03-16 13:57:00.106986 https://127184.fang.com/
Logger:2020-03-16 13:57:00.464043 https://rmallxdfwydl.fang.com/
Logger:2020-03-16 13:57:00.713333 https://127174.fang.com/
Logger:2020-03-16 13:57:04.470319 https://yz.newhouse.fang.com/house/s/b99/
Logger:2020-03-16 13:57:04.727631 https://wcsjshgc.fang.com/
Logger:2020-03-16 13:57:05.029787 https://127186.fang.com/
Logger:2020-03-16 13:57:05.492567 https://127222.fang.com/
Logger:2020-03-16 13:57:06.744199 https://126862.fang.com/
Logger:2020-03-16 13:57:07.064344 https://jinyangguangwandaguangchang.fang.com/
Logger:2020-03-16 13:57:07.356602 https://tianlehujy.fang.com/
Logger:2020-03-16 13:57:07.714603 https://126852.fang.com/
Logger:2020-03-16 13:57:10.058399 https://126904.fang.com/
Logger:2020-03-16 13:57:10.488184 https://1272060514.fang.com/
Logger:2020-03-16 13:57:10.762521 https://126910.fang.com/
Logger:2020-03-16 13:57:11.102575 https://hupanyujingswy.fang.com/
Logger:2020-03-16 13:57:14.788683 https://yz.newhouse.fang.com/house/s/b910/
Logger:2020-03-16 13:57:18.465872 https://yz.newhouse.fang.com/house/s/b911/
Logger:2020-03-16 13:57:21.982479 https://yz.newhouse.fang.com/house/s/b912/
