Logger:2020-03-16 18:19:20.418998 https://zaozhuang.newhouse.fang.com/house/s/b91/
Logger:2020-03-16 18:19:21.056808 https://fenghualisnds.fang.com/?from=xflist_xfgg
Logger:2020-03-16 18:19:21.474708 https://shijiafenghua.fang.com/?from=xflist_xfgg
Logger:2020-03-16 18:19:21.988461 https://hengdayufu0632.fang.com/
Logger:2020-03-16 18:19:22.357472 https://zhongliangshoufu0632.fang.com/
Logger:2020-03-16 18:19:22.691619 https://shuichenjunyuefu.fang.com/
Logger:2020-03-16 18:19:23.310347 https://dingxiangchengyuan.fang.com/
Logger:2020-03-16 18:19:23.728249 https://yihaoyuanzkc.fang.com/
Logger:2020-03-16 18:19:24.098291 https://pingguojunlz.fang.com/
Logger:2020-03-16 18:19:24.437355 https://dongshanhuafu.fang.com/
Logger:2020-03-16 18:19:26.856760 https://guojiwsxy.fang.com/
Logger:2020-03-16 18:19:34.218713 https://jiangnanlihl.fang.com/
Logger:2020-03-16 18:19:34.537361 https://lianxinjiayuan30632.fang.com/
Logger:2020-03-16 18:19:35.129739 https://blhdgy2.fang.com/
Logger:2020-03-16 18:19:35.482418 https://runhengdiyichengtz.fang.com/
Logger:2020-03-16 18:19:35.887138 https://jinhewantz.fang.com/
Logger:2020-03-16 18:19:37.808398 https://chengjiandatongguojitz.fang.com/
Logger:2020-03-16 18:19:38.147032 https://runyangshoufu.fang.com/
Logger:2020-03-16 18:19:38.561990 https://xinjiameiguiyuan.fang.com/
Logger:2020-03-16 18:19:38.970997 https://feicuilanwanbgy.fang.com/
Logger:2020-03-16 18:19:39.310271 https://xuefumeijunaq.fang.com/
Logger:2020-03-16 18:19:43.292307 https://zaozhuang.newhouse.fang.com/house/s/b92/
Logger:2020-03-16 18:19:43.603474 https://feicuilanshanbgy.fang.com/
Logger:2020-03-16 18:19:44.279889 https://tzrongchengguoji.fang.com/
Logger:2020-03-16 18:19:44.604282 https://wentiankejiguangchangsanqitz.fang.com/
Logger:2020-03-16 18:19:46.387511 https://tengtoulongquanshoufutz.fang.com/
Logger:2020-03-16 18:19:46.720617 https://derenlisf.fang.com/
Logger:2020-03-16 18:19:48.556170 https://tengtourenhetianditz.fang.com/
Logger:2020-03-16 18:19:49.073790 https://hongxinlijing.fang.com/
Logger:2020-03-16 18:19:52.903953 https://guanlanfuhc.fang.com/
Logger:2020-03-16 18:19:53.256895 https://tengshangaotihuayuantz.fang.com/
Logger:2020-03-16 18:19:55.060108 https://hongxinyujing.fang.com/
Logger:2020-03-16 18:19:55.461070 https://panlongdijing.fang.com/
Logger:2020-03-16 18:19:55.781638 https://datongtianditz.fang.com/
Logger:2020-03-16 18:19:56.106795 https://bishuiyuntianzhongyangchengtz.fang.com/
Logger:2020-03-16 18:19:56.452836 https://antaihuayuantz.fang.com/
Logger:2020-03-16 18:19:56.842483 https://xingmengguojishangchengtz.fang.com/
Logger:2020-03-16 18:19:57.453589 https://xiangsheshuijuntz.fang.com/
Logger:2020-03-16 18:19:57.786723 https://rongchuangyuyuan0632.fang.com/
Logger:2020-03-16 18:20:03.684603 https://lvchengtz.fang.com/
Logger:2020-03-16 18:20:04.033671 https://donghujingdian.fang.com/
Logger:2020-03-16 18:20:06.901602 https://huilonghexiekangchengtz.fang.com/
Logger:2020-03-16 18:20:11.182035 https://zaozhuang.newhouse.fang.com/house/s/b93/
Logger:2020-03-16 18:20:11.667774 https://yuanlanhauyuands.fang.com/
Logger:2020-03-16 18:20:12.082628 https://fuxiangzhuangyuan.fang.com/
Logger:2020-03-16 18:20:14.321242 https://tiankelaizhuangyuanfutz.fang.com/
Logger:2020-03-16 18:20:16.266938 https://tsyhy.fang.com/
Logger:2020-03-16 18:20:18.769049 https://lingxiuchengzx.fang.com/
Logger:2020-03-16 18:20:21.333050 https://ruidamingjun.fang.com/
Logger:2020-03-16 18:20:21.833711 https://runhengxiangshuwan.fang.com/
Logger:2020-03-16 18:20:22.153918 https://wanlongguangc.fang.com/
Logger:2020-03-16 18:20:22.465671 https://daduxiandaicheng.fang.com/
Logger:2020-03-16 18:20:22.865445 https://jinkehengxinjimeitianchen.fang.com/
Logger:2020-03-16 18:20:23.168633 https://shangshanxiyuan.fang.com/
Logger:2020-03-16 18:20:24.049806 https://kairunhuayuan.fang.com/
Logger:2020-03-16 18:20:25.647624 https://jinxiuhuacheng0632.fang.com/
Logger:2020-03-16 18:20:28.141692 https://chengjianqinghuayuantz.fang.com/
Logger:2020-03-16 18:20:28.595477 https://chengjiandongchengguojitz.fang.com/
Logger:2020-03-16 18:20:29.030374 https://fenghuangmingjun.fang.com/
Logger:2020-03-16 18:20:29.354165 https://wanxiangchengtr0632.fang.com/
Logger:2020-03-16 18:20:29.952115 https://jinhuafeicuicheng.fang.com/
Logger:2020-03-16 18:20:31.771806 https://zhongjian1878.fang.com/
Logger:2020-03-16 18:20:33.846512 https://zhongwanguojiguangchangtz.fang.com/
Logger:2020-03-16 18:20:38.014909 https://zaozhuang.newhouse.fang.com/house/s/b94/
Logger:2020-03-16 18:20:40.663213 https://diyijiewz.fang.com/
Logger:2020-03-16 18:20:41.065101 https://shuifalanyuefengcheng.fang.com/
Logger:2020-03-16 18:20:41.412174 https://junchenglongquanwantz.fang.com/
Logger:2020-03-16 18:20:41.930928 https://zhongfangtixiangjuntz.fang.com/
Logger:2020-03-16 18:20:42.287044 https://sanshengxingshangchengtz.fang.com/
Logger:2020-03-16 18:20:43.979034 https://kairunhuayuan.fang.com/2/
Logger:2020-03-16 18:20:44.315488 https://yirunyuan0632.fang.com/
Logger:2020-03-16 18:20:44.927826 https://yuanhangweilaicheng.fang.com/
Logger:2020-03-16 18:20:46.505442 https://jinzuangongguanrd.fang.com/
Logger:2020-03-16 18:20:46.931303 https://jushanhuayuansnds.fang.com/
Logger:2020-03-16 18:20:47.447356 https://xingtengqingshuiwan.fang.com/
Logger:2020-03-16 18:20:49.664375 https://deyijunruichengtz.fang.com/
Logger:2020-03-16 18:20:50.272487 https://ouyacheng.fang.com/
Logger:2020-03-16 18:20:53.343972 https://chengjianweinisi.fang.com/
Logger:2020-03-16 18:20:53.680316 https://zygcsjhy.fang.com/
Logger:2020-03-16 18:20:54.012052 https://yifenghejiayuantz.fang.com/
Logger:2020-03-16 18:20:54.329177 https://meimingguangchangtz.fang.com/
Logger:2020-03-16 18:20:54.721091 https://zhenaishangchengtz.fang.com/
Logger:2020-03-16 18:20:56.148916 https://zheshangchengwz.fang.com/
Logger:2020-03-16 18:20:56.461083 https://xiangzhangyuancj0632.fang.com/
Logger:2020-03-16 18:20:59.761998 https://zaozhuang.newhouse.fang.com/house/s/b95/
Logger:2020-03-16 18:21:00.078045 https://liuyuan0632.fang.com/
Logger:2020-03-16 18:21:01.982700 https://jintaiguojihuayuan.fang.com/
Logger:2020-03-16 18:21:04.012211 https://yiheyuansf2.fang.com/
Logger:2020-03-16 18:21:04.381857 https://pengtaiyingyuetaibgy.fang.com/
Logger:2020-03-16 18:21:04.678598 https://lanyuelongchengsf.fang.com/
Logger:2020-03-16 18:21:05.346811 https://ruiyifuad.fang.com/
Logger:2020-03-16 18:21:05.694062 https://yinyuanshijiafzh.fang.com/
Logger:2020-03-16 18:21:08.513004 https://longtanjingyuanyghy.fang.com/2/
Logger:2020-03-16 18:21:08.828321 https://sainasicheng.fang.com/
Logger:2020-03-16 18:21:09.234233 https://hanjingmingzuo.fang.com/
Logger:2020-03-16 18:21:11.182658 https://moxiangshengfutz.fang.com/
Logger:2020-03-16 18:21:12.101743 https://yulanhuayuansnlc.fang.com/2/
Logger:2020-03-16 18:21:12.431327 https://yizhouxiantanyuan.fang.com/2/
Logger:2020-03-16 18:21:12.827115 https://shunchizhongyanggongguantz.fang.com/
Logger:2020-03-16 18:21:13.147183 https://daonanliza.fang.com/
Logger:2020-03-16 18:21:13.499284 https://jianbangguojicaifuzhongxinyiqitz.fang.com/
Logger:2020-03-16 18:21:13.833346 https://zhongyangtianjie.fang.com/
Logger:2020-03-16 18:21:15.658155 https://luhuguoji20632.fang.com/
Logger:2020-03-16 18:21:16.123322 https://zaozhuang.newhouse.fang.com/house/2413129149.htm
Logger:2020-03-16 18:21:16.464073 https://beidayanglou.fang.com/
Logger:2020-03-16 18:21:20.634304 https://zaozhuang.newhouse.fang.com/house/s/b96/
Logger:2020-03-16 18:21:21.308060 https://jinghuijiayuan0632.fang.com/
Logger:2020-03-16 18:21:22.025671 https://wanshangchenghj.fang.com/
Logger:2020-03-16 18:21:22.358188 https://chenglinjun.fang.com/
Logger:2020-03-16 18:21:22.690283 https://yangguangguojitz.fang.com/
Logger:2020-03-16 18:21:23.330575 https://baotianyizeyuan.fang.com/
Logger:2020-03-16 18:21:23.724517 https://pengtaifeicuiyuntaibgy.fang.com/
Logger:2020-03-16 18:21:25.760998 https://guchenghui.fang.com/
Logger:2020-03-16 18:21:27.668128 https://zhonganmingcuiyuan.fang.com/3/
Logger:2020-03-16 18:21:27.972581 https://chenzhuanghuayuan.fang.com/
Logger:2020-03-16 18:21:28.389466 https://boyuehefu2.fang.com/
Logger:2020-03-16 18:21:28.698699 https://jinyuanzsdsj.fang.com/
Logger:2020-03-16 18:21:29.019806 https://sbsmc.fang.com/
Logger:2020-03-16 18:21:29.331463 https://shuimuqinghuazz.fang.com/
Logger:2020-03-16 18:21:29.959725 https://lvchengfeicuiyuan.fang.com/
Logger:2020-03-16 18:21:32.422881 https://yiheguojiguangchangtz.fang.com/
Logger:2020-03-16 18:21:32.772526 https://hanlinmingyuan0632.fang.com/
Logger:2020-03-16 18:21:34.207782 https://tengzhou.newhouse.fang.com/house/2430790175.htm
Logger:2020-03-16 18:21:36.080705 https://guchengxintiandi.fang.com/
Logger:2020-03-16 18:21:37.962833 https://shimaoshipincheng.fang.com/
Logger:2020-03-16 18:21:39.855770 https://sanshengxingshangcheng.fang.com/shop/
Logger:2020-03-16 18:21:43.160469 https://zaozhuang.newhouse.fang.com/house/s/b97/
Logger:2020-03-16 18:21:43.422804 https://hgxspsc.fang.com/
Logger:2020-03-16 18:21:45.454975 https://jiuzhoushuangchuangpingtai.fang.com/
Logger:2020-03-16 18:21:47.093617 https://sdmswjjcwlg.fang.com/
Logger:2020-03-16 18:21:47.402790 https://hancuiyuantz.fang.com/
Logger:2020-03-16 18:21:47.737896 https://binjiangguojihuayuansanqitz.fang.com/
Logger:2020-03-16 18:21:51.755046 https://zaozhuang.newhouse.fang.com/house/s/b98/
Logger:2020-03-16 18:21:55.485926 https://zaozhuang.newhouse.fang.com/house/s/b99/
Logger:2020-03-16 18:21:59.037948 https://zaozhuang.newhouse.fang.com/house/s/b910/
