Logger:2020-03-16 17:28:51.377367 https://zb.newhouse.fang.com/house/s/b91/
Logger:2020-03-16 17:28:51.754545 https://dongfangxingcheng0533.fang.com/2/
Logger:2020-03-16 17:28:52.156432 https://sijichengzf.fang.com/
Logger:2020-03-16 17:28:52.513476 https://jimeijiayijk.fang.com/
Logger:2020-03-16 17:28:52.884484 https://huayangchenght.fang.com/3/
Logger:2020-03-16 17:28:54.813424 https://shengshikangcheng0533.fang.com/5/
Logger:2020-03-16 17:28:55.223987 https://taoxigu.fang.com/
Logger:2020-03-16 17:28:57.000560 https://mingyuehaoting0533.fang.com/
Logger:2020-03-16 17:28:57.350397 https://yuelanguojihdzb.fang.com/
Logger:2020-03-16 17:28:57.710456 https://baolichengzb.fang.com/1/
Logger:2020-03-16 17:28:58.098397 https://huafubl.fang.com/
Logger:2020-03-16 17:28:58.476142 https://fuliwandaguangchang0533.fang.com/
Logger:2020-03-16 17:28:58.867822 https://hcgjgc0533.fang.com/
Logger:2020-03-16 17:28:59.234425 https://ziyunjizn0533.fang.com/
Logger:2020-03-16 17:28:59.604436 https://junyuefuzn0533.fang.com/
Logger:2020-03-16 17:28:59.969425 https://yuejunjiangshanxc.fang.com/
Logger:2020-03-16 17:29:00.338546 https://sanshenghupan.fang.com/
Logger:2020-03-16 17:29:00.744191 https://jiayichengtt.fang.com/
Logger:2020-03-16 17:29:01.196972 https://qianyuanfu.fang.com/
Logger:2020-03-16 17:29:01.557037 https://hysgdsjxz.fang.com/
Logger:2020-03-16 17:29:01.888738 https://ziboyulantinghd.fang.com/
Logger:2020-03-16 17:29:07.351398 https://zb.newhouse.fang.com/house/s/b92/
Logger:2020-03-16 17:29:07.666956 https://lushangzhongxin0533.fang.com/
Logger:2020-03-16 17:29:09.361570 https://guojigongguangx.fang.com/2/
Logger:2020-03-16 17:29:09.692707 https://shuxiangyuan0533.fang.com/2/
Logger:2020-03-16 17:29:10.061691 https://huishengxinyuanxhyst.fang.com/
Logger:2020-03-16 17:29:10.363883 https://fangzhengzhongxuanyujing.fang.com/
Logger:2020-03-16 17:29:11.738443 https://shimaojinzhoufu.fang.com/
Logger:2020-03-16 17:29:12.042624 https://yihaijiayuan0533.fang.com/
Logger:2020-03-16 17:29:12.454242 https://zijiangfuzn.fang.com/
Logger:2020-03-16 17:29:12.829857 https://zyhlqcclfsm.fang.com/
Logger:2020-03-16 17:29:13.151531 https://tianhongwanxiang.fang.com/
Logger:2020-03-16 17:29:13.493592 https://jimeijunjk0533.fang.com/
Logger:2020-03-16 17:29:13.898077 https://shimaozhongxinmf0533.fang.com/
Logger:2020-03-16 17:29:14.312478 https://linxijunzbhd.fang.com/
Logger:2020-03-16 17:29:14.844070 https://feicuishijiabgy.fang.com/
Logger:2020-03-16 17:29:15.193167 https://xinduhuiwk0533.fang.com/
Logger:2020-03-16 17:29:15.593315 https://jindingdongliuwan.fang.com/
Logger:2020-03-16 17:29:15.969389 https://feicuishuyuanzbwk.fang.com/
Logger:2020-03-16 17:29:16.316077 https://zhengchengpark.fang.com/
Logger:2020-03-16 17:29:16.764876 https://baihehuayuanlc0533.fang.com/
Logger:2020-03-16 17:29:17.142865 https://feicuihuatinghdzb.fang.com/
Logger:2020-03-16 17:29:20.800891 https://zb.newhouse.fang.com/house/s/b93/
Logger:2020-03-16 17:29:22.515123 https://taohuayuanzhumf.fang.com/
Logger:2020-03-16 17:29:22.956915 https://longtingguifumt.fang.com/
Logger:2020-03-16 17:29:23.299057 https://jindinghuajun.fang.com/
Logger:2020-03-16 17:29:23.668441 https://qiyunshaoyuancy.fang.com/
Logger:2020-03-16 17:29:24.183003 https://jiayiguoji0533.fang.com/
Logger:2020-03-16 17:29:26.076886 https://languangyongjinbandao0533.fang.com/
Logger:2020-03-16 17:29:28.214953 https://feiligongguanbgy.fang.com/
Logger:2020-03-16 17:29:28.563290 https://boshanruyuan.fang.com/
Logger:2020-03-16 17:29:28.984323 https://fuyuan0533.fang.com/
Logger:2020-03-16 17:29:29.331349 https://kairuixinyuan2.fang.com/
Logger:2020-03-16 17:29:29.659501 https://jindingshangcheng0533.fang.com/
Logger:2020-03-16 17:29:29.997600 https://mingshihaoting0533.fang.com/
Logger:2020-03-16 17:29:30.437427 https://xiyuan0533.fang.com/
Logger:2020-03-16 17:29:30.795520 https://qirunhuayuan.fang.com/
Logger:2020-03-16 17:29:31.145615 https://ziyuan0533.fang.com/
Logger:2020-03-16 17:29:31.559893 https://hainachengjc.fang.com/
Logger:2020-03-16 17:29:31.916904 https://jimeijiayuejk0533.fang.com/
Logger:2020-03-16 17:29:32.267859 https://hongtaihuayangcheng.fang.com/
Logger:2020-03-16 17:29:32.599009 https://tianxibgyzf.fang.com/
Logger:2020-03-16 17:29:33.004926 https://huaqiaochengzr.fang.com/
Logger:2020-03-16 17:29:36.691676 https://zb.newhouse.fang.com/house/s/b94/
Logger:2020-03-16 17:29:37.014852 https://dongfangzijun.fang.com/
Logger:2020-03-16 17:29:37.367904 https://junlintianxiacs.fang.com/
Logger:2020-03-16 17:29:37.721510 https://chengnanyihao0533.fang.com/
Logger:2020-03-16 17:29:40.227932 https://huangjinguoji.fang.com/
Logger:2020-03-16 17:29:41.709802 https://feilihuyuebgy.fang.com/
Logger:2020-03-16 17:29:42.041668 https://zhongnanyuefu0533.fang.com/
Logger:2020-03-16 17:29:42.440594 https://zhongliangyhy0533.fang.com/
Logger:2020-03-16 17:29:44.301901 https://chunxijizn0533.fang.com/
Logger:2020-03-16 17:29:44.600101 https://xingyuechengxhyst0533.fang.com/
Logger:2020-03-16 17:29:44.995064 https://ziyucheng0533.fang.com/
Logger:2020-03-16 17:29:46.696921 https://shangshangchengxs.fang.com/
Logger:2020-03-16 17:29:47.024079 https://dingchengsenlincheng.fang.com/
Logger:2020-03-16 17:29:47.358777 https://tianyuxinyuan0533.fang.com/
Logger:2020-03-16 17:29:47.730142 https://xinrungongyuanfu.fang.com/
Logger:2020-03-16 17:29:48.050240 https://cyhjgc.fang.com/
Logger:2020-03-16 17:29:50.169195 https://jialandi.fang.com/
Logger:2020-03-16 17:29:50.801001 https://meilicheng0533.fang.com/
Logger:2020-03-16 17:29:51.183009 https://zhongnanxiyue0533.fang.com/
Logger:2020-03-16 17:29:51.569902 https://jinkexuefuzd.fang.com/
Logger:2020-03-16 17:29:52.013714 https://shuijingliyuanzb.fang.com/
Logger:2020-03-16 17:29:55.697964 https://zb.newhouse.fang.com/house/s/b95/
Logger:2020-03-16 17:29:56.091872 https://shenganmeijun.fang.com/
Logger:2020-03-16 17:29:56.566742 https://shuianxincheng0533.fang.com/
Logger:2020-03-16 17:29:56.956979 https://tangyue0533.fang.com/
Logger:2020-03-16 17:29:57.429713 https://shangmeisiqi.fang.com/
Logger:2020-03-16 17:29:57.745905 https://hexiejujr.fang.com/
Logger:2020-03-16 17:29:58.065052 https://yangguangshuiansx.fang.com/
Logger:2020-03-16 17:29:58.419598 https://lanxisainagongguan.fang.com/
Logger:2020-03-16 17:30:00.368729 https://zhongfangdasha0533.fang.com/
Logger:2020-03-16 17:30:00.679886 https://jinfengguoji0533.fang.com/
Logger:2020-03-16 17:30:00.995019 https://yuebanwanqx.fang.com/
Logger:2020-03-16 17:30:08.551991 https://fangzhengfenghuangyuanzhu.fang.com/
Logger:2020-03-16 17:30:08.936983 https://huaqiaochengdao.fang.com/villa/
Logger:2020-03-16 17:30:09.244767 https://lvcheng.fang.com/
Logger:2020-03-16 17:30:09.625315 https://shengjinglanting.fang.com/
Logger:2020-03-16 17:30:10.007325 https://yuefu0533.fang.com/
Logger:2020-03-16 17:30:10.384283 https://feicuidongdiwk0533.fang.com/
Logger:2020-03-16 17:30:10.710411 https://xidihuafu.fang.com/
Logger:2020-03-16 17:30:11.048570 https://hongjiaxingcheng.fang.com/3/
Logger:2020-03-16 17:30:14.020297 https://hengxingjincheng.fang.com/
Logger:2020-03-16 17:30:18.492921 https://yuelanwan0533.fang.com/
Logger:2020-03-16 17:30:24.228921 https://zb.newhouse.fang.com/house/s/b96/
Logger:2020-03-16 17:30:24.568042 https://xingwangjiayuanmt.fang.com/
Logger:2020-03-16 17:30:24.937466 https://lantingyuangb.fang.com/
Logger:2020-03-16 17:30:25.368189 https://shuianmingju0533.fang.com/
Logger:2020-03-16 17:30:25.729927 https://shengshizeyuan.fang.com/
Logger:2020-03-16 17:30:28.798722 https://yuquanwantgh.fang.com/
Logger:2020-03-16 17:30:29.112881 https://zhouheyipin.fang.com/
Logger:2020-03-16 17:30:29.572392 https://wenboyuan0533.fang.com/
Logger:2020-03-16 17:30:37.152305 https://lingshijunmd.fang.com/
Logger:2020-03-16 17:30:37.514300 https://xiangluyuanrc.fang.com/
Logger:2020-03-16 17:30:37.864155 https://minigongguanht.fang.com/
Logger:2020-03-16 17:30:48.796455 https://dongchenghuafu0533.fang.com/2/
Logger:2020-03-16 17:30:49.131615 https://jiuhongdasha.fang.com/
Logger:2020-03-16 17:30:49.418869 https://yunjingwanzbbgy.fang.com/
Logger:2020-03-16 17:30:54.291966 https://shanghuyuyuan.fang.com/
Logger:2020-03-16 17:30:54.725870 https://shenglianzhiyuan.fang.com/
Logger:2020-03-16 17:30:55.041733 https://yuefujyht.fang.com/
Logger:2020-03-16 17:30:55.376595 https://guojigongguangx.fang.com/
Logger:2020-03-16 17:30:55.783143 https://feicuichengbgy0533.fang.com/
Logger:2020-03-16 17:30:56.143113 https://xuefumingyuan0533.fang.com/
Logger:2020-03-16 17:30:56.512164 https://juhengmingdu0533.fang.com/
Logger:2020-03-16 17:31:02.619762 https://zb.newhouse.fang.com/house/s/b97/
Logger:2020-03-16 17:31:03.480430 https://hengjinyonghuafu.fang.com/
Logger:2020-03-16 17:31:03.844424 https://meidahuating.fang.com/3/
Logger:2020-03-16 17:31:04.266800 https://xuefuyayuan0533.fang.com/
Logger:2020-03-16 17:31:10.489515 https://guojigongguankd.fang.com/
Logger:2020-03-16 17:31:10.894472 https://dayuanyinxiangxitai.fang.com/
Logger:2020-03-16 17:31:11.212501 https://qingheju.fang.com/
Logger:2020-03-16 17:31:14.902152 https://dizhonghaiyangguang0533.fang.com/
Logger:2020-03-16 17:31:15.236362 https://zhenyuanlxzx.fang.com/
Logger:2020-03-16 17:31:15.633787 https://jcchunhuayuan.fang.com/
Logger:2020-03-16 17:31:15.953942 https://maoyezhongxin0533.fang.com/
Logger:2020-03-16 17:31:16.231213 https://yuelanshan0533.fang.com/
Logger:2020-03-16 17:31:16.546336 https://huarundasha0533.fang.com/
Logger:2020-03-16 17:31:16.945293 https://chunlinjiayuanqs.fang.com/2/
Logger:2020-03-16 17:31:17.814957 https://yinpengguoji.fang.com/
Logger:2020-03-16 17:31:19.766435 https://tianfuguojizb.fang.com/
Logger:2020-03-16 17:31:20.114481 https://zjzbkjcyy.fang.com/
Logger:2020-03-16 17:31:20.661813 https://jimeitianchenjk0533.fang.com/
Logger:2020-03-16 17:31:20.997061 https://huabanli.fang.com/
Logger:2020-03-16 17:31:21.333163 https://hetangyuesezb.fang.com/
Logger:2020-03-16 17:31:21.662281 https://zhongdedasha.fang.com/
Logger:2020-03-16 17:31:25.376376 https://zb.newhouse.fang.com/house/s/b98/
Logger:2020-03-16 17:31:33.541140 https://kangqiaomingjunjc.fang.com/
Logger:2020-03-16 17:31:33.896191 https://jinxiuzijiang.fang.com/
Logger:2020-03-16 17:31:34.251244 https://jinchengchunheyuan.fang.com/
Logger:2020-03-16 17:31:34.648268 https://hengfenghuayuansm.fang.com/
Logger:2020-03-16 17:31:34.952434 https://weilaigongguanmh.fang.com/
Logger:2020-03-16 17:31:35.303495 https://longquanjiayuanyuejingtai.fang.com/
Logger:2020-03-16 17:31:35.738332 https://haiyuntaizwj.fang.com/
Logger:2020-03-16 17:31:36.117360 https://dongjun0533.fang.com/2/
Logger:2020-03-16 17:31:36.444444 https://feicuizhiguang.fang.com/
Logger:2020-03-16 17:31:36.826019 https://taoyuanxiaozhen.fang.com/
Logger:2020-03-16 17:31:37.114183 https://jiayiguoji0533.fang.com/2/
Logger:2020-03-16 17:31:37.531104 https://tianhufengjing0533.fang.com/
Logger:2020-03-16 17:31:42.424421 https://hongjingyuecheng.fang.com/
Logger:2020-03-16 17:31:45.875169 https://gongyuanshijiasl.fang.com/
Logger:2020-03-16 17:31:46.365536 https://huashanfudi.fang.com/
Logger:2020-03-16 17:31:46.832779 https://nongxinjiayuan.fang.com/
Logger:2020-03-16 17:31:47.174865 https://yujingshanzhuangzb.fang.com/
Logger:2020-03-16 17:31:47.497044 https://qianhongchengyuan.fang.com/
Logger:2020-03-16 17:31:47.839809 https://weinasiwenquanhuayuan.fang.com/
Logger:2020-03-16 17:31:51.531358 https://yinxiangqidu.fang.com/
Logger:2020-03-16 17:31:55.493426 https://zb.newhouse.fang.com/house/s/b99/
Logger:2020-03-16 17:31:55.885293 https://jiahehuayuan0533.fang.com/
Logger:2020-03-16 17:31:56.345043 https://zhongyangyuecheng0533.fang.com/
Logger:2020-03-16 17:31:56.805813 https://dingchengguoji0533.fang.com/
Logger:2020-03-16 17:31:58.162030 https://penghuanhuayucheng.fang.com/
Logger:2020-03-16 17:31:58.512127 https://xinlingyutl.fang.com/
Logger:2020-03-16 17:31:58.842238 https://shangdiguangchang.fang.com/
Logger:2020-03-16 17:31:59.239660 https://sdbfnfcpzhsc.fang.com/
Logger:2020-03-16 17:31:59.561255 https://huanqidasha.fang.com/
Logger:2020-03-16 17:31:59.879852 https://huojuguangchangcy.fang.com/
Logger:2020-03-16 17:32:03.420234 https://yichuangzhongxinzongbudaguan.fang.com/
Logger:2020-03-16 17:32:03.808196 https://tianyue0533.fang.com/
Logger:2020-03-16 17:32:04.814546 https://wenchanghuzh.fang.com/
Logger:2020-03-16 17:32:08.341415 https://zhongdegongyuancheng0533.fang.com/
Logger:2020-03-16 17:32:08.812200 https://bochenshengyuan.fang.com/
Logger:2020-03-16 17:32:09.369958 https://yijiangnanqiyuan.fang.com/
Logger:2020-03-16 17:32:12.698491 https://mingyuguihuayuanly.fang.com/
Logger:2020-03-16 17:32:13.066378 https://ziyuechengty.fang.com/
Logger:2020-03-16 17:32:13.424699 https://shijishangcheng.fang.com/
Logger:2020-03-16 17:32:13.864525 https://zhengyuan0533.fang.com/
Logger:2020-03-16 17:32:17.312582 https://zhengchengmingzhu.fang.com/
Logger:2020-03-16 17:32:20.981908 https://zb.newhouse.fang.com/house/s/b910/
Logger:2020-03-16 17:32:22.385852 https://baiheyuanjh.fang.com/
Logger:2020-03-16 17:32:22.803918 https://zb.newhouse.fang.com/house/2412175825.htm
Logger:2020-03-16 17:32:23.138063 https://jiahejunjing.fang.com/
Logger:2020-03-16 17:32:24.606997 https://shijidongjun0533.fang.com/
Logger:2020-03-16 17:32:24.989949 https://hongjiaxingcheng.fang.com/4/
Logger:2020-03-16 17:32:25.931433 https://yangguangguojixincheng.fang.com/
Logger:2020-03-16 17:32:27.909204 https://suxiangfu.fang.com/
Logger:2020-03-16 17:32:28.206840 https://tianqiguantangfu.fang.com/
Logger:2020-03-16 17:32:28.634698 https://shanchengyihao.fang.com/
Logger:2020-03-16 17:32:30.781381 https://fengtaishangchengguojicqu.fang.com/
Logger:2020-03-16 17:32:31.117199 https://hongjiaxingchengguanlanjiadi.fang.com/
Logger:2020-03-16 17:32:32.757190 https://wanhaohuayuan0533.fang.com/
Logger:2020-03-16 17:32:34.492604 https://taidongcheng.fang.com/
Logger:2020-03-16 17:32:35.355501 https://rundedasha0533.fang.com/
Logger:2020-03-16 17:32:35.704611 https://zhongouguojidasha.fang.com/
Logger:2020-03-16 17:32:36.015818 https://caifutaocichengzgzb.fang.com/
Logger:2020-03-16 17:32:36.428828 https://qiluguojisuhuacheng.fang.com/
Logger:2020-03-16 17:32:36.821301 https://xiangxiejujr.fang.com/
Logger:2020-03-16 17:32:37.144419 https://shangwuzhongxinlshp.fang.com/
Logger:2020-03-16 17:32:39.379081 https://linzixingjie.fang.com/
Logger:2020-03-16 17:32:43.102029 https://zb.newhouse.fang.com/house/s/b911/
Logger:2020-03-16 17:32:43.389306 https://shuiyunkangting.fang.com/
Logger:2020-03-16 17:32:44.822111 https://fuchenghuayuanny.fang.com/
Logger:2020-03-16 17:32:45.231017 https://huaruizhoujizhongxin.fang.com/
Logger:2020-03-16 17:32:45.852355 https://sdwzgjjjblc.fang.com/
Logger:2020-03-16 17:32:46.343852 https://gongyuanlicd.fang.com/
Logger:2020-03-16 17:32:46.827593 https://dianzishangwuganglz.fang.com/
Logger:2020-03-16 17:32:47.275429 https://zgzbhylgwlg.fang.com/
Logger:2020-03-16 17:32:48.514042 https://xingyijiajiajuhxmkl.fang.com/
Logger:2020-03-16 17:32:48.957220 https://lixiangchengml.fang.com/
Logger:2020-03-16 17:32:49.329783 https://dashunhuayuan0533.fang.com/
Logger:2020-03-16 17:32:49.773612 https://taikunkaigang.fang.com/
Logger:2020-03-16 17:32:50.175508 https://yuxinmingzhen.fang.com/
Logger:2020-03-16 17:32:53.864951 https://zb.newhouse.fang.com/house/s/b912/
Logger:2020-03-16 17:32:59.215722 https://zb.newhouse.fang.com/house/s/b913/
Logger:2020-03-16 17:33:02.763460 https://zb.newhouse.fang.com/house/s/b914/
