Logger:2020-03-16 00:08:29.504952 https://zh.newhouse.fang.com/house/s/b91/
Logger:2020-03-16 00:08:29.771120 https://hongshudongan0756.fang.com/
Logger:2020-03-16 00:08:30.052405 https://yonghuafuzs0756.fang.com/
Logger:2020-03-16 00:08:31.766746 https://wanxiangshijiehq0756.fang.com/
Logger:2020-03-16 00:08:32.110055 https://tianjulh.fang.com/
Logger:2020-03-16 00:08:32.438483 https://952692.fang.com/
Logger:2020-03-16 00:08:32.715555 https://moligongguanbl0756.fang.com/
Logger:2020-03-16 00:08:32.964777 https://yiyunhuafuzs0756.fang.com/
Logger:2020-03-16 00:08:33.262206 https://yuefengjzy0756.fang.com/
Logger:2020-03-16 00:08:33.645669 https://k2lizhiwan0756.fang.com/
Logger:2020-03-16 00:08:34.739312 https://youyichenghf0756.fang.com/
Logger:2020-03-16 00:08:35.067032 https://shirongshangguanhuayuan.fang.com/
Logger:2020-03-16 00:08:35.301860 https://cuihuxiangshanjzlc.fang.com/
Logger:2020-03-16 00:08:35.583027 https://hengjixicheng.fang.com/
Logger:2020-03-16 00:08:35.863980 https://wankediwuyuan0756.fang.com/
Logger:2020-03-16 00:08:36.145537 https://haiquanwanshiguangxu.fang.com/
Logger:2020-03-16 00:08:36.411115 https://zhonghaixingzhu.fang.com/
Logger:2020-03-16 00:08:36.691648 https://zhuhaifulizhongxin.fang.com/
Logger:2020-03-16 00:08:37.051572 https://jianfayangjing.fang.com/
Logger:2020-03-16 00:08:37.363283 https://haiwanyihaobgyhf.fang.com/
Logger:2020-03-16 00:08:37.644903 https://huchengdajinglhlg.fang.com/
Logger:2020-03-16 00:08:40.947556 https://zh.newhouse.fang.com/house/s/b92/
Logger:2020-03-16 00:08:41.197030 https://haiquanwanhuayuanhd.fang.com/
Logger:2020-03-16 00:08:41.493836 https://tianhegaocengjzbl.fang.com/
Logger:2020-03-16 00:08:41.790721 https://huafafengshang.fang.com/
Logger:2020-03-16 00:08:42.056328 https://binhaitianjibgyhf.fang.com/
Logger:2020-03-16 00:08:42.337386 https://xiangzhoufubgyhf.fang.com/
Logger:2020-03-16 00:08:42.649812 https://aoyuantianyuewan.fang.com/
Logger:2020-03-16 00:08:42.993480 https://shangwuzhongxinljxyh.fang.com/
Logger:2020-03-16 00:08:43.274711 https://xinghechuanqi0756.fang.com/
Logger:2020-03-16 00:08:43.551678 https://guojishangwuzhongxinhf0756.fang.com/
Logger:2020-03-16 00:08:43.864862 https://jianfaxiyuan0756.fang.com/
Logger:2020-03-16 00:08:44.130019 https://shuianhuaduhuayuan.fang.com/
Logger:2020-03-16 00:08:44.380096 https://huanyuchengzh0756.fang.com/
Logger:2020-03-16 00:08:44.629548 https://rongchuangyunshuiguantanghuayuan.fang.com/
Logger:2020-03-16 00:08:44.957643 https://youpaiguangchangfl.fang.com/
Logger:2020-03-16 00:08:46.410893 https://longguangjiuyuwan0756.fang.com/
Logger:2020-03-16 00:08:46.707225 https://longyuebgy0756.fang.com/
Logger:2020-03-16 00:08:46.942160 https://guojiguangchangbl0756.fang.com/
Logger:2020-03-16 00:08:47.223217 https://aoyuantianyueguangchang.fang.com/
Logger:2020-03-16 00:08:47.488968 https://haiyuetianjingbgybl.fang.com/
Logger:2020-03-16 00:08:49.258766 https://yijinggongguanzy0756.fang.com/
Logger:2020-03-16 00:08:52.867288 https://zh.newhouse.fang.com/house/s/b93/
Logger:2020-03-16 00:08:53.117230 https://shidaishuian0756.fang.com/
Logger:2020-03-16 00:08:53.930184 https://xianghailihlb0756.fang.com/
Logger:2020-03-16 00:08:55.539257 https://rongchuangyunshuiguanjinghuayuan.fang.com/
Logger:2020-03-16 00:08:55.819717 https://zhongyangguangchangth0756.fang.com/
Logger:2020-03-16 00:08:56.101224 https://zhongtiejinhailanting.fang.com/
Logger:2020-03-16 00:08:56.335221 https://jiazhaoyejinyuduhui0756.fang.com/
Logger:2020-03-16 00:08:56.606867 https://dongxihui0756.fang.com/
Logger:2020-03-16 00:08:56.841101 https://xiangluwan.fang.com/
Logger:2020-03-16 00:08:57.137525 https://huafayuefu.fang.com/
Logger:2020-03-16 00:08:57.387422 https://juxinghui.fang.com/
Logger:2020-03-16 00:08:57.621744 https://guiyuxiangshanytlc0756.fang.com/
Logger:2020-03-16 00:08:57.887306 https://gelihaian.fang.com/
Logger:2020-03-16 00:08:58.215455 https://dongfangrunyuan0756.fang.com/
Logger:2020-03-16 00:08:58.493240 https://feicuizhongyangwk.fang.com/
Logger:2020-03-16 00:08:58.779439 https://renhengbinhaibandao.fang.com/
Logger:2020-03-16 00:08:59.091638 https://yishanjunhf.fang.com/
Logger:2020-03-16 00:08:59.528619 https://shidaiduhuidajing.fang.com/
Logger:2020-03-16 00:08:59.809751 https://hengdajunrui0756.fang.com/
Logger:2020-03-16 00:09:00.091681 https://jiahechengdl.fang.com/
Logger:2020-03-16 00:09:00.419273 https://guojihuayuanyjl0756.fang.com/
Logger:2020-03-16 00:09:04.072872 https://zh.newhouse.fang.com/house/s/b94/
Logger:2020-03-16 00:09:04.322124 https://lingxiuchengyihao.fang.com/
Logger:2020-03-16 00:09:04.609578 https://zhenwanguojibgy.fang.com/
Logger:2020-03-16 00:09:04.875696 https://zhonghuanguangchangsdbl0756.fang.com/
Logger:2020-03-16 00:09:05.187567 https://guojijinrongzhongxinzj.fang.com/
Logger:2020-03-16 00:09:05.453673 https://leerjuhuayuan.fang.com/
Logger:2020-03-16 00:09:05.749987 https://shidaitianyun.fang.com/
Logger:2020-03-16 00:09:07.391180 https://cuihuxiangshanbaiheyuan.fang.com/
Logger:2020-03-16 00:09:07.679609 https://longguangjiulongshan0756.fang.com/
Logger:2020-03-16 00:09:07.945665 https://dadeshimaoguangchang.fang.com/
Logger:2020-03-16 00:09:08.211085 https://jiulonghulg0756.fang.com/
Logger:2020-03-16 00:09:08.492167 https://jiangshanhuihy.fang.com/
Logger:2020-03-16 00:09:11.382443 https://pingshajiuhao.fang.com/
Logger:2020-03-16 00:09:11.647286 https://jianfayuexi.fang.com/
Logger:2020-03-16 00:09:11.897959 https://154972.fang.com/
Logger:2020-03-16 00:09:12.209999 https://zhongyangguangchanggw0756.fang.com/
Logger:2020-03-16 00:09:12.475298 https://zhuguangxincheng.fang.com/3/
Logger:2020-03-16 00:09:12.746159 https://huxinlihlb0756.fang.com/
Logger:2020-03-16 00:09:13.043013 https://yujinshanjzy.fang.com/4/
Logger:2020-03-16 00:09:13.339791 https://hengqinhuafaguangchang.fang.com/
Logger:2020-03-16 00:09:13.616896 https://jinliwanlt.fang.com/
Logger:2020-03-16 00:09:17.159424 https://zh.newhouse.fang.com/house/s/b95/
Logger:2020-03-16 00:09:17.409644 https://longfujingdou.fang.com/office/
Logger:2020-03-16 00:09:17.675102 https://yuyayuanhl.fang.com/
Logger:2020-03-16 00:09:17.971598 https://aoyuanjinniwan.fang.com/
Logger:2020-03-16 00:09:18.268404 https://fengjingwanhf.fang.com/
Logger:2020-03-16 00:09:18.647831 https://aoyuantianchengfengjing.fang.com/
Logger:2020-03-16 00:09:18.929576 https://xurihaian.fang.com/
Logger:2020-03-16 00:09:19.225818 https://jiuzhoudao.fang.com/
Logger:2020-03-16 00:09:19.522841 https://zhonghanghuayuan0756.fang.com/
Logger:2020-03-16 00:09:19.804262 https://chengfengyayuan.fang.com/
Logger:2020-03-16 00:09:20.116233 https://shihua66haowk0756.fang.com/
Logger:2020-03-16 00:09:21.794037 https://zhongguotiejianhuxingongguan.fang.com/
Logger:2020-03-16 00:09:22.059663 https://huafachengjiansijibandao.fang.com/
Logger:2020-03-16 00:09:22.340354 https://jiulongxilg0756.fang.com/
Logger:2020-03-16 00:09:22.637562 https://jiangshanfusd0756.fang.com/
Logger:2020-03-16 00:09:22.950098 https://cuihuyuansr0756.fang.com/2/
Logger:2020-03-16 00:09:23.230768 https://shirongzuopinyihao.fang.com/
Logger:2020-03-16 00:09:23.507044 https://nuodeguojihuayuanzt.fang.com/
Logger:2020-03-16 00:09:23.851341 https://shidaizhongyanggongyuan.fang.com/
Logger:2020-03-16 00:09:24.085547 https://pingshajiuhaoguangchang.fang.com/
Logger:2020-03-16 00:09:24.366760 https://shidaiqingcheng0756.fang.com/5/
Logger:2020-03-16 00:09:28.187572 https://zh.newhouse.fang.com/house/s/b96/
Logger:2020-03-16 00:09:28.429986 https://hengqinguangchuang.fang.com/
Logger:2020-03-16 00:09:28.685354 https://aoyuanhangkongxuefu.fang.com/
Logger:2020-03-16 00:09:28.950834 https://jinrongzhongxinzd.fang.com/
Logger:2020-03-16 00:09:29.201530 https://fangdachengdaxia.fang.com/
Logger:2020-03-16 00:09:29.545176 https://xianghaiyihao.fang.com/
Logger:2020-03-16 00:09:29.810050 https://hengqincaifuzhongxin.fang.com/
Logger:2020-03-16 00:09:30.059982 https://langting0756.fang.com/
Logger:2020-03-16 00:09:30.341573 https://zhongguohuarongdasha.fang.com/
Logger:2020-03-16 00:09:30.669178 https://shuangruicanglongwan.fang.com/
Logger:2020-03-16 00:09:30.934791 https://binhaizhongxinrh.fang.com/
Logger:2020-03-16 00:09:31.216639 https://huafashanzhuang.fang.com/
Logger:2020-03-16 00:09:31.513484 https://lvyangwanhf.fang.com/
Logger:2020-03-16 00:09:31.825197 https://gelinbolejd.fang.com/
Logger:2020-03-16 00:09:32.106563 https://huafasijifengjing.fang.com/
Logger:2020-03-16 00:09:32.372658 https://guojihaianhf.fang.com/
Logger:2020-03-16 00:09:34.848868 https://jinghuajiariwan.fang.com/
Logger:2020-03-16 00:09:35.130348 https://shuimolantinghy.fang.com/
Logger:2020-03-16 00:09:36.854607 https://chunnuanhuakai0756.fang.com/
Logger:2020-03-16 00:09:38.990593 https://shidaiqingcheng0756.fang.com/5/
Logger:2020-03-16 00:09:39.303299 https://zhongguotiejianguojicheng0756.fang.com/
Logger:2020-03-16 00:09:42.895921 https://zh.newhouse.fang.com/house/s/b97/
Logger:2020-03-16 00:09:43.145861 https://chengshidongan.fang.com/
Logger:2020-03-16 00:09:43.427495 https://atmguojigongguanmy.fang.com/
Logger:2020-03-16 00:09:43.723849 https://155184.fang.com/
Logger:2020-03-16 00:09:45.230355 https://chengshiguangchangmt0756.fang.com/
Logger:2020-03-16 00:09:47.017621 https://senyufutongshangwudasha.fang.com/
Logger:2020-03-16 00:09:47.267779 https://zhuofanzhongxin.fang.com/
Logger:2020-03-16 00:09:47.533393 https://xihuyijingyuan.fang.com/2/
Logger:2020-03-16 00:09:47.831576 https://jinxiuhaiwancheng.fang.com/
Logger:2020-03-16 00:09:48.112361 https://aolinparkbgy.fang.com/
Logger:2020-03-16 00:09:48.347176 https://huijingchangyuan.fang.com/
Logger:2020-03-16 00:09:48.632910 https://tangjiashuzy.fang.com/
Logger:2020-03-16 00:09:48.866889 https://huijingheyuan0756.fang.com/
Logger:2020-03-16 00:09:49.132384 https://qlwyhwl.fang.com/
Logger:2020-03-16 00:09:49.460721 https://yuelanshan0756.fang.com/
Logger:2020-03-16 00:09:49.757960 https://linglongfu0756.fang.com/
Logger:2020-03-16 00:09:50.022866 https://jbljdhahy.fang.com/
Logger:2020-03-16 00:09:50.257303 https://aygcgjcps.fang.com/
Logger:2020-03-16 00:09:50.491793 https://shengshiguojiguangchangzy.fang.com/
Logger:2020-03-16 00:09:50.788234 https://yijingmingting.fang.com/
Logger:2020-03-16 00:09:51.038322 https://zhongguotiejiandasha0756.fang.com/
Logger:2020-03-16 00:09:54.587601 https://zh.newhouse.fang.com/house/s/b98/
Logger:2020-03-16 00:09:54.821847 https://zhonghainanhangwanquguoji.fang.com/
Logger:2020-03-16 00:09:55.071869 https://shidaiguangchangytc.fang.com/
Logger:2020-03-16 00:09:55.352889 https://zhuaoguangchang.fang.com/
Logger:2020-03-16 00:09:55.602268 https://yihaoyuancf.fang.com/
Logger:2020-03-16 00:09:58.414395 https://shanhuhaijiandesd.fang.com/
Logger:2020-03-16 00:09:58.711238 https://jiulongwanlg0756.fang.com/
Logger:2020-03-16 00:09:59.023626 https://chengshixiguhr.fang.com/
Logger:2020-03-16 00:10:02.555291 https://ziyueshanty.fang.com/
Logger:2020-03-16 00:10:02.789611 https://wanquyihaohq.fang.com/
Logger:2020-03-16 00:10:03.086421 https://qinhaiwanhr.fang.com/
Logger:2020-03-16 00:10:03.368294 https://155322.fang.com/
Logger:2020-03-16 00:10:03.649263 https://yumingdu.fang.com/
Logger:2020-03-16 00:10:03.961210 https://weilangongguan0756.fang.com/
Logger:2020-03-16 00:10:04.258014 https://xzbwhyj0756.fang.com/
Logger:2020-03-16 00:10:04.524153 https://jinxiusijihuayuan.fang.com/
Logger:2020-03-16 00:10:04.773516 https://jiulongzhongxinsy0756.fang.com/
Logger:2020-03-16 00:10:10.424497 https://155314.fang.com/
Logger:2020-03-16 00:10:10.737634 https://huafuguojihuayuan.fang.com/2/
Logger:2020-03-16 00:10:11.002566 https://haoyitianlan.fang.com/
Logger:2020-03-16 00:10:11.252939 https://wendeguangchang2.fang.com/
Logger:2020-03-16 00:10:14.524105 https://zh.newhouse.fang.com/house/s/b99/
Logger:2020-03-16 00:10:17.374817 https://yuhaiguojiguangchang.fang.com/
Logger:2020-03-16 00:10:17.658291 https://shengnuoguoji.fang.com/
Logger:2020-03-16 00:10:17.939746 https://155340.fang.com/
Logger:2020-03-16 00:10:18.189416 https://hengqinnanguangdasha.fang.com/
Logger:2020-03-16 00:10:18.470599 https://iscshouzuogzo.fang.com/
Logger:2020-03-16 00:10:22.048602 https://jinhuiguojiguangchang0756.fang.com/
Logger:2020-03-16 00:10:24.284277 https://zhongbaoilifang.fang.com/
Logger:2020-03-16 00:10:26.336378 https://shidaidashazs.fang.com/
Logger:2020-03-16 00:10:26.632463 https://155066.fang.com/
Logger:2020-03-16 00:10:30.022287 https://putihai0756.fang.com/
Logger:2020-03-16 00:10:30.288365 https://xingjiguangchanglsd.fang.com/
Logger:2020-03-16 00:10:33.726769 https://chuangyeyuanxingzhenggongguanzhpy.fang.com/
Logger:2020-03-16 00:10:33.992805 https://dongfangshuwz.fang.com/
Logger:2020-03-16 00:10:34.335966 https://zhenwanshuwk.fang.com/
Logger:2020-03-16 00:10:34.601893 https://155016.fang.com/
Logger:2020-03-16 00:10:34.882782 https://jiuyuewanty0756.fang.com/
Logger:2020-03-16 00:10:35.210738 https://guangyindaduhui0756.fang.com/
Logger:2020-03-16 00:10:35.523862 https://jiulonghuilg0756.fang.com/
Logger:2020-03-16 00:10:35.819993 https://xihuayuan0756.fang.com/
Logger:2020-03-16 00:10:36.086000 https://fengjingmingyuanhf.fang.com/
Logger:2020-03-16 00:10:39.663510 https://zh.newhouse.fang.com/house/s/b910/
Logger:2020-03-16 00:10:39.912733 https://panshanyuhai0756.fang.com/
Logger:2020-03-16 00:10:40.178376 https://jiazhaoyejunhuishangpin0756.fang.com/
Logger:2020-03-16 00:10:42.372150 https://detaihuating.fang.com/
Logger:2020-03-16 00:10:42.621380 https://fangyuanyuedaoshoufu.fang.com/
Logger:2020-03-16 00:10:42.949836 https://jingandaguansr.fang.com/
Logger:2020-03-16 00:10:43.246276 https://huafayungu.fang.com/
Logger:2020-03-16 00:10:43.790100 https://guanshanhaiay.fang.com/
Logger:2020-03-16 00:10:44.071476 https://xiaojiangchuanyayuan.fang.com/
Logger:2020-03-16 00:10:46.264420 https://155070.fang.com/
Logger:2020-03-16 00:10:48.973266 https://jinmaozuobiaohq0756.fang.com/
Logger:2020-03-16 00:10:49.223843 https://siyueyungu.fang.com/
Logger:2020-03-16 00:10:50.848157 https://wanquxingzuo0756.fang.com/
Logger:2020-03-16 00:10:53.235263 https://xinghangangwanguoji.fang.com/
Logger:2020-03-16 00:10:53.470239 https://chengfengliyuan.fang.com/
Logger:2020-03-16 00:10:53.774754 https://154922.fang.com/
Logger:2020-03-16 00:10:54.102056 https://155026.fang.com/
Logger:2020-03-16 00:10:59.157824 https://155236.fang.com/
Logger:2020-03-16 00:10:59.455368 https://guojiguangchangbjd0756.fang.com/
Logger:2020-03-16 00:10:59.720404 https://155412.fang.com/
Logger:2020-03-16 00:11:01.829274 https://155408.fang.com/
Logger:2020-03-16 00:11:05.100889 https://zh.newhouse.fang.com/house/s/b911/
Logger:2020-03-16 00:11:05.319376 https://155216.fang.com/
Logger:2020-03-16 00:11:05.647776 https://xushengwenhuaguangchang.fang.com/
Logger:2020-03-16 00:11:05.912736 https://155226.fang.com/
Logger:2020-03-16 00:11:06.225163 https://huafaguangchang.fang.com/
Logger:2020-03-16 00:11:06.459482 https://zhonganshijiguangchang.fang.com/
Logger:2020-03-16 00:11:06.725798 https://huishengshangmaodalou.fang.com/
Logger:2020-03-16 00:11:10.224219 https://zh.newhouse.fang.com/house/s/b912/
Logger:2020-03-16 00:11:13.803944 https://zh.newhouse.fang.com/house/s/b913/
Logger:2020-03-16 00:11:17.616063 https://zh.newhouse.fang.com/house/s/b914/
