Logger:2020-03-16 08:26:54.932087 https://zhangye.newhouse.fang.com/house/s/b91/
Logger:2020-03-16 08:27:00.638163 https://shimaodashazy.fang.com/
Logger:2020-03-16 08:27:00.950422 https://151482.fang.com/
Logger:2020-03-16 08:27:01.231912 https://deheyuan.fang.com/
Logger:2020-03-16 08:27:01.496981 https://yushulongwanzhangye.fang.com/
Logger:2020-03-16 08:27:06.075048 https://shunxiangmingyuan.fang.com/
Logger:2020-03-16 08:27:11.503267 https://zhangye.newhouse.fang.com/house/3720151470.htm
Logger:2020-03-16 08:27:11.769538 https://shengshijinyuan0936.fang.com/
Logger:2020-03-16 08:27:16.606465 https://gaotairuyixinyuan.fang.com/
Logger:2020-03-16 08:27:17.934050 https://huangtingguoji.fang.com/
Logger:2020-03-16 08:27:18.231062 https://binhexiaozhen2qizhangye.fang.com/
Logger:2020-03-16 08:27:18.527660 https://hengchanghuafu0936.fang.com/
Logger:2020-03-16 08:27:18.793930 https://dongchenruijing0936.fang.com/
Logger:2020-03-16 08:27:21.732216 https://nongkenxihuayuan.fang.com/
Logger:2020-03-16 08:27:24.701920 https://tianweiguojigt.fang.com/
Logger:2020-03-16 08:27:30.121812 https://zyjinxiunanyuan.fang.com/
Logger:2020-03-16 08:27:30.450280 https://jinanrunyuan.fang.com/
Logger:2020-03-16 08:27:30.716048 https://xinyuehu0936.fang.com/
Logger:2020-03-16 08:27:31.965486 https://jinyangfudi.fang.com/
Logger:2020-03-16 08:27:32.293173 https://zhongyanggongyuanhengjia.fang.com/
Logger:2020-03-16 08:27:32.574845 https://meilianguoji.fang.com/
Logger:2020-03-16 08:27:36.202733 https://zhangye.newhouse.fang.com/house/s/b92/
Logger:2020-03-16 08:27:36.467724 https://xinchenshangpinzy.fang.com/
Logger:2020-03-16 08:27:41.232261 https://hongxingguangchang.fang.com/
Logger:2020-03-16 08:27:43.167727 https://shengshijinyuanyiqi.fang.com/
Logger:2020-03-16 08:27:43.448975 https://lvzhoujiayuan0936.fang.com/
Logger:2020-03-16 08:27:43.699128 https://runzetingyuan.fang.com/
Logger:2020-03-16 08:27:43.980473 https://gongyuandao1haozy.fang.com/
Logger:2020-03-16 08:27:44.245677 https://gongyuwenxinjiayuan.fang.com/
Logger:2020-03-16 08:27:46.014943 https://huadafengzeyuan.fang.com/
Logger:2020-03-16 08:27:50.403797 https://zihaojiayuan0936.fang.com/
Logger:2020-03-16 08:27:54.747755 https://yijingjiayuan0936.fang.com/
Logger:2020-03-16 08:27:55.060918 https://beibuwanjiayuan.fang.com/
Logger:2020-03-16 08:27:55.310805 https://beixinshidai.fang.com/
Logger:2020-03-16 08:27:57.012891 https://herunshangmaoguangchang.fang.com/
Logger:2020-03-16 08:27:57.231958 https://danmashangyejie.fang.com/
Logger:2020-03-16 08:27:58.793977 https://silujiangnanshengtaiguzhen.fang.com/
Logger:2020-03-16 08:28:02.381251 https://zhangye.newhouse.fang.com/house/s/b93/
Logger:2020-03-16 08:28:05.841705 https://zhangye.newhouse.fang.com/house/s/b94/
Logger:2020-03-16 08:28:09.435319 https://zhangye.newhouse.fang.com/house/s/b95/
