Logger:2020-03-16 18:36:42.472078 https://zhangqiu.newhouse.fang.com/house/s/b91/
Logger:2020-03-16 18:36:42.810213 https://bojingwanzj0531.fang.com/
Logger:2020-03-16 18:36:43.308135 https://shimaoyunjin0531.fang.com/
Logger:2020-03-16 18:36:43.688797 https://haixinpanshan.fang.com/
Logger:2020-03-16 18:36:44.057834 https://hongchengguojiguangchang0531.fang.com/
Logger:2020-03-16 18:36:44.444775 https://jiangshanyipin0531.fang.com/
Logger:2020-03-16 18:36:45.047741 https://jiulongfuzq.fang.com/
Logger:2020-03-16 18:36:45.405493 https://laimenghuzq.fang.com/
Logger:2020-03-16 18:36:45.779266 https://shengtaichengnd.fang.com/
Logger:2020-03-16 18:36:46.154286 https://taiyueshengjing.fang.com/
Logger:2020-03-16 18:36:46.495352 https://lhlhhlwcyysd.fang.com/
Logger:2020-03-16 18:36:46.938472 https://shangchengssqc.fang.com/
Logger:2020-03-16 18:36:47.363724 https://mingdefuzk.fang.com/
Logger:2020-03-16 18:36:47.722724 https://puyuefuss.fang.com/
Logger:2020-03-16 18:36:48.101674 https://zhongguozhongtienuodemingcheng.fang.com/
Logger:2020-03-16 18:36:48.411053 https://qingzhaofurc.fang.com/
Logger:2020-03-16 18:36:48.788036 https://longquanguojiguangchang.fang.com/
Logger:2020-03-16 18:36:49.074340 https://zhonglufu.fang.com/
Logger:2020-03-16 18:36:49.421998 https://zqqsyp.fang.com/
Logger:2020-03-16 18:36:49.744094 https://nuodemingfu.fang.com/
Logger:2020-03-16 18:36:50.454148 https://shuxianghuafuzm.fang.com/
Logger:2020-03-16 18:36:54.670728 https://zhangqiu.newhouse.fang.com/house/s/b92/
Logger:2020-03-16 18:36:55.004875 https://yuquanwanxy.fang.com/
Logger:2020-03-16 18:36:55.439671 https://yuelongtaijnhd.fang.com/
Logger:2020-03-16 18:36:55.770829 https://jinyuemingzhuzt.fang.com/
Logger:2020-03-16 18:36:56.153309 https://guofengyuanshusm.fang.com/
Logger:2020-03-16 18:36:56.588095 https://huaqiaochengchunshuian.fang.com/
Logger:2020-03-16 18:37:02.367412 https://stsjzq.fang.com/
Logger:2020-03-16 18:37:02.686608 https://jinmengxuanhuayuan12.fang.com/
Logger:2020-03-16 18:37:03.008676 https://hupanyueshanxchc.fang.com/
Logger:2020-03-16 18:37:04.381156 https://shandonggaosulvchengyulanhuayuan.fang.com/
Logger:2020-03-16 18:37:05.984039 https://bgyfhceq.fang.com/
Logger:2020-03-16 18:37:06.287905 https://zhangqiuqljq.fang.com/
Logger:2020-03-16 18:37:06.649229 https://zqtaiwanbuyecheng.fang.com/
Logger:2020-03-16 18:37:07.045175 https://bgyfhc1.fang.com/
Logger:2020-03-16 18:37:07.388295 https://baonengchengjn.fang.com/
Logger:2020-03-16 18:37:07.735359 https://lvchengbaihehuayuanzk.fang.com/
Logger:2020-03-16 18:37:08.108982 https://guoyueruifu.fang.com/
Logger:2020-03-16 18:37:08.518179 https://mingshiguandi0531.fang.com/
Logger:2020-03-16 18:37:10.243578 https://quanshanshengjing.fang.com/
Logger:2020-03-16 18:37:10.569496 https://zqlqyh.fang.com/
Logger:2020-03-16 18:37:10.891171 https://puyuewanss0531.fang.com/
Logger:2020-03-16 18:37:15.033157 https://zhangqiu.newhouse.fang.com/house/s/b93/
Logger:2020-03-16 18:37:15.335349 https://junyuhuafulg0531.fang.com/
Logger:2020-03-16 18:37:15.677435 https://tyssgjzq.fang.com/
Logger:2020-03-16 18:37:16.006390 https://shannengzhicheng.fang.com/
Logger:2020-03-16 18:37:16.701756 https://jinxiuhuafuzq0531.fang.com/
Logger:2020-03-16 18:37:17.033806 https://longshandongyuan.fang.com/
Logger:2020-03-16 18:37:17.383896 https://zhangqiufutaixinducheng.fang.com/
Logger:2020-03-16 18:37:17.767843 https://longshanjinguds.fang.com/
Logger:2020-03-16 18:37:18.136541 https://ssqcnczq.fang.com/
Logger:2020-03-16 18:37:18.458662 https://baimaiyuefu.fang.com/
Logger:2020-03-16 18:37:18.903471 https://zqyamj.fang.com/
Logger:2020-03-16 18:37:21.202766 https://176219.fang.com/
Logger:2020-03-16 18:37:21.600448 https://qingyunshanzhuang0531.fang.com/
Logger:2020-03-16 18:37:22.065262 https://jiaxingtianchengzhangqiu.fang.com/
Logger:2020-03-16 18:37:22.639020 https://sanjianxuefu.fang.com/
Logger:2020-03-16 18:37:23.038980 https://cjjxyzq.fang.com/
Logger:2020-03-16 18:37:23.352110 https://lcxzzygg.fang.com/
Logger:2020-03-16 18:37:23.683254 https://huagangshijicheng.fang.com/
Logger:2020-03-16 18:37:23.999956 https://shengtaichenghj.fang.com/
Logger:2020-03-16 18:37:26.084636 https://yongdamingzhuhuayuan.fang.com/
Logger:2020-03-16 18:37:26.398664 https://zgtjmsxs1.fang.com/
Logger:2020-03-16 18:37:30.422661 https://zhangqiu.newhouse.fang.com/house/s/b94/
Logger:2020-03-16 18:37:30.748788 https://zhangqiulongyuancheng.fang.com/
Logger:2020-03-16 18:37:31.166151 https://dongchenghuayuanzhangqiu.fang.com/
Logger:2020-03-16 18:37:31.503922 https://xinshijiqinghuayuan.fang.com/
Logger:2020-03-16 18:37:31.844345 https://jryhyeq.fang.com/
Logger:2020-03-16 18:37:32.249254 https://chengjianjingyuan.fang.com/
Logger:2020-03-16 18:37:32.767135 https://zqghry.fang.com/
Logger:2020-03-16 18:37:33.254766 https://zqlmhzq.fang.com/
Logger:2020-03-16 18:37:33.614801 https://lsj1.fang.com/
Logger:2020-03-16 18:37:33.907046 https://longshanshangyuan0531.fang.com/
Logger:2020-03-16 18:37:35.414632 https://lwyjzq.fang.com/
Logger:2020-03-16 18:37:36.467874 https://longshanjunzhangqiu.fang.com/
Logger:2020-03-16 18:37:36.782997 https://zhangqiutyysy.fang.com/
Logger:2020-03-16 18:37:37.105036 https://longtingxuefuzhangqiu.fang.com/
Logger:2020-03-16 18:37:37.416464 https://longshanjun.fang.com/
Logger:2020-03-16 18:37:37.830364 https://chengjianwenyuan.fang.com/
Logger:2020-03-16 18:37:39.453978 https://shanshuiquancheng.fang.com/
Logger:2020-03-16 18:37:39.772206 https://zhangqiulngg.fang.com/
Logger:2020-03-16 18:37:40.095454 https://yqsj1.fang.com/
Logger:2020-03-16 18:37:40.471446 https://cailiaokexuechengfdkc.fang.com/
Logger:2020-03-16 18:37:40.735739 https://zhongbaixincailiaochanyeyuan.fang.com/
Logger:2020-03-16 18:37:44.434495 https://zhangqiu.newhouse.fang.com/house/s/b95/
Logger:2020-03-16 18:37:44.697793 https://zklpsjy.fang.com/
Logger:2020-03-16 18:37:45.048270 https://dayouzhongxin.fang.com/
Logger:2020-03-16 18:37:45.395342 https://jytzgc.fang.com/
Logger:2020-03-16 18:37:45.712493 https://zqdongfengjiayuan.fang.com/
Logger:2020-03-16 18:37:46.297718 https://xsrygjsd.fang.com/
Logger:2020-03-16 18:37:49.994148 https://zhangqiu.newhouse.fang.com/house/s/b96/
Logger:2020-03-16 18:37:53.463269 https://zhangqiu.newhouse.fang.com/house/s/b97/
Logger:2020-03-16 18:37:56.997767 https://zhangqiu.newhouse.fang.com/house/s/b98/
