Logger:2020-03-16 12:40:32.427216 https://zhangjiakou.newhouse.fang.com/house/s/b91/
Logger:2020-03-16 12:40:32.698524 https://hengdabinhezuoan.fang.com/
Logger:2020-03-16 12:40:33.044566 https://zifengjun0313.fang.com/
Logger:2020-03-16 12:40:33.367734 https://xsmdyy0313.fang.com/
Logger:2020-03-16 12:40:33.758709 https://rongshihuating.fang.com/
Logger:2020-03-16 12:40:34.072857 https://zhongyanggongyuanjb.fang.com/
Logger:2020-03-16 12:40:34.418888 https://jinyueguangchangdd.fang.com/
Logger:2020-03-16 12:40:35.058178 https://shangfengyueting.fang.com/
Logger:2020-03-16 12:40:35.352428 https://jingkebeipingyuan.fang.com/
Logger:2020-03-16 12:40:35.679516 https://senlinhaibgy.fang.com/
Logger:2020-03-16 12:40:36.029624 https://kongquechengbdl.fang.com/
Logger:2020-03-16 12:40:36.350721 https://langshidongshanyu.fang.com/
Logger:2020-03-16 12:40:36.673928 https://shangdongwanheyy.fang.com/
Logger:2020-03-16 12:40:36.990041 https://langshidongshanyue.fang.com/
Logger:2020-03-16 12:40:37.335087 https://baolizhongyanggongyuan.fang.com/
Logger:2020-03-16 12:40:37.950485 https://yipinhuafu0313.fang.com/
Logger:2020-03-16 12:40:38.252670 https://mingjunxincheng.fang.com/3/
Logger:2020-03-16 12:40:38.628670 https://rongchuangaocheng0313.fang.com/
Logger:2020-03-16 12:40:38.949768 https://dszykc.fang.com/
Logger:2020-03-16 12:40:39.236002 https://xuanhuagaotiexinchengrs.fang.com/
Logger:2020-03-16 12:40:39.560178 https://kongquechengzl.fang.com/
Logger:2020-03-16 12:40:43.388937 https://zhangjiakou.newhouse.fang.com/house/s/b92/
Logger:2020-03-16 12:40:45.984948 https://jingtaixingfuli.fang.com/
Logger:2020-03-16 12:40:46.291129 https://guantinglanbgy0313.fang.com/
Logger:2020-03-16 12:40:46.636205 https://huanxiaozhencj.fang.com/
Logger:2020-03-16 12:40:47.058076 https://fengshuzhuangyuan.fang.com/
Logger:2020-03-16 12:40:47.416119 https://yongjinjinhuilg.fang.com/
Logger:2020-03-16 12:40:50.355256 https://yuquangongguan.fang.com/
Logger:2020-03-16 12:40:50.685410 https://chongligongguanrc.fang.com/
Logger:2020-03-16 12:40:51.059417 https://cghchy.fang.com/
Logger:2020-03-16 12:40:51.372536 https://wankejingchengshangfang.fang.com/
Logger:2020-03-16 12:40:51.946000 https://boxinwancl.fang.com/
Logger:2020-03-16 12:40:52.245202 https://landunjingdian.fang.com/
Logger:2020-03-16 12:40:52.601287 https://jingtaihanlin0313.fang.com/
Logger:2020-03-16 12:40:52.906475 https://fanghualishjy.fang.com/
Logger:2020-03-16 12:40:53.249556 https://zjklingxiucheng.fang.com/
Logger:2020-03-16 12:40:53.618562 https://xinhuajingyuan0313.fang.com/
Logger:2020-03-16 12:40:55.307074 https://zhangjiakouyuelanwan.fang.com/
Logger:2020-03-16 12:40:55.617216 https://zuochengyihao.fang.com/
Logger:2020-03-16 12:40:56.044038 https://whlycbjhd.fang.com/
Logger:2020-03-16 12:40:56.553674 https://biguiyuantianxi0313.fang.com/
Logger:2020-03-16 12:40:57.003504 https://xinmingxuan.fang.com/
Logger:2020-03-16 12:41:00.886085 https://zhangjiakou.newhouse.fang.com/house/s/b93/
Logger:2020-03-16 12:41:01.276041 https://guofengshangyuan.fang.com/
Logger:2020-03-16 12:41:01.631130 https://xiyue0313.fang.com/
Logger:2020-03-16 12:41:02.986467 https://quanqiuhuizt.fang.com/
Logger:2020-03-16 12:41:04.989108 https://zdrj0313.fang.com/
Logger:2020-03-16 12:41:07.556241 https://fudifenghuangcheng.fang.com/
Logger:2020-03-16 12:41:10.743751 https://xinchengjiayuan0313.fang.com/2/
Logger:2020-03-16 12:41:22.002631 [erro]&&&https://yanhucheng0313.fang.com/
Logger:2020-03-16 12:41:22.126306 https://jinyuanzhidi.fang.com/
Logger:2020-03-16 12:41:22.433486 https://717587.fang.com/
Logger:2020-03-16 12:41:22.804490 https://dongfanghantang.fang.com/
Logger:2020-03-16 12:41:23.202419 https://tianrunyuan0313.fang.com/
Logger:2020-03-16 12:41:23.566411 https://jinweihuafu0313.fang.com/
Logger:2020-03-16 12:41:25.011545 https://changlongguoji.fang.com/
Logger:2020-03-16 12:41:25.318723 https://caifuxingcheng0313.fang.com/
Logger:2020-03-16 12:41:25.699752 https://boruifengjing.fang.com/
Logger:2020-03-16 12:41:26.023837 https://jingbeijinmaoyue.fang.com/
Logger:2020-03-16 12:41:30.463959 https://shuianyuntian.fang.com/
Logger:2020-03-16 12:41:30.832971 https://huadushuian.fang.com/
Logger:2020-03-16 12:41:31.169077 https://binhexincheng0313.fang.com/
Logger:2020-03-16 12:41:31.765477 https://zhongxinshoufu0313.fang.com/
Logger:2020-03-16 12:41:35.534438 https://zhangjiakou.newhouse.fang.com/house/s/b94/
Logger:2020-03-16 12:41:35.886483 https://rongchuangchengjb.fang.com/
Logger:2020-03-16 12:41:39.281414 https://rongqiangyupin0313.fang.com/
Logger:2020-03-16 12:41:39.614480 https://aoyuanjingyufu.fang.com/
Logger:2020-03-16 12:41:39.955606 https://fhcyf.fang.com/
Logger:2020-03-16 12:41:41.348840 https://jingbeixiangxiefu.fang.com/
Logger:2020-03-16 12:41:41.654053 https://xingfuchengcp.fang.com/
Logger:2020-03-16 12:41:42.124764 https://dongfangyuan0313.fang.com/
Logger:2020-03-16 12:41:42.974491 https://jinzunhuafu0313.fang.com/
Logger:2020-03-16 12:41:43.352481 https://qinshuishanlin0313.fang.com/
Logger:2020-03-16 12:41:43.705538 https://mytzhxxz0313.fang.com/
Logger:2020-03-16 12:41:44.135418 https://kaiyuanruifu.fang.com/
Logger:2020-03-16 12:41:44.459561 https://jindishoufu0313.fang.com/
Logger:2020-03-16 12:41:44.874409 https://yuanzhumoma.fang.com/
Logger:2020-03-16 12:41:45.231453 https://rongshengcheng0313.fang.com/
Logger:2020-03-16 12:41:45.575568 https://cmhkxzghgj.fang.com/
Logger:2020-03-16 12:41:47.610119 https://guanlanxiaozhen.fang.com/
Logger:2020-03-16 12:41:47.940248 https://feicuixiaozhen.fang.com/
Logger:2020-03-16 12:41:48.261376 https://tianbaoxincheng0313.fang.com/
Logger:2020-03-16 12:41:48.569524 https://lixiangwansj.fang.com/
Logger:2020-03-16 12:41:48.921582 https://hongxiangwenlanhaoting.fang.com/
Logger:2020-03-16 12:41:54.104717 https://zhangjiakou.newhouse.fang.com/house/s/b95/
Logger:2020-03-16 12:41:56.652900 https://ximeihuaxi.fang.com/
Logger:2020-03-16 12:41:56.951145 https://dyssyy.fang.com/
Logger:2020-03-16 12:41:57.349037 https://sifangguan.fang.com/
Logger:2020-03-16 12:41:59.630975 https://shuxianglijinglq.fang.com/
Logger:2020-03-16 12:41:59.918201 https://meilinshuyuan.fang.com/
Logger:2020-03-16 12:42:00.250321 https://yuhewan0313.fang.com/
Logger:2020-03-16 12:42:03.098699 https://duruijiayuan.fang.com/
Logger:2020-03-16 12:42:07.877872 https://rongchenhuafu.fang.com/
Logger:2020-03-16 12:42:08.211986 https://yupinshangyuan.fang.com/
Logger:2020-03-16 12:42:08.640848 https://bctgg.fang.com/
Logger:2020-03-16 12:42:09.140493 https://hupanxincheng2.fang.com/
Logger:2020-03-16 12:42:11.032432 https://longhejiayuan0313.fang.com/
Logger:2020-03-16 12:42:11.406431 https://beijingtaolichunfeng.fang.com/
Logger:2020-03-16 12:42:11.718610 https://yujingyuanzp.fang.com/
Logger:2020-03-16 12:42:12.096629 https://zgtjxsgjc.fang.com/
Logger:2020-03-16 12:42:12.710973 https://xuanfudiyicheng.fang.com/
Logger:2020-03-16 12:42:14.407446 https://rongqiangyushanshu.fang.com/
Logger:2020-03-16 12:42:14.726550 https://yangheshengjing.fang.com/
Logger:2020-03-16 12:42:15.212250 https://rczydq.fang.com/
Logger:2020-03-16 12:42:15.516436 https://waitanguojixdy.fang.com/
Logger:2020-03-16 12:42:19.168666 https://zhangjiakou.newhouse.fang.com/house/s/b96/
Logger:2020-03-16 12:42:24.866423 https://yuanjunmoma.fang.com/
Logger:2020-03-16 12:42:32.074176 https://hlldzy.fang.com/
Logger:2020-03-16 12:42:32.475119 https://aerkadiyaxhy.fang.com/
Logger:2020-03-16 12:42:32.851080 https://jingmenyufu.fang.com/
Logger:2020-03-16 12:42:33.223111 https://bocuitianchenjkgk.fang.com/
Logger:2020-03-16 12:42:33.721783 https://jueshigongguanjz.fang.com/
Logger:2020-03-16 12:42:35.846052 https://sangganxincheng.fang.com/
Logger:2020-03-16 12:42:36.257950 https://lijingxiandaicheng.fang.com/
Logger:2020-03-16 12:42:36.627001 https://meilinxiaozhen0313.fang.com/
Logger:2020-03-16 12:42:36.937132 https://chengchengshangbei.fang.com/
Logger:2020-03-16 12:42:37.242316 https://zhongxuanjiayuannanyuan.fang.com/
Logger:2020-03-16 12:42:37.565495 https://haitangli0313.fang.com/
Logger:2020-03-16 12:42:38.223705 https://sjxzfl.fang.com/
Logger:2020-03-16 12:42:38.616672 https://xinhuaxuefu0313.fang.com/
Logger:2020-03-16 12:42:39.002630 https://linyushangyuanzgtj.fang.com/
Logger:2020-03-16 12:42:39.321769 https://jfjinchengshoufu.fang.com/
Logger:2020-03-16 12:42:39.728665 https://huayuxian.fang.com/
Logger:2020-03-16 12:42:40.187438 https://yiyunxiaozhen0313.fang.com/
Logger:2020-03-16 12:42:40.535551 https://yutinghuafu.fang.com/
Logger:2020-03-16 12:42:40.889559 https://yufuzhuangyuan.fang.com/
Logger:2020-03-16 12:42:44.242632 https://zhangjiakou.newhouse.fang.com/house/s/b97/
Logger:2020-03-16 12:42:44.867916 https://weiduoliyaguangchang0313.fang.com/
Logger:2020-03-16 12:42:45.209023 https://jingdongxinzhu.fang.com/
Logger:2020-03-16 12:42:45.912030 https://hongchengmingshi.fang.com/
Logger:2020-03-16 12:42:46.306957 https://jingtaijiayuan0313.fang.com/
Logger:2020-03-16 12:42:46.654029 https://kaidishangdu.fang.com/
Logger:2020-03-16 12:42:47.374148 https://xueshanzhucl.fang.com/
Logger:2020-03-16 12:42:47.689260 https://cmmlc.fang.com/
Logger:2020-03-16 12:42:48.305638 https://cjsdgc.fang.com/
Logger:2020-03-16 12:42:49.637061 https://jiaheyuandhjy0313.fang.com/
Logger:2020-03-16 12:42:49.963176 https://kangdancbd.fang.com/
Logger:2020-03-16 12:42:50.296288 https://xingyuanxueronghuafu.fang.com/
Logger:2020-03-16 12:42:50.784977 https://beijingjun0313.fang.com/
Logger:2020-03-16 12:42:51.172011 https://fengshuxiaozhen.fang.com/
Logger:2020-03-16 12:42:51.513029 https://xinyonghuafuh.fang.com/
Logger:2020-03-16 12:42:54.718470 https://aolindiyicheng.fang.com/
Logger:2020-03-16 12:42:55.222135 https://tianzhuhuafu.fang.com/
Logger:2020-03-16 12:42:55.586162 https://jingbeixiangshuwan.fang.com/
Logger:2020-03-16 12:42:56.920594 https://puyuanjugd.fang.com/
Logger:2020-03-16 12:42:57.319497 https://dujiayuanjh.fang.com/
Logger:2020-03-16 12:42:57.660613 https://aekdybdl.fang.com/
Logger:2020-03-16 12:43:02.847722 https://zhangjiakou.newhouse.fang.com/house/s/b98/
Logger:2020-03-16 12:43:03.202772 https://qingshuihepanhc.fang.com/
Logger:2020-03-16 12:43:03.574763 https://hlfsw.fang.com/
Logger:2020-03-16 12:43:05.705064 https://hayhycsgc.fang.com/
Logger:2020-03-16 12:43:06.306456 https://tianhetongsheng.fang.com/
Logger:2020-03-16 12:43:06.639630 https://xiandaichengjr.fang.com/
Logger:2020-03-16 12:43:08.092676 https://hainaduqj.fang.com/
Logger:2020-03-16 12:43:08.421820 https://tianzhouyinxiang.fang.com/
Logger:2020-03-16 12:43:09.821106 https://huaxinyuan0313.fang.com/
Logger:2020-03-16 12:43:10.182103 https://longyuebgy0313.fang.com/
Logger:2020-03-16 12:43:10.541158 https://hongdingzhuangyuan.fang.com/
Logger:2020-03-16 12:43:10.880220 https://jqcy0313.fang.com/
Logger:2020-03-16 12:43:11.292142 https://yueshanhuhk.fang.com/
Logger:2020-03-16 12:43:13.692736 https://jingxitaihecheng.fang.com/
Logger:2020-03-16 12:43:14.069688 https://meijulijingyuan2.fang.com/
Logger:2020-03-16 12:43:14.418812 https://jingmenhuafu.fang.com/
Logger:2020-03-16 12:43:14.730918 https://tianherenjiats.fang.com/
Logger:2020-03-16 12:43:16.115215 https://jingximengyuan.fang.com/
Logger:2020-03-16 12:43:19.616848 https://yulinjiayuan20313.fang.com/
Logger:2020-03-16 12:43:21.353236 https://xzyb.fang.com/2/
Logger:2020-03-16 12:43:21.686343 https://lixiangcheng0313.fang.com/
Logger:2020-03-16 12:43:25.014409 https://zhangjiakou.newhouse.fang.com/house/s/b99/
Logger:2020-03-16 12:43:25.370455 https://wtjyxq.fang.com/
Logger:2020-03-16 12:43:26.917361 https://xiangtaiyuan0313.fang.com/
Logger:2020-03-16 12:43:27.242483 https://xishanyijumz.fang.com/
Logger:2020-03-16 12:43:27.632443 https://jinyuefu0313.fang.com/
Logger:2020-03-16 12:43:27.983503 https://yidianzhuangyuan.fang.com/
Logger:2020-03-16 12:43:28.308626 https://huafubhw.fang.com/
Logger:2020-03-16 12:43:28.642701 https://chengshizhiguangrq.fang.com/
Logger:2020-03-16 12:43:29.076574 https://xjgjmc.fang.com/
Logger:2020-03-16 12:43:29.443603 https://tryylife.fang.com/
Logger:2020-03-16 12:43:36.898639 https://jinqiujiayuan0313.fang.com/
Logger:2020-03-16 12:43:37.308551 https://qingheyihaoal.fang.com/
Logger:2020-03-16 12:43:37.653597 https://huangjiajunjing0313.fang.com/
Logger:2020-03-16 12:43:38.413563 https://chengshihuayuanxdy.fang.com/
Logger:2020-03-16 12:43:40.609688 https://lanchengminghuyunlu.fang.com/
Logger:2020-03-16 12:43:42.837728 https://gelinguoji0313.fang.com/
Logger:2020-03-16 12:43:44.019566 https://huolicheng.fang.com/
Logger:2020-03-16 12:43:46.403234 https://yundingliyuan.fang.com/
Logger:2020-03-16 12:43:46.803119 https://chengyuanxiaoqu0313.fang.com/
Logger:2020-03-16 12:43:47.183135 https://wjjdc0313.fang.com/
Logger:2020-03-16 12:43:47.532170 https://heyiyuecheng.fang.com/
Logger:2020-03-16 12:43:50.885199 https://zhangjiakou.newhouse.fang.com/house/s/b910/
Logger:2020-03-16 12:43:51.294106 https://zuoweixincheng.fang.com/
Logger:2020-03-16 12:43:51.718004 https://huayangnianxingfuwanxiang.fang.com/
Logger:2020-03-16 12:43:52.011200 https://landunshangjie2.fang.com/
Logger:2020-03-16 12:43:52.318409 https://45dwqxz.fang.com/
Logger:2020-03-16 12:43:52.663442 https://huafulishang.fang.com/
Logger:2020-03-16 12:43:53.064383 https://tianbaohushandayuan.fang.com/
Logger:2020-03-16 12:43:53.489234 https://zhongyangjindi0313.fang.com/
Logger:2020-03-16 12:43:53.816390 https://xinyinxiangsy.fang.com/
Logger:2020-03-16 12:43:54.179401 https://665933.fang.com/
Logger:2020-03-16 12:43:56.042444 https://tianhexiaozhen.fang.com/2/
Logger:2020-03-16 12:43:56.365589 https://xiushuiwanyl.fang.com/
Logger:2020-03-16 12:43:56.948027 https://jinyuefurq.fang.com/
Logger:2020-03-16 12:43:57.286090 https://binhewanzhongyanggongyuan.fang.com/
Logger:2020-03-16 12:43:57.670100 https://chengshangchenglm.fang.com/
Logger:2020-03-16 12:43:58.012178 https://dongfanghuayuan0313.fang.com/
Logger:2020-03-16 12:44:00.444667 https://beijinggongguan0313.fang.com/
Logger:2020-03-16 12:44:00.805663 https://tianbaoxueronghuadu.fang.com/
Logger:2020-03-16 12:44:01.210591 https://ruyuan0313.fang.com/
Logger:2020-03-16 12:44:03.711886 https://senlinyaju.fang.com/
Logger:2020-03-16 12:44:04.028069 https://guanhuyaju.fang.com/
Logger:2020-03-16 12:44:08.680595 https://zhangjiakou.newhouse.fang.com/house/s/b911/
Logger:2020-03-16 12:44:09.276033 https://guanhuyaju.fang.com/
Logger:2020-03-16 12:44:09.620113 https://fuchengshangpin.fang.com/
Logger:2020-03-16 12:44:09.997071 https://zjkchengshihuayuan.fang.com/
Logger:2020-03-16 12:44:10.365128 https://shanghujun0313.fang.com/
Logger:2020-03-16 12:44:10.921599 https://mingshanbieyuanxhy.fang.com/
Logger:2020-03-16 12:44:13.424938 https://hongqibeijun.fang.com/
Logger:2020-03-16 12:44:14.051228 https://hushanyinsm.fang.com/
Logger:2020-03-16 12:44:17.594791 https://yushuwandc.fang.com/
Logger:2020-03-16 12:44:17.896939 https://yuxianbinhewan.fang.com/
Logger:2020-03-16 12:44:18.204120 https://mjbhhy0313.fang.com/
Logger:2020-03-16 12:44:18.522281 https://yangguangchengfeilifu.fang.com/
Logger:2020-03-16 12:44:18.993046 https://junyuefengjing.fang.com/
Logger:2020-03-16 12:44:19.331104 https://feicuichenghw2.fang.com/
Logger:2020-03-16 12:44:19.609359 https://chunfengduole.fang.com/
Logger:2020-03-16 12:44:19.919563 https://xiheyingdongguanjiayuan.fang.com/
Logger:2020-03-16 12:44:21.973035 https://wanhecheng0313.fang.com/
Logger:2020-03-16 12:44:22.495688 https://xishanmeidi.fang.com/
Logger:2020-03-16 12:44:22.845739 https://aerkadiyaxh.fang.com/
Logger:2020-03-16 12:44:23.159903 https://xizeshengjing.fang.com/
Logger:2020-03-16 12:44:23.501944 https://zhangjiakouchengyuanlc.fang.com/
Logger:2020-03-16 12:44:26.805109 https://zhangjiakou.newhouse.fang.com/house/s/b912/
Logger:2020-03-16 12:44:28.801785 https://ruishigongguan.fang.com/
Logger:2020-03-16 12:44:29.604621 https://dazhaiyuan0313.fang.com/
Logger:2020-03-16 12:44:29.994576 https://xiashanju.fang.com/
Logger:2020-03-16 12:44:32.154810 https://xzydq.fang.com/
Logger:2020-03-16 12:44:34.450692 https://wanbanglongyue.fang.com/
Logger:2020-03-16 12:44:37.591295 https://taiyangcheng0313.fang.com/
Logger:2020-03-16 12:44:37.942314 https://yunjintai0313.fang.com/
Logger:2020-03-16 12:44:38.279412 https://guixiangyuan0313.fang.com/
Logger:2020-03-16 12:44:38.800020 https://xintiandigd.fang.com/
Logger:2020-03-16 12:44:39.517122 https://dongfanglijing0313.fang.com/
Logger:2020-03-16 12:44:39.961913 https://shanshuiyi.fang.com/
Logger:2020-03-16 12:44:40.296050 https://tianchenglvzhou0313.fang.com/
Logger:2020-03-16 12:44:43.230212 https://yuanxiangdongjun.fang.com/
Logger:2020-03-16 12:44:43.617171 https://aoxuexiaozhencys.fang.com/
Logger:2020-03-16 12:44:43.910383 https://mingruixuan.fang.com/
Logger:2020-03-16 12:44:44.263465 https://zjkhlwrjy.fang.com/
Logger:2020-03-16 12:44:46.226170 https://chuangyuguoji.fang.com/
Logger:2020-03-16 12:44:47.845862 https://dszymz.fang.com/
Logger:2020-03-16 12:44:49.601125 https://ndsgg.fang.com/
Logger:2020-03-16 12:44:49.966189 https://zgzbjd.fang.com/
Logger:2020-03-16 12:44:53.271351 https://zhangjiakou.newhouse.fang.com/house/s/b913/
Logger:2020-03-16 12:44:54.697492 https://haohuanglicheng.fang.com/
Logger:2020-03-16 12:44:55.181197 https://tianheshangjie.fang.com/
Logger:2020-03-16 12:44:57.203824 https://huaxiangcheng0313.fang.com/
Logger:2020-03-16 12:44:57.524928 https://tangshanshu.fang.com/
Logger:2020-03-16 12:44:59.552539 https://guanlanyuanygsj.fang.com/
Logger:2020-03-16 12:44:59.933517 https://jinweiguangchang0313.fang.com/
Logger:2020-03-16 12:45:00.260667 https://yicuiyuan0313.fang.com/
Logger:2020-03-16 12:45:00.825100 https://xiyuanjx.fang.com/
Logger:2020-03-16 12:45:01.238008 https://xinxueguo.fang.com/
Logger:2020-03-16 12:45:01.592087 https://chichengjingchenghui.fang.com/
Logger:2020-03-16 12:45:01.873350 https://jiankangchengkl.fang.com/
Logger:2020-03-16 12:45:02.225396 https://saiwaixianduwenquanzhuangyuan.fang.com/
Logger:2020-03-16 12:45:02.554474 https://zhangjiakouweiduoliyaguangchang.fang.com/
Logger:2020-03-16 12:45:07.338686 https://ronglixiufu.fang.com/
Logger:2020-03-16 12:45:07.735641 https://xiruiduky.fang.com/
Logger:2020-03-16 12:45:08.148560 https://meiguixiaozhenxs.fang.com/
Logger:2020-03-16 12:45:10.785454 https://guantinglanwan.fang.com/
Logger:2020-03-16 12:45:16.355592 https://anshunyuan0313.fang.com/
Logger:2020-03-16 12:45:19.690640 https://guanyuanguoji.fang.com/
Logger:2020-03-16 12:45:20.243153 https://longjingjiayuan0313.fang.com/
Logger:2020-03-16 12:45:26.503450 https://zhangjiakou.newhouse.fang.com/house/s/b914/
Logger:2020-03-16 12:45:28.123117 https://chongdelijing.fang.com/
Logger:2020-03-16 12:45:28.505052 https://jinhuajundu.fang.com/
Logger:2020-03-16 12:45:28.997776 https://yuyuanxiaoqu20313.fang.com/
Logger:2020-03-16 12:45:29.374768 https://shangalila.fang.com/
Logger:2020-03-16 12:45:31.061256 https://hsypc.fang.com/
Logger:2020-03-16 12:45:31.670583 https://ruiyuanlanan.fang.com/
Logger:2020-03-16 12:45:32.035606 https://chonghe6hao.fang.com/
Logger:2020-03-16 12:45:32.404619 https://beierziyuandishang.fang.com/
Logger:2020-03-16 12:45:32.969109 https://rongqingxingfuhuishangjie.fang.com/
Logger:2020-03-16 12:45:33.303240 https://xiangjiangqichecheng.fang.com/
Logger:2020-03-16 12:45:33.650289 https://htchjrgy.fang.com/
Logger:2020-03-16 12:45:33.956504 https://hnjjzsgc.fang.com/
Logger:2020-03-16 12:45:36.003993 https://landunshangjie.fang.com/
Logger:2020-03-16 12:45:42.072801 https://ssbngjdjqwd.fang.com/
Logger:2020-03-16 12:45:44.588028 https://xhzgc.fang.com/
Logger:2020-03-16 12:45:46.703434 https://jinyingyuecheng.fang.com/
Logger:2020-03-16 12:45:47.042460 https://xcxkj.fang.com/
Logger:2020-03-16 12:45:47.380625 https://fujieyayuan.fang.com/
Logger:2020-03-16 12:45:50.933077 https://shzjzjkgxjscyy.fang.com/
Logger:2020-03-16 12:45:54.931387 https://zhangjiakou.newhouse.fang.com/house/s/b915/
Logger:2020-03-16 12:45:58.658387 https://zhangjiakou.newhouse.fang.com/house/s/b916/
Logger:2020-03-16 12:46:03.029692 https://zhangjiakou.newhouse.fang.com/house/s/b917/
