Logger:2020-03-15 23:24:27.034763 https://zhangzhou.newhouse.fang.com/house/s/b91/
Logger:2020-03-15 23:24:27.414649 https://cuicanbinjiangblsm.fang.com/
Logger:2020-03-15 23:24:27.802172 https://lianfajunlingshoufu.fang.com/
Logger:2020-03-15 23:24:28.132268 https://yunjinglizjbl.fang.com/
Logger:2020-03-15 23:24:28.502305 https://jinxiubihu.fang.com/
Logger:2020-03-15 23:24:28.952914 https://mingmenyinxiangdt.fang.com/
Logger:2020-03-15 23:24:30.314302 https://fenghuanggufl.fang.com/
Logger:2020-03-15 23:24:30.860563 https://yihaofurx.fang.com/
Logger:2020-03-15 23:24:34.287926 https://shuanglongyuanzhulh0596.fang.com/
Logger:2020-03-15 23:24:34.786558 https://yuzhouchengshangcheng.fang.com/
Logger:2020-03-15 23:24:35.143284 https://yongxilanwanyz.fang.com/
Logger:2020-03-15 23:24:35.586600 https://yongjiangfuyz0596.fang.com/
Logger:2020-03-15 23:24:36.002507 https://bishuiwansszz.fang.com/
Logger:2020-03-15 23:24:36.337610 https://chunfenglidt.fang.com/
Logger:2020-03-15 23:24:39.252061 https://guomaorunyuan0596.fang.com/
Logger:2020-03-15 23:24:39.635007 https://shimaochengpin0596.fang.com/
Logger:2020-03-15 23:24:40.119711 https://zhaoshangkadakaisi.fang.com/
Logger:2020-03-15 23:24:40.536595 https://wankecheng0596.fang.com/
Logger:2020-03-15 23:24:40.974260 https://xihuzhengrongfu.fang.com/
Logger:2020-03-15 23:24:41.334335 https://shoufuyihaozl0596.fang.com/
Logger:2020-03-15 23:24:41.809028 https://gulongxixijiayuan.fang.com/
Logger:2020-03-15 23:24:45.752861 https://zhangzhou.newhouse.fang.com/house/s/b92/
Logger:2020-03-15 23:24:46.056015 https://shijijiayuan0596.fang.com/
Logger:2020-03-15 23:24:47.374680 https://qianlongzunpinfs.fang.com/
Logger:2020-03-15 23:24:50.342656 https://jinxiushijiadt.fang.com/
Logger:2020-03-15 23:24:50.759102 https://chengyangjinzuobgy.fang.com/
Logger:2020-03-15 23:24:51.108179 https://jianfayangzhu0596.fang.com/
Logger:2020-03-15 23:24:51.666712 https://jianfayangyu0596.fang.com/
Logger:2020-03-15 23:24:52.023719 https://yujingbanbaohd0596.fang.com/
Logger:2020-03-15 23:24:52.390621 https://yuntizhonglian.fang.com/
Logger:2020-03-15 23:24:52.706775 https://guojihaianyundangshuss.fang.com/
Logger:2020-03-15 23:24:53.138620 https://zhongjunyongjingfu0596.fang.com/
Logger:2020-03-15 23:24:53.499656 https://yujingbandaodshd.fang.com/
Logger:2020-03-15 23:24:53.931546 https://yuechengzl.fang.com/
Logger:2020-03-15 23:24:54.298250 https://nananyh.fang.com/
Logger:2020-03-15 23:24:54.749044 https://dongxuyufeng.fang.com/
Logger:2020-03-15 23:24:55.162954 https://nanwan1haofs.fang.com/
Logger:2020-03-15 23:24:57.665089 https://yayuanrc.fang.com/
Logger:2020-03-15 23:24:59.697705 https://xinjingjiexs.fang.com/
Logger:2020-03-15 23:25:00.155689 https://xingfulidt.fang.com/
Logger:2020-03-15 23:25:00.665824 https://hengdadijing0596.fang.com/
Logger:2020-03-15 23:25:01.080701 https://zhonghaishangwan.fang.com/
Logger:2020-03-15 23:25:05.238962 https://zhangzhou.newhouse.fang.com/house/s/b93/
Logger:2020-03-15 23:25:05.563514 https://huaxianfushubgy.fang.com/
Logger:2020-03-15 23:25:05.932476 https://shoufuyxzl.fang.com/
Logger:2020-03-15 23:25:11.889902 https://jinlvbiguiyuantianyue.fang.com/
Logger:2020-03-15 23:25:12.270399 https://jindingdums.fang.com/
Logger:2020-03-15 23:25:12.619510 https://minnanyuanzith.fang.com/
Logger:2020-03-15 23:25:17.806012 https://guomaotiancheng0596.fang.com/
Logger:2020-03-15 23:25:20.221053 https://libaideyuanzibl.fang.com/
Logger:2020-03-15 23:25:20.787570 https://yipinjiangshan0596.fang.com/
Logger:2020-03-15 23:25:21.133767 https://taolichunfenglvzp.fang.com/
Logger:2020-03-15 23:25:22.816447 https://jiuqulanshandhw.fang.com/
Logger:2020-03-15 23:25:23.168545 https://jiaomeidatangshijia.fang.com/
Logger:2020-03-15 23:25:23.580366 https://lhrongchanggongguan.fang.com/
Logger:2020-03-15 23:25:26.238512 https://pingheyulongwan.fang.com/
Logger:2020-03-15 23:25:26.597551 https://hjzdgc0596.fang.com/
Logger:2020-03-15 23:25:28.451889 https://longxidaguanrcgm.fang.com/
Logger:2020-03-15 23:25:28.832838 https://jiulongtaiwkc.fang.com/
Logger:2020-03-15 23:25:31.959018 https://yulongtianxiaxh.fang.com/
Logger:2020-03-15 23:25:32.294972 https://bihutianjiaobgy.fang.com/
Logger:2020-03-15 23:25:32.628173 https://hongshuwanyuanzith.fang.com/
Logger:2020-03-15 23:25:33.037272 https://mingduzf.fang.com/
Logger:2020-03-15 23:25:36.761621 https://zhangzhou.newhouse.fang.com/house/s/b94/
Logger:2020-03-15 23:25:37.077242 https://qianlongshoufufs.fang.com/
Logger:2020-03-15 23:25:37.449258 https://lijingchengyt.fang.com/
Logger:2020-03-15 23:25:37.875100 https://jiuhaoyuanzl0596.fang.com/
Logger:2020-03-15 23:25:38.201214 https://tianxi99wan.fang.com/
Logger:2020-03-15 23:25:38.564977 https://shanwaishanjf.fang.com/
Logger:2020-03-15 23:25:38.980140 https://xiangshanwanmf.fang.com/
Logger:2020-03-15 23:25:41.026739 https://xiangchengyuefu.fang.com/
Logger:2020-03-15 23:25:41.389873 https://wenchangsenlin.fang.com/
Logger:2020-03-15 23:25:41.763160 https://jingxiujindi.fang.com/
Logger:2020-03-15 23:25:42.110231 https://fujinzhongxinguangchang.fang.com/
Logger:2020-03-15 23:25:42.519143 https://xinyuanmingyuan.fang.com/2/
Logger:2020-03-15 23:25:42.825955 https://binhaiwanhuayuan.fang.com/
Logger:2020-03-15 23:25:43.189088 https://lhlanxiwan.fang.com/
Logger:2020-03-15 23:25:43.549141 https://sijihuaduzj0596.fang.com/
Logger:2020-03-15 23:25:43.915203 https://bihuchengshiguangchang.fang.com/
Logger:2020-03-15 23:25:44.258786 https://jianfaxiyuan.fang.com/
Logger:2020-03-15 23:25:44.626811 https://yuelongzhuang0596.fang.com/
Logger:2020-03-15 23:25:45.180330 https://xiangshanwanyjl.fang.com/
Logger:2020-03-15 23:25:45.634264 https://yinxianglanshan.fang.com/
Logger:2020-03-15 23:25:45.964051 https://hongxiguyh.fang.com/
Logger:2020-03-15 23:25:49.296951 https://zhangzhou.newhouse.fang.com/house/s/b95/
Logger:2020-03-15 23:25:49.876401 https://wanyiguangchang0596.fang.com/
Logger:2020-03-15 23:25:50.301988 https://jiangshantianjingxhdt.fang.com/
Logger:2020-03-15 23:25:50.878645 https://lijingfuzj0596.fang.com/
Logger:2020-03-15 23:25:53.325982 https://jingjianghuayuan0596.fang.com/
Logger:2020-03-15 23:25:53.832105 https://shilijiangwanbgyygc.fang.com/
Logger:2020-03-15 23:25:54.199102 https://jingshengjingfu.fang.com/
Logger:2020-03-15 23:25:54.617041 https://yunjingtaizj0596.fang.com/
Logger:2020-03-15 23:25:55.020555 https://lhzljjyj.fang.com/
Logger:2020-03-15 23:25:57.397369 https://haitoudonghucheng.fang.com/
Logger:2020-03-15 23:25:57.737434 https://taolichunfenglc0596.fang.com/
Logger:2020-03-15 23:26:00.224340 https://longquanyushu.fang.com/
Logger:2020-03-15 23:26:00.691102 https://longyuanyaju0596.fang.com/
Logger:2020-03-15 23:26:04.183320 https://lhqsjjsc.fang.com/
Logger:2020-03-15 23:26:04.496208 https://gelinlanjinzd.fang.com/
Logger:2020-03-15 23:26:04.832519 https://yuehaiwanyh0596.fang.com/
Logger:2020-03-15 23:26:05.173642 https://wenlanfubgy.fang.com/
Logger:2020-03-15 23:26:05.675268 https://aoyuanyufeng0596.fang.com/
Logger:2020-03-15 23:26:06.007481 https://yangguangchengwx.fang.com/
Logger:2020-03-15 23:26:07.798697 https://xiangjiangbogong.fang.com/
Logger:2020-03-15 23:26:11.664224 https://hongyuanhaijingcheng.fang.com/
Logger:2020-03-15 23:26:15.386431 https://zhangzhou.newhouse.fang.com/house/s/b96/
Logger:2020-03-15 23:26:15.675623 https://ejiaguoji.fang.com/
Logger:2020-03-15 23:26:23.019612 https://xinlaifuxiaozhenzx.fang.com/
Logger:2020-03-15 23:26:23.338724 https://jiangshanmingzhu.fang.com/
Logger:2020-03-15 23:26:23.712312 https://shengfamingdu.fang.com/
Logger:2020-03-15 23:26:27.539833 https://wufengchenghh.fang.com/
Logger:2020-03-15 23:26:27.920945 https://zhuangyuanyuhai.fang.com/
Logger:2020-03-15 23:26:28.252911 https://jiulongxingcheng.fang.com/
Logger:2020-03-15 23:26:28.641791 https://jiulongfuwxl.fang.com/
Logger:2020-03-15 23:26:28.986869 https://hanlinshangzuo.fang.com/
Logger:2020-03-15 23:26:29.479643 https://shengshuimingdu.fang.com/
Logger:2020-03-15 23:26:29.837035 https://lanshanyuanzi.fang.com/
Logger:2020-03-15 23:26:32.375355 https://tianciliangyuan0596.fang.com/
Logger:2020-03-15 23:26:34.851133 https://lhmeifuyipin.fang.com/
Logger:2020-03-15 23:26:35.210364 https://jinxiuyoudu.fang.com/
Logger:2020-03-15 23:26:35.708032 https://zhangzhouhaibincheng.fang.com/
Logger:2020-03-15 23:26:36.175032 https://xinsugelangc.fang.com/
Logger:2020-03-15 23:26:36.547890 https://225400.fang.com/
Logger:2020-03-15 23:26:38.240128 https://lhshouganglongjiaowan.fang.com/
Logger:2020-03-15 23:26:38.529408 https://taihexiamenwan2.fang.com/
Logger:2020-03-15 23:26:38.933881 https://xinchengyuannanqu.fang.com/
Logger:2020-03-15 23:26:42.664543 https://zhangzhou.newhouse.fang.com/house/s/b97/
Logger:2020-03-15 23:26:44.802509 https://zhongyangguojicheng0596.fang.com/
Logger:2020-03-15 23:26:45.139607 https://zhaoshangbanshan.fang.com/
Logger:2020-03-15 23:26:45.566467 https://haixiruyicheng.fang.com/
Logger:2020-03-15 23:26:45.949445 https://baojiayufeng0596.fang.com/
Logger:2020-03-15 23:26:46.300501 https://xinlongshengshilangyu.fang.com/
Logger:2020-03-15 23:26:46.670630 https://daguojingblwz.fang.com/
Logger:2020-03-15 23:26:47.044628 https://yujiangfubgy.fang.com/
Logger:2020-03-15 23:26:49.069274 https://guanlanguojiyh.fang.com/
Logger:2020-03-15 23:26:49.439243 https://shimaoyunjing0596.fang.com/
Logger:2020-03-15 23:26:49.843036 https://lijingwanygc20596.fang.com/
Logger:2020-03-15 23:26:50.269005 https://runjingjinzuo.fang.com/
Logger:2020-03-15 23:26:50.705425 https://biguiyuanshanhuhai.fang.com/
Logger:2020-03-15 23:26:51.050352 https://yujingshanzhuangwx.fang.com/
Logger:2020-03-15 23:26:51.351578 https://gongyuanshangchengbgy0596.fang.com/
Logger:2020-03-15 23:26:51.756494 https://shuianmingduxs.fang.com/
Logger:2020-03-15 23:26:53.635968 https://yunjingfuzj0596.fang.com/
Logger:2020-03-15 23:26:53.945995 https://shilinhongfu.fang.com/
Logger:2020-03-15 23:26:54.292761 https://shililanshan0596.fang.com/
Logger:2020-03-15 23:26:54.843869 https://xinlongshengshiwaitan.fang.com/
Logger:2020-03-15 23:26:56.975805 https://sijifenghuazj.fang.com/
Logger:2020-03-15 23:27:00.939647 https://zhangzhou.newhouse.fang.com/house/s/b98/
Logger:2020-03-15 23:27:01.243836 https://longquanlijing.fang.com/
Logger:2020-03-15 23:27:04.088206 https://lhmingfaguangchang.fang.com/
Logger:2020-03-15 23:27:05.950812 https://xuefu1hao0596.fang.com/
Logger:2020-03-15 23:27:06.314059 https://zhaoanshidaiguoji.fang.com/
Logger:2020-03-15 23:27:06.675444 https://xinyuehuatinglf0596.fang.com/
Logger:2020-03-15 23:27:07.048447 https://sanshengpuyuehai.fang.com/
Logger:2020-03-15 23:27:07.398552 https://rongxinyuetang.fang.com/
Logger:2020-03-15 23:27:09.881364 https://junyuejinluanwan.fang.com/
Logger:2020-03-15 23:27:10.283100 https://lhjiulongxincheng.fang.com/
Logger:2020-03-15 23:27:12.282243 https://jinbangjiayuan0596.fang.com/
Logger:2020-03-15 23:27:12.647303 https://dijingguojixingcheng.fang.com/
Logger:2020-03-15 23:27:12.998633 https://yonghonglanyuecheng.fang.com/
Logger:2020-03-15 23:27:13.442007 https://yuegangguandi.fang.com/
Logger:2020-03-15 23:27:13.834985 https://haixiaguojiwanqu.fang.com/
Logger:2020-03-15 23:27:15.905388 https://haijingbieshu.fang.com/
Logger:2020-03-15 23:27:16.306313 https://lianchuangchengshiguangchang.fang.com/
Logger:2020-03-15 23:27:18.632163 https://xinlongshengshijiangnan.fang.com/
Logger:2020-03-15 23:27:19.005045 https://zhangzhouyinheguangchang.fang.com/
Logger:2020-03-15 23:27:19.339112 https://yuelongyazhufcw.fang.com/
Logger:2020-03-15 23:27:19.855729 https://zhanghuahaotingzy.fang.com/
Logger:2020-03-15 23:27:24.550507 https://zhangzhou.newhouse.fang.com/house/s/b99/
Logger:2020-03-15 23:27:24.830750 https://lhrxgsh.fang.com/
Logger:2020-03-15 23:27:25.153617 https://luxijunrx.fang.com/
Logger:2020-03-15 23:27:25.475731 https://xiongmaoshudtsj0596.fang.com/
Logger:2020-03-15 23:27:25.896223 https://nantaiwugaoerfu.fang.com/
Logger:2020-03-15 23:27:26.228882 https://shangcengyc.fang.com/
Logger:2020-03-15 23:27:26.572464 https://wenkangfulc.fang.com/
Logger:2020-03-15 23:27:28.330480 https://xiangluwenquanrenjialh.fang.com/
Logger:2020-03-15 23:27:28.761260 https://shuijinghupanzz.fang.com/
Logger:2020-03-15 23:27:29.170080 https://wanhaotianyueguangchang.fang.com/
Logger:2020-03-15 23:27:32.928986 https://guojihaotinggc.fang.com/
Logger:2020-03-15 23:27:33.233318 https://dongxuyuyuan.fang.com/
Logger:2020-03-15 23:27:33.617977 https://yinhuananbinhaoting.fang.com/
Logger:2020-03-15 23:27:34.066252 https://lhjinghaiwan.fang.com/
Logger:2020-03-15 23:27:34.420269 https://yiganghuayuancheng.fang.com/
Logger:2020-03-15 23:27:37.235832 https://xinchengguangchangzz.fang.com/
Logger:2020-03-15 23:27:39.650809 https://lhrongxinbanshanyunding.fang.com/
Logger:2020-03-15 23:27:40.183427 https://wanghaiyuecheng.fang.com/
Logger:2020-03-15 23:27:40.501698 https://changdeshangmaocheng.fang.com/
Logger:2020-03-15 23:27:42.220868 https://yunyueluhaifs.fang.com/
Logger:2020-03-15 23:27:42.598898 https://shangchengguoji0596.fang.com/
Logger:2020-03-15 23:27:45.945438 https://zhangzhou.newhouse.fang.com/house/s/b910/
Logger:2020-03-15 23:27:46.246629 https://shengshiyasongsm.fang.com/
Logger:2020-03-15 23:27:46.566807 https://hongdushangcheng.fang.com/
Logger:2020-03-15 23:27:47.044028 https://guozhenjiaritinghai.fang.com/
Logger:2020-03-15 23:27:48.715515 https://lqhtlh.fang.com/
Logger:2020-03-15 23:27:49.026357 https://huangjinhaianjy.fang.com/
Logger:2020-03-15 23:27:49.418351 https://haishangshoufu.fang.com/
Logger:2020-03-15 23:27:49.915027 https://lhlingxiuyuyuan.fang.com/
Logger:2020-03-15 23:27:52.551558 https://lhziyungongguan.fang.com/
Logger:2020-03-15 23:27:52.914661 https://guanglongyhzd.fang.com/
Logger:2020-03-15 23:27:53.243257 https://rongshangdachengshidai.fang.com/
Logger:2020-03-15 23:27:55.707816 https://lhdamingtang.fang.com/
Logger:2020-03-15 23:27:56.046866 https://tiantiantianlan.fang.com/
Logger:2020-03-15 23:27:56.413950 https://shangyeguangchangyh.fang.com/
Logger:2020-03-15 23:27:56.773032 https://yonglikaiyue.fang.com/
Logger:2020-03-15 23:28:00.530507 https://longhai.newhouse.fang.com/house/2224198500.htm
Logger:2020-03-15 23:28:00.917204 https://jp6530lh.fang.com/
Logger:2020-03-15 23:28:01.257979 https://cailongguojigaotieshangyecheng.fang.com/
Logger:2020-03-15 23:28:03.648549 https://yingshanhonghuayuan.fang.com/
Logger:2020-03-15 23:28:04.042178 https://lhxchsj.fang.com/
Logger:2020-03-15 23:28:04.374831 https://lhgchxs.fang.com/
Logger:2020-03-15 23:28:08.006562 https://zhangzhou.newhouse.fang.com/house/s/b911/
Logger:2020-03-15 23:28:08.300878 https://linyuhuaxi.fang.com/
Logger:2020-03-15 23:28:08.756742 https://lhzhongyunanangongguan.fang.com/
Logger:2020-03-15 23:28:09.075887 https://wuliuchenght.fang.com/
Logger:2020-03-15 23:28:09.529712 https://lhhexinshuiyuntian.fang.com/
Logger:2020-03-15 23:28:10.094935 https://lhhexinshanyuhai.fang.com/
Logger:2020-03-15 23:28:12.105731 https://xinghechengguangchanglh.fang.com/
Logger:2020-03-15 23:28:13.907859 https://donghuxincun0596.fang.com/2/
Logger:2020-03-15 23:28:16.213149 https://ruijingtiancheng0596.fang.com/
Logger:2020-03-15 23:28:16.540272 https://yulongshanzhuang0596.fang.com/
Logger:2020-03-15 23:28:16.892334 https://aozhoufengqingyuanzz.fang.com/
Logger:2020-03-15 23:28:17.206917 https://lhyindahuashanmingyuan.fang.com/
Logger:2020-03-15 23:28:17.516088 https://lhfthwxc.fang.com/
Logger:2020-03-15 23:28:17.872476 https://mingfazhongyangchenglh.fang.com/
Logger:2020-03-15 23:28:18.189623 https://lhyhylw.fang.com/
Logger:2020-03-15 23:28:20.407115 https://shangchen55yushu.fang.com/
Logger:2020-03-15 23:28:21.022434 https://datangyinxiangyx.fang.com/
Logger:2020-03-15 23:28:21.689257 https://lhfuyaguoji.fang.com/
Logger:2020-03-15 23:28:22.063255 https://lhjyhjha.fang.com/
Logger:2020-03-15 23:28:22.465220 https://jixiangfudirf.fang.com/
Logger:2020-03-15 23:28:22.958011 https://wufuhuayuan0596.fang.com/
Logger:2020-03-15 23:28:26.270999 https://zhangzhou.newhouse.fang.com/house/s/b912/
Logger:2020-03-15 23:28:26.680485 https://zhongyangwanqugc.fang.com/
Logger:2020-03-15 23:28:28.503444 https://lhgangchangxinsugelan.fang.com/
Logger:2020-03-15 23:28:28.822435 https://lhzhongyijianlanhaiguoji.fang.com/
Logger:2020-03-15 23:28:29.157314 https://tonglingwanguangchang.fang.com/
Logger:2020-03-15 23:28:29.623462 https://lhlongxinjiezuo.fang.com/
Logger:2020-03-15 23:28:30.054879 https://shangyezhongxinwl.fang.com/
Logger:2020-03-15 23:28:30.671188 https://lhlingxiujinjiang.fang.com/
Logger:2020-03-15 23:28:31.038867 https://lhyhyjw.fang.com/
Logger:2020-03-15 23:28:32.558743 https://lhtianxiangshijia.fang.com/
Logger:2020-03-15 23:28:32.991708 https://lhxiangyunhaoting.fang.com/
Logger:2020-03-15 23:28:33.343581 https://lhbinhaikangqiao.fang.com/
Logger:2020-03-15 23:28:36.270397 https://lhdongfangkangqiao.fang.com/
Logger:2020-03-15 23:28:36.589540 https://lhrongyuhuayuan.fang.com/
Logger:2020-03-15 23:28:40.445734 https://zhangzhou.newhouse.fang.com/house/s/b913/
Logger:2020-03-15 23:28:43.984654 https://zhangzhou.newhouse.fang.com/house/s/b914/
Logger:2020-03-15 23:28:47.602561 https://zhangzhou.newhouse.fang.com/house/s/b915/
