Logger:2020-03-16 11:59:40.115212 https://zhangjiajie.newhouse.fang.com/house/s/b91/
Logger:2020-03-16 11:59:42.720281 https://zhangjiajiershf.fang.com/
Logger:2020-03-16 11:59:43.012485 https://lusiwanzt.fang.com/
Logger:2020-03-16 11:59:44.425726 https://ningbangguangchang0744.fang.com/
Logger:2020-03-16 11:59:44.688976 https://dongchenjiangshanli.fang.com/
Logger:2020-03-16 11:59:46.694651 https://xixifenghuangcheng.fang.com/
Logger:2020-03-16 11:59:46.947933 https://rongjiaguoyunzhihuicheng.fang.com/
Logger:2020-03-16 11:59:47.308968 https://ftzygg.fang.com/
Logger:2020-03-16 11:59:48.909719 https://ziyuan0744.fang.com/
Logger:2020-03-16 11:59:49.172026 https://zhongjianfengxitai.fang.com/
Logger:2020-03-16 11:59:49.497139 https://jiangyucheng0744.fang.com/
Logger:2020-03-16 11:59:49.801368 https://shanshuiyinxinag.fang.com/
Logger:2020-03-16 11:59:50.086537 https://tianmenyihao.fang.com/
Logger:2020-03-16 11:59:50.374766 https://wstcshy.fang.com/
Logger:2020-03-16 11:59:50.713900 https://gslsw.fang.com/3/
Logger:2020-03-16 11:59:50.978226 https://htljw.fang.com/
Logger:2020-03-16 11:59:51.257405 https://dongfangmingzhu0744.fang.com/
Logger:2020-03-16 11:59:51.587521 https://shimaoyuncheng0744.fang.com/
Logger:2020-03-16 11:59:51.865820 https://mwgj.fang.com/
Logger:2020-03-16 11:59:52.161021 https://zhjybj.fang.com/
Logger:2020-03-16 11:59:52.459190 https://zhangjiajiebiguiyuan.fang.com/
Logger:2020-03-16 11:59:55.764384 https://zhangjiajie.newhouse.fang.com/house/s/b92/
Logger:2020-03-16 11:59:57.799903 https://tmzygc.fang.com/
Logger:2020-03-16 11:59:58.054222 https://xinwaitan26.fang.com/
Logger:2020-03-16 11:59:58.335513 https://futianhuafu.fang.com/
Logger:2020-03-16 11:59:58.638659 https://dingtaijinsejiayuan.fang.com/3/
Logger:2020-03-16 11:59:58.922898 https://dongchenghuafu0744.fang.com/
Logger:2020-03-16 12:00:03.579484 https://zjjywgjsmc.fang.com/
Logger:2020-03-16 12:00:03.840742 https://rongshenghuayushuyuan.fang.com/
Logger:2020-03-16 12:00:08.424480 https://ziyushanshuiyulinhuafu.fang.com/
Logger:2020-03-16 12:00:08.677883 https://bjsjxc.fang.com/
Logger:2020-03-16 12:00:13.729288 https://konggangxinchengbanshanli.fang.com/2/
Logger:2020-03-16 12:00:13.971641 https://tmyhgsy.fang.com/
Logger:2020-03-16 12:00:14.240967 https://whshlw.fang.com/
Logger:2020-03-16 12:00:14.551090 https://zjjlxgjdjgc.fang.com/
Logger:2020-03-16 12:00:14.839319 https://xysygc0744.fang.com/
Logger:2020-03-16 12:00:15.111591 https://gaoshengguoji.fang.com/
Logger:2020-03-16 12:00:15.387905 https://weilaicheng0744.fang.com/
Logger:2020-03-16 12:00:15.723955 https://fuhuali0744.fang.com/
Logger:2020-03-16 12:00:16.014231 https://diandaguangchang.fang.com/
Logger:2020-03-16 12:00:16.297419 https://dfmhd0744.fang.com/
Logger:2020-03-16 12:00:16.630528 https://xinchengkesai.fang.com/3/
Logger:2020-03-16 12:00:20.413427 https://zhangjiajie.newhouse.fang.com/house/s/b93/
Logger:2020-03-16 12:00:20.593925 https://gslsw0744.fang.com/2/
Logger:2020-03-16 12:00:33.149336 https://jinkeshijia0744.fang.com/
Logger:2020-03-16 12:00:33.397673 https://td101gc.fang.com/
Logger:2020-03-16 12:00:33.723868 https://dinglidasha0744.fang.com/
Logger:2020-03-16 12:00:38.193842 https://chibianzhongguo.fang.com/
Logger:2020-03-16 12:00:44.885983 https://bzmjysj.fang.com/
Logger:2020-03-16 12:00:48.646878 https://zhangjiajie.newhouse.fang.com/house/s/b94/
Logger:2020-03-16 12:00:52.651167 https://zhangjiajie.newhouse.fang.com/house/s/b95/
Logger:2020-03-16 12:00:56.151842 https://zhangjiajie.newhouse.fang.com/house/s/b96/
