Logger:2020-03-16 00:36:20.752708 https://zhaoqing.newhouse.fang.com/house/s/b91/
Logger:2020-03-16 00:36:21.001952 https://runlihuating.fang.com/
Logger:2020-03-16 00:36:21.267766 https://hengdachengzq.fang.com/
Logger:2020-03-16 00:36:22.710033 https://zhaoqingyudongfang.fang.com/
Logger:2020-03-16 00:36:25.168989 https://hdsjmgc.fang.com/
Logger:2020-03-16 00:36:25.450742 https://zhaoqinghengdalvzhou.fang.com/
Logger:2020-03-16 00:36:25.699924 https://hejingwanjingfeng0758.fang.com/
Logger:2020-03-16 00:36:25.981150 https://biguiyuan1feicuijun.fang.com/
Logger:2020-03-16 00:36:26.215687 https://zyslxz0758.fang.com/
Logger:2020-03-16 00:36:26.465367 https://yihaoyuanzl0758.fang.com/
Logger:2020-03-16 00:36:26.731546 https://tianhemdbgy.fang.com/
Logger:2020-03-16 00:36:27.012465 https://shimaoyunpanhuayuan.fang.com/
Logger:2020-03-16 00:36:27.246485 https://ailexiaozhen.fang.com/
Logger:2020-03-16 00:36:27.496947 https://shhdyhc.fang.com/
Logger:2020-03-16 00:36:27.747063 https://zqhdfcht.fang.com/
Logger:2020-03-16 00:36:29.230948 https://yuetingbgy.fang.com/
Logger:2020-03-16 00:36:31.032209 https://hengdadinghuhaoting.fang.com/
Logger:2020-03-16 00:36:31.298464 https://gdjyc.fang.com/
Logger:2020-03-16 00:36:31.532456 https://minjiexinghuiyuan.fang.com/
Logger:2020-03-16 00:36:31.797991 https://sijijingu.fang.com/
Logger:2020-03-16 00:36:32.031973 https://xinchengwuyueguangchang0758.fang.com/
Logger:2020-03-16 00:36:35.992889 https://zhaoqing.newhouse.fang.com/house/s/b92/
Logger:2020-03-16 00:36:38.797976 https://biguiyuansh.fang.com/
Logger:2020-03-16 00:36:39.094736 https://jinxiushanhegd.fang.com/
Logger:2020-03-16 00:36:39.344680 https://zhaoqinghengdaxijiangmingjun.fang.com/
Logger:2020-03-16 00:36:39.578997 https://zhenhuiyuan.fang.com/
Logger:2020-03-16 00:36:39.829135 https://haiyinshanghuisiji.fang.com/
Logger:2020-03-16 00:36:40.110728 https://gdtjyj.fang.com/
Logger:2020-03-16 00:36:41.741639 https://biguiyuangn.fang.com/
Logger:2020-03-16 00:36:41.975592 https://kaiyibandaoxr.fang.com/
Logger:2020-03-16 00:36:42.209830 https://kangqiaotianjie.fang.com/
Logger:2020-03-16 00:36:42.459773 https://jiangshanshengjingzy.fang.com/
Logger:2020-03-16 00:36:43.865692 https://zhaoqing.newhouse.fang.com/house/2827175510.htm
Logger:2020-03-16 00:36:44.100742 https://longguangjiulonghu.fang.com/
Logger:2020-03-16 00:36:44.491300 https://rongchuangdinghufu.fang.com/
Logger:2020-03-16 00:36:44.771726 https://tianhuicheng.fang.com/
Logger:2020-03-16 00:36:45.037685 https://haobukasibgy.fang.com/
Logger:2020-03-16 00:36:45.303372 https://hefushuangchengshidai.fang.com/
Logger:2020-03-16 00:36:45.584764 https://hengfushangpin.fang.com/
Logger:2020-03-16 00:36:45.849595 https://guangwudinghuluyuan.fang.com/
Logger:2020-03-16 00:36:47.536827 https://donghumingzhu0758.fang.com/
Logger:2020-03-16 00:36:47.786638 https://jinxiuzonglvyuansh.fang.com/
Logger:2020-03-16 00:36:51.367222 https://zhaoqing.newhouse.fang.com/house/s/b93/
Logger:2020-03-16 00:36:51.570084 https://zhaoqingbaolihuayuan.fang.com/
Logger:2020-03-16 00:36:51.866783 https://linyintianxia.fang.com/
Logger:2020-03-16 00:36:52.131961 https://hengyucheng0758.fang.com/
Logger:2020-03-16 00:36:54.115869 https://fybj1hao.fang.com/
Logger:2020-03-16 00:36:54.350268 https://shidaiwaitanzhaoqing.fang.com/
Logger:2020-03-16 00:36:54.631920 https://longguangjiulongshan.fang.com/
Logger:2020-03-16 00:36:54.865709 https://jinseyuefu.fang.com/
Logger:2020-03-16 00:36:55.115683 https://hlbxjy.fang.com/
Logger:2020-03-16 00:36:55.366033 https://shanhaijunyh.fang.com/
Logger:2020-03-16 00:37:02.011202 https://shidaigongguan0758.fang.com/
Logger:2020-03-16 00:37:02.324360 https://hailunyinxiang0758.fang.com/
Logger:2020-03-16 00:37:02.574235 https://lingnanchuntianys.fang.com/
Logger:2020-03-16 00:37:02.808585 https://xiangjiangyayuan.fang.com/
Logger:2020-03-16 00:37:04.135701 https://tianhulijingmh.fang.com/
Logger:2020-03-16 00:37:04.370518 https://mjczhaoqing.fang.com/
Logger:2020-03-16 00:37:04.595270 https://kxjywhy.fang.com/
Logger:2020-03-16 00:37:05.360807 https://yuejiangfu.fang.com/
Logger:2020-03-16 00:37:07.563020 https://rcsyht.fang.com/
Logger:2020-03-16 00:37:07.797165 https://jinshunhaoting.fang.com/
Logger:2020-03-16 00:37:08.062573 https://xinghumingjun.fang.com/
Logger:2020-03-16 00:37:11.733951 https://zhaoqing.newhouse.fang.com/house/s/b94/
Logger:2020-03-16 00:37:11.967561 https://chengshizhiguangbgydq.fang.com/
Logger:2020-03-16 00:37:12.202618 https://mingchengxingan.fang.com/
Logger:2020-03-16 00:37:12.467487 https://yuejingfuht0758.fang.com/
Logger:2020-03-16 00:37:12.722896 https://lingnanfuxsj.fang.com/
Logger:2020-03-16 00:37:16.557124 https://dinghushanshuimingcheng.fang.com/
Logger:2020-03-16 00:37:16.791549 https://yunfubgy.fang.com/
Logger:2020-03-16 00:37:17.072424 https://haishenghuayuan0758.fang.com/
Logger:2020-03-16 00:37:17.322364 https://fengjingsijiyc.fang.com/
Logger:2020-03-16 00:37:17.587970 https://thhcc.fang.com/
Logger:2020-03-16 00:37:17.822247 https://fhdhjr.fang.com/
Logger:2020-03-16 00:37:18.376718 https://huijingyuan0758.fang.com/
Logger:2020-03-16 00:37:18.626657 https://shangyueju0758.fang.com/
Logger:2020-03-16 00:37:18.908398 https://dawanghaiyinyouyicheng.fang.com/
Logger:2020-03-16 00:37:19.158509 https://tianxiyujingyuan.fang.com/
Logger:2020-03-16 00:37:19.408454 https://biguiyuanduhui.fang.com/
Logger:2020-03-16 00:37:19.657741 https://haijinlanwan.fang.com/
Logger:2020-03-16 00:37:19.907605 https://junshanxinchengdw.fang.com/
Logger:2020-03-16 00:37:20.188790 https://ghngyd.fang.com/
Logger:2020-03-16 00:37:20.423110 https://xingguangliyugongyu.fang.com/
Logger:2020-03-16 00:37:20.662712 https://jinsha1haobhw.fang.com/
Logger:2020-03-16 00:37:24.675495 https://zhaoqing.newhouse.fang.com/house/s/b95/
Logger:2020-03-16 00:37:24.894194 https://yimiyangguang0758.fang.com/
Logger:2020-03-16 00:37:25.113142 https://cuihubandao.fang.com/
Logger:2020-03-16 00:37:25.347731 https://dongaoyuyuan.fang.com/
Logger:2020-03-16 00:37:25.628441 https://yuchengjks.fang.com/
Logger:2020-03-16 00:37:25.862715 https://junhuixiting0758.fang.com/
Logger:2020-03-16 00:37:26.112657 https://shangdeyuan.fang.com/
Logger:2020-03-16 00:37:26.332098 https://feicuishanhe.fang.com/
Logger:2020-03-16 00:37:26.612930 https://dijingmingzhu.fang.com/
Logger:2020-03-16 00:37:28.712173 https://zgshyqblc.fang.com/
Logger:2020-03-16 00:37:31.097695 https://junlintianxia0758.fang.com/
Logger:2020-03-16 00:37:31.331415 https://xcjygg.fang.com/
Logger:2020-03-16 00:37:32.971607 https://bgylxs0758.fang.com/
Logger:2020-03-16 00:37:35.049278 https://biguiyuanhj.fang.com/
Logger:2020-03-16 00:37:35.314970 https://zhaoqingzhonghaixincheng1hao.fang.com/
Logger:2020-03-16 00:37:35.596501 https://baonengcheng0758.fang.com/
Logger:2020-03-16 00:37:35.830306 https://xiangyuegongguanxc0758.fang.com/
Logger:2020-03-16 00:37:36.111702 https://hongjingyuyuan.fang.com/
Logger:2020-03-16 00:37:36.346521 https://dhbgylanting.fang.com/
Logger:2020-03-16 00:37:36.585880 https://baiyinghuayuan.fang.com/
Logger:2020-03-16 00:37:36.804191 https://jinjiangxincheng0758.fang.com/
Logger:2020-03-16 00:37:40.084628 https://zhaoqing.newhouse.fang.com/house/s/b96/
Logger:2020-03-16 00:37:40.334617 https://sijitianyuebc.fang.com/
Logger:2020-03-16 00:37:40.584509 https://dinghuchuntian.fang.com/
Logger:2020-03-16 00:37:40.834983 https://qifuhaiwan.fang.com/2/
Logger:2020-03-16 00:37:41.100474 https://bgyjyw0758.fang.com/
Logger:2020-03-16 00:37:41.334333 https://jsjrgc.fang.com/
Logger:2020-03-16 00:37:41.600186 https://yuejianghuayuan0758.fang.com/
Logger:2020-03-16 00:37:41.818956 https://tuanxingdingfeng.fang.com/
Logger:2020-03-16 00:37:42.100391 https://shuianhuacheng0758.fang.com/
Logger:2020-03-16 00:37:42.350450 https://yipinhushan.fang.com/
Logger:2020-03-16 00:37:42.584453 https://yingfengjiayuan0758.fang.com/
Logger:2020-03-16 00:37:42.833977 https://datangshengshi.fang.com/3/
Logger:2020-03-16 00:37:44.114966 https://zongtongyushangzhuanghy.fang.com/
Logger:2020-03-16 00:37:44.349645 https://jsjgjgc.fang.com/2/
Logger:2020-03-16 00:37:49.028418 https://qdkjc.fang.com/
Logger:2020-03-16 00:37:51.320494 https://tbssc.fang.com/
Logger:2020-03-16 00:37:51.586196 https://dawanggongyuanli.fang.com/
Logger:2020-03-16 00:37:51.820334 https://dinghusenlin.fang.com/3/
Logger:2020-03-16 00:37:52.054675 https://lgxtd.fang.com/
Logger:2020-03-16 00:37:52.320634 https://shengjingxincheng.fang.com/
Logger:2020-03-16 00:37:52.576968 https://jiahongguojizhongxin.fang.com/
Logger:2020-03-16 00:37:56.263789 https://zhaoqing.newhouse.fang.com/house/s/b97/
Logger:2020-03-16 00:37:56.466208 https://kaixuanhui0758.fang.com/
Logger:2020-03-16 00:37:56.716108 https://yingfengguoji.fang.com/
Logger:2020-03-16 00:37:56.951040 https://xinyeshangyuewan.fang.com/
Logger:2020-03-16 00:37:57.294378 https://caizhiguangchangys.fang.com/
Logger:2020-03-16 00:37:57.528416 https://longguangjiulongfu.fang.com/
Logger:2020-03-16 00:37:57.762735 https://taihezhaoqingyuanzi.fang.com/
Logger:2020-03-16 00:37:58.028773 https://baoliheyuejiangshan2.fang.com/
Logger:2020-03-16 00:37:58.309482 https://shanlinhu.fang.com/
Logger:2020-03-16 00:37:58.579229 https://longguangjiuyucheng.fang.com/
Logger:2020-03-16 00:38:00.344274 https://xinshijiehuayuan0758.fang.com/
Logger:2020-03-16 00:38:00.585424 https://shuiyinglanshan.fang.com/
Logger:2020-03-16 00:38:02.163196 https://sijiyangguangbgy.fang.com/
Logger:2020-03-16 00:38:04.376810 https://biguiyuanlongting.fang.com/
Logger:2020-03-16 00:38:04.642150 https://yanngmingshanzhuang.fang.com/
Logger:2020-03-16 00:38:09.219708 https://biguiyuanxinduhui.fang.com/
Logger:2020-03-16 00:38:09.500361 https://zhaoqingwandaguangchang.fang.com/
Logger:2020-03-16 00:38:09.719057 https://taininghuafu.fang.com/
Logger:2020-03-16 00:38:11.687830 https://biguiyuanjiulongwan.fang.com/
Logger:2020-03-16 00:38:11.937978 https://meidigongyuantianxia.fang.com/
Logger:2020-03-16 00:38:12.203391 https://zhongyuanyufeng2.fang.com/
Logger:2020-03-16 00:38:15.892202 https://zhaoqing.newhouse.fang.com/house/s/b98/
Logger:2020-03-16 00:38:17.193094 https://huarunguanshanyueyuan.fang.com/
Logger:2020-03-16 00:38:17.443072 https://kangtaihuayuan0758.fang.com/
Logger:2020-03-16 00:38:17.676909 https://jiahumeidu.fang.com/
Logger:2020-03-16 00:38:17.958093 https://heximingyuan.fang.com/
Logger:2020-03-16 00:38:18.536082 https://minjielangyihaoting.fang.com/
Logger:2020-03-16 00:38:18.770401 https://biguiyuanfk.fang.com/
Logger:2020-03-16 00:38:18.989101 https://bgyhyfk.fang.com/
Logger:2020-03-16 00:38:19.301526 https://jfjy0758.fang.com/
Logger:2020-03-16 00:38:20.894544 https://hanyihcdh.fang.com/
Logger:2020-03-16 00:38:22.176028 https://qifuhaian.fang.com/
Logger:2020-03-16 00:38:22.409810 https://taohuicuihuwan.fang.com/
Logger:2020-03-16 00:38:22.675417 https://caifuguangchang0758.fang.com/
Logger:2020-03-16 00:38:22.909693 https://dinghulanting.fang.com/
Logger:2020-03-16 00:38:23.175765 https://dhs1h.fang.com/
Logger:2020-03-16 00:38:23.441145 https://hjyy0758.fang.com/
Logger:2020-03-16 00:38:25.272043 https://taiwancheng0758.fang.com/
Logger:2020-03-16 00:38:25.521816 https://zhaoshangyiyunshuian0758.fang.com/
Logger:2020-03-16 00:38:26.615188 https://zhaoqing.newhouse.fang.com/house/2827060102.htm
Logger:2020-03-16 00:38:26.850149 https://debaowanquyihao.fang.com/
Logger:2020-03-16 00:38:27.115432 https://qingquanshanzhuang0758.fang.com/
Logger:2020-03-16 00:38:31.020318 https://zhaoqing.newhouse.fang.com/house/s/b99/
Logger:2020-03-16 00:38:31.223428 https://meidiyueshan2.fang.com/
Logger:2020-03-16 00:38:32.254402 https://sdyx.fang.com/
Logger:2020-03-16 00:38:32.520442 https://biguiyuanfenghuangbandao.fang.com/
Logger:2020-03-16 00:38:32.744173 https://yujingbandao0758.fang.com/
Logger:2020-03-16 00:38:32.978493 https://junanhuayuan0758.fang.com/
Logger:2020-03-16 00:38:33.260345 https://jsxlhy.fang.com/
Logger:2020-03-16 00:38:33.478374 https://fuyuanhuating.fang.com/
Logger:2020-03-16 00:38:33.775263 https://ziyunhuiyh.fang.com/
Logger:2020-03-16 00:38:33.994310 https://donglixincheng.fang.com/
Logger:2020-03-16 00:38:34.243819 https://shanghuihaian.fang.com/
Logger:2020-03-16 00:38:34.493760 https://djlw0758.fang.com/
Logger:2020-03-16 00:38:34.743700 https://dihaohuayuan0758.fang.com/
Logger:2020-03-16 00:38:36.477667 https://jxhy0758.fang.com/
Logger:2020-03-16 00:38:38.274815 https://jindingwan0758.fang.com/
Logger:2020-03-16 00:38:38.492827 https://wangchengyihao.fang.com/
Logger:2020-03-16 00:38:45.325932 https://shangyuefengjing.fang.com/
Logger:2020-03-16 00:38:45.575891 https://bihuguangchang.fang.com/
Logger:2020-03-16 00:38:45.809623 https://dinghuyupinqx.fang.com/
Logger:2020-03-16 00:38:47.246722 https://donghumingzhuhuayuan.fang.com/
Logger:2020-03-16 00:38:48.877291 https://ayshgc.fang.com/
Logger:2020-03-16 00:38:52.095393 https://zhaoqing.newhouse.fang.com/house/s/b910/
Logger:2020-03-16 00:38:52.313564 https://yihuaguojiguangchang.fang.com/
Logger:2020-03-16 00:38:52.563444 https://lingyu88.fang.com/
Logger:2020-03-16 00:38:52.829064 https://dwzygc.fang.com/
Logger:2020-03-16 00:38:53.079580 https://wanweixiju.fang.com/
Logger:2020-03-16 00:38:53.329124 https://dongshengmingyuan.fang.com/
Logger:2020-03-16 00:38:53.579409 https://yulonghuhuayuan.fang.com/
Logger:2020-03-16 00:38:53.860013 https://dawangjinhaian.fang.com/
Logger:2020-03-16 00:38:55.754099 https://jinweilidult.fang.com/
Logger:2020-03-16 00:38:57.745409 https://jinxiuhuating0758.fang.com/
Logger:2020-03-16 00:38:59.260700 https://huayangjiayuan0758.fang.com/
Logger:2020-03-16 00:38:59.657757 https://lijinghuayuan0758.fang.com/
Logger:2020-03-16 00:38:59.938261 https://dinghutaoliyuan.fang.com/
Logger:2020-03-16 00:39:00.250645 https://zgyddywhc.fang.com/
Logger:2020-03-16 00:39:02.766310 https://songlongxiaozhen.fang.com/
Logger:2020-03-16 00:39:02.995480 https://cuiyuluocheng.fang.com/
Logger:2020-03-16 00:39:03.307152 https://jinxiuchunjianghuayuan.fang.com/
Logger:2020-03-16 00:39:03.573232 https://jinxiumingting.fang.com/
Logger:2020-03-16 00:39:05.001557 https://shijiyayuan0758.fang.com/
Logger:2020-03-16 00:39:05.360898 https://dalongwan.fang.com/
Logger:2020-03-16 00:39:05.641349 https://dinghushidai.fang.com/
Logger:2020-03-16 00:39:09.891482 https://zhaoqing.newhouse.fang.com/house/s/b911/
Logger:2020-03-16 00:39:10.094556 https://zijinshangdu1fanhuali.fang.com/
Logger:2020-03-16 00:39:12.647365 https://canghui.fang.com/
Logger:2020-03-16 00:39:12.928766 https://zqdfdrfgc.fang.com/
Logger:2020-03-16 00:39:13.445638 https://fcxtd0758.fang.com/
Logger:2020-03-16 00:39:13.695420 https://wanshigongyugj.fang.com/
Logger:2020-03-16 00:39:15.877691 https://qianxunxishan.fang.com/
Logger:2020-03-16 00:39:16.097109 https://zhongyuanyufeng.fang.com/
Logger:2020-03-16 00:39:18.563820 https://zysdhy.fang.com/
Logger:2020-03-16 00:39:20.648066 https://bgycshy.fang.com/
Logger:2020-03-16 00:39:20.882383 https://xiangbinyihao.fang.com/
Logger:2020-03-16 00:39:22.569445 https://jiahongguojizhongxin2.fang.com/
Logger:2020-03-16 00:39:24.304094 https://hsjrwhzx.fang.com/
Logger:2020-03-16 00:39:24.553882 https://bgyfhbd.fang.com/
Logger:2020-03-16 00:39:26.928524 https://huayingcheng.fang.com/
Logger:2020-03-16 00:39:28.824231 https://xinchengjinyuegongguan.fang.com/
Logger:2020-03-16 00:39:30.855002 https://weilanguoji.fang.com/
Logger:2020-03-16 00:39:34.470013 https://zhaoqing.newhouse.fang.com/house/s/b912/
Logger:2020-03-16 00:39:37.982206 https://zhaoqing.newhouse.fang.com/house/s/b913/
Logger:2020-03-16 00:39:41.527821 https://zhaoqing.newhouse.fang.com/house/s/b914/
