Logger:2020-03-16 10:44:33.782225 https://zhaodong.newhouse.fang.com/house/s/b91/
Logger:2020-03-16 10:44:34.079243 https://wfjy01.fang.com/
Logger:2020-03-16 10:44:35.966840 https://zhaodong.newhouse.fang.com/house/1922795023.htm
Logger:2020-03-16 10:44:36.548762 https://jinxiujiangnan0455.fang.com/
Logger:2020-03-16 10:44:36.916896 https://zdfwsc.fang.com/
Logger:2020-03-16 10:44:38.769736 https://zhaodong.newhouse.fang.com/house/1922794995.htm
Logger:2020-03-16 10:44:39.817728 https://zhaodong.newhouse.fang.com/house/1922791233.htm
Logger:2020-03-16 10:44:40.119749 https://zdylyf.fang.com/
Logger:2020-03-16 10:44:40.483264 https://zdwbxp.fang.com/
Logger:2020-03-16 10:44:40.770435 https://chengshixiangdong.fang.com/
Logger:2020-03-16 10:44:43.879977 https://zhaodong.newhouse.fang.com/house/1922791225.htm
Logger:2020-03-16 10:44:44.609959 https://zhaodong.newhouse.fang.com/house/1922795025.htm
Logger:2020-03-16 10:44:45.895009 https://zhaodong.newhouse.fang.com/house/1922791223.htm
Logger:2020-03-16 10:44:46.255902 https://shengshixinchengmingyuan.fang.com/
Logger:2020-03-16 10:44:47.654840 https://zhaodong.newhouse.fang.com/house/1922795027.htm
Logger:2020-03-16 10:44:48.890517 https://zhaodong.newhouse.fang.com/house/1922791227.htm
Logger:2020-03-16 10:44:50.429975 https://zhaodong.newhouse.fang.com/house/1922791229.htm
Logger:2020-03-16 10:44:51.043045 https://zhongxinguojishangzhuxiaoqu.fang.com/
Logger:2020-03-16 10:44:51.856913 https://zhaodong.newhouse.fang.com/house/1922795029.htm
Logger:2020-03-16 10:44:55.595592 https://zhaodong.newhouse.fang.com/house/s/b92/
Logger:2020-03-16 10:44:59.105327 https://zhaodong.newhouse.fang.com/house/s/b93/
Logger:2020-03-16 10:45:02.532891 https://zhaodong.newhouse.fang.com/house/s/b94/
