Logger:2020-03-16 23:52:10.538647 https://zhaotong.newhouse.fang.com/house/s/b91/
Logger:2020-03-16 23:52:10.857794 https://jinshawanzt.fang.com/
Logger:2020-03-16 23:52:13.550672 https://taipingshengshiheyuan.fang.com/
Logger:2020-03-16 23:52:13.902749 https://shenggengshanshui.fang.com/
Logger:2020-03-16 23:52:14.280705 https://longyunyayuan.fang.com/
Logger:2020-03-16 23:52:14.606827 https://ziguangxiaoqu.fang.com/
Logger:2020-03-16 23:52:17.705198 https://ztshidaifengsahng.fang.com/
Logger:2020-03-16 23:52:18.024776 https://yuandaguangchang.fang.com/2/
Logger:2020-03-16 23:52:18.397903 https://wumengguzhen.fang.com/
Logger:2020-03-16 23:52:18.743961 https://shengshitanglang.fang.com/
Logger:2020-03-16 23:52:19.675803 https://yufengyunfu.fang.com/
Logger:2020-03-16 23:52:19.983978 https://ztypsc.fang.com/
Logger:2020-03-16 23:52:20.343018 https://zhaoyangguojibeichen.fang.com/
Logger:2020-03-16 23:52:20.685103 https://zhongxijinjie.fang.com/
Logger:2020-03-16 23:52:21.003771 https://wenquantaihecheng.fang.com/
Logger:2020-03-16 23:52:21.401366 https://shengdinglixiangshidai.fang.com/
Logger:2020-03-16 23:52:21.997776 https://yunyaoshuixiang.fang.com/
Logger:2020-03-16 23:52:22.279025 https://wanduguojizhaotong.fang.com/
Logger:2020-03-16 23:52:23.141054 https://ztljwenquanxuefu.fang.com/
Logger:2020-03-16 23:52:24.797288 https://nanchenshangdi.fang.com/
Logger:2020-03-16 23:52:26.586140 https://beichengyijing.fang.com/
Logger:2020-03-16 23:52:30.314761 https://zhaotong.newhouse.fang.com/house/s/b92/
Logger:2020-03-16 23:52:30.587001 https://yuansenjuncheng.fang.com/
Logger:2020-03-16 23:52:30.925065 https://chuangshengjiayuaneq.fang.com/
Logger:2020-03-16 23:52:31.576438 https://beibuxinzhou.fang.com/
Logger:2020-03-16 23:52:32.082116 https://ztyqyy.fang.com/
Logger:2020-03-16 23:52:32.384307 https://fushanzhongyangdajie.fang.com/
Logger:2020-03-16 23:52:32.723400 https://shangshanyayuanyueranzhuang.fang.com/
Logger:2020-03-16 23:52:33.031646 https://hehuadisi.fang.com/
Logger:2020-03-16 23:52:34.298012 https://dingtaikangshenghuayuan.fang.com/
Logger:2020-03-16 23:52:34.622144 https://huizhizhongxin.fang.com/
Logger:2020-03-16 23:52:34.940251 https://daguancaifuzxzt.fang.com/
Logger:2020-03-16 23:52:35.249125 https://zhaotonggongxiaosdasha.fang.com/
Logger:2020-03-16 23:52:35.630269 https://zhaotongwenyuanguangchang.fang.com/
Logger:2020-03-16 23:52:35.951381 https://oupaifengjing.fang.com/
Logger:2020-03-16 23:52:36.266538 https://fuhaigongyuzt.fang.com/
Logger:2020-03-16 23:52:36.578703 https://jihuanguojishangmaocheng.fang.com/
Logger:2020-03-16 23:52:38.670071 https://zhaotongyuandashangmaocheng.fang.com/
Logger:2020-03-16 23:52:40.792683 https://fengchicaifuzhongxin.fang.com/
Logger:2020-03-16 23:52:44.507720 https://zhaotong.newhouse.fang.com/house/s/b93/
Logger:2020-03-16 23:52:48.034320 https://zhaotong.newhouse.fang.com/house/s/b94/
Logger:2020-03-16 23:52:51.760271 https://zhaotong.newhouse.fang.com/house/s/b95/
