Logger:2020-03-16 14:14:57.040286 https://zhenjiang.newhouse.fang.com/house/s/b91/
Logger:2020-03-16 14:14:57.362424 https://feicuigongyuanwk0511.fang.com/
Logger:2020-03-16 14:14:57.667607 https://yuelanshanmd.fang.com/
Logger:2020-03-16 14:14:57.967805 https://zhongyelanwan.fang.com/
Logger:2020-03-16 14:14:58.375756 https://junyuefuzn0511.fang.com/
Logger:2020-03-16 14:14:58.716843 https://hengdahuafu0511.fang.com/
Logger:2020-03-16 14:14:59.045920 https://yangshengguyzhd.fang.com/
Logger:2020-03-16 14:14:59.342166 https://jinyulanwanwk0511.fang.com/
Logger:2020-03-16 14:15:02.894626 https://shanyusijiyy.fang.com/
Logger:2020-03-16 14:15:03.283627 https://guanlangongguancjrc.fang.com/
Logger:2020-03-16 14:15:03.613701 https://meidicheng0511.fang.com/
Logger:2020-03-16 14:15:04.043594 https://xinlichengld0511.fang.com/
Logger:2020-03-16 14:15:04.379698 https://xijinfuhd.fang.com/
Logger:2020-03-16 14:15:04.689864 https://hongxingtianbo0511.fang.com/
Logger:2020-03-16 14:15:07.240998 https://changjiangfufl.fang.com/
Logger:2020-03-16 14:15:07.577099 https://feicuijiangwanwkzn.fang.com/
Logger:2020-03-16 14:15:07.884314 https://jiahuixincheng0511.fang.com/
Logger:2020-03-16 14:15:10.809493 https://xinchengyuefujr.fang.com/2/
Logger:2020-03-16 14:15:11.194421 https://rongchuangyuyuan0511.fang.com/
Logger:2020-03-16 14:15:11.574440 https://yundushangyuanjh.fang.com/
Logger:2020-03-16 14:15:11.888634 https://shangyueshiyuanzn.fang.com/
Logger:2020-03-16 14:15:15.723305 https://zhenjiang.newhouse.fang.com/house/s/b92/
Logger:2020-03-16 14:15:16.800425 https://banshangongguanzy.fang.com/
Logger:2020-03-16 14:15:20.449692 https://heshanfuznyj.fang.com/
Logger:2020-03-16 14:15:20.783806 https://jiulixiangpanxc.fang.com/
Logger:2020-03-16 14:15:21.075986 https://shengtangfurcyc.fang.com/
Logger:2020-03-16 14:15:24.563656 https://qixingyuanhy.fang.com/
Logger:2020-03-16 14:15:25.298690 https://lvdicuiyuan.fang.com/
Logger:2020-03-16 14:15:25.620828 https://sijifenghuali.fang.com/
Logger:2020-03-16 14:15:25.921063 https://zhongshanfuzq.fang.com/
Logger:2020-03-16 14:15:32.988121 https://taiguchengxx.fang.com/
Logger:2020-03-16 14:15:33.408994 https://lingjiangge.fang.com/
Logger:2020-03-16 14:15:33.731132 https://yuefubgy0511.fang.com/
Logger:2020-03-16 14:15:34.068230 https://yongheyayuan0511.fang.com/
Logger:2020-03-16 14:15:34.366432 https://ziyuefu0511.fang.com/
Logger:2020-03-16 14:15:34.667668 https://yujingwansm.fang.com/
Logger:2020-03-16 14:15:35.040628 https://nanshanshuzq.fang.com/
Logger:2020-03-16 14:15:35.512367 https://longyuefuxc.fang.com/
Logger:2020-03-16 14:15:36.166641 https://zhongnanjinyue.fang.com/
Logger:2020-03-16 14:15:36.537661 https://jinyujiangwanwk.fang.com/
Logger:2020-03-16 14:15:38.657952 https://linqingyueyayuan.fang.com/
Logger:2020-03-16 14:15:38.920250 https://daguantianxiazj0511.fang.com/
Logger:2020-03-16 14:15:42.239371 https://zhenjiang.newhouse.fang.com/house/s/b93/
Logger:2020-03-16 14:15:42.568490 https://xinyuefuyjl0511.fang.com/
Logger:2020-03-16 14:15:42.877706 https://lujincheng0511.fang.com/
Logger:2020-03-16 14:15:43.344486 https://runjiangfuzh.fang.com/
Logger:2020-03-16 14:15:43.674542 https://jiuyangbgy.fang.com/
Logger:2020-03-16 14:15:44.014622 https://guiyujiangnanlc0511.fang.com/
Logger:2020-03-16 14:15:44.300856 https://meiguizhuangyuan0511.fang.com/
Logger:2020-03-16 14:15:44.673859 https://jrwuyueguangchan.fang.com/
Logger:2020-03-16 14:15:45.014022 https://guangmingnanjun.fang.com/
Logger:2020-03-16 14:15:45.321127 https://bgyjiangnanshijia.fang.com/
Logger:2020-03-16 14:15:45.592439 https://binjianghuafubgy.fang.com/
Logger:2020-03-16 14:15:45.886613 https://hdwhlyc.fang.com/
Logger:2020-03-16 14:15:46.182865 https://zhongyanghuayuanbgy5.fang.com/
Logger:2020-03-16 14:15:47.841385 https://xiangjianglijing20511.fang.com/
Logger:2020-03-16 14:15:48.115651 https://caihongcheng20511.fang.com/
Logger:2020-03-16 14:15:48.413892 https://fusheterf.fang.com/
Logger:2020-03-16 14:15:48.806853 https://hengdayayuan20511.fang.com/
Logger:2020-03-16 14:15:49.118007 https://fenghuangchengbgy.fang.com/
Logger:2020-03-16 14:15:49.445108 https://jinshanmingzhu0511.fang.com/
Logger:2020-03-16 14:15:49.725345 https://tianyizichen.fang.com/
Logger:2020-03-16 14:15:50.087376 https://mingyuan.fang.com/
Logger:2020-03-16 14:15:53.960018 https://zhenjiang.newhouse.fang.com/house/s/b94/
Logger:2020-03-16 14:15:54.252277 https://yidunzundi.fang.com/
Logger:2020-03-16 14:15:54.550437 https://fulinguangchang0511.fang.com/
Logger:2020-03-16 14:15:54.908539 https://yuegangzhenyuan.fang.com/
Logger:2020-03-16 14:15:55.262532 https://xinchenyuanshan.fang.com/
Logger:2020-03-16 14:15:55.561733 https://bgylsyz2.fang.com/
Logger:2020-03-16 14:15:58.745251 https://zhongyinyuecheng0511.fang.com/
Logger:2020-03-16 14:15:59.133178 https://wanshanshangyuan.fang.com/
Logger:2020-03-16 14:15:59.443351 https://yuefuznyc.fang.com/
Logger:2020-03-16 14:15:59.788462 https://jiangnanan0511.fang.com/
Logger:2020-03-16 14:16:00.121533 https://linglongyuewd.fang.com/
Logger:2020-03-16 14:16:02.835274 https://zhongdadongfangjuntingbgy.fang.com/
Logger:2020-03-16 14:16:03.154420 https://yitaijie.fang.com/
Logger:2020-03-16 14:16:03.450666 https://longwanhuafu0511.fang.com/
Logger:2020-03-16 14:16:03.841655 https://runchengguoji.fang.com/
Logger:2020-03-16 14:16:04.191647 https://dongyuanqinshan.fang.com/
Logger:2020-03-16 14:16:04.478877 https://wuyuefangxc.fang.com/
Logger:2020-03-16 14:16:04.784060 https://yueduhuibc.fang.com/
Logger:2020-03-16 14:16:05.190013 https://jiangshanyuexcbgy.fang.com/
Logger:2020-03-16 14:16:05.558987 https://longpanlity.fang.com/
Logger:2020-03-16 14:16:05.859226 https://shengshibinjiangdf.fang.com/
Logger:2020-03-16 14:16:09.658022 https://zhenjiang.newhouse.fang.com/house/s/b95/
Logger:2020-03-16 14:16:09.952277 https://danyanghengdacheng.fang.com/
Logger:2020-03-16 14:16:10.230490 https://wenlanfuygc0511.fang.com/
Logger:2020-03-16 14:16:10.500767 https://jinzunfuth0511.fang.com/
Logger:2020-03-16 14:16:10.799968 https://jinseyangguanghr.fang.com/
Logger:2020-03-16 14:16:11.209870 https://gongyuandaojr.fang.com/
Logger:2020-03-16 14:16:15.387730 https://yudongguoji0511.fang.com/
Logger:2020-03-16 14:16:15.686893 https://xiangxiwanjf.fang.com/
Logger:2020-03-16 14:16:16.063927 https://shanshuibandaorz.fang.com/
Logger:2020-03-16 14:16:16.361090 https://hongxingtangong.fang.com/
Logger:2020-03-16 14:16:16.679239 https://tixiangmanzn0511.fang.com/
Logger:2020-03-16 14:16:17.046257 https://zijingxiangjunrh.fang.com/
Logger:2020-03-16 14:16:17.378410 https://zhongangjingyuan.fang.com/
Logger:2020-03-16 14:16:17.638673 https://zixielishe.fang.com/
Logger:2020-03-16 14:16:21.039575 https://huafutiandi0511.fang.com/
Logger:2020-03-16 14:16:21.571152 https://sujiasahngyeguangchang2015.fang.com/
Logger:2020-03-16 14:16:21.891329 https://zhihuikejizhongxin.fang.com/
Logger:2020-03-16 14:16:22.172581 https://jrbgyfchf2.fang.com/
Logger:2020-03-16 14:16:22.479740 https://shangchengaj.fang.com/
Logger:2020-03-16 14:16:22.926527 https://bojinhuatingbgy.fang.com/
Logger:2020-03-16 14:16:23.208812 https://xianlincuiguxh.fang.com/
Logger:2020-03-16 14:16:27.008606 https://zhenjiang.newhouse.fang.com/house/s/b96/
Logger:2020-03-16 14:16:28.420828 https://2077zhongyanggongyuan.fang.com/
Logger:2020-03-16 14:16:28.846727 https://jingquanyinxiang.fang.com/
Logger:2020-03-16 14:16:31.215353 https://xinyuehuating0511.fang.com/
Logger:2020-03-16 14:16:31.522530 https://shangyayuanfd.fang.com/
Logger:2020-03-16 14:16:31.883591 https://youshanmeidipinzhi.fang.com/
Logger:2020-03-16 14:16:32.201714 https://yijingyuanzj0511.fang.com/
Logger:2020-03-16 14:16:32.487995 https://xinchengwuyueguangchangyz.fang.com/
Logger:2020-03-16 14:16:32.773210 https://taidaqingzhujr.fang.com/
Logger:2020-03-16 14:16:33.147217 https://suningguangchang0511.fang.com/
Logger:2020-03-16 14:16:33.423450 https://hengdayufu0511.fang.com/
Logger:2020-03-16 14:16:33.753571 https://chengshihuayuanjw.fang.com/
Logger:2020-03-16 14:16:34.090661 https://tongchenshijia.fang.com/
Logger:2020-03-16 14:16:34.420777 https://damo.fang.com/
Logger:2020-03-16 14:16:34.678089 https://hfxz511.fang.com/
Logger:2020-03-16 14:16:34.897538 https://chengshiguangchangyl0511.fang.com/
Logger:2020-03-16 14:16:35.193709 https://bgybjs2.fang.com/
Logger:2020-03-16 14:16:35.524824 https://chuntianli0511.fang.com/
Logger:2020-03-16 14:16:35.869946 https://wankelanshan.fang.com/
Logger:2020-03-16 14:16:37.879567 https://huadujincheng.fang.com/
Logger:2020-03-16 14:16:38.273471 https://fengxitai.fang.com/
Logger:2020-03-16 14:16:41.942681 https://zhenjiang.newhouse.fang.com/house/s/b97/
Logger:2020-03-16 14:16:42.243891 https://gelinyunjing.fang.com/
Logger:2020-03-16 14:16:42.549033 https://jinxiuyinshanmf.fang.com/
Logger:2020-03-16 14:16:42.935000 https://meilinwan0511.fang.com/
Logger:2020-03-16 14:16:43.235240 https://jinshanhu1hao.fang.com/
Logger:2020-03-16 14:16:43.585261 https://fenghuangherun.fang.com/
Logger:2020-03-16 14:16:43.901415 https://junlanyuemd.fang.com/
Logger:2020-03-16 14:16:44.240538 https://zhongyeyucuiyuan.fang.com/
Logger:2020-03-16 14:16:44.601545 https://zhenjiangyin.fang.com/
Logger:2020-03-16 14:16:44.909756 https://sijiyangguangzj2.fang.com/
Logger:2020-03-16 14:16:45.264767 https://xiangdiguojixd.fang.com/
Logger:2020-03-16 14:16:45.553994 https://yuejingtai20511.fang.com/3/
Logger:2020-03-16 14:16:45.831253 https://puluowangsixiaozhen.fang.com/
Logger:2020-03-16 14:16:46.136436 https://yulonghu0511.fang.com/
Logger:2020-03-16 14:16:46.546339 https://jinkeguantianxia2.fang.com/
Logger:2020-03-16 14:16:48.568930 https://canglongyujingrc.fang.com/
Logger:2020-03-16 14:16:48.902038 https://youbushuianjh0511.fang.com/
Logger:2020-03-16 14:16:49.238139 https://hutinghuayuanyj.fang.com/
Logger:2020-03-16 14:16:49.597223 https://lingdongtiandi.fang.com/
Logger:2020-03-16 14:16:51.818236 https://huafuziyuan.fang.com/
Logger:2020-03-16 14:16:52.127451 https://bgysjcb0511.fang.com/
Logger:2020-03-16 14:16:55.821526 https://zhenjiang.newhouse.fang.com/house/s/b98/
Logger:2020-03-16 14:16:56.089809 https://dibaohuayuan0511.fang.com/
Logger:2020-03-16 14:16:56.327210 https://delinyishu.fang.com/
Logger:2020-03-16 14:16:56.662316 https://yajulehuayuan0511.fang.com/
Logger:2020-03-16 14:16:56.910614 https://huayijiangnan.fang.com/
Logger:2020-03-16 14:16:57.231792 https://2077qingnianhui.fang.com/
Logger:2020-03-16 14:16:57.531988 https://yinhuhuayuan.fang.com/
Logger:2020-03-16 14:16:57.877028 https://jinheyujing.fang.com/
Logger:2020-03-16 14:16:58.221144 https://taibeishangshangcheng.fang.com/
Logger:2020-03-16 14:16:58.514323 https://bailifengjingjr.fang.com/
Logger:2020-03-16 14:16:58.811571 https://bieyuanyishu.fang.com/
Logger:2020-03-16 14:16:59.109769 https://dingxingdushihui.fang.com/
Logger:2020-03-16 14:16:59.456802 https://xianrenhudujia.fang.com/
Logger:2020-03-16 14:17:02.092750 https://liwancheng.fang.com/
Logger:2020-03-16 14:17:02.408948 https://jinlongyushanshu.fang.com/
Logger:2020-03-16 14:17:02.700125 https://qinglihuating.fang.com/
Logger:2020-03-16 14:17:03.058204 https://shangshufangjr.fang.com/
Logger:2020-03-16 14:17:05.693195 https://huakangguojilongjin.fang.com/
Logger:2020-03-16 14:17:05.972407 https://caifuguangchang0511.fang.com/
Logger:2020-03-16 14:17:06.229684 https://hongyangshanqing.fang.com/
Logger:2020-03-16 14:17:06.651598 https://dongfanglijinghuayuan.fang.com/
Logger:2020-03-16 14:17:10.350659 https://zhenjiang.newhouse.fang.com/house/s/b99/
Logger:2020-03-16 14:17:12.582689 https://yunshanshujl0511.fang.com/
Logger:2020-03-16 14:17:12.850015 https://xianlinguojihc2.fang.com/
Logger:2020-03-16 14:17:13.181087 https://binjiangguojishangcheng.fang.com/
Logger:2020-03-16 14:17:16.365605 https://wuxingjiayuanjr.fang.com/
Logger:2020-03-16 14:17:16.643824 https://maoshanwanyihao0511.fang.com/
Logger:2020-03-16 14:17:16.924074 https://yuhuayuanjy.fang.com/3/
Logger:2020-03-16 14:17:17.249247 https://zhonglianghongyun0511.fang.com/
Logger:2020-03-16 14:17:17.545412 https://jinkexiangshengyue.fang.com/
Logger:2020-03-16 14:17:17.892526 https://yuntuhuayuansm.fang.com/
Logger:2020-03-16 14:17:18.206644 https://beiguwanzs0511.fang.com/
Logger:2020-03-16 14:17:18.561737 https://tianxiyihaoxtd.fang.com/
Logger:2020-03-16 14:17:18.859936 https://shoufujy.fang.com/
Logger:2020-03-16 14:17:19.182076 https://shanlinmingshu.fang.com/
Logger:2020-03-16 14:17:19.509159 https://jingtianhuayuanguanfu.fang.com/
Logger:2020-03-16 14:17:19.896166 https://feilizhongyang0511.fang.com/
Logger:2020-03-16 14:17:21.320389 https://jr.newhouse.fang.com/house/1847213202.htm
Logger:2020-03-16 14:17:21.630531 https://jinqiaohuayuan0511.fang.com/
Logger:2020-03-16 14:17:22.039391 https://wutongshubj.fang.com/
Logger:2020-03-16 14:17:24.955628 https://boyuehuafubgyjr.fang.com/1/
Logger:2020-03-16 14:17:30.629410 https://taoyuanli0511.fang.com/
Logger:2020-03-16 14:17:34.265727 https://zhenjiang.newhouse.fang.com/house/s/b910/
Logger:2020-03-16 14:17:34.589816 https://fumashanzhuang.fang.com/
Logger:2020-03-16 14:17:34.887101 https://xiangjiangzhuangyuanfu.fang.com/
Logger:2020-03-16 14:17:35.172301 https://tianyicheng0511.fang.com/
Logger:2020-03-16 14:17:35.428572 https://daxueyinxiangbgy.fang.com/
Logger:2020-03-16 14:17:35.720790 https://sijijinhui0511.fang.com/
Logger:2020-03-16 14:17:36.014006 https://lufuzhizunhp.fang.com/
Logger:2020-03-16 14:17:36.321184 https://ajhjhy0511.fang.com/
Logger:2020-03-16 14:17:38.479442 https://feicuilvzhou2.fang.com/
Logger:2020-03-16 14:17:38.833502 https://tianyuerongcheng.fang.com/
Logger:2020-03-16 14:17:39.135655 https://shidaitianhuibgybl.fang.com/
Logger:2020-03-16 14:17:39.415906 https://xianlinyingxiang.fang.com/
Logger:2020-03-16 14:17:39.708124 https://gongyuan1haozn.fang.com/
Logger:2020-03-16 14:17:40.069158 https://chenzhongyijing.fang.com/
Logger:2020-03-16 14:17:40.329462 https://dongfangchengyuan.fang.com/
Logger:2020-03-16 14:17:40.624713 https://taolichunfenglc2.fang.com/
Logger:2020-03-16 14:17:40.897978 https://kaixuanguoji0511.fang.com/
Logger:2020-03-16 14:17:45.872663 https://changshanjun0511.fang.com/
Logger:2020-03-16 14:17:46.216769 https://xiangjianggongguanjr.fang.com/
Logger:2020-03-16 14:17:46.618637 https://tianbolongyun.fang.com/
Logger:2020-03-16 14:17:50.731633 https://jr.newhouse.fang.com/house/1846123610.htm
Logger:2020-03-16 14:17:54.712983 https://zhenjiang.newhouse.fang.com/house/s/b911/
Logger:2020-03-16 14:17:54.985255 https://jr.newhouse.fang.com/house/1846123610.htm
Logger:2020-03-16 14:17:55.277473 https://shanghuyaju.fang.com/
Logger:2020-03-16 14:17:55.598614 https://yihuaguangchang.fang.com/
Logger:2020-03-16 14:17:55.940698 https://zhufangdasha.fang.com/
Logger:2020-03-16 14:17:56.269818 https://shanzeyuan.fang.com/
Logger:2020-03-16 14:17:58.612551 https://xldj.fang.com/
Logger:2020-03-16 14:17:58.956631 https://940390.fang.com/
Logger:2020-03-16 14:17:59.225910 https://xiangshanzhuangyuan.fang.com/
Logger:2020-03-16 14:17:59.522118 https://shimaohuayuan0511.fang.com/
Logger:2020-03-16 14:18:03.202330 https://erjiagongyu0511.fang.com/
Logger:2020-03-16 14:18:03.578267 https://yuehewanyt.fang.com/
Logger:2020-03-16 14:18:03.892429 https://maoshanbandao.fang.com/
Logger:2020-03-16 14:18:06.109531 https://yipintangshanjr.fang.com/
Logger:2020-03-16 14:18:06.348901 https://wanfushanzhuang20511.fang.com/
Logger:2020-03-16 14:18:06.602177 https://jindigelinline.fang.com/
Logger:2020-03-16 14:18:06.938278 https://xuefujiayuanhj.fang.com/
Logger:2020-03-16 14:18:07.240469 https://yilanjun.fang.com/
Logger:2020-03-16 14:18:07.558619 https://henglongshidaiguangchangdy.fang.com/
Logger:2020-03-16 14:18:07.857894 https://gaodezhuangyuan0511.fang.com/
Logger:2020-03-16 14:18:08.207882 https://yunheyinxiang2077.fang.com/
Logger:2020-03-16 14:18:12.218186 https://zhenjiang.newhouse.fang.com/house/s/b912/
Logger:2020-03-16 14:18:13.506749 https://puluowangsi20511.fang.com/
Logger:2020-03-16 14:18:13.808899 https://baodihuayushu2.fang.com/
Logger:2020-03-16 14:18:17.506044 https://jdhcyj.fang.com/
Logger:2020-03-16 14:18:17.777282 https://jinlinglangtingyz.fang.com/
Logger:2020-03-16 14:18:18.049555 https://dashandijr.fang.com/
Logger:2020-03-16 14:18:18.370695 https://hepanyaju2.fang.com/
Logger:2020-03-16 14:18:21.393608 https://yunshidaizhongxin.fang.com/
Logger:2020-03-16 14:18:21.700786 https://taibeishangshangcheng0511.fang.com/
Logger:2020-03-16 14:18:22.005016 https://wuzhouhuayuan0511.fang.com/
Logger:2020-03-16 14:18:22.255347 https://yinhezhidu0511.fang.com/
Logger:2020-03-16 14:18:22.584422 https://gexianhuhuayuan.fang.com/
Logger:2020-03-16 14:18:22.854725 https://chengxingshoufu.fang.com/
Logger:2020-03-16 14:18:25.287234 https://zhonghuayangshengguky.fang.com/
Logger:2020-03-16 14:18:25.542545 https://gaokerongyu0511.fang.com/
Logger:2020-03-16 14:18:25.896562 https://lantingshuwd.fang.com/
Logger:2020-03-16 14:18:26.200748 https://shanhuchengyjl0511.fang.com/
Logger:2020-03-16 14:18:28.407882 https://wandamaojr.fang.com/
Logger:2020-03-16 14:18:28.688132 https://wangdamao0511.fang.com/
Logger:2020-03-16 14:18:30.895190 https://baodihuihg.fang.com/
Logger:2020-03-16 14:18:32.155900 https://zijingdagongguan.fang.com/
Logger:2020-03-16 14:18:36.332679 https://zhenjiang.newhouse.fang.com/house/s/b913/
Logger:2020-03-16 14:18:36.634835 https://zhysf.fang.com/
Logger:2020-03-16 14:18:36.951014 https://bgyhdzxdl.fang.com/
Logger:2020-03-16 14:18:39.049416 https://zhaoshangyushansm.fang.com/
Logger:2020-03-16 14:18:39.355558 https://chenshifenjing.fang.com/
Logger:2020-03-16 14:18:39.624875 https://chuangshiji0511.fang.com/
Logger:2020-03-16 14:18:39.907082 https://lsblls.fang.com/
Logger:2020-03-16 14:18:40.235204 https://jiuxiaobieyuan0511.fang.com/
Logger:2020-03-16 14:18:40.650093 https://minghaoyaju.fang.com/
Logger:2020-03-16 14:18:41.721230 https://lsblly.fang.com/
Logger:2020-03-16 14:18:42.021426 https://donghuyayuanjr.fang.com/
Logger:2020-03-16 14:18:42.318674 https://huangpuzhongxin.fang.com/
Logger:2020-03-16 14:18:42.593894 https://chunfengjiangnanxx.fang.com/
Logger:2020-03-16 14:18:42.877179 https://yunhushanzhuang0511.fang.com/
Logger:2020-03-16 14:18:46.445590 https://yijiawenquanyiyangzhongxinzggd.fang.com/
Logger:2020-03-16 14:18:46.794656 https://32dumokahg.fang.com/
Logger:2020-03-16 14:18:47.072912 https://qlszgyj0511.fang.com/
Logger:2020-03-16 14:18:47.339224 https://zhuwuyuanms.fang.com/
Logger:2020-03-16 14:18:47.598581 https://zjnfcppfsc.fang.com/
Logger:2020-03-16 14:18:47.887769 https://xiaoguoyuanheyuan.fang.com/
Logger:2020-03-16 14:18:48.221876 https://wkysj.fang.com/
Logger:2020-03-16 14:18:51.999774 https://zhenjiang.newhouse.fang.com/house/s/b914/
Logger:2020-03-16 14:18:54.921915 https://ledaguangchangbj.fang.com/
Logger:2020-03-16 14:18:55.223108 https://gongguanstgj.fang.com/
Logger:2020-03-16 14:18:55.635007 https://zhonghaotianlu0511.fang.com/
Logger:2020-03-16 14:18:55.889327 https://aijiashangchengdy.fang.com/4
Logger:2020-03-16 14:18:56.005055 https://znsjyy.fang.com/
Logger:2020-03-16 14:18:56.300228 https://fulishihao0511.fang.com/
Logger:2020-03-16 14:18:56.565560 https://sanweigongyu0511.fang.com/
Logger:2020-03-16 14:18:56.871698 https://yingjunhuafu.fang.com/
Logger:2020-03-16 14:18:58.514340 https://jr.newhouse.fang.com/house/1846123586.htm
Logger:2020-03-16 14:19:00.677561 https://jr.newhouse.fang.com/house/1846123584.htm
Logger:2020-03-16 14:19:00.956771 https://xianlongwan0511.fang.com/
Logger:2020-03-16 14:19:01.261954 https://tangchenghui0511.fang.com/
Logger:2020-03-16 14:19:01.568135 https://xijinduhoujie.fang.com/
Logger:2020-03-16 14:19:05.173550 https://zhenjiang.newhouse.fang.com/house/s/b915/
Logger:2020-03-16 14:19:08.679112 https://zhenjiang.newhouse.fang.com/house/s/b916/
Logger:2020-03-16 14:19:12.192712 https://zhenjiang.newhouse.fang.com/house/s/b917/
