Logger:2020-03-17 00:56:59.502424 https://zhenhai.newhouse.fang.com/house/s/b91/
Logger:2020-03-17 00:56:59.736797 https://chunjianglichengsklh.fang.com/
Logger:2020-03-17 00:57:00.007074 https://haishangduhuiwk.fang.com/
Logger:2020-03-17 00:57:00.249467 https://guiyufenghe.fang.com/
Logger:2020-03-17 00:57:02.281026 https://haishangguojigy.fang.com/
Logger:2020-03-17 00:57:02.540298 https://weilanchengshiwk.fang.com/
Logger:2020-03-17 00:57:03.298268 https://zhenhai.newhouse.fang.com/house/2047267228.htm
Logger:2020-03-17 00:57:03.543646 https://wankechenglansedongfang.fang.com/
Logger:2020-03-17 00:57:03.813891 https://baoyifengjingyuyuan.fang.com/
Logger:2020-03-17 00:57:04.078207 https://cuicanyundismzn.fang.com/
Logger:2020-03-17 00:57:04.353447 https://zhenhailishiguangchang.fang.com/
Logger:2020-03-17 00:57:07.491095 https://zhenhaibaolicheng.fang.com/
Logger:2020-03-17 00:57:07.766355 https://huizhijiayuan0574.fang.com/
Logger:2020-03-17 00:57:07.989763 https://disailingli.fang.com/
Logger:2020-03-17 00:57:08.300911 https://zhhengdashanshuicheng.fang.com/
Logger:2020-03-17 00:57:08.541286 https://zhenhaijinseguangchang.fang.com/
Logger:2020-03-17 00:57:08.824511 https://jiulonghupanky.fang.com/
Logger:2020-03-17 00:57:09.125681 https://zhwenshabao.fang.com/
Logger:2020-03-17 00:57:09.359098 https://zhenhaihuatongjinserongwan.fang.com/
Logger:2020-03-17 00:57:09.592467 https://yujinxianggongguan0574.fang.com/
Logger:2020-03-17 00:57:11.290938 https://zhenhai.newhouse.fang.com/house/2047267230.htm
Logger:2020-03-17 00:57:14.779583 https://zhenhai.newhouse.fang.com/house/s/b92/
Logger:2020-03-17 00:57:14.976029 https://dongduxiyue1.fang.com/
Logger:2020-03-17 00:57:15.219416 https://zhenhaixinhaiguoji.fang.com/
Logger:2020-03-17 00:57:18.034846 https://124216.fang.com/
Logger:2020-03-17 00:57:18.276239 https://kaiyuanguanlan.fang.com/
Logger:2020-03-17 00:57:18.816790 https://hanlinjiadizhenhai.fang.com/
Logger:2020-03-17 00:57:19.053122 https://zhenhai.newhouse.fang.com/house/2047267232.htm
Logger:2020-03-17 00:57:19.366323 https://zhenhai.newhouse.fang.com/house/2047267226.htm
Logger:2020-03-17 00:57:21.909524 https://hanningfu.fang.com/
Logger:2020-03-17 00:57:22.323374 https://zhenhaicanghaiguoji.fang.com/
Logger:2020-03-17 00:57:22.597682 https://zhenhaishenghuoguangchang.fang.com/
Logger:2020-03-17 00:57:24.721956 https://fuliyuhubandao.fang.com/
Logger:2020-03-17 00:57:25.017205 https://zhenhaitianhongguoji.fang.com/
Logger:2020-03-17 00:57:31.263460 https://zhenhai.newhouse.fang.com/house/s/b93/
Logger:2020-03-17 00:57:34.821938 https://zhenhai.newhouse.fang.com/house/s/b94/
Logger:2020-03-17 00:57:38.297640 https://zhenhai.newhouse.fang.com/house/s/b95/
