Logger:2020-03-16 10:19:36.626418 https://zhongmou.newhouse.fang.com/house/s/b91/
Logger:2020-03-16 10:19:36.869582 https://148627.fang.com/
Logger:2020-03-16 10:19:40.105519 https://147915.fang.com/
Logger:2020-03-16 10:19:40.425946 https://148569.fang.com/
Logger:2020-03-16 10:19:40.784072 https://148673.fang.com/
Logger:2020-03-16 10:19:41.103738 https://147577.fang.com/
Logger:2020-03-16 10:19:41.510650 https://148127.fang.com/
Logger:2020-03-16 10:19:41.871684 https://148105.fang.com/
Logger:2020-03-16 10:19:42.323004 https://148901.fang.com/
Logger:2020-03-16 10:19:42.727807 https://148789.fang.com/
Logger:2020-03-16 10:19:43.079919 https://148207.fang.com/
Logger:2020-03-16 10:19:43.510926 https://148103.fang.com/
Logger:2020-03-16 10:19:43.885846 https://148199.fang.com/
Logger:2020-03-16 10:19:44.196017 https://148113.fang.com/
Logger:2020-03-16 10:19:44.504192 https://147971.fang.com/
Logger:2020-03-16 10:19:44.817081 https://shanghejunyw.fang.com/
Logger:2020-03-16 10:19:45.187873 https://148057.fang.com/
Logger:2020-03-16 10:19:45.484397 https://guojichenglj0371.fang.com/
Logger:2020-03-16 10:19:45.814111 https://148321.fang.com/
Logger:2020-03-16 10:19:46.174147 https://147609.fang.com/
Logger:2020-03-16 10:19:47.722441 https://zhengzhouzfhc.fang.com/
Logger:2020-03-16 10:19:51.566389 https://zhongmou.newhouse.fang.com/house/s/b92/
Logger:2020-03-16 10:19:51.824674 https://148093.fang.com/
Logger:2020-03-16 10:19:52.232287 https://jianyechuntianli.fang.com/
Logger:2020-03-16 10:19:52.529614 https://zmxianghuyihao.fang.com/
Logger:2020-03-16 10:19:52.789263 https://zmkangqiaoxiangxijun.fang.com/
Logger:2020-03-16 10:19:53.247191 https://zhongbuqimaogang.fang.com/
Logger:2020-03-16 10:19:53.565649 https://zhongmounanxifudi.fang.com/
Logger:2020-03-16 10:19:53.838637 https://zmwankeyu.fang.com/
Logger:2020-03-16 10:19:54.125260 https://dongfangyinzuo0371.fang.com/
Logger:2020-03-16 10:19:54.391522 https://148375.fang.com/
Logger:2020-03-16 10:19:58.954165 https://huaxingdasha0371.fang.com/
Logger:2020-03-16 10:19:59.222354 https://xinchengduojixiyuan.fang.com/
Logger:2020-03-16 10:19:59.507946 https://zmplwslxg.fang.com/
Logger:2020-03-16 10:19:59.771351 https://zhongmoushangdongcheng.fang.com/
Logger:2020-03-16 10:20:00.099149 https://149015.fang.com/
Logger:2020-03-16 10:20:00.408599 https://zmrunchengshiguangli.fang.com/
Logger:2020-03-16 10:20:03.951517 https://zmrclqsf.fang.com/
Logger:2020-03-16 10:20:04.291438 https://dihuahongfu.fang.com/
Logger:2020-03-16 10:20:09.843376 https://zmyaxinmeihaoyijing.fang.com/
Logger:2020-03-16 10:20:10.124565 https://hongfuyihao.fang.com/
Logger:2020-03-16 10:20:10.400345 https://feicuimingzhu0371.fang.com/
Logger:2020-03-16 10:20:14.124493 https://zhongmou.newhouse.fang.com/house/s/b93/
Logger:2020-03-16 10:20:17.129168 https://jidilanhuayu.fang.com/
Logger:2020-03-16 10:20:17.425336 https://zhongmougelinshangdong.fang.com/
Logger:2020-03-16 10:20:17.693993 https://148403.fang.com/
Logger:2020-03-16 10:20:17.974193 https://148151.fang.com/
Logger:2020-03-16 10:20:18.327296 https://zhongmouzhengshangshuanghuwan.fang.com/
Logger:2020-03-16 10:20:23.354407 https://zhongmouxingchengguojidongyuan.fang.com/
Logger:2020-03-16 10:20:25.052136 https://zhongmoumingmenziyuan.fang.com/
Logger:2020-03-16 10:20:29.681752 https://zhongmouyihaogongyuan.fang.com/
Logger:2020-03-16 10:20:29.968544 https://zmzhongyanghuayuan.fang.com/
Logger:2020-03-16 10:20:30.298909 https://zzhengdacheng.fang.com/
Logger:2020-03-16 10:20:36.447640 https://jinmeinanhuafu.fang.com/
Logger:2020-03-16 10:20:36.698222 https://zhongmoulvbobandao.fang.com/
Logger:2020-03-16 10:20:36.958566 https://dongfanglingyuerqi.fang.com/
Logger:2020-03-16 10:20:37.290308 https://donggongqiyejiayuan.fang.com/
Logger:2020-03-16 10:20:37.836234 https://schyl0371.fang.com/
Logger:2020-03-16 10:20:42.349380 https://zhongmouzhengdongmingzhu.fang.com/
Logger:2020-03-16 10:20:42.670862 https://zhongmoujinrunnianhua.fang.com/
Logger:2020-03-16 10:20:42.984711 https://xiangshuwenyuan.fang.com/
Logger:2020-03-16 10:20:43.564941 https://wantongqichebolanyuan.fang.com/
Logger:2020-03-16 10:20:43.826838 https://dongxinguojizhongxin.fang.com/
Logger:2020-03-16 10:20:47.496288 https://zhongmou.newhouse.fang.com/house/s/b94/
Logger:2020-03-16 10:20:47.803806 https://zhongmouhengtaihuafu.fang.com/
Logger:2020-03-16 10:20:48.089056 https://jindiyuanzm.fang.com/
Logger:2020-03-16 10:20:48.392892 https://148835.fang.com/
Logger:2020-03-16 10:20:48.700095 https://lvchengyanminghumeiguiyuan.fang.com/
Logger:2020-03-16 10:20:48.964110 https://148285.fang.com/
Logger:2020-03-16 10:20:49.283008 https://0371bgyhy.fang.com/
Logger:2020-03-16 10:20:49.553546 https://zhongmouxinglianwan.fang.com/
Logger:2020-03-16 10:20:49.825791 https://148369.fang.com/
Logger:2020-03-16 10:20:50.157905 https://zhongmoudonganxicheng.fang.com/
Logger:2020-03-16 10:20:50.395790 https://puluowangshizhongcheng.fang.com/
Logger:2020-03-16 10:20:50.673081 https://xinchengyihaozm.fang.com/
Logger:2020-03-16 10:20:50.951346 https://weiyebaliyinxiang.fang.com/
Logger:2020-03-16 10:20:51.221081 https://zhongmouzhihuichengyunzhu.fang.com/
Logger:2020-03-16 10:20:51.564151 https://yajuleguojihuayuan.fang.com/
Logger:2020-03-16 10:20:51.861119 https://changjiyanyuewan.fang.com/
Logger:2020-03-16 10:20:52.159322 https://148355.fang.com/
Logger:2020-03-16 10:20:52.524621 https://ludouheshijiequ.fang.com/
Logger:2020-03-16 10:20:52.862000 https://sinianguolingguojishequ.fang.com/
Logger:2020-03-16 10:20:53.109232 https://148637.fang.com/
Logger:2020-03-16 10:20:53.442781 https://yuehuhui.fang.com/
Logger:2020-03-16 10:20:57.436148 https://zhongmou.newhouse.fang.com/house/s/b95/
Logger:2020-03-16 10:20:58.044969 https://zdbgy0371.fang.com/
Logger:2020-03-16 10:20:58.305510 https://825617.fang.com/
Logger:2020-03-16 10:20:58.574170 https://zhengdongkuanjingyipin.fang.com/
Logger:2020-03-16 10:20:58.858438 https://zhongmoushangdongting.fang.com/
Logger:2020-03-16 10:20:59.461572 https://zmyaxinmeihaoxiangsong.fang.com/
Logger:2020-03-16 10:20:59.764028 https://jindicheng.fang.com/
Logger:2020-03-16 10:21:00.037172 https://hongdacheyeguangchang.fang.com/
Logger:2020-03-16 10:21:00.318907 https://zhongmoulvbojingyuan.fang.com/
Logger:2020-03-16 10:21:00.666972 https://zmguanlanyihao.fang.com/
Logger:2020-03-16 10:21:00.952003 https://zmlanchengmeiguiyuan.fang.com/
Logger:2020-03-16 10:21:01.316832 https://zhongmousenlinli.fang.com/
Logger:2020-03-16 10:21:01.602193 https://148371.fang.com/
Logger:2020-03-16 10:21:01.910207 https://zhengdongxinchengmeishusanqi.fang.com/
Logger:2020-03-16 10:21:07.073561 https://hanfengshuangxing.fang.com/
Logger:2020-03-16 10:21:07.511683 https://hdylt.fang.com/
Logger:2020-03-16 10:21:08.072750 https://huameiqichebolanyuan.fang.com/
Logger:2020-03-16 10:21:08.391397 https://148787.fang.com/
Logger:2020-03-16 10:21:08.698563 https://zhongyuansuitang.fang.com/
Logger:2020-03-16 10:21:08.926290 https://zhengdongchunhejingming.fang.com/
Logger:2020-03-16 10:21:09.232431 https://bikehanfengxinnengyuankejichanyeyuan.fang.com/
Logger:2020-03-16 10:21:12.956808 https://zhongmou.newhouse.fang.com/house/s/b96/
Logger:2020-03-16 10:21:13.259951 https://jindixinshenghuo.fang.com/
Logger:2020-03-16 10:21:13.544495 https://chenglonghuating.fang.com/
Logger:2020-03-16 10:21:17.494977 https://huayiqipeicheng.fang.com/
Logger:2020-03-16 10:21:17.749107 https://dongfangrunjingsanqi.fang.com/
Logger:2020-03-16 10:21:18.257478 https://zhongmoulanshanxiyu.fang.com/
Logger:2020-03-16 10:21:18.552967 https://zhongmoushijicheng.fang.com/
Logger:2020-03-16 10:21:18.840488 https://dongruncheng0371.fang.com/
Logger:2020-03-16 10:21:19.112360 https://zhongmouyuehuhui.fang.com/
Logger:2020-03-16 10:21:21.393209 https://zhongmoudongfangguantianxia.fang.com/
Logger:2020-03-16 10:21:28.580849 https://yinjiguojilvyoudujiaqu.fang.com/
Logger:2020-03-16 10:21:29.344851 https://zhongmouqiyejiayuan.fang.com/
Logger:2020-03-16 10:21:29.616691 https://xinzhengrunfengxinshang.fang.com/
Logger:2020-03-16 10:21:29.970465 https://zhongmoutiandaoguoji.fang.com/
Logger:2020-03-16 10:21:30.248063 https://wanxiangjinxiuhuayuan.fang.com/
Logger:2020-03-16 10:21:30.545826 https://xianghulizm.fang.com/
Logger:2020-03-16 10:21:30.830606 https://sendazhengdong1hao.fang.com/
Logger:2020-03-16 10:21:35.327913 https://zhongmoudongjunhaojing.fang.com/
Logger:2020-03-16 10:21:35.585825 https://xbcfsl0371.fang.com/
Logger:2020-03-16 10:21:35.851306 https://zmjinquandasha.fang.com/
Logger:2020-03-16 10:21:36.163831 https://lihaizhengdonglohas.fang.com/
Logger:2020-03-16 10:21:39.913302 https://zhongmou.newhouse.fang.com/house/s/b97/
Logger:2020-03-16 10:21:42.326596 https://qichengguojiguangchang.fang.com/
Logger:2020-03-16 10:21:42.592160 https://148147.fang.com/
Logger:2020-03-16 10:21:42.842598 https://baishashangmaocheng.fang.com/
Logger:2020-03-16 10:21:43.107663 https://rongdongrongcheng.fang.com/
Logger:2020-03-16 10:21:43.435786 https://dongfnaghongsanqi.fang.com/
Logger:2020-03-16 10:21:43.711580 https://hongdakejiqiyefuhuajidi.fang.com/
Logger:2020-03-16 10:21:45.076462 https://zmlongzihuguangchang.fang.com/
Logger:2020-03-16 10:21:45.355751 https://zhongmou.newhouse.fang.com/house/2536791335.htm
Logger:2020-03-16 10:21:45.605220 https://zhongmou.newhouse.fang.com/house/2536791341.htm
Logger:2020-03-16 10:21:47.076168 https://zhongmou.newhouse.fang.com/house/2536791345.htm
Logger:2020-03-16 10:21:50.667529 https://zhongmou.newhouse.fang.com/house/s/b98/
Logger:2020-03-16 10:21:54.599405 https://zhongmou.newhouse.fang.com/house/s/b99/
Logger:2020-03-16 10:21:58.043205 https://zhongmou.newhouse.fang.com/house/s/b910/
