Logger:2020-03-16 16:37:18.252104 https://zhongwei.newhouse.fang.com/house/s/b91/
Logger:2020-03-16 16:37:21.929085 https://hengxiangguojizw.fang.com/
Logger:2020-03-16 16:37:24.226022 https://binheshoufuzw.fang.com/
Logger:2020-03-16 16:37:25.318266 https://juningjinshaguoji.fang.com/
Logger:2020-03-16 16:37:27.947502 https://hongbaohuayuanzw.fang.com/
Logger:2020-03-16 16:37:31.069069 https://zirunhuating.fang.com/
Logger:2020-03-16 16:37:31.347324 https://dushiguangchangzwhd.fang.com/
Logger:2020-03-16 16:37:31.694116 https://jiangyuanlongfu.fang.com/
Logger:2020-03-16 16:37:37.212088 https://zongyishanshuicheng.fang.com/
Logger:2020-03-16 16:37:39.675818 https://yujinghuachengzw.fang.com/
Logger:2020-03-16 16:37:42.136480 https://caifubandao.fang.com/
Logger:2020-03-16 16:37:42.448827 https://shangdongmingdi.fang.com/
Logger:2020-03-16 16:37:42.731018 https://zhongqilidu.fang.com/
Logger:2020-03-16 16:37:43.014302 https://weiminchengshi.fang.com/
Logger:2020-03-16 16:37:43.283616 https://yangguangjiaozi.fang.com/
Logger:2020-03-16 16:37:43.608706 https://yinghaixintiandi.fang.com/
Logger:2020-03-16 16:37:43.882936 https://quanminchuangyecheng.fang.com/
Logger:2020-03-16 16:37:47.490763 https://zhongwei.newhouse.fang.com/house/s/b92/
Logger:2020-03-16 16:37:51.545544 https://zhongwei.newhouse.fang.com/house/s/b93/
Logger:2020-03-16 16:37:55.777935 https://zhongwei.newhouse.fang.com/house/s/b94/
