Logger:2020-03-16 11:29:42.022355 https://zhongxiang.newhouse.fang.com/house/s/b91/
Logger:2020-03-16 11:29:42.281733 https://zxyhc2.fang.com/
Logger:2020-03-16 11:29:42.579544 https://zxnhgjgg.fang.com/
Logger:2020-03-16 11:29:42.867797 https://nhgjgg.fang.com/
Logger:2020-03-16 11:29:43.158266 https://zxycf.fang.com/
Logger:2020-03-16 11:29:43.447570 https://zxctyhy.fang.com/
Logger:2020-03-16 11:29:43.812308 https://zxdgssc.fang.com/
Logger:2020-03-16 11:29:46.040350 https://zxtclw.fang.com/
Logger:2020-03-16 11:29:46.447261 https://shuanghulinyuzxct.fang.com/
Logger:2020-03-16 11:29:46.712187 https://hc1h.fang.com/
Logger:2020-03-16 11:29:46.998291 https://zxfhxj.fang.com/
Logger:2020-03-16 11:29:47.295517 https://tianruishoufuzx.fang.com/
Logger:2020-03-16 11:29:47.582658 https://zhongbaiguangchang.fang.com/
Logger:2020-03-16 11:29:47.872357 https://zxyltxxy.fang.com/
Logger:2020-03-16 11:29:48.178494 https://zxlbbjf.fang.com/
Logger:2020-03-16 11:29:50.185818 https://zhongxiang.newhouse.fang.com/house/2633279808.htm
Logger:2020-03-16 11:29:50.451320 https://kytjc.fang.com/
Logger:2020-03-16 11:29:50.701517 https://zxcylt.fang.com/
Logger:2020-03-16 11:29:50.951381 https://zxwfjy.fang.com/
Logger:2020-03-16 11:29:52.812112 https://zhongxiang.newhouse.fang.com/house/2633279804.htm
Logger:2020-03-16 11:29:53.073998 https://zxgkqlf.fang.com/
Logger:2020-03-16 11:29:56.845375 https://zhongxiang.newhouse.fang.com/house/s/b92/
Logger:2020-03-16 11:29:57.249447 https://dfhgc.fang.com/
Logger:2020-03-16 11:30:00.916490 https://zhongxiang.newhouse.fang.com/house/s/b93/
Logger:2020-03-16 11:30:04.681120 https://zhongxiang.newhouse.fang.com/house/s/b94/
Logger:2020-03-16 11:30:08.124413 https://zhongxiang.newhouse.fang.com/house/s/b95/
