Logger:2020-03-17 00:36:54.400265 https://zhoushan.newhouse.fang.com/house/s/b91/
Logger:2020-03-17 00:36:55.402583 https://yuelongwanhd0580.fang.com/
Logger:2020-03-17 00:36:55.732742 https://lanlvheyuan.fang.com/
Logger:2020-03-17 00:36:56.022924 https://dongfangdajingfugm.fang.com/
Logger:2020-03-17 00:36:57.102036 https://yuhaizhuangyuanzshd.fang.com/
Logger:2020-03-17 00:36:57.358386 https://zhongliangdonggangyihao.fang.com/
Logger:2020-03-17 00:36:57.609744 https://zizailingyu.fang.com/
Logger:2020-03-17 00:36:59.462721 https://mingyuetaidt.fang.com/
Logger:2020-03-17 00:36:59.715090 https://fenghuangcheng0580.fang.com/
Logger:2020-03-17 00:36:59.967396 https://lanyuanlc0580.fang.com/
Logger:2020-03-17 00:37:00.226677 https://guanyundashass2.fang.com/
Logger:2020-03-17 00:37:00.510966 https://chengjunyayuan.fang.com/
Logger:2020-03-17 00:37:04.462346 https://boyuexihuhuayuan.fang.com/
Logger:2020-03-17 00:37:05.847659 https://jinchenfu.fang.com/
Logger:2020-03-17 00:37:06.107945 https://donghaifu0580.fang.com/
Logger:2020-03-17 00:37:07.264875 https://shanhaidaguanrcjc.fang.com/
Logger:2020-03-17 00:37:07.543148 https://yunludaguanrcjc.fang.com/
Logger:2020-03-17 00:37:09.174741 https://lanwanguoji0580.fang.com/
Logger:2020-03-17 00:37:09.458986 https://yangliujunyongliuyuan.fang.com/
Logger:2020-03-17 00:37:12.953681 https://jinlanfudigy.fang.com/
Logger:2020-03-17 00:37:13.361540 https://chuangshijirxzs.fang.com/
Logger:2020-03-17 00:37:16.648789 https://zhoushan.newhouse.fang.com/house/s/b92/
Logger:2020-03-17 00:37:16.904063 https://yuechenfusd.fang.com/
Logger:2020-03-17 00:37:17.185353 https://lanjunguojisd.fang.com/
Logger:2020-03-17 00:37:17.464564 https://wanxingfengyu.fang.com/
Logger:2020-03-17 00:37:17.725864 https://yuhaitianxiahdyy.fang.com/
Logger:2020-03-17 00:37:18.044056 https://dongshadujiacunlc.fang.com/
Logger:2020-03-17 00:37:20.256096 https://snhzsncppfscwt.fang.com/
Logger:2020-03-17 00:37:20.488475 https://guanlanwanwx.fang.com/
Logger:2020-03-17 00:37:20.770759 https://hanchengmddx.fang.com/
Logger:2020-03-17 00:37:21.194586 https://gongyuantianxiamd0580.fang.com/
Logger:2020-03-17 00:37:21.466899 https://yunshanfuxs.fang.com/
Logger:2020-03-17 00:37:21.692293 https://feiliwanbgy0580.fang.com/
Logger:2020-03-17 00:37:21.938638 https://changzhidaoyinxingyuanlc.fang.com/
Logger:2020-03-17 00:37:24.146688 https://putuotiandiss.fang.com/
Logger:2020-03-17 00:37:24.418004 https://snncpzhmysczs.fang.com/
Logger:2020-03-17 00:37:26.021715 https://zhongchuangchengzswy.fang.com/
Logger:2020-03-17 00:37:26.936274 https://haigangchengzs0580.fang.com/
Logger:2020-03-17 00:37:27.426912 https://rongyuexinjiedf.fang.com/
Logger:2020-03-17 00:37:28.876044 https://lvchengqinyuan0580.fang.com/
Logger:2020-03-17 00:37:31.058242 https://yangliujunmingliuyuan.fang.com/
Logger:2020-03-17 00:37:31.312543 https://guobinfura.fang.com/
Logger:2020-03-17 00:37:35.122326 https://zhoushan.newhouse.fang.com/house/s/b93/
Logger:2020-03-17 00:37:35.384678 https://liuxiangyuanlc.fang.com/
Logger:2020-03-17 00:37:35.672854 https://nanshanjunxs.fang.com/
Logger:2020-03-17 00:37:36.071787 https://nanshanmeiluzj.fang.com/
Logger:2020-03-17 00:37:37.328425 https://changzhidaofenghuayuan.fang.com/
Logger:2020-03-17 00:37:37.618648 https://changzhidaoxiangzhangyuanlc.fang.com/
Logger:2020-03-17 00:37:37.960733 https://baolongtiandiguangchang.fang.com/
Logger:2020-03-17 00:37:38.225026 https://zichenfu0580.fang.com/
Logger:2020-03-17 00:37:38.913228 https://jinlinfu0580.fang.com/
Logger:2020-03-17 00:37:39.178475 https://liuanxiaofenghuayuan.fang.com/
Logger:2020-03-17 00:37:39.519605 https://yujingguojixh.fang.com/
Logger:2020-03-17 00:37:39.824790 https://zhoushanyin.fang.com/
Logger:2020-03-17 00:37:40.075077 https://putihai.fang.com/
Logger:2020-03-17 00:37:40.336378 https://weilangongyulc.fang.com/
Logger:2020-03-17 00:37:40.679460 https://boyuefusd.fang.com/
Logger:2020-03-17 00:37:40.948778 https://feicuiyuanczd.fang.com/
Logger:2020-03-17 00:37:41.244947 https://wenlanfu.fang.com/
Logger:2020-03-17 00:37:41.628920 https://xinchengshanghuidashazs.fang.com/
Logger:2020-03-17 00:37:41.882242 https://donghaiyinrcjc.fang.com/
Logger:2020-03-17 00:37:42.160499 https://tianbangjiayuanaly.fang.com/
Logger:2020-03-17 00:37:42.428818 https://dongfangmiyuechengbao.fang.com/
Logger:2020-03-17 00:37:46.242577 https://zhoushan.newhouse.fang.com/house/s/b94/
Logger:2020-03-17 00:37:46.480965 https://ruijinguangchang0580.fang.com/
Logger:2020-03-17 00:37:48.165433 https://gaoyunlinlizhongxin.fang.com/
Logger:2020-03-17 00:37:50.648790 https://shenghuolihz.fang.com/
Logger:2020-03-17 00:37:50.882166 https://binganghuayuanrx.fang.com/
Logger:2020-03-17 00:37:54.405781 https://fengjingwan0580.fang.com/
Logger:2020-03-17 00:37:54.669035 https://sailiguangchang.fang.com/
Logger:2020-03-17 00:37:54.948289 https://duhuizhiguang0580.fang.com/
Logger:2020-03-17 00:37:55.225547 https://yinhewan0580.fang.com/
Logger:2020-03-17 00:37:55.514816 https://haiyuefujy.fang.com/
Logger:2020-03-17 00:37:57.549428 https://xinduhuira.fang.com/
Logger:2020-03-17 00:37:59.423318 https://tywbhdjcss.fang.com/
Logger:2020-03-17 00:37:59.666667 https://shengshilijing.fang.com/
Logger:2020-03-17 00:37:59.937983 https://zsxbsyzx.fang.com/
Logger:2020-03-17 00:38:01.863830 https://cuicanshijiablsm.fang.com/
Logger:2020-03-17 00:38:02.109132 https://zhoushanfudx.fang.com/
Logger:2020-03-17 00:38:02.435302 https://chengjunyunlu.fang.com/
Logger:2020-03-17 00:38:02.666641 https://hshzz.fang.com/
Logger:2020-03-17 00:38:02.929980 https://baolongtiandigy.fang.com/
Logger:2020-03-17 00:38:05.422312 https://yunhaixinyuxs.fang.com/
Logger:2020-03-17 00:38:06.551292 https://yijingyuanjt.fang.com/
Logger:2020-03-17 00:38:10.204476 https://zhoushan.newhouse.fang.com/house/s/b95/
Logger:2020-03-17 00:38:10.443911 https://nanshaliss.fang.com/
Logger:2020-03-17 00:38:10.722095 https://yujingyuan0580.fang.com/
Logger:2020-03-17 00:38:11.851119 https://tixiangyuanjr.fang.com/
Logger:2020-03-17 00:38:13.958469 https://ridaguangchang16kela.fang.com/
Logger:2020-03-17 00:38:14.262663 https://ptgjyth.fang.com/
Logger:2020-03-17 00:38:15.931156 https://xiushuiwandujiacun.fang.com/
Logger:2020-03-17 00:38:16.187471 https://aqhdjc.fang.com/
Logger:2020-03-17 00:38:16.471738 https://jinyuanhuating.fang.com/2/
Logger:2020-03-17 00:38:16.697145 https://jinguangmingting.fang.com/
Logger:2020-03-17 00:38:17.000341 https://chsxybwhjwqdjc.fang.com/
Logger:2020-03-17 00:38:19.187444 https://fengshengyayuan0580.fang.com/
Logger:2020-03-17 00:38:21.814418 https://haijingshidaiguangchang.fang.com/
Logger:2020-03-17 00:38:22.056770 https://dongfanggongyuqs.fang.com/
Logger:2020-03-17 00:38:22.328086 https://zhoushanshangmaocheng.fang.com/
Logger:2020-03-17 00:38:22.559424 https://changzhengshangwudasha.fang.com/
Logger:2020-03-17 00:38:22.845697 https://xgsygc.fang.com/
Logger:2020-03-17 00:38:23.105962 https://haimaodasha.fang.com/
Logger:2020-03-17 00:38:23.440112 https://oufengshangjie.fang.com/
Logger:2020-03-17 00:38:27.233962 https://zhoushan.newhouse.fang.com/house/s/b96/
Logger:2020-03-17 00:38:30.806405 https://zhoushan.newhouse.fang.com/house/s/b97/
Logger:2020-03-17 00:38:34.285057 https://zhoushan.newhouse.fang.com/house/s/b98/
