Logger:2020-03-16 09:48:32.426279 https://zhoukou.newhouse.fang.com/house/s/b91/
Logger:2020-03-16 09:48:32.852953 https://tianhejiayuanal.fang.com/?from=xflist_xfgg
Logger:2020-03-16 09:48:33.165571 https://diyichengdx.fang.com/?from=xflist_xfgg
Logger:2020-03-16 09:48:33.524969 https://longyuefujq.fang.com/
Logger:2020-03-16 09:48:34.135626 https://hengdayujing0394.fang.com/
Logger:2020-03-16 09:48:34.453617 https://donglaishangcheng.fang.com/
Logger:2020-03-16 09:48:34.843432 https://wanjicheng.fang.com/
Logger:2020-03-16 09:48:35.186570 https://guiyuan0394.fang.com/
Logger:2020-03-16 09:48:35.468844 https://jialishoufu.fang.com/
Logger:2020-03-16 09:48:35.771952 https://jiulixiangdisd.fang.com/
Logger:2020-03-16 09:48:40.386983 https://tianmingcheng0394.fang.com/
Logger:2020-03-16 09:48:40.850681 https://jianyechengxh.fang.com/
Logger:2020-03-16 09:48:42.220302 https://dachengxiaoyuanjy0394.fang.com/
Logger:2020-03-16 09:48:42.485614 https://jianyecheng0394.fang.com/
Logger:2020-03-16 09:48:47.399804 https://jianyemeihaojiasq.fang.com/
Logger:2020-03-16 09:48:47.742892 https://jianyechenghy.fang.com/2/
Logger:2020-03-16 09:48:48.284904 https://zhongyanggongyuanbgy0394.fang.com/
Logger:2020-03-16 09:48:48.569331 https://jianyexingfulitk.fang.com/
Logger:2020-03-16 09:48:48.892315 https://zhantuyuefutk.fang.com/
Logger:2020-03-16 09:48:49.238343 https://boqunshangheyuan.fang.com/
Logger:2020-03-16 09:48:51.668434 https://jianyeshiyuefu.fang.com/
Logger:2020-03-16 09:48:55.411025 https://zhoukou.newhouse.fang.com/house/s/b92/
Logger:2020-03-16 09:48:55.720405 https://shangshuijianyecheng.fang.com/
Logger:2020-03-16 09:48:56.116158 https://lanchengtaolichunfeng0394.fang.com/
Logger:2020-03-16 09:48:57.718776 https://jinkejimeiqingzhou0394.fang.com/
Logger:2020-03-16 09:48:59.152378 https://boqunyingbinfu.fang.com/
Logger:2020-03-16 09:48:59.440140 https://changjianhupanguojimoco.fang.com/
Logger:2020-03-16 09:48:59.768666 https://jianyechengjunlinfu.fang.com/
Logger:2020-03-16 09:49:00.022371 https://baichengtiandijy.fang.com/
Logger:2020-03-16 09:49:00.319133 https://jianyeshibacheng0394.fang.com/
Logger:2020-03-16 09:49:04.514870 https://zhoukou.newhouse.fang.com/house/2525198421.htm
Logger:2020-03-16 09:49:04.831926 https://jianyeshihefu0394.fang.com/
Logger:2020-03-16 09:49:05.134782 https://putianlongtangwk.fang.com/
Logger:2020-03-16 09:49:05.795072 https://guokonglvcheng.fang.com/
Logger:2020-03-16 09:49:06.076640 https://guokongruizhicheng.fang.com/
Logger:2020-03-16 09:49:06.458618 https://ruyuan0394.fang.com/
Logger:2020-03-16 09:49:06.743855 https://zhoukouwandaguangchang.fang.com/
Logger:2020-03-16 09:49:07.056439 https://jianyechengxc.fang.com/
Logger:2020-03-16 09:49:07.340210 https://shenghuamingcheng0394.fang.com/
Logger:2020-03-16 09:49:07.692618 https://huilinlvzhou0394.fang.com/
Logger:2020-03-16 09:49:10.454251 https://longhushangyuanjy.fang.com/
Logger:2020-03-16 09:49:10.748757 https://shengshihuadujy.fang.com/
Logger:2020-03-16 09:49:14.698978 https://zhoukou.newhouse.fang.com/house/s/b93/
Logger:2020-03-16 09:49:15.312189 https://yifengmengxiangchengzk.fang.com/
Logger:2020-03-16 09:49:15.608975 https://biguiyuanfg.fang.com/
Logger:2020-03-16 09:49:15.874718 https://wandaxiangmihu.fang.com/
Logger:2020-03-16 09:49:16.140177 https://boyuefuzk.fang.com/
Logger:2020-03-16 09:49:16.501060 https://tdxdc.fang.com/
Logger:2020-03-16 09:49:16.797902 https://gongyuanlijy0394.fang.com/
Logger:2020-03-16 09:49:17.397233 https://ouzhouchengfjn0394.fang.com/
Logger:2020-03-16 09:49:18.008580 https://yongningfucj.fang.com/
Logger:2020-03-16 09:49:18.619222 https://yinchengyihaoyuan.fang.com/
Logger:2020-03-16 09:49:20.333961 https://ronghuicheng.fang.com/
Logger:2020-03-16 09:49:22.571247 https://wandashidaiguangchang.fang.com/
Logger:2020-03-16 09:49:23.749106 https://biguiyuanss0394.fang.com/
Logger:2020-03-16 09:49:24.111137 https://lianmengxinchengjy0394.fang.com/
Logger:2020-03-16 09:49:24.390638 https://wandaguangchangzk.fang.com/
Logger:2020-03-16 09:49:26.365497 https://zhoukou.newhouse.fang.com/house/2525790573.htm
Logger:2020-03-16 09:49:26.680629 https://biguiyuan0394.fang.com/
Logger:2020-03-16 09:49:27.047203 https://biguiyuancszg.fang.com/
Logger:2020-03-16 09:49:27.576599 https://biguiyuantianxiwan.fang.com/
Logger:2020-03-16 09:49:27.857480 https://jianyexinchengdc.fang.com/
Logger:2020-03-16 09:49:29.855803 https://huayaocheng0394.fang.com/
Logger:2020-03-16 09:49:34.458633 https://zhoukou.newhouse.fang.com/house/s/b94/
Logger:2020-03-16 09:49:34.897869 https://lvdizitai.fang.com/
Logger:2020-03-16 09:49:35.184088 https://kaiyuanxincheng20394.fang.com/
Logger:2020-03-16 09:49:35.494041 https://fanhuaxincheng.fang.com/
Logger:2020-03-16 09:49:35.794035 https://dechengshuangxi.fang.com/
Logger:2020-03-16 09:49:36.040249 https://longduhongxingguangchang0394.fang.com/
Logger:2020-03-16 09:49:36.305812 https://haijingxiangdiwan.fang.com/
Logger:2020-03-16 09:49:36.604755 https://jianyechengly.fang.com/
Logger:2020-03-16 09:49:36.888257 https://chuntianlijy0394.fang.com/
Logger:2020-03-16 09:49:37.547275 https://guojihuayuanfy.fang.com/3/
Logger:2020-03-16 09:49:39.059802 https://shenqiubiguiyuan.fang.com/
Logger:2020-03-16 09:49:39.322820 https://jianyexinchengfg.fang.com/
Logger:2020-03-16 09:49:39.662446 https://qilinfu.fang.com/
Logger:2020-03-16 09:49:39.888788 https://shengshihaomen.fang.com/
Logger:2020-03-16 09:49:40.189057 https://jianyejichengshangyuan.fang.com/
Logger:2020-03-16 09:49:40.539797 https://xierdunyilinfu.fang.com/
Logger:2020-03-16 09:49:40.825309 https://jiulongfushangdi.fang.com/
Logger:2020-03-16 09:49:41.168641 https://xuefujiayuanwz0394.fang.com/
Logger:2020-03-16 09:49:41.421550 https://zhongyueshangzun.fang.com/
Logger:2020-03-16 09:49:41.733702 https://huayaoshoufu0394.fang.com/
Logger:2020-03-16 09:49:42.033037 https://zhichengjiuhefu.fang.com/
Logger:2020-03-16 09:49:46.028752 https://zhoukou.newhouse.fang.com/house/s/b95/
Logger:2020-03-16 09:49:46.404037 https://jiahehuayuan0394.fang.com/
Logger:2020-03-16 09:49:46.717275 https://whlsyj.fang.com/
Logger:2020-03-16 09:49:47.982262 https://kongquechengfg.fang.com/
Logger:2020-03-16 09:49:51.293966 https://longbanghuafu.fang.com/
Logger:2020-03-16 09:49:52.612385 https://jianyechuntianlitk.fang.com/
Logger:2020-03-16 09:49:52.878558 https://shanghaihuayuan0394.fang.com/
Logger:2020-03-16 09:49:53.490105 https://xiheyujingyuan.fang.com/
Logger:2020-03-16 09:49:56.862230 https://jianyeshanshuihucheng.fang.com/
Logger:2020-03-16 09:49:57.157491 https://gongyuanyihaoyuancj0394.fang.com/
Logger:2020-03-16 09:49:57.454689 https://xuefuchuntian0394.fang.com/
Logger:2020-03-16 09:49:58.036937 https://jianyetianxi.fang.com/
Logger:2020-03-16 09:50:00.238377 https://meilinbandaowz.fang.com/
Logger:2020-03-16 09:50:00.526412 https://wandajinlinfu.fang.com/
Logger:2020-03-16 09:50:08.365232 https://shangshufu0394.fang.com/
Logger:2020-03-16 09:50:08.677717 https://jialimingmen.fang.com/
Logger:2020-03-16 09:50:09.005953 https://jianyeguiyuansq.fang.com/
Logger:2020-03-16 09:50:12.490121 https://chengshizhiguangtianyuebgy.fang.com/
Logger:2020-03-16 09:50:12.817737 https://mingyuejiangnanlc0394.fang.com/
Logger:2020-03-16 09:50:13.099127 https://guangshangtaolichunfeng.fang.com/
Logger:2020-03-16 09:50:19.163557 https://lingxiuxincheng0394.fang.com/
Logger:2020-03-16 09:50:24.192596 https://zhoukou.newhouse.fang.com/house/s/b96/
Logger:2020-03-16 09:50:24.458393 https://guokongyingbinfu.fang.com/
Logger:2020-03-16 09:50:30.180714 https://shuiyunzhanghua.fang.com/
Logger:2020-03-16 09:50:30.951741 https://gongyuanmugegk.fang.com/
Logger:2020-03-16 09:50:31.264323 https://fangyuanmingshuicheng.fang.com/
Logger:2020-03-16 09:50:31.545280 https://jinkejiuhaogongguan.fang.com/
Logger:2020-03-16 09:50:31.811118 https://xinlikangcheng0394.fang.com/
Logger:2020-03-16 09:50:32.404477 https://shengyuanlantingxu.fang.com/
Logger:2020-03-16 09:50:35.748900 https://jintaiwangchao.fang.com/
Logger:2020-03-16 09:50:36.056506 https://ruizhiruyifu.fang.com/
Logger:2020-03-16 09:50:36.319620 https://gongyuanshijia0394.fang.com/
Logger:2020-03-16 09:50:36.629603 https://yongxiuzhonghuacheng.fang.com/
Logger:2020-03-16 09:50:36.933047 https://datanghualongmen.fang.com/
Logger:2020-03-16 09:50:37.220611 https://jinxiujiangnan0394.fang.com/
Logger:2020-03-16 09:50:37.503279 https://jiuhongwanyangnongbocheng.fang.com/
Logger:2020-03-16 09:50:38.032351 https://wujianloucjgc.fang.com/
Logger:2020-03-16 09:50:40.389708 https://zhoukou.newhouse.fang.com/house/2525780273.htm
Logger:2020-03-16 09:50:40.686018 https://zhidiguangchangxiaowaitanjy.fang.com/
Logger:2020-03-16 09:50:41.045308 https://shangyiminguofengqingcheng.fang.com/
Logger:2020-03-16 09:50:41.327192 https://bodeshijiguangchang.fang.com/
Logger:2020-03-16 09:50:41.607731 https://jianyetaihefu.fang.com/
Logger:2020-03-16 09:50:46.147960 https://zhoukou.newhouse.fang.com/house/s/b97/
Logger:2020-03-16 09:50:46.704020 https://juranzhijiayalongguoji.fang.com/
Logger:2020-03-16 09:50:46.972562 https://wanchengjianianhuaguangchang.fang.com/
Logger:2020-03-16 09:50:47.222031 https://zhouyeguojiqichechengsq.fang.com/
Logger:2020-03-16 09:50:47.488055 https://shangyiyingbinhuayuan.fang.com/
Logger:2020-03-16 09:50:47.784399 https://jianyeshengtaicheng.fang.com/
Logger:2020-03-16 09:50:48.362652 https://yangchengfups.fang.com/
Logger:2020-03-16 09:50:48.846648 https://wanjinchengatls.fang.com/
Logger:2020-03-16 09:50:49.143452 https://jianyechengtk.fang.com/
Logger:2020-03-16 09:50:49.502743 https://xiangbinshengyuanjy0394.fang.com/
Logger:2020-03-16 09:50:49.955761 https://yangchengshangyuanjy.fang.com/
Logger:2020-03-16 09:50:50.518476 https://lvyuanchunjianghuayue.fang.com/
Logger:2020-03-16 09:50:55.795575 https://xihuayuan0394.fang.com/
Logger:2020-03-16 09:50:56.148062 https://jiuhaoyuan0394.fang.com/
Logger:2020-03-16 09:50:56.448259 https://hanlinhuafu0394.fang.com/
Logger:2020-03-16 09:50:56.723060 https://zhongxuchunfengshili.fang.com/
Logger:2020-03-16 09:50:59.199636 https://jianyemingdaocheng.fang.com/
Logger:2020-03-16 09:50:59.970999 https://tianlongjundihu.fang.com/
Logger:2020-03-16 09:51:00.268260 https://xilongwanwd.fang.com/
Logger:2020-03-16 09:51:00.519255 https://jianyeweilaicheng0394.fang.com/
Logger:2020-03-16 09:51:00.832178 https://jianyegongyuanlixh.fang.com/
Logger:2020-03-16 09:51:05.519679 https://zhoukou.newhouse.fang.com/house/s/b98/
Logger:2020-03-16 09:51:05.795629 https://fangyuanhupanmingcheng.fang.com/
Logger:2020-03-16 09:51:06.325820 https://guiyuanxiyuan.fang.com/
Logger:2020-03-16 09:51:06.622623 https://wanzhengshijia0394.fang.com/
Logger:2020-03-16 09:51:06.950674 https://fuxigu.fang.com/
Logger:2020-03-16 09:51:07.188888 https://mocoxinshijiecj.fang.com/
Logger:2020-03-16 09:51:07.497042 https://shenghonglangting0394.fang.com/
Logger:2020-03-16 09:51:07.762279 https://binhuguojifjn.fang.com/
Logger:2020-03-16 09:51:08.069094 https://yijianqingcheng.fang.com/
Logger:2020-03-16 09:51:08.347296 https://wanshenglvcheng.fang.com/
Logger:2020-03-16 09:51:14.416110 https://oujingguoji.fang.com/
Logger:2020-03-16 09:51:14.825170 https://yilinyihaogongguan.fang.com/
Logger:2020-03-16 09:51:15.091051 https://hehujun.fang.com/
Logger:2020-03-16 09:51:15.497094 https://jialimanhadun.fang.com/
Logger:2020-03-16 09:51:15.998551 https://yixiangshoufu0394.fang.com/
Logger:2020-03-16 09:51:16.581651 https://lvchengchengyuan0394.fang.com/
Logger:2020-03-16 09:51:17.486930 https://kangxinlanyuewan.fang.com/
Logger:2020-03-16 09:51:17.817435 https://shangshufudongchen.fang.com/
Logger:2020-03-16 09:51:20.686515 https://yujingguoji0394.fang.com/
Logger:2020-03-16 09:51:20.968084 https://shenqiukuailexiaozhen.fang.com/
Logger:2020-03-16 09:51:23.147742 https://beihuayuancj.fang.com/
Logger:2020-03-16 09:51:28.364889 https://zhoukou.newhouse.fang.com/house/s/b99/
Logger:2020-03-16 09:51:28.676998 https://shuirunshangqingyuan.fang.com/
Logger:2020-03-16 09:51:28.957778 https://boqunyihaoyuan.fang.com/
Logger:2020-03-16 09:51:29.254583 https://zeyaoguojinongbochengzs2.fang.com/
Logger:2020-03-16 09:51:29.535766 https://guokonglixiangcheng.fang.com/
Logger:2020-03-16 09:51:30.030837 https://lanyuemeiguiyuan.fang.com/
Logger:2020-03-16 09:51:30.320631 https://whgcszzx.fang.com/
Logger:2020-03-16 09:51:30.819862 https://shangqinghu1haokx.fang.com/
Logger:2020-03-16 09:51:31.078788 https://shanshuijunfu.fang.com/
Logger:2020-03-16 09:51:31.742783 https://xingzhongyuelongtai.fang.com/
Logger:2020-03-16 09:51:31.990597 https://guangshangmenghuancheng.fang.com/
Logger:2020-03-16 09:51:32.502382 https://guokongweilaicheng.fang.com/
Logger:2020-03-16 09:51:34.062310 https://zhoukou.newhouse.fang.com/house/2525785901.htm
Logger:2020-03-16 09:51:34.693719 https://xihuashangyexinzhongxinrs.fang.com/
Logger:2020-03-16 09:51:42.529868 https://shanshuizhoukou.fang.com/
Logger:2020-03-16 09:51:42.827136 https://biguiyuanxinghui.fang.com/
Logger:2020-03-16 09:51:43.357798 https://huanancheng0394.fang.com/
Logger:2020-03-16 09:51:43.638980 https://dongfangxincheng0394.fang.com/
Logger:2020-03-16 09:51:43.965952 https://shangshujiuzhoufu.fang.com/
Logger:2020-03-16 09:51:44.206234 https://chunxiaoxuefuhx.fang.com/
Logger:2020-03-16 09:51:44.460191 https://changjianxinduhuimoco.fang.com/
Logger:2020-03-16 09:51:49.325157 https://zhoukou.newhouse.fang.com/house/s/b910/
Logger:2020-03-16 09:51:49.668371 https://kaixiangyulongcheng.fang.com/
Logger:2020-03-16 09:51:50.012039 https://huyuandajinggk.fang.com/
Logger:2020-03-16 09:51:50.293223 https://kunxitiananjun.fang.com/
Logger:2020-03-16 09:51:50.543164 https://sanchuanaotelaisi.fang.com/
Logger:2020-03-16 09:51:50.826284 https://lvyuantaolichunfeng.fang.com/
Logger:2020-03-16 09:51:56.653414 https://jianyexiyuantk.fang.com/
Logger:2020-03-16 09:51:57.074654 https://juranruyiguangchang.fang.com/
Logger:2020-03-16 09:51:57.340215 https://xiangchenghengtaicheng.fang.com/
Logger:2020-03-16 09:52:03.761560 https://changjianguangchang0394.fang.com/
Logger:2020-03-16 09:52:04.058586 https://wanguocheshijie.fang.com/
Logger:2020-03-16 09:52:04.323925 https://wenchangbuyecheng.fang.com/
Logger:2020-03-16 09:52:04.620774 https://tianmingguojigangyuyuan.fang.com/
Logger:2020-03-16 09:52:05.013789 https://xinjiayuan0394.fang.com/
Logger:2020-03-16 09:52:05.294875 https://yinchengshangheyuan.fang.com/
Logger:2020-03-16 09:52:05.889243 https://shangqinghulihantangjie.fang.com/
Logger:2020-03-16 09:52:12.593095 https://gufengshangyejie.fang.com/
Logger:2020-03-16 09:52:12.861354 https://xingmeijurancheng.fang.com/
Logger:2020-03-16 09:52:16.545394 https://zhoukou.newhouse.fang.com/house/2525763019.htm
Logger:2020-03-16 09:52:23.116604 https://senlinbandaojy0394.fang.com/
Logger:2020-03-16 09:52:23.444654 https://tianpenghuangchao.fang.com/
Logger:2020-03-16 09:52:28.332238 https://zhoukou.newhouse.fang.com/house/s/b911/
Logger:2020-03-16 09:52:28.576107 https://guanlanguojiyf.fang.com/
Logger:2020-03-16 09:52:28.903629 https://jianyeguiyuan0394.fang.com/
Logger:2020-03-16 09:52:29.174521 https://jinshuihuhuayuan.fang.com/
Logger:2020-03-16 09:52:29.486949 https://jinsejiayuan0394.fang.com/
Logger:2020-03-16 09:52:30.100239 https://gllsgw.fang.com/
Logger:2020-03-16 09:52:30.456475 https://jinsedongfangjl.fang.com/
Logger:2020-03-16 09:52:30.771320 https://xurihuating0394.fang.com/
Logger:2020-03-16 09:52:32.606726 https://yangguanghuashu0394.fang.com/
Logger:2020-03-16 09:52:32.907460 https://wenchangsenlinhu.fang.com/
Logger:2020-03-16 09:52:37.767105 https://lufugongguan.fang.com/
Logger:2020-03-16 09:52:38.060935 https://weiyenagongyuan.fang.com/
Logger:2020-03-16 09:52:38.622065 https://junyuexiangshan.fang.com/
Logger:2020-03-16 09:52:38.949394 https://chunlinhuayuan.fang.com/
Logger:2020-03-16 09:52:43.857241 https://xiangyuhuayuan0394.fang.com/
Logger:2020-03-16 09:52:44.153427 https://shiyijiangnan.fang.com/
Logger:2020-03-16 09:52:44.750811 https://balizuoan0394.fang.com/
Logger:2020-03-16 09:52:45.001987 https://yinghechuntianwj.fang.com/
Logger:2020-03-16 09:52:45.337351 https://hongchangyipin.fang.com/
Logger:2020-03-16 09:52:49.764373 https://dadihuafu.fang.com/
Logger:2020-03-16 09:52:50.028209 https://tenglongmingdu.fang.com/
Logger:2020-03-16 09:52:54.605098 https://zhoukou.newhouse.fang.com/house/s/b912/
Logger:2020-03-16 09:52:54.842374 https://chengshiyinxiangzy0394.fang.com/
Logger:2020-03-16 09:52:55.160637 https://xinlianmingyuan0394.fang.com/
Logger:2020-03-16 09:52:55.442193 https://bolingongguan2.fang.com/
Logger:2020-03-16 09:52:57.636307 https://xinhemingcheng.fang.com/
Logger:2020-03-16 09:52:57.905758 https://chengdehuafu.fang.com/
Logger:2020-03-16 09:52:58.235451 https://chengshiguangchangjl0394.fang.com/
Logger:2020-03-16 09:52:58.516634 https://gjsmc.fang.com/
Logger:2020-03-16 09:52:58.814611 https://hagenchenghl.fang.com/
Logger:2020-03-16 09:52:59.096501 https://shenghekuanshijie.fang.com/
Logger:2020-03-16 09:52:59.413076 https://jinyuhuating0394.fang.com/
Logger:2020-03-16 09:53:00.141797 https://zhoukou.newhouse.fang.com/house/2525783489.htm
Logger:2020-03-16 09:53:00.595239 https://baishuoyuan.fang.com/
Logger:2020-03-16 09:53:02.000114 https://zhoukou.newhouse.fang.com/house/2525789411.htm
Logger:2020-03-16 09:53:03.066130 https://zhoukou.newhouse.fang.com/house/2525794367.htm
Logger:2020-03-16 09:53:03.393772 https://shangdongguoji0394.fang.com/
Logger:2020-03-16 09:53:03.676862 https://zhoukouguomao.fang.com/
Logger:2020-03-16 09:53:03.942386 https://yinghuijiayuan.fang.com/
Logger:2020-03-16 09:53:05.871362 https://zhoukou.newhouse.fang.com/house/2525791125.htm
Logger:2020-03-16 09:53:09.604483 https://zhoukou.newhouse.fang.com/house/s/b913/
Logger:2020-03-16 09:53:13.225830 https://zhoukou.newhouse.fang.com/house/s/b914/
Logger:2020-03-16 09:53:16.768920 https://zhoukou.newhouse.fang.com/house/s/b915/
