Logger:2020-03-17 00:46:51.925813 https://zhuji.newhouse.fang.com/house/s/b91/
Logger:2020-03-17 00:46:52.198059 https://xiangshengyunxi.fang.com/
Logger:2020-03-17 00:46:52.459361 https://xiangshengjiangnandayuan.fang.com/
Logger:2020-03-17 00:46:52.759594 https://hengdayuelongfuzhuji.fang.com/
Logger:2020-03-17 00:46:53.051776 https://xiangshenglanguangbaimajun.fang.com/
Logger:2020-03-17 00:46:55.250893 https://wankejunwang0575.fang.com/
Logger:2020-03-17 00:46:55.515218 https://shijijiangwan.fang.com/
Logger:2020-03-17 00:46:56.272161 https://weilaichengxs0575.fang.com/
Logger:2020-03-17 00:46:56.577387 https://zhongmaofuzj.fang.com/
Logger:2020-03-17 00:46:56.843675 https://hengdayulanting.fang.com/
Logger:2020-03-17 00:46:57.128869 https://lxkjc123.fang.com/
Logger:2020-03-17 00:46:57.411114 https://zjshoufu.fang.com/
Logger:2020-03-17 00:46:57.715342 https://biguiyuan0575.fang.com/
Logger:2020-03-17 00:46:57.971617 https://zhujiwandaguangchang.fang.com/
Logger:2020-03-17 00:46:58.228969 https://biguiyuanqiantangfu.fang.com/
Logger:2020-03-17 00:46:58.782446 https://fengzeyuanlz.fang.com/
Logger:2020-03-17 00:46:59.185410 https://yonglihuizhuji.fang.com/
Logger:2020-03-17 00:46:59.438772 https://xiangshengyujiangwan0575.fang.com/
Logger:2020-03-17 00:46:59.714952 https://puyangriver1hao.fang.com/
Logger:2020-03-17 00:46:59.953313 https://ziyuecheng0575.fang.com/
Logger:2020-03-17 00:47:00.244534 https://mengxiangxiaocheng.fang.com/
Logger:2020-03-17 00:47:04.153121 https://zhuji.newhouse.fang.com/house/s/b92/
Logger:2020-03-17 00:47:04.407423 https://hengdabinjiangyufuzj.fang.com/
Logger:2020-03-17 00:47:05.280106 https://yinxiangfengqiao.fang.com/
Logger:2020-03-17 00:47:05.562350 https://tianchengheby.fang.com/
Logger:2020-03-17 00:47:05.811678 https://shuangyuefu.fang.com/
Logger:2020-03-17 00:47:06.097876 https://yurunxyhf.fang.com/
Logger:2020-03-17 00:47:06.907752 https://zhuji.newhouse.fang.com/house/2027193496.htm
Logger:2020-03-17 00:47:07.216924 https://duocaicheng.fang.com/
Logger:2020-03-17 00:47:07.447266 https://0575jczy.fang.com/
Logger:2020-03-17 00:47:07.693607 https://xiangshengjinchenfuzj.fang.com/
Logger:2020-03-17 00:47:07.958897 https://xiangshengyjbay.fang.com/
Logger:2020-03-17 00:47:08.270107 https://xinhongshangdongfu.fang.com/
Logger:2020-03-17 00:47:08.824581 https://hrstarsquare.fang.com/
Logger:2020-03-17 00:47:09.067955 https://chenxixinyuxs.fang.com/
Logger:2020-03-17 00:47:09.925660 https://zhuji.newhouse.fang.com/house/2027193500.htm
Logger:2020-03-17 00:47:10.201898 https://taolichunfengzj.fang.com/
Logger:2020-03-17 00:47:10.433316 https://wangjianghuating.fang.com/
Logger:2020-03-17 00:47:10.672681 https://xuefumingyuanzj.fang.com/
Logger:2020-03-17 00:47:10.907052 https://wenzeyuanzhuji123.fang.com/
Logger:2020-03-17 00:47:11.189267 https://longyuehuating.fang.com/
Logger:2020-03-17 00:47:12.006070 https://qilijinwan.fang.com/
Logger:2020-03-17 00:47:15.478824 https://zhuji.newhouse.fang.com/house/s/b93/
Logger:2020-03-17 00:47:15.717179 https://huaxiachengzj.fang.com/
Logger:2020-03-17 00:47:15.945531 https://jieliyayuanzhj.fang.com/
Logger:2020-03-17 00:47:16.224784 https://buyechengzj.fang.com/
Logger:2020-03-17 00:47:16.473122 https://xhchengfu.fang.com/
Logger:2020-03-17 00:47:16.718507 https://xiangshengjuncity.fang.com/
Logger:2020-03-17 00:47:16.959855 https://biguiyuanzj.fang.com/
Logger:2020-03-17 00:47:17.248091 https://zhongyangmeishuzhuji.fang.com/
Logger:2020-03-17 00:47:17.510390 https://xinlidibowan0575.fang.com/
Logger:2020-03-17 00:47:17.760716 https://languangyongjinwangfu0575.fang.com/
Logger:2020-03-17 00:47:17.997076 https://zhujihuachengxintiandi.fang.com/
Logger:2020-03-17 00:47:18.275299 https://0575flbd.fang.com/
Logger:2020-03-17 00:47:18.803885 https://tianchengjinshangzhuji.fang.com/
Logger:2020-03-17 00:47:19.052220 https://kongquecheng0575.fang.com/
Logger:2020-03-17 00:47:20.876341 https://eastjunyuan.fang.com/
Logger:2020-03-17 00:47:21.205461 https://0575hlyuyuan.fang.com/
Logger:2020-03-17 00:47:21.456790 https://baolongguangchang20575.fang.com/
Logger:2020-03-17 00:47:21.681188 https://xiangximingyuanshengzhou.fang.com/
Logger:2020-03-17 00:47:21.922584 https://hongjingzhuangyuan.fang.com/
Logger:2020-03-17 00:47:22.207779 https://0575taojuyuan.fang.com/
Logger:2020-03-17 00:47:22.464094 https://hdxscityscity.fang.com/
Logger:2020-03-17 00:47:25.963732 https://zhuji.newhouse.fang.com/house/s/b94/
Logger:2020-03-17 00:47:26.188133 https://tianyuefu0575.fang.com/
Logger:2020-03-17 00:47:26.480385 https://huacitysxmd.fang.com/
Logger:2020-03-17 00:47:26.745640 https://xiangshengyunshang.fang.com/
Logger:2020-03-17 00:47:26.972080 https://lvchengxintiandizhuji.fang.com/
Logger:2020-03-17 00:47:27.227350 https://jryjs0575.fang.com/
Logger:2020-03-17 00:47:27.524559 https://dragonshanht.fang.com/
Logger:2020-03-17 00:47:27.806840 https://hongchengruidongyuan.fang.com/
Logger:2020-03-17 00:47:28.103009 https://djycenterhuafu.fang.com/
Logger:2020-03-17 00:47:28.333392 https://langzhenmingyuan.fang.com/
Logger:2020-03-17 00:47:28.644559 https://yijingyuanzhj.fang.com/
Logger:2020-03-17 00:47:28.879930 https://lvchenghuiyuan2.fang.com/
Logger:2020-03-17 00:47:29.203065 https://geidayp.fang.com/
Logger:2020-03-17 00:47:29.560152 https://fengchengmingyuan0575.fang.com/
Logger:2020-03-17 00:47:29.803460 https://yongxinguangchang0575.fang.com/
Logger:2020-03-17 00:47:30.091732 https://guojiwaducfzx.fang.com/
Logger:2020-03-17 00:47:30.323070 https://kongquecehnghanxiuyuefu.fang.com/
Logger:2020-03-17 00:47:30.541486 https://zhongjinmlsj.fang.com/
Logger:2020-03-17 00:47:30.784834 https://kongquechengxnx2.fang.com/
Logger:2020-03-17 00:47:31.084034 https://huichengyayuanzhuji.fang.com/
Logger:2020-03-17 00:47:31.307436 https://wxwlnzhuangyuan.fang.com/
Logger:2020-03-17 00:47:34.804121 https://zhuji.newhouse.fang.com/house/s/b95/
Logger:2020-03-17 00:47:35.053418 https://longcuiyuan2.fang.com/
Logger:2020-03-17 00:47:35.321697 https://dongwangshidaiguangchang.fang.com/
Logger:2020-03-17 00:47:35.551083 https://xinnongdu.fang.com/
Logger:2020-03-17 00:47:35.794473 https://yanghutaoyuan.fang.com/
Logger:2020-03-17 00:47:36.058750 https://hongdagongguan.fang.com/
Logger:2020-03-17 00:47:36.354933 https://dkcitykt.fang.com/
Logger:2020-03-17 00:47:37.183758 https://lyzhenyuan.fang.com/
Logger:2020-03-17 00:47:37.424073 https://xhgarden.fang.com/
Logger:2020-03-17 00:47:37.654458 https://huanleshijie.fang.com/
Logger:2020-03-17 00:47:37.907780 https://0575yongyujuaht.fang.com/
Logger:2020-03-17 00:47:39.783802 https://zizhuyuanry.fang.com/
Logger:2020-03-17 00:47:40.051127 https://baoyingchengyuan.fang.com/
Logger:2020-03-17 00:47:40.298383 https://hlgjqpypc.fang.com/
Logger:2020-03-17 00:47:40.579631 https://henlongqipeicheng.fang.com/
Logger:2020-03-17 00:47:40.833977 https://xinjiexzy.fang.com/
Logger:2020-03-17 00:47:44.372486 https://zhuji.newhouse.fang.com/house/s/b96/
Logger:2020-03-17 00:47:47.766442 https://zhuji.newhouse.fang.com/house/s/b97/
Logger:2020-03-17 00:47:51.313960 https://zhuji.newhouse.fang.com/house/s/b98/
