Logger:2020-03-16 09:22:22.370899 https://zhumadian.newhouse.fang.com/house/s/b91/
Logger:2020-03-16 09:22:23.323765 https://jianyezunfu0396.fang.com/?from=xflist_xfgg
Logger:2020-03-16 09:22:23.667425 https://hengdayuefuyb.fang.com/
Logger:2020-03-16 09:22:24.152082 https://jyshf0396.fang.com/
Logger:2020-03-16 09:22:24.464165 https://xinshidaijiayuanzd.fang.com/
Logger:2020-03-16 09:22:24.763957 https://txjyz.fang.com/
Logger:2020-03-16 09:22:25.107626 https://tongxinyipin.fang.com/
Logger:2020-03-16 09:22:25.420401 https://lvditzcjkjz.fang.com/
Logger:2020-03-16 09:22:25.701558 https://jtssy0396.fang.com/
Logger:2020-03-16 09:22:25.998770 https://atzygg.fang.com/
Logger:2020-03-16 09:22:26.591651 https://xcbgy0396.fang.com/
Logger:2020-03-16 09:22:28.435191 https://xcjyslbd2.fang.com/2/
Logger:2020-03-16 09:22:28.732147 https://pengyucheng.fang.com/
Logger:2020-03-16 09:22:29.060249 https://jyctl0396.fang.com/
Logger:2020-03-16 09:22:29.450351 https://zhidiqingyuan.fang.com/
Logger:2020-03-16 09:22:29.762778 https://ouzhouchengbgyzmd.fang.com/
Logger:2020-03-16 09:22:30.075620 https://jysbc0396.fang.com/4/
Logger:2020-03-16 09:22:30.340767 https://xbyxz0396.fang.com/
Logger:2020-03-16 09:22:31.625254 https://huqiangbalichuntian.fang.com/
Logger:2020-03-16 09:22:32.240675 https://huangjiayizhan.fang.com/
Logger:2020-03-16 09:22:32.530380 https://biguiyuantianyuewan0396.fang.com/
Logger:2020-03-16 09:22:35.840095 https://zhumadian.newhouse.fang.com/house/s/b92/
Logger:2020-03-16 09:22:36.109565 https://xinchengbandaojy.fang.com/
Logger:2020-03-16 09:22:36.416985 https://bingfenzhichuangtx.fang.com/
Logger:2020-03-16 09:22:36.703211 https://yinyueshijia.fang.com/
Logger:2020-03-16 09:22:39.077328 https://pingyubiguiyuan.fang.com/
Logger:2020-03-16 09:22:39.354586 https://pengyuyingbinfu.fang.com/
Logger:2020-03-16 09:22:41.157617 https://xinheyihaoyuanjd.fang.com/
Logger:2020-03-16 09:22:41.549730 https://jianyecheng0396.fang.com/
Logger:2020-03-16 09:22:41.920795 https://tianzhongguoji.fang.com/
Logger:2020-03-16 09:22:42.203257 https://zmdcjjyf.fang.com/
Logger:2020-03-16 09:22:42.489809 https://lantianlanhuxiaozhen.fang.com/
Logger:2020-03-16 09:22:42.975781 https://yinfengqsy.fang.com/
Logger:2020-03-16 09:22:43.603591 https://ddld.fang.com/
Logger:2020-03-16 09:22:43.891474 https://tongxinshiboyuan.fang.com/
Logger:2020-03-16 09:22:44.306555 https://pengyuxincheng.fang.com/
Logger:2020-03-16 09:22:48.271119 https://huangjialantai.fang.com/
Logger:2020-03-16 09:22:55.704084 https://biguiyuanjinkefenghuangwan.fang.com/
Logger:2020-03-16 09:22:56.081843 https://pengyuguojicheng.fang.com/
Logger:2020-03-16 09:22:58.355483 https://dongfangyuefu0396.fang.com/
Logger:2020-03-16 09:23:01.751381 https://shangcaibiguiyuan.fang.com/
Logger:2020-03-16 09:23:02.359606 https://jiakechong0396.fang.com/
Logger:2020-03-16 09:23:06.711946 https://zhumadian.newhouse.fang.com/house/s/b93/
Logger:2020-03-16 09:23:07.000134 https://zybgy.fang.com/
Logger:2020-03-16 09:23:08.335181 https://byjyzdshflj.fang.com/
Logger:2020-03-16 09:23:08.970760 https://zhongyijindi.fang.com/
Logger:2020-03-16 09:23:09.400336 https://zlxhw0396.fang.com/
Logger:2020-03-16 09:23:09.667974 https://zhengyangjianyecheng.fang.com/
Logger:2020-03-16 09:23:11.555372 https://runanjianyecheng.fang.com/
Logger:2020-03-16 09:23:11.867973 https://tianzongyufu0396.fang.com/
Logger:2020-03-16 09:23:12.258840 https://queshanjianyecheng.fang.com/
Logger:2020-03-16 09:23:12.544150 https://zhongyanggongyuan0396.fang.com/
Logger:2020-03-16 09:23:13.087385 https://xpjyctl.fang.com/
Logger:2020-03-16 09:23:18.489600 https://suipingjianyecheng.fang.com/
Logger:2020-03-16 09:23:23.396877 https://zhongduozhonghuanguoji.fang.com/
Logger:2020-03-16 09:23:23.949116 https://ruyifu.fang.com/
Logger:2020-03-16 09:23:24.249993 https://binjiangguojibj.fang.com/
Logger:2020-03-16 09:23:24.529539 https://guojiguangchangzd.fang.com/
Logger:2020-03-16 09:23:24.893616 https://xinheqingheyun.fang.com/
Logger:2020-03-16 09:23:27.008857 https://biyangbiguiyuan.fang.com/
Logger:2020-03-16 09:23:31.175053 https://xuefuchuntianxh.fang.com/
Logger:2020-03-16 09:23:31.477161 https://jiahexincheng0396.fang.com/
Logger:2020-03-16 09:23:31.808473 https://shangcaijianyecheng.fang.com/
Logger:2020-03-16 09:23:35.082576 https://zhumadian.newhouse.fang.com/house/s/b94/
Logger:2020-03-16 09:23:35.367285 https://yinglunxiaozhenlt.fang.com/
Logger:2020-03-16 09:23:40.177793 https://xpjyc.fang.com/
Logger:2020-03-16 09:23:40.763022 https://zysxhf.fang.com/
Logger:2020-03-16 09:23:41.981526 https://baihechuntiancb.fang.com/
Logger:2020-03-16 09:23:42.278376 https://xihuzhuangyuan0396.fang.com/
Logger:2020-03-16 09:23:42.887521 https://dongfanggongguan0396.fang.com/
Logger:2020-03-16 09:23:43.221020 https://jianyebaichengtiandi.fang.com/
Logger:2020-03-16 09:23:47.604639 https://suipingbiguiyuan.fang.com/
Logger:2020-03-16 09:23:48.949814 https://zhididayugongguan.fang.com/
Logger:2020-03-16 09:23:49.502315 https://longwanshijia.fang.com/
Logger:2020-03-16 09:23:49.838972 https://zhididayucheng.fang.com/
Logger:2020-03-16 09:23:50.625650 https://zhumadian.newhouse.fang.com/house/2526180439.htm
Logger:2020-03-16 09:23:50.919746 https://shijijingyuan0396.fang.com/
Logger:2020-03-16 09:23:51.232485 https://queshanxiangshanyipin.fang.com/
Logger:2020-03-16 09:23:51.579580 https://xqsygc.fang.com/
Logger:2020-03-16 09:23:52.093120 https://ygfcgg3.fang.com/
Logger:2020-03-16 09:23:52.641258 https://dongfangjindianhuaerzhongxin.fang.com/
Logger:2020-03-16 09:23:52.936844 https://sanhezidongyuan.fang.com/
Logger:2020-03-16 09:23:53.269435 https://jinchengshuian2.fang.com/
Logger:2020-03-16 09:23:53.573732 https://huayuanmingcheng.fang.com/
Logger:2020-03-16 09:23:57.182404 https://zhumadian.newhouse.fang.com/house/s/b95/
Logger:2020-03-16 09:23:57.452411 https://shtsagjhy.fang.com/
Logger:2020-03-16 09:23:57.757216 https://xymhdsygc.fang.com/
Logger:2020-03-16 09:23:58.031668 https://binjiangyihaotx.fang.com/
Logger:2020-03-16 09:23:58.378420 https://guorunmeilanhu.fang.com/
Logger:2020-03-16 09:23:58.673905 https://tianzhongdiyichengzdshy.fang.com/
Logger:2020-03-16 09:23:59.026051 https://juyuanguoji.fang.com/
Logger:2020-03-16 09:24:00.573251 https://pingyujianyecheng.fang.com/
Logger:2020-03-16 09:24:01.113421 https://yinchengyuefu.fang.com/
Logger:2020-03-16 09:24:01.415619 https://runanbiguiyuan.fang.com/
Logger:2020-03-16 09:24:01.747739 https://jianyegongyuanli0396.fang.com/
Logger:2020-03-16 09:24:02.040446 https://gaotieyihaoas.fang.com/
Logger:2020-03-16 09:24:06.975426 https://bhwxc0396.fang.com/
Logger:2020-03-16 09:24:09.106484 https://biyangzhidishanghefu.fang.com/
Logger:2020-03-16 09:24:14.240578 https://lindihaiwanwb.fang.com/
Logger:2020-03-16 09:24:14.597279 https://jinyushuian.fang.com/
Logger:2020-03-16 09:24:15.904349 https://linxihuayuan0396.fang.com/
Logger:2020-03-16 09:24:16.242460 https://yuelongtai0396.fang.com/
Logger:2020-03-16 09:24:16.563838 https://whwfyh.fang.com/
Logger:2020-03-16 09:24:20.749494 https://biguiyuancaizhoufu.fang.com/
Logger:2020-03-16 09:24:21.023614 https://pyjygyl.fang.com/
Logger:2020-03-16 09:24:24.951139 https://zhumadian.newhouse.fang.com/house/s/b96/
Logger:2020-03-16 09:24:25.214366 https://yujinxiang.fang.com/
Logger:2020-03-16 09:24:25.508135 https://binjiangerhao.fang.com/
Logger:2020-03-16 09:24:25.804041 https://jinhaian0396.fang.com/
Logger:2020-03-16 09:24:26.107257 https://xuqiangshoufu.fang.com/
Logger:2020-03-16 09:24:26.388451 https://dongyueguoji0396.fang.com/
Logger:2020-03-16 09:24:27.544092 https://zdbjgc.fang.com/
Logger:2020-03-16 09:24:28.043456 https://jianyeguiyuan0396.fang.com/
Logger:2020-03-16 09:24:29.559109 https://xibanyaxiaozhenjiuxijun.fang.com/4/
Logger:2020-03-16 09:24:29.887122 https://sxsaqhc.fang.com/2/
Logger:2020-03-16 09:24:30.215461 https://hubinguoji0396.fang.com/
Logger:2020-03-16 09:24:30.480903 https://jinshuiwan0396.fang.com/
Logger:2020-03-16 09:24:32.514047 https://zhumadian.newhouse.fang.com/house/2526180435.htm
Logger:2020-03-16 09:24:32.810803 https://ygfcyz.fang.com/
Logger:2020-03-16 09:24:34.783102 https://shimaozhongxinlt.fang.com/
Logger:2020-03-16 09:24:35.062757 https://xbyxzqhla.fang.com/3/
Logger:2020-03-16 09:24:35.390269 https://zhidishanglinyuan.fang.com/
Logger:2020-03-16 09:24:35.734034 https://fuyuanguangchang0396.fang.com/
Logger:2020-03-16 09:24:36.077776 https://runboxincheng.fang.com/
Logger:2020-03-16 09:24:40.987135 https://yjxfsy.fang.com/
Logger:2020-03-16 09:24:41.268324 https://xuqiangdjyp.fang.com/
Logger:2020-03-16 09:24:45.068943 https://zhumadian.newhouse.fang.com/house/s/b97/
Logger:2020-03-16 09:24:45.365832 https://suipingzhidishanghefu.fang.com/
Logger:2020-03-16 09:24:45.662553 https://suipingjianyesenlinbandao.fang.com/
Logger:2020-03-16 09:24:46.044658 https://yuhuayuanxiyuan.fang.com/
Logger:2020-03-16 09:24:46.294600 https://xsdshj.fang.com/
Logger:2020-03-16 09:24:46.576035 https://yuhuayuan0396.fang.com/
Logger:2020-03-16 09:24:46.872587 https://julongwan0396.fang.com/
Logger:2020-03-16 09:24:47.169968 https://hanlinhuafu0396.fang.com/
Logger:2020-03-16 09:24:48.799808 https://zhidiyulonghuayuan.fang.com/
Logger:2020-03-16 09:24:49.547247 https://tzsdc0396.fang.com/
Logger:2020-03-16 09:24:49.831725 https://dehuihuangjiayili.fang.com/
Logger:2020-03-16 09:24:50.371315 https://shangshanyaju.fang.com/
Logger:2020-03-16 09:24:50.678394 https://rabjf.fang.com/
Logger:2020-03-16 09:24:50.954382 https://zdsqys.fang.com/
Logger:2020-03-16 09:24:51.259777 https://xuqiangguangchang.fang.com/
Logger:2020-03-16 09:24:53.089169 https://xmgjgc.fang.com/
Logger:2020-03-16 09:24:53.630398 https://mmfgcsgc.fang.com/
Logger:2020-03-16 09:24:53.927862 https://jizhidasha0396.fang.com/
Logger:2020-03-16 09:24:54.582029 https://zhongshengxueyuanpai.fang.com/
Logger:2020-03-16 09:24:54.898233 https://yinzuoguangchang0396.fang.com/
Logger:2020-03-16 09:24:55.179338 https://xincaijianyesenlinbandao.fang.com/
Logger:2020-03-16 09:24:58.694135 https://zhumadian.newhouse.fang.com/house/s/b98/
Logger:2020-03-16 09:25:02.283448 https://zhumadian.newhouse.fang.com/house/s/b99/
Logger:2020-03-16 09:25:05.989139 https://zhumadian.newhouse.fang.com/house/s/b910/
