Logger:2020-03-16 11:38:57.810216 https://zhuzhou.newhouse.fang.com/house/s/b91/
Logger:2020-03-16 11:38:58.106514 https://wyyinxiang.fang.com/?from=xflist_xfgg
Logger:2020-03-16 11:38:58.388180 https://hyyyc0731.fang.com/?from=xflist_xfgg
Logger:2020-03-16 11:38:58.731815 https://yeshanhuwanj.fang.com/
Logger:2020-03-16 11:38:59.043792 https://hengdayuelongtaizz.fang.com/
Logger:2020-03-16 11:38:59.356303 https://zhuzhouyujingwan.fang.com/
Logger:2020-03-16 11:38:59.637401 https://hengdahuafuzz.fang.com/
Logger:2020-03-16 11:38:59.996837 https://zhongjianjiangwanyihao.fang.com/
Logger:2020-03-16 11:39:00.317931 https://linxijun.fang.com/
Logger:2020-03-16 11:39:00.586163 https://hcssht.fang.com/
Logger:2020-03-16 11:39:00.898636 https://jkjmyj.fang.com/
Logger:2020-03-16 11:39:01.210874 https://aoyuanyihaohupan.fang.com/
Logger:2020-03-16 11:39:01.713118 https://yujingtianxiahengda.fang.com/
Logger:2020-03-16 11:39:02.024458 https://hcsnf.fang.com/
Logger:2020-03-16 11:39:02.340267 https://hcshennongwan.fang.com/
Logger:2020-03-16 11:39:02.701311 https://hcyxw.fang.com/
Logger:2020-03-16 11:39:02.991948 https://bdzywm1898.fang.com/
Logger:2020-03-16 11:39:03.283565 https://jljqhf.fang.com/
Logger:2020-03-16 11:39:03.611738 https://ydlt.fang.com/
Logger:2020-03-16 11:39:03.909137 https://hdyy0731.fang.com/
Logger:2020-03-16 11:39:04.158798 https://zzjmy.fang.com/
Logger:2020-03-16 11:39:07.431362 https://zhuzhou.newhouse.fang.com/house/s/b92/
Logger:2020-03-16 11:39:07.742602 https://tianxiwanzf.fang.com/
Logger:2020-03-16 11:39:08.093613 https://mdwtzyzz.fang.com/
Logger:2020-03-16 11:39:08.413808 https://jiuxitaibgy.fang.com/
Logger:2020-03-16 11:39:09.187003 https://dongbumeidicheng.fang.com/
Logger:2020-03-16 11:39:10.064187 https://shuimuchuntian.fang.com/
Logger:2020-03-16 11:39:10.361067 https://yiduqingtian.fang.com/
Logger:2020-03-16 11:39:10.673418 https://lyyl.fang.com/
Logger:2020-03-16 11:39:10.939490 https://yidushiguang.fang.com/
Logger:2020-03-16 11:39:11.657559 https://mdxfsyh.fang.com/
Logger:2020-03-16 11:39:12.830702 https://mdzyt.fang.com/
Logger:2020-03-16 11:39:13.049557 https://langqinwanhc.fang.com/
Logger:2020-03-16 11:39:13.346680 https://jindongtzh.fang.com/
Logger:2020-03-16 11:39:13.658983 https://zhuzhoumeidiwan.fang.com/
Logger:2020-03-16 11:39:14.049370 https://zhuzhouchengshitiandi.fang.com/
Logger:2020-03-16 11:39:14.377211 https://ydjlqc.fang.com/
Logger:2020-03-16 11:39:15.674503 https://meidiboyuefu0731.fang.com/
Logger:2020-03-16 11:39:17.333261 https://zhongliangruifu0731.fang.com/
Logger:2020-03-16 11:39:18.643736 https://zzrsds.fang.com/
Logger:2020-03-16 11:39:18.924919 https://ldcjkjz.fang.com/
Logger:2020-03-16 11:39:20.992295 https://lvdi21cheng0731.fang.com/
Logger:2020-03-16 11:39:24.247290 https://zhuzhou.newhouse.fang.com/house/s/b93/
Logger:2020-03-16 11:39:24.528992 https://gkwanfengshangyuanhuyun.fang.com/
Logger:2020-03-16 11:39:24.888268 https://chuntengxiaozhen.fang.com/
Logger:2020-03-16 11:39:25.172687 https://lishengjingjiangcheng.fang.com/
Logger:2020-03-16 11:39:25.521573 https://rsbhgg.fang.com/
Logger:2020-03-16 11:39:26.701805 https://zjyuexitai.fang.com/
Logger:2020-03-16 11:39:27.810372 https://caifuxiangjiangzt.fang.com/
Logger:2020-03-16 11:39:28.081882 https://baijinhangongsh.fang.com/
Logger:2020-03-16 11:39:28.353914 https://jianninghanfu.fang.com/
Logger:2020-03-16 11:39:28.634946 https://shanshuizhoucheng.fang.com/
Logger:2020-03-16 11:39:29.669152 https://xiangshuiwanjh.fang.com/
Logger:2020-03-16 11:39:29.935432 https://qinglongwan.fang.com/
Logger:2020-03-16 11:39:30.247184 https://dangdaishangpinwan.fang.com/
Logger:2020-03-16 11:39:30.559916 https://lilingbiguiyuan.fang.com/
Logger:2020-03-16 11:39:31.387497 https://wanweiyipinxiyuan.fang.com/
Logger:2020-03-16 11:39:31.653061 https://bgyjsyp.fang.com/
Logger:2020-03-16 11:39:32.938030 https://shuimuyangguangli.fang.com/
Logger:2020-03-16 11:39:34.230547 https://sjlxsd.fang.com/
Logger:2020-03-16 11:39:34.555432 https://xiangjiangyuefu0731.fang.com/
Logger:2020-03-16 11:39:36.158082 https://feicuigongyuanbdzy.fang.com/
Logger:2020-03-16 11:39:37.142724 https://tixianglananrc.fang.com/
Logger:2020-03-16 11:39:40.773853 https://zhuzhou.newhouse.fang.com/house/s/b94/
Logger:2020-03-16 11:39:41.087517 https://wangchengtianyue.fang.com/
Logger:2020-03-16 11:39:41.941831 https://langtinglanjiang.fang.com/
Logger:2020-03-16 11:39:42.206733 https://xggc0731.fang.com/
Logger:2020-03-16 11:39:42.521950 https://zzxuefushidai.fang.com/
Logger:2020-03-16 11:39:43.707993 https://youxian.newhouse.fang.com/house/2728249572.htm
Logger:2020-03-16 11:39:44.715512 https://liling.newhouse.fang.com/house/2727249598.htm
Logger:2020-03-16 11:39:44.998240 https://hcjinshuiwan.fang.com/
Logger:2020-03-16 11:39:45.314122 https://hanlinfucf.fang.com/
Logger:2020-03-16 11:39:45.606194 https://meiditanfu.fang.com/
Logger:2020-03-16 11:39:45.946839 https://zzmgydc.fang.com/
Logger:2020-03-16 11:39:46.197344 https://lufubgy.fang.com/
Logger:2020-03-16 11:39:47.014679 https://hetangguandi.fang.com/
Logger:2020-03-16 11:39:47.686232 https://hcmzyh.fang.com/
Logger:2020-03-16 11:39:47.982745 https://licheng0731.fang.com/
Logger:2020-03-16 11:39:48.289342 https://lanxigumd.fang.com/
Logger:2020-03-16 11:39:48.590952 https://changfangxiangjiangfu.fang.com/
Logger:2020-03-16 11:39:48.915328 https://hcgelinshuian.fang.com/
Logger:2020-03-16 11:39:50.368181 https://zzctgg.fang.com/
Logger:2020-03-16 11:39:50.644718 https://wdtsgj.fang.com/
Logger:2020-03-16 11:39:51.756650 https://fengshangshengtaichengyijinjyjxy.fang.com/
Logger:2020-03-16 11:39:55.371308 https://zhuzhou.newhouse.fang.com/house/s/b95/
Logger:2020-03-16 11:39:55.666443 https://fengshangshengtaichengyijinjyjxy.fang.com/
Logger:2020-03-16 11:39:55.971183 https://guocixincheng.fang.com/
Logger:2020-03-16 11:39:56.239629 https://tlhgj.fang.com/
Logger:2020-03-16 11:39:57.904166 https://gxdsmc.fang.com/
Logger:2020-03-16 11:39:58.153405 https://llyygjc.fang.com/
Logger:2020-03-16 11:39:58.497526 https://lltxs.fang.com/
Logger:2020-03-16 11:39:59.613329 https://hydfmd.fang.com/
Logger:2020-03-16 11:40:01.722980 https://jlyyj.fang.com/
Logger:2020-03-16 11:40:01.959842 https://yuyuanwangzuohc.fang.com/
Logger:2020-03-16 11:40:04.401552 https://youxian.newhouse.fang.com/house/2728249562.htm
Logger:2020-03-16 11:40:04.651631 https://guixinhuijinzhongxin.fang.com/
Logger:2020-03-16 11:40:04.933235 https://jingzhaojimeiyunhujk.fang.com/
Logger:2020-03-16 11:40:06.311455 https://0731zhongyangxuefu.fang.com/
Logger:2020-03-16 11:40:06.576317 https://yundingqigu.fang.com/
Logger:2020-03-16 11:40:07.404246 https://xinggeqiduhui.fang.com/
Logger:2020-03-16 11:40:07.654189 https://huachengxuefu.fang.com/
Logger:2020-03-16 11:40:07.935659 https://lishuishanzhuang.fang.com/
Logger:2020-03-16 11:40:08.203583 https://rshf0731.fang.com/
Logger:2020-03-16 11:40:08.791832 https://erhaogongguanjc.fang.com/
Logger:2020-03-16 11:40:11.150898 https://dongyangjialonggang.fang.com/
Logger:2020-03-16 11:40:14.399225 https://zhuzhou.newhouse.fang.com/house/s/b96/
Logger:2020-03-16 11:40:15.129305 https://xiangjianggongguan0731.fang.com/
Logger:2020-03-16 11:40:15.448656 https://zhixinyiduhuayuan.fang.com/
Logger:2020-03-16 11:40:15.749203 https://cfjfty.fang.com/
Logger:2020-03-16 11:40:16.785401 https://weilaiyun1951.fang.com/
Logger:2020-03-16 11:40:17.889313 https://tianyuemingdou.fang.com/
Logger:2020-03-16 11:40:18.133537 https://ylbgy0731.fang.com/
Logger:2020-03-16 11:40:18.489084 https://gkyhly.fang.com/
Logger:2020-03-16 11:40:18.768457 https://junyuegongguancf.fang.com/
Logger:2020-03-16 11:40:19.049208 https://yunlongguojiwd.fang.com/
Logger:2020-03-16 11:40:20.058706 https://ruihenanyuan.fang.com/
Logger:2020-03-16 11:40:20.338707 https://ydxfl0731.fang.com/
Logger:2020-03-16 11:40:20.609004 https://shanheyangguang.fang.com/
Logger:2020-03-16 11:40:21.936523 https://baishengjiayuan0731.fang.com/
Logger:2020-03-16 11:40:22.654698 https://youxian.newhouse.fang.com/house/2728249588.htm
Logger:2020-03-16 11:40:22.970273 https://hcfcw.fang.com/
Logger:2020-03-16 11:40:23.282700 https://ygcxcyf0731.fang.com/
Logger:2020-03-16 11:40:23.584563 https://jingshilongcheng.fang.com/
Logger:2020-03-16 11:40:24.434307 https://zjlntf.fang.com/
Logger:2020-03-16 11:40:24.756813 https://bgyllf.fang.com/
Logger:2020-03-16 11:40:26.879040 https://plshijicheng.fang.com/
Logger:2020-03-16 11:40:30.654032 https://zhuzhou.newhouse.fang.com/house/s/b97/
Logger:2020-03-16 11:40:30.946704 https://zzkangqiaoxiaozhen.fang.com/
Logger:2020-03-16 11:40:31.290842 https://qbgyl.fang.com/
Logger:2020-03-16 11:40:31.555935 https://yzbgyyzf3.fang.com/
Logger:2020-03-16 11:40:31.826491 https://yihaogongguan20731.fang.com/
Logger:2020-03-16 11:40:32.107646 https://jiachengqingyunfu.fang.com/
Logger:2020-03-16 11:40:32.450888 https://xinhualianguangchang0731.fang.com/
Logger:2020-03-16 11:40:32.732316 https://lujianghuafu.fang.com/
Logger:2020-03-16 11:40:33.763921 https://beiouxiaozhen0731.fang.com/2/
Logger:2020-03-16 11:40:34.045826 https://wfsyxj.fang.com/
Logger:2020-03-16 11:40:35.544860 https://xindulijing.fang.com/
Logger:2020-03-16 11:40:35.858205 https://lisanmingdi.fang.com/
Logger:2020-03-16 11:40:36.171024 https://senlingongguan.fang.com/
Logger:2020-03-16 11:40:37.406488 https://baojiangnanchengshouzuo.fang.com/
Logger:2020-03-16 11:40:38.400670 https://hetangyuese20731.fang.com/
Logger:2020-03-16 11:40:38.692516 https://yijingwan0731.fang.com/
Logger:2020-03-16 11:40:39.734719 https://llozc.fang.com/
Logger:2020-03-16 11:40:39.984667 https://jinanfsdsc.fang.com/
Logger:2020-03-16 11:40:40.281778 https://syyqygg.fang.com/
Logger:2020-03-16 11:40:40.635247 https://gtqnjq.fang.com/
Logger:2020-03-16 11:40:40.938592 https://gsylw.fang.com/
Logger:2020-03-16 11:40:44.554746 https://zhuzhou.newhouse.fang.com/house/s/b98/
Logger:2020-03-16 11:40:44.816041 https://dahanhuipu.fang.com/
Logger:2020-03-16 11:40:46.267185 https://jttxht.fang.com/
Logger:2020-03-16 11:40:47.530780 https://youxianzijinmingmen.fang.com/
Logger:2020-03-16 11:40:49.545779 https://zzskgg.fang.com/
Logger:2020-03-16 11:40:49.814841 https://sgmiligc.fang.com/
Logger:2020-03-16 11:40:50.096270 https://duhuizhongxin0731.fang.com/
Logger:2020-03-16 11:40:51.283244 https://youxian.newhouse.fang.com/house/2728249556.htm
Logger:2020-03-16 11:40:51.517564 https://hcclw.fang.com/
Logger:2020-03-16 11:40:51.830513 https://ydmlgg.fang.com/
Logger:2020-03-16 11:40:52.658607 https://ssjlw.fang.com/
Logger:2020-03-16 11:40:52.986016 https://guotousmslcf.fang.com/
Logger:2020-03-16 11:40:53.283123 https://mingfengtingyuan.fang.com/
Logger:2020-03-16 11:40:54.642547 https://bgycyyp0731.fang.com/
Logger:2020-03-16 11:40:54.895761 https://yidusuiyuan.fang.com/
Logger:2020-03-16 11:40:55.208188 https://qibinjiuxi.fang.com/
Logger:2020-03-16 11:40:55.536461 https://cljrzj.fang.com/
Logger:2020-03-16 11:40:56.788832 https://lkjndy.fang.com/
Logger:2020-03-16 11:40:57.023421 https://hengmaokaixuanchenga381.fang.com/
Logger:2020-03-16 11:40:57.304839 https://qlynd.fang.com/
Logger:2020-03-16 11:40:57.721709 https://smfxyh.fang.com/
Logger:2020-03-16 11:41:01.355406 https://zhuzhou.newhouse.fang.com/house/s/b99/
Logger:2020-03-16 11:41:01.651644 https://zzsggc.fang.com/
Logger:2020-03-16 11:41:01.995750 https://jincheng0731.fang.com/
Logger:2020-03-16 11:41:02.323931 https://xflcfzy.fang.com/
Logger:2020-03-16 11:41:02.620113 https://xuefugangwan.fang.com/2/
Logger:2020-03-16 11:41:02.902936 https://xflxwt.fang.com/
Logger:2020-03-16 11:41:03.149805 https://taibeicheng.fang.com/
Logger:2020-03-16 11:41:03.448654 https://runxingboyue.fang.com/
Logger:2020-03-16 11:41:03.733060 https://yalitianjiao.fang.com/
Logger:2020-03-16 11:41:04.012793 https://dhxfl0731.fang.com/
Logger:2020-03-16 11:41:04.310012 https://xinhualiantongmengjie.fang.com/
Logger:2020-03-16 11:41:07.048688 https://lilinggkhgyg.fang.com/
Logger:2020-03-16 11:41:08.624367 https://tianciwanxianghui.fang.com/
Logger:2020-03-16 11:41:09.451971 https://yanlinghsyhgg.fang.com/
Logger:2020-03-16 11:41:09.720510 https://llboxzeq.fang.com/
Logger:2020-03-16 11:41:12.029332 https://csfjhxy.fang.com/
Logger:2020-03-16 11:41:12.310824 https://zhuzhouzjmm.fang.com/
Logger:2020-03-16 11:41:13.325561 https://zhengtaixincheng.fang.com/
Logger:2020-03-16 11:41:13.576043 https://lilingyidusg.fang.com/
Logger:2020-03-16 11:41:13.875102 https://wanzhongfengxigangwan.fang.com/
Logger:2020-03-16 11:41:14.095690 https://yinshanyuyuan.fang.com/
Logger:2020-03-16 11:41:17.769511 https://zhuzhou.newhouse.fang.com/house/s/b910/
Logger:2020-03-16 11:41:18.057436 https://shijiguangchang0731.fang.com/
Logger:2020-03-16 11:41:18.344692 https://tlydsp.fang.com/
Logger:2020-03-16 11:41:18.673130 https://yucilijing.fang.com/
Logger:2020-03-16 11:41:18.974150 https://zftcf.fang.com/
Logger:2020-03-16 11:41:19.270996 https://yijingwan20731.fang.com/
Logger:2020-03-16 11:41:20.103896 https://donghugongguan0731.fang.com/
Logger:2020-03-16 11:41:21.903304 https://hyjyhf0731.fang.com/
Logger:2020-03-16 11:41:22.152961 https://jinyumingyuan0731.fang.com/
Logger:2020-03-16 11:41:22.965605 https://200394.fang.com/
Logger:2020-03-16 11:41:23.261771 https://qlwwdjnf.fang.com/
Logger:2020-03-16 11:41:23.555060 https://ruiheshangcheng.fang.com/
Logger:2020-03-16 11:41:23.831689 https://ysdfdy.fang.com/2/
Logger:2020-03-16 11:41:24.143595 https://shuxiangmingdi20731.fang.com/
Logger:2020-03-16 11:41:24.496675 https://douhuicheng.fang.com/
Logger:2020-03-16 11:41:25.796116 https://youxian.newhouse.fang.com/house/2728249590.htm
Logger:2020-03-16 11:41:26.052509 https://xianghongbiyujiayuan.fang.com/
Logger:2020-03-16 11:41:26.333270 https://hkckcy.fang.com/
Logger:2020-03-16 11:41:26.599486 https://r26jchyjkcyy.fang.com/
Logger:2020-03-16 11:41:26.892824 https://chuangyichanyeyuangtfs.fang.com/
Logger:2020-03-16 11:41:27.640023 https://0731hualiguoji.fang.com/
Logger:2020-03-16 11:41:31.311413 https://zhuzhou.newhouse.fang.com/house/s/b911/
Logger:2020-03-16 11:41:31.720644 https://gtgdzzcyy.fang.com/
Logger:2020-03-16 11:41:31.993487 https://shishangxianshengsg.fang.com/
Logger:2020-03-16 11:41:32.324788 https://jingtouchuangkedasha.fang.com/
Logger:2020-03-16 11:41:32.639130 https://yunshangju.fang.com/
Logger:2020-03-16 11:41:32.952048 https://zzdxyshmy.fang.com/
Logger:2020-03-16 11:41:33.940869 https://jinshijipifadashichangnfcp.fang.com/
Logger:2020-03-16 11:41:34.222052 https://hcbmdd.fang.com/
Logger:2020-03-16 11:41:34.503238 https://shangyangjingcheng.fang.com/
Logger:2020-03-16 11:41:38.141120 https://zhuzhou.newhouse.fang.com/house/s/b912/
Logger:2020-03-16 11:41:42.720847 https://zhuzhou.newhouse.fang.com/house/s/b913/
Logger:2020-03-16 11:41:46.270949 https://zhuzhou.newhouse.fang.com/house/s/b914/
