Logger:2020-03-16 20:41:13.094563 https://zigong.newhouse.fang.com/house/s/b91/
Logger:2020-03-16 20:41:13.386846 https://rcgxy.fang.com/
Logger:2020-03-16 20:41:15.875480 https://xinlidibowan0813.fang.com/
Logger:2020-03-16 20:41:16.188425 https://hqcbgyfhc.fang.com/
Logger:2020-03-16 20:41:16.471685 https://hengdalvzhou0813.fang.com/
Logger:2020-03-16 20:41:21.004503 https://wandaguangchangzg.fang.com/
Logger:2020-03-16 20:41:21.336614 https://nanhuyinxiangtf.fang.com/
Logger:2020-03-16 20:41:23.599325 https://sainahepanjh.fang.com/
Logger:2020-03-16 20:41:23.979459 https://gongshanyihaolg.fang.com/
Logger:2020-03-16 20:41:24.235944 https://shangdongmeiyuyd.fang.com/
Logger:2020-03-16 20:41:26.585033 https://lanyingmeilu.fang.com/
Logger:2020-03-16 20:41:28.724095 https://linjianmeishu.fang.com/
Logger:2020-03-16 20:41:32.299457 https://haosidengbaolk.fang.com/
Logger:2020-03-16 20:41:32.757231 https://longyuerunjinghx.fang.com/
Logger:2020-03-16 20:41:33.133266 https://shidaichuntianmr.fang.com/
Logger:2020-03-16 20:41:33.635006 https://milanchuntiantf.fang.com/
Logger:2020-03-16 20:41:33.966293 https://guanjingnanchengmz.fang.com/
Logger:2020-03-16 20:41:34.232581 https://sijihuachengjj.fang.com/2/
Logger:2020-03-16 20:41:37.946537 https://zigong.newhouse.fang.com/house/s/b92/
Logger:2020-03-16 20:41:44.551778 https://zigong.newhouse.fang.com/house/s/b93/
Logger:2020-03-16 20:41:48.601387 https://zigong.newhouse.fang.com/house/s/b94/
