Logger:2020-03-16 20:53:33.359884 https://ziyang.newhouse.fang.com/house/s/b91/
Logger:2020-03-16 20:53:36.179418 https://zhixinlifu028.fang.com/
Logger:2020-03-16 20:53:39.023155 https://zywdgc.fang.com/
Logger:2020-03-16 20:53:39.353275 https://huajunzyhyn.fang.com/
Logger:2020-03-16 20:53:39.706371 https://zixixuefuypd.fang.com/
Logger:2020-03-16 20:53:40.020526 https://jintingxinjie.fang.com/
Logger:2020-03-16 20:53:42.621735 https://binjiangguojizt.fang.com/
Logger:2020-03-16 20:53:43.005997 https://zijintailjth.fang.com/
Logger:2020-03-16 20:53:45.474475 https://jimeitianyuejk.fang.com/
Logger:2020-03-16 20:53:45.810626 https://gongyuanxuefulg.fang.com/
Logger:2020-03-16 20:53:46.160554 https://dingchenghongfujj.fang.com/
Logger:2020-03-16 20:53:46.504589 https://hengdamingdu0832.fang.com/
Logger:2020-03-16 20:53:46.906578 https://huijinmingcheng028.fang.com/
Logger:2020-03-16 20:53:47.229771 https://dongcheng1hao0832.fang.com/
Logger:2020-03-16 20:53:47.603494 https://jiuqu1haohx.fang.com/
Logger:2020-03-16 20:53:47.929777 https://xiwangchengzy.fang.com/
Logger:2020-03-16 20:53:48.310760 https://yfgjhy.fang.com/
Logger:2020-03-16 20:53:53.214944 https://anyuezhongdi.fang.com/
Logger:2020-03-16 20:53:53.545097 https://184764.fang.com/
Logger:2020-03-16 20:53:57.575775 https://kaixuanguojizd.fang.com/
Logger:2020-03-16 20:53:57.955736 https://tuodongyinxiang.fang.com/
Logger:2020-03-16 20:54:03.418276 https://ziyang.newhouse.fang.com/house/s/b92/
Logger:2020-03-16 20:54:06.644700 https://jywnssc.fang.com/
Logger:2020-03-16 20:54:06.950882 https://ziyundongchengbb.fang.com/
Logger:2020-03-16 20:54:07.344870 https://shuirundongdu.fang.com/
Logger:2020-03-16 20:54:07.700442 https://shengteluopei.fang.com/
Logger:2020-03-16 20:54:08.019326 https://zhidicheng.fang.com/
Logger:2020-03-16 20:54:10.726873 https://zscfzx.fang.com/
Logger:2020-03-16 20:54:11.270418 https://chengnanchuntian2028.fang.com/
Logger:2020-03-16 20:54:16.925383 https://zhonghanguangchang.fang.com/
Logger:2020-03-16 20:54:17.227579 https://aoxinjincheng2.fang.com/
Logger:2020-03-16 20:54:17.549245 https://shangdongyijing.fang.com/
Logger:2020-03-16 20:54:17.916927 https://1haogongguanyz.fang.com/
Logger:2020-03-16 20:54:18.216146 https://longwanbandaofl.fang.com/
Logger:2020-03-16 20:54:18.523323 https://yangguanghuating0832.fang.com/
Logger:2020-03-16 20:54:18.861490 https://huaxijiayuan.fang.com/
Logger:2020-03-16 20:54:19.231505 https://jhgjjxy.fang.com/
Logger:2020-03-16 20:54:19.565537 https://ejiatianxia.fang.com/
Logger:2020-03-16 20:54:19.852824 https://hengdacheng0832.fang.com/
Logger:2020-03-16 20:54:20.186475 https://ziyuefuzy.fang.com/
Logger:2020-03-16 20:54:20.599852 https://yidunzhuangyuan028.fang.com/
Logger:2020-03-16 20:54:20.924982 https://huatingguifu.fang.com/
Logger:2020-03-16 20:54:25.004603 https://ziyang.newhouse.fang.com/house/s/b93/
Logger:2020-03-16 20:54:26.852278 https://xiangyuefulj028.fang.com/
Logger:2020-03-16 20:54:27.171982 https://lijingyajujt.fang.com/
Logger:2020-03-16 20:54:27.558907 https://zhongjiaojinwan.fang.com/
Logger:2020-03-16 20:54:27.948883 https://shangyechengmz.fang.com/
Logger:2020-03-16 20:54:28.264826 https://tianciguangchang028.fang.com/
Logger:2020-03-16 20:54:30.748986 https://hthcsz.fang.com/
Logger:2020-03-16 20:54:31.266602 https://yanjianghuafu.fang.com/
Logger:2020-03-16 20:54:31.754593 https://ningdououcheng.fang.com/
Logger:2020-03-16 20:54:32.066306 https://huafuxicheng.fang.com/
Logger:2020-03-16 20:54:32.389405 https://hongxingmeikailong028.fang.com/
Logger:2020-03-16 20:54:34.942135 https://xiangshansa.fang.com/
Logger:2020-03-16 20:54:36.390108 https://jinhaimingyuan028.fang.com/
Logger:2020-03-16 20:54:36.712290 https://xinandianshangcheng.fang.com/
Logger:2020-03-16 20:54:40.329601 https://ziyang.newhouse.fang.com/house/s/b94/
Logger:2020-03-16 20:54:43.853861 https://ziyang.newhouse.fang.com/house/s/b95/
Logger:2020-03-16 20:54:47.386066 https://ziyang.newhouse.fang.com/house/s/b96/
