Logger:2020-03-16 00:43:49.880760 https://zj.newhouse.fang.com/house/s/b91/
Logger:2020-03-16 00:43:50.115458 https://yuandianguangchangbl.fang.com/
Logger:2020-03-16 00:43:50.474370 https://longhushanzhuang0759.fang.com/
Logger:2020-03-16 00:43:50.739943 https://shengheyuan0759.fang.com/
Logger:2020-03-16 00:43:51.064661 https://chengshihuayuanwh0759.fang.com/
Logger:2020-03-16 00:43:53.305442 https://shidaiyufeng0759.fang.com/
Logger:2020-03-16 00:43:53.539717 https://jingjichengxy.fang.com/4/
Logger:2020-03-16 00:43:53.805281 https://shuojiyipin.fang.com/
Logger:2020-03-16 00:43:54.102125 https://fworld.fang.com/
Logger:2020-03-16 00:43:54.430192 https://shijihuayuan0759.fang.com/
Logger:2020-03-16 00:43:54.711762 https://bodagongguan.fang.com/
Logger:2020-03-16 00:43:55.180368 https://nanguomingyuanhh.fang.com/
Logger:2020-03-16 00:43:55.445573 https://xuwenfenghuanggu.fang.com/
Logger:2020-03-16 00:43:55.789871 https://wandaguangchangzj0759.fang.com/
Logger:2020-03-16 00:43:56.070903 https://binjiangyihaohlay.fang.com/
Logger:2020-03-16 00:43:56.320311 https://dongmengcheng2.fang.com/
Logger:2020-03-16 00:43:56.585876 https://taoyuanlihuayuan.fang.com/
Logger:2020-03-16 00:43:56.882730 https://yuehuafuwz.fang.com/
Logger:2020-03-16 00:43:57.117084 https://waitanhuayuanhd.fang.com/
Logger:2020-03-16 00:43:57.382603 https://longyuetaimj.fang.com/
Logger:2020-03-16 00:43:57.664255 https://yihaochengbangbgy.fang.com/
Logger:2020-03-16 00:44:01.404245 https://zj.newhouse.fang.com/house/s/b92/
Logger:2020-03-16 00:44:01.623046 https://chegnshiyinxiang0759.fang.com/
Logger:2020-03-16 00:44:01.903923 https://bljswyh.fang.com/
Logger:2020-03-16 00:44:02.247499 https://haiyuegongguanldxl.fang.com/
Logger:2020-03-16 00:44:02.528799 https://shangchengxwshh.fang.com/
Logger:2020-03-16 00:44:02.778348 https://aiqinhaiguojiguangchang0759.fang.com/
Logger:2020-03-16 00:44:03.012668 https://junyuehaibgy0759.fang.com/
Logger:2020-03-16 00:44:03.606383 https://yuelongwanxfjy.fang.com/
Logger:2020-03-16 00:44:04.692690 https://zhuoyueweigang0759.fang.com/
Logger:2020-03-16 00:44:04.927009 https://haiwanchengbgy.fang.com/
Logger:2020-03-16 00:44:05.192708 https://yuhuwanzy.fang.com/
Logger:2020-03-16 00:44:05.504999 https://biguiyuanjunyuehuating.fang.com/
Logger:2020-03-16 00:44:05.755451 https://shengshimingmenbgy0759.fang.com/
Logger:2020-03-16 00:44:06.052500 https://redaisenlinxy.fang.com/
Logger:2020-03-16 00:44:06.364172 https://yongyitingyjl.fang.com/
Logger:2020-03-16 00:44:08.348604 https://qinghuayuantr.fang.com/
Logger:2020-03-16 00:44:10.724741 https://chengshihuayuancy.fang.com/
Logger:2020-03-16 00:44:10.959013 https://lingnanshengshihuayuanbgy.fang.com/
Logger:2020-03-16 00:44:11.271894 https://aybhsj.fang.com/
Logger:2020-03-16 00:44:11.537587 https://dijinggongguanjs.fang.com/
Logger:2020-03-16 00:44:11.865158 https://ziyunjizn0759.fang.com/
Logger:2020-03-16 00:44:15.090815 https://zj.newhouse.fang.com/house/s/b93/
Logger:2020-03-16 00:44:15.341474 https://gongyuanshoufubgy.fang.com/
Logger:2020-03-16 00:44:15.590696 https://yuejiangfumj.fang.com/
Logger:2020-03-16 00:44:15.840637 https://shiyaozhongxincheng.fang.com/
Logger:2020-03-16 00:44:16.090578 https://xfjyylh.fang.com/
Logger:2020-03-16 00:44:16.372520 https://dinglongchenglz.fang.com/
Logger:2020-03-16 00:44:16.613041 https://biruihuayuanzx.fang.com/2/
Logger:2020-03-16 00:44:16.863423 https://wanhuishijieboyuefp.fang.com/
Logger:2020-03-16 00:44:17.128859 https://junlinshiji.fang.com/
Logger:2020-03-16 00:44:17.441233 https://chengshihaiyuehuayuan.fang.com/
Logger:2020-03-16 00:44:17.814410 https://meidihuayuanhf.fang.com/
Logger:2020-03-16 00:44:19.452224 https://kangxinhuayuan0759.fang.com/
Logger:2020-03-16 00:44:19.686500 https://huijingwankh.fang.com/
Logger:2020-03-16 00:44:19.968440 https://gongyuanyihao0759.fang.com/
Logger:2020-03-16 00:44:20.264530 https://nanbinhuayuan0759.fang.com/
Logger:2020-03-16 00:44:20.561335 https://lanhaifengjingmd.fang.com/
Logger:2020-03-16 00:44:20.858832 https://dongxinghuayuanhx.fang.com/
Logger:2020-03-16 00:44:21.108084 https://yangguangshangfu.fang.com/
Logger:2020-03-16 00:44:21.358268 https://wannianhongyaju.fang.com/
Logger:2020-03-16 00:44:21.608284 https://guojiyoulunchengzjzs.fang.com/
Logger:2020-03-16 00:44:21.889683 https://zhongyangguangchangrs.fang.com/
Logger:2020-03-16 00:44:25.535091 https://zj.newhouse.fang.com/house/s/b94/
Logger:2020-03-16 00:44:25.785679 https://hengxingshidaihuayuan.fang.com/
Logger:2020-03-16 00:44:26.050548 https://jinxiuhuajinglj.fang.com/
Logger:2020-03-16 00:44:26.347435 https://tiancuilanwangh.fang.com/
Logger:2020-03-16 00:44:26.594894 https://bihaijinanhuayuan.fang.com/
Logger:2020-03-16 00:44:30.390875 https://shanhaihuafu0759.fang.com/
Logger:2020-03-16 00:44:30.641380 https://chengshishangju.fang.com/
Logger:2020-03-16 00:44:31.046968 https://dijingchengsj.fang.com/
Logger:2020-03-16 00:44:31.297667 https://qinghuijiayuan.fang.com/
Logger:2020-03-16 00:44:33.474908 https://dingshengshidai0759.fang.com/
Logger:2020-03-16 00:44:33.725079 https://huafaxincheng0759.fang.com/
Logger:2020-03-16 00:44:34.006022 https://langqingyuan0759.fang.com/
Logger:2020-03-16 00:44:34.271173 https://jinkangyuan0759.fang.com/
Logger:2020-03-16 00:44:35.146405 https://jinbanghuatinggy.fang.com/
Logger:2020-03-16 00:44:35.395865 https://aohaichenggh.fang.com/
Logger:2020-03-16 00:44:35.657526 https://wxgjgcmz.fang.com/
Logger:2020-03-16 00:44:35.922507 https://jinshaguangchanghuafu.fang.com/
Logger:2020-03-16 00:44:36.172592 https://yujinghongting.fang.com/
Logger:2020-03-16 00:44:36.547359 https://hengdadijing0759.fang.com/
Logger:2020-03-16 00:44:36.844165 https://haidongguangchangdb.fang.com/
Logger:2020-03-16 00:44:41.990816 https://shidaijunyue.fang.com/
Logger:2020-03-16 00:44:45.724196 https://zj.newhouse.fang.com/house/s/b95/
Logger:2020-03-16 00:44:45.989326 https://dijingyinwanjs.fang.com/
Logger:2020-03-16 00:44:46.286131 https://yujinghuafu0759.fang.com/
Logger:2020-03-16 00:44:46.598559 https://dinglongwangjhydjq.fang.com/
Logger:2020-03-16 00:44:46.864201 https://longtengguangchang2.fang.com/
Logger:2020-03-16 00:44:47.129752 https://dingshenghuayuanrx.fang.com/
Logger:2020-03-16 00:44:47.379623 https://tianxihuayuan0759.fang.com/
Logger:2020-03-16 00:44:47.692415 https://ryhzfy.fang.com/
Logger:2020-03-16 00:44:49.785517 https://changmaoxinhaoguoji.fang.com/
Logger:2020-03-16 00:44:50.082820 https://yuanyangcheng0759.fang.com/
Logger:2020-03-16 00:44:50.410370 https://yujinggongyuanli.fang.com/
Logger:2020-03-16 00:44:50.661030 https://xingfulishe.fang.com/
Logger:2020-03-16 00:44:50.911001 https://huayuancheng0759.fang.com/
Logger:2020-03-16 00:44:51.238301 https://kaixuanshijia0759.fang.com/
Logger:2020-03-16 00:44:51.472620 https://mingrunxingfuyuan.fang.com/
Logger:2020-03-16 00:44:51.738914 https://hangyuhaoting.fang.com/
Logger:2020-03-16 00:44:51.988124 https://nanguohaoyuan.fang.com/3/
Logger:2020-03-16 00:44:53.128517 https://chengshihuayuangs0759.fang.com/
Logger:2020-03-16 00:44:53.425333 https://diyichengwc.fang.com/
Logger:2020-03-16 00:44:53.665845 https://biguiyuanhp.fang.com/
Logger:2020-03-16 00:44:53.916148 https://kaiyuehuafu.fang.com/
Logger:2020-03-16 00:44:57.125106 https://zj.newhouse.fang.com/house/s/b96/
Logger:2020-03-16 00:44:57.327573 https://shengjingmingyuanhq.fang.com/
Logger:2020-03-16 00:44:57.593381 https://lzxczcfy.fang.com/
Logger:2020-03-16 00:44:57.905958 https://fuxianghuayuan0759.fang.com/
Logger:2020-03-16 00:44:58.374201 https://mingpengfudi.fang.com/
Logger:2020-03-16 00:45:00.546103 https://yujingjunting.fang.com/
Logger:2020-03-16 00:45:00.811125 https://jiangnanshijiamj.fang.com/2/
Logger:2020-03-16 00:45:01.139559 https://lihuahuayuanjsw.fang.com/
Logger:2020-03-16 00:45:01.389262 https://qianhehuayuan0759.fang.com/
Logger:2020-03-16 00:45:01.717877 https://hygjjdhyzx.fang.com/3/
Logger:2020-03-16 00:45:01.951482 https://yuhuadasha0759.fang.com/
Logger:2020-03-16 00:45:02.248848 https://hengliwan.fang.com/
Logger:2020-03-16 00:45:04.473780 https://dongxingaodi.fang.com/
Logger:2020-03-16 00:45:04.745621 https://tianhaiwandl.fang.com/
Logger:2020-03-16 00:45:09.182380 https://chengshihuayuanxa.fang.com/2/
Logger:2020-03-16 00:45:09.478485 https://fangyuanyuedao0759.fang.com/
Logger:2020-03-16 00:45:09.744802 https://huangguancheng.fang.com/
Logger:2020-03-16 00:45:10.010046 https://guanjunchengwcay.fang.com/
Logger:2020-03-16 00:45:10.259550 https://guangchangwhl.fang.com/
Logger:2020-03-16 00:45:10.580130 https://jiarihuayuanrf.fang.com/
Logger:2020-03-16 00:45:10.829997 https://huijinxuan.fang.com/
Logger:2020-03-16 00:45:14.707139 https://zj.newhouse.fang.com/house/s/b97/
Logger:2020-03-16 00:45:14.941782 https://xilanwan.fang.com/
Logger:2020-03-16 00:45:15.238263 https://ruiyunfengjing.fang.com/
Logger:2020-03-16 00:45:15.488246 https://binhaixingfulixw.fang.com/
Logger:2020-03-16 00:45:15.738903 https://smwlczj.fang.com/
Logger:2020-03-16 00:45:17.362762 https://yonghaohuayuan.fang.com/
Logger:2020-03-16 00:45:17.675189 https://chengshijiarifq.fang.com/2/
Logger:2020-03-16 00:45:17.925129 https://yanjiangbandaowy.fang.com/
Logger:2020-03-16 00:45:19.253396 https://weilanhaianjl.fang.com/
Logger:2020-03-16 00:45:19.563295 https://shengshijiayuan0759.fang.com/
Logger:2020-03-16 00:45:19.798025 https://bodayufeng.fang.com/
Logger:2020-03-16 00:45:20.031971 https://chengshizonghetihd.fang.com/
Logger:2020-03-16 00:45:20.281826 https://fuchangguangchang.fang.com/
Logger:2020-03-16 00:45:22.226895 https://haiyibandao0759.fang.com/
Logger:2020-03-16 00:45:22.477218 https://nengshengmendi.fang.com/
Logger:2020-03-16 00:45:22.720109 https://huihuaxuan.fang.com/
Logger:2020-03-16 00:45:22.954454 https://zhijiguangchang.fang.com/
Logger:2020-03-16 00:45:25.188206 https://shidaizhongxinhf.fang.com/
Logger:2020-03-16 00:45:25.421902 https://shanhuhaishangcheng.fang.com/
Logger:2020-03-16 00:45:25.672228 https://kaixuanmingju0759.fang.com/
Logger:2020-03-16 00:45:28.865100 https://tianrunyuyuan.fang.com/
Logger:2020-03-16 00:45:32.562586 https://zj.newhouse.fang.com/house/s/b98/
Logger:2020-03-16 00:45:32.781286 https://yudahaoting.fang.com/
Logger:2020-03-16 00:45:33.016094 https://zhengtaidasha0759.fang.com/
Logger:2020-03-16 00:45:33.563069 https://lantianhuayuan0759.fang.com/
Logger:2020-03-16 00:45:33.874777 https://xinshengmingcheng.fang.com/
Logger:2020-03-16 00:45:35.298910 https://dingshenghuafu0759.fang.com/
Logger:2020-03-16 00:45:39.817021 https://jialixuan0759.fang.com/
Logger:2020-03-16 00:45:40.082542 https://zhongkeyuan0759.fang.com/
Logger:2020-03-16 00:45:41.894727 https://mingchengshijia0759.fang.com/
Logger:2020-03-16 00:45:42.160693 https://yuefuljshh.fang.com/
Logger:2020-03-16 00:45:42.425834 https://shifanghui.fang.com/
Logger:2020-03-16 00:45:42.863831 https://longxihaoting.fang.com/
Logger:2020-03-16 00:45:43.475694 https://jinzhangshuianbdsf.fang.com/
Logger:2020-03-16 00:45:43.725696 https://yanjiangyihao0759.fang.com/
Logger:2020-03-16 00:45:43.959482 https://longxinguangchang0759.fang.com/
Logger:2020-03-16 00:45:46.193725 https://dongxinhaoting.fang.com/
Logger:2020-03-16 00:45:46.491262 https://lanhaichengshiguangchangal0759.fang.com/
Logger:2020-03-16 00:45:46.760526 https://caifuhaian.fang.com/
Logger:2020-03-16 00:45:47.041872 https://fyjhwht.fang.com/
Logger:2020-03-16 00:45:47.306735 https://haijiao8haodd.fang.com/
Logger:2020-03-16 00:45:47.587945 https://yhhyw.fang.com/
Logger:2020-03-16 00:45:52.227985 https://zj.newhouse.fang.com/house/s/b99/
Logger:2020-03-16 00:45:52.447443 https://zhongyanggongguangc.fang.com/
Logger:2020-03-16 00:45:52.701883 https://huaduhuizhongxin.fang.com/
Logger:2020-03-16 00:45:53.249029 https://kxmsmzxzj.fang.com/
Logger:2020-03-16 00:45:53.514742 https://jihaihuayuanhs.fang.com/
Logger:2020-03-16 00:45:55.333832 https://caifuhui.fang.com/
Logger:2020-03-16 00:45:55.567169 https://langyuexuan.fang.com/shop/
Logger:2020-03-16 00:45:55.880079 https://zijinfump.fang.com/
Logger:2020-03-16 00:45:58.461142 https://baojiangtianyin.fang.com/
Logger:2020-03-16 00:45:58.726572 https://longshengyufu.fang.com/
Logger:2020-03-16 00:45:58.976330 https://junhuahaiangyjt.fang.com/
Logger:2020-03-16 00:45:59.257790 https://kaixuanchengxwbgy.fang.com/
Logger:2020-03-16 00:45:59.507264 https://jinhaiwanak.fang.com/2/
Logger:2020-03-16 00:45:59.772825 https://chengshihuayuanjh0759.fang.com/
Logger:2020-03-16 00:46:00.022884 https://jingjidasha.fang.com/
Logger:2020-03-16 00:46:00.319571 https://shidaiguangchangzj0759.fang.com/
Logger:2020-03-16 00:46:00.591154 https://wanghelehuahy.fang.com/
Logger:2020-03-16 00:46:00.872376 https://taihexuan0759.fang.com/
Logger:2020-03-16 00:46:01.122886 https://jinghaohuayuan.fang.com/
Logger:2020-03-16 00:46:01.403464 https://dexinhuayuanry.fang.com/
Logger:2020-03-16 00:46:01.653902 https://shangwuzhidurf.fang.com/
Logger:2020-03-16 00:46:06.100994 https://zj.newhouse.fang.com/house/s/b910/
Logger:2020-03-16 00:46:08.100520 https://leizhou.newhouse.fang.com/house/2841113552.htm
Logger:2020-03-16 00:46:08.366132 https://zhongxindashazj.fang.com/
Logger:2020-03-16 00:46:08.592666 https://yurenmatouzj.fang.com/
Logger:2020-03-16 00:46:10.935877 https://peihuayaju.fang.com/
Logger:2020-03-16 00:46:12.876506 https://jinfuhaoyuan.fang.com/
Logger:2020-03-16 00:46:14.907190 https://zkyjw.fang.com/
Logger:2020-03-16 00:46:15.203378 https://binhaimingzhuxuan.fang.com/
Logger:2020-03-16 00:46:15.422031 https://ruiyunyaxuan.fang.com/
Logger:2020-03-16 00:46:15.656975 https://yihaogongguan0759.fang.com/
Logger:2020-03-16 00:46:15.953200 https://yulanwanwh.fang.com/
Logger:2020-03-16 00:46:16.219471 https://guangzhouwanshidaiguangchang.fang.com/
Logger:2020-03-16 00:46:16.453529 https://jiayuehuayuan0759.fang.com/
Logger:2020-03-16 00:46:16.693623 https://jiafudasha0759.fang.com/
Logger:2020-03-16 00:46:16.974766 https://cunjinhuafu.fang.com/
Logger:2020-03-16 00:46:17.225281 https://xingfudasha0759.fang.com/
Logger:2020-03-16 00:46:17.740053 https://dongfangguangchangjq.fang.com/
Logger:2020-03-16 00:46:19.776642 https://zhengtaiguangchang0759.fang.com/
Logger:2020-03-16 00:46:22.202620 https://ywgjsmczj.fang.com/
Logger:2020-03-16 00:46:22.468627 https://hdhbjgc.fang.com/
Logger:2020-03-16 00:46:24.202110 https://jiangnanhuafu0759.fang.com/
Logger:2020-03-16 00:46:27.973809 https://zj.newhouse.fang.com/house/s/b911/
Logger:2020-03-16 00:46:30.335746 https://yinshenghuafu.fang.com/
Logger:2020-03-16 00:46:30.617285 https://peihuamingxuan.fang.com/
Logger:2020-03-16 00:46:30.851642 https://caifushidai0759.fang.com/
Logger:2020-03-16 00:46:31.085900 https://jingshibai.fang.com/
Logger:2020-03-16 00:46:33.950827 https://kaixuanhuafuap.fang.com/
Logger:2020-03-16 00:46:34.232067 https://mingdazhongxin.fang.com/
Logger:2020-03-16 00:46:37.834109 https://zj.newhouse.fang.com/house/s/b912/
Logger:2020-03-16 00:46:41.341669 https://zj.newhouse.fang.com/house/s/b913/
Logger:2020-03-16 00:46:44.918888 https://zj.newhouse.fang.com/house/s/b914/
