Logger:2020-03-16 14:20:31.078680 https://zjg.newhouse.fang.com/house/s/b91/
Logger:2020-03-16 14:20:31.370948 https://zhihuikexuechengshouqizjg.fang.com/
Logger:2020-03-16 14:20:31.700017 https://xinlihaiyuanmingdild.fang.com/
Logger:2020-03-16 14:20:31.984257 https://mingmenfuzl0512.fang.com/
Logger:2020-03-16 14:20:32.302405 https://gongguan1790.fang.com/
Logger:2020-03-16 14:20:32.600644 https://yunzhu0512.fang.com/
Logger:2020-03-16 14:20:32.964634 https://jinlihuayuan20512.fang.com/
Logger:2020-03-16 14:20:33.291760 https://baolixiyue0512.fang.com/
Logger:2020-03-16 14:20:33.590034 https://huijinzhongxin0512.fang.com/
Logger:2020-03-16 14:20:33.870212 https://jianfayangyu0512.fang.com/
Logger:2020-03-16 14:20:34.237230 https://tianrunyuefu.fang.com/
Logger:2020-03-16 14:20:34.501567 https://daduhuiwkjxc.fang.com/
Logger:2020-03-16 14:20:34.792744 https://yunyuelanting.fang.com/
Logger:2020-03-16 14:20:35.077981 https://baolijinlu.fang.com/
Logger:2020-03-16 14:20:35.364215 https://yujingwanjf.fang.com/
Logger:2020-03-16 14:20:35.671393 https://wankegongyuandadao0512.fang.com/
Logger:2020-03-16 14:20:35.941696 https://jinrunhuatinghs.fang.com/
Logger:2020-03-16 14:20:36.248887 https://meilinguangchang.fang.com/
Logger:2020-03-16 14:20:36.528176 https://yiyunlantingzjg.fang.com/
Logger:2020-03-16 14:20:36.868192 https://wuyuefu.fang.com/1/
Logger:2020-03-16 14:20:37.165439 https://baoliailu0512.fang.com/
Logger:2020-03-16 14:20:40.698944 https://zjg.newhouse.fang.com/house/s/b92/
Logger:2020-03-16 14:20:40.975205 https://fengmingshuian.fang.com/
Logger:2020-03-16 14:20:41.258447 https://hepuyuan.fang.com/
Logger:2020-03-16 14:20:41.511769 https://guotaiyunxi.fang.com/
Logger:2020-03-16 14:20:41.775065 https://yangguangjingdianhuayuanjx.fang.com/
Logger:2020-03-16 14:20:42.059305 https://laidunxiaozhen0512.fang.com/
Logger:2020-03-16 14:20:42.369519 https://smjxs.fang.com/
Logger:2020-03-16 14:20:42.609833 https://yulongwanjf.fang.com/
Logger:2020-03-16 14:20:42.891080 https://jinlinfuxs0512.fang.com/
Logger:2020-03-16 14:20:43.158438 https://zhonghaotangong.fang.com/
Logger:2020-03-16 14:20:44.798977 https://jingyuntaigt.fang.com/
Logger:2020-03-16 14:20:45.148085 https://fenghuangyinxiang0512.fang.com/
Logger:2020-03-16 14:20:45.471177 https://148770.fang.com/
Logger:2020-03-16 14:20:45.738503 https://hailunchuntian0512.fang.com/
Logger:2020-03-16 14:20:46.028721 https://yangguangchunxiaojs.fang.com/
Logger:2020-03-16 14:20:46.325890 https://hubinshijia0512.fang.com/
Logger:2020-03-16 14:20:46.599160 https://phgjgc.fang.com/
Logger:2020-03-16 14:20:46.877415 https://huyuetianjing0512.fang.com/
Logger:2020-03-16 14:20:47.223490 https://fenghuangchunxiao0512.fang.com/
Logger:2020-03-16 14:20:47.571558 https://xinyuemingdi.fang.com/
Logger:2020-03-16 14:20:47.859788 https://zhonganglangyue.fang.com/
Logger:2020-03-16 14:20:51.497101 https://zjg.newhouse.fang.com/house/s/b93/
Logger:2020-03-16 14:20:51.861083 https://shilijiangwan0512.fang.com/
Logger:2020-03-16 14:20:52.129411 https://jingnanyuanzisl.fang.com/
Logger:2020-03-16 14:20:52.395685 https://jiyangfu.fang.com/
Logger:2020-03-16 14:20:52.724816 https://longyue0512.fang.com/
Logger:2020-03-16 14:20:52.984121 https://yunhulanshan.fang.com/
Logger:2020-03-16 14:20:53.304223 https://yuejiangshanzl.fang.com/
Logger:2020-03-16 14:20:53.559576 https://jindoumingdi.fang.com/
Logger:2020-03-16 14:20:53.850802 https://shijiayuanzisl.fang.com/
Logger:2020-03-16 14:20:54.129059 https://longjiguantang.fang.com/
Logger:2020-03-16 14:20:54.413292 https://xiangshanluyuanzr.fang.com/
Logger:2020-03-16 14:20:54.762322 https://yidungongguan0512.fang.com/
Logger:2020-03-16 14:20:55.059526 https://languangyongjinyuan0512.fang.com/
Logger:2020-03-16 14:20:55.362716 https://jyhhg.fang.com/
Logger:2020-03-16 14:20:55.636983 https://hubinshuian.fang.com/
Logger:2020-03-16 14:20:55.980064 https://hupanyuyuan.fang.com/
Logger:2020-03-16 14:20:56.284293 https://wenquanyishujfh.fang.com/
Logger:2020-03-16 14:20:56.563504 https://zhongtianguanting.fang.com/
Logger:2020-03-16 14:20:56.870682 https://junmatangjun.fang.com/
Logger:2020-03-16 14:20:57.231741 https://leyueguangchang.fang.com/
Logger:2020-03-16 14:20:57.517951 https://xiangzhanggongguan0512.fang.com/
Logger:2020-03-16 14:21:01.138266 https://zjg.newhouse.fang.com/house/s/b94/
Logger:2020-03-16 14:21:01.363697 https://wyxyl.fang.com/
Logger:2020-03-16 14:21:01.679853 https://shilijinxiuzjg.fang.com/
Logger:2020-03-16 14:21:02.006941 https://dongwang0512.fang.com/
Logger:2020-03-16 14:21:04.755656 https://zjg.newhouse.fang.com/house/1827148364.htm
Logger:2020-03-16 14:21:08.285147 https://zjg.newhouse.fang.com/house/s/b95/
Logger:2020-03-16 14:21:11.976272 https://zjg.newhouse.fang.com/house/s/b96/
Logger:2020-03-16 14:21:15.413119 https://zjg.newhouse.fang.com/house/s/b97/
