Logger:2020-03-17 00:55:04.608864 https://zjxs.newhouse.fang.com/house/s/b91/
Logger:2020-03-17 00:55:04.832185 https://yunqililc.fang.com/
Logger:2020-03-17 00:55:05.103459 https://ziyubandaohx0574.fang.com/
Logger:2020-03-17 00:55:06.148694 https://zgtjsyc2.fang.com/
Logger:2020-03-17 00:55:06.380044 https://bswmgy.fang.com/
Logger:2020-03-17 00:55:06.692252 https://278728.fang.com/
Logger:2020-03-17 00:55:06.937578 https://xuefumingyuan30574.fang.com/
Logger:2020-03-17 00:55:08.529336 https://zhongbeixingyuan.fang.com/
Logger:2020-03-17 00:55:10.462124 https://wandaguangchangxs.fang.com/
Logger:2020-03-17 00:55:10.766352 https://yuelanting0574.fang.com/
Logger:2020-03-17 00:55:10.990786 https://xiangshangangwenhuaguangchang.fang.com/
Logger:2020-03-17 00:55:11.234101 https://hengdayuhaiwan.fang.com/
Logger:2020-03-17 00:55:13.788226 https://smdmw2.fang.com/
Logger:2020-03-17 00:55:14.105420 https://daduhuizl0574.fang.com/
Logger:2020-03-17 00:55:14.348727 https://shengshichangming.fang.com/
Logger:2020-03-17 00:55:14.553207 https://haigangchengbl0574.fang.com/
Logger:2020-03-17 00:55:14.809519 https://yongtaihuayuan20574.fang.com/
Logger:2020-03-17 00:55:17.485335 https://tiananyijiequ0574.fang.com/
Logger:2020-03-17 00:55:17.722700 https://tianxiwanbgy0574.fang.com/
Logger:2020-03-17 00:55:19.726387 https://houchaofura.fang.com/
Logger:2020-03-17 00:55:19.968693 https://baojilanjun20574.fang.com/
Logger:2020-03-17 00:55:23.246922 https://zjxs.newhouse.fang.com/house/s/b92/
Logger:2020-03-17 00:55:24.478670 https://shilichunfengsl.fang.com/
Logger:2020-03-17 00:55:24.701108 https://shanyucheng0574.fang.com/2/
Logger:2020-03-17 00:55:24.941392 https://dongchengguandi.fang.com/
Logger:2020-03-17 00:55:25.185762 https://xintiandinw.fang.com/
Logger:2020-03-17 00:55:25.447037 https://yuhaiwanhd.fang.com/
Logger:2020-03-17 00:55:25.722300 https://gangchengyinxiangbgy.fang.com/
Logger:2020-03-17 00:55:25.964653 https://yongqingfura.fang.com/
Logger:2020-03-17 00:55:26.409462 https://nanfangxindu2.fang.com/
Logger:2020-03-17 00:55:27.331994 https://zjxs.newhouse.fang.com/house/2044196486.htm
Logger:2020-03-17 00:55:30.021800 https://jinduhuayuan0574.fang.com/
Logger:2020-03-17 00:55:30.247195 https://chengnanyufu2.fang.com/
Logger:2020-03-17 00:55:30.519466 https://yaochengongguan.fang.com/
Logger:2020-03-17 00:55:30.734931 https://feicuiyuan0574.fang.com/
Logger:2020-03-17 00:55:31.034091 https://zitingshengyuan0574.fang.com/
Logger:2020-03-17 00:55:31.535748 https://shuangchuangzhongxin.fang.com/
Logger:2020-03-17 00:55:31.813051 https://bandaokangqiao0574.fang.com/
Logger:2020-03-17 00:55:32.075305 https://xingfuli0574.fang.com/
Logger:2020-03-17 00:55:32.395498 https://donghaimingcheng0574.fang.com/
Logger:2020-03-17 00:55:32.622867 https://mudanyuanjy.fang.com/
Logger:2020-03-17 00:55:32.889128 https://weilaichengzhongke.fang.com/
Logger:2020-03-17 00:55:36.696982 https://zjxs.newhouse.fang.com/house/s/b93/
Logger:2020-03-17 00:55:37.066995 https://donghaifuby.fang.com/
Logger:2020-03-17 00:55:39.173360 https://tianlufubgy0574.fang.com/
Logger:2020-03-17 00:55:39.440640 https://yunzhudongansm.fang.com/2/
Logger:2020-03-17 00:55:39.687941 https://skylinesiqialan.fang.com/
Logger:2020-03-17 00:55:39.935288 https://bandaohuafu20574.fang.com/
Logger:2020-03-17 00:55:40.772040 https://shangchenggongguan20574.fang.com/
Logger:2020-03-17 00:55:43.261381 https://shililanshansyh.fang.com/
Logger:2020-03-17 00:55:44.462213 https://liganglongwan.fang.com/
Logger:2020-03-17 00:55:44.686607 https://hengdahaishangbandao.fang.com/
Logger:2020-03-17 00:55:44.980819 https://songximingdu.fang.com/
Logger:2020-03-17 00:55:45.253052 https://xiangshanfubj.fang.com/
Logger:2020-03-17 00:55:45.490443 https://aolingongguan20574.fang.com/
Logger:2020-03-17 00:55:45.702850 https://rongwanfu2.fang.com/
Logger:2020-03-17 00:55:45.997100 https://danfuyipinyy0574.fang.com/
Logger:2020-03-17 00:55:46.232470 https://yinxiangjiangnan20574.fang.com/
Logger:2020-03-17 00:55:46.487787 https://zhongghaiguojishequ.fang.com/
Logger:2020-03-17 00:55:46.711152 https://yangguangyayuan0574.fang.com/2/
Logger:2020-03-17 00:55:46.947519 https://ziyuexinyuan2.fang.com/
Logger:2020-03-17 00:55:47.271653 https://jiayuejingyuan0574.fang.com/
Logger:2020-03-17 00:55:47.521023 https://jinhumingyuan20574.fang.com/
Logger:2020-03-17 00:55:51.420596 https://zjxs.newhouse.fang.com/house/s/b94/
Logger:2020-03-17 00:55:51.590100 https://haishangyudu20574.fang.com/
Logger:2020-03-17 00:55:51.806565 https://xinfengdasha20574.fang.com/
Logger:2020-03-17 00:55:52.087815 https://zhongyanggongguanxs0574.fang.com/
Logger:2020-03-17 00:55:55.278233 https://guojifengqingjiexs0574.fang.com/
Logger:2020-03-17 00:55:58.784853 https://zjxs.newhouse.fang.com/house/s/b95/
Logger:2020-03-17 00:56:02.233671 https://zjxs.newhouse.fang.com/house/s/b96/
Logger:2020-03-17 00:56:05.754208 https://zjxs.newhouse.fang.com/house/s/b97/
