Logger:2020-03-16 18:42:39.254640 https://zoucheng.newhouse.fang.com/house/s/b91/
Logger:2020-03-16 18:42:39.641579 https://yunmengtaoyuanxiaozhenlc.fang.com/
Logger:2020-03-16 18:42:40.028474 https://tianqibgyyd.fang.com/
Logger:2020-03-16 18:42:40.366621 https://leshanjuncy.fang.com/
Logger:2020-03-16 18:42:40.713763 https://baidashengtaizhuangyuan.fang.com/
Logger:2020-03-16 18:42:41.113658 https://zouchengbiguiyuan.fang.com/
Logger:2020-03-16 18:42:41.560588 https://zouchengchangpinghuayuan.fang.com/
Logger:2020-03-16 18:42:41.860336 https://yangguangchengwj.fang.com/
Logger:2020-03-16 18:42:42.448806 https://dongchenghuayuan1.fang.com/
Logger:2020-03-16 18:42:42.843742 https://taihexintiandi.fang.com/
Logger:2020-03-16 18:42:43.225726 https://kangyifuxq.fang.com/
Logger:2020-03-16 18:42:43.560074 https://zouchengyihejiayuan.fang.com/
Logger:2020-03-16 18:42:44.894413 https://sanxingjiayuan0537.fang.com/2/
Logger:2020-03-16 18:42:45.330069 https://dongfangyuexs0537.fang.com/
Logger:2020-03-16 18:42:45.674158 https://honghexuefuyijing.fang.com/
Logger:2020-03-16 18:42:48.789864 https://zouchengfushanhuayuan.fang.com/
Logger:2020-03-16 18:42:49.210217 https://zouchengqilushidaihuayuan.fang.com/
Logger:2020-03-16 18:42:49.945839 https://zouchengluxiangshan.fang.com/
Logger:2020-03-16 18:42:50.298894 https://mingjianshengcheng.fang.com/
Logger:2020-03-16 18:42:53.180162 https://zhongnanyuefu0537.fang.com/
Logger:2020-03-16 18:42:53.380206 https://jinshanxinyuan.fang.com/
Logger:2020-03-16 18:42:57.008902 https://zoucheng.newhouse.fang.com/house/s/b92/
Logger:2020-03-16 18:42:57.421691 https://jinshanxinyuan.fang.com/
Logger:2020-03-16 18:42:57.741834 https://zouchengxinqifudi.fang.com/
Logger:2020-03-16 18:42:58.080930 https://zouchengdongfangjunjing.fang.com/
Logger:2020-03-16 18:42:59.022802 https://kuanghengxinyuan.fang.com/
Logger:2020-03-16 18:42:59.395806 https://yanjingxinyuan.fang.com/
Logger:2020-03-16 18:43:00.025086 https://tianfujiayuanerqi.fang.com/
Logger:2020-03-16 18:43:00.620498 https://yuelinzhongxin.fang.com/
Logger:2020-03-16 18:43:00.938834 https://guojiguangchangxq0537.fang.com/
Logger:2020-03-16 18:43:01.572955 https://tanyueshuzn.fang.com/
Logger:2020-03-16 18:43:03.637389 https://xuefuhuayuan0537.fang.com/
Logger:2020-03-16 18:43:05.540447 https://zouchengshengshigongguan.fang.com/
Logger:2020-03-16 18:43:05.890474 https://zouchengshengdiyage.fang.com/
Logger:2020-03-16 18:43:06.289406 https://mzhsysj.fang.com/
Logger:2020-03-16 18:43:07.928148 https://quanxingjiayuan.fang.com/
Logger:2020-03-16 18:43:08.260337 https://zouchengshijiguohong.fang.com/
Logger:2020-03-16 18:43:08.572468 https://wandeguangchang0537.fang.com/
Logger:2020-03-16 18:43:08.870663 https://yishanjun0537.fang.com/
Logger:2020-03-16 18:43:09.342358 https://taiheshuian.fang.com/
Logger:2020-03-16 18:43:09.665517 https://zouchengshijiyangguang.fang.com/
Logger:2020-03-16 18:43:12.436696 https://ganglingdongshanyaju.fang.com/
Logger:2020-03-16 18:43:16.058426 https://zoucheng.newhouse.fang.com/house/s/b93/
Logger:2020-03-16 18:43:17.060829 https://zouchenghengxingcaifudasha.fang.com/
Logger:2020-03-16 18:43:17.424909 https://zouchengbaolitangyue.fang.com/
Logger:2020-03-16 18:43:19.253040 https://zouchengmingshihaoting.fang.com/
Logger:2020-03-16 18:43:19.574207 https://zouchengshuiyinlanting.fang.com/
Logger:2020-03-16 18:43:19.954172 https://binhudonglihuayuan.fang.com/
Logger:2020-03-16 18:43:22.817584 https://menghushoufu.fang.com/
Logger:2020-03-16 18:43:24.372633 https://hongshunyujingcheng.fang.com/
Logger:2020-03-16 18:43:24.804478 https://zhongxinhuayuanerqi.fang.com/
Logger:2020-03-16 18:43:25.304081 https://zouchengaijiahaoting.fang.com/
Logger:2020-03-16 18:43:25.688053 https://zouchenghongshunyujingcheng.fang.com/
Logger:2020-03-16 18:43:26.068320 https://longdoujiayuan.fang.com/
Logger:2020-03-16 18:43:26.456000 https://zouchengtianyuanxiaoqu.fang.com/
Logger:2020-03-16 18:43:26.856007 https://zcshijihaoting.fang.com/
Logger:2020-03-16 18:43:27.172127 https://hengxingjingdian.fang.com/
Logger:2020-03-16 18:43:27.578997 https://huamaowanshangchengerqi.fang.com/
Logger:2020-03-16 18:43:27.901584 https://xiangyunshangyeguangchang0537.fang.com/
Logger:2020-03-16 18:43:30.794038 https://yipinshijiazy.fang.com/
Logger:2020-03-16 18:43:31.172027 https://shengquanhuayuanxiaoqu.fang.com/
Logger:2020-03-16 18:43:33.119225 https://wenbodongyuan.fang.com/
Logger:2020-03-16 18:43:33.438352 https://shengxinchengshangcheng.fang.com/
Logger:2020-03-16 18:43:37.222583 https://zoucheng.newhouse.fang.com/house/s/b94/
Logger:2020-03-16 18:43:37.652433 https://jiaheshijiyangguang.fang.com/
Logger:2020-03-16 18:43:37.969584 https://yiwushangmaochengsanqi.fang.com/
Logger:2020-03-16 18:43:38.554021 https://shijixiangruixiaoqu.fang.com/
Logger:2020-03-16 18:43:38.868216 https://zouchengdongliqinyuan.fang.com/
Logger:2020-03-16 18:43:39.226302 https://zouchengxianghehuayuan.fang.com/
Logger:2020-03-16 18:43:39.525079 https://zouchengganglingjingmaodasha.fang.com/
Logger:2020-03-16 18:43:39.839096 https://tianyuanxiaozhen.fang.com/
Logger:2020-03-16 18:43:41.473723 https://xindihuayangcheng.fang.com/
Logger:2020-03-16 18:43:41.967048 https://shengyuanshangzhulou.fang.com/
Logger:2020-03-16 18:43:42.457853 https://ganglingguojiqipeiwujinjidiancheng.fang.com/
Logger:2020-03-16 18:43:46.250779 https://zoucheng.newhouse.fang.com/house/s/b95/
Logger:2020-03-16 18:43:49.773891 https://zoucheng.newhouse.fang.com/house/s/b96/
Logger:2020-03-16 18:43:53.216919 https://zoucheng.newhouse.fang.com/house/s/b97/
