Logger:2020-03-16 18:50:24.337059 https://zouping.newhouse.fang.com/house/s/b91/
Logger:2020-03-16 18:50:24.700126 https://jindingshijia0543.fang.com/
Logger:2020-03-16 18:50:25.038247 https://lixiangzhicheng0543.fang.com/
Logger:2020-03-16 18:50:27.132885 https://dongjingxuefu.fang.com/
Logger:2020-03-16 18:50:27.526478 https://dongfanghuacheng0543.fang.com/
Logger:2020-03-16 18:50:27.857190 https://fmdxw.fang.com/
Logger:2020-03-16 18:50:28.186867 https://thsxy256200.fang.com/
Logger:2020-03-16 18:50:28.499033 https://qxmgy0543.fang.com/
Logger:2020-03-16 18:50:28.840200 https://xingheshangcheng.fang.com/
Logger:2020-03-16 18:50:31.636013 https://herunjiayuanzp.fang.com/
Logger:2020-03-16 18:50:32.237469 https://huguangshanse0543.fang.com/3/
Logger:2020-03-16 18:50:32.967737 https://tianxinghuafu0543.fang.com/
Logger:2020-03-16 18:50:42.382974 https://hebanjiari.fang.com/
Logger:2020-03-16 18:50:44.446985 https://yujingshijia0543.fang.com/
Logger:2020-03-16 18:50:47.705664 https://chuagnxinguoji.fang.com/
Logger:2020-03-16 18:50:49.344810 https://xiwangmeijun0543.fang.com/
Logger:2020-03-16 18:50:49.667891 https://momazhongyangqm.fang.com/
Logger:2020-03-16 18:50:53.556121 https://zouping.newhouse.fang.com/house/s/b92/
Logger:2020-03-16 18:50:57.011690 https://zouping.newhouse.fang.com/house/s/b93/
Logger:2020-03-16 18:51:00.506948 https://zouping.newhouse.fang.com/house/s/b94/
