Logger:2020-03-16 00:11:21.836702 https://zs.newhouse.fang.com/house/s/b91/
Logger:2020-03-16 00:11:22.070724 https://huafasiji0760.fang.com/
Logger:2020-03-16 00:11:22.399028 https://debaoyigao.fang.com/
Logger:2020-03-16 00:11:22.727122 https://shangpinyayuanjzy0760.fang.com/
Logger:2020-03-16 00:11:23.035604 https://jinxiuhaiwancheng0760.fang.com/
Logger:2020-03-16 00:11:23.379241 https://daduhuijzy0760.fang.com/
Logger:2020-03-16 00:11:23.691884 https://xiangshanyufujzy.fang.com/
Logger:2020-03-16 00:11:24.082200 https://meidiyuefu.fang.com/
Logger:2020-03-16 00:11:24.441833 https://qianlonghuafufs.fang.com/
Logger:2020-03-16 00:11:25.770010 https://lingxiuhaiblbgy.fang.com/
Logger:2020-03-16 00:11:26.128593 https://shidaimeichen.fang.com/
Logger:2020-03-16 00:11:26.457208 https://yuanyangshanshui0760.fang.com/
Logger:2020-03-16 00:11:26.753858 https://lingxiushanblyy.fang.com/
Logger:2020-03-16 00:11:30.118937 https://xinyuewan0760.fang.com/
Logger:2020-03-16 00:11:30.493322 https://junyuehuayuanhy.fang.com/
Logger:2020-03-16 00:11:30.805787 https://jinxiudongfangbgy.fang.com/
Logger:2020-03-16 00:11:31.165394 https://zhonghuicheng0760.fang.com/
Logger:2020-03-16 00:11:31.728125 https://fenghuangchengbgy0760.fang.com/
Logger:2020-03-16 00:11:32.086695 https://rongchuangchengzs.fang.com/
Logger:2020-03-16 00:11:32.446031 https://tianjibgyzyxx.fang.com/
Logger:2020-03-16 00:11:32.721826 https://jinzunfuth0760.fang.com/
Logger:2020-03-16 00:11:36.679877 https://zs.newhouse.fang.com/house/s/b92/
Logger:2020-03-16 00:11:36.929349 https://tianyuefubgy.fang.com/
Logger:2020-03-16 00:11:37.241692 https://chengyangshoufubgyjc.fang.com/
Logger:2020-03-16 00:11:37.546036 https://longguangtianxi.fang.com/
Logger:2020-03-16 00:11:37.858544 https://fenghuangyuantf.fang.com/
Logger:2020-03-16 00:11:38.124741 https://guanshanshuihf.fang.com/
Logger:2020-03-16 00:11:41.174524 https://hailunshiguang0760.fang.com/
Logger:2020-03-16 00:11:41.471328 https://hengdayufuzs.fang.com/
Logger:2020-03-16 00:11:41.752587 https://chuntianlibl0760.fang.com/
Logger:2020-03-16 00:11:42.096654 https://junhuaguigu.fang.com/
Logger:2020-03-16 00:11:42.455470 https://hengdayujing0760.fang.com/
Logger:2020-03-16 00:11:42.736696 https://chunjiangzichenlh0760.fang.com/
Logger:2020-03-16 00:11:46.063511 https://fushengtiandi0760.fang.com/
Logger:2020-03-16 00:11:46.314156 https://xiangshanshufz.fang.com/
Logger:2020-03-16 00:11:46.603334 https://huafaguangchang0760.fang.com/
Logger:2020-03-16 00:11:46.884948 https://feicuiwanxl0760.fang.com/
Logger:2020-03-16 00:11:47.196945 https://zilingguojimj.fang.com/
Logger:2020-03-16 00:11:50.551390 https://dijingchenghs.fang.com/
Logger:2020-03-16 00:11:50.864227 https://qingyuntaihlb.fang.com/
Logger:2020-03-16 00:11:57.734487 https://tianshuihuzd.fang.com/
Logger:2020-03-16 00:11:58.031287 https://haiyiwantm.fang.com/
Logger:2020-03-16 00:12:01.272061 https://zs.newhouse.fang.com/house/s/b93/
Logger:2020-03-16 00:12:01.522021 https://hailunguoji0760.fang.com/
Logger:2020-03-16 00:12:05.298029 https://shengshimingmenbgy0760.fang.com/
Logger:2020-03-16 00:12:05.594127 https://huahaiwan.fang.com/
Logger:2020-03-16 00:12:05.906553 https://diecailingfengtj.fang.com/
Logger:2020-03-16 00:12:09.888840 https://yicuiyuanziluanzs.fang.com/
Logger:2020-03-16 00:12:10.154539 https://shidaiyunlai.fang.com/
Logger:2020-03-16 00:12:10.451877 https://shijichengbgy0760.fang.com/
Logger:2020-03-16 00:12:10.701593 https://tianyiziweijie.fang.com/
Logger:2020-03-16 00:12:10.982778 https://guangming1haosdj.fang.com/
Logger:2020-03-16 00:12:13.032295 https://linghanggongguanmj0760.fang.com/
Logger:2020-03-16 00:12:13.298229 https://fanhualiyy.fang.com/
Logger:2020-03-16 00:12:13.585719 https://zonglvcaihonglf.fang.com/
Logger:2020-03-16 00:12:17.808574 https://qianjiangyuehlb.fang.com/
Logger:2020-03-16 00:12:21.286784 https://xianghaibeiansd.fang.com/
Logger:2020-03-16 00:12:21.708560 https://shijihuizh.fang.com/
Logger:2020-03-16 00:12:22.006082 https://yulongjunyue.fang.com/
Logger:2020-03-16 00:12:22.270927 https://tianyuhongyue1925.fang.com/
Logger:2020-03-16 00:12:24.890226 https://wenquanguhlb.fang.com/
Logger:2020-03-16 00:12:25.124546 https://yujingyayuanzg.fang.com/
Logger:2020-03-16 00:12:27.124075 https://jiuyushanlg.fang.com/
Logger:2020-03-16 00:12:30.413760 https://zs.newhouse.fang.com/house/s/b94/
Logger:2020-03-16 00:12:35.257495 https://lingmeipuluowangsi.fang.com/
Logger:2020-03-16 00:12:35.694756 https://yulongwanxl0760.fang.com/
Logger:2020-03-16 00:12:35.959867 https://yingyuetaihjzs.fang.com/
Logger:2020-03-16 00:12:36.256671 https://gangjingfengfy.fang.com/
Logger:2020-03-16 00:12:36.585413 https://nanwanbeiansd.fang.com/
Logger:2020-03-16 00:12:36.897145 https://caihonggongguanfz.fang.com/
Logger:2020-03-16 00:12:37.162742 https://zhaoxinshoufu.fang.com/
Logger:2020-03-16 00:12:37.506456 https://shidaixiaoman.fang.com/
Logger:2020-03-16 00:12:37.788025 https://jiulongjunlg0760.fang.com/
Logger:2020-03-16 00:12:38.068744 https://xiwanhuiwkzt.fang.com/
Logger:2020-03-16 00:12:47.202109 https://wanxiangjunyjl0760.fang.com/
Logger:2020-03-16 00:12:47.514779 https://dongchengshoufurc.fang.com/
Logger:2020-03-16 00:12:47.829335 https://yuewanshoufurc.fang.com/
Logger:2020-03-16 00:12:51.816327 https://xingyueyjl.fang.com/
Logger:2020-03-16 00:12:52.097475 https://hengdalvzhou.fang.com/
Logger:2020-03-16 00:12:52.394731 https://jinxiuguojihuacheng.fang.com/
Logger:2020-03-16 00:12:52.737946 https://xinghuipinfengyx.fang.com/
Logger:2020-03-16 00:12:54.972136 https://jiangyueyjl.fang.com/
Logger:2020-03-16 00:12:55.221958 https://zhongaochuncheng0760.fang.com/
Logger:2020-03-16 00:12:55.581026 https://jiulongwanlg0760.fang.com/
Logger:2020-03-16 00:12:59.177076 https://zs.newhouse.fang.com/house/s/b95/
Logger:2020-03-16 00:12:59.427017 https://guojiguangchangbl0760.fang.com/
Logger:2020-03-16 00:12:59.833457 https://jinsenianhuahuayuan.fang.com/
Logger:2020-03-16 00:13:00.145598 https://jianqiaojunyjl0760.fang.com/
Logger:2020-03-16 00:13:00.505418 https://jinyulanwanwk0760.fang.com/
Logger:2020-03-16 00:13:02.957463 https://jinchengyjl0760.fang.com/
Logger:2020-03-16 00:13:03.207745 https://yuanyangxintiandi.fang.com/
Logger:2020-03-16 00:13:03.522244 https://wanmeijinyingguangchang.fang.com/
Logger:2020-03-16 00:13:03.865956 https://xiwanshoufurc.fang.com/
Logger:2020-03-16 00:13:04.194001 https://lanxipandao.fang.com/
Logger:2020-03-16 00:13:06.735713 https://shjichengjd.fang.com/
Logger:2020-03-16 00:13:07.063898 https://beisixiaozhenmj.fang.com/
Logger:2020-03-16 00:13:11.412865 https://minghaohuayuan0760.fang.com/
Logger:2020-03-16 00:13:11.710066 https://junyushijia0760.fang.com/
Logger:2020-03-16 00:13:11.974872 https://tianyiguojiguangchang.fang.com/
Logger:2020-03-16 00:13:12.302920 https://jinyuzhongyangwk0760.fang.com/
Logger:2020-03-16 00:13:12.590577 https://weilansiji.fang.com/
Logger:2020-03-16 00:13:12.871700 https://diyinhums.fang.com/
Logger:2020-03-16 00:13:13.215698 https://yuchengjinwan0760.fang.com/
Logger:2020-03-16 00:13:13.497017 https://yulongxuandy.fang.com/
Logger:2020-03-16 00:13:13.777493 https://zhongtaishangjing.fang.com/
Logger:2020-03-16 00:13:17.698397 https://zs.newhouse.fang.com/house/s/b96/
Logger:2020-03-16 00:13:17.995203 https://longyuexuanhh.fang.com/
Logger:2020-03-16 00:13:18.292049 https://qianlongwanpanfs.fang.com/
Logger:2020-03-16 00:13:18.573586 https://mingjuejiuyue.fang.com/
Logger:2020-03-16 00:13:18.885942 https://lvzhouhuating0760.fang.com/
Logger:2020-03-16 00:13:19.401121 https://xishidaihq.fang.com/
Logger:2020-03-16 00:13:22.063005 https://xingfuli8hao.fang.com/
Logger:2020-03-16 00:13:22.359768 https://yongjingtaimh.fang.com/
Logger:2020-03-16 00:13:22.673463 https://wankecheng0760.fang.com/
Logger:2020-03-16 00:13:23.033210 https://guanglianbojue.fang.com/
Logger:2020-03-16 00:13:23.298758 https://bodawaitan0760.fang.com/
Logger:2020-03-16 00:13:23.812820 https://deshangyuexi.fang.com/
Logger:2020-03-16 00:13:24.109453 https://jinsemingduhq0760.fang.com/
Logger:2020-03-16 00:13:26.092894 https://binhewanza.fang.com/
Logger:2020-03-16 00:13:26.389918 https://yihaoyuansj.fang.com/
Logger:2020-03-16 00:13:26.717663 https://shuiyunmingmen0760.fang.com/
Logger:2020-03-16 00:13:27.014468 https://meilinchuntian0760.fang.com/
Logger:2020-03-16 00:13:27.311275 https://fuyicheng0760.fang.com/
Logger:2020-03-16 00:13:27.623700 https://jingyuexuanhh.fang.com/
Logger:2020-03-16 00:13:27.889840 https://kaibofengjing.fang.com/
Logger:2020-03-16 00:13:28.123895 https://dongfangmingdu0760.fang.com/
Logger:2020-03-16 00:13:31.378584 https://zs.newhouse.fang.com/house/s/b97/
Logger:2020-03-16 00:13:31.672798 https://xiangshanyuanzith.fang.com/
Logger:2020-03-16 00:13:31.953887 https://zhongzhuangcuiting.fang.com/
Logger:2020-03-16 00:13:32.235072 https://dengjingmeidiyuan.fang.com/
Logger:2020-03-16 00:13:32.516254 https://shenghuxuan.fang.com/
Logger:2020-03-16 00:13:32.807414 https://jiulongshanlg0760.fang.com/
Logger:2020-03-16 00:13:33.087866 https://jinshuiwanqqfushi.fang.com/
Logger:2020-03-16 00:13:33.353427 https://jiajingkangcheng.fang.com/
Logger:2020-03-16 00:13:33.759582 https://longpohuayuanzs.fang.com/
Logger:2020-03-16 00:13:34.056967 https://kailongchengsm.fang.com/
Logger:2020-03-16 00:13:34.321950 https://meidigongguan0760.fang.com/
Logger:2020-03-16 00:13:34.649998 https://wenhualilh.fang.com/
Logger:2020-03-16 00:13:34.899938 https://yuhailvzhou.fang.com/
Logger:2020-03-16 00:13:35.227985 https://yufengmingmen0760.fang.com/
Logger:2020-03-16 00:13:35.509797 https://qijiangyihao.fang.com/
Logger:2020-03-16 00:13:38.141132 https://dongyuefumj.fang.com/
Logger:2020-03-16 00:13:38.452883 https://pingshenlanghaoxuan.fang.com/
Logger:2020-03-16 00:13:38.734539 https://shangdumingyuan0760.fang.com/
Logger:2020-03-16 00:13:39.000317 https://hongruiyipin.fang.com/
Logger:2020-03-16 00:13:39.233901 https://botanniyabgy.fang.com/
Logger:2020-03-16 00:13:39.593274 https://yangguanghuayuanfa.fang.com/
Logger:2020-03-16 00:13:42.840457 https://zs.newhouse.fang.com/house/s/b98/
Logger:2020-03-16 00:13:43.090750 https://longyueyihaohj.fang.com/
Logger:2020-03-16 00:13:43.371580 https://lanyuexuanhh.fang.com/
Logger:2020-03-16 00:13:43.735053 https://longyuegongguanhj.fang.com/
Logger:2020-03-16 00:13:46.161877 https://dingweihuayuan0760.fang.com/
Logger:2020-03-16 00:13:46.490643 https://yijingwan0760.fang.com/
Logger:2020-03-16 00:13:46.818052 https://zhongxinchengps.fang.com/
Logger:2020-03-16 00:13:47.114779 https://juhaoyuan0760.fang.com/
Logger:2020-03-16 00:13:47.411583 https://tianqibgybl.fang.com/
Logger:2020-03-16 00:13:47.691492 https://shangyumingzhu.fang.com/
Logger:2020-03-16 00:13:47.988297 https://jinmagongguandx.fang.com/
Logger:2020-03-16 00:13:48.238985 https://yuanyangshijia.fang.com/
Logger:2020-03-16 00:13:48.504556 https://guobindaoyjl.fang.com/
Logger:2020-03-16 00:13:48.784983 https://chunshuian0760.fang.com/
Logger:2020-03-16 00:13:49.128652 https://chaohuiwannz.fang.com/
Logger:2020-03-16 00:13:49.456699 https://xintiandily0760.fang.com/
Logger:2020-03-16 00:13:49.720070 https://xingguangxiyu.fang.com/
Logger:2020-03-16 00:13:50.000968 https://ganghanghuating0760.fang.com/
Logger:2020-03-16 00:13:54.755908 https://xingfuhuating.fang.com/
Logger:2020-03-16 00:13:55.052712 https://junlongshengjing0760.fang.com/
Logger:2020-03-16 00:13:55.381095 https://xindahuayuanzm.fang.com/
Logger:2020-03-16 00:13:58.645614 https://zs.newhouse.fang.com/house/s/b99/
Logger:2020-03-16 00:13:58.896242 https://longyueyjl.fang.com/
Logger:2020-03-16 00:13:59.161638 https://yuejingyufenghc.fang.com/
Logger:2020-03-16 00:13:59.551993 https://shiguangyue.fang.com/
Logger:2020-03-16 00:13:59.848779 https://meihexinyuan.fang.com/
Logger:2020-03-16 00:14:00.114017 https://jinshenghfx.fang.com/
Logger:2020-03-16 00:14:00.410822 https://wenxinlangting.fang.com/
Logger:2020-03-16 00:14:02.889098 https://yujinggongguanygc.fang.com/
Logger:2020-03-16 00:14:03.170281 https://huangjinshidaibgy0760.fang.com/
Logger:2020-03-16 00:14:03.451510 https://yueyingshangyu.fang.com/
Logger:2020-03-16 00:14:06.512308 https://jinjiangshangyuan.fang.com/
Logger:2020-03-16 00:14:06.840786 https://zhongrunguangchangfy.fang.com/
Logger:2020-03-16 00:14:07.105917 https://haishanglvzhou0760.fang.com/
Logger:2020-03-16 00:14:07.434679 https://lingyingkashiclassbgyjc.fang.com/
Logger:2020-03-16 00:14:07.700070 https://lanzuanyujian.fang.com/
Logger:2020-03-16 00:14:08.027898 https://shangyiyazhu.fang.com/
Logger:2020-03-16 00:14:08.293693 https://yujingxuanyc.fang.com/
Logger:2020-03-16 00:14:08.552715 https://xiangbinshuian0760.fang.com/
Logger:2020-03-16 00:14:08.862244 https://xinghejunyuanyjy.fang.com/
Logger:2020-03-16 00:14:09.127111 https://sanheyuan0760.fang.com/
Logger:2020-03-16 00:14:09.423915 https://rihuafang0760.fang.com/2/
Logger:2020-03-16 00:14:13.141788 https://zs.newhouse.fang.com/house/s/b910/
Logger:2020-03-16 00:14:13.513998 https://junhuiwandx.fang.com/
Logger:2020-03-16 00:14:13.862159 https://lantianjindi.fang.com/
Logger:2020-03-16 00:14:14.221904 https://zmbtzystgy.fang.com/
Logger:2020-03-16 00:14:18.431013 https://xingfuhuimingyuan.fang.com/
Logger:2020-03-16 00:14:18.909215 https://ruyuanju0760.fang.com/
Logger:2020-03-16 00:14:19.174063 https://sijilantianhy.fang.com/
Logger:2020-03-16 00:14:24.006180 https://aiqinbandao0760.fang.com/
Logger:2020-03-16 00:14:24.365428 https://xingyaoguangchang0760.fang.com/
Logger:2020-03-16 00:14:24.725737 https://tongyueli.fang.com/
Logger:2020-03-16 00:14:25.022325 https://fushanyujing0760.fang.com/
Logger:2020-03-16 00:14:25.397117 https://junhuishangpin0760.fang.com/
Logger:2020-03-16 00:14:25.713755 https://guangyinhaitangwan.fang.com/
Logger:2020-03-16 00:14:25.963274 https://longshanhuafuzs0760.fang.com/
Logger:2020-03-16 00:14:26.244275 https://yunshanhuijinghaoyuan.fang.com/
Logger:2020-03-16 00:14:28.819462 https://fujinggongguan.fang.com/
Logger:2020-03-16 00:14:31.381754 https://yujingmingduhuayuan.fang.com/
Logger:2020-03-16 00:14:31.647274 https://qianlongyufufs.fang.com/
Logger:2020-03-16 00:14:31.881228 https://yujingxiangjiang.fang.com/
Logger:2020-03-16 00:14:32.240518 https://pinjiangyihao.fang.com/
Logger:2020-03-16 00:14:33.548755 https://yinyuelifang.fang.com/
Logger:2020-03-16 00:14:37.375794 https://zs.newhouse.fang.com/house/s/b911/
Logger:2020-03-16 00:14:37.594664 https://huahaohaotingzb0760.fang.com/
Logger:2020-03-16 00:14:37.906918 https://yueyingxinjie.fang.com/
Logger:2020-03-16 00:14:38.141660 https://kaixuanhuayuanhl.fang.com/
Logger:2020-03-16 00:14:39.422225 https://yingxuelanyuewan.fang.com/
Logger:2020-03-16 00:14:42.067889 https://daxinxindugongguan0760.fang.com/
Logger:2020-03-16 00:14:42.380316 https://guanjingfeng0760.fang.com/
Logger:2020-03-16 00:14:44.547519 https://lihezhongxin5ajiajigz.fang.com/office/
Logger:2020-03-16 00:14:44.781423 https://dijingxiangjiang.fang.com/
Logger:2020-03-16 00:14:48.140005 https://lingshangyangguangjiayuan.fang.com/
Logger:2020-03-16 00:14:48.374798 https://qianlongyuefufs.fang.com/
Logger:2020-03-16 00:14:48.631373 https://haipanshanzy.fang.com/
Logger:2020-03-16 00:14:48.882048 https://dongfangjunyuan0760.fang.com/
Logger:2020-03-16 00:14:49.240605 https://yihubandao0760.fang.com/
Logger:2020-03-16 00:14:49.553031 https://tairuiju0760.fang.com/
Logger:2020-03-16 00:14:51.052677 https://jinyuelantingxc.fang.com/
Logger:2020-03-16 00:14:51.318851 https://binjiangyihao0760.fang.com/
Logger:2020-03-16 00:14:51.740399 https://aoyuanlingshang.fang.com/
Logger:2020-03-16 00:14:52.114927 https://xindugongguansjdx.fang.com/
Logger:2020-03-16 00:14:52.365589 https://yuhaimeizhu.fang.com/
Logger:2020-03-16 00:14:52.646051 https://dongshangfengjing.fang.com/
Logger:2020-03-16 00:14:55.958487 https://zs.newhouse.fang.com/house/s/b912/
Logger:2020-03-16 00:15:04.965721 https://jinaohuating.fang.com/
Logger:2020-03-16 00:15:08.710748 https://yuganghaoting.fang.com/
Logger:2020-03-16 00:15:10.032239 https://shenzhongguojizhuangshicheng.fang.com/
Logger:2020-03-16 00:15:15.974125 https://xiangshanmeijingay0760.fang.com/
Logger:2020-03-16 00:15:16.239431 https://jinzuodxxdh.fang.com/
Logger:2020-03-16 00:15:16.520880 https://deruihuayuan20760.fang.com/
Logger:2020-03-16 00:15:19.726400 https://hanlinshijiabgy2.fang.com/
Logger:2020-03-16 00:15:20.669471 https://xiangshengfudi.fang.com/
Logger:2020-03-16 00:15:21.982249 https://youyuewenquanjun.fang.com/
Logger:2020-03-16 00:15:22.263428 https://yiyinglizy.fang.com/
Logger:2020-03-16 00:15:26.460185 https://dongchengtianyue.fang.com/
Logger:2020-03-16 00:15:26.750649 https://yuhaijiayuan0760.fang.com/
Logger:2020-03-16 00:15:27.329370 https://fengyiguoji.fang.com/
Logger:2020-03-16 00:15:29.820327 https://xiangxieli0760.fang.com/villa/
Logger:2020-03-16 00:15:33.475008 https://zs.newhouse.fang.com/house/s/b913/
Logger:2020-03-16 00:15:36.984017 https://zs.newhouse.fang.com/house/s/b914/
Logger:2020-03-16 00:15:40.748775 https://zs.newhouse.fang.com/house/s/b915/
