Logger:2020-03-16 01:46:06.929507 https://zunyi.newhouse.fang.com/house/s/b91/
Logger:2020-03-16 01:46:07.164236 https://ldltf0852.fang.com/?from=xflist_xfgg
Logger:2020-03-16 01:46:07.492590 https://zhongjianxingfucheng.fang.com/
Logger:2020-03-16 01:46:07.789434 https://weiyiguoji.fang.com/
Logger:2020-03-16 01:46:08.097676 https://ldygxc0851.fang.com/
Logger:2020-03-16 01:46:08.347870 https://flyxhy0852.fang.com/
Logger:2020-03-16 01:46:10.635519 https://weilaichengshibl.fang.com/
Logger:2020-03-16 01:46:12.639512 https://bgyyzmd.fang.com/
Logger:2020-03-16 01:46:12.858958 https://qiangweiguojisd.fang.com/
Logger:2020-03-16 01:46:13.140117 https://shidizunyijunlanguoji.fang.com/
Logger:2020-03-16 01:46:15.124023 https://beidaziyuanmengxiangcheng0852.fang.com/
Logger:2020-03-16 01:46:16.973716 https://jinkebailuhu.fang.com/
Logger:2020-03-16 01:46:17.410677 https://bgyxp1h.fang.com/
Logger:2020-03-16 01:46:17.692137 https://tongzilindayangguangcheng.fang.com/
Logger:2020-03-16 01:46:18.207366 https://mdjkwlf.fang.com/
Logger:2020-03-16 01:46:19.800739 https://xiangshanyinxiang0852.fang.com/
Logger:2020-03-16 01:46:20.019518 https://0851yunxifumd.fang.com/
Logger:2020-03-16 01:46:20.285573 https://zunyigucheng.fang.com/
Logger:2020-03-16 01:46:20.566183 https://wrgsh.fang.com/
Logger:2020-03-16 01:46:20.816514 https://mdyjf0852.fang.com/
Logger:2020-03-16 01:46:23.409262 https://zhongjianjinyue.fang.com/
Logger:2020-03-16 01:46:27.002945 https://zunyi.newhouse.fang.com/house/s/b92/
Logger:2020-03-16 01:46:27.252795 https://ryxyhgg.fang.com/
Logger:2020-03-16 01:46:27.565272 https://nanjingluc6guangchang.fang.com/
Logger:2020-03-16 01:46:27.799540 https://ztjxpf.fang.com/
Logger:2020-03-16 01:46:29.053724 https://zhongjunxiushuiwan.fang.com/
Logger:2020-03-16 01:46:29.334746 https://zyhdfcht.fang.com/
Logger:2020-03-16 01:46:29.615359 https://hengdachengzy.fang.com/
Logger:2020-03-16 01:46:29.865463 https://wanlixiangjiangzt.fang.com/
Logger:2020-03-16 01:46:30.178420 https://rhgjc.fang.com/
Logger:2020-03-16 01:46:30.443434 https://tqgjlydjq.fang.com/
Logger:2020-03-16 01:46:30.755761 https://jkzygyc.fang.com/
Logger:2020-03-16 01:46:32.395952 https://bozhouhuayuan.fang.com/
Logger:2020-03-16 01:46:32.635997 https://zunyilixiangcheng.fang.com/
Logger:2020-03-16 01:46:35.402496 https://shidaitianjie0852.fang.com/
Logger:2020-03-16 01:46:36.839655 https://mingchengguangsha.fang.com/
Logger:2020-03-16 01:46:38.339712 https://zhenquancuigu0851.fang.com/
Logger:2020-03-16 01:46:38.615925 https://zhuangyuantai.fang.com/
Logger:2020-03-16 01:46:38.880786 https://shengchenghuafu.fang.com/
Logger:2020-03-16 01:46:41.199679 https://yojyc.fang.com/
Logger:2020-03-16 01:46:41.495767 https://guojihuayuancqt.fang.com/
Logger:2020-03-16 01:46:41.745708 https://zunyiriyuexingcheng.fang.com/
Logger:2020-03-16 01:46:45.068661 https://zunyi.newhouse.fang.com/house/s/b93/
Logger:2020-03-16 01:46:45.287968 https://rcjtf0852.fang.com/
Logger:2020-03-16 01:46:45.553529 https://jinkeguantianxia0852.fang.com/
Logger:2020-03-16 01:46:45.802775 https://jkjmdf0852.fang.com/
Logger:2020-03-16 01:46:46.069083 https://huibangguojicheng.fang.com/
Logger:2020-03-16 01:46:48.255429 https://txzyt.fang.com/
Logger:2020-03-16 01:46:48.505263 https://shuilanshanlq.fang.com/
Logger:2020-03-16 01:46:50.902123 https://lxglj.fang.com/
Logger:2020-03-16 01:46:51.261415 https://jinkehuichuancheng.fang.com/
Logger:2020-03-16 01:46:51.511969 https://ddjlf.fang.com/
Logger:2020-03-16 01:46:51.745676 https://jinkeliyuedongfang.fang.com/
Logger:2020-03-16 01:46:51.995616 https://zijingguoji.fang.com/
Logger:2020-03-16 01:46:52.308160 https://chengyangyipibgy.fang.com/
Logger:2020-03-16 01:46:52.574185 https://xcwygc0852.fang.com/
Logger:2020-03-16 01:46:52.808547 https://lthy0852.fang.com/
Logger:2020-03-16 01:46:53.074244 https://ctxjbd.fang.com/
Logger:2020-03-16 01:46:53.355093 https://meiyuzhongyang0852.fang.com/
Logger:2020-03-16 01:46:53.620234 https://xtjsjhy.fang.com/
Logger:2020-03-16 01:46:53.901470 https://blkdj.fang.com/
Logger:2020-03-16 01:46:54.151359 https://gxnhmj.fang.com/
Logger:2020-03-16 01:46:54.416920 https://schfzj.fang.com/
Logger:2020-03-16 01:46:58.234653 https://zunyi.newhouse.fang.com/house/s/b94/
Logger:2020-03-16 01:47:00.213705 https://jkjmhlf.fang.com/
Logger:2020-03-16 01:47:00.464137 https://yinglunguoji0851.fang.com/
Logger:2020-03-16 01:47:00.744873 https://kailaiguoji0852.fang.com/
Logger:2020-03-16 01:47:00.994771 https://tdh.fang.com/
Logger:2020-03-16 01:47:01.229091 https://shidaizhongyang0852.fang.com/
Logger:2020-03-16 01:47:01.479763 https://zunnanshoufudd.fang.com/
Logger:2020-03-16 01:47:01.760936 https://binjianghecheng0852.fang.com/
Logger:2020-03-16 01:47:02.853708 https://xmcfzx.fang.com/
Logger:2020-03-16 01:47:04.878189 https://xcyjfh.fang.com/
Logger:2020-03-16 01:47:07.143137 https://sangtiyana.fang.com/2/
Logger:2020-03-16 01:47:07.408700 https://slwzygc.fang.com/
Logger:2020-03-16 01:47:07.643464 https://shijichengxl.fang.com/
Logger:2020-03-16 01:47:07.924204 https://cszx0852.fang.com/
Logger:2020-03-16 01:47:08.690133 https://exihuating.fang.com/
Logger:2020-03-16 01:47:08.955209 https://xinduguoji0851.fang.com/
Logger:2020-03-16 01:47:11.898392 https://huachengdaduhui.fang.com/
Logger:2020-03-16 01:47:12.164248 https://xingangguoji0851.fang.com/
Logger:2020-03-16 01:47:15.892722 https://guojichengss0851.fang.com/
Logger:2020-03-16 01:47:19.033701 https://zunyizaxj.fang.com/
Logger:2020-03-16 01:47:19.861862 https://mhlqsa.fang.com/
Logger:2020-03-16 01:47:23.414143 https://zunyi.newhouse.fang.com/house/s/b95/
Logger:2020-03-16 01:47:23.632346 https://sanqianlvjusd.fang.com/
Logger:2020-03-16 01:47:23.929150 https://meijidichanxqgj.fang.com/
Logger:2020-03-16 01:47:24.148463 https://zhwhgc.fang.com/
Logger:2020-03-16 01:47:26.038532 https://atgdscyxc.fang.com/
Logger:2020-03-16 01:47:26.272348 https://yangguangchengld0852.fang.com/
Logger:2020-03-16 01:47:26.547615 https://csbgy.fang.com/
Logger:2020-03-16 01:47:26.797585 https://xiwangchengxs.fang.com/
Logger:2020-03-16 01:47:27.063155 https://zyzlyhy.fang.com/
Logger:2020-03-16 01:47:27.313101 https://huanyujiangshan.fang.com/
Logger:2020-03-16 01:47:27.606678 https://xcjyhs.fang.com/
Logger:2020-03-16 01:47:27.840510 https://yipinyangzun.fang.com/
Logger:2020-03-16 01:47:28.106048 https://caihongchengdx0852.fang.com/
Logger:2020-03-16 01:47:30.039079 https://qlxsmy.fang.com/
Logger:2020-03-16 01:47:30.367622 https://gtxchy.fang.com/
Logger:2020-03-16 01:47:32.210815 https://hengtongyuyuan.fang.com/
Logger:2020-03-16 01:47:32.460879 https://xianglongyufu.fang.com/
Logger:2020-03-16 01:47:34.022783 https://zyhcgjwqlyc.fang.com/
Logger:2020-03-16 01:47:34.335384 https://gongqinghuzt.fang.com/
Logger:2020-03-16 01:47:34.600504 https://zhongguochacheng.fang.com/
Logger:2020-03-16 01:47:35.413182 https://xingyingdongfangyuan.fang.com/
Logger:2020-03-16 01:47:39.006866 https://zunyi.newhouse.fang.com/house/s/b96/
Logger:2020-03-16 01:47:39.257056 https://shhrf.fang.com/
Logger:2020-03-16 01:47:39.491208 https://jiaolvtoutianyuefu.fang.com/
Logger:2020-03-16 01:47:39.709778 https://guojihuayuanhh.fang.com/
Logger:2020-03-16 01:47:39.975370 https://zyxtd0851.fang.com/
Logger:2020-03-16 01:47:40.288038 https://wcsjxc.fang.com/
Logger:2020-03-16 01:47:42.177617 https://bzsdzx.fang.com/
Logger:2020-03-16 01:47:43.680676 https://shangtianchi0852.fang.com/
Logger:2020-03-16 01:47:43.962176 https://zyttgtxc.fang.com/
Logger:2020-03-16 01:47:44.211363 https://zayzgy.fang.com/
Logger:2020-03-16 01:47:44.461304 https://gaotienancheng.fang.com/
Logger:2020-03-16 01:47:44.709242 https://hanlinhuayuan0852.fang.com/
Logger:2020-03-16 01:47:44.974841 https://jkxptd.fang.com/
Logger:2020-03-16 01:47:45.246474 https://zygjsmc.fang.com/
Logger:2020-03-16 01:47:45.512344 https://shijijiezuo.fang.com/
Logger:2020-03-16 01:47:46.761317 https://wenchangjinyuan.fang.com/
Logger:2020-03-16 01:47:47.011258 https://xxyxnncpjyzx.fang.com/
Logger:2020-03-16 01:47:47.324440 https://ldsdzx.fang.com/
Logger:2020-03-16 01:47:49.213910 https://yinhexingchenzt0851.fang.com/
Logger:2020-03-16 01:47:51.338361 https://zhibonanfujin.fang.com/
Logger:2020-03-16 01:47:51.604393 https://ldzydy.fang.com/
Logger:2020-03-16 01:47:55.625034 https://zunyi.newhouse.fang.com/house/s/b97/
Logger:2020-03-16 01:47:57.593603 https://wxlctlf.fang.com/
Logger:2020-03-16 01:47:59.736634 https://mdgytx0852.fang.com/
Logger:2020-03-16 01:48:01.680486 https://tianchenjingjie.fang.com/
Logger:2020-03-16 01:48:03.612546 https://dahengmingcheng.fang.com/
Logger:2020-03-16 01:48:03.925184 https://xinpujiaju0851.fang.com/
Logger:2020-03-16 01:48:04.174459 https://shimaocheng0852.fang.com/
Logger:2020-03-16 01:48:04.424957 https://hongyuncheng.fang.com/
Logger:2020-03-16 01:48:04.705578 https://daozhenlindayangguangxincheng.fang.com/
Logger:2020-03-16 01:48:04.955439 https://dongfangxingcheng.fang.com/
Logger:2020-03-16 01:48:05.190362 https://tynjz.fang.com/
Logger:2020-03-16 01:48:06.799352 https://fenglingzhuangyuan.fang.com/
Logger:2020-03-16 01:48:08.376737 https://shanshuigoujiang.fang.com/
Logger:2020-03-16 01:48:08.632270 https://ssyjw0852.fang.com/
Logger:2020-03-16 01:48:11.021925 https://changqingtengyihao.fang.com/
Logger:2020-03-16 01:48:11.256803 https://guangshayinheyihao.fang.com/
Logger:2020-03-16 01:48:11.580973 https://qbgjqcc.fang.com/
Logger:2020-03-16 01:48:13.642950 https://fyxfyh.fang.com/
Logger:2020-03-16 01:48:13.909030 https://rhgjsmzx.fang.com/
Logger:2020-03-16 01:48:14.143348 https://dongfangdadao.fang.com/
Logger:2020-03-16 01:48:16.133861 https://qingyunlinhai0852.fang.com/
Logger:2020-03-16 01:48:19.797752 https://zunyi.newhouse.fang.com/house/s/b98/
Logger:2020-03-16 01:48:20.016274 https://yhxcljw.fang.com/
Logger:2020-03-16 01:48:22.763327 https://qidiweilaicheng.fang.com/
Logger:2020-03-16 01:48:23.215673 https://atlscsgc0852.fang.com/
Logger:2020-03-16 01:48:25.242195 https://hjgcsz.fang.com/
Logger:2020-03-16 01:48:27.257865 https://lcnsj.fang.com/
Logger:2020-03-16 01:48:27.475980 https://zyjrswzx.fang.com/
Logger:2020-03-16 01:48:27.710299 https://dfxjw0852.fang.com/
Logger:2020-03-16 01:48:27.992206 https://lhysyj.fang.com/
Logger:2020-03-16 01:48:28.242157 https://yaolongyunhai.fang.com/
Logger:2020-03-16 01:48:30.001706 https://whsmc.fang.com/
Logger:2020-03-16 01:48:30.314213 https://xinglicheng0851.fang.com/
Logger:2020-03-16 01:48:32.080638 https://loushanxigu.fang.com/
Logger:2020-03-16 01:48:33.783997 https://zhongguotiejianguojigongguan.fang.com/
Logger:2020-03-16 01:48:34.018995 https://bozhougucheng.fang.com/
Logger:2020-03-16 01:48:35.455864 https://aiqinhaigwgy.fang.com/
Logger:2020-03-16 01:48:37.298792 https://zygzyzx.fang.com/
Logger:2020-03-16 01:48:39.114081 https://dcgjjcc0852.fang.com/
Logger:2020-03-16 01:48:39.332969 https://sdhlg.fang.com/
Logger:2020-03-16 01:48:40.652648 https://zyxngcjdc.fang.com/
Logger:2020-03-16 01:48:40.872026 https://qidiweilaichengshangye.fang.com/
Logger:2020-03-16 01:48:44.457211 https://zunyi.newhouse.fang.com/house/s/b99/
Logger:2020-03-16 01:48:44.628795 https://xldgjswzx.fang.com/
Logger:2020-03-16 01:48:46.409155 https://lanyuetaixh.fang.com/
Logger:2020-03-16 01:48:48.774884 https://stgjwqc.fang.com/
Logger:2020-03-16 01:48:48.993650 https://dxcpaj.fang.com/
Logger:2020-03-16 01:48:52.586116 https://zunyi.newhouse.fang.com/house/s/b910/
Logger:2020-03-16 01:48:56.057644 https://zunyi.newhouse.fang.com/house/s/b911/
Logger:2020-03-16 01:48:59.527088 https://zunyi.newhouse.fang.com/house/s/b912/
