Logger:2020-03-16 18:38:17.732313 https://zy.newhouse.fang.com/house/s/b91/
Logger:2020-03-16 18:38:18.056016 https://jinhaian1hao.fang.com/
Logger:2020-03-16 18:38:21.135154 https://jinmaihuafu.fang.com/
Logger:2020-03-16 18:38:22.959041 https://xingyueshijia.fang.com/
Logger:2020-03-16 18:38:23.294206 https://yujinyuan0535.fang.com/
Logger:2020-03-16 18:38:23.591429 https://xiyuefull.fang.com/
Logger:2020-03-16 18:38:24.011693 https://yujinghuacheng0535.fang.com/
Logger:2020-03-16 18:38:25.243690 https://huayingyuefujd.fang.com/
Logger:2020-03-16 18:38:27.440563 https://jinaoguojijc.fang.com/
Logger:2020-03-16 18:38:29.516478 https://fxjxq.fang.com/
Logger:2020-03-16 18:38:30.601163 https://zylljy.fang.com/
Logger:2020-03-16 18:38:30.909402 https://tonghaiyuanzhs.fang.com/
Logger:2020-03-16 18:38:31.298527 https://gelinxiaozhenzy.fang.com/
Logger:2020-03-16 18:38:31.616163 https://0535longxinjiayuan.fang.com/
Logger:2020-03-16 18:38:32.277012 https://xinzhuangshequlk.fang.com/
Logger:2020-03-16 18:38:35.339603 https://huayingshangjing.fang.com/
Logger:2020-03-16 18:38:35.647781 https://shuiyueyipinll.fang.com/
Logger:2020-03-16 18:38:35.957577 https://jhlsy.fang.com/
Logger:2020-03-16 18:38:37.516323 https://zyxxy.fang.com/
Logger:2020-03-16 18:38:37.859473 https://tianyuzybgy.fang.com/
Logger:2020-03-16 18:38:38.196928 https://jhsqmhzzxq.fang.com/
Logger:2020-03-16 18:38:42.244632 https://zy.newhouse.fang.com/house/s/b92/
Logger:2020-03-16 18:38:42.581765 https://lgfzy.fang.com/
Logger:2020-03-16 18:38:43.571296 https://shuiyuelanshanll.fang.com/
Logger:2020-03-16 18:38:44.159466 https://zyjgy.fang.com/
Logger:2020-03-16 18:38:45.506796 https://zhaoyuansc.fang.com/
Logger:2020-03-16 18:38:47.355806 https://jinshanhuiguan.fang.com/
Logger:2020-03-16 18:38:48.661839 https://lsjyzzxq.fang.com/
Logger:2020-03-16 18:38:49.705013 https://hengzhangyuan.fang.com/
Logger:2020-03-16 18:38:50.708489 https://zyjwxq.fang.com/
Logger:2020-03-16 18:38:51.745323 https://zyjdjy.fang.com/
Logger:2020-03-16 18:38:53.847120 https://zyyjd.fang.com/
Logger:2020-03-16 18:38:54.150388 https://fuwaxiaoqu.fang.com/
Logger:2020-03-16 18:38:54.494491 https://huajianxinghaiwan.fang.com/
Logger:2020-03-16 18:38:55.406016 https://zyyjfxq.fang.com/
Logger:2020-03-16 18:38:56.752545 https://zywqmy.fang.com/
Logger:2020-03-16 18:38:57.891490 https://gelinxiaozhengzhuzhaixiaoquerqi.fang.com/
Logger:2020-03-16 18:38:58.213720 https://zysoho.fang.com/
Logger:2020-03-16 18:38:59.337893 https://jdhjha.fang.com/
Logger:2020-03-16 18:39:00.426007 https://zjdyeq.fang.com/
Logger:2020-03-16 18:39:02.142982 https://jdgjds.fang.com/
Logger:2020-03-16 18:39:03.538080 https://xyxczzxq.fang.com/
Logger:2020-03-16 18:39:07.216391 https://zy.newhouse.fang.com/house/s/b93/
Logger:2020-03-16 18:39:08.437196 https://zylhhy.fang.com/
Logger:2020-03-16 18:39:10.126251 https://tqds.fang.com/
Logger:2020-03-16 18:39:11.141773 https://khmxzzxq.fang.com/
Logger:2020-03-16 18:39:12.557323 https://zyfqyxq.fang.com/
Logger:2020-03-16 18:39:13.738133 https://zyyfsdgc.fang.com/
Logger:2020-03-16 18:39:14.841604 https://ltdcllhy.fang.com/
Logger:2020-03-16 18:39:15.934208 https://xyxqeq.fang.com/
Logger:2020-03-16 18:39:18.106287 https://lhgjcblza.fang.com/
Logger:2020-03-16 18:39:21.692688 https://zy.newhouse.fang.com/house/s/b94/
Logger:2020-03-16 18:39:25.219648 https://zy.newhouse.fang.com/house/s/b95/
Logger:2020-03-16 18:39:28.784753 https://zy.newhouse.fang.com/house/s/b96/
