Logger:2020-03-16 09:01:51.763497 https://zz.newhouse.fang.com/house/s/b91/
Logger:2020-03-16 09:01:52.150486 https://haidegongyuanbl0371.fang.com/
Logger:2020-03-16 09:01:52.525399 https://tianqinwanbgy.fang.com/
Logger:2020-03-16 09:01:53.013258 https://nayunxikq.fang.com/
Logger:2020-03-16 09:01:53.385394 https://ziyunchenghr.fang.com/
Logger:2020-03-16 09:01:53.732817 https://taoyuanjuwx.fang.com/
Logger:2020-03-16 09:01:54.108235 https://jiuxitianyuekq0371.fang.com/
Logger:2020-03-16 09:01:54.438398 https://tianlubgy0371.fang.com/
Logger:2020-03-16 09:01:54.756057 https://zhengdongkejichengqhfzqd.fang.com/
Logger:2020-03-16 09:01:55.033785 https://shengtaichengzs.fang.com/
Logger:2020-03-16 09:01:55.384503 https://sijichengjy.fang.com/
Logger:2020-03-16 09:01:57.699822 https://jinyunwaitanyx.fang.com/
Logger:2020-03-16 09:01:58.123709 https://haitanggongguan0371.fang.com/
Logger:2020-03-16 09:01:58.436173 https://148901.fang.com/
Logger:2020-03-16 09:01:58.673381 https://yaxingguandi.fang.com/
Logger:2020-03-16 09:01:59.001994 https://tianlunzitaiwk.fang.com/
Logger:2020-03-16 09:01:59.407922 https://jiaoyugangwanms.fang.com/
Logger:2020-03-16 09:02:01.432742 https://gongyuan18720371.fang.com/
Logger:2020-03-16 09:02:01.732222 https://jiuzhoufufs.fang.com/
Logger:2020-03-16 09:02:02.075647 https://shangpinxintiandi.fang.com/
Logger:2020-03-16 09:02:02.375876 https://yufujk.fang.com/
Logger:2020-03-16 09:02:06.090527 https://zz.newhouse.fang.com/house/s/b92/
Logger:2020-03-16 09:02:06.355554 https://yufujk.fang.com/
Logger:2020-03-16 09:02:06.733354 https://hongyuan0371.fang.com/
Logger:2020-03-16 09:02:07.078472 https://huxixuefuzs.fang.com/
Logger:2020-03-16 09:02:07.422506 https://gongyuandaoyihao0371.fang.com/
Logger:2020-03-16 09:02:07.893297 https://guokongtianyubgy.fang.com/
Logger:2020-03-16 09:02:08.207855 https://jinglinjiuxulh0371.fang.com/
Logger:2020-03-16 09:02:13.085788 https://148105.fang.com/
Logger:2020-03-16 09:02:13.396184 https://huihangjiayuanzs.fang.com/
Logger:2020-03-16 09:02:13.724254 https://148077.fang.com/3/
Logger:2020-03-16 09:02:16.564545 https://148333.fang.com/
Logger:2020-03-16 09:02:16.926652 https://mingmencuiyuan.fang.com/
Logger:2020-03-16 09:02:19.417849 https://tianyuechenghy.fang.com/
Logger:2020-03-16 09:02:19.796200 https://guanxianghh.fang.com/
Logger:2020-03-16 09:02:20.142828 https://guoyuanjiuhaoyuanyf.fang.com/
Logger:2020-03-16 09:02:20.470590 https://xinglianwan.fang.com/
Logger:2020-03-16 09:02:20.822458 https://148627.fang.com/
Logger:2020-03-16 09:02:21.127373 https://daduhuiwk0371.fang.com/
Logger:2020-03-16 09:02:24.862442 https://jinshuiwanjy.fang.com/
Logger:2020-03-16 09:02:25.189663 https://shengyuefu.fang.com/
Logger:2020-03-16 09:02:25.588895 https://meilizhichengwkmj.fang.com/
Logger:2020-03-16 09:02:29.407447 https://zz.newhouse.fang.com/house/s/b93/
Logger:2020-03-16 09:02:29.704396 https://wankeshixi.fang.com/
Logger:2020-03-16 09:02:30.080992 https://jinkecheng0371.fang.com/
Logger:2020-03-16 09:02:30.442706 https://chengkaizhongyuanchenyuanrc.fang.com/
Logger:2020-03-16 09:02:31.212566 https://lixiangshijieyh.fang.com/
Logger:2020-03-16 09:02:31.918943 https://dongyuechenghqba.fang.com/
Logger:2020-03-16 09:02:32.232438 https://minanyunchengwk.fang.com/
Logger:2020-03-16 09:02:32.558036 https://zhengzhouzhongxinbn.fang.com/
Logger:2020-03-16 09:02:32.935525 https://gelinxiaochengjd0371.fang.com/
Logger:2020-03-16 09:02:33.328749 https://zhongyanggongyuanzh.fang.com/
Logger:2020-03-16 09:02:33.750583 https://shiguangzhichengrxly.fang.com/
Logger:2020-03-16 09:02:36.276938 https://dongruncheng.fang.com/
Logger:2020-03-16 09:02:36.654583 https://xintianchengdlh.fang.com/
Logger:2020-03-16 09:02:37.027769 https://erqixinyuanmingcheng.fang.com/
Logger:2020-03-16 09:02:37.375552 https://quanshunshangcheng.fang.com/
Logger:2020-03-16 09:02:37.703587 https://148695.fang.com/
Logger:2020-03-16 09:02:38.032116 https://hupanxiaofengwx.fang.com/
Logger:2020-03-16 09:02:38.377848 https://linqichengmj.fang.com/
Logger:2020-03-16 09:02:38.736649 https://147915.fang.com/
Logger:2020-03-16 09:02:39.066296 https://donglananld.fang.com/
Logger:2020-03-16 09:02:39.331802 https://zhenghuayangshidaijd.fang.com/
Logger:2020-03-16 09:02:43.062409 https://zz.newhouse.fang.com/house/s/b94/
Logger:2020-03-16 09:02:43.364795 https://wanjinxian.fang.com/
Logger:2020-03-16 09:02:43.694341 https://meilinshangyuan.fang.com/
Logger:2020-03-16 09:02:43.975988 https://kongquechengzb.fang.com/
Logger:2020-03-16 09:02:44.381378 https://gongyuanfuly.fang.com/
Logger:2020-03-16 09:02:44.730670 https://xijunyuanzhualdbl.fang.com/
Logger:2020-03-16 09:02:46.561107 https://zhongzhoufu0371.fang.com/
Logger:2020-03-16 09:02:46.829891 https://yaxingshengshi.fang.com/4/
Logger:2020-03-16 09:02:49.023141 https://shengshiwolongcheng.fang.com/
Logger:2020-03-16 09:02:49.366597 https://148569.fang.com/
Logger:2020-03-16 09:02:49.654315 https://hanyuefumd0371.fang.com/
Logger:2020-03-16 09:02:49.951546 https://zjslsj.fang.com/
Logger:2020-03-16 09:02:50.309831 https://linxishangjunzj.fang.com/
Logger:2020-03-16 09:02:50.639994 https://148183.fang.com/
Logger:2020-03-16 09:02:50.946340 https://hanlinrongfu.fang.com/
Logger:2020-03-16 09:02:51.237188 https://148673.fang.com/
Logger:2020-03-16 09:02:51.550136 https://huaqiaochengzz.fang.com/
Logger:2020-03-16 09:02:51.940234 https://shuijingsenlindz.fang.com/
Logger:2020-03-16 09:02:52.254936 https://lantinghuafuzs.fang.com/
Logger:2020-03-16 09:02:53.199327 https://147577.fang.com/
Logger:2020-03-16 09:02:53.585330 https://hechangyunzhuxg.fang.com/
Logger:2020-03-16 09:02:57.303195 https://zz.newhouse.fang.com/house/s/b95/
Logger:2020-03-16 09:02:57.618093 https://guojizhihuichenghm.fang.com/
Logger:2020-03-16 09:02:57.990350 https://gyd1hvggly.fang.com/
Logger:2020-03-16 09:02:58.275379 https://yaxingfudi.fang.com/
Logger:2020-03-16 09:03:00.191368 https://gongyuanyuhuzs.fang.com/
Logger:2020-03-16 09:03:00.475977 https://168092.fang.com/
Logger:2020-03-16 09:03:00.847934 https://wankecheng0371.fang.com/
Logger:2020-03-16 09:03:01.366257 https://haidehuayuanzs.fang.com/
Logger:2020-03-16 09:03:03.357575 https://lizigongguanygc0371.fang.com/
Logger:2020-03-16 09:03:03.732466 https://hubinshijiazh.fang.com/
Logger:2020-03-16 09:03:04.077772 https://lvdulanwan.fang.com/
Logger:2020-03-16 09:03:04.486126 https://xihubgy.fang.com/
Logger:2020-03-16 09:03:04.861113 https://xiyuechenghq.fang.com/
Logger:2020-03-16 09:03:05.301258 https://wenhuaguangchangbl0371.fang.com/
Logger:2020-03-16 09:03:05.757119 https://kongquechengzz.fang.com/
Logger:2020-03-16 09:03:06.519044 https://hanhaisiniancheng.fang.com/
Logger:2020-03-16 09:03:07.063589 https://yongweicheng.fang.com/
Logger:2020-03-16 09:03:08.141184 https://148127.fang.com/
Logger:2020-03-16 09:03:08.500958 https://chenglongyuyuanzb.fang.com/
Logger:2020-03-16 09:03:08.841706 https://xintianyinxiang.fang.com/
Logger:2020-03-16 09:03:09.220799 https://zhonghuachengms.fang.com/
Logger:2020-03-16 09:03:13.000022 https://zz.newhouse.fang.com/house/s/b96/
Logger:2020-03-16 09:03:13.281270 https://gongyuanhaizzkqc.fang.com/
Logger:2020-03-16 09:03:13.642207 https://yuelantingrq.fang.com/
Logger:2020-03-16 09:03:14.051602 https://qingyunfuzh.fang.com/
Logger:2020-03-16 09:03:14.410774 https://dongrunxicheng.fang.com/
Logger:2020-03-16 09:03:14.731531 https://zijinghuatingld.fang.com/
Logger:2020-03-16 09:03:15.195212 https://shengtaichengbgy0371.fang.com/
Logger:2020-03-16 09:03:15.507659 https://lvdichengzz.fang.com/
Logger:2020-03-16 09:03:15.872700 https://gongyuanchengld.fang.com/
Logger:2020-03-16 09:03:16.326977 https://zijinjiayuanhr.fang.com/
Logger:2020-03-16 09:03:16.620803 https://heyuzhouzs.fang.com/
Logger:2020-03-16 09:03:17.013854 https://aotishijirx.fang.com/
Logger:2020-03-16 09:03:18.332127 https://baolilongxi0371.fang.com/
Logger:2020-03-16 09:03:18.645011 https://mingyuejd.fang.com/
Logger:2020-03-16 09:03:19.005912 https://yunhexiaozhenlc.fang.com/
Logger:2020-03-16 09:03:19.381150 https://shuanghuchengbgy.fang.com/
Logger:2020-03-16 09:03:19.725287 https://bailuyuanchunxiaoyf.fang.com/
Logger:2020-03-16 09:03:20.102022 https://dongfudayuanth.fang.com/
Logger:2020-03-16 09:03:21.956767 https://jiudinghuafuftc.fang.com/
Logger:2020-03-16 09:03:22.269555 https://jianyexinzhu.fang.com/
Logger:2020-03-16 09:03:22.660128 https://tanyueygc0371.fang.com/
Logger:2020-03-16 09:03:26.375505 https://zz.newhouse.fang.com/house/s/b97/
Logger:2020-03-16 09:03:26.696841 https://longhujinyicheng.fang.com/
Logger:2020-03-16 09:03:27.158984 https://yatinghuafuzs.fang.com/
Logger:2020-03-16 09:03:27.472908 https://zszhc.fang.com/
Logger:2020-03-16 09:03:28.020524 https://jingyuechenghq.fang.com/
Logger:2020-03-16 09:03:28.383011 https://minanjiangshanfuwk.fang.com/
Logger:2020-03-16 09:03:28.731536 https://tianyuefuzh0371.fang.com/
Logger:2020-03-16 09:03:29.041633 https://mingmenchengbang.fang.com/
Logger:2020-03-16 09:03:29.345590 https://jshgefgd.fang.com/
Logger:2020-03-16 09:03:29.653132 https://yuerongyuankq.fang.com/
Logger:2020-03-16 09:03:30.093127 https://chunfengshilixb.fang.com/
Logger:2020-03-16 09:03:30.451511 https://tianhuiguangchangsl.fang.com/
Logger:2020-03-16 09:03:30.779284 https://binheyunzhujh.fang.com/
Logger:2020-03-16 09:03:31.314607 https://xiyuemendigyxc.fang.com/
Logger:2020-03-16 09:03:31.484089 https://weilaizhiguangzzhd.fang.com/
Logger:2020-03-16 09:03:31.832045 https://yongweixijun.fang.com/
Logger:2020-03-16 09:03:32.130815 https://zhongzhouchengzs.fang.com/
Logger:2020-03-16 09:03:32.458684 https://lanqiaoshengfeiwkrc.fang.com/
Logger:2020-03-16 09:03:32.804441 https://yuefengjzy0371.fang.com/
Logger:2020-03-16 09:03:33.323294 https://xiwangwk.fang.com/
Logger:2020-03-16 09:03:33.653811 https://147187.fang.com/
Logger:2020-03-16 09:03:37.432197 https://zz.newhouse.fang.com/house/s/b98/
Logger:2020-03-16 09:03:38.700476 https://yongweinanyue.fang.com/
Logger:2020-03-16 09:03:39.128205 https://yufubgy0371.fang.com/
Logger:2020-03-16 09:03:39.438439 https://xinshidaiguangchanghr.fang.com/
Logger:2020-03-16 09:03:39.751861 https://148789.fang.com/
Logger:2020-03-16 09:03:40.097332 https://tengweicheng.fang.com/
Logger:2020-03-16 09:03:40.409364 https://qingyunyijingyuan.fang.com/
Logger:2020-03-16 09:03:40.707462 https://guanjunchengxzay.fang.com/
Logger:2020-03-16 09:03:41.023347 https://lanxifuxl.fang.com/
Logger:2020-03-16 09:03:41.382451 https://zhengshangcheng.fang.com/
Logger:2020-03-16 09:03:41.712706 https://dongluyuankq.fang.com/
Logger:2020-03-16 09:03:42.022632 https://yuhuahuiyuan.fang.com/
Logger:2020-03-16 09:03:42.511838 https://jiuhaoyuanlh.fang.com/
Logger:2020-03-16 09:03:44.972952 https://zhongnengrongfuyy.fang.com/
Logger:2020-03-16 09:03:45.269461 https://jiangshanzhukd.fang.com/
Logger:2020-03-16 09:03:46.415107 https://binhemingzhuzs.fang.com/
Logger:2020-03-16 09:03:46.748979 https://zhengrongfucn.fang.com/
Logger:2020-03-16 09:03:49.717515 https://148175.fang.com/
Logger:2020-03-16 09:03:50.068402 https://rongqiaofu.fang.com/
Logger:2020-03-16 09:03:50.338628 https://tianchenyuanzhulh0371.fang.com/
Logger:2020-03-16 09:03:50.716416 https://zhengshanggongzhuhu.fang.com/
Logger:2020-03-16 09:03:54.461332 https://zz.newhouse.fang.com/house/s/b99/
Logger:2020-03-16 09:03:54.756167 https://konggangchenyuanrc.fang.com/
Logger:2020-03-16 09:03:55.118113 https://yuhangmingzhuxgzs.fang.com/
Logger:2020-03-16 09:03:55.413641 https://lusenbaozhongxinhn.fang.com/
Logger:2020-03-16 09:03:55.653455 https://yuanyangfengjing0371.fang.com/
Logger:2020-03-16 09:03:55.995027 https://nanhuafujm.fang.com/
Logger:2020-03-16 09:03:56.338895 https://biguiyuanzz.fang.com/
Logger:2020-03-16 09:03:56.732450 https://jinxiushanhe.fang.com/
Logger:2020-03-16 09:03:57.153806 https://linyuxianzs.fang.com/
Logger:2020-03-16 09:03:57.521228 https://huihangmingzhuzs.fang.com/
Logger:2020-03-16 09:03:59.322869 https://jiangwanchengrx.fang.com/
Logger:2020-03-16 09:03:59.668115 https://zhenruishangjingzs.fang.com/
Logger:2020-03-16 09:03:59.981300 https://qihaoyuanzj2.fang.com/
Logger:2020-03-16 09:04:00.262673 https://zhenghongxincheng.fang.com/
Logger:2020-03-16 09:04:00.622174 https://148791.fang.com/
Logger:2020-03-16 09:04:01.000317 https://148207.fang.com/
Logger:2020-03-16 09:04:01.328753 https://wanshanhuyihaobgy.fang.com/
Logger:2020-03-16 09:04:01.714337 https://handeruyifu.fang.com/
Logger:2020-03-16 09:04:02.050356 https://meiluwankq.fang.com/
Logger:2020-03-16 09:04:02.332950 https://jinshuiguanchengxy.fang.com/
Logger:2020-03-16 09:04:02.661214 https://binhefenghuajd.fang.com/
Logger:2020-03-16 09:04:07.193500 https://zz.newhouse.fang.com/house/s/b910/
Logger:2020-03-16 09:04:07.473963 https://xiangfubgy.fang.com/
Logger:2020-03-16 09:04:07.756616 https://cuicanxihu.fang.com/
Logger:2020-03-16 09:04:08.128202 https://zhuzilukq.fang.com/
Logger:2020-03-16 09:04:08.447054 https://148103.fang.com/
Logger:2020-03-16 09:04:08.764186 https://ziyinhuatinghr.fang.com/
Logger:2020-03-16 09:04:09.060910 https://tianyuyjl.fang.com/
Logger:2020-03-16 09:04:09.358186 https://xinyuanmingjiazx.fang.com/
Logger:2020-03-16 09:04:09.781417 https://fenghuayuantl.fang.com/
Logger:2020-03-16 09:04:12.349730 https://hengjishuizhuang.fang.com/
Logger:2020-03-16 09:04:12.682657 https://dongxihui.fang.com/
Logger:2020-03-16 09:04:13.041783 https://shenglongguangchang0371.fang.com/
Logger:2020-03-16 09:04:13.354039 https://futianjiudinggongguan.fang.com/
Logger:2020-03-16 09:04:17.229623 https://jinmaofublh.fang.com/
Logger:2020-03-16 09:04:17.527088 https://shidaichengbgymm.fang.com/
Logger:2020-03-16 09:04:17.823784 https://fengjingbgy.fang.com/
Logger:2020-03-16 09:04:18.167631 https://tianlangkbgy.fang.com/
Logger:2020-03-16 09:04:18.560918 https://zhongyuanxincheng.fang.com/
Logger:2020-03-16 09:04:19.047544 https://shengtangfangzh.fang.com/
Logger:2020-03-16 09:04:19.345389 https://zhengrongshoufuxh.fang.com/
Logger:2020-03-16 09:04:19.657951 https://guojiqingfangchengjy.fang.com/
Logger:2020-03-16 09:04:24.316242 https://zz.newhouse.fang.com/house/s/b911/
Logger:2020-03-16 09:04:24.880500 https://kangqiaoboshe.fang.com/
Logger:2020-03-16 09:04:25.320802 https://guojilvyoudujiaquyj.fang.com/
Logger:2020-03-16 09:04:26.026988 https://longhushangchengwy.fang.com/
Logger:2020-03-16 09:04:26.859227 https://jiutangfuyf.fang.com/
Logger:2020-03-16 09:04:27.658107 https://yunhushangyuanzs.fang.com/
Logger:2020-03-16 09:04:28.159036 https://lanshangongguan0371.fang.com/
Logger:2020-03-16 09:04:28.440706 https://hanlinmingjun.fang.com/
Logger:2020-03-16 09:04:28.721478 https://jinshuiigongguanyh.fang.com/
Logger:2020-03-16 09:04:29.003327 https://meijingmeijiewk.fang.com/
Logger:2020-03-16 09:04:29.370019 https://rongqiaomeiyu.fang.com/
Logger:2020-03-16 09:04:29.632434 https://youbuhuayuanjh0371.fang.com/
Logger:2020-03-16 09:04:29.940366 https://148951.fang.com/
Logger:2020-03-16 09:04:32.221027 https://shengshichengbanghc.fang.com/
Logger:2020-03-16 09:04:32.641577 https://weilaiyunchengyp.fang.com/
Logger:2020-03-16 09:04:33.083409 https://zhongxinyundinggongguanxl.fang.com/
Logger:2020-03-16 09:04:33.395669 https://148443.fang.com/
Logger:2020-03-16 09:04:33.695063 https://758033.fang.com/
Logger:2020-03-16 09:04:34.054818 https://148763.fang.com/
Logger:2020-03-16 09:04:34.366534 https://biguiyuanxm.fang.com/
Logger:2020-03-16 09:04:34.916578 https://148915.fang.com/
Logger:2020-03-16 09:04:38.178007 https://zz.newhouse.fang.com/house/s/b912/
Logger:2020-03-16 09:04:42.426552 https://148921.fang.com/
Logger:2020-03-16 09:04:42.725374 https://shuxiangmingzhuzs.fang.com/
Logger:2020-03-16 09:04:43.084346 https://hanhaihangcheng.fang.com/
Logger:2020-03-16 09:04:43.400436 https://beilongtaims.fang.com/
Logger:2020-03-16 09:04:43.744025 https://longyuehuating0371.fang.com/
Logger:2020-03-16 09:04:44.087465 https://zhongangboya.fang.com/
Logger:2020-03-16 09:04:45.925749 https://lianhuyipinbn.fang.com/
Logger:2020-03-16 09:04:46.202168 https://yunduhuild0371.fang.com/
Logger:2020-03-16 09:04:46.516090 https://jinyushangyuanyw.fang.com/
Logger:2020-03-16 09:04:48.337220 https://biguiyuansj.fang.com/
Logger:2020-03-16 09:04:48.606499 https://148667.fang.com/
Logger:2020-03-16 09:04:50.208497 https://biguiyuanxz.fang.com/
Logger:2020-03-16 09:04:50.732583 https://148993.fang.com/
Logger:2020-03-16 09:04:51.191545 https://xingangjiazs.fang.com/
Logger:2020-03-16 09:04:51.555569 https://xingruihuijinguoji.fang.com/
Logger:2020-03-16 09:04:51.836101 https://148521.fang.com/
Logger:2020-03-16 09:04:52.292939 https://xiangongyuangyxc.fang.com/
Logger:2020-03-16 09:04:52.652941 https://148601.fang.com/
Logger:2020-03-16 09:04:53.167291 https://sanduhushanwkma.fang.com/
Logger:2020-03-16 09:04:53.924939 https://jiangnanxiaozhenyx.fang.com/
Logger:2020-03-16 09:04:57.704860 https://zz.newhouse.fang.com/house/s/b913/
Logger:2020-03-16 09:04:58.067825 https://148091.fang.com/
Logger:2020-03-16 09:04:58.375578 https://148199.fang.com/
Logger:2020-03-16 09:04:58.659137 https://shanghujiayuanyx.fang.com/
Logger:2020-03-16 09:04:59.081049 https://148113.fang.com/
Logger:2020-03-16 09:04:59.410844 https://meixishangjunzj.fang.com/
Logger:2020-03-16 09:04:59.709851 https://148335.fang.com/
Logger:2020-03-16 09:05:00.054113 https://148723.fang.com/
Logger:2020-03-16 09:05:00.367911 https://rongyuesijidf0371.fang.com/
Logger:2020-03-16 09:05:00.648030 https://zhongkezhiguchuangxinyuan.fang.com/
Logger:2020-03-16 09:05:04.254884 https://rongchuangcheng0371.fang.com/
Logger:2020-03-16 09:05:04.694504 https://daxidiqh.fang.com/
Logger:2020-03-16 09:05:05.000647 https://hengdachengzz.fang.com/
Logger:2020-03-16 09:05:05.384651 https://meidilinzhoumj.fang.com/
Logger:2020-03-16 09:05:05.747857 https://yijiangnanqh.fang.com/
Logger:2020-03-16 09:05:07.706538 https://zz.newhouse.fang.com/house/2510148317.htm
Logger:2020-03-16 09:05:08.019679 https://xixilichuanshuo.fang.com/
Logger:2020-03-16 09:05:08.423859 https://lanshangongguanyfdyc.fang.com/
Logger:2020-03-16 09:05:08.756904 https://148141.fang.com/
Logger:2020-03-16 09:05:09.806365 https://kangqiaojiuxijun.fang.com/
Logger:2020-03-16 09:05:10.103169 https://yuelongtaihd.fang.com/
Logger:2020-03-16 09:05:13.475129 https://zz.newhouse.fang.com/house/s/b914/
Logger:2020-03-16 09:05:13.772358 https://wulongxincheng.fang.com/
Logger:2020-03-16 09:05:14.397685 https://langmanxincheng0371.fang.com/
Logger:2020-03-16 09:05:14.715585 https://guojixinchengxy.fang.com/
Logger:2020-03-16 09:05:16.423917 https://lihuashangjingzs.fang.com/
Logger:2020-03-16 09:05:16.706053 https://yingdijintaifudi.fang.com/
Logger:2020-03-16 09:05:17.065344 https://huayanglixrhc.fang.com/
Logger:2020-03-16 09:05:17.425634 https://longchengtianyuebgy.fang.com/
Logger:2020-03-16 09:05:17.771912 https://yunshangchengsm.fang.com/
Logger:2020-03-16 09:05:18.162488 https://shanshuichenghd0371.fang.com/
Logger:2020-03-16 09:05:18.759457 https://yangguangcheng0371.fang.com/
Logger:2020-03-16 09:05:19.181779 https://zhongyangguangchanghj0371.fang.com/
Logger:2020-03-16 09:05:19.561221 https://aolanheyuan.fang.com/
Logger:2020-03-16 09:05:19.871549 https://lijingwanzy.fang.com/
Logger:2020-03-16 09:05:20.171799 https://jinshuifurcjl.fang.com/
Logger:2020-03-16 09:05:20.514887 https://jinzunfuth0371.fang.com/
Logger:2020-03-16 09:05:20.827314 https://xinglongchengqx.fang.com/
Logger:2020-03-16 09:05:21.161588 https://taishanyujing.fang.com/
Logger:2020-03-16 09:05:21.486941 https://meijinglongmenwk.fang.com/
Logger:2020-03-16 09:05:21.845574 https://xinjiefangwj.fang.com/
Logger:2020-03-16 09:05:22.194607 https://zhengdipuyuan.fang.com/
Logger:2020-03-16 09:05:26.006179 https://zz.newhouse.fang.com/house/s/b915/
Logger:2020-03-16 09:05:26.285995 https://hongguanglanjing.fang.com/
Logger:2020-03-16 09:05:26.661628 https://qianlongcheng.fang.com/
Logger:2020-03-16 09:05:30.707674 https://yuejingwanhr0371.fang.com/
Logger:2020-03-16 09:05:31.006237 https://moligongguan.fang.com/
Logger:2020-03-16 09:05:31.385513 https://mingmenziyuan0371.fang.com/
Logger:2020-03-16 09:05:31.718368 https://guojihuayuanyjl0371.fang.com/
Logger:2020-03-16 09:05:32.796076 https://147971.fang.com/
Logger:2020-03-16 09:05:33.155100 https://xianghu100ms.fang.com/
Logger:2020-03-16 09:05:33.483170 https://rongchuanglanyuan0371.fang.com/
Logger:2020-03-16 09:05:33.780278 https://shanghejunyw.fang.com/
Logger:2020-03-16 09:05:34.145022 https://yunhechengsy.fang.com/
Logger:2020-03-16 09:05:34.470725 https://zhenghongfu0371.fang.com/
Logger:2020-03-16 09:05:34.830231 https://longshuishangjingzs.fang.com/
Logger:2020-03-16 09:05:35.111701 https://zhongyuanyihaoyuanrc.fang.com/
Logger:2020-03-16 09:05:35.475698 https://lixiangguopl.fang.com/
Logger:2020-03-16 09:05:35.773024 https://huancuijuyx.fang.com/
Logger:2020-03-16 09:05:36.104456 https://qifuchengzs.fang.com/
Logger:2020-03-16 09:05:36.482316 https://148057.fang.com/
Logger:2020-03-16 09:05:36.809818 https://147483.fang.com/
Logger:2020-03-16 09:05:39.677440 https://songshanluxingongguanyx.fang.com/
Logger:2020-03-16 09:05:43.553009 https://zz.newhouse.fang.com/house/s/b916/
Logger:2020-03-16 09:05:45.149538 https://junyuanxydr.fang.com/
Logger:2020-03-16 09:05:45.463280 https://yongfenglecheng.fang.com/
Logger:2020-03-16 09:05:45.762644 https://junyuehugj.fang.com/
Logger:2020-03-16 09:05:46.121675 https://yuefuhaitang0371.fang.com/
Logger:2020-03-16 09:05:46.400088 https://wanghujunyw.fang.com/
Logger:2020-03-16 09:05:46.735213 https://zhongyuandaguanrczy.fang.com/
Logger:2020-03-16 09:05:47.018451 https://qingfengyuanzi.fang.com/
Logger:2020-03-16 09:05:47.393513 https://mingyuebinhelc.fang.com/
Logger:2020-03-16 09:05:47.724084 https://dongwangzdmj.fang.com/
Logger:2020-03-16 09:05:52.473741 https://baichengshangyuan.fang.com/
Logger:2020-03-16 09:05:54.543903 https://147405.fang.com/
Logger:2020-03-16 09:05:54.915381 https://yuhuchenyuanrc.fang.com/
Logger:2020-03-16 09:05:55.201995 https://yicainianhuahj.fang.com/
Logger:2020-03-16 09:05:55.484534 https://weilaihuating.fang.com/
Logger:2020-03-16 09:05:56.551875 https://rongqiaocheng2.fang.com/
Logger:2020-03-16 09:05:56.817377 https://jiangtaimeiyu.fang.com/
Logger:2020-03-16 09:05:57.130153 https://guojichengthjy.fang.com/
Logger:2020-03-16 09:05:57.633996 https://senlinhuayuyw.fang.com/
Logger:2020-03-16 09:05:58.151620 https://pingyuanxinchengjy.fang.com/
Logger:2020-03-16 09:05:58.525838 https://guojichenglj0371.fang.com/
Logger:2020-03-16 09:06:03.528602 https://zz.newhouse.fang.com/house/s/b917/
Logger:2020-03-16 09:06:03.826098 https://148321.fang.com/
Logger:2020-03-16 09:06:05.132640 https://xinlichengght.fang.com/
Logger:2020-03-16 09:06:05.526167 https://banyinglilvjy.fang.com/
Logger:2020-03-16 09:06:09.879930 https://haochuangcheng0371.fang.com/
Logger:2020-03-16 09:06:11.163513 https://aotigongguanfl.fang.com/
Logger:2020-03-16 09:06:11.463963 https://wutongjunhc.fang.com/
Logger:2020-03-16 09:06:11.853568 https://luomanxiaozhenyjl.fang.com/
Logger:2020-03-16 09:06:12.183105 https://lixiangchengzx.fang.com/
Logger:2020-03-16 09:06:12.499357 https://jiangtaitianyuguoji.fang.com/
Logger:2020-03-16 09:06:12.765529 https://lanxinyihaoyuan.fang.com/
Logger:2020-03-16 09:06:13.060026 https://xzhaochuangyougu.fang.com/
Logger:2020-03-16 09:06:13.533220 https://jianyetianzhu.fang.com/
Logger:2020-03-16 09:06:13.863393 https://shanshuishangjingzz.fang.com/
Logger:2020-03-16 09:06:14.191558 https://longhushangjingzs.fang.com/
Logger:2020-03-16 09:06:14.472499 https://yuxianghuhqxmg.fang.com/
Logger:2020-03-16 09:06:14.802454 https://linyuchenghc.fang.com/
Logger:2020-03-16 09:06:15.241273 https://yuelongwanhd0371.fang.com/
Logger:2020-03-16 09:06:15.715717 https://cuicantianchengld0371.fang.com/
Logger:2020-03-16 09:06:16.043141 https://liuanxiaofenglc0371.fang.com/
Logger:2020-03-16 09:06:16.307207 https://xuruihechangyoudi.fang.com/
Logger:2020-03-16 09:06:21.444677 https://zz.newhouse.fang.com/house/s/b918/
Logger:2020-03-16 09:06:21.717043 https://dongfangfutianwl.fang.com/
Logger:2020-03-16 09:06:22.049101 https://jiulongcheng.fang.com/
Logger:2020-03-16 09:06:22.409002 https://zitanhuadu.fang.com/
Logger:2020-03-16 09:06:22.720588 https://yigongguanslc.fang.com/
Logger:2020-03-16 09:06:23.064759 https://changjiangyihao0371.fang.com/
Logger:2020-03-16 09:06:23.398669 https://runfengxinshang0371.fang.com/
Logger:2020-03-16 09:06:23.835145 https://annaxizhuangyuan.fang.com/
Logger:2020-03-16 09:06:24.197232 https://longwangongguanzl.fang.com/
Logger:2020-03-16 09:06:24.555813 https://jinrongzhongxinwuqu.fang.com/
Logger:2020-03-16 09:06:24.837966 https://147609.fang.com/
Logger:2020-03-16 09:06:25.150441 https://shangshufangyfht.fang.com/
Logger:2020-03-16 09:06:25.434806 https://zhengzhouzfhc.fang.com/
Logger:2020-03-16 09:06:25.761365 https://huashanghui.fang.com/
Logger:2020-03-16 09:06:26.047355 https://148761.fang.com/
Logger:2020-03-16 09:06:26.331131 https://dongyuanyuecheng.fang.com/
Logger:2020-03-16 09:06:28.317653 https://shangheyuanyw.fang.com/
Logger:2020-03-16 09:06:28.648127 https://mingmentianjing.fang.com/
Logger:2020-03-16 09:06:28.963403 https://shanghejuyw.fang.com/
Logger:2020-03-16 09:06:29.810126 https://meiguiyuanlc0371.fang.com/
Logger:2020-03-16 09:06:30.154255 https://zitenggongguan.fang.com/
Logger:2020-03-16 09:06:33.826876 https://zz.newhouse.fang.com/house/s/b919/
Logger:2020-03-16 09:06:34.138961 https://wutonghuayuhc.fang.com/
Logger:2020-03-16 09:06:34.482421 https://xiyatu0371.fang.com/
Logger:2020-03-16 09:06:34.937725 https://fenghelangting.fang.com/
Logger:2020-03-16 09:06:35.250076 https://meijing.fang.com/
Logger:2020-03-16 09:06:35.611015 https://jianyeyunjing.fang.com/
Logger:2020-03-16 09:06:35.941030 https://shuizhijunjy.fang.com/
Logger:2020-03-16 09:06:36.253450 https://zijingmingduhnc0371.fang.com/
Logger:2020-03-16 09:06:36.629396 https://gelinshangdong.fang.com/
Logger:2020-03-16 09:06:37.441704 https://shengshengyinhejuyx.fang.com/
Logger:2020-03-16 09:06:38.013086 https://yuhuwanay0371.fang.com/
Logger:2020-03-16 09:06:38.544605 https://shijilongchengly.fang.com/
Logger:2020-03-16 09:06:38.857566 https://hongxingtianyue.fang.com/
Logger:2020-03-16 09:06:39.172008 https://zhongshengqihaoyuan.fang.com/
Logger:2020-03-16 09:06:39.515878 https://zhongxinguangchang0371.fang.com/
Logger:2020-03-16 09:06:39.845805 https://taiwushixinchengld.fang.com/
Logger:2020-03-16 09:06:40.848050 https://dongchengbandao.fang.com/
Logger:2020-03-16 09:06:41.212644 https://guoyuanbahaoyuanyf.fang.com/
Logger:2020-03-16 09:06:41.525636 https://cuicanxingzuold.fang.com/
Logger:2020-03-16 09:06:42.087315 https://ftxlw0371.fang.com/
Logger:2020-03-16 09:06:43.121408 https://zhenghongcheng.fang.com/
Logger:2020-03-16 09:06:46.964385 https://zz.newhouse.fang.com/house/s/b920/
Logger:2020-03-16 09:06:47.214012 https://shangdongguoji0371.fang.com/
Logger:2020-03-16 09:06:47.543967 https://zhongxinguangchang0371.fang.com/
Logger:2020-03-16 09:06:47.809640 https://taiwushixinchengld.fang.com/
Logger:2020-03-16 09:06:48.220102 https://dongchengbandao.fang.com/
Logger:2020-03-16 09:06:48.501918 https://guoyuanbahaoyuanyf.fang.com/
Logger:2020-03-16 09:06:48.831604 https://xintiandizs0371.fang.com/
Logger:2020-03-16 09:06:49.128252 https://cuicanxingzuold.fang.com/
Logger:2020-03-16 09:06:52.135336 https://hengsheng1haozhuangyuan.fang.com/
Logger:2020-03-16 09:06:52.782399 https://ftxlw0371.fang.com/
Logger:2020-03-16 09:06:53.173488 https://zhenghongcheng.fang.com/
Logger:2020-03-16 09:06:53.443075 https://aimeizhongxin.fang.com/
Logger:2020-03-16 09:06:53.746626 https://milanxiaozhenjr.fang.com/
Logger:2020-03-16 09:06:54.051828 https://jingshuishijicheng.fang.com/
Logger:2020-03-16 09:06:54.348201 https://hailiangshidaione.fang.com/
Logger:2020-03-16 09:06:54.864037 https://binhuguojichengld.fang.com/
Logger:2020-03-16 09:06:55.195085 https://tailongheyuan.fang.com/
Logger:2020-03-16 09:06:55.669913 https://yiyangxipanyw.fang.com/
Logger:2020-03-16 09:06:56.120381 https://zhenghongzhenzhu.fang.com/
Logger:2020-03-16 09:06:56.416915 https://zhongyuanyinxiangst.fang.com/
Logger:2020-03-16 09:06:58.883162 https://148093.fang.com/
Logger:2020-03-16 09:07:02.206510 https://zz.newhouse.fang.com/house/s/b921/
Logger:2020-03-16 09:07:02.459782 https://wuyunshanjy.fang.com/
Logger:2020-03-16 09:07:02.772319 https://shangdongguoji0371.fang.com/
Logger:2020-03-16 09:07:03.209667 https://dingtiandongshang.fang.com/
Logger:2020-03-16 09:07:03.634623 https://yujingyuansd.fang.com/
Logger:2020-03-16 09:07:03.964227 https://zmxianghuyihao.fang.com/
Logger:2020-03-16 09:07:04.245569 https://xianghejutf.fang.com/
Logger:2020-03-16 09:07:04.542487 https://xintiandizs0371.fang.com/
Logger:2020-03-16 09:07:04.857821 https://daduhuijy.fang.com/
Logger:2020-03-16 09:07:05.168334 https://xinggangheyuan.fang.com/
Logger:2020-03-16 09:07:05.433401 https://hengsheng1haozhuangyuan.fang.com/
Logger:2020-03-16 09:07:05.733455 https://falanyuanzhu0371.fang.com/
Logger:2020-03-16 09:07:06.063906 https://149007.fang.com/
Logger:2020-03-16 09:07:06.345248 https://lvdizhongxinzd.fang.com/
Logger:2020-03-16 09:07:06.609480 https://dfdongfangfutian.fang.com/
Logger:2020-03-16 09:07:06.877949 https://zhongbuqimaogang.fang.com/
Logger:2020-03-16 09:07:07.258094 https://chuangxinguangchang0371.fang.com/
Logger:2020-03-16 09:07:07.850483 https://longhuxian0371.fang.com/
Logger:2020-03-16 09:07:08.635445 https://zz.newhouse.fang.com/house/2510735685.htm
Logger:2020-03-16 09:07:08.917867 https://jingshuishijicheng.fang.com/
Logger:2020-03-16 09:07:09.294779 https://huayushuianzf.fang.com/
Logger:2020-03-16 09:07:12.951112 https://zz.newhouse.fang.com/house/s/b922/
Logger:2020-03-16 09:07:13.245180 https://wanjingongguanzh0371.fang.com/
Logger:2020-03-16 09:07:13.590088 https://zhongyuanhnc.fang.com/
Logger:2020-03-16 09:07:13.980929 https://hanyutianyuewan.fang.com/
Logger:2020-03-16 09:07:14.310129 https://zhenghongzhenzhu.fang.com/
Logger:2020-03-16 09:07:14.641749 https://runkaixilingxiaozhen.fang.com/
Logger:2020-03-16 09:07:14.951350 https://binshuiyuanzj.fang.com/
Logger:2020-03-16 09:07:15.218760 https://yunlingguoji.fang.com/
Logger:2020-03-16 09:07:15.546807 https://shangyuejufljy.fang.com/
Logger:2020-03-16 09:07:15.910025 https://jiuyulongcheng.fang.com/
Logger:2020-03-16 09:07:16.774768 https://dachengxiaoyuanth0371.fang.com/
Logger:2020-03-16 09:07:19.110322 https://jinlingjiuruyi.fang.com/
Logger:2020-03-16 09:07:19.440621 https://zhongshengyuechengrq.fang.com/
Logger:2020-03-16 09:07:19.768127 https://huaerzhongxin.fang.com/
Logger:2020-03-16 09:07:20.208301 https://148961.fang.com/
Logger:2020-03-16 09:07:20.490370 https://yubinfuyjl0371.fang.com/
Logger:2020-03-16 09:07:20.849662 https://qinghuacheng.fang.com/
Logger:2020-03-16 09:07:21.163026 https://tianlunguiyulantinglc.fang.com/
Logger:2020-03-16 09:07:21.471898 https://wuhuaguoji.fang.com/
Logger:2020-03-16 09:07:21.763003 https://aishanglitmj.fang.com/
Logger:2020-03-16 09:07:22.120598 https://lijingwanygc0371.fang.com/
Logger:2020-03-16 09:07:25.740817 https://zz.newhouse.fang.com/house/s/b923/
Logger:2020-03-16 09:07:26.009815 https://dongfangchenyuanrc0371.fang.com/
Logger:2020-03-16 09:07:26.352232 https://yanyuewancj.fang.com/
Logger:2020-03-16 09:07:26.689190 https://guokongdongchen.fang.com/
Logger:2020-03-16 09:07:26.997462 https://bairongwanshangguojiwk.fang.com/
Logger:2020-03-16 09:07:27.325933 https://147465.fang.com/
Logger:2020-03-16 09:07:27.764470 https://zhongjilewan.fang.com/
Logger:2020-03-16 09:07:28.109436 https://qishenghuatingzs.fang.com/
Logger:2020-03-16 09:07:29.443732 https://147869.fang.com/
Logger:2020-03-16 09:07:29.820537 https://zhengfenglijr.fang.com/
Logger:2020-03-16 09:07:30.101946 https://gongyiyjw.fang.com/
Logger:2020-03-16 09:07:30.415090 https://huaxinjingyuezj.fang.com/
Logger:2020-03-16 09:07:33.225417 https://147279.fang.com/
Logger:2020-03-16 09:07:33.600327 https://aimeizhongxin.fang.com/
Logger:2020-03-16 09:07:34.114347 https://zzgrc0371.fang.com/
Logger:2020-03-16 09:07:34.400001 https://zhengshengyangguangcheng.fang.com/
Logger:2020-03-16 09:07:34.687162 https://wangjiaochengshiguangchang.fang.com/
Logger:2020-03-16 09:07:35.011386 https://zhongyangguangchanglzhyh.fang.com/
Logger:2020-03-16 09:07:35.262075 https://longqiwanys.fang.com/
Logger:2020-03-16 09:07:35.574448 https://dfztgc.fang.com/
Logger:2020-03-16 09:07:35.936373 https://zhongsenyuelanshan.fang.com/
Logger:2020-03-16 09:07:39.524772 https://zz.newhouse.fang.com/house/s/b924/
Logger:2020-03-16 09:07:39.795470 https://zhzijc.fang.com/
Logger:2020-03-16 09:07:40.055979 https://ziyulanting0371.fang.com/
Logger:2020-03-16 09:07:40.372484 https://zhongmounanxifudi.fang.com/
Logger:2020-03-16 09:07:40.746664 https://zmwankeyu.fang.com/
Logger:2020-03-16 09:07:41.043819 https://jinquandasha0371.fang.com/
Logger:2020-03-16 09:07:41.347729 https://dfmkl.fang.com/
Logger:2020-03-16 09:07:41.613048 https://kuanshijie0371.fang.com/
Logger:2020-03-16 09:07:42.021178 https://dongfangyinzuo0371.fang.com/
Logger:2020-03-16 09:07:44.198309 https://ldwscb2.fang.com/
Logger:2020-03-16 09:07:44.464484 https://148375.fang.com/
Logger:2020-03-16 09:07:44.732835 https://huaxingdasha0371.fang.com/
Logger:2020-03-16 09:07:45.110744 https://xinchengduojixiyuan.fang.com/
Logger:2020-03-16 09:07:45.376390 https://jinxiuchengsr.fang.com/
Logger:2020-03-16 09:07:45.704079 https://qingfenggongyuan.fang.com/
Logger:2020-03-16 09:07:46.079388 https://rongshenghuafu0371.fang.com/
Logger:2020-03-16 09:07:47.967515 https://litinggongyuzhc.fang.com/
Logger:2020-03-16 09:07:48.275682 https://guangdiantianyun.fang.com/
Logger:2020-03-16 09:07:49.231762 https://meihaoshuyuanyx.fang.com/
Logger:2020-03-16 09:07:49.606401 https://linyuzhenkq.fang.com/
Logger:2020-03-16 09:07:49.953671 https://junyuefucj0371.fang.com/
Logger:2020-03-16 09:07:53.559672 https://zz.newhouse.fang.com/house/s/b925/
Logger:2020-03-16 09:07:53.901465 https://gongyuanshijia0371.fang.com/
Logger:2020-03-16 09:07:54.203009 https://jiulongxincheng0371.fang.com/
Logger:2020-03-16 09:07:55.865890 https://jiujintai0371.fang.com/
Logger:2020-03-16 09:07:56.179462 https://minanxingchenwk.fang.com/
Logger:2020-03-16 09:07:56.493283 https://taihejiayuan0371.fang.com/
Logger:2020-03-16 09:07:56.826480 https://shumagangzhgx.fang.com/
Logger:2020-03-16 09:07:57.323535 https://shenglongtianxi0371.fang.com/
Logger:2020-03-16 09:07:58.468329 https://xishuiwanhc.fang.com/
Logger:2020-03-16 09:07:58.781927 https://zhengdongshangting.fang.com/
Logger:2020-03-16 09:07:59.140647 https://zbwxyt.fang.com/
Logger:2020-03-16 09:07:59.439886 https://wutongchunxiaohc.fang.com/
Logger:2020-03-16 09:08:01.199153 https://guojishequlgfhcd.fang.com/
Logger:2020-03-16 09:08:05.117507 https://fengqiwutonglc.fang.com/
Logger:2020-03-16 09:08:05.414313 https://dexingbeishang.fang.com/
Logger:2020-03-16 09:08:05.764129 https://yuhuaqingyuan.fang.com/
Logger:2020-03-16 09:08:06.076469 https://shengshiguangchanghnc.fang.com/
Logger:2020-03-16 09:08:09.381794 https://binhefujkxh.fang.com/
Logger:2020-03-16 09:08:09.647277 https://jinshenglongqiwan.fang.com/
Logger:2020-03-16 09:08:16.685784 https://guangzhigu.fang.com/
Logger:2020-03-16 09:08:20.017035 https://longzhongjinyuan.fang.com/
Logger:2020-03-16 09:08:23.807583 https://zz.newhouse.fang.com/house/s/b926/
Logger:2020-03-16 09:08:26.003931 https://dfscgj.fang.com/
Logger:2020-03-16 09:08:26.333971 https://longhuli.fang.com/
Logger:2020-03-16 09:08:26.599533 https://yulanxianhe.fang.com/
Logger:2020-03-16 09:08:26.912672 https://148177.fang.com/
Logger:2020-03-16 09:08:27.225616 https://xintiancheng.fang.com/
Logger:2020-03-16 09:08:27.587843 https://gongyuanlijy0371.fang.com/
Logger:2020-03-16 09:08:27.946703 https://dengfengyuyuan.fang.com/
Logger:2020-03-16 09:08:28.199346 https://zhengdonglongrunguoji.fang.com/
Logger:2020-03-16 09:08:28.465553 https://148425.fang.com/
Logger:2020-03-16 09:08:28.824387 https://148173.fang.com/
Logger:2020-03-16 09:08:29.140640 https://zhongmoushangdongcheng.fang.com/
Logger:2020-03-16 09:08:29.581977 https://gelancuidiwan.fang.com/
Logger:2020-03-16 09:08:29.909356 https://honghujunzh.fang.com/
Logger:2020-03-16 09:08:37.439973 https://xzhaochuangyuecheng.fang.com/
Logger:2020-03-16 09:08:37.702374 https://yijianghongcheng0371.fang.com/
Logger:2020-03-16 09:08:37.943731 https://zhongqiangjijinwuan.fang.com/
Logger:2020-03-16 09:08:38.344210 https://776955.fang.com/
Logger:2020-03-16 09:08:38.675150 https://zhongshengparkgongyu.fang.com/
Logger:2020-03-16 09:08:38.943759 https://djiagongyu.fang.com/
Logger:2020-03-16 09:08:39.208345 https://148337.fang.com/
Logger:2020-03-16 09:08:43.236580 https://zz.newhouse.fang.com/house/s/b927/
Logger:2020-03-16 09:08:43.518792 https://149015.fang.com/
Logger:2020-03-16 09:08:43.824013 https://zmrunchengshiguangli.fang.com/
Logger:2020-03-16 09:08:44.129559 https://148741.fang.com/
Logger:2020-03-16 09:08:44.461977 https://taichengyuefuxy.fang.com/
Logger:2020-03-16 09:08:44.811240 https://kqyxl0371.fang.com/
Logger:2020-03-16 09:08:45.117526 https://guojidashazs0371.fang.com/
Logger:2020-03-16 09:08:45.336898 https://juwai.fang.com/
Logger:2020-03-16 09:08:46.949923 https://xzkundaxianglongcheng.fang.com/
Logger:2020-03-16 09:08:47.375243 https://dfshengfengyjdf.fang.com/
Logger:2020-03-16 09:08:47.676377 https://yulongzhichunxy.fang.com/
Logger:2020-03-16 09:08:47.942343 https://longyuguoji0371.fang.com/
Logger:2020-03-16 09:08:48.272898 https://jingkaimingzhu.fang.com/
Logger:2020-03-16 09:08:48.569785 https://honggujiayuanrl.fang.com/
Logger:2020-03-16 09:08:48.850819 https://shengshilongcheng0371.fang.com/
Logger:2020-03-16 09:08:49.132593 https://feicuimingzhu0371.fang.com/
Logger:2020-03-16 09:08:49.396112 https://hongfuyihao.fang.com/
Logger:2020-03-16 09:08:49.764939 https://longhumingjun0371.fang.com/
Logger:2020-03-16 09:08:50.092987 https://shuangqiaoyinxiang0371.fang.com/
Logger:2020-03-16 09:08:50.371941 https://shihangzhichuang.fang.com/
Logger:2020-03-16 09:08:51.878588 https://gryhs.fang.com/
Logger:2020-03-16 09:08:55.747924 https://zz.newhouse.fang.com/house/s/b928/
Logger:2020-03-16 09:08:56.029132 https://hxgjgc0371.fang.com/
Logger:2020-03-16 09:08:57.335130 https://hnwbcyy.fang.com/
Logger:2020-03-16 09:08:57.809993 https://jinxiushequ.fang.com/
Logger:2020-03-16 09:08:58.338954 https://xinyicheng0371.fang.com/
Logger:2020-03-16 09:08:58.589177 https://148971.fang.com/
Logger:2020-03-16 09:09:03.353236 https://meihaochengbangyx.fang.com/
Logger:2020-03-16 09:09:05.755570 https://xianghuli.fang.com/
Logger:2020-03-16 09:09:06.114777 https://fuicuiwanbgy.fang.com/
Logger:2020-03-16 09:09:06.444416 https://rongchuanglongfu.fang.com/
Logger:2020-03-16 09:09:06.775750 https://erwanhh.fang.com/
Logger:2020-03-16 09:09:07.150624 https://hanlinguojicheng.fang.com/
Logger:2020-03-16 09:09:07.494065 https://lanhuayujd.fang.com/
Logger:2020-03-16 09:09:07.793537 https://hanlinhuafu0371.fang.com/
Logger:2020-03-16 09:09:08.327309 https://zhenshuixiaozhenld.fang.com/
Logger:2020-03-16 09:09:08.687001 https://149063.fang.com/
Logger:2020-03-16 09:09:08.985688 https://biguiyuanlongcheng.fang.com/
Logger:2020-03-16 09:09:09.377564 https://yaxingshengshi.fang.com/
Logger:2020-03-16 09:09:09.799378 https://hengdaweilaichengzk.fang.com/
Logger:2020-03-16 09:09:10.129371 https://wangyuefuxh.fang.com/
Logger:2020-03-16 09:09:10.412280 https://zyzydgxginrc.fang.com/
Logger:2020-03-16 09:09:14.126215 https://zz.newhouse.fang.com/house/s/b929/
Logger:2020-03-16 09:09:14.394257 https://runfengxinchen.fang.com/
Logger:2020-03-16 09:09:14.678042 https://lianmengxinchengzx.fang.com/
Logger:2020-03-16 09:09:15.116049 https://hongxiguzs.fang.com/
Logger:2020-03-16 09:09:15.412444 https://jinrongguangchang03712.fang.com/
Logger:2020-03-16 09:09:15.718635 https://jinyufu0371.fang.com/
Logger:2020-03-16 09:09:15.993691 https://futianxinghewan.fang.com/
Logger:2020-03-16 09:09:16.371029 https://mingyuejiangnanlc0371.fang.com/
Logger:2020-03-16 09:09:16.667797 https://minanshangjun.fang.com/
Logger:2020-03-16 09:09:16.999493 https://shunhexiwz.fang.com/
Logger:2020-03-16 09:09:17.376458 https://lanchengtaohuayuan.fang.com/
Logger:2020-03-16 09:09:17.673889 https://chunjiangjiayuan0371.fang.com/
Logger:2020-03-16 09:09:17.987081 https://jinmagongguan.fang.com/2/
Logger:2020-03-16 09:09:18.283879 https://jinxizongbugang.fang.com/
Logger:2020-03-16 09:09:18.642618 https://yangguangyijinghuayuan.fang.com/
Logger:2020-03-16 09:09:18.943817 https://147535.fang.com/
Logger:2020-03-16 09:09:19.240235 https://yichenshanhaijian.fang.com/
Logger:2020-03-16 09:09:19.568599 https://yuntinggk.fang.com/
Logger:2020-03-16 09:09:20.072941 https://jiulongtai0371.fang.com/
Logger:2020-03-16 09:09:20.401422 https://anhengpindi.fang.com/
Logger:2020-03-16 09:09:20.701186 https://hengdaguangchang0371.fang.com/
Logger:2020-03-16 09:09:24.008815 https://zz.newhouse.fang.com/house/s/b930/
Logger:2020-03-16 09:09:24.292070 https://149029.fang.com/
Logger:2020-03-16 09:09:24.557624 https://konggangshidaixh.fang.com/
Logger:2020-03-16 09:09:24.852114 https://shihangzimaozhongxin.fang.com/
Logger:2020-03-16 09:09:25.251631 https://guanlanjun0371.fang.com/
Logger:2020-03-16 09:09:25.558214 https://huananchengzz.fang.com/
Logger:2020-03-16 09:09:25.842549 https://zhihuigongyuanlc.fang.com/
Logger:2020-03-16 09:09:26.124208 https://lvdizhongxineq.fang.com/
Logger:2020-03-16 09:09:26.578749 https://shoufuyihaozl0371.fang.com/
Logger:2020-03-16 09:09:27.131261 https://148403.fang.com/
Logger:2020-03-16 09:09:27.457698 https://148151.fang.com/
Logger:2020-03-16 09:09:27.740285 https://guojizhongxinbh.fang.com/
Logger:2020-03-16 09:09:28.019898 https://wandagongyuanli.fang.com/
Logger:2020-03-16 09:09:28.316926 https://xuanyuanhuyihao.fang.com/
Logger:2020-03-16 09:09:28.634373 https://lantianshangwuhuayuan.fang.com/
Logger:2020-03-16 09:09:31.721001 https://yuanzhengbiguiyuan.fang.com/
Logger:2020-03-16 09:09:32.300859 https://lcfhmgy.fang.com/
Logger:2020-03-16 09:09:32.628140 https://douhuiguangchanghc.fang.com/
Logger:2020-03-16 09:09:32.946289 https://jiajucbdjmkxzz.fang.com/
Logger:2020-03-16 09:09:33.254399 https://shanghelonghuqiyezhongxin.fang.com/
Logger:2020-03-16 09:09:36.439574 https://lvyinbandaojh.fang.com/
Logger:2020-03-16 09:09:40.071747 https://zz.newhouse.fang.com/house/s/b931/
Logger:2020-03-16 09:09:40.345111 https://xinduwanxiangchengdengfeng.fang.com/
Logger:2020-03-16 09:09:40.657163 https://jykxgc0371.fang.com/
Logger:2020-03-16 09:09:40.926594 https://tangning1haojz.fang.com/
Logger:2020-03-16 09:09:41.272541 https://149021.fang.com/
Logger:2020-03-16 09:09:41.553797 https://qihangguojiguangchangzs.fang.com/
Logger:2020-03-16 09:09:41.866110 https://fengqilanyuelc.fang.com/
Logger:2020-03-16 09:09:42.132297 https://chengshizhiguangma.fang.com/
Logger:2020-03-16 09:09:42.462477 https://dahongchengyihaoxinmi.fang.com/
Logger:2020-03-16 09:09:42.700625 https://shangbinchengzs.fang.com/
Logger:2020-03-16 09:09:43.027624 https://huigangmingdu.fang.com/
Logger:2020-03-16 09:09:43.466623 https://thyinghunzhuangzhuan.fang.com/
Logger:2020-03-16 09:09:43.732544 https://jingkaiguangchangzs.fang.com/
Logger:2020-03-16 09:09:43.986748 https://mingshihaoju.fang.com/
Logger:2020-03-16 09:09:44.330073 https://zhongmouxingchengguojidongyuan.fang.com/
Logger:2020-03-16 09:09:44.861533 https://dftdlongxiwan.fang.com/
Logger:2020-03-16 09:09:45.128639 https://haigangcheng0371.fang.com/
Logger:2020-03-16 09:09:46.462497 https://gaoxinqiyejiasuqichanyeyuan.fang.com/
Logger:2020-03-16 09:09:46.768610 https://dihuakaixuanchengxy.fang.com/
Logger:2020-03-16 09:09:48.170974 https://jinduhui0371.fang.com/
Logger:2020-03-16 09:09:48.435864 https://147407.fang.com/
Logger:2020-03-16 09:09:52.029515 https://zz.newhouse.fang.com/house/s/b932/
Logger:2020-03-16 09:09:52.294611 https://yuantongguoji0371.fang.com/
Logger:2020-03-16 09:09:52.637895 https://yipinlanwan0371.fang.com/
Logger:2020-03-16 09:09:52.934749 https://zhengshangruizuan0371.fang.com/
Logger:2020-03-16 09:09:53.429481 https://zhongtangfulg.fang.com/
Logger:2020-03-16 09:09:54.050526 https://changdingrunyuan.fang.com/
Logger:2020-03-16 09:09:54.363328 https://zmzhongyanghuayuan.fang.com/
Logger:2020-03-16 09:09:54.654246 https://wenhuachengdengfeng.fang.com/
Logger:2020-03-16 09:09:54.935591 https://huayangnianhuahd.fang.com/
Logger:2020-03-16 09:09:55.214956 https://qinglongshanguojishengtaishifanqu.fang.com/
Logger:2020-03-16 09:09:57.075174 https://zhengganghuayuan0371.fang.com/
Logger:2020-03-16 09:09:57.374882 https://qimengshidai.fang.com/
Logger:2020-03-16 09:09:57.670966 https://148729.fang.com/
Logger:2020-03-16 09:09:57.956239 https://chengyiderunhuating.fang.com/
Logger:2020-03-16 09:10:02.329466 https://mikekongjianhx.fang.com/
Logger:2020-03-16 09:10:02.614864 https://jinmeinanhuafu.fang.com/
Logger:2020-03-16 09:10:03.239700 https://qingpingyuanyiqilingxiucheng.fang.com/
Logger:2020-03-16 09:10:03.518775 https://jingshaguangchang.fang.com/
Logger:2020-03-16 09:10:03.802814 https://zhongmoulvbobandao.fang.com/
Logger:2020-03-16 09:10:04.134523 https://zhengshangpinxy.fang.com/
Logger:2020-03-16 09:10:04.703388 https://dongfanglingyuerqi.fang.com/
Logger:2020-03-16 09:10:10.580120 https://zz.newhouse.fang.com/house/s/b933/
Logger:2020-03-16 09:10:10.845679 https://heyuancaifuguangchangxinmi.fang.com/
Logger:2020-03-16 09:10:11.143358 https://huafuyujing0371.fang.com/
Logger:2020-03-16 09:10:11.440207 https://kailinzhongxin.fang.com/
Logger:2020-03-16 09:10:11.665771 https://donggongqiyejiayuan.fang.com/
Logger:2020-03-16 09:10:12.935444 https://guojizhongxinjh.fang.com/
Logger:2020-03-16 09:10:13.481995 https://zhongmouzhengdongmingzhu.fang.com/
Logger:2020-03-16 09:10:20.671705 https://yhlzsgg0371.fang.com/
Logger:2020-03-16 09:10:20.952888 https://yikelalh.fang.com/
Logger:2020-03-16 09:10:21.265315 https://schyl0371.fang.com/
Logger:2020-03-16 09:10:21.577743 https://xylijinghuayuan.fang.com/
Logger:2020-03-16 09:10:22.119018 https://zhongmoujinrunnianhua.fang.com/
Logger:2020-03-16 09:10:22.384176 https://xzkangqiaoxigongguan.fang.com/
Logger:2020-03-16 09:10:22.634515 https://qingchungala.fang.com/
Logger:2020-03-16 09:10:27.825135 https://xiangshuwenyuan.fang.com/
Logger:2020-03-16 09:10:28.090855 https://chengshiguangchanghm.fang.com/
Logger:2020-03-16 09:10:31.121318 https://wuzhoucheng01.fang.com/
Logger:2020-03-16 09:10:33.279190 https://wantongqichebolanyuan.fang.com/
Logger:2020-03-16 09:10:33.544795 https://yhsjg0371.fang.com/
Logger:2020-03-16 09:10:33.904228 https://dayuchengdf.fang.com/
Logger:2020-03-16 09:10:34.170337 https://caifuzhongxinzm.fang.com/
Logger:2020-03-16 09:10:37.684733 https://zz.newhouse.fang.com/house/s/b934/
Logger:2020-03-16 09:10:40.621206 https://xzyonglefengcheng.fang.com/
Logger:2020-03-16 09:10:40.902391 https://danchengfudi.fang.com/
Logger:2020-03-16 09:10:41.230437 https://lhxsw.fang.com/
Logger:2020-03-16 09:10:43.359930 https://kundaxianglongcheng.fang.com/
Logger:2020-03-16 09:10:43.593952 https://dongxinguojizhongxin.fang.com/
Logger:2020-03-16 09:10:46.295786 https://zhongmouhengtaihuafu.fang.com/
Logger:2020-03-16 09:10:46.577080 https://ltswhy0371.fang.com/
Logger:2020-03-16 09:10:46.842701 https://tiandishanshuijian.fang.com/
Logger:2020-03-16 09:10:47.186444 https://tianlunzhuangyuan0371.fang.com/
Logger:2020-03-16 09:10:47.530168 https://jianyej18.fang.com/
Logger:2020-03-16 09:10:47.810685 https://longhuyihaozd.fang.com/
Logger:2020-03-16 09:10:48.154353 https://yishanghuayuanshishangwuhuiguanzz.fang.com/
Logger:2020-03-16 09:10:48.451161 https://mingmenyuefu.fang.com/
Logger:2020-03-16 09:10:48.779765 https://jindiyuanzm.fang.com/
Logger:2020-03-16 09:10:49.029701 https://gongyijyyhcb.fang.com/
Logger:2020-03-16 09:10:49.310331 https://147937.fang.com/
Logger:2020-03-16 09:10:49.560881 https://dushiyijia0371.fang.com/
Logger:2020-03-16 09:10:49.911993 https://chengguo0371.fang.com/
Logger:2020-03-16 09:10:50.208863 https://lingshiguankqyc.fang.com/
Logger:2020-03-16 09:10:50.489684 https://zhongyedasha0371.fang.com/
Logger:2020-03-16 09:10:54.249738 https://zz.newhouse.fang.com/house/s/b935/
Logger:2020-03-16 09:10:54.546462 https://747957.fang.com/
Logger:2020-03-16 09:10:54.999483 https://liuhegongyulhxfm.fang.com/
Logger:2020-03-16 09:10:55.327528 https://147897.fang.com/
Logger:2020-03-16 09:10:55.608714 https://zijingbandaodongjun.fang.com/
Logger:2020-03-16 09:10:55.906003 https://jinyulanwanyw.fang.com/
Logger:2020-03-16 09:10:56.783800 https://zhengshangchengdf.fang.com/
Logger:2020-03-16 09:10:57.064521 https://zhenshuifuyx.fang.com/
Logger:2020-03-16 09:10:57.392569 https://148835.fang.com/
Logger:2020-03-16 09:10:57.704995 https://sidamingzhuzs.fang.com/
Logger:2020-03-16 09:10:58.673591 https://148323.fang.com/
Logger:2020-03-16 09:10:59.064091 https://shiboyipincheng.fang.com/
Logger:2020-03-16 09:10:59.329624 https://xingzhongqicheng.fang.com/
Logger:2020-03-16 09:10:59.611002 https://hualianarc.fang.com/
Logger:2020-03-16 09:10:59.891978 https://fulingongguan.fang.com/
Logger:2020-03-16 09:11:00.220026 https://gongyuanmaoly.fang.com/
Logger:2020-03-16 09:11:00.501583 https://dayijindicheng.fang.com/
Logger:2020-03-16 09:11:00.938607 https://hanghaiguangchangzs.fang.com/
Logger:2020-03-16 09:11:01.360382 https://lvchengyanminghumeiguiyuan.fang.com/
Logger:2020-03-16 09:11:01.610764 https://gtypzy.fang.com/
Logger:2020-03-16 09:11:01.924762 https://songshanguoji0371.fang.com/
Logger:2020-03-16 09:11:05.733282 https://zz.newhouse.fang.com/house/s/b936/
Logger:2020-03-16 09:11:06.857567 https://runfengjushang.fang.com/
Logger:2020-03-16 09:11:07.232652 https://148285.fang.com/
Logger:2020-03-16 09:11:07.529801 https://xinhejingjie.fang.com/
Logger:2020-03-16 09:11:07.826087 https://jinshangxincheng.fang.com/
Logger:2020-03-16 09:11:08.216749 https://ycy0371.fang.com/
Logger:2020-03-16 09:11:08.701107 https://dfslyy.fang.com/
Logger:2020-03-16 09:11:09.232005 https://0371bgyhy.fang.com/
Logger:2020-03-16 09:11:09.497567 https://jiajingshangpinjy.fang.com/
Logger:2020-03-16 09:11:09.841236 https://guiyuanmdb.fang.com/
Logger:2020-03-16 09:11:10.169284 https://lixiangmingcheng.fang.com/
Logger:2020-03-16 09:11:10.512953 https://linxiwan0371.fang.com/
Logger:2020-03-16 09:11:10.794586 https://dfchuangjiaziweicheng.fang.com/
Logger:2020-03-16 09:11:11.090941 https://dengfengjinyuansanqi.fang.com/
Logger:2020-03-16 09:11:11.938163 https://dongwangyunlang.fang.com/
Logger:2020-03-16 09:11:13.094293 https://zhongmouxinglianwan.fang.com/
Logger:2020-03-16 09:11:13.375404 https://shangyezhongxinzd.fang.com/
Logger:2020-03-16 09:11:13.687329 https://148445.fang.com/
Logger:2020-03-16 09:11:13.984377 https://qingpingshanchengxinmi.fang.com/
Logger:2020-03-16 09:11:15.218218 https://dianzishangwuchanyeyuanhns.fang.com/
Logger:2020-03-16 09:11:15.483823 https://m3lifangti.fang.com/
Logger:2020-03-16 09:11:19.049243 https://zz.newhouse.fang.com/house/s/b937/
Logger:2020-03-16 09:11:19.346581 https://zhenshuichengdw.fang.com/
Logger:2020-03-16 09:11:19.658436 https://huaxiachengtj.fang.com/
Logger:2020-03-16 09:11:19.941722 https://zhenfuhepanwl.fang.com/
Logger:2020-03-16 09:11:20.254149 https://781673.fang.com/
Logger:2020-03-16 09:11:20.535475 https://longyinshijia.fang.com/
Logger:2020-03-16 09:11:20.848237 https://qiyezongbugangty.fang.com/
Logger:2020-03-16 09:11:21.129480 https://yangguanglijy0371.fang.com/
Logger:2020-03-16 09:11:23.831087 https://148331.fang.com/
Logger:2020-03-16 09:11:24.143469 https://meijingshanchengxinmi.fang.com/
Logger:2020-03-16 09:11:24.425197 https://yihaogongguanlh.fang.com/
Logger:2020-03-16 09:11:24.721884 https://handeweike.fang.com/
Logger:2020-03-16 09:11:25.065127 https://yunjiegongyujy.fang.com/
Logger:2020-03-16 09:11:25.361931 https://hailongxiangbindadaohuacheng.fang.com/
Logger:2020-03-16 09:11:26.502799 https://nanshanhuayaunxts.fang.com/
Logger:2020-03-16 09:11:26.752228 https://sijiguangchang0371.fang.com/
Logger:2020-03-16 09:11:27.049034 https://xuanyuanhuafuzs.fang.com/
Logger:2020-03-16 09:11:27.392702 https://148369.fang.com/
Logger:2020-03-16 09:11:27.689507 https://148579.fang.com/
Logger:2020-03-16 09:11:29.392833 https://tparkkechuangchanyeyuanhnc.fang.com/
Logger:2020-03-16 09:11:29.736423 https://lcgy1857.fang.com/
Logger:2020-03-16 09:11:33.927653 https://zz.newhouse.fang.com/house/s/b938/
Logger:2020-03-16 09:11:35.427337 https://wuzhoucheng0371.fang.com/
Logger:2020-03-16 09:11:35.708483 https://jinshiguoji0371.fang.com/
Logger:2020-03-16 09:11:36.052203 https://wowfljy.fang.com/
Logger:2020-03-16 09:11:36.302507 https://leixinshangdongjun.fang.com/
Logger:2020-03-16 09:11:36.583653 https://linyumeishuzs.fang.com/
Logger:2020-03-16 09:11:36.880810 https://weilaichengxinmi.fang.com/
Logger:2020-03-16 09:11:37.208128 https://zhongqinagxiangyanghuaxinmi.fang.com/
Logger:2020-03-16 09:11:37.489540 https://debaochengshu.fang.com/
Logger:2020-03-16 09:11:37.770571 https://jialinbincheng.fang.com/
Logger:2020-03-16 09:11:38.020926 https://zhongmoudonganxicheng.fang.com/
Logger:2020-03-16 09:11:38.364806 https://puluowangshizhongcheng.fang.com/
Logger:2020-03-16 09:11:38.785926 https://xingfulidb.fang.com/
Logger:2020-03-16 09:11:39.192074 https://weilongshangpin0371.fang.com/
Logger:2020-03-16 09:11:39.714646 https://wynhp.fang.com/
Logger:2020-03-16 09:11:40.206726 https://huangdikangyangxiaozhenaldbl.fang.com/
Logger:2020-03-16 09:11:41.144577 https://xinchengyihaozm.fang.com/
Logger:2020-03-16 09:11:41.394382 https://sanheli0371.fang.com/
Logger:2020-03-16 09:11:41.708372 https://haitianguojixy.fang.com/
Logger:2020-03-16 09:11:41.990288 https://xinjiayuan0371.fang.com/
Logger:2020-03-16 09:11:42.333808 https://weiyebaliyinxiang.fang.com/
Logger:2020-03-16 09:11:47.016713 https://zz.newhouse.fang.com/house/s/b939/
Logger:2020-03-16 09:11:47.402107 https://zhongjinzhigu.fang.com/
Logger:2020-03-16 09:11:47.751968 https://148355.fang.com/
Logger:2020-03-16 09:11:49.432583 https://ronghuiguoji.fang.com/
Logger:2020-03-16 09:11:49.684397 https://ludouheshijiequ.fang.com/
Logger:2020-03-16 09:11:50.246919 https://zhongmouzhihuichengyunzhu.fang.com/
Logger:2020-03-16 09:11:50.579041 https://jinyulanwan0373.fang.com/
Logger:2020-03-16 09:11:50.891500 https://kangqiaoxitang.fang.com/
Logger:2020-03-16 09:11:52.570964 https://xinmi.newhouse.fang.com/house/2540793267.htm
Logger:2020-03-16 09:11:55.593567 https://sinianguolingguojishequ.fang.com/
Logger:2020-03-16 09:11:56.188994 https://xzhaochuangwutongyinxiang.fang.com/
Logger:2020-03-16 09:11:56.460758 https://rongyufuwanxinmi.fang.com/
Logger:2020-03-16 09:11:56.741283 https://shuiyubinhehuayuan.fang.com/
Logger:2020-03-16 09:11:57.010663 https://zhikongjianzh.fang.com/
Logger:2020-03-16 09:11:57.322643 https://776879.fang.com/
Logger:2020-03-16 09:11:57.885631 https://shangjiediyicheng0371.fang.com/
Logger:2020-03-16 09:11:58.389820 https://jinyuhuafuxinmi.fang.com/
Logger:2020-03-16 09:11:58.670428 https://mingmenjunjing.fang.com/
Logger:2020-03-16 09:11:59.171055 https://yihaogongguan0371.fang.com/
Logger:2020-03-16 09:11:59.471137 https://148637.fang.com/
Logger:2020-03-16 09:11:59.845538 https://zhongxingrongyuanxinmi.fang.com/
Logger:2020-03-16 09:12:03.469174 https://zz.newhouse.fang.com/house/s/b940/
Logger:2020-03-16 09:12:03.782596 https://dihuashangyuan0371.fang.com/
Logger:2020-03-16 09:12:04.047556 https://yonghengzhongxin.fang.com/
Logger:2020-03-16 09:12:04.362951 https://guangchangxfzkl.fang.com/
Logger:2020-03-16 09:12:04.643771 https://zhengdongkuanjingyipin.fang.com/
Logger:2020-03-16 09:12:04.941805 https://fanglinhuatinghjy.fang.com/
Logger:2020-03-16 09:12:05.300451 https://yuheyuansd0371.fang.com/
Logger:2020-03-16 09:12:05.581729 https://aolundabuluojuyishijieguan.fang.com/
Logger:2020-03-16 09:12:05.833330 https://825617.fang.com/
Logger:2020-03-16 09:12:06.208827 https://xzweilongshangpin.fang.com/
Logger:2020-03-16 09:12:06.464863 https://ysjxht.fang.com/
Logger:2020-03-16 09:12:06.761709 https://grcjsy0371.fang.com/
Logger:2020-03-16 09:12:07.060064 https://zhengxilinglongjun.fang.com/
Logger:2020-03-16 09:12:07.325110 https://qinqinjiayuantmj.fang.com/
Logger:2020-03-16 09:12:07.655116 https://xinmi.newhouse.fang.com/house/2540793273.htm
Logger:2020-03-16 09:12:07.954205 https://yishulanshan.fang.com/
Logger:2020-03-16 09:12:08.266632 https://zhenpinminsuzz.fang.com/
Logger:2020-03-16 09:12:08.595837 https://dfkuntianmingdi.fang.com/
Logger:2020-03-16 09:12:08.954610 https://dashanghaicheng2.fang.com/
Logger:2020-03-16 09:12:09.206556 https://dengfengdongfangfutian.fang.com/
Logger:2020-03-16 09:12:09.491003 https://longxingyujingge.fang.com/
Logger:2020-03-16 09:12:13.040100 https://zz.newhouse.fang.com/house/s/b941/
Logger:2020-03-16 09:12:13.389238 https://yunparkjrgc.fang.com/
Logger:2020-03-16 09:12:15.199016 https://haidepark0371.fang.com/
Logger:2020-03-16 09:12:15.469465 https://yinruigongyu.fang.com/
Logger:2020-03-16 09:12:15.751686 https://xinmixianghejiefang.fang.com/
Logger:2020-03-16 09:12:17.119280 https://zhongmoushangdongting.fang.com/
Logger:2020-03-16 09:12:17.411270 https://kejiyuanjf.fang.com/
Logger:2020-03-16 09:12:17.671641 https://jylhyp.fang.com/
Logger:2020-03-16 09:12:17.949282 https://xishuiwan0371.fang.com/
Logger:2020-03-16 09:12:18.295422 https://756441.fang.com/
Logger:2020-03-16 09:12:18.562624 https://bailuyuanyfdyc.fang.com/
Logger:2020-03-16 09:12:19.093422 https://nongfangsuohewan.fang.com/
Logger:2020-03-16 09:12:19.435381 https://huidayujingyuan.fang.com/
Logger:2020-03-16 09:12:19.734888 https://hongdacheyeguangchang.fang.com/
Logger:2020-03-16 09:12:20.031795 https://qingpingshnegshixinmi.fang.com/
Logger:2020-03-16 09:12:20.321560 https://xinganghuayuan0371.fang.com/
Logger:2020-03-16 09:12:20.608255 https://dfrdhy.fang.com/
Logger:2020-03-16 09:12:24.294674 https://zhengbaorunyuan0371.fang.com/
Logger:2020-03-16 09:12:24.569127 https://kykxc.fang.com/
Logger:2020-03-16 09:12:24.833939 https://wygjsmc0371.fang.com/
Logger:2020-03-16 09:12:25.225121 https://jinlongzidongjun.fang.com/
Logger:2020-03-16 09:12:28.940682 https://zz.newhouse.fang.com/house/s/b942/
Logger:2020-03-16 09:12:29.237553 https://zhongmousenlinli.fang.com/
Logger:2020-03-16 09:12:29.496270 https://xichengguojixinmi.fang.com/
Logger:2020-03-16 09:12:29.725916 https://hanfeiyihaohuafu.fang.com/
Logger:2020-03-16 09:12:30.087062 https://longquanmeijing0371.fang.com/
Logger:2020-03-16 09:12:33.002158 https://yixinjiayuanxinmi.fang.com/
Logger:2020-03-16 09:12:34.116849 https://148359.fang.com/
Logger:2020-03-16 09:12:34.383066 https://148371.fang.com/
Logger:2020-03-16 09:12:34.695624 https://jinrongjuxinmi.fang.com/
Logger:2020-03-16 09:12:35.010128 https://ldcfzx.fang.com/
Logger:2020-03-16 09:12:35.544903 https://longxihupan0371.fang.com/
Logger:2020-03-16 09:12:36.827100 https://shidaiguangchangls0371.fang.com/
Logger:2020-03-16 09:12:38.090348 https://kejiguangchangjy.fang.com/
Logger:2020-03-16 09:12:38.413877 https://dexrty.fang.com/
Logger:2020-03-16 09:12:38.701028 https://ruixianghuayuanxinmi.fang.com/
Logger:2020-03-16 09:12:38.935391 https://hanfengshuangxing.fang.com/
Logger:2020-03-16 09:12:39.213242 https://zhengdongxinchengmeishusanqi.fang.com/
Logger:2020-03-16 09:12:43.037216 https://chuangkegongshexy.fang.com/
Logger:2020-03-16 09:12:44.684258 https://huameiqichebolanyuan.fang.com/
Logger:2020-03-16 09:12:44.968819 https://gongyizhengshangpin.fang.com/
Logger:2020-03-16 09:12:45.234179 https://guoruiruifu0371.fang.com/
Logger:2020-03-16 09:12:48.497031 https://zz.newhouse.fang.com/house/s/b943/
Logger:2020-03-16 09:12:50.094313 https://xzjuyiguojicheng.fang.com/
Logger:2020-03-16 09:12:50.378582 https://xinzheng.newhouse.fang.com/house/2532834753.htm
Logger:2020-03-16 09:12:50.674881 https://longtengshengdi0371.fang.com/
Logger:2020-03-16 09:12:51.221281 https://gongyimtds.fang.com/
Logger:2020-03-16 09:12:51.826595 https://zhengdongchunhejingming.fang.com/
Logger:2020-03-16 09:12:52.118717 https://grcmgj0371.fang.com/
Logger:2020-03-16 09:12:52.384112 https://148787.fang.com/
Logger:2020-03-16 09:12:52.659101 https://xzjrshc.fang.com/
Logger:2020-03-16 09:12:53.080764 https://zhongyuansuitang.fang.com/
Logger:2020-03-16 09:12:53.348789 https://xinmiguojijiajujiancai.fang.com/
Logger:2020-03-16 09:12:53.623550 https://hybfsygcwc.fang.com/
Logger:2020-03-16 09:12:53.904733 https://xingfujiayuan0371.fang.com/
Logger:2020-03-16 09:12:54.203891 https://jindixinshenghuo.fang.com/
Logger:2020-03-16 09:12:55.487520 https://dengfengguojismc.fang.com/
Logger:2020-03-16 09:12:55.753659 https://jinchenghuayuanxinmi.fang.com/
Logger:2020-03-16 09:12:56.112318 https://149083.fang.com/
Logger:2020-03-16 09:12:56.351937 https://huayiqipeicheng.fang.com/
Logger:2020-03-16 09:12:56.937831 https://bikehanfengxinnengyuankejichanyeyuan.fang.com/
Logger:2020-03-16 09:12:57.213851 https://qinglongshan.fang.com/
Logger:2020-03-16 09:12:57.494874 https://binyuelongcheng.fang.com/
Logger:2020-03-16 09:13:01.275664 https://zz.newhouse.fang.com/house/s/b944/
Logger:2020-03-16 09:13:01.604141 https://dongfangrunjingsanqi.fang.com/
Logger:2020-03-16 09:13:01.877748 https://zhongmoushijicheng.fang.com/
Logger:2020-03-16 09:13:02.120427 https://zhongmouyuehuhui.fang.com/
Logger:2020-03-16 09:13:06.467703 https://zhongmoudongfangguantianxia.fang.com/
Logger:2020-03-16 09:13:07.049320 https://longxingjunlintianxia.fang.com/
Logger:2020-03-16 09:13:07.377267 https://jiangtaitianyuguojixinmi.fang.com/
Logger:2020-03-16 09:13:12.034743 https://henantesecheng.fang.com/
Logger:2020-03-16 09:13:12.280537 https://baoxiangjiayuanxy.fang.com/
Logger:2020-03-16 09:13:12.570453 https://zhongmoutiandaoguoji.fang.com/
Logger:2020-03-16 09:13:12.888623 https://zhongmouqiyejiayuan.fang.com/
Logger:2020-03-16 09:13:13.285299 https://htmzgc.fang.com/
Logger:2020-03-16 09:13:14.653941 https://longshengshidaiguangchang.fang.com/
Logger:2020-03-16 09:13:15.342626 https://kaishenghuayuan0371.fang.com/
Logger:2020-03-16 09:13:18.131259 https://zhengshangxinshijie.fang.com/
Logger:2020-03-16 09:13:18.618201 https://hututu0371.fang.com/
Logger:2020-03-16 09:13:18.907536 https://wanxiangjinxiuhuayuan.fang.com/
Logger:2020-03-16 09:13:19.402311 https://xinmi.newhouse.fang.com/house/2540793269.htm
Logger:2020-03-16 09:13:20.234608 https://sendazhengdong1hao.fang.com/
Logger:2020-03-16 09:13:20.484549 https://junliyuecheng.fang.com/
Logger:2020-03-16 09:13:20.878278 https://xlsjhy0371.fang.com/
Logger:2020-03-16 09:13:24.701191 https://zz.newhouse.fang.com/house/s/b945/
Logger:2020-03-16 09:13:25.033491 https://demeihuangchao.fang.com/2/
Logger:2020-03-16 09:13:25.359190 https://xingfu1hao.fang.com/
Logger:2020-03-16 09:13:26.631665 https://xzshihangzhichuang.fang.com/
Logger:2020-03-16 09:13:26.881558 https://wanjiayuanbaijinguangchangxinmi.fang.com/
Logger:2020-03-16 09:13:27.148408 https://lihaizhengdonglohas.fang.com/
Logger:2020-03-16 09:13:28.168957 https://xzhnhfcyy.fang.com/
Logger:2020-03-16 09:13:29.533212 https://qichengguojiguangchang.fang.com/
Logger:2020-03-16 09:13:29.782750 https://148147.fang.com/
Logger:2020-03-16 09:13:30.349381 https://lhrzhy0371.fang.com/
Logger:2020-03-16 09:13:31.457520 https://shuanghumingzhu2.fang.com/
Logger:2020-03-16 09:13:31.744512 https://baishashangmaocheng.fang.com/
Logger:2020-03-16 09:13:32.056939 https://rongdongrongcheng.fang.com/
Logger:2020-03-16 09:13:33.404430 https://dongfnaghongsanqi.fang.com/
Logger:2020-03-16 09:13:34.722176 https://xianggangjieshiguangchangxinmi.fang.com/
Logger:2020-03-16 09:13:35.036211 https://hongdakejiqiyefuhuajidi.fang.com/
Logger:2020-03-16 09:13:35.286147 https://futianjiudingshijia.fang.com/
Logger:2020-03-16 09:13:36.398898 https://xinzheng.newhouse.fang.com/house/2532835287.htm
Logger:2020-03-16 09:13:40.474439 https://zhongmou.newhouse.fang.com/house/2536791335.htm
Logger:2020-03-16 09:13:40.735685 https://xinzheng.newhouse.fang.com/house/2532835299.htm
Logger:2020-03-16 09:13:42.624458 https://zhongmou.newhouse.fang.com/house/2536791341.htm
Logger:2020-03-16 09:13:46.092367 https://zz.newhouse.fang.com/house/s/b946/
Logger:2020-03-16 09:13:47.062566 https://zhongmou.newhouse.fang.com/house/2536791345.htm
Logger:2020-03-16 09:13:50.606749 https://zz.newhouse.fang.com/house/s/b947/
Logger:2020-03-16 09:13:54.091374 https://zz.newhouse.fang.com/house/s/b948/
Logger:2020-03-16 09:13:57.569254 https://zz.newhouse.fang.com/house/s/b949/
